[ 13.14088385  30.21795131  46.87850492  63.53905854  80.19961216
  96.86016577 113.52071939 130.181273   146.84182662 163.50238024
 180.16293385 196.82348747 213.48404109 230.1445947  246.80514832
 263.46570194 280.12625555 296.78680917 313.44736279 330.1079164
 346.76847002 363.42902363 380.08957725 396.75013087 413.41068448
 430.0712381 ]
Before undersampling: [(0, 379), (1, 843), (2, 3574), (3, 4722), (4, 3014), (5, 2364), (6, 2085), (7, 1796), (8, 1589), (9, 1446), (10, 1372), (11, 1271), (12, 1163), (13, 1050), (14, 878), (15, 802), (16, 678), (17, 642), (18, 453), (19, 423), (20, 312), (21, 282), (22, 244), (23, 187), (24, 211)]
After undersampling: [(0, 147), (1, 489), (2, 2183), (3, 3304), (4, 2301), (5, 1624), (6, 1427), (7, 1318), (8, 1159), (9, 1050), (10, 1010), (11, 881), (12, 843), (13, 759), (14, 624), (15, 597), (16, 433), (17, 461), (18, 304), (19, 284), (20, 196), (21, 190), (22, 172), (23, 187), (24, 162)]
            label  HH_0_0_x  HV_0_0_x  IA_0_0_x       FYI      DFYI       MYI     rms_0     thk_1     rms_1     thk_2     rms_2     thk_3     rms_3  ...         3    4    5         6         7    8    9        10        11   12   13        14        15                                                CNN
0       21.138276  0.215686  0.074510  0.107176  0.475664  0.417524  0.106812  4.703539  1.214055  4.662093  1.178179  4.666245  1.183179  4.629755  ...  0.784471  0.0  0.0  1.216173  0.039391  0.0  0.0  1.887250  0.995423  0.0  0.0  1.462091  1.008619  [[[[0.2196078431372549], [0.1071379044476677],...
1       20.047720  0.180392  0.137255  0.159594  0.946263  0.019901  0.033836  4.516804  1.220508  4.554507  1.209512  4.549662  1.214515  4.477962  ...  1.129686  0.0  0.0  1.665399  0.357255  0.0  0.0  2.164779  1.042701  0.0  0.0  1.483603  0.988588  [[[[0.2078431372549019], [0.1596239426556755],...
2       17.436141  0.152941  0.047059  0.097645  0.862881  0.089357  0.047762  4.116029  1.055558  4.215597  1.031824  4.176466  1.080477  4.164559  ...  1.619004  0.0  0.0  1.490298  1.008750  0.0  0.0  0.847492  0.100174  0.0  0.0  1.729511  0.654030  [[[[0.1607843137254902], [0.0976848826688878],...
3       28.529875  0.180392  0.066667  0.150705  0.958854  0.011905  0.029241  4.350254  1.151550  4.452668  1.138463  4.445624  1.178948  4.357866  ...  1.346043  0.0  0.0  1.280470  0.850107  0.0  0.0  1.613617  1.012871  0.0  0.0  0.912395  0.406703  [[[[0.2196078431372549], [0.1507374333400352],...
4       21.526370  0.247059  0.062745  0.103337  0.725438  0.246606  0.027956  4.515623  1.178094  4.509018  1.134909  4.473231  1.130911  4.476692  ...  1.067787  0.0  0.0  1.268387  0.402850  0.0  0.0  2.417421  1.344317  0.0  0.0  2.380317  0.677425  [[[[0.2549019607843137], [0.1032968184527228],...
...           ...       ...       ...       ...       ...       ...       ...       ...       ...       ...       ...       ...       ...       ...  ...       ...  ...  ...       ...       ...  ...  ...       ...       ...  ...  ...       ...       ...                                                ...
22100  428.865028  0.349020  0.109804  0.081155  0.004640  0.000334  0.995026  4.950488  1.223903  4.848201  1.214065  4.903924  1.214935  4.890147  ...  1.710262  0.0  0.0  2.248280  0.666799  0.0  0.0  2.508874  1.536116  0.0  0.0  1.998454  1.064334  [[[[0.192156862745098], [0.0811967213948567], ...
22101  413.850629  0.239216  0.047059  0.081085  0.157408  0.002705  0.839887  4.881938  1.153872  4.776570  1.145578  4.845220  1.186378  4.824961  ...  1.399135  0.0  0.0  2.102352  1.346529  0.0  0.0  2.242782  1.332157  0.0  0.0  1.673444  0.672915  [[[[0.3411764705882353], [0.0811269049550972],...
22102  424.042418  0.282353  0.066667  0.149433  0.555378  0.061723  0.382898  4.731061  1.220450  4.833013  1.211024  4.808225  1.225502  4.756752  ...  1.048151  0.0  0.0  1.759950  0.344755  0.0  0.0  1.782739  1.367052  0.0  0.0  1.763050  1.095051  [[[[0.2], [0.1494652841605392], [0.06666666666...
22103  417.027580  0.505882  0.090196  0.152162  0.185910  0.031902  0.782188  4.486675  1.202497  4.531466  1.252972  4.593008  1.239219  4.510143  ...  1.035264  0.0  0.0  2.001448  1.379296  0.0  0.0  2.745631  1.093121  0.0  0.0  1.564485  0.810498  [[[[0.4196078431372549], [0.15219440834195], [...
22104  417.866263  0.392157  0.125490  0.152184  0.189279  0.051355  0.759366  4.590506  1.242536  4.658542  1.255140  4.682031  1.275536  4.639037  ...  1.124182  0.0  0.0  2.480716  1.210371  0.0  0.0  2.433277  1.084279  0.0  0.0  1.615430  0.530238  [[[[0.3490196078431372], [0.1522158155254289],...

[22105 rows x 43 columns]
Size of dataset: (22105, 42)
*************************** Fold #: 1 ***************************
Model: "model"
__________________________________________________________________________________________________
 Layer (type)                   Output Shape         Param #     Connected to                     
==================================================================================================
 conv (InputLayer)              [(None, 7, 7, 3, 1)  0           []                               
                                ]                                                                 
                                                                                                  
 zero_padding3d (ZeroPadding3D)  (None, 8, 8, 4, 1)  0           ['conv[0][0]']                   
                                                                                                  
 conv3d (Conv3D)                (None, 8, 8, 4, 8)   224         ['zero_padding3d[0][0]']         
                                                                                                  
 max_pooling3d (MaxPooling3D)   (None, 4, 4, 2, 8)   0           ['conv3d[0][0]']                 
                                                                                                  
 conv3d_1 (Conv3D)              (None, 4, 4, 2, 4)   868         ['max_pooling3d[0][0]']          
                                                                                                  
 max_pooling3d_1 (MaxPooling3D)  (None, 2, 2, 1, 4)  0           ['conv3d_1[0][0]']               
                                                                                                  
 cat (InputLayer)               [(None, 41)]         0           []                               
                                                                                                  
 flatten (Flatten)              (None, 16)           0           ['max_pooling3d_1[0][0]']        
                                                                                                  
 concatenate (Concatenate)      (None, 57)           0           ['cat[0][0]',                    
                                                                  'flatten[0][0]']                
                                                                                                  
 dense (Dense)                  (None, 114)          6612        ['concatenate[0][0]']            
                                                                                                  
 dense_1 (Dense)                (None, 114)          13110       ['dense[0][0]']                  
                                                                                                  
 dense_2 (Dense)                (None, 114)          13110       ['dense_1[0][0]']                
                                                                                                  
 dense_3 (Dense)                (None, 114)          13110       ['dense_2[0][0]']                
                                                                                                  
 dense_4 (Dense)                (None, 114)          13110       ['dense_3[0][0]']                
                                                                                                  
 dense_5 (Dense)                (None, 1)            115         ['dense_4[0][0]']                
                                                                                                  
==================================================================================================
Total params: 60,259
Trainable params: 60,259
Non-trainable params: 0
__________________________________________________________________________________________________
Epoch 1/10000

Epoch 1: val_loss improved from inf to 14.15254, saving model to ./results/NN_rms_regr/RNN/recursion_8/ckpt_1
11/11 - 3s - loss: 21.4952 - mse: 21.4952 - mae: 4.5911 - val_loss: 14.1525 - val_mse: 14.1525 - val_mae: 3.7178 - 3s/epoch - 295ms/step
Epoch 2/10000

Epoch 2: val_loss improved from 14.15254 to 1.18166, saving model to ./results/NN_rms_regr/RNN/recursion_8/ckpt_1
11/11 - 3s - loss: 5.4241 - mse: 5.4241 - mae: 2.0589 - val_loss: 1.1817 - val_mse: 1.1817 - val_mae: 0.9534 - 3s/epoch - 244ms/step
Epoch 3/10000

Epoch 3: val_loss improved from 1.18166 to 0.74041, saving model to ./results/NN_rms_regr/RNN/recursion_8/ckpt_1
11/11 - 3s - loss: 1.2366 - mse: 1.2366 - mae: 0.9580 - val_loss: 0.7404 - val_mse: 0.7404 - val_mae: 0.7182 - 3s/epoch - 245ms/step
Epoch 4/10000

Epoch 4: val_loss improved from 0.74041 to 0.29532, saving model to ./results/NN_rms_regr/RNN/recursion_8/ckpt_1
11/11 - 3s - loss: 0.5713 - mse: 0.5713 - mae: 0.6167 - val_loss: 0.2953 - val_mse: 0.2953 - val_mae: 0.4425 - 3s/epoch - 244ms/step
Epoch 5/10000

Epoch 5: val_loss did not improve from 0.29532
11/11 - 2s - loss: 0.3860 - mse: 0.3860 - mae: 0.5003 - val_loss: 0.3083 - val_mse: 0.3083 - val_mae: 0.4515 - 2s/epoch - 178ms/step
Epoch 6/10000

Epoch 6: val_loss did not improve from 0.29532
11/11 - 2s - loss: 0.3183 - mse: 0.3183 - mae: 0.4605 - val_loss: 0.3174 - val_mse: 0.3174 - val_mae: 0.4563 - 2s/epoch - 179ms/step
Epoch 7/10000

Epoch 7: val_loss did not improve from 0.29532
11/11 - 2s - loss: 0.2998 - mse: 0.2998 - mae: 0.4462 - val_loss: 0.2996 - val_mse: 0.2996 - val_mae: 0.4453 - 2s/epoch - 178ms/step
Epoch 8/10000

Epoch 8: val_loss improved from 0.29532 to 0.29275, saving model to ./results/NN_rms_regr/RNN/recursion_8/ckpt_1
11/11 - 3s - loss: 0.2891 - mse: 0.2891 - mae: 0.4393 - val_loss: 0.2928 - val_mse: 0.2928 - val_mae: 0.4404 - 3s/epoch - 245ms/step
Epoch 9/10000

Epoch 9: val_loss improved from 0.29275 to 0.29258, saving model to ./results/NN_rms_regr/RNN/recursion_8/ckpt_1
11/11 - 3s - loss: 0.2867 - mse: 0.2867 - mae: 0.4378 - val_loss: 0.2926 - val_mse: 0.2926 - val_mae: 0.4401 - 3s/epoch - 245ms/step
Epoch 10/10000

Epoch 10: val_loss improved from 0.29258 to 0.29184, saving model to ./results/NN_rms_regr/RNN/recursion_8/ckpt_1
11/11 - 3s - loss: 0.2857 - mse: 0.2857 - mae: 0.4369 - val_loss: 0.2918 - val_mse: 0.2918 - val_mae: 0.4395 - 3s/epoch - 259ms/step
Epoch 11/10000

Epoch 11: val_loss improved from 0.29184 to 0.29171, saving model to ./results/NN_rms_regr/RNN/recursion_8/ckpt_1
11/11 - 3s - loss: 0.2853 - mse: 0.2853 - mae: 0.4364 - val_loss: 0.2917 - val_mse: 0.2917 - val_mae: 0.4393 - 3s/epoch - 260ms/step
Epoch 12/10000

Epoch 12: val_loss improved from 0.29171 to 0.29107, saving model to ./results/NN_rms_regr/RNN/recursion_8/ckpt_1
11/11 - 3s - loss: 0.2850 - mse: 0.2850 - mae: 0.4361 - val_loss: 0.2911 - val_mse: 0.2911 - val_mae: 0.4388 - 3s/epoch - 260ms/step
Epoch 13/10000

Epoch 13: val_loss improved from 0.29107 to 0.29085, saving model to ./results/NN_rms_regr/RNN/recursion_8/ckpt_1
11/11 - 3s - loss: 0.2846 - mse: 0.2846 - mae: 0.4357 - val_loss: 0.2909 - val_mse: 0.2909 - val_mae: 0.4385 - 3s/epoch - 253ms/step
Epoch 14/10000

Epoch 14: val_loss improved from 0.29085 to 0.29052, saving model to ./results/NN_rms_regr/RNN/recursion_8/ckpt_1
11/11 - 3s - loss: 0.2843 - mse: 0.2843 - mae: 0.4354 - val_loss: 0.2905 - val_mse: 0.2905 - val_mae: 0.4381 - 3s/epoch - 260ms/step
Epoch 15/10000

Epoch 15: val_loss improved from 0.29052 to 0.28986, saving model to ./results/NN_rms_regr/RNN/recursion_8/ckpt_1
11/11 - 3s - loss: 0.2838 - mse: 0.2838 - mae: 0.4349 - val_loss: 0.2899 - val_mse: 0.2899 - val_mae: 0.4375 - 3s/epoch - 253ms/step
Epoch 16/10000

Epoch 16: val_loss improved from 0.28986 to 0.28930, saving model to ./results/NN_rms_regr/RNN/recursion_8/ckpt_1
11/11 - 3s - loss: 0.2833 - mse: 0.2833 - mae: 0.4347 - val_loss: 0.2893 - val_mse: 0.2893 - val_mae: 0.4371 - 3s/epoch - 258ms/step
Epoch 17/10000

Epoch 17: val_loss improved from 0.28930 to 0.28910, saving model to ./results/NN_rms_regr/RNN/recursion_8/ckpt_1
11/11 - 3s - loss: 0.2828 - mse: 0.2828 - mae: 0.4342 - val_loss: 0.2891 - val_mse: 0.2891 - val_mae: 0.4367 - 3s/epoch - 258ms/step
Epoch 18/10000

Epoch 18: val_loss improved from 0.28910 to 0.28848, saving model to ./results/NN_rms_regr/RNN/recursion_8/ckpt_1
11/11 - 3s - loss: 0.2821 - mse: 0.2821 - mae: 0.4334 - val_loss: 0.2885 - val_mse: 0.2885 - val_mae: 0.4361 - 3s/epoch - 259ms/step
Epoch 19/10000

Epoch 19: val_loss improved from 0.28848 to 0.28719, saving model to ./results/NN_rms_regr/RNN/recursion_8/ckpt_1
11/11 - 3s - loss: 0.2815 - mse: 0.2815 - mae: 0.4326 - val_loss: 0.2872 - val_mse: 0.2872 - val_mae: 0.4350 - 3s/epoch - 252ms/step
Epoch 20/10000

Epoch 20: val_loss did not improve from 0.28719
11/11 - 2s - loss: 0.2803 - mse: 0.2803 - mae: 0.4315 - val_loss: 0.2874 - val_mse: 0.2874 - val_mae: 0.4349 - 2s/epoch - 179ms/step
Epoch 21/10000

Epoch 21: val_loss improved from 0.28719 to 0.28552, saving model to ./results/NN_rms_regr/RNN/recursion_8/ckpt_1
11/11 - 3s - loss: 0.2795 - mse: 0.2795 - mae: 0.4306 - val_loss: 0.2855 - val_mse: 0.2855 - val_mae: 0.4331 - 3s/epoch - 259ms/step
Epoch 22/10000

Epoch 22: val_loss improved from 0.28552 to 0.28431, saving model to ./results/NN_rms_regr/RNN/recursion_8/ckpt_1
11/11 - 3s - loss: 0.2783 - mse: 0.2783 - mae: 0.4294 - val_loss: 0.2843 - val_mse: 0.2843 - val_mae: 0.4318 - 3s/epoch - 259ms/step
Epoch 23/10000

Epoch 23: val_loss improved from 0.28431 to 0.28371, saving model to ./results/NN_rms_regr/RNN/recursion_8/ckpt_1
11/11 - 3s - loss: 0.2774 - mse: 0.2774 - mae: 0.4282 - val_loss: 0.2837 - val_mse: 0.2837 - val_mae: 0.4308 - 3s/epoch - 253ms/step
Epoch 24/10000

Epoch 24: val_loss improved from 0.28371 to 0.28317, saving model to ./results/NN_rms_regr/RNN/recursion_8/ckpt_1
11/11 - 3s - loss: 0.2771 - mse: 0.2771 - mae: 0.4277 - val_loss: 0.2832 - val_mse: 0.2832 - val_mae: 0.4301 - 3s/epoch - 259ms/step
Epoch 25/10000

Epoch 25: val_loss improved from 0.28317 to 0.28287, saving model to ./results/NN_rms_regr/RNN/recursion_8/ckpt_1
11/11 - 3s - loss: 0.2774 - mse: 0.2774 - mae: 0.4276 - val_loss: 0.2829 - val_mse: 0.2829 - val_mae: 0.4295 - 3s/epoch - 259ms/step
Epoch 26/10000

Epoch 26: val_loss did not improve from 0.28287
11/11 - 2s - loss: 0.2764 - mse: 0.2764 - mae: 0.4263 - val_loss: 0.2829 - val_mse: 0.2829 - val_mae: 0.4292 - 2s/epoch - 179ms/step
Epoch 27/10000

Epoch 27: val_loss improved from 0.28287 to 0.28252, saving model to ./results/NN_rms_regr/RNN/recursion_8/ckpt_1
11/11 - 3s - loss: 0.2759 - mse: 0.2759 - mae: 0.4257 - val_loss: 0.2825 - val_mse: 0.2825 - val_mae: 0.4289 - 3s/epoch - 253ms/step
Epoch 28/10000

Epoch 28: val_loss did not improve from 0.28252
11/11 - 2s - loss: 0.2758 - mse: 0.2758 - mae: 0.4253 - val_loss: 0.2829 - val_mse: 0.2829 - val_mae: 0.4292 - 2s/epoch - 179ms/step
Epoch 29/10000

Epoch 29: val_loss did not improve from 0.28252
11/11 - 2s - loss: 0.2769 - mse: 0.2769 - mae: 0.4262 - val_loss: 0.2853 - val_mse: 0.2853 - val_mae: 0.4310 - 2s/epoch - 178ms/step
Epoch 30/10000

Epoch 30: val_loss did not improve from 0.28252
11/11 - 2s - loss: 0.2766 - mse: 0.2766 - mae: 0.4260 - val_loss: 0.2830 - val_mse: 0.2830 - val_mae: 0.4286 - 2s/epoch - 179ms/step
Epoch 31/10000

Epoch 31: val_loss did not improve from 0.28252
11/11 - 2s - loss: 0.2773 - mse: 0.2773 - mae: 0.4262 - val_loss: 0.2828 - val_mse: 0.2828 - val_mae: 0.4285 - 2s/epoch - 179ms/step
Epoch 32/10000

Epoch 32: val_loss did not improve from 0.28252
11/11 - 2s - loss: 0.2772 - mse: 0.2772 - mae: 0.4265 - val_loss: 0.2841 - val_mse: 0.2841 - val_mae: 0.4299 - 2s/epoch - 179ms/step
Epoch 33/10000

Epoch 33: val_loss did not improve from 0.28252
11/11 - 2s - loss: 0.2766 - mse: 0.2766 - mae: 0.4258 - val_loss: 0.2830 - val_mse: 0.2830 - val_mae: 0.4291 - 2s/epoch - 178ms/step
Epoch 34/10000

Epoch 34: val_loss improved from 0.28252 to 0.28224, saving model to ./results/NN_rms_regr/RNN/recursion_8/ckpt_1
11/11 - 3s - loss: 0.2759 - mse: 0.2759 - mae: 0.4250 - val_loss: 0.2822 - val_mse: 0.2822 - val_mae: 0.4281 - 3s/epoch - 258ms/step
Epoch 35/10000

Epoch 35: val_loss did not improve from 0.28224
11/11 - 2s - loss: 0.2761 - mse: 0.2761 - mae: 0.4251 - val_loss: 0.2835 - val_mse: 0.2835 - val_mae: 0.4287 - 2s/epoch - 179ms/step
Epoch 36/10000

Epoch 36: val_loss did not improve from 0.28224
11/11 - 2s - loss: 0.2766 - mse: 0.2766 - mae: 0.4257 - val_loss: 0.2826 - val_mse: 0.2826 - val_mae: 0.4285 - 2s/epoch - 179ms/step
Epoch 37/10000

Epoch 37: val_loss did not improve from 0.28224
11/11 - 2s - loss: 0.2763 - mse: 0.2763 - mae: 0.4254 - val_loss: 0.2842 - val_mse: 0.2842 - val_mae: 0.4298 - 2s/epoch - 178ms/step
Epoch 38/10000

Epoch 38: val_loss improved from 0.28224 to 0.28196, saving model to ./results/NN_rms_regr/RNN/recursion_8/ckpt_1
11/11 - 3s - loss: 0.2757 - mse: 0.2757 - mae: 0.4247 - val_loss: 0.2820 - val_mse: 0.2820 - val_mae: 0.4278 - 3s/epoch - 260ms/step
Epoch 39/10000

Epoch 39: val_loss did not improve from 0.28196
11/11 - 2s - loss: 0.2755 - mse: 0.2755 - mae: 0.4247 - val_loss: 0.2840 - val_mse: 0.2840 - val_mae: 0.4297 - 2s/epoch - 179ms/step
Epoch 40/10000

Epoch 40: val_loss did not improve from 0.28196
11/11 - 2s - loss: 0.2759 - mse: 0.2759 - mae: 0.4253 - val_loss: 0.2829 - val_mse: 0.2829 - val_mae: 0.4288 - 2s/epoch - 179ms/step
Epoch 41/10000

Epoch 41: val_loss did not improve from 0.28196
11/11 - 2s - loss: 0.2757 - mse: 0.2757 - mae: 0.4249 - val_loss: 0.2854 - val_mse: 0.2854 - val_mae: 0.4298 - 2s/epoch - 178ms/step
Epoch 42/10000

Epoch 42: val_loss did not improve from 0.28196
11/11 - 2s - loss: 0.2771 - mse: 0.2771 - mae: 0.4256 - val_loss: 0.2825 - val_mse: 0.2825 - val_mae: 0.4280 - 2s/epoch - 178ms/step
Epoch 43/10000

Epoch 43: val_loss did not improve from 0.28196
11/11 - 2s - loss: 0.2763 - mse: 0.2763 - mae: 0.4255 - val_loss: 0.2833 - val_mse: 0.2833 - val_mae: 0.4291 - 2s/epoch - 178ms/step
Epoch 44/10000

Epoch 44: val_loss improved from 0.28196 to 0.28185, saving model to ./results/NN_rms_regr/RNN/recursion_8/ckpt_1
11/11 - 3s - loss: 0.2753 - mse: 0.2753 - mae: 0.4245 - val_loss: 0.2819 - val_mse: 0.2819 - val_mae: 0.4277 - 3s/epoch - 253ms/step
Epoch 45/10000

Epoch 45: val_loss improved from 0.28185 to 0.28184, saving model to ./results/NN_rms_regr/RNN/recursion_8/ckpt_1
11/11 - 3s - loss: 0.2752 - mse: 0.2752 - mae: 0.4242 - val_loss: 0.2818 - val_mse: 0.2818 - val_mae: 0.4277 - 3s/epoch - 258ms/step
Epoch 46/10000

Epoch 46: val_loss did not improve from 0.28184
11/11 - 2s - loss: 0.2751 - mse: 0.2751 - mae: 0.4243 - val_loss: 0.2830 - val_mse: 0.2830 - val_mae: 0.4282 - 2s/epoch - 180ms/step
Epoch 47/10000

Epoch 47: val_loss improved from 0.28184 to 0.28181, saving model to ./results/NN_rms_regr/RNN/recursion_8/ckpt_1
11/11 - 3s - loss: 0.2760 - mse: 0.2760 - mae: 0.4248 - val_loss: 0.2818 - val_mse: 0.2818 - val_mae: 0.4276 - 3s/epoch - 258ms/step
Epoch 48/10000

Epoch 48: val_loss did not improve from 0.28181
11/11 - 2s - loss: 0.2754 - mse: 0.2754 - mae: 0.4243 - val_loss: 0.2831 - val_mse: 0.2831 - val_mae: 0.4288 - 2s/epoch - 179ms/step
Epoch 49/10000

Epoch 49: val_loss did not improve from 0.28181
11/11 - 2s - loss: 0.2757 - mse: 0.2757 - mae: 0.4249 - val_loss: 0.2819 - val_mse: 0.2819 - val_mae: 0.4278 - 2s/epoch - 178ms/step
Epoch 50/10000

Epoch 50: val_loss improved from 0.28181 to 0.28177, saving model to ./results/NN_rms_regr/RNN/recursion_8/ckpt_1
11/11 - 3s - loss: 0.2752 - mse: 0.2752 - mae: 0.4242 - val_loss: 0.2818 - val_mse: 0.2818 - val_mae: 0.4276 - 3s/epoch - 260ms/step
Epoch 51/10000

Epoch 51: val_loss did not improve from 0.28177
11/11 - 2s - loss: 0.2750 - mse: 0.2750 - mae: 0.4240 - val_loss: 0.2819 - val_mse: 0.2819 - val_mae: 0.4276 - 2s/epoch - 180ms/step
Epoch 52/10000

Epoch 52: val_loss improved from 0.28177 to 0.28176, saving model to ./results/NN_rms_regr/RNN/recursion_8/ckpt_1
11/11 - 3s - loss: 0.2750 - mse: 0.2750 - mae: 0.4240 - val_loss: 0.2818 - val_mse: 0.2818 - val_mae: 0.4275 - 3s/epoch - 265ms/step
Epoch 53/10000

Epoch 53: val_loss did not improve from 0.28176
11/11 - 2s - loss: 0.2750 - mse: 0.2750 - mae: 0.4240 - val_loss: 0.2825 - val_mse: 0.2825 - val_mae: 0.4279 - 2s/epoch - 180ms/step
Epoch 54/10000

Epoch 54: val_loss did not improve from 0.28176
11/11 - 2s - loss: 0.2752 - mse: 0.2752 - mae: 0.4241 - val_loss: 0.2827 - val_mse: 0.2827 - val_mae: 0.4284 - 2s/epoch - 180ms/step
Epoch 55/10000

Epoch 55: val_loss did not improve from 0.28176
11/11 - 2s - loss: 0.2759 - mse: 0.2759 - mae: 0.4246 - val_loss: 0.2839 - val_mse: 0.2839 - val_mae: 0.4286 - 2s/epoch - 179ms/step
Epoch 56/10000

Epoch 56: val_loss did not improve from 0.28176
11/11 - 2s - loss: 0.2760 - mse: 0.2760 - mae: 0.4248 - val_loss: 0.2838 - val_mse: 0.2838 - val_mae: 0.4293 - 2s/epoch - 178ms/step
Epoch 57/10000

Epoch 57: val_loss improved from 0.28176 to 0.28173, saving model to ./results/NN_rms_regr/RNN/recursion_8/ckpt_1
11/11 - 3s - loss: 0.2760 - mse: 0.2760 - mae: 0.4250 - val_loss: 0.2817 - val_mse: 0.2817 - val_mae: 0.4274 - 3s/epoch - 256ms/step
Epoch 58/10000

Epoch 58: val_loss did not improve from 0.28173
11/11 - 2s - loss: 0.2750 - mse: 0.2750 - mae: 0.4239 - val_loss: 0.2830 - val_mse: 0.2830 - val_mae: 0.4281 - 2s/epoch - 181ms/step
Epoch 59/10000

Epoch 59: val_loss improved from 0.28173 to 0.28173, saving model to ./results/NN_rms_regr/RNN/recursion_8/ckpt_1
11/11 - 3s - loss: 0.2754 - mse: 0.2754 - mae: 0.4245 - val_loss: 0.2817 - val_mse: 0.2817 - val_mae: 0.4275 - 3s/epoch - 260ms/step
Epoch 60/10000

Epoch 60: val_loss did not improve from 0.28173
11/11 - 2s - loss: 0.2757 - mse: 0.2757 - mae: 0.4244 - val_loss: 0.2830 - val_mse: 0.2830 - val_mae: 0.4287 - 2s/epoch - 179ms/step
Epoch 61/10000

Epoch 61: val_loss did not improve from 0.28173
11/11 - 2s - loss: 0.2749 - mse: 0.2749 - mae: 0.4241 - val_loss: 0.2818 - val_mse: 0.2818 - val_mae: 0.4277 - 2s/epoch - 179ms/step
Epoch 62/10000

Epoch 62: val_loss did not improve from 0.28173
11/11 - 2s - loss: 0.2751 - mse: 0.2751 - mae: 0.4241 - val_loss: 0.2826 - val_mse: 0.2826 - val_mae: 0.4279 - 2s/epoch - 179ms/step
Epoch 63/10000

Epoch 63: val_loss did not improve from 0.28173
11/11 - 2s - loss: 0.2758 - mse: 0.2758 - mae: 0.4246 - val_loss: 0.2818 - val_mse: 0.2818 - val_mae: 0.4276 - 2s/epoch - 179ms/step
Epoch 64/10000

Epoch 64: val_loss improved from 0.28173 to 0.28167, saving model to ./results/NN_rms_regr/RNN/recursion_8/ckpt_1
11/11 - 3s - loss: 0.2757 - mse: 0.2757 - mae: 0.4243 - val_loss: 0.2817 - val_mse: 0.2817 - val_mae: 0.4274 - 3s/epoch - 253ms/step
Epoch 65/10000

Epoch 65: val_loss did not improve from 0.28167
11/11 - 2s - loss: 0.2749 - mse: 0.2749 - mae: 0.4240 - val_loss: 0.2823 - val_mse: 0.2823 - val_mae: 0.4277 - 2s/epoch - 179ms/step
Epoch 66/10000

Epoch 66: val_loss did not improve from 0.28167
11/11 - 2s - loss: 0.2750 - mse: 0.2750 - mae: 0.4238 - val_loss: 0.2817 - val_mse: 0.2817 - val_mae: 0.4274 - 2s/epoch - 179ms/step
Epoch 67/10000

Epoch 67: val_loss did not improve from 0.28167
11/11 - 2s - loss: 0.2753 - mse: 0.2753 - mae: 0.4240 - val_loss: 0.2831 - val_mse: 0.2831 - val_mae: 0.4287 - 2s/epoch - 179ms/step
Epoch 68/10000

Epoch 68: val_loss did not improve from 0.28167
11/11 - 2s - loss: 0.2755 - mse: 0.2755 - mae: 0.4242 - val_loss: 0.2818 - val_mse: 0.2818 - val_mae: 0.4274 - 2s/epoch - 178ms/step
Epoch 69/10000

Epoch 69: val_loss did not improve from 0.28167
11/11 - 2s - loss: 0.2749 - mse: 0.2749 - mae: 0.4239 - val_loss: 0.2830 - val_mse: 0.2830 - val_mae: 0.4286 - 2s/epoch - 178ms/step
Epoch 70/10000

Epoch 70: val_loss improved from 0.28167 to 0.28165, saving model to ./results/NN_rms_regr/RNN/recursion_8/ckpt_1
11/11 - 3s - loss: 0.2751 - mse: 0.2751 - mae: 0.4238 - val_loss: 0.2816 - val_mse: 0.2816 - val_mae: 0.4273 - 3s/epoch - 258ms/step
Epoch 71/10000

Epoch 71: val_loss did not improve from 0.28165
11/11 - 2s - loss: 0.2747 - mse: 0.2747 - mae: 0.4236 - val_loss: 0.2817 - val_mse: 0.2817 - val_mae: 0.4273 - 2s/epoch - 180ms/step
Epoch 72/10000

Epoch 72: val_loss did not improve from 0.28165
11/11 - 2s - loss: 0.2750 - mse: 0.2750 - mae: 0.4238 - val_loss: 0.2826 - val_mse: 0.2826 - val_mae: 0.4282 - 2s/epoch - 179ms/step
Epoch 73/10000

Epoch 73: val_loss improved from 0.28165 to 0.28164, saving model to ./results/NN_rms_regr/RNN/recursion_8/ckpt_1
11/11 - 3s - loss: 0.2749 - mse: 0.2749 - mae: 0.4237 - val_loss: 0.2816 - val_mse: 0.2816 - val_mae: 0.4273 - 3s/epoch - 259ms/step
Epoch 74/10000

Epoch 74: val_loss did not improve from 0.28164
11/11 - 2s - loss: 0.2748 - mse: 0.2748 - mae: 0.4235 - val_loss: 0.2817 - val_mse: 0.2817 - val_mae: 0.4272 - 2s/epoch - 179ms/step
Epoch 75/10000

Epoch 75: val_loss did not improve from 0.28164
11/11 - 2s - loss: 0.2754 - mse: 0.2754 - mae: 0.4240 - val_loss: 0.2823 - val_mse: 0.2823 - val_mae: 0.4280 - 2s/epoch - 179ms/step
Epoch 76/10000

Epoch 76: val_loss did not improve from 0.28164
11/11 - 2s - loss: 0.2750 - mse: 0.2750 - mae: 0.4239 - val_loss: 0.2827 - val_mse: 0.2827 - val_mae: 0.4283 - 2s/epoch - 179ms/step
Epoch 77/10000

Epoch 77: val_loss did not improve from 0.28164
11/11 - 2s - loss: 0.2771 - mse: 0.2771 - mae: 0.4254 - val_loss: 0.2817 - val_mse: 0.2817 - val_mae: 0.4274 - 2s/epoch - 179ms/step
Epoch 78/10000

Epoch 78: val_loss improved from 0.28164 to 0.28163, saving model to ./results/NN_rms_regr/RNN/recursion_8/ckpt_1
11/11 - 3s - loss: 0.2750 - mse: 0.2750 - mae: 0.4240 - val_loss: 0.2816 - val_mse: 0.2816 - val_mae: 0.4273 - 3s/epoch - 260ms/step
Epoch 79/10000

Epoch 79: val_loss did not improve from 0.28163
11/11 - 2s - loss: 0.2749 - mse: 0.2749 - mae: 0.4238 - val_loss: 0.2822 - val_mse: 0.2822 - val_mae: 0.4275 - 2s/epoch - 179ms/step
Epoch 80/10000

Epoch 80: val_loss did not improve from 0.28163
11/11 - 2s - loss: 0.2763 - mse: 0.2763 - mae: 0.4247 - val_loss: 0.2846 - val_mse: 0.2846 - val_mae: 0.4297 - 2s/epoch - 179ms/step
Epoch 81/10000

Epoch 81: val_loss did not improve from 0.28163
11/11 - 2s - loss: 0.2767 - mse: 0.2767 - mae: 0.4246 - val_loss: 0.2823 - val_mse: 0.2823 - val_mae: 0.4275 - 2s/epoch - 180ms/step
Epoch 82/10000

Epoch 82: val_loss improved from 0.28163 to 0.28162, saving model to ./results/NN_rms_regr/RNN/recursion_8/ckpt_1
11/11 - 3s - loss: 0.2755 - mse: 0.2755 - mae: 0.4240 - val_loss: 0.2816 - val_mse: 0.2816 - val_mae: 0.4272 - 3s/epoch - 253ms/step
Epoch 83/10000

Epoch 83: val_loss did not improve from 0.28162
11/11 - 2s - loss: 0.2749 - mse: 0.2749 - mae: 0.4236 - val_loss: 0.2819 - val_mse: 0.2819 - val_mae: 0.4273 - 2s/epoch - 178ms/step
Epoch 84/10000

Epoch 84: val_loss did not improve from 0.28162
11/11 - 2s - loss: 0.2751 - mse: 0.2751 - mae: 0.4239 - val_loss: 0.2832 - val_mse: 0.2832 - val_mae: 0.4281 - 2s/epoch - 179ms/step
Epoch 85/10000

Epoch 85: val_loss did not improve from 0.28162
11/11 - 2s - loss: 0.2752 - mse: 0.2752 - mae: 0.4239 - val_loss: 0.2818 - val_mse: 0.2818 - val_mae: 0.4275 - 2s/epoch - 178ms/step
Epoch 86/10000

Epoch 86: val_loss improved from 0.28162 to 0.28162, saving model to ./results/NN_rms_regr/RNN/recursion_8/ckpt_1
11/11 - 3s - loss: 0.2748 - mse: 0.2748 - mae: 0.4235 - val_loss: 0.2816 - val_mse: 0.2816 - val_mae: 0.4272 - 3s/epoch - 259ms/step
Epoch 87/10000

Epoch 87: val_loss did not improve from 0.28162
11/11 - 2s - loss: 0.2750 - mse: 0.2750 - mae: 0.4237 - val_loss: 0.2822 - val_mse: 0.2822 - val_mae: 0.4278 - 2s/epoch - 179ms/step
Epoch 88/10000

Epoch 88: val_loss improved from 0.28162 to 0.28160, saving model to ./results/NN_rms_regr/RNN/recursion_8/ckpt_1
11/11 - 3s - loss: 0.2754 - mse: 0.2754 - mae: 0.4238 - val_loss: 0.2816 - val_mse: 0.2816 - val_mae: 0.4272 - 3s/epoch - 259ms/step
Epoch 89/10000

Epoch 89: val_loss did not improve from 0.28160
11/11 - 2s - loss: 0.2748 - mse: 0.2748 - mae: 0.4233 - val_loss: 0.2821 - val_mse: 0.2821 - val_mae: 0.4277 - 2s/epoch - 180ms/step
Epoch 90/10000

Epoch 90: val_loss did not improve from 0.28160
11/11 - 2s - loss: 0.2752 - mse: 0.2752 - mae: 0.4238 - val_loss: 0.2816 - val_mse: 0.2816 - val_mae: 0.4271 - 2s/epoch - 179ms/step
Epoch 91/10000

Epoch 91: val_loss did not improve from 0.28160
11/11 - 2s - loss: 0.2748 - mse: 0.2748 - mae: 0.4234 - val_loss: 0.2816 - val_mse: 0.2816 - val_mae: 0.4271 - 2s/epoch - 179ms/step
Epoch 92/10000

Epoch 92: val_loss did not improve from 0.28160
11/11 - 2s - loss: 0.2746 - mse: 0.2746 - mae: 0.4232 - val_loss: 0.2817 - val_mse: 0.2817 - val_mae: 0.4272 - 2s/epoch - 179ms/step
Epoch 93/10000

Epoch 93: val_loss did not improve from 0.28160
11/11 - 2s - loss: 0.2747 - mse: 0.2747 - mae: 0.4235 - val_loss: 0.2823 - val_mse: 0.2823 - val_mae: 0.4278 - 2s/epoch - 179ms/step
Epoch 94/10000

Epoch 94: val_loss did not improve from 0.28160
11/11 - 2s - loss: 0.2756 - mse: 0.2756 - mae: 0.4241 - val_loss: 0.2832 - val_mse: 0.2832 - val_mae: 0.4279 - 2s/epoch - 179ms/step
Epoch 95/10000

Epoch 95: val_loss did not improve from 0.28160
11/11 - 2s - loss: 0.2774 - mse: 0.2774 - mae: 0.4253 - val_loss: 0.2823 - val_mse: 0.2823 - val_mae: 0.4278 - 2s/epoch - 180ms/step
Epoch 96/10000

Epoch 96: val_loss did not improve from 0.28160
11/11 - 2s - loss: 0.2774 - mse: 0.2774 - mae: 0.4254 - val_loss: 0.2824 - val_mse: 0.2824 - val_mae: 0.4279 - 2s/epoch - 179ms/step
Epoch 97/10000

Epoch 97: val_loss did not improve from 0.28160
11/11 - 2s - loss: 0.2756 - mse: 0.2756 - mae: 0.4241 - val_loss: 0.2822 - val_mse: 0.2822 - val_mae: 0.4274 - 2s/epoch - 180ms/step
Epoch 98/10000

Epoch 98: val_loss did not improve from 0.28160
11/11 - 2s - loss: 0.2760 - mse: 0.2760 - mae: 0.4244 - val_loss: 0.2832 - val_mse: 0.2832 - val_mae: 0.4285 - 2s/epoch - 179ms/step
Epoch 99/10000

Epoch 99: val_loss did not improve from 0.28160
11/11 - 2s - loss: 0.2781 - mse: 0.2781 - mae: 0.4261 - val_loss: 0.2816 - val_mse: 0.2816 - val_mae: 0.4272 - 2s/epoch - 179ms/step
Epoch 100/10000

Epoch 100: val_loss did not improve from 0.28160
11/11 - 2s - loss: 0.2791 - mse: 0.2791 - mae: 0.4270 - val_loss: 0.2821 - val_mse: 0.2821 - val_mae: 0.4273 - 2s/epoch - 180ms/step
Epoch 101/10000

Epoch 101: val_loss did not improve from 0.28160
11/11 - 2s - loss: 0.2769 - mse: 0.2769 - mae: 0.4250 - val_loss: 0.2851 - val_mse: 0.2851 - val_mae: 0.4300 - 2s/epoch - 180ms/step
Epoch 102/10000

Epoch 102: val_loss did not improve from 0.28160
11/11 - 2s - loss: 0.2761 - mse: 0.2761 - mae: 0.4244 - val_loss: 0.2820 - val_mse: 0.2820 - val_mae: 0.4273 - 2s/epoch - 179ms/step
Epoch 103/10000

Epoch 103: val_loss improved from 0.28160 to 0.28159, saving model to ./results/NN_rms_regr/RNN/recursion_8/ckpt_1
11/11 - 3s - loss: 0.2750 - mse: 0.2750 - mae: 0.4237 - val_loss: 0.2816 - val_mse: 0.2816 - val_mae: 0.4271 - 3s/epoch - 253ms/step
Epoch 104/10000

Epoch 104: val_loss did not improve from 0.28159
11/11 - 2s - loss: 0.2747 - mse: 0.2747 - mae: 0.4232 - val_loss: 0.2833 - val_mse: 0.2833 - val_mae: 0.4280 - 2s/epoch - 179ms/step
Epoch 105/10000

Epoch 105: val_loss did not improve from 0.28159
11/11 - 2s - loss: 0.2751 - mse: 0.2751 - mae: 0.4235 - val_loss: 0.2829 - val_mse: 0.2829 - val_mae: 0.4282 - 2s/epoch - 179ms/step
Epoch 106/10000

Epoch 106: val_loss did not improve from 0.28159
11/11 - 2s - loss: 0.2758 - mse: 0.2758 - mae: 0.4242 - val_loss: 0.2833 - val_mse: 0.2833 - val_mae: 0.4280 - 2s/epoch - 179ms/step
Epoch 107/10000

Epoch 107: val_loss did not improve from 0.28159
11/11 - 2s - loss: 0.2767 - mse: 0.2767 - mae: 0.4247 - val_loss: 0.2817 - val_mse: 0.2817 - val_mae: 0.4271 - 2s/epoch - 179ms/step
Epoch 108/10000

Epoch 108: val_loss did not improve from 0.28159
11/11 - 2s - loss: 0.2772 - mse: 0.2772 - mae: 0.4256 - val_loss: 0.2835 - val_mse: 0.2835 - val_mae: 0.4287 - 2s/epoch - 179ms/step
Epoch 109/10000

Epoch 109: val_loss did not improve from 0.28159
11/11 - 2s - loss: 0.2754 - mse: 0.2754 - mae: 0.4242 - val_loss: 0.2837 - val_mse: 0.2837 - val_mae: 0.4281 - 2s/epoch - 179ms/step
Epoch 110/10000

Epoch 110: val_loss did not improve from 0.28159
11/11 - 2s - loss: 0.2750 - mse: 0.2750 - mae: 0.4236 - val_loss: 0.2840 - val_mse: 0.2840 - val_mae: 0.4283 - 2s/epoch - 179ms/step
Epoch 111/10000

Epoch 111: val_loss did not improve from 0.28159
11/11 - 2s - loss: 0.2765 - mse: 0.2765 - mae: 0.4248 - val_loss: 0.2831 - val_mse: 0.2831 - val_mae: 0.4278 - 2s/epoch - 179ms/step
Epoch 112/10000

Epoch 112: val_loss did not improve from 0.28159
11/11 - 2s - loss: 0.2753 - mse: 0.2753 - mae: 0.4235 - val_loss: 0.2816 - val_mse: 0.2816 - val_mae: 0.4271 - 2s/epoch - 180ms/step
Epoch 113/10000

Epoch 113: val_loss did not improve from 0.28159
11/11 - 2s - loss: 0.2747 - mse: 0.2747 - mae: 0.4233 - val_loss: 0.2839 - val_mse: 0.2839 - val_mae: 0.4282 - 2s/epoch - 180ms/step
Epoch 114/10000

Epoch 114: val_loss did not improve from 0.28159
11/11 - 2s - loss: 0.2759 - mse: 0.2759 - mae: 0.4243 - val_loss: 0.2820 - val_mse: 0.2820 - val_mae: 0.4271 - 2s/epoch - 178ms/step
Epoch 115/10000

Epoch 115: val_loss did not improve from 0.28159
11/11 - 2s - loss: 0.2767 - mse: 0.2767 - mae: 0.4243 - val_loss: 0.2828 - val_mse: 0.2828 - val_mae: 0.4281 - 2s/epoch - 179ms/step
Epoch 116/10000

Epoch 116: val_loss did not improve from 0.28159
11/11 - 2s - loss: 0.2759 - mse: 0.2759 - mae: 0.4243 - val_loss: 0.2837 - val_mse: 0.2837 - val_mae: 0.4289 - 2s/epoch - 179ms/step
Epoch 117/10000

Epoch 117: val_loss did not improve from 0.28159
11/11 - 2s - loss: 0.2756 - mse: 0.2756 - mae: 0.4239 - val_loss: 0.2820 - val_mse: 0.2820 - val_mae: 0.4275 - 2s/epoch - 179ms/step
Epoch 118/10000

Epoch 118: val_loss did not improve from 0.28159
11/11 - 2s - loss: 0.2749 - mse: 0.2749 - mae: 0.4234 - val_loss: 0.2822 - val_mse: 0.2822 - val_mae: 0.4272 - 2s/epoch - 179ms/step
Epoch 119/10000

Epoch 119: val_loss did not improve from 0.28159
11/11 - 2s - loss: 0.2753 - mse: 0.2753 - mae: 0.4238 - val_loss: 0.2827 - val_mse: 0.2827 - val_mae: 0.4280 - 2s/epoch - 179ms/step
Epoch 120/10000

Epoch 120: val_loss did not improve from 0.28159
11/11 - 2s - loss: 0.2774 - mse: 0.2774 - mae: 0.4255 - val_loss: 0.2832 - val_mse: 0.2832 - val_mae: 0.4284 - 2s/epoch - 179ms/step
Epoch 121/10000

Epoch 121: val_loss did not improve from 0.28159
11/11 - 2s - loss: 0.2751 - mse: 0.2751 - mae: 0.4234 - val_loss: 0.2817 - val_mse: 0.2817 - val_mae: 0.4269 - 2s/epoch - 180ms/step
Epoch 122/10000

Epoch 122: val_loss improved from 0.28159 to 0.28158, saving model to ./results/NN_rms_regr/RNN/recursion_8/ckpt_1
11/11 - 3s - loss: 0.2750 - mse: 0.2750 - mae: 0.4232 - val_loss: 0.2816 - val_mse: 0.2816 - val_mae: 0.4269 - 3s/epoch - 259ms/step
Epoch 123/10000

Epoch 123: val_loss did not improve from 0.28158
11/11 - 2s - loss: 0.2747 - mse: 0.2747 - mae: 0.4233 - val_loss: 0.2820 - val_mse: 0.2820 - val_mae: 0.4274 - 2s/epoch - 179ms/step
Epoch 124/10000

Epoch 124: val_loss did not improve from 0.28158
11/11 - 2s - loss: 0.2745 - mse: 0.2745 - mae: 0.4230 - val_loss: 0.2816 - val_mse: 0.2816 - val_mae: 0.4270 - 2s/epoch - 179ms/step
Epoch 125/10000

Epoch 125: val_loss did not improve from 0.28158
11/11 - 2s - loss: 0.2748 - mse: 0.2748 - mae: 0.4235 - val_loss: 0.2817 - val_mse: 0.2817 - val_mae: 0.4271 - 2s/epoch - 180ms/step
Epoch 126/10000

Epoch 126: val_loss improved from 0.28158 to 0.28158, saving model to ./results/NN_rms_regr/RNN/recursion_8/ckpt_1
11/11 - 3s - loss: 0.2747 - mse: 0.2747 - mae: 0.4232 - val_loss: 0.2816 - val_mse: 0.2816 - val_mae: 0.4269 - 3s/epoch - 260ms/step
Epoch 127/10000

Epoch 127: val_loss did not improve from 0.28158
11/11 - 2s - loss: 0.2750 - mse: 0.2750 - mae: 0.4236 - val_loss: 0.2836 - val_mse: 0.2836 - val_mae: 0.4287 - 2s/epoch - 179ms/step
Epoch 128/10000

Epoch 128: val_loss did not improve from 0.28158
11/11 - 2s - loss: 0.2753 - mse: 0.2753 - mae: 0.4237 - val_loss: 0.2842 - val_mse: 0.2842 - val_mae: 0.4291 - 2s/epoch - 179ms/step
Epoch 129/10000

Epoch 129: val_loss did not improve from 0.28158
11/11 - 2s - loss: 0.2771 - mse: 0.2771 - mae: 0.4256 - val_loss: 0.2818 - val_mse: 0.2818 - val_mae: 0.4269 - 2s/epoch - 179ms/step
Epoch 130/10000

Epoch 130: val_loss did not improve from 0.28158
11/11 - 2s - loss: 0.2771 - mse: 0.2771 - mae: 0.4252 - val_loss: 0.2817 - val_mse: 0.2817 - val_mae: 0.4271 - 2s/epoch - 180ms/step
Epoch 131/10000

Epoch 131: val_loss did not improve from 0.28158
11/11 - 2s - loss: 0.2746 - mse: 0.2746 - mae: 0.4231 - val_loss: 0.2820 - val_mse: 0.2820 - val_mae: 0.4274 - 2s/epoch - 178ms/step
Epoch 132/10000

Epoch 132: val_loss did not improve from 0.28158
11/11 - 2s - loss: 0.2758 - mse: 0.2758 - mae: 0.4242 - val_loss: 0.2816 - val_mse: 0.2816 - val_mae: 0.4269 - 2s/epoch - 180ms/step
Epoch 133/10000

Epoch 133: val_loss did not improve from 0.28158
11/11 - 2s - loss: 0.2746 - mse: 0.2746 - mae: 0.4229 - val_loss: 0.2816 - val_mse: 0.2816 - val_mae: 0.4270 - 2s/epoch - 179ms/step
Epoch 134/10000

Epoch 134: val_loss did not improve from 0.28158
11/11 - 2s - loss: 0.2748 - mse: 0.2748 - mae: 0.4233 - val_loss: 0.2825 - val_mse: 0.2825 - val_mae: 0.4273 - 2s/epoch - 179ms/step
Epoch 135/10000

Epoch 135: val_loss did not improve from 0.28158
11/11 - 2s - loss: 0.2747 - mse: 0.2747 - mae: 0.4229 - val_loss: 0.2820 - val_mse: 0.2820 - val_mae: 0.4270 - 2s/epoch - 179ms/step
Epoch 136/10000

Epoch 136: val_loss did not improve from 0.28158
11/11 - 2s - loss: 0.2757 - mse: 0.2757 - mae: 0.4241 - val_loss: 0.2822 - val_mse: 0.2822 - val_mae: 0.4275 - 2s/epoch - 180ms/step
Epoch 137/10000

Epoch 137: val_loss did not improve from 0.28158
11/11 - 2s - loss: 0.2752 - mse: 0.2752 - mae: 0.4235 - val_loss: 0.2820 - val_mse: 0.2820 - val_mae: 0.4273 - 2s/epoch - 180ms/step
Epoch 138/10000

Epoch 138: val_loss did not improve from 0.28158
11/11 - 2s - loss: 0.2747 - mse: 0.2747 - mae: 0.4231 - val_loss: 0.2831 - val_mse: 0.2831 - val_mae: 0.4283 - 2s/epoch - 179ms/step
Epoch 139/10000

Epoch 139: val_loss did not improve from 0.28158
11/11 - 2s - loss: 0.2755 - mse: 0.2755 - mae: 0.4238 - val_loss: 0.2869 - val_mse: 0.2869 - val_mae: 0.4300 - 2s/epoch - 179ms/step
Epoch 140/10000

Epoch 140: val_loss did not improve from 0.28158
11/11 - 2s - loss: 0.2795 - mse: 0.2795 - mae: 0.4269 - val_loss: 0.2883 - val_mse: 0.2883 - val_mae: 0.4310 - 2s/epoch - 179ms/step
Epoch 141/10000

Epoch 141: val_loss did not improve from 0.28158
11/11 - 2s - loss: 0.2811 - mse: 0.2811 - mae: 0.4282 - val_loss: 0.2872 - val_mse: 0.2872 - val_mae: 0.4314 - 2s/epoch - 179ms/step
Epoch 142/10000

Epoch 142: val_loss did not improve from 0.28158
11/11 - 2s - loss: 0.2799 - mse: 0.2799 - mae: 0.4272 - val_loss: 0.2883 - val_mse: 0.2883 - val_mae: 0.4323 - 2s/epoch - 179ms/step
Epoch 143/10000

Epoch 143: val_loss did not improve from 0.28158
11/11 - 2s - loss: 0.2759 - mse: 0.2759 - mae: 0.4241 - val_loss: 0.2820 - val_mse: 0.2820 - val_mae: 0.4273 - 2s/epoch - 180ms/step
Epoch 144/10000

Epoch 144: val_loss did not improve from 0.28158
11/11 - 2s - loss: 0.2744 - mse: 0.2744 - mae: 0.4230 - val_loss: 0.2825 - val_mse: 0.2825 - val_mae: 0.4273 - 2s/epoch - 181ms/step
Epoch 145/10000

Epoch 145: val_loss did not improve from 0.28158
11/11 - 2s - loss: 0.2758 - mse: 0.2758 - mae: 0.4239 - val_loss: 0.2816 - val_mse: 0.2816 - val_mae: 0.4268 - 2s/epoch - 180ms/step
Epoch 146/10000

Epoch 146: val_loss did not improve from 0.28158
11/11 - 2s - loss: 0.2748 - mse: 0.2748 - mae: 0.4229 - val_loss: 0.2816 - val_mse: 0.2816 - val_mae: 0.4269 - 2s/epoch - 179ms/step
Epoch 147/10000

Epoch 147: val_loss did not improve from 0.28158
11/11 - 2s - loss: 0.2747 - mse: 0.2747 - mae: 0.4230 - val_loss: 0.2816 - val_mse: 0.2816 - val_mae: 0.4269 - 2s/epoch - 179ms/step
Epoch 148/10000

Epoch 148: val_loss did not improve from 0.28158
11/11 - 2s - loss: 0.2756 - mse: 0.2756 - mae: 0.4241 - val_loss: 0.2820 - val_mse: 0.2820 - val_mae: 0.4272 - 2s/epoch - 179ms/step
Epoch 149/10000

Epoch 149: val_loss did not improve from 0.28158
11/11 - 2s - loss: 0.2751 - mse: 0.2751 - mae: 0.4236 - val_loss: 0.2858 - val_mse: 0.2858 - val_mae: 0.4293 - 2s/epoch - 179ms/step
Epoch 150/10000

Epoch 150: val_loss did not improve from 0.28158
11/11 - 2s - loss: 0.2764 - mse: 0.2764 - mae: 0.4244 - val_loss: 0.2841 - val_mse: 0.2841 - val_mae: 0.4282 - 2s/epoch - 179ms/step
Epoch 151/10000

Epoch 151: val_loss did not improve from 0.28158
11/11 - 2s - loss: 0.2795 - mse: 0.2795 - mae: 0.4268 - val_loss: 0.2920 - val_mse: 0.2920 - val_mae: 0.4335 - 2s/epoch - 180ms/step
Epoch 152/10000

Epoch 152: val_loss did not improve from 0.28158
11/11 - 2s - loss: 0.2812 - mse: 0.2812 - mae: 0.4279 - val_loss: 0.2816 - val_mse: 0.2816 - val_mae: 0.4268 - 2s/epoch - 179ms/step
Epoch 153/10000

Epoch 153: val_loss did not improve from 0.28158
11/11 - 2s - loss: 0.2787 - mse: 0.2787 - mae: 0.4257 - val_loss: 0.2824 - val_mse: 0.2824 - val_mae: 0.4276 - 2s/epoch - 179ms/step
Epoch 154/10000

Epoch 154: val_loss did not improve from 0.28158
11/11 - 2s - loss: 0.2767 - mse: 0.2767 - mae: 0.4243 - val_loss: 0.2839 - val_mse: 0.2839 - val_mae: 0.4288 - 2s/epoch - 179ms/step
Epoch 155/10000

Epoch 155: val_loss did not improve from 0.28158
11/11 - 2s - loss: 0.2749 - mse: 0.2749 - mae: 0.4233 - val_loss: 0.2821 - val_mse: 0.2821 - val_mae: 0.4273 - 2s/epoch - 180ms/step
Epoch 156/10000

Epoch 156: val_loss did not improve from 0.28158
11/11 - 2s - loss: 0.2743 - mse: 0.2743 - mae: 0.4228 - val_loss: 0.2822 - val_mse: 0.2822 - val_mae: 0.4274 - 2s/epoch - 179ms/step
Epoch 157/10000

Epoch 157: val_loss did not improve from 0.28158
11/11 - 2s - loss: 0.2761 - mse: 0.2761 - mae: 0.4244 - val_loss: 0.2824 - val_mse: 0.2824 - val_mae: 0.4271 - 2s/epoch - 180ms/step
Epoch 158/10000

Epoch 158: val_loss did not improve from 0.28158
11/11 - 2s - loss: 0.2755 - mse: 0.2755 - mae: 0.4236 - val_loss: 0.2821 - val_mse: 0.2821 - val_mae: 0.4269 - 2s/epoch - 180ms/step
Epoch 159/10000

Epoch 159: val_loss did not improve from 0.28158
11/11 - 2s - loss: 0.2749 - mse: 0.2749 - mae: 0.4233 - val_loss: 0.2818 - val_mse: 0.2818 - val_mae: 0.4270 - 2s/epoch - 179ms/step
Epoch 160/10000

Epoch 160: val_loss did not improve from 0.28158
11/11 - 2s - loss: 0.2748 - mse: 0.2748 - mae: 0.4232 - val_loss: 0.2826 - val_mse: 0.2826 - val_mae: 0.4277 - 2s/epoch - 179ms/step
Epoch 161/10000

Epoch 161: val_loss did not improve from 0.28158
11/11 - 2s - loss: 0.2757 - mse: 0.2757 - mae: 0.4240 - val_loss: 0.2821 - val_mse: 0.2821 - val_mae: 0.4272 - 2s/epoch - 179ms/step
Epoch 162/10000

Epoch 162: val_loss did not improve from 0.28158
11/11 - 2s - loss: 0.2755 - mse: 0.2755 - mae: 0.4234 - val_loss: 0.2817 - val_mse: 0.2817 - val_mae: 0.4267 - 2s/epoch - 180ms/step
Epoch 163/10000

Epoch 163: val_loss did not improve from 0.28158
11/11 - 2s - loss: 0.2759 - mse: 0.2759 - mae: 0.4242 - val_loss: 0.2818 - val_mse: 0.2818 - val_mae: 0.4268 - 2s/epoch - 179ms/step
Epoch 164/10000

Epoch 164: val_loss did not improve from 0.28158
11/11 - 2s - loss: 0.2763 - mse: 0.2763 - mae: 0.4242 - val_loss: 0.2882 - val_mse: 0.2882 - val_mae: 0.4320 - 2s/epoch - 179ms/step
Epoch 165/10000

Epoch 165: val_loss did not improve from 0.28158
11/11 - 2s - loss: 0.2770 - mse: 0.2770 - mae: 0.4246 - val_loss: 0.2846 - val_mse: 0.2846 - val_mae: 0.4293 - 2s/epoch - 180ms/step
Epoch 166/10000

Epoch 166: val_loss did not improve from 0.28158
11/11 - 2s - loss: 0.2765 - mse: 0.2765 - mae: 0.4245 - val_loss: 0.2830 - val_mse: 0.2830 - val_mae: 0.4280 - 2s/epoch - 180ms/step
Epoch 167/10000

Epoch 167: val_loss did not improve from 0.28158
11/11 - 2s - loss: 0.2774 - mse: 0.2774 - mae: 0.4250 - val_loss: 0.2858 - val_mse: 0.2858 - val_mae: 0.4302 - 2s/epoch - 179ms/step
Epoch 168/10000

Epoch 168: val_loss did not improve from 0.28158
11/11 - 2s - loss: 0.2768 - mse: 0.2768 - mae: 0.4245 - val_loss: 0.2892 - val_mse: 0.2892 - val_mae: 0.4328 - 2s/epoch - 179ms/step
Epoch 169/10000

Epoch 169: val_loss did not improve from 0.28158
11/11 - 2s - loss: 0.2774 - mse: 0.2774 - mae: 0.4254 - val_loss: 0.2829 - val_mse: 0.2829 - val_mae: 0.4279 - 2s/epoch - 180ms/step
Epoch 170/10000

Epoch 170: val_loss did not improve from 0.28158
11/11 - 2s - loss: 0.2748 - mse: 0.2748 - mae: 0.4230 - val_loss: 0.2829 - val_mse: 0.2829 - val_mae: 0.4279 - 2s/epoch - 180ms/step
Epoch 171/10000

Epoch 171: val_loss did not improve from 0.28158
11/11 - 2s - loss: 0.2757 - mse: 0.2757 - mae: 0.4242 - val_loss: 0.2884 - val_mse: 0.2884 - val_mae: 0.4321 - 2s/epoch - 179ms/step
Epoch 172/10000

Epoch 172: val_loss did not improve from 0.28158
11/11 - 2s - loss: 0.2761 - mse: 0.2761 - mae: 0.4238 - val_loss: 0.2817 - val_mse: 0.2817 - val_mae: 0.4269 - 2s/epoch - 179ms/step
Epoch 173/10000

Epoch 173: val_loss did not improve from 0.28158
11/11 - 2s - loss: 0.2759 - mse: 0.2759 - mae: 0.4238 - val_loss: 0.2850 - val_mse: 0.2850 - val_mae: 0.4287 - 2s/epoch - 180ms/step
Epoch 174/10000

Epoch 174: val_loss did not improve from 0.28158
11/11 - 2s - loss: 0.2751 - mse: 0.2751 - mae: 0.4233 - val_loss: 0.2818 - val_mse: 0.2818 - val_mae: 0.4270 - 2s/epoch - 179ms/step
Epoch 175/10000

Epoch 175: val_loss improved from 0.28158 to 0.28157, saving model to ./results/NN_rms_regr/RNN/recursion_8/ckpt_1
11/11 - 3s - loss: 0.2758 - mse: 0.2758 - mae: 0.4239 - val_loss: 0.2816 - val_mse: 0.2816 - val_mae: 0.4267 - 3s/epoch - 253ms/step
Epoch 176/10000

Epoch 176: val_loss did not improve from 0.28157
11/11 - 2s - loss: 0.2769 - mse: 0.2769 - mae: 0.4246 - val_loss: 0.2816 - val_mse: 0.2816 - val_mae: 0.4268 - 2s/epoch - 179ms/step
Epoch 177/10000

Epoch 177: val_loss did not improve from 0.28157
11/11 - 2s - loss: 0.2782 - mse: 0.2782 - mae: 0.4258 - val_loss: 0.2848 - val_mse: 0.2848 - val_mae: 0.4294 - 2s/epoch - 179ms/step
Epoch 178/10000

Epoch 178: val_loss did not improve from 0.28157
11/11 - 2s - loss: 0.2772 - mse: 0.2772 - mae: 0.4250 - val_loss: 0.2828 - val_mse: 0.2828 - val_mae: 0.4278 - 2s/epoch - 179ms/step
Epoch 179/10000

Epoch 179: val_loss did not improve from 0.28157
11/11 - 2s - loss: 0.2750 - mse: 0.2750 - mae: 0.4231 - val_loss: 0.2823 - val_mse: 0.2823 - val_mae: 0.4270 - 2s/epoch - 179ms/step
Epoch 180/10000

Epoch 180: val_loss did not improve from 0.28157
11/11 - 2s - loss: 0.2748 - mse: 0.2748 - mae: 0.4229 - val_loss: 0.2828 - val_mse: 0.2828 - val_mae: 0.4273 - 2s/epoch - 179ms/step
Epoch 181/10000

Epoch 181: val_loss did not improve from 0.28157
11/11 - 2s - loss: 0.2749 - mse: 0.2749 - mae: 0.4231 - val_loss: 0.2818 - val_mse: 0.2818 - val_mae: 0.4267 - 2s/epoch - 180ms/step
Epoch 182/10000

Epoch 182: val_loss did not improve from 0.28157
11/11 - 2s - loss: 0.2789 - mse: 0.2789 - mae: 0.4265 - val_loss: 0.2943 - val_mse: 0.2943 - val_mae: 0.4350 - 2s/epoch - 179ms/step
Epoch 183/10000

Epoch 183: val_loss did not improve from 0.28157
11/11 - 2s - loss: 0.2831 - mse: 0.2831 - mae: 0.4294 - val_loss: 0.2875 - val_mse: 0.2875 - val_mae: 0.4303 - 2s/epoch - 180ms/step
Epoch 184/10000

Epoch 184: val_loss did not improve from 0.28157
11/11 - 2s - loss: 0.2771 - mse: 0.2771 - mae: 0.4245 - val_loss: 0.2816 - val_mse: 0.2816 - val_mae: 0.4266 - 2s/epoch - 180ms/step
Epoch 185/10000

Epoch 185: val_loss did not improve from 0.28157
11/11 - 2s - loss: 0.2758 - mse: 0.2758 - mae: 0.4234 - val_loss: 0.2830 - val_mse: 0.2830 - val_mae: 0.4279 - 2s/epoch - 180ms/step
Epoch 186/10000

Epoch 186: val_loss did not improve from 0.28157
11/11 - 2s - loss: 0.2760 - mse: 0.2760 - mae: 0.4238 - val_loss: 0.2848 - val_mse: 0.2848 - val_mae: 0.4294 - 2s/epoch - 179ms/step
Epoch 187/10000

Epoch 187: val_loss did not improve from 0.28157
11/11 - 2s - loss: 0.2750 - mse: 0.2750 - mae: 0.4234 - val_loss: 0.2830 - val_mse: 0.2830 - val_mae: 0.4274 - 2s/epoch - 179ms/step
Epoch 188/10000

Epoch 188: val_loss did not improve from 0.28157
11/11 - 2s - loss: 0.2753 - mse: 0.2753 - mae: 0.4233 - val_loss: 0.2854 - val_mse: 0.2854 - val_mae: 0.4289 - 2s/epoch - 179ms/step
Epoch 189/10000

Epoch 189: val_loss did not improve from 0.28157
11/11 - 2s - loss: 0.2756 - mse: 0.2756 - mae: 0.4236 - val_loss: 0.2828 - val_mse: 0.2828 - val_mae: 0.4278 - 2s/epoch - 179ms/step
Epoch 190/10000

Epoch 190: val_loss did not improve from 0.28157
11/11 - 2s - loss: 0.2758 - mse: 0.2758 - mae: 0.4240 - val_loss: 0.2816 - val_mse: 0.2816 - val_mae: 0.4267 - 2s/epoch - 180ms/step
Epoch 191/10000

Epoch 191: val_loss did not improve from 0.28157
11/11 - 2s - loss: 0.2760 - mse: 0.2760 - mae: 0.4239 - val_loss: 0.2854 - val_mse: 0.2854 - val_mae: 0.4288 - 2s/epoch - 180ms/step
Epoch 192/10000

Epoch 192: val_loss did not improve from 0.28157
11/11 - 2s - loss: 0.2759 - mse: 0.2759 - mae: 0.4235 - val_loss: 0.2820 - val_mse: 0.2820 - val_mae: 0.4268 - 2s/epoch - 179ms/step
Epoch 193/10000

Epoch 193: val_loss did not improve from 0.28157
11/11 - 2s - loss: 0.2749 - mse: 0.2749 - mae: 0.4230 - val_loss: 0.2824 - val_mse: 0.2824 - val_mae: 0.4274 - 2s/epoch - 179ms/step
Epoch 194/10000

Epoch 194: val_loss did not improve from 0.28157
11/11 - 2s - loss: 0.2747 - mse: 0.2747 - mae: 0.4228 - val_loss: 0.2816 - val_mse: 0.2816 - val_mae: 0.4267 - 2s/epoch - 179ms/step
Epoch 195/10000

Epoch 195: val_loss did not improve from 0.28157
11/11 - 2s - loss: 0.2754 - mse: 0.2754 - mae: 0.4236 - val_loss: 0.2819 - val_mse: 0.2819 - val_mae: 0.4268 - 2s/epoch - 182ms/step
Epoch 196/10000

Epoch 196: val_loss did not improve from 0.28157
11/11 - 2s - loss: 0.2769 - mse: 0.2769 - mae: 0.4246 - val_loss: 0.2857 - val_mse: 0.2857 - val_mae: 0.4290 - 2s/epoch - 179ms/step
Epoch 197/10000

Epoch 197: val_loss did not improve from 0.28157
11/11 - 2s - loss: 0.2788 - mse: 0.2788 - mae: 0.4267 - val_loss: 0.2866 - val_mse: 0.2866 - val_mae: 0.4296 - 2s/epoch - 179ms/step
Epoch 198/10000

Epoch 198: val_loss did not improve from 0.28157
11/11 - 2s - loss: 0.2769 - mse: 0.2769 - mae: 0.4248 - val_loss: 0.2841 - val_mse: 0.2841 - val_mae: 0.4280 - 2s/epoch - 179ms/step
Epoch 199/10000

Epoch 199: val_loss did not improve from 0.28157
11/11 - 2s - loss: 0.2759 - mse: 0.2759 - mae: 0.4239 - val_loss: 0.2842 - val_mse: 0.2842 - val_mae: 0.4281 - 2s/epoch - 180ms/step
Epoch 200/10000

Epoch 200: val_loss did not improve from 0.28157
11/11 - 2s - loss: 0.2762 - mse: 0.2762 - mae: 0.4242 - val_loss: 0.2895 - val_mse: 0.2895 - val_mae: 0.4316 - 2s/epoch - 179ms/step
Epoch 201/10000

Epoch 201: val_loss did not improve from 0.28157
11/11 - 2s - loss: 0.2757 - mse: 0.2757 - mae: 0.4238 - val_loss: 0.2816 - val_mse: 0.2816 - val_mae: 0.4267 - 2s/epoch - 181ms/step
Epoch 202/10000

Epoch 202: val_loss did not improve from 0.28157
11/11 - 2s - loss: 0.2757 - mse: 0.2757 - mae: 0.4236 - val_loss: 0.2824 - val_mse: 0.2824 - val_mae: 0.4270 - 2s/epoch - 184ms/step
Epoch 203/10000

Epoch 203: val_loss did not improve from 0.28157
11/11 - 2s - loss: 0.2787 - mse: 0.2787 - mae: 0.4258 - val_loss: 0.2881 - val_mse: 0.2881 - val_mae: 0.4306 - 2s/epoch - 181ms/step
Epoch 204/10000

Epoch 204: val_loss did not improve from 0.28157
11/11 - 2s - loss: 0.2819 - mse: 0.2819 - mae: 0.4279 - val_loss: 0.2978 - val_mse: 0.2978 - val_mae: 0.4373 - 2s/epoch - 181ms/step
Epoch 205/10000

Epoch 205: val_loss did not improve from 0.28157
11/11 - 2s - loss: 0.2831 - mse: 0.2831 - mae: 0.4293 - val_loss: 0.2919 - val_mse: 0.2919 - val_mae: 0.4332 - 2s/epoch - 181ms/step
Epoch 206/10000

Epoch 206: val_loss did not improve from 0.28157
11/11 - 2s - loss: 0.2778 - mse: 0.2778 - mae: 0.4250 - val_loss: 0.2926 - val_mse: 0.2926 - val_mae: 0.4337 - 2s/epoch - 184ms/step
Epoch 207/10000

Epoch 207: val_loss did not improve from 0.28157
11/11 - 2s - loss: 0.2799 - mse: 0.2799 - mae: 0.4267 - val_loss: 0.2910 - val_mse: 0.2910 - val_mae: 0.4326 - 2s/epoch - 180ms/step
Epoch 208/10000

Epoch 208: val_loss did not improve from 0.28157
11/11 - 2s - loss: 0.2842 - mse: 0.2842 - mae: 0.4294 - val_loss: 0.2821 - val_mse: 0.2821 - val_mae: 0.4268 - 2s/epoch - 180ms/step
Epoch 209/10000

Epoch 209: val_loss did not improve from 0.28157
11/11 - 2s - loss: 0.2812 - mse: 0.2812 - mae: 0.4275 - val_loss: 0.2817 - val_mse: 0.2817 - val_mae: 0.4269 - 2s/epoch - 182ms/step
Epoch 210/10000

Epoch 210: val_loss did not improve from 0.28157
11/11 - 2s - loss: 0.2765 - mse: 0.2765 - mae: 0.4242 - val_loss: 0.2896 - val_mse: 0.2896 - val_mae: 0.4331 - 2s/epoch - 185ms/step
Epoch 211/10000

Epoch 211: val_loss did not improve from 0.28157
11/11 - 2s - loss: 0.2851 - mse: 0.2851 - mae: 0.4311 - val_loss: 0.2937 - val_mse: 0.2937 - val_mae: 0.4363 - 2s/epoch - 179ms/step
Epoch 212/10000

Epoch 212: val_loss did not improve from 0.28157
11/11 - 2s - loss: 0.2765 - mse: 0.2765 - mae: 0.4246 - val_loss: 0.2816 - val_mse: 0.2816 - val_mae: 0.4266 - 2s/epoch - 178ms/step
Epoch 213/10000

Epoch 213: val_loss did not improve from 0.28157
11/11 - 2s - loss: 0.2762 - mse: 0.2762 - mae: 0.4236 - val_loss: 0.2820 - val_mse: 0.2820 - val_mae: 0.4267 - 2s/epoch - 179ms/step
Epoch 214/10000

Epoch 214: val_loss did not improve from 0.28157
11/11 - 2s - loss: 0.2750 - mse: 0.2750 - mae: 0.4229 - val_loss: 0.2835 - val_mse: 0.2835 - val_mae: 0.4282 - 2s/epoch - 179ms/step
Epoch 215/10000

Epoch 215: val_loss did not improve from 0.28157
11/11 - 2s - loss: 0.2756 - mse: 0.2756 - mae: 0.4235 - val_loss: 0.2821 - val_mse: 0.2821 - val_mae: 0.4271 - 2s/epoch - 179ms/step
Epoch 216/10000

Epoch 216: val_loss did not improve from 0.28157
11/11 - 2s - loss: 0.2752 - mse: 0.2752 - mae: 0.4230 - val_loss: 0.2858 - val_mse: 0.2858 - val_mae: 0.4300 - 2s/epoch - 179ms/step
Epoch 217/10000

Epoch 217: val_loss did not improve from 0.28157
11/11 - 2s - loss: 0.2786 - mse: 0.2786 - mae: 0.4258 - val_loss: 0.2854 - val_mse: 0.2854 - val_mae: 0.4297 - 2s/epoch - 179ms/step
Epoch 218/10000

Epoch 218: val_loss did not improve from 0.28157
11/11 - 2s - loss: 0.2790 - mse: 0.2790 - mae: 0.4259 - val_loss: 0.2820 - val_mse: 0.2820 - val_mae: 0.4267 - 2s/epoch - 180ms/step
Epoch 219/10000

Epoch 219: val_loss did not improve from 0.28157
11/11 - 2s - loss: 0.2773 - mse: 0.2773 - mae: 0.4246 - val_loss: 0.2859 - val_mse: 0.2859 - val_mae: 0.4291 - 2s/epoch - 178ms/step
Epoch 220/10000

Epoch 220: val_loss did not improve from 0.28157
11/11 - 2s - loss: 0.2760 - mse: 0.2760 - mae: 0.4242 - val_loss: 0.2840 - val_mse: 0.2840 - val_mae: 0.4279 - 2s/epoch - 178ms/step
Epoch 221/10000

Epoch 221: val_loss did not improve from 0.28157
11/11 - 2s - loss: 0.2771 - mse: 0.2771 - mae: 0.4242 - val_loss: 0.2823 - val_mse: 0.2823 - val_mae: 0.4272 - 2s/epoch - 179ms/step
Epoch 222/10000

Epoch 222: val_loss did not improve from 0.28157
11/11 - 2s - loss: 0.2758 - mse: 0.2758 - mae: 0.4238 - val_loss: 0.2825 - val_mse: 0.2825 - val_mae: 0.4274 - 2s/epoch - 179ms/step
Epoch 223/10000

Epoch 223: val_loss did not improve from 0.28157
11/11 - 2s - loss: 0.2758 - mse: 0.2758 - mae: 0.4237 - val_loss: 0.2841 - val_mse: 0.2841 - val_mae: 0.4279 - 2s/epoch - 179ms/step
Epoch 224/10000

Epoch 224: val_loss did not improve from 0.28157
11/11 - 2s - loss: 0.2748 - mse: 0.2748 - mae: 0.4228 - val_loss: 0.2830 - val_mse: 0.2830 - val_mae: 0.4272 - 2s/epoch - 180ms/step
Epoch 225/10000

Epoch 225: val_loss did not improve from 0.28157
11/11 - 2s - loss: 0.2752 - mse: 0.2752 - mae: 0.4232 - val_loss: 0.2829 - val_mse: 0.2829 - val_mae: 0.4277 - 2s/epoch - 179ms/step
Epoch 226/10000

Epoch 226: val_loss did not improve from 0.28157
11/11 - 2s - loss: 0.2748 - mse: 0.2748 - mae: 0.4229 - val_loss: 0.2822 - val_mse: 0.2822 - val_mae: 0.4271 - 2s/epoch - 179ms/step
Epoch 227/10000

Epoch 227: val_loss did not improve from 0.28157
11/11 - 2s - loss: 0.2745 - mse: 0.2745 - mae: 0.4225 - val_loss: 0.2832 - val_mse: 0.2832 - val_mae: 0.4280 - 2s/epoch - 179ms/step
Epoch 228/10000

Epoch 228: val_loss did not improve from 0.28157
11/11 - 2s - loss: 0.2764 - mse: 0.2764 - mae: 0.4237 - val_loss: 0.2855 - val_mse: 0.2855 - val_mae: 0.4297 - 2s/epoch - 182ms/step
Epoch 229/10000

Epoch 229: val_loss did not improve from 0.28157
11/11 - 2s - loss: 0.2772 - mse: 0.2772 - mae: 0.4249 - val_loss: 0.2838 - val_mse: 0.2838 - val_mae: 0.4277 - 2s/epoch - 180ms/step
Epoch 230/10000

Epoch 230: val_loss did not improve from 0.28157
11/11 - 2s - loss: 0.2774 - mse: 0.2774 - mae: 0.4245 - val_loss: 0.2836 - val_mse: 0.2836 - val_mae: 0.4276 - 2s/epoch - 180ms/step
Epoch 231/10000

Epoch 231: val_loss did not improve from 0.28157
11/11 - 2s - loss: 0.2772 - mse: 0.2772 - mae: 0.4240 - val_loss: 0.2824 - val_mse: 0.2824 - val_mae: 0.4273 - 2s/epoch - 179ms/step
Epoch 232/10000

Epoch 232: val_loss did not improve from 0.28157
11/11 - 2s - loss: 0.2759 - mse: 0.2759 - mae: 0.4239 - val_loss: 0.2820 - val_mse: 0.2820 - val_mae: 0.4270 - 2s/epoch - 183ms/step
Epoch 233/10000

Epoch 233: val_loss did not improve from 0.28157
11/11 - 2s - loss: 0.2750 - mse: 0.2750 - mae: 0.4230 - val_loss: 0.2821 - val_mse: 0.2821 - val_mae: 0.4271 - 2s/epoch - 182ms/step
Epoch 234/10000

Epoch 234: val_loss did not improve from 0.28157
11/11 - 2s - loss: 0.2784 - mse: 0.2784 - mae: 0.4261 - val_loss: 0.2950 - val_mse: 0.2950 - val_mae: 0.4371 - 2s/epoch - 178ms/step
Epoch 235/10000

Epoch 235: val_loss did not improve from 0.28157
11/11 - 2s - loss: 0.2847 - mse: 0.2847 - mae: 0.4288 - val_loss: 0.2819 - val_mse: 0.2819 - val_mae: 0.4266 - 2s/epoch - 179ms/step
Epoch 236/10000

Epoch 236: val_loss did not improve from 0.28157
11/11 - 2s - loss: 0.2811 - mse: 0.2811 - mae: 0.4278 - val_loss: 0.2882 - val_mse: 0.2882 - val_mae: 0.4306 - 2s/epoch - 180ms/step
Epoch 237/10000

Epoch 237: val_loss did not improve from 0.28157
11/11 - 2s - loss: 0.2764 - mse: 0.2764 - mae: 0.4242 - val_loss: 0.2816 - val_mse: 0.2816 - val_mae: 0.4266 - 2s/epoch - 179ms/step
Epoch 238/10000

Epoch 238: val_loss did not improve from 0.28157
11/11 - 2s - loss: 0.2746 - mse: 0.2746 - mae: 0.4227 - val_loss: 0.2820 - val_mse: 0.2820 - val_mae: 0.4266 - 2s/epoch - 179ms/step
Epoch 239/10000

Epoch 239: val_loss did not improve from 0.28157
11/11 - 2s - loss: 0.2760 - mse: 0.2760 - mae: 0.4239 - val_loss: 0.2849 - val_mse: 0.2849 - val_mae: 0.4293 - 2s/epoch - 180ms/step
Epoch 240/10000

Epoch 240: val_loss did not improve from 0.28157
11/11 - 2s - loss: 0.2760 - mse: 0.2760 - mae: 0.4239 - val_loss: 0.2823 - val_mse: 0.2823 - val_mae: 0.4272 - 2s/epoch - 179ms/step
Epoch 241/10000

Epoch 241: val_loss did not improve from 0.28157
11/11 - 2s - loss: 0.2747 - mse: 0.2747 - mae: 0.4225 - val_loss: 0.2878 - val_mse: 0.2878 - val_mae: 0.4303 - 2s/epoch - 179ms/step
Epoch 242/10000

Epoch 242: val_loss did not improve from 0.28157
11/11 - 2s - loss: 0.2780 - mse: 0.2780 - mae: 0.4259 - val_loss: 0.2827 - val_mse: 0.2827 - val_mae: 0.4276 - 2s/epoch - 179ms/step
Epoch 243/10000

Epoch 243: val_loss did not improve from 0.28157
11/11 - 2s - loss: 0.2767 - mse: 0.2767 - mae: 0.4246 - val_loss: 0.2999 - val_mse: 0.2999 - val_mae: 0.4408 - 2s/epoch - 179ms/step
Epoch 244/10000

Epoch 244: val_loss did not improve from 0.28157
11/11 - 2s - loss: 0.2806 - mse: 0.2806 - mae: 0.4268 - val_loss: 0.2846 - val_mse: 0.2846 - val_mae: 0.4291 - 2s/epoch - 179ms/step
Epoch 245/10000

Epoch 245: val_loss did not improve from 0.28157
11/11 - 2s - loss: 0.2783 - mse: 0.2783 - mae: 0.4258 - val_loss: 0.2816 - val_mse: 0.2816 - val_mae: 0.4265 - 2s/epoch - 180ms/step
Epoch 246/10000

Epoch 246: val_loss did not improve from 0.28157
11/11 - 2s - loss: 0.2760 - mse: 0.2760 - mae: 0.4236 - val_loss: 0.2838 - val_mse: 0.2838 - val_mae: 0.4277 - 2s/epoch - 178ms/step
Epoch 247/10000

Epoch 247: val_loss did not improve from 0.28157
11/11 - 2s - loss: 0.2749 - mse: 0.2749 - mae: 0.4227 - val_loss: 0.2820 - val_mse: 0.2820 - val_mae: 0.4269 - 2s/epoch - 179ms/step
Epoch 248/10000

Epoch 248: val_loss did not improve from 0.28157
11/11 - 2s - loss: 0.2745 - mse: 0.2745 - mae: 0.4227 - val_loss: 0.2816 - val_mse: 0.2816 - val_mae: 0.4265 - 2s/epoch - 178ms/step
Epoch 249/10000

Epoch 249: val_loss did not improve from 0.28157
11/11 - 2s - loss: 0.2762 - mse: 0.2762 - mae: 0.4239 - val_loss: 0.2882 - val_mse: 0.2882 - val_mae: 0.4318 - 2s/epoch - 179ms/step
Epoch 250/10000

Epoch 250: val_loss did not improve from 0.28157
11/11 - 2s - loss: 0.2774 - mse: 0.2774 - mae: 0.4252 - val_loss: 0.2831 - val_mse: 0.2831 - val_mae: 0.4272 - 2s/epoch - 179ms/step
Epoch 251/10000

Epoch 251: val_loss did not improve from 0.28157
11/11 - 2s - loss: 0.2767 - mse: 0.2767 - mae: 0.4240 - val_loss: 0.2912 - val_mse: 0.2912 - val_mae: 0.4341 - 2s/epoch - 180ms/step
Epoch 252/10000

Epoch 252: val_loss did not improve from 0.28157
11/11 - 2s - loss: 0.2826 - mse: 0.2826 - mae: 0.4291 - val_loss: 0.2817 - val_mse: 0.2817 - val_mae: 0.4267 - 2s/epoch - 179ms/step
Epoch 253/10000

Epoch 253: val_loss did not improve from 0.28157
11/11 - 2s - loss: 0.2785 - mse: 0.2785 - mae: 0.4256 - val_loss: 0.2866 - val_mse: 0.2866 - val_mae: 0.4295 - 2s/epoch - 180ms/step
Epoch 254/10000

Epoch 254: val_loss did not improve from 0.28157
11/11 - 2s - loss: 0.2777 - mse: 0.2777 - mae: 0.4245 - val_loss: 0.2816 - val_mse: 0.2816 - val_mae: 0.4264 - 2s/epoch - 179ms/step
Epoch 255/10000

Epoch 255: val_loss did not improve from 0.28157
11/11 - 2s - loss: 0.2764 - mse: 0.2764 - mae: 0.4240 - val_loss: 0.2816 - val_mse: 0.2816 - val_mae: 0.4265 - 2s/epoch - 179ms/step
Epoch 256/10000

Epoch 256: val_loss did not improve from 0.28157
11/11 - 2s - loss: 0.2746 - mse: 0.2746 - mae: 0.4223 - val_loss: 0.2816 - val_mse: 0.2816 - val_mae: 0.4265 - 2s/epoch - 178ms/step
Epoch 257/10000

Epoch 257: val_loss did not improve from 0.28157
11/11 - 2s - loss: 0.2758 - mse: 0.2758 - mae: 0.4234 - val_loss: 0.2896 - val_mse: 0.2896 - val_mae: 0.4330 - 2s/epoch - 179ms/step
Epoch 258/10000

Epoch 258: val_loss did not improve from 0.28157
11/11 - 2s - loss: 0.2762 - mse: 0.2762 - mae: 0.4240 - val_loss: 0.2823 - val_mse: 0.2823 - val_mae: 0.4271 - 2s/epoch - 180ms/step
Epoch 259/10000

Epoch 259: val_loss did not improve from 0.28157
11/11 - 2s - loss: 0.2761 - mse: 0.2761 - mae: 0.4237 - val_loss: 0.2908 - val_mse: 0.2908 - val_mae: 0.4323 - 2s/epoch - 180ms/step
Epoch 260/10000

Epoch 260: val_loss did not improve from 0.28157
11/11 - 2s - loss: 0.2786 - mse: 0.2786 - mae: 0.4257 - val_loss: 0.2855 - val_mse: 0.2855 - val_mae: 0.4298 - 2s/epoch - 179ms/step
Epoch 261/10000

Epoch 261: val_loss did not improve from 0.28157
11/11 - 2s - loss: 0.2804 - mse: 0.2804 - mae: 0.4274 - val_loss: 0.2818 - val_mse: 0.2818 - val_mae: 0.4265 - 2s/epoch - 179ms/step
Epoch 262/10000

Epoch 262: val_loss did not improve from 0.28157
11/11 - 2s - loss: 0.2774 - mse: 0.2774 - mae: 0.4244 - val_loss: 0.2846 - val_mse: 0.2846 - val_mae: 0.4282 - 2s/epoch - 179ms/step
Epoch 263/10000

Epoch 263: val_loss did not improve from 0.28157
11/11 - 2s - loss: 0.2782 - mse: 0.2782 - mae: 0.4256 - val_loss: 0.2855 - val_mse: 0.2855 - val_mae: 0.4297 - 2s/epoch - 180ms/step
Epoch 264/10000

Epoch 264: val_loss did not improve from 0.28157
11/11 - 2s - loss: 0.2763 - mse: 0.2763 - mae: 0.4240 - val_loss: 0.2902 - val_mse: 0.2902 - val_mae: 0.4333 - 2s/epoch - 180ms/step
Epoch 265/10000

Epoch 265: val_loss did not improve from 0.28157
11/11 - 2s - loss: 0.2758 - mse: 0.2758 - mae: 0.4237 - val_loss: 0.2850 - val_mse: 0.2850 - val_mae: 0.4283 - 2s/epoch - 179ms/step
Epoch 266/10000

Epoch 266: val_loss did not improve from 0.28157
11/11 - 2s - loss: 0.2763 - mse: 0.2763 - mae: 0.4237 - val_loss: 0.2817 - val_mse: 0.2817 - val_mae: 0.4265 - 2s/epoch - 180ms/step
Epoch 267/10000

Epoch 267: val_loss did not improve from 0.28157
11/11 - 2s - loss: 0.2752 - mse: 0.2752 - mae: 0.4231 - val_loss: 0.2817 - val_mse: 0.2817 - val_mae: 0.4265 - 2s/epoch - 179ms/step
Epoch 268/10000

Epoch 268: val_loss did not improve from 0.28157
11/11 - 2s - loss: 0.2754 - mse: 0.2754 - mae: 0.4229 - val_loss: 0.2816 - val_mse: 0.2816 - val_mae: 0.4264 - 2s/epoch - 179ms/step
Epoch 269/10000

Epoch 269: val_loss did not improve from 0.28157
11/11 - 2s - loss: 0.2768 - mse: 0.2768 - mae: 0.4245 - val_loss: 0.2822 - val_mse: 0.2822 - val_mae: 0.4270 - 2s/epoch - 179ms/step
Epoch 270/10000

Epoch 270: val_loss did not improve from 0.28157
11/11 - 2s - loss: 0.2751 - mse: 0.2751 - mae: 0.4224 - val_loss: 0.2843 - val_mse: 0.2843 - val_mae: 0.4287 - 2s/epoch - 179ms/step
Epoch 271/10000

Epoch 271: val_loss did not improve from 0.28157
11/11 - 2s - loss: 0.2750 - mse: 0.2750 - mae: 0.4228 - val_loss: 0.2816 - val_mse: 0.2816 - val_mae: 0.4264 - 2s/epoch - 179ms/step
Epoch 272/10000

Epoch 272: val_loss did not improve from 0.28157
11/11 - 2s - loss: 0.2753 - mse: 0.2753 - mae: 0.4235 - val_loss: 0.2816 - val_mse: 0.2816 - val_mae: 0.4263 - 2s/epoch - 179ms/step
Epoch 273/10000

Epoch 273: val_loss did not improve from 0.28157
11/11 - 2s - loss: 0.2746 - mse: 0.2746 - mae: 0.4224 - val_loss: 0.2819 - val_mse: 0.2819 - val_mae: 0.4266 - 2s/epoch - 179ms/step
Epoch 274/10000

Epoch 274: val_loss did not improve from 0.28157
11/11 - 2s - loss: 0.2747 - mse: 0.2747 - mae: 0.4226 - val_loss: 0.2818 - val_mse: 0.2818 - val_mae: 0.4263 - 2s/epoch - 180ms/step
Epoch 275/10000

Epoch 275: val_loss did not improve from 0.28157
11/11 - 2s - loss: 0.2752 - mse: 0.2752 - mae: 0.4228 - val_loss: 0.2835 - val_mse: 0.2835 - val_mae: 0.4273 - 2s/epoch - 177ms/step
Epoch 275: early stopping
