[0.772459 0.95864  1.14028  1.32192  1.50356  1.6852   1.86684  2.04848
 2.23012  2.41176  2.5934   2.77504  2.95668  3.13832  3.31996  3.5016
 3.68324  3.86488  4.04652  4.22816  4.4098   4.59144  4.77308  4.95472
 5.13636  5.318   ]
Before undersampling: [(0, 11), (1, 41), (2, 117), (3, 379), (4, 1164), (5, 3250), (6, 3633), (7, 2483), (8, 2349), (9, 2100), (10, 1892), (11, 1848), (12, 1641), (13, 1350), (14, 1181), (15, 900), (16, 782), (17, 646), (18, 511), (19, 434), (20, 358), (21, 314), (22, 290), (23, 233), (24, 198)]
After undersampling: [(0, 11), (1, 14), (2, 43), (3, 126), (4, 157), (5, 233), (6, 742), (7, 231), (8, 173), (9, 491), (10, 207), (11, 143), (12, 171), (13, 136), (14, 71), (15, 16), (16, 67), (17, 70), (18, 181), (19, 15), (20, 32), (21, 54), (22, 62), (23, 7), (24, 15)]
      label  HH_0_0_x  HV_0_0_x  IA_0_0_x       FYI      DFYI       MYI     rms_0     thk_1     rms_1     thk_2     rms_2     thk_3     rms_3  ...    3         4    5         6         7         8         9        10   11        12   13        14        15                                                CNN
0     0.858  0.184314  0.054902  0.108219  0.677054  0.244229  0.078717  4.574475  1.157741  4.598907  1.135613  4.568877  1.137049  4.555604  ...  0.0  0.976693  0.0  0.614157  0.580775  0.824165  0.316351  0.915441  0.0  0.687166  0.0  0.681156  0.467802  [[[[0.2274509803921568], [0.1081809698366651],...
1     0.922  0.219608  0.043137  0.095634  0.054778  0.917930  0.027292  4.928114  1.252795  4.933641  1.183038  4.945711  1.206833  4.951181  ...  0.0  1.014148  0.0  0.640144  0.557590  0.845430  0.301105  0.952926  0.0  0.730141  0.0  0.731394  0.484976  [[[[0.1215686274509803], [0.0955935010723039],...
2     0.934  0.192157  0.031373  0.097116  0.587126  0.332548  0.080326  4.575322  1.137139  4.539704  1.094642  4.548931  1.119177  4.518337  ...  0.0  1.141272  0.0  0.686991  0.657252  0.887173  0.262995  1.067364  0.0  0.828544  0.0  0.798359  0.574734  [[[[0.1215686274509803], [0.0971558065975413],...
3     0.895  0.188235  0.035294  0.097129  0.495887  0.419141  0.084972  4.582605  1.146608  4.565219  1.119833  4.570570  1.106200  4.542815  ...  0.0  1.152834  0.0  0.692828  0.669648  0.885035  0.259357  1.075103  0.0  0.840245  0.0  0.805713  0.586994  [[[[0.188235294117647], [0.0971691505581724], ...
4     0.944  0.325490  0.066667  0.096222  0.002803  0.962774  0.034423  5.199004  1.323369  5.165545  1.259931  5.168842  1.279109  5.193098  ...  0.0  0.968458  0.0  0.649656  0.502992  0.845221  0.351467  0.905719  0.0  0.705089  0.0  0.735994  0.453760  [[[[0.2745098039215686], [0.0962616415584788],...
...     ...       ...       ...       ...       ...       ...       ...       ...       ...       ...       ...       ...       ...       ...  ...  ...       ...  ...       ...       ...       ...       ...       ...  ...       ...  ...       ...       ...                                                ...
3463  5.238  0.384314  0.082353  0.093837  0.005954  0.869802  0.124244  5.331694  1.355532  5.268072  1.292127  5.276193  1.279811  5.297715  ...  0.0  0.986183  0.0  0.645263  0.491224  0.814094  0.288891  0.917448  0.0  0.716836  0.0  0.734300  0.435126  [[[[0.2823529411764706], [0.0938768723431755],...
3464  5.199  0.274510  0.090196  0.093369  0.006926  0.799138  0.193936  5.377112  1.370235  5.352029  1.282032  5.337650  1.314092  5.390152  ...  0.0  1.024998  0.0  0.661399  0.533815  0.837317  0.302710  0.948978  0.0  0.743495  0.0  0.751934  0.467024  [[[[0.3294117647058823], [0.0934089436250574],...
3465  5.176  0.278431  0.086275  0.093342  0.016353  0.812066  0.171581  5.361443  1.355022  5.304595  1.276898  5.295056  1.272287  5.343263  ...  0.0  1.020177  0.0  0.661947  0.530186  0.840365  0.307862  0.948081  0.0  0.737600  0.0  0.749344  0.458473  [[[[0.2784313725490196], [0.0933822108250038],...
3466  5.266  0.227451  0.058824  0.093275  0.064507  0.875498  0.059994  5.121909  1.273320  4.973655  1.202230  5.007440  1.246945  5.039929  ...  0.0  1.034474  0.0  0.650712  0.575604  0.837686  0.315289  0.932384  0.0  0.759809  0.0  0.744740  0.512102  [[[[0.2470588235294117], [0.0933153638652726],...
3467  5.163  0.313725  0.082353  0.093222  0.028550  0.764735  0.206715  5.190975  1.296560  5.121880  1.264090  5.138516  1.239793  5.142396  ...  0.0  0.975660  0.0  0.651870  0.513676  0.843849  0.348302  0.911619  0.0  0.702193  0.0  0.732623  0.448503  [[[[0.2588235294117647], [0.0932618833055683],...

[3468 rows x 128 columns]
Size of dataset: (3468, 127)
*************************** Fold #: 1 ***************************
Model: "model"
__________________________________________________________________________________________________
 Layer (type)                   Output Shape         Param #     Connected to                     
==================================================================================================
 conv (InputLayer)              [(None, 7, 7, 3, 1)  0           []                               
                                ]                                                                 
                                                                                                  
 zero_padding3d (ZeroPadding3D)  (None, 8, 8, 4, 1)  0           ['conv[0][0]']                   
                                                                                                  
 conv3d (Conv3D)                (None, 8, 8, 4, 8)   224         ['zero_padding3d[0][0]']         
                                                                                                  
 max_pooling3d (MaxPooling3D)   (None, 4, 4, 2, 8)   0           ['conv3d[0][0]']                 
                                                                                                  
 conv3d_1 (Conv3D)              (None, 4, 4, 2, 4)   868         ['max_pooling3d[0][0]']          
                                                                                                  
 max_pooling3d_1 (MaxPooling3D)  (None, 2, 2, 1, 4)  0           ['conv3d_1[0][0]']               
                                                                                                  
 cat (InputLayer)               [(None, 126)]        0           []                               
                                                                                                  
 flatten (Flatten)              (None, 16)           0           ['max_pooling3d_1[0][0]']        
                                                                                                  
 concatenate (Concatenate)      (None, 142)          0           ['cat[0][0]',                    
                                                                  'flatten[0][0]']                
                                                                                                  
 dense (Dense)                  (None, 200)          28600       ['concatenate[0][0]']            
                                                                                                  
 dense_1 (Dense)                (None, 200)          40200       ['dense[0][0]']                  
                                                                                                  
 dense_2 (Dense)                (None, 200)          40200       ['dense_1[0][0]']                
                                                                                                  
 dense_3 (Dense)                (None, 200)          40200       ['dense_2[0][0]']                
                                                                                                  
 dense_4 (Dense)                (None, 200)          40200       ['dense_3[0][0]']                
                                                                                                  
 dense_5 (Dense)                (None, 1)            201         ['dense_4[0][0]']                
                                                                                                  
==================================================================================================
Total params: 190,693
Trainable params: 190,693
Non-trainable params: 0
__________________________________________________________________________________________________
Epoch 1/10000

Epoch 1: val_loss improved from inf to 0.58188, saving model to ./results/NN_thk_regr/ResNet/recursion_39/ckpt_1
2/2 - 2s - loss: 1.3576 - mse: 1.3576 - mae: 1.1377 - val_loss: 0.5819 - val_mse: 0.5819 - val_mae: 0.7302 - 2s/epoch - 807ms/step
Epoch 2/10000

Epoch 2: val_loss improved from 0.58188 to 0.18127, saving model to ./results/NN_thk_regr/ResNet/recursion_39/ckpt_1
2/2 - 1s - loss: 0.3894 - mse: 0.3894 - mae: 0.5458 - val_loss: 0.1813 - val_mse: 0.1813 - val_mae: 0.3822 - 1s/epoch - 538ms/step
Epoch 3/10000

Epoch 3: val_loss improved from 0.18127 to 0.13901, saving model to ./results/NN_thk_regr/ResNet/recursion_39/ckpt_1
2/2 - 1s - loss: 0.2473 - mse: 0.2473 - mae: 0.4510 - val_loss: 0.1390 - val_mse: 0.1390 - val_mae: 0.3303 - 1s/epoch - 533ms/step
Epoch 4/10000

Epoch 4: val_loss improved from 0.13901 to 0.08449, saving model to ./results/NN_thk_regr/ResNet/recursion_39/ckpt_1
2/2 - 1s - loss: 0.0999 - mse: 0.0999 - mae: 0.2601 - val_loss: 0.0845 - val_mse: 0.0845 - val_mae: 0.2237 - 1s/epoch - 598ms/step
Epoch 5/10000

Epoch 5: val_loss did not improve from 0.08449
2/2 - 0s - loss: 0.0990 - mse: 0.0990 - mae: 0.2506 - val_loss: 0.1350 - val_mse: 0.1350 - val_mae: 0.3065 - 331ms/epoch - 166ms/step
Epoch 6/10000

Epoch 6: val_loss improved from 0.08449 to 0.05271, saving model to ./results/NN_thk_regr/ResNet/recursion_39/ckpt_1
2/2 - 1s - loss: 0.1110 - mse: 0.1110 - mae: 0.2717 - val_loss: 0.0527 - val_mse: 0.0527 - val_mae: 0.1599 - 1s/epoch - 619ms/step
Epoch 7/10000

Epoch 7: val_loss did not improve from 0.05271
2/2 - 0s - loss: 0.0513 - mse: 0.0513 - mae: 0.1727 - val_loss: 0.0844 - val_mse: 0.0844 - val_mae: 0.2503 - 337ms/epoch - 168ms/step
Epoch 8/10000

Epoch 8: val_loss did not improve from 0.05271
2/2 - 0s - loss: 0.0825 - mse: 0.0825 - mae: 0.2494 - val_loss: 0.0545 - val_mse: 0.0545 - val_mae: 0.1878 - 331ms/epoch - 165ms/step
Epoch 9/10000

Epoch 9: val_loss did not improve from 0.05271
2/2 - 0s - loss: 0.0498 - mse: 0.0498 - mae: 0.1755 - val_loss: 0.0591 - val_mse: 0.0591 - val_mae: 0.1725 - 329ms/epoch - 165ms/step
Epoch 10/10000

Epoch 10: val_loss did not improve from 0.05271
2/2 - 0s - loss: 0.0584 - mse: 0.0584 - mae: 0.1782 - val_loss: 0.0665 - val_mse: 0.0665 - val_mae: 0.1880 - 325ms/epoch - 162ms/step
Epoch 11/10000

Epoch 11: val_loss improved from 0.05271 to 0.04670, saving model to ./results/NN_thk_regr/ResNet/recursion_39/ckpt_1
2/2 - 1s - loss: 0.0574 - mse: 0.0574 - mae: 0.1764 - val_loss: 0.0467 - val_mse: 0.0467 - val_mae: 0.1544 - 1s/epoch - 578ms/step
Epoch 12/10000

Epoch 12: val_loss did not improve from 0.04670
2/2 - 0s - loss: 0.0456 - mse: 0.0456 - mae: 0.1629 - val_loss: 0.0559 - val_mse: 0.0559 - val_mae: 0.1919 - 332ms/epoch - 166ms/step
Epoch 13/10000

Epoch 13: val_loss did not improve from 0.04670
2/2 - 0s - loss: 0.0534 - mse: 0.0534 - mae: 0.1908 - val_loss: 0.0476 - val_mse: 0.0476 - val_mae: 0.1657 - 324ms/epoch - 162ms/step
Epoch 14/10000

Epoch 14: val_loss did not improve from 0.04670
2/2 - 0s - loss: 0.0447 - mse: 0.0447 - mae: 0.1610 - val_loss: 0.0504 - val_mse: 0.0504 - val_mae: 0.1564 - 325ms/epoch - 162ms/step
Epoch 15/10000

Epoch 15: val_loss did not improve from 0.04670
2/2 - 0s - loss: 0.0476 - mse: 0.0476 - mae: 0.1573 - val_loss: 0.0509 - val_mse: 0.0509 - val_mae: 0.1571 - 329ms/epoch - 165ms/step
Epoch 16/10000

Epoch 16: val_loss improved from 0.04670 to 0.04613, saving model to ./results/NN_thk_regr/ResNet/recursion_39/ckpt_1
2/2 - 1s - loss: 0.0461 - mse: 0.0461 - mae: 0.1556 - val_loss: 0.0461 - val_mse: 0.0461 - val_mae: 0.1585 - 1s/epoch - 607ms/step
Epoch 17/10000

Epoch 17: val_loss did not improve from 0.04613
2/2 - 0s - loss: 0.0447 - mse: 0.0447 - mae: 0.1636 - val_loss: 0.0478 - val_mse: 0.0478 - val_mae: 0.1680 - 327ms/epoch - 163ms/step
Epoch 18/10000

Epoch 18: val_loss improved from 0.04613 to 0.04597, saving model to ./results/NN_thk_regr/ResNet/recursion_39/ckpt_1
2/2 - 1s - loss: 0.0451 - mse: 0.0451 - mae: 0.1667 - val_loss: 0.0460 - val_mse: 0.0460 - val_mae: 0.1539 - 1s/epoch - 614ms/step
Epoch 19/10000

Epoch 19: val_loss did not improve from 0.04597
2/2 - 0s - loss: 0.0438 - mse: 0.0438 - mae: 0.1544 - val_loss: 0.0482 - val_mse: 0.0482 - val_mae: 0.1537 - 330ms/epoch - 165ms/step
Epoch 20/10000

Epoch 20: val_loss improved from 0.04597 to 0.04566, saving model to ./results/NN_thk_regr/ResNet/recursion_39/ckpt_1
2/2 - 1s - loss: 0.0445 - mse: 0.0445 - mae: 0.1531 - val_loss: 0.0457 - val_mse: 0.0457 - val_mae: 0.1550 - 1s/epoch - 581ms/step
Epoch 21/10000

Epoch 21: val_loss did not improve from 0.04566
2/2 - 0s - loss: 0.0434 - mse: 0.0434 - mae: 0.1588 - val_loss: 0.0460 - val_mse: 0.0460 - val_mae: 0.1608 - 334ms/epoch - 167ms/step
Epoch 22/10000

Epoch 22: val_loss did not improve from 0.04566
2/2 - 0s - loss: 0.0439 - mse: 0.0439 - mae: 0.1601 - val_loss: 0.0457 - val_mse: 0.0457 - val_mae: 0.1531 - 334ms/epoch - 167ms/step
Epoch 23/10000

Epoch 23: val_loss improved from 0.04566 to 0.04565, saving model to ./results/NN_thk_regr/ResNet/recursion_39/ckpt_1
2/2 - 1s - loss: 0.0431 - mse: 0.0431 - mae: 0.1534 - val_loss: 0.0456 - val_mse: 0.0456 - val_mae: 0.1527 - 1s/epoch - 606ms/step
Epoch 24/10000

Epoch 24: val_loss improved from 0.04565 to 0.04502, saving model to ./results/NN_thk_regr/ResNet/recursion_39/ckpt_1
2/2 - 1s - loss: 0.0429 - mse: 0.0429 - mae: 0.1532 - val_loss: 0.0450 - val_mse: 0.0450 - val_mae: 0.1559 - 1s/epoch - 610ms/step
Epoch 25/10000

Epoch 25: val_loss improved from 0.04502 to 0.04489, saving model to ./results/NN_thk_regr/ResNet/recursion_39/ckpt_1
2/2 - 1s - loss: 0.0431 - mse: 0.0431 - mae: 0.1583 - val_loss: 0.0449 - val_mse: 0.0449 - val_mae: 0.1570 - 1s/epoch - 612ms/step
Epoch 26/10000

Epoch 26: val_loss did not improve from 0.04489
2/2 - 0s - loss: 0.0427 - mse: 0.0427 - mae: 0.1566 - val_loss: 0.0450 - val_mse: 0.0450 - val_mae: 0.1523 - 330ms/epoch - 165ms/step
Epoch 27/10000

Epoch 27: val_loss improved from 0.04489 to 0.04452, saving model to ./results/NN_thk_regr/ResNet/recursion_39/ckpt_1
2/2 - 1s - loss: 0.0427 - mse: 0.0427 - mae: 0.1527 - val_loss: 0.0445 - val_mse: 0.0445 - val_mae: 0.1526 - 1s/epoch - 617ms/step
Epoch 28/10000

Epoch 28: val_loss improved from 0.04452 to 0.04403, saving model to ./results/NN_thk_regr/ResNet/recursion_39/ckpt_1
2/2 - 1s - loss: 0.0425 - mse: 0.0425 - mae: 0.1550 - val_loss: 0.0440 - val_mse: 0.0440 - val_mae: 0.1545 - 1s/epoch - 580ms/step
Epoch 29/10000

Epoch 29: val_loss improved from 0.04403 to 0.04392, saving model to ./results/NN_thk_regr/ResNet/recursion_39/ckpt_1
2/2 - 1s - loss: 0.0422 - mse: 0.0422 - mae: 0.1549 - val_loss: 0.0439 - val_mse: 0.0439 - val_mae: 0.1520 - 1s/epoch - 612ms/step
Epoch 30/10000

Epoch 30: val_loss improved from 0.04392 to 0.04343, saving model to ./results/NN_thk_regr/ResNet/recursion_39/ckpt_1
2/2 - 1s - loss: 0.0420 - mse: 0.0420 - mae: 0.1530 - val_loss: 0.0434 - val_mse: 0.0434 - val_mae: 0.1522 - 1s/epoch - 579ms/step
Epoch 31/10000

Epoch 31: val_loss improved from 0.04343 to 0.04284, saving model to ./results/NN_thk_regr/ResNet/recursion_39/ckpt_1
2/2 - 1s - loss: 0.0418 - mse: 0.0418 - mae: 0.1532 - val_loss: 0.0428 - val_mse: 0.0428 - val_mae: 0.1537 - 1s/epoch - 612ms/step
Epoch 32/10000

Epoch 32: val_loss improved from 0.04284 to 0.04251, saving model to ./results/NN_thk_regr/ResNet/recursion_39/ckpt_1
2/2 - 1s - loss: 0.0416 - mse: 0.0416 - mae: 0.1545 - val_loss: 0.0425 - val_mse: 0.0425 - val_mae: 0.1515 - 1s/epoch - 614ms/step
Epoch 33/10000

Epoch 33: val_loss improved from 0.04251 to 0.04207, saving model to ./results/NN_thk_regr/ResNet/recursion_39/ckpt_1
2/2 - 1s - loss: 0.0413 - mse: 0.0413 - mae: 0.1527 - val_loss: 0.0421 - val_mse: 0.0421 - val_mae: 0.1508 - 1s/epoch - 618ms/step
Epoch 34/10000

Epoch 34: val_loss improved from 0.04207 to 0.04139, saving model to ./results/NN_thk_regr/ResNet/recursion_39/ckpt_1
2/2 - 1s - loss: 0.0411 - mse: 0.0411 - mae: 0.1523 - val_loss: 0.0414 - val_mse: 0.0414 - val_mae: 0.1518 - 1s/epoch - 580ms/step
Epoch 35/10000

Epoch 35: val_loss improved from 0.04139 to 0.04108, saving model to ./results/NN_thk_regr/ResNet/recursion_39/ckpt_1
2/2 - 1s - loss: 0.0408 - mse: 0.0408 - mae: 0.1527 - val_loss: 0.0411 - val_mse: 0.0411 - val_mae: 0.1501 - 1s/epoch - 612ms/step
Epoch 36/10000

Epoch 36: val_loss improved from 0.04108 to 0.04074, saving model to ./results/NN_thk_regr/ResNet/recursion_39/ckpt_1
2/2 - 1s - loss: 0.0407 - mse: 0.0407 - mae: 0.1520 - val_loss: 0.0407 - val_mse: 0.0407 - val_mae: 0.1495 - 1s/epoch - 615ms/step
Epoch 37/10000

Epoch 37: val_loss improved from 0.04074 to 0.04041, saving model to ./results/NN_thk_regr/ResNet/recursion_39/ckpt_1
2/2 - 1s - loss: 0.0407 - mse: 0.0407 - mae: 0.1507 - val_loss: 0.0404 - val_mse: 0.0404 - val_mae: 0.1536 - 1s/epoch - 580ms/step
Epoch 38/10000

Epoch 38: val_loss improved from 0.04041 to 0.04035, saving model to ./results/NN_thk_regr/ResNet/recursion_39/ckpt_1
2/2 - 1s - loss: 0.0408 - mse: 0.0408 - mae: 0.1539 - val_loss: 0.0403 - val_mse: 0.0403 - val_mae: 0.1484 - 1s/epoch - 608ms/step
Epoch 39/10000

Epoch 39: val_loss improved from 0.04035 to 0.03999, saving model to ./results/NN_thk_regr/ResNet/recursion_39/ckpt_1
2/2 - 1s - loss: 0.0404 - mse: 0.0404 - mae: 0.1506 - val_loss: 0.0400 - val_mse: 0.0400 - val_mae: 0.1498 - 1s/epoch - 612ms/step
Epoch 40/10000

Epoch 40: val_loss improved from 0.03999 to 0.03991, saving model to ./results/NN_thk_regr/ResNet/recursion_39/ckpt_1
2/2 - 1s - loss: 0.0403 - mse: 0.0403 - mae: 0.1514 - val_loss: 0.0399 - val_mse: 0.0399 - val_mae: 0.1495 - 1s/epoch - 579ms/step
Epoch 41/10000

Epoch 41: val_loss did not improve from 0.03991
2/2 - 0s - loss: 0.0406 - mse: 0.0406 - mae: 0.1535 - val_loss: 0.0406 - val_mse: 0.0406 - val_mae: 0.1469 - 325ms/epoch - 162ms/step
Epoch 42/10000

Epoch 42: val_loss improved from 0.03991 to 0.03985, saving model to ./results/NN_thk_regr/ResNet/recursion_39/ckpt_1
2/2 - 1s - loss: 0.0407 - mse: 0.0407 - mae: 0.1485 - val_loss: 0.0398 - val_mse: 0.0398 - val_mae: 0.1482 - 1s/epoch - 605ms/step
Epoch 43/10000

Epoch 43: val_loss did not improve from 0.03985
2/2 - 0s - loss: 0.0401 - mse: 0.0401 - mae: 0.1521 - val_loss: 0.0399 - val_mse: 0.0399 - val_mae: 0.1522 - 335ms/epoch - 167ms/step
Epoch 44/10000

Epoch 44: val_loss did not improve from 0.03985
2/2 - 0s - loss: 0.0403 - mse: 0.0403 - mae: 0.1524 - val_loss: 0.0404 - val_mse: 0.0404 - val_mae: 0.1465 - 325ms/epoch - 162ms/step
Epoch 45/10000

Epoch 45: val_loss improved from 0.03985 to 0.03969, saving model to ./results/NN_thk_regr/ResNet/recursion_39/ckpt_1
2/2 - 1s - loss: 0.0399 - mse: 0.0399 - mae: 0.1484 - val_loss: 0.0397 - val_mse: 0.0397 - val_mae: 0.1520 - 1s/epoch - 606ms/step
Epoch 46/10000

Epoch 46: val_loss did not improve from 0.03969
2/2 - 0s - loss: 0.0400 - mse: 0.0400 - mae: 0.1533 - val_loss: 0.0400 - val_mse: 0.0400 - val_mae: 0.1461 - 338ms/epoch - 169ms/step
Epoch 47/10000

Epoch 47: val_loss improved from 0.03969 to 0.03922, saving model to ./results/NN_thk_regr/ResNet/recursion_39/ckpt_1
2/2 - 1s - loss: 0.0399 - mse: 0.0399 - mae: 0.1474 - val_loss: 0.0392 - val_mse: 0.0392 - val_mae: 0.1480 - 1s/epoch - 610ms/step
Epoch 48/10000

Epoch 48: val_loss improved from 0.03922 to 0.03909, saving model to ./results/NN_thk_regr/ResNet/recursion_39/ckpt_1
2/2 - 1s - loss: 0.0396 - mse: 0.0396 - mae: 0.1513 - val_loss: 0.0391 - val_mse: 0.0391 - val_mae: 0.1473 - 1s/epoch - 619ms/step
Epoch 49/10000

Epoch 49: val_loss improved from 0.03909 to 0.03903, saving model to ./results/NN_thk_regr/ResNet/recursion_39/ckpt_1
2/2 - 1s - loss: 0.0397 - mse: 0.0397 - mae: 0.1486 - val_loss: 0.0390 - val_mse: 0.0390 - val_mae: 0.1462 - 1s/epoch - 579ms/step
Epoch 50/10000

Epoch 50: val_loss improved from 0.03903 to 0.03879, saving model to ./results/NN_thk_regr/ResNet/recursion_39/ckpt_1
2/2 - 1s - loss: 0.0395 - mse: 0.0395 - mae: 0.1503 - val_loss: 0.0388 - val_mse: 0.0388 - val_mae: 0.1471 - 1s/epoch - 617ms/step
Epoch 51/10000

Epoch 51: val_loss improved from 0.03879 to 0.03876, saving model to ./results/NN_thk_regr/ResNet/recursion_39/ckpt_1
2/2 - 1s - loss: 0.0397 - mse: 0.0397 - mae: 0.1486 - val_loss: 0.0388 - val_mse: 0.0388 - val_mae: 0.1457 - 1s/epoch - 577ms/step
Epoch 52/10000

Epoch 52: val_loss improved from 0.03876 to 0.03856, saving model to ./results/NN_thk_regr/ResNet/recursion_39/ckpt_1
2/2 - 1s - loss: 0.0396 - mse: 0.0396 - mae: 0.1509 - val_loss: 0.0386 - val_mse: 0.0386 - val_mae: 0.1460 - 1s/epoch - 609ms/step
Epoch 53/10000

Epoch 53: val_loss did not improve from 0.03856
2/2 - 0s - loss: 0.0388 - mse: 0.0388 - mae: 0.1469 - val_loss: 0.0393 - val_mse: 0.0393 - val_mae: 0.1446 - 331ms/epoch - 165ms/step
Epoch 54/10000

Epoch 54: val_loss improved from 0.03856 to 0.03854, saving model to ./results/NN_thk_regr/ResNet/recursion_39/ckpt_1
2/2 - 1s - loss: 0.0391 - mse: 0.0391 - mae: 0.1472 - val_loss: 0.0385 - val_mse: 0.0385 - val_mae: 0.1493 - 1s/epoch - 612ms/step
Epoch 55/10000

Epoch 55: val_loss did not improve from 0.03854
2/2 - 0s - loss: 0.0392 - mse: 0.0392 - mae: 0.1496 - val_loss: 0.0386 - val_mse: 0.0386 - val_mae: 0.1442 - 333ms/epoch - 166ms/step
Epoch 56/10000

Epoch 56: val_loss improved from 0.03854 to 0.03809, saving model to ./results/NN_thk_regr/ResNet/recursion_39/ckpt_1
2/2 - 1s - loss: 0.0389 - mse: 0.0389 - mae: 0.1474 - val_loss: 0.0381 - val_mse: 0.0381 - val_mae: 0.1453 - 1s/epoch - 618ms/step
Epoch 57/10000

Epoch 57: val_loss did not improve from 0.03809
2/2 - 0s - loss: 0.0385 - mse: 0.0385 - mae: 0.1470 - val_loss: 0.0388 - val_mse: 0.0388 - val_mae: 0.1439 - 329ms/epoch - 164ms/step
Epoch 58/10000

Epoch 58: val_loss improved from 0.03809 to 0.03808, saving model to ./results/NN_thk_regr/ResNet/recursion_39/ckpt_1
2/2 - 1s - loss: 0.0386 - mse: 0.0386 - mae: 0.1455 - val_loss: 0.0381 - val_mse: 0.0381 - val_mae: 0.1481 - 1s/epoch - 578ms/step
Epoch 59/10000

Epoch 59: val_loss improved from 0.03808 to 0.03773, saving model to ./results/NN_thk_regr/ResNet/recursion_39/ckpt_1
2/2 - 1s - loss: 0.0390 - mse: 0.0390 - mae: 0.1490 - val_loss: 0.0377 - val_mse: 0.0377 - val_mae: 0.1444 - 1s/epoch - 612ms/step
Epoch 60/10000

Epoch 60: val_loss did not improve from 0.03773
2/2 - 0s - loss: 0.0384 - mse: 0.0384 - mae: 0.1475 - val_loss: 0.0380 - val_mse: 0.0380 - val_mae: 0.1433 - 329ms/epoch - 165ms/step
Epoch 61/10000

Epoch 61: val_loss did not improve from 0.03773
2/2 - 0s - loss: 0.0386 - mse: 0.0386 - mae: 0.1454 - val_loss: 0.0380 - val_mse: 0.0380 - val_mae: 0.1488 - 325ms/epoch - 163ms/step
Epoch 62/10000

Epoch 62: val_loss did not improve from 0.03773
2/2 - 0s - loss: 0.0387 - mse: 0.0387 - mae: 0.1497 - val_loss: 0.0380 - val_mse: 0.0380 - val_mae: 0.1431 - 328ms/epoch - 164ms/step
Epoch 63/10000

Epoch 63: val_loss improved from 0.03773 to 0.03757, saving model to ./results/NN_thk_regr/ResNet/recursion_39/ckpt_1
2/2 - 1s - loss: 0.0381 - mse: 0.0381 - mae: 0.1447 - val_loss: 0.0376 - val_mse: 0.0376 - val_mae: 0.1469 - 1s/epoch - 614ms/step
Epoch 64/10000

Epoch 64: val_loss improved from 0.03757 to 0.03730, saving model to ./results/NN_thk_regr/ResNet/recursion_39/ckpt_1
2/2 - 1s - loss: 0.0384 - mse: 0.0384 - mae: 0.1478 - val_loss: 0.0373 - val_mse: 0.0373 - val_mae: 0.1432 - 1s/epoch - 579ms/step
Epoch 65/10000

Epoch 65: val_loss did not improve from 0.03730
2/2 - 0s - loss: 0.0380 - mse: 0.0380 - mae: 0.1464 - val_loss: 0.0377 - val_mse: 0.0377 - val_mae: 0.1428 - 330ms/epoch - 165ms/step
Epoch 66/10000

Epoch 66: val_loss improved from 0.03730 to 0.03712, saving model to ./results/NN_thk_regr/ResNet/recursion_39/ckpt_1
2/2 - 1s - loss: 0.0380 - mse: 0.0380 - mae: 0.1447 - val_loss: 0.0371 - val_mse: 0.0371 - val_mae: 0.1429 - 1s/epoch - 609ms/step
Epoch 67/10000

Epoch 67: val_loss improved from 0.03712 to 0.03708, saving model to ./results/NN_thk_regr/ResNet/recursion_39/ckpt_1
2/2 - 1s - loss: 0.0377 - mse: 0.0377 - mae: 0.1451 - val_loss: 0.0371 - val_mse: 0.0371 - val_mae: 0.1428 - 1s/epoch - 613ms/step
Epoch 68/10000

Epoch 68: val_loss did not improve from 0.03708
2/2 - 0s - loss: 0.0376 - mse: 0.0376 - mae: 0.1449 - val_loss: 0.0372 - val_mse: 0.0372 - val_mae: 0.1425 - 328ms/epoch - 164ms/step
Epoch 69/10000

Epoch 69: val_loss improved from 0.03708 to 0.03687, saving model to ./results/NN_thk_regr/ResNet/recursion_39/ckpt_1
2/2 - 1s - loss: 0.0376 - mse: 0.0376 - mae: 0.1446 - val_loss: 0.0369 - val_mse: 0.0369 - val_mae: 0.1428 - 1s/epoch - 581ms/step
Epoch 70/10000

Epoch 70: val_loss did not improve from 0.03687
2/2 - 0s - loss: 0.0375 - mse: 0.0375 - mae: 0.1446 - val_loss: 0.0369 - val_mse: 0.0369 - val_mae: 0.1425 - 331ms/epoch - 166ms/step
Epoch 71/10000

Epoch 71: val_loss improved from 0.03687 to 0.03674, saving model to ./results/NN_thk_regr/ResNet/recursion_39/ckpt_1
2/2 - 1s - loss: 0.0374 - mse: 0.0374 - mae: 0.1444 - val_loss: 0.0367 - val_mse: 0.0367 - val_mae: 0.1433 - 1s/epoch - 604ms/step
Epoch 72/10000

Epoch 72: val_loss improved from 0.03674 to 0.03671, saving model to ./results/NN_thk_regr/ResNet/recursion_39/ckpt_1
2/2 - 1s - loss: 0.0375 - mse: 0.0375 - mae: 0.1449 - val_loss: 0.0367 - val_mse: 0.0367 - val_mae: 0.1429 - 1s/epoch - 607ms/step
Epoch 73/10000

Epoch 73: val_loss did not improve from 0.03671
2/2 - 0s - loss: 0.0373 - mse: 0.0373 - mae: 0.1447 - val_loss: 0.0369 - val_mse: 0.0369 - val_mae: 0.1422 - 328ms/epoch - 164ms/step
Epoch 74/10000

Epoch 74: val_loss did not improve from 0.03671
2/2 - 0s - loss: 0.0374 - mse: 0.0374 - mae: 0.1437 - val_loss: 0.0383 - val_mse: 0.0383 - val_mae: 0.1506 - 325ms/epoch - 163ms/step
Epoch 75/10000

Epoch 75: val_loss did not improve from 0.03671
2/2 - 0s - loss: 0.0389 - mse: 0.0389 - mae: 0.1482 - val_loss: 0.0375 - val_mse: 0.0375 - val_mae: 0.1423 - 326ms/epoch - 163ms/step
Epoch 76/10000

Epoch 76: val_loss did not improve from 0.03671
2/2 - 0s - loss: 0.0380 - mse: 0.0380 - mae: 0.1464 - val_loss: 0.0368 - val_mse: 0.0368 - val_mae: 0.1421 - 328ms/epoch - 164ms/step
Epoch 77/10000

Epoch 77: val_loss improved from 0.03671 to 0.03667, saving model to ./results/NN_thk_regr/ResNet/recursion_39/ckpt_1
2/2 - 1s - loss: 0.0374 - mse: 0.0374 - mae: 0.1435 - val_loss: 0.0367 - val_mse: 0.0367 - val_mae: 0.1424 - 1s/epoch - 611ms/step
Epoch 78/10000

Epoch 78: val_loss did not improve from 0.03667
2/2 - 0s - loss: 0.0373 - mse: 0.0373 - mae: 0.1454 - val_loss: 0.0369 - val_mse: 0.0369 - val_mae: 0.1417 - 326ms/epoch - 163ms/step
Epoch 79/10000

Epoch 79: val_loss improved from 0.03667 to 0.03663, saving model to ./results/NN_thk_regr/ResNet/recursion_39/ckpt_1
2/2 - 1s - loss: 0.0372 - mse: 0.0372 - mae: 0.1433 - val_loss: 0.0366 - val_mse: 0.0366 - val_mae: 0.1419 - 1s/epoch - 618ms/step
Epoch 80/10000

Epoch 80: val_loss did not improve from 0.03663
2/2 - 0s - loss: 0.0373 - mse: 0.0373 - mae: 0.1449 - val_loss: 0.0375 - val_mse: 0.0375 - val_mae: 0.1420 - 328ms/epoch - 164ms/step
Epoch 81/10000

Epoch 81: val_loss did not improve from 0.03663
2/2 - 0s - loss: 0.0374 - mse: 0.0374 - mae: 0.1435 - val_loss: 0.0368 - val_mse: 0.0368 - val_mae: 0.1447 - 325ms/epoch - 163ms/step
Epoch 82/10000

Epoch 82: val_loss did not improve from 0.03663
2/2 - 0s - loss: 0.0374 - mse: 0.0374 - mae: 0.1454 - val_loss: 0.0367 - val_mse: 0.0367 - val_mae: 0.1414 - 325ms/epoch - 163ms/step
Epoch 83/10000

Epoch 83: val_loss did not improve from 0.03663
2/2 - 0s - loss: 0.0373 - mse: 0.0373 - mae: 0.1445 - val_loss: 0.0369 - val_mse: 0.0369 - val_mae: 0.1413 - 330ms/epoch - 165ms/step
Epoch 84/10000

Epoch 84: val_loss improved from 0.03663 to 0.03638, saving model to ./results/NN_thk_regr/ResNet/recursion_39/ckpt_1
2/2 - 1s - loss: 0.0371 - mse: 0.0371 - mae: 0.1432 - val_loss: 0.0364 - val_mse: 0.0364 - val_mae: 0.1414 - 1s/epoch - 575ms/step
Epoch 85/10000

Epoch 85: val_loss did not improve from 0.03638
2/2 - 0s - loss: 0.0370 - mse: 0.0370 - mae: 0.1437 - val_loss: 0.0374 - val_mse: 0.0374 - val_mae: 0.1417 - 330ms/epoch - 165ms/step
Epoch 86/10000

Epoch 86: val_loss improved from 0.03638 to 0.03627, saving model to ./results/NN_thk_regr/ResNet/recursion_39/ckpt_1
2/2 - 1s - loss: 0.0373 - mse: 0.0373 - mae: 0.1435 - val_loss: 0.0363 - val_mse: 0.0363 - val_mae: 0.1424 - 1s/epoch - 617ms/step
Epoch 87/10000

Epoch 87: val_loss did not improve from 0.03627
2/2 - 0s - loss: 0.0368 - mse: 0.0368 - mae: 0.1433 - val_loss: 0.0364 - val_mse: 0.0364 - val_mae: 0.1411 - 329ms/epoch - 164ms/step
Epoch 88/10000

Epoch 88: val_loss improved from 0.03627 to 0.03617, saving model to ./results/NN_thk_regr/ResNet/recursion_39/ckpt_1
2/2 - 1s - loss: 0.0367 - mse: 0.0367 - mae: 0.1431 - val_loss: 0.0362 - val_mse: 0.0362 - val_mae: 0.1414 - 1s/epoch - 579ms/step
Epoch 89/10000

Epoch 89: val_loss did not improve from 0.03617
2/2 - 0s - loss: 0.0374 - mse: 0.0374 - mae: 0.1436 - val_loss: 0.0381 - val_mse: 0.0381 - val_mae: 0.1504 - 331ms/epoch - 165ms/step
Epoch 90/10000

Epoch 90: val_loss did not improve from 0.03617
2/2 - 0s - loss: 0.0388 - mse: 0.0388 - mae: 0.1489 - val_loss: 0.0369 - val_mse: 0.0369 - val_mae: 0.1409 - 333ms/epoch - 167ms/step
Epoch 91/10000

Epoch 91: val_loss did not improve from 0.03617
2/2 - 0s - loss: 0.0381 - mse: 0.0381 - mae: 0.1469 - val_loss: 0.0374 - val_mse: 0.0374 - val_mae: 0.1413 - 327ms/epoch - 163ms/step
Epoch 92/10000

Epoch 92: val_loss did not improve from 0.03617
2/2 - 0s - loss: 0.0381 - mse: 0.0381 - mae: 0.1440 - val_loss: 0.0376 - val_mse: 0.0376 - val_mae: 0.1488 - 326ms/epoch - 163ms/step
Epoch 93/10000

Epoch 93: val_loss did not improve from 0.03617
2/2 - 0s - loss: 0.0380 - mse: 0.0380 - mae: 0.1485 - val_loss: 0.0374 - val_mse: 0.0374 - val_mae: 0.1412 - 328ms/epoch - 164ms/step
Epoch 94/10000

Epoch 94: val_loss did not improve from 0.03617
2/2 - 0s - loss: 0.0373 - mse: 0.0373 - mae: 0.1428 - val_loss: 0.0372 - val_mse: 0.0372 - val_mae: 0.1471 - 326ms/epoch - 163ms/step
Epoch 95/10000

Epoch 95: val_loss did not improve from 0.03617
2/2 - 0s - loss: 0.0374 - mse: 0.0374 - mae: 0.1465 - val_loss: 0.0377 - val_mse: 0.0377 - val_mae: 0.1419 - 326ms/epoch - 163ms/step
Epoch 96/10000

Epoch 96: val_loss did not improve from 0.03617
2/2 - 0s - loss: 0.0376 - mse: 0.0376 - mae: 0.1442 - val_loss: 0.0362 - val_mse: 0.0362 - val_mae: 0.1418 - 329ms/epoch - 165ms/step
Epoch 97/10000

Epoch 97: val_loss did not improve from 0.03617
2/2 - 0s - loss: 0.0368 - mse: 0.0368 - mae: 0.1433 - val_loss: 0.0362 - val_mse: 0.0362 - val_mae: 0.1424 - 325ms/epoch - 163ms/step
Epoch 98/10000

Epoch 98: val_loss did not improve from 0.03617
2/2 - 0s - loss: 0.0370 - mse: 0.0370 - mae: 0.1447 - val_loss: 0.0388 - val_mse: 0.0388 - val_mae: 0.1441 - 327ms/epoch - 164ms/step
Epoch 99/10000

Epoch 99: val_loss improved from 0.03617 to 0.03615, saving model to ./results/NN_thk_regr/ResNet/recursion_39/ckpt_1
2/2 - 1s - loss: 0.0382 - mse: 0.0382 - mae: 0.1447 - val_loss: 0.0362 - val_mse: 0.0362 - val_mae: 0.1419 - 1s/epoch - 604ms/step
Epoch 100/10000

Epoch 100: val_loss improved from 0.03615 to 0.03612, saving model to ./results/NN_thk_regr/ResNet/recursion_39/ckpt_1
2/2 - 1s - loss: 0.0367 - mse: 0.0367 - mae: 0.1430 - val_loss: 0.0361 - val_mse: 0.0361 - val_mae: 0.1414 - 1s/epoch - 611ms/step
Epoch 101/10000

Epoch 101: val_loss did not improve from 0.03612
2/2 - 0s - loss: 0.0365 - mse: 0.0365 - mae: 0.1428 - val_loss: 0.0362 - val_mse: 0.0362 - val_mae: 0.1433 - 332ms/epoch - 166ms/step
Epoch 102/10000

Epoch 102: val_loss did not improve from 0.03612
2/2 - 0s - loss: 0.0367 - mse: 0.0367 - mae: 0.1434 - val_loss: 0.0364 - val_mse: 0.0364 - val_mae: 0.1407 - 320ms/epoch - 160ms/step
Epoch 103/10000

Epoch 103: val_loss did not improve from 0.03612
2/2 - 0s - loss: 0.0369 - mse: 0.0369 - mae: 0.1437 - val_loss: 0.0368 - val_mse: 0.0368 - val_mae: 0.1412 - 323ms/epoch - 161ms/step
Epoch 104/10000

Epoch 104: val_loss did not improve from 0.03612
2/2 - 0s - loss: 0.0367 - mse: 0.0367 - mae: 0.1424 - val_loss: 0.0375 - val_mse: 0.0375 - val_mae: 0.1483 - 333ms/epoch - 166ms/step
Epoch 105/10000

Epoch 105: val_loss did not improve from 0.03612
2/2 - 0s - loss: 0.0373 - mse: 0.0373 - mae: 0.1459 - val_loss: 0.0386 - val_mse: 0.0386 - val_mae: 0.1439 - 328ms/epoch - 164ms/step
Epoch 106/10000

Epoch 106: val_loss improved from 0.03612 to 0.03603, saving model to ./results/NN_thk_regr/ResNet/recursion_39/ckpt_1
2/2 - 1s - loss: 0.0379 - mse: 0.0379 - mae: 0.1454 - val_loss: 0.0360 - val_mse: 0.0360 - val_mae: 0.1425 - 1s/epoch - 616ms/step
Epoch 107/10000

Epoch 107: val_loss did not improve from 0.03603
2/2 - 0s - loss: 0.0388 - mse: 0.0388 - mae: 0.1472 - val_loss: 0.0365 - val_mse: 0.0365 - val_mae: 0.1449 - 338ms/epoch - 169ms/step
Epoch 108/10000

Epoch 108: val_loss did not improve from 0.03603
2/2 - 0s - loss: 0.0374 - mse: 0.0374 - mae: 0.1469 - val_loss: 0.0384 - val_mse: 0.0384 - val_mae: 0.1425 - 324ms/epoch - 162ms/step
Epoch 109/10000

Epoch 109: val_loss did not improve from 0.03603
2/2 - 0s - loss: 0.0377 - mse: 0.0377 - mae: 0.1437 - val_loss: 0.0363 - val_mse: 0.0363 - val_mae: 0.1436 - 330ms/epoch - 165ms/step
Epoch 110/10000

Epoch 110: val_loss did not improve from 0.03603
2/2 - 0s - loss: 0.0367 - mse: 0.0367 - mae: 0.1439 - val_loss: 0.0363 - val_mse: 0.0363 - val_mae: 0.1401 - 328ms/epoch - 164ms/step
Epoch 111/10000

Epoch 111: val_loss did not improve from 0.03603
2/2 - 0s - loss: 0.0370 - mse: 0.0370 - mae: 0.1439 - val_loss: 0.0371 - val_mse: 0.0371 - val_mae: 0.1409 - 333ms/epoch - 166ms/step
Epoch 112/10000

Epoch 112: val_loss did not improve from 0.03603
2/2 - 0s - loss: 0.0368 - mse: 0.0368 - mae: 0.1419 - val_loss: 0.0366 - val_mse: 0.0366 - val_mae: 0.1449 - 324ms/epoch - 162ms/step
Epoch 113/10000

Epoch 113: val_loss did not improve from 0.03603
2/2 - 0s - loss: 0.0371 - mse: 0.0371 - mae: 0.1445 - val_loss: 0.0363 - val_mse: 0.0363 - val_mae: 0.1403 - 329ms/epoch - 165ms/step
Epoch 114/10000

Epoch 114: val_loss improved from 0.03603 to 0.03595, saving model to ./results/NN_thk_regr/ResNet/recursion_39/ckpt_1
2/2 - 1s - loss: 0.0362 - mse: 0.0362 - mae: 0.1419 - val_loss: 0.0360 - val_mse: 0.0360 - val_mae: 0.1419 - 1s/epoch - 580ms/step
Epoch 115/10000

Epoch 115: val_loss did not improve from 0.03595
2/2 - 0s - loss: 0.0363 - mse: 0.0363 - mae: 0.1423 - val_loss: 0.0361 - val_mse: 0.0361 - val_mae: 0.1401 - 331ms/epoch - 166ms/step
Epoch 116/10000

Epoch 116: val_loss did not improve from 0.03595
2/2 - 0s - loss: 0.0361 - mse: 0.0361 - mae: 0.1416 - val_loss: 0.0364 - val_mse: 0.0364 - val_mae: 0.1444 - 330ms/epoch - 165ms/step
Epoch 117/10000

Epoch 117: val_loss did not improve from 0.03595
2/2 - 0s - loss: 0.0365 - mse: 0.0365 - mae: 0.1434 - val_loss: 0.0376 - val_mse: 0.0376 - val_mae: 0.1415 - 331ms/epoch - 165ms/step
Epoch 118/10000

Epoch 118: val_loss improved from 0.03595 to 0.03584, saving model to ./results/NN_thk_regr/ResNet/recursion_39/ckpt_1
2/2 - 1s - loss: 0.0374 - mse: 0.0374 - mae: 0.1446 - val_loss: 0.0358 - val_mse: 0.0358 - val_mae: 0.1404 - 1s/epoch - 610ms/step
Epoch 119/10000

Epoch 119: val_loss did not improve from 0.03584
2/2 - 0s - loss: 0.0365 - mse: 0.0365 - mae: 0.1420 - val_loss: 0.0360 - val_mse: 0.0360 - val_mae: 0.1425 - 330ms/epoch - 165ms/step
Epoch 120/10000

Epoch 120: val_loss did not improve from 0.03584
2/2 - 0s - loss: 0.0366 - mse: 0.0366 - mae: 0.1431 - val_loss: 0.0360 - val_mse: 0.0360 - val_mae: 0.1427 - 322ms/epoch - 161ms/step
Epoch 121/10000

Epoch 121: val_loss did not improve from 0.03584
2/2 - 0s - loss: 0.0363 - mse: 0.0363 - mae: 0.1427 - val_loss: 0.0361 - val_mse: 0.0361 - val_mae: 0.1398 - 326ms/epoch - 163ms/step
Epoch 122/10000

Epoch 122: val_loss improved from 0.03584 to 0.03576, saving model to ./results/NN_thk_regr/ResNet/recursion_39/ckpt_1
2/2 - 1s - loss: 0.0361 - mse: 0.0361 - mae: 0.1416 - val_loss: 0.0358 - val_mse: 0.0358 - val_mae: 0.1414 - 1s/epoch - 615ms/step
Epoch 123/10000

Epoch 123: val_loss improved from 0.03576 to 0.03569, saving model to ./results/NN_thk_regr/ResNet/recursion_39/ckpt_1
2/2 - 1s - loss: 0.0363 - mse: 0.0363 - mae: 0.1420 - val_loss: 0.0357 - val_mse: 0.0357 - val_mae: 0.1409 - 1s/epoch - 578ms/step
Epoch 124/10000

Epoch 124: val_loss did not improve from 0.03569
2/2 - 0s - loss: 0.0362 - mse: 0.0362 - mae: 0.1428 - val_loss: 0.0373 - val_mse: 0.0373 - val_mae: 0.1410 - 329ms/epoch - 165ms/step
Epoch 125/10000

Epoch 125: val_loss did not improve from 0.03569
2/2 - 0s - loss: 0.0368 - mse: 0.0368 - mae: 0.1428 - val_loss: 0.0357 - val_mse: 0.0357 - val_mae: 0.1414 - 329ms/epoch - 165ms/step
Epoch 126/10000

Epoch 126: val_loss did not improve from 0.03569
2/2 - 0s - loss: 0.0361 - mse: 0.0361 - mae: 0.1418 - val_loss: 0.0358 - val_mse: 0.0358 - val_mae: 0.1396 - 331ms/epoch - 166ms/step
Epoch 127/10000

Epoch 127: val_loss did not improve from 0.03569
2/2 - 0s - loss: 0.0362 - mse: 0.0362 - mae: 0.1423 - val_loss: 0.0362 - val_mse: 0.0362 - val_mae: 0.1397 - 325ms/epoch - 163ms/step
Epoch 128/10000

Epoch 128: val_loss did not improve from 0.03569
2/2 - 0s - loss: 0.0362 - mse: 0.0362 - mae: 0.1410 - val_loss: 0.0367 - val_mse: 0.0367 - val_mae: 0.1457 - 326ms/epoch - 163ms/step
Epoch 129/10000

Epoch 129: val_loss did not improve from 0.03569
2/2 - 0s - loss: 0.0370 - mse: 0.0370 - mae: 0.1448 - val_loss: 0.0360 - val_mse: 0.0360 - val_mae: 0.1396 - 331ms/epoch - 165ms/step
Epoch 130/10000

Epoch 130: val_loss did not improve from 0.03569
2/2 - 0s - loss: 0.0382 - mse: 0.0382 - mae: 0.1478 - val_loss: 0.0426 - val_mse: 0.0426 - val_mae: 0.1505 - 332ms/epoch - 166ms/step
Epoch 131/10000

Epoch 131: val_loss did not improve from 0.03569
2/2 - 0s - loss: 0.0406 - mse: 0.0406 - mae: 0.1483 - val_loss: 0.0404 - val_mse: 0.0404 - val_mae: 0.1589 - 326ms/epoch - 163ms/step
Epoch 132/10000

Epoch 132: val_loss did not improve from 0.03569
2/2 - 0s - loss: 0.0401 - mse: 0.0401 - mae: 0.1561 - val_loss: 0.0392 - val_mse: 0.0392 - val_mae: 0.1429 - 328ms/epoch - 164ms/step
Epoch 133/10000

Epoch 133: val_loss did not improve from 0.03569
2/2 - 0s - loss: 0.0387 - mse: 0.0387 - mae: 0.1441 - val_loss: 0.0371 - val_mse: 0.0371 - val_mae: 0.1434 - 326ms/epoch - 163ms/step
Epoch 134/10000

Epoch 134: val_loss did not improve from 0.03569
2/2 - 0s - loss: 0.0378 - mse: 0.0378 - mae: 0.1478 - val_loss: 0.0367 - val_mse: 0.0367 - val_mae: 0.1424 - 325ms/epoch - 163ms/step
Epoch 135/10000

Epoch 135: val_loss did not improve from 0.03569
2/2 - 0s - loss: 0.0371 - mse: 0.0371 - mae: 0.1438 - val_loss: 0.0366 - val_mse: 0.0366 - val_mae: 0.1399 - 375ms/epoch - 188ms/step
Epoch 136/10000

Epoch 136: val_loss did not improve from 0.03569
2/2 - 0s - loss: 0.0381 - mse: 0.0381 - mae: 0.1466 - val_loss: 0.0366 - val_mse: 0.0366 - val_mae: 0.1404 - 338ms/epoch - 169ms/step
Epoch 137/10000

Epoch 137: val_loss did not improve from 0.03569
2/2 - 0s - loss: 0.0366 - mse: 0.0366 - mae: 0.1420 - val_loss: 0.0359 - val_mse: 0.0359 - val_mae: 0.1409 - 331ms/epoch - 165ms/step
Epoch 138/10000

Epoch 138: val_loss did not improve from 0.03569
2/2 - 0s - loss: 0.0363 - mse: 0.0363 - mae: 0.1432 - val_loss: 0.0361 - val_mse: 0.0361 - val_mae: 0.1408 - 330ms/epoch - 165ms/step
Epoch 139/10000

Epoch 139: val_loss did not improve from 0.03569
2/2 - 0s - loss: 0.0364 - mse: 0.0364 - mae: 0.1425 - val_loss: 0.0361 - val_mse: 0.0361 - val_mae: 0.1433 - 332ms/epoch - 166ms/step
Epoch 140/10000

Epoch 140: val_loss did not improve from 0.03569
2/2 - 0s - loss: 0.0364 - mse: 0.0364 - mae: 0.1440 - val_loss: 0.0364 - val_mse: 0.0364 - val_mae: 0.1412 - 325ms/epoch - 162ms/step
Epoch 141/10000

Epoch 141: val_loss did not improve from 0.03569
2/2 - 0s - loss: 0.0364 - mse: 0.0364 - mae: 0.1425 - val_loss: 0.0359 - val_mse: 0.0359 - val_mae: 0.1412 - 329ms/epoch - 164ms/step
Epoch 142/10000

Epoch 142: val_loss did not improve from 0.03569
2/2 - 0s - loss: 0.0363 - mse: 0.0363 - mae: 0.1423 - val_loss: 0.0361 - val_mse: 0.0361 - val_mae: 0.1433 - 329ms/epoch - 165ms/step
Epoch 143/10000

Epoch 143: val_loss did not improve from 0.03569
2/2 - 0s - loss: 0.0364 - mse: 0.0364 - mae: 0.1437 - val_loss: 0.0361 - val_mse: 0.0361 - val_mae: 0.1407 - 324ms/epoch - 162ms/step
Epoch 144/10000

Epoch 144: val_loss did not improve from 0.03569
2/2 - 0s - loss: 0.0361 - mse: 0.0361 - mae: 0.1420 - val_loss: 0.0358 - val_mse: 0.0358 - val_mae: 0.1418 - 329ms/epoch - 164ms/step
Epoch 145/10000

Epoch 145: val_loss did not improve from 0.03569
2/2 - 0s - loss: 0.0361 - mse: 0.0361 - mae: 0.1425 - val_loss: 0.0363 - val_mse: 0.0363 - val_mae: 0.1404 - 334ms/epoch - 167ms/step
Epoch 146/10000

Epoch 146: val_loss did not improve from 0.03569
2/2 - 0s - loss: 0.0361 - mse: 0.0361 - mae: 0.1415 - val_loss: 0.0360 - val_mse: 0.0360 - val_mae: 0.1428 - 331ms/epoch - 166ms/step
Epoch 147/10000

Epoch 147: val_loss did not improve from 0.03569
2/2 - 0s - loss: 0.0365 - mse: 0.0365 - mae: 0.1438 - val_loss: 0.0358 - val_mse: 0.0358 - val_mae: 0.1400 - 331ms/epoch - 165ms/step
Epoch 148/10000

Epoch 148: val_loss did not improve from 0.03569
2/2 - 0s - loss: 0.0359 - mse: 0.0359 - mae: 0.1417 - val_loss: 0.0357 - val_mse: 0.0357 - val_mae: 0.1412 - 331ms/epoch - 166ms/step
Epoch 149/10000

Epoch 149: val_loss improved from 0.03569 to 0.03566, saving model to ./results/NN_thk_regr/ResNet/recursion_39/ckpt_1
2/2 - 1s - loss: 0.0365 - mse: 0.0365 - mae: 0.1427 - val_loss: 0.0357 - val_mse: 0.0357 - val_mae: 0.1411 - 1s/epoch - 612ms/step
Epoch 150/10000

Epoch 150: val_loss did not improve from 0.03566
2/2 - 0s - loss: 0.0361 - mse: 0.0361 - mae: 0.1421 - val_loss: 0.0357 - val_mse: 0.0357 - val_mae: 0.1413 - 326ms/epoch - 163ms/step
Epoch 151/10000

Epoch 151: val_loss did not improve from 0.03566
2/2 - 0s - loss: 0.0360 - mse: 0.0360 - mae: 0.1421 - val_loss: 0.0357 - val_mse: 0.0357 - val_mae: 0.1399 - 327ms/epoch - 163ms/step
Epoch 152/10000

Epoch 152: val_loss improved from 0.03566 to 0.03561, saving model to ./results/NN_thk_regr/ResNet/recursion_39/ckpt_1
2/2 - 1s - loss: 0.0359 - mse: 0.0359 - mae: 0.1414 - val_loss: 0.0356 - val_mse: 0.0356 - val_mae: 0.1411 - 1s/epoch - 616ms/step
Epoch 153/10000

Epoch 153: val_loss did not improve from 0.03561
2/2 - 0s - loss: 0.0363 - mse: 0.0363 - mae: 0.1423 - val_loss: 0.0357 - val_mse: 0.0357 - val_mae: 0.1420 - 325ms/epoch - 163ms/step
Epoch 154/10000

Epoch 154: val_loss did not improve from 0.03561
2/2 - 0s - loss: 0.0362 - mse: 0.0362 - mae: 0.1432 - val_loss: 0.0382 - val_mse: 0.0382 - val_mae: 0.1429 - 331ms/epoch - 165ms/step
Epoch 155/10000

Epoch 155: val_loss improved from 0.03561 to 0.03561, saving model to ./results/NN_thk_regr/ResNet/recursion_39/ckpt_1
2/2 - 1s - loss: 0.0379 - mse: 0.0379 - mae: 0.1450 - val_loss: 0.0356 - val_mse: 0.0356 - val_mae: 0.1402 - 1s/epoch - 580ms/step
Epoch 156/10000

Epoch 156: val_loss did not improve from 0.03561
2/2 - 0s - loss: 0.0358 - mse: 0.0358 - mae: 0.1413 - val_loss: 0.0358 - val_mse: 0.0358 - val_mae: 0.1397 - 331ms/epoch - 166ms/step
Epoch 157/10000

Epoch 157: val_loss did not improve from 0.03561
2/2 - 0s - loss: 0.0358 - mse: 0.0358 - mae: 0.1410 - val_loss: 0.0366 - val_mse: 0.0366 - val_mae: 0.1455 - 326ms/epoch - 163ms/step
Epoch 158/10000

Epoch 158: val_loss did not improve from 0.03561
2/2 - 0s - loss: 0.0372 - mse: 0.0372 - mae: 0.1455 - val_loss: 0.0359 - val_mse: 0.0359 - val_mae: 0.1399 - 326ms/epoch - 163ms/step
Epoch 159/10000

Epoch 159: val_loss did not improve from 0.03561
2/2 - 0s - loss: 0.0362 - mse: 0.0362 - mae: 0.1429 - val_loss: 0.0358 - val_mse: 0.0358 - val_mae: 0.1400 - 347ms/epoch - 174ms/step
Epoch 160/10000

Epoch 160: val_loss did not improve from 0.03561
2/2 - 0s - loss: 0.0360 - mse: 0.0360 - mae: 0.1413 - val_loss: 0.0358 - val_mse: 0.0358 - val_mae: 0.1425 - 337ms/epoch - 168ms/step
Epoch 161/10000

Epoch 161: val_loss did not improve from 0.03561
2/2 - 0s - loss: 0.0361 - mse: 0.0361 - mae: 0.1430 - val_loss: 0.0373 - val_mse: 0.0373 - val_mae: 0.1416 - 325ms/epoch - 162ms/step
Epoch 162/10000

Epoch 162: val_loss did not improve from 0.03561
2/2 - 0s - loss: 0.0366 - mse: 0.0366 - mae: 0.1426 - val_loss: 0.0360 - val_mse: 0.0360 - val_mae: 0.1432 - 353ms/epoch - 177ms/step
Epoch 163/10000

Epoch 163: val_loss did not improve from 0.03561
2/2 - 0s - loss: 0.0366 - mse: 0.0366 - mae: 0.1430 - val_loss: 0.0356 - val_mse: 0.0356 - val_mae: 0.1396 - 326ms/epoch - 163ms/step
Epoch 164/10000

Epoch 164: val_loss did not improve from 0.03561
2/2 - 0s - loss: 0.0363 - mse: 0.0363 - mae: 0.1425 - val_loss: 0.0363 - val_mse: 0.0363 - val_mae: 0.1398 - 327ms/epoch - 164ms/step
Epoch 165/10000

Epoch 165: val_loss did not improve from 0.03561
2/2 - 0s - loss: 0.0362 - mse: 0.0362 - mae: 0.1411 - val_loss: 0.0364 - val_mse: 0.0364 - val_mae: 0.1447 - 329ms/epoch - 164ms/step
Epoch 166/10000

Epoch 166: val_loss did not improve from 0.03561
2/2 - 0s - loss: 0.0367 - mse: 0.0367 - mae: 0.1446 - val_loss: 0.0358 - val_mse: 0.0358 - val_mae: 0.1395 - 327ms/epoch - 163ms/step
Epoch 167/10000

Epoch 167: val_loss improved from 0.03561 to 0.03554, saving model to ./results/NN_thk_regr/ResNet/recursion_39/ckpt_1
2/2 - 1s - loss: 0.0358 - mse: 0.0358 - mae: 0.1413 - val_loss: 0.0355 - val_mse: 0.0355 - val_mae: 0.1408 - 1s/epoch - 610ms/step
Epoch 168/10000

Epoch 168: val_loss did not improve from 0.03554
2/2 - 0s - loss: 0.0357 - mse: 0.0357 - mae: 0.1411 - val_loss: 0.0361 - val_mse: 0.0361 - val_mae: 0.1396 - 329ms/epoch - 164ms/step
Epoch 169/10000

Epoch 169: val_loss improved from 0.03554 to 0.03549, saving model to ./results/NN_thk_regr/ResNet/recursion_39/ckpt_1
2/2 - 1s - loss: 0.0360 - mse: 0.0360 - mae: 0.1423 - val_loss: 0.0355 - val_mse: 0.0355 - val_mae: 0.1399 - 1s/epoch - 612ms/step
Epoch 170/10000

Epoch 170: val_loss did not improve from 0.03549
2/2 - 0s - loss: 0.0359 - mse: 0.0359 - mae: 0.1412 - val_loss: 0.0355 - val_mse: 0.0355 - val_mae: 0.1407 - 336ms/epoch - 168ms/step
Epoch 171/10000

Epoch 171: val_loss did not improve from 0.03549
2/2 - 0s - loss: 0.0358 - mse: 0.0358 - mae: 0.1417 - val_loss: 0.0355 - val_mse: 0.0355 - val_mae: 0.1397 - 331ms/epoch - 166ms/step
Epoch 172/10000

Epoch 172: val_loss did not improve from 0.03549
2/2 - 0s - loss: 0.0357 - mse: 0.0357 - mae: 0.1412 - val_loss: 0.0361 - val_mse: 0.0361 - val_mae: 0.1396 - 332ms/epoch - 166ms/step
Epoch 173/10000

Epoch 173: val_loss did not improve from 0.03549
2/2 - 0s - loss: 0.0358 - mse: 0.0358 - mae: 0.1410 - val_loss: 0.0357 - val_mse: 0.0357 - val_mae: 0.1418 - 331ms/epoch - 165ms/step
Epoch 174/10000

Epoch 174: val_loss did not improve from 0.03549
2/2 - 0s - loss: 0.0368 - mse: 0.0368 - mae: 0.1440 - val_loss: 0.0359 - val_mse: 0.0359 - val_mae: 0.1429 - 332ms/epoch - 166ms/step
Epoch 175/10000

Epoch 175: val_loss improved from 0.03549 to 0.03545, saving model to ./results/NN_thk_regr/ResNet/recursion_39/ckpt_1
2/2 - 1s - loss: 0.0363 - mse: 0.0363 - mae: 0.1432 - val_loss: 0.0354 - val_mse: 0.0354 - val_mae: 0.1397 - 1s/epoch - 576ms/step
Epoch 176/10000

Epoch 176: val_loss did not improve from 0.03545
2/2 - 0s - loss: 0.0356 - mse: 0.0356 - mae: 0.1408 - val_loss: 0.0356 - val_mse: 0.0356 - val_mae: 0.1413 - 327ms/epoch - 163ms/step
Epoch 177/10000

Epoch 177: val_loss did not improve from 0.03545
2/2 - 0s - loss: 0.0359 - mse: 0.0359 - mae: 0.1421 - val_loss: 0.0355 - val_mse: 0.0355 - val_mae: 0.1396 - 327ms/epoch - 163ms/step
Epoch 178/10000

Epoch 178: val_loss improved from 0.03545 to 0.03541, saving model to ./results/NN_thk_regr/ResNet/recursion_39/ckpt_1
2/2 - 1s - loss: 0.0355 - mse: 0.0355 - mae: 0.1409 - val_loss: 0.0354 - val_mse: 0.0354 - val_mae: 0.1400 - 1s/epoch - 610ms/step
Epoch 179/10000

Epoch 179: val_loss improved from 0.03541 to 0.03540, saving model to ./results/NN_thk_regr/ResNet/recursion_39/ckpt_1
2/2 - 1s - loss: 0.0356 - mse: 0.0356 - mae: 0.1408 - val_loss: 0.0354 - val_mse: 0.0354 - val_mae: 0.1401 - 1s/epoch - 607ms/step
Epoch 180/10000

Epoch 180: val_loss improved from 0.03540 to 0.03540, saving model to ./results/NN_thk_regr/ResNet/recursion_39/ckpt_1
2/2 - 1s - loss: 0.0356 - mse: 0.0356 - mae: 0.1412 - val_loss: 0.0354 - val_mse: 0.0354 - val_mae: 0.1402 - 1s/epoch - 612ms/step
Epoch 181/10000

Epoch 181: val_loss did not improve from 0.03540
2/2 - 0s - loss: 0.0356 - mse: 0.0356 - mae: 0.1410 - val_loss: 0.0355 - val_mse: 0.0355 - val_mae: 0.1394 - 328ms/epoch - 164ms/step
Epoch 182/10000

Epoch 182: val_loss did not improve from 0.03540
2/2 - 0s - loss: 0.0355 - mse: 0.0355 - mae: 0.1408 - val_loss: 0.0355 - val_mse: 0.0355 - val_mae: 0.1394 - 327ms/epoch - 163ms/step
Epoch 183/10000

Epoch 183: val_loss did not improve from 0.03540
2/2 - 0s - loss: 0.0355 - mse: 0.0355 - mae: 0.1406 - val_loss: 0.0357 - val_mse: 0.0357 - val_mae: 0.1420 - 323ms/epoch - 161ms/step
Epoch 184/10000

Epoch 184: val_loss did not improve from 0.03540
2/2 - 0s - loss: 0.0356 - mse: 0.0356 - mae: 0.1418 - val_loss: 0.0382 - val_mse: 0.0382 - val_mae: 0.1431 - 329ms/epoch - 165ms/step
Epoch 185/10000

Epoch 185: val_loss improved from 0.03540 to 0.03537, saving model to ./results/NN_thk_regr/ResNet/recursion_39/ckpt_1
2/2 - 1s - loss: 0.0373 - mse: 0.0373 - mae: 0.1449 - val_loss: 0.0354 - val_mse: 0.0354 - val_mae: 0.1397 - 1s/epoch - 615ms/step
Epoch 186/10000

Epoch 186: val_loss did not improve from 0.03537
2/2 - 0s - loss: 0.0361 - mse: 0.0361 - mae: 0.1416 - val_loss: 0.0359 - val_mse: 0.0359 - val_mae: 0.1427 - 327ms/epoch - 163ms/step
Epoch 187/10000

Epoch 187: val_loss did not improve from 0.03537
2/2 - 0s - loss: 0.0360 - mse: 0.0360 - mae: 0.1433 - val_loss: 0.0392 - val_mse: 0.0392 - val_mae: 0.1443 - 330ms/epoch - 165ms/step
Epoch 188/10000

Epoch 188: val_loss did not improve from 0.03537
2/2 - 0s - loss: 0.0373 - mse: 0.0373 - mae: 0.1431 - val_loss: 0.0440 - val_mse: 0.0440 - val_mae: 0.1672 - 333ms/epoch - 166ms/step
Epoch 189/10000

Epoch 189: val_loss did not improve from 0.03537
2/2 - 0s - loss: 0.0430 - mse: 0.0430 - mae: 0.1602 - val_loss: 0.0426 - val_mse: 0.0426 - val_mae: 0.1499 - 325ms/epoch - 163ms/step
Epoch 190/10000

Epoch 190: val_loss did not improve from 0.03537
2/2 - 0s - loss: 0.0395 - mse: 0.0395 - mae: 0.1476 - val_loss: 0.0425 - val_mse: 0.0425 - val_mae: 0.1652 - 326ms/epoch - 163ms/step
Epoch 191/10000

Epoch 191: val_loss did not improve from 0.03537
2/2 - 0s - loss: 0.0411 - mse: 0.0411 - mae: 0.1579 - val_loss: 0.0424 - val_mse: 0.0424 - val_mae: 0.1493 - 329ms/epoch - 164ms/step
Epoch 192/10000

Epoch 192: val_loss did not improve from 0.03537
2/2 - 0s - loss: 0.0400 - mse: 0.0400 - mae: 0.1469 - val_loss: 0.0392 - val_mse: 0.0392 - val_mae: 0.1543 - 327ms/epoch - 164ms/step
Epoch 193/10000

Epoch 193: val_loss did not improve from 0.03537
2/2 - 0s - loss: 0.0397 - mse: 0.0397 - mae: 0.1557 - val_loss: 0.0384 - val_mse: 0.0384 - val_mae: 0.1419 - 330ms/epoch - 165ms/step
Epoch 194/10000

Epoch 194: val_loss did not improve from 0.03537
2/2 - 0s - loss: 0.0385 - mse: 0.0385 - mae: 0.1442 - val_loss: 0.0369 - val_mse: 0.0369 - val_mae: 0.1415 - 331ms/epoch - 165ms/step
Epoch 195/10000

Epoch 195: val_loss did not improve from 0.03537
2/2 - 0s - loss: 0.0369 - mse: 0.0369 - mae: 0.1450 - val_loss: 0.0374 - val_mse: 0.0374 - val_mae: 0.1473 - 329ms/epoch - 165ms/step
Epoch 196/10000

Epoch 196: val_loss did not improve from 0.03537
2/2 - 0s - loss: 0.0375 - mse: 0.0375 - mae: 0.1462 - val_loss: 0.0382 - val_mse: 0.0382 - val_mae: 0.1417 - 324ms/epoch - 162ms/step
Epoch 197/10000

Epoch 197: val_loss did not improve from 0.03537
2/2 - 0s - loss: 0.0374 - mse: 0.0374 - mae: 0.1433 - val_loss: 0.0371 - val_mse: 0.0371 - val_mae: 0.1458 - 329ms/epoch - 165ms/step
Epoch 198/10000

Epoch 198: val_loss did not improve from 0.03537
2/2 - 0s - loss: 0.0373 - mse: 0.0373 - mae: 0.1456 - val_loss: 0.0370 - val_mse: 0.0370 - val_mae: 0.1403 - 327ms/epoch - 163ms/step
Epoch 199/10000

Epoch 199: val_loss did not improve from 0.03537
2/2 - 0s - loss: 0.0366 - mse: 0.0366 - mae: 0.1423 - val_loss: 0.0364 - val_mse: 0.0364 - val_mae: 0.1428 - 327ms/epoch - 163ms/step
Epoch 200/10000

Epoch 200: val_loss did not improve from 0.03537
2/2 - 0s - loss: 0.0364 - mse: 0.0364 - mae: 0.1436 - val_loss: 0.0379 - val_mse: 0.0379 - val_mae: 0.1414 - 324ms/epoch - 162ms/step
Epoch 201/10000

Epoch 201: val_loss did not improve from 0.03537
2/2 - 0s - loss: 0.0370 - mse: 0.0370 - mae: 0.1424 - val_loss: 0.0368 - val_mse: 0.0368 - val_mae: 0.1451 - 326ms/epoch - 163ms/step
Epoch 202/10000

Epoch 202: val_loss did not improve from 0.03537
2/2 - 0s - loss: 0.0368 - mse: 0.0368 - mae: 0.1452 - val_loss: 0.0376 - val_mse: 0.0376 - val_mae: 0.1412 - 329ms/epoch - 164ms/step
Epoch 203/10000

Epoch 203: val_loss did not improve from 0.03537
2/2 - 0s - loss: 0.0369 - mse: 0.0369 - mae: 0.1421 - val_loss: 0.0370 - val_mse: 0.0370 - val_mae: 0.1465 - 324ms/epoch - 162ms/step
Epoch 204/10000

Epoch 204: val_loss did not improve from 0.03537
2/2 - 0s - loss: 0.0371 - mse: 0.0371 - mae: 0.1464 - val_loss: 0.0379 - val_mse: 0.0379 - val_mae: 0.1418 - 328ms/epoch - 164ms/step
Epoch 205/10000

Epoch 205: val_loss did not improve from 0.03537
2/2 - 0s - loss: 0.0371 - mse: 0.0371 - mae: 0.1422 - val_loss: 0.0363 - val_mse: 0.0363 - val_mae: 0.1436 - 327ms/epoch - 164ms/step
Epoch 206/10000

Epoch 206: val_loss did not improve from 0.03537
2/2 - 0s - loss: 0.0364 - mse: 0.0364 - mae: 0.1441 - val_loss: 0.0370 - val_mse: 0.0370 - val_mae: 0.1403 - 324ms/epoch - 162ms/step
Epoch 207/10000

Epoch 207: val_loss did not improve from 0.03537
2/2 - 0s - loss: 0.0364 - mse: 0.0364 - mae: 0.1413 - val_loss: 0.0360 - val_mse: 0.0360 - val_mae: 0.1420 - 329ms/epoch - 164ms/step
Epoch 208/10000

Epoch 208: val_loss did not improve from 0.03537
2/2 - 0s - loss: 0.0361 - mse: 0.0361 - mae: 0.1426 - val_loss: 0.0366 - val_mse: 0.0366 - val_mae: 0.1400 - 325ms/epoch - 162ms/step
Epoch 209/10000

Epoch 209: val_loss did not improve from 0.03537
2/2 - 0s - loss: 0.0362 - mse: 0.0362 - mae: 0.1410 - val_loss: 0.0362 - val_mse: 0.0362 - val_mae: 0.1438 - 327ms/epoch - 163ms/step
Epoch 210/10000

Epoch 210: val_loss did not improve from 0.03537
2/2 - 0s - loss: 0.0363 - mse: 0.0363 - mae: 0.1437 - val_loss: 0.0377 - val_mse: 0.0377 - val_mae: 0.1417 - 332ms/epoch - 166ms/step
Epoch 211/10000

Epoch 211: val_loss did not improve from 0.03537
2/2 - 0s - loss: 0.0367 - mse: 0.0367 - mae: 0.1423 - val_loss: 0.0364 - val_mse: 0.0364 - val_mae: 0.1445 - 331ms/epoch - 166ms/step
Epoch 212/10000

Epoch 212: val_loss did not improve from 0.03537
2/2 - 0s - loss: 0.0362 - mse: 0.0362 - mae: 0.1438 - val_loss: 0.0379 - val_mse: 0.0379 - val_mae: 0.1421 - 328ms/epoch - 164ms/step
Epoch 213/10000

Epoch 213: val_loss did not improve from 0.03537
2/2 - 0s - loss: 0.0367 - mse: 0.0367 - mae: 0.1422 - val_loss: 0.0371 - val_mse: 0.0371 - val_mae: 0.1469 - 325ms/epoch - 162ms/step
Epoch 214/10000

Epoch 214: val_loss did not improve from 0.03537
2/2 - 0s - loss: 0.0371 - mse: 0.0371 - mae: 0.1450 - val_loss: 0.0365 - val_mse: 0.0365 - val_mae: 0.1397 - 328ms/epoch - 164ms/step
Epoch 215/10000

Epoch 215: val_loss did not improve from 0.03537
2/2 - 0s - loss: 0.0358 - mse: 0.0358 - mae: 0.1403 - val_loss: 0.0369 - val_mse: 0.0369 - val_mae: 0.1466 - 324ms/epoch - 162ms/step
Epoch 216/10000

Epoch 216: val_loss did not improve from 0.03537
2/2 - 0s - loss: 0.0364 - mse: 0.0364 - mae: 0.1447 - val_loss: 0.0397 - val_mse: 0.0397 - val_mae: 0.1454 - 326ms/epoch - 163ms/step
Epoch 217/10000

Epoch 217: val_loss did not improve from 0.03537
2/2 - 0s - loss: 0.0378 - mse: 0.0378 - mae: 0.1438 - val_loss: 0.0372 - val_mse: 0.0372 - val_mae: 0.1477 - 331ms/epoch - 165ms/step
Epoch 218/10000

Epoch 218: val_loss did not improve from 0.03537
2/2 - 0s - loss: 0.0370 - mse: 0.0370 - mae: 0.1453 - val_loss: 0.0373 - val_mse: 0.0373 - val_mae: 0.1408 - 331ms/epoch - 165ms/step
Epoch 219/10000

Epoch 219: val_loss did not improve from 0.03537
2/2 - 0s - loss: 0.0367 - mse: 0.0367 - mae: 0.1430 - val_loss: 0.0358 - val_mse: 0.0358 - val_mae: 0.1418 - 326ms/epoch - 163ms/step
Epoch 220/10000

Epoch 220: val_loss did not improve from 0.03537
2/2 - 0s - loss: 0.0358 - mse: 0.0358 - mae: 0.1412 - val_loss: 0.0363 - val_mse: 0.0363 - val_mae: 0.1395 - 320ms/epoch - 160ms/step
Epoch 221/10000

Epoch 221: val_loss did not improve from 0.03537
2/2 - 0s - loss: 0.0363 - mse: 0.0363 - mae: 0.1423 - val_loss: 0.0356 - val_mse: 0.0356 - val_mae: 0.1397 - 327ms/epoch - 163ms/step
Epoch 222/10000

Epoch 222: val_loss did not improve from 0.03537
2/2 - 0s - loss: 0.0359 - mse: 0.0359 - mae: 0.1409 - val_loss: 0.0356 - val_mse: 0.0356 - val_mae: 0.1406 - 328ms/epoch - 164ms/step
Epoch 223/10000

Epoch 223: val_loss did not improve from 0.03537
2/2 - 0s - loss: 0.0359 - mse: 0.0359 - mae: 0.1420 - val_loss: 0.0362 - val_mse: 0.0362 - val_mae: 0.1396 - 323ms/epoch - 162ms/step
Epoch 224/10000

Epoch 224: val_loss did not improve from 0.03537
2/2 - 0s - loss: 0.0361 - mse: 0.0361 - mae: 0.1407 - val_loss: 0.0366 - val_mse: 0.0366 - val_mae: 0.1453 - 328ms/epoch - 164ms/step
Epoch 225/10000

Epoch 225: val_loss did not improve from 0.03537
2/2 - 0s - loss: 0.0364 - mse: 0.0364 - mae: 0.1442 - val_loss: 0.0378 - val_mse: 0.0378 - val_mae: 0.1421 - 329ms/epoch - 164ms/step
Epoch 226/10000

Epoch 226: val_loss did not improve from 0.03537
2/2 - 0s - loss: 0.0365 - mse: 0.0365 - mae: 0.1417 - val_loss: 0.0367 - val_mse: 0.0367 - val_mae: 0.1455 - 327ms/epoch - 163ms/step
Epoch 227/10000

Epoch 227: val_loss did not improve from 0.03537
2/2 - 0s - loss: 0.0364 - mse: 0.0364 - mae: 0.1439 - val_loss: 0.0372 - val_mse: 0.0372 - val_mae: 0.1408 - 327ms/epoch - 163ms/step
Epoch 228/10000

Epoch 228: val_loss did not improve from 0.03537
2/2 - 0s - loss: 0.0365 - mse: 0.0365 - mae: 0.1427 - val_loss: 0.0357 - val_mse: 0.0357 - val_mae: 0.1416 - 334ms/epoch - 167ms/step
Epoch 229/10000

Epoch 229: val_loss did not improve from 0.03537
2/2 - 0s - loss: 0.0356 - mse: 0.0356 - mae: 0.1416 - val_loss: 0.0365 - val_mse: 0.0365 - val_mae: 0.1398 - 327ms/epoch - 163ms/step
Epoch 230/10000

Epoch 230: val_loss did not improve from 0.03537
2/2 - 0s - loss: 0.0356 - mse: 0.0356 - mae: 0.1401 - val_loss: 0.0368 - val_mse: 0.0368 - val_mae: 0.1459 - 333ms/epoch - 166ms/step
Epoch 231/10000

Epoch 231: val_loss did not improve from 0.03537
2/2 - 0s - loss: 0.0364 - mse: 0.0364 - mae: 0.1440 - val_loss: 0.0374 - val_mse: 0.0374 - val_mae: 0.1414 - 325ms/epoch - 162ms/step
Epoch 232/10000

Epoch 232: val_loss did not improve from 0.03537
2/2 - 0s - loss: 0.0379 - mse: 0.0379 - mae: 0.1457 - val_loss: 0.0359 - val_mse: 0.0359 - val_mae: 0.1393 - 329ms/epoch - 165ms/step
Epoch 233/10000

Epoch 233: val_loss did not improve from 0.03537
2/2 - 0s - loss: 0.0360 - mse: 0.0360 - mae: 0.1405 - val_loss: 0.0356 - val_mse: 0.0356 - val_mae: 0.1412 - 328ms/epoch - 164ms/step
Epoch 234/10000

Epoch 234: val_loss did not improve from 0.03537
2/2 - 0s - loss: 0.0357 - mse: 0.0357 - mae: 0.1418 - val_loss: 0.0358 - val_mse: 0.0358 - val_mae: 0.1392 - 336ms/epoch - 168ms/step
Epoch 235/10000

Epoch 235: val_loss did not improve from 0.03537
2/2 - 0s - loss: 0.0356 - mse: 0.0356 - mae: 0.1400 - val_loss: 0.0356 - val_mse: 0.0356 - val_mae: 0.1409 - 328ms/epoch - 164ms/step
Epoch 235: early stopping
