[0.772459 0.95864  1.14028  1.32192  1.50356  1.6852   1.86684  2.04848
 2.23012  2.41176  2.5934   2.77504  2.95668  3.13832  3.31996  3.5016
 3.68324  3.86488  4.04652  4.22816  4.4098   4.59144  4.77308  4.95472
 5.13636  5.318   ]
Before undersampling: [(0, 11), (1, 41), (2, 117), (3, 379), (4, 1164), (5, 3250), (6, 3633), (7, 2483), (8, 2349), (9, 2100), (10, 1892), (11, 1848), (12, 1641), (13, 1350), (14, 1181), (15, 900), (16, 782), (17, 646), (18, 511), (19, 434), (20, 358), (21, 314), (22, 290), (23, 233), (24, 198)]
After undersampling: [(0, 11), (1, 19), (2, 11), (3, 21), (4, 288), (5, 383), (6, 282), (7, 389), (8, 139), (9, 87), (10, 374), (11, 125), (12, 84), (13, 173), (14, 89), (15, 166), (16, 48), (17, 58), (18, 70), (19, 61), (20, 5), (21, 28), (22, 30), (23, 16), (24, 14)]
      label  HH_0_0_x  HV_0_0_x  IA_0_0_x       FYI      DFYI       MYI     rms_0     thk_1     rms_1     thk_2     rms_2     thk_3     rms_3  ...    3         4    5         6         7         8         9        10   11        12   13        14        15                                                CNN
0     0.858  0.184314  0.054902  0.108219  0.677054  0.244229  0.078717  4.574475  1.157741  4.598907  1.135613  4.568877  1.137049  4.555604  ...  0.0  0.976693  0.0  0.614157  0.580775  0.824165  0.316351  0.915441  0.0  0.687166  0.0  0.681156  0.467802  [[[[0.2274509803921568], [0.1081809698366651],...
1     0.922  0.219608  0.043137  0.095634  0.054778  0.917930  0.027292  4.928114  1.252795  4.933641  1.183038  4.945711  1.206833  4.951181  ...  0.0  1.014148  0.0  0.640144  0.557590  0.845430  0.301105  0.952926  0.0  0.730141  0.0  0.731394  0.484976  [[[[0.1215686274509803], [0.0955935010723039],...
2     0.934  0.192157  0.031373  0.097116  0.587126  0.332548  0.080326  4.575322  1.137139  4.539704  1.094642  4.548931  1.119177  4.518337  ...  0.0  1.141272  0.0  0.686991  0.657252  0.887173  0.262995  1.067364  0.0  0.828544  0.0  0.798359  0.574734  [[[[0.1215686274509803], [0.0971558065975413],...
3     0.895  0.188235  0.035294  0.097129  0.495887  0.419141  0.084972  4.582605  1.146608  4.565219  1.119833  4.570570  1.106200  4.542815  ...  0.0  1.152834  0.0  0.692828  0.669648  0.885035  0.259357  1.075103  0.0  0.840245  0.0  0.805713  0.586994  [[[[0.188235294117647], [0.0971691505581724], ...
4     0.944  0.325490  0.066667  0.096222  0.002803  0.962774  0.034423  5.199004  1.323369  5.165545  1.259931  5.168842  1.279109  5.193098  ...  0.0  0.968458  0.0  0.649656  0.502992  0.845221  0.351467  0.905719  0.0  0.705089  0.0  0.735994  0.453760  [[[[0.2745098039215686], [0.0962616415584788],...
...     ...       ...       ...       ...       ...       ...       ...       ...       ...       ...       ...       ...       ...       ...  ...  ...       ...  ...       ...       ...       ...       ...       ...  ...       ...  ...       ...       ...                                                ...
2966  5.247  0.333333  0.101961  0.144103  0.237813  0.133494  0.628693  4.761656  1.278548  4.862904  1.267917  4.868574  1.281367  4.840113  ...  0.0  0.897856  0.0  0.490693  0.574455  0.694096  0.214024  0.794748  0.0  0.643262  0.0  0.573970  0.493865  [[[[0.188235294117647], [0.1441346411611519], ...
2967  5.246  0.611765  0.133333  0.134944  0.042831  0.011956  0.945213  4.695298  1.285580  4.734277  1.314701  4.755651  1.297145  4.746867  ...  0.0  0.749912  0.0  0.551772  0.253315  0.656615  0.322237  0.665953  0.0  0.521543  0.0  0.600688  0.221597  [[[[0.4470588235294118], [0.1349778717639399],...
2968  5.170  0.258824  0.035294  0.090093  0.691879  0.287280  0.020842  4.489599  1.132821  4.543322  1.122601  4.510144  1.120885  4.459323  ...  0.0  1.101054  0.0  0.675508  0.654786  0.904350  0.322870  1.024127  0.0  0.800873  0.0  0.778182  0.571642  [[[[0.1803921568627451], [0.0901344000124463],...
2969  5.216  0.235294  0.082353  0.091293  0.560729  0.400106  0.039165  4.727834  1.198386  4.626872  1.151158  4.642757  1.142321  4.637962  ...  0.0  1.097452  0.0  0.672260  0.644223  0.887012  0.299478  1.018795  0.0  0.799208  0.0  0.775727  0.563576  [[[[0.1254901960784313], [0.0913350946762982],...
2970  5.301  0.196078  0.039216  0.093592  0.372730  0.572935  0.054335  4.804637  1.208760  4.683062  1.133709  4.698101  1.159502  4.721674  ...  0.0  1.100390  0.0  0.678829  0.628989  0.895114  0.287927  1.039107  0.0  0.800213  0.0  0.785572  0.553490  [[[[0.2470588235294117], [0.0936325148040173],...

[2971 rows x 128 columns]
Size of dataset: (2971, 127)
*************************** Fold #: 1 ***************************
Model: "model"
__________________________________________________________________________________________________
 Layer (type)                   Output Shape         Param #     Connected to                     
==================================================================================================
 conv (InputLayer)              [(None, 7, 7, 3, 1)  0           []                               
                                ]                                                                 
                                                                                                  
 zero_padding3d (ZeroPadding3D)  (None, 8, 8, 4, 1)  0           ['conv[0][0]']                   
                                                                                                  
 conv3d (Conv3D)                (None, 8, 8, 4, 8)   224         ['zero_padding3d[0][0]']         
                                                                                                  
 max_pooling3d (MaxPooling3D)   (None, 4, 4, 2, 8)   0           ['conv3d[0][0]']                 
                                                                                                  
 conv3d_1 (Conv3D)              (None, 4, 4, 2, 4)   868         ['max_pooling3d[0][0]']          
                                                                                                  
 max_pooling3d_1 (MaxPooling3D)  (None, 2, 2, 1, 4)  0           ['conv3d_1[0][0]']               
                                                                                                  
 cat (InputLayer)               [(None, 126)]        0           []                               
                                                                                                  
 flatten (Flatten)              (None, 16)           0           ['max_pooling3d_1[0][0]']        
                                                                                                  
 concatenate (Concatenate)      (None, 142)          0           ['cat[0][0]',                    
                                                                  'flatten[0][0]']                
                                                                                                  
 dense (Dense)                  (None, 200)          28600       ['concatenate[0][0]']            
                                                                                                  
 dense_1 (Dense)                (None, 200)          40200       ['dense[0][0]']                  
                                                                                                  
 dense_2 (Dense)                (None, 200)          40200       ['dense_1[0][0]']                
                                                                                                  
 dense_3 (Dense)                (None, 200)          40200       ['dense_2[0][0]']                
                                                                                                  
 dense_4 (Dense)                (None, 200)          40200       ['dense_3[0][0]']                
                                                                                                  
 dense_5 (Dense)                (None, 1)            201         ['dense_4[0][0]']                
                                                                                                  
==================================================================================================
Total params: 190,693
Trainable params: 190,693
Non-trainable params: 0
__________________________________________________________________________________________________
Epoch 1/10000

Epoch 1: val_loss improved from inf to 1.10258, saving model to ./results/NN_thk_regr/ResNet/recursion_7/ckpt_1
2/2 - 2s - loss: 1.7350 - mse: 1.7350 - mae: 1.2942 - val_loss: 1.1026 - val_mse: 1.1026 - val_mae: 1.0248 - 2s/epoch - 788ms/step
Epoch 2/10000

Epoch 2: val_loss improved from 1.10258 to 0.29217, saving model to ./results/NN_thk_regr/ResNet/recursion_7/ckpt_1
2/2 - 1s - loss: 0.9515 - mse: 0.9515 - mae: 0.9456 - val_loss: 0.2922 - val_mse: 0.2922 - val_mae: 0.4932 - 1s/epoch - 513ms/step
Epoch 3/10000

Epoch 3: val_loss did not improve from 0.29217
2/2 - 0s - loss: 0.2028 - mse: 0.2028 - mae: 0.3841 - val_loss: 0.3234 - val_mse: 0.3234 - val_mae: 0.5272 - 281ms/epoch - 141ms/step
Epoch 4/10000

Epoch 4: val_loss improved from 0.29217 to 0.18211, saving model to ./results/NN_thk_regr/ResNet/recursion_7/ckpt_1
2/2 - 1s - loss: 0.3392 - mse: 0.3392 - mae: 0.5449 - val_loss: 0.1821 - val_mse: 0.1821 - val_mae: 0.3762 - 1s/epoch - 512ms/step
Epoch 5/10000

Epoch 5: val_loss improved from 0.18211 to 0.06952, saving model to ./results/NN_thk_regr/ResNet/recursion_7/ckpt_1
2/2 - 1s - loss: 0.1389 - mse: 0.1389 - mae: 0.3165 - val_loss: 0.0695 - val_mse: 0.0695 - val_mae: 0.1966 - 1s/epoch - 572ms/step
Epoch 6/10000

Epoch 6: val_loss did not improve from 0.06952
2/2 - 0s - loss: 0.0773 - mse: 0.0773 - mae: 0.2184 - val_loss: 0.1774 - val_mse: 0.1774 - val_mae: 0.3622 - 285ms/epoch - 142ms/step
Epoch 7/10000

Epoch 7: val_loss did not improve from 0.06952
2/2 - 0s - loss: 0.1650 - mse: 0.1650 - mae: 0.3541 - val_loss: 0.1548 - val_mse: 0.1548 - val_mae: 0.3307 - 283ms/epoch - 141ms/step
Epoch 8/10000

Epoch 8: val_loss improved from 0.06952 to 0.06161, saving model to ./results/NN_thk_regr/ResNet/recursion_7/ckpt_1
2/2 - 1s - loss: 0.1254 - mse: 0.1254 - mae: 0.2959 - val_loss: 0.0616 - val_mse: 0.0616 - val_mae: 0.1857 - 1s/epoch - 589ms/step
Epoch 9/10000

Epoch 9: val_loss did not improve from 0.06161
2/2 - 0s - loss: 0.0506 - mse: 0.0506 - mae: 0.1767 - val_loss: 0.0846 - val_mse: 0.0846 - val_mae: 0.2388 - 288ms/epoch - 144ms/step
Epoch 10/10000

Epoch 10: val_loss did not improve from 0.06161
2/2 - 0s - loss: 0.0852 - mse: 0.0852 - mae: 0.2437 - val_loss: 0.0922 - val_mse: 0.0922 - val_mae: 0.2509 - 280ms/epoch - 140ms/step
Epoch 11/10000

Epoch 11: val_loss improved from 0.06161 to 0.05132, saving model to ./results/NN_thk_regr/ResNet/recursion_7/ckpt_1
2/2 - 1s - loss: 0.0782 - mse: 0.0782 - mae: 0.2315 - val_loss: 0.0513 - val_mse: 0.0513 - val_mae: 0.1762 - 1s/epoch - 554ms/step
Epoch 12/10000

Epoch 12: val_loss did not improve from 0.05132
2/2 - 0s - loss: 0.0440 - mse: 0.0440 - mae: 0.1685 - val_loss: 0.0690 - val_mse: 0.0690 - val_mae: 0.1961 - 282ms/epoch - 141ms/step
Epoch 13/10000

Epoch 13: val_loss did not improve from 0.05132
2/2 - 0s - loss: 0.0618 - mse: 0.0618 - mae: 0.1921 - val_loss: 0.0775 - val_mse: 0.0775 - val_mae: 0.2091 - 282ms/epoch - 141ms/step
Epoch 14/10000

Epoch 14: val_loss did not improve from 0.05132
2/2 - 0s - loss: 0.0640 - mse: 0.0640 - mae: 0.1951 - val_loss: 0.0568 - val_mse: 0.0568 - val_mae: 0.1799 - 282ms/epoch - 141ms/step
Epoch 15/10000

Epoch 15: val_loss did not improve from 0.05132
2/2 - 0s - loss: 0.0458 - mse: 0.0458 - mae: 0.1703 - val_loss: 0.0546 - val_mse: 0.0546 - val_mae: 0.1834 - 283ms/epoch - 141ms/step
Epoch 16/10000

Epoch 16: val_loss did not improve from 0.05132
2/2 - 0s - loss: 0.0491 - mse: 0.0491 - mae: 0.1802 - val_loss: 0.0615 - val_mse: 0.0615 - val_mae: 0.1974 - 283ms/epoch - 141ms/step
Epoch 17/10000

Epoch 17: val_loss did not improve from 0.05132
2/2 - 0s - loss: 0.0532 - mse: 0.0532 - mae: 0.1878 - val_loss: 0.0518 - val_mse: 0.0518 - val_mae: 0.1778 - 283ms/epoch - 141ms/step
Epoch 18/10000

Epoch 18: val_loss did not improve from 0.05132
2/2 - 0s - loss: 0.0434 - mse: 0.0434 - mae: 0.1688 - val_loss: 0.0544 - val_mse: 0.0544 - val_mae: 0.1772 - 281ms/epoch - 141ms/step
Epoch 19/10000

Epoch 19: val_loss did not improve from 0.05132
2/2 - 0s - loss: 0.0464 - mse: 0.0464 - mae: 0.1708 - val_loss: 0.0587 - val_mse: 0.0587 - val_mae: 0.1822 - 281ms/epoch - 141ms/step
Epoch 20/10000

Epoch 20: val_loss did not improve from 0.05132
2/2 - 0s - loss: 0.0485 - mse: 0.0485 - mae: 0.1728 - val_loss: 0.0524 - val_mse: 0.0524 - val_mae: 0.1753 - 281ms/epoch - 140ms/step
Epoch 21/10000

Epoch 21: val_loss did not improve from 0.05132
2/2 - 0s - loss: 0.0431 - mse: 0.0431 - mae: 0.1669 - val_loss: 0.0518 - val_mse: 0.0518 - val_mae: 0.1779 - 282ms/epoch - 141ms/step
Epoch 22/10000

Epoch 22: val_loss did not improve from 0.05132
2/2 - 0s - loss: 0.0453 - mse: 0.0453 - mae: 0.1727 - val_loss: 0.0531 - val_mse: 0.0531 - val_mae: 0.1805 - 284ms/epoch - 142ms/step
Epoch 23/10000

Epoch 23: val_loss improved from 0.05132 to 0.05044, saving model to ./results/NN_thk_regr/ResNet/recursion_7/ckpt_1
2/2 - 1s - loss: 0.0453 - mse: 0.0453 - mae: 0.1723 - val_loss: 0.0504 - val_mse: 0.0504 - val_mae: 0.1740 - 1s/epoch - 584ms/step
Epoch 24/10000

Epoch 24: val_loss did not improve from 0.05044
2/2 - 0s - loss: 0.0427 - mse: 0.0427 - mae: 0.1676 - val_loss: 0.0523 - val_mse: 0.0523 - val_mae: 0.1750 - 283ms/epoch - 141ms/step
Epoch 25/10000

Epoch 25: val_loss did not improve from 0.05044
2/2 - 0s - loss: 0.0437 - mse: 0.0437 - mae: 0.1675 - val_loss: 0.0519 - val_mse: 0.0519 - val_mae: 0.1746 - 281ms/epoch - 141ms/step
Epoch 26/10000

Epoch 26: val_loss improved from 0.05044 to 0.05027, saving model to ./results/NN_thk_regr/ResNet/recursion_7/ckpt_1
2/2 - 1s - loss: 0.0431 - mse: 0.0431 - mae: 0.1669 - val_loss: 0.0503 - val_mse: 0.0503 - val_mae: 0.1735 - 1s/epoch - 589ms/step
Epoch 27/10000

Epoch 27: val_loss did not improve from 0.05027
2/2 - 0s - loss: 0.0423 - mse: 0.0423 - mae: 0.1667 - val_loss: 0.0506 - val_mse: 0.0506 - val_mae: 0.1752 - 285ms/epoch - 143ms/step
Epoch 28/10000

Epoch 28: val_loss did not improve from 0.05027
2/2 - 0s - loss: 0.0431 - mse: 0.0431 - mae: 0.1682 - val_loss: 0.0503 - val_mse: 0.0503 - val_mae: 0.1745 - 280ms/epoch - 140ms/step
Epoch 29/10000

Epoch 29: val_loss improved from 0.05027 to 0.05008, saving model to ./results/NN_thk_regr/ResNet/recursion_7/ckpt_1
2/2 - 1s - loss: 0.0426 - mse: 0.0426 - mae: 0.1674 - val_loss: 0.0501 - val_mse: 0.0501 - val_mae: 0.1731 - 1s/epoch - 549ms/step
Epoch 30/10000

Epoch 30: val_loss did not improve from 0.05008
2/2 - 0s - loss: 0.0421 - mse: 0.0421 - mae: 0.1658 - val_loss: 0.0507 - val_mse: 0.0507 - val_mae: 0.1734 - 282ms/epoch - 141ms/step
Epoch 31/10000

Epoch 31: val_loss did not improve from 0.05008
2/2 - 0s - loss: 0.0425 - mse: 0.0425 - mae: 0.1660 - val_loss: 0.0501 - val_mse: 0.0501 - val_mae: 0.1730 - 285ms/epoch - 142ms/step
Epoch 32/10000

Epoch 32: val_loss improved from 0.05008 to 0.04972, saving model to ./results/NN_thk_regr/ResNet/recursion_7/ckpt_1
2/2 - 1s - loss: 0.0421 - mse: 0.0421 - mae: 0.1658 - val_loss: 0.0497 - val_mse: 0.0497 - val_mae: 0.1737 - 1s/epoch - 582ms/step
Epoch 33/10000

Epoch 33: val_loss improved from 0.04972 to 0.04949, saving model to ./results/NN_thk_regr/ResNet/recursion_7/ckpt_1
2/2 - 1s - loss: 0.0424 - mse: 0.0424 - mae: 0.1667 - val_loss: 0.0495 - val_mse: 0.0495 - val_mae: 0.1730 - 1s/epoch - 583ms/step
Epoch 34/10000

Epoch 34: val_loss did not improve from 0.04949
2/2 - 0s - loss: 0.0421 - mse: 0.0421 - mae: 0.1658 - val_loss: 0.0496 - val_mse: 0.0496 - val_mae: 0.1725 - 283ms/epoch - 141ms/step
Epoch 35/10000

Epoch 35: val_loss improved from 0.04949 to 0.04936, saving model to ./results/NN_thk_regr/ResNet/recursion_7/ckpt_1
2/2 - 1s - loss: 0.0420 - mse: 0.0420 - mae: 0.1653 - val_loss: 0.0494 - val_mse: 0.0494 - val_mae: 0.1722 - 1s/epoch - 587ms/step
Epoch 36/10000

Epoch 36: val_loss improved from 0.04936 to 0.04897, saving model to ./results/NN_thk_regr/ResNet/recursion_7/ckpt_1
2/2 - 1s - loss: 0.0418 - mse: 0.0418 - mae: 0.1650 - val_loss: 0.0490 - val_mse: 0.0490 - val_mae: 0.1722 - 1s/epoch - 594ms/step
Epoch 37/10000

Epoch 37: val_loss improved from 0.04897 to 0.04876, saving model to ./results/NN_thk_regr/ResNet/recursion_7/ckpt_1
2/2 - 1s - loss: 0.0418 - mse: 0.0418 - mae: 0.1653 - val_loss: 0.0488 - val_mse: 0.0488 - val_mae: 0.1720 - 1s/epoch - 554ms/step
Epoch 38/10000

Epoch 38: val_loss improved from 0.04876 to 0.04861, saving model to ./results/NN_thk_regr/ResNet/recursion_7/ckpt_1
2/2 - 1s - loss: 0.0417 - mse: 0.0417 - mae: 0.1651 - val_loss: 0.0486 - val_mse: 0.0486 - val_mae: 0.1715 - 1s/epoch - 591ms/step
Epoch 39/10000

Epoch 39: val_loss improved from 0.04861 to 0.04844, saving model to ./results/NN_thk_regr/ResNet/recursion_7/ckpt_1
2/2 - 1s - loss: 0.0417 - mse: 0.0417 - mae: 0.1647 - val_loss: 0.0484 - val_mse: 0.0484 - val_mae: 0.1713 - 1s/epoch - 554ms/step
Epoch 40/10000

Epoch 40: val_loss improved from 0.04844 to 0.04808, saving model to ./results/NN_thk_regr/ResNet/recursion_7/ckpt_1
2/2 - 1s - loss: 0.0416 - mse: 0.0416 - mae: 0.1644 - val_loss: 0.0481 - val_mse: 0.0481 - val_mae: 0.1713 - 1s/epoch - 583ms/step
Epoch 41/10000

Epoch 41: val_loss improved from 0.04808 to 0.04792, saving model to ./results/NN_thk_regr/ResNet/recursion_7/ckpt_1
2/2 - 1s - loss: 0.0415 - mse: 0.0415 - mae: 0.1644 - val_loss: 0.0479 - val_mse: 0.0479 - val_mae: 0.1709 - 1s/epoch - 586ms/step
Epoch 42/10000

Epoch 42: val_loss improved from 0.04792 to 0.04790, saving model to ./results/NN_thk_regr/ResNet/recursion_7/ckpt_1
2/2 - 1s - loss: 0.0414 - mse: 0.0414 - mae: 0.1640 - val_loss: 0.0479 - val_mse: 0.0479 - val_mae: 0.1707 - 1s/epoch - 589ms/step
Epoch 43/10000

Epoch 43: val_loss improved from 0.04790 to 0.04758, saving model to ./results/NN_thk_regr/ResNet/recursion_7/ckpt_1
2/2 - 1s - loss: 0.0414 - mse: 0.0414 - mae: 0.1638 - val_loss: 0.0476 - val_mse: 0.0476 - val_mae: 0.1705 - 1s/epoch - 554ms/step
Epoch 44/10000

Epoch 44: val_loss improved from 0.04758 to 0.04692, saving model to ./results/NN_thk_regr/ResNet/recursion_7/ckpt_1
2/2 - 1s - loss: 0.0413 - mse: 0.0413 - mae: 0.1636 - val_loss: 0.0469 - val_mse: 0.0469 - val_mae: 0.1702 - 1s/epoch - 582ms/step
Epoch 45/10000

Epoch 45: val_loss improved from 0.04692 to 0.04654, saving model to ./results/NN_thk_regr/ResNet/recursion_7/ckpt_1
2/2 - 1s - loss: 0.0412 - mse: 0.0412 - mae: 0.1638 - val_loss: 0.0465 - val_mse: 0.0465 - val_mae: 0.1698 - 1s/epoch - 589ms/step
Epoch 46/10000

Epoch 46: val_loss improved from 0.04654 to 0.04618, saving model to ./results/NN_thk_regr/ResNet/recursion_7/ckpt_1
2/2 - 1s - loss: 0.0411 - mse: 0.0411 - mae: 0.1634 - val_loss: 0.0462 - val_mse: 0.0462 - val_mae: 0.1693 - 1s/epoch - 554ms/step
Epoch 47/10000

Epoch 47: val_loss improved from 0.04618 to 0.04566, saving model to ./results/NN_thk_regr/ResNet/recursion_7/ckpt_1
2/2 - 1s - loss: 0.0410 - mse: 0.0410 - mae: 0.1629 - val_loss: 0.0457 - val_mse: 0.0457 - val_mae: 0.1689 - 1s/epoch - 579ms/step
Epoch 48/10000

Epoch 48: val_loss improved from 0.04566 to 0.04537, saving model to ./results/NN_thk_regr/ResNet/recursion_7/ckpt_1
2/2 - 1s - loss: 0.0409 - mse: 0.0409 - mae: 0.1627 - val_loss: 0.0454 - val_mse: 0.0454 - val_mae: 0.1684 - 1s/epoch - 583ms/step
Epoch 49/10000

Epoch 49: val_loss improved from 0.04537 to 0.04507, saving model to ./results/NN_thk_regr/ResNet/recursion_7/ckpt_1
2/2 - 1s - loss: 0.0408 - mse: 0.0408 - mae: 0.1623 - val_loss: 0.0451 - val_mse: 0.0451 - val_mae: 0.1680 - 1s/epoch - 589ms/step
Epoch 50/10000

Epoch 50: val_loss improved from 0.04507 to 0.04447, saving model to ./results/NN_thk_regr/ResNet/recursion_7/ckpt_1
2/2 - 1s - loss: 0.0407 - mse: 0.0407 - mae: 0.1620 - val_loss: 0.0445 - val_mse: 0.0445 - val_mae: 0.1676 - 1s/epoch - 552ms/step
Epoch 51/10000

Epoch 51: val_loss improved from 0.04447 to 0.04445, saving model to ./results/NN_thk_regr/ResNet/recursion_7/ckpt_1
2/2 - 1s - loss: 0.0407 - mse: 0.0407 - mae: 0.1617 - val_loss: 0.0445 - val_mse: 0.0445 - val_mae: 0.1670 - 1s/epoch - 585ms/step
Epoch 52/10000

Epoch 52: val_loss improved from 0.04445 to 0.04388, saving model to ./results/NN_thk_regr/ResNet/recursion_7/ckpt_1
2/2 - 1s - loss: 0.0406 - mse: 0.0406 - mae: 0.1614 - val_loss: 0.0439 - val_mse: 0.0439 - val_mae: 0.1665 - 1s/epoch - 585ms/step
Epoch 53/10000

Epoch 53: val_loss improved from 0.04388 to 0.04374, saving model to ./results/NN_thk_regr/ResNet/recursion_7/ckpt_1
2/2 - 1s - loss: 0.0405 - mse: 0.0405 - mae: 0.1611 - val_loss: 0.0437 - val_mse: 0.0437 - val_mae: 0.1661 - 1s/epoch - 591ms/step
Epoch 54/10000

Epoch 54: val_loss did not improve from 0.04374
2/2 - 0s - loss: 0.0404 - mse: 0.0404 - mae: 0.1606 - val_loss: 0.0438 - val_mse: 0.0438 - val_mae: 0.1658 - 281ms/epoch - 140ms/step
Epoch 55/10000

Epoch 55: val_loss improved from 0.04374 to 0.04352, saving model to ./results/NN_thk_regr/ResNet/recursion_7/ckpt_1
2/2 - 1s - loss: 0.0404 - mse: 0.0404 - mae: 0.1606 - val_loss: 0.0435 - val_mse: 0.0435 - val_mae: 0.1654 - 1s/epoch - 557ms/step
Epoch 56/10000

Epoch 56: val_loss improved from 0.04352 to 0.04347, saving model to ./results/NN_thk_regr/ResNet/recursion_7/ckpt_1
2/2 - 1s - loss: 0.0402 - mse: 0.0402 - mae: 0.1599 - val_loss: 0.0435 - val_mse: 0.0435 - val_mae: 0.1650 - 1s/epoch - 588ms/step
Epoch 57/10000

Epoch 57: val_loss did not improve from 0.04347
2/2 - 0s - loss: 0.0401 - mse: 0.0401 - mae: 0.1595 - val_loss: 0.0435 - val_mse: 0.0435 - val_mae: 0.1654 - 282ms/epoch - 141ms/step
Epoch 58/10000

Epoch 58: val_loss did not improve from 0.04347
2/2 - 0s - loss: 0.0402 - mse: 0.0402 - mae: 0.1593 - val_loss: 0.0439 - val_mse: 0.0439 - val_mae: 0.1646 - 284ms/epoch - 142ms/step
Epoch 59/10000

Epoch 59: val_loss improved from 0.04347 to 0.04341, saving model to ./results/NN_thk_regr/ResNet/recursion_7/ckpt_1
2/2 - 1s - loss: 0.0400 - mse: 0.0400 - mae: 0.1589 - val_loss: 0.0434 - val_mse: 0.0434 - val_mae: 0.1640 - 1s/epoch - 592ms/step
Epoch 60/10000

Epoch 60: val_loss did not improve from 0.04341
2/2 - 0s - loss: 0.0398 - mse: 0.0398 - mae: 0.1581 - val_loss: 0.0435 - val_mse: 0.0435 - val_mae: 0.1636 - 285ms/epoch - 143ms/step
Epoch 61/10000

Epoch 61: val_loss did not improve from 0.04341
2/2 - 0s - loss: 0.0396 - mse: 0.0396 - mae: 0.1576 - val_loss: 0.0435 - val_mse: 0.0435 - val_mae: 0.1632 - 284ms/epoch - 142ms/step
Epoch 62/10000

Epoch 62: val_loss did not improve from 0.04341
2/2 - 0s - loss: 0.0398 - mse: 0.0398 - mae: 0.1572 - val_loss: 0.0436 - val_mse: 0.0436 - val_mae: 0.1629 - 282ms/epoch - 141ms/step
Epoch 63/10000

Epoch 63: val_loss did not improve from 0.04341
2/2 - 0s - loss: 0.0395 - mse: 0.0395 - mae: 0.1565 - val_loss: 0.0434 - val_mse: 0.0434 - val_mae: 0.1623 - 282ms/epoch - 141ms/step
Epoch 64/10000

Epoch 64: val_loss improved from 0.04341 to 0.04329, saving model to ./results/NN_thk_regr/ResNet/recursion_7/ckpt_1
2/2 - 1s - loss: 0.0392 - mse: 0.0392 - mae: 0.1556 - val_loss: 0.0433 - val_mse: 0.0433 - val_mae: 0.1625 - 1s/epoch - 554ms/step
Epoch 65/10000

Epoch 65: val_loss did not improve from 0.04329
2/2 - 0s - loss: 0.0391 - mse: 0.0391 - mae: 0.1552 - val_loss: 0.0444 - val_mse: 0.0444 - val_mae: 0.1627 - 285ms/epoch - 142ms/step
Epoch 66/10000

Epoch 66: val_loss did not improve from 0.04329
2/2 - 0s - loss: 0.0395 - mse: 0.0395 - mae: 0.1554 - val_loss: 0.0444 - val_mse: 0.0444 - val_mae: 0.1662 - 284ms/epoch - 142ms/step
Epoch 67/10000

Epoch 67: val_loss did not improve from 0.04329
2/2 - 0s - loss: 0.0402 - mse: 0.0402 - mae: 0.1576 - val_loss: 0.0440 - val_mse: 0.0440 - val_mae: 0.1614 - 283ms/epoch - 141ms/step
Epoch 68/10000

Epoch 68: val_loss did not improve from 0.04329
2/2 - 0s - loss: 0.0392 - mse: 0.0392 - mae: 0.1544 - val_loss: 0.0434 - val_mse: 0.0434 - val_mae: 0.1627 - 285ms/epoch - 142ms/step
Epoch 69/10000

Epoch 69: val_loss improved from 0.04329 to 0.04306, saving model to ./results/NN_thk_regr/ResNet/recursion_7/ckpt_1
2/2 - 1s - loss: 0.0392 - mse: 0.0392 - mae: 0.1544 - val_loss: 0.0431 - val_mse: 0.0431 - val_mae: 0.1595 - 1s/epoch - 588ms/step
Epoch 70/10000

Epoch 70: val_loss improved from 0.04306 to 0.04304, saving model to ./results/NN_thk_regr/ResNet/recursion_7/ckpt_1
2/2 - 1s - loss: 0.0388 - mse: 0.0388 - mae: 0.1523 - val_loss: 0.0430 - val_mse: 0.0430 - val_mae: 0.1591 - 1s/epoch - 593ms/step
Epoch 71/10000

Epoch 71: val_loss improved from 0.04304 to 0.04256, saving model to ./results/NN_thk_regr/ResNet/recursion_7/ckpt_1
2/2 - 1s - loss: 0.0386 - mse: 0.0386 - mae: 0.1520 - val_loss: 0.0426 - val_mse: 0.0426 - val_mae: 0.1590 - 1s/epoch - 554ms/step
Epoch 72/10000

Epoch 72: val_loss improved from 0.04256 to 0.04247, saving model to ./results/NN_thk_regr/ResNet/recursion_7/ckpt_1
2/2 - 1s - loss: 0.0383 - mse: 0.0383 - mae: 0.1511 - val_loss: 0.0425 - val_mse: 0.0425 - val_mae: 0.1587 - 1s/epoch - 589ms/step
Epoch 73/10000

Epoch 73: val_loss did not improve from 0.04247
2/2 - 0s - loss: 0.0382 - mse: 0.0382 - mae: 0.1507 - val_loss: 0.0425 - val_mse: 0.0425 - val_mae: 0.1580 - 282ms/epoch - 141ms/step
Epoch 74/10000

Epoch 74: val_loss improved from 0.04247 to 0.04239, saving model to ./results/NN_thk_regr/ResNet/recursion_7/ckpt_1
2/2 - 1s - loss: 0.0382 - mse: 0.0382 - mae: 0.1502 - val_loss: 0.0424 - val_mse: 0.0424 - val_mae: 0.1578 - 1s/epoch - 591ms/step
Epoch 75/10000

Epoch 75: val_loss did not improve from 0.04239
2/2 - 0s - loss: 0.0381 - mse: 0.0381 - mae: 0.1499 - val_loss: 0.0430 - val_mse: 0.0430 - val_mae: 0.1578 - 286ms/epoch - 143ms/step
Epoch 76/10000

Epoch 76: val_loss did not improve from 0.04239
2/2 - 0s - loss: 0.0386 - mse: 0.0386 - mae: 0.1500 - val_loss: 0.0426 - val_mse: 0.0426 - val_mae: 0.1572 - 287ms/epoch - 143ms/step
Epoch 77/10000

Epoch 77: val_loss did not improve from 0.04239
2/2 - 0s - loss: 0.0381 - mse: 0.0381 - mae: 0.1489 - val_loss: 0.0424 - val_mse: 0.0424 - val_mae: 0.1590 - 286ms/epoch - 143ms/step
Epoch 78/10000

Epoch 78: val_loss did not improve from 0.04239
2/2 - 0s - loss: 0.0380 - mse: 0.0380 - mae: 0.1496 - val_loss: 0.0425 - val_mse: 0.0425 - val_mae: 0.1570 - 283ms/epoch - 142ms/step
Epoch 79/10000

Epoch 79: val_loss did not improve from 0.04239
2/2 - 0s - loss: 0.0382 - mse: 0.0382 - mae: 0.1490 - val_loss: 0.0436 - val_mse: 0.0436 - val_mae: 0.1577 - 282ms/epoch - 141ms/step
Epoch 80/10000

Epoch 80: val_loss improved from 0.04239 to 0.04238, saving model to ./results/NN_thk_regr/ResNet/recursion_7/ckpt_1
2/2 - 1s - loss: 0.0386 - mse: 0.0386 - mae: 0.1496 - val_loss: 0.0424 - val_mse: 0.0424 - val_mae: 0.1579 - 1s/epoch - 556ms/step
Epoch 81/10000

Epoch 81: val_loss did not improve from 0.04238
2/2 - 0s - loss: 0.0378 - mse: 0.0378 - mae: 0.1483 - val_loss: 0.0426 - val_mse: 0.0426 - val_mae: 0.1568 - 287ms/epoch - 144ms/step
Epoch 82/10000

Epoch 82: val_loss did not improve from 0.04238
2/2 - 0s - loss: 0.0383 - mse: 0.0383 - mae: 0.1495 - val_loss: 0.0444 - val_mse: 0.0444 - val_mae: 0.1587 - 285ms/epoch - 142ms/step
Epoch 83/10000

Epoch 83: val_loss did not improve from 0.04238
2/2 - 0s - loss: 0.0391 - mse: 0.0391 - mae: 0.1498 - val_loss: 0.0431 - val_mse: 0.0431 - val_mae: 0.1617 - 285ms/epoch - 143ms/step
Epoch 84/10000

Epoch 84: val_loss did not improve from 0.04238
2/2 - 0s - loss: 0.0383 - mse: 0.0383 - mae: 0.1508 - val_loss: 0.0432 - val_mse: 0.0432 - val_mae: 0.1573 - 286ms/epoch - 143ms/step
Epoch 85/10000

Epoch 85: val_loss did not improve from 0.04238
2/2 - 0s - loss: 0.0380 - mse: 0.0380 - mae: 0.1485 - val_loss: 0.0438 - val_mse: 0.0438 - val_mae: 0.1644 - 281ms/epoch - 141ms/step
Epoch 86/10000

Epoch 86: val_loss did not improve from 0.04238
2/2 - 0s - loss: 0.0391 - mse: 0.0391 - mae: 0.1530 - val_loss: 0.0434 - val_mse: 0.0434 - val_mae: 0.1577 - 286ms/epoch - 143ms/step
Epoch 87/10000

Epoch 87: val_loss did not improve from 0.04238
2/2 - 0s - loss: 0.0386 - mse: 0.0386 - mae: 0.1498 - val_loss: 0.0425 - val_mse: 0.0425 - val_mae: 0.1600 - 285ms/epoch - 142ms/step
Epoch 88/10000

Epoch 88: val_loss did not improve from 0.04238
2/2 - 0s - loss: 0.0382 - mse: 0.0382 - mae: 0.1505 - val_loss: 0.0425 - val_mse: 0.0425 - val_mae: 0.1570 - 286ms/epoch - 143ms/step
Epoch 89/10000

Epoch 89: val_loss did not improve from 0.04238
2/2 - 0s - loss: 0.0378 - mse: 0.0378 - mae: 0.1486 - val_loss: 0.0424 - val_mse: 0.0424 - val_mae: 0.1598 - 282ms/epoch - 141ms/step
Epoch 90/10000

Epoch 90: val_loss improved from 0.04238 to 0.04217, saving model to ./results/NN_thk_regr/ResNet/recursion_7/ckpt_1
2/2 - 1s - loss: 0.0384 - mse: 0.0384 - mae: 0.1512 - val_loss: 0.0422 - val_mse: 0.0422 - val_mae: 0.1577 - 1s/epoch - 590ms/step
Epoch 91/10000

Epoch 91: val_loss did not improve from 0.04217
2/2 - 0s - loss: 0.0379 - mse: 0.0379 - mae: 0.1500 - val_loss: 0.0428 - val_mse: 0.0428 - val_mae: 0.1565 - 286ms/epoch - 143ms/step
Epoch 92/10000

Epoch 92: val_loss did not improve from 0.04217
2/2 - 0s - loss: 0.0380 - mse: 0.0380 - mae: 0.1475 - val_loss: 0.0427 - val_mse: 0.0427 - val_mae: 0.1603 - 286ms/epoch - 143ms/step
Epoch 93/10000

Epoch 93: val_loss did not improve from 0.04217
2/2 - 0s - loss: 0.0381 - mse: 0.0381 - mae: 0.1503 - val_loss: 0.0423 - val_mse: 0.0423 - val_mae: 0.1566 - 283ms/epoch - 141ms/step
Epoch 94/10000

Epoch 94: val_loss did not improve from 0.04217
2/2 - 0s - loss: 0.0376 - mse: 0.0376 - mae: 0.1475 - val_loss: 0.0422 - val_mse: 0.0422 - val_mae: 0.1583 - 284ms/epoch - 142ms/step
Epoch 95/10000

Epoch 95: val_loss improved from 0.04217 to 0.04215, saving model to ./results/NN_thk_regr/ResNet/recursion_7/ckpt_1
2/2 - 1s - loss: 0.0377 - mse: 0.0377 - mae: 0.1488 - val_loss: 0.0421 - val_mse: 0.0421 - val_mae: 0.1575 - 1s/epoch - 553ms/step
Epoch 96/10000

Epoch 96: val_loss did not improve from 0.04215
2/2 - 0s - loss: 0.0375 - mse: 0.0375 - mae: 0.1483 - val_loss: 0.0425 - val_mse: 0.0425 - val_mae: 0.1564 - 283ms/epoch - 141ms/step
Epoch 97/10000

Epoch 97: val_loss did not improve from 0.04215
2/2 - 0s - loss: 0.0377 - mse: 0.0377 - mae: 0.1473 - val_loss: 0.0423 - val_mse: 0.0423 - val_mae: 0.1587 - 281ms/epoch - 141ms/step
Epoch 98/10000

Epoch 98: val_loss improved from 0.04215 to 0.04212, saving model to ./results/NN_thk_regr/ResNet/recursion_7/ckpt_1
2/2 - 1s - loss: 0.0377 - mse: 0.0377 - mae: 0.1486 - val_loss: 0.0421 - val_mse: 0.0421 - val_mae: 0.1567 - 1s/epoch - 583ms/step
Epoch 99/10000

Epoch 99: val_loss did not improve from 0.04212
2/2 - 0s - loss: 0.0376 - mse: 0.0376 - mae: 0.1479 - val_loss: 0.0427 - val_mse: 0.0427 - val_mae: 0.1563 - 283ms/epoch - 142ms/step
Epoch 100/10000

Epoch 100: val_loss did not improve from 0.04212
2/2 - 0s - loss: 0.0377 - mse: 0.0377 - mae: 0.1470 - val_loss: 0.0437 - val_mse: 0.0437 - val_mae: 0.1645 - 287ms/epoch - 143ms/step
Epoch 101/10000

Epoch 101: val_loss did not improve from 0.04212
2/2 - 0s - loss: 0.0388 - mse: 0.0388 - mae: 0.1531 - val_loss: 0.0437 - val_mse: 0.0437 - val_mae: 0.1574 - 280ms/epoch - 140ms/step
Epoch 102/10000

Epoch 102: val_loss did not improve from 0.04212
2/2 - 0s - loss: 0.0382 - mse: 0.0382 - mae: 0.1480 - val_loss: 0.0440 - val_mse: 0.0440 - val_mae: 0.1655 - 288ms/epoch - 144ms/step
Epoch 103/10000

Epoch 103: val_loss did not improve from 0.04212
2/2 - 0s - loss: 0.0397 - mse: 0.0397 - mae: 0.1547 - val_loss: 0.0425 - val_mse: 0.0425 - val_mae: 0.1563 - 286ms/epoch - 143ms/step
Epoch 104/10000

Epoch 104: val_loss did not improve from 0.04212
2/2 - 0s - loss: 0.0376 - mse: 0.0376 - mae: 0.1481 - val_loss: 0.0426 - val_mse: 0.0426 - val_mae: 0.1609 - 283ms/epoch - 142ms/step
Epoch 105/10000

Epoch 105: val_loss did not improve from 0.04212
2/2 - 0s - loss: 0.0381 - mse: 0.0381 - mae: 0.1503 - val_loss: 0.0428 - val_mse: 0.0428 - val_mae: 0.1563 - 282ms/epoch - 141ms/step
Epoch 106/10000

Epoch 106: val_loss improved from 0.04212 to 0.04199, saving model to ./results/NN_thk_regr/ResNet/recursion_7/ckpt_1
2/2 - 1s - loss: 0.0383 - mse: 0.0383 - mae: 0.1492 - val_loss: 0.0420 - val_mse: 0.0420 - val_mae: 0.1568 - 1s/epoch - 584ms/step
Epoch 107/10000

Epoch 107: val_loss improved from 0.04199 to 0.04195, saving model to ./results/NN_thk_regr/ResNet/recursion_7/ckpt_1
2/2 - 1s - loss: 0.0375 - mse: 0.0375 - mae: 0.1473 - val_loss: 0.0420 - val_mse: 0.0420 - val_mae: 0.1570 - 1s/epoch - 593ms/step
Epoch 108/10000

Epoch 108: val_loss improved from 0.04195 to 0.04193, saving model to ./results/NN_thk_regr/ResNet/recursion_7/ckpt_1
2/2 - 1s - loss: 0.0374 - mse: 0.0374 - mae: 0.1484 - val_loss: 0.0419 - val_mse: 0.0419 - val_mae: 0.1568 - 1s/epoch - 553ms/step
Epoch 109/10000

Epoch 109: val_loss did not improve from 0.04193
2/2 - 0s - loss: 0.0375 - mse: 0.0375 - mae: 0.1477 - val_loss: 0.0419 - val_mse: 0.0419 - val_mae: 0.1576 - 285ms/epoch - 143ms/step
Epoch 110/10000

Epoch 110: val_loss did not improve from 0.04193
2/2 - 0s - loss: 0.0375 - mse: 0.0375 - mae: 0.1492 - val_loss: 0.0426 - val_mse: 0.0426 - val_mae: 0.1560 - 282ms/epoch - 141ms/step
Epoch 111/10000

Epoch 111: val_loss did not improve from 0.04193
2/2 - 0s - loss: 0.0377 - mse: 0.0377 - mae: 0.1468 - val_loss: 0.0421 - val_mse: 0.0421 - val_mae: 0.1589 - 284ms/epoch - 142ms/step
Epoch 112/10000

Epoch 112: val_loss did not improve from 0.04193
2/2 - 0s - loss: 0.0375 - mse: 0.0375 - mae: 0.1493 - val_loss: 0.0426 - val_mse: 0.0426 - val_mae: 0.1560 - 285ms/epoch - 142ms/step
Epoch 113/10000

Epoch 113: val_loss did not improve from 0.04193
2/2 - 0s - loss: 0.0376 - mse: 0.0376 - mae: 0.1468 - val_loss: 0.0423 - val_mse: 0.0423 - val_mae: 0.1599 - 287ms/epoch - 143ms/step
Epoch 114/10000

Epoch 114: val_loss did not improve from 0.04193
2/2 - 0s - loss: 0.0376 - mse: 0.0376 - mae: 0.1495 - val_loss: 0.0435 - val_mse: 0.0435 - val_mae: 0.1569 - 286ms/epoch - 143ms/step
Epoch 115/10000

Epoch 115: val_loss did not improve from 0.04193
2/2 - 0s - loss: 0.0381 - mse: 0.0381 - mae: 0.1475 - val_loss: 0.0428 - val_mse: 0.0428 - val_mae: 0.1619 - 287ms/epoch - 143ms/step
Epoch 116/10000

Epoch 116: val_loss did not improve from 0.04193
2/2 - 0s - loss: 0.0378 - mse: 0.0378 - mae: 0.1500 - val_loss: 0.0448 - val_mse: 0.0448 - val_mae: 0.1589 - 285ms/epoch - 142ms/step
Epoch 117/10000

Epoch 117: val_loss did not improve from 0.04193
2/2 - 0s - loss: 0.0392 - mse: 0.0392 - mae: 0.1492 - val_loss: 0.0424 - val_mse: 0.0424 - val_mae: 0.1606 - 282ms/epoch - 141ms/step
Epoch 118/10000

Epoch 118: val_loss did not improve from 0.04193
2/2 - 0s - loss: 0.0381 - mse: 0.0381 - mae: 0.1507 - val_loss: 0.0420 - val_mse: 0.0420 - val_mae: 0.1565 - 284ms/epoch - 142ms/step
Epoch 119/10000

Epoch 119: val_loss improved from 0.04193 to 0.04187, saving model to ./results/NN_thk_regr/ResNet/recursion_7/ckpt_1
2/2 - 1s - loss: 0.0375 - mse: 0.0375 - mae: 0.1487 - val_loss: 0.0419 - val_mse: 0.0419 - val_mae: 0.1568 - 1s/epoch - 588ms/step
Epoch 120/10000

Epoch 120: val_loss did not improve from 0.04187
2/2 - 0s - loss: 0.0376 - mse: 0.0376 - mae: 0.1483 - val_loss: 0.0419 - val_mse: 0.0419 - val_mae: 0.1586 - 285ms/epoch - 142ms/step
Epoch 121/10000

Epoch 121: val_loss did not improve from 0.04187
2/2 - 0s - loss: 0.0376 - mse: 0.0376 - mae: 0.1504 - val_loss: 0.0425 - val_mse: 0.0425 - val_mae: 0.1564 - 282ms/epoch - 141ms/step
Epoch 122/10000

Epoch 122: val_loss improved from 0.04187 to 0.04184, saving model to ./results/NN_thk_regr/ResNet/recursion_7/ckpt_1
2/2 - 1s - loss: 0.0377 - mse: 0.0377 - mae: 0.1476 - val_loss: 0.0418 - val_mse: 0.0418 - val_mae: 0.1563 - 1s/epoch - 554ms/step
Epoch 123/10000

Epoch 123: val_loss did not improve from 0.04184
2/2 - 0s - loss: 0.0372 - mse: 0.0372 - mae: 0.1480 - val_loss: 0.0419 - val_mse: 0.0419 - val_mae: 0.1560 - 282ms/epoch - 141ms/step
Epoch 124/10000

Epoch 124: val_loss did not improve from 0.04184
2/2 - 0s - loss: 0.0371 - mse: 0.0371 - mae: 0.1469 - val_loss: 0.0421 - val_mse: 0.0421 - val_mae: 0.1555 - 287ms/epoch - 143ms/step
Epoch 125/10000

Epoch 125: val_loss did not improve from 0.04184
2/2 - 0s - loss: 0.0371 - mse: 0.0371 - mae: 0.1465 - val_loss: 0.0428 - val_mse: 0.0428 - val_mae: 0.1622 - 285ms/epoch - 142ms/step
Epoch 126/10000

Epoch 126: val_loss did not improve from 0.04184
2/2 - 0s - loss: 0.0380 - mse: 0.0380 - mae: 0.1507 - val_loss: 0.0427 - val_mse: 0.0427 - val_mae: 0.1556 - 286ms/epoch - 143ms/step
Epoch 127/10000

Epoch 127: val_loss did not improve from 0.04184
2/2 - 0s - loss: 0.0385 - mse: 0.0385 - mae: 0.1493 - val_loss: 0.0419 - val_mse: 0.0419 - val_mae: 0.1553 - 282ms/epoch - 141ms/step
Epoch 128/10000

Epoch 128: val_loss improved from 0.04184 to 0.04158, saving model to ./results/NN_thk_regr/ResNet/recursion_7/ckpt_1
2/2 - 1s - loss: 0.0372 - mse: 0.0372 - mae: 0.1463 - val_loss: 0.0416 - val_mse: 0.0416 - val_mae: 0.1562 - 1s/epoch - 581ms/step
Epoch 129/10000

Epoch 129: val_loss did not improve from 0.04158
2/2 - 0s - loss: 0.0373 - mse: 0.0373 - mae: 0.1485 - val_loss: 0.0425 - val_mse: 0.0425 - val_mae: 0.1557 - 284ms/epoch - 142ms/step
Epoch 130/10000

Epoch 130: val_loss improved from 0.04158 to 0.04156, saving model to ./results/NN_thk_regr/ResNet/recursion_7/ckpt_1
2/2 - 1s - loss: 0.0376 - mse: 0.0376 - mae: 0.1471 - val_loss: 0.0416 - val_mse: 0.0416 - val_mae: 0.1568 - 1s/epoch - 584ms/step
Epoch 131/10000

Epoch 131: val_loss did not improve from 0.04156
2/2 - 0s - loss: 0.0371 - mse: 0.0371 - mae: 0.1474 - val_loss: 0.0417 - val_mse: 0.0417 - val_mae: 0.1578 - 285ms/epoch - 142ms/step
Epoch 132/10000

Epoch 132: val_loss did not improve from 0.04156
2/2 - 0s - loss: 0.0371 - mse: 0.0371 - mae: 0.1483 - val_loss: 0.0438 - val_mse: 0.0438 - val_mae: 0.1570 - 284ms/epoch - 142ms/step
Epoch 133/10000

Epoch 133: val_loss did not improve from 0.04156
2/2 - 0s - loss: 0.0385 - mse: 0.0385 - mae: 0.1477 - val_loss: 0.0418 - val_mse: 0.0418 - val_mae: 0.1583 - 285ms/epoch - 142ms/step
Epoch 134/10000

Epoch 134: val_loss did not improve from 0.04156
2/2 - 0s - loss: 0.0371 - mse: 0.0371 - mae: 0.1485 - val_loss: 0.0420 - val_mse: 0.0420 - val_mae: 0.1551 - 286ms/epoch - 143ms/step
Epoch 135/10000

Epoch 135: val_loss did not improve from 0.04156
2/2 - 0s - loss: 0.0370 - mse: 0.0370 - mae: 0.1462 - val_loss: 0.0424 - val_mse: 0.0424 - val_mae: 0.1611 - 284ms/epoch - 142ms/step
Epoch 136/10000

Epoch 136: val_loss did not improve from 0.04156
2/2 - 0s - loss: 0.0381 - mse: 0.0381 - mae: 0.1500 - val_loss: 0.0416 - val_mse: 0.0416 - val_mae: 0.1553 - 284ms/epoch - 142ms/step
Epoch 137/10000

Epoch 137: val_loss improved from 0.04156 to 0.04146, saving model to ./results/NN_thk_regr/ResNet/recursion_7/ckpt_1
2/2 - 1s - loss: 0.0371 - mse: 0.0371 - mae: 0.1478 - val_loss: 0.0415 - val_mse: 0.0415 - val_mae: 0.1556 - 1s/epoch - 589ms/step
Epoch 138/10000

Epoch 138: val_loss did not improve from 0.04146
2/2 - 0s - loss: 0.0370 - mse: 0.0370 - mae: 0.1462 - val_loss: 0.0416 - val_mse: 0.0416 - val_mae: 0.1574 - 283ms/epoch - 141ms/step
Epoch 139/10000

Epoch 139: val_loss did not improve from 0.04146
2/2 - 0s - loss: 0.0372 - mse: 0.0372 - mae: 0.1490 - val_loss: 0.0432 - val_mse: 0.0432 - val_mae: 0.1560 - 285ms/epoch - 143ms/step
Epoch 140/10000

Epoch 140: val_loss did not improve from 0.04146
2/2 - 0s - loss: 0.0378 - mse: 0.0378 - mae: 0.1470 - val_loss: 0.0424 - val_mse: 0.0424 - val_mae: 0.1612 - 280ms/epoch - 140ms/step
Epoch 141/10000

Epoch 141: val_loss did not improve from 0.04146
2/2 - 0s - loss: 0.0376 - mse: 0.0376 - mae: 0.1502 - val_loss: 0.0423 - val_mse: 0.0423 - val_mae: 0.1551 - 284ms/epoch - 142ms/step
Epoch 142/10000

Epoch 142: val_loss improved from 0.04146 to 0.04146, saving model to ./results/NN_thk_regr/ResNet/recursion_7/ckpt_1
2/2 - 1s - loss: 0.0377 - mse: 0.0377 - mae: 0.1480 - val_loss: 0.0415 - val_mse: 0.0415 - val_mae: 0.1552 - 1s/epoch - 553ms/step
Epoch 143/10000

Epoch 143: val_loss improved from 0.04146 to 0.04133, saving model to ./results/NN_thk_regr/ResNet/recursion_7/ckpt_1
2/2 - 1s - loss: 0.0368 - mse: 0.0368 - mae: 0.1459 - val_loss: 0.0413 - val_mse: 0.0413 - val_mae: 0.1558 - 1s/epoch - 581ms/step
Epoch 144/10000

Epoch 144: val_loss did not improve from 0.04133
2/2 - 0s - loss: 0.0367 - mse: 0.0367 - mae: 0.1470 - val_loss: 0.0414 - val_mse: 0.0414 - val_mae: 0.1553 - 282ms/epoch - 141ms/step
Epoch 145/10000

Epoch 145: val_loss did not improve from 0.04133
2/2 - 0s - loss: 0.0369 - mse: 0.0369 - mae: 0.1463 - val_loss: 0.0425 - val_mse: 0.0425 - val_mae: 0.1618 - 283ms/epoch - 142ms/step
Epoch 146/10000

Epoch 146: val_loss did not improve from 0.04133
2/2 - 0s - loss: 0.0376 - mse: 0.0376 - mae: 0.1508 - val_loss: 0.0428 - val_mse: 0.0428 - val_mae: 0.1554 - 284ms/epoch - 142ms/step
Epoch 147/10000

Epoch 147: val_loss improved from 0.04133 to 0.04128, saving model to ./results/NN_thk_regr/ResNet/recursion_7/ckpt_1
2/2 - 1s - loss: 0.0379 - mse: 0.0379 - mae: 0.1478 - val_loss: 0.0413 - val_mse: 0.0413 - val_mae: 0.1554 - 1s/epoch - 586ms/step
Epoch 148/10000

Epoch 148: val_loss did not improve from 0.04128
2/2 - 0s - loss: 0.0366 - mse: 0.0366 - mae: 0.1459 - val_loss: 0.0417 - val_mse: 0.0417 - val_mae: 0.1546 - 285ms/epoch - 143ms/step
Epoch 149/10000

Epoch 149: val_loss did not improve from 0.04128
2/2 - 0s - loss: 0.0372 - mse: 0.0372 - mae: 0.1469 - val_loss: 0.0417 - val_mse: 0.0417 - val_mae: 0.1546 - 282ms/epoch - 141ms/step
Epoch 150/10000

Epoch 150: val_loss did not improve from 0.04128
2/2 - 0s - loss: 0.0368 - mse: 0.0368 - mae: 0.1452 - val_loss: 0.0421 - val_mse: 0.0421 - val_mae: 0.1604 - 279ms/epoch - 139ms/step
Epoch 151/10000

Epoch 151: val_loss improved from 0.04128 to 0.04122, saving model to ./results/NN_thk_regr/ResNet/recursion_7/ckpt_1
2/2 - 1s - loss: 0.0377 - mse: 0.0377 - mae: 0.1492 - val_loss: 0.0412 - val_mse: 0.0412 - val_mae: 0.1556 - 1s/epoch - 588ms/step
Epoch 152/10000

Epoch 152: val_loss did not improve from 0.04122
2/2 - 0s - loss: 0.0371 - mse: 0.0371 - mae: 0.1484 - val_loss: 0.0455 - val_mse: 0.0455 - val_mae: 0.1590 - 283ms/epoch - 141ms/step
Epoch 153/10000

Epoch 153: val_loss did not improve from 0.04122
2/2 - 0s - loss: 0.0394 - mse: 0.0394 - mae: 0.1498 - val_loss: 0.0425 - val_mse: 0.0425 - val_mae: 0.1621 - 284ms/epoch - 142ms/step
Epoch 154/10000

Epoch 154: val_loss did not improve from 0.04122
2/2 - 0s - loss: 0.0383 - mse: 0.0383 - mae: 0.1523 - val_loss: 0.0413 - val_mse: 0.0413 - val_mae: 0.1550 - 283ms/epoch - 141ms/step
Epoch 155/10000

Epoch 155: val_loss improved from 0.04122 to 0.04117, saving model to ./results/NN_thk_regr/ResNet/recursion_7/ckpt_1
2/2 - 1s - loss: 0.0368 - mse: 0.0368 - mae: 0.1474 - val_loss: 0.0412 - val_mse: 0.0412 - val_mae: 0.1555 - 1s/epoch - 554ms/step
Epoch 156/10000

Epoch 156: val_loss did not improve from 0.04117
2/2 - 0s - loss: 0.0372 - mse: 0.0372 - mae: 0.1470 - val_loss: 0.0425 - val_mse: 0.0425 - val_mae: 0.1621 - 287ms/epoch - 144ms/step
Epoch 157/10000

Epoch 157: val_loss did not improve from 0.04117
2/2 - 0s - loss: 0.0381 - mse: 0.0381 - mae: 0.1530 - val_loss: 0.0504 - val_mse: 0.0504 - val_mae: 0.1685 - 284ms/epoch - 142ms/step
Epoch 158/10000

Epoch 158: val_loss did not improve from 0.04117
2/2 - 0s - loss: 0.0441 - mse: 0.0441 - mae: 0.1593 - val_loss: 0.0429 - val_mse: 0.0429 - val_mae: 0.1637 - 284ms/epoch - 142ms/step
Epoch 159/10000

Epoch 159: val_loss did not improve from 0.04117
2/2 - 0s - loss: 0.0405 - mse: 0.0405 - mae: 0.1596 - val_loss: 0.0423 - val_mse: 0.0423 - val_mae: 0.1582 - 283ms/epoch - 142ms/step
Epoch 160/10000

Epoch 160: val_loss did not improve from 0.04117
2/2 - 0s - loss: 0.0398 - mse: 0.0398 - mae: 0.1544 - val_loss: 0.0448 - val_mse: 0.0448 - val_mae: 0.1627 - 285ms/epoch - 142ms/step
Epoch 161/10000

Epoch 161: val_loss did not improve from 0.04117
2/2 - 0s - loss: 0.0395 - mse: 0.0395 - mae: 0.1554 - val_loss: 0.0461 - val_mse: 0.0461 - val_mae: 0.1725 - 282ms/epoch - 141ms/step
Epoch 162/10000

Epoch 162: val_loss did not improve from 0.04117
2/2 - 0s - loss: 0.0420 - mse: 0.0420 - mae: 0.1625 - val_loss: 0.0433 - val_mse: 0.0433 - val_mae: 0.1607 - 282ms/epoch - 141ms/step
Epoch 163/10000

Epoch 163: val_loss did not improve from 0.04117
2/2 - 0s - loss: 0.0395 - mse: 0.0395 - mae: 0.1549 - val_loss: 0.0428 - val_mse: 0.0428 - val_mae: 0.1601 - 282ms/epoch - 141ms/step
Epoch 164/10000

Epoch 164: val_loss did not improve from 0.04117
2/2 - 0s - loss: 0.0390 - mse: 0.0390 - mae: 0.1548 - val_loss: 0.0430 - val_mse: 0.0430 - val_mae: 0.1630 - 285ms/epoch - 143ms/step
Epoch 165/10000

Epoch 165: val_loss did not improve from 0.04117
2/2 - 0s - loss: 0.0390 - mse: 0.0390 - mae: 0.1549 - val_loss: 0.0428 - val_mse: 0.0428 - val_mae: 0.1593 - 286ms/epoch - 143ms/step
Epoch 166/10000

Epoch 166: val_loss did not improve from 0.04117
2/2 - 0s - loss: 0.0384 - mse: 0.0384 - mae: 0.1523 - val_loss: 0.0421 - val_mse: 0.0421 - val_mae: 0.1594 - 287ms/epoch - 144ms/step
Epoch 167/10000

Epoch 167: val_loss did not improve from 0.04117
2/2 - 0s - loss: 0.0382 - mse: 0.0382 - mae: 0.1523 - val_loss: 0.0421 - val_mse: 0.0421 - val_mae: 0.1582 - 286ms/epoch - 143ms/step
Epoch 168/10000

Epoch 168: val_loss did not improve from 0.04117
2/2 - 0s - loss: 0.0383 - mse: 0.0383 - mae: 0.1513 - val_loss: 0.0420 - val_mse: 0.0420 - val_mae: 0.1581 - 286ms/epoch - 143ms/step
Epoch 169/10000

Epoch 169: val_loss did not improve from 0.04117
2/2 - 0s - loss: 0.0381 - mse: 0.0381 - mae: 0.1516 - val_loss: 0.0420 - val_mse: 0.0420 - val_mae: 0.1592 - 283ms/epoch - 141ms/step
Epoch 170/10000

Epoch 170: val_loss did not improve from 0.04117
2/2 - 0s - loss: 0.0384 - mse: 0.0384 - mae: 0.1518 - val_loss: 0.0420 - val_mse: 0.0420 - val_mae: 0.1574 - 282ms/epoch - 141ms/step
Epoch 171/10000

Epoch 171: val_loss did not improve from 0.04117
2/2 - 0s - loss: 0.0377 - mse: 0.0377 - mae: 0.1499 - val_loss: 0.0421 - val_mse: 0.0421 - val_mae: 0.1601 - 284ms/epoch - 142ms/step
Epoch 172/10000

Epoch 172: val_loss did not improve from 0.04117
2/2 - 0s - loss: 0.0378 - mse: 0.0378 - mae: 0.1513 - val_loss: 0.0433 - val_mse: 0.0433 - val_mae: 0.1580 - 293ms/epoch - 146ms/step
Epoch 173/10000

Epoch 173: val_loss did not improve from 0.04117
2/2 - 0s - loss: 0.0385 - mse: 0.0385 - mae: 0.1502 - val_loss: 0.0417 - val_mse: 0.0417 - val_mae: 0.1578 - 287ms/epoch - 144ms/step
Epoch 174/10000

Epoch 174: val_loss did not improve from 0.04117
2/2 - 0s - loss: 0.0382 - mse: 0.0382 - mae: 0.1519 - val_loss: 0.0420 - val_mse: 0.0420 - val_mae: 0.1565 - 284ms/epoch - 142ms/step
Epoch 175/10000

Epoch 175: val_loss did not improve from 0.04117
2/2 - 0s - loss: 0.0383 - mse: 0.0383 - mae: 0.1492 - val_loss: 0.0417 - val_mse: 0.0417 - val_mae: 0.1566 - 285ms/epoch - 143ms/step
Epoch 176/10000

Epoch 176: val_loss did not improve from 0.04117
2/2 - 0s - loss: 0.0377 - mse: 0.0377 - mae: 0.1505 - val_loss: 0.0419 - val_mse: 0.0419 - val_mae: 0.1593 - 283ms/epoch - 142ms/step
Epoch 177/10000

Epoch 177: val_loss did not improve from 0.04117
2/2 - 0s - loss: 0.0377 - mse: 0.0377 - mae: 0.1502 - val_loss: 0.0433 - val_mse: 0.0433 - val_mae: 0.1571 - 284ms/epoch - 142ms/step
Epoch 178/10000

Epoch 178: val_loss did not improve from 0.04117
2/2 - 0s - loss: 0.0379 - mse: 0.0379 - mae: 0.1485 - val_loss: 0.0431 - val_mse: 0.0431 - val_mae: 0.1641 - 284ms/epoch - 142ms/step
Epoch 179/10000

Epoch 179: val_loss did not improve from 0.04117
2/2 - 0s - loss: 0.0387 - mse: 0.0387 - mae: 0.1542 - val_loss: 0.0430 - val_mse: 0.0430 - val_mae: 0.1566 - 282ms/epoch - 141ms/step
Epoch 180/10000

Epoch 180: val_loss did not improve from 0.04117
2/2 - 0s - loss: 0.0384 - mse: 0.0384 - mae: 0.1483 - val_loss: 0.0415 - val_mse: 0.0415 - val_mae: 0.1576 - 284ms/epoch - 142ms/step
Epoch 181/10000

Epoch 181: val_loss did not improve from 0.04117
2/2 - 0s - loss: 0.0381 - mse: 0.0381 - mae: 0.1512 - val_loss: 0.0416 - val_mse: 0.0416 - val_mae: 0.1556 - 286ms/epoch - 143ms/step
Epoch 182/10000

Epoch 182: val_loss did not improve from 0.04117
2/2 - 0s - loss: 0.0379 - mse: 0.0379 - mae: 0.1475 - val_loss: 0.0416 - val_mse: 0.0416 - val_mae: 0.1555 - 281ms/epoch - 141ms/step
Epoch 183/10000

Epoch 183: val_loss did not improve from 0.04117
2/2 - 0s - loss: 0.0379 - mse: 0.0379 - mae: 0.1496 - val_loss: 0.0415 - val_mse: 0.0415 - val_mae: 0.1574 - 282ms/epoch - 141ms/step
Epoch 184/10000

Epoch 184: val_loss did not improve from 0.04117
2/2 - 0s - loss: 0.0376 - mse: 0.0376 - mae: 0.1489 - val_loss: 0.0422 - val_mse: 0.0422 - val_mae: 0.1555 - 281ms/epoch - 140ms/step
Epoch 185/10000

Epoch 185: val_loss did not improve from 0.04117
2/2 - 0s - loss: 0.0372 - mse: 0.0372 - mae: 0.1471 - val_loss: 0.0431 - val_mse: 0.0431 - val_mae: 0.1639 - 286ms/epoch - 143ms/step
Epoch 186/10000

Epoch 186: val_loss did not improve from 0.04117
2/2 - 0s - loss: 0.0383 - mse: 0.0383 - mae: 0.1529 - val_loss: 0.0437 - val_mse: 0.0437 - val_mae: 0.1569 - 283ms/epoch - 141ms/step
Epoch 187/10000

Epoch 187: val_loss did not improve from 0.04117
2/2 - 0s - loss: 0.0384 - mse: 0.0384 - mae: 0.1476 - val_loss: 0.0421 - val_mse: 0.0421 - val_mae: 0.1603 - 285ms/epoch - 142ms/step
Epoch 188/10000

Epoch 188: val_loss did not improve from 0.04117
2/2 - 0s - loss: 0.0381 - mse: 0.0381 - mae: 0.1521 - val_loss: 0.0424 - val_mse: 0.0424 - val_mae: 0.1554 - 285ms/epoch - 142ms/step
Epoch 189/10000

Epoch 189: val_loss did not improve from 0.04117
2/2 - 0s - loss: 0.0386 - mse: 0.0386 - mae: 0.1479 - val_loss: 0.0417 - val_mse: 0.0417 - val_mae: 0.1587 - 282ms/epoch - 141ms/step
Epoch 190/10000

Epoch 190: val_loss did not improve from 0.04117
2/2 - 0s - loss: 0.0381 - mse: 0.0381 - mae: 0.1519 - val_loss: 0.0413 - val_mse: 0.0413 - val_mae: 0.1562 - 286ms/epoch - 143ms/step
Epoch 191/10000

Epoch 191: val_loss did not improve from 0.04117
2/2 - 0s - loss: 0.0378 - mse: 0.0378 - mae: 0.1482 - val_loss: 0.0419 - val_mse: 0.0419 - val_mae: 0.1549 - 286ms/epoch - 143ms/step
Epoch 192/10000

Epoch 192: val_loss did not improve from 0.04117
2/2 - 0s - loss: 0.0378 - mse: 0.0378 - mae: 0.1492 - val_loss: 0.0417 - val_mse: 0.0417 - val_mae: 0.1587 - 286ms/epoch - 143ms/step
Epoch 193/10000

Epoch 193: val_loss did not improve from 0.04117
2/2 - 0s - loss: 0.0371 - mse: 0.0371 - mae: 0.1478 - val_loss: 0.0436 - val_mse: 0.0436 - val_mae: 0.1566 - 283ms/epoch - 141ms/step
Epoch 194/10000

Epoch 194: val_loss did not improve from 0.04117
2/2 - 0s - loss: 0.0380 - mse: 0.0380 - mae: 0.1468 - val_loss: 0.0437 - val_mse: 0.0437 - val_mae: 0.1659 - 282ms/epoch - 141ms/step
Epoch 195/10000

Epoch 195: val_loss did not improve from 0.04117
2/2 - 0s - loss: 0.0390 - mse: 0.0390 - mae: 0.1552 - val_loss: 0.0431 - val_mse: 0.0431 - val_mae: 0.1559 - 286ms/epoch - 143ms/step
Epoch 196/10000

Epoch 196: val_loss did not improve from 0.04117
2/2 - 0s - loss: 0.0386 - mse: 0.0386 - mae: 0.1477 - val_loss: 0.0420 - val_mse: 0.0420 - val_mae: 0.1600 - 286ms/epoch - 143ms/step
Epoch 197/10000

Epoch 197: val_loss did not improve from 0.04117
2/2 - 0s - loss: 0.0384 - mse: 0.0384 - mae: 0.1531 - val_loss: 0.0414 - val_mse: 0.0414 - val_mae: 0.1551 - 283ms/epoch - 142ms/step
Epoch 198/10000

Epoch 198: val_loss did not improve from 0.04117
2/2 - 0s - loss: 0.0376 - mse: 0.0376 - mae: 0.1468 - val_loss: 0.0419 - val_mse: 0.0419 - val_mae: 0.1549 - 282ms/epoch - 141ms/step
Epoch 199/10000

Epoch 199: val_loss did not improve from 0.04117
2/2 - 0s - loss: 0.0375 - mse: 0.0375 - mae: 0.1476 - val_loss: 0.0423 - val_mse: 0.0423 - val_mae: 0.1611 - 282ms/epoch - 141ms/step
Epoch 200/10000

Epoch 200: val_loss did not improve from 0.04117
2/2 - 0s - loss: 0.0380 - mse: 0.0380 - mae: 0.1510 - val_loss: 0.0427 - val_mse: 0.0427 - val_mae: 0.1556 - 286ms/epoch - 143ms/step
Epoch 201/10000

Epoch 201: val_loss did not improve from 0.04117
2/2 - 0s - loss: 0.0376 - mse: 0.0376 - mae: 0.1469 - val_loss: 0.0420 - val_mse: 0.0420 - val_mae: 0.1602 - 285ms/epoch - 143ms/step
Epoch 202/10000

Epoch 202: val_loss did not improve from 0.04117
2/2 - 0s - loss: 0.0376 - mse: 0.0376 - mae: 0.1505 - val_loss: 0.0416 - val_mse: 0.0416 - val_mae: 0.1548 - 286ms/epoch - 143ms/step
Epoch 203/10000

Epoch 203: val_loss did not improve from 0.04117
2/2 - 0s - loss: 0.0371 - mse: 0.0371 - mae: 0.1460 - val_loss: 0.0413 - val_mse: 0.0413 - val_mae: 0.1566 - 283ms/epoch - 141ms/step
Epoch 204/10000

Epoch 204: val_loss did not improve from 0.04117
2/2 - 0s - loss: 0.0369 - mse: 0.0369 - mae: 0.1480 - val_loss: 0.0413 - val_mse: 0.0413 - val_mae: 0.1571 - 283ms/epoch - 142ms/step
Epoch 205/10000

Epoch 205: val_loss did not improve from 0.04117
2/2 - 0s - loss: 0.0370 - mse: 0.0370 - mae: 0.1477 - val_loss: 0.0416 - val_mse: 0.0416 - val_mae: 0.1548 - 281ms/epoch - 141ms/step
Epoch 205: early stopping
