[0.772459 0.95864  1.14028  1.32192  1.50356  1.6852   1.86684  2.04848
 2.23012  2.41176  2.5934   2.77504  2.95668  3.13832  3.31996  3.5016
 3.68324  3.86488  4.04652  4.22816  4.4098   4.59144  4.77308  4.95472
 5.13636  5.318   ]
Before undersampling: [(0, 11), (1, 41), (2, 117), (3, 379), (4, 1164), (5, 3250), (6, 3633), (7, 2483), (8, 2349), (9, 2100), (10, 1892), (11, 1848), (12, 1641), (13, 1350), (14, 1181), (15, 900), (16, 782), (17, 646), (18, 511), (19, 434), (20, 358), (21, 314), (22, 290), (23, 233), (24, 198)]
After undersampling: [(0, 11), (1, 9), (2, 25), (3, 83), (4, 289), (5, 344), (6, 358), (7, 676), (8, 236), (9, 186), (10, 200), (11, 37), (12, 89), (13, 170), (14, 57), (15, 105), (16, 52), (17, 21), (18, 62), (19, 59), (20, 38), (21, 32), (22, 20), (23, 33), (24, 33)]
      label  HH_0_0_x  HV_0_0_x  IA_0_0_x       FYI      DFYI       MYI     rms_0     thk_1     rms_1     thk_2     rms_2     thk_3     rms_3  ...    3         4    5         6         7         8         9        10   11        12   13        14        15                                                CNN
0     0.858  0.184314  0.054902  0.108219  0.677054  0.244229  0.078717  4.574475  1.157741  4.598907  1.135613  4.568877  1.137049  4.555604  ...  0.0  0.976693  0.0  0.614157  0.580775  0.824165  0.316351  0.915441  0.0  0.687166  0.0  0.681156  0.467802  [[[[0.2274509803921568], [0.1081809698366651],...
1     0.922  0.219608  0.043137  0.095634  0.054778  0.917930  0.027292  4.928114  1.252795  4.933641  1.183038  4.945711  1.206833  4.951181  ...  0.0  1.014148  0.0  0.640144  0.557590  0.845430  0.301105  0.952926  0.0  0.730141  0.0  0.731394  0.484976  [[[[0.1215686274509803], [0.0955935010723039],...
2     0.934  0.192157  0.031373  0.097116  0.587126  0.332548  0.080326  4.575322  1.137139  4.539704  1.094642  4.548931  1.119177  4.518337  ...  0.0  1.141272  0.0  0.686991  0.657252  0.887173  0.262995  1.067364  0.0  0.828544  0.0  0.798359  0.574734  [[[[0.1215686274509803], [0.0971558065975413],...
3     0.895  0.188235  0.035294  0.097129  0.495887  0.419141  0.084972  4.582605  1.146608  4.565219  1.119833  4.570570  1.106200  4.542815  ...  0.0  1.152834  0.0  0.692828  0.669648  0.885035  0.259357  1.075103  0.0  0.840245  0.0  0.805713  0.586994  [[[[0.188235294117647], [0.0971691505581724], ...
4     0.944  0.325490  0.066667  0.096222  0.002803  0.962774  0.034423  5.199004  1.323369  5.165545  1.259931  5.168842  1.279109  5.193098  ...  0.0  0.968458  0.0  0.649656  0.502992  0.845221  0.351467  0.905719  0.0  0.705089  0.0  0.735994  0.453760  [[[[0.2745098039215686], [0.0962616415584788],...
...     ...       ...       ...       ...       ...       ...       ...       ...       ...       ...       ...       ...       ...       ...  ...  ...       ...  ...       ...       ...       ...       ...       ...  ...       ...  ...       ...       ...                                                ...
3220  5.266  0.333333  0.121569  0.095134  0.007930  0.942215  0.049855  5.408391  1.379992  5.331995  1.311688  5.374218  1.339764  5.365886  ...  0.0  0.906925  0.0  0.636241  0.434026  0.795010  0.350317  0.837989  0.0  0.639000  0.0  0.697322  0.361464  [[[[0.3294117647058823], [0.0951736898983226],...
3221  5.219  0.227451  0.109804  0.098115  0.002341  0.980771  0.016888  5.162682  1.381584  5.217383  1.292629  5.194954  1.304422  5.210368  ...  0.0  0.984047  0.0  0.626976  0.517058  0.811540  0.294969  0.906799  0.0  0.731608  0.0  0.726429  0.479858  [[[[0.2274509803921568], [0.0981550478467754],...
3222  5.318  0.168627  0.062745  0.098783  0.458621  0.435877  0.105501  4.754972  1.204909  4.635722  1.146723  4.660666  1.174329  4.643777  ...  0.0  0.979510  0.0  0.627572  0.528929  0.811496  0.313218  0.894952  0.0  0.712177  0.0  0.714454  0.468289  [[[[0.188235294117647], [0.0988235099642884], ...
3223  5.215  0.239216  0.074510  0.100000  0.005018  0.968609  0.026373  5.282585  1.338815  5.210812  1.252029  5.214345  1.288906  5.281698  ...  0.0  0.968993  0.0  0.634420  0.502717  0.824961  0.306410  0.911509  0.0  0.694744  0.0  0.720134  0.440288  [[[[0.2980392156862745], [0.1000401141596775],...
3224  5.219  0.309804  0.082353  0.103342  0.124594  0.635667  0.239738  5.077540  1.298683  5.054685  1.253455  5.053246  1.232401  5.042140  ...  0.0  1.053828  0.0  0.616554  0.646754  0.829501  0.302260  0.926759  0.0  0.773706  0.0  0.717839  0.574578  [[[[0.2352941176470588], [0.1033824397068397],...

[3225 rows x 128 columns]
Size of dataset: (3225, 127)
*************************** Fold #: 1 ***************************
Model: "model"
__________________________________________________________________________________________________
 Layer (type)                   Output Shape         Param #     Connected to                     
==================================================================================================
 conv (InputLayer)              [(None, 7, 7, 3, 1)  0           []                               
                                ]                                                                 
                                                                                                  
 zero_padding3d (ZeroPadding3D)  (None, 8, 8, 4, 1)  0           ['conv[0][0]']                   
                                                                                                  
 conv3d (Conv3D)                (None, 8, 8, 4, 8)   224         ['zero_padding3d[0][0]']         
                                                                                                  
 max_pooling3d (MaxPooling3D)   (None, 4, 4, 2, 8)   0           ['conv3d[0][0]']                 
                                                                                                  
 conv3d_1 (Conv3D)              (None, 4, 4, 2, 4)   868         ['max_pooling3d[0][0]']          
                                                                                                  
 max_pooling3d_1 (MaxPooling3D)  (None, 2, 2, 1, 4)  0           ['conv3d_1[0][0]']               
                                                                                                  
 cat (InputLayer)               [(None, 126)]        0           []                               
                                                                                                  
 flatten (Flatten)              (None, 16)           0           ['max_pooling3d_1[0][0]']        
                                                                                                  
 concatenate (Concatenate)      (None, 142)          0           ['cat[0][0]',                    
                                                                  'flatten[0][0]']                
                                                                                                  
 dense (Dense)                  (None, 200)          28600       ['concatenate[0][0]']            
                                                                                                  
 dense_1 (Dense)                (None, 200)          40200       ['dense[0][0]']                  
                                                                                                  
 dense_2 (Dense)                (None, 200)          40200       ['dense_1[0][0]']                
                                                                                                  
 dense_3 (Dense)                (None, 200)          40200       ['dense_2[0][0]']                
                                                                                                  
 dense_4 (Dense)                (None, 200)          40200       ['dense_3[0][0]']                
                                                                                                  
 dense_5 (Dense)                (None, 1)            201         ['dense_4[0][0]']                
                                                                                                  
==================================================================================================
Total params: 190,693
Trainable params: 190,693
Non-trainable params: 0
__________________________________________________________________________________________________
Epoch 1/10000

Epoch 1: val_loss improved from inf to 0.90554, saving model to ./results/NN_thk_regr/ResNet/recursion_14/ckpt_1
2/2 - 2s - loss: 1.5949 - mse: 1.5949 - mae: 1.2393 - val_loss: 0.9055 - val_mse: 0.9055 - val_mae: 0.9240 - 2s/epoch - 794ms/step
Epoch 2/10000

Epoch 2: val_loss improved from 0.90554 to 0.09157, saving model to ./results/NN_thk_regr/ResNet/recursion_14/ckpt_1
2/2 - 1s - loss: 0.7384 - mse: 0.7384 - mae: 0.8201 - val_loss: 0.0916 - val_mse: 0.0916 - val_mae: 0.2269 - 1s/epoch - 535ms/step
Epoch 3/10000

Epoch 3: val_loss did not improve from 0.09157
2/2 - 0s - loss: 0.1269 - mse: 0.1269 - mae: 0.2878 - val_loss: 0.3716 - val_mse: 0.3716 - val_mae: 0.5706 - 305ms/epoch - 152ms/step
Epoch 4/10000

Epoch 4: val_loss improved from 0.09157 to 0.05541, saving model to ./results/NN_thk_regr/ResNet/recursion_14/ckpt_1
2/2 - 1s - loss: 0.2947 - mse: 0.2947 - mae: 0.4977 - val_loss: 0.0554 - val_mse: 0.0554 - val_mae: 0.1951 - 1s/epoch - 520ms/step
Epoch 5/10000

Epoch 5: val_loss did not improve from 0.05541
2/2 - 0s - loss: 0.0583 - mse: 0.0583 - mae: 0.1924 - val_loss: 0.1420 - val_mse: 0.1420 - val_mae: 0.3106 - 300ms/epoch - 150ms/step
Epoch 6/10000

Epoch 6: val_loss did not improve from 0.05541
2/2 - 0s - loss: 0.1464 - mse: 0.1464 - mae: 0.3234 - val_loss: 0.1423 - val_mse: 0.1423 - val_mae: 0.3109 - 301ms/epoch - 151ms/step
Epoch 7/10000

Epoch 7: val_loss improved from 0.05541 to 0.05245, saving model to ./results/NN_thk_regr/ResNet/recursion_14/ckpt_1
2/2 - 1s - loss: 0.1182 - mse: 0.1182 - mae: 0.2782 - val_loss: 0.0524 - val_mse: 0.0524 - val_mae: 0.1639 - 1s/epoch - 572ms/step
Epoch 8/10000

Epoch 8: val_loss did not improve from 0.05245
2/2 - 0s - loss: 0.0496 - mse: 0.0496 - mae: 0.1742 - val_loss: 0.0980 - val_mse: 0.0980 - val_mae: 0.2714 - 303ms/epoch - 152ms/step
Epoch 9/10000

Epoch 9: val_loss did not improve from 0.05245
2/2 - 0s - loss: 0.0936 - mse: 0.0936 - mae: 0.2686 - val_loss: 0.0764 - val_mse: 0.0764 - val_mae: 0.2380 - 302ms/epoch - 151ms/step
Epoch 10/10000

Epoch 10: val_loss improved from 0.05245 to 0.05210, saving model to ./results/NN_thk_regr/ResNet/recursion_14/ckpt_1
2/2 - 1s - loss: 0.0600 - mse: 0.0600 - mae: 0.2093 - val_loss: 0.0521 - val_mse: 0.0521 - val_mae: 0.1638 - 1s/epoch - 597ms/step
Epoch 11/10000

Epoch 11: val_loss did not improve from 0.05210
2/2 - 0s - loss: 0.0508 - mse: 0.0508 - mae: 0.1621 - val_loss: 0.0750 - val_mse: 0.0750 - val_mae: 0.1976 - 303ms/epoch - 152ms/step
Epoch 12/10000

Epoch 12: val_loss did not improve from 0.05210
2/2 - 0s - loss: 0.0685 - mse: 0.0685 - mae: 0.1901 - val_loss: 0.0617 - val_mse: 0.0617 - val_mae: 0.1745 - 301ms/epoch - 150ms/step
Epoch 13/10000

Epoch 13: val_loss improved from 0.05210 to 0.05048, saving model to ./results/NN_thk_regr/ResNet/recursion_14/ckpt_1
2/2 - 1s - loss: 0.0519 - mse: 0.0519 - mae: 0.1625 - val_loss: 0.0505 - val_mse: 0.0505 - val_mae: 0.1795 - 1s/epoch - 562ms/step
Epoch 14/10000

Epoch 14: val_loss did not improve from 0.05048
2/2 - 0s - loss: 0.0467 - mse: 0.0467 - mae: 0.1788 - val_loss: 0.0637 - val_mse: 0.0637 - val_mae: 0.2146 - 301ms/epoch - 151ms/step
Epoch 15/10000

Epoch 15: val_loss did not improve from 0.05048
2/2 - 0s - loss: 0.0553 - mse: 0.0553 - mae: 0.2031 - val_loss: 0.0523 - val_mse: 0.0523 - val_mae: 0.1867 - 297ms/epoch - 148ms/step
Epoch 16/10000

Epoch 16: val_loss did not improve from 0.05048
2/2 - 0s - loss: 0.0445 - mse: 0.0445 - mae: 0.1710 - val_loss: 0.0516 - val_mse: 0.0516 - val_mae: 0.1637 - 301ms/epoch - 151ms/step
Epoch 17/10000

Epoch 17: val_loss did not improve from 0.05048
2/2 - 0s - loss: 0.0467 - mse: 0.0467 - mae: 0.1562 - val_loss: 0.0555 - val_mse: 0.0555 - val_mae: 0.1664 - 301ms/epoch - 150ms/step
Epoch 18/10000

Epoch 18: val_loss improved from 0.05048 to 0.04964, saving model to ./results/NN_thk_regr/ResNet/recursion_14/ckpt_1
2/2 - 1s - loss: 0.0485 - mse: 0.0485 - mae: 0.1573 - val_loss: 0.0496 - val_mse: 0.0496 - val_mae: 0.1660 - 1s/epoch - 590ms/step
Epoch 19/10000

Epoch 19: val_loss did not improve from 0.04964
2/2 - 0s - loss: 0.0437 - mse: 0.0437 - mae: 0.1613 - val_loss: 0.0523 - val_mse: 0.0523 - val_mae: 0.1872 - 306ms/epoch - 153ms/step
Epoch 20/10000

Epoch 20: val_loss did not improve from 0.04964
2/2 - 0s - loss: 0.0460 - mse: 0.0460 - mae: 0.1786 - val_loss: 0.0511 - val_mse: 0.0511 - val_mae: 0.1830 - 300ms/epoch - 150ms/step
Epoch 21/10000

Epoch 21: val_loss improved from 0.04964 to 0.04926, saving model to ./results/NN_thk_regr/ResNet/recursion_14/ckpt_1
2/2 - 1s - loss: 0.0442 - mse: 0.0442 - mae: 0.1697 - val_loss: 0.0493 - val_mse: 0.0493 - val_mae: 0.1666 - 1s/epoch - 596ms/step
Epoch 22/10000

Epoch 22: val_loss did not improve from 0.04926
2/2 - 0s - loss: 0.0436 - mse: 0.0436 - mae: 0.1572 - val_loss: 0.0499 - val_mse: 0.0499 - val_mae: 0.1644 - 303ms/epoch - 151ms/step
Epoch 23/10000

Epoch 23: val_loss improved from 0.04926 to 0.04898, saving model to ./results/NN_thk_regr/ResNet/recursion_14/ckpt_1
2/2 - 1s - loss: 0.0435 - mse: 0.0435 - mae: 0.1566 - val_loss: 0.0490 - val_mse: 0.0490 - val_mae: 0.1724 - 1s/epoch - 559ms/step
Epoch 24/10000

Epoch 24: val_loss did not improve from 0.04898
2/2 - 0s - loss: 0.0430 - mse: 0.0430 - mae: 0.1648 - val_loss: 0.0498 - val_mse: 0.0498 - val_mae: 0.1784 - 298ms/epoch - 149ms/step
Epoch 25/10000

Epoch 25: val_loss improved from 0.04898 to 0.04873, saving model to ./results/NN_thk_regr/ResNet/recursion_14/ckpt_1
2/2 - 1s - loss: 0.0433 - mse: 0.0433 - mae: 0.1671 - val_loss: 0.0487 - val_mse: 0.0487 - val_mae: 0.1698 - 1s/epoch - 590ms/step
Epoch 26/10000

Epoch 26: val_loss did not improve from 0.04873
2/2 - 0s - loss: 0.0427 - mse: 0.0427 - mae: 0.1593 - val_loss: 0.0489 - val_mse: 0.0489 - val_mae: 0.1660 - 303ms/epoch - 152ms/step
Epoch 27/10000

Epoch 27: val_loss improved from 0.04873 to 0.04852, saving model to ./results/NN_thk_regr/ResNet/recursion_14/ckpt_1
2/2 - 1s - loss: 0.0429 - mse: 0.0429 - mae: 0.1574 - val_loss: 0.0485 - val_mse: 0.0485 - val_mae: 0.1702 - 1s/epoch - 592ms/step
Epoch 28/10000

Epoch 28: val_loss did not improve from 0.04852
2/2 - 0s - loss: 0.0424 - mse: 0.0424 - mae: 0.1617 - val_loss: 0.0489 - val_mse: 0.0489 - val_mae: 0.1752 - 310ms/epoch - 155ms/step
Epoch 29/10000

Epoch 29: val_loss improved from 0.04852 to 0.04834, saving model to ./results/NN_thk_regr/ResNet/recursion_14/ckpt_1
2/2 - 1s - loss: 0.0428 - mse: 0.0428 - mae: 0.1650 - val_loss: 0.0483 - val_mse: 0.0483 - val_mae: 0.1704 - 1s/epoch - 592ms/step
Epoch 30/10000

Epoch 30: val_loss did not improve from 0.04834
2/2 - 0s - loss: 0.0424 - mse: 0.0424 - mae: 0.1601 - val_loss: 0.0484 - val_mse: 0.0484 - val_mae: 0.1666 - 301ms/epoch - 150ms/step
Epoch 31/10000

Epoch 31: val_loss improved from 0.04834 to 0.04797, saving model to ./results/NN_thk_regr/ResNet/recursion_14/ckpt_1
2/2 - 1s - loss: 0.0425 - mse: 0.0425 - mae: 0.1579 - val_loss: 0.0480 - val_mse: 0.0480 - val_mae: 0.1694 - 1s/epoch - 603ms/step
Epoch 32/10000

Epoch 32: val_loss improved from 0.04797 to 0.04790, saving model to ./results/NN_thk_regr/ResNet/recursion_14/ckpt_1
2/2 - 1s - loss: 0.0425 - mse: 0.0425 - mae: 0.1622 - val_loss: 0.0479 - val_mse: 0.0479 - val_mae: 0.1707 - 1s/epoch - 564ms/step
Epoch 33/10000

Epoch 33: val_loss did not improve from 0.04790
2/2 - 0s - loss: 0.0423 - mse: 0.0423 - mae: 0.1603 - val_loss: 0.0479 - val_mse: 0.0479 - val_mae: 0.1666 - 303ms/epoch - 152ms/step
Epoch 34/10000

Epoch 34: val_loss improved from 0.04790 to 0.04774, saving model to ./results/NN_thk_regr/ResNet/recursion_14/ckpt_1
2/2 - 1s - loss: 0.0422 - mse: 0.0422 - mae: 0.1578 - val_loss: 0.0477 - val_mse: 0.0477 - val_mae: 0.1703 - 1s/epoch - 595ms/step
Epoch 35/10000

Epoch 35: val_loss did not improve from 0.04774
2/2 - 0s - loss: 0.0422 - mse: 0.0422 - mae: 0.1621 - val_loss: 0.0478 - val_mse: 0.0478 - val_mae: 0.1721 - 303ms/epoch - 152ms/step
Epoch 36/10000

Epoch 36: val_loss improved from 0.04774 to 0.04745, saving model to ./results/NN_thk_regr/ResNet/recursion_14/ckpt_1
2/2 - 1s - loss: 0.0420 - mse: 0.0420 - mae: 0.1617 - val_loss: 0.0475 - val_mse: 0.0475 - val_mae: 0.1670 - 1s/epoch - 561ms/step
Epoch 37/10000

Epoch 37: val_loss improved from 0.04745 to 0.04730, saving model to ./results/NN_thk_regr/ResNet/recursion_14/ckpt_1
2/2 - 1s - loss: 0.0420 - mse: 0.0420 - mae: 0.1576 - val_loss: 0.0473 - val_mse: 0.0473 - val_mae: 0.1666 - 1s/epoch - 588ms/step
Epoch 38/10000

Epoch 38: val_loss improved from 0.04730 to 0.04725, saving model to ./results/NN_thk_regr/ResNet/recursion_14/ckpt_1
2/2 - 1s - loss: 0.0419 - mse: 0.0419 - mae: 0.1587 - val_loss: 0.0473 - val_mse: 0.0473 - val_mae: 0.1716 - 1s/epoch - 593ms/step
Epoch 39/10000

Epoch 39: val_loss improved from 0.04725 to 0.04687, saving model to ./results/NN_thk_regr/ResNet/recursion_14/ckpt_1
2/2 - 1s - loss: 0.0418 - mse: 0.0418 - mae: 0.1615 - val_loss: 0.0469 - val_mse: 0.0469 - val_mae: 0.1680 - 1s/epoch - 657ms/step
Epoch 40/10000

Epoch 40: val_loss improved from 0.04687 to 0.04669, saving model to ./results/NN_thk_regr/ResNet/recursion_14/ckpt_1
2/2 - 1s - loss: 0.0416 - mse: 0.0416 - mae: 0.1589 - val_loss: 0.0467 - val_mse: 0.0467 - val_mae: 0.1682 - 1s/epoch - 596ms/step
Epoch 41/10000

Epoch 41: val_loss improved from 0.04669 to 0.04640, saving model to ./results/NN_thk_regr/ResNet/recursion_14/ckpt_1
2/2 - 1s - loss: 0.0416 - mse: 0.0416 - mae: 0.1595 - val_loss: 0.0464 - val_mse: 0.0464 - val_mae: 0.1691 - 1s/epoch - 632ms/step
Epoch 42/10000

Epoch 42: val_loss improved from 0.04640 to 0.04592, saving model to ./results/NN_thk_regr/ResNet/recursion_14/ckpt_1
2/2 - 1s - loss: 0.0414 - mse: 0.0414 - mae: 0.1607 - val_loss: 0.0459 - val_mse: 0.0459 - val_mae: 0.1660 - 1s/epoch - 616ms/step
Epoch 43/10000

Epoch 43: val_loss improved from 0.04592 to 0.04567, saving model to ./results/NN_thk_regr/ResNet/recursion_14/ckpt_1
2/2 - 1s - loss: 0.0417 - mse: 0.0417 - mae: 0.1566 - val_loss: 0.0457 - val_mse: 0.0457 - val_mae: 0.1667 - 1s/epoch - 563ms/step
Epoch 44/10000

Epoch 44: val_loss improved from 0.04567 to 0.04559, saving model to ./results/NN_thk_regr/ResNet/recursion_14/ckpt_1
2/2 - 1s - loss: 0.0416 - mse: 0.0416 - mae: 0.1620 - val_loss: 0.0456 - val_mse: 0.0456 - val_mae: 0.1686 - 1s/epoch - 592ms/step
Epoch 45/10000

Epoch 45: val_loss improved from 0.04559 to 0.04548, saving model to ./results/NN_thk_regr/ResNet/recursion_14/ckpt_1
2/2 - 1s - loss: 0.0411 - mse: 0.0411 - mae: 0.1580 - val_loss: 0.0455 - val_mse: 0.0455 - val_mae: 0.1624 - 1s/epoch - 595ms/step
Epoch 46/10000

Epoch 46: val_loss did not improve from 0.04548
2/2 - 0s - loss: 0.0410 - mse: 0.0410 - mae: 0.1562 - val_loss: 0.0456 - val_mse: 0.0456 - val_mae: 0.1715 - 312ms/epoch - 156ms/step
Epoch 47/10000

Epoch 47: val_loss improved from 0.04548 to 0.04468, saving model to ./results/NN_thk_regr/ResNet/recursion_14/ckpt_1
2/2 - 1s - loss: 0.0410 - mse: 0.0410 - mae: 0.1615 - val_loss: 0.0447 - val_mse: 0.0447 - val_mae: 0.1657 - 1s/epoch - 565ms/step
Epoch 48/10000

Epoch 48: val_loss improved from 0.04468 to 0.04443, saving model to ./results/NN_thk_regr/ResNet/recursion_14/ckpt_1
2/2 - 1s - loss: 0.0404 - mse: 0.0404 - mae: 0.1567 - val_loss: 0.0444 - val_mse: 0.0444 - val_mae: 0.1648 - 1s/epoch - 599ms/step
Epoch 49/10000

Epoch 49: val_loss did not improve from 0.04443
2/2 - 0s - loss: 0.0405 - mse: 0.0405 - mae: 0.1559 - val_loss: 0.0445 - val_mse: 0.0445 - val_mae: 0.1681 - 305ms/epoch - 153ms/step
Epoch 50/10000

Epoch 50: val_loss improved from 0.04443 to 0.04397, saving model to ./results/NN_thk_regr/ResNet/recursion_14/ckpt_1
2/2 - 1s - loss: 0.0404 - mse: 0.0404 - mae: 0.1587 - val_loss: 0.0440 - val_mse: 0.0440 - val_mae: 0.1664 - 1s/epoch - 594ms/step
Epoch 51/10000

Epoch 51: val_loss improved from 0.04397 to 0.04352, saving model to ./results/NN_thk_regr/ResNet/recursion_14/ckpt_1
2/2 - 1s - loss: 0.0399 - mse: 0.0399 - mae: 0.1565 - val_loss: 0.0435 - val_mse: 0.0435 - val_mae: 0.1648 - 1s/epoch - 597ms/step
Epoch 52/10000

Epoch 52: val_loss did not improve from 0.04352
2/2 - 0s - loss: 0.0395 - mse: 0.0395 - mae: 0.1558 - val_loss: 0.0463 - val_mse: 0.0463 - val_mae: 0.1573 - 302ms/epoch - 151ms/step
Epoch 53/10000

Epoch 53: val_loss improved from 0.04352 to 0.04342, saving model to ./results/NN_thk_regr/ResNet/recursion_14/ckpt_1
2/2 - 1s - loss: 0.0420 - mse: 0.0420 - mae: 0.1544 - val_loss: 0.0434 - val_mse: 0.0434 - val_mae: 0.1655 - 1s/epoch - 602ms/step
Epoch 54/10000

Epoch 54: val_loss improved from 0.04342 to 0.04305, saving model to ./results/NN_thk_regr/ResNet/recursion_14/ckpt_1
2/2 - 1s - loss: 0.0396 - mse: 0.0396 - mae: 0.1544 - val_loss: 0.0431 - val_mse: 0.0431 - val_mae: 0.1591 - 1s/epoch - 562ms/step
Epoch 55/10000

Epoch 55: val_loss did not improve from 0.04305
2/2 - 0s - loss: 0.0402 - mse: 0.0402 - mae: 0.1562 - val_loss: 0.0434 - val_mse: 0.0434 - val_mae: 0.1575 - 304ms/epoch - 152ms/step
Epoch 56/10000

Epoch 56: val_loss did not improve from 0.04305
2/2 - 0s - loss: 0.0399 - mse: 0.0399 - mae: 0.1504 - val_loss: 0.0432 - val_mse: 0.0432 - val_mae: 0.1643 - 304ms/epoch - 152ms/step
Epoch 57/10000

Epoch 57: val_loss improved from 0.04305 to 0.04274, saving model to ./results/NN_thk_regr/ResNet/recursion_14/ckpt_1
2/2 - 1s - loss: 0.0394 - mse: 0.0394 - mae: 0.1563 - val_loss: 0.0427 - val_mse: 0.0427 - val_mae: 0.1578 - 1s/epoch - 597ms/step
Epoch 58/10000

Epoch 58: val_loss did not improve from 0.04274
2/2 - 0s - loss: 0.0391 - mse: 0.0391 - mae: 0.1502 - val_loss: 0.0430 - val_mse: 0.0430 - val_mae: 0.1641 - 302ms/epoch - 151ms/step
Epoch 59/10000

Epoch 59: val_loss improved from 0.04274 to 0.04242, saving model to ./results/NN_thk_regr/ResNet/recursion_14/ckpt_1
2/2 - 1s - loss: 0.0392 - mse: 0.0392 - mae: 0.1540 - val_loss: 0.0424 - val_mse: 0.0424 - val_mae: 0.1568 - 1s/epoch - 564ms/step
Epoch 60/10000

Epoch 60: val_loss improved from 0.04242 to 0.04233, saving model to ./results/NN_thk_regr/ResNet/recursion_14/ckpt_1
2/2 - 1s - loss: 0.0389 - mse: 0.0389 - mae: 0.1505 - val_loss: 0.0423 - val_mse: 0.0423 - val_mae: 0.1604 - 1s/epoch - 590ms/step
Epoch 61/10000

Epoch 61: val_loss did not improve from 0.04233
2/2 - 0s - loss: 0.0392 - mse: 0.0392 - mae: 0.1514 - val_loss: 0.0427 - val_mse: 0.0427 - val_mae: 0.1629 - 301ms/epoch - 151ms/step
Epoch 62/10000

Epoch 62: val_loss did not improve from 0.04233
2/2 - 0s - loss: 0.0389 - mse: 0.0389 - mae: 0.1547 - val_loss: 0.0428 - val_mse: 0.0428 - val_mae: 0.1557 - 303ms/epoch - 151ms/step
Epoch 63/10000

Epoch 63: val_loss did not improve from 0.04233
2/2 - 0s - loss: 0.0391 - mse: 0.0391 - mae: 0.1488 - val_loss: 0.0435 - val_mse: 0.0435 - val_mae: 0.1669 - 302ms/epoch - 151ms/step
Epoch 64/10000

Epoch 64: val_loss did not improve from 0.04233
2/2 - 0s - loss: 0.0392 - mse: 0.0392 - mae: 0.1560 - val_loss: 0.0426 - val_mse: 0.0426 - val_mae: 0.1548 - 303ms/epoch - 151ms/step
Epoch 65/10000

Epoch 65: val_loss improved from 0.04233 to 0.04190, saving model to ./results/NN_thk_regr/ResNet/recursion_14/ckpt_1
2/2 - 1s - loss: 0.0393 - mse: 0.0393 - mae: 0.1505 - val_loss: 0.0419 - val_mse: 0.0419 - val_mae: 0.1568 - 1s/epoch - 594ms/step
Epoch 66/10000

Epoch 66: val_loss improved from 0.04190 to 0.04182, saving model to ./results/NN_thk_regr/ResNet/recursion_14/ckpt_1
2/2 - 1s - loss: 0.0383 - mse: 0.0383 - mae: 0.1485 - val_loss: 0.0418 - val_mse: 0.0418 - val_mae: 0.1581 - 1s/epoch - 597ms/step
Epoch 67/10000

Epoch 67: val_loss did not improve from 0.04182
2/2 - 0s - loss: 0.0385 - mse: 0.0385 - mae: 0.1514 - val_loss: 0.0436 - val_mse: 0.0436 - val_mae: 0.1537 - 309ms/epoch - 155ms/step
Epoch 68/10000

Epoch 68: val_loss did not improve from 0.04182
2/2 - 0s - loss: 0.0395 - mse: 0.0395 - mae: 0.1466 - val_loss: 0.0447 - val_mse: 0.0447 - val_mae: 0.1701 - 305ms/epoch - 153ms/step
Epoch 69/10000

Epoch 69: val_loss did not improve from 0.04182
2/2 - 0s - loss: 0.0396 - mse: 0.0396 - mae: 0.1566 - val_loss: 0.0430 - val_mse: 0.0430 - val_mae: 0.1541 - 303ms/epoch - 152ms/step
Epoch 70/10000

Epoch 70: val_loss did not improve from 0.04182
2/2 - 0s - loss: 0.0389 - mse: 0.0389 - mae: 0.1476 - val_loss: 0.0441 - val_mse: 0.0441 - val_mae: 0.1690 - 311ms/epoch - 156ms/step
Epoch 71/10000

Epoch 71: val_loss did not improve from 0.04182
2/2 - 0s - loss: 0.0397 - mse: 0.0397 - mae: 0.1566 - val_loss: 0.0420 - val_mse: 0.0420 - val_mae: 0.1543 - 322ms/epoch - 161ms/step
Epoch 72/10000

Epoch 72: val_loss did not improve from 0.04182
2/2 - 0s - loss: 0.0382 - mse: 0.0382 - mae: 0.1477 - val_loss: 0.0421 - val_mse: 0.0421 - val_mae: 0.1607 - 305ms/epoch - 152ms/step
Epoch 73/10000

Epoch 73: val_loss improved from 0.04182 to 0.04132, saving model to ./results/NN_thk_regr/ResNet/recursion_14/ckpt_1
2/2 - 1s - loss: 0.0387 - mse: 0.0387 - mae: 0.1504 - val_loss: 0.0413 - val_mse: 0.0413 - val_mae: 0.1558 - 1s/epoch - 599ms/step
Epoch 74/10000

Epoch 74: val_loss did not improve from 0.04132
2/2 - 0s - loss: 0.0379 - mse: 0.0379 - mae: 0.1496 - val_loss: 0.0416 - val_mse: 0.0416 - val_mae: 0.1532 - 309ms/epoch - 154ms/step
Epoch 75/10000

Epoch 75: val_loss did not improve from 0.04132
2/2 - 0s - loss: 0.0380 - mse: 0.0380 - mae: 0.1456 - val_loss: 0.0419 - val_mse: 0.0419 - val_mae: 0.1600 - 301ms/epoch - 150ms/step
Epoch 76/10000

Epoch 76: val_loss did not improve from 0.04132
2/2 - 0s - loss: 0.0378 - mse: 0.0378 - mae: 0.1503 - val_loss: 0.0414 - val_mse: 0.0414 - val_mae: 0.1546 - 302ms/epoch - 151ms/step
Epoch 77/10000

Epoch 77: val_loss did not improve from 0.04132
2/2 - 0s - loss: 0.0377 - mse: 0.0377 - mae: 0.1467 - val_loss: 0.0421 - val_mse: 0.0421 - val_mae: 0.1613 - 301ms/epoch - 150ms/step
Epoch 78/10000

Epoch 78: val_loss improved from 0.04132 to 0.04113, saving model to ./results/NN_thk_regr/ResNet/recursion_14/ckpt_1
2/2 - 1s - loss: 0.0380 - mse: 0.0380 - mae: 0.1504 - val_loss: 0.0411 - val_mse: 0.0411 - val_mae: 0.1541 - 1s/epoch - 561ms/step
Epoch 79/10000

Epoch 79: val_loss did not improve from 0.04113
2/2 - 0s - loss: 0.0373 - mse: 0.0373 - mae: 0.1464 - val_loss: 0.0419 - val_mse: 0.0419 - val_mae: 0.1602 - 305ms/epoch - 152ms/step
Epoch 80/10000

Epoch 80: val_loss improved from 0.04113 to 0.04112, saving model to ./results/NN_thk_regr/ResNet/recursion_14/ckpt_1
2/2 - 1s - loss: 0.0378 - mse: 0.0378 - mae: 0.1485 - val_loss: 0.0411 - val_mse: 0.0411 - val_mae: 0.1521 - 1s/epoch - 596ms/step
Epoch 81/10000

Epoch 81: val_loss did not improve from 0.04112
2/2 - 0s - loss: 0.0384 - mse: 0.0384 - mae: 0.1500 - val_loss: 0.0424 - val_mse: 0.0424 - val_mae: 0.1516 - 304ms/epoch - 152ms/step
Epoch 82/10000

Epoch 82: val_loss did not improve from 0.04112
2/2 - 0s - loss: 0.0385 - mse: 0.0385 - mae: 0.1440 - val_loss: 0.0454 - val_mse: 0.0454 - val_mae: 0.1724 - 302ms/epoch - 151ms/step
Epoch 83/10000

Epoch 83: val_loss did not improve from 0.04112
2/2 - 0s - loss: 0.0403 - mse: 0.0403 - mae: 0.1575 - val_loss: 0.0415 - val_mse: 0.0415 - val_mae: 0.1519 - 300ms/epoch - 150ms/step
Epoch 84/10000

Epoch 84: val_loss did not improve from 0.04112
2/2 - 0s - loss: 0.0394 - mse: 0.0394 - mae: 0.1518 - val_loss: 0.0412 - val_mse: 0.0412 - val_mae: 0.1524 - 303ms/epoch - 151ms/step
Epoch 85/10000

Epoch 85: val_loss did not improve from 0.04112
2/2 - 0s - loss: 0.0381 - mse: 0.0381 - mae: 0.1446 - val_loss: 0.0421 - val_mse: 0.0421 - val_mae: 0.1621 - 306ms/epoch - 153ms/step
Epoch 86/10000

Epoch 86: val_loss did not improve from 0.04112
2/2 - 0s - loss: 0.0382 - mse: 0.0382 - mae: 0.1541 - val_loss: 0.0424 - val_mse: 0.0424 - val_mae: 0.1514 - 302ms/epoch - 151ms/step
Epoch 87/10000

Epoch 87: val_loss did not improve from 0.04112
2/2 - 0s - loss: 0.0387 - mse: 0.0387 - mae: 0.1453 - val_loss: 0.0412 - val_mse: 0.0412 - val_mae: 0.1582 - 304ms/epoch - 152ms/step
Epoch 88/10000

Epoch 88: val_loss did not improve from 0.04112
2/2 - 0s - loss: 0.0373 - mse: 0.0373 - mae: 0.1497 - val_loss: 0.0418 - val_mse: 0.0418 - val_mae: 0.1512 - 303ms/epoch - 152ms/step
Epoch 89/10000

Epoch 89: val_loss did not improve from 0.04112
2/2 - 0s - loss: 0.0379 - mse: 0.0379 - mae: 0.1436 - val_loss: 0.0438 - val_mse: 0.0438 - val_mae: 0.1686 - 327ms/epoch - 163ms/step
Epoch 90/10000

Epoch 90: val_loss did not improve from 0.04112
2/2 - 0s - loss: 0.0388 - mse: 0.0388 - mae: 0.1546 - val_loss: 0.0416 - val_mse: 0.0416 - val_mae: 0.1510 - 300ms/epoch - 150ms/step
Epoch 91/10000

Epoch 91: val_loss improved from 0.04112 to 0.04066, saving model to ./results/NN_thk_regr/ResNet/recursion_14/ckpt_1
2/2 - 1s - loss: 0.0386 - mse: 0.0386 - mae: 0.1473 - val_loss: 0.0407 - val_mse: 0.0407 - val_mae: 0.1534 - 1s/epoch - 572ms/step
Epoch 92/10000

Epoch 92: val_loss did not improve from 0.04066
2/2 - 0s - loss: 0.0380 - mse: 0.0380 - mae: 0.1451 - val_loss: 0.0430 - val_mse: 0.0430 - val_mae: 0.1659 - 304ms/epoch - 152ms/step
Epoch 93/10000

Epoch 93: val_loss did not improve from 0.04066
2/2 - 0s - loss: 0.0385 - mse: 0.0385 - mae: 0.1557 - val_loss: 0.0434 - val_mse: 0.0434 - val_mae: 0.1514 - 304ms/epoch - 152ms/step
Epoch 94/10000

Epoch 94: val_loss did not improve from 0.04066
2/2 - 0s - loss: 0.0392 - mse: 0.0392 - mae: 0.1438 - val_loss: 0.0443 - val_mse: 0.0443 - val_mae: 0.1700 - 299ms/epoch - 149ms/step
Epoch 95/10000

Epoch 95: val_loss did not improve from 0.04066
2/2 - 0s - loss: 0.0388 - mse: 0.0388 - mae: 0.1571 - val_loss: 0.0434 - val_mse: 0.0434 - val_mae: 0.1515 - 302ms/epoch - 151ms/step
Epoch 96/10000

Epoch 96: val_loss did not improve from 0.04066
2/2 - 0s - loss: 0.0392 - mse: 0.0392 - mae: 0.1448 - val_loss: 0.0430 - val_mse: 0.0430 - val_mae: 0.1658 - 304ms/epoch - 152ms/step
Epoch 97/10000

Epoch 97: val_loss improved from 0.04066 to 0.04053, saving model to ./results/NN_thk_regr/ResNet/recursion_14/ckpt_1
2/2 - 1s - loss: 0.0385 - mse: 0.0385 - mae: 0.1536 - val_loss: 0.0405 - val_mse: 0.0405 - val_mae: 0.1525 - 1s/epoch - 589ms/step
Epoch 98/10000

Epoch 98: val_loss did not improve from 0.04053
2/2 - 0s - loss: 0.0367 - mse: 0.0367 - mae: 0.1445 - val_loss: 0.0410 - val_mse: 0.0410 - val_mae: 0.1579 - 305ms/epoch - 153ms/step
Epoch 99/10000

Epoch 99: val_loss improved from 0.04053 to 0.04029, saving model to ./results/NN_thk_regr/ResNet/recursion_14/ckpt_1
2/2 - 1s - loss: 0.0370 - mse: 0.0370 - mae: 0.1474 - val_loss: 0.0403 - val_mse: 0.0403 - val_mae: 0.1525 - 1s/epoch - 591ms/step
Epoch 100/10000

Epoch 100: val_loss did not improve from 0.04029
2/2 - 0s - loss: 0.0366 - mse: 0.0366 - mae: 0.1453 - val_loss: 0.0404 - val_mse: 0.0404 - val_mae: 0.1500 - 305ms/epoch - 152ms/step
Epoch 101/10000

Epoch 101: val_loss did not improve from 0.04029
2/2 - 0s - loss: 0.0366 - mse: 0.0366 - mae: 0.1422 - val_loss: 0.0406 - val_mse: 0.0406 - val_mae: 0.1560 - 304ms/epoch - 152ms/step
Epoch 102/10000

Epoch 102: val_loss did not improve from 0.04029
2/2 - 0s - loss: 0.0364 - mse: 0.0364 - mae: 0.1449 - val_loss: 0.0403 - val_mse: 0.0403 - val_mae: 0.1493 - 308ms/epoch - 154ms/step
Epoch 103/10000

Epoch 103: val_loss did not improve from 0.04029
2/2 - 0s - loss: 0.0391 - mse: 0.0391 - mae: 0.1500 - val_loss: 0.0479 - val_mse: 0.0479 - val_mae: 0.1573 - 302ms/epoch - 151ms/step
Epoch 104/10000

Epoch 104: val_loss did not improve from 0.04029
2/2 - 0s - loss: 0.0421 - mse: 0.0421 - mae: 0.1481 - val_loss: 0.0527 - val_mse: 0.0527 - val_mae: 0.1916 - 305ms/epoch - 152ms/step
Epoch 105/10000

Epoch 105: val_loss did not improve from 0.04029
2/2 - 0s - loss: 0.0440 - mse: 0.0440 - mae: 0.1674 - val_loss: 0.0457 - val_mse: 0.0457 - val_mae: 0.1539 - 305ms/epoch - 152ms/step
Epoch 106/10000

Epoch 106: val_loss did not improve from 0.04029
2/2 - 0s - loss: 0.0403 - mse: 0.0403 - mae: 0.1474 - val_loss: 0.0470 - val_mse: 0.0470 - val_mae: 0.1780 - 302ms/epoch - 151ms/step
Epoch 107/10000

Epoch 107: val_loss did not improve from 0.04029
2/2 - 0s - loss: 0.0412 - mse: 0.0412 - mae: 0.1617 - val_loss: 0.0430 - val_mse: 0.0430 - val_mae: 0.1514 - 307ms/epoch - 154ms/step
Epoch 108/10000

Epoch 108: val_loss did not improve from 0.04029
2/2 - 0s - loss: 0.0385 - mse: 0.0385 - mae: 0.1447 - val_loss: 0.0436 - val_mse: 0.0436 - val_mae: 0.1687 - 302ms/epoch - 151ms/step
Epoch 109/10000

Epoch 109: val_loss did not improve from 0.04029
2/2 - 0s - loss: 0.0387 - mse: 0.0387 - mae: 0.1568 - val_loss: 0.0413 - val_mse: 0.0413 - val_mae: 0.1528 - 304ms/epoch - 152ms/step
Epoch 110/10000

Epoch 110: val_loss did not improve from 0.04029
2/2 - 0s - loss: 0.0374 - mse: 0.0374 - mae: 0.1447 - val_loss: 0.0409 - val_mse: 0.0409 - val_mae: 0.1558 - 303ms/epoch - 151ms/step
Epoch 111/10000

Epoch 111: val_loss did not improve from 0.04029
2/2 - 0s - loss: 0.0369 - mse: 0.0369 - mae: 0.1481 - val_loss: 0.0407 - val_mse: 0.0407 - val_mae: 0.1555 - 301ms/epoch - 151ms/step
Epoch 112/10000

Epoch 112: val_loss did not improve from 0.04029
2/2 - 0s - loss: 0.0367 - mse: 0.0367 - mae: 0.1457 - val_loss: 0.0403 - val_mse: 0.0403 - val_mae: 0.1532 - 303ms/epoch - 151ms/step
Epoch 113/10000

Epoch 113: val_loss improved from 0.04029 to 0.04027, saving model to ./results/NN_thk_regr/ResNet/recursion_14/ckpt_1
2/2 - 1s - loss: 0.0367 - mse: 0.0367 - mae: 0.1467 - val_loss: 0.0403 - val_mse: 0.0403 - val_mae: 0.1515 - 1s/epoch - 595ms/step
Epoch 114/10000

Epoch 114: val_loss did not improve from 0.04027
2/2 - 0s - loss: 0.0368 - mse: 0.0368 - mae: 0.1429 - val_loss: 0.0408 - val_mse: 0.0408 - val_mae: 0.1573 - 306ms/epoch - 153ms/step
Epoch 115/10000

Epoch 115: val_loss did not improve from 0.04027
2/2 - 0s - loss: 0.0372 - mse: 0.0372 - mae: 0.1505 - val_loss: 0.0410 - val_mse: 0.0410 - val_mae: 0.1495 - 302ms/epoch - 151ms/step
Epoch 116/10000

Epoch 116: val_loss did not improve from 0.04027
2/2 - 0s - loss: 0.0381 - mse: 0.0381 - mae: 0.1423 - val_loss: 0.0435 - val_mse: 0.0435 - val_mae: 0.1677 - 300ms/epoch - 150ms/step
Epoch 117/10000

Epoch 117: val_loss did not improve from 0.04027
2/2 - 0s - loss: 0.0386 - mse: 0.0386 - mae: 0.1568 - val_loss: 0.0405 - val_mse: 0.0405 - val_mae: 0.1497 - 307ms/epoch - 153ms/step
Epoch 118/10000

Epoch 118: val_loss did not improve from 0.04027
2/2 - 0s - loss: 0.0369 - mse: 0.0369 - mae: 0.1415 - val_loss: 0.0404 - val_mse: 0.0404 - val_mae: 0.1557 - 303ms/epoch - 151ms/step
Epoch 119/10000

Epoch 119: val_loss did not improve from 0.04027
2/2 - 0s - loss: 0.0368 - mse: 0.0368 - mae: 0.1486 - val_loss: 0.0403 - val_mse: 0.0403 - val_mae: 0.1498 - 303ms/epoch - 151ms/step
Epoch 120/10000

Epoch 120: val_loss did not improve from 0.04027
2/2 - 0s - loss: 0.0370 - mse: 0.0370 - mae: 0.1416 - val_loss: 0.0412 - val_mse: 0.0412 - val_mae: 0.1596 - 308ms/epoch - 154ms/step
Epoch 121/10000

Epoch 121: val_loss improved from 0.04027 to 0.04013, saving model to ./results/NN_thk_regr/ResNet/recursion_14/ckpt_1
2/2 - 1s - loss: 0.0370 - mse: 0.0370 - mae: 0.1503 - val_loss: 0.0401 - val_mse: 0.0401 - val_mae: 0.1499 - 1s/epoch - 559ms/step
Epoch 122/10000

Epoch 122: val_loss did not improve from 0.04013
2/2 - 0s - loss: 0.0365 - mse: 0.0365 - mae: 0.1415 - val_loss: 0.0402 - val_mse: 0.0402 - val_mae: 0.1542 - 300ms/epoch - 150ms/step
Epoch 123/10000

Epoch 123: val_loss improved from 0.04013 to 0.03993, saving model to ./results/NN_thk_regr/ResNet/recursion_14/ckpt_1
2/2 - 1s - loss: 0.0362 - mse: 0.0362 - mae: 0.1455 - val_loss: 0.0399 - val_mse: 0.0399 - val_mae: 0.1521 - 1s/epoch - 592ms/step
Epoch 124/10000

Epoch 124: val_loss improved from 0.03993 to 0.03986, saving model to ./results/NN_thk_regr/ResNet/recursion_14/ckpt_1
2/2 - 1s - loss: 0.0360 - mse: 0.0360 - mae: 0.1430 - val_loss: 0.0399 - val_mse: 0.0399 - val_mae: 0.1509 - 1s/epoch - 593ms/step
Epoch 125/10000

Epoch 125: val_loss did not improve from 0.03986
2/2 - 0s - loss: 0.0360 - mse: 0.0360 - mae: 0.1427 - val_loss: 0.0404 - val_mse: 0.0404 - val_mae: 0.1558 - 302ms/epoch - 151ms/step
Epoch 126/10000

Epoch 126: val_loss did not improve from 0.03986
2/2 - 0s - loss: 0.0362 - mse: 0.0362 - mae: 0.1452 - val_loss: 0.0399 - val_mse: 0.0399 - val_mae: 0.1497 - 304ms/epoch - 152ms/step
Epoch 127/10000

Epoch 127: val_loss did not improve from 0.03986
2/2 - 0s - loss: 0.0360 - mse: 0.0360 - mae: 0.1418 - val_loss: 0.0406 - val_mse: 0.0406 - val_mae: 0.1566 - 301ms/epoch - 151ms/step
Epoch 128/10000

Epoch 128: val_loss did not improve from 0.03986
2/2 - 0s - loss: 0.0362 - mse: 0.0362 - mae: 0.1451 - val_loss: 0.0400 - val_mse: 0.0400 - val_mae: 0.1488 - 303ms/epoch - 152ms/step
Epoch 129/10000

Epoch 129: val_loss improved from 0.03986 to 0.03969, saving model to ./results/NN_thk_regr/ResNet/recursion_14/ckpt_1
2/2 - 1s - loss: 0.0365 - mse: 0.0365 - mae: 0.1429 - val_loss: 0.0397 - val_mse: 0.0397 - val_mae: 0.1510 - 1s/epoch - 598ms/step
Epoch 130/10000

Epoch 130: val_loss did not improve from 0.03969
2/2 - 0s - loss: 0.0360 - mse: 0.0360 - mae: 0.1414 - val_loss: 0.0400 - val_mse: 0.0400 - val_mae: 0.1540 - 306ms/epoch - 153ms/step
Epoch 131/10000

Epoch 131: val_loss did not improve from 0.03969
2/2 - 0s - loss: 0.0362 - mse: 0.0362 - mae: 0.1460 - val_loss: 0.0413 - val_mse: 0.0413 - val_mae: 0.1484 - 303ms/epoch - 152ms/step
Epoch 132/10000

Epoch 132: val_loss did not improve from 0.03969
2/2 - 0s - loss: 0.0372 - mse: 0.0372 - mae: 0.1413 - val_loss: 0.0419 - val_mse: 0.0419 - val_mae: 0.1616 - 304ms/epoch - 152ms/step
Epoch 133/10000

Epoch 133: val_loss did not improve from 0.03969
2/2 - 0s - loss: 0.0367 - mse: 0.0367 - mae: 0.1483 - val_loss: 0.0410 - val_mse: 0.0410 - val_mae: 0.1482 - 303ms/epoch - 151ms/step
Epoch 134/10000

Epoch 134: val_loss did not improve from 0.03969
2/2 - 0s - loss: 0.0368 - mse: 0.0368 - mae: 0.1422 - val_loss: 0.0420 - val_mse: 0.0420 - val_mae: 0.1619 - 304ms/epoch - 152ms/step
Epoch 135/10000

Epoch 135: val_loss improved from 0.03969 to 0.03959, saving model to ./results/NN_thk_regr/ResNet/recursion_14/ckpt_1
2/2 - 1s - loss: 0.0383 - mse: 0.0383 - mae: 0.1489 - val_loss: 0.0396 - val_mse: 0.0396 - val_mae: 0.1499 - 1s/epoch - 562ms/step
Epoch 136/10000

Epoch 136: val_loss did not improve from 0.03959
2/2 - 0s - loss: 0.0368 - mse: 0.0368 - mae: 0.1465 - val_loss: 0.0401 - val_mse: 0.0401 - val_mae: 0.1482 - 307ms/epoch - 153ms/step
Epoch 137/10000

Epoch 137: val_loss did not improve from 0.03959
2/2 - 0s - loss: 0.0374 - mse: 0.0374 - mae: 0.1408 - val_loss: 0.0425 - val_mse: 0.0425 - val_mae: 0.1637 - 302ms/epoch - 151ms/step
Epoch 138/10000

Epoch 138: val_loss did not improve from 0.03959
2/2 - 0s - loss: 0.0375 - mse: 0.0375 - mae: 0.1525 - val_loss: 0.0410 - val_mse: 0.0410 - val_mae: 0.1485 - 302ms/epoch - 151ms/step
Epoch 139/10000

Epoch 139: val_loss did not improve from 0.03959
2/2 - 0s - loss: 0.0372 - mse: 0.0372 - mae: 0.1406 - val_loss: 0.0410 - val_mse: 0.0410 - val_mae: 0.1586 - 303ms/epoch - 151ms/step
Epoch 140/10000

Epoch 140: val_loss did not improve from 0.03959
2/2 - 0s - loss: 0.0367 - mse: 0.0367 - mae: 0.1495 - val_loss: 0.0402 - val_mse: 0.0402 - val_mae: 0.1497 - 304ms/epoch - 152ms/step
Epoch 141/10000

Epoch 141: val_loss did not improve from 0.03959
2/2 - 0s - loss: 0.0369 - mse: 0.0369 - mae: 0.1413 - val_loss: 0.0408 - val_mse: 0.0408 - val_mae: 0.1576 - 301ms/epoch - 150ms/step
Epoch 142/10000

Epoch 142: val_loss did not improve from 0.03959
2/2 - 0s - loss: 0.0366 - mse: 0.0366 - mae: 0.1493 - val_loss: 0.0399 - val_mse: 0.0399 - val_mae: 0.1506 - 304ms/epoch - 152ms/step
Epoch 143/10000

Epoch 143: val_loss did not improve from 0.03959
2/2 - 0s - loss: 0.0365 - mse: 0.0365 - mae: 0.1418 - val_loss: 0.0400 - val_mse: 0.0400 - val_mae: 0.1531 - 306ms/epoch - 153ms/step
Epoch 144/10000

Epoch 144: val_loss did not improve from 0.03959
2/2 - 0s - loss: 0.0360 - mse: 0.0360 - mae: 0.1458 - val_loss: 0.0397 - val_mse: 0.0397 - val_mae: 0.1514 - 306ms/epoch - 153ms/step
Epoch 145/10000

Epoch 145: val_loss improved from 0.03959 to 0.03954, saving model to ./results/NN_thk_regr/ResNet/recursion_14/ckpt_1
2/2 - 1s - loss: 0.0359 - mse: 0.0359 - mae: 0.1413 - val_loss: 0.0395 - val_mse: 0.0395 - val_mae: 0.1506 - 1s/epoch - 596ms/step
Epoch 146/10000

Epoch 146: val_loss did not improve from 0.03954
2/2 - 0s - loss: 0.0360 - mse: 0.0360 - mae: 0.1445 - val_loss: 0.0399 - val_mse: 0.0399 - val_mae: 0.1478 - 302ms/epoch - 151ms/step
Epoch 147/10000

Epoch 147: val_loss did not improve from 0.03954
2/2 - 0s - loss: 0.0360 - mse: 0.0360 - mae: 0.1393 - val_loss: 0.0401 - val_mse: 0.0401 - val_mae: 0.1545 - 305ms/epoch - 152ms/step
Epoch 148/10000

Epoch 148: val_loss did not improve from 0.03954
2/2 - 0s - loss: 0.0357 - mse: 0.0357 - mae: 0.1441 - val_loss: 0.0404 - val_mse: 0.0404 - val_mae: 0.1474 - 302ms/epoch - 151ms/step
Epoch 149/10000

Epoch 149: val_loss did not improve from 0.03954
2/2 - 0s - loss: 0.0361 - mse: 0.0361 - mae: 0.1394 - val_loss: 0.0423 - val_mse: 0.0423 - val_mae: 0.1629 - 301ms/epoch - 151ms/step
Epoch 150/10000

Epoch 150: val_loss did not improve from 0.03954
2/2 - 0s - loss: 0.0367 - mse: 0.0367 - mae: 0.1477 - val_loss: 0.0411 - val_mse: 0.0411 - val_mae: 0.1477 - 305ms/epoch - 152ms/step
Epoch 151/10000

Epoch 151: val_loss did not improve from 0.03954
2/2 - 0s - loss: 0.0373 - mse: 0.0373 - mae: 0.1431 - val_loss: 0.0403 - val_mse: 0.0403 - val_mae: 0.1554 - 302ms/epoch - 151ms/step
Epoch 152/10000

Epoch 152: val_loss did not improve from 0.03954
2/2 - 0s - loss: 0.0371 - mse: 0.0371 - mae: 0.1447 - val_loss: 0.0396 - val_mse: 0.0396 - val_mae: 0.1520 - 303ms/epoch - 152ms/step
Epoch 153/10000

Epoch 153: val_loss did not improve from 0.03954
2/2 - 0s - loss: 0.0362 - mse: 0.0362 - mae: 0.1465 - val_loss: 0.0403 - val_mse: 0.0403 - val_mae: 0.1473 - 359ms/epoch - 179ms/step
Epoch 154/10000

Epoch 154: val_loss did not improve from 0.03954
2/2 - 0s - loss: 0.0366 - mse: 0.0366 - mae: 0.1390 - val_loss: 0.0440 - val_mse: 0.0440 - val_mae: 0.1682 - 302ms/epoch - 151ms/step
Epoch 155/10000

Epoch 155: val_loss did not improve from 0.03954
2/2 - 0s - loss: 0.0384 - mse: 0.0384 - mae: 0.1534 - val_loss: 0.0399 - val_mse: 0.0399 - val_mae: 0.1474 - 304ms/epoch - 152ms/step
Epoch 156/10000

Epoch 156: val_loss did not improve from 0.03954
2/2 - 0s - loss: 0.0373 - mse: 0.0373 - mae: 0.1448 - val_loss: 0.0398 - val_mse: 0.0398 - val_mae: 0.1476 - 312ms/epoch - 156ms/step
Epoch 157/10000

Epoch 157: val_loss did not improve from 0.03954
2/2 - 0s - loss: 0.0365 - mse: 0.0365 - mae: 0.1392 - val_loss: 0.0433 - val_mse: 0.0433 - val_mae: 0.1663 - 303ms/epoch - 151ms/step
Epoch 158/10000

Epoch 158: val_loss did not improve from 0.03954
2/2 - 0s - loss: 0.0376 - mse: 0.0376 - mae: 0.1518 - val_loss: 0.0403 - val_mse: 0.0403 - val_mae: 0.1474 - 304ms/epoch - 152ms/step
Epoch 159/10000

Epoch 159: val_loss did not improve from 0.03954
2/2 - 0s - loss: 0.0361 - mse: 0.0361 - mae: 0.1396 - val_loss: 0.0413 - val_mse: 0.0413 - val_mae: 0.1597 - 307ms/epoch - 154ms/step
Epoch 160/10000

Epoch 160: val_loss did not improve from 0.03954
2/2 - 0s - loss: 0.0366 - mse: 0.0366 - mae: 0.1468 - val_loss: 0.0396 - val_mse: 0.0396 - val_mae: 0.1478 - 304ms/epoch - 152ms/step
Epoch 161/10000

Epoch 161: val_loss did not improve from 0.03954
2/2 - 0s - loss: 0.0357 - mse: 0.0357 - mae: 0.1421 - val_loss: 0.0399 - val_mse: 0.0399 - val_mae: 0.1541 - 302ms/epoch - 151ms/step
Epoch 162/10000

Epoch 162: val_loss did not improve from 0.03954
2/2 - 0s - loss: 0.0355 - mse: 0.0355 - mae: 0.1421 - val_loss: 0.0397 - val_mse: 0.0397 - val_mae: 0.1476 - 303ms/epoch - 151ms/step
Epoch 163/10000

Epoch 163: val_loss improved from 0.03954 to 0.03943, saving model to ./results/NN_thk_regr/ResNet/recursion_14/ckpt_1
2/2 - 1s - loss: 0.0361 - mse: 0.0361 - mae: 0.1422 - val_loss: 0.0394 - val_mse: 0.0394 - val_mae: 0.1510 - 1s/epoch - 599ms/step
Epoch 164/10000

Epoch 164: val_loss did not improve from 0.03943
2/2 - 0s - loss: 0.0361 - mse: 0.0361 - mae: 0.1413 - val_loss: 0.0403 - val_mse: 0.0403 - val_mae: 0.1558 - 305ms/epoch - 152ms/step
Epoch 165/10000

Epoch 165: val_loss did not improve from 0.03943
2/2 - 0s - loss: 0.0360 - mse: 0.0360 - mae: 0.1465 - val_loss: 0.0401 - val_mse: 0.0401 - val_mae: 0.1472 - 306ms/epoch - 153ms/step
Epoch 166/10000

Epoch 166: val_loss did not improve from 0.03943
2/2 - 0s - loss: 0.0362 - mse: 0.0362 - mae: 0.1397 - val_loss: 0.0399 - val_mse: 0.0399 - val_mae: 0.1539 - 303ms/epoch - 152ms/step
Epoch 167/10000

Epoch 167: val_loss did not improve from 0.03943
2/2 - 0s - loss: 0.0356 - mse: 0.0356 - mae: 0.1443 - val_loss: 0.0421 - val_mse: 0.0421 - val_mae: 0.1486 - 306ms/epoch - 153ms/step
Epoch 168/10000

Epoch 168: val_loss did not improve from 0.03943
2/2 - 0s - loss: 0.0374 - mse: 0.0374 - mae: 0.1401 - val_loss: 0.0437 - val_mse: 0.0437 - val_mae: 0.1676 - 301ms/epoch - 150ms/step
Epoch 169/10000

Epoch 169: val_loss did not improve from 0.03943
2/2 - 0s - loss: 0.0383 - mse: 0.0383 - mae: 0.1522 - val_loss: 0.0398 - val_mse: 0.0398 - val_mae: 0.1473 - 303ms/epoch - 151ms/step
Epoch 170/10000

Epoch 170: val_loss did not improve from 0.03943
2/2 - 0s - loss: 0.0354 - mse: 0.0354 - mae: 0.1398 - val_loss: 0.0428 - val_mse: 0.0428 - val_mae: 0.1648 - 303ms/epoch - 152ms/step
Epoch 171/10000

Epoch 171: val_loss improved from 0.03943 to 0.03931, saving model to ./results/NN_thk_regr/ResNet/recursion_14/ckpt_1
2/2 - 1s - loss: 0.0389 - mse: 0.0389 - mae: 0.1525 - val_loss: 0.0393 - val_mse: 0.0393 - val_mae: 0.1485 - 1s/epoch - 571ms/step
Epoch 172/10000

Epoch 172: val_loss did not improve from 0.03931
2/2 - 0s - loss: 0.0373 - mse: 0.0373 - mae: 0.1474 - val_loss: 0.0401 - val_mse: 0.0401 - val_mae: 0.1472 - 312ms/epoch - 156ms/step
Epoch 173/10000

Epoch 173: val_loss did not improve from 0.03931
2/2 - 0s - loss: 0.0367 - mse: 0.0367 - mae: 0.1391 - val_loss: 0.0410 - val_mse: 0.0410 - val_mae: 0.1587 - 314ms/epoch - 157ms/step
Epoch 174/10000

Epoch 174: val_loss did not improve from 0.03931
2/2 - 0s - loss: 0.0366 - mse: 0.0366 - mae: 0.1499 - val_loss: 0.0417 - val_mse: 0.0417 - val_mae: 0.1482 - 316ms/epoch - 158ms/step
Epoch 175/10000

Epoch 175: val_loss did not improve from 0.03931
2/2 - 0s - loss: 0.0374 - mse: 0.0374 - mae: 0.1396 - val_loss: 0.0432 - val_mse: 0.0432 - val_mae: 0.1664 - 306ms/epoch - 153ms/step
Epoch 176/10000

Epoch 176: val_loss did not improve from 0.03931
2/2 - 0s - loss: 0.0374 - mse: 0.0374 - mae: 0.1518 - val_loss: 0.0412 - val_mse: 0.0412 - val_mae: 0.1478 - 303ms/epoch - 151ms/step
Epoch 177/10000

Epoch 177: val_loss did not improve from 0.03931
2/2 - 0s - loss: 0.0368 - mse: 0.0368 - mae: 0.1398 - val_loss: 0.0425 - val_mse: 0.0425 - val_mae: 0.1643 - 298ms/epoch - 149ms/step
Epoch 178/10000

Epoch 178: val_loss did not improve from 0.03931
2/2 - 0s - loss: 0.0368 - mse: 0.0368 - mae: 0.1502 - val_loss: 0.0421 - val_mse: 0.0421 - val_mae: 0.1487 - 300ms/epoch - 150ms/step
Epoch 179/10000

Epoch 179: val_loss did not improve from 0.03931
2/2 - 0s - loss: 0.0374 - mse: 0.0374 - mae: 0.1403 - val_loss: 0.0444 - val_mse: 0.0444 - val_mae: 0.1702 - 304ms/epoch - 152ms/step
Epoch 180/10000

Epoch 180: val_loss did not improve from 0.03931
2/2 - 0s - loss: 0.0381 - mse: 0.0381 - mae: 0.1540 - val_loss: 0.0419 - val_mse: 0.0419 - val_mae: 0.1485 - 301ms/epoch - 151ms/step
Epoch 181/10000

Epoch 181: val_loss did not improve from 0.03931
2/2 - 0s - loss: 0.0380 - mse: 0.0380 - mae: 0.1426 - val_loss: 0.0403 - val_mse: 0.0403 - val_mae: 0.1559 - 304ms/epoch - 152ms/step
Epoch 182/10000

Epoch 182: val_loss did not improve from 0.03931
2/2 - 0s - loss: 0.0358 - mse: 0.0358 - mae: 0.1441 - val_loss: 0.0395 - val_mse: 0.0395 - val_mae: 0.1483 - 303ms/epoch - 152ms/step
Epoch 183/10000

Epoch 183: val_loss did not improve from 0.03931
2/2 - 0s - loss: 0.0359 - mse: 0.0359 - mae: 0.1422 - val_loss: 0.0394 - val_mse: 0.0394 - val_mae: 0.1496 - 302ms/epoch - 151ms/step
Epoch 184/10000

Epoch 184: val_loss did not improve from 0.03931
2/2 - 0s - loss: 0.0357 - mse: 0.0357 - mae: 0.1399 - val_loss: 0.0399 - val_mse: 0.0399 - val_mae: 0.1542 - 301ms/epoch - 151ms/step
Epoch 185/10000

Epoch 185: val_loss did not improve from 0.03931
2/2 - 0s - loss: 0.0357 - mse: 0.0357 - mae: 0.1452 - val_loss: 0.0396 - val_mse: 0.0396 - val_mae: 0.1478 - 303ms/epoch - 151ms/step
Epoch 186/10000

Epoch 186: val_loss did not improve from 0.03931
2/2 - 0s - loss: 0.0357 - mse: 0.0357 - mae: 0.1389 - val_loss: 0.0398 - val_mse: 0.0398 - val_mae: 0.1537 - 304ms/epoch - 152ms/step
Epoch 187/10000

Epoch 187: val_loss did not improve from 0.03931
2/2 - 0s - loss: 0.0356 - mse: 0.0356 - mae: 0.1443 - val_loss: 0.0397 - val_mse: 0.0397 - val_mae: 0.1474 - 305ms/epoch - 153ms/step
Epoch 188/10000

Epoch 188: val_loss did not improve from 0.03931
2/2 - 0s - loss: 0.0358 - mse: 0.0358 - mae: 0.1386 - val_loss: 0.0414 - val_mse: 0.0414 - val_mae: 0.1602 - 300ms/epoch - 150ms/step
Epoch 189/10000

Epoch 189: val_loss did not improve from 0.03931
2/2 - 0s - loss: 0.0363 - mse: 0.0363 - mae: 0.1475 - val_loss: 0.0400 - val_mse: 0.0400 - val_mae: 0.1471 - 305ms/epoch - 152ms/step
Epoch 190/10000

Epoch 190: val_loss did not improve from 0.03931
2/2 - 0s - loss: 0.0359 - mse: 0.0359 - mae: 0.1391 - val_loss: 0.0406 - val_mse: 0.0406 - val_mae: 0.1571 - 307ms/epoch - 154ms/step
Epoch 191/10000

Epoch 191: val_loss did not improve from 0.03931
2/2 - 0s - loss: 0.0359 - mse: 0.0359 - mae: 0.1447 - val_loss: 0.0396 - val_mse: 0.0396 - val_mae: 0.1472 - 306ms/epoch - 153ms/step
Epoch 192/10000

Epoch 192: val_loss improved from 0.03931 to 0.03927, saving model to ./results/NN_thk_regr/ResNet/recursion_14/ckpt_1
2/2 - 1s - loss: 0.0359 - mse: 0.0359 - mae: 0.1409 - val_loss: 0.0393 - val_mse: 0.0393 - val_mae: 0.1501 - 1s/epoch - 596ms/step
Epoch 193/10000

Epoch 193: val_loss did not improve from 0.03927
2/2 - 0s - loss: 0.0357 - mse: 0.0357 - mae: 0.1405 - val_loss: 0.0400 - val_mse: 0.0400 - val_mae: 0.1543 - 306ms/epoch - 153ms/step
Epoch 194/10000

Epoch 194: val_loss did not improve from 0.03927
2/2 - 0s - loss: 0.0358 - mse: 0.0358 - mae: 0.1457 - val_loss: 0.0407 - val_mse: 0.0407 - val_mae: 0.1473 - 304ms/epoch - 152ms/step
Epoch 195/10000

Epoch 195: val_loss did not improve from 0.03927
2/2 - 0s - loss: 0.0365 - mse: 0.0365 - mae: 0.1389 - val_loss: 0.0425 - val_mse: 0.0425 - val_mae: 0.1637 - 303ms/epoch - 152ms/step
Epoch 196/10000

Epoch 196: val_loss did not improve from 0.03927
2/2 - 0s - loss: 0.0370 - mse: 0.0370 - mae: 0.1492 - val_loss: 0.0403 - val_mse: 0.0403 - val_mae: 0.1470 - 304ms/epoch - 152ms/step
Epoch 197/10000

Epoch 197: val_loss did not improve from 0.03927
2/2 - 0s - loss: 0.0359 - mse: 0.0359 - mae: 0.1393 - val_loss: 0.0422 - val_mse: 0.0422 - val_mae: 0.1626 - 322ms/epoch - 161ms/step
Epoch 198/10000

Epoch 198: val_loss did not improve from 0.03927
2/2 - 0s - loss: 0.0365 - mse: 0.0365 - mae: 0.1478 - val_loss: 0.0410 - val_mse: 0.0410 - val_mae: 0.1476 - 314ms/epoch - 157ms/step
Epoch 199/10000

Epoch 199: val_loss did not improve from 0.03927
2/2 - 0s - loss: 0.0372 - mse: 0.0372 - mae: 0.1423 - val_loss: 0.0402 - val_mse: 0.0402 - val_mae: 0.1552 - 310ms/epoch - 155ms/step
Epoch 200/10000

Epoch 200: val_loss did not improve from 0.03927
2/2 - 0s - loss: 0.0356 - mse: 0.0356 - mae: 0.1426 - val_loss: 0.0397 - val_mse: 0.0397 - val_mae: 0.1471 - 303ms/epoch - 151ms/step
Epoch 201/10000

Epoch 201: val_loss did not improve from 0.03927
2/2 - 0s - loss: 0.0357 - mse: 0.0357 - mae: 0.1407 - val_loss: 0.0402 - val_mse: 0.0402 - val_mae: 0.1552 - 302ms/epoch - 151ms/step
Epoch 202/10000

Epoch 202: val_loss improved from 0.03927 to 0.03920, saving model to ./results/NN_thk_regr/ResNet/recursion_14/ckpt_1
2/2 - 1s - loss: 0.0361 - mse: 0.0361 - mae: 0.1428 - val_loss: 0.0392 - val_mse: 0.0392 - val_mae: 0.1482 - 1s/epoch - 692ms/step
Epoch 203/10000

Epoch 203: val_loss did not improve from 0.03920
2/2 - 0s - loss: 0.0355 - mse: 0.0355 - mae: 0.1421 - val_loss: 0.0393 - val_mse: 0.0393 - val_mae: 0.1500 - 301ms/epoch - 151ms/step
Epoch 204/10000

Epoch 204: val_loss did not improve from 0.03920
2/2 - 0s - loss: 0.0354 - mse: 0.0354 - mae: 0.1398 - val_loss: 0.0392 - val_mse: 0.0392 - val_mae: 0.1496 - 303ms/epoch - 151ms/step
Epoch 205/10000

Epoch 205: val_loss did not improve from 0.03920
2/2 - 0s - loss: 0.0355 - mse: 0.0355 - mae: 0.1431 - val_loss: 0.0393 - val_mse: 0.0393 - val_mae: 0.1475 - 301ms/epoch - 151ms/step
Epoch 206/10000

Epoch 206: val_loss did not improve from 0.03920
2/2 - 0s - loss: 0.0354 - mse: 0.0354 - mae: 0.1385 - val_loss: 0.0392 - val_mse: 0.0392 - val_mae: 0.1497 - 302ms/epoch - 151ms/step
Epoch 207/10000

Epoch 207: val_loss did not improve from 0.03920
2/2 - 0s - loss: 0.0355 - mse: 0.0355 - mae: 0.1427 - val_loss: 0.0399 - val_mse: 0.0399 - val_mae: 0.1469 - 303ms/epoch - 152ms/step
Epoch 208/10000

Epoch 208: val_loss did not improve from 0.03920
2/2 - 0s - loss: 0.0360 - mse: 0.0360 - mae: 0.1387 - val_loss: 0.0395 - val_mse: 0.0395 - val_mae: 0.1521 - 301ms/epoch - 150ms/step
Epoch 209/10000

Epoch 209: val_loss improved from 0.03920 to 0.03915, saving model to ./results/NN_thk_regr/ResNet/recursion_14/ckpt_1
2/2 - 1s - loss: 0.0352 - mse: 0.0352 - mae: 0.1417 - val_loss: 0.0392 - val_mse: 0.0392 - val_mae: 0.1481 - 1s/epoch - 566ms/step
Epoch 210/10000

Epoch 210: val_loss did not improve from 0.03915
2/2 - 0s - loss: 0.0356 - mse: 0.0356 - mae: 0.1414 - val_loss: 0.0396 - val_mse: 0.0396 - val_mae: 0.1470 - 303ms/epoch - 152ms/step
Epoch 211/10000

Epoch 211: val_loss did not improve from 0.03915
2/2 - 0s - loss: 0.0356 - mse: 0.0356 - mae: 0.1381 - val_loss: 0.0404 - val_mse: 0.0404 - val_mae: 0.1558 - 298ms/epoch - 149ms/step
Epoch 212/10000

Epoch 212: val_loss did not improve from 0.03915
2/2 - 0s - loss: 0.0356 - mse: 0.0356 - mae: 0.1440 - val_loss: 0.0397 - val_mse: 0.0397 - val_mae: 0.1469 - 300ms/epoch - 150ms/step
Epoch 213/10000

Epoch 213: val_loss did not improve from 0.03915
2/2 - 0s - loss: 0.0354 - mse: 0.0354 - mae: 0.1384 - val_loss: 0.0418 - val_mse: 0.0418 - val_mae: 0.1610 - 300ms/epoch - 150ms/step
Epoch 214/10000

Epoch 214: val_loss improved from 0.03915 to 0.03913, saving model to ./results/NN_thk_regr/ResNet/recursion_14/ckpt_1
2/2 - 1s - loss: 0.0373 - mse: 0.0373 - mae: 0.1480 - val_loss: 0.0391 - val_mse: 0.0391 - val_mae: 0.1481 - 1s/epoch - 597ms/step
Epoch 215/10000

Epoch 215: val_loss did not improve from 0.03913
2/2 - 0s - loss: 0.0356 - mse: 0.0356 - mae: 0.1422 - val_loss: 0.0392 - val_mse: 0.0392 - val_mae: 0.1476 - 303ms/epoch - 152ms/step
Epoch 216/10000

Epoch 216: val_loss did not improve from 0.03913
2/2 - 0s - loss: 0.0352 - mse: 0.0352 - mae: 0.1383 - val_loss: 0.0391 - val_mse: 0.0391 - val_mae: 0.1490 - 303ms/epoch - 152ms/step
Epoch 217/10000

Epoch 217: val_loss improved from 0.03913 to 0.03912, saving model to ./results/NN_thk_regr/ResNet/recursion_14/ckpt_1
2/2 - 1s - loss: 0.0352 - mse: 0.0352 - mae: 0.1407 - val_loss: 0.0391 - val_mse: 0.0391 - val_mae: 0.1480 - 1s/epoch - 562ms/step
Epoch 218/10000

Epoch 218: val_loss improved from 0.03912 to 0.03910, saving model to ./results/NN_thk_regr/ResNet/recursion_14/ckpt_1
2/2 - 1s - loss: 0.0351 - mse: 0.0351 - mae: 0.1389 - val_loss: 0.0391 - val_mse: 0.0391 - val_mae: 0.1482 - 1s/epoch - 590ms/step
Epoch 219/10000

Epoch 219: val_loss did not improve from 0.03910
2/2 - 0s - loss: 0.0353 - mse: 0.0353 - mae: 0.1410 - val_loss: 0.0395 - val_mse: 0.0395 - val_mae: 0.1468 - 305ms/epoch - 152ms/step
Epoch 220/10000

Epoch 220: val_loss did not improve from 0.03910
2/2 - 0s - loss: 0.0354 - mse: 0.0354 - mae: 0.1382 - val_loss: 0.0399 - val_mse: 0.0399 - val_mae: 0.1535 - 304ms/epoch - 152ms/step
Epoch 221/10000

Epoch 221: val_loss did not improve from 0.03910
2/2 - 0s - loss: 0.0352 - mse: 0.0352 - mae: 0.1419 - val_loss: 0.0396 - val_mse: 0.0396 - val_mae: 0.1467 - 301ms/epoch - 150ms/step
Epoch 222/10000

Epoch 222: val_loss did not improve from 0.03910
2/2 - 0s - loss: 0.0362 - mse: 0.0362 - mae: 0.1415 - val_loss: 0.0392 - val_mse: 0.0392 - val_mae: 0.1472 - 302ms/epoch - 151ms/step
Epoch 223/10000

Epoch 223: val_loss did not improve from 0.03910
2/2 - 0s - loss: 0.0353 - mse: 0.0353 - mae: 0.1380 - val_loss: 0.0404 - val_mse: 0.0404 - val_mae: 0.1557 - 302ms/epoch - 151ms/step
Epoch 224/10000

Epoch 224: val_loss did not improve from 0.03910
2/2 - 0s - loss: 0.0357 - mse: 0.0357 - mae: 0.1439 - val_loss: 0.0391 - val_mse: 0.0391 - val_mae: 0.1476 - 299ms/epoch - 150ms/step
Epoch 225/10000

Epoch 225: val_loss improved from 0.03910 to 0.03908, saving model to ./results/NN_thk_regr/ResNet/recursion_14/ckpt_1
2/2 - 1s - loss: 0.0352 - mse: 0.0352 - mae: 0.1398 - val_loss: 0.0391 - val_mse: 0.0391 - val_mae: 0.1480 - 1s/epoch - 602ms/step
Epoch 226/10000

Epoch 226: val_loss did not improve from 0.03908
2/2 - 0s - loss: 0.0351 - mse: 0.0351 - mae: 0.1385 - val_loss: 0.0401 - val_mse: 0.0401 - val_mae: 0.1546 - 312ms/epoch - 156ms/step
Epoch 227/10000

Epoch 227: val_loss improved from 0.03908 to 0.03907, saving model to ./results/NN_thk_regr/ResNet/recursion_14/ckpt_1
2/2 - 1s - loss: 0.0356 - mse: 0.0356 - mae: 0.1432 - val_loss: 0.0391 - val_mse: 0.0391 - val_mae: 0.1484 - 1s/epoch - 601ms/step
Epoch 228/10000

Epoch 228: val_loss did not improve from 0.03907
2/2 - 0s - loss: 0.0350 - mse: 0.0350 - mae: 0.1393 - val_loss: 0.0393 - val_mse: 0.0393 - val_mae: 0.1508 - 306ms/epoch - 153ms/step
Epoch 229/10000

Epoch 229: val_loss did not improve from 0.03907
2/2 - 0s - loss: 0.0351 - mse: 0.0351 - mae: 0.1402 - val_loss: 0.0391 - val_mse: 0.0391 - val_mae: 0.1492 - 305ms/epoch - 153ms/step
Epoch 230/10000

Epoch 230: val_loss did not improve from 0.03907
2/2 - 0s - loss: 0.0350 - mse: 0.0350 - mae: 0.1399 - val_loss: 0.0391 - val_mse: 0.0391 - val_mae: 0.1493 - 305ms/epoch - 152ms/step
Epoch 231/10000

Epoch 231: val_loss did not improve from 0.03907
2/2 - 0s - loss: 0.0350 - mse: 0.0350 - mae: 0.1394 - val_loss: 0.0391 - val_mse: 0.0391 - val_mae: 0.1491 - 307ms/epoch - 153ms/step
Epoch 232/10000

Epoch 232: val_loss did not improve from 0.03907
2/2 - 0s - loss: 0.0350 - mse: 0.0350 - mae: 0.1397 - val_loss: 0.0391 - val_mse: 0.0391 - val_mae: 0.1486 - 302ms/epoch - 151ms/step
Epoch 233/10000

Epoch 233: val_loss did not improve from 0.03907
2/2 - 0s - loss: 0.0350 - mse: 0.0350 - mae: 0.1389 - val_loss: 0.0395 - val_mse: 0.0395 - val_mae: 0.1514 - 304ms/epoch - 152ms/step
Epoch 234/10000

Epoch 234: val_loss improved from 0.03907 to 0.03904, saving model to ./results/NN_thk_regr/ResNet/recursion_14/ckpt_1
2/2 - 1s - loss: 0.0351 - mse: 0.0351 - mae: 0.1407 - val_loss: 0.0390 - val_mse: 0.0390 - val_mae: 0.1478 - 1s/epoch - 562ms/step
Epoch 235/10000

Epoch 235: val_loss improved from 0.03904 to 0.03903, saving model to ./results/NN_thk_regr/ResNet/recursion_14/ckpt_1
2/2 - 1s - loss: 0.0350 - mse: 0.0350 - mae: 0.1395 - val_loss: 0.0390 - val_mse: 0.0390 - val_mae: 0.1479 - 1s/epoch - 594ms/step
Epoch 236/10000

Epoch 236: val_loss did not improve from 0.03903
2/2 - 0s - loss: 0.0350 - mse: 0.0350 - mae: 0.1385 - val_loss: 0.0391 - val_mse: 0.0391 - val_mae: 0.1495 - 301ms/epoch - 151ms/step
Epoch 237/10000

Epoch 237: val_loss did not improve from 0.03903
2/2 - 0s - loss: 0.0350 - mse: 0.0350 - mae: 0.1404 - val_loss: 0.0395 - val_mse: 0.0395 - val_mae: 0.1466 - 303ms/epoch - 152ms/step
Epoch 238/10000

Epoch 238: val_loss did not improve from 0.03903
2/2 - 0s - loss: 0.0355 - mse: 0.0355 - mae: 0.1391 - val_loss: 0.0395 - val_mse: 0.0395 - val_mae: 0.1513 - 306ms/epoch - 153ms/step
Epoch 239/10000

Epoch 239: val_loss did not improve from 0.03903
2/2 - 0s - loss: 0.0354 - mse: 0.0354 - mae: 0.1403 - val_loss: 0.0395 - val_mse: 0.0395 - val_mae: 0.1514 - 303ms/epoch - 152ms/step
Epoch 240/10000

Epoch 240: val_loss did not improve from 0.03903
2/2 - 0s - loss: 0.0351 - mse: 0.0351 - mae: 0.1418 - val_loss: 0.0395 - val_mse: 0.0395 - val_mae: 0.1465 - 303ms/epoch - 151ms/step
Epoch 241/10000

Epoch 241: val_loss did not improve from 0.03903
2/2 - 0s - loss: 0.0356 - mse: 0.0356 - mae: 0.1393 - val_loss: 0.0391 - val_mse: 0.0391 - val_mae: 0.1494 - 305ms/epoch - 153ms/step
Epoch 242/10000

Epoch 242: val_loss did not improve from 0.03903
2/2 - 0s - loss: 0.0350 - mse: 0.0350 - mae: 0.1389 - val_loss: 0.0392 - val_mse: 0.0392 - val_mae: 0.1497 - 303ms/epoch - 151ms/step
Epoch 243/10000

Epoch 243: val_loss did not improve from 0.03903
2/2 - 0s - loss: 0.0349 - mse: 0.0349 - mae: 0.1400 - val_loss: 0.0391 - val_mse: 0.0391 - val_mae: 0.1491 - 303ms/epoch - 151ms/step
Epoch 244/10000

Epoch 244: val_loss did not improve from 0.03903
2/2 - 0s - loss: 0.0350 - mse: 0.0350 - mae: 0.1391 - val_loss: 0.0394 - val_mse: 0.0394 - val_mae: 0.1511 - 300ms/epoch - 150ms/step
Epoch 245/10000

Epoch 245: val_loss did not improve from 0.03903
2/2 - 0s - loss: 0.0350 - mse: 0.0350 - mae: 0.1405 - val_loss: 0.0391 - val_mse: 0.0391 - val_mae: 0.1471 - 301ms/epoch - 150ms/step
Epoch 246/10000

Epoch 246: val_loss did not improve from 0.03903
2/2 - 0s - loss: 0.0351 - mse: 0.0351 - mae: 0.1390 - val_loss: 0.0391 - val_mse: 0.0391 - val_mae: 0.1489 - 305ms/epoch - 153ms/step
Epoch 247/10000

Epoch 247: val_loss did not improve from 0.03903
2/2 - 0s - loss: 0.0350 - mse: 0.0350 - mae: 0.1389 - val_loss: 0.0394 - val_mse: 0.0394 - val_mae: 0.1512 - 302ms/epoch - 151ms/step
Epoch 248/10000

Epoch 248: val_loss did not improve from 0.03903
2/2 - 0s - loss: 0.0351 - mse: 0.0351 - mae: 0.1409 - val_loss: 0.0393 - val_mse: 0.0393 - val_mae: 0.1506 - 302ms/epoch - 151ms/step
Epoch 249/10000

Epoch 249: val_loss did not improve from 0.03903
2/2 - 0s - loss: 0.0352 - mse: 0.0352 - mae: 0.1403 - val_loss: 0.0399 - val_mse: 0.0399 - val_mae: 0.1533 - 302ms/epoch - 151ms/step
Epoch 250/10000

Epoch 250: val_loss did not improve from 0.03903
2/2 - 0s - loss: 0.0355 - mse: 0.0355 - mae: 0.1419 - val_loss: 0.0392 - val_mse: 0.0392 - val_mae: 0.1498 - 300ms/epoch - 150ms/step
Epoch 251/10000

Epoch 251: val_loss did not improve from 0.03903
2/2 - 0s - loss: 0.0350 - mse: 0.0350 - mae: 0.1406 - val_loss: 0.0395 - val_mse: 0.0395 - val_mae: 0.1465 - 303ms/epoch - 151ms/step
Epoch 252/10000

Epoch 252: val_loss did not improve from 0.03903
2/2 - 0s - loss: 0.0353 - mse: 0.0353 - mae: 0.1373 - val_loss: 0.0455 - val_mse: 0.0455 - val_mae: 0.1725 - 303ms/epoch - 151ms/step
Epoch 253/10000

Epoch 253: val_loss did not improve from 0.03903
2/2 - 0s - loss: 0.0401 - mse: 0.0401 - mae: 0.1559 - val_loss: 0.0391 - val_mse: 0.0391 - val_mae: 0.1471 - 302ms/epoch - 151ms/step
Epoch 254/10000

Epoch 254: val_loss did not improve from 0.03903
2/2 - 0s - loss: 0.0371 - mse: 0.0371 - mae: 0.1465 - val_loss: 0.0410 - val_mse: 0.0410 - val_mae: 0.1474 - 304ms/epoch - 152ms/step
Epoch 255/10000

Epoch 255: val_loss did not improve from 0.03903
2/2 - 0s - loss: 0.0369 - mse: 0.0369 - mae: 0.1394 - val_loss: 0.0406 - val_mse: 0.0406 - val_mae: 0.1565 - 303ms/epoch - 151ms/step
Epoch 256/10000

Epoch 256: val_loss did not improve from 0.03903
2/2 - 0s - loss: 0.0356 - mse: 0.0356 - mae: 0.1442 - val_loss: 0.0393 - val_mse: 0.0393 - val_mae: 0.1468 - 299ms/epoch - 150ms/step
Epoch 257/10000

Epoch 257: val_loss did not improve from 0.03903
2/2 - 0s - loss: 0.0351 - mse: 0.0351 - mae: 0.1384 - val_loss: 0.0410 - val_mse: 0.0410 - val_mae: 0.1582 - 301ms/epoch - 150ms/step
Epoch 258/10000

Epoch 258: val_loss did not improve from 0.03903
2/2 - 0s - loss: 0.0357 - mse: 0.0357 - mae: 0.1438 - val_loss: 0.0401 - val_mse: 0.0401 - val_mae: 0.1468 - 301ms/epoch - 151ms/step
Epoch 259/10000

Epoch 259: val_loss did not improve from 0.03903
2/2 - 0s - loss: 0.0362 - mse: 0.0362 - mae: 0.1410 - val_loss: 0.0396 - val_mse: 0.0396 - val_mae: 0.1524 - 302ms/epoch - 151ms/step
Epoch 260/10000

Epoch 260: val_loss did not improve from 0.03903
2/2 - 0s - loss: 0.0352 - mse: 0.0352 - mae: 0.1406 - val_loss: 0.0392 - val_mse: 0.0392 - val_mae: 0.1470 - 299ms/epoch - 149ms/step
Epoch 261/10000

Epoch 261: val_loss did not improve from 0.03903
2/2 - 0s - loss: 0.0360 - mse: 0.0360 - mae: 0.1422 - val_loss: 0.0393 - val_mse: 0.0393 - val_mae: 0.1469 - 298ms/epoch - 149ms/step
Epoch 262/10000

Epoch 262: val_loss did not improve from 0.03903
2/2 - 0s - loss: 0.0355 - mse: 0.0355 - mae: 0.1377 - val_loss: 0.0405 - val_mse: 0.0405 - val_mae: 0.1563 - 296ms/epoch - 148ms/step
Epoch 263/10000

Epoch 263: val_loss did not improve from 0.03903
2/2 - 0s - loss: 0.0356 - mse: 0.0356 - mae: 0.1451 - val_loss: 0.0404 - val_mse: 0.0404 - val_mae: 0.1469 - 300ms/epoch - 150ms/step
Epoch 264/10000

Epoch 264: val_loss did not improve from 0.03903
2/2 - 0s - loss: 0.0362 - mse: 0.0362 - mae: 0.1397 - val_loss: 0.0404 - val_mse: 0.0404 - val_mae: 0.1562 - 303ms/epoch - 152ms/step
Epoch 265/10000

Epoch 265: val_loss did not improve from 0.03903
2/2 - 0s - loss: 0.0358 - mse: 0.0358 - mae: 0.1438 - val_loss: 0.0391 - val_mse: 0.0391 - val_mae: 0.1473 - 299ms/epoch - 150ms/step
Epoch 266/10000

Epoch 266: val_loss did not improve from 0.03903
2/2 - 0s - loss: 0.0353 - mse: 0.0353 - mae: 0.1408 - val_loss: 0.0391 - val_mse: 0.0391 - val_mae: 0.1489 - 303ms/epoch - 151ms/step
Epoch 267/10000

Epoch 267: val_loss improved from 0.03903 to 0.03901, saving model to ./results/NN_thk_regr/ResNet/recursion_14/ckpt_1
2/2 - 1s - loss: 0.0349 - mse: 0.0349 - mae: 0.1389 - val_loss: 0.0390 - val_mse: 0.0390 - val_mae: 0.1482 - 1s/epoch - 598ms/step
Epoch 268/10000

Epoch 268: val_loss did not improve from 0.03901
2/2 - 0s - loss: 0.0355 - mse: 0.0355 - mae: 0.1419 - val_loss: 0.0396 - val_mse: 0.0396 - val_mae: 0.1466 - 303ms/epoch - 151ms/step
Epoch 269/10000

Epoch 269: val_loss did not improve from 0.03901
2/2 - 0s - loss: 0.0356 - mse: 0.0356 - mae: 0.1381 - val_loss: 0.0400 - val_mse: 0.0400 - val_mae: 0.1544 - 306ms/epoch - 153ms/step
Epoch 270/10000

Epoch 270: val_loss did not improve from 0.03901
2/2 - 0s - loss: 0.0352 - mse: 0.0352 - mae: 0.1434 - val_loss: 0.0409 - val_mse: 0.0409 - val_mae: 0.1473 - 299ms/epoch - 150ms/step
Epoch 271/10000

Epoch 271: val_loss did not improve from 0.03901
2/2 - 0s - loss: 0.0364 - mse: 0.0364 - mae: 0.1395 - val_loss: 0.0420 - val_mse: 0.0420 - val_mae: 0.1618 - 301ms/epoch - 151ms/step
Epoch 272/10000

Epoch 272: val_loss did not improve from 0.03901
2/2 - 0s - loss: 0.0361 - mse: 0.0361 - mae: 0.1465 - val_loss: 0.0412 - val_mse: 0.0412 - val_mae: 0.1475 - 301ms/epoch - 151ms/step
Epoch 273/10000

Epoch 273: val_loss did not improve from 0.03901
2/2 - 0s - loss: 0.0365 - mse: 0.0365 - mae: 0.1410 - val_loss: 0.0423 - val_mse: 0.0423 - val_mae: 0.1629 - 303ms/epoch - 151ms/step
Epoch 274/10000

Epoch 274: val_loss did not improve from 0.03901
2/2 - 0s - loss: 0.0372 - mse: 0.0372 - mae: 0.1483 - val_loss: 0.0397 - val_mse: 0.0397 - val_mae: 0.1466 - 299ms/epoch - 150ms/step
Epoch 275/10000

Epoch 275: val_loss did not improve from 0.03901
2/2 - 0s - loss: 0.0354 - mse: 0.0354 - mae: 0.1406 - val_loss: 0.0411 - val_mse: 0.0411 - val_mae: 0.1587 - 301ms/epoch - 150ms/step
Epoch 276/10000

Epoch 276: val_loss did not improve from 0.03901
2/2 - 0s - loss: 0.0367 - mse: 0.0367 - mae: 0.1452 - val_loss: 0.0393 - val_mse: 0.0393 - val_mae: 0.1469 - 301ms/epoch - 150ms/step
Epoch 277/10000

Epoch 277: val_loss did not improve from 0.03901
2/2 - 0s - loss: 0.0378 - mse: 0.0378 - mae: 0.1467 - val_loss: 0.0403 - val_mse: 0.0403 - val_mae: 0.1469 - 303ms/epoch - 152ms/step
Epoch 278/10000

Epoch 278: val_loss did not improve from 0.03901
2/2 - 0s - loss: 0.0368 - mse: 0.0368 - mae: 0.1386 - val_loss: 0.0415 - val_mse: 0.0415 - val_mae: 0.1601 - 303ms/epoch - 151ms/step
Epoch 279/10000

Epoch 279: val_loss did not improve from 0.03901
2/2 - 0s - loss: 0.0363 - mse: 0.0363 - mae: 0.1479 - val_loss: 0.0395 - val_mse: 0.0395 - val_mae: 0.1468 - 307ms/epoch - 154ms/step
Epoch 280/10000

Epoch 280: val_loss did not improve from 0.03901
2/2 - 0s - loss: 0.0354 - mse: 0.0354 - mae: 0.1381 - val_loss: 0.0400 - val_mse: 0.0400 - val_mae: 0.1543 - 305ms/epoch - 152ms/step
Epoch 281/10000

Epoch 281: val_loss did not improve from 0.03901
2/2 - 0s - loss: 0.0353 - mse: 0.0353 - mae: 0.1436 - val_loss: 0.0406 - val_mse: 0.0406 - val_mae: 0.1470 - 296ms/epoch - 148ms/step
Epoch 282/10000

Epoch 282: val_loss did not improve from 0.03901
2/2 - 0s - loss: 0.0363 - mse: 0.0363 - mae: 0.1393 - val_loss: 0.0406 - val_mse: 0.0406 - val_mae: 0.1571 - 303ms/epoch - 151ms/step
Epoch 283/10000

Epoch 283: val_loss did not improve from 0.03901
2/2 - 0s - loss: 0.0356 - mse: 0.0356 - mae: 0.1446 - val_loss: 0.0398 - val_mse: 0.0398 - val_mae: 0.1467 - 303ms/epoch - 152ms/step
Epoch 284/10000

Epoch 284: val_loss did not improve from 0.03901
2/2 - 0s - loss: 0.0356 - mse: 0.0356 - mae: 0.1388 - val_loss: 0.0407 - val_mse: 0.0407 - val_mae: 0.1572 - 303ms/epoch - 152ms/step
Epoch 285/10000

Epoch 285: val_loss did not improve from 0.03901
2/2 - 0s - loss: 0.0359 - mse: 0.0359 - mae: 0.1445 - val_loss: 0.0393 - val_mse: 0.0393 - val_mae: 0.1468 - 308ms/epoch - 154ms/step
Epoch 286/10000

Epoch 286: val_loss improved from 0.03901 to 0.03901, saving model to ./results/NN_thk_regr/ResNet/recursion_14/ckpt_1
2/2 - 1s - loss: 0.0359 - mse: 0.0359 - mae: 0.1421 - val_loss: 0.0390 - val_mse: 0.0390 - val_mae: 0.1485 - 1s/epoch - 564ms/step
Epoch 287/10000

Epoch 287: val_loss did not improve from 0.03901
2/2 - 0s - loss: 0.0351 - mse: 0.0351 - mae: 0.1384 - val_loss: 0.0391 - val_mse: 0.0391 - val_mae: 0.1496 - 302ms/epoch - 151ms/step
Epoch 288/10000

Epoch 288: val_loss did not improve from 0.03901
2/2 - 0s - loss: 0.0354 - mse: 0.0354 - mae: 0.1428 - val_loss: 0.0397 - val_mse: 0.0397 - val_mae: 0.1465 - 302ms/epoch - 151ms/step
Epoch 289/10000

Epoch 289: val_loss did not improve from 0.03901
2/2 - 0s - loss: 0.0357 - mse: 0.0357 - mae: 0.1377 - val_loss: 0.0409 - val_mse: 0.0409 - val_mae: 0.1578 - 304ms/epoch - 152ms/step
Epoch 290/10000

Epoch 290: val_loss did not improve from 0.03901
2/2 - 0s - loss: 0.0358 - mse: 0.0358 - mae: 0.1451 - val_loss: 0.0395 - val_mse: 0.0395 - val_mae: 0.1465 - 301ms/epoch - 150ms/step
Epoch 291/10000

Epoch 291: val_loss did not improve from 0.03901
2/2 - 0s - loss: 0.0353 - mse: 0.0353 - mae: 0.1378 - val_loss: 0.0411 - val_mse: 0.0411 - val_mae: 0.1587 - 302ms/epoch - 151ms/step
Epoch 292/10000

Epoch 292: val_loss did not improve from 0.03901
2/2 - 0s - loss: 0.0357 - mse: 0.0357 - mae: 0.1449 - val_loss: 0.0407 - val_mse: 0.0407 - val_mae: 0.1470 - 296ms/epoch - 148ms/step
Epoch 293/10000

Epoch 293: val_loss did not improve from 0.03901
2/2 - 0s - loss: 0.0364 - mse: 0.0364 - mae: 0.1396 - val_loss: 0.0407 - val_mse: 0.0407 - val_mae: 0.1570 - 303ms/epoch - 151ms/step
Epoch 294/10000

Epoch 294: val_loss did not improve from 0.03901
2/2 - 0s - loss: 0.0359 - mse: 0.0359 - mae: 0.1440 - val_loss: 0.0392 - val_mse: 0.0392 - val_mae: 0.1468 - 300ms/epoch - 150ms/step
Epoch 295/10000

Epoch 295: val_loss did not improve from 0.03901
2/2 - 0s - loss: 0.0351 - mse: 0.0351 - mae: 0.1392 - val_loss: 0.0399 - val_mse: 0.0399 - val_mae: 0.1540 - 303ms/epoch - 151ms/step
Epoch 296/10000

Epoch 296: val_loss improved from 0.03901 to 0.03900, saving model to ./results/NN_thk_regr/ResNet/recursion_14/ckpt_1
2/2 - 1s - loss: 0.0357 - mse: 0.0357 - mae: 0.1423 - val_loss: 0.0390 - val_mse: 0.0390 - val_mae: 0.1478 - 1s/epoch - 592ms/step
Epoch 297/10000

Epoch 297: val_loss did not improve from 0.03900
2/2 - 0s - loss: 0.0372 - mse: 0.0372 - mae: 0.1465 - val_loss: 0.0422 - val_mse: 0.0422 - val_mae: 0.1486 - 304ms/epoch - 152ms/step
Epoch 298/10000

Epoch 298: val_loss did not improve from 0.03900
2/2 - 0s - loss: 0.0383 - mse: 0.0383 - mae: 0.1409 - val_loss: 0.0468 - val_mse: 0.0468 - val_mae: 0.1767 - 303ms/epoch - 151ms/step
Epoch 299/10000

Epoch 299: val_loss did not improve from 0.03900
2/2 - 0s - loss: 0.0393 - mse: 0.0393 - mae: 0.1585 - val_loss: 0.0454 - val_mse: 0.0454 - val_mae: 0.1530 - 310ms/epoch - 155ms/step
Epoch 300/10000

Epoch 300: val_loss did not improve from 0.03900
2/2 - 0s - loss: 0.0398 - mse: 0.0398 - mae: 0.1438 - val_loss: 0.0481 - val_mse: 0.0481 - val_mae: 0.1807 - 303ms/epoch - 152ms/step
Epoch 301/10000

Epoch 301: val_loss did not improve from 0.03900
2/2 - 0s - loss: 0.0405 - mse: 0.0405 - mae: 0.1611 - val_loss: 0.0420 - val_mse: 0.0420 - val_mae: 0.1485 - 296ms/epoch - 148ms/step
Epoch 302/10000

Epoch 302: val_loss did not improve from 0.03900
2/2 - 0s - loss: 0.0373 - mse: 0.0373 - mae: 0.1404 - val_loss: 0.0430 - val_mse: 0.0430 - val_mae: 0.1658 - 301ms/epoch - 150ms/step
Epoch 303/10000

Epoch 303: val_loss did not improve from 0.03900
2/2 - 0s - loss: 0.0369 - mse: 0.0369 - mae: 0.1508 - val_loss: 0.0417 - val_mse: 0.0417 - val_mae: 0.1481 - 302ms/epoch - 151ms/step
Epoch 304/10000

Epoch 304: val_loss did not improve from 0.03900
2/2 - 0s - loss: 0.0373 - mse: 0.0373 - mae: 0.1397 - val_loss: 0.0410 - val_mse: 0.0410 - val_mae: 0.1588 - 301ms/epoch - 150ms/step
Epoch 305/10000

Epoch 305: val_loss did not improve from 0.03900
2/2 - 0s - loss: 0.0359 - mse: 0.0359 - mae: 0.1465 - val_loss: 0.0399 - val_mse: 0.0399 - val_mae: 0.1470 - 304ms/epoch - 152ms/step
Epoch 306/10000

Epoch 306: val_loss did not improve from 0.03900
2/2 - 0s - loss: 0.0358 - mse: 0.0358 - mae: 0.1385 - val_loss: 0.0405 - val_mse: 0.0405 - val_mae: 0.1569 - 305ms/epoch - 153ms/step
Epoch 307/10000

Epoch 307: val_loss did not improve from 0.03900
2/2 - 0s - loss: 0.0356 - mse: 0.0356 - mae: 0.1453 - val_loss: 0.0396 - val_mse: 0.0396 - val_mae: 0.1469 - 302ms/epoch - 151ms/step
Epoch 308/10000

Epoch 308: val_loss did not improve from 0.03900
2/2 - 0s - loss: 0.0356 - mse: 0.0356 - mae: 0.1385 - val_loss: 0.0395 - val_mse: 0.0395 - val_mae: 0.1524 - 302ms/epoch - 151ms/step
Epoch 309/10000

Epoch 309: val_loss did not improve from 0.03900
2/2 - 0s - loss: 0.0354 - mse: 0.0354 - mae: 0.1438 - val_loss: 0.0406 - val_mse: 0.0406 - val_mae: 0.1470 - 301ms/epoch - 151ms/step
Epoch 310/10000

Epoch 310: val_loss did not improve from 0.03900
2/2 - 0s - loss: 0.0365 - mse: 0.0365 - mae: 0.1383 - val_loss: 0.0422 - val_mse: 0.0422 - val_mae: 0.1629 - 305ms/epoch - 153ms/step
Epoch 311/10000

Epoch 311: val_loss did not improve from 0.03900
2/2 - 0s - loss: 0.0367 - mse: 0.0367 - mae: 0.1504 - val_loss: 0.0409 - val_mse: 0.0409 - val_mae: 0.1472 - 307ms/epoch - 154ms/step
Epoch 312/10000

Epoch 312: val_loss did not improve from 0.03900
2/2 - 0s - loss: 0.0367 - mse: 0.0367 - mae: 0.1389 - val_loss: 0.0406 - val_mse: 0.0406 - val_mae: 0.1571 - 299ms/epoch - 149ms/step
Epoch 313/10000

Epoch 313: val_loss did not improve from 0.03900
2/2 - 0s - loss: 0.0358 - mse: 0.0358 - mae: 0.1457 - val_loss: 0.0391 - val_mse: 0.0391 - val_mae: 0.1471 - 303ms/epoch - 151ms/step
Epoch 314/10000

Epoch 314: val_loss did not improve from 0.03900
2/2 - 0s - loss: 0.0352 - mse: 0.0352 - mae: 0.1384 - val_loss: 0.0392 - val_mse: 0.0392 - val_mae: 0.1506 - 301ms/epoch - 150ms/step
Epoch 315/10000

Epoch 315: val_loss did not improve from 0.03900
2/2 - 0s - loss: 0.0350 - mse: 0.0350 - mae: 0.1405 - val_loss: 0.0391 - val_mse: 0.0391 - val_mae: 0.1504 - 301ms/epoch - 150ms/step
Epoch 316/10000

Epoch 316: val_loss improved from 0.03900 to 0.03895, saving model to ./results/NN_thk_regr/ResNet/recursion_14/ckpt_1
2/2 - 1s - loss: 0.0349 - mse: 0.0349 - mae: 0.1406 - val_loss: 0.0390 - val_mse: 0.0390 - val_mae: 0.1477 - 1s/epoch - 596ms/step
Epoch 317/10000

Epoch 317: val_loss improved from 0.03895 to 0.03893, saving model to ./results/NN_thk_regr/ResNet/recursion_14/ckpt_1
2/2 - 1s - loss: 0.0350 - mse: 0.0350 - mae: 0.1391 - val_loss: 0.0389 - val_mse: 0.0389 - val_mae: 0.1481 - 1s/epoch - 560ms/step
Epoch 318/10000

Epoch 318: val_loss did not improve from 0.03893
2/2 - 0s - loss: 0.0349 - mse: 0.0349 - mae: 0.1387 - val_loss: 0.0390 - val_mse: 0.0390 - val_mae: 0.1497 - 307ms/epoch - 153ms/step
Epoch 319/10000

Epoch 319: val_loss improved from 0.03893 to 0.03890, saving model to ./results/NN_thk_regr/ResNet/recursion_14/ckpt_1
2/2 - 1s - loss: 0.0349 - mse: 0.0349 - mae: 0.1400 - val_loss: 0.0389 - val_mse: 0.0389 - val_mae: 0.1477 - 1s/epoch - 589ms/step
Epoch 320/10000

Epoch 320: val_loss did not improve from 0.03890
2/2 - 0s - loss: 0.0349 - mse: 0.0349 - mae: 0.1383 - val_loss: 0.0394 - val_mse: 0.0394 - val_mae: 0.1518 - 304ms/epoch - 152ms/step
Epoch 321/10000

Epoch 321: val_loss did not improve from 0.03890
2/2 - 0s - loss: 0.0351 - mse: 0.0351 - mae: 0.1420 - val_loss: 0.0400 - val_mse: 0.0400 - val_mae: 0.1464 - 298ms/epoch - 149ms/step
Epoch 322/10000

Epoch 322: val_loss did not improve from 0.03890
2/2 - 0s - loss: 0.0358 - mse: 0.0358 - mae: 0.1386 - val_loss: 0.0404 - val_mse: 0.0404 - val_mae: 0.1562 - 301ms/epoch - 150ms/step
Epoch 323/10000

Epoch 323: val_loss did not improve from 0.03890
2/2 - 0s - loss: 0.0355 - mse: 0.0355 - mae: 0.1435 - val_loss: 0.0396 - val_mse: 0.0396 - val_mae: 0.1463 - 370ms/epoch - 185ms/step
Epoch 324/10000

Epoch 324: val_loss did not improve from 0.03890
2/2 - 0s - loss: 0.0355 - mse: 0.0355 - mae: 0.1380 - val_loss: 0.0405 - val_mse: 0.0405 - val_mae: 0.1563 - 316ms/epoch - 158ms/step
Epoch 325/10000

Epoch 325: val_loss did not improve from 0.03890
2/2 - 0s - loss: 0.0356 - mse: 0.0356 - mae: 0.1430 - val_loss: 0.0393 - val_mse: 0.0393 - val_mae: 0.1463 - 302ms/epoch - 151ms/step
Epoch 326/10000

Epoch 326: val_loss did not improve from 0.03890
2/2 - 0s - loss: 0.0355 - mse: 0.0355 - mae: 0.1397 - val_loss: 0.0393 - val_mse: 0.0393 - val_mae: 0.1509 - 301ms/epoch - 150ms/step
Epoch 327/10000

Epoch 327: val_loss did not improve from 0.03890
2/2 - 0s - loss: 0.0348 - mse: 0.0348 - mae: 0.1398 - val_loss: 0.0393 - val_mse: 0.0393 - val_mae: 0.1463 - 305ms/epoch - 152ms/step
Epoch 328/10000

Epoch 328: val_loss did not improve from 0.03890
2/2 - 0s - loss: 0.0356 - mse: 0.0356 - mae: 0.1406 - val_loss: 0.0390 - val_mse: 0.0390 - val_mae: 0.1491 - 305ms/epoch - 153ms/step
Epoch 329/10000

Epoch 329: val_loss did not improve from 0.03890
2/2 - 0s - loss: 0.0348 - mse: 0.0348 - mae: 0.1386 - val_loss: 0.0389 - val_mse: 0.0389 - val_mae: 0.1468 - 304ms/epoch - 152ms/step
Epoch 330/10000

Epoch 330: val_loss did not improve from 0.03890
2/2 - 0s - loss: 0.0350 - mse: 0.0350 - mae: 0.1392 - val_loss: 0.0390 - val_mse: 0.0390 - val_mae: 0.1494 - 303ms/epoch - 152ms/step
Epoch 331/10000

Epoch 331: val_loss did not improve from 0.03890
2/2 - 0s - loss: 0.0347 - mse: 0.0347 - mae: 0.1387 - val_loss: 0.0390 - val_mse: 0.0390 - val_mae: 0.1465 - 301ms/epoch - 151ms/step
Epoch 332/10000

Epoch 332: val_loss did not improve from 0.03890
2/2 - 0s - loss: 0.0350 - mse: 0.0350 - mae: 0.1381 - val_loss: 0.0396 - val_mse: 0.0396 - val_mae: 0.1527 - 305ms/epoch - 153ms/step
Epoch 333/10000

Epoch 333: val_loss improved from 0.03890 to 0.03886, saving model to ./results/NN_thk_regr/ResNet/recursion_14/ckpt_1
2/2 - 1s - loss: 0.0353 - mse: 0.0353 - mae: 0.1405 - val_loss: 0.0389 - val_mse: 0.0389 - val_mae: 0.1474 - 1s/epoch - 591ms/step
Epoch 334/10000

Epoch 334: val_loss did not improve from 0.03886
2/2 - 0s - loss: 0.0352 - mse: 0.0352 - mae: 0.1408 - val_loss: 0.0390 - val_mse: 0.0390 - val_mae: 0.1465 - 306ms/epoch - 153ms/step
Epoch 335/10000

Epoch 335: val_loss did not improve from 0.03886
2/2 - 0s - loss: 0.0352 - mse: 0.0352 - mae: 0.1373 - val_loss: 0.0401 - val_mse: 0.0401 - val_mae: 0.1547 - 302ms/epoch - 151ms/step
Epoch 336/10000

Epoch 336: val_loss did not improve from 0.03886
2/2 - 0s - loss: 0.0354 - mse: 0.0354 - mae: 0.1433 - val_loss: 0.0389 - val_mse: 0.0389 - val_mae: 0.1469 - 300ms/epoch - 150ms/step
Epoch 337/10000

Epoch 337: val_loss improved from 0.03886 to 0.03885, saving model to ./results/NN_thk_regr/ResNet/recursion_14/ckpt_1
2/2 - 1s - loss: 0.0350 - mse: 0.0350 - mae: 0.1387 - val_loss: 0.0389 - val_mse: 0.0389 - val_mae: 0.1474 - 1s/epoch - 594ms/step
Epoch 338/10000

Epoch 338: val_loss did not improve from 0.03885
2/2 - 0s - loss: 0.0348 - mse: 0.0348 - mae: 0.1383 - val_loss: 0.0389 - val_mse: 0.0389 - val_mae: 0.1472 - 302ms/epoch - 151ms/step
Epoch 339/10000

Epoch 339: val_loss did not improve from 0.03885
2/2 - 0s - loss: 0.0348 - mse: 0.0348 - mae: 0.1380 - val_loss: 0.0392 - val_mse: 0.0392 - val_mae: 0.1508 - 302ms/epoch - 151ms/step
Epoch 340/10000

Epoch 340: val_loss did not improve from 0.03885
2/2 - 0s - loss: 0.0350 - mse: 0.0350 - mae: 0.1401 - val_loss: 0.0389 - val_mse: 0.0389 - val_mae: 0.1488 - 301ms/epoch - 151ms/step
Epoch 341/10000

Epoch 341: val_loss did not improve from 0.03885
2/2 - 0s - loss: 0.0351 - mse: 0.0351 - mae: 0.1390 - val_loss: 0.0419 - val_mse: 0.0419 - val_mae: 0.1611 - 303ms/epoch - 152ms/step
Epoch 342/10000

Epoch 342: val_loss did not improve from 0.03885
2/2 - 0s - loss: 0.0361 - mse: 0.0361 - mae: 0.1469 - val_loss: 0.0407 - val_mse: 0.0407 - val_mae: 0.1469 - 304ms/epoch - 152ms/step
Epoch 343/10000

Epoch 343: val_loss did not improve from 0.03885
2/2 - 0s - loss: 0.0362 - mse: 0.0362 - mae: 0.1399 - val_loss: 0.0415 - val_mse: 0.0415 - val_mae: 0.1600 - 303ms/epoch - 152ms/step
Epoch 344/10000

Epoch 344: val_loss did not improve from 0.03885
2/2 - 0s - loss: 0.0364 - mse: 0.0364 - mae: 0.1454 - val_loss: 0.0394 - val_mse: 0.0394 - val_mae: 0.1462 - 303ms/epoch - 152ms/step
Epoch 345/10000

Epoch 345: val_loss did not improve from 0.03885
2/2 - 0s - loss: 0.0360 - mse: 0.0360 - mae: 0.1416 - val_loss: 0.0389 - val_mse: 0.0389 - val_mae: 0.1489 - 315ms/epoch - 157ms/step
Epoch 346/10000

Epoch 346: val_loss did not improve from 0.03885
2/2 - 0s - loss: 0.0349 - mse: 0.0349 - mae: 0.1381 - val_loss: 0.0389 - val_mse: 0.0389 - val_mae: 0.1470 - 302ms/epoch - 151ms/step
Epoch 347/10000

Epoch 347: val_loss did not improve from 0.03885
2/2 - 0s - loss: 0.0367 - mse: 0.0367 - mae: 0.1456 - val_loss: 0.0410 - val_mse: 0.0410 - val_mae: 0.1473 - 304ms/epoch - 152ms/step
Epoch 348/10000

Epoch 348: val_loss did not improve from 0.03885
2/2 - 0s - loss: 0.0372 - mse: 0.0372 - mae: 0.1391 - val_loss: 0.0455 - val_mse: 0.0455 - val_mae: 0.1731 - 302ms/epoch - 151ms/step
Epoch 349/10000

Epoch 349: val_loss did not improve from 0.03885
2/2 - 0s - loss: 0.0383 - mse: 0.0383 - mae: 0.1562 - val_loss: 0.0444 - val_mse: 0.0444 - val_mae: 0.1516 - 296ms/epoch - 148ms/step
Epoch 350/10000

Epoch 350: val_loss did not improve from 0.03885
2/2 - 0s - loss: 0.0389 - mse: 0.0389 - mae: 0.1436 - val_loss: 0.0451 - val_mse: 0.0451 - val_mae: 0.1719 - 301ms/epoch - 151ms/step
Epoch 351/10000

Epoch 351: val_loss did not improve from 0.03885
2/2 - 0s - loss: 0.0385 - mse: 0.0385 - mae: 0.1537 - val_loss: 0.0411 - val_mse: 0.0411 - val_mae: 0.1473 - 301ms/epoch - 150ms/step
Epoch 352/10000

Epoch 352: val_loss did not improve from 0.03885
2/2 - 0s - loss: 0.0367 - mse: 0.0367 - mae: 0.1424 - val_loss: 0.0412 - val_mse: 0.0412 - val_mae: 0.1595 - 304ms/epoch - 152ms/step
Epoch 353/10000

Epoch 353: val_loss did not improve from 0.03885
2/2 - 0s - loss: 0.0368 - mse: 0.0368 - mae: 0.1463 - val_loss: 0.0391 - val_mse: 0.0391 - val_mae: 0.1471 - 296ms/epoch - 148ms/step
Epoch 354/10000

Epoch 354: val_loss did not improve from 0.03885
2/2 - 0s - loss: 0.0358 - mse: 0.0358 - mae: 0.1423 - val_loss: 0.0390 - val_mse: 0.0390 - val_mae: 0.1489 - 302ms/epoch - 151ms/step
Epoch 355/10000

Epoch 355: val_loss did not improve from 0.03885
2/2 - 0s - loss: 0.0353 - mse: 0.0353 - mae: 0.1389 - val_loss: 0.0390 - val_mse: 0.0390 - val_mae: 0.1492 - 302ms/epoch - 151ms/step
Epoch 356/10000

Epoch 356: val_loss did not improve from 0.03885
2/2 - 0s - loss: 0.0350 - mse: 0.0350 - mae: 0.1417 - val_loss: 0.0391 - val_mse: 0.0391 - val_mae: 0.1500 - 302ms/epoch - 151ms/step
Epoch 357/10000

Epoch 357: val_loss did not improve from 0.03885
2/2 - 0s - loss: 0.0350 - mse: 0.0350 - mae: 0.1394 - val_loss: 0.0389 - val_mse: 0.0389 - val_mae: 0.1482 - 298ms/epoch - 149ms/step
Epoch 358/10000

Epoch 358: val_loss did not improve from 0.03885
2/2 - 0s - loss: 0.0348 - mse: 0.0348 - mae: 0.1397 - val_loss: 0.0396 - val_mse: 0.0396 - val_mae: 0.1532 - 301ms/epoch - 150ms/step
Epoch 359/10000

Epoch 359: val_loss did not improve from 0.03885
2/2 - 0s - loss: 0.0350 - mse: 0.0350 - mae: 0.1421 - val_loss: 0.0392 - val_mse: 0.0392 - val_mae: 0.1466 - 302ms/epoch - 151ms/step
Epoch 360/10000

Epoch 360: val_loss did not improve from 0.03885
2/2 - 0s - loss: 0.0351 - mse: 0.0351 - mae: 0.1381 - val_loss: 0.0401 - val_mse: 0.0401 - val_mae: 0.1555 - 301ms/epoch - 151ms/step
Epoch 361/10000

Epoch 361: val_loss did not improve from 0.03885
2/2 - 0s - loss: 0.0353 - mse: 0.0353 - mae: 0.1431 - val_loss: 0.0397 - val_mse: 0.0397 - val_mae: 0.1464 - 301ms/epoch - 151ms/step
Epoch 362/10000

Epoch 362: val_loss did not improve from 0.03885
2/2 - 0s - loss: 0.0359 - mse: 0.0359 - mae: 0.1394 - val_loss: 0.0392 - val_mse: 0.0392 - val_mae: 0.1508 - 301ms/epoch - 150ms/step
Epoch 363/10000

Epoch 363: val_loss did not improve from 0.03885
2/2 - 0s - loss: 0.0353 - mse: 0.0353 - mae: 0.1400 - val_loss: 0.0391 - val_mse: 0.0391 - val_mae: 0.1500 - 303ms/epoch - 152ms/step
Epoch 364/10000

Epoch 364: val_loss did not improve from 0.03885
2/2 - 0s - loss: 0.0349 - mse: 0.0349 - mae: 0.1410 - val_loss: 0.0389 - val_mse: 0.0389 - val_mae: 0.1485 - 304ms/epoch - 152ms/step
Epoch 365/10000

Epoch 365: val_loss did not improve from 0.03885
2/2 - 0s - loss: 0.0348 - mse: 0.0348 - mae: 0.1386 - val_loss: 0.0389 - val_mse: 0.0389 - val_mae: 0.1483 - 298ms/epoch - 149ms/step
Epoch 366/10000

Epoch 366: val_loss did not improve from 0.03885
2/2 - 0s - loss: 0.0348 - mse: 0.0348 - mae: 0.1387 - val_loss: 0.0400 - val_mse: 0.0400 - val_mae: 0.1547 - 305ms/epoch - 153ms/step
Epoch 367/10000

Epoch 367: val_loss improved from 0.03885 to 0.03885, saving model to ./results/NN_thk_regr/ResNet/recursion_14/ckpt_1
2/2 - 1s - loss: 0.0357 - mse: 0.0357 - mae: 0.1425 - val_loss: 0.0388 - val_mse: 0.0388 - val_mae: 0.1482 - 1s/epoch - 560ms/step
Epoch 368/10000

Epoch 368: val_loss did not improve from 0.03885
2/2 - 0s - loss: 0.0349 - mse: 0.0349 - mae: 0.1402 - val_loss: 0.0389 - val_mse: 0.0389 - val_mae: 0.1468 - 304ms/epoch - 152ms/step
Epoch 369/10000

Epoch 369: val_loss did not improve from 0.03885
2/2 - 0s - loss: 0.0349 - mse: 0.0349 - mae: 0.1377 - val_loss: 0.0389 - val_mse: 0.0389 - val_mae: 0.1484 - 300ms/epoch - 150ms/step
Epoch 370/10000

Epoch 370: val_loss improved from 0.03885 to 0.03881, saving model to ./results/NN_thk_regr/ResNet/recursion_14/ckpt_1
2/2 - 1s - loss: 0.0348 - mse: 0.0348 - mae: 0.1395 - val_loss: 0.0388 - val_mse: 0.0388 - val_mae: 0.1475 - 1s/epoch - 599ms/step
Epoch 371/10000

Epoch 371: val_loss did not improve from 0.03881
2/2 - 0s - loss: 0.0351 - mse: 0.0351 - mae: 0.1382 - val_loss: 0.0408 - val_mse: 0.0408 - val_mae: 0.1576 - 302ms/epoch - 151ms/step
Epoch 372/10000

Epoch 372: val_loss did not improve from 0.03881
2/2 - 0s - loss: 0.0358 - mse: 0.0358 - mae: 0.1452 - val_loss: 0.0392 - val_mse: 0.0392 - val_mae: 0.1462 - 303ms/epoch - 151ms/step
Epoch 373/10000

Epoch 373: val_loss did not improve from 0.03881
2/2 - 0s - loss: 0.0353 - mse: 0.0353 - mae: 0.1387 - val_loss: 0.0390 - val_mse: 0.0390 - val_mae: 0.1496 - 301ms/epoch - 151ms/step
Epoch 374/10000

Epoch 374: val_loss did not improve from 0.03881
2/2 - 0s - loss: 0.0347 - mse: 0.0347 - mae: 0.1389 - val_loss: 0.0388 - val_mse: 0.0388 - val_mae: 0.1469 - 301ms/epoch - 151ms/step
Epoch 375/10000

Epoch 375: val_loss did not improve from 0.03881
2/2 - 0s - loss: 0.0349 - mse: 0.0349 - mae: 0.1388 - val_loss: 0.0389 - val_mse: 0.0389 - val_mae: 0.1485 - 302ms/epoch - 151ms/step
Epoch 376/10000

Epoch 376: val_loss improved from 0.03881 to 0.03879, saving model to ./results/NN_thk_regr/ResNet/recursion_14/ckpt_1
2/2 - 1s - loss: 0.0347 - mse: 0.0347 - mae: 0.1384 - val_loss: 0.0388 - val_mse: 0.0388 - val_mae: 0.1473 - 1s/epoch - 592ms/step
Epoch 377/10000

Epoch 377: val_loss did not improve from 0.03879
2/2 - 0s - loss: 0.0347 - mse: 0.0347 - mae: 0.1380 - val_loss: 0.0397 - val_mse: 0.0397 - val_mae: 0.1530 - 306ms/epoch - 153ms/step
Epoch 378/10000

Epoch 378: val_loss did not improve from 0.03879
2/2 - 0s - loss: 0.0350 - mse: 0.0350 - mae: 0.1414 - val_loss: 0.0391 - val_mse: 0.0391 - val_mae: 0.1461 - 307ms/epoch - 153ms/step
Epoch 379/10000

Epoch 379: val_loss did not improve from 0.03879
2/2 - 0s - loss: 0.0352 - mse: 0.0352 - mae: 0.1386 - val_loss: 0.0392 - val_mse: 0.0392 - val_mae: 0.1504 - 302ms/epoch - 151ms/step
Epoch 380/10000

Epoch 380: val_loss did not improve from 0.03879
2/2 - 0s - loss: 0.0349 - mse: 0.0349 - mae: 0.1397 - val_loss: 0.0388 - val_mse: 0.0388 - val_mae: 0.1477 - 302ms/epoch - 151ms/step
Epoch 381/10000

Epoch 381: val_loss did not improve from 0.03879
2/2 - 0s - loss: 0.0352 - mse: 0.0352 - mae: 0.1409 - val_loss: 0.0393 - val_mse: 0.0393 - val_mae: 0.1460 - 299ms/epoch - 149ms/step
Epoch 382/10000

Epoch 382: val_loss did not improve from 0.03879
2/2 - 0s - loss: 0.0353 - mse: 0.0353 - mae: 0.1371 - val_loss: 0.0403 - val_mse: 0.0403 - val_mae: 0.1555 - 302ms/epoch - 151ms/step
Epoch 383/10000

Epoch 383: val_loss did not improve from 0.03879
2/2 - 0s - loss: 0.0353 - mse: 0.0353 - mae: 0.1438 - val_loss: 0.0409 - val_mse: 0.0409 - val_mae: 0.1472 - 304ms/epoch - 152ms/step
Epoch 384/10000

Epoch 384: val_loss did not improve from 0.03879
2/2 - 0s - loss: 0.0362 - mse: 0.0362 - mae: 0.1383 - val_loss: 0.0438 - val_mse: 0.0438 - val_mae: 0.1677 - 301ms/epoch - 151ms/step
Epoch 385/10000

Epoch 385: val_loss did not improve from 0.03879
2/2 - 0s - loss: 0.0370 - mse: 0.0370 - mae: 0.1494 - val_loss: 0.0427 - val_mse: 0.0427 - val_mae: 0.1494 - 301ms/epoch - 151ms/step
Epoch 386/10000

Epoch 386: val_loss did not improve from 0.03879
2/2 - 0s - loss: 0.0375 - mse: 0.0375 - mae: 0.1421 - val_loss: 0.0443 - val_mse: 0.0443 - val_mae: 0.1691 - 300ms/epoch - 150ms/step
Epoch 387/10000

Epoch 387: val_loss did not improve from 0.03879
2/2 - 0s - loss: 0.0379 - mse: 0.0379 - mae: 0.1519 - val_loss: 0.0413 - val_mse: 0.0413 - val_mae: 0.1476 - 301ms/epoch - 151ms/step
Epoch 388/10000

Epoch 388: val_loss did not improve from 0.03879
2/2 - 0s - loss: 0.0378 - mse: 0.0378 - mae: 0.1445 - val_loss: 0.0400 - val_mse: 0.0400 - val_mae: 0.1545 - 298ms/epoch - 149ms/step
Epoch 389/10000

Epoch 389: val_loss did not improve from 0.03879
2/2 - 0s - loss: 0.0367 - mse: 0.0367 - mae: 0.1437 - val_loss: 0.0390 - val_mse: 0.0390 - val_mae: 0.1473 - 303ms/epoch - 151ms/step
Epoch 390/10000

Epoch 390: val_loss did not improve from 0.03879
2/2 - 0s - loss: 0.0359 - mse: 0.0359 - mae: 0.1437 - val_loss: 0.0390 - val_mse: 0.0390 - val_mae: 0.1485 - 301ms/epoch - 151ms/step
Epoch 391/10000

Epoch 391: val_loss did not improve from 0.03879
2/2 - 0s - loss: 0.0356 - mse: 0.0356 - mae: 0.1390 - val_loss: 0.0390 - val_mse: 0.0390 - val_mae: 0.1492 - 318ms/epoch - 159ms/step
Epoch 392/10000

Epoch 392: val_loss did not improve from 0.03879
2/2 - 0s - loss: 0.0355 - mse: 0.0355 - mae: 0.1439 - val_loss: 0.0390 - val_mse: 0.0390 - val_mae: 0.1480 - 303ms/epoch - 151ms/step
Epoch 393/10000

Epoch 393: val_loss did not improve from 0.03879
2/2 - 0s - loss: 0.0350 - mse: 0.0350 - mae: 0.1381 - val_loss: 0.0390 - val_mse: 0.0390 - val_mae: 0.1477 - 326ms/epoch - 163ms/step
Epoch 394/10000

Epoch 394: val_loss did not improve from 0.03879
2/2 - 0s - loss: 0.0354 - mse: 0.0354 - mae: 0.1415 - val_loss: 0.0389 - val_mse: 0.0389 - val_mae: 0.1482 - 302ms/epoch - 151ms/step
Epoch 395/10000

Epoch 395: val_loss did not improve from 0.03879
2/2 - 0s - loss: 0.0349 - mse: 0.0349 - mae: 0.1381 - val_loss: 0.0389 - val_mse: 0.0389 - val_mae: 0.1478 - 300ms/epoch - 150ms/step
Epoch 396/10000

Epoch 396: val_loss did not improve from 0.03879
2/2 - 0s - loss: 0.0351 - mse: 0.0351 - mae: 0.1406 - val_loss: 0.0389 - val_mse: 0.0389 - val_mae: 0.1482 - 302ms/epoch - 151ms/step
Epoch 397/10000

Epoch 397: val_loss did not improve from 0.03879
2/2 - 0s - loss: 0.0349 - mse: 0.0349 - mae: 0.1381 - val_loss: 0.0389 - val_mse: 0.0389 - val_mae: 0.1489 - 303ms/epoch - 152ms/step
Epoch 398/10000

Epoch 398: val_loss did not improve from 0.03879
2/2 - 0s - loss: 0.0350 - mse: 0.0350 - mae: 0.1415 - val_loss: 0.0389 - val_mse: 0.0389 - val_mae: 0.1468 - 302ms/epoch - 151ms/step
Epoch 399/10000

Epoch 399: val_loss did not improve from 0.03879
2/2 - 0s - loss: 0.0350 - mse: 0.0350 - mae: 0.1374 - val_loss: 0.0390 - val_mse: 0.0390 - val_mae: 0.1497 - 301ms/epoch - 151ms/step
Epoch 400/10000

Epoch 400: val_loss did not improve from 0.03879
2/2 - 0s - loss: 0.0348 - mse: 0.0348 - mae: 0.1401 - val_loss: 0.0388 - val_mse: 0.0388 - val_mae: 0.1483 - 305ms/epoch - 152ms/step
Epoch 401/10000

Epoch 401: val_loss did not improve from 0.03879
2/2 - 0s - loss: 0.0347 - mse: 0.0347 - mae: 0.1389 - val_loss: 0.0391 - val_mse: 0.0391 - val_mae: 0.1462 - 303ms/epoch - 151ms/step
Epoch 402/10000

Epoch 402: val_loss did not improve from 0.03879
2/2 - 0s - loss: 0.0350 - mse: 0.0350 - mae: 0.1376 - val_loss: 0.0394 - val_mse: 0.0394 - val_mae: 0.1519 - 304ms/epoch - 152ms/step
Epoch 403/10000

Epoch 403: val_loss did not improve from 0.03879
2/2 - 0s - loss: 0.0350 - mse: 0.0350 - mae: 0.1405 - val_loss: 0.0388 - val_mse: 0.0388 - val_mae: 0.1471 - 303ms/epoch - 152ms/step
Epoch 404/10000

Epoch 404: val_loss did not improve from 0.03879
2/2 - 0s - loss: 0.0350 - mse: 0.0350 - mae: 0.1399 - val_loss: 0.0389 - val_mse: 0.0389 - val_mae: 0.1467 - 301ms/epoch - 150ms/step
Epoch 405/10000

Epoch 405: val_loss did not improve from 0.03879
2/2 - 0s - loss: 0.0349 - mse: 0.0349 - mae: 0.1371 - val_loss: 0.0395 - val_mse: 0.0395 - val_mae: 0.1522 - 304ms/epoch - 152ms/step
Epoch 406/10000

Epoch 406: val_loss did not improve from 0.03879
2/2 - 0s - loss: 0.0350 - mse: 0.0350 - mae: 0.1419 - val_loss: 0.0393 - val_mse: 0.0393 - val_mae: 0.1461 - 303ms/epoch - 151ms/step
Epoch 407/10000

Epoch 407: val_loss did not improve from 0.03879
2/2 - 0s - loss: 0.0352 - mse: 0.0352 - mae: 0.1371 - val_loss: 0.0398 - val_mse: 0.0398 - val_mae: 0.1539 - 302ms/epoch - 151ms/step
Epoch 408/10000

Epoch 408: val_loss did not improve from 0.03879
2/2 - 0s - loss: 0.0351 - mse: 0.0351 - mae: 0.1423 - val_loss: 0.0391 - val_mse: 0.0391 - val_mae: 0.1461 - 300ms/epoch - 150ms/step
Epoch 409/10000

Epoch 409: val_loss did not improve from 0.03879
2/2 - 0s - loss: 0.0350 - mse: 0.0350 - mae: 0.1378 - val_loss: 0.0396 - val_mse: 0.0396 - val_mae: 0.1530 - 298ms/epoch - 149ms/step
Epoch 410/10000

Epoch 410: val_loss did not improve from 0.03879
2/2 - 0s - loss: 0.0348 - mse: 0.0348 - mae: 0.1410 - val_loss: 0.0403 - val_mse: 0.0403 - val_mae: 0.1464 - 300ms/epoch - 150ms/step
Epoch 411/10000

Epoch 411: val_loss did not improve from 0.03879
2/2 - 0s - loss: 0.0363 - mse: 0.0363 - mae: 0.1400 - val_loss: 0.0393 - val_mse: 0.0393 - val_mae: 0.1514 - 303ms/epoch - 151ms/step
Epoch 412/10000

Epoch 412: val_loss did not improve from 0.03879
2/2 - 0s - loss: 0.0354 - mse: 0.0354 - mae: 0.1400 - val_loss: 0.0390 - val_mse: 0.0390 - val_mae: 0.1496 - 303ms/epoch - 152ms/step
Epoch 413/10000

Epoch 413: val_loss did not improve from 0.03879
2/2 - 0s - loss: 0.0356 - mse: 0.0356 - mae: 0.1438 - val_loss: 0.0406 - val_mse: 0.0406 - val_mae: 0.1468 - 304ms/epoch - 152ms/step
Epoch 414/10000

Epoch 414: val_loss did not improve from 0.03879
2/2 - 0s - loss: 0.0367 - mse: 0.0367 - mae: 0.1383 - val_loss: 0.0455 - val_mse: 0.0455 - val_mae: 0.1732 - 300ms/epoch - 150ms/step
Epoch 415/10000

Epoch 415: val_loss did not improve from 0.03879
2/2 - 0s - loss: 0.0385 - mse: 0.0385 - mae: 0.1553 - val_loss: 0.0419 - val_mse: 0.0419 - val_mae: 0.1482 - 304ms/epoch - 152ms/step
Epoch 416/10000

Epoch 416: val_loss did not improve from 0.03879
2/2 - 0s - loss: 0.0368 - mse: 0.0368 - mae: 0.1387 - val_loss: 0.0453 - val_mse: 0.0453 - val_mae: 0.1726 - 303ms/epoch - 152ms/step
Epoch 417/10000

Epoch 417: val_loss did not improve from 0.03879
2/2 - 0s - loss: 0.0384 - mse: 0.0384 - mae: 0.1544 - val_loss: 0.0413 - val_mse: 0.0413 - val_mae: 0.1476 - 303ms/epoch - 151ms/step
Epoch 418/10000

Epoch 418: val_loss did not improve from 0.03879
2/2 - 0s - loss: 0.0364 - mse: 0.0364 - mae: 0.1385 - val_loss: 0.0430 - val_mse: 0.0430 - val_mae: 0.1659 - 303ms/epoch - 152ms/step
Epoch 419/10000

Epoch 419: val_loss did not improve from 0.03879
2/2 - 0s - loss: 0.0371 - mse: 0.0371 - mae: 0.1499 - val_loss: 0.0403 - val_mse: 0.0403 - val_mae: 0.1467 - 304ms/epoch - 152ms/step
Epoch 420/10000

Epoch 420: val_loss did not improve from 0.03879
2/2 - 0s - loss: 0.0358 - mse: 0.0358 - mae: 0.1388 - val_loss: 0.0414 - val_mse: 0.0414 - val_mae: 0.1605 - 298ms/epoch - 149ms/step
Epoch 421/10000

Epoch 421: val_loss did not improve from 0.03879
2/2 - 0s - loss: 0.0360 - mse: 0.0360 - mae: 0.1460 - val_loss: 0.0401 - val_mse: 0.0401 - val_mae: 0.1464 - 301ms/epoch - 151ms/step
Epoch 422/10000

Epoch 422: val_loss did not improve from 0.03879
2/2 - 0s - loss: 0.0359 - mse: 0.0359 - mae: 0.1395 - val_loss: 0.0400 - val_mse: 0.0400 - val_mae: 0.1550 - 303ms/epoch - 151ms/step
Epoch 423/10000

Epoch 423: val_loss did not improve from 0.03879
2/2 - 0s - loss: 0.0350 - mse: 0.0350 - mae: 0.1425 - val_loss: 0.0400 - val_mse: 0.0400 - val_mae: 0.1463 - 304ms/epoch - 152ms/step
Epoch 424/10000

Epoch 424: val_loss did not improve from 0.03879
2/2 - 0s - loss: 0.0362 - mse: 0.0362 - mae: 0.1392 - val_loss: 0.0393 - val_mse: 0.0393 - val_mae: 0.1518 - 301ms/epoch - 151ms/step
Epoch 425/10000

Epoch 425: val_loss did not improve from 0.03879
2/2 - 0s - loss: 0.0349 - mse: 0.0349 - mae: 0.1402 - val_loss: 0.0389 - val_mse: 0.0389 - val_mae: 0.1465 - 302ms/epoch - 151ms/step
Epoch 426/10000

Epoch 426: val_loss did not improve from 0.03879
2/2 - 0s - loss: 0.0347 - mse: 0.0347 - mae: 0.1373 - val_loss: 0.0411 - val_mse: 0.0411 - val_mae: 0.1590 - 298ms/epoch - 149ms/step
Epoch 426: early stopping
