[ 13.14519438  30.04553007  46.53366244  63.02179482  79.5099272
  95.99805957 112.48619195 128.97432432 145.4624567  161.95058908
 178.43872145 194.92685383 211.41498621 227.90311858 244.39125096
 260.87938334 277.36751571 293.85564809 310.34378047 326.83191284
 343.32004522 359.80817759 376.29630997 392.78444235 409.27257472
 425.7607071 ]
Before undersampling: [(0, 375), (1, 834), (2, 3661), (3, 4955), (4, 3156), (5, 2425), (6, 2195), (7, 1862), (8, 1648), (9, 1497), (10, 1418), (11, 1313), (12, 1182), (13, 1082), (14, 902), (15, 843), (16, 708), (17, 675), (18, 486), (19, 429), (20, 347), (21, 282), (22, 251), (23, 195), (24, 209)]
After undersampling: [(0, 119), (1, 451), (2, 2548), (3, 3401), (4, 2163), (5, 1702), (6, 1602), (7, 1338), (8, 1186), (9, 1028), (10, 1025), (11, 910), (12, 822), (13, 757), (14, 623), (15, 582), (16, 482), (17, 469), (18, 339), (19, 294), (20, 227), (21, 170), (22, 165), (23, 195), (24, 172)]
            label  HH_0_0_x  HV_0_0_x  IA_0_0_x       FYI      DFYI       MYI     rms_0     thk_1     rms_1     thk_2     rms_2     thk_3     rms_3  ...    3         4    5         6         7         8         9        10   11        12   13        14        15                                                CNN
0       20.532690  0.168627  0.054902  0.115088  0.693406  0.239993  0.066601  4.534429  1.156223  4.552118  1.139932  4.540395  1.149358  4.484366  ...  0.0  1.028319  0.0  0.617141  0.608021  0.821605  0.265865  0.961918  0.0  0.748734  0.0  0.713642  0.531415  [[[[0.2549019607843137], [0.115049908207912], ...
1       29.760191  0.231373  0.043137  0.090508  0.529241  0.432457  0.038303  4.629217  1.150241  4.619112  1.124172  4.577413  1.136066  4.586202  ...  0.0  1.102825  0.0  0.684121  0.635776  0.908378  0.309694  1.035364  0.0  0.813038  0.0  0.794971  0.572447  [[[[0.1686274509803921], [0.0905502992517807],...
2       19.293353  0.384314  0.180392  0.155179  0.145805  0.165183  0.689013  4.729457  1.325225  4.867873  1.296732  4.866265  1.327986  4.872564  ...  0.0  0.759483  0.0  0.467309  0.387738  0.619556  0.239121  0.671737  0.0  0.541629  0.0  0.533016  0.344377  [[[[0.4784313725490196], [0.1552091411515778],...
3       14.791517  0.227451  0.066667  0.108359  0.597201  0.339672  0.063127  4.562078  1.161322  4.532236  1.125975  4.502044  1.127764  4.498252  ...  0.0  1.043705  0.0  0.639065  0.596490  0.847273  0.288469  0.969728  0.0  0.750056  0.0  0.734789  0.517006  [[[[0.2392156862745098], [0.1083208869485294],...
4       28.040659  0.235294  0.039216  0.103257  0.982560  0.009140  0.008300  4.319784  1.107653  4.347285  1.081817  4.288634  1.087903  4.268106  ...  0.0  1.059685  0.0  0.674526  0.548577  0.879702  0.297363  1.002906  0.0  0.776489  0.0  0.783335  0.502559  [[[[0.1764705882352941], [0.1032165751737706],...
...           ...       ...       ...       ...       ...       ...       ...       ...       ...       ...       ...       ...       ...       ...  ...  ...       ...  ...       ...       ...       ...       ...       ...  ...       ...  ...       ...       ...                                                ...
22765  417.027580  0.505882  0.090196  0.152162  0.185910  0.031902  0.782188  4.486675  1.202497  4.531466  1.252972  4.593008  1.239219  4.510143  ...  0.0  0.839703  0.0  0.468273  0.499118  0.650608  0.278814  0.681403  0.0  0.621146  0.0  0.548368  0.455899  [[[[0.4196078431372549], [0.15219440834195], [...
22766  417.866263  0.392157  0.125490  0.152184  0.189279  0.051355  0.759366  4.590506  1.242536  4.658542  1.255140  4.682031  1.275536  4.639037  ...  0.0  0.753041  0.0  0.432618  0.424933  0.606180  0.279904  0.615722  0.0  0.551801  0.0  0.504145  0.391604  [[[[0.3490196078431372], [0.1522158155254289],...
22767  421.196328  0.631373  0.466667  0.154089  0.004261  0.000064  0.995674  1.187829  0.197352  0.941815  0.203265  0.245285  0.157730  0.213412  ...  0.0  0.644292  0.0  0.466233  0.184014  0.544459  0.317551  0.496343  0.0  0.488684  0.0  0.521621  0.200857  [[[[0.596078431372549], [0.1541208603802849], ...
22768  416.289186  0.517647  0.160784  0.153404  0.011037  0.000341  0.988622  1.187829  0.197352  0.941815  0.203265  0.245285  0.157730  0.213412  ...  0.0  0.792541  0.0  0.518223  0.461039  0.679398  0.335284  0.699151  0.0  0.512142  0.0  0.532694  0.315921  [[[[0.4078431372549019], [0.1534358903473499],...
22769  423.194662  0.341176  0.274510  0.153307  0.003870  0.000024  0.996105  1.187829  0.197352  0.941815  0.203265  0.245285  0.157730  0.213412  ...  0.0  0.712026  0.0  0.452670  0.356484  0.560431  0.500874  0.445316  0.0  0.508642  0.0  0.462847  0.257479  [[[[0.5686274509803921], [0.1533395804610907],...

[22770 rows x 128 columns]
Size of dataset: (22770, 127)
*************************** Fold #: 1 ***************************
Model: "model"
__________________________________________________________________________________________________
 Layer (type)                   Output Shape         Param #     Connected to                     
==================================================================================================
 conv (InputLayer)              [(None, 7, 7, 3, 1)  0           []                               
                                ]                                                                 
                                                                                                  
 zero_padding3d (ZeroPadding3D)  (None, 8, 8, 4, 1)  0           ['conv[0][0]']                   
                                                                                                  
 conv3d (Conv3D)                (None, 8, 8, 4, 8)   224         ['zero_padding3d[0][0]']         
                                                                                                  
 max_pooling3d (MaxPooling3D)   (None, 4, 4, 2, 8)   0           ['conv3d[0][0]']                 
                                                                                                  
 conv3d_1 (Conv3D)              (None, 4, 4, 2, 4)   868         ['max_pooling3d[0][0]']          
                                                                                                  
 max_pooling3d_1 (MaxPooling3D)  (None, 2, 2, 1, 4)  0           ['conv3d_1[0][0]']               
                                                                                                  
 cat (InputLayer)               [(None, 126)]        0           []                               
                                                                                                  
 flatten (Flatten)              (None, 16)           0           ['max_pooling3d_1[0][0]']        
                                                                                                  
 concatenate (Concatenate)      (None, 142)          0           ['cat[0][0]',                    
                                                                  'flatten[0][0]']                
                                                                                                  
 dense (Dense)                  (None, 200)          28600       ['concatenate[0][0]']            
                                                                                                  
 dense_1 (Dense)                (None, 200)          40200       ['dense[0][0]']                  
                                                                                                  
 dense_2 (Dense)                (None, 200)          40200       ['dense_1[0][0]']                
                                                                                                  
 dense_3 (Dense)                (None, 200)          40200       ['dense_2[0][0]']                
                                                                                                  
 dense_4 (Dense)                (None, 200)          40200       ['dense_3[0][0]']                
                                                                                                  
 dense_5 (Dense)                (None, 1)            201         ['dense_4[0][0]']                
                                                                                                  
==================================================================================================
Total params: 190,693
Trainable params: 190,693
Non-trainable params: 0
__________________________________________________________________________________________________
Epoch 1/10000

Epoch 1: val_loss improved from inf to 2.41656, saving model to ./results/NN_rms_regr/ResNet/recursion_43/ckpt_1
12/12 - 3s - loss: 8.5672 - mse: 8.5672 - mae: 2.4542 - val_loss: 2.4166 - val_mse: 2.4166 - val_mae: 1.3734 - 3s/epoch - 278ms/step
Epoch 2/10000

Epoch 2: val_loss improved from 2.41656 to 0.86338, saving model to ./results/NN_rms_regr/ResNet/recursion_43/ckpt_1
12/12 - 3s - loss: 1.6488 - mse: 1.6488 - mae: 1.0071 - val_loss: 0.8634 - val_mse: 0.8634 - val_mae: 0.5917 - 3s/epoch - 230ms/step
Epoch 3/10000

Epoch 3: val_loss improved from 0.86338 to 0.72392, saving model to ./results/NN_rms_regr/ResNet/recursion_43/ckpt_1
12/12 - 3s - loss: 0.9326 - mse: 0.9326 - mae: 0.6449 - val_loss: 0.7239 - val_mse: 0.7239 - val_mae: 0.5280 - 3s/epoch - 231ms/step
Epoch 4/10000

Epoch 4: val_loss improved from 0.72392 to 0.62715, saving model to ./results/NN_rms_regr/ResNet/recursion_43/ckpt_1
12/12 - 3s - loss: 0.7207 - mse: 0.7207 - mae: 0.5422 - val_loss: 0.6271 - val_mse: 0.6271 - val_mae: 0.5185 - 3s/epoch - 233ms/step
Epoch 5/10000

Epoch 5: val_loss improved from 0.62715 to 0.38597, saving model to ./results/NN_rms_regr/ResNet/recursion_43/ckpt_1
12/12 - 3s - loss: 0.5405 - mse: 0.5405 - mae: 0.5061 - val_loss: 0.3860 - val_mse: 0.3860 - val_mae: 0.4708 - 3s/epoch - 231ms/step
Epoch 6/10000

Epoch 6: val_loss improved from 0.38597 to 0.31273, saving model to ./results/NN_rms_regr/ResNet/recursion_43/ckpt_1
12/12 - 3s - loss: 0.3080 - mse: 0.3080 - mae: 0.4431 - val_loss: 0.3127 - val_mse: 0.3127 - val_mae: 0.4500 - 3s/epoch - 232ms/step
Epoch 7/10000

Epoch 7: val_loss improved from 0.31273 to 0.28218, saving model to ./results/NN_rms_regr/ResNet/recursion_43/ckpt_1
12/12 - 3s - loss: 0.2895 - mse: 0.2895 - mae: 0.4372 - val_loss: 0.2822 - val_mse: 0.2822 - val_mae: 0.4297 - 3s/epoch - 245ms/step
Epoch 8/10000

Epoch 8: val_loss improved from 0.28218 to 0.27860, saving model to ./results/NN_rms_regr/ResNet/recursion_43/ckpt_1
12/12 - 3s - loss: 0.2781 - mse: 0.2781 - mae: 0.4294 - val_loss: 0.2786 - val_mse: 0.2786 - val_mae: 0.4283 - 3s/epoch - 244ms/step
Epoch 9/10000

Epoch 9: val_loss did not improve from 0.27860
12/12 - 2s - loss: 0.2766 - mse: 0.2766 - mae: 0.4284 - val_loss: 0.2793 - val_mse: 0.2793 - val_mae: 0.4283 - 2s/epoch - 168ms/step
Epoch 10/10000

Epoch 10: val_loss did not improve from 0.27860
12/12 - 2s - loss: 0.2763 - mse: 0.2763 - mae: 0.4282 - val_loss: 0.2788 - val_mse: 0.2788 - val_mae: 0.4277 - 2s/epoch - 169ms/step
Epoch 11/10000

Epoch 11: val_loss did not improve from 0.27860
12/12 - 2s - loss: 0.2753 - mse: 0.2753 - mae: 0.4274 - val_loss: 0.2815 - val_mse: 0.2815 - val_mae: 0.4308 - 2s/epoch - 170ms/step
Epoch 12/10000

Epoch 12: val_loss did not improve from 0.27860
12/12 - 2s - loss: 0.2770 - mse: 0.2770 - mae: 0.4283 - val_loss: 0.2808 - val_mse: 0.2808 - val_mae: 0.4301 - 2s/epoch - 170ms/step
Epoch 13/10000

Epoch 13: val_loss did not improve from 0.27860
12/12 - 2s - loss: 0.2774 - mse: 0.2774 - mae: 0.4285 - val_loss: 0.2820 - val_mse: 0.2820 - val_mae: 0.4294 - 2s/epoch - 170ms/step
Epoch 14/10000

Epoch 14: val_loss improved from 0.27860 to 0.27787, saving model to ./results/NN_rms_regr/ResNet/recursion_43/ckpt_1
12/12 - 3s - loss: 0.2756 - mse: 0.2756 - mae: 0.4273 - val_loss: 0.2779 - val_mse: 0.2779 - val_mae: 0.4269 - 3s/epoch - 240ms/step
Epoch 15/10000

Epoch 15: val_loss improved from 0.27787 to 0.27673, saving model to ./results/NN_rms_regr/ResNet/recursion_43/ckpt_1
12/12 - 3s - loss: 0.2742 - mse: 0.2742 - mae: 0.4261 - val_loss: 0.2767 - val_mse: 0.2767 - val_mae: 0.4264 - 3s/epoch - 244ms/step
Epoch 16/10000

Epoch 16: val_loss did not improve from 0.27673
12/12 - 2s - loss: 0.2731 - mse: 0.2731 - mae: 0.4253 - val_loss: 0.2768 - val_mse: 0.2768 - val_mae: 0.4261 - 2s/epoch - 170ms/step
Epoch 17/10000

Epoch 17: val_loss improved from 0.27673 to 0.27632, saving model to ./results/NN_rms_regr/ResNet/recursion_43/ckpt_1
12/12 - 3s - loss: 0.2738 - mse: 0.2738 - mae: 0.4258 - val_loss: 0.2763 - val_mse: 0.2763 - val_mae: 0.4257 - 3s/epoch - 244ms/step
Epoch 18/10000

Epoch 18: val_loss did not improve from 0.27632
12/12 - 2s - loss: 0.2737 - mse: 0.2737 - mae: 0.4258 - val_loss: 0.2776 - val_mse: 0.2776 - val_mae: 0.4263 - 2s/epoch - 169ms/step
Epoch 19/10000

Epoch 19: val_loss improved from 0.27632 to 0.27624, saving model to ./results/NN_rms_regr/ResNet/recursion_43/ckpt_1
12/12 - 3s - loss: 0.2736 - mse: 0.2736 - mae: 0.4255 - val_loss: 0.2762 - val_mse: 0.2762 - val_mae: 0.4254 - 3s/epoch - 245ms/step
Epoch 20/10000

Epoch 20: val_loss did not improve from 0.27624
12/12 - 2s - loss: 0.2752 - mse: 0.2752 - mae: 0.4267 - val_loss: 0.2767 - val_mse: 0.2767 - val_mae: 0.4257 - 2s/epoch - 171ms/step
Epoch 21/10000

Epoch 21: val_loss did not improve from 0.27624
12/12 - 2s - loss: 0.2781 - mse: 0.2781 - mae: 0.4286 - val_loss: 0.2767 - val_mse: 0.2767 - val_mae: 0.4260 - 2s/epoch - 170ms/step
Epoch 22/10000

Epoch 22: val_loss did not improve from 0.27624
12/12 - 2s - loss: 0.2809 - mse: 0.2809 - mae: 0.4307 - val_loss: 0.2910 - val_mse: 0.2910 - val_mae: 0.4371 - 2s/epoch - 170ms/step
Epoch 23/10000

Epoch 23: val_loss did not improve from 0.27624
12/12 - 2s - loss: 0.2787 - mse: 0.2787 - mae: 0.4294 - val_loss: 0.2781 - val_mse: 0.2781 - val_mae: 0.4263 - 2s/epoch - 172ms/step
Epoch 24/10000

Epoch 24: val_loss did not improve from 0.27624
12/12 - 2s - loss: 0.2740 - mse: 0.2740 - mae: 0.4255 - val_loss: 0.2769 - val_mse: 0.2769 - val_mae: 0.4263 - 2s/epoch - 171ms/step
Epoch 25/10000

Epoch 25: val_loss did not improve from 0.27624
12/12 - 2s - loss: 0.2758 - mse: 0.2758 - mae: 0.4263 - val_loss: 0.2844 - val_mse: 0.2844 - val_mae: 0.4322 - 2s/epoch - 170ms/step
Epoch 26/10000

Epoch 26: val_loss did not improve from 0.27624
12/12 - 2s - loss: 0.2761 - mse: 0.2761 - mae: 0.4267 - val_loss: 0.2788 - val_mse: 0.2788 - val_mae: 0.4266 - 2s/epoch - 170ms/step
Epoch 27/10000

Epoch 27: val_loss did not improve from 0.27624
12/12 - 2s - loss: 0.2760 - mse: 0.2760 - mae: 0.4270 - val_loss: 0.2938 - val_mse: 0.2938 - val_mae: 0.4361 - 2s/epoch - 170ms/step
Epoch 28/10000

Epoch 28: val_loss improved from 0.27624 to 0.27601, saving model to ./results/NN_rms_regr/ResNet/recursion_43/ckpt_1
12/12 - 3s - loss: 0.2805 - mse: 0.2805 - mae: 0.4290 - val_loss: 0.2760 - val_mse: 0.2760 - val_mae: 0.4252 - 3s/epoch - 239ms/step
Epoch 29/10000

Epoch 29: val_loss did not improve from 0.27601
12/12 - 2s - loss: 0.2724 - mse: 0.2724 - mae: 0.4243 - val_loss: 0.2764 - val_mse: 0.2764 - val_mae: 0.4257 - 2s/epoch - 170ms/step
Epoch 30/10000

Epoch 30: val_loss improved from 0.27601 to 0.27584, saving model to ./results/NN_rms_regr/ResNet/recursion_43/ckpt_1
12/12 - 3s - loss: 0.2737 - mse: 0.2737 - mae: 0.4252 - val_loss: 0.2758 - val_mse: 0.2758 - val_mae: 0.4252 - 3s/epoch - 244ms/step
Epoch 31/10000

Epoch 31: val_loss improved from 0.27584 to 0.27580, saving model to ./results/NN_rms_regr/ResNet/recursion_43/ckpt_1
12/12 - 3s - loss: 0.2733 - mse: 0.2733 - mae: 0.4251 - val_loss: 0.2758 - val_mse: 0.2758 - val_mae: 0.4248 - 3s/epoch - 246ms/step
Epoch 32/10000

Epoch 32: val_loss did not improve from 0.27580
12/12 - 2s - loss: 0.2738 - mse: 0.2738 - mae: 0.4253 - val_loss: 0.2774 - val_mse: 0.2774 - val_mae: 0.4259 - 2s/epoch - 170ms/step
Epoch 33/10000

Epoch 33: val_loss did not improve from 0.27580
12/12 - 2s - loss: 0.2747 - mse: 0.2747 - mae: 0.4260 - val_loss: 0.2767 - val_mse: 0.2767 - val_mae: 0.4258 - 2s/epoch - 171ms/step
Epoch 34/10000

Epoch 34: val_loss did not improve from 0.27580
12/12 - 2s - loss: 0.2745 - mse: 0.2745 - mae: 0.4265 - val_loss: 0.2870 - val_mse: 0.2870 - val_mae: 0.4340 - 2s/epoch - 170ms/step
Epoch 35/10000

Epoch 35: val_loss did not improve from 0.27580
12/12 - 2s - loss: 0.2747 - mse: 0.2747 - mae: 0.4262 - val_loss: 0.2830 - val_mse: 0.2830 - val_mae: 0.4309 - 2s/epoch - 170ms/step
Epoch 36/10000

Epoch 36: val_loss did not improve from 0.27580
12/12 - 2s - loss: 0.2743 - mse: 0.2743 - mae: 0.4254 - val_loss: 0.2943 - val_mse: 0.2943 - val_mae: 0.4392 - 2s/epoch - 171ms/step
Epoch 37/10000

Epoch 37: val_loss did not improve from 0.27580
12/12 - 2s - loss: 0.2767 - mse: 0.2767 - mae: 0.4272 - val_loss: 0.3030 - val_mse: 0.3030 - val_mae: 0.4454 - 2s/epoch - 172ms/step
Epoch 38/10000

Epoch 38: val_loss did not improve from 0.27580
12/12 - 2s - loss: 0.2784 - mse: 0.2784 - mae: 0.4286 - val_loss: 0.2766 - val_mse: 0.2766 - val_mae: 0.4259 - 2s/epoch - 170ms/step
Epoch 39/10000

Epoch 39: val_loss improved from 0.27580 to 0.27578, saving model to ./results/NN_rms_regr/ResNet/recursion_43/ckpt_1
12/12 - 3s - loss: 0.2723 - mse: 0.2723 - mae: 0.4239 - val_loss: 0.2758 - val_mse: 0.2758 - val_mae: 0.4247 - 3s/epoch - 240ms/step
Epoch 40/10000

Epoch 40: val_loss did not improve from 0.27578
12/12 - 2s - loss: 0.2742 - mse: 0.2742 - mae: 0.4254 - val_loss: 0.2764 - val_mse: 0.2764 - val_mae: 0.4255 - 2s/epoch - 171ms/step
Epoch 41/10000

Epoch 41: val_loss improved from 0.27578 to 0.27558, saving model to ./results/NN_rms_regr/ResNet/recursion_43/ckpt_1
12/12 - 3s - loss: 0.2727 - mse: 0.2727 - mae: 0.4240 - val_loss: 0.2756 - val_mse: 0.2756 - val_mae: 0.4247 - 3s/epoch - 244ms/step
Epoch 42/10000

Epoch 42: val_loss did not improve from 0.27558
12/12 - 2s - loss: 0.2749 - mse: 0.2749 - mae: 0.4257 - val_loss: 0.2782 - val_mse: 0.2782 - val_mae: 0.4259 - 2s/epoch - 170ms/step
Epoch 43/10000

Epoch 43: val_loss did not improve from 0.27558
12/12 - 2s - loss: 0.2735 - mse: 0.2735 - mae: 0.4249 - val_loss: 0.2887 - val_mse: 0.2887 - val_mae: 0.4327 - 2s/epoch - 170ms/step
Epoch 44/10000

Epoch 44: val_loss did not improve from 0.27558
12/12 - 2s - loss: 0.2768 - mse: 0.2768 - mae: 0.4272 - val_loss: 0.2764 - val_mse: 0.2764 - val_mae: 0.4250 - 2s/epoch - 171ms/step
Epoch 45/10000

Epoch 45: val_loss improved from 0.27558 to 0.27545, saving model to ./results/NN_rms_regr/ResNet/recursion_43/ckpt_1
12/12 - 3s - loss: 0.2726 - mse: 0.2726 - mae: 0.4246 - val_loss: 0.2755 - val_mse: 0.2755 - val_mae: 0.4245 - 3s/epoch - 247ms/step
Epoch 46/10000

Epoch 46: val_loss did not improve from 0.27545
12/12 - 2s - loss: 0.2721 - mse: 0.2721 - mae: 0.4241 - val_loss: 0.2756 - val_mse: 0.2756 - val_mae: 0.4248 - 2s/epoch - 171ms/step
Epoch 47/10000

Epoch 47: val_loss did not improve from 0.27545
12/12 - 2s - loss: 0.2739 - mse: 0.2739 - mae: 0.4254 - val_loss: 0.2935 - val_mse: 0.2935 - val_mae: 0.4386 - 2s/epoch - 171ms/step
Epoch 48/10000

Epoch 48: val_loss did not improve from 0.27545
12/12 - 2s - loss: 0.2759 - mse: 0.2759 - mae: 0.4270 - val_loss: 0.2837 - val_mse: 0.2837 - val_mae: 0.4292 - 2s/epoch - 171ms/step
Epoch 49/10000

Epoch 49: val_loss did not improve from 0.27545
12/12 - 2s - loss: 0.2803 - mse: 0.2803 - mae: 0.4296 - val_loss: 0.2786 - val_mse: 0.2786 - val_mae: 0.4262 - 2s/epoch - 170ms/step
Epoch 50/10000

Epoch 50: val_loss did not improve from 0.27545
12/12 - 2s - loss: 0.2732 - mse: 0.2732 - mae: 0.4242 - val_loss: 0.2823 - val_mse: 0.2823 - val_mae: 0.4303 - 2s/epoch - 170ms/step
Epoch 51/10000

Epoch 51: val_loss did not improve from 0.27545
12/12 - 2s - loss: 0.2735 - mse: 0.2735 - mae: 0.4245 - val_loss: 0.2816 - val_mse: 0.2816 - val_mae: 0.4296 - 2s/epoch - 171ms/step
Epoch 52/10000

Epoch 52: val_loss did not improve from 0.27545
12/12 - 2s - loss: 0.2734 - mse: 0.2734 - mae: 0.4250 - val_loss: 0.2758 - val_mse: 0.2758 - val_mae: 0.4248 - 2s/epoch - 171ms/step
Epoch 53/10000

Epoch 53: val_loss did not improve from 0.27545
12/12 - 2s - loss: 0.2715 - mse: 0.2715 - mae: 0.4233 - val_loss: 0.2832 - val_mse: 0.2832 - val_mae: 0.4308 - 2s/epoch - 171ms/step
Epoch 54/10000

Epoch 54: val_loss did not improve from 0.27545
12/12 - 2s - loss: 0.2745 - mse: 0.2745 - mae: 0.4260 - val_loss: 0.2778 - val_mse: 0.2778 - val_mae: 0.4266 - 2s/epoch - 171ms/step
Epoch 55/10000

Epoch 55: val_loss did not improve from 0.27545
12/12 - 2s - loss: 0.2713 - mse: 0.2713 - mae: 0.4232 - val_loss: 0.2760 - val_mse: 0.2760 - val_mae: 0.4246 - 2s/epoch - 170ms/step
Epoch 56/10000

Epoch 56: val_loss did not improve from 0.27545
12/12 - 2s - loss: 0.2718 - mse: 0.2718 - mae: 0.4234 - val_loss: 0.2992 - val_mse: 0.2992 - val_mae: 0.4395 - 2s/epoch - 170ms/step
Epoch 57/10000

Epoch 57: val_loss did not improve from 0.27545
12/12 - 2s - loss: 0.2833 - mse: 0.2833 - mae: 0.4317 - val_loss: 0.2784 - val_mse: 0.2784 - val_mae: 0.4260 - 2s/epoch - 170ms/step
Epoch 58/10000

Epoch 58: val_loss did not improve from 0.27545
12/12 - 2s - loss: 0.2720 - mse: 0.2720 - mae: 0.4238 - val_loss: 0.2780 - val_mse: 0.2780 - val_mae: 0.4256 - 2s/epoch - 170ms/step
Epoch 59/10000

Epoch 59: val_loss did not improve from 0.27545
12/12 - 2s - loss: 0.2724 - mse: 0.2724 - mae: 0.4234 - val_loss: 0.2867 - val_mse: 0.2867 - val_mae: 0.4314 - 2s/epoch - 171ms/step
Epoch 60/10000

Epoch 60: val_loss did not improve from 0.27545
12/12 - 2s - loss: 0.2738 - mse: 0.2738 - mae: 0.4243 - val_loss: 0.2783 - val_mse: 0.2783 - val_mae: 0.4261 - 2s/epoch - 171ms/step
Epoch 61/10000

Epoch 61: val_loss did not improve from 0.27545
12/12 - 2s - loss: 0.2746 - mse: 0.2746 - mae: 0.4251 - val_loss: 0.2793 - val_mse: 0.2793 - val_mae: 0.4277 - 2s/epoch - 170ms/step
Epoch 62/10000

Epoch 62: val_loss did not improve from 0.27545
12/12 - 2s - loss: 0.2725 - mse: 0.2725 - mae: 0.4243 - val_loss: 0.2798 - val_mse: 0.2798 - val_mae: 0.4269 - 2s/epoch - 171ms/step
Epoch 63/10000

Epoch 63: val_loss did not improve from 0.27545
12/12 - 2s - loss: 0.2722 - mse: 0.2722 - mae: 0.4238 - val_loss: 0.2762 - val_mse: 0.2762 - val_mae: 0.4253 - 2s/epoch - 172ms/step
Epoch 64/10000

Epoch 64: val_loss did not improve from 0.27545
12/12 - 2s - loss: 0.2715 - mse: 0.2715 - mae: 0.4233 - val_loss: 0.2807 - val_mse: 0.2807 - val_mae: 0.4274 - 2s/epoch - 172ms/step
Epoch 65/10000

Epoch 65: val_loss did not improve from 0.27545
12/12 - 2s - loss: 0.2752 - mse: 0.2752 - mae: 0.4255 - val_loss: 0.2757 - val_mse: 0.2757 - val_mae: 0.4248 - 2s/epoch - 171ms/step
Epoch 66/10000

Epoch 66: val_loss did not improve from 0.27545
12/12 - 2s - loss: 0.2749 - mse: 0.2749 - mae: 0.4252 - val_loss: 0.3124 - val_mse: 0.3124 - val_mae: 0.4522 - 2s/epoch - 176ms/step
Epoch 67/10000

Epoch 67: val_loss improved from 0.27545 to 0.27539, saving model to ./results/NN_rms_regr/ResNet/recursion_43/ckpt_1
12/12 - 3s - loss: 0.2818 - mse: 0.2818 - mae: 0.4311 - val_loss: 0.2754 - val_mse: 0.2754 - val_mae: 0.4243 - 3s/epoch - 241ms/step
Epoch 68/10000

Epoch 68: val_loss did not improve from 0.27539
12/12 - 2s - loss: 0.2735 - mse: 0.2735 - mae: 0.4252 - val_loss: 0.2762 - val_mse: 0.2762 - val_mae: 0.4246 - 2s/epoch - 172ms/step
Epoch 69/10000

Epoch 69: val_loss did not improve from 0.27539
12/12 - 2s - loss: 0.2708 - mse: 0.2708 - mae: 0.4227 - val_loss: 0.2856 - val_mse: 0.2856 - val_mae: 0.4307 - 2s/epoch - 170ms/step
Epoch 70/10000

Epoch 70: val_loss did not improve from 0.27539
12/12 - 2s - loss: 0.2746 - mse: 0.2746 - mae: 0.4249 - val_loss: 0.2822 - val_mse: 0.2822 - val_mae: 0.4300 - 2s/epoch - 171ms/step
Epoch 71/10000

Epoch 71: val_loss did not improve from 0.27539
12/12 - 2s - loss: 0.2728 - mse: 0.2728 - mae: 0.4240 - val_loss: 0.2806 - val_mse: 0.2806 - val_mae: 0.4272 - 2s/epoch - 171ms/step
Epoch 72/10000

Epoch 72: val_loss did not improve from 0.27539
12/12 - 2s - loss: 0.2813 - mse: 0.2813 - mae: 0.4295 - val_loss: 0.2806 - val_mse: 0.2806 - val_mae: 0.4286 - 2s/epoch - 170ms/step
Epoch 73/10000

Epoch 73: val_loss did not improve from 0.27539
12/12 - 2s - loss: 0.2715 - mse: 0.2715 - mae: 0.4230 - val_loss: 0.2859 - val_mse: 0.2859 - val_mae: 0.4327 - 2s/epoch - 172ms/step
Epoch 74/10000

Epoch 74: val_loss did not improve from 0.27539
12/12 - 2s - loss: 0.2763 - mse: 0.2763 - mae: 0.4262 - val_loss: 0.2904 - val_mse: 0.2904 - val_mae: 0.4360 - 2s/epoch - 170ms/step
Epoch 75/10000

Epoch 75: val_loss did not improve from 0.27539
12/12 - 2s - loss: 0.2796 - mse: 0.2796 - mae: 0.4294 - val_loss: 0.2770 - val_mse: 0.2770 - val_mae: 0.4252 - 2s/epoch - 170ms/step
Epoch 76/10000

Epoch 76: val_loss did not improve from 0.27539
12/12 - 2s - loss: 0.2724 - mse: 0.2724 - mae: 0.4235 - val_loss: 0.2783 - val_mse: 0.2783 - val_mae: 0.4258 - 2s/epoch - 172ms/step
Epoch 77/10000

Epoch 77: val_loss did not improve from 0.27539
12/12 - 2s - loss: 0.2714 - mse: 0.2714 - mae: 0.4226 - val_loss: 0.2774 - val_mse: 0.2774 - val_mae: 0.4255 - 2s/epoch - 171ms/step
Epoch 78/10000

Epoch 78: val_loss did not improve from 0.27539
12/12 - 2s - loss: 0.2727 - mse: 0.2727 - mae: 0.4237 - val_loss: 0.2754 - val_mse: 0.2754 - val_mae: 0.4242 - 2s/epoch - 172ms/step
Epoch 79/10000

Epoch 79: val_loss did not improve from 0.27539
12/12 - 2s - loss: 0.2712 - mse: 0.2712 - mae: 0.4228 - val_loss: 0.2822 - val_mse: 0.2822 - val_mae: 0.4300 - 2s/epoch - 170ms/step
Epoch 80/10000

Epoch 80: val_loss did not improve from 0.27539
12/12 - 2s - loss: 0.2735 - mse: 0.2735 - mae: 0.4245 - val_loss: 0.2780 - val_mse: 0.2780 - val_mae: 0.4267 - 2s/epoch - 171ms/step
Epoch 81/10000

Epoch 81: val_loss did not improve from 0.27539
12/12 - 2s - loss: 0.2719 - mse: 0.2719 - mae: 0.4232 - val_loss: 0.2776 - val_mse: 0.2776 - val_mae: 0.4262 - 2s/epoch - 171ms/step
Epoch 82/10000

Epoch 82: val_loss did not improve from 0.27539
12/12 - 2s - loss: 0.2710 - mse: 0.2710 - mae: 0.4227 - val_loss: 0.2828 - val_mse: 0.2828 - val_mae: 0.4285 - 2s/epoch - 171ms/step
Epoch 83/10000

Epoch 83: val_loss did not improve from 0.27539
12/12 - 2s - loss: 0.2789 - mse: 0.2789 - mae: 0.4285 - val_loss: 0.2754 - val_mse: 0.2754 - val_mae: 0.4240 - 2s/epoch - 171ms/step
Epoch 84/10000

Epoch 84: val_loss did not improve from 0.27539
12/12 - 2s - loss: 0.2725 - mse: 0.2725 - mae: 0.4234 - val_loss: 0.2762 - val_mse: 0.2762 - val_mae: 0.4244 - 2s/epoch - 170ms/step
Epoch 85/10000

Epoch 85: val_loss improved from 0.27539 to 0.27519, saving model to ./results/NN_rms_regr/ResNet/recursion_43/ckpt_1
12/12 - 3s - loss: 0.2781 - mse: 0.2781 - mae: 0.4276 - val_loss: 0.2752 - val_mse: 0.2752 - val_mae: 0.4239 - 3s/epoch - 244ms/step
Epoch 86/10000

Epoch 86: val_loss did not improve from 0.27519
12/12 - 2s - loss: 0.2734 - mse: 0.2734 - mae: 0.4237 - val_loss: 0.2753 - val_mse: 0.2753 - val_mae: 0.4240 - 2s/epoch - 171ms/step
Epoch 87/10000

Epoch 87: val_loss did not improve from 0.27519
12/12 - 2s - loss: 0.2734 - mse: 0.2734 - mae: 0.4241 - val_loss: 0.2820 - val_mse: 0.2820 - val_mae: 0.4277 - 2s/epoch - 172ms/step
Epoch 88/10000

Epoch 88: val_loss did not improve from 0.27519
12/12 - 2s - loss: 0.2735 - mse: 0.2735 - mae: 0.4235 - val_loss: 0.2758 - val_mse: 0.2758 - val_mae: 0.4243 - 2s/epoch - 171ms/step
Epoch 89/10000

Epoch 89: val_loss did not improve from 0.27519
12/12 - 2s - loss: 0.2707 - mse: 0.2707 - mae: 0.4219 - val_loss: 0.2766 - val_mse: 0.2766 - val_mae: 0.4246 - 2s/epoch - 171ms/step
Epoch 90/10000

Epoch 90: val_loss did not improve from 0.27519
12/12 - 2s - loss: 0.2721 - mse: 0.2721 - mae: 0.4232 - val_loss: 0.2849 - val_mse: 0.2849 - val_mae: 0.4319 - 2s/epoch - 171ms/step
Epoch 91/10000

Epoch 91: val_loss did not improve from 0.27519
12/12 - 2s - loss: 0.2741 - mse: 0.2741 - mae: 0.4249 - val_loss: 0.2890 - val_mse: 0.2890 - val_mae: 0.4347 - 2s/epoch - 171ms/step
Epoch 92/10000

Epoch 92: val_loss did not improve from 0.27519
12/12 - 2s - loss: 0.2807 - mse: 0.2807 - mae: 0.4289 - val_loss: 0.2891 - val_mse: 0.2891 - val_mae: 0.4324 - 2s/epoch - 171ms/step
Epoch 93/10000

Epoch 93: val_loss did not improve from 0.27519
12/12 - 2s - loss: 0.2820 - mse: 0.2820 - mae: 0.4308 - val_loss: 0.2852 - val_mse: 0.2852 - val_mae: 0.4322 - 2s/epoch - 171ms/step
Epoch 94/10000

Epoch 94: val_loss did not improve from 0.27519
12/12 - 2s - loss: 0.2734 - mse: 0.2734 - mae: 0.4237 - val_loss: 0.2899 - val_mse: 0.2899 - val_mae: 0.4355 - 2s/epoch - 172ms/step
Epoch 95/10000

Epoch 95: val_loss did not improve from 0.27519
12/12 - 2s - loss: 0.2761 - mse: 0.2761 - mae: 0.4263 - val_loss: 0.2760 - val_mse: 0.2760 - val_mae: 0.4241 - 2s/epoch - 171ms/step
Epoch 96/10000

Epoch 96: val_loss did not improve from 0.27519
12/12 - 2s - loss: 0.2707 - mse: 0.2707 - mae: 0.4220 - val_loss: 0.2776 - val_mse: 0.2776 - val_mae: 0.4252 - 2s/epoch - 172ms/step
Epoch 97/10000

Epoch 97: val_loss did not improve from 0.27519
12/12 - 2s - loss: 0.2715 - mse: 0.2715 - mae: 0.4226 - val_loss: 0.2932 - val_mse: 0.2932 - val_mae: 0.4379 - 2s/epoch - 174ms/step
Epoch 98/10000

Epoch 98: val_loss did not improve from 0.27519
12/12 - 2s - loss: 0.2757 - mse: 0.2757 - mae: 0.4262 - val_loss: 0.2791 - val_mse: 0.2791 - val_mae: 0.4272 - 2s/epoch - 170ms/step
Epoch 99/10000

Epoch 99: val_loss did not improve from 0.27519
12/12 - 2s - loss: 0.2761 - mse: 0.2761 - mae: 0.4263 - val_loss: 0.2902 - val_mse: 0.2902 - val_mae: 0.4333 - 2s/epoch - 171ms/step
Epoch 100/10000

Epoch 100: val_loss did not improve from 0.27519
12/12 - 2s - loss: 0.2768 - mse: 0.2768 - mae: 0.4261 - val_loss: 0.2753 - val_mse: 0.2753 - val_mae: 0.4241 - 2s/epoch - 171ms/step
Epoch 101/10000

Epoch 101: val_loss did not improve from 0.27519
12/12 - 2s - loss: 0.2702 - mse: 0.2702 - mae: 0.4215 - val_loss: 0.2760 - val_mse: 0.2760 - val_mae: 0.4246 - 2s/epoch - 175ms/step
Epoch 102/10000

Epoch 102: val_loss did not improve from 0.27519
12/12 - 2s - loss: 0.2725 - mse: 0.2725 - mae: 0.4234 - val_loss: 0.2810 - val_mse: 0.2810 - val_mae: 0.4272 - 2s/epoch - 171ms/step
Epoch 103/10000

Epoch 103: val_loss did not improve from 0.27519
12/12 - 2s - loss: 0.2737 - mse: 0.2737 - mae: 0.4241 - val_loss: 0.2786 - val_mse: 0.2786 - val_mae: 0.4270 - 2s/epoch - 171ms/step
Epoch 104/10000

Epoch 104: val_loss did not improve from 0.27519
12/12 - 2s - loss: 0.2723 - mse: 0.2723 - mae: 0.4230 - val_loss: 0.2910 - val_mse: 0.2910 - val_mae: 0.4362 - 2s/epoch - 172ms/step
Epoch 105/10000

Epoch 105: val_loss did not improve from 0.27519
12/12 - 2s - loss: 0.2745 - mse: 0.2745 - mae: 0.4249 - val_loss: 0.2983 - val_mse: 0.2983 - val_mae: 0.4386 - 2s/epoch - 172ms/step
Epoch 106/10000

Epoch 106: val_loss did not improve from 0.27519
12/12 - 2s - loss: 0.2849 - mse: 0.2849 - mae: 0.4317 - val_loss: 0.3208 - val_mse: 0.3208 - val_mae: 0.4578 - 2s/epoch - 171ms/step
Epoch 107/10000

Epoch 107: val_loss improved from 0.27519 to 0.27512, saving model to ./results/NN_rms_regr/ResNet/recursion_43/ckpt_1
12/12 - 3s - loss: 0.2878 - mse: 0.2878 - mae: 0.4344 - val_loss: 0.2751 - val_mse: 0.2751 - val_mae: 0.4237 - 3s/epoch - 245ms/step
Epoch 108/10000

Epoch 108: val_loss did not improve from 0.27512
12/12 - 2s - loss: 0.2724 - mse: 0.2724 - mae: 0.4235 - val_loss: 0.2774 - val_mse: 0.2774 - val_mae: 0.4256 - 2s/epoch - 174ms/step
Epoch 109/10000

Epoch 109: val_loss did not improve from 0.27512
12/12 - 2s - loss: 0.2733 - mse: 0.2733 - mae: 0.4236 - val_loss: 0.2754 - val_mse: 0.2754 - val_mae: 0.4237 - 2s/epoch - 170ms/step
Epoch 110/10000

Epoch 110: val_loss did not improve from 0.27512
12/12 - 2s - loss: 0.2708 - mse: 0.2708 - mae: 0.4223 - val_loss: 0.3162 - val_mse: 0.3162 - val_mae: 0.4501 - 2s/epoch - 172ms/step
Epoch 111/10000

Epoch 111: val_loss did not improve from 0.27512
12/12 - 2s - loss: 0.2905 - mse: 0.2905 - mae: 0.4354 - val_loss: 0.2852 - val_mse: 0.2852 - val_mae: 0.4318 - 2s/epoch - 173ms/step
Epoch 112/10000

Epoch 112: val_loss did not improve from 0.27512
12/12 - 2s - loss: 0.2830 - mse: 0.2830 - mae: 0.4313 - val_loss: 0.2790 - val_mse: 0.2790 - val_mae: 0.4259 - 2s/epoch - 172ms/step
Epoch 113/10000

Epoch 113: val_loss did not improve from 0.27512
12/12 - 2s - loss: 0.2744 - mse: 0.2744 - mae: 0.4252 - val_loss: 0.2759 - val_mse: 0.2759 - val_mae: 0.4241 - 2s/epoch - 170ms/step
Epoch 114/10000

Epoch 114: val_loss did not improve from 0.27512
12/12 - 2s - loss: 0.2721 - mse: 0.2721 - mae: 0.4230 - val_loss: 0.3082 - val_mse: 0.3082 - val_mae: 0.4451 - 2s/epoch - 170ms/step
Epoch 115/10000

Epoch 115: val_loss did not improve from 0.27512
12/12 - 2s - loss: 0.2790 - mse: 0.2790 - mae: 0.4271 - val_loss: 0.2754 - val_mse: 0.2754 - val_mae: 0.4238 - 2s/epoch - 172ms/step
Epoch 116/10000

Epoch 116: val_loss did not improve from 0.27512
12/12 - 2s - loss: 0.2714 - mse: 0.2714 - mae: 0.4224 - val_loss: 0.2851 - val_mse: 0.2851 - val_mae: 0.4318 - 2s/epoch - 172ms/step
Epoch 117/10000

Epoch 117: val_loss did not improve from 0.27512
12/12 - 2s - loss: 0.2763 - mse: 0.2763 - mae: 0.4261 - val_loss: 0.2874 - val_mse: 0.2874 - val_mae: 0.4314 - 2s/epoch - 171ms/step
Epoch 118/10000

Epoch 118: val_loss did not improve from 0.27512
12/12 - 2s - loss: 0.2803 - mse: 0.2803 - mae: 0.4295 - val_loss: 0.2755 - val_mse: 0.2755 - val_mae: 0.4238 - 2s/epoch - 172ms/step
Epoch 119/10000

Epoch 119: val_loss did not improve from 0.27512
12/12 - 2s - loss: 0.2795 - mse: 0.2795 - mae: 0.4277 - val_loss: 0.2992 - val_mse: 0.2992 - val_mae: 0.4421 - 2s/epoch - 170ms/step
Epoch 120/10000

Epoch 120: val_loss did not improve from 0.27512
12/12 - 2s - loss: 0.2775 - mse: 0.2775 - mae: 0.4269 - val_loss: 0.2759 - val_mse: 0.2759 - val_mae: 0.4246 - 2s/epoch - 172ms/step
Epoch 121/10000

Epoch 121: val_loss did not improve from 0.27512
12/12 - 2s - loss: 0.2734 - mse: 0.2734 - mae: 0.4245 - val_loss: 0.2808 - val_mse: 0.2808 - val_mae: 0.4272 - 2s/epoch - 172ms/step
Epoch 122/10000

Epoch 122: val_loss did not improve from 0.27512
12/12 - 2s - loss: 0.2729 - mse: 0.2729 - mae: 0.4228 - val_loss: 0.2910 - val_mse: 0.2910 - val_mae: 0.4363 - 2s/epoch - 171ms/step
Epoch 123/10000

Epoch 123: val_loss did not improve from 0.27512
12/12 - 2s - loss: 0.2771 - mse: 0.2771 - mae: 0.4266 - val_loss: 0.2768 - val_mse: 0.2768 - val_mae: 0.4244 - 2s/epoch - 172ms/step
Epoch 124/10000

Epoch 124: val_loss did not improve from 0.27512
12/12 - 2s - loss: 0.2744 - mse: 0.2744 - mae: 0.4254 - val_loss: 0.2753 - val_mse: 0.2753 - val_mae: 0.4237 - 2s/epoch - 172ms/step
Epoch 125/10000

Epoch 125: val_loss did not improve from 0.27512
12/12 - 2s - loss: 0.2731 - mse: 0.2731 - mae: 0.4239 - val_loss: 0.2768 - val_mse: 0.2768 - val_mae: 0.4246 - 2s/epoch - 171ms/step
Epoch 126/10000

Epoch 126: val_loss did not improve from 0.27512
12/12 - 2s - loss: 0.2708 - mse: 0.2708 - mae: 0.4219 - val_loss: 0.2756 - val_mse: 0.2756 - val_mae: 0.4244 - 2s/epoch - 172ms/step
Epoch 127/10000

Epoch 127: val_loss did not improve from 0.27512
12/12 - 2s - loss: 0.2721 - mse: 0.2721 - mae: 0.4235 - val_loss: 0.2765 - val_mse: 0.2765 - val_mae: 0.4250 - 2s/epoch - 171ms/step
Epoch 128/10000

Epoch 128: val_loss did not improve from 0.27512
12/12 - 2s - loss: 0.2701 - mse: 0.2701 - mae: 0.4214 - val_loss: 0.2764 - val_mse: 0.2764 - val_mae: 0.4243 - 2s/epoch - 171ms/step
Epoch 129/10000

Epoch 129: val_loss did not improve from 0.27512
12/12 - 2s - loss: 0.2706 - mse: 0.2706 - mae: 0.4216 - val_loss: 0.2924 - val_mse: 0.2924 - val_mae: 0.4372 - 2s/epoch - 172ms/step
Epoch 130/10000

Epoch 130: val_loss did not improve from 0.27512
12/12 - 2s - loss: 0.2821 - mse: 0.2821 - mae: 0.4307 - val_loss: 0.2802 - val_mse: 0.2802 - val_mae: 0.4280 - 2s/epoch - 171ms/step
Epoch 131/10000

Epoch 131: val_loss did not improve from 0.27512
12/12 - 2s - loss: 0.2738 - mse: 0.2738 - mae: 0.4237 - val_loss: 0.2813 - val_mse: 0.2813 - val_mae: 0.4276 - 2s/epoch - 172ms/step
Epoch 132/10000

Epoch 132: val_loss did not improve from 0.27512
12/12 - 2s - loss: 0.2713 - mse: 0.2713 - mae: 0.4224 - val_loss: 0.2762 - val_mse: 0.2762 - val_mae: 0.4247 - 2s/epoch - 170ms/step
Epoch 133/10000

Epoch 133: val_loss did not improve from 0.27512
12/12 - 2s - loss: 0.2700 - mse: 0.2700 - mae: 0.4214 - val_loss: 0.2825 - val_mse: 0.2825 - val_mae: 0.4280 - 2s/epoch - 173ms/step
Epoch 134/10000

Epoch 134: val_loss did not improve from 0.27512
12/12 - 2s - loss: 0.2760 - mse: 0.2760 - mae: 0.4251 - val_loss: 0.2756 - val_mse: 0.2756 - val_mae: 0.4241 - 2s/epoch - 173ms/step
Epoch 135/10000

Epoch 135: val_loss did not improve from 0.27512
12/12 - 2s - loss: 0.2811 - mse: 0.2811 - mae: 0.4285 - val_loss: 0.3048 - val_mse: 0.3048 - val_mae: 0.4460 - 2s/epoch - 171ms/step
Epoch 136/10000

Epoch 136: val_loss did not improve from 0.27512
12/12 - 2s - loss: 0.2833 - mse: 0.2833 - mae: 0.4301 - val_loss: 0.2797 - val_mse: 0.2797 - val_mae: 0.4277 - 2s/epoch - 173ms/step
Epoch 137/10000

Epoch 137: val_loss did not improve from 0.27512
12/12 - 2s - loss: 0.2822 - mse: 0.2822 - mae: 0.4302 - val_loss: 0.2766 - val_mse: 0.2766 - val_mae: 0.4244 - 2s/epoch - 172ms/step
Epoch 138/10000

Epoch 138: val_loss did not improve from 0.27512
12/12 - 2s - loss: 0.2734 - mse: 0.2734 - mae: 0.4234 - val_loss: 0.2854 - val_mse: 0.2854 - val_mae: 0.4298 - 2s/epoch - 172ms/step
Epoch 139/10000

Epoch 139: val_loss did not improve from 0.27512
12/12 - 2s - loss: 0.2727 - mse: 0.2727 - mae: 0.4226 - val_loss: 0.2954 - val_mse: 0.2954 - val_mae: 0.4393 - 2s/epoch - 171ms/step
Epoch 140/10000

Epoch 140: val_loss did not improve from 0.27512
12/12 - 2s - loss: 0.2790 - mse: 0.2790 - mae: 0.4276 - val_loss: 0.2813 - val_mse: 0.2813 - val_mae: 0.4288 - 2s/epoch - 171ms/step
Epoch 141/10000

Epoch 141: val_loss did not improve from 0.27512
12/12 - 2s - loss: 0.2761 - mse: 0.2761 - mae: 0.4261 - val_loss: 0.2910 - val_mse: 0.2910 - val_mae: 0.4333 - 2s/epoch - 171ms/step
Epoch 142/10000

Epoch 142: val_loss did not improve from 0.27512
12/12 - 2s - loss: 0.2791 - mse: 0.2791 - mae: 0.4282 - val_loss: 0.2844 - val_mse: 0.2844 - val_mae: 0.4313 - 2s/epoch - 173ms/step
Epoch 143/10000

Epoch 143: val_loss did not improve from 0.27512
12/12 - 2s - loss: 0.2715 - mse: 0.2715 - mae: 0.4222 - val_loss: 0.2850 - val_mse: 0.2850 - val_mae: 0.4316 - 2s/epoch - 170ms/step
Epoch 144/10000

Epoch 144: val_loss did not improve from 0.27512
12/12 - 2s - loss: 0.2731 - mse: 0.2731 - mae: 0.4232 - val_loss: 0.2785 - val_mse: 0.2785 - val_mae: 0.4253 - 2s/epoch - 171ms/step
Epoch 145/10000

Epoch 145: val_loss did not improve from 0.27512
12/12 - 2s - loss: 0.2732 - mse: 0.2732 - mae: 0.4235 - val_loss: 0.2877 - val_mse: 0.2877 - val_mae: 0.4315 - 2s/epoch - 173ms/step
Epoch 146/10000

Epoch 146: val_loss did not improve from 0.27512
12/12 - 2s - loss: 0.2755 - mse: 0.2755 - mae: 0.4247 - val_loss: 0.2901 - val_mse: 0.2901 - val_mae: 0.4352 - 2s/epoch - 171ms/step
Epoch 147/10000

Epoch 147: val_loss did not improve from 0.27512
12/12 - 2s - loss: 0.2798 - mse: 0.2798 - mae: 0.4281 - val_loss: 0.2771 - val_mse: 0.2771 - val_mae: 0.4244 - 2s/epoch - 171ms/step
Epoch 148/10000

Epoch 148: val_loss did not improve from 0.27512
12/12 - 2s - loss: 0.2737 - mse: 0.2737 - mae: 0.4238 - val_loss: 0.2788 - val_mse: 0.2788 - val_mae: 0.4255 - 2s/epoch - 172ms/step
Epoch 149/10000

Epoch 149: val_loss did not improve from 0.27512
12/12 - 2s - loss: 0.2712 - mse: 0.2712 - mae: 0.4222 - val_loss: 0.2798 - val_mse: 0.2798 - val_mae: 0.4264 - 2s/epoch - 171ms/step
Epoch 150/10000

Epoch 150: val_loss did not improve from 0.27512
12/12 - 2s - loss: 0.2739 - mse: 0.2739 - mae: 0.4235 - val_loss: 0.2792 - val_mse: 0.2792 - val_mae: 0.4260 - 2s/epoch - 170ms/step
Epoch 151/10000

Epoch 151: val_loss did not improve from 0.27512
12/12 - 2s - loss: 0.2784 - mse: 0.2784 - mae: 0.4264 - val_loss: 0.2756 - val_mse: 0.2756 - val_mae: 0.4241 - 2s/epoch - 172ms/step
Epoch 152/10000

Epoch 152: val_loss did not improve from 0.27512
12/12 - 2s - loss: 0.2780 - mse: 0.2780 - mae: 0.4270 - val_loss: 0.2843 - val_mse: 0.2843 - val_mae: 0.4311 - 2s/epoch - 172ms/step
Epoch 153/10000

Epoch 153: val_loss did not improve from 0.27512
12/12 - 2s - loss: 0.2723 - mse: 0.2723 - mae: 0.4233 - val_loss: 0.3065 - val_mse: 0.3065 - val_mae: 0.4474 - 2s/epoch - 172ms/step
Epoch 154/10000

Epoch 154: val_loss did not improve from 0.27512
12/12 - 2s - loss: 0.2824 - mse: 0.2824 - mae: 0.4300 - val_loss: 0.2876 - val_mse: 0.2876 - val_mae: 0.4311 - 2s/epoch - 172ms/step
Epoch 155/10000

Epoch 155: val_loss did not improve from 0.27512
12/12 - 2s - loss: 0.2797 - mse: 0.2797 - mae: 0.4275 - val_loss: 0.2854 - val_mse: 0.2854 - val_mae: 0.4296 - 2s/epoch - 171ms/step
Epoch 156/10000

Epoch 156: val_loss did not improve from 0.27512
12/12 - 2s - loss: 0.2750 - mse: 0.2750 - mae: 0.4244 - val_loss: 0.2764 - val_mse: 0.2764 - val_mae: 0.4241 - 2s/epoch - 172ms/step
Epoch 157/10000

Epoch 157: val_loss did not improve from 0.27512
12/12 - 2s - loss: 0.2747 - mse: 0.2747 - mae: 0.4245 - val_loss: 0.2802 - val_mse: 0.2802 - val_mae: 0.4278 - 2s/epoch - 172ms/step
Epoch 157: early stopping
