[0.772476 0.95796  1.13892  1.31988  1.50084  1.6818   1.86276  2.04372
 2.22468  2.40564  2.5866   2.76756  2.94852  3.12948  3.31044  3.4914
 3.67236  3.85332  4.03428  4.21524  4.3962   4.57716  4.75812  4.93908
 5.12004  5.301   ]
Before undersampling: [(0, 11), (1, 39), (2, 115), (3, 362), (4, 1078), (5, 3055), (6, 3442), (7, 2347), (8, 2192), (9, 2045), (10, 1798), (11, 1759), (12, 1575), (13, 1285), (14, 1141), (15, 851), (16, 754), (17, 607), (18, 484), (19, 419), (20, 334), (21, 313), (22, 265), (23, 211), (24, 176)]
After undersampling: [(0, 11), (1, 16), (2, 37), (3, 64), (4, 313), (5, 203), (6, 901), (7, 509), (8, 221), (9, 92), (10, 61), (11, 335), (12, 144), (13, 108), (14, 98), (15, 32), (16, 60), (17, 31), (18, 46), (19, 29), (20, 24), (21, 30), (22, 20), (23, 13), (24, 5)]
      label  HH_0_0_x  HV_0_0_x  IA_0_0_x       FYI      DFYI       MYI     thk_1     rms_1     thk_2     rms_2     thk_3     rms_3     thk_4     rms_4  ...         2         3    4    5         6         7    8    9        10        11   12   13        14        15                                                CNN
0     0.858  0.184314  0.054902  0.108219  0.677054  0.244229  0.078717  1.117380  4.589752  1.061402  4.613857  1.134075  4.604111  1.166394  4.631103  ...  1.794105  1.232723  0.0  0.0  1.676458  0.457529  0.0  0.0  2.629072  1.680807  0.0  0.0  2.071088  0.997636  [[[[0.2274509803921568], [0.1081809698366651],...
1     0.922  0.219608  0.043137  0.095634  0.054778  0.917930  0.027292  1.161099  4.935042  1.154641  4.898073  1.201140  4.917230  1.231470  4.952465  ...  1.858653  0.958789  0.0  0.0  1.482595  0.882993  0.0  0.0  1.813574  1.036300  0.0  0.0  1.021202  0.304315  [[[[0.1215686274509803], [0.0955935010723039],...
2     0.934  0.192157  0.031373  0.097116  0.587126  0.332548  0.080326  1.100849  4.542994  1.096569  4.577218  1.128468  4.560315  1.131210  4.569187  ...  2.465073  1.454735  0.0  0.0  1.664574  0.567139  0.0  0.0  1.608063  1.070126  0.0  0.0  1.394648  0.755752  [[[[0.1215686274509803], [0.0971558065975413],...
3     0.895  0.188235  0.035294  0.097129  0.495887  0.419141  0.084972  1.084041  4.575455  1.031484  4.575957  1.115172  4.566614  1.122378  4.594356  ...  1.455201  0.920117  0.0  0.0  1.215891  0.197614  0.0  0.0  2.230993  1.186736  0.0  0.0  1.461483  0.813507  [[[[0.188235294117647], [0.0971691505581724], ...
4     0.944  0.325490  0.066667  0.096222  0.002803  0.962774  0.034423  1.209456  5.189925  1.186145  5.128917  1.246108  5.146633  1.258453  5.197543  ...  2.084994  0.914255  0.0  0.0  1.564887  0.758167  0.0  0.0  1.739678  1.101263  0.0  0.0  1.458454  0.544326  [[[[0.2745098039215686], [0.0962616415584788],...
...     ...       ...       ...       ...       ...       ...       ...       ...       ...       ...       ...       ...       ...       ...       ...  ...       ...       ...  ...  ...       ...       ...  ...  ...       ...       ...  ...  ...       ...       ...                                                ...
3398  5.157  0.329412  0.156863  0.110992  0.029553  0.002110  0.968337  1.382494  4.811312  1.352952  4.824060  1.288097  4.838102  1.378487  4.828285  ...  1.526749  0.534400  0.0  0.0  1.283308  0.459741  0.0  0.0  1.919193  1.206165  0.0  0.0  1.649269  0.459163  [[[[0.7176470588235294], [0.1109539854760263],...
3399  5.172  0.278431  0.062745  0.097880  0.005799  0.971522  0.022679  1.255019  5.077783  1.269040  4.989512  1.289253  5.037432  1.305898  5.097204  ...  1.933759  0.545113  0.0  0.0  1.536768  0.785947  0.0  0.0  2.034812  0.950064  0.0  0.0  2.076158  0.850364  [[[[0.3058823529411765], [0.0978402979233685],...
3400  5.264  0.258824  0.160784  0.103376  0.037322  0.061433  0.901245  1.365918  5.189685  1.367139  5.245087  1.335775  5.237802  1.390385  5.236472  ...  2.114998  1.321585  0.0  0.0  1.920838  0.450533  0.0  0.0  2.144456  1.329417  0.0  0.0  2.193645  0.812754  [[[[0.3843137254901961], [0.1034163306741153],...
3401  5.250  0.309804  0.152941  0.139783  0.120859  0.156671  0.722470  1.286235  4.934208  1.291023  4.954164  1.362671  4.970101  1.430289  4.956954  ...  1.867014  1.083167  0.0  0.0  2.177588  0.777440  0.0  0.0  2.198428  1.239684  0.0  0.0  0.974586  0.631187  [[[[0.3686274509803922], [0.1398165684120327],...
3402  5.297  0.431373  0.188235  0.082536  0.000263  0.001233  0.998503  1.539220  5.438924  1.577028  5.442461  1.372341  5.449581  1.498163  5.451111  ...  1.454544  0.659800  0.0  0.0  1.280834  0.193928  0.0  0.0  2.212165  1.219382  0.0  0.0  1.137065  0.651902  [[[[0.4666666666666667], [0.0825774398504519],...

[3403 rows x 37 columns]
Size of dataset: (3403, 36)
*************************** Fold #: 1 ***************************
Model: "model"
__________________________________________________________________________________________________
 Layer (type)                   Output Shape         Param #     Connected to                     
==================================================================================================
 conv (InputLayer)              [(None, 7, 7, 3, 1)  0           []                               
                                ]                                                                 
                                                                                                  
 zero_padding3d (ZeroPadding3D)  (None, 8, 8, 4, 1)  0           ['conv[0][0]']                   
                                                                                                  
 conv3d (Conv3D)                (None, 8, 8, 4, 8)   224         ['zero_padding3d[0][0]']         
                                                                                                  
 max_pooling3d (MaxPooling3D)   (None, 4, 4, 2, 8)   0           ['conv3d[0][0]']                 
                                                                                                  
 conv3d_1 (Conv3D)              (None, 4, 4, 2, 4)   868         ['max_pooling3d[0][0]']          
                                                                                                  
 max_pooling3d_1 (MaxPooling3D)  (None, 2, 2, 1, 4)  0           ['conv3d_1[0][0]']               
                                                                                                  
 cat (InputLayer)               [(None, 35)]         0           []                               
                                                                                                  
 flatten (Flatten)              (None, 16)           0           ['max_pooling3d_1[0][0]']        
                                                                                                  
 concatenate (Concatenate)      (None, 51)           0           ['cat[0][0]',                    
                                                                  'flatten[0][0]']                
                                                                                                  
 dense (Dense)                  (None, 102)          5304        ['concatenate[0][0]']            
                                                                                                  
 dense_1 (Dense)                (None, 102)          10506       ['dense[0][0]']                  
                                                                                                  
 dense_2 (Dense)                (None, 102)          10506       ['dense_1[0][0]']                
                                                                                                  
 dense_3 (Dense)                (None, 102)          10506       ['dense_2[0][0]']                
                                                                                                  
 dense_4 (Dense)                (None, 102)          10506       ['dense_3[0][0]']                
                                                                                                  
 dense_5 (Dense)                (None, 1)            103         ['dense_4[0][0]']                
                                                                                                  
==================================================================================================
Total params: 48,523
Trainable params: 48,523
Non-trainable params: 0
__________________________________________________________________________________________________
Epoch 1/10000

Epoch 1: val_loss improved from inf to 1.39632, saving model to ./results/NN_thk_regr/RNN/recursion_41/ckpt_1
2/2 - 2s - loss: 1.4490 - mse: 1.4490 - mae: 1.1860 - val_loss: 1.3963 - val_mse: 1.3963 - val_mae: 1.1634 - 2s/epoch - 799ms/step
Epoch 2/10000

Epoch 2: val_loss improved from 1.39632 to 1.31467, saving model to ./results/NN_thk_regr/RNN/recursion_41/ckpt_1
2/2 - 1s - loss: 1.3903 - mse: 1.3903 - mae: 1.1610 - val_loss: 1.3147 - val_mse: 1.3147 - val_mae: 1.1279 - 1s/epoch - 527ms/step
Epoch 3/10000

Epoch 3: val_loss improved from 1.31467 to 1.18174, saving model to ./results/NN_thk_regr/RNN/recursion_41/ckpt_1
2/2 - 1s - loss: 1.2990 - mse: 1.2990 - mae: 1.1211 - val_loss: 1.1817 - val_mse: 1.1817 - val_mae: 1.0676 - 1s/epoch - 527ms/step
Epoch 4/10000

Epoch 4: val_loss improved from 1.18174 to 0.97321, saving model to ./results/NN_thk_regr/RNN/recursion_41/ckpt_1
2/2 - 1s - loss: 1.1517 - mse: 1.1517 - mae: 1.0534 - val_loss: 0.9732 - val_mse: 0.9732 - val_mae: 0.9655 - 1s/epoch - 582ms/step
Epoch 5/10000

Epoch 5: val_loss improved from 0.97321 to 0.66998, saving model to ./results/NN_thk_regr/RNN/recursion_41/ckpt_1
2/2 - 1s - loss: 0.9241 - mse: 0.9241 - mae: 0.9390 - val_loss: 0.6700 - val_mse: 0.6700 - val_mae: 0.7939 - 1s/epoch - 605ms/step
Epoch 6/10000

Epoch 6: val_loss improved from 0.66998 to 0.29527, saving model to ./results/NN_thk_regr/RNN/recursion_41/ckpt_1
2/2 - 1s - loss: 0.6005 - mse: 0.6005 - mae: 0.7470 - val_loss: 0.2953 - val_mse: 0.2953 - val_mae: 0.5075 - 1s/epoch - 570ms/step
Epoch 7/10000

Epoch 7: val_loss improved from 0.29527 to 0.03741, saving model to ./results/NN_thk_regr/RNN/recursion_41/ckpt_1
2/2 - 1s - loss: 0.2313 - mse: 0.2313 - mae: 0.4297 - val_loss: 0.0374 - val_mse: 0.0374 - val_mae: 0.1431 - 1s/epoch - 601ms/step
Epoch 8/10000

Epoch 8: val_loss did not improve from 0.03741
2/2 - 0s - loss: 0.0640 - mse: 0.0640 - mae: 0.2001 - val_loss: 0.2688 - val_mse: 0.2688 - val_mae: 0.4854 - 316ms/epoch - 158ms/step
Epoch 9/10000

Epoch 9: val_loss did not improve from 0.03741
2/2 - 0s - loss: 0.2883 - mse: 0.2883 - mae: 0.5026 - val_loss: 0.2408 - val_mse: 0.2408 - val_mae: 0.4571 - 323ms/epoch - 161ms/step
Epoch 10/10000

Epoch 10: val_loss did not improve from 0.03741
2/2 - 0s - loss: 0.1992 - mse: 0.1992 - mae: 0.4063 - val_loss: 0.0623 - val_mse: 0.0623 - val_mae: 0.2141 - 316ms/epoch - 158ms/step
Epoch 11/10000

Epoch 11: val_loss did not improve from 0.03741
2/2 - 0s - loss: 0.0520 - mse: 0.0520 - mae: 0.1895 - val_loss: 0.0463 - val_mse: 0.0463 - val_mae: 0.1544 - 320ms/epoch - 160ms/step
Epoch 12/10000

Epoch 12: val_loss did not improve from 0.03741
2/2 - 0s - loss: 0.0582 - mse: 0.0582 - mae: 0.1779 - val_loss: 0.1013 - val_mse: 0.1013 - val_mae: 0.2622 - 315ms/epoch - 157ms/step
Epoch 13/10000

Epoch 13: val_loss did not improve from 0.03741
2/2 - 0s - loss: 0.1104 - mse: 0.1104 - mae: 0.2785 - val_loss: 0.1297 - val_mse: 0.1297 - val_mae: 0.3086 - 319ms/epoch - 160ms/step
Epoch 14/10000

Epoch 14: val_loss did not improve from 0.03741
2/2 - 0s - loss: 0.1298 - mse: 0.1298 - mae: 0.3100 - val_loss: 0.1131 - val_mse: 0.1131 - val_mae: 0.2820 - 317ms/epoch - 159ms/step
Epoch 15/10000

Epoch 15: val_loss did not improve from 0.03741
2/2 - 0s - loss: 0.1063 - mse: 0.1063 - mae: 0.2714 - val_loss: 0.0709 - val_mse: 0.0709 - val_mae: 0.2051 - 318ms/epoch - 159ms/step
Epoch 16/10000

Epoch 16: val_loss did not improve from 0.03741
2/2 - 0s - loss: 0.0641 - mse: 0.0641 - mae: 0.1903 - val_loss: 0.0386 - val_mse: 0.0386 - val_mae: 0.1432 - 316ms/epoch - 158ms/step
Epoch 17/10000

Epoch 17: val_loss did not improve from 0.03741
2/2 - 0s - loss: 0.0383 - mse: 0.0383 - mae: 0.1476 - val_loss: 0.0437 - val_mse: 0.0437 - val_mae: 0.1763 - 318ms/epoch - 159ms/step
Epoch 18/10000

Epoch 18: val_loss did not improve from 0.03741
2/2 - 0s - loss: 0.0495 - mse: 0.0495 - mae: 0.1875 - val_loss: 0.0666 - val_mse: 0.0666 - val_mae: 0.2222 - 318ms/epoch - 159ms/step
Epoch 19/10000

Epoch 19: val_loss did not improve from 0.03741
2/2 - 0s - loss: 0.0678 - mse: 0.0678 - mae: 0.2247 - val_loss: 0.0627 - val_mse: 0.0627 - val_mae: 0.2148 - 318ms/epoch - 159ms/step
Epoch 20/10000

Epoch 20: val_loss did not improve from 0.03741
2/2 - 0s - loss: 0.0587 - mse: 0.0587 - mae: 0.2070 - val_loss: 0.0420 - val_mse: 0.0420 - val_mae: 0.1719 - 319ms/epoch - 159ms/step
Epoch 21/10000

Epoch 21: val_loss improved from 0.03741 to 0.03618, saving model to ./results/NN_thk_regr/RNN/recursion_41/ckpt_1
2/2 - 1s - loss: 0.0403 - mse: 0.0403 - mae: 0.1646 - val_loss: 0.0362 - val_mse: 0.0362 - val_mae: 0.1444 - 1s/epoch - 604ms/step
Epoch 22/10000

Epoch 22: val_loss did not improve from 0.03618
2/2 - 0s - loss: 0.0380 - mse: 0.0380 - mae: 0.1446 - val_loss: 0.0436 - val_mse: 0.0436 - val_mae: 0.1493 - 319ms/epoch - 159ms/step
Epoch 23/10000

Epoch 23: val_loss did not improve from 0.03618
2/2 - 0s - loss: 0.0456 - mse: 0.0456 - mae: 0.1535 - val_loss: 0.0482 - val_mse: 0.0482 - val_mae: 0.1578 - 317ms/epoch - 158ms/step
Epoch 24/10000

Epoch 24: val_loss did not improve from 0.03618
2/2 - 0s - loss: 0.0484 - mse: 0.0484 - mae: 0.1585 - val_loss: 0.0440 - val_mse: 0.0440 - val_mae: 0.1502 - 320ms/epoch - 160ms/step
Epoch 25/10000

Epoch 25: val_loss did not improve from 0.03618
2/2 - 0s - loss: 0.0431 - mse: 0.0431 - mae: 0.1496 - val_loss: 0.0373 - val_mse: 0.0373 - val_mae: 0.1427 - 319ms/epoch - 160ms/step
Epoch 26/10000

Epoch 26: val_loss improved from 0.03618 to 0.03611, saving model to ./results/NN_thk_regr/RNN/recursion_41/ckpt_1
2/2 - 1s - loss: 0.0370 - mse: 0.0370 - mae: 0.1436 - val_loss: 0.0361 - val_mse: 0.0361 - val_mae: 0.1523 - 1s/epoch - 573ms/step
Epoch 27/10000

Epoch 27: val_loss did not improve from 0.03611
2/2 - 0s - loss: 0.0370 - mse: 0.0370 - mae: 0.1541 - val_loss: 0.0397 - val_mse: 0.0397 - val_mae: 0.1659 - 321ms/epoch - 160ms/step
Epoch 28/10000

Epoch 28: val_loss did not improve from 0.03611
2/2 - 0s - loss: 0.0404 - mse: 0.0404 - mae: 0.1660 - val_loss: 0.0406 - val_mse: 0.0406 - val_mae: 0.1682 - 317ms/epoch - 158ms/step
Epoch 29/10000

Epoch 29: val_loss did not improve from 0.03611
2/2 - 0s - loss: 0.0403 - mse: 0.0403 - mae: 0.1658 - val_loss: 0.0375 - val_mse: 0.0375 - val_mae: 0.1586 - 316ms/epoch - 158ms/step
Epoch 30/10000

Epoch 30: val_loss improved from 0.03611 to 0.03561, saving model to ./results/NN_thk_regr/RNN/recursion_41/ckpt_1
2/2 - 1s - loss: 0.0371 - mse: 0.0371 - mae: 0.1551 - val_loss: 0.0356 - val_mse: 0.0356 - val_mae: 0.1476 - 1s/epoch - 600ms/step
Epoch 31/10000

Epoch 31: val_loss did not improve from 0.03561
2/2 - 0s - loss: 0.0361 - mse: 0.0361 - mae: 0.1458 - val_loss: 0.0367 - val_mse: 0.0367 - val_mae: 0.1428 - 314ms/epoch - 157ms/step
Epoch 32/10000

Epoch 32: val_loss did not improve from 0.03561
2/2 - 0s - loss: 0.0374 - mse: 0.0374 - mae: 0.1432 - val_loss: 0.0377 - val_mse: 0.0377 - val_mae: 0.1425 - 320ms/epoch - 160ms/step
Epoch 33/10000

Epoch 33: val_loss did not improve from 0.03561
2/2 - 0s - loss: 0.0380 - mse: 0.0380 - mae: 0.1432 - val_loss: 0.0368 - val_mse: 0.0368 - val_mae: 0.1426 - 318ms/epoch - 159ms/step
Epoch 34/10000

Epoch 34: val_loss did not improve from 0.03561
2/2 - 0s - loss: 0.0369 - mse: 0.0369 - mae: 0.1432 - val_loss: 0.0356 - val_mse: 0.0356 - val_mae: 0.1451 - 318ms/epoch - 159ms/step
Epoch 35/10000

Epoch 35: val_loss did not improve from 0.03561
2/2 - 0s - loss: 0.0360 - mse: 0.0360 - mae: 0.1456 - val_loss: 0.0357 - val_mse: 0.0357 - val_mae: 0.1504 - 319ms/epoch - 159ms/step
Epoch 36/10000

Epoch 36: val_loss did not improve from 0.03561
2/2 - 0s - loss: 0.0362 - mse: 0.0362 - mae: 0.1507 - val_loss: 0.0364 - val_mse: 0.0364 - val_mae: 0.1542 - 319ms/epoch - 160ms/step
Epoch 37/10000

Epoch 37: val_loss did not improve from 0.03561
2/2 - 0s - loss: 0.0366 - mse: 0.0366 - mae: 0.1532 - val_loss: 0.0361 - val_mse: 0.0361 - val_mae: 0.1530 - 316ms/epoch - 158ms/step
Epoch 38/10000

Epoch 38: val_loss improved from 0.03561 to 0.03551, saving model to ./results/NN_thk_regr/RNN/recursion_41/ckpt_1
2/2 - 1s - loss: 0.0362 - mse: 0.0362 - mae: 0.1511 - val_loss: 0.0355 - val_mse: 0.0355 - val_mae: 0.1488 - 1s/epoch - 604ms/step
Epoch 39/10000

Epoch 39: val_loss improved from 0.03551 to 0.03549, saving model to ./results/NN_thk_regr/RNN/recursion_41/ckpt_1
2/2 - 1s - loss: 0.0358 - mse: 0.0358 - mae: 0.1471 - val_loss: 0.0355 - val_mse: 0.0355 - val_mae: 0.1451 - 1s/epoch - 571ms/step
Epoch 40/10000

Epoch 40: val_loss did not improve from 0.03549
2/2 - 0s - loss: 0.0358 - mse: 0.0358 - mae: 0.1442 - val_loss: 0.0357 - val_mse: 0.0357 - val_mae: 0.1438 - 318ms/epoch - 159ms/step
Epoch 41/10000

Epoch 41: val_loss did not improve from 0.03549
2/2 - 0s - loss: 0.0360 - mse: 0.0360 - mae: 0.1434 - val_loss: 0.0356 - val_mse: 0.0356 - val_mae: 0.1440 - 317ms/epoch - 158ms/step
Epoch 42/10000

Epoch 42: val_loss improved from 0.03549 to 0.03538, saving model to ./results/NN_thk_regr/RNN/recursion_41/ckpt_1
2/2 - 1s - loss: 0.0359 - mse: 0.0359 - mae: 0.1439 - val_loss: 0.0354 - val_mse: 0.0354 - val_mae: 0.1455 - 1s/epoch - 596ms/step
Epoch 43/10000

Epoch 43: val_loss improved from 0.03538 to 0.03534, saving model to ./results/NN_thk_regr/RNN/recursion_41/ckpt_1
2/2 - 1s - loss: 0.0356 - mse: 0.0356 - mae: 0.1452 - val_loss: 0.0353 - val_mse: 0.0353 - val_mae: 0.1475 - 1s/epoch - 603ms/step
Epoch 44/10000

Epoch 44: val_loss did not improve from 0.03534
2/2 - 0s - loss: 0.0356 - mse: 0.0356 - mae: 0.1469 - val_loss: 0.0354 - val_mse: 0.0354 - val_mae: 0.1489 - 321ms/epoch - 160ms/step
Epoch 45/10000

Epoch 45: val_loss did not improve from 0.03534
2/2 - 0s - loss: 0.0357 - mse: 0.0357 - mae: 0.1478 - val_loss: 0.0354 - val_mse: 0.0354 - val_mae: 0.1487 - 320ms/epoch - 160ms/step
Epoch 46/10000

Epoch 46: val_loss improved from 0.03534 to 0.03528, saving model to ./results/NN_thk_regr/RNN/recursion_41/ckpt_1
2/2 - 1s - loss: 0.0356 - mse: 0.0356 - mae: 0.1474 - val_loss: 0.0353 - val_mse: 0.0353 - val_mae: 0.1474 - 1s/epoch - 567ms/step
Epoch 47/10000

Epoch 47: val_loss improved from 0.03528 to 0.03525, saving model to ./results/NN_thk_regr/RNN/recursion_41/ckpt_1
2/2 - 1s - loss: 0.0356 - mse: 0.0356 - mae: 0.1461 - val_loss: 0.0352 - val_mse: 0.0352 - val_mae: 0.1458 - 1s/epoch - 596ms/step
Epoch 48/10000

Epoch 48: val_loss did not improve from 0.03525
2/2 - 0s - loss: 0.0355 - mse: 0.0355 - mae: 0.1448 - val_loss: 0.0353 - val_mse: 0.0353 - val_mae: 0.1452 - 321ms/epoch - 161ms/step
Epoch 49/10000

Epoch 49: val_loss improved from 0.03525 to 0.03522, saving model to ./results/NN_thk_regr/RNN/recursion_41/ckpt_1
2/2 - 1s - loss: 0.0355 - mse: 0.0355 - mae: 0.1444 - val_loss: 0.0352 - val_mse: 0.0352 - val_mae: 0.1453 - 1s/epoch - 595ms/step
Epoch 50/10000

Epoch 50: val_loss improved from 0.03522 to 0.03518, saving model to ./results/NN_thk_regr/RNN/recursion_41/ckpt_1
2/2 - 1s - loss: 0.0354 - mse: 0.0354 - mae: 0.1446 - val_loss: 0.0352 - val_mse: 0.0352 - val_mae: 0.1461 - 1s/epoch - 601ms/step
Epoch 51/10000

Epoch 51: val_loss improved from 0.03518 to 0.03517, saving model to ./results/NN_thk_regr/RNN/recursion_41/ckpt_1
2/2 - 1s - loss: 0.0354 - mse: 0.0354 - mae: 0.1452 - val_loss: 0.0352 - val_mse: 0.0352 - val_mae: 0.1470 - 1s/epoch - 608ms/step
Epoch 52/10000

Epoch 52: val_loss did not improve from 0.03517
2/2 - 0s - loss: 0.0354 - mse: 0.0354 - mae: 0.1461 - val_loss: 0.0352 - val_mse: 0.0352 - val_mae: 0.1476 - 320ms/epoch - 160ms/step
Epoch 53/10000

Epoch 53: val_loss improved from 0.03517 to 0.03515, saving model to ./results/NN_thk_regr/RNN/recursion_41/ckpt_1
2/2 - 1s - loss: 0.0354 - mse: 0.0354 - mae: 0.1464 - val_loss: 0.0352 - val_mse: 0.0352 - val_mae: 0.1472 - 1s/epoch - 568ms/step
Epoch 54/10000

Epoch 54: val_loss improved from 0.03515 to 0.03510, saving model to ./results/NN_thk_regr/RNN/recursion_41/ckpt_1
2/2 - 1s - loss: 0.0354 - mse: 0.0354 - mae: 0.1459 - val_loss: 0.0351 - val_mse: 0.0351 - val_mae: 0.1462 - 1s/epoch - 605ms/step
Epoch 55/10000

Epoch 55: val_loss improved from 0.03510 to 0.03508, saving model to ./results/NN_thk_regr/RNN/recursion_41/ckpt_1
2/2 - 1s - loss: 0.0353 - mse: 0.0353 - mae: 0.1451 - val_loss: 0.0351 - val_mse: 0.0351 - val_mae: 0.1454 - 1s/epoch - 567ms/step
Epoch 56/10000

Epoch 56: val_loss improved from 0.03508 to 0.03507, saving model to ./results/NN_thk_regr/RNN/recursion_41/ckpt_1
2/2 - 1s - loss: 0.0353 - mse: 0.0353 - mae: 0.1444 - val_loss: 0.0351 - val_mse: 0.0351 - val_mae: 0.1451 - 1s/epoch - 597ms/step
Epoch 57/10000

Epoch 57: val_loss improved from 0.03507 to 0.03504, saving model to ./results/NN_thk_regr/RNN/recursion_41/ckpt_1
2/2 - 1s - loss: 0.0353 - mse: 0.0353 - mae: 0.1443 - val_loss: 0.0350 - val_mse: 0.0350 - val_mae: 0.1454 - 1s/epoch - 600ms/step
Epoch 58/10000

Epoch 58: val_loss improved from 0.03504 to 0.03502, saving model to ./results/NN_thk_regr/RNN/recursion_41/ckpt_1
2/2 - 1s - loss: 0.0352 - mse: 0.0352 - mae: 0.1444 - val_loss: 0.0350 - val_mse: 0.0350 - val_mae: 0.1456 - 1s/epoch - 606ms/step
Epoch 59/10000

Epoch 59: val_loss improved from 0.03502 to 0.03500, saving model to ./results/NN_thk_regr/RNN/recursion_41/ckpt_1
2/2 - 1s - loss: 0.0352 - mse: 0.0352 - mae: 0.1447 - val_loss: 0.0350 - val_mse: 0.0350 - val_mae: 0.1460 - 1s/epoch - 570ms/step
Epoch 60/10000

Epoch 60: val_loss improved from 0.03500 to 0.03498, saving model to ./results/NN_thk_regr/RNN/recursion_41/ckpt_1
2/2 - 1s - loss: 0.0352 - mse: 0.0352 - mae: 0.1449 - val_loss: 0.0350 - val_mse: 0.0350 - val_mae: 0.1460 - 1s/epoch - 600ms/step
Epoch 61/10000

Epoch 61: val_loss improved from 0.03498 to 0.03497, saving model to ./results/NN_thk_regr/RNN/recursion_41/ckpt_1
2/2 - 1s - loss: 0.0351 - mse: 0.0351 - mae: 0.1449 - val_loss: 0.0350 - val_mse: 0.0350 - val_mae: 0.1460 - 1s/epoch - 605ms/step
Epoch 62/10000

Epoch 62: val_loss improved from 0.03497 to 0.03494, saving model to ./results/NN_thk_regr/RNN/recursion_41/ckpt_1
2/2 - 1s - loss: 0.0351 - mse: 0.0351 - mae: 0.1448 - val_loss: 0.0349 - val_mse: 0.0349 - val_mae: 0.1457 - 1s/epoch - 567ms/step
Epoch 63/10000

Epoch 63: val_loss improved from 0.03494 to 0.03492, saving model to ./results/NN_thk_regr/RNN/recursion_41/ckpt_1
2/2 - 1s - loss: 0.0351 - mse: 0.0351 - mae: 0.1445 - val_loss: 0.0349 - val_mse: 0.0349 - val_mae: 0.1455 - 1s/epoch - 596ms/step
Epoch 64/10000

Epoch 64: val_loss improved from 0.03492 to 0.03491, saving model to ./results/NN_thk_regr/RNN/recursion_41/ckpt_1
2/2 - 1s - loss: 0.0351 - mse: 0.0351 - mae: 0.1444 - val_loss: 0.0349 - val_mse: 0.0349 - val_mae: 0.1458 - 1s/epoch - 603ms/step
Epoch 65/10000

Epoch 65: val_loss improved from 0.03491 to 0.03490, saving model to ./results/NN_thk_regr/RNN/recursion_41/ckpt_1
2/2 - 1s - loss: 0.0350 - mse: 0.0350 - mae: 0.1447 - val_loss: 0.0349 - val_mse: 0.0349 - val_mae: 0.1459 - 1s/epoch - 567ms/step
Epoch 66/10000

Epoch 66: val_loss improved from 0.03490 to 0.03487, saving model to ./results/NN_thk_regr/RNN/recursion_41/ckpt_1
2/2 - 1s - loss: 0.0350 - mse: 0.0350 - mae: 0.1446 - val_loss: 0.0349 - val_mse: 0.0349 - val_mae: 0.1456 - 1s/epoch - 595ms/step
Epoch 67/10000

Epoch 67: val_loss improved from 0.03487 to 0.03485, saving model to ./results/NN_thk_regr/RNN/recursion_41/ckpt_1
2/2 - 1s - loss: 0.0350 - mse: 0.0350 - mae: 0.1445 - val_loss: 0.0349 - val_mse: 0.0349 - val_mae: 0.1454 - 1s/epoch - 596ms/step
Epoch 68/10000

Epoch 68: val_loss improved from 0.03485 to 0.03484, saving model to ./results/NN_thk_regr/RNN/recursion_41/ckpt_1
2/2 - 1s - loss: 0.0350 - mse: 0.0350 - mae: 0.1442 - val_loss: 0.0348 - val_mse: 0.0348 - val_mae: 0.1449 - 1s/epoch - 601ms/step
Epoch 69/10000

Epoch 69: val_loss improved from 0.03484 to 0.03483, saving model to ./results/NN_thk_regr/RNN/recursion_41/ckpt_1
2/2 - 1s - loss: 0.0349 - mse: 0.0349 - mae: 0.1438 - val_loss: 0.0348 - val_mse: 0.0348 - val_mae: 0.1446 - 1s/epoch - 605ms/step
Epoch 70/10000

Epoch 70: val_loss improved from 0.03483 to 0.03481, saving model to ./results/NN_thk_regr/RNN/recursion_41/ckpt_1
2/2 - 1s - loss: 0.0349 - mse: 0.0349 - mae: 0.1436 - val_loss: 0.0348 - val_mse: 0.0348 - val_mae: 0.1445 - 1s/epoch - 569ms/step
Epoch 71/10000

Epoch 71: val_loss improved from 0.03481 to 0.03479, saving model to ./results/NN_thk_regr/RNN/recursion_41/ckpt_1
2/2 - 1s - loss: 0.0349 - mse: 0.0349 - mae: 0.1435 - val_loss: 0.0348 - val_mse: 0.0348 - val_mae: 0.1445 - 1s/epoch - 604ms/step
Epoch 72/10000

Epoch 72: val_loss improved from 0.03479 to 0.03477, saving model to ./results/NN_thk_regr/RNN/recursion_41/ckpt_1
2/2 - 1s - loss: 0.0349 - mse: 0.0349 - mae: 0.1435 - val_loss: 0.0348 - val_mse: 0.0348 - val_mae: 0.1447 - 1s/epoch - 567ms/step
Epoch 73/10000

Epoch 73: val_loss improved from 0.03477 to 0.03475, saving model to ./results/NN_thk_regr/RNN/recursion_41/ckpt_1
2/2 - 1s - loss: 0.0349 - mse: 0.0349 - mae: 0.1436 - val_loss: 0.0348 - val_mse: 0.0348 - val_mae: 0.1450 - 1s/epoch - 597ms/step
Epoch 74/10000

Epoch 74: val_loss improved from 0.03475 to 0.03474, saving model to ./results/NN_thk_regr/RNN/recursion_41/ckpt_1
2/2 - 1s - loss: 0.0348 - mse: 0.0348 - mae: 0.1438 - val_loss: 0.0347 - val_mse: 0.0347 - val_mae: 0.1454 - 1s/epoch - 597ms/step
Epoch 75/10000

Epoch 75: val_loss improved from 0.03474 to 0.03474, saving model to ./results/NN_thk_regr/RNN/recursion_41/ckpt_1
2/2 - 1s - loss: 0.0348 - mse: 0.0348 - mae: 0.1442 - val_loss: 0.0347 - val_mse: 0.0347 - val_mae: 0.1457 - 1s/epoch - 603ms/step
Epoch 76/10000

Epoch 76: val_loss improved from 0.03474 to 0.03471, saving model to ./results/NN_thk_regr/RNN/recursion_41/ckpt_1
2/2 - 1s - loss: 0.0348 - mse: 0.0348 - mae: 0.1442 - val_loss: 0.0347 - val_mse: 0.0347 - val_mae: 0.1451 - 1s/epoch - 569ms/step
Epoch 77/10000

Epoch 77: val_loss improved from 0.03471 to 0.03469, saving model to ./results/NN_thk_regr/RNN/recursion_41/ckpt_1
2/2 - 1s - loss: 0.0348 - mse: 0.0348 - mae: 0.1438 - val_loss: 0.0347 - val_mse: 0.0347 - val_mae: 0.1448 - 1s/epoch - 598ms/step
Epoch 78/10000

Epoch 78: val_loss improved from 0.03469 to 0.03468, saving model to ./results/NN_thk_regr/RNN/recursion_41/ckpt_1
2/2 - 1s - loss: 0.0347 - mse: 0.0347 - mae: 0.1436 - val_loss: 0.0347 - val_mse: 0.0347 - val_mae: 0.1450 - 1s/epoch - 605ms/step
Epoch 79/10000

Epoch 79: val_loss improved from 0.03468 to 0.03467, saving model to ./results/NN_thk_regr/RNN/recursion_41/ckpt_1
2/2 - 1s - loss: 0.0347 - mse: 0.0347 - mae: 0.1437 - val_loss: 0.0347 - val_mse: 0.0347 - val_mae: 0.1451 - 1s/epoch - 568ms/step
Epoch 80/10000

Epoch 80: val_loss improved from 0.03467 to 0.03465, saving model to ./results/NN_thk_regr/RNN/recursion_41/ckpt_1
2/2 - 1s - loss: 0.0347 - mse: 0.0347 - mae: 0.1437 - val_loss: 0.0347 - val_mse: 0.0347 - val_mae: 0.1450 - 1s/epoch - 597ms/step
Epoch 81/10000

Epoch 81: val_loss improved from 0.03465 to 0.03465, saving model to ./results/NN_thk_regr/RNN/recursion_41/ckpt_1
2/2 - 1s - loss: 0.0347 - mse: 0.0347 - mae: 0.1437 - val_loss: 0.0346 - val_mse: 0.0346 - val_mae: 0.1452 - 1s/epoch - 603ms/step
Epoch 82/10000

Epoch 82: val_loss improved from 0.03465 to 0.03462, saving model to ./results/NN_thk_regr/RNN/recursion_41/ckpt_1
2/2 - 1s - loss: 0.0347 - mse: 0.0347 - mae: 0.1437 - val_loss: 0.0346 - val_mse: 0.0346 - val_mae: 0.1448 - 1s/epoch - 566ms/step
Epoch 83/10000

Epoch 83: val_loss improved from 0.03462 to 0.03461, saving model to ./results/NN_thk_regr/RNN/recursion_41/ckpt_1
2/2 - 1s - loss: 0.0346 - mse: 0.0346 - mae: 0.1434 - val_loss: 0.0346 - val_mse: 0.0346 - val_mae: 0.1446 - 1s/epoch - 596ms/step
Epoch 84/10000

Epoch 84: val_loss improved from 0.03461 to 0.03459, saving model to ./results/NN_thk_regr/RNN/recursion_41/ckpt_1
2/2 - 1s - loss: 0.0346 - mse: 0.0346 - mae: 0.1432 - val_loss: 0.0346 - val_mse: 0.0346 - val_mae: 0.1446 - 1s/epoch - 595ms/step
Epoch 85/10000

Epoch 85: val_loss improved from 0.03459 to 0.03459, saving model to ./results/NN_thk_regr/RNN/recursion_41/ckpt_1
2/2 - 1s - loss: 0.0346 - mse: 0.0346 - mae: 0.1433 - val_loss: 0.0346 - val_mse: 0.0346 - val_mae: 0.1448 - 1s/epoch - 601ms/step
Epoch 86/10000

Epoch 86: val_loss improved from 0.03459 to 0.03457, saving model to ./results/NN_thk_regr/RNN/recursion_41/ckpt_1
2/2 - 1s - loss: 0.0346 - mse: 0.0346 - mae: 0.1434 - val_loss: 0.0346 - val_mse: 0.0346 - val_mae: 0.1447 - 1s/epoch - 607ms/step
Epoch 87/10000

Epoch 87: val_loss improved from 0.03457 to 0.03455, saving model to ./results/NN_thk_regr/RNN/recursion_41/ckpt_1
2/2 - 1s - loss: 0.0346 - mse: 0.0346 - mae: 0.1432 - val_loss: 0.0346 - val_mse: 0.0346 - val_mae: 0.1444 - 1s/epoch - 570ms/step
Epoch 88/10000

Epoch 88: val_loss improved from 0.03455 to 0.03454, saving model to ./results/NN_thk_regr/RNN/recursion_41/ckpt_1
2/2 - 1s - loss: 0.0345 - mse: 0.0345 - mae: 0.1430 - val_loss: 0.0345 - val_mse: 0.0345 - val_mae: 0.1443 - 1s/epoch - 603ms/step
Epoch 89/10000

Epoch 89: val_loss improved from 0.03454 to 0.03453, saving model to ./results/NN_thk_regr/RNN/recursion_41/ckpt_1
2/2 - 1s - loss: 0.0345 - mse: 0.0345 - mae: 0.1428 - val_loss: 0.0345 - val_mse: 0.0345 - val_mae: 0.1441 - 1s/epoch - 567ms/step
Epoch 90/10000

Epoch 90: val_loss improved from 0.03453 to 0.03452, saving model to ./results/NN_thk_regr/RNN/recursion_41/ckpt_1
2/2 - 1s - loss: 0.0345 - mse: 0.0345 - mae: 0.1428 - val_loss: 0.0345 - val_mse: 0.0345 - val_mae: 0.1444 - 1s/epoch - 596ms/step
Epoch 91/10000

Epoch 91: val_loss improved from 0.03452 to 0.03451, saving model to ./results/NN_thk_regr/RNN/recursion_41/ckpt_1
2/2 - 1s - loss: 0.0345 - mse: 0.0345 - mae: 0.1430 - val_loss: 0.0345 - val_mse: 0.0345 - val_mae: 0.1446 - 1s/epoch - 597ms/step
Epoch 92/10000

Epoch 92: val_loss improved from 0.03451 to 0.03450, saving model to ./results/NN_thk_regr/RNN/recursion_41/ckpt_1
2/2 - 1s - loss: 0.0345 - mse: 0.0345 - mae: 0.1430 - val_loss: 0.0345 - val_mse: 0.0345 - val_mae: 0.1443 - 1s/epoch - 605ms/step
Epoch 93/10000

Epoch 93: val_loss improved from 0.03450 to 0.03448, saving model to ./results/NN_thk_regr/RNN/recursion_41/ckpt_1
2/2 - 1s - loss: 0.0344 - mse: 0.0344 - mae: 0.1429 - val_loss: 0.0345 - val_mse: 0.0345 - val_mae: 0.1442 - 1s/epoch - 568ms/step
Epoch 94/10000

Epoch 94: val_loss improved from 0.03448 to 0.03447, saving model to ./results/NN_thk_regr/RNN/recursion_41/ckpt_1
2/2 - 1s - loss: 0.0344 - mse: 0.0344 - mae: 0.1427 - val_loss: 0.0345 - val_mse: 0.0345 - val_mae: 0.1440 - 1s/epoch - 598ms/step
Epoch 95/10000

Epoch 95: val_loss improved from 0.03447 to 0.03446, saving model to ./results/NN_thk_regr/RNN/recursion_41/ckpt_1
2/2 - 1s - loss: 0.0344 - mse: 0.0344 - mae: 0.1426 - val_loss: 0.0345 - val_mse: 0.0345 - val_mae: 0.1440 - 1s/epoch - 604ms/step
Epoch 96/10000

Epoch 96: val_loss improved from 0.03446 to 0.03445, saving model to ./results/NN_thk_regr/RNN/recursion_41/ckpt_1
2/2 - 1s - loss: 0.0344 - mse: 0.0344 - mae: 0.1426 - val_loss: 0.0344 - val_mse: 0.0344 - val_mae: 0.1440 - 1s/epoch - 568ms/step
Epoch 97/10000

Epoch 97: val_loss improved from 0.03445 to 0.03444, saving model to ./results/NN_thk_regr/RNN/recursion_41/ckpt_1
2/2 - 1s - loss: 0.0344 - mse: 0.0344 - mae: 0.1425 - val_loss: 0.0344 - val_mse: 0.0344 - val_mae: 0.1440 - 1s/epoch - 598ms/step
Epoch 98/10000

Epoch 98: val_loss improved from 0.03444 to 0.03444, saving model to ./results/NN_thk_regr/RNN/recursion_41/ckpt_1
2/2 - 1s - loss: 0.0343 - mse: 0.0343 - mae: 0.1426 - val_loss: 0.0344 - val_mse: 0.0344 - val_mae: 0.1444 - 1s/epoch - 602ms/step
Epoch 99/10000

Epoch 99: val_loss improved from 0.03444 to 0.03443, saving model to ./results/NN_thk_regr/RNN/recursion_41/ckpt_1
2/2 - 1s - loss: 0.0343 - mse: 0.0343 - mae: 0.1428 - val_loss: 0.0344 - val_mse: 0.0344 - val_mae: 0.1444 - 1s/epoch - 567ms/step
Epoch 100/10000

Epoch 100: val_loss improved from 0.03443 to 0.03441, saving model to ./results/NN_thk_regr/RNN/recursion_41/ckpt_1
2/2 - 1s - loss: 0.0343 - mse: 0.0343 - mae: 0.1428 - val_loss: 0.0344 - val_mse: 0.0344 - val_mae: 0.1442 - 1s/epoch - 597ms/step
Epoch 101/10000

Epoch 101: val_loss improved from 0.03441 to 0.03440, saving model to ./results/NN_thk_regr/RNN/recursion_41/ckpt_1
2/2 - 1s - loss: 0.0343 - mse: 0.0343 - mae: 0.1425 - val_loss: 0.0344 - val_mse: 0.0344 - val_mae: 0.1435 - 1s/epoch - 597ms/step
Epoch 102/10000

Epoch 102: val_loss improved from 0.03440 to 0.03440, saving model to ./results/NN_thk_regr/RNN/recursion_41/ckpt_1
2/2 - 1s - loss: 0.0343 - mse: 0.0343 - mae: 0.1420 - val_loss: 0.0344 - val_mse: 0.0344 - val_mae: 0.1433 - 1s/epoch - 602ms/step
Epoch 103/10000

Epoch 103: val_loss improved from 0.03440 to 0.03439, saving model to ./results/NN_thk_regr/RNN/recursion_41/ckpt_1
2/2 - 1s - loss: 0.0343 - mse: 0.0343 - mae: 0.1418 - val_loss: 0.0344 - val_mse: 0.0344 - val_mae: 0.1433 - 1s/epoch - 605ms/step
Epoch 104/10000

Epoch 104: val_loss improved from 0.03439 to 0.03437, saving model to ./results/NN_thk_regr/RNN/recursion_41/ckpt_1
2/2 - 1s - loss: 0.0342 - mse: 0.0342 - mae: 0.1419 - val_loss: 0.0344 - val_mse: 0.0344 - val_mae: 0.1439 - 1s/epoch - 567ms/step
Epoch 105/10000

Epoch 105: val_loss improved from 0.03437 to 0.03437, saving model to ./results/NN_thk_regr/RNN/recursion_41/ckpt_1
2/2 - 1s - loss: 0.0342 - mse: 0.0342 - mae: 0.1423 - val_loss: 0.0344 - val_mse: 0.0344 - val_mae: 0.1442 - 1s/epoch - 604ms/step
Epoch 106/10000

Epoch 106: val_loss improved from 0.03437 to 0.03436, saving model to ./results/NN_thk_regr/RNN/recursion_41/ckpt_1
2/2 - 1s - loss: 0.0342 - mse: 0.0342 - mae: 0.1426 - val_loss: 0.0344 - val_mse: 0.0344 - val_mae: 0.1442 - 1s/epoch - 568ms/step
Epoch 107/10000

Epoch 107: val_loss improved from 0.03436 to 0.03434, saving model to ./results/NN_thk_regr/RNN/recursion_41/ckpt_1
2/2 - 1s - loss: 0.0342 - mse: 0.0342 - mae: 0.1424 - val_loss: 0.0343 - val_mse: 0.0343 - val_mae: 0.1435 - 1s/epoch - 595ms/step
Epoch 108/10000

Epoch 108: val_loss did not improve from 0.03434
2/2 - 0s - loss: 0.0342 - mse: 0.0342 - mae: 0.1418 - val_loss: 0.0343 - val_mse: 0.0343 - val_mae: 0.1432 - 318ms/epoch - 159ms/step
Epoch 109/10000

Epoch 109: val_loss improved from 0.03434 to 0.03433, saving model to ./results/NN_thk_regr/RNN/recursion_41/ckpt_1
2/2 - 1s - loss: 0.0342 - mse: 0.0342 - mae: 0.1416 - val_loss: 0.0343 - val_mse: 0.0343 - val_mae: 0.1433 - 1s/epoch - 600ms/step
Epoch 110/10000

Epoch 110: val_loss improved from 0.03433 to 0.03432, saving model to ./results/NN_thk_regr/RNN/recursion_41/ckpt_1
2/2 - 1s - loss: 0.0341 - mse: 0.0341 - mae: 0.1417 - val_loss: 0.0343 - val_mse: 0.0343 - val_mae: 0.1436 - 1s/epoch - 604ms/step
Epoch 111/10000

Epoch 111: val_loss improved from 0.03432 to 0.03432, saving model to ./results/NN_thk_regr/RNN/recursion_41/ckpt_1
2/2 - 1s - loss: 0.0341 - mse: 0.0341 - mae: 0.1420 - val_loss: 0.0343 - val_mse: 0.0343 - val_mae: 0.1439 - 1s/epoch - 568ms/step
Epoch 112/10000

Epoch 112: val_loss improved from 0.03432 to 0.03431, saving model to ./results/NN_thk_regr/RNN/recursion_41/ckpt_1
2/2 - 1s - loss: 0.0341 - mse: 0.0341 - mae: 0.1421 - val_loss: 0.0343 - val_mse: 0.0343 - val_mae: 0.1438 - 1s/epoch - 601ms/step
Epoch 113/10000

Epoch 113: val_loss improved from 0.03431 to 0.03430, saving model to ./results/NN_thk_regr/RNN/recursion_41/ckpt_1
2/2 - 1s - loss: 0.0341 - mse: 0.0341 - mae: 0.1421 - val_loss: 0.0343 - val_mse: 0.0343 - val_mae: 0.1436 - 1s/epoch - 603ms/step
Epoch 114/10000

Epoch 114: val_loss improved from 0.03430 to 0.03429, saving model to ./results/NN_thk_regr/RNN/recursion_41/ckpt_1
2/2 - 1s - loss: 0.0341 - mse: 0.0341 - mae: 0.1419 - val_loss: 0.0343 - val_mse: 0.0343 - val_mae: 0.1434 - 1s/epoch - 566ms/step
Epoch 115/10000

Epoch 115: val_loss improved from 0.03429 to 0.03429, saving model to ./results/NN_thk_regr/RNN/recursion_41/ckpt_1
2/2 - 1s - loss: 0.0341 - mse: 0.0341 - mae: 0.1417 - val_loss: 0.0343 - val_mse: 0.0343 - val_mae: 0.1431 - 1s/epoch - 598ms/step
Epoch 116/10000

Epoch 116: val_loss improved from 0.03429 to 0.03428, saving model to ./results/NN_thk_regr/RNN/recursion_41/ckpt_1
2/2 - 1s - loss: 0.0341 - mse: 0.0341 - mae: 0.1414 - val_loss: 0.0343 - val_mse: 0.0343 - val_mae: 0.1430 - 1s/epoch - 601ms/step
Epoch 117/10000

Epoch 117: val_loss improved from 0.03428 to 0.03427, saving model to ./results/NN_thk_regr/RNN/recursion_41/ckpt_1
2/2 - 1s - loss: 0.0340 - mse: 0.0340 - mae: 0.1414 - val_loss: 0.0343 - val_mse: 0.0343 - val_mae: 0.1433 - 1s/epoch - 568ms/step
Epoch 118/10000

Epoch 118: val_loss improved from 0.03427 to 0.03426, saving model to ./results/NN_thk_regr/RNN/recursion_41/ckpt_1
2/2 - 1s - loss: 0.0340 - mse: 0.0340 - mae: 0.1416 - val_loss: 0.0343 - val_mse: 0.0343 - val_mae: 0.1435 - 1s/epoch - 595ms/step
Epoch 119/10000

Epoch 119: val_loss did not improve from 0.03426
2/2 - 0s - loss: 0.0340 - mse: 0.0340 - mae: 0.1417 - val_loss: 0.0343 - val_mse: 0.0343 - val_mae: 0.1438 - 320ms/epoch - 160ms/step
Epoch 120/10000

Epoch 120: val_loss improved from 0.03426 to 0.03425, saving model to ./results/NN_thk_regr/RNN/recursion_41/ckpt_1
2/2 - 1s - loss: 0.0340 - mse: 0.0340 - mae: 0.1418 - val_loss: 0.0343 - val_mse: 0.0343 - val_mae: 0.1436 - 1s/epoch - 597ms/step
Epoch 121/10000

Epoch 121: val_loss improved from 0.03425 to 0.03425, saving model to ./results/NN_thk_regr/RNN/recursion_41/ckpt_1
2/2 - 1s - loss: 0.0340 - mse: 0.0340 - mae: 0.1420 - val_loss: 0.0343 - val_mse: 0.0343 - val_mae: 0.1438 - 1s/epoch - 603ms/step
Epoch 122/10000

Epoch 122: val_loss improved from 0.03425 to 0.03424, saving model to ./results/NN_thk_regr/RNN/recursion_41/ckpt_1
2/2 - 1s - loss: 0.0340 - mse: 0.0340 - mae: 0.1417 - val_loss: 0.0342 - val_mse: 0.0342 - val_mae: 0.1430 - 1s/epoch - 567ms/step
Epoch 123/10000

Epoch 123: val_loss improved from 0.03424 to 0.03424, saving model to ./results/NN_thk_regr/RNN/recursion_41/ckpt_1
2/2 - 1s - loss: 0.0340 - mse: 0.0340 - mae: 0.1412 - val_loss: 0.0342 - val_mse: 0.0342 - val_mae: 0.1428 - 1s/epoch - 597ms/step
Epoch 124/10000

Epoch 124: val_loss improved from 0.03424 to 0.03423, saving model to ./results/NN_thk_regr/RNN/recursion_41/ckpt_1
2/2 - 1s - loss: 0.0340 - mse: 0.0340 - mae: 0.1410 - val_loss: 0.0342 - val_mse: 0.0342 - val_mae: 0.1430 - 1s/epoch - 602ms/step
Epoch 125/10000

Epoch 125: val_loss did not improve from 0.03423
2/2 - 0s - loss: 0.0339 - mse: 0.0339 - mae: 0.1412 - val_loss: 0.0342 - val_mse: 0.0342 - val_mae: 0.1436 - 321ms/epoch - 161ms/step
Epoch 126/10000

Epoch 126: val_loss did not improve from 0.03423
2/2 - 0s - loss: 0.0339 - mse: 0.0339 - mae: 0.1417 - val_loss: 0.0342 - val_mse: 0.0342 - val_mae: 0.1440 - 317ms/epoch - 158ms/step
Epoch 127/10000

Epoch 127: val_loss improved from 0.03423 to 0.03422, saving model to ./results/NN_thk_regr/RNN/recursion_41/ckpt_1
2/2 - 1s - loss: 0.0339 - mse: 0.0339 - mae: 0.1420 - val_loss: 0.0342 - val_mse: 0.0342 - val_mae: 0.1436 - 1s/epoch - 604ms/step
Epoch 128/10000

Epoch 128: val_loss improved from 0.03422 to 0.03421, saving model to ./results/NN_thk_regr/RNN/recursion_41/ckpt_1
2/2 - 1s - loss: 0.0339 - mse: 0.0339 - mae: 0.1415 - val_loss: 0.0342 - val_mse: 0.0342 - val_mae: 0.1427 - 1s/epoch - 569ms/step
Epoch 129/10000

Epoch 129: val_loss did not improve from 0.03421
2/2 - 0s - loss: 0.0339 - mse: 0.0339 - mae: 0.1408 - val_loss: 0.0342 - val_mse: 0.0342 - val_mae: 0.1424 - 318ms/epoch - 159ms/step
Epoch 130/10000

Epoch 130: val_loss improved from 0.03421 to 0.03419, saving model to ./results/NN_thk_regr/RNN/recursion_41/ckpt_1
2/2 - 1s - loss: 0.0339 - mse: 0.0339 - mae: 0.1406 - val_loss: 0.0342 - val_mse: 0.0342 - val_mae: 0.1428 - 1s/epoch - 599ms/step
Epoch 131/10000

Epoch 131: val_loss did not improve from 0.03419
2/2 - 0s - loss: 0.0339 - mse: 0.0339 - mae: 0.1411 - val_loss: 0.0342 - val_mse: 0.0342 - val_mae: 0.1435 - 319ms/epoch - 160ms/step
Epoch 132/10000

Epoch 132: val_loss improved from 0.03419 to 0.03419, saving model to ./results/NN_thk_regr/RNN/recursion_41/ckpt_1
2/2 - 1s - loss: 0.0338 - mse: 0.0338 - mae: 0.1415 - val_loss: 0.0342 - val_mse: 0.0342 - val_mae: 0.1435 - 1s/epoch - 605ms/step
Epoch 133/10000

Epoch 133: val_loss improved from 0.03419 to 0.03418, saving model to ./results/NN_thk_regr/RNN/recursion_41/ckpt_1
2/2 - 1s - loss: 0.0338 - mse: 0.0338 - mae: 0.1414 - val_loss: 0.0342 - val_mse: 0.0342 - val_mae: 0.1431 - 1s/epoch - 570ms/step
Epoch 134/10000

Epoch 134: val_loss improved from 0.03418 to 0.03417, saving model to ./results/NN_thk_regr/RNN/recursion_41/ckpt_1
2/2 - 1s - loss: 0.0338 - mse: 0.0338 - mae: 0.1411 - val_loss: 0.0342 - val_mse: 0.0342 - val_mae: 0.1428 - 1s/epoch - 598ms/step
Epoch 135/10000

Epoch 135: val_loss did not improve from 0.03417
2/2 - 0s - loss: 0.0338 - mse: 0.0338 - mae: 0.1408 - val_loss: 0.0342 - val_mse: 0.0342 - val_mae: 0.1426 - 318ms/epoch - 159ms/step
Epoch 136/10000

Epoch 136: val_loss improved from 0.03417 to 0.03417, saving model to ./results/NN_thk_regr/RNN/recursion_41/ckpt_1
2/2 - 1s - loss: 0.0338 - mse: 0.0338 - mae: 0.1405 - val_loss: 0.0342 - val_mse: 0.0342 - val_mae: 0.1426 - 1s/epoch - 603ms/step
Epoch 137/10000

Epoch 137: val_loss improved from 0.03417 to 0.03416, saving model to ./results/NN_thk_regr/RNN/recursion_41/ckpt_1
2/2 - 1s - loss: 0.0338 - mse: 0.0338 - mae: 0.1405 - val_loss: 0.0342 - val_mse: 0.0342 - val_mae: 0.1429 - 1s/epoch - 568ms/step
Epoch 138/10000

Epoch 138: val_loss did not improve from 0.03416
2/2 - 0s - loss: 0.0338 - mse: 0.0338 - mae: 0.1409 - val_loss: 0.0342 - val_mse: 0.0342 - val_mae: 0.1435 - 323ms/epoch - 161ms/step
Epoch 139/10000

Epoch 139: val_loss did not improve from 0.03416
2/2 - 0s - loss: 0.0338 - mse: 0.0338 - mae: 0.1415 - val_loss: 0.0342 - val_mse: 0.0342 - val_mae: 0.1436 - 319ms/epoch - 160ms/step
Epoch 140/10000

Epoch 140: val_loss improved from 0.03416 to 0.03415, saving model to ./results/NN_thk_regr/RNN/recursion_41/ckpt_1
2/2 - 1s - loss: 0.0338 - mse: 0.0338 - mae: 0.1412 - val_loss: 0.0341 - val_mse: 0.0341 - val_mae: 0.1427 - 1s/epoch - 599ms/step
Epoch 141/10000

Epoch 141: val_loss did not improve from 0.03415
2/2 - 0s - loss: 0.0337 - mse: 0.0337 - mae: 0.1406 - val_loss: 0.0342 - val_mse: 0.0342 - val_mae: 0.1424 - 320ms/epoch - 160ms/step
Epoch 142/10000

Epoch 142: val_loss improved from 0.03415 to 0.03415, saving model to ./results/NN_thk_regr/RNN/recursion_41/ckpt_1
2/2 - 1s - loss: 0.0338 - mse: 0.0338 - mae: 0.1404 - val_loss: 0.0341 - val_mse: 0.0341 - val_mae: 0.1426 - 1s/epoch - 603ms/step
Epoch 143/10000

Epoch 143: val_loss improved from 0.03415 to 0.03414, saving model to ./results/NN_thk_regr/RNN/recursion_41/ckpt_1
2/2 - 1s - loss: 0.0337 - mse: 0.0337 - mae: 0.1404 - val_loss: 0.0341 - val_mse: 0.0341 - val_mae: 0.1427 - 1s/epoch - 567ms/step
Epoch 144/10000

Epoch 144: val_loss improved from 0.03414 to 0.03413, saving model to ./results/NN_thk_regr/RNN/recursion_41/ckpt_1
2/2 - 1s - loss: 0.0337 - mse: 0.0337 - mae: 0.1406 - val_loss: 0.0341 - val_mse: 0.0341 - val_mae: 0.1430 - 1s/epoch - 597ms/step
Epoch 145/10000

Epoch 145: val_loss improved from 0.03413 to 0.03413, saving model to ./results/NN_thk_regr/RNN/recursion_41/ckpt_1
2/2 - 1s - loss: 0.0337 - mse: 0.0337 - mae: 0.1408 - val_loss: 0.0341 - val_mse: 0.0341 - val_mae: 0.1431 - 1s/epoch - 597ms/step
Epoch 146/10000

Epoch 146: val_loss improved from 0.03413 to 0.03413, saving model to ./results/NN_thk_regr/RNN/recursion_41/ckpt_1
2/2 - 1s - loss: 0.0337 - mse: 0.0337 - mae: 0.1409 - val_loss: 0.0341 - val_mse: 0.0341 - val_mae: 0.1432 - 1s/epoch - 614ms/step
Epoch 147/10000

Epoch 147: val_loss improved from 0.03413 to 0.03412, saving model to ./results/NN_thk_regr/RNN/recursion_41/ckpt_1
2/2 - 1s - loss: 0.0337 - mse: 0.0337 - mae: 0.1408 - val_loss: 0.0341 - val_mse: 0.0341 - val_mae: 0.1428 - 1s/epoch - 567ms/step
Epoch 148/10000

Epoch 148: val_loss improved from 0.03412 to 0.03412, saving model to ./results/NN_thk_regr/RNN/recursion_41/ckpt_1
2/2 - 1s - loss: 0.0337 - mse: 0.0337 - mae: 0.1406 - val_loss: 0.0341 - val_mse: 0.0341 - val_mae: 0.1428 - 1s/epoch - 596ms/step
Epoch 149/10000

Epoch 149: val_loss did not improve from 0.03412
2/2 - 0s - loss: 0.0336 - mse: 0.0336 - mae: 0.1405 - val_loss: 0.0341 - val_mse: 0.0341 - val_mae: 0.1425 - 318ms/epoch - 159ms/step
Epoch 150/10000

Epoch 150: val_loss did not improve from 0.03412
2/2 - 0s - loss: 0.0337 - mse: 0.0337 - mae: 0.1401 - val_loss: 0.0341 - val_mse: 0.0341 - val_mae: 0.1424 - 318ms/epoch - 159ms/step
Epoch 151/10000

Epoch 151: val_loss improved from 0.03412 to 0.03412, saving model to ./results/NN_thk_regr/RNN/recursion_41/ckpt_1
2/2 - 1s - loss: 0.0336 - mse: 0.0336 - mae: 0.1402 - val_loss: 0.0341 - val_mse: 0.0341 - val_mae: 0.1431 - 1s/epoch - 600ms/step
Epoch 152/10000

Epoch 152: val_loss did not improve from 0.03412
2/2 - 0s - loss: 0.0336 - mse: 0.0336 - mae: 0.1408 - val_loss: 0.0341 - val_mse: 0.0341 - val_mae: 0.1435 - 319ms/epoch - 159ms/step
Epoch 153/10000

Epoch 153: val_loss improved from 0.03412 to 0.03411, saving model to ./results/NN_thk_regr/RNN/recursion_41/ckpt_1
2/2 - 1s - loss: 0.0336 - mse: 0.0336 - mae: 0.1410 - val_loss: 0.0341 - val_mse: 0.0341 - val_mae: 0.1430 - 1s/epoch - 605ms/step
Epoch 154/10000

Epoch 154: val_loss improved from 0.03411 to 0.03411, saving model to ./results/NN_thk_regr/RNN/recursion_41/ckpt_1
2/2 - 1s - loss: 0.0336 - mse: 0.0336 - mae: 0.1405 - val_loss: 0.0341 - val_mse: 0.0341 - val_mae: 0.1426 - 1s/epoch - 571ms/step
Epoch 155/10000

Epoch 155: val_loss did not improve from 0.03411
2/2 - 0s - loss: 0.0336 - mse: 0.0336 - mae: 0.1402 - val_loss: 0.0341 - val_mse: 0.0341 - val_mae: 0.1425 - 318ms/epoch - 159ms/step
Epoch 156/10000

Epoch 156: val_loss improved from 0.03411 to 0.03410, saving model to ./results/NN_thk_regr/RNN/recursion_41/ckpt_1
2/2 - 1s - loss: 0.0336 - mse: 0.0336 - mae: 0.1401 - val_loss: 0.0341 - val_mse: 0.0341 - val_mae: 0.1427 - 1s/epoch - 602ms/step
Epoch 157/10000

Epoch 157: val_loss did not improve from 0.03410
2/2 - 0s - loss: 0.0336 - mse: 0.0336 - mae: 0.1403 - val_loss: 0.0341 - val_mse: 0.0341 - val_mae: 0.1431 - 313ms/epoch - 157ms/step
Epoch 158/10000

Epoch 158: val_loss did not improve from 0.03410
2/2 - 0s - loss: 0.0336 - mse: 0.0336 - mae: 0.1408 - val_loss: 0.0341 - val_mse: 0.0341 - val_mae: 0.1432 - 318ms/epoch - 159ms/step
Epoch 159/10000

Epoch 159: val_loss improved from 0.03410 to 0.03409, saving model to ./results/NN_thk_regr/RNN/recursion_41/ckpt_1
2/2 - 1s - loss: 0.0336 - mse: 0.0336 - mae: 0.1406 - val_loss: 0.0341 - val_mse: 0.0341 - val_mae: 0.1427 - 1s/epoch - 605ms/step
Epoch 160/10000

Epoch 160: val_loss improved from 0.03409 to 0.03409, saving model to ./results/NN_thk_regr/RNN/recursion_41/ckpt_1
2/2 - 1s - loss: 0.0335 - mse: 0.0335 - mae: 0.1401 - val_loss: 0.0341 - val_mse: 0.0341 - val_mae: 0.1427 - 1s/epoch - 570ms/step
Epoch 161/10000

Epoch 161: val_loss improved from 0.03409 to 0.03409, saving model to ./results/NN_thk_regr/RNN/recursion_41/ckpt_1
2/2 - 1s - loss: 0.0335 - mse: 0.0335 - mae: 0.1401 - val_loss: 0.0341 - val_mse: 0.0341 - val_mae: 0.1428 - 1s/epoch - 601ms/step
Epoch 162/10000

Epoch 162: val_loss did not improve from 0.03409
2/2 - 0s - loss: 0.0335 - mse: 0.0335 - mae: 0.1402 - val_loss: 0.0341 - val_mse: 0.0341 - val_mae: 0.1429 - 314ms/epoch - 157ms/step
Epoch 163/10000

Epoch 163: val_loss did not improve from 0.03409
2/2 - 0s - loss: 0.0335 - mse: 0.0335 - mae: 0.1404 - val_loss: 0.0341 - val_mse: 0.0341 - val_mae: 0.1431 - 320ms/epoch - 160ms/step
Epoch 164/10000

Epoch 164: val_loss improved from 0.03409 to 0.03409, saving model to ./results/NN_thk_regr/RNN/recursion_41/ckpt_1
2/2 - 1s - loss: 0.0335 - mse: 0.0335 - mae: 0.1404 - val_loss: 0.0341 - val_mse: 0.0341 - val_mae: 0.1429 - 1s/epoch - 605ms/step
Epoch 165/10000

Epoch 165: val_loss improved from 0.03409 to 0.03408, saving model to ./results/NN_thk_regr/RNN/recursion_41/ckpt_1
2/2 - 1s - loss: 0.0335 - mse: 0.0335 - mae: 0.1402 - val_loss: 0.0341 - val_mse: 0.0341 - val_mae: 0.1427 - 1s/epoch - 567ms/step
Epoch 166/10000

Epoch 166: val_loss improved from 0.03408 to 0.03408, saving model to ./results/NN_thk_regr/RNN/recursion_41/ckpt_1
2/2 - 1s - loss: 0.0335 - mse: 0.0335 - mae: 0.1401 - val_loss: 0.0341 - val_mse: 0.0341 - val_mae: 0.1428 - 1s/epoch - 601ms/step
Epoch 167/10000

Epoch 167: val_loss improved from 0.03408 to 0.03408, saving model to ./results/NN_thk_regr/RNN/recursion_41/ckpt_1
2/2 - 1s - loss: 0.0335 - mse: 0.0335 - mae: 0.1402 - val_loss: 0.0341 - val_mse: 0.0341 - val_mae: 0.1427 - 1s/epoch - 605ms/step
Epoch 168/10000

Epoch 168: val_loss did not improve from 0.03408
2/2 - 0s - loss: 0.0335 - mse: 0.0335 - mae: 0.1400 - val_loss: 0.0341 - val_mse: 0.0341 - val_mae: 0.1425 - 316ms/epoch - 158ms/step
Epoch 169/10000

Epoch 169: val_loss did not improve from 0.03408
2/2 - 0s - loss: 0.0335 - mse: 0.0335 - mae: 0.1397 - val_loss: 0.0341 - val_mse: 0.0341 - val_mae: 0.1424 - 318ms/epoch - 159ms/step
Epoch 170/10000

Epoch 170: val_loss improved from 0.03408 to 0.03408, saving model to ./results/NN_thk_regr/RNN/recursion_41/ckpt_1
2/2 - 1s - loss: 0.0335 - mse: 0.0335 - mae: 0.1397 - val_loss: 0.0341 - val_mse: 0.0341 - val_mae: 0.1429 - 1s/epoch - 568ms/step
Epoch 171/10000

Epoch 171: val_loss did not improve from 0.03408
2/2 - 0s - loss: 0.0335 - mse: 0.0335 - mae: 0.1403 - val_loss: 0.0341 - val_mse: 0.0341 - val_mae: 0.1432 - 319ms/epoch - 159ms/step
Epoch 172/10000

Epoch 172: val_loss improved from 0.03408 to 0.03407, saving model to ./results/NN_thk_regr/RNN/recursion_41/ckpt_1
2/2 - 1s - loss: 0.0334 - mse: 0.0334 - mae: 0.1404 - val_loss: 0.0341 - val_mse: 0.0341 - val_mae: 0.1427 - 1s/epoch - 603ms/step
Epoch 173/10000

Epoch 173: val_loss did not improve from 0.03407
2/2 - 0s - loss: 0.0335 - mse: 0.0335 - mae: 0.1398 - val_loss: 0.0341 - val_mse: 0.0341 - val_mae: 0.1423 - 319ms/epoch - 159ms/step
Epoch 174/10000

Epoch 174: val_loss improved from 0.03407 to 0.03407, saving model to ./results/NN_thk_regr/RNN/recursion_41/ckpt_1
2/2 - 1s - loss: 0.0334 - mse: 0.0334 - mae: 0.1396 - val_loss: 0.0341 - val_mse: 0.0341 - val_mae: 0.1427 - 1s/epoch - 567ms/step
Epoch 175/10000

Epoch 175: val_loss did not improve from 0.03407
2/2 - 0s - loss: 0.0334 - mse: 0.0334 - mae: 0.1401 - val_loss: 0.0341 - val_mse: 0.0341 - val_mae: 0.1430 - 323ms/epoch - 162ms/step
Epoch 176/10000

Epoch 176: val_loss improved from 0.03407 to 0.03407, saving model to ./results/NN_thk_regr/RNN/recursion_41/ckpt_1
2/2 - 1s - loss: 0.0334 - mse: 0.0334 - mae: 0.1401 - val_loss: 0.0341 - val_mse: 0.0341 - val_mae: 0.1426 - 1s/epoch - 596ms/step
Epoch 177/10000

Epoch 177: val_loss improved from 0.03407 to 0.03407, saving model to ./results/NN_thk_regr/RNN/recursion_41/ckpt_1
2/2 - 1s - loss: 0.0334 - mse: 0.0334 - mae: 0.1397 - val_loss: 0.0341 - val_mse: 0.0341 - val_mae: 0.1425 - 1s/epoch - 599ms/step
Epoch 178/10000

Epoch 178: val_loss did not improve from 0.03407
2/2 - 0s - loss: 0.0334 - mse: 0.0334 - mae: 0.1399 - val_loss: 0.0341 - val_mse: 0.0341 - val_mae: 0.1429 - 318ms/epoch - 159ms/step
Epoch 179/10000

Epoch 179: val_loss improved from 0.03407 to 0.03406, saving model to ./results/NN_thk_regr/RNN/recursion_41/ckpt_1
2/2 - 1s - loss: 0.0334 - mse: 0.0334 - mae: 0.1401 - val_loss: 0.0341 - val_mse: 0.0341 - val_mae: 0.1427 - 1s/epoch - 605ms/step
Epoch 180/10000

Epoch 180: val_loss did not improve from 0.03406
2/2 - 0s - loss: 0.0334 - mse: 0.0334 - mae: 0.1396 - val_loss: 0.0341 - val_mse: 0.0341 - val_mae: 0.1422 - 321ms/epoch - 160ms/step
Epoch 181/10000

Epoch 181: val_loss improved from 0.03406 to 0.03406, saving model to ./results/NN_thk_regr/RNN/recursion_41/ckpt_1
2/2 - 1s - loss: 0.0334 - mse: 0.0334 - mae: 0.1395 - val_loss: 0.0341 - val_mse: 0.0341 - val_mae: 0.1426 - 1s/epoch - 565ms/step
Epoch 182/10000

Epoch 182: val_loss improved from 0.03406 to 0.03406, saving model to ./results/NN_thk_regr/RNN/recursion_41/ckpt_1
2/2 - 1s - loss: 0.0334 - mse: 0.0334 - mae: 0.1396 - val_loss: 0.0341 - val_mse: 0.0341 - val_mae: 0.1426 - 1s/epoch - 602ms/step
Epoch 183/10000

Epoch 183: val_loss did not improve from 0.03406
2/2 - 0s - loss: 0.0334 - mse: 0.0334 - mae: 0.1399 - val_loss: 0.0341 - val_mse: 0.0341 - val_mae: 0.1429 - 321ms/epoch - 160ms/step
Epoch 184/10000

Epoch 184: val_loss improved from 0.03406 to 0.03406, saving model to ./results/NN_thk_regr/RNN/recursion_41/ckpt_1
2/2 - 1s - loss: 0.0334 - mse: 0.0334 - mae: 0.1399 - val_loss: 0.0341 - val_mse: 0.0341 - val_mae: 0.1426 - 1s/epoch - 606ms/step
Epoch 185/10000

Epoch 185: val_loss did not improve from 0.03406
2/2 - 0s - loss: 0.0333 - mse: 0.0333 - mae: 0.1396 - val_loss: 0.0341 - val_mse: 0.0341 - val_mae: 0.1425 - 320ms/epoch - 160ms/step
Epoch 186/10000

Epoch 186: val_loss improved from 0.03406 to 0.03406, saving model to ./results/NN_thk_regr/RNN/recursion_41/ckpt_1
2/2 - 1s - loss: 0.0333 - mse: 0.0333 - mae: 0.1395 - val_loss: 0.0341 - val_mse: 0.0341 - val_mae: 0.1426 - 1s/epoch - 567ms/step
Epoch 187/10000

Epoch 187: val_loss improved from 0.03406 to 0.03406, saving model to ./results/NN_thk_regr/RNN/recursion_41/ckpt_1
2/2 - 1s - loss: 0.0333 - mse: 0.0333 - mae: 0.1396 - val_loss: 0.0341 - val_mse: 0.0341 - val_mae: 0.1426 - 1s/epoch - 606ms/step
Epoch 188/10000

Epoch 188: val_loss did not improve from 0.03406
2/2 - 0s - loss: 0.0333 - mse: 0.0333 - mae: 0.1395 - val_loss: 0.0341 - val_mse: 0.0341 - val_mae: 0.1425 - 317ms/epoch - 158ms/step
Epoch 189/10000

Epoch 189: val_loss did not improve from 0.03406
2/2 - 0s - loss: 0.0333 - mse: 0.0333 - mae: 0.1395 - val_loss: 0.0341 - val_mse: 0.0341 - val_mae: 0.1429 - 320ms/epoch - 160ms/step
Epoch 190/10000

Epoch 190: val_loss did not improve from 0.03406
2/2 - 0s - loss: 0.0334 - mse: 0.0334 - mae: 0.1401 - val_loss: 0.0341 - val_mse: 0.0341 - val_mae: 0.1429 - 318ms/epoch - 159ms/step
Epoch 191/10000

Epoch 191: val_loss did not improve from 0.03406
2/2 - 0s - loss: 0.0333 - mse: 0.0333 - mae: 0.1397 - val_loss: 0.0341 - val_mse: 0.0341 - val_mae: 0.1422 - 315ms/epoch - 158ms/step
Epoch 192/10000

Epoch 192: val_loss did not improve from 0.03406
2/2 - 0s - loss: 0.0334 - mse: 0.0334 - mae: 0.1390 - val_loss: 0.0341 - val_mse: 0.0341 - val_mae: 0.1420 - 318ms/epoch - 159ms/step
Epoch 193/10000

Epoch 193: val_loss did not improve from 0.03406
2/2 - 0s - loss: 0.0333 - mse: 0.0333 - mae: 0.1391 - val_loss: 0.0341 - val_mse: 0.0341 - val_mae: 0.1429 - 317ms/epoch - 158ms/step
Epoch 194/10000

Epoch 194: val_loss did not improve from 0.03406
2/2 - 0s - loss: 0.0333 - mse: 0.0333 - mae: 0.1399 - val_loss: 0.0341 - val_mse: 0.0341 - val_mae: 0.1432 - 320ms/epoch - 160ms/step
Epoch 195/10000

Epoch 195: val_loss improved from 0.03406 to 0.03405, saving model to ./results/NN_thk_regr/RNN/recursion_41/ckpt_1
2/2 - 1s - loss: 0.0333 - mse: 0.0333 - mae: 0.1398 - val_loss: 0.0341 - val_mse: 0.0341 - val_mae: 0.1426 - 1s/epoch - 566ms/step
Epoch 196/10000

Epoch 196: val_loss did not improve from 0.03405
2/2 - 0s - loss: 0.0333 - mse: 0.0333 - mae: 0.1394 - val_loss: 0.0341 - val_mse: 0.0341 - val_mae: 0.1424 - 322ms/epoch - 161ms/step
Epoch 197/10000

Epoch 197: val_loss did not improve from 0.03405
2/2 - 0s - loss: 0.0333 - mse: 0.0333 - mae: 0.1394 - val_loss: 0.0341 - val_mse: 0.0341 - val_mae: 0.1424 - 319ms/epoch - 159ms/step
Epoch 198/10000

Epoch 198: val_loss did not improve from 0.03405
2/2 - 0s - loss: 0.0333 - mse: 0.0333 - mae: 0.1393 - val_loss: 0.0341 - val_mse: 0.0341 - val_mae: 0.1423 - 315ms/epoch - 157ms/step
Epoch 199/10000

Epoch 199: val_loss did not improve from 0.03405
2/2 - 0s - loss: 0.0333 - mse: 0.0333 - mae: 0.1390 - val_loss: 0.0341 - val_mse: 0.0341 - val_mae: 0.1422 - 320ms/epoch - 160ms/step
Epoch 200/10000

Epoch 200: val_loss did not improve from 0.03405
2/2 - 0s - loss: 0.0333 - mse: 0.0333 - mae: 0.1390 - val_loss: 0.0341 - val_mse: 0.0341 - val_mae: 0.1428 - 323ms/epoch - 162ms/step
Epoch 201/10000

Epoch 201: val_loss did not improve from 0.03405
2/2 - 0s - loss: 0.0332 - mse: 0.0332 - mae: 0.1396 - val_loss: 0.0341 - val_mse: 0.0341 - val_mae: 0.1435 - 319ms/epoch - 160ms/step
Epoch 202/10000

Epoch 202: val_loss did not improve from 0.03405
2/2 - 0s - loss: 0.0333 - mse: 0.0333 - mae: 0.1402 - val_loss: 0.0341 - val_mse: 0.0341 - val_mae: 0.1433 - 318ms/epoch - 159ms/step
Epoch 203/10000

Epoch 203: val_loss improved from 0.03405 to 0.03405, saving model to ./results/NN_thk_regr/RNN/recursion_41/ckpt_1
2/2 - 1s - loss: 0.0332 - mse: 0.0332 - mae: 0.1398 - val_loss: 0.0341 - val_mse: 0.0341 - val_mae: 0.1426 - 1s/epoch - 596ms/step
Epoch 204/10000

Epoch 204: val_loss did not improve from 0.03405
2/2 - 0s - loss: 0.0332 - mse: 0.0332 - mae: 0.1392 - val_loss: 0.0341 - val_mse: 0.0341 - val_mae: 0.1421 - 318ms/epoch - 159ms/step
Epoch 205/10000

Epoch 205: val_loss did not improve from 0.03405
2/2 - 0s - loss: 0.0332 - mse: 0.0332 - mae: 0.1388 - val_loss: 0.0341 - val_mse: 0.0341 - val_mae: 0.1423 - 316ms/epoch - 158ms/step
Epoch 206/10000

Epoch 206: val_loss did not improve from 0.03405
2/2 - 0s - loss: 0.0332 - mse: 0.0332 - mae: 0.1393 - val_loss: 0.0341 - val_mse: 0.0341 - val_mae: 0.1430 - 320ms/epoch - 160ms/step
Epoch 207/10000

Epoch 207: val_loss did not improve from 0.03405
2/2 - 0s - loss: 0.0332 - mse: 0.0332 - mae: 0.1397 - val_loss: 0.0341 - val_mse: 0.0341 - val_mae: 0.1428 - 317ms/epoch - 158ms/step
Epoch 208/10000

Epoch 208: val_loss did not improve from 0.03405
2/2 - 0s - loss: 0.0332 - mse: 0.0332 - mae: 0.1393 - val_loss: 0.0341 - val_mse: 0.0341 - val_mae: 0.1422 - 319ms/epoch - 159ms/step
Epoch 209/10000

Epoch 209: val_loss improved from 0.03405 to 0.03405, saving model to ./results/NN_thk_regr/RNN/recursion_41/ckpt_1
2/2 - 1s - loss: 0.0332 - mse: 0.0332 - mae: 0.1390 - val_loss: 0.0340 - val_mse: 0.0340 - val_mae: 0.1424 - 1s/epoch - 607ms/step
Epoch 210/10000

Epoch 210: val_loss did not improve from 0.03405
2/2 - 0s - loss: 0.0332 - mse: 0.0332 - mae: 0.1390 - val_loss: 0.0340 - val_mse: 0.0340 - val_mae: 0.1424 - 322ms/epoch - 161ms/step
Epoch 211/10000

Epoch 211: val_loss did not improve from 0.03405
2/2 - 0s - loss: 0.0332 - mse: 0.0332 - mae: 0.1390 - val_loss: 0.0341 - val_mse: 0.0341 - val_mae: 0.1427 - 317ms/epoch - 159ms/step
Epoch 212/10000

Epoch 212: val_loss did not improve from 0.03405
2/2 - 0s - loss: 0.0332 - mse: 0.0332 - mae: 0.1395 - val_loss: 0.0341 - val_mse: 0.0341 - val_mae: 0.1430 - 318ms/epoch - 159ms/step
Epoch 213/10000

Epoch 213: val_loss improved from 0.03405 to 0.03405, saving model to ./results/NN_thk_regr/RNN/recursion_41/ckpt_1
2/2 - 1s - loss: 0.0332 - mse: 0.0332 - mae: 0.1395 - val_loss: 0.0340 - val_mse: 0.0340 - val_mae: 0.1425 - 1s/epoch - 567ms/step
Epoch 214/10000

Epoch 214: val_loss did not improve from 0.03405
2/2 - 0s - loss: 0.0332 - mse: 0.0332 - mae: 0.1390 - val_loss: 0.0341 - val_mse: 0.0341 - val_mae: 0.1421 - 320ms/epoch - 160ms/step
Epoch 215/10000

Epoch 215: val_loss did not improve from 0.03405
2/2 - 0s - loss: 0.0332 - mse: 0.0332 - mae: 0.1386 - val_loss: 0.0341 - val_mse: 0.0341 - val_mae: 0.1421 - 317ms/epoch - 158ms/step
Epoch 216/10000

Epoch 216: val_loss did not improve from 0.03405
2/2 - 0s - loss: 0.0332 - mse: 0.0332 - mae: 0.1389 - val_loss: 0.0341 - val_mse: 0.0341 - val_mae: 0.1432 - 314ms/epoch - 157ms/step
Epoch 217/10000

Epoch 217: val_loss did not improve from 0.03405
2/2 - 0s - loss: 0.0332 - mse: 0.0332 - mae: 0.1397 - val_loss: 0.0341 - val_mse: 0.0341 - val_mae: 0.1433 - 318ms/epoch - 159ms/step
Epoch 218/10000

Epoch 218: val_loss did not improve from 0.03405
2/2 - 0s - loss: 0.0332 - mse: 0.0332 - mae: 0.1397 - val_loss: 0.0341 - val_mse: 0.0341 - val_mae: 0.1426 - 320ms/epoch - 160ms/step
Epoch 219/10000

Epoch 219: val_loss did not improve from 0.03405
2/2 - 0s - loss: 0.0331 - mse: 0.0331 - mae: 0.1390 - val_loss: 0.0341 - val_mse: 0.0341 - val_mae: 0.1419 - 317ms/epoch - 159ms/step
Epoch 220/10000

Epoch 220: val_loss did not improve from 0.03405
2/2 - 0s - loss: 0.0332 - mse: 0.0332 - mae: 0.1385 - val_loss: 0.0341 - val_mse: 0.0341 - val_mae: 0.1422 - 318ms/epoch - 159ms/step
Epoch 221/10000

Epoch 221: val_loss did not improve from 0.03405
2/2 - 0s - loss: 0.0332 - mse: 0.0332 - mae: 0.1390 - val_loss: 0.0341 - val_mse: 0.0341 - val_mae: 0.1429 - 319ms/epoch - 160ms/step
Epoch 222/10000

Epoch 222: val_loss did not improve from 0.03405
2/2 - 0s - loss: 0.0331 - mse: 0.0331 - mae: 0.1394 - val_loss: 0.0341 - val_mse: 0.0341 - val_mae: 0.1427 - 319ms/epoch - 160ms/step
Epoch 223/10000

Epoch 223: val_loss did not improve from 0.03405
2/2 - 0s - loss: 0.0332 - mse: 0.0332 - mae: 0.1390 - val_loss: 0.0341 - val_mse: 0.0341 - val_mae: 0.1422 - 318ms/epoch - 159ms/step
Epoch 224/10000

Epoch 224: val_loss did not improve from 0.03405
2/2 - 0s - loss: 0.0331 - mse: 0.0331 - mae: 0.1389 - val_loss: 0.0341 - val_mse: 0.0341 - val_mae: 0.1427 - 320ms/epoch - 160ms/step
Epoch 225/10000

Epoch 225: val_loss did not improve from 0.03405
2/2 - 0s - loss: 0.0331 - mse: 0.0331 - mae: 0.1392 - val_loss: 0.0341 - val_mse: 0.0341 - val_mae: 0.1426 - 317ms/epoch - 159ms/step
Epoch 226/10000

Epoch 226: val_loss did not improve from 0.03405
2/2 - 0s - loss: 0.0331 - mse: 0.0331 - mae: 0.1390 - val_loss: 0.0341 - val_mse: 0.0341 - val_mae: 0.1423 - 318ms/epoch - 159ms/step
Epoch 227/10000

Epoch 227: val_loss did not improve from 0.03405
2/2 - 0s - loss: 0.0331 - mse: 0.0331 - mae: 0.1388 - val_loss: 0.0341 - val_mse: 0.0341 - val_mae: 0.1423 - 320ms/epoch - 160ms/step
Epoch 228/10000

Epoch 228: val_loss did not improve from 0.03405
2/2 - 0s - loss: 0.0331 - mse: 0.0331 - mae: 0.1387 - val_loss: 0.0341 - val_mse: 0.0341 - val_mae: 0.1423 - 320ms/epoch - 160ms/step
Epoch 229/10000

Epoch 229: val_loss did not improve from 0.03405
2/2 - 0s - loss: 0.0331 - mse: 0.0331 - mae: 0.1387 - val_loss: 0.0341 - val_mse: 0.0341 - val_mae: 0.1428 - 321ms/epoch - 160ms/step
Epoch 230/10000

Epoch 230: val_loss did not improve from 0.03405
2/2 - 0s - loss: 0.0331 - mse: 0.0331 - mae: 0.1395 - val_loss: 0.0341 - val_mse: 0.0341 - val_mae: 0.1432 - 314ms/epoch - 157ms/step
Epoch 231/10000

Epoch 231: val_loss did not improve from 0.03405
2/2 - 0s - loss: 0.0331 - mse: 0.0331 - mae: 0.1393 - val_loss: 0.0341 - val_mse: 0.0341 - val_mae: 0.1423 - 318ms/epoch - 159ms/step
Epoch 232/10000

Epoch 232: val_loss did not improve from 0.03405
2/2 - 0s - loss: 0.0331 - mse: 0.0331 - mae: 0.1386 - val_loss: 0.0341 - val_mse: 0.0341 - val_mae: 0.1420 - 318ms/epoch - 159ms/step
Epoch 233/10000

Epoch 233: val_loss did not improve from 0.03405
2/2 - 0s - loss: 0.0331 - mse: 0.0331 - mae: 0.1385 - val_loss: 0.0341 - val_mse: 0.0341 - val_mae: 0.1428 - 321ms/epoch - 161ms/step
Epoch 234/10000

Epoch 234: val_loss did not improve from 0.03405
2/2 - 0s - loss: 0.0331 - mse: 0.0331 - mae: 0.1392 - val_loss: 0.0341 - val_mse: 0.0341 - val_mae: 0.1432 - 317ms/epoch - 158ms/step
Epoch 235/10000

Epoch 235: val_loss did not improve from 0.03405
2/2 - 0s - loss: 0.0331 - mse: 0.0331 - mae: 0.1395 - val_loss: 0.0341 - val_mse: 0.0341 - val_mae: 0.1428 - 320ms/epoch - 160ms/step
Epoch 236/10000

Epoch 236: val_loss did not improve from 0.03405
2/2 - 0s - loss: 0.0330 - mse: 0.0330 - mae: 0.1391 - val_loss: 0.0341 - val_mse: 0.0341 - val_mae: 0.1422 - 318ms/epoch - 159ms/step
Epoch 237/10000

Epoch 237: val_loss did not improve from 0.03405
2/2 - 0s - loss: 0.0331 - mse: 0.0331 - mae: 0.1384 - val_loss: 0.0341 - val_mse: 0.0341 - val_mae: 0.1419 - 319ms/epoch - 160ms/step
Epoch 238/10000

Epoch 238: val_loss did not improve from 0.03405
2/2 - 0s - loss: 0.0331 - mse: 0.0331 - mae: 0.1383 - val_loss: 0.0341 - val_mse: 0.0341 - val_mae: 0.1427 - 317ms/epoch - 158ms/step
Epoch 239/10000

Epoch 239: val_loss did not improve from 0.03405
2/2 - 0s - loss: 0.0330 - mse: 0.0330 - mae: 0.1391 - val_loss: 0.0342 - val_mse: 0.0342 - val_mae: 0.1439 - 317ms/epoch - 159ms/step
Epoch 240/10000

Epoch 240: val_loss did not improve from 0.03405
2/2 - 0s - loss: 0.0331 - mse: 0.0331 - mae: 0.1402 - val_loss: 0.0341 - val_mse: 0.0341 - val_mae: 0.1434 - 319ms/epoch - 159ms/step
Epoch 241/10000

Epoch 241: val_loss did not improve from 0.03405
2/2 - 0s - loss: 0.0331 - mse: 0.0331 - mae: 0.1392 - val_loss: 0.0341 - val_mse: 0.0341 - val_mae: 0.1417 - 315ms/epoch - 157ms/step
Epoch 242/10000

Epoch 242: val_loss did not improve from 0.03405
2/2 - 0s - loss: 0.0331 - mse: 0.0331 - mae: 0.1380 - val_loss: 0.0341 - val_mse: 0.0341 - val_mae: 0.1416 - 317ms/epoch - 158ms/step
Epoch 243/10000

Epoch 243: val_loss did not improve from 0.03405
2/2 - 0s - loss: 0.0331 - mse: 0.0331 - mae: 0.1383 - val_loss: 0.0341 - val_mse: 0.0341 - val_mae: 0.1425 - 321ms/epoch - 160ms/step
Epoch 244/10000

Epoch 244: val_loss did not improve from 0.03405
2/2 - 0s - loss: 0.0330 - mse: 0.0330 - mae: 0.1387 - val_loss: 0.0341 - val_mse: 0.0341 - val_mae: 0.1430 - 316ms/epoch - 158ms/step
Epoch 245/10000

Epoch 245: val_loss did not improve from 0.03405
2/2 - 0s - loss: 0.0330 - mse: 0.0330 - mae: 0.1393 - val_loss: 0.0341 - val_mse: 0.0341 - val_mae: 0.1433 - 317ms/epoch - 158ms/step
Epoch 246/10000

Epoch 246: val_loss did not improve from 0.03405
2/2 - 0s - loss: 0.0330 - mse: 0.0330 - mae: 0.1394 - val_loss: 0.0341 - val_mse: 0.0341 - val_mae: 0.1425 - 316ms/epoch - 158ms/step
Epoch 247/10000

Epoch 247: val_loss did not improve from 0.03405
2/2 - 0s - loss: 0.0330 - mse: 0.0330 - mae: 0.1385 - val_loss: 0.0341 - val_mse: 0.0341 - val_mae: 0.1417 - 314ms/epoch - 157ms/step
Epoch 248/10000

Epoch 248: val_loss did not improve from 0.03405
2/2 - 0s - loss: 0.0330 - mse: 0.0330 - mae: 0.1382 - val_loss: 0.0341 - val_mse: 0.0341 - val_mae: 0.1422 - 314ms/epoch - 157ms/step
Epoch 249/10000

Epoch 249: val_loss did not improve from 0.03405
2/2 - 0s - loss: 0.0330 - mse: 0.0330 - mae: 0.1385 - val_loss: 0.0341 - val_mse: 0.0341 - val_mae: 0.1427 - 316ms/epoch - 158ms/step
Epoch 250/10000

Epoch 250: val_loss did not improve from 0.03405
2/2 - 0s - loss: 0.0330 - mse: 0.0330 - mae: 0.1389 - val_loss: 0.0341 - val_mse: 0.0341 - val_mae: 0.1428 - 320ms/epoch - 160ms/step
Epoch 251/10000

Epoch 251: val_loss did not improve from 0.03405
2/2 - 0s - loss: 0.0330 - mse: 0.0330 - mae: 0.1390 - val_loss: 0.0341 - val_mse: 0.0341 - val_mae: 0.1427 - 319ms/epoch - 159ms/step
Epoch 252/10000

Epoch 252: val_loss did not improve from 0.03405
2/2 - 0s - loss: 0.0330 - mse: 0.0330 - mae: 0.1387 - val_loss: 0.0341 - val_mse: 0.0341 - val_mae: 0.1422 - 319ms/epoch - 159ms/step
Epoch 253/10000

Epoch 253: val_loss did not improve from 0.03405
2/2 - 0s - loss: 0.0330 - mse: 0.0330 - mae: 0.1386 - val_loss: 0.0341 - val_mse: 0.0341 - val_mae: 0.1422 - 320ms/epoch - 160ms/step
Epoch 254/10000

Epoch 254: val_loss did not improve from 0.03405
2/2 - 0s - loss: 0.0330 - mse: 0.0330 - mae: 0.1385 - val_loss: 0.0341 - val_mse: 0.0341 - val_mae: 0.1421 - 318ms/epoch - 159ms/step
Epoch 255/10000

Epoch 255: val_loss did not improve from 0.03405
2/2 - 0s - loss: 0.0330 - mse: 0.0330 - mae: 0.1383 - val_loss: 0.0341 - val_mse: 0.0341 - val_mae: 0.1422 - 321ms/epoch - 160ms/step
Epoch 256/10000

Epoch 256: val_loss did not improve from 0.03405
2/2 - 0s - loss: 0.0330 - mse: 0.0330 - mae: 0.1385 - val_loss: 0.0341 - val_mse: 0.0341 - val_mae: 0.1427 - 319ms/epoch - 160ms/step
Epoch 257/10000

Epoch 257: val_loss did not improve from 0.03405
2/2 - 0s - loss: 0.0330 - mse: 0.0330 - mae: 0.1389 - val_loss: 0.0341 - val_mse: 0.0341 - val_mae: 0.1427 - 326ms/epoch - 163ms/step
Epoch 258/10000

Epoch 258: val_loss did not improve from 0.03405
2/2 - 0s - loss: 0.0330 - mse: 0.0330 - mae: 0.1387 - val_loss: 0.0341 - val_mse: 0.0341 - val_mae: 0.1422 - 316ms/epoch - 158ms/step
Epoch 259/10000

Epoch 259: val_loss did not improve from 0.03405
2/2 - 0s - loss: 0.0330 - mse: 0.0330 - mae: 0.1383 - val_loss: 0.0341 - val_mse: 0.0341 - val_mae: 0.1420 - 317ms/epoch - 159ms/step
Epoch 260/10000

Epoch 260: val_loss did not improve from 0.03405
2/2 - 0s - loss: 0.0330 - mse: 0.0330 - mae: 0.1382 - val_loss: 0.0341 - val_mse: 0.0341 - val_mae: 0.1427 - 319ms/epoch - 159ms/step
Epoch 261/10000

Epoch 261: val_loss did not improve from 0.03405
2/2 - 0s - loss: 0.0329 - mse: 0.0329 - mae: 0.1387 - val_loss: 0.0341 - val_mse: 0.0341 - val_mae: 0.1433 - 319ms/epoch - 160ms/step
Epoch 262/10000

Epoch 262: val_loss did not improve from 0.03405
2/2 - 0s - loss: 0.0330 - mse: 0.0330 - mae: 0.1393 - val_loss: 0.0341 - val_mse: 0.0341 - val_mae: 0.1431 - 320ms/epoch - 160ms/step
Epoch 263/10000

Epoch 263: val_loss did not improve from 0.03405
2/2 - 0s - loss: 0.0330 - mse: 0.0330 - mae: 0.1389 - val_loss: 0.0341 - val_mse: 0.0341 - val_mae: 0.1423 - 321ms/epoch - 161ms/step
Epoch 264/10000

Epoch 264: val_loss did not improve from 0.03405
2/2 - 0s - loss: 0.0329 - mse: 0.0329 - mae: 0.1383 - val_loss: 0.0341 - val_mse: 0.0341 - val_mae: 0.1419 - 316ms/epoch - 158ms/step
Epoch 265/10000

Epoch 265: val_loss did not improve from 0.03405
2/2 - 0s - loss: 0.0330 - mse: 0.0330 - mae: 0.1382 - val_loss: 0.0341 - val_mse: 0.0341 - val_mae: 0.1423 - 320ms/epoch - 160ms/step
Epoch 266/10000

Epoch 266: val_loss did not improve from 0.03405
2/2 - 0s - loss: 0.0330 - mse: 0.0330 - mae: 0.1383 - val_loss: 0.0341 - val_mse: 0.0341 - val_mae: 0.1424 - 317ms/epoch - 158ms/step
Epoch 267/10000

Epoch 267: val_loss did not improve from 0.03405
2/2 - 0s - loss: 0.0329 - mse: 0.0329 - mae: 0.1387 - val_loss: 0.0341 - val_mse: 0.0341 - val_mae: 0.1433 - 319ms/epoch - 160ms/step
Epoch 268/10000

Epoch 268: val_loss did not improve from 0.03405
2/2 - 0s - loss: 0.0330 - mse: 0.0330 - mae: 0.1392 - val_loss: 0.0341 - val_mse: 0.0341 - val_mae: 0.1428 - 320ms/epoch - 160ms/step
Epoch 269/10000

Epoch 269: val_loss did not improve from 0.03405
2/2 - 0s - loss: 0.0329 - mse: 0.0329 - mae: 0.1387 - val_loss: 0.0341 - val_mse: 0.0341 - val_mae: 0.1422 - 319ms/epoch - 160ms/step
Epoch 270/10000

Epoch 270: val_loss did not improve from 0.03405
2/2 - 0s - loss: 0.0329 - mse: 0.0329 - mae: 0.1383 - val_loss: 0.0341 - val_mse: 0.0341 - val_mae: 0.1420 - 318ms/epoch - 159ms/step
Epoch 271/10000

Epoch 271: val_loss did not improve from 0.03405
2/2 - 0s - loss: 0.0329 - mse: 0.0329 - mae: 0.1381 - val_loss: 0.0341 - val_mse: 0.0341 - val_mae: 0.1420 - 316ms/epoch - 158ms/step
Epoch 272/10000

Epoch 272: val_loss did not improve from 0.03405
2/2 - 0s - loss: 0.0329 - mse: 0.0329 - mae: 0.1380 - val_loss: 0.0341 - val_mse: 0.0341 - val_mae: 0.1424 - 319ms/epoch - 159ms/step
Epoch 273/10000

Epoch 273: val_loss did not improve from 0.03405
2/2 - 0s - loss: 0.0329 - mse: 0.0329 - mae: 0.1388 - val_loss: 0.0341 - val_mse: 0.0341 - val_mae: 0.1432 - 319ms/epoch - 160ms/step
Epoch 274/10000

Epoch 274: val_loss did not improve from 0.03405
2/2 - 0s - loss: 0.0329 - mse: 0.0329 - mae: 0.1389 - val_loss: 0.0341 - val_mse: 0.0341 - val_mae: 0.1424 - 317ms/epoch - 159ms/step
Epoch 275/10000

Epoch 275: val_loss did not improve from 0.03405
2/2 - 0s - loss: 0.0329 - mse: 0.0329 - mae: 0.1384 - val_loss: 0.0341 - val_mse: 0.0341 - val_mae: 0.1420 - 318ms/epoch - 159ms/step
Epoch 276/10000

Epoch 276: val_loss did not improve from 0.03405
2/2 - 0s - loss: 0.0329 - mse: 0.0329 - mae: 0.1380 - val_loss: 0.0341 - val_mse: 0.0341 - val_mae: 0.1421 - 320ms/epoch - 160ms/step
Epoch 277/10000

Epoch 277: val_loss did not improve from 0.03405
2/2 - 0s - loss: 0.0329 - mse: 0.0329 - mae: 0.1382 - val_loss: 0.0341 - val_mse: 0.0341 - val_mae: 0.1430 - 318ms/epoch - 159ms/step
Epoch 278/10000

Epoch 278: val_loss did not improve from 0.03405
2/2 - 0s - loss: 0.0329 - mse: 0.0329 - mae: 0.1389 - val_loss: 0.0341 - val_mse: 0.0341 - val_mae: 0.1430 - 325ms/epoch - 162ms/step
Epoch 279/10000

Epoch 279: val_loss did not improve from 0.03405
2/2 - 0s - loss: 0.0329 - mse: 0.0329 - mae: 0.1388 - val_loss: 0.0341 - val_mse: 0.0341 - val_mae: 0.1423 - 316ms/epoch - 158ms/step
Epoch 280/10000

Epoch 280: val_loss did not improve from 0.03405
2/2 - 0s - loss: 0.0329 - mse: 0.0329 - mae: 0.1382 - val_loss: 0.0341 - val_mse: 0.0341 - val_mae: 0.1421 - 317ms/epoch - 159ms/step
Epoch 281/10000

Epoch 281: val_loss did not improve from 0.03405
2/2 - 0s - loss: 0.0329 - mse: 0.0329 - mae: 0.1381 - val_loss: 0.0341 - val_mse: 0.0341 - val_mae: 0.1425 - 317ms/epoch - 159ms/step
Epoch 282/10000

Epoch 282: val_loss did not improve from 0.03405
2/2 - 0s - loss: 0.0329 - mse: 0.0329 - mae: 0.1385 - val_loss: 0.0341 - val_mse: 0.0341 - val_mae: 0.1429 - 319ms/epoch - 160ms/step
Epoch 283/10000

Epoch 283: val_loss did not improve from 0.03405
2/2 - 0s - loss: 0.0329 - mse: 0.0329 - mae: 0.1387 - val_loss: 0.0341 - val_mse: 0.0341 - val_mae: 0.1426 - 319ms/epoch - 160ms/step
Epoch 284/10000

Epoch 284: val_loss did not improve from 0.03405
2/2 - 0s - loss: 0.0329 - mse: 0.0329 - mae: 0.1384 - val_loss: 0.0341 - val_mse: 0.0341 - val_mae: 0.1423 - 323ms/epoch - 162ms/step
Epoch 285/10000

Epoch 285: val_loss did not improve from 0.03405
2/2 - 0s - loss: 0.0329 - mse: 0.0329 - mae: 0.1382 - val_loss: 0.0341 - val_mse: 0.0341 - val_mae: 0.1426 - 315ms/epoch - 158ms/step
Epoch 286/10000

Epoch 286: val_loss did not improve from 0.03405
2/2 - 0s - loss: 0.0329 - mse: 0.0329 - mae: 0.1385 - val_loss: 0.0341 - val_mse: 0.0341 - val_mae: 0.1429 - 318ms/epoch - 159ms/step
Epoch 287/10000

Epoch 287: val_loss did not improve from 0.03405
2/2 - 0s - loss: 0.0329 - mse: 0.0329 - mae: 0.1389 - val_loss: 0.0341 - val_mse: 0.0341 - val_mae: 0.1426 - 319ms/epoch - 159ms/step
Epoch 288/10000

Epoch 288: val_loss did not improve from 0.03405
2/2 - 0s - loss: 0.0329 - mse: 0.0329 - mae: 0.1383 - val_loss: 0.0341 - val_mse: 0.0341 - val_mae: 0.1417 - 319ms/epoch - 159ms/step
Epoch 289/10000

Epoch 289: val_loss did not improve from 0.03405
2/2 - 0s - loss: 0.0329 - mse: 0.0329 - mae: 0.1377 - val_loss: 0.0341 - val_mse: 0.0341 - val_mae: 0.1423 - 317ms/epoch - 158ms/step
Epoch 290/10000

Epoch 290: val_loss did not improve from 0.03405
2/2 - 0s - loss: 0.0329 - mse: 0.0329 - mae: 0.1386 - val_loss: 0.0341 - val_mse: 0.0341 - val_mae: 0.1432 - 322ms/epoch - 161ms/step
Epoch 291/10000

Epoch 291: val_loss did not improve from 0.03405
2/2 - 0s - loss: 0.0329 - mse: 0.0329 - mae: 0.1389 - val_loss: 0.0341 - val_mse: 0.0341 - val_mae: 0.1422 - 319ms/epoch - 159ms/step
Epoch 292/10000

Epoch 292: val_loss did not improve from 0.03405
2/2 - 0s - loss: 0.0329 - mse: 0.0329 - mae: 0.1378 - val_loss: 0.0341 - val_mse: 0.0341 - val_mae: 0.1414 - 318ms/epoch - 159ms/step
Epoch 293/10000

Epoch 293: val_loss did not improve from 0.03405
2/2 - 0s - loss: 0.0329 - mse: 0.0329 - mae: 0.1376 - val_loss: 0.0341 - val_mse: 0.0341 - val_mae: 0.1422 - 318ms/epoch - 159ms/step
Epoch 294/10000

Epoch 294: val_loss did not improve from 0.03405
2/2 - 0s - loss: 0.0328 - mse: 0.0328 - mae: 0.1382 - val_loss: 0.0341 - val_mse: 0.0341 - val_mae: 0.1428 - 319ms/epoch - 159ms/step
Epoch 295/10000

Epoch 295: val_loss did not improve from 0.03405
2/2 - 0s - loss: 0.0328 - mse: 0.0328 - mae: 0.1388 - val_loss: 0.0341 - val_mse: 0.0341 - val_mae: 0.1427 - 320ms/epoch - 160ms/step
Epoch 296/10000

Epoch 296: val_loss did not improve from 0.03405
2/2 - 0s - loss: 0.0329 - mse: 0.0329 - mae: 0.1383 - val_loss: 0.0341 - val_mse: 0.0341 - val_mae: 0.1419 - 316ms/epoch - 158ms/step
Epoch 297/10000

Epoch 297: val_loss did not improve from 0.03405
2/2 - 0s - loss: 0.0328 - mse: 0.0328 - mae: 0.1381 - val_loss: 0.0341 - val_mse: 0.0341 - val_mae: 0.1425 - 319ms/epoch - 159ms/step
Epoch 298/10000

Epoch 298: val_loss did not improve from 0.03405
2/2 - 0s - loss: 0.0328 - mse: 0.0328 - mae: 0.1383 - val_loss: 0.0341 - val_mse: 0.0341 - val_mae: 0.1425 - 319ms/epoch - 159ms/step
Epoch 299/10000

Epoch 299: val_loss did not improve from 0.03405
2/2 - 0s - loss: 0.0328 - mse: 0.0328 - mae: 0.1382 - val_loss: 0.0341 - val_mse: 0.0341 - val_mae: 0.1423 - 320ms/epoch - 160ms/step
Epoch 300/10000

Epoch 300: val_loss did not improve from 0.03405
2/2 - 0s - loss: 0.0328 - mse: 0.0328 - mae: 0.1384 - val_loss: 0.0341 - val_mse: 0.0341 - val_mae: 0.1423 - 318ms/epoch - 159ms/step
Epoch 301/10000

Epoch 301: val_loss did not improve from 0.03405
2/2 - 0s - loss: 0.0328 - mse: 0.0328 - mae: 0.1380 - val_loss: 0.0341 - val_mse: 0.0341 - val_mae: 0.1419 - 320ms/epoch - 160ms/step
Epoch 302/10000

Epoch 302: val_loss did not improve from 0.03405
2/2 - 0s - loss: 0.0328 - mse: 0.0328 - mae: 0.1378 - val_loss: 0.0341 - val_mse: 0.0341 - val_mae: 0.1423 - 318ms/epoch - 159ms/step
Epoch 303/10000

Epoch 303: val_loss did not improve from 0.03405
2/2 - 0s - loss: 0.0328 - mse: 0.0328 - mae: 0.1384 - val_loss: 0.0341 - val_mse: 0.0341 - val_mae: 0.1428 - 319ms/epoch - 159ms/step
Epoch 304/10000

Epoch 304: val_loss did not improve from 0.03405
2/2 - 0s - loss: 0.0328 - mse: 0.0328 - mae: 0.1385 - val_loss: 0.0341 - val_mse: 0.0341 - val_mae: 0.1421 - 316ms/epoch - 158ms/step
Epoch 305/10000

Epoch 305: val_loss did not improve from 0.03405
2/2 - 0s - loss: 0.0328 - mse: 0.0328 - mae: 0.1378 - val_loss: 0.0341 - val_mse: 0.0341 - val_mae: 0.1416 - 318ms/epoch - 159ms/step
Epoch 306/10000

Epoch 306: val_loss did not improve from 0.03405
2/2 - 0s - loss: 0.0328 - mse: 0.0328 - mae: 0.1376 - val_loss: 0.0341 - val_mse: 0.0341 - val_mae: 0.1422 - 318ms/epoch - 159ms/step
Epoch 307/10000

Epoch 307: val_loss did not improve from 0.03405
2/2 - 0s - loss: 0.0328 - mse: 0.0328 - mae: 0.1382 - val_loss: 0.0341 - val_mse: 0.0341 - val_mae: 0.1429 - 319ms/epoch - 159ms/step
Epoch 308/10000

Epoch 308: val_loss did not improve from 0.03405
2/2 - 0s - loss: 0.0328 - mse: 0.0328 - mae: 0.1386 - val_loss: 0.0341 - val_mse: 0.0341 - val_mae: 0.1424 - 321ms/epoch - 160ms/step
Epoch 309/10000

Epoch 309: val_loss did not improve from 0.03405
2/2 - 0s - loss: 0.0328 - mse: 0.0328 - mae: 0.1381 - val_loss: 0.0341 - val_mse: 0.0341 - val_mae: 0.1418 - 320ms/epoch - 160ms/step
Epoch 310/10000

Epoch 310: val_loss did not improve from 0.03405
2/2 - 0s - loss: 0.0328 - mse: 0.0328 - mae: 0.1375 - val_loss: 0.0341 - val_mse: 0.0341 - val_mae: 0.1420 - 319ms/epoch - 159ms/step
Epoch 311/10000

Epoch 311: val_loss did not improve from 0.03405
2/2 - 0s - loss: 0.0328 - mse: 0.0328 - mae: 0.1383 - val_loss: 0.0341 - val_mse: 0.0341 - val_mae: 0.1434 - 317ms/epoch - 159ms/step
Epoch 312/10000

Epoch 312: val_loss did not improve from 0.03405
2/2 - 0s - loss: 0.0328 - mse: 0.0328 - mae: 0.1389 - val_loss: 0.0341 - val_mse: 0.0341 - val_mae: 0.1424 - 318ms/epoch - 159ms/step
Epoch 313/10000

Epoch 313: val_loss did not improve from 0.03405
2/2 - 0s - loss: 0.0328 - mse: 0.0328 - mae: 0.1379 - val_loss: 0.0341 - val_mse: 0.0341 - val_mae: 0.1415 - 318ms/epoch - 159ms/step
Epoch 313: early stopping
