[ 13.14519438  30.04553007  46.53366244  63.02179482  79.5099272
  95.99805957 112.48619195 128.97432432 145.4624567  161.95058908
 178.43872145 194.92685383 211.41498621 227.90311858 244.39125096
 260.87938334 277.36751571 293.85564809 310.34378047 326.83191284
 343.32004522 359.80817759 376.29630997 392.78444235 409.27257472
 425.7607071 ]
Before undersampling: [(0, 375), (1, 834), (2, 3661), (3, 4955), (4, 3156), (5, 2425), (6, 2195), (7, 1862), (8, 1648), (9, 1497), (10, 1418), (11, 1313), (12, 1182), (13, 1082), (14, 902), (15, 843), (16, 708), (17, 675), (18, 486), (19, 429), (20, 347), (21, 282), (22, 251), (23, 195), (24, 209)]
After undersampling: [(0, 112), (1, 420), (2, 2721), (3, 3376), (4, 2204), (5, 1655), (6, 1626), (7, 1323), (8, 1202), (9, 1021), (10, 995), (11, 885), (12, 829), (13, 769), (14, 643), (15, 551), (16, 498), (17, 463), (18, 323), (19, 294), (20, 209), (21, 178), (22, 174), (23, 195), (24, 168)]
            label  HH_0_0_x  HV_0_0_x  IA_0_0_x       FYI      DFYI       MYI     rms_0     thk_1     rms_1     thk_2     rms_2     thk_3     rms_3  ...    3         4    5         6         7         8         9        10   11        12   13        14        15                                                CNN
0       21.570753  0.360784  0.145098  0.088330  0.000749  0.004570  0.994681  5.133691  1.313678  5.089426  1.328154  5.120985  1.324550  5.099669  ...  0.0  0.889064  0.0  0.636150  0.361347  0.762761  0.323316  0.806609  0.0  0.660061  0.0  0.718669  0.351938  [[[[0.4117647058823529], [0.0883720771939146],...
1       23.686239  0.207843  0.078431  0.111921  0.829728  0.120537  0.049734  4.523755  1.175702  4.510325  1.138530  4.505582  1.171840  4.433415  ...  0.0  0.983390  0.0  0.599557  0.571770  0.807101  0.303391  0.894459  0.0  0.721487  0.0  0.693647  0.514643  [[[[0.1764705882352941], [0.1118825650682636],...
2       19.895921  0.203922  0.043137  0.077817  0.652628  0.009887  0.337485  5.001954  1.192152  4.877652  1.158471  4.875031  1.175514  4.851342  ...  0.0  1.120948  0.0  0.743090  0.587870  0.948885  0.352816  1.066303  0.0  0.814884  0.0  0.844757  0.518665  [[[[0.2352941176470588], [0.0777753418567133],...
3       20.784693  0.254902  0.050980  0.102802  0.799571  0.159922  0.040507  4.546479  1.170220  4.510676  1.132931  4.471668  1.148192  4.445548  ...  0.0  1.051414  0.0  0.656819  0.601200  0.864399  0.322219  0.968792  0.0  0.759688  0.0  0.748599  0.519816  [[[[0.2470588235294117], [0.1027618707395067],...
4       26.485510  0.282353  0.098039  0.153823  0.407337  0.202542  0.390121  4.753594  1.267899  4.849342  1.241094  4.847212  1.261672  4.799467  ...  0.0  0.825055  0.0  0.478239  0.467941  0.666468  0.217466  0.749608  0.0  0.607003  0.0  0.563870  0.430760  [[[[0.2784313725490196], [0.1538551480162377],...
...           ...       ...       ...       ...       ...       ...       ...       ...       ...       ...       ...       ...       ...       ...  ...  ...       ...  ...       ...       ...       ...       ...       ...  ...       ...  ...       ...       ...                                                ...
22829  410.150134  0.278431  0.105882  0.080638  0.271956  0.003331  0.724713  4.974597  1.193015  4.883787  1.184847  4.923381  1.187656  4.904520  ...  0.0  1.156851  0.0  0.728820  0.670855  0.950185  0.326065  1.093004  0.0  0.834129  0.0  0.829957  0.573284  [[[[0.3019607843137254], [0.0806800917083141],...
22830  424.042418  0.282353  0.066667  0.149433  0.555378  0.061723  0.382898  4.731061  1.220450  4.833013  1.211024  4.808225  1.225502  4.756752  ...  0.0  0.945098  0.0  0.528045  0.526673  0.715281  0.199913  0.853262  0.0  0.678457  0.0  0.622234  0.460721  [[[[0.2], [0.1494652841605392], [0.06666666666...
22831  409.478997  0.254902  0.109804  0.152152  0.151170  0.144892  0.703938  4.573126  1.227058  4.598210  1.233458  4.632991  1.266591  4.594760  ...  0.0  0.823388  0.0  0.462971  0.478230  0.644500  0.249410  0.696049  0.0  0.610202  0.0  0.546544  0.445169  [[[[0.4549019607843137], [0.1521837122300092],...
22832  417.027580  0.505882  0.090196  0.152162  0.185910  0.031902  0.782188  4.486675  1.202497  4.531466  1.252972  4.593008  1.239219  4.510143  ...  0.0  0.839703  0.0  0.468273  0.499118  0.650608  0.278814  0.681403  0.0  0.621146  0.0  0.548368  0.455899  [[[[0.4196078431372549], [0.15219440834195], [...
22833  417.866263  0.392157  0.125490  0.152184  0.189279  0.051355  0.759366  4.590506  1.242536  4.658542  1.255140  4.682031  1.275536  4.639037  ...  0.0  0.753041  0.0  0.432618  0.424933  0.606180  0.279904  0.615722  0.0  0.551801  0.0  0.504145  0.391604  [[[[0.3490196078431372], [0.1522158155254289],...

[22834 rows x 128 columns]
Size of dataset: (22834, 127)
*************************** Fold #: 1 ***************************
Model: "model"
__________________________________________________________________________________________________
 Layer (type)                   Output Shape         Param #     Connected to                     
==================================================================================================
 conv (InputLayer)              [(None, 7, 7, 3, 1)  0           []                               
                                ]                                                                 
                                                                                                  
 zero_padding3d (ZeroPadding3D)  (None, 8, 8, 4, 1)  0           ['conv[0][0]']                   
                                                                                                  
 conv3d (Conv3D)                (None, 8, 8, 4, 8)   224         ['zero_padding3d[0][0]']         
                                                                                                  
 max_pooling3d (MaxPooling3D)   (None, 4, 4, 2, 8)   0           ['conv3d[0][0]']                 
                                                                                                  
 conv3d_1 (Conv3D)              (None, 4, 4, 2, 4)   868         ['max_pooling3d[0][0]']          
                                                                                                  
 max_pooling3d_1 (MaxPooling3D)  (None, 2, 2, 1, 4)  0           ['conv3d_1[0][0]']               
                                                                                                  
 cat (InputLayer)               [(None, 126)]        0           []                               
                                                                                                  
 flatten (Flatten)              (None, 16)           0           ['max_pooling3d_1[0][0]']        
                                                                                                  
 concatenate (Concatenate)      (None, 142)          0           ['cat[0][0]',                    
                                                                  'flatten[0][0]']                
                                                                                                  
 dense (Dense)                  (None, 200)          28600       ['concatenate[0][0]']            
                                                                                                  
 dense_1 (Dense)                (None, 200)          40200       ['dense[0][0]']                  
                                                                                                  
 dense_2 (Dense)                (None, 200)          40200       ['dense_1[0][0]']                
                                                                                                  
 dense_3 (Dense)                (None, 200)          40200       ['dense_2[0][0]']                
                                                                                                  
 dense_4 (Dense)                (None, 200)          40200       ['dense_3[0][0]']                
                                                                                                  
 dense_5 (Dense)                (None, 1)            201         ['dense_4[0][0]']                
                                                                                                  
==================================================================================================
Total params: 190,693
Trainable params: 190,693
Non-trainable params: 0
__________________________________________________________________________________________________
Epoch 1/10000

Epoch 1: val_loss improved from inf to 1.16429, saving model to ./results/NN_rms_regr/ResNet/recursion_45/ckpt_1
12/12 - 3s - loss: 11.0119 - mse: 11.0119 - mae: 2.9455 - val_loss: 1.1643 - val_mse: 1.1643 - val_mae: 0.7321 - 3s/epoch - 278ms/step
Epoch 2/10000

Epoch 2: val_loss improved from 1.16429 to 0.96006, saving model to ./results/NN_rms_regr/ResNet/recursion_45/ckpt_1
12/12 - 3s - loss: 1.8040 - mse: 1.8040 - mae: 1.0566 - val_loss: 0.9601 - val_mse: 0.9601 - val_mae: 0.6477 - 3s/epoch - 231ms/step
Epoch 3/10000

Epoch 3: val_loss improved from 0.96006 to 0.77102, saving model to ./results/NN_rms_regr/ResNet/recursion_45/ckpt_1
12/12 - 3s - loss: 0.9831 - mse: 0.9831 - mae: 0.6472 - val_loss: 0.7710 - val_mse: 0.7710 - val_mae: 0.5504 - 3s/epoch - 231ms/step
Epoch 4/10000

Epoch 4: val_loss improved from 0.77102 to 0.64833, saving model to ./results/NN_rms_regr/ResNet/recursion_45/ckpt_1
12/12 - 3s - loss: 0.7767 - mse: 0.7767 - mae: 0.5616 - val_loss: 0.6483 - val_mse: 0.6483 - val_mae: 0.5304 - 3s/epoch - 231ms/step
Epoch 5/10000

Epoch 5: val_loss improved from 0.64833 to 0.40989, saving model to ./results/NN_rms_regr/ResNet/recursion_45/ckpt_1
12/12 - 3s - loss: 0.5726 - mse: 0.5726 - mae: 0.5181 - val_loss: 0.4099 - val_mse: 0.4099 - val_mae: 0.4816 - 3s/epoch - 232ms/step
Epoch 6/10000

Epoch 6: val_loss improved from 0.40989 to 0.29155, saving model to ./results/NN_rms_regr/ResNet/recursion_45/ckpt_1
12/12 - 3s - loss: 0.3369 - mse: 0.3369 - mae: 0.4572 - val_loss: 0.2915 - val_mse: 0.2915 - val_mae: 0.4381 - 3s/epoch - 231ms/step
Epoch 7/10000

Epoch 7: val_loss did not improve from 0.29155
12/12 - 2s - loss: 0.2959 - mse: 0.2959 - mae: 0.4402 - val_loss: 0.2916 - val_mse: 0.2916 - val_mae: 0.4424 - 2s/epoch - 169ms/step
Epoch 8/10000

Epoch 8: val_loss improved from 0.29155 to 0.27846, saving model to ./results/NN_rms_regr/ResNet/recursion_45/ckpt_1
12/12 - 3s - loss: 0.2853 - mse: 0.2853 - mae: 0.4351 - val_loss: 0.2785 - val_mse: 0.2785 - val_mae: 0.4303 - 3s/epoch - 243ms/step
Epoch 9/10000

Epoch 9: val_loss improved from 0.27846 to 0.27631, saving model to ./results/NN_rms_regr/ResNet/recursion_45/ckpt_1
12/12 - 3s - loss: 0.2827 - mse: 0.2827 - mae: 0.4332 - val_loss: 0.2763 - val_mse: 0.2763 - val_mae: 0.4287 - 3s/epoch - 244ms/step
Epoch 10/10000

Epoch 10: val_loss improved from 0.27631 to 0.27522, saving model to ./results/NN_rms_regr/ResNet/recursion_45/ckpt_1
12/12 - 3s - loss: 0.2781 - mse: 0.2781 - mae: 0.4295 - val_loss: 0.2752 - val_mse: 0.2752 - val_mae: 0.4282 - 3s/epoch - 238ms/step
Epoch 11/10000

Epoch 11: val_loss did not improve from 0.27522
12/12 - 2s - loss: 0.2762 - mse: 0.2762 - mae: 0.4280 - val_loss: 0.2796 - val_mse: 0.2796 - val_mae: 0.4325 - 2s/epoch - 170ms/step
Epoch 12/10000

Epoch 12: val_loss did not improve from 0.27522
12/12 - 2s - loss: 0.2789 - mse: 0.2789 - mae: 0.4300 - val_loss: 0.2853 - val_mse: 0.2853 - val_mae: 0.4326 - 2s/epoch - 169ms/step
Epoch 13/10000

Epoch 13: val_loss did not improve from 0.27522
12/12 - 2s - loss: 0.2799 - mse: 0.2799 - mae: 0.4302 - val_loss: 0.2752 - val_mse: 0.2752 - val_mae: 0.4284 - 2s/epoch - 170ms/step
Epoch 14/10000

Epoch 14: val_loss did not improve from 0.27522
12/12 - 2s - loss: 0.2755 - mse: 0.2755 - mae: 0.4271 - val_loss: 0.2790 - val_mse: 0.2790 - val_mae: 0.4318 - 2s/epoch - 169ms/step
Epoch 15/10000

Epoch 15: val_loss improved from 0.27522 to 0.27314, saving model to ./results/NN_rms_regr/ResNet/recursion_45/ckpt_1
12/12 - 3s - loss: 0.2770 - mse: 0.2770 - mae: 0.4285 - val_loss: 0.2731 - val_mse: 0.2731 - val_mae: 0.4252 - 3s/epoch - 243ms/step
Epoch 16/10000

Epoch 16: val_loss did not improve from 0.27314
12/12 - 2s - loss: 0.2766 - mse: 0.2766 - mae: 0.4278 - val_loss: 0.2860 - val_mse: 0.2860 - val_mae: 0.4322 - 2s/epoch - 169ms/step
Epoch 17/10000

Epoch 17: val_loss improved from 0.27314 to 0.27197, saving model to ./results/NN_rms_regr/ResNet/recursion_45/ckpt_1
12/12 - 3s - loss: 0.2781 - mse: 0.2781 - mae: 0.4280 - val_loss: 0.2720 - val_mse: 0.2720 - val_mae: 0.4244 - 3s/epoch - 244ms/step
Epoch 18/10000

Epoch 18: val_loss did not improve from 0.27197
12/12 - 2s - loss: 0.2735 - mse: 0.2735 - mae: 0.4249 - val_loss: 0.2722 - val_mse: 0.2722 - val_mae: 0.4252 - 2s/epoch - 171ms/step
Epoch 19/10000

Epoch 19: val_loss did not improve from 0.27197
12/12 - 2s - loss: 0.2739 - mse: 0.2739 - mae: 0.4253 - val_loss: 0.2724 - val_mse: 0.2724 - val_mae: 0.4241 - 2s/epoch - 170ms/step
Epoch 20/10000

Epoch 20: val_loss did not improve from 0.27197
12/12 - 2s - loss: 0.2735 - mse: 0.2735 - mae: 0.4251 - val_loss: 0.2723 - val_mse: 0.2723 - val_mae: 0.4251 - 2s/epoch - 169ms/step
Epoch 21/10000

Epoch 21: val_loss did not improve from 0.27197
12/12 - 2s - loss: 0.2748 - mse: 0.2748 - mae: 0.4257 - val_loss: 0.2795 - val_mse: 0.2795 - val_mae: 0.4315 - 2s/epoch - 169ms/step
Epoch 22/10000

Epoch 22: val_loss did not improve from 0.27197
12/12 - 2s - loss: 0.2740 - mse: 0.2740 - mae: 0.4249 - val_loss: 0.2777 - val_mse: 0.2777 - val_mae: 0.4265 - 2s/epoch - 169ms/step
Epoch 23/10000

Epoch 23: val_loss improved from 0.27197 to 0.27097, saving model to ./results/NN_rms_regr/ResNet/recursion_45/ckpt_1
12/12 - 3s - loss: 0.2749 - mse: 0.2749 - mae: 0.4258 - val_loss: 0.2710 - val_mse: 0.2710 - val_mae: 0.4231 - 3s/epoch - 245ms/step
Epoch 24/10000

Epoch 24: val_loss did not improve from 0.27097
12/12 - 2s - loss: 0.2733 - mse: 0.2733 - mae: 0.4238 - val_loss: 0.2738 - val_mse: 0.2738 - val_mae: 0.4264 - 2s/epoch - 170ms/step
Epoch 25/10000

Epoch 25: val_loss did not improve from 0.27097
12/12 - 2s - loss: 0.2725 - mse: 0.2725 - mae: 0.4239 - val_loss: 0.2766 - val_mse: 0.2766 - val_mae: 0.4257 - 2s/epoch - 170ms/step
Epoch 26/10000

Epoch 26: val_loss improved from 0.27097 to 0.27041, saving model to ./results/NN_rms_regr/ResNet/recursion_45/ckpt_1
12/12 - 3s - loss: 0.2747 - mse: 0.2747 - mae: 0.4254 - val_loss: 0.2704 - val_mse: 0.2704 - val_mae: 0.4227 - 3s/epoch - 239ms/step
Epoch 27/10000

Epoch 27: val_loss did not improve from 0.27041
12/12 - 2s - loss: 0.2720 - mse: 0.2720 - mae: 0.4232 - val_loss: 0.2711 - val_mse: 0.2711 - val_mae: 0.4237 - 2s/epoch - 169ms/step
Epoch 28/10000

Epoch 28: val_loss improved from 0.27041 to 0.27028, saving model to ./results/NN_rms_regr/ResNet/recursion_45/ckpt_1
12/12 - 3s - loss: 0.2720 - mse: 0.2720 - mae: 0.4233 - val_loss: 0.2703 - val_mse: 0.2703 - val_mae: 0.4226 - 3s/epoch - 244ms/step
Epoch 29/10000

Epoch 29: val_loss did not improve from 0.27028
12/12 - 2s - loss: 0.2727 - mse: 0.2727 - mae: 0.4236 - val_loss: 0.2761 - val_mse: 0.2761 - val_mae: 0.4251 - 2s/epoch - 171ms/step
Epoch 30/10000

Epoch 30: val_loss improved from 0.27028 to 0.27011, saving model to ./results/NN_rms_regr/ResNet/recursion_45/ckpt_1
12/12 - 3s - loss: 0.2747 - mse: 0.2747 - mae: 0.4251 - val_loss: 0.2701 - val_mse: 0.2701 - val_mae: 0.4222 - 3s/epoch - 245ms/step
Epoch 31/10000

Epoch 31: val_loss did not improve from 0.27011
12/12 - 2s - loss: 0.2718 - mse: 0.2718 - mae: 0.4226 - val_loss: 0.2712 - val_mse: 0.2712 - val_mae: 0.4237 - 2s/epoch - 171ms/step
Epoch 32/10000

Epoch 32: val_loss did not improve from 0.27011
12/12 - 2s - loss: 0.2721 - mse: 0.2721 - mae: 0.4233 - val_loss: 0.2734 - val_mse: 0.2734 - val_mae: 0.4258 - 2s/epoch - 170ms/step
Epoch 33/10000

Epoch 33: val_loss improved from 0.27011 to 0.26986, saving model to ./results/NN_rms_regr/ResNet/recursion_45/ckpt_1
12/12 - 3s - loss: 0.2733 - mse: 0.2733 - mae: 0.4240 - val_loss: 0.2699 - val_mse: 0.2699 - val_mae: 0.4222 - 3s/epoch - 238ms/step
Epoch 34/10000

Epoch 34: val_loss did not improve from 0.26986
12/12 - 2s - loss: 0.2723 - mse: 0.2723 - mae: 0.4236 - val_loss: 0.2699 - val_mse: 0.2699 - val_mae: 0.4223 - 2s/epoch - 169ms/step
Epoch 35/10000

Epoch 35: val_loss did not improve from 0.26986
12/12 - 2s - loss: 0.2716 - mse: 0.2716 - mae: 0.4225 - val_loss: 0.2720 - val_mse: 0.2720 - val_mae: 0.4247 - 2s/epoch - 170ms/step
Epoch 36/10000

Epoch 36: val_loss did not improve from 0.26986
12/12 - 2s - loss: 0.2735 - mse: 0.2735 - mae: 0.4242 - val_loss: 0.2776 - val_mse: 0.2776 - val_mae: 0.4293 - 2s/epoch - 169ms/step
Epoch 37/10000

Epoch 37: val_loss did not improve from 0.26986
12/12 - 2s - loss: 0.2740 - mse: 0.2740 - mae: 0.4238 - val_loss: 0.2825 - val_mse: 0.2825 - val_mae: 0.4333 - 2s/epoch - 171ms/step
Epoch 38/10000

Epoch 38: val_loss did not improve from 0.26986
12/12 - 2s - loss: 0.2806 - mse: 0.2806 - mae: 0.4284 - val_loss: 0.3184 - val_mse: 0.3184 - val_mae: 0.4605 - 2s/epoch - 170ms/step
Epoch 39/10000

Epoch 39: val_loss did not improve from 0.26986
12/12 - 2s - loss: 0.2937 - mse: 0.2937 - mae: 0.4386 - val_loss: 0.2757 - val_mse: 0.2757 - val_mae: 0.4278 - 2s/epoch - 169ms/step
Epoch 40/10000

Epoch 40: val_loss did not improve from 0.26986
12/12 - 2s - loss: 0.2724 - mse: 0.2724 - mae: 0.4235 - val_loss: 0.2699 - val_mse: 0.2699 - val_mae: 0.4216 - 2s/epoch - 169ms/step
Epoch 41/10000

Epoch 41: val_loss did not improve from 0.26986
12/12 - 2s - loss: 0.2717 - mse: 0.2717 - mae: 0.4222 - val_loss: 0.2754 - val_mse: 0.2754 - val_mae: 0.4244 - 2s/epoch - 171ms/step
Epoch 42/10000

Epoch 42: val_loss improved from 0.26986 to 0.26955, saving model to ./results/NN_rms_regr/ResNet/recursion_45/ckpt_1
12/12 - 3s - loss: 0.2735 - mse: 0.2735 - mae: 0.4241 - val_loss: 0.2696 - val_mse: 0.2696 - val_mae: 0.4215 - 3s/epoch - 243ms/step
Epoch 43/10000

Epoch 43: val_loss did not improve from 0.26955
12/12 - 2s - loss: 0.2729 - mse: 0.2729 - mae: 0.4236 - val_loss: 0.2719 - val_mse: 0.2719 - val_mae: 0.4224 - 2s/epoch - 169ms/step
Epoch 44/10000

Epoch 44: val_loss did not improve from 0.26955
12/12 - 2s - loss: 0.2750 - mse: 0.2750 - mae: 0.4252 - val_loss: 0.2698 - val_mse: 0.2698 - val_mae: 0.4222 - 2s/epoch - 170ms/step
Epoch 45/10000

Epoch 45: val_loss did not improve from 0.26955
12/12 - 2s - loss: 0.2722 - mse: 0.2722 - mae: 0.4231 - val_loss: 0.2709 - val_mse: 0.2709 - val_mae: 0.4219 - 2s/epoch - 169ms/step
Epoch 46/10000

Epoch 46: val_loss improved from 0.26955 to 0.26923, saving model to ./results/NN_rms_regr/ResNet/recursion_45/ckpt_1
12/12 - 3s - loss: 0.2712 - mse: 0.2712 - mae: 0.4220 - val_loss: 0.2692 - val_mse: 0.2692 - val_mae: 0.4213 - 3s/epoch - 244ms/step
Epoch 47/10000

Epoch 47: val_loss did not improve from 0.26923
12/12 - 2s - loss: 0.2725 - mse: 0.2725 - mae: 0.4231 - val_loss: 0.2739 - val_mse: 0.2739 - val_mae: 0.4262 - 2s/epoch - 171ms/step
Epoch 48/10000

Epoch 48: val_loss did not improve from 0.26923
12/12 - 2s - loss: 0.2792 - mse: 0.2792 - mae: 0.4289 - val_loss: 0.2740 - val_mse: 0.2740 - val_mae: 0.4263 - 2s/epoch - 169ms/step
Epoch 49/10000

Epoch 49: val_loss did not improve from 0.26923
12/12 - 2s - loss: 0.2723 - mse: 0.2723 - mae: 0.4230 - val_loss: 0.2694 - val_mse: 0.2694 - val_mae: 0.4217 - 2s/epoch - 170ms/step
Epoch 50/10000

Epoch 50: val_loss improved from 0.26923 to 0.26902, saving model to ./results/NN_rms_regr/ResNet/recursion_45/ckpt_1
12/12 - 3s - loss: 0.2711 - mse: 0.2711 - mae: 0.4221 - val_loss: 0.2690 - val_mse: 0.2690 - val_mae: 0.4213 - 3s/epoch - 238ms/step
Epoch 51/10000

Epoch 51: val_loss did not improve from 0.26902
12/12 - 2s - loss: 0.2712 - mse: 0.2712 - mae: 0.4223 - val_loss: 0.2722 - val_mse: 0.2722 - val_mae: 0.4246 - 2s/epoch - 170ms/step
Epoch 52/10000

Epoch 52: val_loss did not improve from 0.26902
12/12 - 2s - loss: 0.2778 - mse: 0.2778 - mae: 0.4260 - val_loss: 0.2762 - val_mse: 0.2762 - val_mae: 0.4280 - 2s/epoch - 169ms/step
Epoch 53/10000

Epoch 53: val_loss did not improve from 0.26902
12/12 - 2s - loss: 0.2735 - mse: 0.2735 - mae: 0.4235 - val_loss: 0.2698 - val_mse: 0.2698 - val_mae: 0.4223 - 2s/epoch - 171ms/step
Epoch 54/10000

Epoch 54: val_loss did not improve from 0.26902
12/12 - 2s - loss: 0.2713 - mse: 0.2713 - mae: 0.4225 - val_loss: 0.2717 - val_mse: 0.2717 - val_mae: 0.4241 - 2s/epoch - 171ms/step
Epoch 55/10000

Epoch 55: val_loss did not improve from 0.26902
12/12 - 2s - loss: 0.2715 - mse: 0.2715 - mae: 0.4225 - val_loss: 0.2861 - val_mse: 0.2861 - val_mae: 0.4306 - 2s/epoch - 170ms/step
Epoch 56/10000

Epoch 56: val_loss did not improve from 0.26902
12/12 - 2s - loss: 0.2811 - mse: 0.2811 - mae: 0.4286 - val_loss: 0.2769 - val_mse: 0.2769 - val_mae: 0.4249 - 2s/epoch - 171ms/step
Epoch 57/10000

Epoch 57: val_loss did not improve from 0.26902
12/12 - 2s - loss: 0.2742 - mse: 0.2742 - mae: 0.4242 - val_loss: 0.2904 - val_mse: 0.2904 - val_mae: 0.4393 - 2s/epoch - 170ms/step
Epoch 58/10000

Epoch 58: val_loss did not improve from 0.26902
12/12 - 2s - loss: 0.2797 - mse: 0.2797 - mae: 0.4281 - val_loss: 0.2831 - val_mse: 0.2831 - val_mae: 0.4336 - 2s/epoch - 170ms/step
Epoch 59/10000

Epoch 59: val_loss did not improve from 0.26902
12/12 - 2s - loss: 0.2736 - mse: 0.2736 - mae: 0.4239 - val_loss: 0.2704 - val_mse: 0.2704 - val_mae: 0.4226 - 2s/epoch - 170ms/step
Epoch 60/10000

Epoch 60: val_loss did not improve from 0.26902
12/12 - 2s - loss: 0.2711 - mse: 0.2711 - mae: 0.4218 - val_loss: 0.2698 - val_mse: 0.2698 - val_mae: 0.4210 - 2s/epoch - 171ms/step
Epoch 61/10000

Epoch 61: val_loss improved from 0.26902 to 0.26885, saving model to ./results/NN_rms_regr/ResNet/recursion_45/ckpt_1
12/12 - 3s - loss: 0.2714 - mse: 0.2714 - mae: 0.4218 - val_loss: 0.2688 - val_mse: 0.2688 - val_mae: 0.4211 - 3s/epoch - 243ms/step
Epoch 62/10000

Epoch 62: val_loss did not improve from 0.26885
12/12 - 2s - loss: 0.2705 - mse: 0.2705 - mae: 0.4214 - val_loss: 0.2692 - val_mse: 0.2692 - val_mae: 0.4208 - 2s/epoch - 170ms/step
Epoch 63/10000

Epoch 63: val_loss did not improve from 0.26885
12/12 - 2s - loss: 0.2718 - mse: 0.2718 - mae: 0.4220 - val_loss: 0.2724 - val_mse: 0.2724 - val_mae: 0.4222 - 2s/epoch - 170ms/step
Epoch 64/10000

Epoch 64: val_loss improved from 0.26885 to 0.26869, saving model to ./results/NN_rms_regr/ResNet/recursion_45/ckpt_1
12/12 - 3s - loss: 0.2773 - mse: 0.2773 - mae: 0.4259 - val_loss: 0.2687 - val_mse: 0.2687 - val_mae: 0.4207 - 3s/epoch - 244ms/step
Epoch 65/10000

Epoch 65: val_loss improved from 0.26869 to 0.26867, saving model to ./results/NN_rms_regr/ResNet/recursion_45/ckpt_1
12/12 - 3s - loss: 0.2723 - mse: 0.2723 - mae: 0.4224 - val_loss: 0.2687 - val_mse: 0.2687 - val_mae: 0.4209 - 3s/epoch - 245ms/step
Epoch 66/10000

Epoch 66: val_loss did not improve from 0.26867
12/12 - 2s - loss: 0.2710 - mse: 0.2710 - mae: 0.4219 - val_loss: 0.2706 - val_mse: 0.2706 - val_mae: 0.4212 - 2s/epoch - 171ms/step
Epoch 67/10000

Epoch 67: val_loss did not improve from 0.26867
12/12 - 2s - loss: 0.2717 - mse: 0.2717 - mae: 0.4221 - val_loss: 0.2709 - val_mse: 0.2709 - val_mae: 0.4233 - 2s/epoch - 170ms/step
Epoch 68/10000

Epoch 68: val_loss did not improve from 0.26867
12/12 - 2s - loss: 0.2734 - mse: 0.2734 - mae: 0.4232 - val_loss: 0.2707 - val_mse: 0.2707 - val_mae: 0.4230 - 2s/epoch - 169ms/step
Epoch 69/10000

Epoch 69: val_loss improved from 0.26867 to 0.26859, saving model to ./results/NN_rms_regr/ResNet/recursion_45/ckpt_1
12/12 - 3s - loss: 0.2724 - mse: 0.2724 - mae: 0.4231 - val_loss: 0.2686 - val_mse: 0.2686 - val_mae: 0.4206 - 3s/epoch - 246ms/step
Epoch 70/10000

Epoch 70: val_loss did not improve from 0.26859
12/12 - 2s - loss: 0.2723 - mse: 0.2723 - mae: 0.4228 - val_loss: 0.2753 - val_mse: 0.2753 - val_mae: 0.4268 - 2s/epoch - 170ms/step
Epoch 71/10000

Epoch 71: val_loss did not improve from 0.26859
12/12 - 2s - loss: 0.2728 - mse: 0.2728 - mae: 0.4229 - val_loss: 0.2717 - val_mse: 0.2717 - val_mae: 0.4218 - 2s/epoch - 169ms/step
Epoch 72/10000

Epoch 72: val_loss improved from 0.26859 to 0.26857, saving model to ./results/NN_rms_regr/ResNet/recursion_45/ckpt_1
12/12 - 3s - loss: 0.2728 - mse: 0.2728 - mae: 0.4228 - val_loss: 0.2686 - val_mse: 0.2686 - val_mae: 0.4205 - 3s/epoch - 239ms/step
Epoch 73/10000

Epoch 73: val_loss did not improve from 0.26857
12/12 - 2s - loss: 0.2727 - mse: 0.2727 - mae: 0.4230 - val_loss: 0.2695 - val_mse: 0.2695 - val_mae: 0.4217 - 2s/epoch - 170ms/step
Epoch 74/10000

Epoch 74: val_loss did not improve from 0.26857
12/12 - 2s - loss: 0.2731 - mse: 0.2731 - mae: 0.4232 - val_loss: 0.2687 - val_mse: 0.2687 - val_mae: 0.4204 - 2s/epoch - 170ms/step
Epoch 75/10000

Epoch 75: val_loss did not improve from 0.26857
12/12 - 2s - loss: 0.2715 - mse: 0.2715 - mae: 0.4214 - val_loss: 0.2690 - val_mse: 0.2690 - val_mae: 0.4213 - 2s/epoch - 170ms/step
Epoch 76/10000

Epoch 76: val_loss did not improve from 0.26857
12/12 - 2s - loss: 0.2722 - mse: 0.2722 - mae: 0.4225 - val_loss: 0.2688 - val_mse: 0.2688 - val_mae: 0.4211 - 2s/epoch - 169ms/step
Epoch 77/10000

Epoch 77: val_loss did not improve from 0.26857
12/12 - 2s - loss: 0.2717 - mse: 0.2717 - mae: 0.4222 - val_loss: 0.2698 - val_mse: 0.2698 - val_mae: 0.4221 - 2s/epoch - 170ms/step
Epoch 78/10000

Epoch 78: val_loss did not improve from 0.26857
12/12 - 2s - loss: 0.2709 - mse: 0.2709 - mae: 0.4217 - val_loss: 0.2692 - val_mse: 0.2692 - val_mae: 0.4213 - 2s/epoch - 170ms/step
Epoch 79/10000

Epoch 79: val_loss did not improve from 0.26857
12/12 - 2s - loss: 0.2718 - mse: 0.2718 - mae: 0.4223 - val_loss: 0.2764 - val_mse: 0.2764 - val_mae: 0.4277 - 2s/epoch - 171ms/step
Epoch 80/10000

Epoch 80: val_loss did not improve from 0.26857
12/12 - 2s - loss: 0.2723 - mse: 0.2723 - mae: 0.4217 - val_loss: 0.2748 - val_mse: 0.2748 - val_mae: 0.4266 - 2s/epoch - 171ms/step
Epoch 81/10000

Epoch 81: val_loss did not improve from 0.26857
12/12 - 2s - loss: 0.2787 - mse: 0.2787 - mae: 0.4269 - val_loss: 0.3028 - val_mse: 0.3028 - val_mae: 0.4412 - 2s/epoch - 170ms/step
Epoch 82/10000

Epoch 82: val_loss did not improve from 0.26857
12/12 - 2s - loss: 0.2838 - mse: 0.2838 - mae: 0.4316 - val_loss: 0.2898 - val_mse: 0.2898 - val_mae: 0.4385 - 2s/epoch - 170ms/step
Epoch 83/10000

Epoch 83: val_loss did not improve from 0.26857
12/12 - 2s - loss: 0.2775 - mse: 0.2775 - mae: 0.4262 - val_loss: 0.2707 - val_mse: 0.2707 - val_mae: 0.4211 - 2s/epoch - 171ms/step
Epoch 84/10000

Epoch 84: val_loss did not improve from 0.26857
12/12 - 2s - loss: 0.2709 - mse: 0.2709 - mae: 0.4215 - val_loss: 0.2691 - val_mse: 0.2691 - val_mae: 0.4204 - 2s/epoch - 170ms/step
Epoch 85/10000

Epoch 85: val_loss did not improve from 0.26857
12/12 - 2s - loss: 0.2720 - mse: 0.2720 - mae: 0.4224 - val_loss: 0.2734 - val_mse: 0.2734 - val_mae: 0.4252 - 2s/epoch - 171ms/step
Epoch 86/10000

Epoch 86: val_loss did not improve from 0.26857
12/12 - 2s - loss: 0.2711 - mse: 0.2711 - mae: 0.4219 - val_loss: 0.2694 - val_mse: 0.2694 - val_mae: 0.4205 - 2s/epoch - 170ms/step
Epoch 87/10000

Epoch 87: val_loss did not improve from 0.26857
12/12 - 2s - loss: 0.2703 - mse: 0.2703 - mae: 0.4208 - val_loss: 0.2689 - val_mse: 0.2689 - val_mae: 0.4211 - 2s/epoch - 171ms/step
Epoch 88/10000

Epoch 88: val_loss did not improve from 0.26857
12/12 - 2s - loss: 0.2721 - mse: 0.2721 - mae: 0.4226 - val_loss: 0.2711 - val_mse: 0.2711 - val_mae: 0.4212 - 2s/epoch - 170ms/step
Epoch 89/10000

Epoch 89: val_loss did not improve from 0.26857
12/12 - 2s - loss: 0.2725 - mse: 0.2725 - mae: 0.4226 - val_loss: 0.2787 - val_mse: 0.2787 - val_mae: 0.4297 - 2s/epoch - 170ms/step
Epoch 90/10000

Epoch 90: val_loss did not improve from 0.26857
12/12 - 2s - loss: 0.2732 - mse: 0.2732 - mae: 0.4229 - val_loss: 0.2686 - val_mse: 0.2686 - val_mae: 0.4201 - 2s/epoch - 171ms/step
Epoch 91/10000

Epoch 91: val_loss improved from 0.26857 to 0.26855, saving model to ./results/NN_rms_regr/ResNet/recursion_45/ckpt_1
12/12 - 3s - loss: 0.2709 - mse: 0.2709 - mae: 0.4214 - val_loss: 0.2685 - val_mse: 0.2685 - val_mae: 0.4206 - 3s/epoch - 244ms/step
Epoch 92/10000

Epoch 92: val_loss did not improve from 0.26855
12/12 - 2s - loss: 0.2708 - mse: 0.2708 - mae: 0.4213 - val_loss: 0.2742 - val_mse: 0.2742 - val_mae: 0.4257 - 2s/epoch - 170ms/step
Epoch 93/10000

Epoch 93: val_loss did not improve from 0.26855
12/12 - 2s - loss: 0.2738 - mse: 0.2738 - mae: 0.4235 - val_loss: 0.2702 - val_mse: 0.2702 - val_mae: 0.4206 - 2s/epoch - 170ms/step
Epoch 94/10000

Epoch 94: val_loss did not improve from 0.26855
12/12 - 2s - loss: 0.2716 - mse: 0.2716 - mae: 0.4216 - val_loss: 0.2689 - val_mse: 0.2689 - val_mae: 0.4211 - 2s/epoch - 171ms/step
Epoch 95/10000

Epoch 95: val_loss did not improve from 0.26855
12/12 - 2s - loss: 0.2705 - mse: 0.2705 - mae: 0.4210 - val_loss: 0.2792 - val_mse: 0.2792 - val_mae: 0.4299 - 2s/epoch - 169ms/step
Epoch 96/10000

Epoch 96: val_loss did not improve from 0.26855
12/12 - 2s - loss: 0.2768 - mse: 0.2768 - mae: 0.4262 - val_loss: 0.2772 - val_mse: 0.2772 - val_mae: 0.4245 - 2s/epoch - 170ms/step
Epoch 97/10000

Epoch 97: val_loss did not improve from 0.26855
12/12 - 2s - loss: 0.2730 - mse: 0.2730 - mae: 0.4229 - val_loss: 0.2745 - val_mse: 0.2745 - val_mae: 0.4262 - 2s/epoch - 170ms/step
Epoch 98/10000

Epoch 98: val_loss did not improve from 0.26855
12/12 - 2s - loss: 0.2733 - mse: 0.2733 - mae: 0.4231 - val_loss: 0.2700 - val_mse: 0.2700 - val_mae: 0.4221 - 2s/epoch - 170ms/step
Epoch 99/10000

Epoch 99: val_loss did not improve from 0.26855
12/12 - 2s - loss: 0.2709 - mse: 0.2709 - mae: 0.4214 - val_loss: 0.2693 - val_mse: 0.2693 - val_mae: 0.4202 - 2s/epoch - 170ms/step
Epoch 100/10000

Epoch 100: val_loss did not improve from 0.26855
12/12 - 2s - loss: 0.2719 - mse: 0.2719 - mae: 0.4221 - val_loss: 0.2686 - val_mse: 0.2686 - val_mae: 0.4200 - 2s/epoch - 171ms/step
Epoch 101/10000

Epoch 101: val_loss did not improve from 0.26855
12/12 - 2s - loss: 0.2705 - mse: 0.2705 - mae: 0.4210 - val_loss: 0.2725 - val_mse: 0.2725 - val_mae: 0.4219 - 2s/epoch - 173ms/step
Epoch 102/10000

Epoch 102: val_loss did not improve from 0.26855
12/12 - 2s - loss: 0.2730 - mse: 0.2730 - mae: 0.4225 - val_loss: 0.3115 - val_mse: 0.3115 - val_mae: 0.4545 - 2s/epoch - 170ms/step
Epoch 103/10000

Epoch 103: val_loss did not improve from 0.26855
12/12 - 2s - loss: 0.2880 - mse: 0.2880 - mae: 0.4331 - val_loss: 0.2789 - val_mse: 0.2789 - val_mae: 0.4261 - 2s/epoch - 170ms/step
Epoch 104/10000

Epoch 104: val_loss did not improve from 0.26855
12/12 - 2s - loss: 0.2733 - mse: 0.2733 - mae: 0.4233 - val_loss: 0.2826 - val_mse: 0.2826 - val_mae: 0.4322 - 2s/epoch - 171ms/step
Epoch 105/10000

Epoch 105: val_loss improved from 0.26855 to 0.26841, saving model to ./results/NN_rms_regr/ResNet/recursion_45/ckpt_1
12/12 - 3s - loss: 0.2734 - mse: 0.2734 - mae: 0.4234 - val_loss: 0.2684 - val_mse: 0.2684 - val_mae: 0.4204 - 3s/epoch - 240ms/step
Epoch 106/10000

Epoch 106: val_loss did not improve from 0.26841
12/12 - 2s - loss: 0.2718 - mse: 0.2718 - mae: 0.4221 - val_loss: 0.2941 - val_mse: 0.2941 - val_mae: 0.4355 - 2s/epoch - 171ms/step
Epoch 107/10000

Epoch 107: val_loss did not improve from 0.26841
12/12 - 2s - loss: 0.2780 - mse: 0.2780 - mae: 0.4272 - val_loss: 0.2912 - val_mse: 0.2912 - val_mae: 0.4394 - 2s/epoch - 170ms/step
Epoch 108/10000

Epoch 108: val_loss did not improve from 0.26841
12/12 - 2s - loss: 0.2802 - mse: 0.2802 - mae: 0.4287 - val_loss: 0.2702 - val_mse: 0.2702 - val_mae: 0.4206 - 2s/epoch - 171ms/step
Epoch 109/10000

Epoch 109: val_loss improved from 0.26841 to 0.26839, saving model to ./results/NN_rms_regr/ResNet/recursion_45/ckpt_1
12/12 - 3s - loss: 0.2717 - mse: 0.2717 - mae: 0.4216 - val_loss: 0.2684 - val_mse: 0.2684 - val_mae: 0.4204 - 3s/epoch - 242ms/step
Epoch 110/10000

Epoch 110: val_loss did not improve from 0.26839
12/12 - 2s - loss: 0.2705 - mse: 0.2705 - mae: 0.4214 - val_loss: 0.2694 - val_mse: 0.2694 - val_mae: 0.4214 - 2s/epoch - 170ms/step
Epoch 111/10000

Epoch 111: val_loss did not improve from 0.26839
12/12 - 2s - loss: 0.2717 - mse: 0.2717 - mae: 0.4220 - val_loss: 0.2776 - val_mse: 0.2776 - val_mae: 0.4248 - 2s/epoch - 171ms/step
Epoch 112/10000

Epoch 112: val_loss did not improve from 0.26839
12/12 - 2s - loss: 0.2782 - mse: 0.2782 - mae: 0.4259 - val_loss: 0.2872 - val_mse: 0.2872 - val_mae: 0.4361 - 2s/epoch - 171ms/step
Epoch 113/10000

Epoch 113: val_loss did not improve from 0.26839
12/12 - 2s - loss: 0.2800 - mse: 0.2800 - mae: 0.4278 - val_loss: 0.2760 - val_mse: 0.2760 - val_mae: 0.4237 - 2s/epoch - 170ms/step
Epoch 114/10000

Epoch 114: val_loss did not improve from 0.26839
12/12 - 2s - loss: 0.2778 - mse: 0.2778 - mae: 0.4257 - val_loss: 0.2685 - val_mse: 0.2685 - val_mae: 0.4202 - 2s/epoch - 169ms/step
Epoch 115/10000

Epoch 115: val_loss did not improve from 0.26839
12/12 - 2s - loss: 0.2715 - mse: 0.2715 - mae: 0.4218 - val_loss: 0.2689 - val_mse: 0.2689 - val_mae: 0.4207 - 2s/epoch - 169ms/step
Epoch 116/10000

Epoch 116: val_loss improved from 0.26839 to 0.26826, saving model to ./results/NN_rms_regr/ResNet/recursion_45/ckpt_1
12/12 - 3s - loss: 0.2712 - mse: 0.2712 - mae: 0.4215 - val_loss: 0.2683 - val_mse: 0.2683 - val_mae: 0.4200 - 3s/epoch - 244ms/step
Epoch 117/10000

Epoch 117: val_loss did not improve from 0.26826
12/12 - 2s - loss: 0.2708 - mse: 0.2708 - mae: 0.4213 - val_loss: 0.2713 - val_mse: 0.2713 - val_mae: 0.4210 - 2s/epoch - 170ms/step
Epoch 118/10000

Epoch 118: val_loss did not improve from 0.26826
12/12 - 2s - loss: 0.2730 - mse: 0.2730 - mae: 0.4223 - val_loss: 0.2978 - val_mse: 0.2978 - val_mae: 0.4443 - 2s/epoch - 171ms/step
Epoch 119/10000

Epoch 119: val_loss did not improve from 0.26826
12/12 - 2s - loss: 0.2825 - mse: 0.2825 - mae: 0.4292 - val_loss: 0.2786 - val_mse: 0.2786 - val_mae: 0.4257 - 2s/epoch - 171ms/step
Epoch 120/10000

Epoch 120: val_loss did not improve from 0.26826
12/12 - 2s - loss: 0.2759 - mse: 0.2759 - mae: 0.4252 - val_loss: 0.2736 - val_mse: 0.2736 - val_mae: 0.4248 - 2s/epoch - 170ms/step
Epoch 121/10000

Epoch 121: val_loss did not improve from 0.26826
12/12 - 2s - loss: 0.2739 - mse: 0.2739 - mae: 0.4238 - val_loss: 0.2688 - val_mse: 0.2688 - val_mae: 0.4205 - 2s/epoch - 169ms/step
Epoch 122/10000

Epoch 122: val_loss did not improve from 0.26826
12/12 - 2s - loss: 0.2709 - mse: 0.2709 - mae: 0.4214 - val_loss: 0.2685 - val_mse: 0.2685 - val_mae: 0.4201 - 2s/epoch - 170ms/step
Epoch 123/10000

Epoch 123: val_loss did not improve from 0.26826
12/12 - 2s - loss: 0.2703 - mse: 0.2703 - mae: 0.4210 - val_loss: 0.2772 - val_mse: 0.2772 - val_mae: 0.4280 - 2s/epoch - 170ms/step
Epoch 124/10000

Epoch 124: val_loss did not improve from 0.26826
12/12 - 2s - loss: 0.2804 - mse: 0.2804 - mae: 0.4287 - val_loss: 0.2703 - val_mse: 0.2703 - val_mae: 0.4204 - 2s/epoch - 169ms/step
Epoch 125/10000

Epoch 125: val_loss did not improve from 0.26826
12/12 - 2s - loss: 0.2730 - mse: 0.2730 - mae: 0.4230 - val_loss: 0.2684 - val_mse: 0.2684 - val_mae: 0.4199 - 2s/epoch - 170ms/step
Epoch 126/10000

Epoch 126: val_loss did not improve from 0.26826
12/12 - 2s - loss: 0.2720 - mse: 0.2720 - mae: 0.4217 - val_loss: 0.2791 - val_mse: 0.2791 - val_mae: 0.4298 - 2s/epoch - 170ms/step
Epoch 127/10000

Epoch 127: val_loss did not improve from 0.26826
12/12 - 2s - loss: 0.2743 - mse: 0.2743 - mae: 0.4239 - val_loss: 0.2768 - val_mse: 0.2768 - val_mae: 0.4241 - 2s/epoch - 170ms/step
Epoch 128/10000

Epoch 128: val_loss did not improve from 0.26826
12/12 - 2s - loss: 0.2736 - mse: 0.2736 - mae: 0.4229 - val_loss: 0.2685 - val_mse: 0.2685 - val_mae: 0.4199 - 2s/epoch - 170ms/step
Epoch 129/10000

Epoch 129: val_loss did not improve from 0.26826
12/12 - 2s - loss: 0.2799 - mse: 0.2799 - mae: 0.4280 - val_loss: 0.3241 - val_mse: 0.3241 - val_mae: 0.4636 - 2s/epoch - 171ms/step
Epoch 130/10000

Epoch 130: val_loss did not improve from 0.26826
12/12 - 2s - loss: 0.2918 - mse: 0.2918 - mae: 0.4356 - val_loss: 0.2892 - val_mse: 0.2892 - val_mae: 0.4322 - 2s/epoch - 170ms/step
Epoch 131/10000

Epoch 131: val_loss did not improve from 0.26826
12/12 - 2s - loss: 0.2768 - mse: 0.2768 - mae: 0.4258 - val_loss: 0.2700 - val_mse: 0.2700 - val_mae: 0.4205 - 2s/epoch - 171ms/step
Epoch 132/10000

Epoch 132: val_loss did not improve from 0.26826
12/12 - 2s - loss: 0.2750 - mse: 0.2750 - mae: 0.4240 - val_loss: 0.2735 - val_mse: 0.2735 - val_mae: 0.4253 - 2s/epoch - 171ms/step
Epoch 133/10000

Epoch 133: val_loss did not improve from 0.26826
12/12 - 2s - loss: 0.2781 - mse: 0.2781 - mae: 0.4267 - val_loss: 0.2684 - val_mse: 0.2684 - val_mae: 0.4198 - 2s/epoch - 170ms/step
Epoch 134/10000

Epoch 134: val_loss did not improve from 0.26826
12/12 - 2s - loss: 0.2721 - mse: 0.2721 - mae: 0.4223 - val_loss: 0.2709 - val_mse: 0.2709 - val_mae: 0.4208 - 2s/epoch - 170ms/step
Epoch 135/10000

Epoch 135: val_loss did not improve from 0.26826
12/12 - 2s - loss: 0.2710 - mse: 0.2710 - mae: 0.4215 - val_loss: 0.2696 - val_mse: 0.2696 - val_mae: 0.4202 - 2s/epoch - 169ms/step
Epoch 136/10000

Epoch 136: val_loss did not improve from 0.26826
12/12 - 2s - loss: 0.2715 - mse: 0.2715 - mae: 0.4217 - val_loss: 0.2726 - val_mse: 0.2726 - val_mae: 0.4244 - 2s/epoch - 170ms/step
Epoch 137/10000

Epoch 137: val_loss did not improve from 0.26826
12/12 - 2s - loss: 0.2742 - mse: 0.2742 - mae: 0.4245 - val_loss: 0.2713 - val_mse: 0.2713 - val_mae: 0.4230 - 2s/epoch - 169ms/step
Epoch 138/10000

Epoch 138: val_loss did not improve from 0.26826
12/12 - 2s - loss: 0.2713 - mse: 0.2713 - mae: 0.4215 - val_loss: 0.2884 - val_mse: 0.2884 - val_mae: 0.4369 - 2s/epoch - 170ms/step
Epoch 139/10000

Epoch 139: val_loss did not improve from 0.26826
12/12 - 2s - loss: 0.2732 - mse: 0.2732 - mae: 0.4222 - val_loss: 0.2688 - val_mse: 0.2688 - val_mae: 0.4205 - 2s/epoch - 170ms/step
Epoch 140/10000

Epoch 140: val_loss did not improve from 0.26826
12/12 - 2s - loss: 0.2725 - mse: 0.2725 - mae: 0.4217 - val_loss: 0.2818 - val_mse: 0.2818 - val_mae: 0.4275 - 2s/epoch - 169ms/step
Epoch 141/10000

Epoch 141: val_loss did not improve from 0.26826
12/12 - 2s - loss: 0.2760 - mse: 0.2760 - mae: 0.4245 - val_loss: 0.3198 - val_mse: 0.3198 - val_mae: 0.4524 - 2s/epoch - 170ms/step
Epoch 142/10000

Epoch 142: val_loss did not improve from 0.26826
12/12 - 2s - loss: 0.2860 - mse: 0.2860 - mae: 0.4314 - val_loss: 0.2699 - val_mse: 0.2699 - val_mae: 0.4202 - 2s/epoch - 170ms/step
Epoch 143/10000

Epoch 143: val_loss did not improve from 0.26826
12/12 - 2s - loss: 0.2750 - mse: 0.2750 - mae: 0.4238 - val_loss: 0.2686 - val_mse: 0.2686 - val_mae: 0.4198 - 2s/epoch - 169ms/step
Epoch 144/10000

Epoch 144: val_loss did not improve from 0.26826
12/12 - 2s - loss: 0.2760 - mse: 0.2760 - mae: 0.4250 - val_loss: 0.3272 - val_mse: 0.3272 - val_mae: 0.4660 - 2s/epoch - 171ms/step
Epoch 145/10000

Epoch 145: val_loss did not improve from 0.26826
12/12 - 2s - loss: 0.2901 - mse: 0.2901 - mae: 0.4348 - val_loss: 0.2706 - val_mse: 0.2706 - val_mae: 0.4230 - 2s/epoch - 171ms/step
Epoch 146/10000

Epoch 146: val_loss did not improve from 0.26826
12/12 - 2s - loss: 0.2741 - mse: 0.2741 - mae: 0.4235 - val_loss: 0.2747 - val_mse: 0.2747 - val_mae: 0.4228 - 2s/epoch - 170ms/step
Epoch 147/10000

Epoch 147: val_loss did not improve from 0.26826
12/12 - 2s - loss: 0.2784 - mse: 0.2784 - mae: 0.4268 - val_loss: 0.2749 - val_mse: 0.2749 - val_mae: 0.4229 - 2s/epoch - 171ms/step
Epoch 148/10000

Epoch 148: val_loss did not improve from 0.26826
12/12 - 2s - loss: 0.2757 - mse: 0.2757 - mae: 0.4240 - val_loss: 0.2689 - val_mse: 0.2689 - val_mae: 0.4209 - 2s/epoch - 170ms/step
Epoch 149/10000

Epoch 149: val_loss did not improve from 0.26826
12/12 - 2s - loss: 0.2723 - mse: 0.2723 - mae: 0.4222 - val_loss: 0.2867 - val_mse: 0.2867 - val_mae: 0.4356 - 2s/epoch - 170ms/step
Epoch 150/10000

Epoch 150: val_loss did not improve from 0.26826
12/12 - 2s - loss: 0.2782 - mse: 0.2782 - mae: 0.4264 - val_loss: 0.2689 - val_mse: 0.2689 - val_mae: 0.4210 - 2s/epoch - 171ms/step
Epoch 151/10000

Epoch 151: val_loss did not improve from 0.26826
12/12 - 2s - loss: 0.2761 - mse: 0.2761 - mae: 0.4247 - val_loss: 0.2684 - val_mse: 0.2684 - val_mae: 0.4198 - 2s/epoch - 170ms/step
Epoch 152/10000

Epoch 152: val_loss did not improve from 0.26826
12/12 - 2s - loss: 0.2702 - mse: 0.2702 - mae: 0.4207 - val_loss: 0.2976 - val_mse: 0.2976 - val_mae: 0.4439 - 2s/epoch - 169ms/step
Epoch 153/10000

Epoch 153: val_loss did not improve from 0.26826
12/12 - 2s - loss: 0.2842 - mse: 0.2842 - mae: 0.4313 - val_loss: 0.2695 - val_mse: 0.2695 - val_mae: 0.4214 - 2s/epoch - 170ms/step
Epoch 154/10000

Epoch 154: val_loss did not improve from 0.26826
12/12 - 2s - loss: 0.2733 - mse: 0.2733 - mae: 0.4231 - val_loss: 0.2748 - val_mse: 0.2748 - val_mae: 0.4228 - 2s/epoch - 171ms/step
Epoch 155/10000

Epoch 155: val_loss did not improve from 0.26826
12/12 - 2s - loss: 0.2761 - mse: 0.2761 - mae: 0.4250 - val_loss: 0.2803 - val_mse: 0.2803 - val_mae: 0.4305 - 2s/epoch - 170ms/step
Epoch 156/10000

Epoch 156: val_loss did not improve from 0.26826
12/12 - 2s - loss: 0.2800 - mse: 0.2800 - mae: 0.4282 - val_loss: 0.2723 - val_mse: 0.2723 - val_mae: 0.4241 - 2s/epoch - 171ms/step
Epoch 157/10000

Epoch 157: val_loss did not improve from 0.26826
12/12 - 2s - loss: 0.2720 - mse: 0.2720 - mae: 0.4220 - val_loss: 0.2886 - val_mse: 0.2886 - val_mae: 0.4318 - 2s/epoch - 170ms/step
Epoch 158/10000

Epoch 158: val_loss did not improve from 0.26826
12/12 - 2s - loss: 0.2764 - mse: 0.2764 - mae: 0.4257 - val_loss: 0.2765 - val_mse: 0.2765 - val_mae: 0.4239 - 2s/epoch - 169ms/step
Epoch 159/10000

Epoch 159: val_loss improved from 0.26826 to 0.26817, saving model to ./results/NN_rms_regr/ResNet/recursion_45/ckpt_1
12/12 - 3s - loss: 0.2754 - mse: 0.2754 - mae: 0.4240 - val_loss: 0.2682 - val_mse: 0.2682 - val_mae: 0.4199 - 3s/epoch - 244ms/step
Epoch 160/10000

Epoch 160: val_loss did not improve from 0.26817
12/12 - 2s - loss: 0.2729 - mse: 0.2729 - mae: 0.4228 - val_loss: 0.2704 - val_mse: 0.2704 - val_mae: 0.4205 - 2s/epoch - 170ms/step
Epoch 161/10000

Epoch 161: val_loss did not improve from 0.26817
12/12 - 2s - loss: 0.2721 - mse: 0.2721 - mae: 0.4218 - val_loss: 0.2877 - val_mse: 0.2877 - val_mae: 0.4310 - 2s/epoch - 169ms/step
Epoch 162/10000

Epoch 162: val_loss did not improve from 0.26817
12/12 - 2s - loss: 0.2775 - mse: 0.2775 - mae: 0.4253 - val_loss: 0.3062 - val_mse: 0.3062 - val_mae: 0.4434 - 2s/epoch - 169ms/step
Epoch 163/10000

Epoch 163: val_loss did not improve from 0.26817
12/12 - 2s - loss: 0.2956 - mse: 0.2956 - mae: 0.4388 - val_loss: 0.2722 - val_mse: 0.2722 - val_mae: 0.4238 - 2s/epoch - 170ms/step
Epoch 164/10000

Epoch 164: val_loss did not improve from 0.26817
12/12 - 2s - loss: 0.2732 - mse: 0.2732 - mae: 0.4229 - val_loss: 0.2682 - val_mse: 0.2682 - val_mae: 0.4196 - 2s/epoch - 170ms/step
Epoch 165/10000

Epoch 165: val_loss did not improve from 0.26817
12/12 - 2s - loss: 0.2705 - mse: 0.2705 - mae: 0.4209 - val_loss: 0.2683 - val_mse: 0.2683 - val_mae: 0.4201 - 2s/epoch - 171ms/step
Epoch 166/10000

Epoch 166: val_loss did not improve from 0.26817
12/12 - 2s - loss: 0.2709 - mse: 0.2709 - mae: 0.4211 - val_loss: 0.2718 - val_mse: 0.2718 - val_mae: 0.4233 - 2s/epoch - 170ms/step
Epoch 167/10000

Epoch 167: val_loss did not improve from 0.26817
12/12 - 2s - loss: 0.2742 - mse: 0.2742 - mae: 0.4237 - val_loss: 0.2954 - val_mse: 0.2954 - val_mae: 0.4422 - 2s/epoch - 170ms/step
Epoch 168/10000

Epoch 168: val_loss did not improve from 0.26817
12/12 - 2s - loss: 0.2782 - mse: 0.2782 - mae: 0.4261 - val_loss: 0.2683 - val_mse: 0.2683 - val_mae: 0.4197 - 2s/epoch - 169ms/step
Epoch 169/10000

Epoch 169: val_loss did not improve from 0.26817
12/12 - 2s - loss: 0.2702 - mse: 0.2702 - mae: 0.4204 - val_loss: 0.2696 - val_mse: 0.2696 - val_mae: 0.4198 - 2s/epoch - 169ms/step
Epoch 170/10000

Epoch 170: val_loss did not improve from 0.26817
12/12 - 2s - loss: 0.2704 - mse: 0.2704 - mae: 0.4205 - val_loss: 0.2688 - val_mse: 0.2688 - val_mae: 0.4196 - 2s/epoch - 170ms/step
Epoch 171/10000

Epoch 171: val_loss did not improve from 0.26817
12/12 - 2s - loss: 0.2752 - mse: 0.2752 - mae: 0.4239 - val_loss: 0.2686 - val_mse: 0.2686 - val_mae: 0.4194 - 2s/epoch - 169ms/step
Epoch 172/10000

Epoch 172: val_loss did not improve from 0.26817
12/12 - 2s - loss: 0.2733 - mse: 0.2733 - mae: 0.4222 - val_loss: 0.2915 - val_mse: 0.2915 - val_mae: 0.4390 - 2s/epoch - 170ms/step
Epoch 173/10000

Epoch 173: val_loss did not improve from 0.26817
12/12 - 2s - loss: 0.2800 - mse: 0.2800 - mae: 0.4273 - val_loss: 0.2711 - val_mse: 0.2711 - val_mae: 0.4208 - 2s/epoch - 169ms/step
Epoch 174/10000

Epoch 174: val_loss did not improve from 0.26817
12/12 - 2s - loss: 0.2777 - mse: 0.2777 - mae: 0.4258 - val_loss: 0.2800 - val_mse: 0.2800 - val_mae: 0.4259 - 2s/epoch - 169ms/step
Epoch 175/10000

Epoch 175: val_loss did not improve from 0.26817
12/12 - 2s - loss: 0.2769 - mse: 0.2769 - mae: 0.4248 - val_loss: 0.2960 - val_mse: 0.2960 - val_mae: 0.4365 - 2s/epoch - 172ms/step
Epoch 176/10000

Epoch 176: val_loss did not improve from 0.26817
12/12 - 2s - loss: 0.2761 - mse: 0.2761 - mae: 0.4248 - val_loss: 0.2687 - val_mse: 0.2687 - val_mae: 0.4195 - 2s/epoch - 170ms/step
Epoch 177/10000

Epoch 177: val_loss did not improve from 0.26817
12/12 - 2s - loss: 0.2713 - mse: 0.2713 - mae: 0.4213 - val_loss: 0.2693 - val_mse: 0.2693 - val_mae: 0.4209 - 2s/epoch - 170ms/step
Epoch 178/10000

Epoch 178: val_loss did not improve from 0.26817
12/12 - 2s - loss: 0.2699 - mse: 0.2699 - mae: 0.4204 - val_loss: 0.2741 - val_mse: 0.2741 - val_mae: 0.4252 - 2s/epoch - 170ms/step
Epoch 179/10000

Epoch 179: val_loss did not improve from 0.26817
12/12 - 2s - loss: 0.2704 - mse: 0.2704 - mae: 0.4212 - val_loss: 0.2710 - val_mse: 0.2710 - val_mae: 0.4208 - 2s/epoch - 169ms/step
Epoch 180/10000

Epoch 180: val_loss did not improve from 0.26817
12/12 - 2s - loss: 0.2726 - mse: 0.2726 - mae: 0.4220 - val_loss: 0.2682 - val_mse: 0.2682 - val_mae: 0.4194 - 2s/epoch - 169ms/step
Epoch 181/10000

Epoch 181: val_loss improved from 0.26817 to 0.26804, saving model to ./results/NN_rms_regr/ResNet/recursion_45/ckpt_1
12/12 - 3s - loss: 0.2746 - mse: 0.2746 - mae: 0.4240 - val_loss: 0.2680 - val_mse: 0.2680 - val_mae: 0.4195 - 3s/epoch - 239ms/step
Epoch 182/10000

Epoch 182: val_loss did not improve from 0.26804
12/12 - 2s - loss: 0.2709 - mse: 0.2709 - mae: 0.4213 - val_loss: 0.2823 - val_mse: 0.2823 - val_mae: 0.4320 - 2s/epoch - 171ms/step
Epoch 183/10000

Epoch 183: val_loss did not improve from 0.26804
12/12 - 2s - loss: 0.2806 - mse: 0.2806 - mae: 0.4287 - val_loss: 0.2708 - val_mse: 0.2708 - val_mae: 0.4218 - 2s/epoch - 171ms/step
Epoch 184/10000

Epoch 184: val_loss did not improve from 0.26804
12/12 - 2s - loss: 0.2765 - mse: 0.2765 - mae: 0.4256 - val_loss: 0.3073 - val_mse: 0.3073 - val_mae: 0.4441 - 2s/epoch - 170ms/step
Epoch 185/10000

Epoch 185: val_loss did not improve from 0.26804
12/12 - 2s - loss: 0.2965 - mse: 0.2965 - mae: 0.4397 - val_loss: 0.2833 - val_mse: 0.2833 - val_mae: 0.4332 - 2s/epoch - 169ms/step
Epoch 186/10000

Epoch 186: val_loss did not improve from 0.26804
12/12 - 2s - loss: 0.2825 - mse: 0.2825 - mae: 0.4290 - val_loss: 0.2785 - val_mse: 0.2785 - val_mae: 0.4292 - 2s/epoch - 170ms/step
Epoch 187/10000

Epoch 187: val_loss did not improve from 0.26804
12/12 - 2s - loss: 0.2747 - mse: 0.2747 - mae: 0.4239 - val_loss: 0.2712 - val_mse: 0.2712 - val_mae: 0.4208 - 2s/epoch - 170ms/step
Epoch 188/10000

Epoch 188: val_loss did not improve from 0.26804
12/12 - 2s - loss: 0.2722 - mse: 0.2722 - mae: 0.4215 - val_loss: 0.2794 - val_mse: 0.2794 - val_mae: 0.4298 - 2s/epoch - 170ms/step
Epoch 189/10000

Epoch 189: val_loss did not improve from 0.26804
12/12 - 2s - loss: 0.2759 - mse: 0.2759 - mae: 0.4248 - val_loss: 0.2685 - val_mse: 0.2685 - val_mae: 0.4201 - 2s/epoch - 170ms/step
Epoch 190/10000

Epoch 190: val_loss did not improve from 0.26804
12/12 - 2s - loss: 0.2701 - mse: 0.2701 - mae: 0.4206 - val_loss: 0.2708 - val_mse: 0.2708 - val_mae: 0.4205 - 2s/epoch - 169ms/step
Epoch 191/10000

Epoch 191: val_loss did not improve from 0.26804
12/12 - 2s - loss: 0.2720 - mse: 0.2720 - mae: 0.4220 - val_loss: 0.2765 - val_mse: 0.2765 - val_mae: 0.4237 - 2s/epoch - 170ms/step
Epoch 192/10000

Epoch 192: val_loss did not improve from 0.26804
12/12 - 2s - loss: 0.2768 - mse: 0.2768 - mae: 0.4250 - val_loss: 0.2760 - val_mse: 0.2760 - val_mae: 0.4271 - 2s/epoch - 170ms/step
Epoch 193/10000

Epoch 193: val_loss did not improve from 0.26804
12/12 - 2s - loss: 0.2760 - mse: 0.2760 - mae: 0.4251 - val_loss: 0.2733 - val_mse: 0.2733 - val_mae: 0.4222 - 2s/epoch - 170ms/step
Epoch 194/10000

Epoch 194: val_loss did not improve from 0.26804
12/12 - 2s - loss: 0.2714 - mse: 0.2714 - mae: 0.4215 - val_loss: 0.2706 - val_mse: 0.2706 - val_mae: 0.4223 - 2s/epoch - 170ms/step
Epoch 195/10000

Epoch 195: val_loss did not improve from 0.26804
12/12 - 2s - loss: 0.2719 - mse: 0.2719 - mae: 0.4222 - val_loss: 0.2683 - val_mse: 0.2683 - val_mae: 0.4195 - 2s/epoch - 173ms/step
Epoch 196/10000

Epoch 196: val_loss did not improve from 0.26804
12/12 - 2s - loss: 0.2705 - mse: 0.2705 - mae: 0.4207 - val_loss: 0.2684 - val_mse: 0.2684 - val_mae: 0.4199 - 2s/epoch - 170ms/step
Epoch 197/10000

Epoch 197: val_loss did not improve from 0.26804
12/12 - 2s - loss: 0.2727 - mse: 0.2727 - mae: 0.4222 - val_loss: 0.2753 - val_mse: 0.2753 - val_mae: 0.4230 - 2s/epoch - 170ms/step
Epoch 198/10000

Epoch 198: val_loss did not improve from 0.26804
12/12 - 2s - loss: 0.2806 - mse: 0.2806 - mae: 0.4281 - val_loss: 0.2762 - val_mse: 0.2762 - val_mae: 0.4236 - 2s/epoch - 170ms/step
Epoch 199/10000

Epoch 199: val_loss did not improve from 0.26804
12/12 - 2s - loss: 0.2752 - mse: 0.2752 - mae: 0.4246 - val_loss: 0.2717 - val_mse: 0.2717 - val_mae: 0.4212 - 2s/epoch - 170ms/step
Epoch 200/10000

Epoch 200: val_loss did not improve from 0.26804
12/12 - 2s - loss: 0.2803 - mse: 0.2803 - mae: 0.4277 - val_loss: 0.2752 - val_mse: 0.2752 - val_mae: 0.4264 - 2s/epoch - 170ms/step
Epoch 201/10000

Epoch 201: val_loss did not improve from 0.26804
12/12 - 2s - loss: 0.2760 - mse: 0.2760 - mae: 0.4253 - val_loss: 0.2721 - val_mse: 0.2721 - val_mae: 0.4233 - 2s/epoch - 170ms/step
Epoch 202/10000

Epoch 202: val_loss did not improve from 0.26804
12/12 - 2s - loss: 0.2741 - mse: 0.2741 - mae: 0.4242 - val_loss: 0.3079 - val_mse: 0.3079 - val_mae: 0.4444 - 2s/epoch - 168ms/step
Epoch 203/10000

Epoch 203: val_loss did not improve from 0.26804
12/12 - 2s - loss: 0.2863 - mse: 0.2863 - mae: 0.4329 - val_loss: 0.2808 - val_mse: 0.2808 - val_mae: 0.4269 - 2s/epoch - 171ms/step
Epoch 204/10000

Epoch 204: val_loss did not improve from 0.26804
12/12 - 2s - loss: 0.2866 - mse: 0.2866 - mae: 0.4325 - val_loss: 0.2693 - val_mse: 0.2693 - val_mae: 0.4208 - 2s/epoch - 171ms/step
Epoch 205/10000

Epoch 205: val_loss did not improve from 0.26804
12/12 - 2s - loss: 0.2779 - mse: 0.2779 - mae: 0.4257 - val_loss: 0.2939 - val_mse: 0.2939 - val_mae: 0.4410 - 2s/epoch - 169ms/step
Epoch 206/10000

Epoch 206: val_loss did not improve from 0.26804
12/12 - 2s - loss: 0.2807 - mse: 0.2807 - mae: 0.4276 - val_loss: 0.2682 - val_mse: 0.2682 - val_mae: 0.4193 - 2s/epoch - 171ms/step
Epoch 207/10000

Epoch 207: val_loss did not improve from 0.26804
12/12 - 2s - loss: 0.2696 - mse: 0.2696 - mae: 0.4201 - val_loss: 0.2864 - val_mse: 0.2864 - val_mae: 0.4300 - 2s/epoch - 171ms/step
Epoch 208/10000

Epoch 208: val_loss did not improve from 0.26804
12/12 - 2s - loss: 0.2837 - mse: 0.2837 - mae: 0.4306 - val_loss: 0.2730 - val_mse: 0.2730 - val_mae: 0.4216 - 2s/epoch - 169ms/step
Epoch 209/10000

Epoch 209: val_loss did not improve from 0.26804
12/12 - 2s - loss: 0.2826 - mse: 0.2826 - mae: 0.4287 - val_loss: 0.3228 - val_mse: 0.3228 - val_mae: 0.4625 - 2s/epoch - 171ms/step
Epoch 210/10000

Epoch 210: val_loss did not improve from 0.26804
12/12 - 2s - loss: 0.2924 - mse: 0.2924 - mae: 0.4370 - val_loss: 0.2702 - val_mse: 0.2702 - val_mae: 0.4201 - 2s/epoch - 170ms/step
Epoch 211/10000

Epoch 211: val_loss did not improve from 0.26804
12/12 - 2s - loss: 0.2732 - mse: 0.2732 - mae: 0.4227 - val_loss: 0.2757 - val_mse: 0.2757 - val_mae: 0.4232 - 2s/epoch - 170ms/step
Epoch 212/10000

Epoch 212: val_loss did not improve from 0.26804
12/12 - 2s - loss: 0.2745 - mse: 0.2745 - mae: 0.4232 - val_loss: 0.2797 - val_mse: 0.2797 - val_mae: 0.4257 - 2s/epoch - 170ms/step
Epoch 213/10000

Epoch 213: val_loss did not improve from 0.26804
12/12 - 2s - loss: 0.2743 - mse: 0.2743 - mae: 0.4236 - val_loss: 0.2735 - val_mse: 0.2735 - val_mae: 0.4219 - 2s/epoch - 170ms/step
Epoch 214/10000

Epoch 214: val_loss did not improve from 0.26804
12/12 - 2s - loss: 0.2778 - mse: 0.2778 - mae: 0.4253 - val_loss: 0.2902 - val_mse: 0.2902 - val_mae: 0.4382 - 2s/epoch - 170ms/step
Epoch 215/10000

Epoch 215: val_loss did not improve from 0.26804
12/12 - 2s - loss: 0.2806 - mse: 0.2806 - mae: 0.4285 - val_loss: 0.2831 - val_mse: 0.2831 - val_mae: 0.4278 - 2s/epoch - 170ms/step
Epoch 216/10000

Epoch 216: val_loss did not improve from 0.26804
12/12 - 2s - loss: 0.2785 - mse: 0.2785 - mae: 0.4272 - val_loss: 0.2760 - val_mse: 0.2760 - val_mae: 0.4234 - 2s/epoch - 170ms/step
Epoch 217/10000

Epoch 217: val_loss did not improve from 0.26804
12/12 - 2s - loss: 0.2734 - mse: 0.2734 - mae: 0.4221 - val_loss: 0.2682 - val_mse: 0.2682 - val_mae: 0.4198 - 2s/epoch - 170ms/step
Epoch 218/10000

Epoch 218: val_loss did not improve from 0.26804
12/12 - 2s - loss: 0.2718 - mse: 0.2718 - mae: 0.4217 - val_loss: 0.2703 - val_mse: 0.2703 - val_mae: 0.4201 - 2s/epoch - 170ms/step
Epoch 219/10000

Epoch 219: val_loss did not improve from 0.26804
12/12 - 2s - loss: 0.2706 - mse: 0.2706 - mae: 0.4202 - val_loss: 0.2700 - val_mse: 0.2700 - val_mae: 0.4217 - 2s/epoch - 171ms/step
Epoch 220/10000

Epoch 220: val_loss did not improve from 0.26804
12/12 - 2s - loss: 0.2709 - mse: 0.2709 - mae: 0.4208 - val_loss: 0.2696 - val_mse: 0.2696 - val_mae: 0.4197 - 2s/epoch - 170ms/step
Epoch 221/10000

Epoch 221: val_loss improved from 0.26804 to 0.26802, saving model to ./results/NN_rms_regr/ResNet/recursion_45/ckpt_1
12/12 - 3s - loss: 0.2717 - mse: 0.2717 - mae: 0.4214 - val_loss: 0.2680 - val_mse: 0.2680 - val_mae: 0.4197 - 3s/epoch - 244ms/step
Epoch 222/10000

Epoch 222: val_loss did not improve from 0.26802
12/12 - 2s - loss: 0.2694 - mse: 0.2694 - mae: 0.4199 - val_loss: 0.2682 - val_mse: 0.2682 - val_mae: 0.4192 - 2s/epoch - 171ms/step
Epoch 223/10000

Epoch 223: val_loss did not improve from 0.26802
12/12 - 2s - loss: 0.2702 - mse: 0.2702 - mae: 0.4206 - val_loss: 0.2696 - val_mse: 0.2696 - val_mae: 0.4211 - 2s/epoch - 171ms/step
Epoch 224/10000

Epoch 224: val_loss did not improve from 0.26802
12/12 - 2s - loss: 0.2737 - mse: 0.2737 - mae: 0.4237 - val_loss: 0.2779 - val_mse: 0.2779 - val_mae: 0.4284 - 2s/epoch - 170ms/step
Epoch 225/10000

Epoch 225: val_loss did not improve from 0.26802
12/12 - 2s - loss: 0.2716 - mse: 0.2716 - mae: 0.4214 - val_loss: 0.2686 - val_mse: 0.2686 - val_mae: 0.4196 - 2s/epoch - 171ms/step
Epoch 226/10000

Epoch 226: val_loss did not improve from 0.26802
12/12 - 2s - loss: 0.2703 - mse: 0.2703 - mae: 0.4209 - val_loss: 0.2685 - val_mse: 0.2685 - val_mae: 0.4192 - 2s/epoch - 171ms/step
Epoch 227/10000

Epoch 227: val_loss did not improve from 0.26802
12/12 - 2s - loss: 0.2724 - mse: 0.2724 - mae: 0.4221 - val_loss: 0.2684 - val_mse: 0.2684 - val_mae: 0.4192 - 2s/epoch - 171ms/step
Epoch 228/10000

Epoch 228: val_loss did not improve from 0.26802
12/12 - 2s - loss: 0.2769 - mse: 0.2769 - mae: 0.4252 - val_loss: 0.2703 - val_mse: 0.2703 - val_mae: 0.4203 - 2s/epoch - 170ms/step
Epoch 229/10000

Epoch 229: val_loss did not improve from 0.26802
12/12 - 2s - loss: 0.2703 - mse: 0.2703 - mae: 0.4200 - val_loss: 0.2769 - val_mse: 0.2769 - val_mae: 0.4241 - 2s/epoch - 170ms/step
Epoch 230/10000

Epoch 230: val_loss did not improve from 0.26802
12/12 - 2s - loss: 0.2759 - mse: 0.2759 - mae: 0.4248 - val_loss: 0.2701 - val_mse: 0.2701 - val_mae: 0.4200 - 2s/epoch - 170ms/step
Epoch 231/10000

Epoch 231: val_loss did not improve from 0.26802
12/12 - 2s - loss: 0.2712 - mse: 0.2712 - mae: 0.4208 - val_loss: 0.2756 - val_mse: 0.2756 - val_mae: 0.4265 - 2s/epoch - 171ms/step
Epoch 232/10000

Epoch 232: val_loss did not improve from 0.26802
12/12 - 2s - loss: 0.2746 - mse: 0.2746 - mae: 0.4240 - val_loss: 0.3000 - val_mse: 0.3000 - val_mae: 0.4391 - 2s/epoch - 170ms/step
Epoch 233/10000

Epoch 233: val_loss did not improve from 0.26802
12/12 - 2s - loss: 0.2852 - mse: 0.2852 - mae: 0.4314 - val_loss: 0.2729 - val_mse: 0.2729 - val_mae: 0.4241 - 2s/epoch - 170ms/step
Epoch 234/10000

Epoch 234: val_loss did not improve from 0.26802
12/12 - 2s - loss: 0.2717 - mse: 0.2717 - mae: 0.4218 - val_loss: 0.2703 - val_mse: 0.2703 - val_mae: 0.4202 - 2s/epoch - 169ms/step
Epoch 235/10000

Epoch 235: val_loss did not improve from 0.26802
12/12 - 2s - loss: 0.2711 - mse: 0.2711 - mae: 0.4205 - val_loss: 0.3152 - val_mse: 0.3152 - val_mae: 0.4569 - 2s/epoch - 170ms/step
Epoch 236/10000

Epoch 236: val_loss did not improve from 0.26802
12/12 - 2s - loss: 0.2844 - mse: 0.2844 - mae: 0.4300 - val_loss: 0.2689 - val_mse: 0.2689 - val_mae: 0.4195 - 2s/epoch - 169ms/step
Epoch 237/10000

Epoch 237: val_loss did not improve from 0.26802
12/12 - 2s - loss: 0.2703 - mse: 0.2703 - mae: 0.4207 - val_loss: 0.2681 - val_mse: 0.2681 - val_mae: 0.4193 - 2s/epoch - 171ms/step
Epoch 238/10000

Epoch 238: val_loss did not improve from 0.26802
12/12 - 2s - loss: 0.2742 - mse: 0.2742 - mae: 0.4237 - val_loss: 0.2764 - val_mse: 0.2764 - val_mae: 0.4271 - 2s/epoch - 170ms/step
Epoch 239/10000

Epoch 239: val_loss did not improve from 0.26802
12/12 - 2s - loss: 0.2740 - mse: 0.2740 - mae: 0.4225 - val_loss: 0.2857 - val_mse: 0.2857 - val_mae: 0.4347 - 2s/epoch - 170ms/step
Epoch 240/10000

Epoch 240: val_loss did not improve from 0.26802
12/12 - 2s - loss: 0.2753 - mse: 0.2753 - mae: 0.4244 - val_loss: 0.2683 - val_mse: 0.2683 - val_mae: 0.4192 - 2s/epoch - 170ms/step
Epoch 241/10000

Epoch 241: val_loss did not improve from 0.26802
12/12 - 2s - loss: 0.2708 - mse: 0.2708 - mae: 0.4204 - val_loss: 0.2698 - val_mse: 0.2698 - val_mae: 0.4215 - 2s/epoch - 170ms/step
Epoch 242/10000

Epoch 242: val_loss did not improve from 0.26802
12/12 - 2s - loss: 0.2747 - mse: 0.2747 - mae: 0.4233 - val_loss: 0.2703 - val_mse: 0.2703 - val_mae: 0.4220 - 2s/epoch - 169ms/step
Epoch 243/10000

Epoch 243: val_loss did not improve from 0.26802
12/12 - 2s - loss: 0.2699 - mse: 0.2699 - mae: 0.4203 - val_loss: 0.2777 - val_mse: 0.2777 - val_mae: 0.4244 - 2s/epoch - 170ms/step
Epoch 244/10000

Epoch 244: val_loss did not improve from 0.26802
12/12 - 2s - loss: 0.2729 - mse: 0.2729 - mae: 0.4220 - val_loss: 0.2681 - val_mse: 0.2681 - val_mae: 0.4194 - 2s/epoch - 169ms/step
Epoch 245/10000

Epoch 245: val_loss did not improve from 0.26802
12/12 - 2s - loss: 0.2700 - mse: 0.2700 - mae: 0.4202 - val_loss: 0.2683 - val_mse: 0.2683 - val_mae: 0.4197 - 2s/epoch - 170ms/step
Epoch 246/10000

Epoch 246: val_loss did not improve from 0.26802
12/12 - 2s - loss: 0.2692 - mse: 0.2692 - mae: 0.4193 - val_loss: 0.2802 - val_mse: 0.2802 - val_mae: 0.4302 - 2s/epoch - 171ms/step
Epoch 247/10000

Epoch 247: val_loss did not improve from 0.26802
12/12 - 2s - loss: 0.2803 - mse: 0.2803 - mae: 0.4268 - val_loss: 0.2716 - val_mse: 0.2716 - val_mae: 0.4233 - 2s/epoch - 170ms/step
Epoch 248/10000

Epoch 248: val_loss did not improve from 0.26802
12/12 - 2s - loss: 0.2764 - mse: 0.2764 - mae: 0.4247 - val_loss: 0.2684 - val_mse: 0.2684 - val_mae: 0.4198 - 2s/epoch - 170ms/step
Epoch 249/10000

Epoch 249: val_loss did not improve from 0.26802
12/12 - 2s - loss: 0.2750 - mse: 0.2750 - mae: 0.4242 - val_loss: 0.2761 - val_mse: 0.2761 - val_mae: 0.4270 - 2s/epoch - 170ms/step
Epoch 250/10000

Epoch 250: val_loss did not improve from 0.26802
12/12 - 2s - loss: 0.2720 - mse: 0.2720 - mae: 0.4216 - val_loss: 0.2752 - val_mse: 0.2752 - val_mae: 0.4262 - 2s/epoch - 170ms/step
Epoch 251/10000

Epoch 251: val_loss did not improve from 0.26802
12/12 - 2s - loss: 0.2779 - mse: 0.2779 - mae: 0.4255 - val_loss: 0.2774 - val_mse: 0.2774 - val_mae: 0.4280 - 2s/epoch - 170ms/step
Epoch 252/10000

Epoch 252: val_loss did not improve from 0.26802
12/12 - 2s - loss: 0.2763 - mse: 0.2763 - mae: 0.4243 - val_loss: 0.2698 - val_mse: 0.2698 - val_mae: 0.4217 - 2s/epoch - 169ms/step
Epoch 253/10000

Epoch 253: val_loss did not improve from 0.26802
12/12 - 2s - loss: 0.2705 - mse: 0.2705 - mae: 0.4206 - val_loss: 0.2683 - val_mse: 0.2683 - val_mae: 0.4191 - 2s/epoch - 170ms/step
Epoch 254/10000

Epoch 254: val_loss did not improve from 0.26802
12/12 - 2s - loss: 0.2709 - mse: 0.2709 - mae: 0.4210 - val_loss: 0.2737 - val_mse: 0.2737 - val_mae: 0.4246 - 2s/epoch - 171ms/step
Epoch 255/10000

Epoch 255: val_loss did not improve from 0.26802
12/12 - 2s - loss: 0.2715 - mse: 0.2715 - mae: 0.4211 - val_loss: 0.2750 - val_mse: 0.2750 - val_mae: 0.4259 - 2s/epoch - 170ms/step
Epoch 256/10000

Epoch 256: val_loss did not improve from 0.26802
12/12 - 2s - loss: 0.2711 - mse: 0.2711 - mae: 0.4213 - val_loss: 0.2757 - val_mse: 0.2757 - val_mae: 0.4232 - 2s/epoch - 170ms/step
Epoch 257/10000

Epoch 257: val_loss did not improve from 0.26802
12/12 - 2s - loss: 0.2735 - mse: 0.2735 - mae: 0.4231 - val_loss: 0.2689 - val_mse: 0.2689 - val_mae: 0.4197 - 2s/epoch - 171ms/step
Epoch 258/10000

Epoch 258: val_loss did not improve from 0.26802
12/12 - 2s - loss: 0.2772 - mse: 0.2772 - mae: 0.4252 - val_loss: 0.3169 - val_mse: 0.3169 - val_mae: 0.4582 - 2s/epoch - 169ms/step
Epoch 259/10000

Epoch 259: val_loss did not improve from 0.26802
12/12 - 2s - loss: 0.2868 - mse: 0.2868 - mae: 0.4331 - val_loss: 0.2760 - val_mse: 0.2760 - val_mae: 0.4270 - 2s/epoch - 169ms/step
Epoch 260/10000

Epoch 260: val_loss did not improve from 0.26802
12/12 - 2s - loss: 0.2724 - mse: 0.2724 - mae: 0.4222 - val_loss: 0.2751 - val_mse: 0.2751 - val_mae: 0.4259 - 2s/epoch - 170ms/step
Epoch 261/10000

Epoch 261: val_loss did not improve from 0.26802
12/12 - 2s - loss: 0.2719 - mse: 0.2719 - mae: 0.4214 - val_loss: 0.2763 - val_mse: 0.2763 - val_mae: 0.4235 - 2s/epoch - 170ms/step
Epoch 262/10000

Epoch 262: val_loss did not improve from 0.26802
12/12 - 2s - loss: 0.2763 - mse: 0.2763 - mae: 0.4255 - val_loss: 0.2686 - val_mse: 0.2686 - val_mae: 0.4193 - 2s/epoch - 171ms/step
Epoch 263/10000

Epoch 263: val_loss did not improve from 0.26802
12/12 - 2s - loss: 0.2719 - mse: 0.2719 - mae: 0.4216 - val_loss: 0.2905 - val_mse: 0.2905 - val_mae: 0.4385 - 2s/epoch - 170ms/step
Epoch 264/10000

Epoch 264: val_loss did not improve from 0.26802
12/12 - 2s - loss: 0.2733 - mse: 0.2733 - mae: 0.4226 - val_loss: 0.2684 - val_mse: 0.2684 - val_mae: 0.4196 - 2s/epoch - 170ms/step
Epoch 265/10000

Epoch 265: val_loss did not improve from 0.26802
12/12 - 2s - loss: 0.2794 - mse: 0.2794 - mae: 0.4276 - val_loss: 0.2724 - val_mse: 0.2724 - val_mae: 0.4239 - 2s/epoch - 171ms/step
Epoch 266/10000

Epoch 266: val_loss did not improve from 0.26802
12/12 - 2s - loss: 0.2779 - mse: 0.2779 - mae: 0.4256 - val_loss: 0.2825 - val_mse: 0.2825 - val_mae: 0.4276 - 2s/epoch - 170ms/step
Epoch 267/10000

Epoch 267: val_loss did not improve from 0.26802
12/12 - 2s - loss: 0.2880 - mse: 0.2880 - mae: 0.4335 - val_loss: 0.3191 - val_mse: 0.3191 - val_mae: 0.4518 - 2s/epoch - 170ms/step
Epoch 268/10000

Epoch 268: val_loss did not improve from 0.26802
12/12 - 2s - loss: 0.2891 - mse: 0.2891 - mae: 0.4346 - val_loss: 0.2926 - val_mse: 0.2926 - val_mae: 0.4342 - 2s/epoch - 169ms/step
Epoch 269/10000

Epoch 269: val_loss did not improve from 0.26802
12/12 - 2s - loss: 0.2827 - mse: 0.2827 - mae: 0.4285 - val_loss: 0.2934 - val_mse: 0.2934 - val_mae: 0.4406 - 2s/epoch - 171ms/step
Epoch 270/10000

Epoch 270: val_loss did not improve from 0.26802
12/12 - 2s - loss: 0.2818 - mse: 0.2818 - mae: 0.4295 - val_loss: 0.2758 - val_mse: 0.2758 - val_mae: 0.4234 - 2s/epoch - 171ms/step
Epoch 271/10000

Epoch 271: val_loss did not improve from 0.26802
12/12 - 2s - loss: 0.2798 - mse: 0.2798 - mae: 0.4274 - val_loss: 0.2702 - val_mse: 0.2702 - val_mae: 0.4201 - 2s/epoch - 170ms/step
Epoch 271: early stopping
