[ 13.14519438  30.04553007  46.53366244  63.02179482  79.5099272
  95.99805957 112.48619195 128.97432432 145.4624567  161.95058908
 178.43872145 194.92685383 211.41498621 227.90311858 244.39125096
 260.87938334 277.36751571 293.85564809 310.34378047 326.83191284
 343.32004522 359.80817759 376.29630997 392.78444235 409.27257472
 425.7607071 ]
Before undersampling: [(0, 375), (1, 834), (2, 3661), (3, 4955), (4, 3156), (5, 2425), (6, 2195), (7, 1862), (8, 1648), (9, 1497), (10, 1418), (11, 1313), (12, 1182), (13, 1082), (14, 902), (15, 843), (16, 708), (17, 675), (18, 486), (19, 429), (20, 347), (21, 282), (22, 251), (23, 195), (24, 209)]
After undersampling: [(0, 189), (1, 406), (2, 2569), (3, 3377), (4, 2269), (5, 1753), (6, 1575), (7, 1337), (8, 1142), (9, 1029), (10, 1049), (11, 891), (12, 831), (13, 796), (14, 616), (15, 562), (16, 475), (17, 475), (18, 339), (19, 288), (20, 217), (21, 178), (22, 173), (23, 195), (24, 161)]
            label  HH_0_0_x  HV_0_0_x  IA_0_0_x       FYI      DFYI       MYI     rms_0     thk_1     rms_1     thk_2     rms_2     thk_3     rms_3  ...    3         4    5         6         7         8         9        10   11        12   13        14        15                                                CNN
0       18.308699  0.266667  0.090196  0.123021  0.817596  0.143607  0.038797  4.485203  1.157927  4.464939  1.150454  4.474388  1.122676  4.417582  ...  0.0  1.005333  0.0  0.594948  0.618184  0.810332  0.277694  0.924367  0.0  0.722930  0.0  0.682425  0.527316  [[[[0.1215686274509803], [0.1229846729951746],...
1       28.529875  0.149020  0.050980  0.085859  0.971975  0.024943  0.003082  4.354360  1.066488  4.330138  1.060653  4.299347  1.076569  4.264032  ...  0.0  1.135852  0.0  0.700536  0.678905  0.911799  0.298064  1.071377  0.0  0.825808  0.0  0.802435  0.583284  [[[[0.1490196078431372], [0.0859006320728975],...
2       24.633192  0.215686  0.062745  0.108563  0.411532  0.493421  0.095047  4.789936  1.224773  4.742961  1.173821  4.737810  1.195840  4.725315  ...  0.0  1.013707  0.0  0.641994  0.559938  0.847472  0.309536  0.949334  0.0  0.724939  0.0  0.728779  0.479420  [[[[0.1490196078431372], [0.1085244122673483],...
3       15.821038  0.098039  0.074510  0.141190  0.994301  0.001843  0.003856  4.170600  1.085061  3.999730  1.074666  4.068058  1.087618  4.017404  ...  0.0  1.025897  0.0  0.561721  0.680289  0.757523  0.194467  0.929989  0.0  0.743826  0.0  0.660301  0.584921  [[[[0.1294117647058823], [0.1411560656977634],...
4       14.508147  0.200000  0.050980  0.114719  0.725646  0.225838  0.048515  4.556706  1.152209  4.557776  1.118233  4.505064  1.143848  4.512539  ...  0.0  0.972938  0.0  0.594604  0.529476  0.785848  0.298319  0.860967  0.0  0.716006  0.0  0.694635  0.490751  [[[[0.2196078431372549], [0.1146810195025275],...
...           ...       ...       ...       ...       ...       ...       ...       ...       ...       ...       ...       ...       ...       ...  ...  ...       ...  ...       ...       ...       ...       ...       ...  ...       ...  ...       ...       ...                                                ...
22887  410.150134  0.278431  0.105882  0.080638  0.271956  0.003331  0.724713  4.974597  1.193015  4.883787  1.184847  4.923381  1.187656  4.904520  ...  0.0  1.156851  0.0  0.728820  0.670855  0.950185  0.326065  1.093004  0.0  0.834129  0.0  0.829957  0.573284  [[[[0.3019607843137254], [0.0806800917083141],...
22888  424.042418  0.282353  0.066667  0.149433  0.555378  0.061723  0.382898  4.731061  1.220450  4.833013  1.211024  4.808225  1.225502  4.756752  ...  0.0  0.945098  0.0  0.528045  0.526673  0.715281  0.199913  0.853262  0.0  0.678457  0.0  0.622234  0.460721  [[[[0.2], [0.1494652841605392], [0.06666666666...
22889  421.196328  0.631373  0.466667  0.154089  0.004261  0.000064  0.995674  1.187829  0.197352  0.941815  0.203265  0.245285  0.157730  0.213412  ...  0.0  0.644292  0.0  0.466233  0.184014  0.544459  0.317551  0.496343  0.0  0.488684  0.0  0.521621  0.200857  [[[[0.596078431372549], [0.1541208603802849], ...
22890  416.289186  0.517647  0.160784  0.153404  0.011037  0.000341  0.988622  1.187829  0.197352  0.941815  0.203265  0.245285  0.157730  0.213412  ...  0.0  0.792541  0.0  0.518223  0.461039  0.679398  0.335284  0.699151  0.0  0.512142  0.0  0.532694  0.315921  [[[[0.4078431372549019], [0.1534358903473499],...
22891  423.194662  0.341176  0.274510  0.153307  0.003870  0.000024  0.996105  1.187829  0.197352  0.941815  0.203265  0.245285  0.157730  0.213412  ...  0.0  0.712026  0.0  0.452670  0.356484  0.560431  0.500874  0.445316  0.0  0.508642  0.0  0.462847  0.257479  [[[[0.5686274509803921], [0.1533395804610907],...

[22892 rows x 128 columns]
Size of dataset: (22892, 127)
*************************** Fold #: 1 ***************************
Model: "model"
__________________________________________________________________________________________________
 Layer (type)                   Output Shape         Param #     Connected to                     
==================================================================================================
 conv (InputLayer)              [(None, 7, 7, 3, 1)  0           []                               
                                ]                                                                 
                                                                                                  
 zero_padding3d (ZeroPadding3D)  (None, 8, 8, 4, 1)  0           ['conv[0][0]']                   
                                                                                                  
 conv3d (Conv3D)                (None, 8, 8, 4, 8)   224         ['zero_padding3d[0][0]']         
                                                                                                  
 max_pooling3d (MaxPooling3D)   (None, 4, 4, 2, 8)   0           ['conv3d[0][0]']                 
                                                                                                  
 conv3d_1 (Conv3D)              (None, 4, 4, 2, 4)   868         ['max_pooling3d[0][0]']          
                                                                                                  
 max_pooling3d_1 (MaxPooling3D)  (None, 2, 2, 1, 4)  0           ['conv3d_1[0][0]']               
                                                                                                  
 cat (InputLayer)               [(None, 126)]        0           []                               
                                                                                                  
 flatten (Flatten)              (None, 16)           0           ['max_pooling3d_1[0][0]']        
                                                                                                  
 concatenate (Concatenate)      (None, 142)          0           ['cat[0][0]',                    
                                                                  'flatten[0][0]']                
                                                                                                  
 dense (Dense)                  (None, 200)          28600       ['concatenate[0][0]']            
                                                                                                  
 dense_1 (Dense)                (None, 200)          40200       ['dense[0][0]']                  
                                                                                                  
 dense_2 (Dense)                (None, 200)          40200       ['dense_1[0][0]']                
                                                                                                  
 dense_3 (Dense)                (None, 200)          40200       ['dense_2[0][0]']                
                                                                                                  
 dense_4 (Dense)                (None, 200)          40200       ['dense_3[0][0]']                
                                                                                                  
 dense_5 (Dense)                (None, 1)            201         ['dense_4[0][0]']                
                                                                                                  
==================================================================================================
Total params: 190,693
Trainable params: 190,693
Non-trainable params: 0
__________________________________________________________________________________________________
Epoch 1/10000

Epoch 1: val_loss improved from inf to 1.38134, saving model to ./results/NN_rms_regr/ResNet/recursion_9/ckpt_1
12/12 - 3s - loss: 10.4266 - mse: 10.4266 - mae: 2.8348 - val_loss: 1.3813 - val_mse: 1.3813 - val_mae: 0.8216 - 3s/epoch - 281ms/step
Epoch 2/10000

Epoch 2: val_loss improved from 1.38134 to 1.02666, saving model to ./results/NN_rms_regr/ResNet/recursion_9/ckpt_1
12/12 - 3s - loss: 1.7275 - mse: 1.7275 - mae: 1.0122 - val_loss: 1.0267 - val_mse: 1.0267 - val_mae: 0.6438 - 3s/epoch - 231ms/step
Epoch 3/10000

Epoch 3: val_loss improved from 1.02666 to 0.90971, saving model to ./results/NN_rms_regr/ResNet/recursion_9/ckpt_1
12/12 - 3s - loss: 1.0303 - mse: 1.0303 - mae: 0.6583 - val_loss: 0.9097 - val_mse: 0.9097 - val_mae: 0.6024 - 3s/epoch - 231ms/step
Epoch 4/10000

Epoch 4: val_loss improved from 0.90971 to 0.71098, saving model to ./results/NN_rms_regr/ResNet/recursion_9/ckpt_1
12/12 - 3s - loss: 0.8141 - mse: 0.8141 - mae: 0.5722 - val_loss: 0.7110 - val_mse: 0.7110 - val_mae: 0.5500 - 3s/epoch - 230ms/step
Epoch 5/10000

Epoch 5: val_loss improved from 0.71098 to 0.37466, saving model to ./results/NN_rms_regr/ResNet/recursion_9/ckpt_1
12/12 - 3s - loss: 0.5666 - mse: 0.5666 - mae: 0.5239 - val_loss: 0.3747 - val_mse: 0.3747 - val_mae: 0.4763 - 3s/epoch - 230ms/step
Epoch 6/10000

Epoch 6: val_loss improved from 0.37466 to 0.34040, saving model to ./results/NN_rms_regr/ResNet/recursion_9/ckpt_1
12/12 - 3s - loss: 0.3118 - mse: 0.3118 - mae: 0.4498 - val_loss: 0.3404 - val_mse: 0.3404 - val_mae: 0.4712 - 3s/epoch - 230ms/step
Epoch 7/10000

Epoch 7: val_loss improved from 0.34040 to 0.28640, saving model to ./results/NN_rms_regr/ResNet/recursion_9/ckpt_1
12/12 - 3s - loss: 0.2990 - mse: 0.2990 - mae: 0.4430 - val_loss: 0.2864 - val_mse: 0.2864 - val_mae: 0.4320 - 3s/epoch - 244ms/step
Epoch 8/10000

Epoch 8: val_loss improved from 0.28640 to 0.28121, saving model to ./results/NN_rms_regr/ResNet/recursion_9/ckpt_1
12/12 - 3s - loss: 0.2879 - mse: 0.2879 - mae: 0.4348 - val_loss: 0.2812 - val_mse: 0.2812 - val_mae: 0.4297 - 3s/epoch - 243ms/step
Epoch 9/10000

Epoch 9: val_loss improved from 0.28121 to 0.27636, saving model to ./results/NN_rms_regr/ResNet/recursion_9/ckpt_1
12/12 - 3s - loss: 0.2856 - mse: 0.2856 - mae: 0.4340 - val_loss: 0.2764 - val_mse: 0.2764 - val_mae: 0.4274 - 3s/epoch - 237ms/step
Epoch 10/10000

Epoch 10: val_loss did not improve from 0.27636
12/12 - 2s - loss: 0.2848 - mse: 0.2848 - mae: 0.4326 - val_loss: 0.2764 - val_mse: 0.2764 - val_mae: 0.4273 - 2s/epoch - 169ms/step
Epoch 11/10000

Epoch 11: val_loss improved from 0.27636 to 0.27633, saving model to ./results/NN_rms_regr/ResNet/recursion_9/ckpt_1
12/12 - 3s - loss: 0.2815 - mse: 0.2815 - mae: 0.4304 - val_loss: 0.2763 - val_mse: 0.2763 - val_mae: 0.4277 - 3s/epoch - 241ms/step
Epoch 12/10000

Epoch 12: val_loss did not improve from 0.27633
12/12 - 2s - loss: 0.2790 - mse: 0.2790 - mae: 0.4291 - val_loss: 0.2778 - val_mse: 0.2778 - val_mae: 0.4286 - 2s/epoch - 168ms/step
Epoch 13/10000

Epoch 13: val_loss improved from 0.27633 to 0.27419, saving model to ./results/NN_rms_regr/ResNet/recursion_9/ckpt_1
12/12 - 3s - loss: 0.2791 - mse: 0.2791 - mae: 0.4286 - val_loss: 0.2742 - val_mse: 0.2742 - val_mae: 0.4246 - 3s/epoch - 242ms/step
Epoch 14/10000

Epoch 14: val_loss did not improve from 0.27419
12/12 - 2s - loss: 0.2785 - mse: 0.2785 - mae: 0.4278 - val_loss: 0.2824 - val_mse: 0.2824 - val_mae: 0.4288 - 2s/epoch - 169ms/step
Epoch 15/10000

Epoch 15: val_loss did not improve from 0.27419
12/12 - 2s - loss: 0.2827 - mse: 0.2827 - mae: 0.4305 - val_loss: 0.2758 - val_mse: 0.2758 - val_mae: 0.4247 - 2s/epoch - 168ms/step
Epoch 16/10000

Epoch 16: val_loss did not improve from 0.27419
12/12 - 2s - loss: 0.2776 - mse: 0.2776 - mae: 0.4267 - val_loss: 0.2775 - val_mse: 0.2775 - val_mae: 0.4254 - 2s/epoch - 169ms/step
Epoch 17/10000

Epoch 17: val_loss did not improve from 0.27419
12/12 - 2s - loss: 0.2787 - mse: 0.2787 - mae: 0.4269 - val_loss: 0.2790 - val_mse: 0.2790 - val_mae: 0.4288 - 2s/epoch - 168ms/step
Epoch 18/10000

Epoch 18: val_loss did not improve from 0.27419
12/12 - 2s - loss: 0.2810 - mse: 0.2810 - mae: 0.4291 - val_loss: 0.2766 - val_mse: 0.2766 - val_mae: 0.4265 - 2s/epoch - 168ms/step
Epoch 19/10000

Epoch 19: val_loss did not improve from 0.27419
12/12 - 2s - loss: 0.2805 - mse: 0.2805 - mae: 0.4276 - val_loss: 0.2759 - val_mse: 0.2759 - val_mae: 0.4258 - 2s/epoch - 170ms/step
Epoch 20/10000

Epoch 20: val_loss did not improve from 0.27419
12/12 - 2s - loss: 0.2776 - mse: 0.2776 - mae: 0.4262 - val_loss: 0.2742 - val_mse: 0.2742 - val_mae: 0.4230 - 2s/epoch - 168ms/step
Epoch 21/10000

Epoch 21: val_loss did not improve from 0.27419
12/12 - 2s - loss: 0.2797 - mse: 0.2797 - mae: 0.4271 - val_loss: 0.2773 - val_mse: 0.2773 - val_mae: 0.4268 - 2s/epoch - 169ms/step
Epoch 22/10000

Epoch 22: val_loss did not improve from 0.27419
12/12 - 2s - loss: 0.2784 - mse: 0.2784 - mae: 0.4266 - val_loss: 0.2768 - val_mse: 0.2768 - val_mae: 0.4263 - 2s/epoch - 169ms/step
Epoch 23/10000

Epoch 23: val_loss did not improve from 0.27419
12/12 - 2s - loss: 0.2805 - mse: 0.2805 - mae: 0.4278 - val_loss: 0.2764 - val_mse: 0.2764 - val_mae: 0.4238 - 2s/epoch - 168ms/step
Epoch 24/10000

Epoch 24: val_loss improved from 0.27419 to 0.27345, saving model to ./results/NN_rms_regr/ResNet/recursion_9/ckpt_1
12/12 - 3s - loss: 0.2801 - mse: 0.2801 - mae: 0.4275 - val_loss: 0.2734 - val_mse: 0.2734 - val_mae: 0.4231 - 3s/epoch - 243ms/step
Epoch 25/10000

Epoch 25: val_loss improved from 0.27345 to 0.27335, saving model to ./results/NN_rms_regr/ResNet/recursion_9/ckpt_1
12/12 - 3s - loss: 0.2778 - mse: 0.2778 - mae: 0.4256 - val_loss: 0.2734 - val_mse: 0.2734 - val_mae: 0.4223 - 3s/epoch - 238ms/step
Epoch 26/10000

Epoch 26: val_loss improved from 0.27335 to 0.27247, saving model to ./results/NN_rms_regr/ResNet/recursion_9/ckpt_1
12/12 - 3s - loss: 0.2805 - mse: 0.2805 - mae: 0.4268 - val_loss: 0.2725 - val_mse: 0.2725 - val_mae: 0.4217 - 3s/epoch - 242ms/step
Epoch 27/10000

Epoch 27: val_loss did not improve from 0.27247
12/12 - 2s - loss: 0.2807 - mse: 0.2807 - mae: 0.4277 - val_loss: 0.2771 - val_mse: 0.2771 - val_mae: 0.4263 - 2s/epoch - 170ms/step
Epoch 28/10000

Epoch 28: val_loss did not improve from 0.27247
12/12 - 2s - loss: 0.2778 - mse: 0.2778 - mae: 0.4257 - val_loss: 0.2726 - val_mse: 0.2726 - val_mae: 0.4219 - 2s/epoch - 169ms/step
Epoch 29/10000

Epoch 29: val_loss did not improve from 0.27247
12/12 - 2s - loss: 0.2771 - mse: 0.2771 - mae: 0.4243 - val_loss: 0.2746 - val_mse: 0.2746 - val_mae: 0.4241 - 2s/epoch - 169ms/step
Epoch 30/10000

Epoch 30: val_loss did not improve from 0.27247
12/12 - 2s - loss: 0.2761 - mse: 0.2761 - mae: 0.4240 - val_loss: 0.2857 - val_mse: 0.2857 - val_mae: 0.4328 - 2s/epoch - 168ms/step
Epoch 31/10000

Epoch 31: val_loss did not improve from 0.27247
12/12 - 2s - loss: 0.2801 - mse: 0.2801 - mae: 0.4261 - val_loss: 0.2727 - val_mse: 0.2727 - val_mae: 0.4216 - 2s/epoch - 168ms/step
Epoch 32/10000

Epoch 32: val_loss improved from 0.27247 to 0.27198, saving model to ./results/NN_rms_regr/ResNet/recursion_9/ckpt_1
12/12 - 3s - loss: 0.2802 - mse: 0.2802 - mae: 0.4266 - val_loss: 0.2720 - val_mse: 0.2720 - val_mae: 0.4208 - 3s/epoch - 243ms/step
Epoch 33/10000

Epoch 33: val_loss did not improve from 0.27198
12/12 - 2s - loss: 0.2779 - mse: 0.2779 - mae: 0.4242 - val_loss: 0.2769 - val_mse: 0.2769 - val_mae: 0.4262 - 2s/epoch - 168ms/step
Epoch 34/10000

Epoch 34: val_loss did not improve from 0.27198
12/12 - 2s - loss: 0.2787 - mse: 0.2787 - mae: 0.4257 - val_loss: 0.2756 - val_mse: 0.2756 - val_mae: 0.4222 - 2s/epoch - 169ms/step
Epoch 35/10000

Epoch 35: val_loss did not improve from 0.27198
12/12 - 2s - loss: 0.2791 - mse: 0.2791 - mae: 0.4254 - val_loss: 0.2935 - val_mse: 0.2935 - val_mae: 0.4392 - 2s/epoch - 169ms/step
Epoch 36/10000

Epoch 36: val_loss did not improve from 0.27198
12/12 - 2s - loss: 0.2808 - mse: 0.2808 - mae: 0.4268 - val_loss: 0.2739 - val_mse: 0.2739 - val_mae: 0.4213 - 2s/epoch - 170ms/step
Epoch 37/10000

Epoch 37: val_loss did not improve from 0.27198
12/12 - 2s - loss: 0.2775 - mse: 0.2775 - mae: 0.4243 - val_loss: 0.2724 - val_mse: 0.2724 - val_mae: 0.4213 - 2s/epoch - 169ms/step
Epoch 38/10000

Epoch 38: val_loss improved from 0.27198 to 0.27169, saving model to ./results/NN_rms_regr/ResNet/recursion_9/ckpt_1
12/12 - 3s - loss: 0.2754 - mse: 0.2754 - mae: 0.4235 - val_loss: 0.2717 - val_mse: 0.2717 - val_mae: 0.4205 - 3s/epoch - 237ms/step
Epoch 39/10000

Epoch 39: val_loss did not improve from 0.27169
12/12 - 2s - loss: 0.2755 - mse: 0.2755 - mae: 0.4232 - val_loss: 0.2731 - val_mse: 0.2731 - val_mae: 0.4212 - 2s/epoch - 169ms/step
Epoch 40/10000

Epoch 40: val_loss did not improve from 0.27169
12/12 - 2s - loss: 0.2802 - mse: 0.2802 - mae: 0.4254 - val_loss: 0.2758 - val_mse: 0.2758 - val_mae: 0.4249 - 2s/epoch - 168ms/step
Epoch 41/10000

Epoch 41: val_loss did not improve from 0.27169
12/12 - 2s - loss: 0.2779 - mse: 0.2779 - mae: 0.4251 - val_loss: 0.2736 - val_mse: 0.2736 - val_mae: 0.4213 - 2s/epoch - 168ms/step
Epoch 42/10000

Epoch 42: val_loss did not improve from 0.27169
12/12 - 2s - loss: 0.2766 - mse: 0.2766 - mae: 0.4239 - val_loss: 0.2720 - val_mse: 0.2720 - val_mae: 0.4208 - 2s/epoch - 169ms/step
Epoch 43/10000

Epoch 43: val_loss did not improve from 0.27169
12/12 - 2s - loss: 0.2765 - mse: 0.2765 - mae: 0.4232 - val_loss: 0.2730 - val_mse: 0.2730 - val_mae: 0.4219 - 2s/epoch - 169ms/step
Epoch 44/10000

Epoch 44: val_loss did not improve from 0.27169
12/12 - 2s - loss: 0.2763 - mse: 0.2763 - mae: 0.4232 - val_loss: 0.2745 - val_mse: 0.2745 - val_mae: 0.4213 - 2s/epoch - 168ms/step
Epoch 45/10000

Epoch 45: val_loss did not improve from 0.27169
12/12 - 2s - loss: 0.2755 - mse: 0.2755 - mae: 0.4229 - val_loss: 0.2717 - val_mse: 0.2717 - val_mae: 0.4205 - 2s/epoch - 169ms/step
Epoch 46/10000

Epoch 46: val_loss did not improve from 0.27169
12/12 - 2s - loss: 0.2782 - mse: 0.2782 - mae: 0.4242 - val_loss: 0.2790 - val_mse: 0.2790 - val_mae: 0.4277 - 2s/epoch - 169ms/step
Epoch 47/10000

Epoch 47: val_loss improved from 0.27169 to 0.27161, saving model to ./results/NN_rms_regr/ResNet/recursion_9/ckpt_1
12/12 - 3s - loss: 0.2800 - mse: 0.2800 - mae: 0.4261 - val_loss: 0.2716 - val_mse: 0.2716 - val_mae: 0.4204 - 3s/epoch - 241ms/step
Epoch 48/10000

Epoch 48: val_loss did not improve from 0.27161
12/12 - 2s - loss: 0.2775 - mse: 0.2775 - mae: 0.4242 - val_loss: 0.2737 - val_mse: 0.2737 - val_mae: 0.4208 - 2s/epoch - 169ms/step
Epoch 49/10000

Epoch 49: val_loss did not improve from 0.27161
12/12 - 2s - loss: 0.2761 - mse: 0.2761 - mae: 0.4233 - val_loss: 0.2718 - val_mse: 0.2718 - val_mae: 0.4205 - 2s/epoch - 169ms/step
Epoch 50/10000

Epoch 50: val_loss did not improve from 0.27161
12/12 - 2s - loss: 0.2768 - mse: 0.2768 - mae: 0.4236 - val_loss: 0.2839 - val_mse: 0.2839 - val_mae: 0.4310 - 2s/epoch - 168ms/step
Epoch 51/10000

Epoch 51: val_loss did not improve from 0.27161
12/12 - 2s - loss: 0.2772 - mse: 0.2772 - mae: 0.4235 - val_loss: 0.2727 - val_mse: 0.2727 - val_mae: 0.4213 - 2s/epoch - 169ms/step
Epoch 52/10000

Epoch 52: val_loss did not improve from 0.27161
12/12 - 2s - loss: 0.2757 - mse: 0.2757 - mae: 0.4230 - val_loss: 0.2733 - val_mse: 0.2733 - val_mae: 0.4211 - 2s/epoch - 169ms/step
Epoch 53/10000

Epoch 53: val_loss did not improve from 0.27161
12/12 - 2s - loss: 0.2778 - mse: 0.2778 - mae: 0.4236 - val_loss: 0.2723 - val_mse: 0.2723 - val_mae: 0.4213 - 2s/epoch - 169ms/step
Epoch 54/10000

Epoch 54: val_loss did not improve from 0.27161
12/12 - 2s - loss: 0.2764 - mse: 0.2764 - mae: 0.4232 - val_loss: 0.2758 - val_mse: 0.2758 - val_mae: 0.4218 - 2s/epoch - 168ms/step
Epoch 55/10000

Epoch 55: val_loss improved from 0.27161 to 0.27133, saving model to ./results/NN_rms_regr/ResNet/recursion_9/ckpt_1
12/12 - 3s - loss: 0.2775 - mse: 0.2775 - mae: 0.4237 - val_loss: 0.2713 - val_mse: 0.2713 - val_mae: 0.4198 - 3s/epoch - 242ms/step
Epoch 56/10000

Epoch 56: val_loss did not improve from 0.27133
12/12 - 2s - loss: 0.2746 - mse: 0.2746 - mae: 0.4218 - val_loss: 0.2753 - val_mse: 0.2753 - val_mae: 0.4219 - 2s/epoch - 168ms/step
Epoch 57/10000

Epoch 57: val_loss did not improve from 0.27133
12/12 - 2s - loss: 0.2770 - mse: 0.2770 - mae: 0.4236 - val_loss: 0.2898 - val_mse: 0.2898 - val_mae: 0.4355 - 2s/epoch - 169ms/step
Epoch 58/10000

Epoch 58: val_loss did not improve from 0.27133
12/12 - 2s - loss: 0.2802 - mse: 0.2802 - mae: 0.4255 - val_loss: 0.2762 - val_mse: 0.2762 - val_mae: 0.4229 - 2s/epoch - 168ms/step
Epoch 59/10000

Epoch 59: val_loss did not improve from 0.27133
12/12 - 2s - loss: 0.2767 - mse: 0.2767 - mae: 0.4234 - val_loss: 0.2930 - val_mse: 0.2930 - val_mae: 0.4375 - 2s/epoch - 168ms/step
Epoch 60/10000

Epoch 60: val_loss did not improve from 0.27133
12/12 - 2s - loss: 0.2823 - mse: 0.2823 - mae: 0.4267 - val_loss: 0.2718 - val_mse: 0.2718 - val_mae: 0.4203 - 2s/epoch - 169ms/step
Epoch 61/10000

Epoch 61: val_loss improved from 0.27133 to 0.27110, saving model to ./results/NN_rms_regr/ResNet/recursion_9/ckpt_1
12/12 - 3s - loss: 0.2775 - mse: 0.2775 - mae: 0.4232 - val_loss: 0.2711 - val_mse: 0.2711 - val_mae: 0.4193 - 3s/epoch - 236ms/step
Epoch 62/10000

Epoch 62: val_loss did not improve from 0.27110
12/12 - 2s - loss: 0.2756 - mse: 0.2756 - mae: 0.4227 - val_loss: 0.2945 - val_mse: 0.2945 - val_mae: 0.4335 - 2s/epoch - 169ms/step
Epoch 63/10000

Epoch 63: val_loss did not improve from 0.27110
12/12 - 2s - loss: 0.2836 - mse: 0.2836 - mae: 0.4274 - val_loss: 0.2750 - val_mse: 0.2750 - val_mae: 0.4243 - 2s/epoch - 169ms/step
Epoch 64/10000

Epoch 64: val_loss did not improve from 0.27110
12/12 - 2s - loss: 0.2772 - mse: 0.2772 - mae: 0.4239 - val_loss: 0.2755 - val_mse: 0.2755 - val_mae: 0.4232 - 2s/epoch - 169ms/step
Epoch 65/10000

Epoch 65: val_loss did not improve from 0.27110
12/12 - 2s - loss: 0.2794 - mse: 0.2794 - mae: 0.4250 - val_loss: 0.2720 - val_mse: 0.2720 - val_mae: 0.4201 - 2s/epoch - 169ms/step
Epoch 66/10000

Epoch 66: val_loss did not improve from 0.27110
12/12 - 2s - loss: 0.2747 - mse: 0.2747 - mae: 0.4214 - val_loss: 0.2762 - val_mse: 0.2762 - val_mae: 0.4250 - 2s/epoch - 169ms/step
Epoch 67/10000

Epoch 67: val_loss did not improve from 0.27110
12/12 - 2s - loss: 0.2783 - mse: 0.2783 - mae: 0.4245 - val_loss: 0.2757 - val_mse: 0.2757 - val_mae: 0.4212 - 2s/epoch - 169ms/step
Epoch 68/10000

Epoch 68: val_loss did not improve from 0.27110
12/12 - 2s - loss: 0.2809 - mse: 0.2809 - mae: 0.4263 - val_loss: 0.2906 - val_mse: 0.2906 - val_mae: 0.4363 - 2s/epoch - 168ms/step
Epoch 69/10000

Epoch 69: val_loss did not improve from 0.27110
12/12 - 2s - loss: 0.2834 - mse: 0.2834 - mae: 0.4281 - val_loss: 0.2717 - val_mse: 0.2717 - val_mae: 0.4191 - 2s/epoch - 169ms/step
Epoch 70/10000

Epoch 70: val_loss did not improve from 0.27110
12/12 - 2s - loss: 0.2782 - mse: 0.2782 - mae: 0.4243 - val_loss: 0.2727 - val_mse: 0.2727 - val_mae: 0.4217 - 2s/epoch - 168ms/step
Epoch 71/10000

Epoch 71: val_loss improved from 0.27110 to 0.27090, saving model to ./results/NN_rms_regr/ResNet/recursion_9/ckpt_1
12/12 - 3s - loss: 0.2805 - mse: 0.2805 - mae: 0.4258 - val_loss: 0.2709 - val_mse: 0.2709 - val_mae: 0.4192 - 3s/epoch - 241ms/step
Epoch 72/10000

Epoch 72: val_loss did not improve from 0.27090
12/12 - 2s - loss: 0.2750 - mse: 0.2750 - mae: 0.4220 - val_loss: 0.2716 - val_mse: 0.2716 - val_mae: 0.4203 - 2s/epoch - 170ms/step
Epoch 73/10000

Epoch 73: val_loss did not improve from 0.27090
12/12 - 2s - loss: 0.2758 - mse: 0.2758 - mae: 0.4221 - val_loss: 0.2729 - val_mse: 0.2729 - val_mae: 0.4220 - 2s/epoch - 169ms/step
Epoch 74/10000

Epoch 74: val_loss did not improve from 0.27090
12/12 - 2s - loss: 0.2752 - mse: 0.2752 - mae: 0.4218 - val_loss: 0.2749 - val_mse: 0.2749 - val_mae: 0.4230 - 2s/epoch - 169ms/step
Epoch 75/10000

Epoch 75: val_loss did not improve from 0.27090
12/12 - 2s - loss: 0.2754 - mse: 0.2754 - mae: 0.4222 - val_loss: 0.2887 - val_mse: 0.2887 - val_mae: 0.4350 - 2s/epoch - 168ms/step
Epoch 76/10000

Epoch 76: val_loss did not improve from 0.27090
12/12 - 2s - loss: 0.2785 - mse: 0.2785 - mae: 0.4237 - val_loss: 0.2750 - val_mse: 0.2750 - val_mae: 0.4210 - 2s/epoch - 168ms/step
Epoch 77/10000

Epoch 77: val_loss did not improve from 0.27090
12/12 - 2s - loss: 0.2763 - mse: 0.2763 - mae: 0.4231 - val_loss: 0.2717 - val_mse: 0.2717 - val_mae: 0.4204 - 2s/epoch - 169ms/step
Epoch 78/10000

Epoch 78: val_loss did not improve from 0.27090
12/12 - 2s - loss: 0.2758 - mse: 0.2758 - mae: 0.4225 - val_loss: 0.2789 - val_mse: 0.2789 - val_mae: 0.4269 - 2s/epoch - 168ms/step
Epoch 79/10000

Epoch 79: val_loss did not improve from 0.27090
12/12 - 2s - loss: 0.2785 - mse: 0.2785 - mae: 0.4243 - val_loss: 0.2771 - val_mse: 0.2771 - val_mae: 0.4228 - 2s/epoch - 169ms/step
Epoch 80/10000

Epoch 80: val_loss did not improve from 0.27090
12/12 - 2s - loss: 0.2789 - mse: 0.2789 - mae: 0.4247 - val_loss: 0.2754 - val_mse: 0.2754 - val_mae: 0.4237 - 2s/epoch - 169ms/step
Epoch 81/10000

Epoch 81: val_loss did not improve from 0.27090
12/12 - 2s - loss: 0.2761 - mse: 0.2761 - mae: 0.4220 - val_loss: 0.2798 - val_mse: 0.2798 - val_mae: 0.4240 - 2s/epoch - 168ms/step
Epoch 82/10000

Epoch 82: val_loss did not improve from 0.27090
12/12 - 2s - loss: 0.2793 - mse: 0.2793 - mae: 0.4251 - val_loss: 0.2915 - val_mse: 0.2915 - val_mae: 0.4366 - 2s/epoch - 169ms/step
Epoch 83/10000

Epoch 83: val_loss did not improve from 0.27090
12/12 - 2s - loss: 0.2820 - mse: 0.2820 - mae: 0.4273 - val_loss: 0.2791 - val_mse: 0.2791 - val_mae: 0.4237 - 2s/epoch - 169ms/step
Epoch 84/10000

Epoch 84: val_loss did not improve from 0.27090
12/12 - 2s - loss: 0.2835 - mse: 0.2835 - mae: 0.4277 - val_loss: 0.2758 - val_mse: 0.2758 - val_mae: 0.4246 - 2s/epoch - 169ms/step
Epoch 85/10000

Epoch 85: val_loss did not improve from 0.27090
12/12 - 2s - loss: 0.2793 - mse: 0.2793 - mae: 0.4252 - val_loss: 0.2734 - val_mse: 0.2734 - val_mae: 0.4226 - 2s/epoch - 169ms/step
Epoch 86/10000

Epoch 86: val_loss did not improve from 0.27090
12/12 - 2s - loss: 0.2752 - mse: 0.2752 - mae: 0.4223 - val_loss: 0.2854 - val_mse: 0.2854 - val_mae: 0.4319 - 2s/epoch - 169ms/step
Epoch 87/10000

Epoch 87: val_loss did not improve from 0.27090
12/12 - 2s - loss: 0.2775 - mse: 0.2775 - mae: 0.4232 - val_loss: 0.2740 - val_mse: 0.2740 - val_mae: 0.4204 - 2s/epoch - 169ms/step
Epoch 88/10000

Epoch 88: val_loss did not improve from 0.27090
12/12 - 2s - loss: 0.2819 - mse: 0.2819 - mae: 0.4260 - val_loss: 0.2713 - val_mse: 0.2713 - val_mae: 0.4197 - 2s/epoch - 169ms/step
Epoch 89/10000

Epoch 89: val_loss did not improve from 0.27090
12/12 - 2s - loss: 0.2796 - mse: 0.2796 - mae: 0.4247 - val_loss: 0.2792 - val_mse: 0.2792 - val_mae: 0.4232 - 2s/epoch - 170ms/step
Epoch 90/10000

Epoch 90: val_loss did not improve from 0.27090
12/12 - 2s - loss: 0.2761 - mse: 0.2761 - mae: 0.4226 - val_loss: 0.2766 - val_mse: 0.2766 - val_mae: 0.4253 - 2s/epoch - 169ms/step
Epoch 91/10000

Epoch 91: val_loss did not improve from 0.27090
12/12 - 2s - loss: 0.2777 - mse: 0.2777 - mae: 0.4243 - val_loss: 0.2717 - val_mse: 0.2717 - val_mae: 0.4211 - 2s/epoch - 169ms/step
Epoch 92/10000

Epoch 92: val_loss did not improve from 0.27090
12/12 - 2s - loss: 0.2780 - mse: 0.2780 - mae: 0.4248 - val_loss: 0.2732 - val_mse: 0.2732 - val_mae: 0.4202 - 2s/epoch - 169ms/step
Epoch 93/10000

Epoch 93: val_loss did not improve from 0.27090
12/12 - 2s - loss: 0.2781 - mse: 0.2781 - mae: 0.4242 - val_loss: 0.2772 - val_mse: 0.2772 - val_mae: 0.4257 - 2s/epoch - 169ms/step
Epoch 94/10000

Epoch 94: val_loss did not improve from 0.27090
12/12 - 2s - loss: 0.2751 - mse: 0.2751 - mae: 0.4216 - val_loss: 0.2719 - val_mse: 0.2719 - val_mae: 0.4196 - 2s/epoch - 170ms/step
Epoch 95/10000

Epoch 95: val_loss did not improve from 0.27090
12/12 - 2s - loss: 0.2754 - mse: 0.2754 - mae: 0.4219 - val_loss: 0.2742 - val_mse: 0.2742 - val_mae: 0.4200 - 2s/epoch - 169ms/step
Epoch 96/10000

Epoch 96: val_loss did not improve from 0.27090
12/12 - 2s - loss: 0.2758 - mse: 0.2758 - mae: 0.4221 - val_loss: 0.2864 - val_mse: 0.2864 - val_mae: 0.4332 - 2s/epoch - 169ms/step
Epoch 97/10000

Epoch 97: val_loss did not improve from 0.27090
12/12 - 2s - loss: 0.2807 - mse: 0.2807 - mae: 0.4257 - val_loss: 0.2752 - val_mse: 0.2752 - val_mae: 0.4217 - 2s/epoch - 169ms/step
Epoch 98/10000

Epoch 98: val_loss did not improve from 0.27090
12/12 - 2s - loss: 0.2822 - mse: 0.2822 - mae: 0.4274 - val_loss: 0.2839 - val_mse: 0.2839 - val_mae: 0.4269 - 2s/epoch - 169ms/step
Epoch 99/10000

Epoch 99: val_loss did not improve from 0.27090
12/12 - 2s - loss: 0.2810 - mse: 0.2810 - mae: 0.4257 - val_loss: 0.2713 - val_mse: 0.2713 - val_mae: 0.4194 - 2s/epoch - 168ms/step
Epoch 100/10000

Epoch 100: val_loss did not improve from 0.27090
12/12 - 2s - loss: 0.2748 - mse: 0.2748 - mae: 0.4214 - val_loss: 0.2801 - val_mse: 0.2801 - val_mae: 0.4281 - 2s/epoch - 169ms/step
Epoch 101/10000

Epoch 101: val_loss improved from 0.27090 to 0.27079, saving model to ./results/NN_rms_regr/ResNet/recursion_9/ckpt_1
12/12 - 3s - loss: 0.2765 - mse: 0.2765 - mae: 0.4229 - val_loss: 0.2708 - val_mse: 0.2708 - val_mae: 0.4186 - 3s/epoch - 243ms/step
Epoch 102/10000

Epoch 102: val_loss did not improve from 0.27079
12/12 - 2s - loss: 0.2745 - mse: 0.2745 - mae: 0.4208 - val_loss: 0.2712 - val_mse: 0.2712 - val_mae: 0.4195 - 2s/epoch - 169ms/step
Epoch 103/10000

Epoch 103: val_loss did not improve from 0.27079
12/12 - 2s - loss: 0.2759 - mse: 0.2759 - mae: 0.4222 - val_loss: 0.2714 - val_mse: 0.2714 - val_mae: 0.4201 - 2s/epoch - 169ms/step
Epoch 104/10000

Epoch 104: val_loss improved from 0.27079 to 0.27064, saving model to ./results/NN_rms_regr/ResNet/recursion_9/ckpt_1
12/12 - 3s - loss: 0.2765 - mse: 0.2765 - mae: 0.4225 - val_loss: 0.2706 - val_mse: 0.2706 - val_mae: 0.4186 - 3s/epoch - 242ms/step
Epoch 105/10000

Epoch 105: val_loss did not improve from 0.27064
12/12 - 2s - loss: 0.2755 - mse: 0.2755 - mae: 0.4223 - val_loss: 0.2711 - val_mse: 0.2711 - val_mae: 0.4188 - 2s/epoch - 169ms/step
Epoch 106/10000

Epoch 106: val_loss did not improve from 0.27064
12/12 - 2s - loss: 0.2820 - mse: 0.2820 - mae: 0.4268 - val_loss: 0.2781 - val_mse: 0.2781 - val_mae: 0.4234 - 2s/epoch - 170ms/step
Epoch 107/10000

Epoch 107: val_loss did not improve from 0.27064
12/12 - 2s - loss: 0.2878 - mse: 0.2878 - mae: 0.4305 - val_loss: 0.2933 - val_mse: 0.2933 - val_mae: 0.4379 - 2s/epoch - 171ms/step
Epoch 108/10000

Epoch 108: val_loss did not improve from 0.27064
12/12 - 2s - loss: 0.2787 - mse: 0.2787 - mae: 0.4241 - val_loss: 0.2751 - val_mse: 0.2751 - val_mae: 0.4210 - 2s/epoch - 169ms/step
Epoch 109/10000

Epoch 109: val_loss did not improve from 0.27064
12/12 - 2s - loss: 0.2774 - mse: 0.2774 - mae: 0.4237 - val_loss: 0.2727 - val_mse: 0.2727 - val_mae: 0.4190 - 2s/epoch - 169ms/step
Epoch 110/10000

Epoch 110: val_loss did not improve from 0.27064
12/12 - 2s - loss: 0.2817 - mse: 0.2817 - mae: 0.4261 - val_loss: 0.2715 - val_mse: 0.2715 - val_mae: 0.4186 - 2s/epoch - 170ms/step
Epoch 111/10000

Epoch 111: val_loss did not improve from 0.27064
12/12 - 2s - loss: 0.2778 - mse: 0.2778 - mae: 0.4237 - val_loss: 0.2739 - val_mse: 0.2739 - val_mae: 0.4228 - 2s/epoch - 169ms/step
Epoch 112/10000

Epoch 112: val_loss did not improve from 0.27064
12/12 - 2s - loss: 0.2748 - mse: 0.2748 - mae: 0.4213 - val_loss: 0.2720 - val_mse: 0.2720 - val_mae: 0.4194 - 2s/epoch - 169ms/step
Epoch 113/10000

Epoch 113: val_loss did not improve from 0.27064
12/12 - 2s - loss: 0.2776 - mse: 0.2776 - mae: 0.4230 - val_loss: 0.2720 - val_mse: 0.2720 - val_mae: 0.4190 - 2s/epoch - 169ms/step
Epoch 114/10000

Epoch 114: val_loss did not improve from 0.27064
12/12 - 2s - loss: 0.2805 - mse: 0.2805 - mae: 0.4258 - val_loss: 0.2769 - val_mse: 0.2769 - val_mae: 0.4240 - 2s/epoch - 168ms/step
Epoch 115/10000

Epoch 115: val_loss did not improve from 0.27064
12/12 - 2s - loss: 0.2774 - mse: 0.2774 - mae: 0.4237 - val_loss: 0.2829 - val_mse: 0.2829 - val_mae: 0.4302 - 2s/epoch - 169ms/step
Epoch 116/10000

Epoch 116: val_loss did not improve from 0.27064
12/12 - 2s - loss: 0.2792 - mse: 0.2792 - mae: 0.4249 - val_loss: 0.3009 - val_mse: 0.3009 - val_mae: 0.4376 - 2s/epoch - 169ms/step
Epoch 117/10000

Epoch 117: val_loss improved from 0.27064 to 0.27058, saving model to ./results/NN_rms_regr/ResNet/recursion_9/ckpt_1
12/12 - 3s - loss: 0.2834 - mse: 0.2834 - mae: 0.4273 - val_loss: 0.2706 - val_mse: 0.2706 - val_mae: 0.4184 - 3s/epoch - 238ms/step
Epoch 118/10000

Epoch 118: val_loss did not improve from 0.27058
12/12 - 2s - loss: 0.2760 - mse: 0.2760 - mae: 0.4213 - val_loss: 0.3044 - val_mse: 0.3044 - val_mae: 0.4462 - 2s/epoch - 169ms/step
Epoch 119/10000

Epoch 119: val_loss did not improve from 0.27058
12/12 - 2s - loss: 0.2850 - mse: 0.2850 - mae: 0.4284 - val_loss: 0.2708 - val_mse: 0.2708 - val_mae: 0.4191 - 2s/epoch - 169ms/step
Epoch 120/10000

Epoch 120: val_loss did not improve from 0.27058
12/12 - 2s - loss: 0.2780 - mse: 0.2780 - mae: 0.4236 - val_loss: 0.2716 - val_mse: 0.2716 - val_mae: 0.4194 - 2s/epoch - 169ms/step
Epoch 121/10000

Epoch 121: val_loss did not improve from 0.27058
12/12 - 2s - loss: 0.2808 - mse: 0.2808 - mae: 0.4247 - val_loss: 0.2962 - val_mse: 0.2962 - val_mae: 0.4395 - 2s/epoch - 169ms/step
Epoch 122/10000

Epoch 122: val_loss did not improve from 0.27058
12/12 - 2s - loss: 0.2804 - mse: 0.2804 - mae: 0.4250 - val_loss: 0.2822 - val_mse: 0.2822 - val_mae: 0.4295 - 2s/epoch - 169ms/step
Epoch 123/10000

Epoch 123: val_loss did not improve from 0.27058
12/12 - 2s - loss: 0.2815 - mse: 0.2815 - mae: 0.4266 - val_loss: 0.2744 - val_mse: 0.2744 - val_mae: 0.4228 - 2s/epoch - 170ms/step
Epoch 124/10000

Epoch 124: val_loss did not improve from 0.27058
12/12 - 2s - loss: 0.2814 - mse: 0.2814 - mae: 0.4270 - val_loss: 0.2707 - val_mse: 0.2707 - val_mae: 0.4183 - 2s/epoch - 169ms/step
Epoch 125/10000

Epoch 125: val_loss did not improve from 0.27058
12/12 - 2s - loss: 0.2740 - mse: 0.2740 - mae: 0.4208 - val_loss: 0.2710 - val_mse: 0.2710 - val_mae: 0.4184 - 2s/epoch - 169ms/step
Epoch 126/10000

Epoch 126: val_loss improved from 0.27058 to 0.27050, saving model to ./results/NN_rms_regr/ResNet/recursion_9/ckpt_1
12/12 - 3s - loss: 0.2747 - mse: 0.2747 - mae: 0.4210 - val_loss: 0.2705 - val_mse: 0.2705 - val_mae: 0.4184 - 3s/epoch - 242ms/step
Epoch 127/10000

Epoch 127: val_loss did not improve from 0.27050
12/12 - 2s - loss: 0.2741 - mse: 0.2741 - mae: 0.4209 - val_loss: 0.2711 - val_mse: 0.2711 - val_mae: 0.4195 - 2s/epoch - 169ms/step
Epoch 128/10000

Epoch 128: val_loss did not improve from 0.27050
12/12 - 2s - loss: 0.2787 - mse: 0.2787 - mae: 0.4236 - val_loss: 0.2764 - val_mse: 0.2764 - val_mae: 0.4214 - 2s/epoch - 169ms/step
Epoch 129/10000

Epoch 129: val_loss did not improve from 0.27050
12/12 - 2s - loss: 0.2771 - mse: 0.2771 - mae: 0.4233 - val_loss: 0.2753 - val_mse: 0.2753 - val_mae: 0.4209 - 2s/epoch - 169ms/step
Epoch 130/10000

Epoch 130: val_loss did not improve from 0.27050
12/12 - 2s - loss: 0.2785 - mse: 0.2785 - mae: 0.4239 - val_loss: 0.2793 - val_mse: 0.2793 - val_mae: 0.4232 - 2s/epoch - 170ms/step
Epoch 131/10000

Epoch 131: val_loss did not improve from 0.27050
12/12 - 2s - loss: 0.2802 - mse: 0.2802 - mae: 0.4245 - val_loss: 0.2894 - val_mse: 0.2894 - val_mae: 0.4351 - 2s/epoch - 169ms/step
Epoch 132/10000

Epoch 132: val_loss did not improve from 0.27050
12/12 - 2s - loss: 0.2785 - mse: 0.2785 - mae: 0.4232 - val_loss: 0.2757 - val_mse: 0.2757 - val_mae: 0.4208 - 2s/epoch - 168ms/step
Epoch 133/10000

Epoch 133: val_loss did not improve from 0.27050
12/12 - 2s - loss: 0.2787 - mse: 0.2787 - mae: 0.4238 - val_loss: 0.2760 - val_mse: 0.2760 - val_mae: 0.4216 - 2s/epoch - 169ms/step
Epoch 134/10000

Epoch 134: val_loss did not improve from 0.27050
12/12 - 2s - loss: 0.2796 - mse: 0.2796 - mae: 0.4246 - val_loss: 0.2707 - val_mse: 0.2707 - val_mae: 0.4179 - 2s/epoch - 170ms/step
Epoch 135/10000

Epoch 135: val_loss did not improve from 0.27050
12/12 - 2s - loss: 0.2739 - mse: 0.2739 - mae: 0.4202 - val_loss: 0.2759 - val_mse: 0.2759 - val_mae: 0.4239 - 2s/epoch - 169ms/step
Epoch 136/10000

Epoch 136: val_loss did not improve from 0.27050
12/12 - 2s - loss: 0.2746 - mse: 0.2746 - mae: 0.4212 - val_loss: 0.2717 - val_mse: 0.2717 - val_mae: 0.4202 - 2s/epoch - 169ms/step
Epoch 137/10000

Epoch 137: val_loss did not improve from 0.27050
12/12 - 2s - loss: 0.2747 - mse: 0.2747 - mae: 0.4210 - val_loss: 0.2709 - val_mse: 0.2709 - val_mae: 0.4189 - 2s/epoch - 167ms/step
Epoch 138/10000

Epoch 138: val_loss did not improve from 0.27050
12/12 - 2s - loss: 0.2749 - mse: 0.2749 - mae: 0.4211 - val_loss: 0.2718 - val_mse: 0.2718 - val_mae: 0.4180 - 2s/epoch - 169ms/step
Epoch 139/10000

Epoch 139: val_loss did not improve from 0.27050
12/12 - 2s - loss: 0.2771 - mse: 0.2771 - mae: 0.4225 - val_loss: 0.2769 - val_mse: 0.2769 - val_mae: 0.4240 - 2s/epoch - 169ms/step
Epoch 140/10000

Epoch 140: val_loss did not improve from 0.27050
12/12 - 2s - loss: 0.2756 - mse: 0.2756 - mae: 0.4212 - val_loss: 0.2903 - val_mse: 0.2903 - val_mae: 0.4355 - 2s/epoch - 169ms/step
Epoch 141/10000

Epoch 141: val_loss did not improve from 0.27050
12/12 - 2s - loss: 0.2806 - mse: 0.2806 - mae: 0.4250 - val_loss: 0.2944 - val_mse: 0.2944 - val_mae: 0.4387 - 2s/epoch - 169ms/step
Epoch 142/10000

Epoch 142: val_loss did not improve from 0.27050
12/12 - 2s - loss: 0.2789 - mse: 0.2789 - mae: 0.4235 - val_loss: 0.2730 - val_mse: 0.2730 - val_mae: 0.4192 - 2s/epoch - 170ms/step
Epoch 143/10000

Epoch 143: val_loss did not improve from 0.27050
12/12 - 2s - loss: 0.2821 - mse: 0.2821 - mae: 0.4258 - val_loss: 0.2765 - val_mse: 0.2765 - val_mae: 0.4216 - 2s/epoch - 169ms/step
Epoch 144/10000

Epoch 144: val_loss did not improve from 0.27050
12/12 - 2s - loss: 0.2767 - mse: 0.2767 - mae: 0.4225 - val_loss: 0.2750 - val_mse: 0.2750 - val_mae: 0.4233 - 2s/epoch - 169ms/step
Epoch 145/10000

Epoch 145: val_loss did not improve from 0.27050
12/12 - 2s - loss: 0.2744 - mse: 0.2744 - mae: 0.4210 - val_loss: 0.2737 - val_mse: 0.2737 - val_mae: 0.4220 - 2s/epoch - 171ms/step
Epoch 146/10000

Epoch 146: val_loss did not improve from 0.27050
12/12 - 2s - loss: 0.2748 - mse: 0.2748 - mae: 0.4207 - val_loss: 0.2707 - val_mse: 0.2707 - val_mae: 0.4177 - 2s/epoch - 169ms/step
Epoch 147/10000

Epoch 147: val_loss improved from 0.27050 to 0.27037, saving model to ./results/NN_rms_regr/ResNet/recursion_9/ckpt_1
12/12 - 3s - loss: 0.2741 - mse: 0.2741 - mae: 0.4204 - val_loss: 0.2704 - val_mse: 0.2704 - val_mae: 0.4183 - 3s/epoch - 243ms/step
Epoch 148/10000

Epoch 148: val_loss did not improve from 0.27037
12/12 - 2s - loss: 0.2743 - mse: 0.2743 - mae: 0.4203 - val_loss: 0.2732 - val_mse: 0.2732 - val_mae: 0.4193 - 2s/epoch - 169ms/step
Epoch 149/10000

Epoch 149: val_loss did not improve from 0.27037
12/12 - 2s - loss: 0.2750 - mse: 0.2750 - mae: 0.4213 - val_loss: 0.2710 - val_mse: 0.2710 - val_mae: 0.4194 - 2s/epoch - 168ms/step
Epoch 150/10000

Epoch 150: val_loss did not improve from 0.27037
12/12 - 2s - loss: 0.2752 - mse: 0.2752 - mae: 0.4209 - val_loss: 0.2766 - val_mse: 0.2766 - val_mae: 0.4244 - 2s/epoch - 168ms/step
Epoch 151/10000

Epoch 151: val_loss did not improve from 0.27037
12/12 - 2s - loss: 0.2768 - mse: 0.2768 - mae: 0.4221 - val_loss: 0.2711 - val_mse: 0.2711 - val_mae: 0.4190 - 2s/epoch - 168ms/step
Epoch 152/10000

Epoch 152: val_loss did not improve from 0.27037
12/12 - 2s - loss: 0.2744 - mse: 0.2744 - mae: 0.4208 - val_loss: 0.2724 - val_mse: 0.2724 - val_mae: 0.4184 - 2s/epoch - 167ms/step
Epoch 153/10000

Epoch 153: val_loss did not improve from 0.27037
12/12 - 2s - loss: 0.2756 - mse: 0.2756 - mae: 0.4219 - val_loss: 0.2799 - val_mse: 0.2799 - val_mae: 0.4242 - 2s/epoch - 167ms/step
Epoch 154/10000

Epoch 154: val_loss did not improve from 0.27037
12/12 - 2s - loss: 0.2764 - mse: 0.2764 - mae: 0.4224 - val_loss: 0.2752 - val_mse: 0.2752 - val_mae: 0.4216 - 2s/epoch - 167ms/step
Epoch 155/10000

Epoch 155: val_loss did not improve from 0.27037
12/12 - 2s - loss: 0.2778 - mse: 0.2778 - mae: 0.4229 - val_loss: 0.3599 - val_mse: 0.3599 - val_mae: 0.4766 - 2s/epoch - 169ms/step
Epoch 156/10000

Epoch 156: val_loss did not improve from 0.27037
12/12 - 2s - loss: 0.3063 - mse: 0.3063 - mae: 0.4436 - val_loss: 0.2707 - val_mse: 0.2707 - val_mae: 0.4190 - 2s/epoch - 170ms/step
Epoch 157/10000

Epoch 157: val_loss did not improve from 0.27037
12/12 - 2s - loss: 0.2829 - mse: 0.2829 - mae: 0.4261 - val_loss: 0.2727 - val_mse: 0.2727 - val_mae: 0.4214 - 2s/epoch - 169ms/step
Epoch 158/10000

Epoch 158: val_loss did not improve from 0.27037
12/12 - 2s - loss: 0.2765 - mse: 0.2765 - mae: 0.4223 - val_loss: 0.2714 - val_mse: 0.2714 - val_mae: 0.4193 - 2s/epoch - 168ms/step
Epoch 159/10000

Epoch 159: val_loss did not improve from 0.27037
12/12 - 2s - loss: 0.2761 - mse: 0.2761 - mae: 0.4216 - val_loss: 0.2773 - val_mse: 0.2773 - val_mae: 0.4243 - 2s/epoch - 169ms/step
Epoch 160/10000

Epoch 160: val_loss did not improve from 0.27037
12/12 - 2s - loss: 0.2748 - mse: 0.2748 - mae: 0.4207 - val_loss: 0.2797 - val_mse: 0.2797 - val_mae: 0.4275 - 2s/epoch - 169ms/step
Epoch 161/10000

Epoch 161: val_loss did not improve from 0.27037
12/12 - 2s - loss: 0.2796 - mse: 0.2796 - mae: 0.4242 - val_loss: 0.2740 - val_mse: 0.2740 - val_mae: 0.4227 - 2s/epoch - 169ms/step
Epoch 162/10000

Epoch 162: val_loss did not improve from 0.27037
12/12 - 2s - loss: 0.2759 - mse: 0.2759 - mae: 0.4212 - val_loss: 0.2763 - val_mse: 0.2763 - val_mae: 0.4246 - 2s/epoch - 169ms/step
Epoch 163/10000

Epoch 163: val_loss did not improve from 0.27037
12/12 - 2s - loss: 0.2789 - mse: 0.2789 - mae: 0.4246 - val_loss: 0.2739 - val_mse: 0.2739 - val_mae: 0.4223 - 2s/epoch - 168ms/step
Epoch 164/10000

Epoch 164: val_loss did not improve from 0.27037
12/12 - 2s - loss: 0.2803 - mse: 0.2803 - mae: 0.4253 - val_loss: 0.2836 - val_mse: 0.2836 - val_mae: 0.4258 - 2s/epoch - 169ms/step
Epoch 165/10000

Epoch 165: val_loss did not improve from 0.27037
12/12 - 2s - loss: 0.2786 - mse: 0.2786 - mae: 0.4239 - val_loss: 0.2866 - val_mse: 0.2866 - val_mae: 0.4275 - 2s/epoch - 169ms/step
Epoch 166/10000

Epoch 166: val_loss did not improve from 0.27037
12/12 - 2s - loss: 0.2844 - mse: 0.2844 - mae: 0.4268 - val_loss: 0.2734 - val_mse: 0.2734 - val_mae: 0.4202 - 2s/epoch - 169ms/step
Epoch 167/10000

Epoch 167: val_loss did not improve from 0.27037
12/12 - 2s - loss: 0.2843 - mse: 0.2843 - mae: 0.4274 - val_loss: 0.2713 - val_mse: 0.2713 - val_mae: 0.4187 - 2s/epoch - 169ms/step
Epoch 168/10000

Epoch 168: val_loss did not improve from 0.27037
12/12 - 2s - loss: 0.2815 - mse: 0.2815 - mae: 0.4251 - val_loss: 0.2796 - val_mse: 0.2796 - val_mae: 0.4268 - 2s/epoch - 169ms/step
Epoch 169/10000

Epoch 169: val_loss did not improve from 0.27037
12/12 - 2s - loss: 0.2756 - mse: 0.2756 - mae: 0.4213 - val_loss: 0.2897 - val_mse: 0.2897 - val_mae: 0.4301 - 2s/epoch - 169ms/step
Epoch 170/10000

Epoch 170: val_loss did not improve from 0.27037
12/12 - 2s - loss: 0.2834 - mse: 0.2834 - mae: 0.4267 - val_loss: 0.2756 - val_mse: 0.2756 - val_mae: 0.4209 - 2s/epoch - 169ms/step
Epoch 171/10000

Epoch 171: val_loss did not improve from 0.27037
12/12 - 2s - loss: 0.2759 - mse: 0.2759 - mae: 0.4214 - val_loss: 0.3040 - val_mse: 0.3040 - val_mae: 0.4453 - 2s/epoch - 169ms/step
Epoch 172/10000

Epoch 172: val_loss did not improve from 0.27037
12/12 - 2s - loss: 0.2778 - mse: 0.2778 - mae: 0.4233 - val_loss: 0.2836 - val_mse: 0.2836 - val_mae: 0.4263 - 2s/epoch - 170ms/step
Epoch 173/10000

Epoch 173: val_loss did not improve from 0.27037
12/12 - 2s - loss: 0.2795 - mse: 0.2795 - mae: 0.4238 - val_loss: 0.2738 - val_mse: 0.2738 - val_mae: 0.4220 - 2s/epoch - 169ms/step
Epoch 174/10000

Epoch 174: val_loss did not improve from 0.27037
12/12 - 2s - loss: 0.2811 - mse: 0.2811 - mae: 0.4253 - val_loss: 0.2861 - val_mse: 0.2861 - val_mae: 0.4316 - 2s/epoch - 169ms/step
Epoch 175/10000

Epoch 175: val_loss did not improve from 0.27037
12/12 - 2s - loss: 0.2841 - mse: 0.2841 - mae: 0.4277 - val_loss: 0.2790 - val_mse: 0.2790 - val_mae: 0.4256 - 2s/epoch - 170ms/step
Epoch 176/10000

Epoch 176: val_loss did not improve from 0.27037
12/12 - 2s - loss: 0.2756 - mse: 0.2756 - mae: 0.4215 - val_loss: 0.2708 - val_mse: 0.2708 - val_mae: 0.4185 - 2s/epoch - 169ms/step
Epoch 177/10000

Epoch 177: val_loss did not improve from 0.27037
12/12 - 2s - loss: 0.2760 - mse: 0.2760 - mae: 0.4217 - val_loss: 0.2760 - val_mse: 0.2760 - val_mae: 0.4242 - 2s/epoch - 170ms/step
Epoch 178/10000

Epoch 178: val_loss did not improve from 0.27037
12/12 - 2s - loss: 0.2735 - mse: 0.2735 - mae: 0.4196 - val_loss: 0.2752 - val_mse: 0.2752 - val_mae: 0.4203 - 2s/epoch - 169ms/step
Epoch 179/10000

Epoch 179: val_loss did not improve from 0.27037
12/12 - 2s - loss: 0.2748 - mse: 0.2748 - mae: 0.4208 - val_loss: 0.2710 - val_mse: 0.2710 - val_mae: 0.4179 - 2s/epoch - 169ms/step
Epoch 180/10000

Epoch 180: val_loss did not improve from 0.27037
12/12 - 2s - loss: 0.2751 - mse: 0.2751 - mae: 0.4211 - val_loss: 0.2705 - val_mse: 0.2705 - val_mae: 0.4177 - 2s/epoch - 169ms/step
Epoch 181/10000

Epoch 181: val_loss did not improve from 0.27037
12/12 - 2s - loss: 0.2776 - mse: 0.2776 - mae: 0.4221 - val_loss: 0.2728 - val_mse: 0.2728 - val_mae: 0.4184 - 2s/epoch - 169ms/step
Epoch 182/10000

Epoch 182: val_loss did not improve from 0.27037
12/12 - 2s - loss: 0.2788 - mse: 0.2788 - mae: 0.4234 - val_loss: 0.2707 - val_mse: 0.2707 - val_mae: 0.4187 - 2s/epoch - 170ms/step
Epoch 183/10000

Epoch 183: val_loss did not improve from 0.27037
12/12 - 2s - loss: 0.2755 - mse: 0.2755 - mae: 0.4209 - val_loss: 0.2706 - val_mse: 0.2706 - val_mae: 0.4183 - 2s/epoch - 169ms/step
Epoch 184/10000

Epoch 184: val_loss did not improve from 0.27037
12/12 - 2s - loss: 0.2782 - mse: 0.2782 - mae: 0.4232 - val_loss: 0.2759 - val_mse: 0.2759 - val_mae: 0.4245 - 2s/epoch - 170ms/step
Epoch 185/10000

Epoch 185: val_loss did not improve from 0.27037
12/12 - 2s - loss: 0.2751 - mse: 0.2751 - mae: 0.4210 - val_loss: 0.2830 - val_mse: 0.2830 - val_mae: 0.4256 - 2s/epoch - 169ms/step
Epoch 186/10000

Epoch 186: val_loss did not improve from 0.27037
12/12 - 2s - loss: 0.2775 - mse: 0.2775 - mae: 0.4224 - val_loss: 0.2951 - val_mse: 0.2951 - val_mae: 0.4392 - 2s/epoch - 169ms/step
Epoch 187/10000

Epoch 187: val_loss did not improve from 0.27037
12/12 - 2s - loss: 0.2871 - mse: 0.2871 - mae: 0.4291 - val_loss: 0.2913 - val_mse: 0.2913 - val_mae: 0.4360 - 2s/epoch - 169ms/step
Epoch 188/10000

Epoch 188: val_loss did not improve from 0.27037
12/12 - 2s - loss: 0.2861 - mse: 0.2861 - mae: 0.4297 - val_loss: 0.2821 - val_mse: 0.2821 - val_mae: 0.4293 - 2s/epoch - 169ms/step
Epoch 189/10000

Epoch 189: val_loss did not improve from 0.27037
12/12 - 2s - loss: 0.2783 - mse: 0.2783 - mae: 0.4236 - val_loss: 0.2729 - val_mse: 0.2729 - val_mae: 0.4206 - 2s/epoch - 169ms/step
Epoch 190/10000

Epoch 190: val_loss did not improve from 0.27037
12/12 - 2s - loss: 0.2805 - mse: 0.2805 - mae: 0.4247 - val_loss: 0.2710 - val_mse: 0.2710 - val_mae: 0.4175 - 2s/epoch - 169ms/step
Epoch 191/10000

Epoch 191: val_loss did not improve from 0.27037
12/12 - 2s - loss: 0.2779 - mse: 0.2779 - mae: 0.4229 - val_loss: 0.2770 - val_mse: 0.2770 - val_mae: 0.4217 - 2s/epoch - 169ms/step
Epoch 192/10000

Epoch 192: val_loss did not improve from 0.27037
12/12 - 2s - loss: 0.2875 - mse: 0.2875 - mae: 0.4291 - val_loss: 0.2858 - val_mse: 0.2858 - val_mae: 0.4276 - 2s/epoch - 169ms/step
Epoch 193/10000

Epoch 193: val_loss did not improve from 0.27037
12/12 - 2s - loss: 0.2869 - mse: 0.2869 - mae: 0.4299 - val_loss: 0.2778 - val_mse: 0.2778 - val_mae: 0.4224 - 2s/epoch - 169ms/step
Epoch 194/10000

Epoch 194: val_loss did not improve from 0.27037
12/12 - 2s - loss: 0.2762 - mse: 0.2762 - mae: 0.4215 - val_loss: 0.2709 - val_mse: 0.2709 - val_mae: 0.4183 - 2s/epoch - 170ms/step
Epoch 195/10000

Epoch 195: val_loss did not improve from 0.27037
12/12 - 2s - loss: 0.2750 - mse: 0.2750 - mae: 0.4205 - val_loss: 0.2736 - val_mse: 0.2736 - val_mae: 0.4215 - 2s/epoch - 170ms/step
Epoch 196/10000

Epoch 196: val_loss did not improve from 0.27037
12/12 - 2s - loss: 0.2754 - mse: 0.2754 - mae: 0.4215 - val_loss: 0.2772 - val_mse: 0.2772 - val_mae: 0.4255 - 2s/epoch - 169ms/step
Epoch 197/10000

Epoch 197: val_loss did not improve from 0.27037
12/12 - 2s - loss: 0.2772 - mse: 0.2772 - mae: 0.4227 - val_loss: 0.2705 - val_mse: 0.2705 - val_mae: 0.4185 - 2s/epoch - 169ms/step
Epoch 197: early stopping
