[ 13.14088385  30.21795131  46.87850492  63.53905854  80.19961216
  96.86016577 113.52071939 130.181273   146.84182662 163.50238024
 180.16293385 196.82348747 213.48404109 230.1445947  246.80514832
 263.46570194 280.12625555 296.78680917 313.44736279 330.1079164
 346.76847002 363.42902363 380.08957725 396.75013087 413.41068448
 430.0712381 ]
Before undersampling: [(0, 379), (1, 843), (2, 3574), (3, 4722), (4, 3014), (5, 2364), (6, 2085), (7, 1796), (8, 1589), (9, 1446), (10, 1372), (11, 1271), (12, 1163), (13, 1050), (14, 878), (15, 802), (16, 678), (17, 642), (18, 453), (19, 423), (20, 312), (21, 282), (22, 244), (23, 187), (24, 211)]
After undersampling: [(0, 159), (1, 475), (2, 2512), (3, 2866), (4, 2173), (5, 1668), (6, 1500), (7, 1268), (8, 1156), (9, 1010), (10, 947), (11, 881), (12, 847), (13, 787), (14, 628), (15, 570), (16, 455), (17, 463), (18, 302), (19, 289), (20, 192), (21, 175), (22, 180), (23, 187), (24, 173)]
            label  HH_0_0_x  HV_0_0_x  IA_0_0_x       FYI      DFYI       MYI     rms_0     thk_1     rms_1     thk_2     rms_2     thk_3  HH_0_0_y  ...         3    4    5         6         7    8    9        10        11   12   13        14        15                                                CNN
0       19.895921  0.203922  0.043137  0.077817  0.652628  0.009887  0.337485  4.792642  1.138159  4.719764  1.227233  4.687972  1.124754  0.230412  ...  0.902280  0.0  0.0  1.590758  0.501125  0.0  0.0  2.049885  0.861972  0.0  0.0  1.444715  0.188774  [[[[0.2352941176470588], [0.0777753418567133],...
1       30.165180  0.219608  0.074510  0.120069  0.609626  0.327493  0.062881  4.621655  1.157939  4.628226  1.184152  4.597838  1.210530  0.210564  ...  1.034036  0.0  0.0  2.086200  0.783549  0.0  0.0  2.258536  1.377944  0.0  0.0  1.189612  0.629426  [[[[0.2078431372549019], [0.120032486261106], ...
2       14.091460  0.211765  0.058824  0.096476  0.043252  0.923259  0.033490  4.827165  1.209546  4.828768  1.199212  4.881196  1.232376  0.220888  ...  1.094977  0.0  0.0  1.544536  0.203485  0.0  0.0  2.194402  1.472720  0.0  0.0  2.300801  1.496363  [[[[0.3098039215686274], [0.0964360480215035],...
3       29.165086  0.164706  0.047059  0.104755  0.892086  0.072942  0.034972  4.484089  1.084047  4.429621  1.141604  4.383086  1.133552  0.209764  ...  1.492557  0.0  0.0  1.408720  0.343854  0.0  0.0  2.011560  1.179582  0.0  0.0  2.027182  0.950614  [[[[0.2196078431372549], [0.1047144497142118],...
4       27.344709  0.168627  0.054902  0.115495  0.945449  0.031361  0.023191  4.442016  1.075774  4.376235  1.126854  4.322333  1.120714  0.177511  ...  1.202584  0.0  0.0  1.256256  0.503052  0.0  0.0  1.868066  1.262512  0.0  0.0  1.758795  0.743523  [[[[0.1725490196078431], [0.1154569588455499],...
...           ...       ...       ...       ...       ...       ...       ...       ...       ...       ...       ...       ...       ...       ...  ...       ...  ...  ...       ...       ...  ...  ...       ...       ...  ...  ...       ...       ...                                                ...
21858  428.865028  0.349020  0.109804  0.081155  0.004640  0.000334  0.995026  4.880694  1.273751  4.881827  1.322976  4.909428  1.224932  0.308043  ...  1.710262  0.0  0.0  2.248280  0.666799  0.0  0.0  2.508874  1.536116  0.0  0.0  1.998454  1.064334  [[[[0.192156862745098], [0.0811967213948567], ...
21859  413.850629  0.239216  0.047059  0.081085  0.157408  0.002705  0.839887  4.742571  1.193542  4.687417  1.239820  4.726659  1.150768  0.244258  ...  1.399135  0.0  0.0  2.102352  1.346529  0.0  0.0  2.242782  1.332157  0.0  0.0  1.673444  0.672915  [[[[0.3411764705882353], [0.0811269049550972],...
21860  424.042418  0.282353  0.066667  0.149433  0.555378  0.061723  0.382898  4.672510  1.204908  4.642625  1.237052  4.641429  1.255886  0.269948  ...  1.048151  0.0  0.0  1.759950  0.344755  0.0  0.0  1.782739  1.367052  0.0  0.0  1.763050  1.095051  [[[[0.2], [0.1494652841605392], [0.06666666666...
21861  417.027580  0.505882  0.090196  0.152162  0.185910  0.031902  0.782188  4.575661  1.281488  4.527687  1.281415  4.560971  1.267567  0.364066  ...  1.035264  0.0  0.0  2.001448  1.379296  0.0  0.0  2.745631  1.093121  0.0  0.0  1.564485  0.810498  [[[[0.4196078431372549], [0.15219440834195], [...
21862  417.866263  0.392157  0.125490  0.152184  0.189279  0.051355  0.759366  4.665077  1.284445  4.634729  1.289972  4.663359  1.293934  0.353982  ...  1.124182  0.0  0.0  2.480716  1.210371  0.0  0.0  2.433277  1.084279  0.0  0.0  1.615430  0.530238  [[[[0.3490196078431372], [0.1522158155254289],...

[21863 rows x 33 columns]
Size of dataset: (21863, 32)
*************************** Fold #: 1 ***************************
Model: "model"
__________________________________________________________________________________________________
 Layer (type)                   Output Shape         Param #     Connected to                     
==================================================================================================
 conv (InputLayer)              [(None, 7, 7, 3, 1)  0           []                               
                                ]                                                                 
                                                                                                  
 zero_padding3d (ZeroPadding3D)  (None, 8, 8, 4, 1)  0           ['conv[0][0]']                   
                                                                                                  
 conv3d (Conv3D)                (None, 8, 8, 4, 8)   224         ['zero_padding3d[0][0]']         
                                                                                                  
 max_pooling3d (MaxPooling3D)   (None, 4, 4, 2, 8)   0           ['conv3d[0][0]']                 
                                                                                                  
 conv3d_1 (Conv3D)              (None, 4, 4, 2, 4)   868         ['max_pooling3d[0][0]']          
                                                                                                  
 max_pooling3d_1 (MaxPooling3D)  (None, 2, 2, 1, 4)  0           ['conv3d_1[0][0]']               
                                                                                                  
 cat (InputLayer)               [(None, 31)]         0           []                               
                                                                                                  
 flatten (Flatten)              (None, 16)           0           ['max_pooling3d_1[0][0]']        
                                                                                                  
 concatenate (Concatenate)      (None, 47)           0           ['cat[0][0]',                    
                                                                  'flatten[0][0]']                
                                                                                                  
 dense (Dense)                  (None, 94)           4512        ['concatenate[0][0]']            
                                                                                                  
 dense_1 (Dense)                (None, 94)           8930        ['dense[0][0]']                  
                                                                                                  
 dense_2 (Dense)                (None, 94)           8930        ['dense_1[0][0]']                
                                                                                                  
 dense_3 (Dense)                (None, 94)           8930        ['dense_2[0][0]']                
                                                                                                  
 dense_4 (Dense)                (None, 94)           8930        ['dense_3[0][0]']                
                                                                                                  
 dense_5 (Dense)                (None, 1)            95          ['dense_4[0][0]']                
                                                                                                  
==================================================================================================
Total params: 41,419
Trainable params: 41,419
Non-trainable params: 0
__________________________________________________________________________________________________
Epoch 1/10000

Epoch 1: val_loss improved from inf to 19.59323, saving model to ./results/NN_rms_regr/RNN/recursion_3/ckpt_1
11/11 - 3s - loss: 22.8007 - mse: 22.8007 - mae: 4.7362 - val_loss: 19.5932 - val_mse: 19.5932 - val_mae: 4.3857 - 3s/epoch - 300ms/step
Epoch 2/10000

Epoch 2: val_loss improved from 19.59323 to 1.58549, saving model to ./results/NN_rms_regr/RNN/recursion_3/ckpt_1
11/11 - 3s - loss: 10.6353 - mse: 10.6353 - mae: 2.9567 - val_loss: 1.5855 - val_mse: 1.5855 - val_mae: 1.1247 - 3s/epoch - 246ms/step
Epoch 3/10000

Epoch 3: val_loss did not improve from 1.58549
11/11 - 2s - loss: 1.9285 - mse: 1.9285 - mae: 1.1684 - val_loss: 1.6032 - val_mse: 1.6032 - val_mae: 1.1410 - 2s/epoch - 180ms/step
Epoch 4/10000

Epoch 4: val_loss improved from 1.58549 to 0.67508, saving model to ./results/NN_rms_regr/RNN/recursion_3/ckpt_1
11/11 - 3s - loss: 1.0042 - mse: 1.0042 - mae: 0.8305 - val_loss: 0.6751 - val_mse: 0.6751 - val_mae: 0.6770 - 3s/epoch - 246ms/step
Epoch 5/10000

Epoch 5: val_loss improved from 0.67508 to 0.47882, saving model to ./results/NN_rms_regr/RNN/recursion_3/ckpt_1
11/11 - 3s - loss: 0.5189 - mse: 0.5189 - mae: 0.5850 - val_loss: 0.4788 - val_mse: 0.4788 - val_mae: 0.5576 - 3s/epoch - 246ms/step
Epoch 6/10000

Epoch 6: val_loss improved from 0.47882 to 0.38267, saving model to ./results/NN_rms_regr/RNN/recursion_3/ckpt_1
11/11 - 3s - loss: 0.3859 - mse: 0.3859 - mae: 0.5021 - val_loss: 0.3827 - val_mse: 0.3827 - val_mae: 0.5035 - 3s/epoch - 246ms/step
Epoch 7/10000

Epoch 7: val_loss improved from 0.38267 to 0.33238, saving model to ./results/NN_rms_regr/RNN/recursion_3/ckpt_1
11/11 - 3s - loss: 0.3345 - mse: 0.3345 - mae: 0.4702 - val_loss: 0.3324 - val_mse: 0.3324 - val_mae: 0.4694 - 3s/epoch - 246ms/step
Epoch 8/10000

Epoch 8: val_loss improved from 0.33238 to 0.31906, saving model to ./results/NN_rms_regr/RNN/recursion_3/ckpt_1
11/11 - 3s - loss: 0.3200 - mse: 0.3200 - mae: 0.4615 - val_loss: 0.3191 - val_mse: 0.3191 - val_mae: 0.4618 - 3s/epoch - 260ms/step
Epoch 9/10000

Epoch 9: val_loss improved from 0.31906 to 0.31891, saving model to ./results/NN_rms_regr/RNN/recursion_3/ckpt_1
11/11 - 3s - loss: 0.3139 - mse: 0.3139 - mae: 0.4565 - val_loss: 0.3189 - val_mse: 0.3189 - val_mae: 0.4616 - 3s/epoch - 262ms/step
Epoch 10/10000

Epoch 10: val_loss improved from 0.31891 to 0.31648, saving model to ./results/NN_rms_regr/RNN/recursion_3/ckpt_1
11/11 - 3s - loss: 0.3112 - mse: 0.3112 - mae: 0.4550 - val_loss: 0.3165 - val_mse: 0.3165 - val_mae: 0.4591 - 3s/epoch - 262ms/step
Epoch 11/10000

Epoch 11: val_loss improved from 0.31648 to 0.31586, saving model to ./results/NN_rms_regr/RNN/recursion_3/ckpt_1
11/11 - 3s - loss: 0.3090 - mse: 0.3090 - mae: 0.4530 - val_loss: 0.3159 - val_mse: 0.3159 - val_mae: 0.4591 - 3s/epoch - 255ms/step
Epoch 12/10000

Epoch 12: val_loss improved from 0.31586 to 0.31253, saving model to ./results/NN_rms_regr/RNN/recursion_3/ckpt_1
11/11 - 3s - loss: 0.3078 - mse: 0.3078 - mae: 0.4520 - val_loss: 0.3125 - val_mse: 0.3125 - val_mae: 0.4564 - 3s/epoch - 261ms/step
Epoch 13/10000

Epoch 13: val_loss improved from 0.31253 to 0.31109, saving model to ./results/NN_rms_regr/RNN/recursion_3/ckpt_1
11/11 - 3s - loss: 0.3059 - mse: 0.3059 - mae: 0.4507 - val_loss: 0.3111 - val_mse: 0.3111 - val_mae: 0.4550 - 3s/epoch - 262ms/step
Epoch 14/10000

Epoch 14: val_loss improved from 0.31109 to 0.30959, saving model to ./results/NN_rms_regr/RNN/recursion_3/ckpt_1
11/11 - 3s - loss: 0.3042 - mse: 0.3042 - mae: 0.4490 - val_loss: 0.3096 - val_mse: 0.3096 - val_mae: 0.4539 - 3s/epoch - 254ms/step
Epoch 15/10000

Epoch 15: val_loss improved from 0.30959 to 0.30906, saving model to ./results/NN_rms_regr/RNN/recursion_3/ckpt_1
11/11 - 3s - loss: 0.3027 - mse: 0.3027 - mae: 0.4478 - val_loss: 0.3091 - val_mse: 0.3091 - val_mae: 0.4535 - 3s/epoch - 261ms/step
Epoch 16/10000

Epoch 16: val_loss improved from 0.30906 to 0.30680, saving model to ./results/NN_rms_regr/RNN/recursion_3/ckpt_1
11/11 - 3s - loss: 0.3011 - mse: 0.3011 - mae: 0.4464 - val_loss: 0.3068 - val_mse: 0.3068 - val_mae: 0.4514 - 3s/epoch - 253ms/step
Epoch 17/10000

Epoch 17: val_loss improved from 0.30680 to 0.30577, saving model to ./results/NN_rms_regr/RNN/recursion_3/ckpt_1
11/11 - 3s - loss: 0.2998 - mse: 0.2998 - mae: 0.4451 - val_loss: 0.3058 - val_mse: 0.3058 - val_mae: 0.4507 - 3s/epoch - 257ms/step
Epoch 18/10000

Epoch 18: val_loss improved from 0.30577 to 0.30422, saving model to ./results/NN_rms_regr/RNN/recursion_3/ckpt_1
11/11 - 3s - loss: 0.2985 - mse: 0.2985 - mae: 0.4440 - val_loss: 0.3042 - val_mse: 0.3042 - val_mae: 0.4493 - 3s/epoch - 261ms/step
Epoch 19/10000

Epoch 19: val_loss improved from 0.30422 to 0.30353, saving model to ./results/NN_rms_regr/RNN/recursion_3/ckpt_1
11/11 - 3s - loss: 0.2972 - mse: 0.2972 - mae: 0.4430 - val_loss: 0.3035 - val_mse: 0.3035 - val_mae: 0.4487 - 3s/epoch - 261ms/step
Epoch 20/10000

Epoch 20: val_loss improved from 0.30353 to 0.30158, saving model to ./results/NN_rms_regr/RNN/recursion_3/ckpt_1
11/11 - 3s - loss: 0.2957 - mse: 0.2957 - mae: 0.4416 - val_loss: 0.3016 - val_mse: 0.3016 - val_mae: 0.4470 - 3s/epoch - 254ms/step
Epoch 21/10000

Epoch 21: val_loss improved from 0.30158 to 0.30043, saving model to ./results/NN_rms_regr/RNN/recursion_3/ckpt_1
11/11 - 3s - loss: 0.2945 - mse: 0.2945 - mae: 0.4406 - val_loss: 0.3004 - val_mse: 0.3004 - val_mae: 0.4460 - 3s/epoch - 260ms/step
Epoch 22/10000

Epoch 22: val_loss improved from 0.30043 to 0.29964, saving model to ./results/NN_rms_regr/RNN/recursion_3/ckpt_1
11/11 - 3s - loss: 0.2934 - mse: 0.2934 - mae: 0.4395 - val_loss: 0.2996 - val_mse: 0.2996 - val_mae: 0.4453 - 3s/epoch - 261ms/step
Epoch 23/10000

Epoch 23: val_loss improved from 0.29964 to 0.29884, saving model to ./results/NN_rms_regr/RNN/recursion_3/ckpt_1
11/11 - 3s - loss: 0.2924 - mse: 0.2924 - mae: 0.4385 - val_loss: 0.2988 - val_mse: 0.2988 - val_mae: 0.4446 - 3s/epoch - 255ms/step
Epoch 24/10000

Epoch 24: val_loss improved from 0.29884 to 0.29738, saving model to ./results/NN_rms_regr/RNN/recursion_3/ckpt_1
11/11 - 3s - loss: 0.2911 - mse: 0.2911 - mae: 0.4374 - val_loss: 0.2974 - val_mse: 0.2974 - val_mae: 0.4433 - 3s/epoch - 259ms/step
Epoch 25/10000

Epoch 25: val_loss improved from 0.29738 to 0.29659, saving model to ./results/NN_rms_regr/RNN/recursion_3/ckpt_1
11/11 - 3s - loss: 0.2902 - mse: 0.2902 - mae: 0.4366 - val_loss: 0.2966 - val_mse: 0.2966 - val_mae: 0.4426 - 3s/epoch - 260ms/step
Epoch 26/10000

Epoch 26: val_loss improved from 0.29659 to 0.29575, saving model to ./results/NN_rms_regr/RNN/recursion_3/ckpt_1
11/11 - 3s - loss: 0.2895 - mse: 0.2895 - mae: 0.4357 - val_loss: 0.2957 - val_mse: 0.2957 - val_mae: 0.4418 - 3s/epoch - 255ms/step
Epoch 27/10000

Epoch 27: val_loss improved from 0.29575 to 0.29467, saving model to ./results/NN_rms_regr/RNN/recursion_3/ckpt_1
11/11 - 3s - loss: 0.2891 - mse: 0.2891 - mae: 0.4355 - val_loss: 0.2947 - val_mse: 0.2947 - val_mae: 0.4408 - 3s/epoch - 260ms/step
Epoch 28/10000

Epoch 28: val_loss did not improve from 0.29467
11/11 - 2s - loss: 0.2880 - mse: 0.2880 - mae: 0.4342 - val_loss: 0.2960 - val_mse: 0.2960 - val_mae: 0.4416 - 2s/epoch - 180ms/step
Epoch 29/10000

Epoch 29: val_loss improved from 0.29467 to 0.29314, saving model to ./results/NN_rms_regr/RNN/recursion_3/ckpt_1
11/11 - 3s - loss: 0.2868 - mse: 0.2868 - mae: 0.4332 - val_loss: 0.2931 - val_mse: 0.2931 - val_mae: 0.4394 - 3s/epoch - 260ms/step
Epoch 30/10000

Epoch 30: val_loss improved from 0.29314 to 0.29260, saving model to ./results/NN_rms_regr/RNN/recursion_3/ckpt_1
11/11 - 3s - loss: 0.2859 - mse: 0.2859 - mae: 0.4323 - val_loss: 0.2926 - val_mse: 0.2926 - val_mae: 0.4389 - 3s/epoch - 261ms/step
Epoch 31/10000

Epoch 31: val_loss improved from 0.29260 to 0.29149, saving model to ./results/NN_rms_regr/RNN/recursion_3/ckpt_1
11/11 - 3s - loss: 0.2851 - mse: 0.2851 - mae: 0.4317 - val_loss: 0.2915 - val_mse: 0.2915 - val_mae: 0.4379 - 3s/epoch - 261ms/step
Epoch 32/10000

Epoch 32: val_loss improved from 0.29149 to 0.29126, saving model to ./results/NN_rms_regr/RNN/recursion_3/ckpt_1
11/11 - 3s - loss: 0.2843 - mse: 0.2843 - mae: 0.4309 - val_loss: 0.2913 - val_mse: 0.2913 - val_mae: 0.4376 - 3s/epoch - 255ms/step
Epoch 33/10000

Epoch 33: val_loss improved from 0.29126 to 0.29041, saving model to ./results/NN_rms_regr/RNN/recursion_3/ckpt_1
11/11 - 3s - loss: 0.2836 - mse: 0.2836 - mae: 0.4302 - val_loss: 0.2904 - val_mse: 0.2904 - val_mae: 0.4366 - 3s/epoch - 261ms/step
Epoch 34/10000

Epoch 34: val_loss improved from 0.29041 to 0.28971, saving model to ./results/NN_rms_regr/RNN/recursion_3/ckpt_1
11/11 - 3s - loss: 0.2833 - mse: 0.2833 - mae: 0.4299 - val_loss: 0.2897 - val_mse: 0.2897 - val_mae: 0.4360 - 3s/epoch - 255ms/step
Epoch 35/10000

Epoch 35: val_loss improved from 0.28971 to 0.28906, saving model to ./results/NN_rms_regr/RNN/recursion_3/ckpt_1
11/11 - 3s - loss: 0.2826 - mse: 0.2826 - mae: 0.4293 - val_loss: 0.2891 - val_mse: 0.2891 - val_mae: 0.4355 - 3s/epoch - 260ms/step
Epoch 36/10000

Epoch 36: val_loss did not improve from 0.28906
11/11 - 2s - loss: 0.2819 - mse: 0.2819 - mae: 0.4286 - val_loss: 0.2893 - val_mse: 0.2893 - val_mae: 0.4357 - 2s/epoch - 179ms/step
Epoch 37/10000

Epoch 37: val_loss improved from 0.28906 to 0.28836, saving model to ./results/NN_rms_regr/RNN/recursion_3/ckpt_1
11/11 - 3s - loss: 0.2817 - mse: 0.2817 - mae: 0.4283 - val_loss: 0.2884 - val_mse: 0.2884 - val_mae: 0.4349 - 3s/epoch - 260ms/step
Epoch 38/10000

Epoch 38: val_loss did not improve from 0.28836
11/11 - 2s - loss: 0.2819 - mse: 0.2819 - mae: 0.4284 - val_loss: 0.2912 - val_mse: 0.2912 - val_mae: 0.4368 - 2s/epoch - 180ms/step
Epoch 39/10000

Epoch 39: val_loss did not improve from 0.28836
11/11 - 2s - loss: 0.2820 - mse: 0.2820 - mae: 0.4284 - val_loss: 0.2908 - val_mse: 0.2908 - val_mae: 0.4365 - 2s/epoch - 179ms/step
Epoch 40/10000

Epoch 40: val_loss did not improve from 0.28836
11/11 - 2s - loss: 0.2815 - mse: 0.2815 - mae: 0.4281 - val_loss: 0.2889 - val_mse: 0.2889 - val_mae: 0.4350 - 2s/epoch - 179ms/step
Epoch 41/10000

Epoch 41: val_loss did not improve from 0.28836
11/11 - 2s - loss: 0.2803 - mse: 0.2803 - mae: 0.4267 - val_loss: 0.2895 - val_mse: 0.2895 - val_mae: 0.4353 - 2s/epoch - 181ms/step
Epoch 42/10000

Epoch 42: val_loss improved from 0.28836 to 0.28664, saving model to ./results/NN_rms_regr/RNN/recursion_3/ckpt_1
11/11 - 3s - loss: 0.2798 - mse: 0.2798 - mae: 0.4266 - val_loss: 0.2866 - val_mse: 0.2866 - val_mae: 0.4331 - 3s/epoch - 260ms/step
Epoch 43/10000

Epoch 43: val_loss did not improve from 0.28664
11/11 - 2s - loss: 0.2795 - mse: 0.2795 - mae: 0.4263 - val_loss: 0.2870 - val_mse: 0.2870 - val_mae: 0.4334 - 2s/epoch - 180ms/step
Epoch 44/10000

Epoch 44: val_loss did not improve from 0.28664
11/11 - 2s - loss: 0.2791 - mse: 0.2791 - mae: 0.4257 - val_loss: 0.2879 - val_mse: 0.2879 - val_mae: 0.4339 - 2s/epoch - 180ms/step
Epoch 45/10000

Epoch 45: val_loss did not improve from 0.28664
11/11 - 2s - loss: 0.2791 - mse: 0.2791 - mae: 0.4257 - val_loss: 0.2868 - val_mse: 0.2868 - val_mae: 0.4331 - 2s/epoch - 180ms/step
Epoch 46/10000

Epoch 46: val_loss improved from 0.28664 to 0.28508, saving model to ./results/NN_rms_regr/RNN/recursion_3/ckpt_1
11/11 - 3s - loss: 0.2785 - mse: 0.2785 - mae: 0.4254 - val_loss: 0.2851 - val_mse: 0.2851 - val_mae: 0.4317 - 3s/epoch - 255ms/step
Epoch 47/10000

Epoch 47: val_loss did not improve from 0.28508
11/11 - 2s - loss: 0.2785 - mse: 0.2785 - mae: 0.4251 - val_loss: 0.2855 - val_mse: 0.2855 - val_mae: 0.4318 - 2s/epoch - 180ms/step
Epoch 48/10000

Epoch 48: val_loss improved from 0.28508 to 0.28500, saving model to ./results/NN_rms_regr/RNN/recursion_3/ckpt_1
11/11 - 3s - loss: 0.2783 - mse: 0.2783 - mae: 0.4249 - val_loss: 0.2850 - val_mse: 0.2850 - val_mae: 0.4314 - 3s/epoch - 261ms/step
Epoch 49/10000

Epoch 49: val_loss improved from 0.28500 to 0.28445, saving model to ./results/NN_rms_regr/RNN/recursion_3/ckpt_1
11/11 - 3s - loss: 0.2778 - mse: 0.2778 - mae: 0.4248 - val_loss: 0.2844 - val_mse: 0.2844 - val_mae: 0.4311 - 3s/epoch - 262ms/step
Epoch 50/10000

Epoch 50: val_loss did not improve from 0.28445
11/11 - 2s - loss: 0.2776 - mse: 0.2776 - mae: 0.4245 - val_loss: 0.2854 - val_mse: 0.2854 - val_mae: 0.4318 - 2s/epoch - 180ms/step
Epoch 51/10000

Epoch 51: val_loss improved from 0.28445 to 0.28428, saving model to ./results/NN_rms_regr/RNN/recursion_3/ckpt_1
11/11 - 3s - loss: 0.2773 - mse: 0.2773 - mae: 0.4242 - val_loss: 0.2843 - val_mse: 0.2843 - val_mae: 0.4308 - 3s/epoch - 255ms/step
Epoch 52/10000

Epoch 52: val_loss improved from 0.28428 to 0.28393, saving model to ./results/NN_rms_regr/RNN/recursion_3/ckpt_1
11/11 - 3s - loss: 0.2775 - mse: 0.2775 - mae: 0.4243 - val_loss: 0.2839 - val_mse: 0.2839 - val_mae: 0.4306 - 3s/epoch - 260ms/step
Epoch 53/10000

Epoch 53: val_loss did not improve from 0.28393
11/11 - 2s - loss: 0.2771 - mse: 0.2771 - mae: 0.4239 - val_loss: 0.2841 - val_mse: 0.2841 - val_mae: 0.4306 - 2s/epoch - 180ms/step
Epoch 54/10000

Epoch 54: val_loss did not improve from 0.28393
11/11 - 2s - loss: 0.2780 - mse: 0.2780 - mae: 0.4247 - val_loss: 0.2865 - val_mse: 0.2865 - val_mae: 0.4325 - 2s/epoch - 180ms/step
Epoch 55/10000

Epoch 55: val_loss did not improve from 0.28393
11/11 - 2s - loss: 0.2772 - mse: 0.2772 - mae: 0.4241 - val_loss: 0.2855 - val_mse: 0.2855 - val_mae: 0.4317 - 2s/epoch - 180ms/step
Epoch 56/10000

Epoch 56: val_loss did not improve from 0.28393
11/11 - 2s - loss: 0.2773 - mse: 0.2773 - mae: 0.4242 - val_loss: 0.2848 - val_mse: 0.2848 - val_mae: 0.4313 - 2s/epoch - 180ms/step
Epoch 57/10000

Epoch 57: val_loss did not improve from 0.28393
11/11 - 2s - loss: 0.2766 - mse: 0.2766 - mae: 0.4236 - val_loss: 0.2842 - val_mse: 0.2842 - val_mae: 0.4308 - 2s/epoch - 180ms/step
Epoch 58/10000

Epoch 58: val_loss did not improve from 0.28393
11/11 - 2s - loss: 0.2765 - mse: 0.2765 - mae: 0.4236 - val_loss: 0.2847 - val_mse: 0.2847 - val_mae: 0.4311 - 2s/epoch - 180ms/step
Epoch 59/10000

Epoch 59: val_loss improved from 0.28393 to 0.28302, saving model to ./results/NN_rms_regr/RNN/recursion_3/ckpt_1
11/11 - 3s - loss: 0.2763 - mse: 0.2763 - mae: 0.4233 - val_loss: 0.2830 - val_mse: 0.2830 - val_mae: 0.4298 - 3s/epoch - 261ms/step
Epoch 60/10000

Epoch 60: val_loss did not improve from 0.28302
11/11 - 2s - loss: 0.2766 - mse: 0.2766 - mae: 0.4235 - val_loss: 0.2830 - val_mse: 0.2830 - val_mae: 0.4298 - 2s/epoch - 181ms/step
Epoch 61/10000

Epoch 61: val_loss did not improve from 0.28302
11/11 - 2s - loss: 0.2769 - mse: 0.2769 - mae: 0.4237 - val_loss: 0.2863 - val_mse: 0.2863 - val_mae: 0.4323 - 2s/epoch - 181ms/step
Epoch 62/10000

Epoch 62: val_loss did not improve from 0.28302
11/11 - 2s - loss: 0.2775 - mse: 0.2775 - mae: 0.4242 - val_loss: 0.2882 - val_mse: 0.2882 - val_mae: 0.4337 - 2s/epoch - 180ms/step
Epoch 63/10000

Epoch 63: val_loss did not improve from 0.28302
11/11 - 2s - loss: 0.2795 - mse: 0.2795 - mae: 0.4255 - val_loss: 0.2834 - val_mse: 0.2834 - val_mae: 0.4301 - 2s/epoch - 180ms/step
Epoch 64/10000

Epoch 64: val_loss improved from 0.28302 to 0.28274, saving model to ./results/NN_rms_regr/RNN/recursion_3/ckpt_1
11/11 - 3s - loss: 0.2767 - mse: 0.2767 - mae: 0.4235 - val_loss: 0.2827 - val_mse: 0.2827 - val_mae: 0.4294 - 3s/epoch - 255ms/step
Epoch 65/10000

Epoch 65: val_loss did not improve from 0.28274
11/11 - 2s - loss: 0.2774 - mse: 0.2774 - mae: 0.4241 - val_loss: 0.2839 - val_mse: 0.2839 - val_mae: 0.4300 - 2s/epoch - 180ms/step
Epoch 66/10000

Epoch 66: val_loss improved from 0.28274 to 0.28247, saving model to ./results/NN_rms_regr/RNN/recursion_3/ckpt_1
11/11 - 3s - loss: 0.2768 - mse: 0.2768 - mae: 0.4236 - val_loss: 0.2825 - val_mse: 0.2825 - val_mae: 0.4292 - 3s/epoch - 258ms/step
Epoch 67/10000

Epoch 67: val_loss did not improve from 0.28247
11/11 - 2s - loss: 0.2764 - mse: 0.2764 - mae: 0.4232 - val_loss: 0.2854 - val_mse: 0.2854 - val_mae: 0.4315 - 2s/epoch - 180ms/step
Epoch 68/10000

Epoch 68: val_loss did not improve from 0.28247
11/11 - 2s - loss: 0.2773 - mse: 0.2773 - mae: 0.4240 - val_loss: 0.2847 - val_mse: 0.2847 - val_mae: 0.4310 - 2s/epoch - 179ms/step
Epoch 69/10000

Epoch 69: val_loss did not improve from 0.28247
11/11 - 2s - loss: 0.2764 - mse: 0.2764 - mae: 0.4229 - val_loss: 0.2830 - val_mse: 0.2830 - val_mae: 0.4297 - 2s/epoch - 180ms/step
Epoch 70/10000

Epoch 70: val_loss improved from 0.28247 to 0.28214, saving model to ./results/NN_rms_regr/RNN/recursion_3/ckpt_1
11/11 - 3s - loss: 0.2765 - mse: 0.2765 - mae: 0.4234 - val_loss: 0.2821 - val_mse: 0.2821 - val_mae: 0.4289 - 3s/epoch - 260ms/step
Epoch 71/10000

Epoch 71: val_loss improved from 0.28214 to 0.28213, saving model to ./results/NN_rms_regr/RNN/recursion_3/ckpt_1
11/11 - 3s - loss: 0.2761 - mse: 0.2761 - mae: 0.4228 - val_loss: 0.2821 - val_mse: 0.2821 - val_mae: 0.4290 - 3s/epoch - 260ms/step
Epoch 72/10000

Epoch 72: val_loss did not improve from 0.28213
11/11 - 2s - loss: 0.2761 - mse: 0.2761 - mae: 0.4230 - val_loss: 0.2858 - val_mse: 0.2858 - val_mae: 0.4317 - 2s/epoch - 180ms/step
Epoch 73/10000

Epoch 73: val_loss improved from 0.28213 to 0.28197, saving model to ./results/NN_rms_regr/RNN/recursion_3/ckpt_1
11/11 - 3s - loss: 0.2769 - mse: 0.2769 - mae: 0.4233 - val_loss: 0.2820 - val_mse: 0.2820 - val_mae: 0.4287 - 3s/epoch - 261ms/step
Epoch 74/10000

Epoch 74: val_loss improved from 0.28197 to 0.28188, saving model to ./results/NN_rms_regr/RNN/recursion_3/ckpt_1
11/11 - 3s - loss: 0.2756 - mse: 0.2756 - mae: 0.4227 - val_loss: 0.2819 - val_mse: 0.2819 - val_mae: 0.4286 - 3s/epoch - 255ms/step
Epoch 75/10000

Epoch 75: val_loss did not improve from 0.28188
11/11 - 2s - loss: 0.2752 - mse: 0.2752 - mae: 0.4222 - val_loss: 0.2823 - val_mse: 0.2823 - val_mae: 0.4292 - 2s/epoch - 181ms/step
Epoch 76/10000

Epoch 76: val_loss did not improve from 0.28188
11/11 - 2s - loss: 0.2755 - mse: 0.2755 - mae: 0.4223 - val_loss: 0.2829 - val_mse: 0.2829 - val_mae: 0.4296 - 2s/epoch - 180ms/step
Epoch 77/10000

Epoch 77: val_loss improved from 0.28188 to 0.28166, saving model to ./results/NN_rms_regr/RNN/recursion_3/ckpt_1
11/11 - 3s - loss: 0.2759 - mse: 0.2759 - mae: 0.4227 - val_loss: 0.2817 - val_mse: 0.2817 - val_mae: 0.4284 - 3s/epoch - 261ms/step
Epoch 78/10000

Epoch 78: val_loss did not improve from 0.28166
11/11 - 2s - loss: 0.2760 - mse: 0.2760 - mae: 0.4224 - val_loss: 0.2818 - val_mse: 0.2818 - val_mae: 0.4284 - 2s/epoch - 180ms/step
Epoch 79/10000

Epoch 79: val_loss did not improve from 0.28166
11/11 - 2s - loss: 0.2766 - mse: 0.2766 - mae: 0.4233 - val_loss: 0.2861 - val_mse: 0.2861 - val_mae: 0.4318 - 2s/epoch - 179ms/step
Epoch 80/10000

Epoch 80: val_loss did not improve from 0.28166
11/11 - 2s - loss: 0.2775 - mse: 0.2775 - mae: 0.4236 - val_loss: 0.2818 - val_mse: 0.2818 - val_mae: 0.4287 - 2s/epoch - 179ms/step
Epoch 81/10000

Epoch 81: val_loss did not improve from 0.28166
11/11 - 2s - loss: 0.2775 - mse: 0.2775 - mae: 0.4236 - val_loss: 0.2863 - val_mse: 0.2863 - val_mae: 0.4312 - 2s/epoch - 181ms/step
Epoch 82/10000

Epoch 82: val_loss did not improve from 0.28166
11/11 - 2s - loss: 0.2782 - mse: 0.2782 - mae: 0.4243 - val_loss: 0.2826 - val_mse: 0.2826 - val_mae: 0.4292 - 2s/epoch - 179ms/step
Epoch 83/10000

Epoch 83: val_loss did not improve from 0.28166
11/11 - 2s - loss: 0.2756 - mse: 0.2756 - mae: 0.4224 - val_loss: 0.2835 - val_mse: 0.2835 - val_mae: 0.4299 - 2s/epoch - 180ms/step
Epoch 84/10000

Epoch 84: val_loss improved from 0.28166 to 0.28158, saving model to ./results/NN_rms_regr/RNN/recursion_3/ckpt_1
11/11 - 3s - loss: 0.2751 - mse: 0.2751 - mae: 0.4220 - val_loss: 0.2816 - val_mse: 0.2816 - val_mae: 0.4285 - 3s/epoch - 254ms/step
Epoch 85/10000

Epoch 85: val_loss improved from 0.28158 to 0.28132, saving model to ./results/NN_rms_regr/RNN/recursion_3/ckpt_1
11/11 - 3s - loss: 0.2755 - mse: 0.2755 - mae: 0.4223 - val_loss: 0.2813 - val_mse: 0.2813 - val_mae: 0.4282 - 3s/epoch - 260ms/step
Epoch 86/10000

Epoch 86: val_loss did not improve from 0.28132
11/11 - 2s - loss: 0.2750 - mse: 0.2750 - mae: 0.4218 - val_loss: 0.2816 - val_mse: 0.2816 - val_mae: 0.4284 - 2s/epoch - 179ms/step
Epoch 87/10000

Epoch 87: val_loss did not improve from 0.28132
11/11 - 2s - loss: 0.2753 - mse: 0.2753 - mae: 0.4220 - val_loss: 0.2818 - val_mse: 0.2818 - val_mae: 0.4285 - 2s/epoch - 180ms/step
Epoch 88/10000

Epoch 88: val_loss did not improve from 0.28132
11/11 - 2s - loss: 0.2748 - mse: 0.2748 - mae: 0.4217 - val_loss: 0.2814 - val_mse: 0.2814 - val_mae: 0.4282 - 2s/epoch - 180ms/step
Epoch 89/10000

Epoch 89: val_loss did not improve from 0.28132
11/11 - 2s - loss: 0.2753 - mse: 0.2753 - mae: 0.4219 - val_loss: 0.2815 - val_mse: 0.2815 - val_mae: 0.4280 - 2s/epoch - 180ms/step
Epoch 90/10000

Epoch 90: val_loss did not improve from 0.28132
11/11 - 2s - loss: 0.2748 - mse: 0.2748 - mae: 0.4215 - val_loss: 0.2813 - val_mse: 0.2813 - val_mae: 0.4281 - 2s/epoch - 179ms/step
Epoch 91/10000

Epoch 91: val_loss did not improve from 0.28132
11/11 - 2s - loss: 0.2747 - mse: 0.2747 - mae: 0.4214 - val_loss: 0.2819 - val_mse: 0.2819 - val_mae: 0.4286 - 2s/epoch - 181ms/step
Epoch 92/10000

Epoch 92: val_loss did not improve from 0.28132
11/11 - 2s - loss: 0.2749 - mse: 0.2749 - mae: 0.4217 - val_loss: 0.2817 - val_mse: 0.2817 - val_mae: 0.4284 - 2s/epoch - 180ms/step
Epoch 93/10000

Epoch 93: val_loss did not improve from 0.28132
11/11 - 2s - loss: 0.2753 - mse: 0.2753 - mae: 0.4222 - val_loss: 0.2813 - val_mse: 0.2813 - val_mae: 0.4281 - 2s/epoch - 179ms/step
Epoch 94/10000

Epoch 94: val_loss improved from 0.28132 to 0.28106, saving model to ./results/NN_rms_regr/RNN/recursion_3/ckpt_1
11/11 - 3s - loss: 0.2746 - mse: 0.2746 - mae: 0.4214 - val_loss: 0.2811 - val_mse: 0.2811 - val_mae: 0.4278 - 3s/epoch - 262ms/step
Epoch 95/10000

Epoch 95: val_loss did not improve from 0.28106
11/11 - 2s - loss: 0.2745 - mse: 0.2745 - mae: 0.4213 - val_loss: 0.2830 - val_mse: 0.2830 - val_mae: 0.4293 - 2s/epoch - 184ms/step
Epoch 96/10000

Epoch 96: val_loss improved from 0.28106 to 0.28101, saving model to ./results/NN_rms_regr/RNN/recursion_3/ckpt_1
11/11 - 3s - loss: 0.2747 - mse: 0.2747 - mae: 0.4215 - val_loss: 0.2810 - val_mse: 0.2810 - val_mae: 0.4275 - 3s/epoch - 273ms/step
Epoch 97/10000

Epoch 97: val_loss improved from 0.28101 to 0.28100, saving model to ./results/NN_rms_regr/RNN/recursion_3/ckpt_1
11/11 - 3s - loss: 0.2746 - mse: 0.2746 - mae: 0.4214 - val_loss: 0.2810 - val_mse: 0.2810 - val_mae: 0.4275 - 3s/epoch - 254ms/step
Epoch 98/10000

Epoch 98: val_loss did not improve from 0.28100
11/11 - 2s - loss: 0.2748 - mse: 0.2748 - mae: 0.4215 - val_loss: 0.2811 - val_mse: 0.2811 - val_mae: 0.4276 - 2s/epoch - 179ms/step
Epoch 99/10000

Epoch 99: val_loss did not improve from 0.28100
11/11 - 2s - loss: 0.2756 - mse: 0.2756 - mae: 0.4221 - val_loss: 0.2812 - val_mse: 0.2812 - val_mae: 0.4276 - 2s/epoch - 180ms/step
Epoch 100/10000

Epoch 100: val_loss did not improve from 0.28100
11/11 - 2s - loss: 0.2749 - mse: 0.2749 - mae: 0.4218 - val_loss: 0.2811 - val_mse: 0.2811 - val_mae: 0.4278 - 2s/epoch - 179ms/step
Epoch 101/10000

Epoch 101: val_loss did not improve from 0.28100
11/11 - 2s - loss: 0.2747 - mse: 0.2747 - mae: 0.4215 - val_loss: 0.2810 - val_mse: 0.2810 - val_mae: 0.4275 - 2s/epoch - 179ms/step
Epoch 102/10000

Epoch 102: val_loss did not improve from 0.28100
11/11 - 2s - loss: 0.2764 - mse: 0.2764 - mae: 0.4226 - val_loss: 0.2860 - val_mse: 0.2860 - val_mae: 0.4315 - 2s/epoch - 180ms/step
Epoch 103/10000

Epoch 103: val_loss improved from 0.28100 to 0.28073, saving model to ./results/NN_rms_regr/RNN/recursion_3/ckpt_1
11/11 - 3s - loss: 0.2770 - mse: 0.2770 - mae: 0.4234 - val_loss: 0.2807 - val_mse: 0.2807 - val_mae: 0.4273 - 3s/epoch - 261ms/step
Epoch 104/10000

Epoch 104: val_loss improved from 0.28073 to 0.28070, saving model to ./results/NN_rms_regr/RNN/recursion_3/ckpt_1
11/11 - 3s - loss: 0.2748 - mse: 0.2748 - mae: 0.4214 - val_loss: 0.2807 - val_mse: 0.2807 - val_mae: 0.4273 - 3s/epoch - 261ms/step
Epoch 105/10000

Epoch 105: val_loss did not improve from 0.28070
11/11 - 2s - loss: 0.2748 - mse: 0.2748 - mae: 0.4213 - val_loss: 0.2833 - val_mse: 0.2833 - val_mae: 0.4295 - 2s/epoch - 179ms/step
Epoch 106/10000

Epoch 106: val_loss did not improve from 0.28070
11/11 - 2s - loss: 0.2751 - mse: 0.2751 - mae: 0.4215 - val_loss: 0.2807 - val_mse: 0.2807 - val_mae: 0.4272 - 2s/epoch - 178ms/step
Epoch 107/10000

Epoch 107: val_loss did not improve from 0.28070
11/11 - 2s - loss: 0.2744 - mse: 0.2744 - mae: 0.4211 - val_loss: 0.2809 - val_mse: 0.2809 - val_mae: 0.4273 - 2s/epoch - 180ms/step
Epoch 108/10000

Epoch 108: val_loss did not improve from 0.28070
11/11 - 2s - loss: 0.2753 - mse: 0.2753 - mae: 0.4214 - val_loss: 0.2832 - val_mse: 0.2832 - val_mae: 0.4292 - 2s/epoch - 179ms/step
Epoch 109/10000

Epoch 109: val_loss did not improve from 0.28070
11/11 - 2s - loss: 0.2748 - mse: 0.2748 - mae: 0.4215 - val_loss: 0.2812 - val_mse: 0.2812 - val_mae: 0.4274 - 2s/epoch - 180ms/step
Epoch 110/10000

Epoch 110: val_loss did not improve from 0.28070
11/11 - 2s - loss: 0.2748 - mse: 0.2748 - mae: 0.4211 - val_loss: 0.2807 - val_mse: 0.2807 - val_mae: 0.4271 - 2s/epoch - 179ms/step
Epoch 111/10000

Epoch 111: val_loss did not improve from 0.28070
11/11 - 2s - loss: 0.2754 - mse: 0.2754 - mae: 0.4219 - val_loss: 0.2808 - val_mse: 0.2808 - val_mae: 0.4275 - 2s/epoch - 180ms/step
Epoch 112/10000

Epoch 112: val_loss improved from 0.28070 to 0.28054, saving model to ./results/NN_rms_regr/RNN/recursion_3/ckpt_1
11/11 - 3s - loss: 0.2745 - mse: 0.2745 - mae: 0.4211 - val_loss: 0.2805 - val_mse: 0.2805 - val_mae: 0.4270 - 3s/epoch - 254ms/step
Epoch 113/10000

Epoch 113: val_loss did not improve from 0.28054
11/11 - 2s - loss: 0.2755 - mse: 0.2755 - mae: 0.4217 - val_loss: 0.2812 - val_mse: 0.2812 - val_mae: 0.4278 - 2s/epoch - 179ms/step
Epoch 114/10000

Epoch 114: val_loss improved from 0.28054 to 0.28048, saving model to ./results/NN_rms_regr/RNN/recursion_3/ckpt_1
11/11 - 3s - loss: 0.2779 - mse: 0.2779 - mae: 0.4239 - val_loss: 0.2805 - val_mse: 0.2805 - val_mae: 0.4270 - 3s/epoch - 261ms/step
Epoch 115/10000

Epoch 115: val_loss did not improve from 0.28048
11/11 - 2s - loss: 0.2743 - mse: 0.2743 - mae: 0.4206 - val_loss: 0.2808 - val_mse: 0.2808 - val_mae: 0.4270 - 2s/epoch - 180ms/step
Epoch 116/10000

Epoch 116: val_loss did not improve from 0.28048
11/11 - 2s - loss: 0.2748 - mse: 0.2748 - mae: 0.4212 - val_loss: 0.2809 - val_mse: 0.2809 - val_mae: 0.4274 - 2s/epoch - 179ms/step
Epoch 117/10000

Epoch 117: val_loss did not improve from 0.28048
11/11 - 2s - loss: 0.2754 - mse: 0.2754 - mae: 0.4218 - val_loss: 0.2821 - val_mse: 0.2821 - val_mae: 0.4284 - 2s/epoch - 179ms/step
Epoch 118/10000

Epoch 118: val_loss did not improve from 0.28048
11/11 - 2s - loss: 0.2746 - mse: 0.2746 - mae: 0.4211 - val_loss: 0.2812 - val_mse: 0.2812 - val_mae: 0.4277 - 2s/epoch - 179ms/step
Epoch 119/10000

Epoch 119: val_loss did not improve from 0.28048
11/11 - 2s - loss: 0.2748 - mse: 0.2748 - mae: 0.4213 - val_loss: 0.2805 - val_mse: 0.2805 - val_mae: 0.4269 - 2s/epoch - 179ms/step
Epoch 120/10000

Epoch 120: val_loss did not improve from 0.28048
11/11 - 2s - loss: 0.2745 - mse: 0.2745 - mae: 0.4207 - val_loss: 0.2806 - val_mse: 0.2806 - val_mae: 0.4271 - 2s/epoch - 178ms/step
Epoch 121/10000

Epoch 121: val_loss did not improve from 0.28048
11/11 - 2s - loss: 0.2743 - mse: 0.2743 - mae: 0.4208 - val_loss: 0.2815 - val_mse: 0.2815 - val_mae: 0.4278 - 2s/epoch - 178ms/step
Epoch 122/10000

Epoch 122: val_loss did not improve from 0.28048
11/11 - 2s - loss: 0.2752 - mse: 0.2752 - mae: 0.4217 - val_loss: 0.2815 - val_mse: 0.2815 - val_mae: 0.4279 - 2s/epoch - 180ms/step
Epoch 123/10000

Epoch 123: val_loss improved from 0.28048 to 0.28046, saving model to ./results/NN_rms_regr/RNN/recursion_3/ckpt_1
11/11 - 3s - loss: 0.2751 - mse: 0.2751 - mae: 0.4211 - val_loss: 0.2805 - val_mse: 0.2805 - val_mae: 0.4269 - 3s/epoch - 261ms/step
Epoch 124/10000

Epoch 124: val_loss improved from 0.28046 to 0.28043, saving model to ./results/NN_rms_regr/RNN/recursion_3/ckpt_1
11/11 - 3s - loss: 0.2744 - mse: 0.2744 - mae: 0.4208 - val_loss: 0.2804 - val_mse: 0.2804 - val_mae: 0.4269 - 3s/epoch - 255ms/step
Epoch 125/10000

Epoch 125: val_loss improved from 0.28043 to 0.28036, saving model to ./results/NN_rms_regr/RNN/recursion_3/ckpt_1
11/11 - 3s - loss: 0.2741 - mse: 0.2741 - mae: 0.4207 - val_loss: 0.2804 - val_mse: 0.2804 - val_mae: 0.4268 - 3s/epoch - 259ms/step
Epoch 126/10000

Epoch 126: val_loss did not improve from 0.28036
11/11 - 2s - loss: 0.2743 - mse: 0.2743 - mae: 0.4207 - val_loss: 0.2813 - val_mse: 0.2813 - val_mae: 0.4276 - 2s/epoch - 180ms/step
Epoch 127/10000

Epoch 127: val_loss did not improve from 0.28036
11/11 - 2s - loss: 0.2743 - mse: 0.2743 - mae: 0.4207 - val_loss: 0.2819 - val_mse: 0.2819 - val_mae: 0.4281 - 2s/epoch - 180ms/step
Epoch 128/10000

Epoch 128: val_loss did not improve from 0.28036
11/11 - 2s - loss: 0.2748 - mse: 0.2748 - mae: 0.4209 - val_loss: 0.2807 - val_mse: 0.2807 - val_mae: 0.4268 - 2s/epoch - 180ms/step
Epoch 129/10000

Epoch 129: val_loss did not improve from 0.28036
11/11 - 2s - loss: 0.2750 - mse: 0.2750 - mae: 0.4213 - val_loss: 0.2819 - val_mse: 0.2819 - val_mae: 0.4280 - 2s/epoch - 180ms/step
Epoch 130/10000

Epoch 130: val_loss did not improve from 0.28036
11/11 - 2s - loss: 0.2744 - mse: 0.2744 - mae: 0.4210 - val_loss: 0.2804 - val_mse: 0.2804 - val_mae: 0.4266 - 2s/epoch - 181ms/step
Epoch 131/10000

Epoch 131: val_loss did not improve from 0.28036
11/11 - 2s - loss: 0.2756 - mse: 0.2756 - mae: 0.4212 - val_loss: 0.2831 - val_mse: 0.2831 - val_mae: 0.4289 - 2s/epoch - 180ms/step
Epoch 132/10000

Epoch 132: val_loss did not improve from 0.28036
11/11 - 2s - loss: 0.2746 - mse: 0.2746 - mae: 0.4211 - val_loss: 0.2806 - val_mse: 0.2806 - val_mae: 0.4269 - 2s/epoch - 179ms/step
Epoch 133/10000

Epoch 133: val_loss did not improve from 0.28036
11/11 - 2s - loss: 0.2744 - mse: 0.2744 - mae: 0.4210 - val_loss: 0.2822 - val_mse: 0.2822 - val_mae: 0.4276 - 2s/epoch - 180ms/step
Epoch 134/10000

Epoch 134: val_loss improved from 0.28036 to 0.28031, saving model to ./results/NN_rms_regr/RNN/recursion_3/ckpt_1
11/11 - 3s - loss: 0.2760 - mse: 0.2760 - mae: 0.4217 - val_loss: 0.2803 - val_mse: 0.2803 - val_mae: 0.4267 - 3s/epoch - 259ms/step
Epoch 135/10000

Epoch 135: val_loss did not improve from 0.28031
11/11 - 2s - loss: 0.2747 - mse: 0.2747 - mae: 0.4208 - val_loss: 0.2809 - val_mse: 0.2809 - val_mae: 0.4272 - 2s/epoch - 179ms/step
Epoch 136/10000

Epoch 136: val_loss did not improve from 0.28031
11/11 - 2s - loss: 0.2742 - mse: 0.2742 - mae: 0.4206 - val_loss: 0.2807 - val_mse: 0.2807 - val_mae: 0.4270 - 2s/epoch - 180ms/step
Epoch 137/10000

Epoch 137: val_loss did not improve from 0.28031
11/11 - 2s - loss: 0.2746 - mse: 0.2746 - mae: 0.4211 - val_loss: 0.2803 - val_mse: 0.2803 - val_mae: 0.4266 - 2s/epoch - 180ms/step
Epoch 138/10000

Epoch 138: val_loss improved from 0.28031 to 0.28025, saving model to ./results/NN_rms_regr/RNN/recursion_3/ckpt_1
11/11 - 3s - loss: 0.2745 - mse: 0.2745 - mae: 0.4210 - val_loss: 0.2802 - val_mse: 0.2802 - val_mae: 0.4264 - 3s/epoch - 261ms/step
Epoch 139/10000

Epoch 139: val_loss did not improve from 0.28025
11/11 - 2s - loss: 0.2747 - mse: 0.2747 - mae: 0.4209 - val_loss: 0.2805 - val_mse: 0.2805 - val_mae: 0.4267 - 2s/epoch - 179ms/step
Epoch 140/10000

Epoch 140: val_loss improved from 0.28025 to 0.28020, saving model to ./results/NN_rms_regr/RNN/recursion_3/ckpt_1
11/11 - 3s - loss: 0.2750 - mse: 0.2750 - mae: 0.4211 - val_loss: 0.2802 - val_mse: 0.2802 - val_mae: 0.4264 - 3s/epoch - 261ms/step
Epoch 141/10000

Epoch 141: val_loss did not improve from 0.28020
11/11 - 2s - loss: 0.2749 - mse: 0.2749 - mae: 0.4212 - val_loss: 0.2803 - val_mse: 0.2803 - val_mae: 0.4264 - 2s/epoch - 180ms/step
Epoch 142/10000

Epoch 142: val_loss did not improve from 0.28020
11/11 - 2s - loss: 0.2756 - mse: 0.2756 - mae: 0.4216 - val_loss: 0.2805 - val_mse: 0.2805 - val_mae: 0.4265 - 2s/epoch - 179ms/step
Epoch 143/10000

Epoch 143: val_loss did not improve from 0.28020
11/11 - 2s - loss: 0.2743 - mse: 0.2743 - mae: 0.4206 - val_loss: 0.2805 - val_mse: 0.2805 - val_mae: 0.4267 - 2s/epoch - 180ms/step
Epoch 144/10000

Epoch 144: val_loss did not improve from 0.28020
11/11 - 2s - loss: 0.2745 - mse: 0.2745 - mae: 0.4209 - val_loss: 0.2807 - val_mse: 0.2807 - val_mae: 0.4266 - 2s/epoch - 179ms/step
Epoch 145/10000

Epoch 145: val_loss did not improve from 0.28020
11/11 - 2s - loss: 0.2760 - mse: 0.2760 - mae: 0.4219 - val_loss: 0.2813 - val_mse: 0.2813 - val_mae: 0.4269 - 2s/epoch - 179ms/step
Epoch 146/10000

Epoch 146: val_loss did not improve from 0.28020
11/11 - 2s - loss: 0.2755 - mse: 0.2755 - mae: 0.4212 - val_loss: 0.2802 - val_mse: 0.2802 - val_mae: 0.4264 - 2s/epoch - 181ms/step
Epoch 147/10000

Epoch 147: val_loss did not improve from 0.28020
11/11 - 2s - loss: 0.2740 - mse: 0.2740 - mae: 0.4203 - val_loss: 0.2803 - val_mse: 0.2803 - val_mae: 0.4263 - 2s/epoch - 180ms/step
Epoch 148/10000

Epoch 148: val_loss did not improve from 0.28020
11/11 - 2s - loss: 0.2754 - mse: 0.2754 - mae: 0.4211 - val_loss: 0.2803 - val_mse: 0.2803 - val_mae: 0.4263 - 2s/epoch - 179ms/step
Epoch 149/10000

Epoch 149: val_loss did not improve from 0.28020
11/11 - 2s - loss: 0.2757 - mse: 0.2757 - mae: 0.4216 - val_loss: 0.2802 - val_mse: 0.2802 - val_mae: 0.4262 - 2s/epoch - 180ms/step
Epoch 150/10000

Epoch 150: val_loss did not improve from 0.28020
11/11 - 2s - loss: 0.2744 - mse: 0.2744 - mae: 0.4207 - val_loss: 0.2807 - val_mse: 0.2807 - val_mae: 0.4269 - 2s/epoch - 178ms/step
Epoch 151/10000

Epoch 151: val_loss did not improve from 0.28020
11/11 - 2s - loss: 0.2744 - mse: 0.2744 - mae: 0.4205 - val_loss: 0.2819 - val_mse: 0.2819 - val_mae: 0.4278 - 2s/epoch - 180ms/step
Epoch 152/10000

Epoch 152: val_loss did not improve from 0.28020
11/11 - 2s - loss: 0.2748 - mse: 0.2748 - mae: 0.4208 - val_loss: 0.2896 - val_mse: 0.2896 - val_mae: 0.4335 - 2s/epoch - 180ms/step
Epoch 153/10000

Epoch 153: val_loss did not improve from 0.28020
11/11 - 2s - loss: 0.2770 - mse: 0.2770 - mae: 0.4225 - val_loss: 0.2803 - val_mse: 0.2803 - val_mae: 0.4265 - 2s/epoch - 179ms/step
Epoch 154/10000

Epoch 154: val_loss did not improve from 0.28020
11/11 - 2s - loss: 0.2754 - mse: 0.2754 - mae: 0.4213 - val_loss: 0.2803 - val_mse: 0.2803 - val_mae: 0.4265 - 2s/epoch - 180ms/step
Epoch 155/10000

Epoch 155: val_loss did not improve from 0.28020
11/11 - 2s - loss: 0.2749 - mse: 0.2749 - mae: 0.4210 - val_loss: 0.2820 - val_mse: 0.2820 - val_mae: 0.4279 - 2s/epoch - 180ms/step
Epoch 156/10000

Epoch 156: val_loss improved from 0.28020 to 0.28012, saving model to ./results/NN_rms_regr/RNN/recursion_3/ckpt_1
11/11 - 3s - loss: 0.2762 - mse: 0.2762 - mae: 0.4221 - val_loss: 0.2801 - val_mse: 0.2801 - val_mae: 0.4262 - 3s/epoch - 254ms/step
Epoch 157/10000

Epoch 157: val_loss did not improve from 0.28012
11/11 - 2s - loss: 0.2762 - mse: 0.2762 - mae: 0.4219 - val_loss: 0.2814 - val_mse: 0.2814 - val_mae: 0.4268 - 2s/epoch - 180ms/step
Epoch 158/10000

Epoch 158: val_loss did not improve from 0.28012
11/11 - 2s - loss: 0.2765 - mse: 0.2765 - mae: 0.4220 - val_loss: 0.2826 - val_mse: 0.2826 - val_mae: 0.4283 - 2s/epoch - 179ms/step
Epoch 159/10000

Epoch 159: val_loss improved from 0.28012 to 0.28011, saving model to ./results/NN_rms_regr/RNN/recursion_3/ckpt_1
11/11 - 3s - loss: 0.2741 - mse: 0.2741 - mae: 0.4203 - val_loss: 0.2801 - val_mse: 0.2801 - val_mae: 0.4262 - 3s/epoch - 260ms/step
Epoch 160/10000

Epoch 160: val_loss did not improve from 0.28011
11/11 - 2s - loss: 0.2741 - mse: 0.2741 - mae: 0.4202 - val_loss: 0.2855 - val_mse: 0.2855 - val_mae: 0.4304 - 2s/epoch - 180ms/step
Epoch 161/10000

Epoch 161: val_loss improved from 0.28011 to 0.28010, saving model to ./results/NN_rms_regr/RNN/recursion_3/ckpt_1
11/11 - 3s - loss: 0.2745 - mse: 0.2745 - mae: 0.4207 - val_loss: 0.2801 - val_mse: 0.2801 - val_mae: 0.4262 - 3s/epoch - 255ms/step
Epoch 162/10000

Epoch 162: val_loss did not improve from 0.28010
11/11 - 2s - loss: 0.2754 - mse: 0.2754 - mae: 0.4214 - val_loss: 0.2855 - val_mse: 0.2855 - val_mae: 0.4294 - 2s/epoch - 180ms/step
Epoch 163/10000

Epoch 163: val_loss did not improve from 0.28010
11/11 - 2s - loss: 0.2770 - mse: 0.2770 - mae: 0.4218 - val_loss: 0.2882 - val_mse: 0.2882 - val_mae: 0.4324 - 2s/epoch - 179ms/step
Epoch 164/10000

Epoch 164: val_loss did not improve from 0.28010
11/11 - 2s - loss: 0.2751 - mse: 0.2751 - mae: 0.4213 - val_loss: 0.2805 - val_mse: 0.2805 - val_mae: 0.4265 - 2s/epoch - 180ms/step
Epoch 165/10000

Epoch 165: val_loss did not improve from 0.28010
11/11 - 2s - loss: 0.2742 - mse: 0.2742 - mae: 0.4205 - val_loss: 0.2810 - val_mse: 0.2810 - val_mae: 0.4265 - 2s/epoch - 179ms/step
Epoch 166/10000

Epoch 166: val_loss did not improve from 0.28010
11/11 - 2s - loss: 0.2743 - mse: 0.2743 - mae: 0.4203 - val_loss: 0.2802 - val_mse: 0.2802 - val_mae: 0.4262 - 2s/epoch - 180ms/step
Epoch 167/10000

Epoch 167: val_loss did not improve from 0.28010
11/11 - 2s - loss: 0.2740 - mse: 0.2740 - mae: 0.4201 - val_loss: 0.2803 - val_mse: 0.2803 - val_mae: 0.4263 - 2s/epoch - 179ms/step
Epoch 168/10000

Epoch 168: val_loss improved from 0.28010 to 0.28007, saving model to ./results/NN_rms_regr/RNN/recursion_3/ckpt_1
11/11 - 3s - loss: 0.2742 - mse: 0.2742 - mae: 0.4201 - val_loss: 0.2801 - val_mse: 0.2801 - val_mae: 0.4261 - 3s/epoch - 260ms/step
Epoch 169/10000

Epoch 169: val_loss improved from 0.28007 to 0.28006, saving model to ./results/NN_rms_regr/RNN/recursion_3/ckpt_1
11/11 - 3s - loss: 0.2752 - mse: 0.2752 - mae: 0.4211 - val_loss: 0.2801 - val_mse: 0.2801 - val_mae: 0.4260 - 3s/epoch - 260ms/step
Epoch 170/10000

Epoch 170: val_loss did not improve from 0.28006
11/11 - 2s - loss: 0.2747 - mse: 0.2747 - mae: 0.4206 - val_loss: 0.2805 - val_mse: 0.2805 - val_mae: 0.4265 - 2s/epoch - 178ms/step
Epoch 171/10000

Epoch 171: val_loss did not improve from 0.28006
11/11 - 2s - loss: 0.2747 - mse: 0.2747 - mae: 0.4206 - val_loss: 0.2845 - val_mse: 0.2845 - val_mae: 0.4296 - 2s/epoch - 179ms/step
Epoch 172/10000

Epoch 172: val_loss did not improve from 0.28006
11/11 - 2s - loss: 0.2758 - mse: 0.2758 - mae: 0.4208 - val_loss: 0.2804 - val_mse: 0.2804 - val_mae: 0.4264 - 2s/epoch - 179ms/step
Epoch 173/10000

Epoch 173: val_loss did not improve from 0.28006
11/11 - 2s - loss: 0.2755 - mse: 0.2755 - mae: 0.4211 - val_loss: 0.2801 - val_mse: 0.2801 - val_mae: 0.4260 - 2s/epoch - 179ms/step
Epoch 174/10000

Epoch 174: val_loss did not improve from 0.28006
11/11 - 2s - loss: 0.2751 - mse: 0.2751 - mae: 0.4208 - val_loss: 0.2812 - val_mse: 0.2812 - val_mae: 0.4272 - 2s/epoch - 179ms/step
Epoch 175/10000

Epoch 175: val_loss did not improve from 0.28006
11/11 - 2s - loss: 0.2739 - mse: 0.2739 - mae: 0.4201 - val_loss: 0.2838 - val_mse: 0.2838 - val_mae: 0.4282 - 2s/epoch - 179ms/step
Epoch 176/10000

Epoch 176: val_loss did not improve from 0.28006
11/11 - 2s - loss: 0.2779 - mse: 0.2779 - mae: 0.4227 - val_loss: 0.2811 - val_mse: 0.2811 - val_mae: 0.4264 - 2s/epoch - 180ms/step
Epoch 177/10000

Epoch 177: val_loss did not improve from 0.28006
11/11 - 2s - loss: 0.2768 - mse: 0.2768 - mae: 0.4219 - val_loss: 0.2843 - val_mse: 0.2843 - val_mae: 0.4294 - 2s/epoch - 179ms/step
Epoch 178/10000

Epoch 178: val_loss did not improve from 0.28006
11/11 - 2s - loss: 0.2753 - mse: 0.2753 - mae: 0.4211 - val_loss: 0.2826 - val_mse: 0.2826 - val_mae: 0.4281 - 2s/epoch - 179ms/step
Epoch 179/10000

Epoch 179: val_loss did not improve from 0.28006
11/11 - 2s - loss: 0.2748 - mse: 0.2748 - mae: 0.4207 - val_loss: 0.2816 - val_mse: 0.2816 - val_mae: 0.4274 - 2s/epoch - 179ms/step
Epoch 180/10000

Epoch 180: val_loss did not improve from 0.28006
11/11 - 2s - loss: 0.2746 - mse: 0.2746 - mae: 0.4206 - val_loss: 0.2802 - val_mse: 0.2802 - val_mae: 0.4262 - 2s/epoch - 179ms/step
Epoch 181/10000

Epoch 181: val_loss did not improve from 0.28006
11/11 - 2s - loss: 0.2737 - mse: 0.2737 - mae: 0.4198 - val_loss: 0.2808 - val_mse: 0.2808 - val_mae: 0.4267 - 2s/epoch - 179ms/step
Epoch 182/10000

Epoch 182: val_loss did not improve from 0.28006
11/11 - 2s - loss: 0.2751 - mse: 0.2751 - mae: 0.4207 - val_loss: 0.2817 - val_mse: 0.2817 - val_mae: 0.4275 - 2s/epoch - 179ms/step
Epoch 183/10000

Epoch 183: val_loss did not improve from 0.28006
11/11 - 2s - loss: 0.2755 - mse: 0.2755 - mae: 0.4211 - val_loss: 0.2804 - val_mse: 0.2804 - val_mae: 0.4260 - 2s/epoch - 180ms/step
Epoch 184/10000

Epoch 184: val_loss improved from 0.28006 to 0.28004, saving model to ./results/NN_rms_regr/RNN/recursion_3/ckpt_1
11/11 - 3s - loss: 0.2753 - mse: 0.2753 - mae: 0.4211 - val_loss: 0.2800 - val_mse: 0.2800 - val_mae: 0.4259 - 3s/epoch - 261ms/step
Epoch 185/10000

Epoch 185: val_loss did not improve from 0.28004
11/11 - 2s - loss: 0.2739 - mse: 0.2739 - mae: 0.4199 - val_loss: 0.2806 - val_mse: 0.2806 - val_mae: 0.4260 - 2s/epoch - 181ms/step
Epoch 186/10000

Epoch 186: val_loss did not improve from 0.28004
11/11 - 2s - loss: 0.2745 - mse: 0.2745 - mae: 0.4203 - val_loss: 0.2802 - val_mse: 0.2802 - val_mae: 0.4261 - 2s/epoch - 179ms/step
Epoch 187/10000

Epoch 187: val_loss did not improve from 0.28004
11/11 - 2s - loss: 0.2738 - mse: 0.2738 - mae: 0.4200 - val_loss: 0.2809 - val_mse: 0.2809 - val_mae: 0.4262 - 2s/epoch - 180ms/step
Epoch 188/10000

Epoch 188: val_loss did not improve from 0.28004
11/11 - 2s - loss: 0.2753 - mse: 0.2753 - mae: 0.4210 - val_loss: 0.2806 - val_mse: 0.2806 - val_mae: 0.4260 - 2s/epoch - 179ms/step
Epoch 189/10000

Epoch 189: val_loss did not improve from 0.28004
11/11 - 2s - loss: 0.2775 - mse: 0.2775 - mae: 0.4224 - val_loss: 0.2843 - val_mse: 0.2843 - val_mae: 0.4292 - 2s/epoch - 179ms/step
Epoch 190/10000

Epoch 190: val_loss did not improve from 0.28004
11/11 - 2s - loss: 0.2744 - mse: 0.2744 - mae: 0.4202 - val_loss: 0.2805 - val_mse: 0.2805 - val_mae: 0.4263 - 2s/epoch - 179ms/step
Epoch 191/10000

Epoch 191: val_loss did not improve from 0.28004
11/11 - 2s - loss: 0.2744 - mse: 0.2744 - mae: 0.4202 - val_loss: 0.2805 - val_mse: 0.2805 - val_mae: 0.4259 - 2s/epoch - 179ms/step
Epoch 192/10000

Epoch 192: val_loss did not improve from 0.28004
11/11 - 2s - loss: 0.2774 - mse: 0.2774 - mae: 0.4225 - val_loss: 0.2933 - val_mse: 0.2933 - val_mae: 0.4341 - 2s/epoch - 179ms/step
Epoch 193/10000

Epoch 193: val_loss did not improve from 0.28004
11/11 - 2s - loss: 0.2851 - mse: 0.2851 - mae: 0.4283 - val_loss: 0.2998 - val_mse: 0.2998 - val_mae: 0.4383 - 2s/epoch - 180ms/step
Epoch 194/10000

Epoch 194: val_loss did not improve from 0.28004
11/11 - 2s - loss: 0.2865 - mse: 0.2865 - mae: 0.4290 - val_loss: 0.2836 - val_mse: 0.2836 - val_mae: 0.4279 - 2s/epoch - 178ms/step
Epoch 195/10000

Epoch 195: val_loss did not improve from 0.28004
11/11 - 2s - loss: 0.2771 - mse: 0.2771 - mae: 0.4217 - val_loss: 0.2895 - val_mse: 0.2895 - val_mae: 0.4333 - 2s/epoch - 180ms/step
Epoch 196/10000

Epoch 196: val_loss did not improve from 0.28004
11/11 - 2s - loss: 0.2767 - mse: 0.2767 - mae: 0.4218 - val_loss: 0.2809 - val_mse: 0.2809 - val_mae: 0.4267 - 2s/epoch - 179ms/step
Epoch 197/10000

Epoch 197: val_loss did not improve from 0.28004
11/11 - 2s - loss: 0.2743 - mse: 0.2743 - mae: 0.4205 - val_loss: 0.2801 - val_mse: 0.2801 - val_mae: 0.4260 - 2s/epoch - 180ms/step
Epoch 198/10000

Epoch 198: val_loss did not improve from 0.28004
11/11 - 2s - loss: 0.2738 - mse: 0.2738 - mae: 0.4198 - val_loss: 0.2801 - val_mse: 0.2801 - val_mae: 0.4259 - 2s/epoch - 179ms/step
Epoch 199/10000

Epoch 199: val_loss did not improve from 0.28004
11/11 - 2s - loss: 0.2742 - mse: 0.2742 - mae: 0.4199 - val_loss: 0.2805 - val_mse: 0.2805 - val_mae: 0.4264 - 2s/epoch - 179ms/step
Epoch 200/10000

Epoch 200: val_loss improved from 0.28004 to 0.28003, saving model to ./results/NN_rms_regr/RNN/recursion_3/ckpt_1
11/11 - 3s - loss: 0.2756 - mse: 0.2756 - mae: 0.4211 - val_loss: 0.2800 - val_mse: 0.2800 - val_mae: 0.4259 - 3s/epoch - 254ms/step
Epoch 201/10000

Epoch 201: val_loss improved from 0.28003 to 0.28001, saving model to ./results/NN_rms_regr/RNN/recursion_3/ckpt_1
11/11 - 3s - loss: 0.2751 - mse: 0.2751 - mae: 0.4206 - val_loss: 0.2800 - val_mse: 0.2800 - val_mae: 0.4257 - 3s/epoch - 260ms/step
Epoch 202/10000

Epoch 202: val_loss did not improve from 0.28001
11/11 - 2s - loss: 0.2748 - mse: 0.2748 - mae: 0.4204 - val_loss: 0.2824 - val_mse: 0.2824 - val_mae: 0.4270 - 2s/epoch - 178ms/step
Epoch 203/10000

Epoch 203: val_loss did not improve from 0.28001
11/11 - 2s - loss: 0.2754 - mse: 0.2754 - mae: 0.4205 - val_loss: 0.2822 - val_mse: 0.2822 - val_mae: 0.4269 - 2s/epoch - 179ms/step
Epoch 204/10000

Epoch 204: val_loss did not improve from 0.28001
11/11 - 2s - loss: 0.2746 - mse: 0.2746 - mae: 0.4207 - val_loss: 0.2847 - val_mse: 0.2847 - val_mae: 0.4296 - 2s/epoch - 180ms/step
Epoch 205/10000

Epoch 205: val_loss did not improve from 0.28001
11/11 - 2s - loss: 0.2795 - mse: 0.2795 - mae: 0.4240 - val_loss: 0.2843 - val_mse: 0.2843 - val_mae: 0.4294 - 2s/epoch - 179ms/step
Epoch 206/10000

Epoch 206: val_loss did not improve from 0.28001
11/11 - 2s - loss: 0.2774 - mse: 0.2774 - mae: 0.4218 - val_loss: 0.2917 - val_mse: 0.2917 - val_mae: 0.4349 - 2s/epoch - 180ms/step
Epoch 207/10000

Epoch 207: val_loss did not improve from 0.28001
11/11 - 2s - loss: 0.2792 - mse: 0.2792 - mae: 0.4238 - val_loss: 0.2815 - val_mse: 0.2815 - val_mae: 0.4270 - 2s/epoch - 180ms/step
Epoch 208/10000

Epoch 208: val_loss did not improve from 0.28001
11/11 - 2s - loss: 0.2752 - mse: 0.2752 - mae: 0.4203 - val_loss: 0.2883 - val_mse: 0.2883 - val_mae: 0.4322 - 2s/epoch - 179ms/step
Epoch 209/10000

Epoch 209: val_loss did not improve from 0.28001
11/11 - 2s - loss: 0.2780 - mse: 0.2780 - mae: 0.4228 - val_loss: 0.2830 - val_mse: 0.2830 - val_mae: 0.4283 - 2s/epoch - 179ms/step
Epoch 210/10000

Epoch 210: val_loss did not improve from 0.28001
11/11 - 2s - loss: 0.2738 - mse: 0.2738 - mae: 0.4196 - val_loss: 0.2820 - val_mse: 0.2820 - val_mae: 0.4274 - 2s/epoch - 179ms/step
Epoch 211/10000

Epoch 211: val_loss did not improve from 0.28001
11/11 - 2s - loss: 0.2746 - mse: 0.2746 - mae: 0.4203 - val_loss: 0.2809 - val_mse: 0.2809 - val_mae: 0.4265 - 2s/epoch - 181ms/step
Epoch 212/10000

Epoch 212: val_loss did not improve from 0.28001
11/11 - 2s - loss: 0.2745 - mse: 0.2745 - mae: 0.4201 - val_loss: 0.2805 - val_mse: 0.2805 - val_mae: 0.4262 - 2s/epoch - 179ms/step
Epoch 213/10000

Epoch 213: val_loss did not improve from 0.28001
11/11 - 2s - loss: 0.2751 - mse: 0.2751 - mae: 0.4205 - val_loss: 0.2828 - val_mse: 0.2828 - val_mae: 0.4281 - 2s/epoch - 180ms/step
Epoch 214/10000

Epoch 214: val_loss did not improve from 0.28001
11/11 - 2s - loss: 0.2793 - mse: 0.2793 - mae: 0.4237 - val_loss: 0.2814 - val_mse: 0.2814 - val_mae: 0.4270 - 2s/epoch - 179ms/step
Epoch 215/10000

Epoch 215: val_loss did not improve from 0.28001
11/11 - 2s - loss: 0.2743 - mse: 0.2743 - mae: 0.4202 - val_loss: 0.2803 - val_mse: 0.2803 - val_mae: 0.4261 - 2s/epoch - 179ms/step
Epoch 216/10000

Epoch 216: val_loss did not improve from 0.28001
11/11 - 2s - loss: 0.2739 - mse: 0.2739 - mae: 0.4197 - val_loss: 0.2821 - val_mse: 0.2821 - val_mae: 0.4276 - 2s/epoch - 179ms/step
Epoch 217/10000

Epoch 217: val_loss did not improve from 0.28001
11/11 - 2s - loss: 0.2775 - mse: 0.2775 - mae: 0.4223 - val_loss: 0.2876 - val_mse: 0.2876 - val_mae: 0.4318 - 2s/epoch - 180ms/step
Epoch 218/10000

Epoch 218: val_loss did not improve from 0.28001
11/11 - 2s - loss: 0.2760 - mse: 0.2760 - mae: 0.4216 - val_loss: 0.2839 - val_mse: 0.2839 - val_mae: 0.4289 - 2s/epoch - 180ms/step
Epoch 219/10000

Epoch 219: val_loss did not improve from 0.28001
11/11 - 2s - loss: 0.2751 - mse: 0.2751 - mae: 0.4206 - val_loss: 0.2816 - val_mse: 0.2816 - val_mae: 0.4270 - 2s/epoch - 180ms/step
Epoch 220/10000

Epoch 220: val_loss did not improve from 0.28001
11/11 - 2s - loss: 0.2750 - mse: 0.2750 - mae: 0.4208 - val_loss: 0.2844 - val_mse: 0.2844 - val_mae: 0.4292 - 2s/epoch - 180ms/step
Epoch 221/10000

Epoch 221: val_loss did not improve from 0.28001
11/11 - 2s - loss: 0.2771 - mse: 0.2771 - mae: 0.4218 - val_loss: 0.2948 - val_mse: 0.2948 - val_mae: 0.4371 - 2s/epoch - 180ms/step
Epoch 222/10000

Epoch 222: val_loss did not improve from 0.28001
11/11 - 2s - loss: 0.2786 - mse: 0.2786 - mae: 0.4229 - val_loss: 0.2915 - val_mse: 0.2915 - val_mae: 0.4348 - 2s/epoch - 179ms/step
Epoch 223/10000

Epoch 223: val_loss did not improve from 0.28001
11/11 - 2s - loss: 0.2773 - mse: 0.2773 - mae: 0.4219 - val_loss: 0.2865 - val_mse: 0.2865 - val_mae: 0.4309 - 2s/epoch - 180ms/step
Epoch 224/10000

Epoch 224: val_loss did not improve from 0.28001
11/11 - 2s - loss: 0.2777 - mse: 0.2777 - mae: 0.4226 - val_loss: 0.2818 - val_mse: 0.2818 - val_mae: 0.4272 - 2s/epoch - 180ms/step
Epoch 225/10000

Epoch 225: val_loss did not improve from 0.28001
11/11 - 2s - loss: 0.2744 - mse: 0.2744 - mae: 0.4201 - val_loss: 0.2801 - val_mse: 0.2801 - val_mae: 0.4258 - 2s/epoch - 179ms/step
Epoch 226/10000

Epoch 226: val_loss did not improve from 0.28001
11/11 - 2s - loss: 0.2737 - mse: 0.2737 - mae: 0.4197 - val_loss: 0.2802 - val_mse: 0.2802 - val_mae: 0.4256 - 2s/epoch - 179ms/step
Epoch 227/10000

Epoch 227: val_loss did not improve from 0.28001
11/11 - 2s - loss: 0.2743 - mse: 0.2743 - mae: 0.4202 - val_loss: 0.2801 - val_mse: 0.2801 - val_mae: 0.4258 - 2s/epoch - 179ms/step
Epoch 228/10000

Epoch 228: val_loss did not improve from 0.28001
11/11 - 2s - loss: 0.2738 - mse: 0.2738 - mae: 0.4195 - val_loss: 0.2801 - val_mse: 0.2801 - val_mae: 0.4258 - 2s/epoch - 179ms/step
Epoch 229/10000

Epoch 229: val_loss did not improve from 0.28001
11/11 - 2s - loss: 0.2738 - mse: 0.2738 - mae: 0.4194 - val_loss: 0.2813 - val_mse: 0.2813 - val_mae: 0.4267 - 2s/epoch - 180ms/step
Epoch 230/10000

Epoch 230: val_loss did not improve from 0.28001
11/11 - 2s - loss: 0.2741 - mse: 0.2741 - mae: 0.4197 - val_loss: 0.2836 - val_mse: 0.2836 - val_mae: 0.4285 - 2s/epoch - 180ms/step
Epoch 231/10000

Epoch 231: val_loss did not improve from 0.28001
11/11 - 2s - loss: 0.2739 - mse: 0.2739 - mae: 0.4193 - val_loss: 0.2816 - val_mse: 0.2816 - val_mae: 0.4271 - 2s/epoch - 179ms/step
Epoch 232/10000

Epoch 232: val_loss did not improve from 0.28001
11/11 - 2s - loss: 0.2743 - mse: 0.2743 - mae: 0.4200 - val_loss: 0.2871 - val_mse: 0.2871 - val_mae: 0.4313 - 2s/epoch - 180ms/step
Epoch 233/10000

Epoch 233: val_loss did not improve from 0.28001
11/11 - 2s - loss: 0.2755 - mse: 0.2755 - mae: 0.4208 - val_loss: 0.2801 - val_mse: 0.2801 - val_mae: 0.4257 - 2s/epoch - 179ms/step
Epoch 234/10000

Epoch 234: val_loss did not improve from 0.28001
11/11 - 2s - loss: 0.2739 - mse: 0.2739 - mae: 0.4195 - val_loss: 0.2804 - val_mse: 0.2804 - val_mae: 0.4255 - 2s/epoch - 180ms/step
Epoch 235/10000

Epoch 235: val_loss did not improve from 0.28001
11/11 - 2s - loss: 0.2744 - mse: 0.2744 - mae: 0.4200 - val_loss: 0.2801 - val_mse: 0.2801 - val_mae: 0.4257 - 2s/epoch - 178ms/step
Epoch 236/10000

Epoch 236: val_loss did not improve from 0.28001
11/11 - 2s - loss: 0.2760 - mse: 0.2760 - mae: 0.4211 - val_loss: 0.2882 - val_mse: 0.2882 - val_mae: 0.4321 - 2s/epoch - 180ms/step
Epoch 237/10000

Epoch 237: val_loss did not improve from 0.28001
11/11 - 2s - loss: 0.2766 - mse: 0.2766 - mae: 0.4214 - val_loss: 0.2926 - val_mse: 0.2926 - val_mae: 0.4355 - 2s/epoch - 181ms/step
Epoch 238/10000

Epoch 238: val_loss did not improve from 0.28001
11/11 - 2s - loss: 0.2759 - mse: 0.2759 - mae: 0.4208 - val_loss: 0.2851 - val_mse: 0.2851 - val_mae: 0.4298 - 2s/epoch - 179ms/step
Epoch 239/10000

Epoch 239: val_loss did not improve from 0.28001
11/11 - 2s - loss: 0.2784 - mse: 0.2784 - mae: 0.4232 - val_loss: 0.2859 - val_mse: 0.2859 - val_mae: 0.4304 - 2s/epoch - 179ms/step
Epoch 240/10000

Epoch 240: val_loss did not improve from 0.28001
11/11 - 2s - loss: 0.2829 - mse: 0.2829 - mae: 0.4263 - val_loss: 0.2839 - val_mse: 0.2839 - val_mae: 0.4288 - 2s/epoch - 179ms/step
Epoch 241/10000

Epoch 241: val_loss did not improve from 0.28001
11/11 - 2s - loss: 0.2772 - mse: 0.2772 - mae: 0.4219 - val_loss: 0.2871 - val_mse: 0.2871 - val_mae: 0.4313 - 2s/epoch - 180ms/step
Epoch 242/10000

Epoch 242: val_loss did not improve from 0.28001
11/11 - 2s - loss: 0.2763 - mse: 0.2763 - mae: 0.4216 - val_loss: 0.2858 - val_mse: 0.2858 - val_mae: 0.4303 - 2s/epoch - 179ms/step
Epoch 243/10000

Epoch 243: val_loss did not improve from 0.28001
11/11 - 2s - loss: 0.2747 - mse: 0.2747 - mae: 0.4200 - val_loss: 0.2812 - val_mse: 0.2812 - val_mae: 0.4267 - 2s/epoch - 179ms/step
Epoch 244/10000

Epoch 244: val_loss did not improve from 0.28001
11/11 - 2s - loss: 0.2744 - mse: 0.2744 - mae: 0.4199 - val_loss: 0.2840 - val_mse: 0.2840 - val_mae: 0.4287 - 2s/epoch - 179ms/step
Epoch 245/10000

Epoch 245: val_loss did not improve from 0.28001
11/11 - 2s - loss: 0.2751 - mse: 0.2751 - mae: 0.4203 - val_loss: 0.2844 - val_mse: 0.2844 - val_mae: 0.4291 - 2s/epoch - 179ms/step
Epoch 246/10000

Epoch 246: val_loss did not improve from 0.28001
11/11 - 2s - loss: 0.2764 - mse: 0.2764 - mae: 0.4218 - val_loss: 0.2809 - val_mse: 0.2809 - val_mae: 0.4264 - 2s/epoch - 180ms/step
Epoch 247/10000

Epoch 247: val_loss did not improve from 0.28001
11/11 - 2s - loss: 0.2751 - mse: 0.2751 - mae: 0.4203 - val_loss: 0.2800 - val_mse: 0.2800 - val_mae: 0.4254 - 2s/epoch - 180ms/step
Epoch 248/10000

Epoch 248: val_loss improved from 0.28001 to 0.27995, saving model to ./results/NN_rms_regr/RNN/recursion_3/ckpt_1
11/11 - 3s - loss: 0.2742 - mse: 0.2742 - mae: 0.4196 - val_loss: 0.2799 - val_mse: 0.2799 - val_mae: 0.4255 - 3s/epoch - 260ms/step
Epoch 249/10000

Epoch 249: val_loss did not improve from 0.27995
11/11 - 2s - loss: 0.2739 - mse: 0.2739 - mae: 0.4196 - val_loss: 0.2816 - val_mse: 0.2816 - val_mae: 0.4269 - 2s/epoch - 180ms/step
Epoch 250/10000

Epoch 250: val_loss did not improve from 0.27995
11/11 - 2s - loss: 0.2742 - mse: 0.2742 - mae: 0.4197 - val_loss: 0.2803 - val_mse: 0.2803 - val_mae: 0.4254 - 2s/epoch - 180ms/step
Epoch 251/10000

Epoch 251: val_loss did not improve from 0.27995
11/11 - 2s - loss: 0.2743 - mse: 0.2743 - mae: 0.4200 - val_loss: 0.2801 - val_mse: 0.2801 - val_mae: 0.4257 - 2s/epoch - 178ms/step
Epoch 252/10000

Epoch 252: val_loss did not improve from 0.27995
11/11 - 2s - loss: 0.2739 - mse: 0.2739 - mae: 0.4196 - val_loss: 0.2824 - val_mse: 0.2824 - val_mae: 0.4266 - 2s/epoch - 178ms/step
Epoch 253/10000

Epoch 253: val_loss did not improve from 0.27995
11/11 - 2s - loss: 0.2752 - mse: 0.2752 - mae: 0.4206 - val_loss: 0.2814 - val_mse: 0.2814 - val_mae: 0.4260 - 2s/epoch - 179ms/step
Epoch 254/10000

Epoch 254: val_loss did not improve from 0.27995
11/11 - 2s - loss: 0.2747 - mse: 0.2747 - mae: 0.4202 - val_loss: 0.2802 - val_mse: 0.2802 - val_mae: 0.4256 - 2s/epoch - 180ms/step
Epoch 255/10000

Epoch 255: val_loss did not improve from 0.27995
11/11 - 2s - loss: 0.2749 - mse: 0.2749 - mae: 0.4201 - val_loss: 0.2809 - val_mse: 0.2809 - val_mae: 0.4263 - 2s/epoch - 180ms/step
Epoch 256/10000

Epoch 256: val_loss did not improve from 0.27995
11/11 - 2s - loss: 0.2774 - mse: 0.2774 - mae: 0.4223 - val_loss: 0.2959 - val_mse: 0.2959 - val_mae: 0.4379 - 2s/epoch - 180ms/step
Epoch 257/10000

Epoch 257: val_loss did not improve from 0.27995
11/11 - 2s - loss: 0.2785 - mse: 0.2785 - mae: 0.4231 - val_loss: 0.2850 - val_mse: 0.2850 - val_mae: 0.4296 - 2s/epoch - 180ms/step
Epoch 258/10000

Epoch 258: val_loss did not improve from 0.27995
11/11 - 2s - loss: 0.2790 - mse: 0.2790 - mae: 0.4232 - val_loss: 0.2826 - val_mse: 0.2826 - val_mae: 0.4268 - 2s/epoch - 179ms/step
Epoch 259/10000

Epoch 259: val_loss did not improve from 0.27995
11/11 - 2s - loss: 0.2754 - mse: 0.2754 - mae: 0.4209 - val_loss: 0.2802 - val_mse: 0.2802 - val_mae: 0.4257 - 2s/epoch - 180ms/step
Epoch 260/10000

Epoch 260: val_loss did not improve from 0.27995
11/11 - 2s - loss: 0.2755 - mse: 0.2755 - mae: 0.4207 - val_loss: 0.2941 - val_mse: 0.2941 - val_mae: 0.4366 - 2s/epoch - 179ms/step
Epoch 261/10000

Epoch 261: val_loss did not improve from 0.27995
11/11 - 2s - loss: 0.2774 - mse: 0.2774 - mae: 0.4222 - val_loss: 0.2812 - val_mse: 0.2812 - val_mae: 0.4267 - 2s/epoch - 180ms/step
Epoch 262/10000

Epoch 262: val_loss did not improve from 0.27995
11/11 - 2s - loss: 0.2778 - mse: 0.2778 - mae: 0.4223 - val_loss: 0.2801 - val_mse: 0.2801 - val_mae: 0.4257 - 2s/epoch - 180ms/step
Epoch 263/10000

Epoch 263: val_loss did not improve from 0.27995
11/11 - 2s - loss: 0.2748 - mse: 0.2748 - mae: 0.4202 - val_loss: 0.2800 - val_mse: 0.2800 - val_mae: 0.4255 - 2s/epoch - 179ms/step
Epoch 264/10000

Epoch 264: val_loss did not improve from 0.27995
11/11 - 2s - loss: 0.2738 - mse: 0.2738 - mae: 0.4194 - val_loss: 0.2800 - val_mse: 0.2800 - val_mae: 0.4255 - 2s/epoch - 179ms/step
Epoch 265/10000

Epoch 265: val_loss did not improve from 0.27995
11/11 - 2s - loss: 0.2740 - mse: 0.2740 - mae: 0.4195 - val_loss: 0.2826 - val_mse: 0.2826 - val_mae: 0.4276 - 2s/epoch - 178ms/step
Epoch 266/10000

Epoch 266: val_loss did not improve from 0.27995
11/11 - 2s - loss: 0.2761 - mse: 0.2761 - mae: 0.4210 - val_loss: 0.2834 - val_mse: 0.2834 - val_mae: 0.4272 - 2s/epoch - 180ms/step
Epoch 267/10000

Epoch 267: val_loss did not improve from 0.27995
11/11 - 2s - loss: 0.2765 - mse: 0.2765 - mae: 0.4210 - val_loss: 0.2801 - val_mse: 0.2801 - val_mae: 0.4254 - 2s/epoch - 178ms/step
Epoch 268/10000

Epoch 268: val_loss did not improve from 0.27995
11/11 - 2s - loss: 0.2748 - mse: 0.2748 - mae: 0.4203 - val_loss: 0.2800 - val_mse: 0.2800 - val_mae: 0.4255 - 2s/epoch - 179ms/step
Epoch 269/10000

Epoch 269: val_loss did not improve from 0.27995
11/11 - 2s - loss: 0.2738 - mse: 0.2738 - mae: 0.4194 - val_loss: 0.2800 - val_mse: 0.2800 - val_mae: 0.4254 - 2s/epoch - 179ms/step
Epoch 270/10000

Epoch 270: val_loss did not improve from 0.27995
11/11 - 2s - loss: 0.2745 - mse: 0.2745 - mae: 0.4201 - val_loss: 0.2840 - val_mse: 0.2840 - val_mae: 0.4275 - 2s/epoch - 179ms/step
Epoch 271/10000

Epoch 271: val_loss improved from 0.27995 to 0.27993, saving model to ./results/NN_rms_regr/RNN/recursion_3/ckpt_1
11/11 - 3s - loss: 0.2760 - mse: 0.2760 - mae: 0.4212 - val_loss: 0.2799 - val_mse: 0.2799 - val_mae: 0.4253 - 3s/epoch - 254ms/step
Epoch 272/10000

Epoch 272: val_loss did not improve from 0.27993
11/11 - 2s - loss: 0.2743 - mse: 0.2743 - mae: 0.4199 - val_loss: 0.2822 - val_mse: 0.2822 - val_mae: 0.4264 - 2s/epoch - 180ms/step
Epoch 273/10000

Epoch 273: val_loss did not improve from 0.27993
11/11 - 2s - loss: 0.2790 - mse: 0.2790 - mae: 0.4225 - val_loss: 0.2810 - val_mse: 0.2810 - val_mae: 0.4258 - 2s/epoch - 181ms/step
Epoch 274/10000

Epoch 274: val_loss did not improve from 0.27993
11/11 - 2s - loss: 0.2797 - mse: 0.2797 - mae: 0.4233 - val_loss: 0.2860 - val_mse: 0.2860 - val_mae: 0.4303 - 2s/epoch - 179ms/step
Epoch 275/10000

Epoch 275: val_loss did not improve from 0.27993
11/11 - 2s - loss: 0.2771 - mse: 0.2771 - mae: 0.4216 - val_loss: 0.2963 - val_mse: 0.2963 - val_mae: 0.4382 - 2s/epoch - 180ms/step
Epoch 276/10000

Epoch 276: val_loss did not improve from 0.27993
11/11 - 2s - loss: 0.2780 - mse: 0.2780 - mae: 0.4223 - val_loss: 0.2801 - val_mse: 0.2801 - val_mae: 0.4253 - 2s/epoch - 180ms/step
Epoch 277/10000

Epoch 277: val_loss did not improve from 0.27993
11/11 - 2s - loss: 0.2791 - mse: 0.2791 - mae: 0.4229 - val_loss: 0.2866 - val_mse: 0.2866 - val_mae: 0.4292 - 2s/epoch - 181ms/step
Epoch 278/10000

Epoch 278: val_loss did not improve from 0.27993
11/11 - 2s - loss: 0.2765 - mse: 0.2765 - mae: 0.4206 - val_loss: 0.2799 - val_mse: 0.2799 - val_mae: 0.4253 - 2s/epoch - 179ms/step
Epoch 279/10000

Epoch 279: val_loss did not improve from 0.27993
11/11 - 2s - loss: 0.2758 - mse: 0.2758 - mae: 0.4202 - val_loss: 0.2807 - val_mse: 0.2807 - val_mae: 0.4256 - 2s/epoch - 179ms/step
Epoch 280/10000

Epoch 280: val_loss did not improve from 0.27993
11/11 - 2s - loss: 0.2739 - mse: 0.2739 - mae: 0.4195 - val_loss: 0.2799 - val_mse: 0.2799 - val_mae: 0.4253 - 2s/epoch - 180ms/step
Epoch 281/10000

Epoch 281: val_loss did not improve from 0.27993
11/11 - 2s - loss: 0.2766 - mse: 0.2766 - mae: 0.4219 - val_loss: 0.2822 - val_mse: 0.2822 - val_mae: 0.4265 - 2s/epoch - 180ms/step
Epoch 282/10000

Epoch 282: val_loss improved from 0.27993 to 0.27992, saving model to ./results/NN_rms_regr/RNN/recursion_3/ckpt_1
11/11 - 3s - loss: 0.2767 - mse: 0.2767 - mae: 0.4214 - val_loss: 0.2799 - val_mse: 0.2799 - val_mae: 0.4253 - 3s/epoch - 260ms/step
Epoch 283/10000

Epoch 283: val_loss did not improve from 0.27992
11/11 - 2s - loss: 0.2749 - mse: 0.2749 - mae: 0.4201 - val_loss: 0.2830 - val_mse: 0.2830 - val_mae: 0.4280 - 2s/epoch - 179ms/step
Epoch 284/10000

Epoch 284: val_loss did not improve from 0.27992
11/11 - 2s - loss: 0.2748 - mse: 0.2748 - mae: 0.4202 - val_loss: 0.2815 - val_mse: 0.2815 - val_mae: 0.4261 - 2s/epoch - 179ms/step
Epoch 285/10000

Epoch 285: val_loss did not improve from 0.27992
11/11 - 2s - loss: 0.2767 - mse: 0.2767 - mae: 0.4214 - val_loss: 0.2834 - val_mse: 0.2834 - val_mae: 0.4284 - 2s/epoch - 179ms/step
Epoch 286/10000

Epoch 286: val_loss did not improve from 0.27992
11/11 - 2s - loss: 0.2751 - mse: 0.2751 - mae: 0.4203 - val_loss: 0.2805 - val_mse: 0.2805 - val_mae: 0.4260 - 2s/epoch - 180ms/step
Epoch 287/10000

Epoch 287: val_loss did not improve from 0.27992
11/11 - 2s - loss: 0.2742 - mse: 0.2742 - mae: 0.4197 - val_loss: 0.2800 - val_mse: 0.2800 - val_mae: 0.4252 - 2s/epoch - 180ms/step
Epoch 288/10000

Epoch 288: val_loss did not improve from 0.27992
11/11 - 2s - loss: 0.2744 - mse: 0.2744 - mae: 0.4196 - val_loss: 0.2859 - val_mse: 0.2859 - val_mae: 0.4301 - 2s/epoch - 179ms/step
Epoch 289/10000

Epoch 289: val_loss did not improve from 0.27992
11/11 - 2s - loss: 0.2782 - mse: 0.2782 - mae: 0.4224 - val_loss: 0.2799 - val_mse: 0.2799 - val_mae: 0.4252 - 2s/epoch - 180ms/step
Epoch 290/10000

Epoch 290: val_loss improved from 0.27992 to 0.27992, saving model to ./results/NN_rms_regr/RNN/recursion_3/ckpt_1
11/11 - 3s - loss: 0.2753 - mse: 0.2753 - mae: 0.4199 - val_loss: 0.2799 - val_mse: 0.2799 - val_mae: 0.4252 - 3s/epoch - 261ms/step
Epoch 291/10000

Epoch 291: val_loss did not improve from 0.27992
11/11 - 2s - loss: 0.2748 - mse: 0.2748 - mae: 0.4200 - val_loss: 0.2806 - val_mse: 0.2806 - val_mae: 0.4260 - 2s/epoch - 181ms/step
Epoch 292/10000

Epoch 292: val_loss did not improve from 0.27992
11/11 - 2s - loss: 0.2739 - mse: 0.2739 - mae: 0.4195 - val_loss: 0.2806 - val_mse: 0.2806 - val_mae: 0.4260 - 2s/epoch - 179ms/step
Epoch 293/10000

Epoch 293: val_loss did not improve from 0.27992
11/11 - 2s - loss: 0.2744 - mse: 0.2744 - mae: 0.4199 - val_loss: 0.2812 - val_mse: 0.2812 - val_mae: 0.4266 - 2s/epoch - 180ms/step
Epoch 294/10000

Epoch 294: val_loss did not improve from 0.27992
11/11 - 2s - loss: 0.2745 - mse: 0.2745 - mae: 0.4198 - val_loss: 0.2816 - val_mse: 0.2816 - val_mae: 0.4267 - 2s/epoch - 179ms/step
Epoch 295/10000

Epoch 295: val_loss did not improve from 0.27992
11/11 - 2s - loss: 0.2760 - mse: 0.2760 - mae: 0.4209 - val_loss: 0.2801 - val_mse: 0.2801 - val_mae: 0.4252 - 2s/epoch - 180ms/step
Epoch 296/10000

Epoch 296: val_loss did not improve from 0.27992
11/11 - 2s - loss: 0.2783 - mse: 0.2783 - mae: 0.4221 - val_loss: 0.2876 - val_mse: 0.2876 - val_mae: 0.4316 - 2s/epoch - 180ms/step
Epoch 297/10000

Epoch 297: val_loss did not improve from 0.27992
11/11 - 2s - loss: 0.2750 - mse: 0.2750 - mae: 0.4203 - val_loss: 0.2817 - val_mse: 0.2817 - val_mae: 0.4270 - 2s/epoch - 180ms/step
Epoch 298/10000

Epoch 298: val_loss did not improve from 0.27992
11/11 - 2s - loss: 0.2743 - mse: 0.2743 - mae: 0.4199 - val_loss: 0.2799 - val_mse: 0.2799 - val_mae: 0.4253 - 2s/epoch - 178ms/step
Epoch 299/10000

Epoch 299: val_loss did not improve from 0.27992
11/11 - 2s - loss: 0.2739 - mse: 0.2739 - mae: 0.4194 - val_loss: 0.2820 - val_mse: 0.2820 - val_mae: 0.4263 - 2s/epoch - 180ms/step
Epoch 300/10000

Epoch 300: val_loss did not improve from 0.27992
11/11 - 2s - loss: 0.2751 - mse: 0.2751 - mae: 0.4205 - val_loss: 0.2800 - val_mse: 0.2800 - val_mae: 0.4252 - 2s/epoch - 179ms/step
Epoch 301/10000

Epoch 301: val_loss did not improve from 0.27992
11/11 - 2s - loss: 0.2736 - mse: 0.2736 - mae: 0.4192 - val_loss: 0.2809 - val_mse: 0.2809 - val_mae: 0.4261 - 2s/epoch - 179ms/step
Epoch 302/10000

Epoch 302: val_loss did not improve from 0.27992
11/11 - 2s - loss: 0.2741 - mse: 0.2741 - mae: 0.4195 - val_loss: 0.2806 - val_mse: 0.2806 - val_mae: 0.4259 - 2s/epoch - 180ms/step
Epoch 303/10000

Epoch 303: val_loss did not improve from 0.27992
11/11 - 2s - loss: 0.2750 - mse: 0.2750 - mae: 0.4200 - val_loss: 0.2877 - val_mse: 0.2877 - val_mae: 0.4316 - 2s/epoch - 178ms/step
Epoch 304/10000

Epoch 304: val_loss did not improve from 0.27992
11/11 - 2s - loss: 0.2795 - mse: 0.2795 - mae: 0.4234 - val_loss: 0.2858 - val_mse: 0.2858 - val_mae: 0.4286 - 2s/epoch - 179ms/step
Epoch 305/10000

Epoch 305: val_loss did not improve from 0.27992
11/11 - 2s - loss: 0.2764 - mse: 0.2764 - mae: 0.4216 - val_loss: 0.2800 - val_mse: 0.2800 - val_mae: 0.4252 - 2s/epoch - 178ms/step
Epoch 306/10000

Epoch 306: val_loss did not improve from 0.27992
11/11 - 2s - loss: 0.2747 - mse: 0.2747 - mae: 0.4201 - val_loss: 0.2807 - val_mse: 0.2807 - val_mae: 0.4259 - 2s/epoch - 180ms/step
Epoch 307/10000

Epoch 307: val_loss did not improve from 0.27992
11/11 - 2s - loss: 0.2752 - mse: 0.2752 - mae: 0.4202 - val_loss: 0.2801 - val_mse: 0.2801 - val_mae: 0.4251 - 2s/epoch - 180ms/step
Epoch 308/10000

Epoch 308: val_loss did not improve from 0.27992
11/11 - 2s - loss: 0.2749 - mse: 0.2749 - mae: 0.4199 - val_loss: 0.2806 - val_mse: 0.2806 - val_mae: 0.4259 - 2s/epoch - 179ms/step
Epoch 309/10000

Epoch 309: val_loss improved from 0.27992 to 0.27990, saving model to ./results/NN_rms_regr/RNN/recursion_3/ckpt_1
11/11 - 3s - loss: 0.2744 - mse: 0.2744 - mae: 0.4197 - val_loss: 0.2799 - val_mse: 0.2799 - val_mae: 0.4251 - 3s/epoch - 254ms/step
Epoch 310/10000

Epoch 310: val_loss did not improve from 0.27990
11/11 - 2s - loss: 0.2742 - mse: 0.2742 - mae: 0.4196 - val_loss: 0.2801 - val_mse: 0.2801 - val_mae: 0.4251 - 2s/epoch - 180ms/step
Epoch 311/10000

Epoch 311: val_loss did not improve from 0.27990
11/11 - 2s - loss: 0.2752 - mse: 0.2752 - mae: 0.4204 - val_loss: 0.2819 - val_mse: 0.2819 - val_mae: 0.4270 - 2s/epoch - 180ms/step
Epoch 312/10000

Epoch 312: val_loss did not improve from 0.27990
11/11 - 2s - loss: 0.2777 - mse: 0.2777 - mae: 0.4223 - val_loss: 0.2800 - val_mse: 0.2800 - val_mae: 0.4253 - 2s/epoch - 180ms/step
Epoch 313/10000

Epoch 313: val_loss did not improve from 0.27990
11/11 - 2s - loss: 0.2758 - mse: 0.2758 - mae: 0.4213 - val_loss: 0.2800 - val_mse: 0.2800 - val_mae: 0.4253 - 2s/epoch - 179ms/step
Epoch 314/10000

Epoch 314: val_loss did not improve from 0.27990
11/11 - 2s - loss: 0.2739 - mse: 0.2739 - mae: 0.4192 - val_loss: 0.2800 - val_mse: 0.2800 - val_mae: 0.4252 - 2s/epoch - 179ms/step
Epoch 315/10000

Epoch 315: val_loss did not improve from 0.27990
11/11 - 2s - loss: 0.2738 - mse: 0.2738 - mae: 0.4191 - val_loss: 0.2890 - val_mse: 0.2890 - val_mae: 0.4325 - 2s/epoch - 180ms/step
Epoch 316/10000

Epoch 316: val_loss did not improve from 0.27990
11/11 - 2s - loss: 0.2784 - mse: 0.2784 - mae: 0.4229 - val_loss: 0.2864 - val_mse: 0.2864 - val_mae: 0.4289 - 2s/epoch - 179ms/step
Epoch 317/10000

Epoch 317: val_loss did not improve from 0.27990
11/11 - 2s - loss: 0.2765 - mse: 0.2765 - mae: 0.4215 - val_loss: 0.2817 - val_mse: 0.2817 - val_mae: 0.4269 - 2s/epoch - 179ms/step
Epoch 318/10000

Epoch 318: val_loss did not improve from 0.27990
11/11 - 2s - loss: 0.2772 - mse: 0.2772 - mae: 0.4220 - val_loss: 0.2888 - val_mse: 0.2888 - val_mae: 0.4324 - 2s/epoch - 180ms/step
Epoch 319/10000

Epoch 319: val_loss did not improve from 0.27990
11/11 - 2s - loss: 0.2857 - mse: 0.2857 - mae: 0.4290 - val_loss: 0.2922 - val_mse: 0.2922 - val_mae: 0.4327 - 2s/epoch - 180ms/step
Epoch 320/10000

Epoch 320: val_loss did not improve from 0.27990
11/11 - 2s - loss: 0.2833 - mse: 0.2833 - mae: 0.4265 - val_loss: 0.2806 - val_mse: 0.2806 - val_mae: 0.4254 - 2s/epoch - 181ms/step
Epoch 321/10000

Epoch 321: val_loss did not improve from 0.27990
11/11 - 2s - loss: 0.2783 - mse: 0.2783 - mae: 0.4220 - val_loss: 0.2892 - val_mse: 0.2892 - val_mae: 0.4326 - 2s/epoch - 179ms/step
Epoch 322/10000

Epoch 322: val_loss did not improve from 0.27990
11/11 - 2s - loss: 0.2802 - mse: 0.2802 - mae: 0.4244 - val_loss: 0.2844 - val_mse: 0.2844 - val_mae: 0.4291 - 2s/epoch - 180ms/step
Epoch 323/10000

Epoch 323: val_loss did not improve from 0.27990
11/11 - 2s - loss: 0.2780 - mse: 0.2780 - mae: 0.4232 - val_loss: 0.2800 - val_mse: 0.2800 - val_mae: 0.4253 - 2s/epoch - 180ms/step
Epoch 324/10000

Epoch 324: val_loss did not improve from 0.27990
11/11 - 2s - loss: 0.2760 - mse: 0.2760 - mae: 0.4210 - val_loss: 0.2800 - val_mse: 0.2800 - val_mae: 0.4252 - 2s/epoch - 180ms/step
Epoch 325/10000

Epoch 325: val_loss did not improve from 0.27990
11/11 - 2s - loss: 0.2774 - mse: 0.2774 - mae: 0.4216 - val_loss: 0.2872 - val_mse: 0.2872 - val_mae: 0.4311 - 2s/epoch - 179ms/step
Epoch 326/10000

Epoch 326: val_loss did not improve from 0.27990
11/11 - 2s - loss: 0.2761 - mse: 0.2761 - mae: 0.4209 - val_loss: 0.2837 - val_mse: 0.2837 - val_mae: 0.4272 - 2s/epoch - 180ms/step
Epoch 327/10000

Epoch 327: val_loss did not improve from 0.27990
11/11 - 2s - loss: 0.2747 - mse: 0.2747 - mae: 0.4199 - val_loss: 0.2802 - val_mse: 0.2802 - val_mae: 0.4252 - 2s/epoch - 180ms/step
Epoch 328/10000

Epoch 328: val_loss did not improve from 0.27990
11/11 - 2s - loss: 0.2740 - mse: 0.2740 - mae: 0.4195 - val_loss: 0.2800 - val_mse: 0.2800 - val_mae: 0.4252 - 2s/epoch - 179ms/step
Epoch 329/10000

Epoch 329: val_loss did not improve from 0.27990
11/11 - 2s - loss: 0.2744 - mse: 0.2744 - mae: 0.4196 - val_loss: 0.2817 - val_mse: 0.2817 - val_mae: 0.4269 - 2s/epoch - 180ms/step
Epoch 330/10000

Epoch 330: val_loss did not improve from 0.27990
11/11 - 2s - loss: 0.2743 - mse: 0.2743 - mae: 0.4196 - val_loss: 0.2802 - val_mse: 0.2802 - val_mae: 0.4256 - 2s/epoch - 180ms/step
Epoch 331/10000

Epoch 331: val_loss did not improve from 0.27990
11/11 - 2s - loss: 0.2742 - mse: 0.2742 - mae: 0.4193 - val_loss: 0.2822 - val_mse: 0.2822 - val_mae: 0.4262 - 2s/epoch - 180ms/step
Epoch 332/10000

Epoch 332: val_loss did not improve from 0.27990
11/11 - 2s - loss: 0.2748 - mse: 0.2748 - mae: 0.4202 - val_loss: 0.2822 - val_mse: 0.2822 - val_mae: 0.4262 - 2s/epoch - 178ms/step
Epoch 333/10000

Epoch 333: val_loss did not improve from 0.27990
11/11 - 2s - loss: 0.2799 - mse: 0.2799 - mae: 0.4234 - val_loss: 0.2810 - val_mse: 0.2810 - val_mae: 0.4262 - 2s/epoch - 180ms/step
Epoch 334/10000

Epoch 334: val_loss did not improve from 0.27990
11/11 - 2s - loss: 0.2785 - mse: 0.2785 - mae: 0.4229 - val_loss: 0.2808 - val_mse: 0.2808 - val_mae: 0.4261 - 2s/epoch - 180ms/step
Epoch 335/10000

Epoch 335: val_loss did not improve from 0.27990
11/11 - 2s - loss: 0.2757 - mse: 0.2757 - mae: 0.4208 - val_loss: 0.2799 - val_mse: 0.2799 - val_mae: 0.4252 - 2s/epoch - 180ms/step
Epoch 336/10000

Epoch 336: val_loss did not improve from 0.27990
11/11 - 2s - loss: 0.2773 - mse: 0.2773 - mae: 0.4215 - val_loss: 0.2976 - val_mse: 0.2976 - val_mae: 0.4391 - 2s/epoch - 180ms/step
Epoch 337/10000

Epoch 337: val_loss did not improve from 0.27990
11/11 - 2s - loss: 0.2791 - mse: 0.2791 - mae: 0.4226 - val_loss: 0.2821 - val_mse: 0.2821 - val_mae: 0.4271 - 2s/epoch - 179ms/step
Epoch 338/10000

Epoch 338: val_loss did not improve from 0.27990
11/11 - 2s - loss: 0.2745 - mse: 0.2745 - mae: 0.4197 - val_loss: 0.2800 - val_mse: 0.2800 - val_mae: 0.4250 - 2s/epoch - 179ms/step
Epoch 339/10000

Epoch 339: val_loss did not improve from 0.27990
11/11 - 2s - loss: 0.2747 - mse: 0.2747 - mae: 0.4199 - val_loss: 0.2875 - val_mse: 0.2875 - val_mae: 0.4296 - 2s/epoch - 178ms/step
Epoch 340/10000

Epoch 340: val_loss did not improve from 0.27990
11/11 - 2s - loss: 0.2779 - mse: 0.2779 - mae: 0.4221 - val_loss: 0.2874 - val_mse: 0.2874 - val_mae: 0.4313 - 2s/epoch - 178ms/step
Epoch 341/10000

Epoch 341: val_loss did not improve from 0.27990
11/11 - 2s - loss: 0.2756 - mse: 0.2756 - mae: 0.4206 - val_loss: 0.2853 - val_mse: 0.2853 - val_mae: 0.4297 - 2s/epoch - 180ms/step
Epoch 342/10000

Epoch 342: val_loss did not improve from 0.27990
11/11 - 2s - loss: 0.2746 - mse: 0.2746 - mae: 0.4196 - val_loss: 0.2866 - val_mse: 0.2866 - val_mae: 0.4289 - 2s/epoch - 179ms/step
Epoch 343/10000

Epoch 343: val_loss did not improve from 0.27990
11/11 - 2s - loss: 0.2801 - mse: 0.2801 - mae: 0.4234 - val_loss: 0.2808 - val_mse: 0.2808 - val_mae: 0.4261 - 2s/epoch - 180ms/step
Epoch 344/10000

Epoch 344: val_loss did not improve from 0.27990
11/11 - 2s - loss: 0.2772 - mse: 0.2772 - mae: 0.4217 - val_loss: 0.2804 - val_mse: 0.2804 - val_mae: 0.4253 - 2s/epoch - 180ms/step
Epoch 345/10000

Epoch 345: val_loss did not improve from 0.27990
11/11 - 2s - loss: 0.2759 - mse: 0.2759 - mae: 0.4205 - val_loss: 0.2879 - val_mse: 0.2879 - val_mae: 0.4298 - 2s/epoch - 180ms/step
Epoch 346/10000

Epoch 346: val_loss did not improve from 0.27990
11/11 - 2s - loss: 0.2777 - mse: 0.2777 - mae: 0.4220 - val_loss: 0.2955 - val_mse: 0.2955 - val_mae: 0.4376 - 2s/epoch - 179ms/step
Epoch 347/10000

Epoch 347: val_loss did not improve from 0.27990
11/11 - 2s - loss: 0.2819 - mse: 0.2819 - mae: 0.4254 - val_loss: 0.2817 - val_mse: 0.2817 - val_mae: 0.4259 - 2s/epoch - 180ms/step
Epoch 348/10000

Epoch 348: val_loss did not improve from 0.27990
11/11 - 2s - loss: 0.2836 - mse: 0.2836 - mae: 0.4267 - val_loss: 0.3005 - val_mse: 0.3005 - val_mae: 0.4380 - 2s/epoch - 180ms/step
Epoch 349/10000

Epoch 349: val_loss did not improve from 0.27990
11/11 - 2s - loss: 0.2854 - mse: 0.2854 - mae: 0.4272 - val_loss: 0.2918 - val_mse: 0.2918 - val_mae: 0.4348 - 2s/epoch - 179ms/step
Epoch 350/10000

Epoch 350: val_loss did not improve from 0.27990
11/11 - 2s - loss: 0.2758 - mse: 0.2758 - mae: 0.4208 - val_loss: 0.2817 - val_mse: 0.2817 - val_mae: 0.4268 - 2s/epoch - 180ms/step
Epoch 351/10000

Epoch 351: val_loss did not improve from 0.27990
11/11 - 2s - loss: 0.2741 - mse: 0.2741 - mae: 0.4194 - val_loss: 0.2846 - val_mse: 0.2846 - val_mae: 0.4292 - 2s/epoch - 181ms/step
Epoch 352/10000

Epoch 352: val_loss did not improve from 0.27990
11/11 - 2s - loss: 0.2783 - mse: 0.2783 - mae: 0.4226 - val_loss: 0.2845 - val_mse: 0.2845 - val_mae: 0.4290 - 2s/epoch - 180ms/step
Epoch 353/10000

Epoch 353: val_loss did not improve from 0.27990
11/11 - 2s - loss: 0.2770 - mse: 0.2770 - mae: 0.4217 - val_loss: 0.2924 - val_mse: 0.2924 - val_mae: 0.4327 - 2s/epoch - 180ms/step
Epoch 354/10000

Epoch 354: val_loss did not improve from 0.27990
11/11 - 2s - loss: 0.2809 - mse: 0.2809 - mae: 0.4246 - val_loss: 0.2799 - val_mse: 0.2799 - val_mae: 0.4252 - 2s/epoch - 180ms/step
Epoch 355/10000

Epoch 355: val_loss did not improve from 0.27990
11/11 - 2s - loss: 0.2752 - mse: 0.2752 - mae: 0.4207 - val_loss: 0.2800 - val_mse: 0.2800 - val_mae: 0.4251 - 2s/epoch - 180ms/step
Epoch 356/10000

Epoch 356: val_loss did not improve from 0.27990
11/11 - 2s - loss: 0.2754 - mse: 0.2754 - mae: 0.4202 - val_loss: 0.2831 - val_mse: 0.2831 - val_mae: 0.4267 - 2s/epoch - 179ms/step
Epoch 357/10000

Epoch 357: val_loss did not improve from 0.27990
11/11 - 2s - loss: 0.2759 - mse: 0.2759 - mae: 0.4208 - val_loss: 0.2821 - val_mse: 0.2821 - val_mae: 0.4262 - 2s/epoch - 180ms/step
Epoch 358/10000

Epoch 358: val_loss did not improve from 0.27990
11/11 - 2s - loss: 0.2754 - mse: 0.2754 - mae: 0.4202 - val_loss: 0.2804 - val_mse: 0.2804 - val_mae: 0.4258 - 2s/epoch - 180ms/step
Epoch 359/10000

Epoch 359: val_loss did not improve from 0.27990
11/11 - 2s - loss: 0.2742 - mse: 0.2742 - mae: 0.4198 - val_loss: 0.2800 - val_mse: 0.2800 - val_mae: 0.4250 - 2s/epoch - 179ms/step
Epoch 360/10000

Epoch 360: val_loss did not improve from 0.27990
11/11 - 2s - loss: 0.2765 - mse: 0.2765 - mae: 0.4215 - val_loss: 0.2824 - val_mse: 0.2824 - val_mae: 0.4263 - 2s/epoch - 181ms/step
Epoch 361/10000

Epoch 361: val_loss did not improve from 0.27990
11/11 - 2s - loss: 0.2739 - mse: 0.2739 - mae: 0.4192 - val_loss: 0.2808 - val_mse: 0.2808 - val_mae: 0.4254 - 2s/epoch - 180ms/step
Epoch 362/10000

Epoch 362: val_loss did not improve from 0.27990
11/11 - 2s - loss: 0.2753 - mse: 0.2753 - mae: 0.4202 - val_loss: 0.2800 - val_mse: 0.2800 - val_mae: 0.4253 - 2s/epoch - 180ms/step
Epoch 363/10000

Epoch 363: val_loss did not improve from 0.27990
11/11 - 2s - loss: 0.2739 - mse: 0.2739 - mae: 0.4192 - val_loss: 0.2808 - val_mse: 0.2808 - val_mae: 0.4262 - 2s/epoch - 180ms/step
Epoch 364/10000

Epoch 364: val_loss did not improve from 0.27990
11/11 - 2s - loss: 0.2749 - mse: 0.2749 - mae: 0.4201 - val_loss: 0.2867 - val_mse: 0.2867 - val_mae: 0.4308 - 2s/epoch - 180ms/step
Epoch 365/10000

Epoch 365: val_loss did not improve from 0.27990
11/11 - 2s - loss: 0.2769 - mse: 0.2769 - mae: 0.4213 - val_loss: 0.2819 - val_mse: 0.2819 - val_mae: 0.4269 - 2s/epoch - 179ms/step
Epoch 366/10000

Epoch 366: val_loss did not improve from 0.27990
11/11 - 2s - loss: 0.2789 - mse: 0.2789 - mae: 0.4231 - val_loss: 0.2813 - val_mse: 0.2813 - val_mae: 0.4256 - 2s/epoch - 179ms/step
Epoch 367/10000

Epoch 367: val_loss did not improve from 0.27990
11/11 - 2s - loss: 0.2755 - mse: 0.2755 - mae: 0.4208 - val_loss: 0.2805 - val_mse: 0.2805 - val_mae: 0.4258 - 2s/epoch - 181ms/step
Epoch 368/10000

Epoch 368: val_loss did not improve from 0.27990
11/11 - 2s - loss: 0.2741 - mse: 0.2741 - mae: 0.4195 - val_loss: 0.2814 - val_mse: 0.2814 - val_mae: 0.4265 - 2s/epoch - 181ms/step
Epoch 369/10000

Epoch 369: val_loss did not improve from 0.27990
11/11 - 2s - loss: 0.2754 - mse: 0.2754 - mae: 0.4197 - val_loss: 0.2963 - val_mse: 0.2963 - val_mae: 0.4381 - 2s/epoch - 179ms/step
Epoch 370/10000

Epoch 370: val_loss did not improve from 0.27990
11/11 - 2s - loss: 0.2772 - mse: 0.2772 - mae: 0.4215 - val_loss: 0.2800 - val_mse: 0.2800 - val_mae: 0.4253 - 2s/epoch - 180ms/step
Epoch 371/10000

Epoch 371: val_loss did not improve from 0.27990
11/11 - 2s - loss: 0.2751 - mse: 0.2751 - mae: 0.4201 - val_loss: 0.2859 - val_mse: 0.2859 - val_mae: 0.4285 - 2s/epoch - 181ms/step
Epoch 372/10000

Epoch 372: val_loss did not improve from 0.27990
11/11 - 2s - loss: 0.2763 - mse: 0.2763 - mae: 0.4211 - val_loss: 0.2803 - val_mse: 0.2803 - val_mae: 0.4256 - 2s/epoch - 180ms/step
Epoch 373/10000

Epoch 373: val_loss did not improve from 0.27990
11/11 - 2s - loss: 0.2752 - mse: 0.2752 - mae: 0.4203 - val_loss: 0.2800 - val_mse: 0.2800 - val_mae: 0.4253 - 2s/epoch - 180ms/step
Epoch 374/10000

Epoch 374: val_loss did not improve from 0.27990
11/11 - 2s - loss: 0.2756 - mse: 0.2756 - mae: 0.4205 - val_loss: 0.2799 - val_mse: 0.2799 - val_mae: 0.4252 - 2s/epoch - 180ms/step
Epoch 375/10000

Epoch 375: val_loss did not improve from 0.27990
11/11 - 2s - loss: 0.2746 - mse: 0.2746 - mae: 0.4197 - val_loss: 0.2811 - val_mse: 0.2811 - val_mae: 0.4263 - 2s/epoch - 180ms/step
Epoch 376/10000

Epoch 376: val_loss did not improve from 0.27990
11/11 - 2s - loss: 0.2741 - mse: 0.2741 - mae: 0.4195 - val_loss: 0.2800 - val_mse: 0.2800 - val_mae: 0.4252 - 2s/epoch - 179ms/step
Epoch 377/10000

Epoch 377: val_loss did not improve from 0.27990
11/11 - 2s - loss: 0.2753 - mse: 0.2753 - mae: 0.4200 - val_loss: 0.2834 - val_mse: 0.2834 - val_mae: 0.4280 - 2s/epoch - 181ms/step
Epoch 378/10000

Epoch 378: val_loss did not improve from 0.27990
11/11 - 2s - loss: 0.2764 - mse: 0.2764 - mae: 0.4215 - val_loss: 0.2820 - val_mse: 0.2820 - val_mae: 0.4261 - 2s/epoch - 181ms/step
Epoch 379/10000

Epoch 379: val_loss did not improve from 0.27990
11/11 - 2s - loss: 0.2753 - mse: 0.2753 - mae: 0.4200 - val_loss: 0.2800 - val_mse: 0.2800 - val_mae: 0.4250 - 2s/epoch - 180ms/step
Epoch 380/10000

Epoch 380: val_loss did not improve from 0.27990
11/11 - 2s - loss: 0.2739 - mse: 0.2739 - mae: 0.4193 - val_loss: 0.2811 - val_mse: 0.2811 - val_mae: 0.4263 - 2s/epoch - 180ms/step
Epoch 381/10000

Epoch 381: val_loss did not improve from 0.27990
11/11 - 2s - loss: 0.2745 - mse: 0.2745 - mae: 0.4200 - val_loss: 0.2811 - val_mse: 0.2811 - val_mae: 0.4255 - 2s/epoch - 179ms/step
Epoch 382/10000

Epoch 382: val_loss did not improve from 0.27990
11/11 - 2s - loss: 0.2757 - mse: 0.2757 - mae: 0.4206 - val_loss: 0.2803 - val_mse: 0.2803 - val_mae: 0.4250 - 2s/epoch - 179ms/step
Epoch 383/10000

Epoch 383: val_loss did not improve from 0.27990
11/11 - 2s - loss: 0.2744 - mse: 0.2744 - mae: 0.4194 - val_loss: 0.2799 - val_mse: 0.2799 - val_mae: 0.4251 - 2s/epoch - 180ms/step
Epoch 384/10000

Epoch 384: val_loss did not improve from 0.27990
11/11 - 2s - loss: 0.2748 - mse: 0.2748 - mae: 0.4198 - val_loss: 0.2865 - val_mse: 0.2865 - val_mae: 0.4305 - 2s/epoch - 180ms/step
Epoch 385/10000

Epoch 385: val_loss did not improve from 0.27990
11/11 - 2s - loss: 0.2764 - mse: 0.2764 - mae: 0.4210 - val_loss: 0.2807 - val_mse: 0.2807 - val_mae: 0.4258 - 2s/epoch - 180ms/step
Epoch 386/10000

Epoch 386: val_loss did not improve from 0.27990
11/11 - 2s - loss: 0.2756 - mse: 0.2756 - mae: 0.4204 - val_loss: 0.2799 - val_mse: 0.2799 - val_mae: 0.4250 - 2s/epoch - 179ms/step
Epoch 387/10000

Epoch 387: val_loss did not improve from 0.27990
11/11 - 2s - loss: 0.2739 - mse: 0.2739 - mae: 0.4192 - val_loss: 0.2801 - val_mse: 0.2801 - val_mae: 0.4250 - 2s/epoch - 179ms/step
Epoch 388/10000

Epoch 388: val_loss did not improve from 0.27990
11/11 - 2s - loss: 0.2743 - mse: 0.2743 - mae: 0.4196 - val_loss: 0.2841 - val_mse: 0.2841 - val_mae: 0.4287 - 2s/epoch - 183ms/step
Epoch 389/10000

Epoch 389: val_loss did not improve from 0.27990
11/11 - 2s - loss: 0.2752 - mse: 0.2752 - mae: 0.4204 - val_loss: 0.2801 - val_mse: 0.2801 - val_mae: 0.4250 - 2s/epoch - 180ms/step
Epoch 390/10000

Epoch 390: val_loss did not improve from 0.27990
11/11 - 2s - loss: 0.2748 - mse: 0.2748 - mae: 0.4199 - val_loss: 0.2819 - val_mse: 0.2819 - val_mae: 0.4269 - 2s/epoch - 180ms/step
Epoch 391/10000

Epoch 391: val_loss did not improve from 0.27990
11/11 - 2s - loss: 0.2742 - mse: 0.2742 - mae: 0.4195 - val_loss: 0.2808 - val_mse: 0.2808 - val_mae: 0.4259 - 2s/epoch - 180ms/step
Epoch 392/10000

Epoch 392: val_loss did not improve from 0.27990
11/11 - 2s - loss: 0.2744 - mse: 0.2744 - mae: 0.4197 - val_loss: 0.2811 - val_mse: 0.2811 - val_mae: 0.4263 - 2s/epoch - 180ms/step
Epoch 393/10000

Epoch 393: val_loss did not improve from 0.27990
11/11 - 2s - loss: 0.2740 - mse: 0.2740 - mae: 0.4195 - val_loss: 0.2867 - val_mse: 0.2867 - val_mae: 0.4307 - 2s/epoch - 182ms/step
Epoch 394/10000

Epoch 394: val_loss did not improve from 0.27990
11/11 - 2s - loss: 0.2782 - mse: 0.2782 - mae: 0.4223 - val_loss: 0.2805 - val_mse: 0.2805 - val_mae: 0.4252 - 2s/epoch - 179ms/step
Epoch 395/10000

Epoch 395: val_loss did not improve from 0.27990
11/11 - 2s - loss: 0.2785 - mse: 0.2785 - mae: 0.4229 - val_loss: 0.2878 - val_mse: 0.2878 - val_mae: 0.4296 - 2s/epoch - 182ms/step
Epoch 396/10000

Epoch 396: val_loss did not improve from 0.27990
11/11 - 2s - loss: 0.2808 - mse: 0.2808 - mae: 0.4238 - val_loss: 0.2799 - val_mse: 0.2799 - val_mae: 0.4250 - 2s/epoch - 181ms/step
Epoch 397/10000

Epoch 397: val_loss did not improve from 0.27990
11/11 - 2s - loss: 0.2750 - mse: 0.2750 - mae: 0.4199 - val_loss: 0.2828 - val_mse: 0.2828 - val_mae: 0.4276 - 2s/epoch - 180ms/step
Epoch 398/10000

Epoch 398: val_loss did not improve from 0.27990
11/11 - 2s - loss: 0.2740 - mse: 0.2740 - mae: 0.4193 - val_loss: 0.2833 - val_mse: 0.2833 - val_mae: 0.4268 - 2s/epoch - 180ms/step
Epoch 399/10000

Epoch 399: val_loss did not improve from 0.27990
11/11 - 2s - loss: 0.2747 - mse: 0.2747 - mae: 0.4199 - val_loss: 0.2804 - val_mse: 0.2804 - val_mae: 0.4252 - 2s/epoch - 179ms/step
Epoch 400/10000

Epoch 400: val_loss did not improve from 0.27990
11/11 - 2s - loss: 0.2743 - mse: 0.2743 - mae: 0.4198 - val_loss: 0.2802 - val_mse: 0.2802 - val_mae: 0.4254 - 2s/epoch - 180ms/step
Epoch 401/10000

Epoch 401: val_loss did not improve from 0.27990
11/11 - 2s - loss: 0.2751 - mse: 0.2751 - mae: 0.4200 - val_loss: 0.2812 - val_mse: 0.2812 - val_mae: 0.4255 - 2s/epoch - 181ms/step
Epoch 402/10000

Epoch 402: val_loss did not improve from 0.27990
11/11 - 2s - loss: 0.2751 - mse: 0.2751 - mae: 0.4201 - val_loss: 0.2800 - val_mse: 0.2800 - val_mae: 0.4253 - 2s/epoch - 181ms/step
Epoch 403/10000

Epoch 403: val_loss did not improve from 0.27990
11/11 - 2s - loss: 0.2751 - mse: 0.2751 - mae: 0.4202 - val_loss: 0.2802 - val_mse: 0.2802 - val_mae: 0.4251 - 2s/epoch - 180ms/step
Epoch 404/10000

Epoch 404: val_loss did not improve from 0.27990
11/11 - 2s - loss: 0.2762 - mse: 0.2762 - mae: 0.4211 - val_loss: 0.2977 - val_mse: 0.2977 - val_mae: 0.4361 - 2s/epoch - 181ms/step
Epoch 405/10000

Epoch 405: val_loss did not improve from 0.27990
11/11 - 2s - loss: 0.2812 - mse: 0.2812 - mae: 0.4242 - val_loss: 0.2822 - val_mse: 0.2822 - val_mae: 0.4273 - 2s/epoch - 180ms/step
Epoch 406/10000

Epoch 406: val_loss did not improve from 0.27990
11/11 - 2s - loss: 0.2756 - mse: 0.2756 - mae: 0.4203 - val_loss: 0.2801 - val_mse: 0.2801 - val_mae: 0.4254 - 2s/epoch - 180ms/step
Epoch 407/10000

Epoch 407: val_loss did not improve from 0.27990
11/11 - 2s - loss: 0.2756 - mse: 0.2756 - mae: 0.4203 - val_loss: 0.2847 - val_mse: 0.2847 - val_mae: 0.4277 - 2s/epoch - 180ms/step
Epoch 408/10000

Epoch 408: val_loss did not improve from 0.27990
11/11 - 2s - loss: 0.2760 - mse: 0.2760 - mae: 0.4204 - val_loss: 0.2805 - val_mse: 0.2805 - val_mae: 0.4257 - 2s/epoch - 180ms/step
Epoch 409/10000

Epoch 409: val_loss did not improve from 0.27990
11/11 - 2s - loss: 0.2786 - mse: 0.2786 - mae: 0.4224 - val_loss: 0.2825 - val_mse: 0.2825 - val_mae: 0.4263 - 2s/epoch - 180ms/step
Epoch 409: early stopping
