[ 13.14519438  30.04553007  46.53366244  63.02179482  79.5099272
  95.99805957 112.48619195 128.97432432 145.4624567  161.95058908
 178.43872145 194.92685383 211.41498621 227.90311858 244.39125096
 260.87938334 277.36751571 293.85564809 310.34378047 326.83191284
 343.32004522 359.80817759 376.29630997 392.78444235 409.27257472
 425.7607071 ]
Before undersampling: [(0, 375), (1, 834), (2, 3661), (3, 4955), (4, 3156), (5, 2425), (6, 2195), (7, 1862), (8, 1648), (9, 1497), (10, 1418), (11, 1313), (12, 1182), (13, 1082), (14, 902), (15, 843), (16, 708), (17, 675), (18, 486), (19, 429), (20, 347), (21, 282), (22, 251), (23, 195), (24, 209)]
After undersampling: [(0, 152), (1, 578), (2, 2279), (3, 3738), (4, 1995), (5, 1712), (6, 1492), (7, 1300), (8, 1221), (9, 1012), (10, 1004), (11, 923), (12, 843), (13, 768), (14, 589), (15, 592), (16, 506), (17, 466), (18, 339), (19, 296), (20, 220), (21, 180), (22, 168), (23, 195), (24, 170)]
            label  HH_0_0_x  HV_0_0_x  IA_0_0_x       FYI      DFYI       MYI     rms_0     rms_1     thk_2     rms_2     thk_3     rms_3     thk_4  ...    3         4    5         6         7         8         9        10   11        12   13        14        15                                                CNN
0       20.722390  0.274510  0.058824  0.118255  0.293961  0.588881  0.117159  4.777031  4.677525  1.186019  4.706725  1.206599  4.707764  1.161579  ...  0.0  0.926369  0.0  0.589012  0.511214  0.776811  0.335740  0.828222  0.0  0.672892  0.0  0.664962  0.449924  [[[[0.3647058823529411], [0.118217258827359], ...
1       21.775070  0.133333  0.058824  0.114668  0.984391  0.006071  0.009538  4.330990  4.365945  1.066105  4.327193  1.054906  4.302450  1.039280  ...  0.0  1.070274  0.0  0.614111  0.665499  0.815652  0.223351  0.994256  0.0  0.783135  0.0  0.722905  0.586879  [[[[0.1294117647058823], [0.1146301419127221],...
2       19.788947  0.211765  0.043137  0.087786  0.914321  0.076543  0.009136  4.433691  4.416514  1.078820  4.393233  1.111188  4.349980  1.074209  ...  0.0  1.134704  0.0  0.700537  0.659539  0.907805  0.295651  1.064024  0.0  0.818757  0.0  0.802545  0.565295  [[[[0.196078431372549], [0.0878275179395488], ...
3       21.879896  0.231373  0.031373  0.103257  0.979034  0.010485  0.010482  4.348173  4.353240  1.094519  4.324615  1.136261  4.289193  1.064146  ...  0.0  1.059658  0.0  0.671670  0.560247  0.884605  0.298484  1.005656  0.0  0.777343  0.0  0.783025  0.517066  [[[[0.2549019607843137], [0.1032165751737706],...
4       21.349077  0.192157  0.117647  0.159543  0.917254  0.035659  0.047087  4.526672  4.571380  1.186360  4.580130  1.217776  4.509018  1.118065  ...  0.0  0.854433  0.0  0.442064  0.528810  0.612843  0.147900  0.745051  0.0  0.621842  0.0  0.527705  0.460418  [[[[0.1450980392156863], [0.1595735437729779],...
...           ...       ...       ...       ...       ...       ...       ...       ...       ...       ...       ...       ...       ...       ...  ...  ...       ...  ...       ...       ...       ...       ...       ...  ...       ...  ...       ...       ...                                                ...
22733  417.027580  0.505882  0.090196  0.152162  0.185910  0.031902  0.782188  4.486675  4.531466  1.252972  4.593008  1.239219  4.510143  1.240265  ...  0.0  0.839703  0.0  0.468273  0.499118  0.650608  0.278814  0.681403  0.0  0.621146  0.0  0.548368  0.455899  [[[[0.4196078431372549], [0.15219440834195], [...
22734  417.866263  0.392157  0.125490  0.152184  0.189279  0.051355  0.759366  4.590506  4.658542  1.255140  4.682031  1.275536  4.639037  1.244471  ...  0.0  0.753041  0.0  0.432618  0.424933  0.606180  0.279904  0.615722  0.0  0.551801  0.0  0.504145  0.391604  [[[[0.3490196078431372], [0.1522158155254289],...
22735  421.196328  0.631373  0.466667  0.154089  0.004261  0.000064  0.995674  1.187829  0.941815  0.203265  0.245285  0.157730  0.213412  0.143029  ...  0.0  0.644292  0.0  0.466233  0.184014  0.544459  0.317551  0.496343  0.0  0.488684  0.0  0.521621  0.200857  [[[[0.596078431372549], [0.1541208603802849], ...
22736  416.289186  0.517647  0.160784  0.153404  0.011037  0.000341  0.988622  1.187829  0.941815  0.203265  0.245285  0.157730  0.213412  0.143029  ...  0.0  0.792541  0.0  0.518223  0.461039  0.679398  0.335284  0.699151  0.0  0.512142  0.0  0.532694  0.315921  [[[[0.4078431372549019], [0.1534358903473499],...
22737  423.194662  0.341176  0.274510  0.153307  0.003870  0.000024  0.996105  1.187829  0.941815  0.203265  0.245285  0.157730  0.213412  0.143029  ...  0.0  0.712026  0.0  0.452670  0.356484  0.560431  0.500874  0.445316  0.0  0.508642  0.0  0.462847  0.257479  [[[[0.5686274509803921], [0.1533395804610907],...

[22738 rows x 128 columns]
Size of dataset: (22738, 127)
*************************** Fold #: 1 ***************************
Model: "model"
__________________________________________________________________________________________________
 Layer (type)                   Output Shape         Param #     Connected to                     
==================================================================================================
 conv (InputLayer)              [(None, 7, 7, 3, 1)  0           []                               
                                ]                                                                 
                                                                                                  
 zero_padding3d (ZeroPadding3D)  (None, 8, 8, 4, 1)  0           ['conv[0][0]']                   
                                                                                                  
 conv3d (Conv3D)                (None, 8, 8, 4, 8)   224         ['zero_padding3d[0][0]']         
                                                                                                  
 max_pooling3d (MaxPooling3D)   (None, 4, 4, 2, 8)   0           ['conv3d[0][0]']                 
                                                                                                  
 conv3d_1 (Conv3D)              (None, 4, 4, 2, 4)   868         ['max_pooling3d[0][0]']          
                                                                                                  
 max_pooling3d_1 (MaxPooling3D)  (None, 2, 2, 1, 4)  0           ['conv3d_1[0][0]']               
                                                                                                  
 cat (InputLayer)               [(None, 126)]        0           []                               
                                                                                                  
 flatten (Flatten)              (None, 16)           0           ['max_pooling3d_1[0][0]']        
                                                                                                  
 concatenate (Concatenate)      (None, 142)          0           ['cat[0][0]',                    
                                                                  'flatten[0][0]']                
                                                                                                  
 dense (Dense)                  (None, 200)          28600       ['concatenate[0][0]']            
                                                                                                  
 dense_1 (Dense)                (None, 200)          40200       ['dense[0][0]']                  
                                                                                                  
 dense_2 (Dense)                (None, 200)          40200       ['dense_1[0][0]']                
                                                                                                  
 dense_3 (Dense)                (None, 200)          40200       ['dense_2[0][0]']                
                                                                                                  
 dense_4 (Dense)                (None, 200)          40200       ['dense_3[0][0]']                
                                                                                                  
 dense_5 (Dense)                (None, 1)            201         ['dense_4[0][0]']                
                                                                                                  
==================================================================================================
Total params: 190,693
Trainable params: 190,693
Non-trainable params: 0
__________________________________________________________________________________________________
Epoch 1/10000

Epoch 1: val_loss improved from inf to 2.06796, saving model to ./results/NN_rms_regr/ResNet/recursion_1/ckpt_1
12/12 - 3s - loss: 9.9263 - mse: 9.9263 - mae: 2.7113 - val_loss: 2.0680 - val_mse: 2.0680 - val_mae: 1.1828 - 3s/epoch - 275ms/step
Epoch 2/10000

Epoch 2: val_loss improved from 2.06796 to 1.02199, saving model to ./results/NN_rms_regr/ResNet/recursion_1/ckpt_1
12/12 - 3s - loss: 1.8177 - mse: 1.8177 - mae: 1.0452 - val_loss: 1.0220 - val_mse: 1.0220 - val_mae: 0.6324 - 3s/epoch - 227ms/step
Epoch 3/10000

Epoch 3: val_loss improved from 1.02199 to 0.84933, saving model to ./results/NN_rms_regr/ResNet/recursion_1/ckpt_1
12/12 - 3s - loss: 1.0210 - mse: 1.0210 - mae: 0.6621 - val_loss: 0.8493 - val_mse: 0.8493 - val_mae: 0.5962 - 3s/epoch - 229ms/step
Epoch 4/10000

Epoch 4: val_loss improved from 0.84933 to 0.41866, saving model to ./results/NN_rms_regr/ResNet/recursion_1/ckpt_1
12/12 - 3s - loss: 0.6795 - mse: 0.6795 - mae: 0.5553 - val_loss: 0.4187 - val_mse: 0.4187 - val_mae: 0.5077 - 3s/epoch - 229ms/step
Epoch 5/10000

Epoch 5: val_loss improved from 0.41866 to 0.31383, saving model to ./results/NN_rms_regr/ResNet/recursion_1/ckpt_1
12/12 - 3s - loss: 0.3324 - mse: 0.3324 - mae: 0.4620 - val_loss: 0.3138 - val_mse: 0.3138 - val_mae: 0.4531 - 3s/epoch - 228ms/step
Epoch 6/10000

Epoch 6: val_loss improved from 0.31383 to 0.29525, saving model to ./results/NN_rms_regr/ResNet/recursion_1/ckpt_1
12/12 - 3s - loss: 0.2964 - mse: 0.2964 - mae: 0.4402 - val_loss: 0.2953 - val_mse: 0.2953 - val_mae: 0.4416 - 3s/epoch - 229ms/step
Epoch 7/10000

Epoch 7: val_loss improved from 0.29525 to 0.28411, saving model to ./results/NN_rms_regr/ResNet/recursion_1/ckpt_1
12/12 - 3s - loss: 0.2899 - mse: 0.2899 - mae: 0.4373 - val_loss: 0.2841 - val_mse: 0.2841 - val_mae: 0.4341 - 3s/epoch - 242ms/step
Epoch 8/10000

Epoch 8: val_loss improved from 0.28411 to 0.28234, saving model to ./results/NN_rms_regr/ResNet/recursion_1/ckpt_1
12/12 - 3s - loss: 0.2862 - mse: 0.2862 - mae: 0.4346 - val_loss: 0.2823 - val_mse: 0.2823 - val_mae: 0.4307 - 3s/epoch - 242ms/step
Epoch 9/10000

Epoch 9: val_loss did not improve from 0.28234
12/12 - 2s - loss: 0.2890 - mse: 0.2890 - mae: 0.4343 - val_loss: 0.3023 - val_mse: 0.3023 - val_mae: 0.4493 - 2s/epoch - 168ms/step
Epoch 10/10000

Epoch 10: val_loss improved from 0.28234 to 0.27732, saving model to ./results/NN_rms_regr/ResNet/recursion_1/ckpt_1
12/12 - 3s - loss: 0.2909 - mse: 0.2909 - mae: 0.4374 - val_loss: 0.2773 - val_mse: 0.2773 - val_mae: 0.4286 - 3s/epoch - 236ms/step
Epoch 11/10000

Epoch 11: val_loss improved from 0.27732 to 0.27706, saving model to ./results/NN_rms_regr/ResNet/recursion_1/ckpt_1
12/12 - 3s - loss: 0.2827 - mse: 0.2827 - mae: 0.4313 - val_loss: 0.2771 - val_mse: 0.2771 - val_mae: 0.4284 - 3s/epoch - 240ms/step
Epoch 12/10000

Epoch 12: val_loss did not improve from 0.27706
12/12 - 2s - loss: 0.2809 - mse: 0.2809 - mae: 0.4293 - val_loss: 0.2805 - val_mse: 0.2805 - val_mae: 0.4319 - 2s/epoch - 168ms/step
Epoch 13/10000

Epoch 13: val_loss improved from 0.27706 to 0.27694, saving model to ./results/NN_rms_regr/ResNet/recursion_1/ckpt_1
12/12 - 3s - loss: 0.2816 - mse: 0.2816 - mae: 0.4301 - val_loss: 0.2769 - val_mse: 0.2769 - val_mae: 0.4281 - 3s/epoch - 240ms/step
Epoch 14/10000

Epoch 14: val_loss improved from 0.27694 to 0.27644, saving model to ./results/NN_rms_regr/ResNet/recursion_1/ckpt_1
12/12 - 3s - loss: 0.2806 - mse: 0.2806 - mae: 0.4286 - val_loss: 0.2764 - val_mse: 0.2764 - val_mae: 0.4278 - 3s/epoch - 241ms/step
Epoch 15/10000

Epoch 15: val_loss improved from 0.27644 to 0.27581, saving model to ./results/NN_rms_regr/ResNet/recursion_1/ckpt_1
12/12 - 3s - loss: 0.2803 - mse: 0.2803 - mae: 0.4283 - val_loss: 0.2758 - val_mse: 0.2758 - val_mae: 0.4266 - 3s/epoch - 236ms/step
Epoch 16/10000

Epoch 16: val_loss did not improve from 0.27581
12/12 - 2s - loss: 0.2800 - mse: 0.2800 - mae: 0.4279 - val_loss: 0.2764 - val_mse: 0.2764 - val_mae: 0.4275 - 2s/epoch - 167ms/step
Epoch 17/10000

Epoch 17: val_loss improved from 0.27581 to 0.27551, saving model to ./results/NN_rms_regr/ResNet/recursion_1/ckpt_1
12/12 - 3s - loss: 0.2813 - mse: 0.2813 - mae: 0.4288 - val_loss: 0.2755 - val_mse: 0.2755 - val_mae: 0.4264 - 3s/epoch - 241ms/step
Epoch 18/10000

Epoch 18: val_loss did not improve from 0.27551
12/12 - 2s - loss: 0.2814 - mse: 0.2814 - mae: 0.4290 - val_loss: 0.2817 - val_mse: 0.2817 - val_mae: 0.4290 - 2s/epoch - 168ms/step
Epoch 19/10000

Epoch 19: val_loss improved from 0.27551 to 0.27524, saving model to ./results/NN_rms_regr/ResNet/recursion_1/ckpt_1
12/12 - 3s - loss: 0.2812 - mse: 0.2812 - mae: 0.4283 - val_loss: 0.2752 - val_mse: 0.2752 - val_mae: 0.4257 - 3s/epoch - 242ms/step
Epoch 20/10000

Epoch 20: val_loss improved from 0.27524 to 0.27511, saving model to ./results/NN_rms_regr/ResNet/recursion_1/ckpt_1
12/12 - 3s - loss: 0.2797 - mse: 0.2797 - mae: 0.4270 - val_loss: 0.2751 - val_mse: 0.2751 - val_mae: 0.4258 - 3s/epoch - 236ms/step
Epoch 21/10000

Epoch 21: val_loss improved from 0.27511 to 0.27489, saving model to ./results/NN_rms_regr/ResNet/recursion_1/ckpt_1
12/12 - 3s - loss: 0.2795 - mse: 0.2795 - mae: 0.4268 - val_loss: 0.2749 - val_mse: 0.2749 - val_mae: 0.4255 - 3s/epoch - 241ms/step
Epoch 22/10000

Epoch 22: val_loss did not improve from 0.27489
12/12 - 2s - loss: 0.2800 - mse: 0.2800 - mae: 0.4272 - val_loss: 0.2769 - val_mse: 0.2769 - val_mae: 0.4274 - 2s/epoch - 167ms/step
Epoch 23/10000

Epoch 23: val_loss did not improve from 0.27489
12/12 - 2s - loss: 0.2824 - mse: 0.2824 - mae: 0.4299 - val_loss: 0.2753 - val_mse: 0.2753 - val_mae: 0.4248 - 2s/epoch - 167ms/step
Epoch 24/10000

Epoch 24: val_loss did not improve from 0.27489
12/12 - 2s - loss: 0.2805 - mse: 0.2805 - mae: 0.4281 - val_loss: 0.2770 - val_mse: 0.2770 - val_mae: 0.4280 - 2s/epoch - 167ms/step
Epoch 25/10000

Epoch 25: val_loss did not improve from 0.27489
12/12 - 2s - loss: 0.2804 - mse: 0.2804 - mae: 0.4276 - val_loss: 0.2761 - val_mse: 0.2761 - val_mae: 0.4268 - 2s/epoch - 168ms/step
Epoch 26/10000

Epoch 26: val_loss did not improve from 0.27489
12/12 - 2s - loss: 0.2800 - mse: 0.2800 - mae: 0.4269 - val_loss: 0.2763 - val_mse: 0.2763 - val_mae: 0.4271 - 2s/epoch - 168ms/step
Epoch 27/10000

Epoch 27: val_loss did not improve from 0.27489
12/12 - 2s - loss: 0.2788 - mse: 0.2788 - mae: 0.4266 - val_loss: 0.2814 - val_mse: 0.2814 - val_mae: 0.4308 - 2s/epoch - 167ms/step
Epoch 28/10000

Epoch 28: val_loss improved from 0.27489 to 0.27461, saving model to ./results/NN_rms_regr/ResNet/recursion_1/ckpt_1
12/12 - 3s - loss: 0.2795 - mse: 0.2795 - mae: 0.4268 - val_loss: 0.2746 - val_mse: 0.2746 - val_mae: 0.4249 - 3s/epoch - 241ms/step
Epoch 29/10000

Epoch 29: val_loss did not improve from 0.27461
12/12 - 2s - loss: 0.2788 - mse: 0.2788 - mae: 0.4257 - val_loss: 0.2771 - val_mse: 0.2771 - val_mae: 0.4276 - 2s/epoch - 167ms/step
Epoch 30/10000

Epoch 30: val_loss improved from 0.27461 to 0.27401, saving model to ./results/NN_rms_regr/ResNet/recursion_1/ckpt_1
12/12 - 3s - loss: 0.2791 - mse: 0.2791 - mae: 0.4264 - val_loss: 0.2740 - val_mse: 0.2740 - val_mae: 0.4244 - 3s/epoch - 236ms/step
Epoch 31/10000

Epoch 31: val_loss did not improve from 0.27401
12/12 - 2s - loss: 0.2798 - mse: 0.2798 - mae: 0.4264 - val_loss: 0.2763 - val_mse: 0.2763 - val_mae: 0.4272 - 2s/epoch - 168ms/step
Epoch 32/10000

Epoch 32: val_loss did not improve from 0.27401
12/12 - 2s - loss: 0.2792 - mse: 0.2792 - mae: 0.4264 - val_loss: 0.2747 - val_mse: 0.2747 - val_mae: 0.4250 - 2s/epoch - 168ms/step
Epoch 33/10000

Epoch 33: val_loss did not improve from 0.27401
12/12 - 2s - loss: 0.2786 - mse: 0.2786 - mae: 0.4260 - val_loss: 0.2875 - val_mse: 0.2875 - val_mae: 0.4318 - 2s/epoch - 167ms/step
Epoch 34/10000

Epoch 34: val_loss improved from 0.27401 to 0.27357, saving model to ./results/NN_rms_regr/ResNet/recursion_1/ckpt_1
12/12 - 3s - loss: 0.2842 - mse: 0.2842 - mae: 0.4301 - val_loss: 0.2736 - val_mse: 0.2736 - val_mae: 0.4239 - 3s/epoch - 240ms/step
Epoch 35/10000

Epoch 35: val_loss did not improve from 0.27357
12/12 - 2s - loss: 0.2797 - mse: 0.2797 - mae: 0.4263 - val_loss: 0.2744 - val_mse: 0.2744 - val_mae: 0.4253 - 2s/epoch - 167ms/step
Epoch 36/10000

Epoch 36: val_loss did not improve from 0.27357
12/12 - 2s - loss: 0.2781 - mse: 0.2781 - mae: 0.4256 - val_loss: 0.2746 - val_mse: 0.2746 - val_mae: 0.4252 - 2s/epoch - 167ms/step
Epoch 37/10000

Epoch 37: val_loss improved from 0.27357 to 0.27355, saving model to ./results/NN_rms_regr/ResNet/recursion_1/ckpt_1
12/12 - 3s - loss: 0.2775 - mse: 0.2775 - mae: 0.4250 - val_loss: 0.2735 - val_mse: 0.2735 - val_mae: 0.4240 - 3s/epoch - 241ms/step
Epoch 38/10000

Epoch 38: val_loss improved from 0.27355 to 0.27338, saving model to ./results/NN_rms_regr/ResNet/recursion_1/ckpt_1
12/12 - 3s - loss: 0.2771 - mse: 0.2771 - mae: 0.4245 - val_loss: 0.2734 - val_mse: 0.2734 - val_mae: 0.4237 - 3s/epoch - 245ms/step
Epoch 39/10000

Epoch 39: val_loss did not improve from 0.27338
12/12 - 2s - loss: 0.2771 - mse: 0.2771 - mae: 0.4245 - val_loss: 0.2740 - val_mse: 0.2740 - val_mae: 0.4235 - 2s/epoch - 168ms/step
Epoch 40/10000

Epoch 40: val_loss did not improve from 0.27338
12/12 - 2s - loss: 0.2796 - mse: 0.2796 - mae: 0.4264 - val_loss: 0.2770 - val_mse: 0.2770 - val_mae: 0.4250 - 2s/epoch - 168ms/step
Epoch 41/10000

Epoch 41: val_loss did not improve from 0.27338
12/12 - 2s - loss: 0.2790 - mse: 0.2790 - mae: 0.4255 - val_loss: 0.2738 - val_mse: 0.2738 - val_mae: 0.4244 - 2s/epoch - 168ms/step
Epoch 42/10000

Epoch 42: val_loss did not improve from 0.27338
12/12 - 2s - loss: 0.2788 - mse: 0.2788 - mae: 0.4257 - val_loss: 0.2742 - val_mse: 0.2742 - val_mae: 0.4236 - 2s/epoch - 168ms/step
Epoch 43/10000

Epoch 43: val_loss did not improve from 0.27338
12/12 - 2s - loss: 0.2802 - mse: 0.2802 - mae: 0.4264 - val_loss: 0.2763 - val_mse: 0.2763 - val_mae: 0.4250 - 2s/epoch - 168ms/step
Epoch 44/10000

Epoch 44: val_loss did not improve from 0.27338
12/12 - 2s - loss: 0.2793 - mse: 0.2793 - mae: 0.4258 - val_loss: 0.2921 - val_mse: 0.2921 - val_mae: 0.4348 - 2s/epoch - 168ms/step
Epoch 45/10000

Epoch 45: val_loss did not improve from 0.27338
12/12 - 2s - loss: 0.2853 - mse: 0.2853 - mae: 0.4300 - val_loss: 0.2838 - val_mse: 0.2838 - val_mae: 0.4323 - 2s/epoch - 167ms/step
Epoch 46/10000

Epoch 46: val_loss did not improve from 0.27338
12/12 - 2s - loss: 0.2867 - mse: 0.2867 - mae: 0.4311 - val_loss: 0.3286 - val_mse: 0.3286 - val_mae: 0.4653 - 2s/epoch - 167ms/step
Epoch 47/10000

Epoch 47: val_loss did not improve from 0.27338
12/12 - 2s - loss: 0.2890 - mse: 0.2890 - mae: 0.4329 - val_loss: 0.2898 - val_mse: 0.2898 - val_mae: 0.4373 - 2s/epoch - 168ms/step
Epoch 48/10000

Epoch 48: val_loss improved from 0.27338 to 0.27302, saving model to ./results/NN_rms_regr/ResNet/recursion_1/ckpt_1
12/12 - 3s - loss: 0.2806 - mse: 0.2806 - mae: 0.4272 - val_loss: 0.2730 - val_mse: 0.2730 - val_mae: 0.4229 - 3s/epoch - 243ms/step
Epoch 49/10000

Epoch 49: val_loss did not improve from 0.27302
12/12 - 2s - loss: 0.2778 - mse: 0.2778 - mae: 0.4249 - val_loss: 0.2872 - val_mse: 0.2872 - val_mae: 0.4353 - 2s/epoch - 169ms/step
Epoch 50/10000

Epoch 50: val_loss did not improve from 0.27302
12/12 - 2s - loss: 0.2807 - mse: 0.2807 - mae: 0.4265 - val_loss: 0.2995 - val_mse: 0.2995 - val_mae: 0.4443 - 2s/epoch - 167ms/step
Epoch 51/10000

Epoch 51: val_loss did not improve from 0.27302
12/12 - 2s - loss: 0.2817 - mse: 0.2817 - mae: 0.4281 - val_loss: 0.2731 - val_mse: 0.2731 - val_mae: 0.4233 - 2s/epoch - 167ms/step
Epoch 52/10000

Epoch 52: val_loss did not improve from 0.27302
12/12 - 2s - loss: 0.2771 - mse: 0.2771 - mae: 0.4242 - val_loss: 0.2746 - val_mse: 0.2746 - val_mae: 0.4234 - 2s/epoch - 168ms/step
Epoch 53/10000

Epoch 53: val_loss did not improve from 0.27302
12/12 - 2s - loss: 0.2879 - mse: 0.2879 - mae: 0.4322 - val_loss: 0.3310 - val_mse: 0.3310 - val_mae: 0.4597 - 2s/epoch - 168ms/step
Epoch 54/10000

Epoch 54: val_loss did not improve from 0.27302
12/12 - 2s - loss: 0.2953 - mse: 0.2953 - mae: 0.4368 - val_loss: 0.2743 - val_mse: 0.2743 - val_mae: 0.4239 - 2s/epoch - 168ms/step
Epoch 55/10000

Epoch 55: val_loss improved from 0.27302 to 0.27291, saving model to ./results/NN_rms_regr/ResNet/recursion_1/ckpt_1
12/12 - 3s - loss: 0.2814 - mse: 0.2814 - mae: 0.4280 - val_loss: 0.2729 - val_mse: 0.2729 - val_mae: 0.4231 - 3s/epoch - 236ms/step
Epoch 56/10000

Epoch 56: val_loss did not improve from 0.27291
12/12 - 2s - loss: 0.2778 - mse: 0.2778 - mae: 0.4246 - val_loss: 0.2784 - val_mse: 0.2784 - val_mae: 0.4283 - 2s/epoch - 168ms/step
Epoch 57/10000

Epoch 57: val_loss did not improve from 0.27291
12/12 - 2s - loss: 0.2794 - mse: 0.2794 - mae: 0.4259 - val_loss: 0.2750 - val_mse: 0.2750 - val_mae: 0.4252 - 2s/epoch - 168ms/step
Epoch 58/10000

Epoch 58: val_loss did not improve from 0.27291
12/12 - 2s - loss: 0.2779 - mse: 0.2779 - mae: 0.4246 - val_loss: 0.2802 - val_mse: 0.2802 - val_mae: 0.4290 - 2s/epoch - 168ms/step
Epoch 59/10000

Epoch 59: val_loss did not improve from 0.27291
12/12 - 2s - loss: 0.2791 - mse: 0.2791 - mae: 0.4257 - val_loss: 0.2772 - val_mse: 0.2772 - val_mae: 0.4253 - 2s/epoch - 168ms/step
Epoch 60/10000

Epoch 60: val_loss did not improve from 0.27291
12/12 - 2s - loss: 0.2817 - mse: 0.2817 - mae: 0.4268 - val_loss: 0.2732 - val_mse: 0.2732 - val_mae: 0.4235 - 2s/epoch - 168ms/step
Epoch 61/10000

Epoch 61: val_loss did not improve from 0.27291
12/12 - 2s - loss: 0.2783 - mse: 0.2783 - mae: 0.4253 - val_loss: 0.2920 - val_mse: 0.2920 - val_mae: 0.4350 - 2s/epoch - 168ms/step
Epoch 62/10000

Epoch 62: val_loss did not improve from 0.27291
12/12 - 2s - loss: 0.2904 - mse: 0.2904 - mae: 0.4339 - val_loss: 0.2783 - val_mse: 0.2783 - val_mae: 0.4281 - 2s/epoch - 168ms/step
Epoch 63/10000

Epoch 63: val_loss did not improve from 0.27291
12/12 - 2s - loss: 0.2862 - mse: 0.2862 - mae: 0.4308 - val_loss: 0.3138 - val_mse: 0.3138 - val_mae: 0.4542 - 2s/epoch - 168ms/step
Epoch 64/10000

Epoch 64: val_loss did not improve from 0.27291
12/12 - 2s - loss: 0.2891 - mse: 0.2891 - mae: 0.4334 - val_loss: 0.2887 - val_mse: 0.2887 - val_mae: 0.4356 - 2s/epoch - 169ms/step
Epoch 65/10000

Epoch 65: val_loss did not improve from 0.27291
12/12 - 2s - loss: 0.2832 - mse: 0.2832 - mae: 0.4292 - val_loss: 0.2803 - val_mse: 0.2803 - val_mae: 0.4269 - 2s/epoch - 168ms/step
Epoch 66/10000

Epoch 66: val_loss did not improve from 0.27291
12/12 - 2s - loss: 0.2834 - mse: 0.2834 - mae: 0.4287 - val_loss: 0.2730 - val_mse: 0.2730 - val_mae: 0.4228 - 2s/epoch - 167ms/step
Epoch 67/10000

Epoch 67: val_loss did not improve from 0.27291
12/12 - 2s - loss: 0.2826 - mse: 0.2826 - mae: 0.4276 - val_loss: 0.3224 - val_mse: 0.3224 - val_mae: 0.4607 - 2s/epoch - 169ms/step
Epoch 68/10000

Epoch 68: val_loss did not improve from 0.27291
12/12 - 2s - loss: 0.2876 - mse: 0.2876 - mae: 0.4309 - val_loss: 0.2825 - val_mse: 0.2825 - val_mae: 0.4315 - 2s/epoch - 168ms/step
Epoch 69/10000

Epoch 69: val_loss did not improve from 0.27291
12/12 - 2s - loss: 0.2869 - mse: 0.2869 - mae: 0.4306 - val_loss: 0.2779 - val_mse: 0.2779 - val_mae: 0.4262 - 2s/epoch - 168ms/step
Epoch 70/10000

Epoch 70: val_loss did not improve from 0.27291
12/12 - 2s - loss: 0.2824 - mse: 0.2824 - mae: 0.4276 - val_loss: 0.2737 - val_mse: 0.2737 - val_mae: 0.4240 - 2s/epoch - 169ms/step
Epoch 71/10000

Epoch 71: val_loss did not improve from 0.27291
12/12 - 2s - loss: 0.2783 - mse: 0.2783 - mae: 0.4249 - val_loss: 0.2733 - val_mse: 0.2733 - val_mae: 0.4238 - 2s/epoch - 167ms/step
Epoch 72/10000

Epoch 72: val_loss did not improve from 0.27291
12/12 - 2s - loss: 0.2777 - mse: 0.2777 - mae: 0.4247 - val_loss: 0.2740 - val_mse: 0.2740 - val_mae: 0.4228 - 2s/epoch - 168ms/step
Epoch 73/10000

Epoch 73: val_loss did not improve from 0.27291
12/12 - 2s - loss: 0.2795 - mse: 0.2795 - mae: 0.4258 - val_loss: 0.2734 - val_mse: 0.2734 - val_mae: 0.4235 - 2s/epoch - 168ms/step
Epoch 74/10000

Epoch 74: val_loss did not improve from 0.27291
12/12 - 2s - loss: 0.2796 - mse: 0.2796 - mae: 0.4258 - val_loss: 0.2736 - val_mse: 0.2736 - val_mae: 0.4239 - 2s/epoch - 168ms/step
Epoch 75/10000

Epoch 75: val_loss did not improve from 0.27291
12/12 - 2s - loss: 0.2780 - mse: 0.2780 - mae: 0.4245 - val_loss: 0.3013 - val_mse: 0.3013 - val_mae: 0.4458 - 2s/epoch - 168ms/step
Epoch 76/10000

Epoch 76: val_loss did not improve from 0.27291
12/12 - 2s - loss: 0.2880 - mse: 0.2880 - mae: 0.4309 - val_loss: 0.2902 - val_mse: 0.2902 - val_mae: 0.4332 - 2s/epoch - 167ms/step
Epoch 77/10000

Epoch 77: val_loss did not improve from 0.27291
12/12 - 2s - loss: 0.2836 - mse: 0.2836 - mae: 0.4279 - val_loss: 0.2779 - val_mse: 0.2779 - val_mae: 0.4252 - 2s/epoch - 168ms/step
Epoch 78/10000

Epoch 78: val_loss did not improve from 0.27291
12/12 - 2s - loss: 0.2794 - mse: 0.2794 - mae: 0.4249 - val_loss: 0.2774 - val_mse: 0.2774 - val_mae: 0.4276 - 2s/epoch - 168ms/step
Epoch 79/10000

Epoch 79: val_loss did not improve from 0.27291
12/12 - 2s - loss: 0.2777 - mse: 0.2777 - mae: 0.4243 - val_loss: 0.2921 - val_mse: 0.2921 - val_mae: 0.4388 - 2s/epoch - 168ms/step
Epoch 80/10000

Epoch 80: val_loss did not improve from 0.27291
12/12 - 2s - loss: 0.2817 - mse: 0.2817 - mae: 0.4276 - val_loss: 0.2733 - val_mse: 0.2733 - val_mae: 0.4235 - 2s/epoch - 168ms/step
Epoch 81/10000

Epoch 81: val_loss did not improve from 0.27291
12/12 - 2s - loss: 0.2767 - mse: 0.2767 - mae: 0.4231 - val_loss: 0.3108 - val_mse: 0.3108 - val_mae: 0.4524 - 2s/epoch - 168ms/step
Epoch 82/10000

Epoch 82: val_loss did not improve from 0.27291
12/12 - 2s - loss: 0.2901 - mse: 0.2901 - mae: 0.4327 - val_loss: 0.2926 - val_mse: 0.2926 - val_mae: 0.4345 - 2s/epoch - 168ms/step
Epoch 83/10000

Epoch 83: val_loss did not improve from 0.27291
12/12 - 2s - loss: 0.2887 - mse: 0.2887 - mae: 0.4317 - val_loss: 0.2730 - val_mse: 0.2730 - val_mae: 0.4222 - 2s/epoch - 168ms/step
Epoch 84/10000

Epoch 84: val_loss did not improve from 0.27291
12/12 - 2s - loss: 0.2784 - mse: 0.2784 - mae: 0.4247 - val_loss: 0.2743 - val_mse: 0.2743 - val_mae: 0.4245 - 2s/epoch - 168ms/step
Epoch 85/10000

Epoch 85: val_loss did not improve from 0.27291
12/12 - 2s - loss: 0.2783 - mse: 0.2783 - mae: 0.4248 - val_loss: 0.2829 - val_mse: 0.2829 - val_mae: 0.4290 - 2s/epoch - 168ms/step
Epoch 86/10000

Epoch 86: val_loss did not improve from 0.27291
12/12 - 2s - loss: 0.2782 - mse: 0.2782 - mae: 0.4247 - val_loss: 0.2789 - val_mse: 0.2789 - val_mae: 0.4287 - 2s/epoch - 168ms/step
Epoch 87/10000

Epoch 87: val_loss did not improve from 0.27291
12/12 - 2s - loss: 0.2804 - mse: 0.2804 - mae: 0.4258 - val_loss: 0.2746 - val_mse: 0.2746 - val_mae: 0.4247 - 2s/epoch - 169ms/step
Epoch 88/10000

Epoch 88: val_loss did not improve from 0.27291
12/12 - 2s - loss: 0.2768 - mse: 0.2768 - mae: 0.4234 - val_loss: 0.2787 - val_mse: 0.2787 - val_mae: 0.4285 - 2s/epoch - 168ms/step
Epoch 89/10000

Epoch 89: val_loss did not improve from 0.27291
12/12 - 2s - loss: 0.2791 - mse: 0.2791 - mae: 0.4254 - val_loss: 0.2816 - val_mse: 0.2816 - val_mae: 0.4272 - 2s/epoch - 168ms/step
Epoch 90/10000

Epoch 90: val_loss did not improve from 0.27291
12/12 - 2s - loss: 0.2835 - mse: 0.2835 - mae: 0.4285 - val_loss: 0.2805 - val_mse: 0.2805 - val_mae: 0.4294 - 2s/epoch - 168ms/step
Epoch 91/10000

Epoch 91: val_loss did not improve from 0.27291
12/12 - 2s - loss: 0.2821 - mse: 0.2821 - mae: 0.4279 - val_loss: 0.2751 - val_mse: 0.2751 - val_mae: 0.4230 - 2s/epoch - 168ms/step
Epoch 92/10000

Epoch 92: val_loss did not improve from 0.27291
12/12 - 2s - loss: 0.2806 - mse: 0.2806 - mae: 0.4260 - val_loss: 0.2766 - val_mse: 0.2766 - val_mae: 0.4260 - 2s/epoch - 168ms/step
Epoch 93/10000

Epoch 93: val_loss did not improve from 0.27291
12/12 - 2s - loss: 0.2816 - mse: 0.2816 - mae: 0.4269 - val_loss: 0.2753 - val_mse: 0.2753 - val_mae: 0.4255 - 2s/epoch - 168ms/step
Epoch 94/10000

Epoch 94: val_loss improved from 0.27291 to 0.27274, saving model to ./results/NN_rms_regr/ResNet/recursion_1/ckpt_1
12/12 - 3s - loss: 0.2807 - mse: 0.2807 - mae: 0.4265 - val_loss: 0.2727 - val_mse: 0.2727 - val_mae: 0.4227 - 3s/epoch - 242ms/step
Epoch 95/10000

Epoch 95: val_loss did not improve from 0.27274
12/12 - 2s - loss: 0.2787 - mse: 0.2787 - mae: 0.4248 - val_loss: 0.2728 - val_mse: 0.2728 - val_mae: 0.4228 - 2s/epoch - 168ms/step
Epoch 96/10000

Epoch 96: val_loss did not improve from 0.27274
12/12 - 2s - loss: 0.2805 - mse: 0.2805 - mae: 0.4264 - val_loss: 0.2742 - val_mse: 0.2742 - val_mae: 0.4236 - 2s/epoch - 168ms/step
Epoch 97/10000

Epoch 97: val_loss did not improve from 0.27274
12/12 - 2s - loss: 0.2778 - mse: 0.2778 - mae: 0.4240 - val_loss: 0.2820 - val_mse: 0.2820 - val_mae: 0.4273 - 2s/epoch - 168ms/step
Epoch 98/10000

Epoch 98: val_loss did not improve from 0.27274
12/12 - 2s - loss: 0.2813 - mse: 0.2813 - mae: 0.4268 - val_loss: 0.2778 - val_mse: 0.2778 - val_mae: 0.4274 - 2s/epoch - 168ms/step
Epoch 99/10000

Epoch 99: val_loss did not improve from 0.27274
12/12 - 2s - loss: 0.2778 - mse: 0.2778 - mae: 0.4242 - val_loss: 0.2739 - val_mse: 0.2739 - val_mae: 0.4229 - 2s/epoch - 168ms/step
Epoch 100/10000

Epoch 100: val_loss did not improve from 0.27274
12/12 - 2s - loss: 0.2811 - mse: 0.2811 - mae: 0.4259 - val_loss: 0.2734 - val_mse: 0.2734 - val_mae: 0.4229 - 2s/epoch - 168ms/step
Epoch 101/10000

Epoch 101: val_loss did not improve from 0.27274
12/12 - 2s - loss: 0.2804 - mse: 0.2804 - mae: 0.4256 - val_loss: 0.2821 - val_mse: 0.2821 - val_mae: 0.4276 - 2s/epoch - 168ms/step
Epoch 102/10000

Epoch 102: val_loss improved from 0.27274 to 0.27259, saving model to ./results/NN_rms_regr/ResNet/recursion_1/ckpt_1
12/12 - 3s - loss: 0.2831 - mse: 0.2831 - mae: 0.4284 - val_loss: 0.2726 - val_mse: 0.2726 - val_mae: 0.4221 - 3s/epoch - 236ms/step
Epoch 103/10000

Epoch 103: val_loss did not improve from 0.27259
12/12 - 2s - loss: 0.2795 - mse: 0.2795 - mae: 0.4258 - val_loss: 0.2793 - val_mse: 0.2793 - val_mae: 0.4258 - 2s/epoch - 168ms/step
Epoch 104/10000

Epoch 104: val_loss did not improve from 0.27259
12/12 - 2s - loss: 0.2848 - mse: 0.2848 - mae: 0.4294 - val_loss: 0.2792 - val_mse: 0.2792 - val_mae: 0.4289 - 2s/epoch - 168ms/step
Epoch 105/10000

Epoch 105: val_loss did not improve from 0.27259
12/12 - 2s - loss: 0.2804 - mse: 0.2804 - mae: 0.4263 - val_loss: 0.2739 - val_mse: 0.2739 - val_mae: 0.4232 - 2s/epoch - 168ms/step
Epoch 106/10000

Epoch 106: val_loss did not improve from 0.27259
12/12 - 2s - loss: 0.2802 - mse: 0.2802 - mae: 0.4254 - val_loss: 0.2732 - val_mse: 0.2732 - val_mae: 0.4233 - 2s/epoch - 168ms/step
Epoch 107/10000

Epoch 107: val_loss did not improve from 0.27259
12/12 - 2s - loss: 0.2785 - mse: 0.2785 - mae: 0.4245 - val_loss: 0.2728 - val_mse: 0.2728 - val_mae: 0.4228 - 2s/epoch - 168ms/step
Epoch 108/10000

Epoch 108: val_loss did not improve from 0.27259
12/12 - 2s - loss: 0.2771 - mse: 0.2771 - mae: 0.4236 - val_loss: 0.2787 - val_mse: 0.2787 - val_mae: 0.4276 - 2s/epoch - 168ms/step
Epoch 109/10000

Epoch 109: val_loss did not improve from 0.27259
12/12 - 2s - loss: 0.2821 - mse: 0.2821 - mae: 0.4271 - val_loss: 0.2922 - val_mse: 0.2922 - val_mae: 0.4341 - 2s/epoch - 168ms/step
Epoch 110/10000

Epoch 110: val_loss did not improve from 0.27259
12/12 - 2s - loss: 0.2930 - mse: 0.2930 - mae: 0.4353 - val_loss: 0.3339 - val_mse: 0.3339 - val_mae: 0.4683 - 2s/epoch - 168ms/step
Epoch 111/10000

Epoch 111: val_loss did not improve from 0.27259
12/12 - 2s - loss: 0.2944 - mse: 0.2944 - mae: 0.4366 - val_loss: 0.3109 - val_mse: 0.3109 - val_mae: 0.4463 - 2s/epoch - 168ms/step
Epoch 112/10000

Epoch 112: val_loss did not improve from 0.27259
12/12 - 2s - loss: 0.2956 - mse: 0.2956 - mae: 0.4359 - val_loss: 0.2909 - val_mse: 0.2909 - val_mae: 0.4379 - 2s/epoch - 168ms/step
Epoch 113/10000

Epoch 113: val_loss did not improve from 0.27259
12/12 - 2s - loss: 0.2866 - mse: 0.2866 - mae: 0.4309 - val_loss: 0.2955 - val_mse: 0.2955 - val_mae: 0.4366 - 2s/epoch - 168ms/step
Epoch 114/10000

Epoch 114: val_loss did not improve from 0.27259
12/12 - 2s - loss: 0.2841 - mse: 0.2841 - mae: 0.4283 - val_loss: 0.3005 - val_mse: 0.3005 - val_mae: 0.4452 - 2s/epoch - 168ms/step
Epoch 115/10000

Epoch 115: val_loss did not improve from 0.27259
12/12 - 2s - loss: 0.2800 - mse: 0.2800 - mae: 0.4249 - val_loss: 0.2740 - val_mse: 0.2740 - val_mae: 0.4235 - 2s/epoch - 168ms/step
Epoch 116/10000

Epoch 116: val_loss did not improve from 0.27259
12/12 - 2s - loss: 0.2775 - mse: 0.2775 - mae: 0.4238 - val_loss: 0.2749 - val_mse: 0.2749 - val_mae: 0.4251 - 2s/epoch - 168ms/step
Epoch 117/10000

Epoch 117: val_loss did not improve from 0.27259
12/12 - 2s - loss: 0.2810 - mse: 0.2810 - mae: 0.4268 - val_loss: 0.2726 - val_mse: 0.2726 - val_mae: 0.4224 - 2s/epoch - 168ms/step
Epoch 118/10000

Epoch 118: val_loss did not improve from 0.27259
12/12 - 2s - loss: 0.2780 - mse: 0.2780 - mae: 0.4245 - val_loss: 0.2728 - val_mse: 0.2728 - val_mae: 0.4228 - 2s/epoch - 169ms/step
Epoch 119/10000

Epoch 119: val_loss did not improve from 0.27259
12/12 - 2s - loss: 0.2778 - mse: 0.2778 - mae: 0.4242 - val_loss: 0.2726 - val_mse: 0.2726 - val_mae: 0.4223 - 2s/epoch - 168ms/step
Epoch 120/10000

Epoch 120: val_loss did not improve from 0.27259
12/12 - 2s - loss: 0.2776 - mse: 0.2776 - mae: 0.4237 - val_loss: 0.2956 - val_mse: 0.2956 - val_mae: 0.4409 - 2s/epoch - 167ms/step
Epoch 121/10000

Epoch 121: val_loss did not improve from 0.27259
12/12 - 2s - loss: 0.2875 - mse: 0.2875 - mae: 0.4311 - val_loss: 0.2898 - val_mse: 0.2898 - val_mae: 0.4322 - 2s/epoch - 168ms/step
Epoch 122/10000

Epoch 122: val_loss did not improve from 0.27259
12/12 - 2s - loss: 0.2845 - mse: 0.2845 - mae: 0.4286 - val_loss: 0.2846 - val_mse: 0.2846 - val_mae: 0.4327 - 2s/epoch - 168ms/step
Epoch 123/10000

Epoch 123: val_loss did not improve from 0.27259
12/12 - 2s - loss: 0.2794 - mse: 0.2794 - mae: 0.4246 - val_loss: 0.2931 - val_mse: 0.2931 - val_mae: 0.4356 - 2s/epoch - 168ms/step
Epoch 124/10000

Epoch 124: val_loss did not improve from 0.27259
12/12 - 2s - loss: 0.2860 - mse: 0.2860 - mae: 0.4301 - val_loss: 0.2798 - val_mse: 0.2798 - val_mae: 0.4290 - 2s/epoch - 168ms/step
Epoch 125/10000

Epoch 125: val_loss did not improve from 0.27259
12/12 - 2s - loss: 0.2798 - mse: 0.2798 - mae: 0.4257 - val_loss: 0.2739 - val_mse: 0.2739 - val_mae: 0.4240 - 2s/epoch - 168ms/step
Epoch 126/10000

Epoch 126: val_loss did not improve from 0.27259
12/12 - 2s - loss: 0.2836 - mse: 0.2836 - mae: 0.4289 - val_loss: 0.2840 - val_mse: 0.2840 - val_mae: 0.4321 - 2s/epoch - 168ms/step
Epoch 127/10000

Epoch 127: val_loss did not improve from 0.27259
12/12 - 2s - loss: 0.2845 - mse: 0.2845 - mae: 0.4302 - val_loss: 0.2816 - val_mse: 0.2816 - val_mae: 0.4272 - 2s/epoch - 169ms/step
Epoch 128/10000

Epoch 128: val_loss did not improve from 0.27259
12/12 - 2s - loss: 0.2811 - mse: 0.2811 - mae: 0.4267 - val_loss: 0.2742 - val_mse: 0.2742 - val_mae: 0.4240 - 2s/epoch - 169ms/step
Epoch 129/10000

Epoch 129: val_loss did not improve from 0.27259
12/12 - 2s - loss: 0.2787 - mse: 0.2787 - mae: 0.4244 - val_loss: 0.2735 - val_mse: 0.2735 - val_mae: 0.4235 - 2s/epoch - 168ms/step
Epoch 130/10000

Epoch 130: val_loss did not improve from 0.27259
12/12 - 2s - loss: 0.2776 - mse: 0.2776 - mae: 0.4241 - val_loss: 0.2746 - val_mse: 0.2746 - val_mae: 0.4238 - 2s/epoch - 169ms/step
Epoch 131/10000

Epoch 131: val_loss did not improve from 0.27259
12/12 - 2s - loss: 0.2809 - mse: 0.2809 - mae: 0.4265 - val_loss: 0.2786 - val_mse: 0.2786 - val_mae: 0.4276 - 2s/epoch - 168ms/step
Epoch 132/10000

Epoch 132: val_loss did not improve from 0.27259
12/12 - 2s - loss: 0.2766 - mse: 0.2766 - mae: 0.4232 - val_loss: 0.2762 - val_mse: 0.2762 - val_mae: 0.4261 - 2s/epoch - 168ms/step
Epoch 133/10000

Epoch 133: val_loss did not improve from 0.27259
12/12 - 2s - loss: 0.2790 - mse: 0.2790 - mae: 0.4249 - val_loss: 0.2726 - val_mse: 0.2726 - val_mae: 0.4222 - 2s/epoch - 169ms/step
Epoch 134/10000

Epoch 134: val_loss did not improve from 0.27259
12/12 - 2s - loss: 0.2804 - mse: 0.2804 - mae: 0.4262 - val_loss: 0.2759 - val_mse: 0.2759 - val_mae: 0.4254 - 2s/epoch - 167ms/step
Epoch 135/10000

Epoch 135: val_loss did not improve from 0.27259
12/12 - 2s - loss: 0.2849 - mse: 0.2849 - mae: 0.4297 - val_loss: 0.2747 - val_mse: 0.2747 - val_mae: 0.4227 - 2s/epoch - 168ms/step
Epoch 136/10000

Epoch 136: val_loss did not improve from 0.27259
12/12 - 2s - loss: 0.2823 - mse: 0.2823 - mae: 0.4272 - val_loss: 0.2811 - val_mse: 0.2811 - val_mae: 0.4298 - 2s/epoch - 168ms/step
Epoch 137/10000

Epoch 137: val_loss did not improve from 0.27259
12/12 - 2s - loss: 0.2789 - mse: 0.2789 - mae: 0.4254 - val_loss: 0.2753 - val_mse: 0.2753 - val_mae: 0.4230 - 2s/epoch - 168ms/step
Epoch 138/10000

Epoch 138: val_loss did not improve from 0.27259
12/12 - 2s - loss: 0.2773 - mse: 0.2773 - mae: 0.4235 - val_loss: 0.3214 - val_mse: 0.3214 - val_mae: 0.4599 - 2s/epoch - 168ms/step
Epoch 139/10000

Epoch 139: val_loss did not improve from 0.27259
12/12 - 2s - loss: 0.2938 - mse: 0.2938 - mae: 0.4362 - val_loss: 0.2742 - val_mse: 0.2742 - val_mae: 0.4230 - 2s/epoch - 168ms/step
Epoch 140/10000

Epoch 140: val_loss did not improve from 0.27259
12/12 - 2s - loss: 0.2778 - mse: 0.2778 - mae: 0.4245 - val_loss: 0.2739 - val_mse: 0.2739 - val_mae: 0.4231 - 2s/epoch - 168ms/step
Epoch 141/10000

Epoch 141: val_loss did not improve from 0.27259
12/12 - 2s - loss: 0.2814 - mse: 0.2814 - mae: 0.4267 - val_loss: 0.2735 - val_mse: 0.2735 - val_mae: 0.4232 - 2s/epoch - 168ms/step
Epoch 142/10000

Epoch 142: val_loss did not improve from 0.27259
12/12 - 2s - loss: 0.2813 - mse: 0.2813 - mae: 0.4268 - val_loss: 0.2759 - val_mse: 0.2759 - val_mae: 0.4261 - 2s/epoch - 169ms/step
Epoch 143/10000

Epoch 143: val_loss did not improve from 0.27259
12/12 - 2s - loss: 0.2805 - mse: 0.2805 - mae: 0.4258 - val_loss: 0.2820 - val_mse: 0.2820 - val_mae: 0.4310 - 2s/epoch - 168ms/step
Epoch 144/10000

Epoch 144: val_loss did not improve from 0.27259
12/12 - 2s - loss: 0.2787 - mse: 0.2787 - mae: 0.4246 - val_loss: 0.2748 - val_mse: 0.2748 - val_mae: 0.4248 - 2s/epoch - 168ms/step
Epoch 145/10000

Epoch 145: val_loss did not improve from 0.27259
12/12 - 2s - loss: 0.2869 - mse: 0.2869 - mae: 0.4308 - val_loss: 0.2788 - val_mse: 0.2788 - val_mae: 0.4254 - 2s/epoch - 168ms/step
Epoch 146/10000

Epoch 146: val_loss did not improve from 0.27259
12/12 - 2s - loss: 0.2829 - mse: 0.2829 - mae: 0.4279 - val_loss: 0.2747 - val_mse: 0.2747 - val_mae: 0.4228 - 2s/epoch - 168ms/step
Epoch 147/10000

Epoch 147: val_loss did not improve from 0.27259
12/12 - 2s - loss: 0.2802 - mse: 0.2802 - mae: 0.4264 - val_loss: 0.2727 - val_mse: 0.2727 - val_mae: 0.4222 - 2s/epoch - 168ms/step
Epoch 148/10000

Epoch 148: val_loss did not improve from 0.27259
12/12 - 2s - loss: 0.2780 - mse: 0.2780 - mae: 0.4243 - val_loss: 0.2727 - val_mse: 0.2727 - val_mae: 0.4220 - 2s/epoch - 168ms/step
Epoch 149/10000

Epoch 149: val_loss did not improve from 0.27259
12/12 - 2s - loss: 0.2791 - mse: 0.2791 - mae: 0.4247 - val_loss: 0.2836 - val_mse: 0.2836 - val_mae: 0.4309 - 2s/epoch - 167ms/step
Epoch 150/10000

Epoch 150: val_loss did not improve from 0.27259
12/12 - 2s - loss: 0.2824 - mse: 0.2824 - mae: 0.4277 - val_loss: 0.2778 - val_mse: 0.2778 - val_mae: 0.4269 - 2s/epoch - 167ms/step
Epoch 151/10000

Epoch 151: val_loss did not improve from 0.27259
12/12 - 2s - loss: 0.2776 - mse: 0.2776 - mae: 0.4238 - val_loss: 0.2751 - val_mse: 0.2751 - val_mae: 0.4233 - 2s/epoch - 169ms/step
Epoch 152/10000

Epoch 152: val_loss improved from 0.27259 to 0.27254, saving model to ./results/NN_rms_regr/ResNet/recursion_1/ckpt_1
12/12 - 3s - loss: 0.2770 - mse: 0.2770 - mae: 0.4233 - val_loss: 0.2725 - val_mse: 0.2725 - val_mae: 0.4225 - 3s/epoch - 241ms/step
Epoch 153/10000

Epoch 153: val_loss did not improve from 0.27254
12/12 - 2s - loss: 0.2764 - mse: 0.2764 - mae: 0.4232 - val_loss: 0.2727 - val_mse: 0.2727 - val_mae: 0.4227 - 2s/epoch - 169ms/step
Epoch 154/10000

Epoch 154: val_loss did not improve from 0.27254
12/12 - 2s - loss: 0.2809 - mse: 0.2809 - mae: 0.4266 - val_loss: 0.2759 - val_mse: 0.2759 - val_mae: 0.4260 - 2s/epoch - 168ms/step
Epoch 155/10000

Epoch 155: val_loss did not improve from 0.27254
12/12 - 2s - loss: 0.2798 - mse: 0.2798 - mae: 0.4256 - val_loss: 0.2800 - val_mse: 0.2800 - val_mae: 0.4293 - 2s/epoch - 168ms/step
Epoch 156/10000

Epoch 156: val_loss did not improve from 0.27254
12/12 - 2s - loss: 0.2838 - mse: 0.2838 - mae: 0.4283 - val_loss: 0.3031 - val_mse: 0.3031 - val_mae: 0.4421 - 2s/epoch - 168ms/step
Epoch 157/10000

Epoch 157: val_loss did not improve from 0.27254
12/12 - 2s - loss: 0.2898 - mse: 0.2898 - mae: 0.4318 - val_loss: 0.3229 - val_mse: 0.3229 - val_mae: 0.4612 - 2s/epoch - 168ms/step
Epoch 158/10000

Epoch 158: val_loss improved from 0.27254 to 0.27242, saving model to ./results/NN_rms_regr/ResNet/recursion_1/ckpt_1
12/12 - 3s - loss: 0.2932 - mse: 0.2932 - mae: 0.4349 - val_loss: 0.2724 - val_mse: 0.2724 - val_mae: 0.4221 - 3s/epoch - 240ms/step
Epoch 159/10000

Epoch 159: val_loss did not improve from 0.27242
12/12 - 2s - loss: 0.2800 - mse: 0.2800 - mae: 0.4261 - val_loss: 0.2867 - val_mse: 0.2867 - val_mae: 0.4307 - 2s/epoch - 169ms/step
Epoch 160/10000

Epoch 160: val_loss did not improve from 0.27242
12/12 - 2s - loss: 0.2798 - mse: 0.2798 - mae: 0.4252 - val_loss: 0.3256 - val_mse: 0.3256 - val_mae: 0.4622 - 2s/epoch - 168ms/step
Epoch 161/10000

Epoch 161: val_loss did not improve from 0.27242
12/12 - 2s - loss: 0.2909 - mse: 0.2909 - mae: 0.4335 - val_loss: 0.2739 - val_mse: 0.2739 - val_mae: 0.4223 - 2s/epoch - 168ms/step
Epoch 162/10000

Epoch 162: val_loss did not improve from 0.27242
12/12 - 2s - loss: 0.2838 - mse: 0.2838 - mae: 0.4275 - val_loss: 0.2734 - val_mse: 0.2734 - val_mae: 0.4223 - 2s/epoch - 168ms/step
Epoch 163/10000

Epoch 163: val_loss did not improve from 0.27242
12/12 - 2s - loss: 0.2774 - mse: 0.2774 - mae: 0.4237 - val_loss: 0.2748 - val_mse: 0.2748 - val_mae: 0.4238 - 2s/epoch - 168ms/step
Epoch 164/10000

Epoch 164: val_loss did not improve from 0.27242
12/12 - 2s - loss: 0.2782 - mse: 0.2782 - mae: 0.4240 - val_loss: 0.2747 - val_mse: 0.2747 - val_mae: 0.4247 - 2s/epoch - 169ms/step
Epoch 165/10000

Epoch 165: val_loss did not improve from 0.27242
12/12 - 2s - loss: 0.2799 - mse: 0.2799 - mae: 0.4256 - val_loss: 0.2762 - val_mse: 0.2762 - val_mae: 0.4263 - 2s/epoch - 168ms/step
Epoch 166/10000

Epoch 166: val_loss did not improve from 0.27242
12/12 - 2s - loss: 0.2792 - mse: 0.2792 - mae: 0.4253 - val_loss: 0.2748 - val_mse: 0.2748 - val_mae: 0.4236 - 2s/epoch - 168ms/step
Epoch 167/10000

Epoch 167: val_loss did not improve from 0.27242
12/12 - 2s - loss: 0.2796 - mse: 0.2796 - mae: 0.4253 - val_loss: 0.2839 - val_mse: 0.2839 - val_mae: 0.4297 - 2s/epoch - 168ms/step
Epoch 168/10000

Epoch 168: val_loss did not improve from 0.27242
12/12 - 2s - loss: 0.2825 - mse: 0.2825 - mae: 0.4268 - val_loss: 0.3311 - val_mse: 0.3311 - val_mae: 0.4675 - 2s/epoch - 168ms/step
Epoch 169/10000

Epoch 169: val_loss did not improve from 0.27242
12/12 - 2s - loss: 0.2859 - mse: 0.2859 - mae: 0.4303 - val_loss: 0.3274 - val_mse: 0.3274 - val_mae: 0.4578 - 2s/epoch - 168ms/step
Epoch 170/10000

Epoch 170: val_loss did not improve from 0.27242
12/12 - 2s - loss: 0.2961 - mse: 0.2961 - mae: 0.4371 - val_loss: 0.2820 - val_mse: 0.2820 - val_mae: 0.4312 - 2s/epoch - 167ms/step
Epoch 171/10000

Epoch 171: val_loss did not improve from 0.27242
12/12 - 2s - loss: 0.2808 - mse: 0.2808 - mae: 0.4265 - val_loss: 0.2780 - val_mse: 0.2780 - val_mae: 0.4256 - 2s/epoch - 168ms/step
Epoch 172/10000

Epoch 172: val_loss did not improve from 0.27242
12/12 - 2s - loss: 0.2779 - mse: 0.2779 - mae: 0.4240 - val_loss: 0.2764 - val_mse: 0.2764 - val_mae: 0.4263 - 2s/epoch - 168ms/step
Epoch 173/10000

Epoch 173: val_loss did not improve from 0.27242
12/12 - 2s - loss: 0.2766 - mse: 0.2766 - mae: 0.4230 - val_loss: 0.2741 - val_mse: 0.2741 - val_mae: 0.4242 - 2s/epoch - 168ms/step
Epoch 174/10000

Epoch 174: val_loss did not improve from 0.27242
12/12 - 2s - loss: 0.2796 - mse: 0.2796 - mae: 0.4252 - val_loss: 0.2787 - val_mse: 0.2787 - val_mae: 0.4270 - 2s/epoch - 168ms/step
Epoch 175/10000

Epoch 175: val_loss did not improve from 0.27242
12/12 - 2s - loss: 0.2834 - mse: 0.2834 - mae: 0.4281 - val_loss: 0.2802 - val_mse: 0.2802 - val_mae: 0.4288 - 2s/epoch - 168ms/step
Epoch 176/10000

Epoch 176: val_loss did not improve from 0.27242
12/12 - 2s - loss: 0.2839 - mse: 0.2839 - mae: 0.4291 - val_loss: 0.2983 - val_mse: 0.2983 - val_mae: 0.4381 - 2s/epoch - 169ms/step
Epoch 177/10000

Epoch 177: val_loss did not improve from 0.27242
12/12 - 2s - loss: 0.2843 - mse: 0.2843 - mae: 0.4284 - val_loss: 0.3047 - val_mse: 0.3047 - val_mae: 0.4469 - 2s/epoch - 168ms/step
Epoch 178/10000

Epoch 178: val_loss did not improve from 0.27242
12/12 - 2s - loss: 0.2907 - mse: 0.2907 - mae: 0.4333 - val_loss: 0.2748 - val_mse: 0.2748 - val_mae: 0.4230 - 2s/epoch - 168ms/step
Epoch 179/10000

Epoch 179: val_loss did not improve from 0.27242
12/12 - 2s - loss: 0.2900 - mse: 0.2900 - mae: 0.4326 - val_loss: 0.3055 - val_mse: 0.3055 - val_mae: 0.4425 - 2s/epoch - 168ms/step
Epoch 180/10000

Epoch 180: val_loss did not improve from 0.27242
12/12 - 2s - loss: 0.2963 - mse: 0.2963 - mae: 0.4369 - val_loss: 0.2862 - val_mse: 0.2862 - val_mae: 0.4298 - 2s/epoch - 169ms/step
Epoch 181/10000

Epoch 181: val_loss did not improve from 0.27242
12/12 - 2s - loss: 0.2889 - mse: 0.2889 - mae: 0.4324 - val_loss: 0.2815 - val_mse: 0.2815 - val_mae: 0.4305 - 2s/epoch - 168ms/step
Epoch 182/10000

Epoch 182: val_loss did not improve from 0.27242
12/12 - 2s - loss: 0.2820 - mse: 0.2820 - mae: 0.4274 - val_loss: 0.3191 - val_mse: 0.3191 - val_mae: 0.4519 - 2s/epoch - 168ms/step
Epoch 183/10000

Epoch 183: val_loss did not improve from 0.27242
12/12 - 2s - loss: 0.3038 - mse: 0.3038 - mae: 0.4441 - val_loss: 0.3498 - val_mse: 0.3498 - val_mae: 0.4801 - 2s/epoch - 168ms/step
Epoch 184/10000

Epoch 184: val_loss did not improve from 0.27242
12/12 - 2s - loss: 0.3033 - mse: 0.3033 - mae: 0.4432 - val_loss: 0.2908 - val_mse: 0.2908 - val_mae: 0.4328 - 2s/epoch - 168ms/step
Epoch 185/10000

Epoch 185: val_loss did not improve from 0.27242
12/12 - 2s - loss: 0.2850 - mse: 0.2850 - mae: 0.4288 - val_loss: 0.2731 - val_mse: 0.2731 - val_mae: 0.4226 - 2s/epoch - 168ms/step
Epoch 186/10000

Epoch 186: val_loss did not improve from 0.27242
12/12 - 2s - loss: 0.2768 - mse: 0.2768 - mae: 0.4233 - val_loss: 0.2728 - val_mse: 0.2728 - val_mae: 0.4229 - 2s/epoch - 168ms/step
Epoch 187/10000

Epoch 187: val_loss did not improve from 0.27242
12/12 - 2s - loss: 0.2766 - mse: 0.2766 - mae: 0.4229 - val_loss: 0.2887 - val_mse: 0.2887 - val_mae: 0.4364 - 2s/epoch - 168ms/step
Epoch 188/10000

Epoch 188: val_loss did not improve from 0.27242
12/12 - 2s - loss: 0.2842 - mse: 0.2842 - mae: 0.4296 - val_loss: 0.2738 - val_mse: 0.2738 - val_mae: 0.4242 - 2s/epoch - 168ms/step
Epoch 189/10000

Epoch 189: val_loss did not improve from 0.27242
12/12 - 2s - loss: 0.2848 - mse: 0.2848 - mae: 0.4288 - val_loss: 0.2730 - val_mse: 0.2730 - val_mae: 0.4224 - 2s/epoch - 169ms/step
Epoch 190/10000

Epoch 190: val_loss did not improve from 0.27242
12/12 - 2s - loss: 0.2767 - mse: 0.2767 - mae: 0.4229 - val_loss: 0.2846 - val_mse: 0.2846 - val_mae: 0.4331 - 2s/epoch - 168ms/step
Epoch 191/10000

Epoch 191: val_loss did not improve from 0.27242
12/12 - 2s - loss: 0.2813 - mse: 0.2813 - mae: 0.4268 - val_loss: 0.2727 - val_mse: 0.2727 - val_mae: 0.4220 - 2s/epoch - 168ms/step
Epoch 192/10000

Epoch 192: val_loss did not improve from 0.27242
12/12 - 2s - loss: 0.2768 - mse: 0.2768 - mae: 0.4236 - val_loss: 0.2792 - val_mse: 0.2792 - val_mae: 0.4256 - 2s/epoch - 168ms/step
Epoch 193/10000

Epoch 193: val_loss did not improve from 0.27242
12/12 - 2s - loss: 0.2816 - mse: 0.2816 - mae: 0.4266 - val_loss: 0.2724 - val_mse: 0.2724 - val_mae: 0.4223 - 2s/epoch - 167ms/step
Epoch 194/10000

Epoch 194: val_loss improved from 0.27242 to 0.27239, saving model to ./results/NN_rms_regr/ResNet/recursion_1/ckpt_1
12/12 - 3s - loss: 0.2782 - mse: 0.2782 - mae: 0.4243 - val_loss: 0.2724 - val_mse: 0.2724 - val_mae: 0.4222 - 3s/epoch - 242ms/step
Epoch 195/10000

Epoch 195: val_loss improved from 0.27239 to 0.27238, saving model to ./results/NN_rms_regr/ResNet/recursion_1/ckpt_1
12/12 - 3s - loss: 0.2797 - mse: 0.2797 - mae: 0.4249 - val_loss: 0.2724 - val_mse: 0.2724 - val_mae: 0.4220 - 3s/epoch - 236ms/step
Epoch 196/10000

Epoch 196: val_loss did not improve from 0.27238
12/12 - 2s - loss: 0.2793 - mse: 0.2793 - mae: 0.4247 - val_loss: 0.2866 - val_mse: 0.2866 - val_mae: 0.4303 - 2s/epoch - 168ms/step
Epoch 197/10000

Epoch 197: val_loss did not improve from 0.27238
12/12 - 2s - loss: 0.2836 - mse: 0.2836 - mae: 0.4279 - val_loss: 0.2736 - val_mse: 0.2736 - val_mae: 0.4236 - 2s/epoch - 167ms/step
Epoch 198/10000

Epoch 198: val_loss did not improve from 0.27238
12/12 - 2s - loss: 0.2772 - mse: 0.2772 - mae: 0.4233 - val_loss: 0.2894 - val_mse: 0.2894 - val_mae: 0.4361 - 2s/epoch - 168ms/step
Epoch 199/10000

Epoch 199: val_loss did not improve from 0.27238
12/12 - 2s - loss: 0.2813 - mse: 0.2813 - mae: 0.4265 - val_loss: 0.2856 - val_mse: 0.2856 - val_mae: 0.4294 - 2s/epoch - 167ms/step
Epoch 200/10000

Epoch 200: val_loss did not improve from 0.27238
12/12 - 2s - loss: 0.2805 - mse: 0.2805 - mae: 0.4250 - val_loss: 0.2746 - val_mse: 0.2746 - val_mae: 0.4246 - 2s/epoch - 168ms/step
Epoch 201/10000

Epoch 201: val_loss did not improve from 0.27238
12/12 - 2s - loss: 0.2833 - mse: 0.2833 - mae: 0.4276 - val_loss: 0.2725 - val_mse: 0.2725 - val_mae: 0.4217 - 2s/epoch - 168ms/step
Epoch 202/10000

Epoch 202: val_loss did not improve from 0.27238
12/12 - 2s - loss: 0.2790 - mse: 0.2790 - mae: 0.4253 - val_loss: 0.2751 - val_mse: 0.2751 - val_mae: 0.4246 - 2s/epoch - 169ms/step
Epoch 203/10000

Epoch 203: val_loss did not improve from 0.27238
12/12 - 2s - loss: 0.2784 - mse: 0.2784 - mae: 0.4242 - val_loss: 0.2744 - val_mse: 0.2744 - val_mae: 0.4245 - 2s/epoch - 168ms/step
Epoch 204/10000

Epoch 204: val_loss did not improve from 0.27238
12/12 - 2s - loss: 0.2807 - mse: 0.2807 - mae: 0.4267 - val_loss: 0.2728 - val_mse: 0.2728 - val_mae: 0.4222 - 2s/epoch - 168ms/step
Epoch 205/10000

Epoch 205: val_loss did not improve from 0.27238
12/12 - 2s - loss: 0.2825 - mse: 0.2825 - mae: 0.4285 - val_loss: 0.3058 - val_mse: 0.3058 - val_mae: 0.4427 - 2s/epoch - 168ms/step
Epoch 206/10000

Epoch 206: val_loss did not improve from 0.27238
12/12 - 2s - loss: 0.3047 - mse: 0.3047 - mae: 0.4427 - val_loss: 0.2768 - val_mse: 0.2768 - val_mae: 0.4264 - 2s/epoch - 168ms/step
Epoch 207/10000

Epoch 207: val_loss did not improve from 0.27238
12/12 - 2s - loss: 0.2870 - mse: 0.2870 - mae: 0.4300 - val_loss: 0.2739 - val_mse: 0.2739 - val_mae: 0.4239 - 2s/epoch - 168ms/step
Epoch 208/10000

Epoch 208: val_loss did not improve from 0.27238
12/12 - 2s - loss: 0.2777 - mse: 0.2777 - mae: 0.4241 - val_loss: 0.2728 - val_mse: 0.2728 - val_mae: 0.4219 - 2s/epoch - 168ms/step
Epoch 209/10000

Epoch 209: val_loss did not improve from 0.27238
12/12 - 2s - loss: 0.2792 - mse: 0.2792 - mae: 0.4252 - val_loss: 0.2862 - val_mse: 0.2862 - val_mae: 0.4339 - 2s/epoch - 168ms/step
Epoch 210/10000

Epoch 210: val_loss did not improve from 0.27238
12/12 - 2s - loss: 0.2791 - mse: 0.2791 - mae: 0.4256 - val_loss: 0.2733 - val_mse: 0.2733 - val_mae: 0.4225 - 2s/epoch - 169ms/step
Epoch 211/10000

Epoch 211: val_loss did not improve from 0.27238
12/12 - 2s - loss: 0.2781 - mse: 0.2781 - mae: 0.4243 - val_loss: 0.2836 - val_mse: 0.2836 - val_mae: 0.4284 - 2s/epoch - 169ms/step
Epoch 212/10000

Epoch 212: val_loss did not improve from 0.27238
12/12 - 2s - loss: 0.2860 - mse: 0.2860 - mae: 0.4295 - val_loss: 0.2986 - val_mse: 0.2986 - val_mae: 0.4434 - 2s/epoch - 168ms/step
Epoch 213/10000

Epoch 213: val_loss did not improve from 0.27238
12/12 - 2s - loss: 0.2915 - mse: 0.2915 - mae: 0.4339 - val_loss: 0.3233 - val_mse: 0.3233 - val_mae: 0.4601 - 2s/epoch - 168ms/step
Epoch 214/10000

Epoch 214: val_loss did not improve from 0.27238
12/12 - 2s - loss: 0.3052 - mse: 0.3052 - mae: 0.4445 - val_loss: 0.2838 - val_mse: 0.2838 - val_mae: 0.4282 - 2s/epoch - 167ms/step
Epoch 215/10000

Epoch 215: val_loss did not improve from 0.27238
12/12 - 2s - loss: 0.2847 - mse: 0.2847 - mae: 0.4296 - val_loss: 0.2740 - val_mse: 0.2740 - val_mae: 0.4229 - 2s/epoch - 168ms/step
Epoch 216/10000

Epoch 216: val_loss did not improve from 0.27238
12/12 - 2s - loss: 0.2799 - mse: 0.2799 - mae: 0.4252 - val_loss: 0.2810 - val_mse: 0.2810 - val_mae: 0.4290 - 2s/epoch - 168ms/step
Epoch 217/10000

Epoch 217: val_loss did not improve from 0.27238
12/12 - 2s - loss: 0.2825 - mse: 0.2825 - mae: 0.4284 - val_loss: 0.2760 - val_mse: 0.2760 - val_mae: 0.4236 - 2s/epoch - 169ms/step
Epoch 218/10000

Epoch 218: val_loss improved from 0.27238 to 0.27233, saving model to ./results/NN_rms_regr/ResNet/recursion_1/ckpt_1
12/12 - 3s - loss: 0.2796 - mse: 0.2796 - mae: 0.4254 - val_loss: 0.2723 - val_mse: 0.2723 - val_mae: 0.4218 - 3s/epoch - 241ms/step
Epoch 219/10000

Epoch 219: val_loss did not improve from 0.27233
12/12 - 2s - loss: 0.2812 - mse: 0.2812 - mae: 0.4266 - val_loss: 0.2750 - val_mse: 0.2750 - val_mae: 0.4251 - 2s/epoch - 169ms/step
Epoch 220/10000

Epoch 220: val_loss did not improve from 0.27233
12/12 - 2s - loss: 0.2796 - mse: 0.2796 - mae: 0.4256 - val_loss: 0.2728 - val_mse: 0.2728 - val_mae: 0.4228 - 2s/epoch - 168ms/step
Epoch 221/10000

Epoch 221: val_loss did not improve from 0.27233
12/12 - 2s - loss: 0.2772 - mse: 0.2772 - mae: 0.4236 - val_loss: 0.2746 - val_mse: 0.2746 - val_mae: 0.4248 - 2s/epoch - 168ms/step
Epoch 222/10000

Epoch 222: val_loss did not improve from 0.27233
12/12 - 2s - loss: 0.2784 - mse: 0.2784 - mae: 0.4244 - val_loss: 0.2854 - val_mse: 0.2854 - val_mae: 0.4302 - 2s/epoch - 168ms/step
Epoch 223/10000

Epoch 223: val_loss did not improve from 0.27233
12/12 - 2s - loss: 0.2832 - mse: 0.2832 - mae: 0.4278 - val_loss: 0.3101 - val_mse: 0.3101 - val_mae: 0.4520 - 2s/epoch - 168ms/step
Epoch 224/10000

Epoch 224: val_loss did not improve from 0.27233
12/12 - 2s - loss: 0.2880 - mse: 0.2880 - mae: 0.4314 - val_loss: 0.2797 - val_mse: 0.2797 - val_mae: 0.4293 - 2s/epoch - 168ms/step
Epoch 225/10000

Epoch 225: val_loss did not improve from 0.27233
12/12 - 2s - loss: 0.2826 - mse: 0.2826 - mae: 0.4278 - val_loss: 0.2814 - val_mse: 0.2814 - val_mae: 0.4283 - 2s/epoch - 169ms/step
Epoch 226/10000

Epoch 226: val_loss did not improve from 0.27233
12/12 - 2s - loss: 0.2777 - mse: 0.2777 - mae: 0.4243 - val_loss: 0.2971 - val_mse: 0.2971 - val_mae: 0.4377 - 2s/epoch - 168ms/step
Epoch 227/10000

Epoch 227: val_loss did not improve from 0.27233
12/12 - 2s - loss: 0.2878 - mse: 0.2878 - mae: 0.4309 - val_loss: 0.2969 - val_mse: 0.2969 - val_mae: 0.4423 - 2s/epoch - 167ms/step
Epoch 228/10000

Epoch 228: val_loss did not improve from 0.27233
12/12 - 2s - loss: 0.2896 - mse: 0.2896 - mae: 0.4334 - val_loss: 0.2749 - val_mse: 0.2749 - val_mae: 0.4245 - 2s/epoch - 168ms/step
Epoch 229/10000

Epoch 229: val_loss did not improve from 0.27233
12/12 - 2s - loss: 0.2905 - mse: 0.2905 - mae: 0.4327 - val_loss: 0.2784 - val_mse: 0.2784 - val_mae: 0.4248 - 2s/epoch - 167ms/step
Epoch 230/10000

Epoch 230: val_loss did not improve from 0.27233
12/12 - 2s - loss: 0.2837 - mse: 0.2837 - mae: 0.4288 - val_loss: 0.2795 - val_mse: 0.2795 - val_mae: 0.4261 - 2s/epoch - 168ms/step
Epoch 231/10000

Epoch 231: val_loss did not improve from 0.27233
12/12 - 2s - loss: 0.2821 - mse: 0.2821 - mae: 0.4266 - val_loss: 0.2857 - val_mse: 0.2857 - val_mae: 0.4328 - 2s/epoch - 168ms/step
Epoch 232/10000

Epoch 232: val_loss did not improve from 0.27233
12/12 - 2s - loss: 0.2807 - mse: 0.2807 - mae: 0.4264 - val_loss: 0.2827 - val_mse: 0.2827 - val_mae: 0.4315 - 2s/epoch - 168ms/step
Epoch 233/10000

Epoch 233: val_loss did not improve from 0.27233
12/12 - 2s - loss: 0.2784 - mse: 0.2784 - mae: 0.4244 - val_loss: 0.2833 - val_mse: 0.2833 - val_mae: 0.4284 - 2s/epoch - 171ms/step
Epoch 234/10000

Epoch 234: val_loss did not improve from 0.27233
12/12 - 2s - loss: 0.2841 - mse: 0.2841 - mae: 0.4290 - val_loss: 0.2787 - val_mse: 0.2787 - val_mae: 0.4279 - 2s/epoch - 168ms/step
Epoch 235/10000

Epoch 235: val_loss did not improve from 0.27233
12/12 - 2s - loss: 0.2802 - mse: 0.2802 - mae: 0.4259 - val_loss: 0.2767 - val_mse: 0.2767 - val_mae: 0.4265 - 2s/epoch - 168ms/step
Epoch 236/10000

Epoch 236: val_loss did not improve from 0.27233
12/12 - 2s - loss: 0.2822 - mse: 0.2822 - mae: 0.4269 - val_loss: 0.2741 - val_mse: 0.2741 - val_mae: 0.4226 - 2s/epoch - 168ms/step
Epoch 237/10000

Epoch 237: val_loss did not improve from 0.27233
12/12 - 2s - loss: 0.2767 - mse: 0.2767 - mae: 0.4233 - val_loss: 0.2741 - val_mse: 0.2741 - val_mae: 0.4223 - 2s/epoch - 168ms/step
Epoch 238/10000

Epoch 238: val_loss did not improve from 0.27233
12/12 - 2s - loss: 0.2785 - mse: 0.2785 - mae: 0.4246 - val_loss: 0.2776 - val_mse: 0.2776 - val_mae: 0.4245 - 2s/epoch - 167ms/step
Epoch 239/10000

Epoch 239: val_loss did not improve from 0.27233
12/12 - 2s - loss: 0.2803 - mse: 0.2803 - mae: 0.4255 - val_loss: 0.3027 - val_mse: 0.3027 - val_mae: 0.4461 - 2s/epoch - 168ms/step
Epoch 240/10000

Epoch 240: val_loss did not improve from 0.27233
12/12 - 2s - loss: 0.2876 - mse: 0.2876 - mae: 0.4313 - val_loss: 0.2807 - val_mse: 0.2807 - val_mae: 0.4296 - 2s/epoch - 168ms/step
Epoch 241/10000

Epoch 241: val_loss did not improve from 0.27233
12/12 - 2s - loss: 0.2796 - mse: 0.2796 - mae: 0.4259 - val_loss: 0.2939 - val_mse: 0.2939 - val_mae: 0.4390 - 2s/epoch - 168ms/step
Epoch 242/10000

Epoch 242: val_loss did not improve from 0.27233
12/12 - 2s - loss: 0.2817 - mse: 0.2817 - mae: 0.4268 - val_loss: 0.3002 - val_mse: 0.3002 - val_mae: 0.4442 - 2s/epoch - 168ms/step
Epoch 243/10000

Epoch 243: val_loss did not improve from 0.27233
12/12 - 2s - loss: 0.2935 - mse: 0.2935 - mae: 0.4358 - val_loss: 0.2959 - val_mse: 0.2959 - val_mae: 0.4361 - 2s/epoch - 168ms/step
Epoch 244/10000

Epoch 244: val_loss did not improve from 0.27233
12/12 - 2s - loss: 0.2912 - mse: 0.2912 - mae: 0.4344 - val_loss: 0.2850 - val_mse: 0.2850 - val_mae: 0.4322 - 2s/epoch - 168ms/step
Epoch 245/10000

Epoch 245: val_loss did not improve from 0.27233
12/12 - 2s - loss: 0.2876 - mse: 0.2876 - mae: 0.4302 - val_loss: 0.2727 - val_mse: 0.2727 - val_mae: 0.4226 - 2s/epoch - 169ms/step
Epoch 246/10000

Epoch 246: val_loss did not improve from 0.27233
12/12 - 2s - loss: 0.2768 - mse: 0.2768 - mae: 0.4231 - val_loss: 0.3023 - val_mse: 0.3023 - val_mae: 0.4404 - 2s/epoch - 168ms/step
Epoch 247/10000

Epoch 247: val_loss did not improve from 0.27233
12/12 - 2s - loss: 0.2824 - mse: 0.2824 - mae: 0.4272 - val_loss: 0.2954 - val_mse: 0.2954 - val_mae: 0.4413 - 2s/epoch - 168ms/step
Epoch 248/10000

Epoch 248: val_loss did not improve from 0.27233
12/12 - 2s - loss: 0.2862 - mse: 0.2862 - mae: 0.4306 - val_loss: 0.2735 - val_mse: 0.2735 - val_mae: 0.4222 - 2s/epoch - 168ms/step
Epoch 249/10000

Epoch 249: val_loss did not improve from 0.27233
12/12 - 2s - loss: 0.2825 - mse: 0.2825 - mae: 0.4275 - val_loss: 0.3062 - val_mse: 0.3062 - val_mae: 0.4437 - 2s/epoch - 168ms/step
Epoch 250/10000

Epoch 250: val_loss did not improve from 0.27233
12/12 - 2s - loss: 0.2964 - mse: 0.2964 - mae: 0.4371 - val_loss: 0.2826 - val_mse: 0.2826 - val_mae: 0.4315 - 2s/epoch - 168ms/step
Epoch 251/10000

Epoch 251: val_loss did not improve from 0.27233
12/12 - 2s - loss: 0.2801 - mse: 0.2801 - mae: 0.4253 - val_loss: 0.2754 - val_mse: 0.2754 - val_mae: 0.4240 - 2s/epoch - 172ms/step
Epoch 252/10000

Epoch 252: val_loss did not improve from 0.27233
12/12 - 2s - loss: 0.2786 - mse: 0.2786 - mae: 0.4246 - val_loss: 0.2957 - val_mse: 0.2957 - val_mae: 0.4417 - 2s/epoch - 168ms/step
Epoch 253/10000

Epoch 253: val_loss did not improve from 0.27233
12/12 - 2s - loss: 0.2821 - mse: 0.2821 - mae: 0.4282 - val_loss: 0.2728 - val_mse: 0.2728 - val_mae: 0.4229 - 2s/epoch - 168ms/step
Epoch 254/10000

Epoch 254: val_loss did not improve from 0.27233
12/12 - 2s - loss: 0.2822 - mse: 0.2822 - mae: 0.4273 - val_loss: 0.3120 - val_mse: 0.3120 - val_mae: 0.4473 - 2s/epoch - 169ms/step
Epoch 255/10000

Epoch 255: val_loss did not improve from 0.27233
12/12 - 2s - loss: 0.2990 - mse: 0.2990 - mae: 0.4399 - val_loss: 0.2911 - val_mse: 0.2911 - val_mae: 0.4380 - 2s/epoch - 168ms/step
Epoch 256/10000

Epoch 256: val_loss did not improve from 0.27233
12/12 - 2s - loss: 0.2829 - mse: 0.2829 - mae: 0.4281 - val_loss: 0.2893 - val_mse: 0.2893 - val_mae: 0.4326 - 2s/epoch - 167ms/step
Epoch 257/10000

Epoch 257: val_loss did not improve from 0.27233
12/12 - 2s - loss: 0.2864 - mse: 0.2864 - mae: 0.4308 - val_loss: 0.2849 - val_mse: 0.2849 - val_mae: 0.4293 - 2s/epoch - 168ms/step
Epoch 258/10000

Epoch 258: val_loss did not improve from 0.27233
12/12 - 2s - loss: 0.2860 - mse: 0.2860 - mae: 0.4300 - val_loss: 0.2878 - val_mse: 0.2878 - val_mae: 0.4352 - 2s/epoch - 168ms/step
Epoch 259/10000

Epoch 259: val_loss did not improve from 0.27233
12/12 - 2s - loss: 0.2775 - mse: 0.2775 - mae: 0.4236 - val_loss: 0.2728 - val_mse: 0.2728 - val_mae: 0.4228 - 2s/epoch - 169ms/step
Epoch 260/10000

Epoch 260: val_loss did not improve from 0.27233
12/12 - 2s - loss: 0.2778 - mse: 0.2778 - mae: 0.4239 - val_loss: 0.2728 - val_mse: 0.2728 - val_mae: 0.4224 - 2s/epoch - 168ms/step
Epoch 261/10000

Epoch 261: val_loss did not improve from 0.27233
12/12 - 2s - loss: 0.2829 - mse: 0.2829 - mae: 0.4276 - val_loss: 0.2736 - val_mse: 0.2736 - val_mae: 0.4234 - 2s/epoch - 168ms/step
Epoch 262/10000

Epoch 262: val_loss did not improve from 0.27233
12/12 - 2s - loss: 0.2819 - mse: 0.2819 - mae: 0.4269 - val_loss: 0.2931 - val_mse: 0.2931 - val_mae: 0.4348 - 2s/epoch - 168ms/step
Epoch 263/10000

Epoch 263: val_loss did not improve from 0.27233
12/12 - 2s - loss: 0.2943 - mse: 0.2943 - mae: 0.4357 - val_loss: 0.2787 - val_mse: 0.2787 - val_mae: 0.4262 - 2s/epoch - 168ms/step
Epoch 264/10000

Epoch 264: val_loss did not improve from 0.27233
12/12 - 2s - loss: 0.2804 - mse: 0.2804 - mae: 0.4258 - val_loss: 0.2779 - val_mse: 0.2779 - val_mae: 0.4278 - 2s/epoch - 168ms/step
Epoch 265/10000

Epoch 265: val_loss did not improve from 0.27233
12/12 - 2s - loss: 0.2774 - mse: 0.2774 - mae: 0.4239 - val_loss: 0.2725 - val_mse: 0.2725 - val_mae: 0.4225 - 2s/epoch - 168ms/step
Epoch 266/10000

Epoch 266: val_loss did not improve from 0.27233
12/12 - 2s - loss: 0.2765 - mse: 0.2765 - mae: 0.4232 - val_loss: 0.2732 - val_mse: 0.2732 - val_mae: 0.4225 - 2s/epoch - 168ms/step
Epoch 267/10000

Epoch 267: val_loss did not improve from 0.27233
12/12 - 2s - loss: 0.2794 - mse: 0.2794 - mae: 0.4253 - val_loss: 0.2769 - val_mse: 0.2769 - val_mae: 0.4262 - 2s/epoch - 168ms/step
Epoch 268/10000

Epoch 268: val_loss did not improve from 0.27233
12/12 - 2s - loss: 0.2778 - mse: 0.2778 - mae: 0.4243 - val_loss: 0.2725 - val_mse: 0.2725 - val_mae: 0.4217 - 2s/epoch - 168ms/step
Epoch 268: early stopping
