Model: "sequential_15"
_________________________________________________________________
Layer (type)                 Output Shape              Param #   
=================================================================
zero_padding3d_5 (ZeroPaddin (None, 8, 8, 4, 1)        0         
_________________________________________________________________
conv3d_35 (Conv3D)           (None, 8, 8, 4, 8)        224       
_________________________________________________________________
max_pooling3d_10 (MaxPooling (None, 4, 4, 2, 8)        0         
_________________________________________________________________
conv3d_36 (Conv3D)           (None, 4, 4, 2, 4)        868       
_________________________________________________________________
max_pooling3d_11 (MaxPooling (None, 2, 2, 1, 4)        0         
_________________________________________________________________
conv3d_37 (Conv3D)           (None, 2, 2, 1, 4)        436       
_________________________________________________________________
conv3d_38 (Conv3D)           (None, 2, 2, 1, 4)        436       
_________________________________________________________________
up_sampling3d_10 (UpSampling (None, 4, 4, 2, 4)        0         
_________________________________________________________________
conv3d_39 (Conv3D)           (None, 4, 4, 2, 4)        436       
_________________________________________________________________
up_sampling3d_11 (UpSampling (None, 8, 8, 4, 4)        0         
_________________________________________________________________
conv3d_40 (Conv3D)           (None, 8, 8, 4, 8)        872       
_________________________________________________________________
conv3d_41 (Conv3D)           (None, 8, 8, 4, 1)        145       
_________________________________________________________________
cropping3d_5 (Cropping3D)    (None, 7, 7, 4, 1)        0         
=================================================================
Total params: 3,417
Trainable params: 3,417
Non-trainable params: 0
_________________________________________________________________
Epoch 1/1000
14/14 - 4s - loss: 0.0327 - val_loss: 0.1508

Epoch 00001: val_loss improved from inf to 0.15079, saving model to ./CAE_models/thk_theta/ckpt
Epoch 2/1000
14/14 - 3s - loss: 0.0293 - val_loss: 0.1766

Epoch 00002: val_loss did not improve from 0.15079
Epoch 3/1000
14/14 - 3s - loss: 0.0259 - val_loss: 0.2063

Epoch 00003: val_loss did not improve from 0.15079
Epoch 4/1000
14/14 - 3s - loss: 0.0231 - val_loss: 0.1909

Epoch 00004: val_loss did not improve from 0.15079
Epoch 5/1000
14/14 - 3s - loss: 0.0176 - val_loss: 0.1785

Epoch 00005: val_loss did not improve from 0.15079
Epoch 6/1000
14/14 - 3s - loss: 0.0128 - val_loss: 0.1545

Epoch 00006: val_loss did not improve from 0.15079
Epoch 7/1000
14/14 - 3s - loss: 0.0115 - val_loss: 0.1484

Epoch 00007: val_loss improved from 0.15079 to 0.14837, saving model to ./CAE_models/thk_theta/ckpt
Epoch 8/1000
14/14 - 3s - loss: 0.0108 - val_loss: 0.1473

Epoch 00008: val_loss improved from 0.14837 to 0.14731, saving model to ./CAE_models/thk_theta/ckpt
Epoch 9/1000
14/14 - 3s - loss: 0.0100 - val_loss: 0.1444

Epoch 00009: val_loss improved from 0.14731 to 0.14441, saving model to ./CAE_models/thk_theta/ckpt
Epoch 10/1000
14/14 - 3s - loss: 0.0093 - val_loss: 0.1408

Epoch 00010: val_loss improved from 0.14441 to 0.14081, saving model to ./CAE_models/thk_theta/ckpt
Epoch 11/1000
14/14 - 3s - loss: 0.0087 - val_loss: 0.1381

Epoch 00011: val_loss improved from 0.14081 to 0.13807, saving model to ./CAE_models/thk_theta/ckpt
Epoch 12/1000
14/14 - 3s - loss: 0.0081 - val_loss: 0.1358

Epoch 00012: val_loss improved from 0.13807 to 0.13584, saving model to ./CAE_models/thk_theta/ckpt
Epoch 13/1000
14/14 - 3s - loss: 0.0075 - val_loss: 0.1341

Epoch 00013: val_loss improved from 0.13584 to 0.13408, saving model to ./CAE_models/thk_theta/ckpt
Epoch 14/1000
14/14 - 3s - loss: 0.0067 - val_loss: 0.1329

Epoch 00014: val_loss improved from 0.13408 to 0.13294, saving model to ./CAE_models/thk_theta/ckpt
Epoch 15/1000
14/14 - 3s - loss: 0.0057 - val_loss: 0.1319

Epoch 00015: val_loss improved from 0.13294 to 0.13189, saving model to ./CAE_models/thk_theta/ckpt
Epoch 16/1000
14/14 - 3s - loss: 0.0049 - val_loss: 0.1318

Epoch 00016: val_loss improved from 0.13189 to 0.13185, saving model to ./CAE_models/thk_theta/ckpt
Epoch 17/1000
14/14 - 3s - loss: 0.0045 - val_loss: 0.1314

Epoch 00017: val_loss improved from 0.13185 to 0.13144, saving model to ./CAE_models/thk_theta/ckpt
Epoch 18/1000
14/14 - 3s - loss: 0.0042 - val_loss: 0.1316

Epoch 00018: val_loss did not improve from 0.13144
Epoch 19/1000
14/14 - 3s - loss: 0.0039 - val_loss: 0.1310

Epoch 00019: val_loss improved from 0.13144 to 0.13100, saving model to ./CAE_models/thk_theta/ckpt
Epoch 20/1000
14/14 - 3s - loss: 0.0038 - val_loss: 0.1299

Epoch 00020: val_loss improved from 0.13100 to 0.12989, saving model to ./CAE_models/thk_theta/ckpt
Epoch 21/1000
14/14 - 3s - loss: 0.0036 - val_loss: 0.1291

Epoch 00021: val_loss improved from 0.12989 to 0.12909, saving model to ./CAE_models/thk_theta/ckpt
Epoch 22/1000
14/14 - 3s - loss: 0.0035 - val_loss: 0.1285

Epoch 00022: val_loss improved from 0.12909 to 0.12853, saving model to ./CAE_models/thk_theta/ckpt
Epoch 23/1000
14/14 - 3s - loss: 0.0033 - val_loss: 0.1279

Epoch 00023: val_loss improved from 0.12853 to 0.12787, saving model to ./CAE_models/thk_theta/ckpt
Epoch 24/1000
14/14 - 3s - loss: 0.0032 - val_loss: 0.1263

Epoch 00024: val_loss improved from 0.12787 to 0.12625, saving model to ./CAE_models/thk_theta/ckpt
Epoch 25/1000
14/14 - 3s - loss: 0.0030 - val_loss: 0.1243

Epoch 00025: val_loss improved from 0.12625 to 0.12426, saving model to ./CAE_models/thk_theta/ckpt
Epoch 26/1000
14/14 - 3s - loss: 0.0028 - val_loss: 0.1205

Epoch 00026: val_loss improved from 0.12426 to 0.12055, saving model to ./CAE_models/thk_theta/ckpt
Epoch 27/1000
14/14 - 3s - loss: 0.0026 - val_loss: 0.1180

Epoch 00027: val_loss improved from 0.12055 to 0.11802, saving model to ./CAE_models/thk_theta/ckpt
Epoch 28/1000
14/14 - 3s - loss: 0.0024 - val_loss: 0.1130

Epoch 00028: val_loss improved from 0.11802 to 0.11304, saving model to ./CAE_models/thk_theta/ckpt
Epoch 29/1000
14/14 - 3s - loss: 0.0021 - val_loss: 0.1075

Epoch 00029: val_loss improved from 0.11304 to 0.10749, saving model to ./CAE_models/thk_theta/ckpt
Epoch 30/1000
14/14 - 3s - loss: 0.0020 - val_loss: 0.1046

Epoch 00030: val_loss improved from 0.10749 to 0.10463, saving model to ./CAE_models/thk_theta/ckpt
Epoch 31/1000
14/14 - 3s - loss: 0.0018 - val_loss: 0.1000

Epoch 00031: val_loss improved from 0.10463 to 0.10001, saving model to ./CAE_models/thk_theta/ckpt
Epoch 32/1000
14/14 - 3s - loss: 0.0017 - val_loss: 0.0969

Epoch 00032: val_loss improved from 0.10001 to 0.09685, saving model to ./CAE_models/thk_theta/ckpt
Epoch 33/1000
14/14 - 3s - loss: 0.0017 - val_loss: 0.0941

Epoch 00033: val_loss improved from 0.09685 to 0.09411, saving model to ./CAE_models/thk_theta/ckpt
Epoch 34/1000
14/14 - 3s - loss: 0.0016 - val_loss: 0.0914

Epoch 00034: val_loss improved from 0.09411 to 0.09142, saving model to ./CAE_models/thk_theta/ckpt
Epoch 35/1000
14/14 - 3s - loss: 0.0016 - val_loss: 0.0902

Epoch 00035: val_loss improved from 0.09142 to 0.09019, saving model to ./CAE_models/thk_theta/ckpt
Epoch 36/1000
14/14 - 3s - loss: 0.0015 - val_loss: 0.0887

Epoch 00036: val_loss improved from 0.09019 to 0.08874, saving model to ./CAE_models/thk_theta/ckpt
Epoch 37/1000
14/14 - 3s - loss: 0.0015 - val_loss: 0.0866

Epoch 00037: val_loss improved from 0.08874 to 0.08655, saving model to ./CAE_models/thk_theta/ckpt
Epoch 38/1000
14/14 - 3s - loss: 0.0015 - val_loss: 0.0856

Epoch 00038: val_loss improved from 0.08655 to 0.08559, saving model to ./CAE_models/thk_theta/ckpt
Epoch 39/1000
14/14 - 3s - loss: 0.0014 - val_loss: 0.0837

Epoch 00039: val_loss improved from 0.08559 to 0.08366, saving model to ./CAE_models/thk_theta/ckpt
Epoch 40/1000
14/14 - 3s - loss: 0.0013 - val_loss: 0.0824

Epoch 00040: val_loss improved from 0.08366 to 0.08237, saving model to ./CAE_models/thk_theta/ckpt
Epoch 41/1000
14/14 - 3s - loss: 0.0013 - val_loss: 0.0810

Epoch 00041: val_loss improved from 0.08237 to 0.08101, saving model to ./CAE_models/thk_theta/ckpt
Epoch 42/1000
14/14 - 3s - loss: 0.0013 - val_loss: 0.0798

Epoch 00042: val_loss improved from 0.08101 to 0.07983, saving model to ./CAE_models/thk_theta/ckpt
Epoch 43/1000
14/14 - 3s - loss: 0.0013 - val_loss: 0.0786

Epoch 00043: val_loss improved from 0.07983 to 0.07864, saving model to ./CAE_models/thk_theta/ckpt
Epoch 44/1000
14/14 - 3s - loss: 0.0013 - val_loss: 0.0784

Epoch 00044: val_loss improved from 0.07864 to 0.07841, saving model to ./CAE_models/thk_theta/ckpt
Epoch 45/1000
14/14 - 3s - loss: 0.0012 - val_loss: 0.0775

Epoch 00045: val_loss improved from 0.07841 to 0.07752, saving model to ./CAE_models/thk_theta/ckpt
Epoch 46/1000
14/14 - 3s - loss: 0.0012 - val_loss: 0.0762

Epoch 00046: val_loss improved from 0.07752 to 0.07620, saving model to ./CAE_models/thk_theta/ckpt
Epoch 47/1000
14/14 - 3s - loss: 0.0012 - val_loss: 0.0756

Epoch 00047: val_loss improved from 0.07620 to 0.07559, saving model to ./CAE_models/thk_theta/ckpt
Epoch 48/1000
14/14 - 3s - loss: 0.0011 - val_loss: 0.0744

Epoch 00048: val_loss improved from 0.07559 to 0.07443, saving model to ./CAE_models/thk_theta/ckpt
Epoch 49/1000
14/14 - 3s - loss: 0.0011 - val_loss: 0.0735

Epoch 00049: val_loss improved from 0.07443 to 0.07352, saving model to ./CAE_models/thk_theta/ckpt
Epoch 50/1000
14/14 - 3s - loss: 0.0011 - val_loss: 0.0730

Epoch 00050: val_loss improved from 0.07352 to 0.07298, saving model to ./CAE_models/thk_theta/ckpt
Epoch 51/1000
14/14 - 3s - loss: 0.0011 - val_loss: 0.0728

Epoch 00051: val_loss improved from 0.07298 to 0.07276, saving model to ./CAE_models/thk_theta/ckpt
Epoch 52/1000
14/14 - 3s - loss: 0.0011 - val_loss: 0.0719

Epoch 00052: val_loss improved from 0.07276 to 0.07190, saving model to ./CAE_models/thk_theta/ckpt
Epoch 53/1000
14/14 - 3s - loss: 0.0011 - val_loss: 0.0714

Epoch 00053: val_loss improved from 0.07190 to 0.07141, saving model to ./CAE_models/thk_theta/ckpt
Epoch 54/1000
14/14 - 3s - loss: 0.0011 - val_loss: 0.0712

Epoch 00054: val_loss improved from 0.07141 to 0.07122, saving model to ./CAE_models/thk_theta/ckpt
Epoch 55/1000
14/14 - 3s - loss: 0.0011 - val_loss: 0.0705

Epoch 00055: val_loss improved from 0.07122 to 0.07052, saving model to ./CAE_models/thk_theta/ckpt
Epoch 56/1000
14/14 - 3s - loss: 0.0010 - val_loss: 0.0700

Epoch 00056: val_loss improved from 0.07052 to 0.06995, saving model to ./CAE_models/thk_theta/ckpt
Epoch 57/1000
14/14 - 3s - loss: 0.0011 - val_loss: 0.0697

Epoch 00057: val_loss improved from 0.06995 to 0.06971, saving model to ./CAE_models/thk_theta/ckpt
Epoch 58/1000
14/14 - 3s - loss: 0.0010 - val_loss: 0.0691

Epoch 00058: val_loss improved from 0.06971 to 0.06915, saving model to ./CAE_models/thk_theta/ckpt
Epoch 59/1000
14/14 - 3s - loss: 9.9977e-04 - val_loss: 0.0685

Epoch 00059: val_loss improved from 0.06915 to 0.06851, saving model to ./CAE_models/thk_theta/ckpt
Epoch 60/1000
14/14 - 3s - loss: 9.8310e-04 - val_loss: 0.0682

Epoch 00060: val_loss improved from 0.06851 to 0.06824, saving model to ./CAE_models/thk_theta/ckpt
Epoch 61/1000
14/14 - 3s - loss: 9.9178e-04 - val_loss: 0.0674

Epoch 00061: val_loss improved from 0.06824 to 0.06744, saving model to ./CAE_models/thk_theta/ckpt
Epoch 62/1000
14/14 - 3s - loss: 0.0010 - val_loss: 0.0675

Epoch 00062: val_loss did not improve from 0.06744
Epoch 63/1000
14/14 - 3s - loss: 9.7334e-04 - val_loss: 0.0669

Epoch 00063: val_loss improved from 0.06744 to 0.06694, saving model to ./CAE_models/thk_theta/ckpt
Epoch 64/1000
14/14 - 3s - loss: 9.5373e-04 - val_loss: 0.0665

Epoch 00064: val_loss improved from 0.06694 to 0.06651, saving model to ./CAE_models/thk_theta/ckpt
Epoch 65/1000
14/14 - 3s - loss: 9.7987e-04 - val_loss: 0.0664

Epoch 00065: val_loss improved from 0.06651 to 0.06640, saving model to ./CAE_models/thk_theta/ckpt
Epoch 66/1000
14/14 - 3s - loss: 9.3290e-04 - val_loss: 0.0659

Epoch 00066: val_loss improved from 0.06640 to 0.06589, saving model to ./CAE_models/thk_theta/ckpt
Epoch 67/1000
14/14 - 3s - loss: 9.2932e-04 - val_loss: 0.0657

Epoch 00067: val_loss improved from 0.06589 to 0.06567, saving model to ./CAE_models/thk_theta/ckpt
Epoch 68/1000
14/14 - 3s - loss: 9.2814e-04 - val_loss: 0.0655

Epoch 00068: val_loss improved from 0.06567 to 0.06547, saving model to ./CAE_models/thk_theta/ckpt
Epoch 69/1000
14/14 - 3s - loss: 9.0797e-04 - val_loss: 0.0654

Epoch 00069: val_loss improved from 0.06547 to 0.06537, saving model to ./CAE_models/thk_theta/ckpt
Epoch 70/1000
14/14 - 3s - loss: 9.0896e-04 - val_loss: 0.0648

Epoch 00070: val_loss improved from 0.06537 to 0.06482, saving model to ./CAE_models/thk_theta/ckpt
Epoch 71/1000
14/14 - 3s - loss: 9.1245e-04 - val_loss: 0.0645

Epoch 00071: val_loss improved from 0.06482 to 0.06453, saving model to ./CAE_models/thk_theta/ckpt
Epoch 72/1000
14/14 - 3s - loss: 8.8621e-04 - val_loss: 0.0643

Epoch 00072: val_loss improved from 0.06453 to 0.06432, saving model to ./CAE_models/thk_theta/ckpt
Epoch 73/1000
14/14 - 3s - loss: 8.8557e-04 - val_loss: 0.0641

Epoch 00073: val_loss improved from 0.06432 to 0.06407, saving model to ./CAE_models/thk_theta/ckpt
Epoch 74/1000
14/14 - 3s - loss: 8.7796e-04 - val_loss: 0.0640

Epoch 00074: val_loss improved from 0.06407 to 0.06398, saving model to ./CAE_models/thk_theta/ckpt
Epoch 75/1000
14/14 - 3s - loss: 8.7187e-04 - val_loss: 0.0639

Epoch 00075: val_loss improved from 0.06398 to 0.06386, saving model to ./CAE_models/thk_theta/ckpt
Epoch 76/1000
14/14 - 3s - loss: 8.8935e-04 - val_loss: 0.0636

Epoch 00076: val_loss improved from 0.06386 to 0.06358, saving model to ./CAE_models/thk_theta/ckpt
Epoch 77/1000
14/14 - 3s - loss: 8.6288e-04 - val_loss: 0.0631

Epoch 00077: val_loss improved from 0.06358 to 0.06314, saving model to ./CAE_models/thk_theta/ckpt
Epoch 78/1000
14/14 - 3s - loss: 8.7127e-04 - val_loss: 0.0636

Epoch 00078: val_loss did not improve from 0.06314
Epoch 79/1000
14/14 - 3s - loss: 8.7940e-04 - val_loss: 0.0631

Epoch 00079: val_loss improved from 0.06314 to 0.06306, saving model to ./CAE_models/thk_theta/ckpt
Epoch 80/1000
14/14 - 3s - loss: 8.4161e-04 - val_loss: 0.0628

Epoch 00080: val_loss improved from 0.06306 to 0.06280, saving model to ./CAE_models/thk_theta/ckpt
Epoch 81/1000
14/14 - 3s - loss: 8.9523e-04 - val_loss: 0.0623

Epoch 00081: val_loss improved from 0.06280 to 0.06232, saving model to ./CAE_models/thk_theta/ckpt
Epoch 82/1000
14/14 - 3s - loss: 8.7249e-04 - val_loss: 0.0625

Epoch 00082: val_loss did not improve from 0.06232
Epoch 83/1000
14/14 - 3s - loss: 8.4331e-04 - val_loss: 0.0625

Epoch 00083: val_loss did not improve from 0.06232
Epoch 84/1000
14/14 - 3s - loss: 8.2399e-04 - val_loss: 0.0620

Epoch 00084: val_loss improved from 0.06232 to 0.06196, saving model to ./CAE_models/thk_theta/ckpt
Epoch 85/1000
14/14 - 3s - loss: 8.2584e-04 - val_loss: 0.0619

Epoch 00085: val_loss improved from 0.06196 to 0.06191, saving model to ./CAE_models/thk_theta/ckpt
Epoch 86/1000
14/14 - 3s - loss: 8.1573e-04 - val_loss: 0.0617

Epoch 00086: val_loss improved from 0.06191 to 0.06172, saving model to ./CAE_models/thk_theta/ckpt
Epoch 87/1000
14/14 - 3s - loss: 8.1577e-04 - val_loss: 0.0615

Epoch 00087: val_loss improved from 0.06172 to 0.06151, saving model to ./CAE_models/thk_theta/ckpt
Epoch 88/1000
14/14 - 3s - loss: 8.1254e-04 - val_loss: 0.0612

Epoch 00088: val_loss improved from 0.06151 to 0.06119, saving model to ./CAE_models/thk_theta/ckpt
Epoch 89/1000
14/14 - 3s - loss: 8.0691e-04 - val_loss: 0.0611

Epoch 00089: val_loss improved from 0.06119 to 0.06106, saving model to ./CAE_models/thk_theta/ckpt
Epoch 90/1000
14/14 - 3s - loss: 8.2925e-04 - val_loss: 0.0607

Epoch 00090: val_loss improved from 0.06106 to 0.06072, saving model to ./CAE_models/thk_theta/ckpt
Epoch 91/1000
14/14 - 3s - loss: 8.2342e-04 - val_loss: 0.0609

Epoch 00091: val_loss did not improve from 0.06072
Epoch 92/1000
14/14 - 3s - loss: 7.9749e-04 - val_loss: 0.0607

Epoch 00092: val_loss did not improve from 0.06072
Epoch 93/1000
14/14 - 3s - loss: 8.1709e-04 - val_loss: 0.0606

Epoch 00093: val_loss improved from 0.06072 to 0.06062, saving model to ./CAE_models/thk_theta/ckpt
Epoch 94/1000
14/14 - 3s - loss: 8.1474e-04 - val_loss: 0.0606

Epoch 00094: val_loss improved from 0.06062 to 0.06057, saving model to ./CAE_models/thk_theta/ckpt
Epoch 95/1000
14/14 - 3s - loss: 7.9357e-04 - val_loss: 0.0604

Epoch 00095: val_loss improved from 0.06057 to 0.06041, saving model to ./CAE_models/thk_theta/ckpt
Epoch 96/1000
14/14 - 3s - loss: 7.8209e-04 - val_loss: 0.0602

Epoch 00096: val_loss improved from 0.06041 to 0.06018, saving model to ./CAE_models/thk_theta/ckpt
Epoch 97/1000
14/14 - 3s - loss: 8.0005e-04 - val_loss: 0.0602

Epoch 00097: val_loss did not improve from 0.06018
Epoch 98/1000
14/14 - 3s - loss: 7.7569e-04 - val_loss: 0.0600

Epoch 00098: val_loss improved from 0.06018 to 0.05999, saving model to ./CAE_models/thk_theta/ckpt
Epoch 99/1000
14/14 - 3s - loss: 7.8799e-04 - val_loss: 0.0595

Epoch 00099: val_loss improved from 0.05999 to 0.05951, saving model to ./CAE_models/thk_theta/ckpt
Epoch 100/1000
14/14 - 3s - loss: 8.0266e-04 - val_loss: 0.0597

Epoch 00100: val_loss did not improve from 0.05951
Epoch 101/1000
14/14 - 3s - loss: 7.7294e-04 - val_loss: 0.0595

Epoch 00101: val_loss did not improve from 0.05951
Epoch 102/1000
14/14 - 3s - loss: 7.6923e-04 - val_loss: 0.0594

Epoch 00102: val_loss improved from 0.05951 to 0.05941, saving model to ./CAE_models/thk_theta/ckpt
Epoch 103/1000
14/14 - 3s - loss: 7.9276e-04 - val_loss: 0.0596

Epoch 00103: val_loss did not improve from 0.05941
Epoch 104/1000
14/14 - 3s - loss: 7.7449e-04 - val_loss: 0.0593

Epoch 00104: val_loss improved from 0.05941 to 0.05926, saving model to ./CAE_models/thk_theta/ckpt
Epoch 105/1000
14/14 - 3s - loss: 7.7572e-04 - val_loss: 0.0593

Epoch 00105: val_loss did not improve from 0.05926
Epoch 106/1000
14/14 - 3s - loss: 7.9204e-04 - val_loss: 0.0592

Epoch 00106: val_loss improved from 0.05926 to 0.05921, saving model to ./CAE_models/thk_theta/ckpt
Epoch 107/1000
14/14 - 3s - loss: 7.7343e-04 - val_loss: 0.0588

Epoch 00107: val_loss improved from 0.05921 to 0.05885, saving model to ./CAE_models/thk_theta/ckpt
Epoch 108/1000
14/14 - 3s - loss: 7.7581e-04 - val_loss: 0.0592

Epoch 00108: val_loss did not improve from 0.05885
Epoch 109/1000
14/14 - 3s - loss: 7.6200e-04 - val_loss: 0.0588

Epoch 00109: val_loss improved from 0.05885 to 0.05881, saving model to ./CAE_models/thk_theta/ckpt
Epoch 110/1000
14/14 - 3s - loss: 7.5655e-04 - val_loss: 0.0588

Epoch 00110: val_loss improved from 0.05881 to 0.05875, saving model to ./CAE_models/thk_theta/ckpt
Epoch 111/1000
14/14 - 3s - loss: 7.7071e-04 - val_loss: 0.0589

Epoch 00111: val_loss did not improve from 0.05875
Epoch 112/1000
14/14 - 3s - loss: 7.5472e-04 - val_loss: 0.0588

Epoch 00112: val_loss did not improve from 0.05875
Epoch 113/1000
14/14 - 3s - loss: 8.0938e-04 - val_loss: 0.0585

Epoch 00113: val_loss improved from 0.05875 to 0.05848, saving model to ./CAE_models/thk_theta/ckpt
Epoch 114/1000
14/14 - 3s - loss: 7.7997e-04 - val_loss: 0.0586

Epoch 00114: val_loss did not improve from 0.05848
Epoch 115/1000
14/14 - 3s - loss: 7.6393e-04 - val_loss: 0.0589

Epoch 00115: val_loss did not improve from 0.05848
Epoch 116/1000
14/14 - 3s - loss: 7.5336e-04 - val_loss: 0.0586

Epoch 00116: val_loss did not improve from 0.05848
Epoch 117/1000
14/14 - 3s - loss: 7.3870e-04 - val_loss: 0.0584

Epoch 00117: val_loss improved from 0.05848 to 0.05838, saving model to ./CAE_models/thk_theta/ckpt
Epoch 118/1000
14/14 - 3s - loss: 7.3561e-04 - val_loss: 0.0581

Epoch 00118: val_loss improved from 0.05838 to 0.05814, saving model to ./CAE_models/thk_theta/ckpt
Epoch 119/1000
14/14 - 3s - loss: 7.3570e-04 - val_loss: 0.0581

Epoch 00119: val_loss improved from 0.05814 to 0.05810, saving model to ./CAE_models/thk_theta/ckpt
Epoch 120/1000
14/14 - 3s - loss: 7.3287e-04 - val_loss: 0.0580

Epoch 00120: val_loss improved from 0.05810 to 0.05803, saving model to ./CAE_models/thk_theta/ckpt
Epoch 121/1000
14/14 - 3s - loss: 7.4052e-04 - val_loss: 0.0582

Epoch 00121: val_loss did not improve from 0.05803
Epoch 122/1000
14/14 - 3s - loss: 7.5427e-04 - val_loss: 0.0580

Epoch 00122: val_loss improved from 0.05803 to 0.05797, saving model to ./CAE_models/thk_theta/ckpt
Epoch 123/1000
14/14 - 3s - loss: 7.2766e-04 - val_loss: 0.0580

Epoch 00123: val_loss did not improve from 0.05797
Epoch 124/1000
14/14 - 3s - loss: 7.4309e-04 - val_loss: 0.0578

Epoch 00124: val_loss improved from 0.05797 to 0.05778, saving model to ./CAE_models/thk_theta/ckpt
Epoch 125/1000
14/14 - 3s - loss: 7.5014e-04 - val_loss: 0.0581

Epoch 00125: val_loss did not improve from 0.05778
Epoch 126/1000
14/14 - 3s - loss: 7.3422e-04 - val_loss: 0.0578

Epoch 00126: val_loss improved from 0.05778 to 0.05776, saving model to ./CAE_models/thk_theta/ckpt
Epoch 127/1000
14/14 - 3s - loss: 7.2242e-04 - val_loss: 0.0578

Epoch 00127: val_loss did not improve from 0.05776
Epoch 128/1000
14/14 - 3s - loss: 7.2310e-04 - val_loss: 0.0575

Epoch 00128: val_loss improved from 0.05776 to 0.05752, saving model to ./CAE_models/thk_theta/ckpt
Epoch 129/1000
14/14 - 3s - loss: 7.2603e-04 - val_loss: 0.0574

Epoch 00129: val_loss improved from 0.05752 to 0.05743, saving model to ./CAE_models/thk_theta/ckpt
Epoch 130/1000
14/14 - 3s - loss: 7.7435e-04 - val_loss: 0.0576

Epoch 00130: val_loss did not improve from 0.05743
Epoch 131/1000
14/14 - 3s - loss: 7.3374e-04 - val_loss: 0.0576

Epoch 00131: val_loss did not improve from 0.05743
Epoch 132/1000
14/14 - 3s - loss: 7.3134e-04 - val_loss: 0.0574

Epoch 00132: val_loss did not improve from 0.05743
Epoch 133/1000
14/14 - 3s - loss: 7.2772e-04 - val_loss: 0.0574

Epoch 00133: val_loss improved from 0.05743 to 0.05740, saving model to ./CAE_models/thk_theta/ckpt
Epoch 134/1000
14/14 - 3s - loss: 7.2596e-04 - val_loss: 0.0573

Epoch 00134: val_loss improved from 0.05740 to 0.05728, saving model to ./CAE_models/thk_theta/ckpt
Epoch 135/1000
14/14 - 3s - loss: 7.1548e-04 - val_loss: 0.0574

Epoch 00135: val_loss did not improve from 0.05728
Epoch 136/1000
14/14 - 3s - loss: 7.1471e-04 - val_loss: 0.0572

Epoch 00136: val_loss improved from 0.05728 to 0.05717, saving model to ./CAE_models/thk_theta/ckpt
Epoch 137/1000
14/14 - 3s - loss: 7.0892e-04 - val_loss: 0.0569

Epoch 00137: val_loss improved from 0.05717 to 0.05695, saving model to ./CAE_models/thk_theta/ckpt
Epoch 138/1000
14/14 - 3s - loss: 7.4944e-04 - val_loss: 0.0573

Epoch 00138: val_loss did not improve from 0.05695
Epoch 139/1000
14/14 - 3s - loss: 7.6610e-04 - val_loss: 0.0573

Epoch 00139: val_loss did not improve from 0.05695
Epoch 140/1000
14/14 - 3s - loss: 7.1250e-04 - val_loss: 0.0571

Epoch 00140: val_loss did not improve from 0.05695
Epoch 141/1000
14/14 - 3s - loss: 7.0564e-04 - val_loss: 0.0570

Epoch 00141: val_loss did not improve from 0.05695
Epoch 142/1000
14/14 - 3s - loss: 7.0480e-04 - val_loss: 0.0568

Epoch 00142: val_loss improved from 0.05695 to 0.05683, saving model to ./CAE_models/thk_theta/ckpt
Epoch 143/1000
14/14 - 3s - loss: 7.0523e-04 - val_loss: 0.0569

Epoch 00143: val_loss did not improve from 0.05683
Epoch 144/1000
14/14 - 3s - loss: 7.4311e-04 - val_loss: 0.0569

Epoch 00144: val_loss did not improve from 0.05683
Epoch 145/1000
14/14 - 3s - loss: 7.1653e-04 - val_loss: 0.0568

Epoch 00145: val_loss improved from 0.05683 to 0.05682, saving model to ./CAE_models/thk_theta/ckpt
Epoch 146/1000
14/14 - 3s - loss: 7.0529e-04 - val_loss: 0.0565

Epoch 00146: val_loss improved from 0.05682 to 0.05648, saving model to ./CAE_models/thk_theta/ckpt
Epoch 147/1000
14/14 - 3s - loss: 7.2038e-04 - val_loss: 0.0566

Epoch 00147: val_loss did not improve from 0.05648
Epoch 148/1000
14/14 - 3s - loss: 7.0219e-04 - val_loss: 0.0567

Epoch 00148: val_loss did not improve from 0.05648
Epoch 149/1000
14/14 - 3s - loss: 7.1030e-04 - val_loss: 0.0565

Epoch 00149: val_loss improved from 0.05648 to 0.05646, saving model to ./CAE_models/thk_theta/ckpt
Epoch 150/1000
14/14 - 3s - loss: 7.3041e-04 - val_loss: 0.0564

Epoch 00150: val_loss improved from 0.05646 to 0.05640, saving model to ./CAE_models/thk_theta/ckpt
Epoch 151/1000
14/14 - 3s - loss: 7.0238e-04 - val_loss: 0.0563

Epoch 00151: val_loss improved from 0.05640 to 0.05634, saving model to ./CAE_models/thk_theta/ckpt
Epoch 152/1000
14/14 - 3s - loss: 6.9631e-04 - val_loss: 0.0564

Epoch 00152: val_loss did not improve from 0.05634
Epoch 153/1000
14/14 - 3s - loss: 6.9399e-04 - val_loss: 0.0563

Epoch 00153: val_loss improved from 0.05634 to 0.05628, saving model to ./CAE_models/thk_theta/ckpt
Epoch 154/1000
14/14 - 3s - loss: 7.0272e-04 - val_loss: 0.0562

Epoch 00154: val_loss improved from 0.05628 to 0.05622, saving model to ./CAE_models/thk_theta/ckpt
Epoch 155/1000
14/14 - 3s - loss: 7.0129e-04 - val_loss: 0.0561

Epoch 00155: val_loss improved from 0.05622 to 0.05615, saving model to ./CAE_models/thk_theta/ckpt
Epoch 156/1000
14/14 - 3s - loss: 7.0987e-04 - val_loss: 0.0563

Epoch 00156: val_loss did not improve from 0.05615
Epoch 157/1000
14/14 - 3s - loss: 6.9520e-04 - val_loss: 0.0561

Epoch 00157: val_loss improved from 0.05615 to 0.05612, saving model to ./CAE_models/thk_theta/ckpt
Epoch 158/1000
14/14 - 3s - loss: 6.9288e-04 - val_loss: 0.0560

Epoch 00158: val_loss improved from 0.05612 to 0.05604, saving model to ./CAE_models/thk_theta/ckpt
Epoch 159/1000
14/14 - 3s - loss: 6.8909e-04 - val_loss: 0.0561

Epoch 00159: val_loss did not improve from 0.05604
Epoch 160/1000
14/14 - 3s - loss: 6.8341e-04 - val_loss: 0.0558

Epoch 00160: val_loss improved from 0.05604 to 0.05580, saving model to ./CAE_models/thk_theta/ckpt
Epoch 161/1000
14/14 - 3s - loss: 7.1726e-04 - val_loss: 0.0562

Epoch 00161: val_loss did not improve from 0.05580
Epoch 162/1000
14/14 - 3s - loss: 7.2551e-04 - val_loss: 0.0560

Epoch 00162: val_loss did not improve from 0.05580
Epoch 163/1000
14/14 - 3s - loss: 6.9172e-04 - val_loss: 0.0559

Epoch 00163: val_loss did not improve from 0.05580
Epoch 164/1000
14/14 - 3s - loss: 6.8718e-04 - val_loss: 0.0557

Epoch 00164: val_loss improved from 0.05580 to 0.05567, saving model to ./CAE_models/thk_theta/ckpt
Epoch 165/1000
14/14 - 3s - loss: 6.9007e-04 - val_loss: 0.0558

Epoch 00165: val_loss did not improve from 0.05567
Epoch 166/1000
14/14 - 3s - loss: 6.8381e-04 - val_loss: 0.0557

Epoch 00166: val_loss did not improve from 0.05567
Epoch 167/1000
14/14 - 3s - loss: 6.8193e-04 - val_loss: 0.0556

Epoch 00167: val_loss improved from 0.05567 to 0.05557, saving model to ./CAE_models/thk_theta/ckpt
Epoch 168/1000
14/14 - 3s - loss: 6.8701e-04 - val_loss: 0.0554

Epoch 00168: val_loss improved from 0.05557 to 0.05537, saving model to ./CAE_models/thk_theta/ckpt
Epoch 169/1000
14/14 - 3s - loss: 7.1118e-04 - val_loss: 0.0558

Epoch 00169: val_loss did not improve from 0.05537
Epoch 170/1000
14/14 - 3s - loss: 6.8757e-04 - val_loss: 0.0556

Epoch 00170: val_loss did not improve from 0.05537
Epoch 171/1000
14/14 - 3s - loss: 6.7478e-04 - val_loss: 0.0555

Epoch 00171: val_loss did not improve from 0.05537
Epoch 172/1000
14/14 - 3s - loss: 6.7162e-04 - val_loss: 0.0554

Epoch 00172: val_loss did not improve from 0.05537
Epoch 173/1000
14/14 - 3s - loss: 6.7913e-04 - val_loss: 0.0552

Epoch 00173: val_loss improved from 0.05537 to 0.05520, saving model to ./CAE_models/thk_theta/ckpt
Epoch 174/1000
14/14 - 3s - loss: 7.0853e-04 - val_loss: 0.0553

Epoch 00174: val_loss did not improve from 0.05520
Epoch 175/1000
14/14 - 3s - loss: 6.7671e-04 - val_loss: 0.0552

Epoch 00175: val_loss improved from 0.05520 to 0.05520, saving model to ./CAE_models/thk_theta/ckpt
Epoch 176/1000
14/14 - 3s - loss: 6.7407e-04 - val_loss: 0.0551

Epoch 00176: val_loss improved from 0.05520 to 0.05509, saving model to ./CAE_models/thk_theta/ckpt
Epoch 177/1000
14/14 - 3s - loss: 6.6992e-04 - val_loss: 0.0551

Epoch 00177: val_loss did not improve from 0.05509
Epoch 178/1000
14/14 - 3s - loss: 7.0785e-04 - val_loss: 0.0549

Epoch 00178: val_loss improved from 0.05509 to 0.05492, saving model to ./CAE_models/thk_theta/ckpt
Epoch 179/1000
14/14 - 3s - loss: 7.1253e-04 - val_loss: 0.0553

Epoch 00179: val_loss did not improve from 0.05492
Epoch 180/1000
14/14 - 3s - loss: 6.7489e-04 - val_loss: 0.0551

Epoch 00180: val_loss did not improve from 0.05492
Epoch 181/1000
14/14 - 3s - loss: 6.6695e-04 - val_loss: 0.0550

Epoch 00181: val_loss did not improve from 0.05492
Epoch 182/1000
14/14 - 3s - loss: 6.6124e-04 - val_loss: 0.0548

Epoch 00182: val_loss improved from 0.05492 to 0.05484, saving model to ./CAE_models/thk_theta/ckpt
Epoch 183/1000
14/14 - 3s - loss: 6.5937e-04 - val_loss: 0.0549

Epoch 00183: val_loss did not improve from 0.05484
Epoch 184/1000
14/14 - 3s - loss: 6.6401e-04 - val_loss: 0.0548

Epoch 00184: val_loss improved from 0.05484 to 0.05479, saving model to ./CAE_models/thk_theta/ckpt
Epoch 185/1000
14/14 - 3s - loss: 6.5705e-04 - val_loss: 0.0547

Epoch 00185: val_loss improved from 0.05479 to 0.05465, saving model to ./CAE_models/thk_theta/ckpt
Epoch 186/1000
14/14 - 3s - loss: 6.6660e-04 - val_loss: 0.0549

Epoch 00186: val_loss did not improve from 0.05465
Epoch 187/1000
14/14 - 3s - loss: 7.0019e-04 - val_loss: 0.0546

Epoch 00187: val_loss improved from 0.05465 to 0.05457, saving model to ./CAE_models/thk_theta/ckpt
Epoch 188/1000
14/14 - 3s - loss: 6.7446e-04 - val_loss: 0.0546

Epoch 00188: val_loss did not improve from 0.05457
Epoch 189/1000
14/14 - 3s - loss: 6.7736e-04 - val_loss: 0.0544

Epoch 00189: val_loss improved from 0.05457 to 0.05444, saving model to ./CAE_models/thk_theta/ckpt
Epoch 190/1000
14/14 - 3s - loss: 6.6096e-04 - val_loss: 0.0545

Epoch 00190: val_loss did not improve from 0.05444
Epoch 191/1000
14/14 - 3s - loss: 6.6360e-04 - val_loss: 0.0546

Epoch 00191: val_loss did not improve from 0.05444
Epoch 192/1000
14/14 - 3s - loss: 6.6377e-04 - val_loss: 0.0543

Epoch 00192: val_loss improved from 0.05444 to 0.05427, saving model to ./CAE_models/thk_theta/ckpt
Epoch 193/1000
14/14 - 3s - loss: 6.5266e-04 - val_loss: 0.0543

Epoch 00193: val_loss did not improve from 0.05427
Epoch 194/1000
14/14 - 3s - loss: 6.7713e-04 - val_loss: 0.0542

Epoch 00194: val_loss improved from 0.05427 to 0.05416, saving model to ./CAE_models/thk_theta/ckpt
Epoch 195/1000
14/14 - 3s - loss: 6.8132e-04 - val_loss: 0.0545

Epoch 00195: val_loss did not improve from 0.05416
Epoch 196/1000
14/14 - 3s - loss: 6.6558e-04 - val_loss: 0.0544

Epoch 00196: val_loss did not improve from 0.05416
Epoch 197/1000
14/14 - 3s - loss: 6.5034e-04 - val_loss: 0.0543

Epoch 00197: val_loss did not improve from 0.05416
Epoch 198/1000
14/14 - 3s - loss: 6.5359e-04 - val_loss: 0.0542

Epoch 00198: val_loss did not improve from 0.05416
Epoch 199/1000
14/14 - 3s - loss: 6.4932e-04 - val_loss: 0.0542

Epoch 00199: val_loss did not improve from 0.05416
Epoch 200/1000
14/14 - 3s - loss: 6.4464e-04 - val_loss: 0.0542

Epoch 00200: val_loss did not improve from 0.05416
Epoch 201/1000
14/14 - 3s - loss: 6.8806e-04 - val_loss: 0.0542

Epoch 00201: val_loss did not improve from 0.05416
Epoch 202/1000
14/14 - 3s - loss: 6.5088e-04 - val_loss: 0.0541

Epoch 00202: val_loss improved from 0.05416 to 0.05407, saving model to ./CAE_models/thk_theta/ckpt
Epoch 203/1000
14/14 - 3s - loss: 6.6903e-04 - val_loss: 0.0538

Epoch 00203: val_loss improved from 0.05407 to 0.05381, saving model to ./CAE_models/thk_theta/ckpt
Epoch 204/1000
14/14 - 3s - loss: 7.1220e-04 - val_loss: 0.0540

Epoch 00204: val_loss did not improve from 0.05381
Epoch 205/1000
14/14 - 3s - loss: 6.8853e-04 - val_loss: 0.0540

Epoch 00205: val_loss did not improve from 0.05381
Epoch 206/1000
14/14 - 3s - loss: 6.5262e-04 - val_loss: 0.0541

Epoch 00206: val_loss did not improve from 0.05381
Epoch 207/1000
14/14 - 3s - loss: 6.4344e-04 - val_loss: 0.0540

Epoch 00207: val_loss did not improve from 0.05381
Epoch 208/1000
14/14 - 3s - loss: 6.4323e-04 - val_loss: 0.0538

Epoch 00208: val_loss did not improve from 0.05381
Epoch 209/1000
14/14 - 3s - loss: 6.3818e-04 - val_loss: 0.0539

Epoch 00209: val_loss did not improve from 0.05381
Epoch 210/1000
14/14 - 3s - loss: 6.4216e-04 - val_loss: 0.0539

Epoch 00210: val_loss did not improve from 0.05381
Epoch 211/1000
14/14 - 3s - loss: 6.4016e-04 - val_loss: 0.0540

Epoch 00211: val_loss did not improve from 0.05381
Epoch 212/1000
14/14 - 3s - loss: 6.3767e-04 - val_loss: 0.0536

Epoch 00212: val_loss improved from 0.05381 to 0.05356, saving model to ./CAE_models/thk_theta/ckpt
Epoch 213/1000
14/14 - 3s - loss: 6.4124e-04 - val_loss: 0.0537

Epoch 00213: val_loss did not improve from 0.05356
Epoch 214/1000
14/14 - 3s - loss: 6.6945e-04 - val_loss: 0.0535

Epoch 00214: val_loss improved from 0.05356 to 0.05350, saving model to ./CAE_models/thk_theta/ckpt
Epoch 215/1000
14/14 - 3s - loss: 6.6520e-04 - val_loss: 0.0540

Epoch 00215: val_loss did not improve from 0.05350
Epoch 216/1000
14/14 - 3s - loss: 6.4315e-04 - val_loss: 0.0536

Epoch 00216: val_loss did not improve from 0.05350
Epoch 217/1000
14/14 - 3s - loss: 6.3356e-04 - val_loss: 0.0536

Epoch 00217: val_loss did not improve from 0.05350
Epoch 218/1000
14/14 - 3s - loss: 6.4309e-04 - val_loss: 0.0534

Epoch 00218: val_loss improved from 0.05350 to 0.05338, saving model to ./CAE_models/thk_theta/ckpt
Epoch 219/1000
14/14 - 3s - loss: 6.6946e-04 - val_loss: 0.0536

Epoch 00219: val_loss did not improve from 0.05338
Epoch 220/1000
14/14 - 3s - loss: 6.4677e-04 - val_loss: 0.0536

Epoch 00220: val_loss did not improve from 0.05338
Epoch 221/1000
14/14 - 3s - loss: 6.2875e-04 - val_loss: 0.0536

Epoch 00221: val_loss did not improve from 0.05338
Epoch 222/1000
14/14 - 3s - loss: 6.3266e-04 - val_loss: 0.0534

Epoch 00222: val_loss improved from 0.05338 to 0.05335, saving model to ./CAE_models/thk_theta/ckpt
Epoch 223/1000
14/14 - 3s - loss: 6.5709e-04 - val_loss: 0.0535

Epoch 00223: val_loss did not improve from 0.05335
Epoch 224/1000
14/14 - 3s - loss: 6.3471e-04 - val_loss: 0.0534

Epoch 00224: val_loss did not improve from 0.05335
Epoch 225/1000
14/14 - 3s - loss: 6.4016e-04 - val_loss: 0.0533

Epoch 00225: val_loss improved from 0.05335 to 0.05325, saving model to ./CAE_models/thk_theta/ckpt
Epoch 226/1000
14/14 - 3s - loss: 6.6636e-04 - val_loss: 0.0534

Epoch 00226: val_loss did not improve from 0.05325
Epoch 227/1000
14/14 - 3s - loss: 6.4239e-04 - val_loss: 0.0536

Epoch 00227: val_loss did not improve from 0.05325
Epoch 228/1000
14/14 - 3s - loss: 6.3351e-04 - val_loss: 0.0533

Epoch 00228: val_loss did not improve from 0.05325
Epoch 229/1000
14/14 - 3s - loss: 6.2508e-04 - val_loss: 0.0532

Epoch 00229: val_loss improved from 0.05325 to 0.05317, saving model to ./CAE_models/thk_theta/ckpt
Epoch 230/1000
14/14 - 3s - loss: 6.4093e-04 - val_loss: 0.0532

Epoch 00230: val_loss did not improve from 0.05317
Epoch 231/1000
14/14 - 3s - loss: 6.3412e-04 - val_loss: 0.0532

Epoch 00231: val_loss improved from 0.05317 to 0.05317, saving model to ./CAE_models/thk_theta/ckpt
Epoch 232/1000
14/14 - 3s - loss: 6.3613e-04 - val_loss: 0.0530

Epoch 00232: val_loss improved from 0.05317 to 0.05304, saving model to ./CAE_models/thk_theta/ckpt
Epoch 233/1000
14/14 - 3s - loss: 6.3426e-04 - val_loss: 0.0531

Epoch 00233: val_loss did not improve from 0.05304
Epoch 234/1000
14/14 - 3s - loss: 6.2032e-04 - val_loss: 0.0530

Epoch 00234: val_loss improved from 0.05304 to 0.05298, saving model to ./CAE_models/thk_theta/ckpt
Epoch 235/1000
14/14 - 3s - loss: 6.2060e-04 - val_loss: 0.0529

Epoch 00235: val_loss improved from 0.05298 to 0.05288, saving model to ./CAE_models/thk_theta/ckpt
Epoch 236/1000
14/14 - 3s - loss: 6.2091e-04 - val_loss: 0.0528

Epoch 00236: val_loss improved from 0.05288 to 0.05280, saving model to ./CAE_models/thk_theta/ckpt
Epoch 237/1000
14/14 - 3s - loss: 6.4984e-04 - val_loss: 0.0528

Epoch 00237: val_loss improved from 0.05280 to 0.05275, saving model to ./CAE_models/thk_theta/ckpt
Epoch 238/1000
14/14 - 3s - loss: 6.4487e-04 - val_loss: 0.0526

Epoch 00238: val_loss improved from 0.05275 to 0.05265, saving model to ./CAE_models/thk_theta/ckpt
Epoch 239/1000
14/14 - 3s - loss: 6.3044e-04 - val_loss: 0.0529

Epoch 00239: val_loss did not improve from 0.05265
Epoch 240/1000
14/14 - 3s - loss: 6.1905e-04 - val_loss: 0.0527

Epoch 00240: val_loss did not improve from 0.05265
Epoch 241/1000
14/14 - 3s - loss: 6.4231e-04 - val_loss: 0.0527

Epoch 00241: val_loss did not improve from 0.05265
Epoch 242/1000
14/14 - 3s - loss: 6.1794e-04 - val_loss: 0.0526

Epoch 00242: val_loss improved from 0.05265 to 0.05264, saving model to ./CAE_models/thk_theta/ckpt
Epoch 243/1000
14/14 - 3s - loss: 6.4981e-04 - val_loss: 0.0524

Epoch 00243: val_loss improved from 0.05264 to 0.05243, saving model to ./CAE_models/thk_theta/ckpt
Epoch 244/1000
14/14 - 3s - loss: 6.1628e-04 - val_loss: 0.0523

Epoch 00244: val_loss improved from 0.05243 to 0.05235, saving model to ./CAE_models/thk_theta/ckpt
Epoch 245/1000
14/14 - 3s - loss: 6.1082e-04 - val_loss: 0.0526

Epoch 00245: val_loss did not improve from 0.05235
Epoch 246/1000
14/14 - 3s - loss: 6.3221e-04 - val_loss: 0.0524

Epoch 00246: val_loss did not improve from 0.05235
Epoch 247/1000
14/14 - 3s - loss: 6.2803e-04 - val_loss: 0.0522

Epoch 00247: val_loss improved from 0.05235 to 0.05219, saving model to ./CAE_models/thk_theta/ckpt
Epoch 248/1000
14/14 - 3s - loss: 6.2301e-04 - val_loss: 0.0522

Epoch 00248: val_loss did not improve from 0.05219
Epoch 249/1000
14/14 - 3s - loss: 6.3292e-04 - val_loss: 0.0520

Epoch 00249: val_loss improved from 0.05219 to 0.05198, saving model to ./CAE_models/thk_theta/ckpt
Epoch 250/1000
14/14 - 3s - loss: 6.2414e-04 - val_loss: 0.0521

Epoch 00250: val_loss did not improve from 0.05198
Epoch 251/1000
14/14 - 3s - loss: 6.1003e-04 - val_loss: 0.0521

Epoch 00251: val_loss did not improve from 0.05198
Epoch 252/1000
14/14 - 3s - loss: 6.0823e-04 - val_loss: 0.0521

Epoch 00252: val_loss did not improve from 0.05198
Epoch 253/1000
14/14 - 3s - loss: 6.3338e-04 - val_loss: 0.0518

Epoch 00253: val_loss improved from 0.05198 to 0.05181, saving model to ./CAE_models/thk_theta/ckpt
Epoch 254/1000
14/14 - 3s - loss: 6.3035e-04 - val_loss: 0.0518

Epoch 00254: val_loss did not improve from 0.05181
Epoch 255/1000
14/14 - 3s - loss: 6.1316e-04 - val_loss: 0.0520

Epoch 00255: val_loss did not improve from 0.05181
Epoch 256/1000
14/14 - 3s - loss: 6.2278e-04 - val_loss: 0.0519

Epoch 00256: val_loss did not improve from 0.05181
Epoch 257/1000
14/14 - 3s - loss: 6.0918e-04 - val_loss: 0.0516

Epoch 00257: val_loss improved from 0.05181 to 0.05160, saving model to ./CAE_models/thk_theta/ckpt
Epoch 258/1000
14/14 - 3s - loss: 6.1042e-04 - val_loss: 0.0518

Epoch 00258: val_loss did not improve from 0.05160
Epoch 259/1000
14/14 - 3s - loss: 6.1329e-04 - val_loss: 0.0515

Epoch 00259: val_loss improved from 0.05160 to 0.05150, saving model to ./CAE_models/thk_theta/ckpt
Epoch 260/1000
14/14 - 3s - loss: 6.1176e-04 - val_loss: 0.0514

Epoch 00260: val_loss improved from 0.05150 to 0.05144, saving model to ./CAE_models/thk_theta/ckpt
Epoch 261/1000
14/14 - 3s - loss: 6.0180e-04 - val_loss: 0.0516

Epoch 00261: val_loss did not improve from 0.05144
Epoch 262/1000
14/14 - 3s - loss: 6.1013e-04 - val_loss: 0.0513

Epoch 00262: val_loss improved from 0.05144 to 0.05135, saving model to ./CAE_models/thk_theta/ckpt
Epoch 263/1000
14/14 - 3s - loss: 6.6414e-04 - val_loss: 0.0517

Epoch 00263: val_loss did not improve from 0.05135
Epoch 264/1000
14/14 - 3s - loss: 6.2889e-04 - val_loss: 0.0514

Epoch 00264: val_loss did not improve from 0.05135
Epoch 265/1000
14/14 - 3s - loss: 6.0323e-04 - val_loss: 0.0514

Epoch 00265: val_loss did not improve from 0.05135
Epoch 266/1000
14/14 - 3s - loss: 6.0269e-04 - val_loss: 0.0513

Epoch 00266: val_loss improved from 0.05135 to 0.05132, saving model to ./CAE_models/thk_theta/ckpt
Epoch 267/1000
14/14 - 3s - loss: 5.9744e-04 - val_loss: 0.0514

Epoch 00267: val_loss did not improve from 0.05132
Epoch 268/1000
14/14 - 3s - loss: 6.0655e-04 - val_loss: 0.0512

Epoch 00268: val_loss improved from 0.05132 to 0.05121, saving model to ./CAE_models/thk_theta/ckpt
Epoch 269/1000
14/14 - 3s - loss: 5.9603e-04 - val_loss: 0.0510

Epoch 00269: val_loss improved from 0.05121 to 0.05102, saving model to ./CAE_models/thk_theta/ckpt
Epoch 270/1000
14/14 - 3s - loss: 6.6537e-04 - val_loss: 0.0513

Epoch 00270: val_loss did not improve from 0.05102
Epoch 271/1000
14/14 - 3s - loss: 6.4959e-04 - val_loss: 0.0514

Epoch 00271: val_loss did not improve from 0.05102
Epoch 272/1000
14/14 - 3s - loss: 6.0296e-04 - val_loss: 0.0514

Epoch 00272: val_loss did not improve from 0.05102
Epoch 273/1000
14/14 - 3s - loss: 5.9574e-04 - val_loss: 0.0515

Epoch 00273: val_loss did not improve from 0.05102
Epoch 274/1000
14/14 - 3s - loss: 5.9327e-04 - val_loss: 0.0511

Epoch 00274: val_loss did not improve from 0.05102
Epoch 275/1000
14/14 - 3s - loss: 5.9027e-04 - val_loss: 0.0511

Epoch 00275: val_loss did not improve from 0.05102
Epoch 276/1000
14/14 - 3s - loss: 5.9424e-04 - val_loss: 0.0510

Epoch 00276: val_loss improved from 0.05102 to 0.05099, saving model to ./CAE_models/thk_theta/ckpt
Epoch 277/1000
14/14 - 3s - loss: 5.9814e-04 - val_loss: 0.0509

Epoch 00277: val_loss improved from 0.05099 to 0.05086, saving model to ./CAE_models/thk_theta/ckpt
Epoch 278/1000
14/14 - 3s - loss: 5.9724e-04 - val_loss: 0.0508

Epoch 00278: val_loss improved from 0.05086 to 0.05076, saving model to ./CAE_models/thk_theta/ckpt
Epoch 279/1000
14/14 - 3s - loss: 5.8824e-04 - val_loss: 0.0507

Epoch 00279: val_loss improved from 0.05076 to 0.05066, saving model to ./CAE_models/thk_theta/ckpt
Epoch 280/1000
14/14 - 3s - loss: 6.2283e-04 - val_loss: 0.0509

Epoch 00280: val_loss did not improve from 0.05066
Epoch 281/1000
14/14 - 3s - loss: 6.4820e-04 - val_loss: 0.0509

Epoch 00281: val_loss did not improve from 0.05066
Epoch 282/1000
14/14 - 3s - loss: 6.1487e-04 - val_loss: 0.0507

Epoch 00282: val_loss improved from 0.05066 to 0.05065, saving model to ./CAE_models/thk_theta/ckpt
Epoch 283/1000
14/14 - 3s - loss: 5.9710e-04 - val_loss: 0.0507

Epoch 00283: val_loss did not improve from 0.05065
Epoch 284/1000
14/14 - 3s - loss: 5.8367e-04 - val_loss: 0.0507

Epoch 00284: val_loss did not improve from 0.05065
Epoch 285/1000
14/14 - 3s - loss: 5.8255e-04 - val_loss: 0.0504

Epoch 00285: val_loss improved from 0.05065 to 0.05041, saving model to ./CAE_models/thk_theta/ckpt
Epoch 286/1000
14/14 - 3s - loss: 5.9410e-04 - val_loss: 0.0504

Epoch 00286: val_loss did not improve from 0.05041
Epoch 287/1000
14/14 - 3s - loss: 5.9610e-04 - val_loss: 0.0503

Epoch 00287: val_loss improved from 0.05041 to 0.05027, saving model to ./CAE_models/thk_theta/ckpt
Epoch 288/1000
14/14 - 3s - loss: 5.9535e-04 - val_loss: 0.0503

Epoch 00288: val_loss improved from 0.05027 to 0.05025, saving model to ./CAE_models/thk_theta/ckpt
Epoch 289/1000
14/14 - 3s - loss: 5.9247e-04 - val_loss: 0.0501

Epoch 00289: val_loss improved from 0.05025 to 0.05014, saving model to ./CAE_models/thk_theta/ckpt
Epoch 290/1000
14/14 - 3s - loss: 6.0059e-04 - val_loss: 0.0503

Epoch 00290: val_loss did not improve from 0.05014
Epoch 291/1000
14/14 - 3s - loss: 5.8959e-04 - val_loss: 0.0501

Epoch 00291: val_loss improved from 0.05014 to 0.05010, saving model to ./CAE_models/thk_theta/ckpt
Epoch 292/1000
14/14 - 3s - loss: 6.0559e-04 - val_loss: 0.0501

Epoch 00292: val_loss improved from 0.05010 to 0.05009, saving model to ./CAE_models/thk_theta/ckpt
Epoch 293/1000
14/14 - 3s - loss: 5.9667e-04 - val_loss: 0.0503

Epoch 00293: val_loss did not improve from 0.05009
Epoch 294/1000
14/14 - 3s - loss: 5.8497e-04 - val_loss: 0.0500

Epoch 00294: val_loss improved from 0.05009 to 0.05001, saving model to ./CAE_models/thk_theta/ckpt
Epoch 295/1000
14/14 - 3s - loss: 5.9025e-04 - val_loss: 0.0501

Epoch 00295: val_loss did not improve from 0.05001
Epoch 296/1000
14/14 - 3s - loss: 6.0447e-04 - val_loss: 0.0498

Epoch 00296: val_loss improved from 0.05001 to 0.04984, saving model to ./CAE_models/thk_theta/ckpt
Epoch 297/1000
14/14 - 3s - loss: 5.9691e-04 - val_loss: 0.0500

Epoch 00297: val_loss did not improve from 0.04984
Epoch 298/1000
14/14 - 3s - loss: 5.7662e-04 - val_loss: 0.0500

Epoch 00298: val_loss did not improve from 0.04984
Epoch 299/1000
14/14 - 3s - loss: 5.8337e-04 - val_loss: 0.0497

Epoch 00299: val_loss improved from 0.04984 to 0.04973, saving model to ./CAE_models/thk_theta/ckpt
Epoch 300/1000
14/14 - 3s - loss: 6.0252e-04 - val_loss: 0.0499

Epoch 00300: val_loss did not improve from 0.04973
Epoch 301/1000
14/14 - 3s - loss: 5.9901e-04 - val_loss: 0.0497

Epoch 00301: val_loss improved from 0.04973 to 0.04968, saving model to ./CAE_models/thk_theta/ckpt
Epoch 302/1000
14/14 - 3s - loss: 6.1523e-04 - val_loss: 0.0498

Epoch 00302: val_loss did not improve from 0.04968
Epoch 303/1000
14/14 - 3s - loss: 5.8994e-04 - val_loss: 0.0500

Epoch 00303: val_loss did not improve from 0.04968
Epoch 304/1000
14/14 - 3s - loss: 5.7785e-04 - val_loss: 0.0499

Epoch 00304: val_loss did not improve from 0.04968
Epoch 305/1000
14/14 - 3s - loss: 5.8359e-04 - val_loss: 0.0496

Epoch 00305: val_loss improved from 0.04968 to 0.04963, saving model to ./CAE_models/thk_theta/ckpt
Epoch 306/1000
14/14 - 3s - loss: 5.7122e-04 - val_loss: 0.0495

Epoch 00306: val_loss improved from 0.04963 to 0.04948, saving model to ./CAE_models/thk_theta/ckpt
Epoch 307/1000
14/14 - 3s - loss: 5.7978e-04 - val_loss: 0.0494

Epoch 00307: val_loss improved from 0.04948 to 0.04939, saving model to ./CAE_models/thk_theta/ckpt
Epoch 308/1000
14/14 - 3s - loss: 6.0561e-04 - val_loss: 0.0497

Epoch 00308: val_loss did not improve from 0.04939
Epoch 309/1000
14/14 - 3s - loss: 5.7668e-04 - val_loss: 0.0496

Epoch 00309: val_loss did not improve from 0.04939
Epoch 310/1000
14/14 - 3s - loss: 5.7744e-04 - val_loss: 0.0494

Epoch 00310: val_loss did not improve from 0.04939
Epoch 311/1000
14/14 - 3s - loss: 5.7354e-04 - val_loss: 0.0494

Epoch 00311: val_loss did not improve from 0.04939
Epoch 312/1000
14/14 - 3s - loss: 5.7119e-04 - val_loss: 0.0493

Epoch 00312: val_loss improved from 0.04939 to 0.04927, saving model to ./CAE_models/thk_theta/ckpt
Epoch 313/1000
14/14 - 3s - loss: 5.6913e-04 - val_loss: 0.0492

Epoch 00313: val_loss improved from 0.04927 to 0.04925, saving model to ./CAE_models/thk_theta/ckpt
Epoch 314/1000
14/14 - 3s - loss: 5.6613e-04 - val_loss: 0.0492

Epoch 00314: val_loss improved from 0.04925 to 0.04916, saving model to ./CAE_models/thk_theta/ckpt
Epoch 315/1000
14/14 - 3s - loss: 7.0465e-04 - val_loss: 0.0491

Epoch 00315: val_loss improved from 0.04916 to 0.04911, saving model to ./CAE_models/thk_theta/ckpt
Epoch 316/1000
14/14 - 3s - loss: 6.5570e-04 - val_loss: 0.0500

Epoch 00316: val_loss did not improve from 0.04911
Epoch 317/1000
14/14 - 3s - loss: 6.0277e-04 - val_loss: 0.0497

Epoch 00317: val_loss did not improve from 0.04911
Epoch 318/1000
14/14 - 3s - loss: 5.7664e-04 - val_loss: 0.0495

Epoch 00318: val_loss did not improve from 0.04911
Epoch 319/1000
14/14 - 3s - loss: 5.6614e-04 - val_loss: 0.0494

Epoch 00319: val_loss did not improve from 0.04911
Epoch 320/1000
14/14 - 3s - loss: 5.6331e-04 - val_loss: 0.0493

Epoch 00320: val_loss did not improve from 0.04911
Epoch 321/1000
14/14 - 3s - loss: 5.6391e-04 - val_loss: 0.0494

Epoch 00321: val_loss did not improve from 0.04911
Epoch 322/1000
14/14 - 3s - loss: 5.6461e-04 - val_loss: 0.0493

Epoch 00322: val_loss did not improve from 0.04911
Epoch 323/1000
14/14 - 3s - loss: 5.7472e-04 - val_loss: 0.0491

Epoch 00323: val_loss did not improve from 0.04911
Epoch 324/1000
14/14 - 3s - loss: 5.6784e-04 - val_loss: 0.0490

Epoch 00324: val_loss improved from 0.04911 to 0.04902, saving model to ./CAE_models/thk_theta/ckpt
Epoch 325/1000
14/14 - 3s - loss: 5.6726e-04 - val_loss: 0.0489

Epoch 00325: val_loss improved from 0.04902 to 0.04891, saving model to ./CAE_models/thk_theta/ckpt
Epoch 326/1000
14/14 - 3s - loss: 5.6772e-04 - val_loss: 0.0491

Epoch 00326: val_loss did not improve from 0.04891
Epoch 327/1000
14/14 - 3s - loss: 5.6486e-04 - val_loss: 0.0490

Epoch 00327: val_loss did not improve from 0.04891
Epoch 328/1000
14/14 - 3s - loss: 5.5952e-04 - val_loss: 0.0489

Epoch 00328: val_loss improved from 0.04891 to 0.04889, saving model to ./CAE_models/thk_theta/ckpt
Epoch 329/1000
14/14 - 3s - loss: 5.5963e-04 - val_loss: 0.0488

Epoch 00329: val_loss improved from 0.04889 to 0.04884, saving model to ./CAE_models/thk_theta/ckpt
Epoch 330/1000
14/14 - 3s - loss: 6.0154e-04 - val_loss: 0.0489

Epoch 00330: val_loss did not improve from 0.04884
Epoch 331/1000
14/14 - 3s - loss: 5.6753e-04 - val_loss: 0.0488

Epoch 00331: val_loss did not improve from 0.04884
Epoch 332/1000
14/14 - 3s - loss: 5.5950e-04 - val_loss: 0.0486

Epoch 00332: val_loss improved from 0.04884 to 0.04861, saving model to ./CAE_models/thk_theta/ckpt
Epoch 333/1000
14/14 - 3s - loss: 5.9639e-04 - val_loss: 0.0488

Epoch 00333: val_loss did not improve from 0.04861
Epoch 334/1000
14/14 - 3s - loss: 6.0353e-04 - val_loss: 0.0489

Epoch 00334: val_loss did not improve from 0.04861
Epoch 335/1000
14/14 - 3s - loss: 5.6725e-04 - val_loss: 0.0488

Epoch 00335: val_loss did not improve from 0.04861
Epoch 336/1000
14/14 - 3s - loss: 5.6737e-04 - val_loss: 0.0488

Epoch 00336: val_loss did not improve from 0.04861
Epoch 337/1000
14/14 - 3s - loss: 5.6901e-04 - val_loss: 0.0489

Epoch 00337: val_loss did not improve from 0.04861
Epoch 338/1000
14/14 - 3s - loss: 5.6826e-04 - val_loss: 0.0486

Epoch 00338: val_loss did not improve from 0.04861
Epoch 339/1000
14/14 - 3s - loss: 5.7957e-04 - val_loss: 0.0485

Epoch 00339: val_loss improved from 0.04861 to 0.04849, saving model to ./CAE_models/thk_theta/ckpt
Epoch 340/1000
14/14 - 3s - loss: 5.7231e-04 - val_loss: 0.0486

Epoch 00340: val_loss did not improve from 0.04849
Epoch 341/1000
14/14 - 3s - loss: 5.6289e-04 - val_loss: 0.0485

Epoch 00341: val_loss did not improve from 0.04849
Epoch 342/1000
14/14 - 3s - loss: 5.5452e-04 - val_loss: 0.0485

Epoch 00342: val_loss improved from 0.04849 to 0.04846, saving model to ./CAE_models/thk_theta/ckpt
Epoch 343/1000
14/14 - 3s - loss: 5.9729e-04 - val_loss: 0.0484

Epoch 00343: val_loss improved from 0.04846 to 0.04841, saving model to ./CAE_models/thk_theta/ckpt
Epoch 344/1000
14/14 - 3s - loss: 5.7354e-04 - val_loss: 0.0484

Epoch 00344: val_loss improved from 0.04841 to 0.04840, saving model to ./CAE_models/thk_theta/ckpt
Epoch 345/1000
14/14 - 3s - loss: 5.6789e-04 - val_loss: 0.0485

Epoch 00345: val_loss did not improve from 0.04840
Epoch 346/1000
14/14 - 3s - loss: 5.5614e-04 - val_loss: 0.0484

Epoch 00346: val_loss did not improve from 0.04840
Epoch 347/1000
14/14 - 3s - loss: 5.6387e-04 - val_loss: 0.0484

Epoch 00347: val_loss did not improve from 0.04840
Epoch 348/1000
14/14 - 3s - loss: 5.6266e-04 - val_loss: 0.0484

Epoch 00348: val_loss did not improve from 0.04840
Epoch 349/1000
14/14 - 3s - loss: 5.6663e-04 - val_loss: 0.0484

Epoch 00349: val_loss did not improve from 0.04840
Epoch 350/1000
14/14 - 3s - loss: 5.5878e-04 - val_loss: 0.0483

Epoch 00350: val_loss improved from 0.04840 to 0.04832, saving model to ./CAE_models/thk_theta/ckpt
Epoch 351/1000
14/14 - 3s - loss: 5.5001e-04 - val_loss: 0.0482

Epoch 00351: val_loss improved from 0.04832 to 0.04817, saving model to ./CAE_models/thk_theta/ckpt
Epoch 352/1000
14/14 - 3s - loss: 5.4991e-04 - val_loss: 0.0481

Epoch 00352: val_loss improved from 0.04817 to 0.04815, saving model to ./CAE_models/thk_theta/ckpt
Epoch 353/1000
14/14 - 3s - loss: 5.6356e-04 - val_loss: 0.0480

Epoch 00353: val_loss improved from 0.04815 to 0.04800, saving model to ./CAE_models/thk_theta/ckpt
Epoch 354/1000
14/14 - 3s - loss: 5.7913e-04 - val_loss: 0.0481

Epoch 00354: val_loss did not improve from 0.04800
Epoch 355/1000
14/14 - 3s - loss: 5.8711e-04 - val_loss: 0.0484

Epoch 00355: val_loss did not improve from 0.04800
Epoch 356/1000
14/14 - 3s - loss: 6.1140e-04 - val_loss: 0.0485

Epoch 00356: val_loss did not improve from 0.04800
Epoch 357/1000
14/14 - 3s - loss: 5.7396e-04 - val_loss: 0.0485

Epoch 00357: val_loss did not improve from 0.04800
Epoch 358/1000
14/14 - 3s - loss: 5.6033e-04 - val_loss: 0.0484

Epoch 00358: val_loss did not improve from 0.04800
Epoch 359/1000
14/14 - 3s - loss: 5.5132e-04 - val_loss: 0.0482

Epoch 00359: val_loss did not improve from 0.04800
Epoch 360/1000
14/14 - 3s - loss: 5.5411e-04 - val_loss: 0.0481

Epoch 00360: val_loss did not improve from 0.04800
Epoch 361/1000
14/14 - 3s - loss: 5.4621e-04 - val_loss: 0.0480

Epoch 00361: val_loss improved from 0.04800 to 0.04795, saving model to ./CAE_models/thk_theta/ckpt
Epoch 362/1000
14/14 - 3s - loss: 5.4511e-04 - val_loss: 0.0479

Epoch 00362: val_loss improved from 0.04795 to 0.04795, saving model to ./CAE_models/thk_theta/ckpt
Epoch 363/1000
14/14 - 3s - loss: 5.4842e-04 - val_loss: 0.0479

Epoch 00363: val_loss improved from 0.04795 to 0.04791, saving model to ./CAE_models/thk_theta/ckpt
Epoch 364/1000
14/14 - 3s - loss: 5.4874e-04 - val_loss: 0.0478

Epoch 00364: val_loss improved from 0.04791 to 0.04784, saving model to ./CAE_models/thk_theta/ckpt
Epoch 365/1000
14/14 - 3s - loss: 5.6919e-04 - val_loss: 0.0479

Epoch 00365: val_loss did not improve from 0.04784
Epoch 366/1000
14/14 - 3s - loss: 5.5473e-04 - val_loss: 0.0477

Epoch 00366: val_loss improved from 0.04784 to 0.04767, saving model to ./CAE_models/thk_theta/ckpt
Epoch 367/1000
14/14 - 3s - loss: 6.2503e-04 - val_loss: 0.0478

Epoch 00367: val_loss did not improve from 0.04767
Epoch 368/1000
14/14 - 3s - loss: 5.5962e-04 - val_loss: 0.0479

Epoch 00368: val_loss did not improve from 0.04767
Epoch 369/1000
14/14 - 3s - loss: 5.4385e-04 - val_loss: 0.0478

Epoch 00369: val_loss did not improve from 0.04767
Epoch 370/1000
14/14 - 3s - loss: 5.4708e-04 - val_loss: 0.0476

Epoch 00370: val_loss improved from 0.04767 to 0.04763, saving model to ./CAE_models/thk_theta/ckpt
Epoch 371/1000
14/14 - 3s - loss: 5.4192e-04 - val_loss: 0.0477

Epoch 00371: val_loss did not improve from 0.04763
Epoch 372/1000
14/14 - 3s - loss: 5.7165e-04 - val_loss: 0.0474

Epoch 00372: val_loss improved from 0.04763 to 0.04745, saving model to ./CAE_models/thk_theta/ckpt
Epoch 373/1000
14/14 - 3s - loss: 5.5186e-04 - val_loss: 0.0476

Epoch 00373: val_loss did not improve from 0.04745
Epoch 374/1000
14/14 - 3s - loss: 5.4264e-04 - val_loss: 0.0475

Epoch 00374: val_loss did not improve from 0.04745
Epoch 375/1000
14/14 - 3s - loss: 5.4031e-04 - val_loss: 0.0476

Epoch 00375: val_loss did not improve from 0.04745
Epoch 376/1000
14/14 - 3s - loss: 6.1529e-04 - val_loss: 0.0474

Epoch 00376: val_loss improved from 0.04745 to 0.04742, saving model to ./CAE_models/thk_theta/ckpt
Epoch 377/1000
14/14 - 3s - loss: 5.5732e-04 - val_loss: 0.0474

Epoch 00377: val_loss did not improve from 0.04742
Epoch 378/1000
14/14 - 3s - loss: 5.4647e-04 - val_loss: 0.0474

Epoch 00378: val_loss improved from 0.04742 to 0.04738, saving model to ./CAE_models/thk_theta/ckpt
Epoch 379/1000
14/14 - 3s - loss: 5.4070e-04 - val_loss: 0.0474

Epoch 00379: val_loss improved from 0.04738 to 0.04738, saving model to ./CAE_models/thk_theta/ckpt
Epoch 380/1000
14/14 - 3s - loss: 5.3987e-04 - val_loss: 0.0474

Epoch 00380: val_loss improved from 0.04738 to 0.04736, saving model to ./CAE_models/thk_theta/ckpt
Epoch 381/1000
14/14 - 3s - loss: 5.4366e-04 - val_loss: 0.0472

Epoch 00381: val_loss improved from 0.04736 to 0.04719, saving model to ./CAE_models/thk_theta/ckpt
Epoch 382/1000
14/14 - 3s - loss: 5.5839e-04 - val_loss: 0.0472

Epoch 00382: val_loss improved from 0.04719 to 0.04718, saving model to ./CAE_models/thk_theta/ckpt
Epoch 383/1000
14/14 - 3s - loss: 5.5466e-04 - val_loss: 0.0473

Epoch 00383: val_loss did not improve from 0.04718
Epoch 384/1000
14/14 - 3s - loss: 5.3997e-04 - val_loss: 0.0472

Epoch 00384: val_loss did not improve from 0.04718
Epoch 385/1000
14/14 - 3s - loss: 5.5984e-04 - val_loss: 0.0472

Epoch 00385: val_loss did not improve from 0.04718
Epoch 386/1000
14/14 - 3s - loss: 5.4978e-04 - val_loss: 0.0472

Epoch 00386: val_loss did not improve from 0.04718
Epoch 387/1000
14/14 - 3s - loss: 5.4784e-04 - val_loss: 0.0470

Epoch 00387: val_loss improved from 0.04718 to 0.04703, saving model to ./CAE_models/thk_theta/ckpt
Epoch 388/1000
14/14 - 3s - loss: 5.4016e-04 - val_loss: 0.0472

Epoch 00388: val_loss did not improve from 0.04703
Epoch 389/1000
14/14 - 3s - loss: 5.7963e-04 - val_loss: 0.0471

Epoch 00389: val_loss did not improve from 0.04703
Epoch 390/1000
14/14 - 3s - loss: 5.5981e-04 - val_loss: 0.0471

Epoch 00390: val_loss did not improve from 0.04703
Epoch 391/1000
14/14 - 3s - loss: 5.7282e-04 - val_loss: 0.0471

Epoch 00391: val_loss did not improve from 0.04703
Epoch 392/1000
14/14 - 3s - loss: 5.4984e-04 - val_loss: 0.0471

Epoch 00392: val_loss did not improve from 0.04703
Epoch 393/1000
14/14 - 3s - loss: 5.4096e-04 - val_loss: 0.0471

Epoch 00393: val_loss did not improve from 0.04703
Epoch 394/1000
14/14 - 3s - loss: 5.4155e-04 - val_loss: 0.0470

Epoch 00394: val_loss improved from 0.04703 to 0.04702, saving model to ./CAE_models/thk_theta/ckpt
Epoch 395/1000
14/14 - 3s - loss: 5.4276e-04 - val_loss: 0.0471

Epoch 00395: val_loss did not improve from 0.04702
Epoch 396/1000
14/14 - 3s - loss: 5.5998e-04 - val_loss: 0.0469

Epoch 00396: val_loss improved from 0.04702 to 0.04688, saving model to ./CAE_models/thk_theta/ckpt
Epoch 397/1000
14/14 - 3s - loss: 5.5511e-04 - val_loss: 0.0469

Epoch 00397: val_loss did not improve from 0.04688
Epoch 398/1000
14/14 - 3s - loss: 5.3250e-04 - val_loss: 0.0468

Epoch 00398: val_loss improved from 0.04688 to 0.04684, saving model to ./CAE_models/thk_theta/ckpt
Epoch 399/1000
14/14 - 3s - loss: 5.3318e-04 - val_loss: 0.0468

Epoch 00399: val_loss improved from 0.04684 to 0.04683, saving model to ./CAE_models/thk_theta/ckpt
Epoch 400/1000
14/14 - 3s - loss: 5.3227e-04 - val_loss: 0.0469

Epoch 00400: val_loss did not improve from 0.04683
Epoch 401/1000
14/14 - 3s - loss: 5.6740e-04 - val_loss: 0.0469

Epoch 00401: val_loss did not improve from 0.04683
Epoch 402/1000
14/14 - 3s - loss: 5.3150e-04 - val_loss: 0.0469

Epoch 00402: val_loss did not improve from 0.04683
Epoch 403/1000
14/14 - 3s - loss: 5.3819e-04 - val_loss: 0.0467

Epoch 00403: val_loss improved from 0.04683 to 0.04671, saving model to ./CAE_models/thk_theta/ckpt
Epoch 404/1000
14/14 - 3s - loss: 6.2396e-04 - val_loss: 0.0469

Epoch 00404: val_loss did not improve from 0.04671
Epoch 405/1000
14/14 - 3s - loss: 5.4050e-04 - val_loss: 0.0470

Epoch 00405: val_loss did not improve from 0.04671
Epoch 406/1000
14/14 - 3s - loss: 5.5014e-04 - val_loss: 0.0469

Epoch 00406: val_loss did not improve from 0.04671
Epoch 407/1000
14/14 - 3s - loss: 5.3340e-04 - val_loss: 0.0469

Epoch 00407: val_loss did not improve from 0.04671
Epoch 408/1000
14/14 - 3s - loss: 5.4580e-04 - val_loss: 0.0468

Epoch 00408: val_loss did not improve from 0.04671
Epoch 409/1000
14/14 - 3s - loss: 5.3950e-04 - val_loss: 0.0468

Epoch 00409: val_loss did not improve from 0.04671
Epoch 410/1000
14/14 - 3s - loss: 5.2794e-04 - val_loss: 0.0466

Epoch 00410: val_loss improved from 0.04671 to 0.04661, saving model to ./CAE_models/thk_theta/ckpt
Epoch 411/1000
14/14 - 3s - loss: 5.3218e-04 - val_loss: 0.0468

Epoch 00411: val_loss did not improve from 0.04661
Epoch 412/1000
14/14 - 3s - loss: 5.3270e-04 - val_loss: 0.0466

Epoch 00412: val_loss improved from 0.04661 to 0.04656, saving model to ./CAE_models/thk_theta/ckpt
Epoch 413/1000
14/14 - 3s - loss: 5.5470e-04 - val_loss: 0.0467

Epoch 00413: val_loss did not improve from 0.04656
Epoch 414/1000
14/14 - 3s - loss: 5.8424e-04 - val_loss: 0.0466

Epoch 00414: val_loss did not improve from 0.04656
Epoch 415/1000
14/14 - 3s - loss: 5.3743e-04 - val_loss: 0.0467

Epoch 00415: val_loss did not improve from 0.04656
Epoch 416/1000
14/14 - 3s - loss: 5.2593e-04 - val_loss: 0.0466

Epoch 00416: val_loss did not improve from 0.04656
Epoch 417/1000
14/14 - 3s - loss: 5.3241e-04 - val_loss: 0.0466

Epoch 00417: val_loss did not improve from 0.04656
Epoch 418/1000
14/14 - 3s - loss: 5.4277e-04 - val_loss: 0.0468

Epoch 00418: val_loss did not improve from 0.04656
Epoch 419/1000
14/14 - 3s - loss: 5.3217e-04 - val_loss: 0.0465

Epoch 00419: val_loss improved from 0.04656 to 0.04650, saving model to ./CAE_models/thk_theta/ckpt
Epoch 420/1000
14/14 - 3s - loss: 5.2874e-04 - val_loss: 0.0466

Epoch 00420: val_loss did not improve from 0.04650
Epoch 421/1000
14/14 - 3s - loss: 5.6242e-04 - val_loss: 0.0465

Epoch 00421: val_loss improved from 0.04650 to 0.04648, saving model to ./CAE_models/thk_theta/ckpt
Epoch 422/1000
14/14 - 3s - loss: 5.6058e-04 - val_loss: 0.0465

Epoch 00422: val_loss did not improve from 0.04648
Epoch 423/1000
14/14 - 3s - loss: 5.4568e-04 - val_loss: 0.0465

Epoch 00423: val_loss did not improve from 0.04648
Epoch 424/1000
14/14 - 3s - loss: 5.5120e-04 - val_loss: 0.0465

Epoch 00424: val_loss did not improve from 0.04648
Epoch 425/1000
14/14 - 3s - loss: 5.2831e-04 - val_loss: 0.0464

Epoch 00425: val_loss improved from 0.04648 to 0.04640, saving model to ./CAE_models/thk_theta/ckpt
Epoch 426/1000
14/14 - 3s - loss: 5.2769e-04 - val_loss: 0.0465

Epoch 00426: val_loss did not improve from 0.04640
Epoch 427/1000
14/14 - 3s - loss: 5.2255e-04 - val_loss: 0.0464

Epoch 00427: val_loss did not improve from 0.04640
Epoch 428/1000
14/14 - 3s - loss: 5.2328e-04 - val_loss: 0.0464

Epoch 00428: val_loss improved from 0.04640 to 0.04638, saving model to ./CAE_models/thk_theta/ckpt
Epoch 429/1000
14/14 - 3s - loss: 5.3126e-04 - val_loss: 0.0465

Epoch 00429: val_loss did not improve from 0.04638
Epoch 430/1000
14/14 - 3s - loss: 6.0810e-04 - val_loss: 0.0463

Epoch 00430: val_loss improved from 0.04638 to 0.04635, saving model to ./CAE_models/thk_theta/ckpt
Epoch 431/1000
14/14 - 3s - loss: 5.6036e-04 - val_loss: 0.0466

Epoch 00431: val_loss did not improve from 0.04635
Epoch 432/1000
14/14 - 3s - loss: 5.2559e-04 - val_loss: 0.0466

Epoch 00432: val_loss did not improve from 0.04635
Epoch 433/1000
14/14 - 3s - loss: 5.2299e-04 - val_loss: 0.0465

Epoch 00433: val_loss did not improve from 0.04635
Epoch 434/1000
14/14 - 3s - loss: 5.2165e-04 - val_loss: 0.0464

Epoch 00434: val_loss did not improve from 0.04635
Epoch 435/1000
14/14 - 3s - loss: 5.2157e-04 - val_loss: 0.0464

Epoch 00435: val_loss did not improve from 0.04635
Epoch 436/1000
14/14 - 3s - loss: 5.2072e-04 - val_loss: 0.0463

Epoch 00436: val_loss improved from 0.04635 to 0.04631, saving model to ./CAE_models/thk_theta/ckpt
Epoch 437/1000
14/14 - 3s - loss: 5.2700e-04 - val_loss: 0.0462

Epoch 00437: val_loss improved from 0.04631 to 0.04620, saving model to ./CAE_models/thk_theta/ckpt
Epoch 438/1000
14/14 - 3s - loss: 5.4242e-04 - val_loss: 0.0463

Epoch 00438: val_loss did not improve from 0.04620
Epoch 439/1000
14/14 - 3s - loss: 5.7589e-04 - val_loss: 0.0463

Epoch 00439: val_loss did not improve from 0.04620
Epoch 440/1000
14/14 - 3s - loss: 5.2551e-04 - val_loss: 0.0463

Epoch 00440: val_loss did not improve from 0.04620
Epoch 441/1000
14/14 - 3s - loss: 5.2169e-04 - val_loss: 0.0463

Epoch 00441: val_loss did not improve from 0.04620
Epoch 442/1000
14/14 - 3s - loss: 5.6774e-04 - val_loss: 0.0463

Epoch 00442: val_loss did not improve from 0.04620
Epoch 443/1000
14/14 - 3s - loss: 5.4997e-04 - val_loss: 0.0465

Epoch 00443: val_loss did not improve from 0.04620
Epoch 444/1000
14/14 - 3s - loss: 5.3415e-04 - val_loss: 0.0465

Epoch 00444: val_loss did not improve from 0.04620
Epoch 445/1000
14/14 - 3s - loss: 5.2074e-04 - val_loss: 0.0463

Epoch 00445: val_loss did not improve from 0.04620
Epoch 446/1000
14/14 - 3s - loss: 5.2100e-04 - val_loss: 0.0463

Epoch 00446: val_loss did not improve from 0.04620
Epoch 447/1000
14/14 - 3s - loss: 5.2543e-04 - val_loss: 0.0462

Epoch 00447: val_loss did not improve from 0.04620
Epoch 448/1000
14/14 - 3s - loss: 5.1719e-04 - val_loss: 0.0462

Epoch 00448: val_loss improved from 0.04620 to 0.04618, saving model to ./CAE_models/thk_theta/ckpt
Epoch 449/1000
14/14 - 3s - loss: 5.2810e-04 - val_loss: 0.0461

Epoch 00449: val_loss improved from 0.04618 to 0.04605, saving model to ./CAE_models/thk_theta/ckpt
Epoch 450/1000
14/14 - 3s - loss: 5.6309e-04 - val_loss: 0.0462

Epoch 00450: val_loss did not improve from 0.04605
Epoch 451/1000
14/14 - 3s - loss: 5.1935e-04 - val_loss: 0.0462

Epoch 00451: val_loss did not improve from 0.04605
Epoch 452/1000
14/14 - 3s - loss: 5.1663e-04 - val_loss: 0.0461

Epoch 00452: val_loss did not improve from 0.04605
Epoch 453/1000
14/14 - 3s - loss: 5.5456e-04 - val_loss: 0.0462

Epoch 00453: val_loss did not improve from 0.04605
Epoch 454/1000
14/14 - 3s - loss: 5.1550e-04 - val_loss: 0.0461

Epoch 00454: val_loss did not improve from 0.04605
Epoch 455/1000
14/14 - 3s - loss: 5.2479e-04 - val_loss: 0.0463

Epoch 00455: val_loss did not improve from 0.04605
Epoch 456/1000
14/14 - 3s - loss: 5.7359e-04 - val_loss: 0.0461

Epoch 00456: val_loss did not improve from 0.04605
Epoch 457/1000
14/14 - 3s - loss: 5.5530e-04 - val_loss: 0.0462

Epoch 00457: val_loss did not improve from 0.04605
Epoch 458/1000
14/14 - 3s - loss: 5.2409e-04 - val_loss: 0.0463

Epoch 00458: val_loss did not improve from 0.04605
Epoch 459/1000
14/14 - 3s - loss: 5.1753e-04 - val_loss: 0.0463

Epoch 00459: val_loss did not improve from 0.04605
Epoch 460/1000
14/14 - 3s - loss: 5.2373e-04 - val_loss: 0.0462

Epoch 00460: val_loss did not improve from 0.04605
Epoch 461/1000
14/14 - 3s - loss: 5.1891e-04 - val_loss: 0.0461

Epoch 00461: val_loss did not improve from 0.04605
Epoch 462/1000
14/14 - 3s - loss: 5.1452e-04 - val_loss: 0.0462

Epoch 00462: val_loss did not improve from 0.04605
Epoch 463/1000
14/14 - 3s - loss: 5.4123e-04 - val_loss: 0.0459

Epoch 00463: val_loss improved from 0.04605 to 0.04593, saving model to ./CAE_models/thk_theta/ckpt
Epoch 464/1000
14/14 - 3s - loss: 5.5556e-04 - val_loss: 0.0461

Epoch 00464: val_loss did not improve from 0.04593
Epoch 465/1000
14/14 - 3s - loss: 5.1827e-04 - val_loss: 0.0463

Epoch 00465: val_loss did not improve from 0.04593
Epoch 466/1000
14/14 - 3s - loss: 5.2481e-04 - val_loss: 0.0461

Epoch 00466: val_loss did not improve from 0.04593
Epoch 467/1000
14/14 - 3s - loss: 5.2898e-04 - val_loss: 0.0460

Epoch 00467: val_loss did not improve from 0.04593
Epoch 468/1000
14/14 - 3s - loss: 5.1575e-04 - val_loss: 0.0461

Epoch 00468: val_loss did not improve from 0.04593
Epoch 469/1000
14/14 - 3s - loss: 5.3665e-04 - val_loss: 0.0461

Epoch 00469: val_loss did not improve from 0.04593
Epoch 470/1000
14/14 - 3s - loss: 5.3669e-04 - val_loss: 0.0461

Epoch 00470: val_loss did not improve from 0.04593
Epoch 471/1000
14/14 - 3s - loss: 5.2938e-04 - val_loss: 0.0461

Epoch 00471: val_loss did not improve from 0.04593
Epoch 472/1000
14/14 - 3s - loss: 5.1907e-04 - val_loss: 0.0461

Epoch 00472: val_loss did not improve from 0.04593
Epoch 473/1000
14/14 - 3s - loss: 5.1832e-04 - val_loss: 0.0459

Epoch 00473: val_loss improved from 0.04593 to 0.04592, saving model to ./CAE_models/thk_theta/ckpt
Epoch 474/1000
14/14 - 3s - loss: 5.1771e-04 - val_loss: 0.0461

Epoch 00474: val_loss did not improve from 0.04592
Epoch 475/1000
14/14 - 3s - loss: 5.1306e-04 - val_loss: 0.0460

Epoch 00475: val_loss did not improve from 0.04592
Epoch 476/1000
14/14 - 3s - loss: 5.4392e-04 - val_loss: 0.0460

Epoch 00476: val_loss did not improve from 0.04592
Epoch 477/1000
14/14 - 3s - loss: 5.2114e-04 - val_loss: 0.0460

Epoch 00477: val_loss did not improve from 0.04592
Epoch 478/1000
14/14 - 3s - loss: 5.2164e-04 - val_loss: 0.0461

Epoch 00478: val_loss did not improve from 0.04592
Epoch 479/1000
14/14 - 3s - loss: 5.1634e-04 - val_loss: 0.0461

Epoch 00479: val_loss did not improve from 0.04592
Epoch 480/1000
14/14 - 3s - loss: 5.3083e-04 - val_loss: 0.0461

Epoch 00480: val_loss did not improve from 0.04592
Epoch 481/1000
14/14 - 3s - loss: 5.1353e-04 - val_loss: 0.0460

Epoch 00481: val_loss did not improve from 0.04592
Epoch 482/1000
14/14 - 3s - loss: 5.7257e-04 - val_loss: 0.0462

Epoch 00482: val_loss did not improve from 0.04592
Epoch 483/1000
14/14 - 3s - loss: 5.2910e-04 - val_loss: 0.0461

Epoch 00483: val_loss did not improve from 0.04592
Epoch 484/1000
14/14 - 3s - loss: 5.1652e-04 - val_loss: 0.0460

Epoch 00484: val_loss did not improve from 0.04592
Epoch 485/1000
14/14 - 3s - loss: 5.2225e-04 - val_loss: 0.0460

Epoch 00485: val_loss did not improve from 0.04592
Epoch 486/1000
14/14 - 3s - loss: 5.3073e-04 - val_loss: 0.0460

Epoch 00486: val_loss did not improve from 0.04592
Epoch 487/1000
14/14 - 3s - loss: 5.1108e-04 - val_loss: 0.0460

Epoch 00487: val_loss did not improve from 0.04592
Epoch 488/1000
14/14 - 3s - loss: 5.1269e-04 - val_loss: 0.0459

Epoch 00488: val_loss did not improve from 0.04592
Epoch 489/1000
14/14 - 3s - loss: 5.1669e-04 - val_loss: 0.0460

Epoch 00489: val_loss did not improve from 0.04592
Epoch 490/1000
14/14 - 3s - loss: 5.1060e-04 - val_loss: 0.0459

Epoch 00490: val_loss improved from 0.04592 to 0.04592, saving model to ./CAE_models/thk_theta/ckpt
Epoch 491/1000
14/14 - 3s - loss: 5.0681e-04 - val_loss: 0.0460

Epoch 00491: val_loss did not improve from 0.04592
Epoch 492/1000
14/14 - 3s - loss: 5.2884e-04 - val_loss: 0.0460

Epoch 00492: val_loss did not improve from 0.04592
Epoch 493/1000
14/14 - 3s - loss: 5.1127e-04 - val_loss: 0.0458

Epoch 00493: val_loss improved from 0.04592 to 0.04585, saving model to ./CAE_models/thk_theta/ckpt
Epoch 494/1000
14/14 - 3s - loss: 5.2286e-04 - val_loss: 0.0457

Epoch 00494: val_loss improved from 0.04585 to 0.04565, saving model to ./CAE_models/thk_theta/ckpt
Epoch 495/1000
14/14 - 3s - loss: 5.4752e-04 - val_loss: 0.0459

Epoch 00495: val_loss did not improve from 0.04565
Epoch 496/1000
14/14 - 3s - loss: 5.1586e-04 - val_loss: 0.0460

Epoch 00496: val_loss did not improve from 0.04565
Epoch 497/1000
14/14 - 3s - loss: 5.0744e-04 - val_loss: 0.0459

Epoch 00497: val_loss did not improve from 0.04565
Epoch 498/1000
14/14 - 3s - loss: 5.2223e-04 - val_loss: 0.0459

Epoch 00498: val_loss did not improve from 0.04565
Epoch 499/1000
14/14 - 3s - loss: 5.7064e-04 - val_loss: 0.0460

Epoch 00499: val_loss did not improve from 0.04565
Epoch 500/1000
14/14 - 3s - loss: 5.0442e-04 - val_loss: 0.0460

Epoch 00500: val_loss did not improve from 0.04565
Epoch 501/1000
14/14 - 3s - loss: 5.0426e-04 - val_loss: 0.0460

Epoch 00501: val_loss did not improve from 0.04565
Epoch 502/1000
14/14 - 3s - loss: 5.0453e-04 - val_loss: 0.0459

Epoch 00502: val_loss did not improve from 0.04565
Epoch 503/1000
14/14 - 3s - loss: 5.3189e-04 - val_loss: 0.0460

Epoch 00503: val_loss did not improve from 0.04565
Epoch 504/1000
14/14 - 3s - loss: 5.3291e-04 - val_loss: 0.0460

Epoch 00504: val_loss did not improve from 0.04565
Epoch 505/1000
14/14 - 3s - loss: 5.3492e-04 - val_loss: 0.0459

Epoch 00505: val_loss did not improve from 0.04565
Epoch 506/1000
14/14 - 3s - loss: 5.0767e-04 - val_loss: 0.0460

Epoch 00506: val_loss did not improve from 0.04565
Epoch 507/1000
14/14 - 3s - loss: 5.0955e-04 - val_loss: 0.0460

Epoch 00507: val_loss did not improve from 0.04565
Epoch 508/1000
14/14 - 3s - loss: 5.5605e-04 - val_loss: 0.0460

Epoch 00508: val_loss did not improve from 0.04565
Epoch 509/1000
14/14 - 3s - loss: 5.2342e-04 - val_loss: 0.0461

Epoch 00509: val_loss did not improve from 0.04565
Epoch 510/1000
14/14 - 3s - loss: 5.0776e-04 - val_loss: 0.0461

Epoch 00510: val_loss did not improve from 0.04565
Epoch 511/1000
14/14 - 3s - loss: 5.1075e-04 - val_loss: 0.0460

Epoch 00511: val_loss did not improve from 0.04565
Epoch 512/1000
14/14 - 3s - loss: 5.0726e-04 - val_loss: 0.0459

Epoch 00512: val_loss did not improve from 0.04565
Epoch 513/1000
14/14 - 3s - loss: 5.0376e-04 - val_loss: 0.0459

Epoch 00513: val_loss did not improve from 0.04565
Epoch 514/1000
14/14 - 3s - loss: 5.0571e-04 - val_loss: 0.0458

Epoch 00514: val_loss did not improve from 0.04565
Epoch 515/1000
14/14 - 3s - loss: 5.1115e-04 - val_loss: 0.0459

Epoch 00515: val_loss did not improve from 0.04565
Epoch 516/1000
14/14 - 3s - loss: 5.2346e-04 - val_loss: 0.0460

Epoch 00516: val_loss did not improve from 0.04565
Epoch 517/1000
14/14 - 3s - loss: 5.0404e-04 - val_loss: 0.0457

Epoch 00517: val_loss did not improve from 0.04565
Epoch 518/1000
14/14 - 3s - loss: 5.0334e-04 - val_loss: 0.0457

Epoch 00518: val_loss did not improve from 0.04565
Epoch 519/1000
14/14 - 3s - loss: 5.0866e-04 - val_loss: 0.0457

Epoch 00519: val_loss did not improve from 0.04565
Epoch 520/1000
14/14 - 3s - loss: 6.0108e-04 - val_loss: 0.0459

Epoch 00520: val_loss did not improve from 0.04565
Epoch 521/1000
14/14 - 3s - loss: 5.2395e-04 - val_loss: 0.0460

Epoch 00521: val_loss did not improve from 0.04565
Epoch 522/1000
14/14 - 3s - loss: 5.0753e-04 - val_loss: 0.0461

Epoch 00522: val_loss did not improve from 0.04565
Epoch 523/1000
14/14 - 3s - loss: 5.0103e-04 - val_loss: 0.0460

Epoch 00523: val_loss did not improve from 0.04565
Epoch 524/1000
14/14 - 3s - loss: 5.0105e-04 - val_loss: 0.0459

Epoch 00524: val_loss did not improve from 0.04565
Epoch 525/1000
14/14 - 3s - loss: 5.0115e-04 - val_loss: 0.0459

Epoch 00525: val_loss did not improve from 0.04565
Epoch 526/1000
14/14 - 3s - loss: 5.2019e-04 - val_loss: 0.0459

Epoch 00526: val_loss did not improve from 0.04565
Epoch 527/1000
14/14 - 3s - loss: 5.1124e-04 - val_loss: 0.0459

Epoch 00527: val_loss did not improve from 0.04565
Epoch 528/1000
14/14 - 3s - loss: 4.9863e-04 - val_loss: 0.0459

Epoch 00528: val_loss did not improve from 0.04565
Epoch 529/1000
14/14 - 3s - loss: 5.0520e-04 - val_loss: 0.0458

Epoch 00529: val_loss did not improve from 0.04565
Epoch 530/1000
14/14 - 3s - loss: 5.5392e-04 - val_loss: 0.0459

Epoch 00530: val_loss did not improve from 0.04565
Epoch 531/1000
14/14 - 3s - loss: 5.4472e-04 - val_loss: 0.0460

Epoch 00531: val_loss did not improve from 0.04565
Epoch 532/1000
14/14 - 3s - loss: 5.0667e-04 - val_loss: 0.0460

Epoch 00532: val_loss did not improve from 0.04565
Epoch 533/1000
14/14 - 3s - loss: 5.0071e-04 - val_loss: 0.0459

Epoch 00533: val_loss did not improve from 0.04565
Epoch 534/1000
14/14 - 3s - loss: 5.0608e-04 - val_loss: 0.0460

Epoch 00534: val_loss did not improve from 0.04565
Epoch 535/1000
14/14 - 3s - loss: 5.0075e-04 - val_loss: 0.0459

Epoch 00535: val_loss did not improve from 0.04565
Epoch 536/1000
14/14 - 3s - loss: 5.0129e-04 - val_loss: 0.0459

Epoch 00536: val_loss did not improve from 0.04565
Epoch 537/1000
14/14 - 3s - loss: 5.2004e-04 - val_loss: 0.0461

Epoch 00537: val_loss did not improve from 0.04565
Epoch 538/1000
14/14 - 3s - loss: 5.2007e-04 - val_loss: 0.0460

Epoch 00538: val_loss did not improve from 0.04565
Epoch 539/1000
14/14 - 3s - loss: 5.1366e-04 - val_loss: 0.0461

Epoch 00539: val_loss did not improve from 0.04565
Epoch 540/1000
14/14 - 3s - loss: 5.1188e-04 - val_loss: 0.0460

Epoch 00540: val_loss did not improve from 0.04565
Epoch 541/1000
14/14 - 3s - loss: 4.9917e-04 - val_loss: 0.0459

Epoch 00541: val_loss did not improve from 0.04565
Epoch 542/1000
14/14 - 3s - loss: 5.1379e-04 - val_loss: 0.0459

Epoch 00542: val_loss did not improve from 0.04565
Epoch 543/1000
14/14 - 3s - loss: 4.9639e-04 - val_loss: 0.0459

Epoch 00543: val_loss did not improve from 0.04565
Epoch 544/1000
14/14 - 3s - loss: 5.0393e-04 - val_loss: 0.0457

Epoch 00544: val_loss did not improve from 0.04565
Epoch 00544: early stopping
Model: "model_10"
_________________________________________________________________
Layer (type)                 Output Shape              Param #   
=================================================================
input_16 (InputLayer)        [(None, 7, 7, 4, 1)]      0         
_________________________________________________________________
zero_padding3d_5 (ZeroPaddin (None, 8, 8, 4, 1)        0         
_________________________________________________________________
conv3d_35 (Conv3D)           (None, 8, 8, 4, 8)        224       
_________________________________________________________________
max_pooling3d_10 (MaxPooling (None, 4, 4, 2, 8)        0         
_________________________________________________________________
conv3d_36 (Conv3D)           (None, 4, 4, 2, 4)        868       
_________________________________________________________________
max_pooling3d_11 (MaxPooling (None, 2, 2, 1, 4)        0         
_________________________________________________________________
conv3d_37 (Conv3D)           (None, 2, 2, 1, 4)        436       
=================================================================
Total params: 1,528
Trainable params: 1,528
Non-trainable params: 0
_________________________________________________________________
Performance on train dataset (mean error): 0.005115935113281012
Model: "model_11"
_________________________________________________________________
Layer (type)                 Output Shape              Param #   
=================================================================
input_16 (InputLayer)        [(None, 7, 7, 4, 1)]      0         
_________________________________________________________________
zero_padding3d_5 (ZeroPaddin (None, 8, 8, 4, 1)        0         
_________________________________________________________________
conv3d_35 (Conv3D)           (None, 8, 8, 4, 8)        224       
_________________________________________________________________
max_pooling3d_10 (MaxPooling (None, 4, 4, 2, 8)        0         
_________________________________________________________________
conv3d_36 (Conv3D)           (None, 4, 4, 2, 4)        868       
_________________________________________________________________
max_pooling3d_11 (MaxPooling (None, 2, 2, 1, 4)        0         
_________________________________________________________________
conv3d_37 (Conv3D)           (None, 2, 2, 1, 4)        436       
=================================================================
Total params: 1,528
Trainable params: 1,528
Non-trainable params: 0
_________________________________________________________________
Performance on test dataset (mean error): 0.1365501433610916
