[ 13.14519438  30.04553007  46.53366244  63.02179482  79.5099272
  95.99805957 112.48619195 128.97432432 145.4624567  161.95058908
 178.43872145 194.92685383 211.41498621 227.90311858 244.39125096
 260.87938334 277.36751571 293.85564809 310.34378047 326.83191284
 343.32004522 359.80817759 376.29630997 392.78444235 409.27257472
 425.7607071 ]
Before undersampling: [(0, 375), (1, 834), (2, 3661), (3, 4955), (4, 3156), (5, 2425), (6, 2195), (7, 1862), (8, 1648), (9, 1497), (10, 1418), (11, 1313), (12, 1182), (13, 1082), (14, 902), (15, 843), (16, 708), (17, 675), (18, 486), (19, 429), (20, 347), (21, 282), (22, 251), (23, 195), (24, 209)]
After undersampling: [(0, 180), (1, 464), (2, 2604), (3, 3493), (4, 2157), (5, 1757), (6, 1595), (7, 1360), (8, 1170), (9, 1063), (10, 1009), (11, 927), (12, 801), (13, 762), (14, 632), (15, 576), (16, 508), (17, 482), (18, 326), (19, 293), (20, 223), (21, 182), (22, 171), (23, 195), (24, 174)]
            label  HH_0_0_x  HV_0_0_x  IA_0_0_x       FYI      DFYI       MYI     rms_0     thk_1     rms_1     thk_2     rms_2     thk_3     rms_3  ...    3         4    5         6         7         8         9        10   11        12   13        14        15                                                CNN
0       16.591991  0.207843  0.074510  0.107163  0.459811  0.437262  0.102927  4.694585  1.208273  4.684947  1.169366  4.672898  1.181860  4.637446  ...  0.0  1.001258  0.0  0.637747  0.544611  0.845231  0.309426  0.940225  0.0  0.722151  0.0  0.731047  0.481266  [[[[0.1843137254901961], [0.107125181310317], ...
1       16.899340  0.211765  0.043137  0.102548  0.662166  0.284149  0.053685  4.586908  1.178629  4.566059  1.133812  4.529840  1.162245  4.519523  ...  0.0  1.047919  0.0  0.654936  0.600133  0.874181  0.321369  0.980012  0.0  0.765743  0.0  0.753321  0.532483  [[[[0.1843137254901961], [0.1025077670228247],...
2       23.796748  0.235294  0.047059  0.102682  0.908511  0.060969  0.030520  4.460052  1.144182  4.517457  1.139317  4.489924  1.134030  4.401080  ...  0.0  1.060720  0.0  0.663864  0.619169  0.871521  0.329851  0.978047  0.0  0.760044  0.0  0.748768  0.521453  [[[[0.2117647058823529], [0.1026415058210784],...
3       28.264514  0.286275  0.156863  0.146045  0.045172  0.012247  0.942581  5.010605  1.371971  4.936222  1.323858  5.000009  1.365415  4.975913  ...  0.0  0.619908  0.0  0.433374  0.241199  0.548789  0.339326  0.467322  0.0  0.440536  0.0  0.476848  0.225185  [[[[0.1686274509803921], [0.146076935412837], ...
4       19.230339  0.305882  0.078431  0.116068  0.165738  0.144988  0.689274  4.687588  1.210290  4.752279  1.204955  4.763333  1.227420  4.758553  ...  0.0  0.969242  0.0  0.624916  0.476847  0.793309  0.284102  0.899568  0.0  0.689114  0.0  0.707050  0.409879  [[[[0.2196078431372549], [0.1160293728697533],...
...           ...       ...       ...       ...       ...       ...       ...       ...       ...       ...       ...       ...       ...       ...  ...  ...       ...  ...       ...       ...       ...       ...       ...  ...       ...  ...       ...       ...                                                ...
23099  417.027580  0.505882  0.090196  0.152162  0.185910  0.031902  0.782188  4.486675  1.202497  4.531466  1.252972  4.593008  1.239219  4.510143  ...  0.0  0.839703  0.0  0.468273  0.499118  0.650608  0.278814  0.681403  0.0  0.621146  0.0  0.548368  0.455899  [[[[0.4196078431372549], [0.15219440834195], [...
23100  417.866263  0.392157  0.125490  0.152184  0.189279  0.051355  0.759366  4.590506  1.242536  4.658542  1.255140  4.682031  1.275536  4.639037  ...  0.0  0.753041  0.0  0.432618  0.424933  0.606180  0.279904  0.615722  0.0  0.551801  0.0  0.504145  0.391604  [[[[0.3490196078431372], [0.1522158155254289],...
23101  421.196328  0.631373  0.466667  0.154089  0.004261  0.000064  0.995674  1.187829  0.197352  0.941815  0.203265  0.245285  0.157730  0.213412  ...  0.0  0.644292  0.0  0.466233  0.184014  0.544459  0.317551  0.496343  0.0  0.488684  0.0  0.521621  0.200857  [[[[0.596078431372549], [0.1541208603802849], ...
23102  416.289186  0.517647  0.160784  0.153404  0.011037  0.000341  0.988622  1.187829  0.197352  0.941815  0.203265  0.245285  0.157730  0.213412  ...  0.0  0.792541  0.0  0.518223  0.461039  0.679398  0.335284  0.699151  0.0  0.512142  0.0  0.532694  0.315921  [[[[0.4078431372549019], [0.1534358903473499],...
23103  423.194662  0.341176  0.274510  0.153307  0.003870  0.000024  0.996105  1.187829  0.197352  0.941815  0.203265  0.245285  0.157730  0.213412  ...  0.0  0.712026  0.0  0.452670  0.356484  0.560431  0.500874  0.445316  0.0  0.508642  0.0  0.462847  0.257479  [[[[0.5686274509803921], [0.1533395804610907],...

[23104 rows x 128 columns]
Size of dataset: (23104, 127)
*************************** Fold #: 1 ***************************
Model: "model"
__________________________________________________________________________________________________
 Layer (type)                   Output Shape         Param #     Connected to                     
==================================================================================================
 conv (InputLayer)              [(None, 7, 7, 3, 1)  0           []                               
                                ]                                                                 
                                                                                                  
 zero_padding3d (ZeroPadding3D)  (None, 8, 8, 4, 1)  0           ['conv[0][0]']                   
                                                                                                  
 conv3d (Conv3D)                (None, 8, 8, 4, 8)   224         ['zero_padding3d[0][0]']         
                                                                                                  
 max_pooling3d (MaxPooling3D)   (None, 4, 4, 2, 8)   0           ['conv3d[0][0]']                 
                                                                                                  
 conv3d_1 (Conv3D)              (None, 4, 4, 2, 4)   868         ['max_pooling3d[0][0]']          
                                                                                                  
 max_pooling3d_1 (MaxPooling3D)  (None, 2, 2, 1, 4)  0           ['conv3d_1[0][0]']               
                                                                                                  
 cat (InputLayer)               [(None, 126)]        0           []                               
                                                                                                  
 flatten (Flatten)              (None, 16)           0           ['max_pooling3d_1[0][0]']        
                                                                                                  
 concatenate (Concatenate)      (None, 142)          0           ['cat[0][0]',                    
                                                                  'flatten[0][0]']                
                                                                                                  
 dense (Dense)                  (None, 200)          28600       ['concatenate[0][0]']            
                                                                                                  
 dense_1 (Dense)                (None, 200)          40200       ['dense[0][0]']                  
                                                                                                  
 dense_2 (Dense)                (None, 200)          40200       ['dense_1[0][0]']                
                                                                                                  
 dense_3 (Dense)                (None, 200)          40200       ['dense_2[0][0]']                
                                                                                                  
 dense_4 (Dense)                (None, 200)          40200       ['dense_3[0][0]']                
                                                                                                  
 dense_5 (Dense)                (None, 1)            201         ['dense_4[0][0]']                
                                                                                                  
==================================================================================================
Total params: 190,693
Trainable params: 190,693
Non-trainable params: 0
__________________________________________________________________________________________________
Epoch 1/10000

Epoch 1: val_loss improved from inf to 2.50709, saving model to ./results/NN_rms_regr/ResNet/recursion_48/ckpt_1
12/12 - 3s - loss: 8.4723 - mse: 8.4723 - mae: 2.4361 - val_loss: 2.5071 - val_mse: 2.5071 - val_mae: 1.3728 - 3s/epoch - 281ms/step
Epoch 2/10000

Epoch 2: val_loss improved from 2.50709 to 1.07828, saving model to ./results/NN_rms_regr/ResNet/recursion_48/ckpt_1
12/12 - 3s - loss: 1.7237 - mse: 1.7237 - mae: 0.9969 - val_loss: 1.0783 - val_mse: 1.0783 - val_mae: 0.6744 - 3s/epoch - 234ms/step
Epoch 3/10000

Epoch 3: val_loss improved from 1.07828 to 0.84213, saving model to ./results/NN_rms_regr/ResNet/recursion_48/ckpt_1
12/12 - 3s - loss: 1.0250 - mse: 1.0250 - mae: 0.6605 - val_loss: 0.8421 - val_mse: 0.8421 - val_mae: 0.5842 - 3s/epoch - 231ms/step
Epoch 4/10000

Epoch 4: val_loss improved from 0.84213 to 0.54444, saving model to ./results/NN_rms_regr/ResNet/recursion_48/ckpt_1
12/12 - 3s - loss: 0.7472 - mse: 0.7472 - mae: 0.5636 - val_loss: 0.5444 - val_mse: 0.5444 - val_mae: 0.5268 - 3s/epoch - 232ms/step
Epoch 5/10000

Epoch 5: val_loss improved from 0.54444 to 0.28273, saving model to ./results/NN_rms_regr/ResNet/recursion_48/ckpt_1
12/12 - 3s - loss: 0.4080 - mse: 0.4080 - mae: 0.4834 - val_loss: 0.2827 - val_mse: 0.2827 - val_mae: 0.4335 - 3s/epoch - 236ms/step
Epoch 6/10000

Epoch 6: val_loss improved from 0.28273 to 0.28252, saving model to ./results/NN_rms_regr/ResNet/recursion_48/ckpt_1
12/12 - 3s - loss: 0.3025 - mse: 0.3025 - mae: 0.4451 - val_loss: 0.2825 - val_mse: 0.2825 - val_mae: 0.4324 - 3s/epoch - 241ms/step
Epoch 7/10000

Epoch 7: val_loss improved from 0.28252 to 0.28105, saving model to ./results/NN_rms_regr/ResNet/recursion_48/ckpt_1
12/12 - 3s - loss: 0.2844 - mse: 0.2844 - mae: 0.4321 - val_loss: 0.2811 - val_mse: 0.2811 - val_mae: 0.4302 - 3s/epoch - 246ms/step
Epoch 8/10000

Epoch 8: val_loss did not improve from 0.28105
12/12 - 2s - loss: 0.2830 - mse: 0.2830 - mae: 0.4321 - val_loss: 0.2833 - val_mse: 0.2833 - val_mae: 0.4345 - 2s/epoch - 171ms/step
Epoch 9/10000

Epoch 9: val_loss improved from 0.28105 to 0.27793, saving model to ./results/NN_rms_regr/ResNet/recursion_48/ckpt_1
12/12 - 3s - loss: 0.2837 - mse: 0.2837 - mae: 0.4321 - val_loss: 0.2779 - val_mse: 0.2779 - val_mae: 0.4290 - 3s/epoch - 244ms/step
Epoch 10/10000

Epoch 10: val_loss did not improve from 0.27793
12/12 - 2s - loss: 0.2812 - mse: 0.2812 - mae: 0.4301 - val_loss: 0.2793 - val_mse: 0.2793 - val_mae: 0.4304 - 2s/epoch - 171ms/step
Epoch 11/10000

Epoch 11: val_loss improved from 0.27793 to 0.27646, saving model to ./results/NN_rms_regr/ResNet/recursion_48/ckpt_1
12/12 - 3s - loss: 0.2810 - mse: 0.2810 - mae: 0.4307 - val_loss: 0.2765 - val_mse: 0.2765 - val_mae: 0.4270 - 3s/epoch - 240ms/step
Epoch 12/10000

Epoch 12: val_loss improved from 0.27646 to 0.27643, saving model to ./results/NN_rms_regr/ResNet/recursion_48/ckpt_1
12/12 - 3s - loss: 0.2785 - mse: 0.2785 - mae: 0.4285 - val_loss: 0.2764 - val_mse: 0.2764 - val_mae: 0.4275 - 3s/epoch - 246ms/step
Epoch 13/10000

Epoch 13: val_loss improved from 0.27643 to 0.27533, saving model to ./results/NN_rms_regr/ResNet/recursion_48/ckpt_1
12/12 - 3s - loss: 0.2785 - mse: 0.2785 - mae: 0.4283 - val_loss: 0.2753 - val_mse: 0.2753 - val_mae: 0.4260 - 3s/epoch - 251ms/step
Epoch 14/10000

Epoch 14: val_loss improved from 0.27533 to 0.27504, saving model to ./results/NN_rms_regr/ResNet/recursion_48/ckpt_1
12/12 - 3s - loss: 0.2776 - mse: 0.2776 - mae: 0.4274 - val_loss: 0.2750 - val_mse: 0.2750 - val_mae: 0.4253 - 3s/epoch - 246ms/step
Epoch 15/10000

Epoch 15: val_loss did not improve from 0.27504
12/12 - 2s - loss: 0.2777 - mse: 0.2777 - mae: 0.4271 - val_loss: 0.2766 - val_mse: 0.2766 - val_mae: 0.4273 - 2s/epoch - 171ms/step
Epoch 16/10000

Epoch 16: val_loss improved from 0.27504 to 0.27445, saving model to ./results/NN_rms_regr/ResNet/recursion_48/ckpt_1
12/12 - 3s - loss: 0.2777 - mse: 0.2777 - mae: 0.4270 - val_loss: 0.2745 - val_mse: 0.2745 - val_mae: 0.4247 - 3s/epoch - 239ms/step
Epoch 17/10000

Epoch 17: val_loss did not improve from 0.27445
12/12 - 2s - loss: 0.2774 - mse: 0.2774 - mae: 0.4264 - val_loss: 0.2750 - val_mse: 0.2750 - val_mae: 0.4245 - 2s/epoch - 170ms/step
Epoch 18/10000

Epoch 18: val_loss did not improve from 0.27445
12/12 - 2s - loss: 0.2804 - mse: 0.2804 - mae: 0.4286 - val_loss: 0.2915 - val_mse: 0.2915 - val_mae: 0.4339 - 2s/epoch - 172ms/step
Epoch 19/10000

Epoch 19: val_loss did not improve from 0.27445
12/12 - 2s - loss: 0.2833 - mse: 0.2833 - mae: 0.4300 - val_loss: 0.2806 - val_mse: 0.2806 - val_mae: 0.4273 - 2s/epoch - 171ms/step
Epoch 20/10000

Epoch 20: val_loss did not improve from 0.27445
12/12 - 2s - loss: 0.2807 - mse: 0.2807 - mae: 0.4285 - val_loss: 0.2753 - val_mse: 0.2753 - val_mae: 0.4242 - 2s/epoch - 171ms/step
Epoch 21/10000

Epoch 21: val_loss did not improve from 0.27445
12/12 - 2s - loss: 0.2770 - mse: 0.2770 - mae: 0.4263 - val_loss: 0.2753 - val_mse: 0.2753 - val_mae: 0.4252 - 2s/epoch - 172ms/step
Epoch 22/10000

Epoch 22: val_loss did not improve from 0.27445
12/12 - 2s - loss: 0.2770 - mse: 0.2770 - mae: 0.4253 - val_loss: 0.2761 - val_mse: 0.2761 - val_mae: 0.4263 - 2s/epoch - 171ms/step
Epoch 23/10000

Epoch 23: val_loss did not improve from 0.27445
12/12 - 2s - loss: 0.2763 - mse: 0.2763 - mae: 0.4250 - val_loss: 0.2764 - val_mse: 0.2764 - val_mae: 0.4264 - 2s/epoch - 171ms/step
Epoch 24/10000

Epoch 24: val_loss did not improve from 0.27445
12/12 - 2s - loss: 0.2759 - mse: 0.2759 - mae: 0.4247 - val_loss: 0.2745 - val_mse: 0.2745 - val_mae: 0.4246 - 2s/epoch - 172ms/step
Epoch 25/10000

Epoch 25: val_loss did not improve from 0.27445
12/12 - 2s - loss: 0.2752 - mse: 0.2752 - mae: 0.4240 - val_loss: 0.2768 - val_mse: 0.2768 - val_mae: 0.4244 - 2s/epoch - 172ms/step
Epoch 26/10000

Epoch 26: val_loss improved from 0.27445 to 0.27321, saving model to ./results/NN_rms_regr/ResNet/recursion_48/ckpt_1
12/12 - 3s - loss: 0.2788 - mse: 0.2788 - mae: 0.4262 - val_loss: 0.2732 - val_mse: 0.2732 - val_mae: 0.4228 - 3s/epoch - 254ms/step
Epoch 27/10000

Epoch 27: val_loss did not improve from 0.27321
12/12 - 2s - loss: 0.2762 - mse: 0.2762 - mae: 0.4247 - val_loss: 0.2787 - val_mse: 0.2787 - val_mae: 0.4282 - 2s/epoch - 172ms/step
Epoch 28/10000

Epoch 28: val_loss did not improve from 0.27321
12/12 - 2s - loss: 0.2761 - mse: 0.2761 - mae: 0.4250 - val_loss: 0.2736 - val_mse: 0.2736 - val_mae: 0.4224 - 2s/epoch - 171ms/step
Epoch 29/10000

Epoch 29: val_loss did not improve from 0.27321
12/12 - 2s - loss: 0.2754 - mse: 0.2754 - mae: 0.4240 - val_loss: 0.2739 - val_mse: 0.2739 - val_mae: 0.4229 - 2s/epoch - 171ms/step
Epoch 30/10000

Epoch 30: val_loss did not improve from 0.27321
12/12 - 2s - loss: 0.2758 - mse: 0.2758 - mae: 0.4246 - val_loss: 0.2751 - val_mse: 0.2751 - val_mae: 0.4247 - 2s/epoch - 173ms/step
Epoch 31/10000

Epoch 31: val_loss did not improve from 0.27321
12/12 - 2s - loss: 0.2795 - mse: 0.2795 - mae: 0.4271 - val_loss: 0.2733 - val_mse: 0.2733 - val_mae: 0.4228 - 2s/epoch - 171ms/step
Epoch 32/10000

Epoch 32: val_loss did not improve from 0.27321
12/12 - 2s - loss: 0.2774 - mse: 0.2774 - mae: 0.4257 - val_loss: 0.2830 - val_mse: 0.2830 - val_mae: 0.4275 - 2s/epoch - 170ms/step
Epoch 33/10000

Epoch 33: val_loss improved from 0.27321 to 0.27290, saving model to ./results/NN_rms_regr/ResNet/recursion_48/ckpt_1
12/12 - 3s - loss: 0.2804 - mse: 0.2804 - mae: 0.4273 - val_loss: 0.2729 - val_mse: 0.2729 - val_mae: 0.4220 - 3s/epoch - 246ms/step
Epoch 34/10000

Epoch 34: val_loss did not improve from 0.27290
12/12 - 2s - loss: 0.2762 - mse: 0.2762 - mae: 0.4242 - val_loss: 0.2743 - val_mse: 0.2743 - val_mae: 0.4239 - 2s/epoch - 172ms/step
Epoch 35/10000

Epoch 35: val_loss did not improve from 0.27290
12/12 - 2s - loss: 0.2750 - mse: 0.2750 - mae: 0.4235 - val_loss: 0.2820 - val_mse: 0.2820 - val_mae: 0.4304 - 2s/epoch - 173ms/step
Epoch 36/10000

Epoch 36: val_loss did not improve from 0.27290
12/12 - 2s - loss: 0.2754 - mse: 0.2754 - mae: 0.4238 - val_loss: 0.2750 - val_mse: 0.2750 - val_mae: 0.4245 - 2s/epoch - 175ms/step
Epoch 37/10000

Epoch 37: val_loss did not improve from 0.27290
12/12 - 2s - loss: 0.2763 - mse: 0.2763 - mae: 0.4244 - val_loss: 0.2837 - val_mse: 0.2837 - val_mae: 0.4317 - 2s/epoch - 173ms/step
Epoch 38/10000

Epoch 38: val_loss did not improve from 0.27290
12/12 - 2s - loss: 0.2781 - mse: 0.2781 - mae: 0.4256 - val_loss: 0.2734 - val_mse: 0.2734 - val_mae: 0.4230 - 2s/epoch - 172ms/step
Epoch 39/10000

Epoch 39: val_loss did not improve from 0.27290
12/12 - 2s - loss: 0.2750 - mse: 0.2750 - mae: 0.4235 - val_loss: 0.2765 - val_mse: 0.2765 - val_mae: 0.4257 - 2s/epoch - 171ms/step
Epoch 40/10000

Epoch 40: val_loss did not improve from 0.27290
12/12 - 2s - loss: 0.2764 - mse: 0.2764 - mae: 0.4245 - val_loss: 0.2732 - val_mse: 0.2732 - val_mae: 0.4215 - 2s/epoch - 177ms/step
Epoch 41/10000

Epoch 41: val_loss did not improve from 0.27290
12/12 - 2s - loss: 0.2753 - mse: 0.2753 - mae: 0.4235 - val_loss: 0.2744 - val_mse: 0.2744 - val_mae: 0.4223 - 2s/epoch - 171ms/step
Epoch 42/10000

Epoch 42: val_loss improved from 0.27290 to 0.27246, saving model to ./results/NN_rms_regr/ResNet/recursion_48/ckpt_1
12/12 - 3s - loss: 0.2747 - mse: 0.2747 - mae: 0.4230 - val_loss: 0.2725 - val_mse: 0.2725 - val_mae: 0.4215 - 3s/epoch - 240ms/step
Epoch 43/10000

Epoch 43: val_loss did not improve from 0.27246
12/12 - 2s - loss: 0.2764 - mse: 0.2764 - mae: 0.4243 - val_loss: 0.2725 - val_mse: 0.2725 - val_mae: 0.4218 - 2s/epoch - 171ms/step
Epoch 44/10000

Epoch 44: val_loss did not improve from 0.27246
12/12 - 2s - loss: 0.2740 - mse: 0.2740 - mae: 0.4227 - val_loss: 0.2739 - val_mse: 0.2739 - val_mae: 0.4231 - 2s/epoch - 177ms/step
Epoch 45/10000

Epoch 45: val_loss improved from 0.27246 to 0.27219, saving model to ./results/NN_rms_regr/ResNet/recursion_48/ckpt_1
12/12 - 3s - loss: 0.2756 - mse: 0.2756 - mae: 0.4238 - val_loss: 0.2722 - val_mse: 0.2722 - val_mae: 0.4212 - 3s/epoch - 246ms/step
Epoch 46/10000

Epoch 46: val_loss did not improve from 0.27219
12/12 - 2s - loss: 0.2760 - mse: 0.2760 - mae: 0.4240 - val_loss: 0.2737 - val_mse: 0.2737 - val_mae: 0.4215 - 2s/epoch - 171ms/step
Epoch 47/10000

Epoch 47: val_loss did not improve from 0.27219
12/12 - 2s - loss: 0.2762 - mse: 0.2762 - mae: 0.4238 - val_loss: 0.2823 - val_mse: 0.2823 - val_mae: 0.4302 - 2s/epoch - 177ms/step
Epoch 48/10000

Epoch 48: val_loss improved from 0.27219 to 0.27215, saving model to ./results/NN_rms_regr/ResNet/recursion_48/ckpt_1
12/12 - 3s - loss: 0.2781 - mse: 0.2781 - mae: 0.4259 - val_loss: 0.2721 - val_mse: 0.2721 - val_mae: 0.4212 - 3s/epoch - 247ms/step
Epoch 49/10000

Epoch 49: val_loss did not improve from 0.27215
12/12 - 2s - loss: 0.2739 - mse: 0.2739 - mae: 0.4222 - val_loss: 0.2778 - val_mse: 0.2778 - val_mae: 0.4237 - 2s/epoch - 172ms/step
Epoch 50/10000

Epoch 50: val_loss did not improve from 0.27215
12/12 - 2s - loss: 0.2765 - mse: 0.2765 - mae: 0.4241 - val_loss: 0.2750 - val_mse: 0.2750 - val_mae: 0.4241 - 2s/epoch - 172ms/step
Epoch 51/10000

Epoch 51: val_loss did not improve from 0.27215
12/12 - 2s - loss: 0.2751 - mse: 0.2751 - mae: 0.4235 - val_loss: 0.2723 - val_mse: 0.2723 - val_mae: 0.4210 - 2s/epoch - 171ms/step
Epoch 52/10000

Epoch 52: val_loss did not improve from 0.27215
12/12 - 2s - loss: 0.2746 - mse: 0.2746 - mae: 0.4228 - val_loss: 0.2730 - val_mse: 0.2730 - val_mae: 0.4221 - 2s/epoch - 170ms/step
Epoch 53/10000

Epoch 53: val_loss did not improve from 0.27215
12/12 - 2s - loss: 0.2746 - mse: 0.2746 - mae: 0.4228 - val_loss: 0.2722 - val_mse: 0.2722 - val_mae: 0.4208 - 2s/epoch - 170ms/step
Epoch 54/10000

Epoch 54: val_loss did not improve from 0.27215
12/12 - 2s - loss: 0.2741 - mse: 0.2741 - mae: 0.4224 - val_loss: 0.2748 - val_mse: 0.2748 - val_mae: 0.4238 - 2s/epoch - 170ms/step
Epoch 55/10000

Epoch 55: val_loss did not improve from 0.27215
12/12 - 2s - loss: 0.2767 - mse: 0.2767 - mae: 0.4244 - val_loss: 0.2879 - val_mse: 0.2879 - val_mae: 0.4298 - 2s/epoch - 171ms/step
Epoch 56/10000

Epoch 56: val_loss improved from 0.27215 to 0.27206, saving model to ./results/NN_rms_regr/ResNet/recursion_48/ckpt_1
12/12 - 3s - loss: 0.2790 - mse: 0.2790 - mae: 0.4257 - val_loss: 0.2721 - val_mse: 0.2721 - val_mae: 0.4206 - 3s/epoch - 239ms/step
Epoch 57/10000

Epoch 57: val_loss did not improve from 0.27206
12/12 - 2s - loss: 0.2745 - mse: 0.2745 - mae: 0.4224 - val_loss: 0.2725 - val_mse: 0.2725 - val_mae: 0.4211 - 2s/epoch - 170ms/step
Epoch 58/10000

Epoch 58: val_loss did not improve from 0.27206
12/12 - 2s - loss: 0.2739 - mse: 0.2739 - mae: 0.4221 - val_loss: 0.2725 - val_mse: 0.2725 - val_mae: 0.4215 - 2s/epoch - 171ms/step
Epoch 59/10000

Epoch 59: val_loss did not improve from 0.27206
12/12 - 2s - loss: 0.2752 - mse: 0.2752 - mae: 0.4235 - val_loss: 0.2797 - val_mse: 0.2797 - val_mae: 0.4280 - 2s/epoch - 172ms/step
Epoch 60/10000

Epoch 60: val_loss did not improve from 0.27206
12/12 - 2s - loss: 0.2747 - mse: 0.2747 - mae: 0.4229 - val_loss: 0.2763 - val_mse: 0.2763 - val_mae: 0.4227 - 2s/epoch - 170ms/step
Epoch 61/10000

Epoch 61: val_loss did not improve from 0.27206
12/12 - 2s - loss: 0.2752 - mse: 0.2752 - mae: 0.4235 - val_loss: 0.2739 - val_mse: 0.2739 - val_mae: 0.4211 - 2s/epoch - 171ms/step
Epoch 62/10000

Epoch 62: val_loss improved from 0.27206 to 0.27187, saving model to ./results/NN_rms_regr/ResNet/recursion_48/ckpt_1
12/12 - 3s - loss: 0.2765 - mse: 0.2765 - mae: 0.4236 - val_loss: 0.2719 - val_mse: 0.2719 - val_mae: 0.4207 - 3s/epoch - 244ms/step
Epoch 63/10000

Epoch 63: val_loss did not improve from 0.27187
12/12 - 2s - loss: 0.2757 - mse: 0.2757 - mae: 0.4228 - val_loss: 0.2808 - val_mse: 0.2808 - val_mae: 0.4288 - 2s/epoch - 170ms/step
Epoch 64/10000

Epoch 64: val_loss did not improve from 0.27187
12/12 - 2s - loss: 0.2759 - mse: 0.2759 - mae: 0.4238 - val_loss: 0.2728 - val_mse: 0.2728 - val_mae: 0.4206 - 2s/epoch - 171ms/step
Epoch 65/10000

Epoch 65: val_loss did not improve from 0.27187
12/12 - 2s - loss: 0.2807 - mse: 0.2807 - mae: 0.4267 - val_loss: 0.2933 - val_mse: 0.2933 - val_mae: 0.4382 - 2s/epoch - 171ms/step
Epoch 66/10000

Epoch 66: val_loss did not improve from 0.27187
12/12 - 2s - loss: 0.2809 - mse: 0.2809 - mae: 0.4270 - val_loss: 0.2748 - val_mse: 0.2748 - val_mae: 0.4218 - 2s/epoch - 171ms/step
Epoch 67/10000

Epoch 67: val_loss did not improve from 0.27187
12/12 - 2s - loss: 0.2753 - mse: 0.2753 - mae: 0.4227 - val_loss: 0.2793 - val_mse: 0.2793 - val_mae: 0.4276 - 2s/epoch - 171ms/step
Epoch 68/10000

Epoch 68: val_loss did not improve from 0.27187
12/12 - 2s - loss: 0.2761 - mse: 0.2761 - mae: 0.4240 - val_loss: 0.2778 - val_mse: 0.2778 - val_mae: 0.4234 - 2s/epoch - 171ms/step
Epoch 69/10000

Epoch 69: val_loss did not improve from 0.27187
12/12 - 2s - loss: 0.2758 - mse: 0.2758 - mae: 0.4237 - val_loss: 0.2764 - val_mse: 0.2764 - val_mae: 0.4249 - 2s/epoch - 171ms/step
Epoch 70/10000

Epoch 70: val_loss did not improve from 0.27187
12/12 - 2s - loss: 0.2750 - mse: 0.2750 - mae: 0.4228 - val_loss: 0.2719 - val_mse: 0.2719 - val_mae: 0.4207 - 2s/epoch - 171ms/step
Epoch 71/10000

Epoch 71: val_loss improved from 0.27187 to 0.27179, saving model to ./results/NN_rms_regr/ResNet/recursion_48/ckpt_1
12/12 - 3s - loss: 0.2772 - mse: 0.2772 - mae: 0.4243 - val_loss: 0.2718 - val_mse: 0.2718 - val_mae: 0.4204 - 3s/epoch - 244ms/step
Epoch 72/10000

Epoch 72: val_loss did not improve from 0.27179
12/12 - 2s - loss: 0.2752 - mse: 0.2752 - mae: 0.4231 - val_loss: 0.2736 - val_mse: 0.2736 - val_mae: 0.4209 - 2s/epoch - 171ms/step
Epoch 73/10000

Epoch 73: val_loss did not improve from 0.27179
12/12 - 2s - loss: 0.2746 - mse: 0.2746 - mae: 0.4227 - val_loss: 0.2728 - val_mse: 0.2728 - val_mae: 0.4219 - 2s/epoch - 173ms/step
Epoch 74/10000

Epoch 74: val_loss did not improve from 0.27179
12/12 - 2s - loss: 0.2757 - mse: 0.2757 - mae: 0.4234 - val_loss: 0.2734 - val_mse: 0.2734 - val_mae: 0.4220 - 2s/epoch - 174ms/step
Epoch 75/10000

Epoch 75: val_loss did not improve from 0.27179
12/12 - 2s - loss: 0.2749 - mse: 0.2749 - mae: 0.4229 - val_loss: 0.2721 - val_mse: 0.2721 - val_mae: 0.4206 - 2s/epoch - 171ms/step
Epoch 76/10000

Epoch 76: val_loss did not improve from 0.27179
12/12 - 2s - loss: 0.2762 - mse: 0.2762 - mae: 0.4239 - val_loss: 0.2728 - val_mse: 0.2728 - val_mae: 0.4206 - 2s/epoch - 171ms/step
Epoch 77/10000

Epoch 77: val_loss did not improve from 0.27179
12/12 - 2s - loss: 0.2755 - mse: 0.2755 - mae: 0.4226 - val_loss: 0.2775 - val_mse: 0.2775 - val_mae: 0.4260 - 2s/epoch - 171ms/step
Epoch 78/10000

Epoch 78: val_loss did not improve from 0.27179
12/12 - 2s - loss: 0.2759 - mse: 0.2759 - mae: 0.4230 - val_loss: 0.2822 - val_mse: 0.2822 - val_mae: 0.4261 - 2s/epoch - 173ms/step
Epoch 79/10000

Epoch 79: val_loss did not improve from 0.27179
12/12 - 2s - loss: 0.2790 - mse: 0.2790 - mae: 0.4251 - val_loss: 0.2763 - val_mse: 0.2763 - val_mae: 0.4222 - 2s/epoch - 174ms/step
Epoch 80/10000

Epoch 80: val_loss did not improve from 0.27179
12/12 - 2s - loss: 0.2846 - mse: 0.2846 - mae: 0.4291 - val_loss: 0.2799 - val_mse: 0.2799 - val_mae: 0.4277 - 2s/epoch - 174ms/step
Epoch 81/10000

Epoch 81: val_loss did not improve from 0.27179
12/12 - 2s - loss: 0.2800 - mse: 0.2800 - mae: 0.4264 - val_loss: 0.2730 - val_mse: 0.2730 - val_mae: 0.4207 - 2s/epoch - 172ms/step
Epoch 82/10000

Epoch 82: val_loss did not improve from 0.27179
12/12 - 2s - loss: 0.2741 - mse: 0.2741 - mae: 0.4220 - val_loss: 0.2721 - val_mse: 0.2721 - val_mae: 0.4210 - 2s/epoch - 170ms/step
Epoch 83/10000

Epoch 83: val_loss did not improve from 0.27179
12/12 - 2s - loss: 0.2746 - mse: 0.2746 - mae: 0.4226 - val_loss: 0.2734 - val_mse: 0.2734 - val_mae: 0.4206 - 2s/epoch - 171ms/step
Epoch 84/10000

Epoch 84: val_loss did not improve from 0.27179
12/12 - 2s - loss: 0.2752 - mse: 0.2752 - mae: 0.4226 - val_loss: 0.2721 - val_mse: 0.2721 - val_mae: 0.4203 - 2s/epoch - 171ms/step
Epoch 85/10000

Epoch 85: val_loss did not improve from 0.27179
12/12 - 2s - loss: 0.2749 - mse: 0.2749 - mae: 0.4223 - val_loss: 0.2720 - val_mse: 0.2720 - val_mae: 0.4208 - 2s/epoch - 171ms/step
Epoch 86/10000

Epoch 86: val_loss did not improve from 0.27179
12/12 - 2s - loss: 0.2730 - mse: 0.2730 - mae: 0.4211 - val_loss: 0.2720 - val_mse: 0.2720 - val_mae: 0.4198 - 2s/epoch - 172ms/step
Epoch 87/10000

Epoch 87: val_loss improved from 0.27179 to 0.27164, saving model to ./results/NN_rms_regr/ResNet/recursion_48/ckpt_1
12/12 - 3s - loss: 0.2778 - mse: 0.2778 - mae: 0.4241 - val_loss: 0.2716 - val_mse: 0.2716 - val_mae: 0.4203 - 3s/epoch - 245ms/step
Epoch 88/10000

Epoch 88: val_loss did not improve from 0.27164
12/12 - 2s - loss: 0.2785 - mse: 0.2785 - mae: 0.4250 - val_loss: 0.2831 - val_mse: 0.2831 - val_mae: 0.4300 - 2s/epoch - 171ms/step
Epoch 89/10000

Epoch 89: val_loss did not improve from 0.27164
12/12 - 2s - loss: 0.2788 - mse: 0.2788 - mae: 0.4255 - val_loss: 0.2824 - val_mse: 0.2824 - val_mae: 0.4300 - 2s/epoch - 171ms/step
Epoch 90/10000

Epoch 90: val_loss did not improve from 0.27164
12/12 - 2s - loss: 0.2764 - mse: 0.2764 - mae: 0.4238 - val_loss: 0.2723 - val_mse: 0.2723 - val_mae: 0.4205 - 2s/epoch - 172ms/step
Epoch 91/10000

Epoch 91: val_loss improved from 0.27164 to 0.27142, saving model to ./results/NN_rms_regr/ResNet/recursion_48/ckpt_1
12/12 - 3s - loss: 0.2739 - mse: 0.2739 - mae: 0.4215 - val_loss: 0.2714 - val_mse: 0.2714 - val_mae: 0.4199 - 3s/epoch - 247ms/step
Epoch 92/10000

Epoch 92: val_loss did not improve from 0.27142
12/12 - 2s - loss: 0.2741 - mse: 0.2741 - mae: 0.4217 - val_loss: 0.2747 - val_mse: 0.2747 - val_mae: 0.4211 - 2s/epoch - 172ms/step
Epoch 93/10000

Epoch 93: val_loss did not improve from 0.27142
12/12 - 2s - loss: 0.2780 - mse: 0.2780 - mae: 0.4242 - val_loss: 0.2735 - val_mse: 0.2735 - val_mae: 0.4221 - 2s/epoch - 171ms/step
Epoch 94/10000

Epoch 94: val_loss did not improve from 0.27142
12/12 - 2s - loss: 0.2747 - mse: 0.2747 - mae: 0.4221 - val_loss: 0.2816 - val_mse: 0.2816 - val_mae: 0.4289 - 2s/epoch - 171ms/step
Epoch 95/10000

Epoch 95: val_loss did not improve from 0.27142
12/12 - 2s - loss: 0.2818 - mse: 0.2818 - mae: 0.4280 - val_loss: 0.2812 - val_mse: 0.2812 - val_mae: 0.4252 - 2s/epoch - 171ms/step
Epoch 96/10000

Epoch 96: val_loss did not improve from 0.27142
12/12 - 2s - loss: 0.2754 - mse: 0.2754 - mae: 0.4229 - val_loss: 0.2746 - val_mse: 0.2746 - val_mae: 0.4213 - 2s/epoch - 171ms/step
Epoch 97/10000

Epoch 97: val_loss did not improve from 0.27142
12/12 - 2s - loss: 0.2739 - mse: 0.2739 - mae: 0.4214 - val_loss: 0.2723 - val_mse: 0.2723 - val_mae: 0.4202 - 2s/epoch - 171ms/step
Epoch 98/10000

Epoch 98: val_loss did not improve from 0.27142
12/12 - 2s - loss: 0.2747 - mse: 0.2747 - mae: 0.4223 - val_loss: 0.2717 - val_mse: 0.2717 - val_mae: 0.4200 - 2s/epoch - 172ms/step
Epoch 99/10000

Epoch 99: val_loss did not improve from 0.27142
12/12 - 2s - loss: 0.2762 - mse: 0.2762 - mae: 0.4232 - val_loss: 0.2752 - val_mse: 0.2752 - val_mae: 0.4218 - 2s/epoch - 179ms/step
Epoch 100/10000

Epoch 100: val_loss did not improve from 0.27142
12/12 - 2s - loss: 0.2743 - mse: 0.2743 - mae: 0.4219 - val_loss: 0.2718 - val_mse: 0.2718 - val_mae: 0.4205 - 2s/epoch - 172ms/step
Epoch 101/10000

Epoch 101: val_loss did not improve from 0.27142
12/12 - 2s - loss: 0.2742 - mse: 0.2742 - mae: 0.4218 - val_loss: 0.2721 - val_mse: 0.2721 - val_mae: 0.4208 - 2s/epoch - 171ms/step
Epoch 102/10000

Epoch 102: val_loss did not improve from 0.27142
12/12 - 2s - loss: 0.2739 - mse: 0.2739 - mae: 0.4213 - val_loss: 0.2715 - val_mse: 0.2715 - val_mae: 0.4199 - 2s/epoch - 170ms/step
Epoch 103/10000

Epoch 103: val_loss did not improve from 0.27142
12/12 - 2s - loss: 0.2741 - mse: 0.2741 - mae: 0.4219 - val_loss: 0.2736 - val_mse: 0.2736 - val_mae: 0.4204 - 2s/epoch - 171ms/step
Epoch 104/10000

Epoch 104: val_loss did not improve from 0.27142
12/12 - 2s - loss: 0.2758 - mse: 0.2758 - mae: 0.4226 - val_loss: 0.2785 - val_mse: 0.2785 - val_mae: 0.4239 - 2s/epoch - 174ms/step
Epoch 105/10000

Epoch 105: val_loss did not improve from 0.27142
12/12 - 2s - loss: 0.2785 - mse: 0.2785 - mae: 0.4250 - val_loss: 0.2733 - val_mse: 0.2733 - val_mae: 0.4204 - 2s/epoch - 173ms/step
Epoch 106/10000

Epoch 106: val_loss did not improve from 0.27142
12/12 - 2s - loss: 0.2774 - mse: 0.2774 - mae: 0.4239 - val_loss: 0.2721 - val_mse: 0.2721 - val_mae: 0.4197 - 2s/epoch - 171ms/step
Epoch 107/10000

Epoch 107: val_loss did not improve from 0.27142
12/12 - 2s - loss: 0.2744 - mse: 0.2744 - mae: 0.4220 - val_loss: 0.2720 - val_mse: 0.2720 - val_mae: 0.4197 - 2s/epoch - 170ms/step
Epoch 108/10000

Epoch 108: val_loss did not improve from 0.27142
12/12 - 2s - loss: 0.2781 - mse: 0.2781 - mae: 0.4243 - val_loss: 0.2939 - val_mse: 0.2939 - val_mae: 0.4335 - 2s/epoch - 173ms/step
Epoch 109/10000

Epoch 109: val_loss did not improve from 0.27142
12/12 - 2s - loss: 0.2833 - mse: 0.2833 - mae: 0.4279 - val_loss: 0.2714 - val_mse: 0.2714 - val_mae: 0.4200 - 2s/epoch - 172ms/step
Epoch 110/10000

Epoch 110: val_loss did not improve from 0.27142
12/12 - 2s - loss: 0.2836 - mse: 0.2836 - mae: 0.4284 - val_loss: 0.2946 - val_mse: 0.2946 - val_mae: 0.4386 - 2s/epoch - 172ms/step
Epoch 111/10000

Epoch 111: val_loss did not improve from 0.27142
12/12 - 2s - loss: 0.2851 - mse: 0.2851 - mae: 0.4296 - val_loss: 0.2717 - val_mse: 0.2717 - val_mae: 0.4196 - 2s/epoch - 174ms/step
Epoch 112/10000

Epoch 112: val_loss did not improve from 0.27142
12/12 - 2s - loss: 0.2802 - mse: 0.2802 - mae: 0.4262 - val_loss: 0.2727 - val_mse: 0.2727 - val_mae: 0.4215 - 2s/epoch - 171ms/step
Epoch 113/10000

Epoch 113: val_loss did not improve from 0.27142
12/12 - 2s - loss: 0.2742 - mse: 0.2742 - mae: 0.4221 - val_loss: 0.2768 - val_mse: 0.2768 - val_mae: 0.4223 - 2s/epoch - 171ms/step
Epoch 114/10000

Epoch 114: val_loss did not improve from 0.27142
12/12 - 2s - loss: 0.2842 - mse: 0.2842 - mae: 0.4284 - val_loss: 0.2762 - val_mse: 0.2762 - val_mae: 0.4222 - 2s/epoch - 175ms/step
Epoch 115/10000

Epoch 115: val_loss did not improve from 0.27142
12/12 - 2s - loss: 0.2762 - mse: 0.2762 - mae: 0.4233 - val_loss: 0.2717 - val_mse: 0.2717 - val_mae: 0.4201 - 2s/epoch - 172ms/step
Epoch 116/10000

Epoch 116: val_loss did not improve from 0.27142
12/12 - 2s - loss: 0.2757 - mse: 0.2757 - mae: 0.4227 - val_loss: 0.2724 - val_mse: 0.2724 - val_mae: 0.4197 - 2s/epoch - 171ms/step
Epoch 117/10000

Epoch 117: val_loss did not improve from 0.27142
12/12 - 2s - loss: 0.2748 - mse: 0.2748 - mae: 0.4219 - val_loss: 0.2722 - val_mse: 0.2722 - val_mae: 0.4204 - 2s/epoch - 171ms/step
Epoch 118/10000

Epoch 118: val_loss did not improve from 0.27142
12/12 - 2s - loss: 0.2805 - mse: 0.2805 - mae: 0.4256 - val_loss: 0.2723 - val_mse: 0.2723 - val_mae: 0.4208 - 2s/epoch - 171ms/step
Epoch 119/10000

Epoch 119: val_loss did not improve from 0.27142
12/12 - 2s - loss: 0.2816 - mse: 0.2816 - mae: 0.4275 - val_loss: 0.2749 - val_mse: 0.2749 - val_mae: 0.4235 - 2s/epoch - 171ms/step
Epoch 120/10000

Epoch 120: val_loss did not improve from 0.27142
12/12 - 2s - loss: 0.2742 - mse: 0.2742 - mae: 0.4220 - val_loss: 0.2720 - val_mse: 0.2720 - val_mae: 0.4200 - 2s/epoch - 171ms/step
Epoch 121/10000

Epoch 121: val_loss did not improve from 0.27142
12/12 - 2s - loss: 0.2759 - mse: 0.2759 - mae: 0.4228 - val_loss: 0.2724 - val_mse: 0.2724 - val_mae: 0.4199 - 2s/epoch - 174ms/step
Epoch 122/10000

Epoch 122: val_loss did not improve from 0.27142
12/12 - 2s - loss: 0.2749 - mse: 0.2749 - mae: 0.4226 - val_loss: 0.2729 - val_mse: 0.2729 - val_mae: 0.4203 - 2s/epoch - 171ms/step
Epoch 123/10000

Epoch 123: val_loss did not improve from 0.27142
12/12 - 2s - loss: 0.2764 - mse: 0.2764 - mae: 0.4233 - val_loss: 0.2837 - val_mse: 0.2837 - val_mae: 0.4266 - 2s/epoch - 172ms/step
Epoch 124/10000

Epoch 124: val_loss did not improve from 0.27142
12/12 - 2s - loss: 0.2763 - mse: 0.2763 - mae: 0.4234 - val_loss: 0.2719 - val_mse: 0.2719 - val_mae: 0.4195 - 2s/epoch - 171ms/step
Epoch 125/10000

Epoch 125: val_loss did not improve from 0.27142
12/12 - 2s - loss: 0.2805 - mse: 0.2805 - mae: 0.4264 - val_loss: 0.2758 - val_mse: 0.2758 - val_mae: 0.4219 - 2s/epoch - 171ms/step
Epoch 126/10000

Epoch 126: val_loss did not improve from 0.27142
12/12 - 2s - loss: 0.2748 - mse: 0.2748 - mae: 0.4220 - val_loss: 0.2771 - val_mse: 0.2771 - val_mae: 0.4228 - 2s/epoch - 171ms/step
Epoch 127/10000

Epoch 127: val_loss did not improve from 0.27142
12/12 - 2s - loss: 0.2735 - mse: 0.2735 - mae: 0.4210 - val_loss: 0.2746 - val_mse: 0.2746 - val_mae: 0.4210 - 2s/epoch - 172ms/step
Epoch 128/10000

Epoch 128: val_loss did not improve from 0.27142
12/12 - 2s - loss: 0.2757 - mse: 0.2757 - mae: 0.4224 - val_loss: 0.2749 - val_mse: 0.2749 - val_mae: 0.4211 - 2s/epoch - 171ms/step
Epoch 129/10000

Epoch 129: val_loss did not improve from 0.27142
12/12 - 2s - loss: 0.2768 - mse: 0.2768 - mae: 0.4236 - val_loss: 0.2784 - val_mse: 0.2784 - val_mae: 0.4259 - 2s/epoch - 172ms/step
Epoch 130/10000

Epoch 130: val_loss did not improve from 0.27142
12/12 - 2s - loss: 0.2750 - mse: 0.2750 - mae: 0.4222 - val_loss: 0.2737 - val_mse: 0.2737 - val_mae: 0.4220 - 2s/epoch - 172ms/step
Epoch 131/10000

Epoch 131: val_loss did not improve from 0.27142
12/12 - 2s - loss: 0.2750 - mse: 0.2750 - mae: 0.4219 - val_loss: 0.2751 - val_mse: 0.2751 - val_mae: 0.4234 - 2s/epoch - 171ms/step
Epoch 132/10000

Epoch 132: val_loss did not improve from 0.27142
12/12 - 2s - loss: 0.2740 - mse: 0.2740 - mae: 0.4217 - val_loss: 0.2741 - val_mse: 0.2741 - val_mae: 0.4207 - 2s/epoch - 173ms/step
Epoch 133/10000

Epoch 133: val_loss did not improve from 0.27142
12/12 - 2s - loss: 0.2838 - mse: 0.2838 - mae: 0.4294 - val_loss: 0.2914 - val_mse: 0.2914 - val_mae: 0.4317 - 2s/epoch - 172ms/step
Epoch 134/10000

Epoch 134: val_loss did not improve from 0.27142
12/12 - 2s - loss: 0.2804 - mse: 0.2804 - mae: 0.4258 - val_loss: 0.2735 - val_mse: 0.2735 - val_mae: 0.4217 - 2s/epoch - 171ms/step
Epoch 135/10000

Epoch 135: val_loss did not improve from 0.27142
12/12 - 2s - loss: 0.2766 - mse: 0.2766 - mae: 0.4237 - val_loss: 0.2865 - val_mse: 0.2865 - val_mae: 0.4283 - 2s/epoch - 172ms/step
Epoch 136/10000

Epoch 136: val_loss did not improve from 0.27142
12/12 - 2s - loss: 0.2800 - mse: 0.2800 - mae: 0.4260 - val_loss: 0.2828 - val_mse: 0.2828 - val_mae: 0.4260 - 2s/epoch - 175ms/step
Epoch 137/10000

Epoch 137: val_loss did not improve from 0.27142
12/12 - 2s - loss: 0.2846 - mse: 0.2846 - mae: 0.4292 - val_loss: 0.2821 - val_mse: 0.2821 - val_mae: 0.4296 - 2s/epoch - 171ms/step
Epoch 138/10000

Epoch 138: val_loss improved from 0.27142 to 0.27130, saving model to ./results/NN_rms_regr/ResNet/recursion_48/ckpt_1
12/12 - 3s - loss: 0.2816 - mse: 0.2816 - mae: 0.4268 - val_loss: 0.2713 - val_mse: 0.2713 - val_mae: 0.4197 - 3s/epoch - 240ms/step
Epoch 139/10000

Epoch 139: val_loss did not improve from 0.27130
12/12 - 2s - loss: 0.2737 - mse: 0.2737 - mae: 0.4213 - val_loss: 0.2727 - val_mse: 0.2727 - val_mae: 0.4201 - 2s/epoch - 170ms/step
Epoch 140/10000

Epoch 140: val_loss improved from 0.27130 to 0.27111, saving model to ./results/NN_rms_regr/ResNet/recursion_48/ckpt_1
12/12 - 3s - loss: 0.2747 - mse: 0.2747 - mae: 0.4217 - val_loss: 0.2711 - val_mse: 0.2711 - val_mae: 0.4193 - 3s/epoch - 245ms/step
Epoch 141/10000

Epoch 141: val_loss did not improve from 0.27111
12/12 - 2s - loss: 0.2743 - mse: 0.2743 - mae: 0.4218 - val_loss: 0.2753 - val_mse: 0.2753 - val_mae: 0.4215 - 2s/epoch - 172ms/step
Epoch 142/10000

Epoch 142: val_loss did not improve from 0.27111
12/12 - 2s - loss: 0.2855 - mse: 0.2855 - mae: 0.4295 - val_loss: 0.2739 - val_mse: 0.2739 - val_mae: 0.4227 - 2s/epoch - 171ms/step
Epoch 143/10000

Epoch 143: val_loss did not improve from 0.27111
12/12 - 2s - loss: 0.2943 - mse: 0.2943 - mae: 0.4373 - val_loss: 0.2824 - val_mse: 0.2824 - val_mae: 0.4296 - 2s/epoch - 171ms/step
Epoch 144/10000

Epoch 144: val_loss did not improve from 0.27111
12/12 - 2s - loss: 0.2774 - mse: 0.2774 - mae: 0.4242 - val_loss: 0.2752 - val_mse: 0.2752 - val_mae: 0.4237 - 2s/epoch - 172ms/step
Epoch 145/10000

Epoch 145: val_loss did not improve from 0.27111
12/12 - 2s - loss: 0.2760 - mse: 0.2760 - mae: 0.4229 - val_loss: 0.2832 - val_mse: 0.2832 - val_mae: 0.4260 - 2s/epoch - 172ms/step
Epoch 146/10000

Epoch 146: val_loss did not improve from 0.27111
12/12 - 2s - loss: 0.2820 - mse: 0.2820 - mae: 0.4280 - val_loss: 0.2752 - val_mse: 0.2752 - val_mae: 0.4211 - 2s/epoch - 171ms/step
Epoch 147/10000

Epoch 147: val_loss did not improve from 0.27111
12/12 - 2s - loss: 0.2765 - mse: 0.2765 - mae: 0.4232 - val_loss: 0.2719 - val_mse: 0.2719 - val_mae: 0.4193 - 2s/epoch - 170ms/step
Epoch 148/10000

Epoch 148: val_loss did not improve from 0.27111
12/12 - 2s - loss: 0.2756 - mse: 0.2756 - mae: 0.4227 - val_loss: 0.2827 - val_mse: 0.2827 - val_mae: 0.4260 - 2s/epoch - 170ms/step
Epoch 149/10000

Epoch 149: val_loss did not improve from 0.27111
12/12 - 2s - loss: 0.2822 - mse: 0.2822 - mae: 0.4278 - val_loss: 0.2776 - val_mse: 0.2776 - val_mae: 0.4227 - 2s/epoch - 171ms/step
Epoch 150/10000

Epoch 150: val_loss did not improve from 0.27111
12/12 - 2s - loss: 0.2750 - mse: 0.2750 - mae: 0.4213 - val_loss: 0.2748 - val_mse: 0.2748 - val_mae: 0.4231 - 2s/epoch - 171ms/step
Epoch 151/10000

Epoch 151: val_loss did not improve from 0.27111
12/12 - 2s - loss: 0.2760 - mse: 0.2760 - mae: 0.4231 - val_loss: 0.2716 - val_mse: 0.2716 - val_mae: 0.4198 - 2s/epoch - 171ms/step
Epoch 152/10000

Epoch 152: val_loss did not improve from 0.27111
12/12 - 2s - loss: 0.2751 - mse: 0.2751 - mae: 0.4223 - val_loss: 0.2723 - val_mse: 0.2723 - val_mae: 0.4194 - 2s/epoch - 170ms/step
Epoch 153/10000

Epoch 153: val_loss did not improve from 0.27111
12/12 - 2s - loss: 0.2738 - mse: 0.2738 - mae: 0.4211 - val_loss: 0.2730 - val_mse: 0.2730 - val_mae: 0.4199 - 2s/epoch - 171ms/step
Epoch 154/10000

Epoch 154: val_loss did not improve from 0.27111
12/12 - 2s - loss: 0.2747 - mse: 0.2747 - mae: 0.4218 - val_loss: 0.2729 - val_mse: 0.2729 - val_mae: 0.4197 - 2s/epoch - 171ms/step
Epoch 155/10000

Epoch 155: val_loss did not improve from 0.27111
12/12 - 2s - loss: 0.2754 - mse: 0.2754 - mae: 0.4226 - val_loss: 0.2845 - val_mse: 0.2845 - val_mae: 0.4273 - 2s/epoch - 171ms/step
Epoch 156/10000

Epoch 156: val_loss did not improve from 0.27111
12/12 - 2s - loss: 0.2879 - mse: 0.2879 - mae: 0.4313 - val_loss: 0.2831 - val_mse: 0.2831 - val_mae: 0.4268 - 2s/epoch - 171ms/step
Epoch 157/10000

Epoch 157: val_loss improved from 0.27111 to 0.27108, saving model to ./results/NN_rms_regr/ResNet/recursion_48/ckpt_1
12/12 - 3s - loss: 0.2765 - mse: 0.2765 - mae: 0.4232 - val_loss: 0.2711 - val_mse: 0.2711 - val_mae: 0.4194 - 3s/epoch - 239ms/step
Epoch 158/10000

Epoch 158: val_loss did not improve from 0.27108
12/12 - 2s - loss: 0.2729 - mse: 0.2729 - mae: 0.4207 - val_loss: 0.2945 - val_mse: 0.2945 - val_mae: 0.4337 - 2s/epoch - 171ms/step
Epoch 159/10000

Epoch 159: val_loss did not improve from 0.27108
12/12 - 2s - loss: 0.2784 - mse: 0.2784 - mae: 0.4244 - val_loss: 0.2740 - val_mse: 0.2740 - val_mae: 0.4227 - 2s/epoch - 172ms/step
Epoch 160/10000

Epoch 160: val_loss did not improve from 0.27108
12/12 - 2s - loss: 0.2796 - mse: 0.2796 - mae: 0.4255 - val_loss: 0.2934 - val_mse: 0.2934 - val_mae: 0.4380 - 2s/epoch - 174ms/step
Epoch 161/10000

Epoch 161: val_loss did not improve from 0.27108
12/12 - 2s - loss: 0.2848 - mse: 0.2848 - mae: 0.4288 - val_loss: 0.2725 - val_mse: 0.2725 - val_mae: 0.4208 - 2s/epoch - 171ms/step
Epoch 162/10000

Epoch 162: val_loss did not improve from 0.27108
12/12 - 2s - loss: 0.2733 - mse: 0.2733 - mae: 0.4210 - val_loss: 0.2724 - val_mse: 0.2724 - val_mae: 0.4208 - 2s/epoch - 171ms/step
Epoch 163/10000

Epoch 163: val_loss did not improve from 0.27108
12/12 - 2s - loss: 0.2745 - mse: 0.2745 - mae: 0.4216 - val_loss: 0.2842 - val_mse: 0.2842 - val_mae: 0.4268 - 2s/epoch - 171ms/step
Epoch 164/10000

Epoch 164: val_loss did not improve from 0.27108
12/12 - 2s - loss: 0.2764 - mse: 0.2764 - mae: 0.4234 - val_loss: 0.2738 - val_mse: 0.2738 - val_mae: 0.4201 - 2s/epoch - 174ms/step
Epoch 165/10000

Epoch 165: val_loss did not improve from 0.27108
12/12 - 2s - loss: 0.2768 - mse: 0.2768 - mae: 0.4233 - val_loss: 0.2713 - val_mse: 0.2713 - val_mae: 0.4194 - 2s/epoch - 171ms/step
Epoch 166/10000

Epoch 166: val_loss did not improve from 0.27108
12/12 - 2s - loss: 0.2773 - mse: 0.2773 - mae: 0.4243 - val_loss: 0.2725 - val_mse: 0.2725 - val_mae: 0.4198 - 2s/epoch - 171ms/step
Epoch 167/10000

Epoch 167: val_loss improved from 0.27108 to 0.27108, saving model to ./results/NN_rms_regr/ResNet/recursion_48/ckpt_1
12/12 - 3s - loss: 0.2775 - mse: 0.2775 - mae: 0.4239 - val_loss: 0.2711 - val_mse: 0.2711 - val_mae: 0.4191 - 3s/epoch - 246ms/step
Epoch 168/10000

Epoch 168: val_loss did not improve from 0.27108
12/12 - 2s - loss: 0.2733 - mse: 0.2733 - mae: 0.4209 - val_loss: 0.2712 - val_mse: 0.2712 - val_mae: 0.4195 - 2s/epoch - 171ms/step
Epoch 169/10000

Epoch 169: val_loss did not improve from 0.27108
12/12 - 2s - loss: 0.2775 - mse: 0.2775 - mae: 0.4243 - val_loss: 0.3034 - val_mse: 0.3034 - val_mae: 0.4405 - 2s/epoch - 171ms/step
Epoch 170/10000

Epoch 170: val_loss did not improve from 0.27108
12/12 - 2s - loss: 0.2874 - mse: 0.2874 - mae: 0.4316 - val_loss: 0.2781 - val_mse: 0.2781 - val_mae: 0.4233 - 2s/epoch - 171ms/step
Epoch 171/10000

Epoch 171: val_loss did not improve from 0.27108
12/12 - 2s - loss: 0.2755 - mse: 0.2755 - mae: 0.4220 - val_loss: 0.2715 - val_mse: 0.2715 - val_mae: 0.4192 - 2s/epoch - 171ms/step
Epoch 172/10000

Epoch 172: val_loss did not improve from 0.27108
12/12 - 2s - loss: 0.2739 - mse: 0.2739 - mae: 0.4218 - val_loss: 0.2713 - val_mse: 0.2713 - val_mae: 0.4191 - 2s/epoch - 172ms/step
Epoch 173/10000

Epoch 173: val_loss did not improve from 0.27108
12/12 - 2s - loss: 0.2768 - mse: 0.2768 - mae: 0.4229 - val_loss: 0.2763 - val_mse: 0.2763 - val_mae: 0.4219 - 2s/epoch - 171ms/step
Epoch 174/10000

Epoch 174: val_loss did not improve from 0.27108
12/12 - 2s - loss: 0.2751 - mse: 0.2751 - mae: 0.4224 - val_loss: 0.2758 - val_mse: 0.2758 - val_mae: 0.4238 - 2s/epoch - 171ms/step
Epoch 175/10000

Epoch 175: val_loss did not improve from 0.27108
12/12 - 2s - loss: 0.2855 - mse: 0.2855 - mae: 0.4293 - val_loss: 0.2851 - val_mse: 0.2851 - val_mae: 0.4277 - 2s/epoch - 171ms/step
Epoch 176/10000

Epoch 176: val_loss did not improve from 0.27108
12/12 - 2s - loss: 0.2768 - mse: 0.2768 - mae: 0.4235 - val_loss: 0.2751 - val_mse: 0.2751 - val_mae: 0.4237 - 2s/epoch - 171ms/step
Epoch 177/10000

Epoch 177: val_loss did not improve from 0.27108
12/12 - 2s - loss: 0.2750 - mse: 0.2750 - mae: 0.4214 - val_loss: 0.2923 - val_mse: 0.2923 - val_mae: 0.4366 - 2s/epoch - 172ms/step
Epoch 178/10000

Epoch 178: val_loss did not improve from 0.27108
12/12 - 2s - loss: 0.2823 - mse: 0.2823 - mae: 0.4268 - val_loss: 0.2859 - val_mse: 0.2859 - val_mae: 0.4317 - 2s/epoch - 170ms/step
Epoch 179/10000

Epoch 179: val_loss did not improve from 0.27108
12/12 - 2s - loss: 0.2819 - mse: 0.2819 - mae: 0.4271 - val_loss: 0.2752 - val_mse: 0.2752 - val_mae: 0.4209 - 2s/epoch - 171ms/step
Epoch 180/10000

Epoch 180: val_loss did not improve from 0.27108
12/12 - 2s - loss: 0.2757 - mse: 0.2757 - mae: 0.4215 - val_loss: 0.2722 - val_mse: 0.2722 - val_mae: 0.4194 - 2s/epoch - 172ms/step
Epoch 181/10000

Epoch 181: val_loss did not improve from 0.27108
12/12 - 2s - loss: 0.2801 - mse: 0.2801 - mae: 0.4251 - val_loss: 0.2754 - val_mse: 0.2754 - val_mae: 0.4235 - 2s/epoch - 171ms/step
Epoch 182/10000

Epoch 182: val_loss improved from 0.27108 to 0.27099, saving model to ./results/NN_rms_regr/ResNet/recursion_48/ckpt_1
12/12 - 3s - loss: 0.2791 - mse: 0.2791 - mae: 0.4249 - val_loss: 0.2710 - val_mse: 0.2710 - val_mae: 0.4190 - 3s/epoch - 245ms/step
Epoch 183/10000

Epoch 183: val_loss did not improve from 0.27099
12/12 - 2s - loss: 0.2749 - mse: 0.2749 - mae: 0.4223 - val_loss: 0.2738 - val_mse: 0.2738 - val_mae: 0.4200 - 2s/epoch - 171ms/step
Epoch 184/10000

Epoch 184: val_loss did not improve from 0.27099
12/12 - 2s - loss: 0.2733 - mse: 0.2733 - mae: 0.4208 - val_loss: 0.2745 - val_mse: 0.2745 - val_mae: 0.4203 - 2s/epoch - 171ms/step
Epoch 185/10000

Epoch 185: val_loss did not improve from 0.27099
12/12 - 2s - loss: 0.2768 - mse: 0.2768 - mae: 0.4238 - val_loss: 0.2740 - val_mse: 0.2740 - val_mae: 0.4218 - 2s/epoch - 171ms/step
Epoch 186/10000

Epoch 186: val_loss did not improve from 0.27099
12/12 - 2s - loss: 0.2824 - mse: 0.2824 - mae: 0.4267 - val_loss: 0.2806 - val_mse: 0.2806 - val_mae: 0.4274 - 2s/epoch - 172ms/step
Epoch 187/10000

Epoch 187: val_loss did not improve from 0.27099
12/12 - 2s - loss: 0.2782 - mse: 0.2782 - mae: 0.4244 - val_loss: 0.2725 - val_mse: 0.2725 - val_mae: 0.4196 - 2s/epoch - 171ms/step
Epoch 188/10000

Epoch 188: val_loss did not improve from 0.27099
12/12 - 2s - loss: 0.2732 - mse: 0.2732 - mae: 0.4207 - val_loss: 0.2747 - val_mse: 0.2747 - val_mae: 0.4229 - 2s/epoch - 174ms/step
Epoch 189/10000

Epoch 189: val_loss did not improve from 0.27099
12/12 - 2s - loss: 0.2777 - mse: 0.2777 - mae: 0.4237 - val_loss: 0.2734 - val_mse: 0.2734 - val_mae: 0.4217 - 2s/epoch - 171ms/step
Epoch 190/10000

Epoch 190: val_loss did not improve from 0.27099
12/12 - 2s - loss: 0.2738 - mse: 0.2738 - mae: 0.4211 - val_loss: 0.2852 - val_mse: 0.2852 - val_mae: 0.4309 - 2s/epoch - 172ms/step
Epoch 191/10000

Epoch 191: val_loss did not improve from 0.27099
12/12 - 2s - loss: 0.2833 - mse: 0.2833 - mae: 0.4282 - val_loss: 0.2822 - val_mse: 0.2822 - val_mae: 0.4288 - 2s/epoch - 172ms/step
Epoch 192/10000

Epoch 192: val_loss did not improve from 0.27099
12/12 - 2s - loss: 0.2758 - mse: 0.2758 - mae: 0.4227 - val_loss: 0.2762 - val_mse: 0.2762 - val_mae: 0.4238 - 2s/epoch - 171ms/step
Epoch 193/10000

Epoch 193: val_loss did not improve from 0.27099
12/12 - 2s - loss: 0.2755 - mse: 0.2755 - mae: 0.4224 - val_loss: 0.2731 - val_mse: 0.2731 - val_mae: 0.4196 - 2s/epoch - 170ms/step
Epoch 194/10000

Epoch 194: val_loss did not improve from 0.27099
12/12 - 2s - loss: 0.2756 - mse: 0.2756 - mae: 0.4220 - val_loss: 0.2736 - val_mse: 0.2736 - val_mae: 0.4198 - 2s/epoch - 171ms/step
Epoch 195/10000

Epoch 195: val_loss did not improve from 0.27099
12/12 - 2s - loss: 0.2765 - mse: 0.2765 - mae: 0.4229 - val_loss: 0.2848 - val_mse: 0.2848 - val_mae: 0.4270 - 2s/epoch - 171ms/step
Epoch 196/10000

Epoch 196: val_loss did not improve from 0.27099
12/12 - 2s - loss: 0.2782 - mse: 0.2782 - mae: 0.4243 - val_loss: 0.2764 - val_mse: 0.2764 - val_mae: 0.4218 - 2s/epoch - 172ms/step
Epoch 197/10000

Epoch 197: val_loss did not improve from 0.27099
12/12 - 2s - loss: 0.2795 - mse: 0.2795 - mae: 0.4261 - val_loss: 0.2726 - val_mse: 0.2726 - val_mae: 0.4195 - 2s/epoch - 175ms/step
Epoch 198/10000

Epoch 198: val_loss did not improve from 0.27099
12/12 - 2s - loss: 0.2747 - mse: 0.2747 - mae: 0.4220 - val_loss: 0.2710 - val_mse: 0.2710 - val_mae: 0.4191 - 2s/epoch - 173ms/step
Epoch 199/10000

Epoch 199: val_loss did not improve from 0.27099
12/12 - 2s - loss: 0.2753 - mse: 0.2753 - mae: 0.4228 - val_loss: 0.2718 - val_mse: 0.2718 - val_mae: 0.4198 - 2s/epoch - 171ms/step
Epoch 200/10000

Epoch 200: val_loss did not improve from 0.27099
12/12 - 2s - loss: 0.2816 - mse: 0.2816 - mae: 0.4260 - val_loss: 0.2931 - val_mse: 0.2931 - val_mae: 0.4375 - 2s/epoch - 171ms/step
Epoch 201/10000

Epoch 201: val_loss improved from 0.27099 to 0.27087, saving model to ./results/NN_rms_regr/ResNet/recursion_48/ckpt_1
12/12 - 3s - loss: 0.2829 - mse: 0.2829 - mae: 0.4276 - val_loss: 0.2709 - val_mse: 0.2709 - val_mae: 0.4189 - 3s/epoch - 246ms/step
Epoch 202/10000

Epoch 202: val_loss did not improve from 0.27087
12/12 - 2s - loss: 0.2738 - mse: 0.2738 - mae: 0.4213 - val_loss: 0.2734 - val_mse: 0.2734 - val_mae: 0.4219 - 2s/epoch - 171ms/step
Epoch 203/10000

Epoch 203: val_loss did not improve from 0.27087
12/12 - 2s - loss: 0.2744 - mse: 0.2744 - mae: 0.4218 - val_loss: 0.2955 - val_mse: 0.2955 - val_mae: 0.4397 - 2s/epoch - 171ms/step
Epoch 204/10000

Epoch 204: val_loss did not improve from 0.27087
12/12 - 2s - loss: 0.2829 - mse: 0.2829 - mae: 0.4282 - val_loss: 0.2745 - val_mse: 0.2745 - val_mae: 0.4228 - 2s/epoch - 171ms/step
Epoch 205/10000

Epoch 205: val_loss did not improve from 0.27087
12/12 - 2s - loss: 0.2732 - mse: 0.2732 - mae: 0.4206 - val_loss: 0.2724 - val_mse: 0.2724 - val_mae: 0.4207 - 2s/epoch - 172ms/step
Epoch 206/10000

Epoch 206: val_loss improved from 0.27087 to 0.27086, saving model to ./results/NN_rms_regr/ResNet/recursion_48/ckpt_1
12/12 - 3s - loss: 0.2797 - mse: 0.2797 - mae: 0.4257 - val_loss: 0.2709 - val_mse: 0.2709 - val_mae: 0.4189 - 3s/epoch - 246ms/step
Epoch 207/10000

Epoch 207: val_loss did not improve from 0.27086
12/12 - 2s - loss: 0.2772 - mse: 0.2772 - mae: 0.4233 - val_loss: 0.2709 - val_mse: 0.2709 - val_mae: 0.4189 - 2s/epoch - 171ms/step
Epoch 208/10000

Epoch 208: val_loss did not improve from 0.27086
12/12 - 2s - loss: 0.2754 - mse: 0.2754 - mae: 0.4227 - val_loss: 0.2811 - val_mse: 0.2811 - val_mae: 0.4248 - 2s/epoch - 172ms/step
Epoch 209/10000

Epoch 209: val_loss did not improve from 0.27086
12/12 - 2s - loss: 0.2750 - mse: 0.2750 - mae: 0.4219 - val_loss: 0.2793 - val_mse: 0.2793 - val_mae: 0.4236 - 2s/epoch - 171ms/step
Epoch 210/10000

Epoch 210: val_loss improved from 0.27086 to 0.27083, saving model to ./results/NN_rms_regr/ResNet/recursion_48/ckpt_1
12/12 - 3s - loss: 0.2814 - mse: 0.2814 - mae: 0.4261 - val_loss: 0.2708 - val_mse: 0.2708 - val_mae: 0.4189 - 3s/epoch - 239ms/step
Epoch 211/10000

Epoch 211: val_loss did not improve from 0.27083
12/12 - 2s - loss: 0.2766 - mse: 0.2766 - mae: 0.4234 - val_loss: 0.2712 - val_mse: 0.2712 - val_mae: 0.4192 - 2s/epoch - 172ms/step
Epoch 212/10000

Epoch 212: val_loss did not improve from 0.27083
12/12 - 2s - loss: 0.2747 - mse: 0.2747 - mae: 0.4213 - val_loss: 0.2708 - val_mse: 0.2708 - val_mae: 0.4189 - 2s/epoch - 171ms/step
Epoch 213/10000

Epoch 213: val_loss did not improve from 0.27083
12/12 - 2s - loss: 0.2726 - mse: 0.2726 - mae: 0.4199 - val_loss: 0.2807 - val_mse: 0.2807 - val_mae: 0.4278 - 2s/epoch - 172ms/step
Epoch 214/10000

Epoch 214: val_loss did not improve from 0.27083
12/12 - 2s - loss: 0.2830 - mse: 0.2830 - mae: 0.4282 - val_loss: 0.3267 - val_mse: 0.3267 - val_mae: 0.4615 - 2s/epoch - 171ms/step
Epoch 215/10000

Epoch 215: val_loss did not improve from 0.27083
12/12 - 2s - loss: 0.2940 - mse: 0.2940 - mae: 0.4350 - val_loss: 0.2749 - val_mse: 0.2749 - val_mae: 0.4225 - 2s/epoch - 171ms/step
Epoch 216/10000

Epoch 216: val_loss did not improve from 0.27083
12/12 - 2s - loss: 0.2770 - mse: 0.2770 - mae: 0.4232 - val_loss: 0.2853 - val_mse: 0.2853 - val_mae: 0.4312 - 2s/epoch - 172ms/step
Epoch 217/10000

Epoch 217: val_loss did not improve from 0.27083
12/12 - 2s - loss: 0.2788 - mse: 0.2788 - mae: 0.4244 - val_loss: 0.2739 - val_mse: 0.2739 - val_mae: 0.4203 - 2s/epoch - 171ms/step
Epoch 218/10000

Epoch 218: val_loss did not improve from 0.27083
12/12 - 2s - loss: 0.2768 - mse: 0.2768 - mae: 0.4226 - val_loss: 0.2731 - val_mse: 0.2731 - val_mae: 0.4216 - 2s/epoch - 172ms/step
Epoch 219/10000

Epoch 219: val_loss did not improve from 0.27083
12/12 - 2s - loss: 0.2760 - mse: 0.2760 - mae: 0.4223 - val_loss: 0.2775 - val_mse: 0.2775 - val_mae: 0.4235 - 2s/epoch - 172ms/step
Epoch 220/10000

Epoch 220: val_loss did not improve from 0.27083
12/12 - 2s - loss: 0.2748 - mse: 0.2748 - mae: 0.4217 - val_loss: 0.2743 - val_mse: 0.2743 - val_mae: 0.4228 - 2s/epoch - 172ms/step
Epoch 221/10000

Epoch 221: val_loss did not improve from 0.27083
12/12 - 2s - loss: 0.2782 - mse: 0.2782 - mae: 0.4238 - val_loss: 0.2712 - val_mse: 0.2712 - val_mae: 0.4193 - 2s/epoch - 171ms/step
Epoch 222/10000

Epoch 222: val_loss did not improve from 0.27083
12/12 - 2s - loss: 0.3007 - mse: 0.3007 - mae: 0.4405 - val_loss: 0.2751 - val_mse: 0.2751 - val_mae: 0.4236 - 2s/epoch - 171ms/step
Epoch 223/10000

Epoch 223: val_loss did not improve from 0.27083
12/12 - 2s - loss: 0.2864 - mse: 0.2864 - mae: 0.4314 - val_loss: 0.2750 - val_mse: 0.2750 - val_mae: 0.4236 - 2s/epoch - 172ms/step
Epoch 224/10000

Epoch 224: val_loss did not improve from 0.27083
12/12 - 2s - loss: 0.2755 - mse: 0.2755 - mae: 0.4221 - val_loss: 0.2745 - val_mse: 0.2745 - val_mae: 0.4230 - 2s/epoch - 171ms/step
Epoch 225/10000

Epoch 225: val_loss did not improve from 0.27083
12/12 - 2s - loss: 0.2795 - mse: 0.2795 - mae: 0.4244 - val_loss: 0.2834 - val_mse: 0.2834 - val_mae: 0.4302 - 2s/epoch - 172ms/step
Epoch 226/10000

Epoch 226: val_loss did not improve from 0.27083
12/12 - 2s - loss: 0.2777 - mse: 0.2777 - mae: 0.4246 - val_loss: 0.2742 - val_mse: 0.2742 - val_mae: 0.4230 - 2s/epoch - 171ms/step
Epoch 227/10000

Epoch 227: val_loss did not improve from 0.27083
12/12 - 2s - loss: 0.2814 - mse: 0.2814 - mae: 0.4268 - val_loss: 0.2771 - val_mse: 0.2771 - val_mae: 0.4251 - 2s/epoch - 171ms/step
Epoch 228/10000

Epoch 228: val_loss did not improve from 0.27083
12/12 - 2s - loss: 0.2895 - mse: 0.2895 - mae: 0.4332 - val_loss: 0.2851 - val_mse: 0.2851 - val_mae: 0.4313 - 2s/epoch - 171ms/step
Epoch 229/10000

Epoch 229: val_loss did not improve from 0.27083
12/12 - 2s - loss: 0.2808 - mse: 0.2808 - mae: 0.4265 - val_loss: 0.2719 - val_mse: 0.2719 - val_mae: 0.4204 - 2s/epoch - 171ms/step
Epoch 230/10000

Epoch 230: val_loss did not improve from 0.27083
12/12 - 2s - loss: 0.2757 - mse: 0.2757 - mae: 0.4221 - val_loss: 0.2724 - val_mse: 0.2724 - val_mae: 0.4208 - 2s/epoch - 171ms/step
Epoch 231/10000

Epoch 231: val_loss did not improve from 0.27083
12/12 - 2s - loss: 0.2745 - mse: 0.2745 - mae: 0.4209 - val_loss: 0.2724 - val_mse: 0.2724 - val_mae: 0.4209 - 2s/epoch - 173ms/step
Epoch 232/10000

Epoch 232: val_loss did not improve from 0.27083
12/12 - 2s - loss: 0.2739 - mse: 0.2739 - mae: 0.4214 - val_loss: 0.2713 - val_mse: 0.2713 - val_mae: 0.4195 - 2s/epoch - 172ms/step
Epoch 233/10000

Epoch 233: val_loss did not improve from 0.27083
12/12 - 2s - loss: 0.2750 - mse: 0.2750 - mae: 0.4215 - val_loss: 0.2772 - val_mse: 0.2772 - val_mae: 0.4250 - 2s/epoch - 171ms/step
Epoch 234/10000

Epoch 234: val_loss did not improve from 0.27083
12/12 - 2s - loss: 0.2764 - mse: 0.2764 - mae: 0.4230 - val_loss: 0.2762 - val_mse: 0.2762 - val_mae: 0.4242 - 2s/epoch - 171ms/step
Epoch 235/10000

Epoch 235: val_loss did not improve from 0.27083
12/12 - 2s - loss: 0.2741 - mse: 0.2741 - mae: 0.4213 - val_loss: 0.2711 - val_mse: 0.2711 - val_mae: 0.4191 - 2s/epoch - 171ms/step
Epoch 236/10000

Epoch 236: val_loss did not improve from 0.27083
12/12 - 2s - loss: 0.2744 - mse: 0.2744 - mae: 0.4210 - val_loss: 0.2720 - val_mse: 0.2720 - val_mae: 0.4203 - 2s/epoch - 171ms/step
Epoch 237/10000

Epoch 237: val_loss did not improve from 0.27083
12/12 - 2s - loss: 0.2767 - mse: 0.2767 - mae: 0.4232 - val_loss: 0.2814 - val_mse: 0.2814 - val_mae: 0.4247 - 2s/epoch - 172ms/step
Epoch 238/10000

Epoch 238: val_loss did not improve from 0.27083
12/12 - 2s - loss: 0.2851 - mse: 0.2851 - mae: 0.4297 - val_loss: 0.2725 - val_mse: 0.2725 - val_mae: 0.4193 - 2s/epoch - 171ms/step
Epoch 239/10000

Epoch 239: val_loss did not improve from 0.27083
12/12 - 2s - loss: 0.2780 - mse: 0.2780 - mae: 0.4241 - val_loss: 0.2722 - val_mse: 0.2722 - val_mae: 0.4190 - 2s/epoch - 172ms/step
Epoch 240/10000

Epoch 240: val_loss did not improve from 0.27083
12/12 - 2s - loss: 0.2766 - mse: 0.2766 - mae: 0.4238 - val_loss: 0.2712 - val_mse: 0.2712 - val_mae: 0.4186 - 2s/epoch - 172ms/step
Epoch 241/10000

Epoch 241: val_loss did not improve from 0.27083
12/12 - 2s - loss: 0.2743 - mse: 0.2743 - mae: 0.4214 - val_loss: 0.2720 - val_mse: 0.2720 - val_mae: 0.4193 - 2s/epoch - 171ms/step
Epoch 242/10000

Epoch 242: val_loss did not improve from 0.27083
12/12 - 2s - loss: 0.2776 - mse: 0.2776 - mae: 0.4235 - val_loss: 0.2824 - val_mse: 0.2824 - val_mae: 0.4256 - 2s/epoch - 171ms/step
Epoch 243/10000

Epoch 243: val_loss did not improve from 0.27083
12/12 - 2s - loss: 0.2772 - mse: 0.2772 - mae: 0.4234 - val_loss: 0.2969 - val_mse: 0.2969 - val_mae: 0.4353 - 2s/epoch - 171ms/step
Epoch 244/10000

Epoch 244: val_loss did not improve from 0.27083
12/12 - 2s - loss: 0.2802 - mse: 0.2802 - mae: 0.4263 - val_loss: 0.2733 - val_mse: 0.2733 - val_mae: 0.4197 - 2s/epoch - 171ms/step
Epoch 245/10000

Epoch 245: val_loss did not improve from 0.27083
12/12 - 2s - loss: 0.2740 - mse: 0.2740 - mae: 0.4209 - val_loss: 0.2719 - val_mse: 0.2719 - val_mae: 0.4203 - 2s/epoch - 171ms/step
Epoch 246/10000

Epoch 246: val_loss did not improve from 0.27083
12/12 - 2s - loss: 0.2749 - mse: 0.2749 - mae: 0.4218 - val_loss: 0.2731 - val_mse: 0.2731 - val_mae: 0.4211 - 2s/epoch - 171ms/step
Epoch 247/10000

Epoch 247: val_loss did not improve from 0.27083
12/12 - 2s - loss: 0.2739 - mse: 0.2739 - mae: 0.4210 - val_loss: 0.2763 - val_mse: 0.2763 - val_mae: 0.4243 - 2s/epoch - 171ms/step
Epoch 248/10000

Epoch 248: val_loss did not improve from 0.27083
12/12 - 2s - loss: 0.2755 - mse: 0.2755 - mae: 0.4222 - val_loss: 0.2791 - val_mse: 0.2791 - val_mae: 0.4265 - 2s/epoch - 172ms/step
Epoch 249/10000

Epoch 249: val_loss did not improve from 0.27083
12/12 - 2s - loss: 0.2741 - mse: 0.2741 - mae: 0.4212 - val_loss: 0.2749 - val_mse: 0.2749 - val_mae: 0.4224 - 2s/epoch - 171ms/step
Epoch 250/10000

Epoch 250: val_loss did not improve from 0.27083
12/12 - 2s - loss: 0.2741 - mse: 0.2741 - mae: 0.4212 - val_loss: 0.2720 - val_mse: 0.2720 - val_mae: 0.4188 - 2s/epoch - 171ms/step
Epoch 251/10000

Epoch 251: val_loss did not improve from 0.27083
12/12 - 2s - loss: 0.2765 - mse: 0.2765 - mae: 0.4225 - val_loss: 0.2720 - val_mse: 0.2720 - val_mae: 0.4199 - 2s/epoch - 171ms/step
Epoch 252/10000

Epoch 252: val_loss did not improve from 0.27083
12/12 - 2s - loss: 0.2776 - mse: 0.2776 - mae: 0.4230 - val_loss: 0.2777 - val_mse: 0.2777 - val_mae: 0.4252 - 2s/epoch - 172ms/step
Epoch 253/10000

Epoch 253: val_loss did not improve from 0.27083
12/12 - 2s - loss: 0.2825 - mse: 0.2825 - mae: 0.4274 - val_loss: 0.2754 - val_mse: 0.2754 - val_mae: 0.4233 - 2s/epoch - 171ms/step
Epoch 254/10000

Epoch 254: val_loss did not improve from 0.27083
12/12 - 2s - loss: 0.2761 - mse: 0.2761 - mae: 0.4228 - val_loss: 0.2712 - val_mse: 0.2712 - val_mae: 0.4189 - 2s/epoch - 171ms/step
Epoch 255/10000

Epoch 255: val_loss did not improve from 0.27083
12/12 - 2s - loss: 0.2752 - mse: 0.2752 - mae: 0.4221 - val_loss: 0.2786 - val_mse: 0.2786 - val_mae: 0.4261 - 2s/epoch - 171ms/step
Epoch 256/10000

Epoch 256: val_loss did not improve from 0.27083
12/12 - 2s - loss: 0.2758 - mse: 0.2758 - mae: 0.4222 - val_loss: 0.2840 - val_mse: 0.2840 - val_mae: 0.4302 - 2s/epoch - 171ms/step
Epoch 257/10000

Epoch 257: val_loss did not improve from 0.27083
12/12 - 2s - loss: 0.2787 - mse: 0.2787 - mae: 0.4243 - val_loss: 0.2813 - val_mse: 0.2813 - val_mae: 0.4277 - 2s/epoch - 171ms/step
Epoch 258/10000

Epoch 258: val_loss did not improve from 0.27083
12/12 - 2s - loss: 0.2850 - mse: 0.2850 - mae: 0.4286 - val_loss: 0.3269 - val_mse: 0.3269 - val_mae: 0.4620 - 2s/epoch - 171ms/step
Epoch 259/10000

Epoch 259: val_loss did not improve from 0.27083
12/12 - 2s - loss: 0.2968 - mse: 0.2968 - mae: 0.4360 - val_loss: 0.2836 - val_mse: 0.2836 - val_mae: 0.4302 - 2s/epoch - 171ms/step
Epoch 260/10000

Epoch 260: val_loss did not improve from 0.27083
12/12 - 2s - loss: 0.2761 - mse: 0.2761 - mae: 0.4226 - val_loss: 0.2742 - val_mse: 0.2742 - val_mae: 0.4227 - 2s/epoch - 171ms/step
Epoch 260: early stopping
