[ 13.14519438  30.04553007  46.53366244  63.02179482  79.5099272
  95.99805957 112.48619195 128.97432432 145.4624567  161.95058908
 178.43872145 194.92685383 211.41498621 227.90311858 244.39125096
 260.87938334 277.36751571 293.85564809 310.34378047 326.83191284
 343.32004522 359.80817759 376.29630997 392.78444235 409.27257472
 425.7607071 ]
Before undersampling: [(0, 375), (1, 834), (2, 3661), (3, 4955), (4, 3156), (5, 2425), (6, 2195), (7, 1862), (8, 1648), (9, 1497), (10, 1418), (11, 1313), (12, 1182), (13, 1082), (14, 902), (15, 843), (16, 708), (17, 675), (18, 486), (19, 429), (20, 347), (21, 282), (22, 251), (23, 195), (24, 209)]
After undersampling: [(0, 154), (1, 522), (2, 2332), (3, 3644), (4, 2283), (5, 1602), (6, 1549), (7, 1265), (8, 1193), (9, 1004), (10, 995), (11, 905), (12, 800), (13, 760), (14, 652), (15, 593), (16, 474), (17, 480), (18, 313), (19, 312), (20, 227), (21, 185), (22, 171), (23, 195), (24, 175)]
            label  HH_0_0_x  HV_0_0_x  IA_0_0_x       FYI      DFYI       MYI     rms_0     thk_1     rms_1     thk_2     rms_2     thk_3     rms_3  ...    3         4    5         6         7         8         9        10   11        12   13        14        15                                                CNN
0       17.086856  0.313725  0.074510  0.107634  0.247252  0.463729  0.289019  4.920269  1.262861  4.828379  1.213918  4.858274  1.283442  4.850255  ...  0.0  1.006031  0.0  0.646210  0.525278  0.842233  0.303368  0.945872  0.0  0.744991  0.0  0.747559  0.485033  [[[[0.2196078431372549], [0.107595832675111], ...
1       20.047720  0.180392  0.066667  0.097725  0.738709  0.183567  0.077724  4.583422  1.133234  4.536524  1.108991  4.554101  1.156963  4.505090  ...  0.0  1.092973  0.0  0.649223  0.676005  0.862242  0.254084  1.030291  0.0  0.804824  0.0  0.759567  0.600096  [[[[0.192156862745098], [0.0977649688720703], ...
2       21.879896  0.172549  0.078431  0.152634  0.970518  0.007768  0.021715  4.353662  1.159502  4.419120  1.134268  4.378671  1.147418  4.348022  ...  0.0  0.920769  0.0  0.489775  0.589967  0.708003  0.199573  0.820141  0.0  0.665453  0.0  0.584657  0.519995  [[[[0.1764705882352941], [0.1526659198835784],...
3       29.303069  0.290196  0.050980  0.114745  0.658133  0.281557  0.060310  4.598076  1.185103  4.563416  1.154524  4.564810  1.165667  4.536605  ...  0.0  0.994641  0.0  0.605771  0.567057  0.812329  0.304287  0.896692  0.0  0.725698  0.0  0.702167  0.509654  [[[[0.196078431372549], [0.1147064657772288], ...
4       28.086462  0.235294  0.054902  0.108512  0.327408  0.569334  0.103258  4.802491  1.244207  4.708275  1.189079  4.721185  1.208178  4.712132  ...  0.0  1.033425  0.0  0.647521  0.547147  0.841226  0.282102  0.963601  0.0  0.751889  0.0  0.748437  0.490635  [[[[0.2862745098039215], [0.1084735346775429],...
...           ...       ...       ...       ...       ...       ...       ...       ...       ...       ...       ...       ...       ...       ...  ...  ...       ...  ...       ...       ...       ...       ...       ...  ...       ...  ...       ...       ...                                                ...
22780  417.027580  0.505882  0.090196  0.152162  0.185910  0.031902  0.782188  4.486675  1.202497  4.531466  1.252972  4.593008  1.239219  4.510143  ...  0.0  0.839703  0.0  0.468273  0.499118  0.650608  0.278814  0.681403  0.0  0.621146  0.0  0.548368  0.455899  [[[[0.4196078431372549], [0.15219440834195], [...
22781  417.866263  0.392157  0.125490  0.152184  0.189279  0.051355  0.759366  4.590506  1.242536  4.658542  1.255140  4.682031  1.275536  4.639037  ...  0.0  0.753041  0.0  0.432618  0.424933  0.606180  0.279904  0.615722  0.0  0.551801  0.0  0.504145  0.391604  [[[[0.3490196078431372], [0.1522158155254289],...
22782  421.196328  0.631373  0.466667  0.154089  0.004261  0.000064  0.995674  1.187829  0.197352  0.941815  0.203265  0.245285  0.157730  0.213412  ...  0.0  0.644292  0.0  0.466233  0.184014  0.544459  0.317551  0.496343  0.0  0.488684  0.0  0.521621  0.200857  [[[[0.596078431372549], [0.1541208603802849], ...
22783  416.289186  0.517647  0.160784  0.153404  0.011037  0.000341  0.988622  1.187829  0.197352  0.941815  0.203265  0.245285  0.157730  0.213412  ...  0.0  0.792541  0.0  0.518223  0.461039  0.679398  0.335284  0.699151  0.0  0.512142  0.0  0.532694  0.315921  [[[[0.4078431372549019], [0.1534358903473499],...
22784  423.194662  0.341176  0.274510  0.153307  0.003870  0.000024  0.996105  1.187829  0.197352  0.941815  0.203265  0.245285  0.157730  0.213412  ...  0.0  0.712026  0.0  0.452670  0.356484  0.560431  0.500874  0.445316  0.0  0.508642  0.0  0.462847  0.257479  [[[[0.5686274509803921], [0.1533395804610907],...

[22785 rows x 128 columns]
Size of dataset: (22785, 127)
*************************** Fold #: 1 ***************************
Model: "model"
__________________________________________________________________________________________________
 Layer (type)                   Output Shape         Param #     Connected to                     
==================================================================================================
 conv (InputLayer)              [(None, 7, 7, 3, 1)  0           []                               
                                ]                                                                 
                                                                                                  
 zero_padding3d (ZeroPadding3D)  (None, 8, 8, 4, 1)  0           ['conv[0][0]']                   
                                                                                                  
 conv3d (Conv3D)                (None, 8, 8, 4, 8)   224         ['zero_padding3d[0][0]']         
                                                                                                  
 max_pooling3d (MaxPooling3D)   (None, 4, 4, 2, 8)   0           ['conv3d[0][0]']                 
                                                                                                  
 conv3d_1 (Conv3D)              (None, 4, 4, 2, 4)   868         ['max_pooling3d[0][0]']          
                                                                                                  
 max_pooling3d_1 (MaxPooling3D)  (None, 2, 2, 1, 4)  0           ['conv3d_1[0][0]']               
                                                                                                  
 cat (InputLayer)               [(None, 126)]        0           []                               
                                                                                                  
 flatten (Flatten)              (None, 16)           0           ['max_pooling3d_1[0][0]']        
                                                                                                  
 concatenate (Concatenate)      (None, 142)          0           ['cat[0][0]',                    
                                                                  'flatten[0][0]']                
                                                                                                  
 dense (Dense)                  (None, 200)          28600       ['concatenate[0][0]']            
                                                                                                  
 dense_1 (Dense)                (None, 200)          40200       ['dense[0][0]']                  
                                                                                                  
 dense_2 (Dense)                (None, 200)          40200       ['dense_1[0][0]']                
                                                                                                  
 dense_3 (Dense)                (None, 200)          40200       ['dense_2[0][0]']                
                                                                                                  
 dense_4 (Dense)                (None, 200)          40200       ['dense_3[0][0]']                
                                                                                                  
 dense_5 (Dense)                (None, 1)            201         ['dense_4[0][0]']                
                                                                                                  
==================================================================================================
Total params: 190,693
Trainable params: 190,693
Non-trainable params: 0
__________________________________________________________________________________________________
Epoch 1/10000

Epoch 1: val_loss improved from inf to 1.56457, saving model to ./results/NN_rms_regr/ResNet/recursion_47/ckpt_1
12/12 - 3s - loss: 9.7437 - mse: 9.7437 - mae: 2.6944 - val_loss: 1.5646 - val_mse: 1.5646 - val_mae: 0.9762 - 3s/epoch - 280ms/step
Epoch 2/10000

Epoch 2: val_loss improved from 1.56457 to 0.80797, saving model to ./results/NN_rms_regr/ResNet/recursion_47/ckpt_1
12/12 - 3s - loss: 1.7065 - mse: 1.7065 - mae: 1.0123 - val_loss: 0.8080 - val_mse: 0.8080 - val_mae: 0.5492 - 3s/epoch - 238ms/step
Epoch 3/10000

Epoch 3: val_loss improved from 0.80797 to 0.70638, saving model to ./results/NN_rms_regr/ResNet/recursion_47/ckpt_1
12/12 - 3s - loss: 0.9875 - mse: 0.9875 - mae: 0.6568 - val_loss: 0.7064 - val_mse: 0.7064 - val_mae: 0.5349 - 3s/epoch - 233ms/step
Epoch 4/10000

Epoch 4: val_loss improved from 0.70638 to 0.50166, saving model to ./results/NN_rms_regr/ResNet/recursion_47/ckpt_1
12/12 - 3s - loss: 0.7073 - mse: 0.7073 - mae: 0.5594 - val_loss: 0.5017 - val_mse: 0.5017 - val_mae: 0.5054 - 3s/epoch - 238ms/step
Epoch 5/10000

Epoch 5: val_loss improved from 0.50166 to 0.28560, saving model to ./results/NN_rms_regr/ResNet/recursion_47/ckpt_1
12/12 - 3s - loss: 0.4167 - mse: 0.4167 - mae: 0.4922 - val_loss: 0.2856 - val_mse: 0.2856 - val_mae: 0.4361 - 3s/epoch - 240ms/step
Epoch 6/10000

Epoch 6: val_loss improved from 0.28560 to 0.28041, saving model to ./results/NN_rms_regr/ResNet/recursion_47/ckpt_1
12/12 - 3s - loss: 0.3112 - mse: 0.3112 - mae: 0.4538 - val_loss: 0.2804 - val_mse: 0.2804 - val_mae: 0.4328 - 3s/epoch - 236ms/step
Epoch 7/10000

Epoch 7: val_loss did not improve from 0.28041
12/12 - 2s - loss: 0.2955 - mse: 0.2955 - mae: 0.4432 - val_loss: 0.2829 - val_mse: 0.2829 - val_mae: 0.4343 - 2s/epoch - 171ms/step
Epoch 8/10000

Epoch 8: val_loss improved from 0.28041 to 0.27983, saving model to ./results/NN_rms_regr/ResNet/recursion_47/ckpt_1
12/12 - 3s - loss: 0.2927 - mse: 0.2927 - mae: 0.4429 - val_loss: 0.2798 - val_mse: 0.2798 - val_mae: 0.4322 - 3s/epoch - 250ms/step
Epoch 9/10000

Epoch 9: val_loss did not improve from 0.27983
12/12 - 2s - loss: 0.2901 - mse: 0.2901 - mae: 0.4405 - val_loss: 0.2801 - val_mse: 0.2801 - val_mae: 0.4311 - 2s/epoch - 171ms/step
Epoch 10/10000

Epoch 10: val_loss did not improve from 0.27983
12/12 - 2s - loss: 0.2924 - mse: 0.2924 - mae: 0.4422 - val_loss: 0.2825 - val_mse: 0.2825 - val_mae: 0.4322 - 2s/epoch - 171ms/step
Epoch 11/10000

Epoch 11: val_loss improved from 0.27983 to 0.27796, saving model to ./results/NN_rms_regr/ResNet/recursion_47/ckpt_1
12/12 - 3s - loss: 0.2913 - mse: 0.2913 - mae: 0.4405 - val_loss: 0.2780 - val_mse: 0.2780 - val_mae: 0.4304 - 3s/epoch - 249ms/step
Epoch 12/10000

Epoch 12: val_loss did not improve from 0.27796
12/12 - 2s - loss: 0.2913 - mse: 0.2913 - mae: 0.4403 - val_loss: 0.2848 - val_mse: 0.2848 - val_mae: 0.4362 - 2s/epoch - 173ms/step
Epoch 13/10000

Epoch 13: val_loss did not improve from 0.27796
12/12 - 2s - loss: 0.2930 - mse: 0.2930 - mae: 0.4412 - val_loss: 0.2830 - val_mse: 0.2830 - val_mae: 0.4346 - 2s/epoch - 171ms/step
Epoch 14/10000

Epoch 14: val_loss improved from 0.27796 to 0.27686, saving model to ./results/NN_rms_regr/ResNet/recursion_47/ckpt_1
12/12 - 3s - loss: 0.2882 - mse: 0.2882 - mae: 0.4386 - val_loss: 0.2769 - val_mse: 0.2769 - val_mae: 0.4293 - 3s/epoch - 240ms/step
Epoch 15/10000

Epoch 15: val_loss did not improve from 0.27686
12/12 - 2s - loss: 0.2876 - mse: 0.2876 - mae: 0.4377 - val_loss: 0.2771 - val_mse: 0.2771 - val_mae: 0.4295 - 2s/epoch - 174ms/step
Epoch 16/10000

Epoch 16: val_loss did not improve from 0.27686
12/12 - 2s - loss: 0.2882 - mse: 0.2882 - mae: 0.4379 - val_loss: 0.2782 - val_mse: 0.2782 - val_mae: 0.4290 - 2s/epoch - 171ms/step
Epoch 17/10000

Epoch 17: val_loss did not improve from 0.27686
12/12 - 2s - loss: 0.2865 - mse: 0.2865 - mae: 0.4366 - val_loss: 0.2958 - val_mse: 0.2958 - val_mae: 0.4435 - 2s/epoch - 176ms/step
Epoch 18/10000

Epoch 18: val_loss improved from 0.27686 to 0.27656, saving model to ./results/NN_rms_regr/ResNet/recursion_47/ckpt_1
12/12 - 3s - loss: 0.2920 - mse: 0.2920 - mae: 0.4403 - val_loss: 0.2766 - val_mse: 0.2766 - val_mae: 0.4281 - 3s/epoch - 250ms/step
Epoch 19/10000

Epoch 19: val_loss improved from 0.27656 to 0.27612, saving model to ./results/NN_rms_regr/ResNet/recursion_47/ckpt_1
12/12 - 3s - loss: 0.2879 - mse: 0.2879 - mae: 0.4377 - val_loss: 0.2761 - val_mse: 0.2761 - val_mae: 0.4284 - 3s/epoch - 247ms/step
Epoch 20/10000

Epoch 20: val_loss did not improve from 0.27612
12/12 - 2s - loss: 0.2862 - mse: 0.2862 - mae: 0.4361 - val_loss: 0.2767 - val_mse: 0.2767 - val_mae: 0.4289 - 2s/epoch - 176ms/step
Epoch 21/10000

Epoch 21: val_loss did not improve from 0.27612
12/12 - 2s - loss: 0.2867 - mse: 0.2867 - mae: 0.4369 - val_loss: 0.2770 - val_mse: 0.2770 - val_mae: 0.4292 - 2s/epoch - 177ms/step
Epoch 22/10000

Epoch 22: val_loss did not improve from 0.27612
12/12 - 2s - loss: 0.2893 - mse: 0.2893 - mae: 0.4380 - val_loss: 0.2844 - val_mse: 0.2844 - val_mae: 0.4313 - 2s/epoch - 171ms/step
Epoch 23/10000

Epoch 23: val_loss did not improve from 0.27612
12/12 - 2s - loss: 0.2910 - mse: 0.2910 - mae: 0.4390 - val_loss: 0.2771 - val_mse: 0.2771 - val_mae: 0.4277 - 2s/epoch - 171ms/step
Epoch 24/10000

Epoch 24: val_loss improved from 0.27612 to 0.27521, saving model to ./results/NN_rms_regr/ResNet/recursion_47/ckpt_1
12/12 - 3s - loss: 0.2876 - mse: 0.2876 - mae: 0.4377 - val_loss: 0.2752 - val_mse: 0.2752 - val_mae: 0.4270 - 3s/epoch - 247ms/step
Epoch 25/10000

Epoch 25: val_loss did not improve from 0.27521
12/12 - 2s - loss: 0.2851 - mse: 0.2851 - mae: 0.4354 - val_loss: 0.2755 - val_mse: 0.2755 - val_mae: 0.4270 - 2s/epoch - 176ms/step
Epoch 26/10000

Epoch 26: val_loss did not improve from 0.27521
12/12 - 2s - loss: 0.2885 - mse: 0.2885 - mae: 0.4369 - val_loss: 0.2811 - val_mse: 0.2811 - val_mae: 0.4323 - 2s/epoch - 171ms/step
Epoch 27/10000

Epoch 27: val_loss did not improve from 0.27521
12/12 - 2s - loss: 0.2861 - mse: 0.2861 - mae: 0.4358 - val_loss: 0.2753 - val_mse: 0.2753 - val_mae: 0.4274 - 2s/epoch - 173ms/step
Epoch 28/10000

Epoch 28: val_loss did not improve from 0.27521
12/12 - 2s - loss: 0.2854 - mse: 0.2854 - mae: 0.4351 - val_loss: 0.2755 - val_mse: 0.2755 - val_mae: 0.4268 - 2s/epoch - 171ms/step
Epoch 29/10000

Epoch 29: val_loss did not improve from 0.27521
12/12 - 2s - loss: 0.2871 - mse: 0.2871 - mae: 0.4370 - val_loss: 0.2806 - val_mse: 0.2806 - val_mae: 0.4316 - 2s/epoch - 175ms/step
Epoch 30/10000

Epoch 30: val_loss did not improve from 0.27521
12/12 - 2s - loss: 0.2856 - mse: 0.2856 - mae: 0.4349 - val_loss: 0.2824 - val_mse: 0.2824 - val_mae: 0.4332 - 2s/epoch - 172ms/step
Epoch 31/10000

Epoch 31: val_loss did not improve from 0.27521
12/12 - 2s - loss: 0.2875 - mse: 0.2875 - mae: 0.4362 - val_loss: 0.2797 - val_mse: 0.2797 - val_mae: 0.4310 - 2s/epoch - 172ms/step
Epoch 32/10000

Epoch 32: val_loss improved from 0.27521 to 0.27427, saving model to ./results/NN_rms_regr/ResNet/recursion_47/ckpt_1
12/12 - 3s - loss: 0.2850 - mse: 0.2850 - mae: 0.4346 - val_loss: 0.2743 - val_mse: 0.2743 - val_mae: 0.4262 - 3s/epoch - 247ms/step
Epoch 33/10000

Epoch 33: val_loss did not improve from 0.27427
12/12 - 2s - loss: 0.2846 - mse: 0.2846 - mae: 0.4343 - val_loss: 0.2755 - val_mse: 0.2755 - val_mae: 0.4262 - 2s/epoch - 172ms/step
Epoch 34/10000

Epoch 34: val_loss did not improve from 0.27427
12/12 - 2s - loss: 0.2884 - mse: 0.2884 - mae: 0.4369 - val_loss: 0.2847 - val_mse: 0.2847 - val_mae: 0.4307 - 2s/epoch - 172ms/step
Epoch 35/10000

Epoch 35: val_loss did not improve from 0.27427
12/12 - 2s - loss: 0.2911 - mse: 0.2911 - mae: 0.4381 - val_loss: 0.2910 - val_mse: 0.2910 - val_mae: 0.4344 - 2s/epoch - 171ms/step
Epoch 36/10000

Epoch 36: val_loss did not improve from 0.27427
12/12 - 2s - loss: 0.2926 - mse: 0.2926 - mae: 0.4400 - val_loss: 0.2769 - val_mse: 0.2769 - val_mae: 0.4270 - 2s/epoch - 173ms/step
Epoch 37/10000

Epoch 37: val_loss did not improve from 0.27427
12/12 - 2s - loss: 0.2871 - mse: 0.2871 - mae: 0.4360 - val_loss: 0.2745 - val_mse: 0.2745 - val_mae: 0.4260 - 2s/epoch - 176ms/step
Epoch 38/10000

Epoch 38: val_loss did not improve from 0.27427
12/12 - 2s - loss: 0.2846 - mse: 0.2846 - mae: 0.4346 - val_loss: 0.2828 - val_mse: 0.2828 - val_mae: 0.4295 - 2s/epoch - 171ms/step
Epoch 39/10000

Epoch 39: val_loss did not improve from 0.27427
12/12 - 2s - loss: 0.2862 - mse: 0.2862 - mae: 0.4356 - val_loss: 0.2792 - val_mse: 0.2792 - val_mae: 0.4276 - 2s/epoch - 171ms/step
Epoch 40/10000

Epoch 40: val_loss did not improve from 0.27427
12/12 - 2s - loss: 0.2885 - mse: 0.2885 - mae: 0.4364 - val_loss: 0.2807 - val_mse: 0.2807 - val_mae: 0.4283 - 2s/epoch - 173ms/step
Epoch 41/10000

Epoch 41: val_loss did not improve from 0.27427
12/12 - 2s - loss: 0.2882 - mse: 0.2882 - mae: 0.4368 - val_loss: 0.2825 - val_mse: 0.2825 - val_mae: 0.4292 - 2s/epoch - 174ms/step
Epoch 42/10000

Epoch 42: val_loss did not improve from 0.27427
12/12 - 2s - loss: 0.2874 - mse: 0.2874 - mae: 0.4356 - val_loss: 0.2836 - val_mse: 0.2836 - val_mae: 0.4298 - 2s/epoch - 174ms/step
Epoch 43/10000

Epoch 43: val_loss improved from 0.27427 to 0.27379, saving model to ./results/NN_rms_regr/ResNet/recursion_47/ckpt_1
12/12 - 3s - loss: 0.2863 - mse: 0.2863 - mae: 0.4350 - val_loss: 0.2738 - val_mse: 0.2738 - val_mae: 0.4257 - 3s/epoch - 245ms/step
Epoch 44/10000

Epoch 44: val_loss improved from 0.27379 to 0.27348, saving model to ./results/NN_rms_regr/ResNet/recursion_47/ckpt_1
12/12 - 3s - loss: 0.2855 - mse: 0.2855 - mae: 0.4348 - val_loss: 0.2735 - val_mse: 0.2735 - val_mae: 0.4252 - 3s/epoch - 247ms/step
Epoch 45/10000

Epoch 45: val_loss did not improve from 0.27348
12/12 - 2s - loss: 0.2876 - mse: 0.2876 - mae: 0.4360 - val_loss: 0.2887 - val_mse: 0.2887 - val_mae: 0.4374 - 2s/epoch - 175ms/step
Epoch 46/10000

Epoch 46: val_loss did not improve from 0.27348
12/12 - 2s - loss: 0.2875 - mse: 0.2875 - mae: 0.4360 - val_loss: 0.2778 - val_mse: 0.2778 - val_mae: 0.4293 - 2s/epoch - 172ms/step
Epoch 47/10000

Epoch 47: val_loss did not improve from 0.27348
12/12 - 2s - loss: 0.2842 - mse: 0.2842 - mae: 0.4340 - val_loss: 0.2742 - val_mse: 0.2742 - val_mae: 0.4259 - 2s/epoch - 171ms/step
Epoch 48/10000

Epoch 48: val_loss did not improve from 0.27348
12/12 - 2s - loss: 0.2859 - mse: 0.2859 - mae: 0.4347 - val_loss: 0.2747 - val_mse: 0.2747 - val_mae: 0.4267 - 2s/epoch - 172ms/step
Epoch 49/10000

Epoch 49: val_loss did not improve from 0.27348
12/12 - 2s - loss: 0.2839 - mse: 0.2839 - mae: 0.4336 - val_loss: 0.2738 - val_mse: 0.2738 - val_mae: 0.4249 - 2s/epoch - 171ms/step
Epoch 50/10000

Epoch 50: val_loss did not improve from 0.27348
12/12 - 2s - loss: 0.2852 - mse: 0.2852 - mae: 0.4346 - val_loss: 0.3169 - val_mse: 0.3169 - val_mae: 0.4499 - 2s/epoch - 171ms/step
Epoch 51/10000

Epoch 51: val_loss did not improve from 0.27348
12/12 - 2s - loss: 0.3029 - mse: 0.3029 - mae: 0.4463 - val_loss: 0.3080 - val_mse: 0.3080 - val_mae: 0.4444 - 2s/epoch - 172ms/step
Epoch 52/10000

Epoch 52: val_loss did not improve from 0.27348
12/12 - 2s - loss: 0.2971 - mse: 0.2971 - mae: 0.4423 - val_loss: 0.2751 - val_mse: 0.2751 - val_mae: 0.4271 - 2s/epoch - 173ms/step
Epoch 53/10000

Epoch 53: val_loss did not improve from 0.27348
12/12 - 2s - loss: 0.2857 - mse: 0.2857 - mae: 0.4348 - val_loss: 0.2742 - val_mse: 0.2742 - val_mae: 0.4260 - 2s/epoch - 176ms/step
Epoch 54/10000

Epoch 54: val_loss did not improve from 0.27348
12/12 - 2s - loss: 0.2838 - mse: 0.2838 - mae: 0.4332 - val_loss: 0.2742 - val_mse: 0.2742 - val_mae: 0.4262 - 2s/epoch - 172ms/step
Epoch 55/10000

Epoch 55: val_loss did not improve from 0.27348
12/12 - 2s - loss: 0.2833 - mse: 0.2833 - mae: 0.4330 - val_loss: 0.2749 - val_mse: 0.2749 - val_mae: 0.4251 - 2s/epoch - 172ms/step
Epoch 56/10000

Epoch 56: val_loss did not improve from 0.27348
12/12 - 2s - loss: 0.2843 - mse: 0.2843 - mae: 0.4334 - val_loss: 0.2845 - val_mse: 0.2845 - val_mae: 0.4341 - 2s/epoch - 172ms/step
Epoch 57/10000

Epoch 57: val_loss did not improve from 0.27348
12/12 - 2s - loss: 0.2860 - mse: 0.2860 - mae: 0.4354 - val_loss: 0.2736 - val_mse: 0.2736 - val_mae: 0.4255 - 2s/epoch - 173ms/step
Epoch 58/10000

Epoch 58: val_loss improved from 0.27348 to 0.27309, saving model to ./results/NN_rms_regr/ResNet/recursion_47/ckpt_1
12/12 - 3s - loss: 0.2835 - mse: 0.2835 - mae: 0.4330 - val_loss: 0.2731 - val_mse: 0.2731 - val_mae: 0.4246 - 3s/epoch - 244ms/step
Epoch 59/10000

Epoch 59: val_loss did not improve from 0.27309
12/12 - 2s - loss: 0.2835 - mse: 0.2835 - mae: 0.4327 - val_loss: 0.2741 - val_mse: 0.2741 - val_mae: 0.4247 - 2s/epoch - 173ms/step
Epoch 60/10000

Epoch 60: val_loss did not improve from 0.27309
12/12 - 2s - loss: 0.2884 - mse: 0.2884 - mae: 0.4370 - val_loss: 0.2736 - val_mse: 0.2736 - val_mae: 0.4245 - 2s/epoch - 172ms/step
Epoch 61/10000

Epoch 61: val_loss did not improve from 0.27309
12/12 - 2s - loss: 0.2830 - mse: 0.2830 - mae: 0.4325 - val_loss: 0.2732 - val_mse: 0.2732 - val_mae: 0.4250 - 2s/epoch - 170ms/step
Epoch 62/10000

Epoch 62: val_loss did not improve from 0.27309
12/12 - 2s - loss: 0.2834 - mse: 0.2834 - mae: 0.4330 - val_loss: 0.2740 - val_mse: 0.2740 - val_mae: 0.4252 - 2s/epoch - 171ms/step
Epoch 63/10000

Epoch 63: val_loss did not improve from 0.27309
12/12 - 2s - loss: 0.2848 - mse: 0.2848 - mae: 0.4339 - val_loss: 0.2841 - val_mse: 0.2841 - val_mae: 0.4297 - 2s/epoch - 175ms/step
Epoch 64/10000

Epoch 64: val_loss did not improve from 0.27309
12/12 - 2s - loss: 0.2884 - mse: 0.2884 - mae: 0.4358 - val_loss: 0.2844 - val_mse: 0.2844 - val_mae: 0.4301 - 2s/epoch - 172ms/step
Epoch 65/10000

Epoch 65: val_loss did not improve from 0.27309
12/12 - 2s - loss: 0.2862 - mse: 0.2862 - mae: 0.4337 - val_loss: 0.2731 - val_mse: 0.2731 - val_mae: 0.4243 - 2s/epoch - 171ms/step
Epoch 66/10000

Epoch 66: val_loss did not improve from 0.27309
12/12 - 2s - loss: 0.2840 - mse: 0.2840 - mae: 0.4331 - val_loss: 0.2742 - val_mse: 0.2742 - val_mae: 0.4261 - 2s/epoch - 174ms/step
Epoch 67/10000

Epoch 67: val_loss did not improve from 0.27309
12/12 - 2s - loss: 0.2867 - mse: 0.2867 - mae: 0.4347 - val_loss: 0.2747 - val_mse: 0.2747 - val_mae: 0.4257 - 2s/epoch - 172ms/step
Epoch 68/10000

Epoch 68: val_loss did not improve from 0.27309
12/12 - 2s - loss: 0.2841 - mse: 0.2841 - mae: 0.4333 - val_loss: 0.2756 - val_mse: 0.2756 - val_mae: 0.4252 - 2s/epoch - 173ms/step
Epoch 69/10000

Epoch 69: val_loss did not improve from 0.27309
12/12 - 2s - loss: 0.2845 - mse: 0.2845 - mae: 0.4331 - val_loss: 0.2871 - val_mse: 0.2871 - val_mae: 0.4359 - 2s/epoch - 173ms/step
Epoch 70/10000

Epoch 70: val_loss did not improve from 0.27309
12/12 - 2s - loss: 0.2879 - mse: 0.2879 - mae: 0.4356 - val_loss: 0.2743 - val_mse: 0.2743 - val_mae: 0.4261 - 2s/epoch - 176ms/step
Epoch 71/10000

Epoch 71: val_loss did not improve from 0.27309
12/12 - 2s - loss: 0.2837 - mse: 0.2837 - mae: 0.4330 - val_loss: 0.2737 - val_mse: 0.2737 - val_mae: 0.4244 - 2s/epoch - 173ms/step
Epoch 72/10000

Epoch 72: val_loss did not improve from 0.27309
12/12 - 2s - loss: 0.2837 - mse: 0.2837 - mae: 0.4332 - val_loss: 0.2782 - val_mse: 0.2782 - val_mae: 0.4263 - 2s/epoch - 171ms/step
Epoch 73/10000

Epoch 73: val_loss did not improve from 0.27309
12/12 - 2s - loss: 0.2851 - mse: 0.2851 - mae: 0.4336 - val_loss: 0.2802 - val_mse: 0.2802 - val_mae: 0.4278 - 2s/epoch - 171ms/step
Epoch 74/10000

Epoch 74: val_loss did not improve from 0.27309
12/12 - 2s - loss: 0.2857 - mse: 0.2857 - mae: 0.4344 - val_loss: 0.2763 - val_mse: 0.2763 - val_mae: 0.4275 - 2s/epoch - 177ms/step
Epoch 75/10000

Epoch 75: val_loss did not improve from 0.27309
12/12 - 2s - loss: 0.2836 - mse: 0.2836 - mae: 0.4327 - val_loss: 0.2748 - val_mse: 0.2748 - val_mae: 0.4246 - 2s/epoch - 170ms/step
Epoch 76/10000

Epoch 76: val_loss did not improve from 0.27309
12/12 - 2s - loss: 0.2853 - mse: 0.2853 - mae: 0.4340 - val_loss: 0.2791 - val_mse: 0.2791 - val_mae: 0.4299 - 2s/epoch - 176ms/step
Epoch 77/10000

Epoch 77: val_loss did not improve from 0.27309
12/12 - 2s - loss: 0.2859 - mse: 0.2859 - mae: 0.4345 - val_loss: 0.2763 - val_mse: 0.2763 - val_mae: 0.4275 - 2s/epoch - 175ms/step
Epoch 78/10000

Epoch 78: val_loss improved from 0.27309 to 0.27307, saving model to ./results/NN_rms_regr/ResNet/recursion_47/ckpt_1
12/12 - 3s - loss: 0.2838 - mse: 0.2838 - mae: 0.4331 - val_loss: 0.2731 - val_mse: 0.2731 - val_mae: 0.4244 - 3s/epoch - 246ms/step
Epoch 79/10000

Epoch 79: val_loss did not improve from 0.27307
12/12 - 2s - loss: 0.2852 - mse: 0.2852 - mae: 0.4340 - val_loss: 0.2775 - val_mse: 0.2775 - val_mae: 0.4259 - 2s/epoch - 173ms/step
Epoch 80/10000

Epoch 80: val_loss did not improve from 0.27307
12/12 - 2s - loss: 0.2869 - mse: 0.2869 - mae: 0.4347 - val_loss: 0.2760 - val_mse: 0.2760 - val_mae: 0.4276 - 2s/epoch - 177ms/step
Epoch 81/10000

Epoch 81: val_loss did not improve from 0.27307
12/12 - 2s - loss: 0.2873 - mse: 0.2873 - mae: 0.4356 - val_loss: 0.2765 - val_mse: 0.2765 - val_mae: 0.4277 - 2s/epoch - 177ms/step
Epoch 82/10000

Epoch 82: val_loss did not improve from 0.27307
12/12 - 2s - loss: 0.2839 - mse: 0.2839 - mae: 0.4331 - val_loss: 0.2815 - val_mse: 0.2815 - val_mae: 0.4316 - 2s/epoch - 173ms/step
Epoch 83/10000

Epoch 83: val_loss improved from 0.27307 to 0.27283, saving model to ./results/NN_rms_regr/ResNet/recursion_47/ckpt_1
12/12 - 3s - loss: 0.2844 - mse: 0.2844 - mae: 0.4329 - val_loss: 0.2728 - val_mse: 0.2728 - val_mae: 0.4239 - 3s/epoch - 248ms/step
Epoch 84/10000

Epoch 84: val_loss did not improve from 0.27283
12/12 - 2s - loss: 0.2837 - mse: 0.2837 - mae: 0.4327 - val_loss: 0.2746 - val_mse: 0.2746 - val_mae: 0.4248 - 2s/epoch - 175ms/step
Epoch 85/10000

Epoch 85: val_loss did not improve from 0.27283
12/12 - 2s - loss: 0.2836 - mse: 0.2836 - mae: 0.4325 - val_loss: 0.2821 - val_mse: 0.2821 - val_mae: 0.4283 - 2s/epoch - 174ms/step
Epoch 86/10000

Epoch 86: val_loss did not improve from 0.27283
12/12 - 2s - loss: 0.2951 - mse: 0.2951 - mae: 0.4408 - val_loss: 0.3129 - val_mse: 0.3129 - val_mae: 0.4542 - 2s/epoch - 171ms/step
Epoch 87/10000

Epoch 87: val_loss did not improve from 0.27283
12/12 - 2s - loss: 0.3045 - mse: 0.3045 - mae: 0.4467 - val_loss: 0.2757 - val_mse: 0.2757 - val_mae: 0.4248 - 2s/epoch - 171ms/step
Epoch 88/10000

Epoch 88: val_loss did not improve from 0.27283
12/12 - 2s - loss: 0.2872 - mse: 0.2872 - mae: 0.4348 - val_loss: 0.2862 - val_mse: 0.2862 - val_mae: 0.4306 - 2s/epoch - 173ms/step
Epoch 89/10000

Epoch 89: val_loss did not improve from 0.27283
12/12 - 2s - loss: 0.2860 - mse: 0.2860 - mae: 0.4338 - val_loss: 0.2750 - val_mse: 0.2750 - val_mae: 0.4264 - 2s/epoch - 172ms/step
Epoch 90/10000

Epoch 90: val_loss did not improve from 0.27283
12/12 - 2s - loss: 0.2845 - mse: 0.2845 - mae: 0.4334 - val_loss: 0.2789 - val_mse: 0.2789 - val_mae: 0.4297 - 2s/epoch - 172ms/step
Epoch 91/10000

Epoch 91: val_loss did not improve from 0.27283
12/12 - 2s - loss: 0.2858 - mse: 0.2858 - mae: 0.4341 - val_loss: 0.2836 - val_mse: 0.2836 - val_mae: 0.4330 - 2s/epoch - 172ms/step
Epoch 92/10000

Epoch 92: val_loss did not improve from 0.27283
12/12 - 2s - loss: 0.2850 - mse: 0.2850 - mae: 0.4338 - val_loss: 0.2775 - val_mse: 0.2775 - val_mae: 0.4256 - 2s/epoch - 172ms/step
Epoch 93/10000

Epoch 93: val_loss improved from 0.27283 to 0.27264, saving model to ./results/NN_rms_regr/ResNet/recursion_47/ckpt_1
12/12 - 3s - loss: 0.2836 - mse: 0.2836 - mae: 0.4331 - val_loss: 0.2726 - val_mse: 0.2726 - val_mae: 0.4240 - 3s/epoch - 253ms/step
Epoch 94/10000

Epoch 94: val_loss did not improve from 0.27264
12/12 - 2s - loss: 0.2840 - mse: 0.2840 - mae: 0.4330 - val_loss: 0.2741 - val_mse: 0.2741 - val_mae: 0.4241 - 2s/epoch - 172ms/step
Epoch 95/10000

Epoch 95: val_loss did not improve from 0.27264
12/12 - 2s - loss: 0.2850 - mse: 0.2850 - mae: 0.4337 - val_loss: 0.2751 - val_mse: 0.2751 - val_mae: 0.4262 - 2s/epoch - 176ms/step
Epoch 96/10000

Epoch 96: val_loss did not improve from 0.27264
12/12 - 2s - loss: 0.2872 - mse: 0.2872 - mae: 0.4350 - val_loss: 0.2757 - val_mse: 0.2757 - val_mae: 0.4247 - 2s/epoch - 175ms/step
Epoch 97/10000

Epoch 97: val_loss did not improve from 0.27264
12/12 - 2s - loss: 0.2841 - mse: 0.2841 - mae: 0.4330 - val_loss: 0.2732 - val_mse: 0.2732 - val_mae: 0.4237 - 2s/epoch - 172ms/step
Epoch 98/10000

Epoch 98: val_loss did not improve from 0.27264
12/12 - 2s - loss: 0.2844 - mse: 0.2844 - mae: 0.4325 - val_loss: 0.2739 - val_mse: 0.2739 - val_mae: 0.4256 - 2s/epoch - 172ms/step
Epoch 99/10000

Epoch 99: val_loss did not improve from 0.27264
12/12 - 2s - loss: 0.2832 - mse: 0.2832 - mae: 0.4322 - val_loss: 0.2728 - val_mse: 0.2728 - val_mae: 0.4235 - 2s/epoch - 171ms/step
Epoch 100/10000

Epoch 100: val_loss did not improve from 0.27264
12/12 - 2s - loss: 0.2846 - mse: 0.2846 - mae: 0.4330 - val_loss: 0.2740 - val_mse: 0.2740 - val_mae: 0.4255 - 2s/epoch - 176ms/step
Epoch 101/10000

Epoch 101: val_loss did not improve from 0.27264
12/12 - 2s - loss: 0.2838 - mse: 0.2838 - mae: 0.4325 - val_loss: 0.2733 - val_mse: 0.2733 - val_mae: 0.4248 - 2s/epoch - 173ms/step
Epoch 102/10000

Epoch 102: val_loss improved from 0.27264 to 0.27251, saving model to ./results/NN_rms_regr/ResNet/recursion_47/ckpt_1
12/12 - 3s - loss: 0.2843 - mse: 0.2843 - mae: 0.4332 - val_loss: 0.2725 - val_mse: 0.2725 - val_mae: 0.4236 - 3s/epoch - 245ms/step
Epoch 103/10000

Epoch 103: val_loss did not improve from 0.27251
12/12 - 2s - loss: 0.2828 - mse: 0.2828 - mae: 0.4324 - val_loss: 0.2736 - val_mse: 0.2736 - val_mae: 0.4250 - 2s/epoch - 173ms/step
Epoch 104/10000

Epoch 104: val_loss did not improve from 0.27251
12/12 - 2s - loss: 0.2827 - mse: 0.2827 - mae: 0.4318 - val_loss: 0.2792 - val_mse: 0.2792 - val_mae: 0.4265 - 2s/epoch - 172ms/step
Epoch 105/10000

Epoch 105: val_loss did not improve from 0.27251
12/12 - 2s - loss: 0.2858 - mse: 0.2858 - mae: 0.4342 - val_loss: 0.2749 - val_mse: 0.2749 - val_mae: 0.4259 - 2s/epoch - 177ms/step
Epoch 106/10000

Epoch 106: val_loss did not improve from 0.27251
12/12 - 2s - loss: 0.2851 - mse: 0.2851 - mae: 0.4337 - val_loss: 0.2737 - val_mse: 0.2737 - val_mae: 0.4239 - 2s/epoch - 171ms/step
Epoch 107/10000

Epoch 107: val_loss did not improve from 0.27251
12/12 - 2s - loss: 0.2873 - mse: 0.2873 - mae: 0.4351 - val_loss: 0.2754 - val_mse: 0.2754 - val_mae: 0.4264 - 2s/epoch - 171ms/step
Epoch 108/10000

Epoch 108: val_loss improved from 0.27251 to 0.27246, saving model to ./results/NN_rms_regr/ResNet/recursion_47/ckpt_1
12/12 - 3s - loss: 0.2833 - mse: 0.2833 - mae: 0.4324 - val_loss: 0.2725 - val_mse: 0.2725 - val_mae: 0.4238 - 3s/epoch - 245ms/step
Epoch 109/10000

Epoch 109: val_loss did not improve from 0.27246
12/12 - 2s - loss: 0.2900 - mse: 0.2900 - mae: 0.4367 - val_loss: 0.2725 - val_mse: 0.2725 - val_mae: 0.4237 - 2s/epoch - 172ms/step
Epoch 110/10000

Epoch 110: val_loss did not improve from 0.27246
12/12 - 2s - loss: 0.2872 - mse: 0.2872 - mae: 0.4352 - val_loss: 0.2726 - val_mse: 0.2726 - val_mae: 0.4234 - 2s/epoch - 171ms/step
Epoch 111/10000

Epoch 111: val_loss did not improve from 0.27246
12/12 - 2s - loss: 0.2835 - mse: 0.2835 - mae: 0.4325 - val_loss: 0.2725 - val_mse: 0.2725 - val_mae: 0.4235 - 2s/epoch - 171ms/step
Epoch 112/10000

Epoch 112: val_loss did not improve from 0.27246
12/12 - 2s - loss: 0.2858 - mse: 0.2858 - mae: 0.4337 - val_loss: 0.2769 - val_mse: 0.2769 - val_mae: 0.4279 - 2s/epoch - 172ms/step
Epoch 113/10000

Epoch 113: val_loss did not improve from 0.27246
12/12 - 2s - loss: 0.2838 - mse: 0.2838 - mae: 0.4327 - val_loss: 0.2849 - val_mse: 0.2849 - val_mae: 0.4301 - 2s/epoch - 172ms/step
Epoch 114/10000

Epoch 114: val_loss did not improve from 0.27246
12/12 - 2s - loss: 0.2921 - mse: 0.2921 - mae: 0.4382 - val_loss: 0.2806 - val_mse: 0.2806 - val_mae: 0.4307 - 2s/epoch - 172ms/step
Epoch 115/10000

Epoch 115: val_loss did not improve from 0.27246
12/12 - 2s - loss: 0.2877 - mse: 0.2877 - mae: 0.4355 - val_loss: 0.2750 - val_mse: 0.2750 - val_mae: 0.4242 - 2s/epoch - 172ms/step
Epoch 116/10000

Epoch 116: val_loss did not improve from 0.27246
12/12 - 2s - loss: 0.2879 - mse: 0.2879 - mae: 0.4350 - val_loss: 0.2725 - val_mse: 0.2725 - val_mae: 0.4233 - 2s/epoch - 171ms/step
Epoch 117/10000

Epoch 117: val_loss did not improve from 0.27246
12/12 - 2s - loss: 0.2847 - mse: 0.2847 - mae: 0.4332 - val_loss: 0.2727 - val_mse: 0.2727 - val_mae: 0.4233 - 2s/epoch - 172ms/step
Epoch 118/10000

Epoch 118: val_loss did not improve from 0.27246
12/12 - 2s - loss: 0.2835 - mse: 0.2835 - mae: 0.4324 - val_loss: 0.2766 - val_mse: 0.2766 - val_mae: 0.4272 - 2s/epoch - 173ms/step
Epoch 119/10000

Epoch 119: val_loss did not improve from 0.27246
12/12 - 2s - loss: 0.2832 - mse: 0.2832 - mae: 0.4322 - val_loss: 0.2726 - val_mse: 0.2726 - val_mae: 0.4238 - 2s/epoch - 171ms/step
Epoch 120/10000

Epoch 120: val_loss did not improve from 0.27246
12/12 - 2s - loss: 0.2843 - mse: 0.2843 - mae: 0.4326 - val_loss: 0.2764 - val_mse: 0.2764 - val_mae: 0.4273 - 2s/epoch - 171ms/step
Epoch 121/10000

Epoch 121: val_loss did not improve from 0.27246
12/12 - 2s - loss: 0.2894 - mse: 0.2894 - mae: 0.4363 - val_loss: 0.2730 - val_mse: 0.2730 - val_mae: 0.4233 - 2s/epoch - 173ms/step
Epoch 122/10000

Epoch 122: val_loss did not improve from 0.27246
12/12 - 2s - loss: 0.2849 - mse: 0.2849 - mae: 0.4335 - val_loss: 0.2760 - val_mse: 0.2760 - val_mae: 0.4247 - 2s/epoch - 173ms/step
Epoch 123/10000

Epoch 123: val_loss did not improve from 0.27246
12/12 - 2s - loss: 0.2836 - mse: 0.2836 - mae: 0.4324 - val_loss: 0.2728 - val_mse: 0.2728 - val_mae: 0.4236 - 2s/epoch - 176ms/step
Epoch 124/10000

Epoch 124: val_loss did not improve from 0.27246
12/12 - 2s - loss: 0.2833 - mse: 0.2833 - mae: 0.4324 - val_loss: 0.2744 - val_mse: 0.2744 - val_mae: 0.4237 - 2s/epoch - 173ms/step
Epoch 125/10000

Epoch 125: val_loss did not improve from 0.27246
12/12 - 2s - loss: 0.2845 - mse: 0.2845 - mae: 0.4326 - val_loss: 0.2727 - val_mse: 0.2727 - val_mae: 0.4235 - 2s/epoch - 173ms/step
Epoch 126/10000

Epoch 126: val_loss did not improve from 0.27246
12/12 - 2s - loss: 0.2837 - mse: 0.2837 - mae: 0.4320 - val_loss: 0.2780 - val_mse: 0.2780 - val_mae: 0.4286 - 2s/epoch - 175ms/step
Epoch 127/10000

Epoch 127: val_loss did not improve from 0.27246
12/12 - 2s - loss: 0.2843 - mse: 0.2843 - mae: 0.4331 - val_loss: 0.2745 - val_mse: 0.2745 - val_mae: 0.4238 - 2s/epoch - 177ms/step
Epoch 128/10000

Epoch 128: val_loss did not improve from 0.27246
12/12 - 2s - loss: 0.2894 - mse: 0.2894 - mae: 0.4367 - val_loss: 0.2731 - val_mse: 0.2731 - val_mae: 0.4233 - 2s/epoch - 173ms/step
Epoch 129/10000

Epoch 129: val_loss did not improve from 0.27246
12/12 - 2s - loss: 0.2839 - mse: 0.2839 - mae: 0.4318 - val_loss: 0.3057 - val_mse: 0.3057 - val_mae: 0.4485 - 2s/epoch - 172ms/step
Epoch 130/10000

Epoch 130: val_loss did not improve from 0.27246
12/12 - 2s - loss: 0.2955 - mse: 0.2955 - mae: 0.4403 - val_loss: 0.2755 - val_mse: 0.2755 - val_mae: 0.4266 - 2s/epoch - 171ms/step
Epoch 131/10000

Epoch 131: val_loss did not improve from 0.27246
12/12 - 2s - loss: 0.2881 - mse: 0.2881 - mae: 0.4353 - val_loss: 0.2726 - val_mse: 0.2726 - val_mae: 0.4231 - 2s/epoch - 175ms/step
Epoch 132/10000

Epoch 132: val_loss improved from 0.27246 to 0.27244, saving model to ./results/NN_rms_regr/ResNet/recursion_47/ckpt_1
12/12 - 3s - loss: 0.2838 - mse: 0.2838 - mae: 0.4324 - val_loss: 0.2724 - val_mse: 0.2724 - val_mae: 0.4230 - 3s/epoch - 246ms/step
Epoch 133/10000

Epoch 133: val_loss did not improve from 0.27244
12/12 - 2s - loss: 0.2875 - mse: 0.2875 - mae: 0.4347 - val_loss: 0.2788 - val_mse: 0.2788 - val_mae: 0.4290 - 2s/epoch - 173ms/step
Epoch 134/10000

Epoch 134: val_loss did not improve from 0.27244
12/12 - 2s - loss: 0.2858 - mse: 0.2858 - mae: 0.4340 - val_loss: 0.2782 - val_mse: 0.2782 - val_mae: 0.4285 - 2s/epoch - 172ms/step
Epoch 135/10000

Epoch 135: val_loss did not improve from 0.27244
12/12 - 2s - loss: 0.2851 - mse: 0.2851 - mae: 0.4326 - val_loss: 0.2731 - val_mse: 0.2731 - val_mae: 0.4233 - 2s/epoch - 175ms/step
Epoch 136/10000

Epoch 136: val_loss did not improve from 0.27244
12/12 - 2s - loss: 0.2839 - mse: 0.2839 - mae: 0.4324 - val_loss: 0.2730 - val_mse: 0.2730 - val_mae: 0.4241 - 2s/epoch - 172ms/step
Epoch 137/10000

Epoch 137: val_loss improved from 0.27244 to 0.27240, saving model to ./results/NN_rms_regr/ResNet/recursion_47/ckpt_1
12/12 - 3s - loss: 0.2828 - mse: 0.2828 - mae: 0.4316 - val_loss: 0.2724 - val_mse: 0.2724 - val_mae: 0.4234 - 3s/epoch - 251ms/step
Epoch 138/10000

Epoch 138: val_loss did not improve from 0.27240
12/12 - 2s - loss: 0.2825 - mse: 0.2825 - mae: 0.4312 - val_loss: 0.2862 - val_mse: 0.2862 - val_mae: 0.4302 - 2s/epoch - 174ms/step
Epoch 139/10000

Epoch 139: val_loss did not improve from 0.27240
12/12 - 2s - loss: 0.2876 - mse: 0.2876 - mae: 0.4343 - val_loss: 0.2745 - val_mse: 0.2745 - val_mae: 0.4251 - 2s/epoch - 174ms/step
Epoch 140/10000

Epoch 140: val_loss did not improve from 0.27240
12/12 - 2s - loss: 0.2876 - mse: 0.2876 - mae: 0.4347 - val_loss: 0.2803 - val_mse: 0.2803 - val_mae: 0.4299 - 2s/epoch - 173ms/step
Epoch 141/10000

Epoch 141: val_loss did not improve from 0.27240
12/12 - 2s - loss: 0.2843 - mse: 0.2843 - mae: 0.4326 - val_loss: 0.2752 - val_mse: 0.2752 - val_mae: 0.4238 - 2s/epoch - 173ms/step
Epoch 142/10000

Epoch 142: val_loss did not improve from 0.27240
12/12 - 2s - loss: 0.2851 - mse: 0.2851 - mae: 0.4335 - val_loss: 0.2757 - val_mse: 0.2757 - val_mae: 0.4242 - 2s/epoch - 173ms/step
Epoch 143/10000

Epoch 143: val_loss improved from 0.27240 to 0.27235, saving model to ./results/NN_rms_regr/ResNet/recursion_47/ckpt_1
12/12 - 3s - loss: 0.2836 - mse: 0.2836 - mae: 0.4319 - val_loss: 0.2724 - val_mse: 0.2724 - val_mae: 0.4234 - 3s/epoch - 246ms/step
Epoch 144/10000

Epoch 144: val_loss did not improve from 0.27235
12/12 - 2s - loss: 0.2850 - mse: 0.2850 - mae: 0.4330 - val_loss: 0.2762 - val_mse: 0.2762 - val_mae: 0.4244 - 2s/epoch - 172ms/step
Epoch 145/10000

Epoch 145: val_loss did not improve from 0.27235
12/12 - 2s - loss: 0.2847 - mse: 0.2847 - mae: 0.4327 - val_loss: 0.2748 - val_mse: 0.2748 - val_mae: 0.4238 - 2s/epoch - 172ms/step
Epoch 146/10000

Epoch 146: val_loss did not improve from 0.27235
12/12 - 2s - loss: 0.2826 - mse: 0.2826 - mae: 0.4309 - val_loss: 0.2725 - val_mse: 0.2725 - val_mae: 0.4236 - 2s/epoch - 171ms/step
Epoch 147/10000

Epoch 147: val_loss did not improve from 0.27235
12/12 - 2s - loss: 0.2833 - mse: 0.2833 - mae: 0.4316 - val_loss: 0.3501 - val_mse: 0.3501 - val_mae: 0.4799 - 2s/epoch - 174ms/step
Epoch 148/10000

Epoch 148: val_loss did not improve from 0.27235
12/12 - 2s - loss: 0.3063 - mse: 0.3063 - mae: 0.4475 - val_loss: 0.2800 - val_mse: 0.2800 - val_mae: 0.4303 - 2s/epoch - 171ms/step
Epoch 149/10000

Epoch 149: val_loss did not improve from 0.27235
12/12 - 2s - loss: 0.2908 - mse: 0.2908 - mae: 0.4373 - val_loss: 0.2864 - val_mse: 0.2864 - val_mae: 0.4304 - 2s/epoch - 176ms/step
Epoch 150/10000

Epoch 150: val_loss did not improve from 0.27235
12/12 - 2s - loss: 0.2841 - mse: 0.2841 - mae: 0.4323 - val_loss: 0.2735 - val_mse: 0.2735 - val_mae: 0.4246 - 2s/epoch - 173ms/step
Epoch 151/10000

Epoch 151: val_loss did not improve from 0.27235
12/12 - 2s - loss: 0.2845 - mse: 0.2845 - mae: 0.4330 - val_loss: 0.2747 - val_mse: 0.2747 - val_mae: 0.4255 - 2s/epoch - 175ms/step
Epoch 152/10000

Epoch 152: val_loss did not improve from 0.27235
12/12 - 2s - loss: 0.2918 - mse: 0.2918 - mae: 0.4390 - val_loss: 0.3013 - val_mse: 0.3013 - val_mae: 0.4395 - 2s/epoch - 176ms/step
Epoch 153/10000

Epoch 153: val_loss did not improve from 0.27235
12/12 - 2s - loss: 0.2895 - mse: 0.2895 - mae: 0.4366 - val_loss: 0.2781 - val_mse: 0.2781 - val_mae: 0.4282 - 2s/epoch - 173ms/step
Epoch 154/10000

Epoch 154: val_loss did not improve from 0.27235
12/12 - 2s - loss: 0.2973 - mse: 0.2973 - mae: 0.4410 - val_loss: 0.3361 - val_mse: 0.3361 - val_mae: 0.4701 - 2s/epoch - 176ms/step
Epoch 155/10000

Epoch 155: val_loss did not improve from 0.27235
12/12 - 2s - loss: 0.3105 - mse: 0.3105 - mae: 0.4489 - val_loss: 0.3140 - val_mse: 0.3140 - val_mae: 0.4545 - 2s/epoch - 172ms/step
Epoch 156/10000

Epoch 156: val_loss did not improve from 0.27235
12/12 - 2s - loss: 0.3044 - mse: 0.3044 - mae: 0.4467 - val_loss: 0.2938 - val_mse: 0.2938 - val_mae: 0.4348 - 2s/epoch - 172ms/step
Epoch 157/10000

Epoch 157: val_loss did not improve from 0.27235
12/12 - 2s - loss: 0.2914 - mse: 0.2914 - mae: 0.4377 - val_loss: 0.2757 - val_mse: 0.2757 - val_mae: 0.4241 - 2s/epoch - 173ms/step
Epoch 158/10000

Epoch 158: val_loss did not improve from 0.27235
12/12 - 2s - loss: 0.2876 - mse: 0.2876 - mae: 0.4347 - val_loss: 0.2802 - val_mse: 0.2802 - val_mae: 0.4301 - 2s/epoch - 174ms/step
Epoch 159/10000

Epoch 159: val_loss did not improve from 0.27235
12/12 - 2s - loss: 0.2844 - mse: 0.2844 - mae: 0.4327 - val_loss: 0.2749 - val_mse: 0.2749 - val_mae: 0.4237 - 2s/epoch - 175ms/step
Epoch 160/10000

Epoch 160: val_loss did not improve from 0.27235
12/12 - 2s - loss: 0.2871 - mse: 0.2871 - mae: 0.4339 - val_loss: 0.2764 - val_mse: 0.2764 - val_mae: 0.4270 - 2s/epoch - 171ms/step
Epoch 161/10000

Epoch 161: val_loss did not improve from 0.27235
12/12 - 2s - loss: 0.2839 - mse: 0.2839 - mae: 0.4323 - val_loss: 0.3089 - val_mse: 0.3089 - val_mae: 0.4510 - 2s/epoch - 172ms/step
Epoch 162/10000

Epoch 162: val_loss did not improve from 0.27235
12/12 - 2s - loss: 0.2982 - mse: 0.2982 - mae: 0.4425 - val_loss: 0.2860 - val_mse: 0.2860 - val_mae: 0.4344 - 2s/epoch - 171ms/step
Epoch 163/10000

Epoch 163: val_loss did not improve from 0.27235
12/12 - 2s - loss: 0.3011 - mse: 0.3011 - mae: 0.4443 - val_loss: 0.2756 - val_mse: 0.2756 - val_mae: 0.4242 - 2s/epoch - 176ms/step
Epoch 164/10000

Epoch 164: val_loss did not improve from 0.27235
12/12 - 2s - loss: 0.2888 - mse: 0.2888 - mae: 0.4364 - val_loss: 0.2727 - val_mse: 0.2727 - val_mae: 0.4231 - 2s/epoch - 174ms/step
Epoch 165/10000

Epoch 165: val_loss did not improve from 0.27235
12/12 - 2s - loss: 0.2845 - mse: 0.2845 - mae: 0.4323 - val_loss: 0.3147 - val_mse: 0.3147 - val_mae: 0.4548 - 2s/epoch - 173ms/step
Epoch 166/10000

Epoch 166: val_loss improved from 0.27235 to 0.27230, saving model to ./results/NN_rms_regr/ResNet/recursion_47/ckpt_1
12/12 - 3s - loss: 0.2961 - mse: 0.2961 - mae: 0.4407 - val_loss: 0.2723 - val_mse: 0.2723 - val_mae: 0.4233 - 3s/epoch - 250ms/step
Epoch 167/10000

Epoch 167: val_loss did not improve from 0.27230
12/12 - 2s - loss: 0.2858 - mse: 0.2858 - mae: 0.4344 - val_loss: 0.2911 - val_mse: 0.2911 - val_mae: 0.4335 - 2s/epoch - 175ms/step
Epoch 168/10000

Epoch 168: val_loss did not improve from 0.27230
12/12 - 2s - loss: 0.2854 - mse: 0.2854 - mae: 0.4329 - val_loss: 0.2784 - val_mse: 0.2784 - val_mae: 0.4264 - 2s/epoch - 172ms/step
Epoch 169/10000

Epoch 169: val_loss did not improve from 0.27230
12/12 - 2s - loss: 0.2859 - mse: 0.2859 - mae: 0.4343 - val_loss: 0.2919 - val_mse: 0.2919 - val_mae: 0.4389 - 2s/epoch - 175ms/step
Epoch 170/10000

Epoch 170: val_loss did not improve from 0.27230
12/12 - 2s - loss: 0.2922 - mse: 0.2922 - mae: 0.4389 - val_loss: 0.2831 - val_mse: 0.2831 - val_mae: 0.4320 - 2s/epoch - 172ms/step
Epoch 171/10000

Epoch 171: val_loss did not improve from 0.27230
12/12 - 2s - loss: 0.2911 - mse: 0.2911 - mae: 0.4376 - val_loss: 0.2842 - val_mse: 0.2842 - val_mae: 0.4291 - 2s/epoch - 176ms/step
Epoch 172/10000

Epoch 172: val_loss did not improve from 0.27230
12/12 - 2s - loss: 0.2911 - mse: 0.2911 - mae: 0.4365 - val_loss: 0.2724 - val_mse: 0.2724 - val_mae: 0.4228 - 2s/epoch - 171ms/step
Epoch 173/10000

Epoch 173: val_loss did not improve from 0.27230
12/12 - 2s - loss: 0.2867 - mse: 0.2867 - mae: 0.4338 - val_loss: 0.2892 - val_mse: 0.2892 - val_mae: 0.4369 - 2s/epoch - 171ms/step
Epoch 174/10000

Epoch 174: val_loss improved from 0.27230 to 0.27208, saving model to ./results/NN_rms_regr/ResNet/recursion_47/ckpt_1
12/12 - 3s - loss: 0.2866 - mse: 0.2866 - mae: 0.4340 - val_loss: 0.2721 - val_mse: 0.2721 - val_mae: 0.4226 - 3s/epoch - 249ms/step
Epoch 175/10000

Epoch 175: val_loss did not improve from 0.27208
12/12 - 2s - loss: 0.2870 - mse: 0.2870 - mae: 0.4343 - val_loss: 0.2753 - val_mse: 0.2753 - val_mae: 0.4240 - 2s/epoch - 173ms/step
Epoch 176/10000

Epoch 176: val_loss did not improve from 0.27208
12/12 - 2s - loss: 0.2848 - mse: 0.2848 - mae: 0.4333 - val_loss: 0.2860 - val_mse: 0.2860 - val_mae: 0.4341 - 2s/epoch - 177ms/step
Epoch 177/10000

Epoch 177: val_loss did not improve from 0.27208
12/12 - 2s - loss: 0.2875 - mse: 0.2875 - mae: 0.4346 - val_loss: 0.2807 - val_mse: 0.2807 - val_mae: 0.4268 - 2s/epoch - 172ms/step
Epoch 178/10000

Epoch 178: val_loss did not improve from 0.27208
12/12 - 2s - loss: 0.2851 - mse: 0.2851 - mae: 0.4331 - val_loss: 0.2736 - val_mse: 0.2736 - val_mae: 0.4246 - 2s/epoch - 177ms/step
Epoch 179/10000

Epoch 179: val_loss improved from 0.27208 to 0.27207, saving model to ./results/NN_rms_regr/ResNet/recursion_47/ckpt_1
12/12 - 3s - loss: 0.2829 - mse: 0.2829 - mae: 0.4316 - val_loss: 0.2721 - val_mse: 0.2721 - val_mae: 0.4229 - 3s/epoch - 246ms/step
Epoch 180/10000

Epoch 180: val_loss did not improve from 0.27207
12/12 - 2s - loss: 0.2906 - mse: 0.2906 - mae: 0.4363 - val_loss: 0.2782 - val_mse: 0.2782 - val_mae: 0.4254 - 2s/epoch - 175ms/step
Epoch 181/10000

Epoch 181: val_loss did not improve from 0.27207
12/12 - 2s - loss: 0.2865 - mse: 0.2865 - mae: 0.4344 - val_loss: 0.2803 - val_mse: 0.2803 - val_mae: 0.4267 - 2s/epoch - 171ms/step
Epoch 182/10000

Epoch 182: val_loss improved from 0.27207 to 0.27202, saving model to ./results/NN_rms_regr/ResNet/recursion_47/ckpt_1
12/12 - 3s - loss: 0.2873 - mse: 0.2873 - mae: 0.4343 - val_loss: 0.2720 - val_mse: 0.2720 - val_mae: 0.4228 - 3s/epoch - 249ms/step
Epoch 183/10000

Epoch 183: val_loss did not improve from 0.27202
12/12 - 2s - loss: 0.2823 - mse: 0.2823 - mae: 0.4310 - val_loss: 0.2723 - val_mse: 0.2723 - val_mae: 0.4225 - 2s/epoch - 175ms/step
Epoch 184/10000

Epoch 184: val_loss did not improve from 0.27202
12/12 - 2s - loss: 0.2826 - mse: 0.2826 - mae: 0.4308 - val_loss: 0.2948 - val_mse: 0.2948 - val_mae: 0.4410 - 2s/epoch - 172ms/step
Epoch 185/10000

Epoch 185: val_loss did not improve from 0.27202
12/12 - 2s - loss: 0.2901 - mse: 0.2901 - mae: 0.4360 - val_loss: 0.2799 - val_mse: 0.2799 - val_mae: 0.4264 - 2s/epoch - 170ms/step
Epoch 186/10000

Epoch 186: val_loss did not improve from 0.27202
12/12 - 2s - loss: 0.2863 - mse: 0.2863 - mae: 0.4340 - val_loss: 0.3095 - val_mse: 0.3095 - val_mae: 0.4445 - 2s/epoch - 172ms/step
Epoch 187/10000

Epoch 187: val_loss did not improve from 0.27202
12/12 - 2s - loss: 0.3038 - mse: 0.3038 - mae: 0.4439 - val_loss: 0.2754 - val_mse: 0.2754 - val_mae: 0.4264 - 2s/epoch - 172ms/step
Epoch 188/10000

Epoch 188: val_loss did not improve from 0.27202
12/12 - 2s - loss: 0.3031 - mse: 0.3031 - mae: 0.4453 - val_loss: 0.3684 - val_mse: 0.3684 - val_mae: 0.4927 - 2s/epoch - 170ms/step
Epoch 189/10000

Epoch 189: val_loss did not improve from 0.27202
12/12 - 2s - loss: 0.3234 - mse: 0.3234 - mae: 0.4600 - val_loss: 0.2765 - val_mse: 0.2765 - val_mae: 0.4246 - 2s/epoch - 172ms/step
Epoch 190/10000

Epoch 190: val_loss did not improve from 0.27202
12/12 - 2s - loss: 0.2955 - mse: 0.2955 - mae: 0.4399 - val_loss: 0.2794 - val_mse: 0.2794 - val_mae: 0.4262 - 2s/epoch - 172ms/step
Epoch 191/10000

Epoch 191: val_loss did not improve from 0.27202
12/12 - 2s - loss: 0.2949 - mse: 0.2949 - mae: 0.4388 - val_loss: 0.2936 - val_mse: 0.2936 - val_mae: 0.4399 - 2s/epoch - 172ms/step
Epoch 192/10000

Epoch 192: val_loss did not improve from 0.27202
12/12 - 2s - loss: 0.2967 - mse: 0.2967 - mae: 0.4399 - val_loss: 0.2880 - val_mse: 0.2880 - val_mae: 0.4359 - 2s/epoch - 171ms/step
Epoch 193/10000

Epoch 193: val_loss did not improve from 0.27202
12/12 - 2s - loss: 0.3056 - mse: 0.3056 - mae: 0.4461 - val_loss: 0.2949 - val_mse: 0.2949 - val_mae: 0.4355 - 2s/epoch - 173ms/step
Epoch 194/10000

Epoch 194: val_loss did not improve from 0.27202
12/12 - 2s - loss: 0.2869 - mse: 0.2869 - mae: 0.4339 - val_loss: 0.3148 - val_mse: 0.3148 - val_mae: 0.4550 - 2s/epoch - 171ms/step
Epoch 195/10000

Epoch 195: val_loss did not improve from 0.27202
12/12 - 2s - loss: 0.2989 - mse: 0.2989 - mae: 0.4422 - val_loss: 0.2780 - val_mse: 0.2780 - val_mae: 0.4254 - 2s/epoch - 173ms/step
Epoch 196/10000

Epoch 196: val_loss did not improve from 0.27202
12/12 - 2s - loss: 0.2951 - mse: 0.2951 - mae: 0.4399 - val_loss: 0.2827 - val_mse: 0.2827 - val_mae: 0.4283 - 2s/epoch - 172ms/step
Epoch 197/10000

Epoch 197: val_loss did not improve from 0.27202
12/12 - 2s - loss: 0.2859 - mse: 0.2859 - mae: 0.4333 - val_loss: 0.2772 - val_mse: 0.2772 - val_mae: 0.4277 - 2s/epoch - 175ms/step
Epoch 198/10000

Epoch 198: val_loss did not improve from 0.27202
12/12 - 2s - loss: 0.2829 - mse: 0.2829 - mae: 0.4315 - val_loss: 0.2977 - val_mse: 0.2977 - val_mae: 0.4424 - 2s/epoch - 173ms/step
Epoch 199/10000

Epoch 199: val_loss did not improve from 0.27202
12/12 - 2s - loss: 0.2947 - mse: 0.2947 - mae: 0.4395 - val_loss: 0.2742 - val_mse: 0.2742 - val_mae: 0.4235 - 2s/epoch - 172ms/step
Epoch 200/10000

Epoch 200: val_loss did not improve from 0.27202
12/12 - 2s - loss: 0.2905 - mse: 0.2905 - mae: 0.4359 - val_loss: 0.2779 - val_mse: 0.2779 - val_mae: 0.4285 - 2s/epoch - 172ms/step
Epoch 201/10000

Epoch 201: val_loss did not improve from 0.27202
12/12 - 2s - loss: 0.2836 - mse: 0.2836 - mae: 0.4323 - val_loss: 0.2923 - val_mse: 0.2923 - val_mae: 0.4340 - 2s/epoch - 177ms/step
Epoch 202/10000

Epoch 202: val_loss did not improve from 0.27202
12/12 - 2s - loss: 0.2896 - mse: 0.2896 - mae: 0.4355 - val_loss: 0.2727 - val_mse: 0.2727 - val_mae: 0.4238 - 2s/epoch - 172ms/step
Epoch 203/10000

Epoch 203: val_loss did not improve from 0.27202
12/12 - 2s - loss: 0.2817 - mse: 0.2817 - mae: 0.4306 - val_loss: 0.2727 - val_mse: 0.2727 - val_mae: 0.4238 - 2s/epoch - 175ms/step
Epoch 204/10000

Epoch 204: val_loss did not improve from 0.27202
12/12 - 2s - loss: 0.2832 - mse: 0.2832 - mae: 0.4319 - val_loss: 0.2910 - val_mse: 0.2910 - val_mae: 0.4331 - 2s/epoch - 175ms/step
Epoch 205/10000

Epoch 205: val_loss did not improve from 0.27202
12/12 - 2s - loss: 0.2940 - mse: 0.2940 - mae: 0.4379 - val_loss: 0.2721 - val_mse: 0.2721 - val_mae: 0.4229 - 2s/epoch - 173ms/step
Epoch 206/10000

Epoch 206: val_loss did not improve from 0.27202
12/12 - 2s - loss: 0.2840 - mse: 0.2840 - mae: 0.4322 - val_loss: 0.2818 - val_mse: 0.2818 - val_mae: 0.4311 - 2s/epoch - 171ms/step
Epoch 207/10000

Epoch 207: val_loss did not improve from 0.27202
12/12 - 2s - loss: 0.2902 - mse: 0.2902 - mae: 0.4377 - val_loss: 0.2739 - val_mse: 0.2739 - val_mae: 0.4247 - 2s/epoch - 173ms/step
Epoch 208/10000

Epoch 208: val_loss did not improve from 0.27202
12/12 - 2s - loss: 0.2940 - mse: 0.2940 - mae: 0.4395 - val_loss: 0.2790 - val_mse: 0.2790 - val_mae: 0.4258 - 2s/epoch - 174ms/step
Epoch 209/10000

Epoch 209: val_loss did not improve from 0.27202
12/12 - 2s - loss: 0.2861 - mse: 0.2861 - mae: 0.4330 - val_loss: 0.2723 - val_mse: 0.2723 - val_mae: 0.4232 - 2s/epoch - 177ms/step
Epoch 210/10000

Epoch 210: val_loss improved from 0.27202 to 0.27195, saving model to ./results/NN_rms_regr/ResNet/recursion_47/ckpt_1
12/12 - 3s - loss: 0.2852 - mse: 0.2852 - mae: 0.4334 - val_loss: 0.2719 - val_mse: 0.2719 - val_mae: 0.4228 - 3s/epoch - 242ms/step
Epoch 211/10000

Epoch 211: val_loss did not improve from 0.27195
12/12 - 2s - loss: 0.2831 - mse: 0.2831 - mae: 0.4314 - val_loss: 0.3046 - val_mse: 0.3046 - val_mae: 0.4475 - 2s/epoch - 176ms/step
Epoch 212/10000

Epoch 212: val_loss did not improve from 0.27195
12/12 - 2s - loss: 0.2968 - mse: 0.2968 - mae: 0.4419 - val_loss: 0.2721 - val_mse: 0.2721 - val_mae: 0.4230 - 2s/epoch - 173ms/step
Epoch 213/10000

Epoch 213: val_loss did not improve from 0.27195
12/12 - 2s - loss: 0.2868 - mse: 0.2868 - mae: 0.4344 - val_loss: 0.2819 - val_mse: 0.2819 - val_mae: 0.4274 - 2s/epoch - 172ms/step
Epoch 214/10000

Epoch 214: val_loss did not improve from 0.27195
12/12 - 2s - loss: 0.2944 - mse: 0.2944 - mae: 0.4390 - val_loss: 0.2734 - val_mse: 0.2734 - val_mae: 0.4245 - 2s/epoch - 178ms/step
Epoch 215/10000

Epoch 215: val_loss did not improve from 0.27195
12/12 - 2s - loss: 0.2850 - mse: 0.2850 - mae: 0.4329 - val_loss: 0.2899 - val_mse: 0.2899 - val_mae: 0.4373 - 2s/epoch - 174ms/step
Epoch 216/10000

Epoch 216: val_loss did not improve from 0.27195
12/12 - 2s - loss: 0.2858 - mse: 0.2858 - mae: 0.4330 - val_loss: 0.3002 - val_mse: 0.3002 - val_mae: 0.4386 - 2s/epoch - 174ms/step
Epoch 217/10000

Epoch 217: val_loss did not improve from 0.27195
12/12 - 2s - loss: 0.2931 - mse: 0.2931 - mae: 0.4378 - val_loss: 0.2805 - val_mse: 0.2805 - val_mae: 0.4300 - 2s/epoch - 172ms/step
Epoch 218/10000

Epoch 218: val_loss did not improve from 0.27195
12/12 - 2s - loss: 0.2828 - mse: 0.2828 - mae: 0.4314 - val_loss: 0.2720 - val_mse: 0.2720 - val_mae: 0.4226 - 2s/epoch - 170ms/step
Epoch 219/10000

Epoch 219: val_loss did not improve from 0.27195
12/12 - 2s - loss: 0.2834 - mse: 0.2834 - mae: 0.4312 - val_loss: 0.2733 - val_mse: 0.2733 - val_mae: 0.4245 - 2s/epoch - 176ms/step
Epoch 220/10000

Epoch 220: val_loss did not improve from 0.27195
12/12 - 2s - loss: 0.2831 - mse: 0.2831 - mae: 0.4319 - val_loss: 0.2875 - val_mse: 0.2875 - val_mae: 0.4352 - 2s/epoch - 174ms/step
Epoch 221/10000

Epoch 221: val_loss did not improve from 0.27195
12/12 - 2s - loss: 0.2883 - mse: 0.2883 - mae: 0.4350 - val_loss: 0.2754 - val_mse: 0.2754 - val_mae: 0.4238 - 2s/epoch - 171ms/step
Epoch 222/10000

Epoch 222: val_loss did not improve from 0.27195
12/12 - 2s - loss: 0.2894 - mse: 0.2894 - mae: 0.4361 - val_loss: 0.2768 - val_mse: 0.2768 - val_mae: 0.4246 - 2s/epoch - 176ms/step
Epoch 223/10000

Epoch 223: val_loss did not improve from 0.27195
12/12 - 2s - loss: 0.2836 - mse: 0.2836 - mae: 0.4321 - val_loss: 0.2926 - val_mse: 0.2926 - val_mae: 0.4386 - 2s/epoch - 172ms/step
Epoch 224/10000

Epoch 224: val_loss did not improve from 0.27195
12/12 - 2s - loss: 0.2947 - mse: 0.2947 - mae: 0.4400 - val_loss: 0.2915 - val_mse: 0.2915 - val_mae: 0.4381 - 2s/epoch - 178ms/step
Epoch 225/10000

Epoch 225: val_loss did not improve from 0.27195
12/12 - 2s - loss: 0.2917 - mse: 0.2917 - mae: 0.4378 - val_loss: 0.3058 - val_mse: 0.3058 - val_mae: 0.4424 - 2s/epoch - 172ms/step
Epoch 226/10000

Epoch 226: val_loss did not improve from 0.27195
12/12 - 2s - loss: 0.2997 - mse: 0.2997 - mae: 0.4421 - val_loss: 0.2967 - val_mse: 0.2967 - val_mae: 0.4421 - 2s/epoch - 176ms/step
Epoch 227/10000

Epoch 227: val_loss improved from 0.27195 to 0.27189, saving model to ./results/NN_rms_regr/ResNet/recursion_47/ckpt_1
12/12 - 3s - loss: 0.2885 - mse: 0.2885 - mae: 0.4353 - val_loss: 0.2719 - val_mse: 0.2719 - val_mae: 0.4226 - 3s/epoch - 245ms/step
Epoch 228/10000

Epoch 228: val_loss did not improve from 0.27189
12/12 - 2s - loss: 0.2862 - mse: 0.2862 - mae: 0.4343 - val_loss: 0.3069 - val_mse: 0.3069 - val_mae: 0.4429 - 2s/epoch - 173ms/step
Epoch 229/10000

Epoch 229: val_loss did not improve from 0.27189
12/12 - 2s - loss: 0.2994 - mse: 0.2994 - mae: 0.4421 - val_loss: 0.3550 - val_mse: 0.3550 - val_mae: 0.4838 - 2s/epoch - 175ms/step
Epoch 230/10000

Epoch 230: val_loss did not improve from 0.27189
12/12 - 2s - loss: 0.3149 - mse: 0.3149 - mae: 0.4541 - val_loss: 0.2747 - val_mse: 0.2747 - val_mae: 0.4257 - 2s/epoch - 175ms/step
Epoch 231/10000

Epoch 231: val_loss did not improve from 0.27189
12/12 - 2s - loss: 0.2836 - mse: 0.2836 - mae: 0.4324 - val_loss: 0.2782 - val_mse: 0.2782 - val_mae: 0.4286 - 2s/epoch - 172ms/step
Epoch 232/10000

Epoch 232: val_loss did not improve from 0.27189
12/12 - 2s - loss: 0.2894 - mse: 0.2894 - mae: 0.4363 - val_loss: 0.2757 - val_mse: 0.2757 - val_mae: 0.4265 - 2s/epoch - 176ms/step
Epoch 233/10000

Epoch 233: val_loss did not improve from 0.27189
12/12 - 2s - loss: 0.2827 - mse: 0.2827 - mae: 0.4314 - val_loss: 0.2831 - val_mse: 0.2831 - val_mae: 0.4319 - 2s/epoch - 172ms/step
Epoch 234/10000

Epoch 234: val_loss did not improve from 0.27189
12/12 - 2s - loss: 0.2923 - mse: 0.2923 - mae: 0.4383 - val_loss: 0.2729 - val_mse: 0.2729 - val_mae: 0.4239 - 2s/epoch - 173ms/step
Epoch 235/10000

Epoch 235: val_loss did not improve from 0.27189
12/12 - 2s - loss: 0.2864 - mse: 0.2864 - mae: 0.4340 - val_loss: 0.2929 - val_mse: 0.2929 - val_mae: 0.4342 - 2s/epoch - 175ms/step
Epoch 236/10000

Epoch 236: val_loss did not improve from 0.27189
12/12 - 2s - loss: 0.2947 - mse: 0.2947 - mae: 0.4386 - val_loss: 0.2724 - val_mse: 0.2724 - val_mae: 0.4235 - 2s/epoch - 174ms/step
Epoch 237/10000

Epoch 237: val_loss did not improve from 0.27189
12/12 - 2s - loss: 0.2833 - mse: 0.2833 - mae: 0.4315 - val_loss: 0.3045 - val_mse: 0.3045 - val_mae: 0.4479 - 2s/epoch - 175ms/step
Epoch 238/10000

Epoch 238: val_loss did not improve from 0.27189
12/12 - 2s - loss: 0.2935 - mse: 0.2935 - mae: 0.4390 - val_loss: 0.2783 - val_mse: 0.2783 - val_mae: 0.4253 - 2s/epoch - 174ms/step
Epoch 239/10000

Epoch 239: val_loss did not improve from 0.27189
12/12 - 2s - loss: 0.2841 - mse: 0.2841 - mae: 0.4319 - val_loss: 0.2745 - val_mse: 0.2745 - val_mae: 0.4252 - 2s/epoch - 172ms/step
Epoch 240/10000

Epoch 240: val_loss did not improve from 0.27189
12/12 - 2s - loss: 0.2827 - mse: 0.2827 - mae: 0.4311 - val_loss: 0.2723 - val_mse: 0.2723 - val_mae: 0.4225 - 2s/epoch - 172ms/step
Epoch 241/10000

Epoch 241: val_loss did not improve from 0.27189
12/12 - 2s - loss: 0.2837 - mse: 0.2837 - mae: 0.4323 - val_loss: 0.2734 - val_mse: 0.2734 - val_mae: 0.4230 - 2s/epoch - 177ms/step
Epoch 242/10000

Epoch 242: val_loss did not improve from 0.27189
12/12 - 2s - loss: 0.2852 - mse: 0.2852 - mae: 0.4327 - val_loss: 0.2782 - val_mse: 0.2782 - val_mae: 0.4282 - 2s/epoch - 173ms/step
Epoch 243/10000

Epoch 243: val_loss did not improve from 0.27189
12/12 - 2s - loss: 0.2851 - mse: 0.2851 - mae: 0.4333 - val_loss: 0.2911 - val_mse: 0.2911 - val_mae: 0.4330 - 2s/epoch - 171ms/step
Epoch 244/10000

Epoch 244: val_loss did not improve from 0.27189
12/12 - 2s - loss: 0.2858 - mse: 0.2858 - mae: 0.4329 - val_loss: 0.2739 - val_mse: 0.2739 - val_mae: 0.4232 - 2s/epoch - 177ms/step
Epoch 245/10000

Epoch 245: val_loss did not improve from 0.27189
12/12 - 2s - loss: 0.2834 - mse: 0.2834 - mae: 0.4319 - val_loss: 0.2724 - val_mse: 0.2724 - val_mae: 0.4234 - 2s/epoch - 175ms/step
Epoch 246/10000

Epoch 246: val_loss did not improve from 0.27189
12/12 - 2s - loss: 0.2836 - mse: 0.2836 - mae: 0.4324 - val_loss: 0.3239 - val_mse: 0.3239 - val_mae: 0.4536 - 2s/epoch - 172ms/step
Epoch 247/10000

Epoch 247: val_loss did not improve from 0.27189
12/12 - 2s - loss: 0.2987 - mse: 0.2987 - mae: 0.4422 - val_loss: 0.2854 - val_mse: 0.2854 - val_mae: 0.4337 - 2s/epoch - 173ms/step
Epoch 248/10000

Epoch 248: val_loss did not improve from 0.27189
12/12 - 2s - loss: 0.2901 - mse: 0.2901 - mae: 0.4359 - val_loss: 0.3438 - val_mse: 0.3438 - val_mae: 0.4760 - 2s/epoch - 181ms/step
Epoch 249/10000

Epoch 249: val_loss did not improve from 0.27189
12/12 - 2s - loss: 0.3093 - mse: 0.3093 - mae: 0.4485 - val_loss: 0.2777 - val_mse: 0.2777 - val_mae: 0.4253 - 2s/epoch - 172ms/step
Epoch 250/10000

Epoch 250: val_loss did not improve from 0.27189
12/12 - 2s - loss: 0.2943 - mse: 0.2943 - mae: 0.4403 - val_loss: 0.3555 - val_mse: 0.3555 - val_mae: 0.4738 - 2s/epoch - 171ms/step
Epoch 251/10000

Epoch 251: val_loss did not improve from 0.27189
12/12 - 2s - loss: 0.3290 - mse: 0.3290 - mae: 0.4600 - val_loss: 0.3116 - val_mse: 0.3116 - val_mae: 0.4527 - 2s/epoch - 172ms/step
Epoch 252/10000

Epoch 252: val_loss did not improve from 0.27189
12/12 - 2s - loss: 0.2984 - mse: 0.2984 - mae: 0.4430 - val_loss: 0.2799 - val_mse: 0.2799 - val_mae: 0.4265 - 2s/epoch - 178ms/step
Epoch 253/10000

Epoch 253: val_loss did not improve from 0.27189
12/12 - 2s - loss: 0.2884 - mse: 0.2884 - mae: 0.4354 - val_loss: 0.2722 - val_mse: 0.2722 - val_mae: 0.4233 - 2s/epoch - 172ms/step
Epoch 254/10000

Epoch 254: val_loss did not improve from 0.27189
12/12 - 2s - loss: 0.2822 - mse: 0.2822 - mae: 0.4311 - val_loss: 0.2867 - val_mse: 0.2867 - val_mae: 0.4305 - 2s/epoch - 173ms/step
Epoch 255/10000

Epoch 255: val_loss did not improve from 0.27189
12/12 - 2s - loss: 0.2947 - mse: 0.2947 - mae: 0.4391 - val_loss: 0.3204 - val_mse: 0.3204 - val_mae: 0.4589 - 2s/epoch - 174ms/step
Epoch 256/10000

Epoch 256: val_loss did not improve from 0.27189
12/12 - 2s - loss: 0.2953 - mse: 0.2953 - mae: 0.4402 - val_loss: 0.2783 - val_mse: 0.2783 - val_mae: 0.4256 - 2s/epoch - 172ms/step
Epoch 257/10000

Epoch 257: val_loss did not improve from 0.27189
12/12 - 2s - loss: 0.2860 - mse: 0.2860 - mae: 0.4333 - val_loss: 0.2741 - val_mse: 0.2741 - val_mae: 0.4249 - 2s/epoch - 171ms/step
Epoch 258/10000

Epoch 258: val_loss did not improve from 0.27189
12/12 - 2s - loss: 0.2827 - mse: 0.2827 - mae: 0.4317 - val_loss: 0.2859 - val_mse: 0.2859 - val_mae: 0.4300 - 2s/epoch - 172ms/step
Epoch 259/10000

Epoch 259: val_loss did not improve from 0.27189
12/12 - 2s - loss: 0.2870 - mse: 0.2870 - mae: 0.4334 - val_loss: 0.2901 - val_mse: 0.2901 - val_mae: 0.4371 - 2s/epoch - 176ms/step
Epoch 260/10000

Epoch 260: val_loss did not improve from 0.27189
12/12 - 2s - loss: 0.2893 - mse: 0.2893 - mae: 0.4361 - val_loss: 0.2733 - val_mse: 0.2733 - val_mae: 0.4244 - 2s/epoch - 172ms/step
Epoch 261/10000

Epoch 261: val_loss did not improve from 0.27189
12/12 - 2s - loss: 0.2835 - mse: 0.2835 - mae: 0.4320 - val_loss: 0.2758 - val_mse: 0.2758 - val_mae: 0.4241 - 2s/epoch - 173ms/step
Epoch 262/10000

Epoch 262: val_loss did not improve from 0.27189
12/12 - 2s - loss: 0.2824 - mse: 0.2824 - mae: 0.4311 - val_loss: 0.2937 - val_mse: 0.2937 - val_mae: 0.4347 - 2s/epoch - 176ms/step
Epoch 263/10000

Epoch 263: val_loss did not improve from 0.27189
12/12 - 2s - loss: 0.2943 - mse: 0.2943 - mae: 0.4384 - val_loss: 0.2862 - val_mse: 0.2862 - val_mae: 0.4344 - 2s/epoch - 175ms/step
Epoch 264/10000

Epoch 264: val_loss did not improve from 0.27189
12/12 - 2s - loss: 0.2842 - mse: 0.2842 - mae: 0.4322 - val_loss: 0.2804 - val_mse: 0.2804 - val_mae: 0.4301 - 2s/epoch - 172ms/step
Epoch 265/10000

Epoch 265: val_loss did not improve from 0.27189
12/12 - 2s - loss: 0.2867 - mse: 0.2867 - mae: 0.4335 - val_loss: 0.2724 - val_mse: 0.2724 - val_mae: 0.4236 - 2s/epoch - 173ms/step
Epoch 266/10000

Epoch 266: val_loss did not improve from 0.27189
12/12 - 2s - loss: 0.2867 - mse: 0.2867 - mae: 0.4347 - val_loss: 0.2825 - val_mse: 0.2825 - val_mae: 0.4279 - 2s/epoch - 176ms/step
Epoch 267/10000

Epoch 267: val_loss did not improve from 0.27189
12/12 - 2s - loss: 0.2915 - mse: 0.2915 - mae: 0.4374 - val_loss: 0.2878 - val_mse: 0.2878 - val_mae: 0.4356 - 2s/epoch - 171ms/step
Epoch 268/10000

Epoch 268: val_loss did not improve from 0.27189
12/12 - 2s - loss: 0.2912 - mse: 0.2912 - mae: 0.4378 - val_loss: 0.2837 - val_mse: 0.2837 - val_mae: 0.4286 - 2s/epoch - 171ms/step
Epoch 269/10000

Epoch 269: val_loss did not improve from 0.27189
12/12 - 2s - loss: 0.2866 - mse: 0.2866 - mae: 0.4343 - val_loss: 0.2747 - val_mse: 0.2747 - val_mae: 0.4255 - 2s/epoch - 177ms/step
Epoch 270/10000

Epoch 270: val_loss did not improve from 0.27189
12/12 - 2s - loss: 0.2832 - mse: 0.2832 - mae: 0.4317 - val_loss: 0.2899 - val_mse: 0.2899 - val_mae: 0.4369 - 2s/epoch - 172ms/step
Epoch 271/10000

Epoch 271: val_loss did not improve from 0.27189
12/12 - 2s - loss: 0.2953 - mse: 0.2953 - mae: 0.4396 - val_loss: 0.2823 - val_mse: 0.2823 - val_mae: 0.4278 - 2s/epoch - 172ms/step
Epoch 272/10000

Epoch 272: val_loss did not improve from 0.27189
12/12 - 2s - loss: 0.2886 - mse: 0.2886 - mae: 0.4362 - val_loss: 0.2729 - val_mse: 0.2729 - val_mae: 0.4237 - 2s/epoch - 172ms/step
Epoch 273/10000

Epoch 273: val_loss did not improve from 0.27189
12/12 - 2s - loss: 0.2842 - mse: 0.2842 - mae: 0.4328 - val_loss: 0.2742 - val_mse: 0.2742 - val_mae: 0.4234 - 2s/epoch - 174ms/step
Epoch 274/10000

Epoch 274: val_loss did not improve from 0.27189
12/12 - 2s - loss: 0.2828 - mse: 0.2828 - mae: 0.4314 - val_loss: 0.2731 - val_mse: 0.2731 - val_mae: 0.4240 - 2s/epoch - 173ms/step
Epoch 275/10000

Epoch 275: val_loss did not improve from 0.27189
12/12 - 2s - loss: 0.2822 - mse: 0.2822 - mae: 0.4313 - val_loss: 0.2859 - val_mse: 0.2859 - val_mae: 0.4340 - 2s/epoch - 175ms/step
Epoch 276/10000

Epoch 276: val_loss did not improve from 0.27189
12/12 - 2s - loss: 0.2898 - mse: 0.2898 - mae: 0.4356 - val_loss: 0.2742 - val_mse: 0.2742 - val_mae: 0.4233 - 2s/epoch - 177ms/step
Epoch 277/10000

Epoch 277: val_loss did not improve from 0.27189
12/12 - 2s - loss: 0.2875 - mse: 0.2875 - mae: 0.4355 - val_loss: 0.2789 - val_mse: 0.2789 - val_mae: 0.4290 - 2s/epoch - 174ms/step
Epoch 277: early stopping
