Model: "sequential_6"
_________________________________________________________________
Layer (type)                 Output Shape              Param #   
=================================================================
zero_padding3d_2 (ZeroPaddin (None, 8, 8, 8, 1)        0         
_________________________________________________________________
conv3d_12 (Conv3D)           (None, 8, 8, 8, 8)        224       
_________________________________________________________________
max_pooling3d_4 (MaxPooling3 (None, 4, 4, 4, 8)        0         
_________________________________________________________________
conv3d_13 (Conv3D)           (None, 4, 4, 4, 4)        868       
_________________________________________________________________
max_pooling3d_5 (MaxPooling3 (None, 2, 2, 2, 4)        0         
_________________________________________________________________
conv3d_14 (Conv3D)           (None, 2, 2, 2, 4)        436       
_________________________________________________________________
up_sampling3d_4 (UpSampling3 (None, 4, 4, 4, 4)        0         
_________________________________________________________________
conv3d_15 (Conv3D)           (None, 4, 4, 4, 4)        436       
_________________________________________________________________
up_sampling3d_5 (UpSampling3 (None, 8, 8, 8, 4)        0         
_________________________________________________________________
conv3d_16 (Conv3D)           (None, 8, 8, 8, 8)        872       
_________________________________________________________________
conv3d_17 (Conv3D)           (None, 8, 8, 8, 1)        217       
_________________________________________________________________
cropping3d_2 (Cropping3D)    (None, 7, 7, 6, 1)        0         
=================================================================
Total params: 3,053
Trainable params: 3,053
Non-trainable params: 0
_________________________________________________________________
Epoch 1/10000
13/13 - 6s - loss: 0.1004 - val_loss: 0.2152

Epoch 00001: val_loss improved from inf to 0.21522, saving model to ./CAE_models/rms_canny/ckpt
Epoch 2/10000
13/13 - 6s - loss: 0.0941 - val_loss: 0.2204

Epoch 00002: val_loss did not improve from 0.21522
Epoch 3/10000
13/13 - 6s - loss: 0.0890 - val_loss: 0.2104

Epoch 00003: val_loss improved from 0.21522 to 0.21040, saving model to ./CAE_models/rms_canny/ckpt
Epoch 4/10000
13/13 - 6s - loss: 0.0868 - val_loss: 0.2104

Epoch 00004: val_loss improved from 0.21040 to 0.21038, saving model to ./CAE_models/rms_canny/ckpt
Epoch 5/10000
13/13 - 6s - loss: 0.0853 - val_loss: 0.2162

Epoch 00005: val_loss did not improve from 0.21038
Epoch 6/10000
13/13 - 6s - loss: 0.0838 - val_loss: 0.2190

Epoch 00006: val_loss did not improve from 0.21038
Epoch 7/10000
13/13 - 6s - loss: 0.0824 - val_loss: 0.2134

Epoch 00007: val_loss did not improve from 0.21038
Epoch 8/10000
13/13 - 6s - loss: 0.0811 - val_loss: 0.2052

Epoch 00008: val_loss improved from 0.21038 to 0.20520, saving model to ./CAE_models/rms_canny/ckpt
Epoch 9/10000
13/13 - 6s - loss: 0.0799 - val_loss: 0.1966

Epoch 00009: val_loss improved from 0.20520 to 0.19660, saving model to ./CAE_models/rms_canny/ckpt
Epoch 10/10000
13/13 - 6s - loss: 0.0787 - val_loss: 0.1853

Epoch 00010: val_loss improved from 0.19660 to 0.18533, saving model to ./CAE_models/rms_canny/ckpt
Epoch 11/10000
13/13 - 6s - loss: 0.0771 - val_loss: 0.1512

Epoch 00011: val_loss improved from 0.18533 to 0.15122, saving model to ./CAE_models/rms_canny/ckpt
Epoch 12/10000
13/13 - 6s - loss: 0.0748 - val_loss: 0.1212

Epoch 00012: val_loss improved from 0.15122 to 0.12119, saving model to ./CAE_models/rms_canny/ckpt
Epoch 13/10000
13/13 - 6s - loss: 0.0730 - val_loss: 0.1166

Epoch 00013: val_loss improved from 0.12119 to 0.11662, saving model to ./CAE_models/rms_canny/ckpt
Epoch 14/10000
13/13 - 6s - loss: 0.0720 - val_loss: 0.1142

Epoch 00014: val_loss improved from 0.11662 to 0.11417, saving model to ./CAE_models/rms_canny/ckpt
Epoch 15/10000
13/13 - 6s - loss: 0.0714 - val_loss: 0.1146

Epoch 00015: val_loss did not improve from 0.11417
Epoch 16/10000
13/13 - 6s - loss: 0.0710 - val_loss: 0.1145

Epoch 00016: val_loss did not improve from 0.11417
Epoch 17/10000
13/13 - 6s - loss: 0.0706 - val_loss: 0.1137

Epoch 00017: val_loss improved from 0.11417 to 0.11367, saving model to ./CAE_models/rms_canny/ckpt
Epoch 18/10000
13/13 - 6s - loss: 0.0703 - val_loss: 0.1106

Epoch 00018: val_loss improved from 0.11367 to 0.11058, saving model to ./CAE_models/rms_canny/ckpt
Epoch 19/10000
13/13 - 6s - loss: 0.0700 - val_loss: 0.1084

Epoch 00019: val_loss improved from 0.11058 to 0.10837, saving model to ./CAE_models/rms_canny/ckpt
Epoch 20/10000
13/13 - 6s - loss: 0.0697 - val_loss: 0.1067

Epoch 00020: val_loss improved from 0.10837 to 0.10670, saving model to ./CAE_models/rms_canny/ckpt
Epoch 21/10000
13/13 - 6s - loss: 0.0695 - val_loss: 0.1071

Epoch 00021: val_loss did not improve from 0.10670
Epoch 22/10000
13/13 - 6s - loss: 0.0692 - val_loss: 0.1089

Epoch 00022: val_loss did not improve from 0.10670
Epoch 23/10000
13/13 - 6s - loss: 0.0690 - val_loss: 0.1071

Epoch 00023: val_loss did not improve from 0.10670
Epoch 24/10000
13/13 - 6s - loss: 0.0688 - val_loss: 0.1051

Epoch 00024: val_loss improved from 0.10670 to 0.10513, saving model to ./CAE_models/rms_canny/ckpt
Epoch 25/10000
13/13 - 6s - loss: 0.0686 - val_loss: 0.1069

Epoch 00025: val_loss did not improve from 0.10513
Epoch 26/10000
13/13 - 6s - loss: 0.0685 - val_loss: 0.1049

Epoch 00026: val_loss improved from 0.10513 to 0.10493, saving model to ./CAE_models/rms_canny/ckpt
Epoch 27/10000
13/13 - 6s - loss: 0.0683 - val_loss: 0.1051

Epoch 00027: val_loss did not improve from 0.10493
Epoch 28/10000
13/13 - 6s - loss: 0.0681 - val_loss: 0.1030

Epoch 00028: val_loss improved from 0.10493 to 0.10297, saving model to ./CAE_models/rms_canny/ckpt
Epoch 29/10000
13/13 - 6s - loss: 0.0680 - val_loss: 0.1039

Epoch 00029: val_loss did not improve from 0.10297
Epoch 30/10000
13/13 - 6s - loss: 0.0678 - val_loss: 0.1042

Epoch 00030: val_loss did not improve from 0.10297
Epoch 31/10000
13/13 - 6s - loss: 0.0677 - val_loss: 0.1023

Epoch 00031: val_loss improved from 0.10297 to 0.10230, saving model to ./CAE_models/rms_canny/ckpt
Epoch 32/10000
13/13 - 6s - loss: 0.0675 - val_loss: 0.1009

Epoch 00032: val_loss improved from 0.10230 to 0.10095, saving model to ./CAE_models/rms_canny/ckpt
Epoch 33/10000
13/13 - 6s - loss: 0.0673 - val_loss: 0.1025

Epoch 00033: val_loss did not improve from 0.10095
Epoch 34/10000
13/13 - 6s - loss: 0.0672 - val_loss: 0.1011

Epoch 00034: val_loss did not improve from 0.10095
Epoch 35/10000
13/13 - 6s - loss: 0.0670 - val_loss: 0.1012

Epoch 00035: val_loss did not improve from 0.10095
Epoch 36/10000
13/13 - 6s - loss: 0.0670 - val_loss: 0.1005

Epoch 00036: val_loss improved from 0.10095 to 0.10046, saving model to ./CAE_models/rms_canny/ckpt
Epoch 37/10000
13/13 - 6s - loss: 0.0668 - val_loss: 0.1000

Epoch 00037: val_loss improved from 0.10046 to 0.09999, saving model to ./CAE_models/rms_canny/ckpt
Epoch 38/10000
13/13 - 6s - loss: 0.0667 - val_loss: 0.1006

Epoch 00038: val_loss did not improve from 0.09999
Epoch 39/10000
13/13 - 6s - loss: 0.0666 - val_loss: 0.1001

Epoch 00039: val_loss did not improve from 0.09999
Epoch 40/10000
13/13 - 6s - loss: 0.0664 - val_loss: 0.0996

Epoch 00040: val_loss improved from 0.09999 to 0.09956, saving model to ./CAE_models/rms_canny/ckpt
Epoch 41/10000
13/13 - 6s - loss: 0.0663 - val_loss: 0.0993

Epoch 00041: val_loss improved from 0.09956 to 0.09934, saving model to ./CAE_models/rms_canny/ckpt
Epoch 42/10000
13/13 - 6s - loss: 0.0662 - val_loss: 0.0987

Epoch 00042: val_loss improved from 0.09934 to 0.09870, saving model to ./CAE_models/rms_canny/ckpt
Epoch 43/10000
13/13 - 6s - loss: 0.0660 - val_loss: 0.1003

Epoch 00043: val_loss did not improve from 0.09870
Epoch 44/10000
13/13 - 6s - loss: 0.0660 - val_loss: 0.0989

Epoch 00044: val_loss did not improve from 0.09870
Epoch 45/10000
13/13 - 6s - loss: 0.0658 - val_loss: 0.0986

Epoch 00045: val_loss improved from 0.09870 to 0.09864, saving model to ./CAE_models/rms_canny/ckpt
Epoch 46/10000
13/13 - 6s - loss: 0.0657 - val_loss: 0.0985

Epoch 00046: val_loss improved from 0.09864 to 0.09849, saving model to ./CAE_models/rms_canny/ckpt
Epoch 47/10000
13/13 - 6s - loss: 0.0656 - val_loss: 0.0981

Epoch 00047: val_loss improved from 0.09849 to 0.09810, saving model to ./CAE_models/rms_canny/ckpt
Epoch 48/10000
13/13 - 6s - loss: 0.0655 - val_loss: 0.0974

Epoch 00048: val_loss improved from 0.09810 to 0.09743, saving model to ./CAE_models/rms_canny/ckpt
Epoch 49/10000
13/13 - 6s - loss: 0.0653 - val_loss: 0.0979

Epoch 00049: val_loss did not improve from 0.09743
Epoch 50/10000
13/13 - 6s - loss: 0.0653 - val_loss: 0.0982

Epoch 00050: val_loss did not improve from 0.09743
Epoch 51/10000
13/13 - 6s - loss: 0.0652 - val_loss: 0.0984

Epoch 00051: val_loss did not improve from 0.09743
Epoch 52/10000
13/13 - 6s - loss: 0.0651 - val_loss: 0.0974

Epoch 00052: val_loss improved from 0.09743 to 0.09740, saving model to ./CAE_models/rms_canny/ckpt
Epoch 53/10000
13/13 - 6s - loss: 0.0649 - val_loss: 0.0965

Epoch 00053: val_loss improved from 0.09740 to 0.09650, saving model to ./CAE_models/rms_canny/ckpt
Epoch 54/10000
13/13 - 6s - loss: 0.0648 - val_loss: 0.0969

Epoch 00054: val_loss did not improve from 0.09650
Epoch 55/10000
13/13 - 6s - loss: 0.0647 - val_loss: 0.0962

Epoch 00055: val_loss improved from 0.09650 to 0.09617, saving model to ./CAE_models/rms_canny/ckpt
Epoch 56/10000
13/13 - 6s - loss: 0.0645 - val_loss: 0.0969

Epoch 00056: val_loss did not improve from 0.09617
Epoch 57/10000
13/13 - 6s - loss: 0.0644 - val_loss: 0.0959

Epoch 00057: val_loss improved from 0.09617 to 0.09592, saving model to ./CAE_models/rms_canny/ckpt
Epoch 58/10000
13/13 - 6s - loss: 0.0643 - val_loss: 0.0957

Epoch 00058: val_loss improved from 0.09592 to 0.09565, saving model to ./CAE_models/rms_canny/ckpt
Epoch 59/10000
13/13 - 6s - loss: 0.0642 - val_loss: 0.0969

Epoch 00059: val_loss did not improve from 0.09565
Epoch 60/10000
13/13 - 6s - loss: 0.0641 - val_loss: 0.0960

Epoch 00060: val_loss did not improve from 0.09565
Epoch 61/10000
13/13 - 6s - loss: 0.0639 - val_loss: 0.0952

Epoch 00061: val_loss improved from 0.09565 to 0.09516, saving model to ./CAE_models/rms_canny/ckpt
Epoch 62/10000
13/13 - 6s - loss: 0.0638 - val_loss: 0.0956

Epoch 00062: val_loss did not improve from 0.09516
Epoch 63/10000
13/13 - 6s - loss: 0.0637 - val_loss: 0.0950

Epoch 00063: val_loss improved from 0.09516 to 0.09503, saving model to ./CAE_models/rms_canny/ckpt
Epoch 64/10000
13/13 - 6s - loss: 0.0635 - val_loss: 0.0954

Epoch 00064: val_loss did not improve from 0.09503
Epoch 65/10000
13/13 - 6s - loss: 0.0634 - val_loss: 0.0950

Epoch 00065: val_loss did not improve from 0.09503
Epoch 66/10000
13/13 - 6s - loss: 0.0633 - val_loss: 0.0945

Epoch 00066: val_loss improved from 0.09503 to 0.09455, saving model to ./CAE_models/rms_canny/ckpt
Epoch 67/10000
13/13 - 6s - loss: 0.0632 - val_loss: 0.0951

Epoch 00067: val_loss did not improve from 0.09455
Epoch 68/10000
13/13 - 6s - loss: 0.0631 - val_loss: 0.0959

Epoch 00068: val_loss did not improve from 0.09455
Epoch 69/10000
13/13 - 6s - loss: 0.0630 - val_loss: 0.0951

Epoch 00069: val_loss did not improve from 0.09455
Epoch 70/10000
13/13 - 6s - loss: 0.0629 - val_loss: 0.0942

Epoch 00070: val_loss improved from 0.09455 to 0.09421, saving model to ./CAE_models/rms_canny/ckpt
Epoch 71/10000
13/13 - 6s - loss: 0.0627 - val_loss: 0.0943

Epoch 00071: val_loss did not improve from 0.09421
Epoch 72/10000
13/13 - 6s - loss: 0.0626 - val_loss: 0.0931

Epoch 00072: val_loss improved from 0.09421 to 0.09314, saving model to ./CAE_models/rms_canny/ckpt
Epoch 73/10000
13/13 - 6s - loss: 0.0625 - val_loss: 0.0937

Epoch 00073: val_loss did not improve from 0.09314
Epoch 74/10000
13/13 - 6s - loss: 0.0624 - val_loss: 0.0931

Epoch 00074: val_loss improved from 0.09314 to 0.09310, saving model to ./CAE_models/rms_canny/ckpt
Epoch 75/10000
13/13 - 6s - loss: 0.0623 - val_loss: 0.0931

Epoch 00075: val_loss did not improve from 0.09310
Epoch 76/10000
13/13 - 6s - loss: 0.0622 - val_loss: 0.0930

Epoch 00076: val_loss improved from 0.09310 to 0.09299, saving model to ./CAE_models/rms_canny/ckpt
Epoch 77/10000
13/13 - 6s - loss: 0.0621 - val_loss: 0.0927

Epoch 00077: val_loss improved from 0.09299 to 0.09270, saving model to ./CAE_models/rms_canny/ckpt
Epoch 78/10000
13/13 - 6s - loss: 0.0620 - val_loss: 0.0922

Epoch 00078: val_loss improved from 0.09270 to 0.09217, saving model to ./CAE_models/rms_canny/ckpt
Epoch 79/10000
13/13 - 6s - loss: 0.0619 - val_loss: 0.0927

Epoch 00079: val_loss did not improve from 0.09217
Epoch 80/10000
13/13 - 6s - loss: 0.0618 - val_loss: 0.0919

Epoch 00080: val_loss improved from 0.09217 to 0.09188, saving model to ./CAE_models/rms_canny/ckpt
Epoch 81/10000
13/13 - 6s - loss: 0.0617 - val_loss: 0.0919

Epoch 00081: val_loss improved from 0.09188 to 0.09185, saving model to ./CAE_models/rms_canny/ckpt
Epoch 82/10000
13/13 - 6s - loss: 0.0617 - val_loss: 0.0925

Epoch 00082: val_loss did not improve from 0.09185
Epoch 83/10000
13/13 - 6s - loss: 0.0615 - val_loss: 0.0923

Epoch 00083: val_loss did not improve from 0.09185
Epoch 84/10000
13/13 - 6s - loss: 0.0614 - val_loss: 0.0919

Epoch 00084: val_loss did not improve from 0.09185
Epoch 85/10000
13/13 - 6s - loss: 0.0613 - val_loss: 0.0908

Epoch 00085: val_loss improved from 0.09185 to 0.09085, saving model to ./CAE_models/rms_canny/ckpt
Epoch 86/10000
13/13 - 6s - loss: 0.0613 - val_loss: 0.0910

Epoch 00086: val_loss did not improve from 0.09085
Epoch 87/10000
13/13 - 6s - loss: 0.0612 - val_loss: 0.0920

Epoch 00087: val_loss did not improve from 0.09085
Epoch 88/10000
13/13 - 6s - loss: 0.0611 - val_loss: 0.0916

Epoch 00088: val_loss did not improve from 0.09085
Epoch 89/10000
13/13 - 6s - loss: 0.0611 - val_loss: 0.0913

Epoch 00089: val_loss did not improve from 0.09085
Epoch 90/10000
13/13 - 6s - loss: 0.0609 - val_loss: 0.0903

Epoch 00090: val_loss improved from 0.09085 to 0.09032, saving model to ./CAE_models/rms_canny/ckpt
Epoch 91/10000
13/13 - 6s - loss: 0.0608 - val_loss: 0.0905

Epoch 00091: val_loss did not improve from 0.09032
Epoch 92/10000
13/13 - 6s - loss: 0.0607 - val_loss: 0.0904

Epoch 00092: val_loss did not improve from 0.09032
Epoch 93/10000
13/13 - 6s - loss: 0.0607 - val_loss: 0.0912

Epoch 00093: val_loss did not improve from 0.09032
Epoch 94/10000
13/13 - 6s - loss: 0.0606 - val_loss: 0.0901

Epoch 00094: val_loss improved from 0.09032 to 0.09011, saving model to ./CAE_models/rms_canny/ckpt
Epoch 95/10000
13/13 - 6s - loss: 0.0604 - val_loss: 0.0902

Epoch 00095: val_loss did not improve from 0.09011
Epoch 96/10000
13/13 - 6s - loss: 0.0604 - val_loss: 0.0891

Epoch 00096: val_loss improved from 0.09011 to 0.08912, saving model to ./CAE_models/rms_canny/ckpt
Epoch 97/10000
13/13 - 6s - loss: 0.0603 - val_loss: 0.0899

Epoch 00097: val_loss did not improve from 0.08912
Epoch 98/10000
13/13 - 6s - loss: 0.0602 - val_loss: 0.0903

Epoch 00098: val_loss did not improve from 0.08912
Epoch 99/10000
13/13 - 6s - loss: 0.0602 - val_loss: 0.0894

Epoch 00099: val_loss did not improve from 0.08912
Epoch 100/10000
13/13 - 6s - loss: 0.0601 - val_loss: 0.0893

Epoch 00100: val_loss did not improve from 0.08912
Epoch 101/10000
13/13 - 6s - loss: 0.0600 - val_loss: 0.0896

Epoch 00101: val_loss did not improve from 0.08912
Epoch 102/10000
13/13 - 6s - loss: 0.0599 - val_loss: 0.0898

Epoch 00102: val_loss did not improve from 0.08912
Epoch 103/10000
13/13 - 6s - loss: 0.0598 - val_loss: 0.0892

Epoch 00103: val_loss did not improve from 0.08912
Epoch 104/10000
13/13 - 6s - loss: 0.0598 - val_loss: 0.0893

Epoch 00104: val_loss did not improve from 0.08912
Epoch 105/10000
13/13 - 6s - loss: 0.0597 - val_loss: 0.0889

Epoch 00105: val_loss improved from 0.08912 to 0.08886, saving model to ./CAE_models/rms_canny/ckpt
Epoch 106/10000
13/13 - 6s - loss: 0.0596 - val_loss: 0.0894

Epoch 00106: val_loss did not improve from 0.08886
Epoch 107/10000
13/13 - 6s - loss: 0.0599 - val_loss: 0.0902

Epoch 00107: val_loss did not improve from 0.08886
Epoch 108/10000
13/13 - 6s - loss: 0.0596 - val_loss: 0.0892

Epoch 00108: val_loss did not improve from 0.08886
Epoch 109/10000
13/13 - 6s - loss: 0.0594 - val_loss: 0.0886

Epoch 00109: val_loss improved from 0.08886 to 0.08856, saving model to ./CAE_models/rms_canny/ckpt
Epoch 110/10000
13/13 - 6s - loss: 0.0594 - val_loss: 0.0879

Epoch 00110: val_loss improved from 0.08856 to 0.08790, saving model to ./CAE_models/rms_canny/ckpt
Epoch 111/10000
13/13 - 6s - loss: 0.0593 - val_loss: 0.0879

Epoch 00111: val_loss did not improve from 0.08790
Epoch 112/10000
13/13 - 6s - loss: 0.0592 - val_loss: 0.0874

Epoch 00112: val_loss improved from 0.08790 to 0.08735, saving model to ./CAE_models/rms_canny/ckpt
Epoch 113/10000
13/13 - 6s - loss: 0.0591 - val_loss: 0.0884

Epoch 00113: val_loss did not improve from 0.08735
Epoch 114/10000
13/13 - 6s - loss: 0.0591 - val_loss: 0.0875

Epoch 00114: val_loss did not improve from 0.08735
Epoch 115/10000
13/13 - 6s - loss: 0.0590 - val_loss: 0.0871

Epoch 00115: val_loss improved from 0.08735 to 0.08708, saving model to ./CAE_models/rms_canny/ckpt
Epoch 116/10000
13/13 - 6s - loss: 0.0589 - val_loss: 0.0870

Epoch 00116: val_loss improved from 0.08708 to 0.08703, saving model to ./CAE_models/rms_canny/ckpt
Epoch 117/10000
13/13 - 6s - loss: 0.0589 - val_loss: 0.0879

Epoch 00117: val_loss did not improve from 0.08703
Epoch 118/10000
13/13 - 6s - loss: 0.0588 - val_loss: 0.0868

Epoch 00118: val_loss improved from 0.08703 to 0.08683, saving model to ./CAE_models/rms_canny/ckpt
Epoch 119/10000
13/13 - 6s - loss: 0.0588 - val_loss: 0.0866

Epoch 00119: val_loss improved from 0.08683 to 0.08657, saving model to ./CAE_models/rms_canny/ckpt
Epoch 120/10000
13/13 - 6s - loss: 0.0588 - val_loss: 0.0873

Epoch 00120: val_loss did not improve from 0.08657
Epoch 121/10000
13/13 - 6s - loss: 0.0586 - val_loss: 0.0867

Epoch 00121: val_loss did not improve from 0.08657
Epoch 122/10000
13/13 - 6s - loss: 0.0585 - val_loss: 0.0864

Epoch 00122: val_loss improved from 0.08657 to 0.08641, saving model to ./CAE_models/rms_canny/ckpt
Epoch 123/10000
13/13 - 6s - loss: 0.0584 - val_loss: 0.0860

Epoch 00123: val_loss improved from 0.08641 to 0.08596, saving model to ./CAE_models/rms_canny/ckpt
Epoch 124/10000
13/13 - 6s - loss: 0.0583 - val_loss: 0.0858

Epoch 00124: val_loss improved from 0.08596 to 0.08582, saving model to ./CAE_models/rms_canny/ckpt
Epoch 125/10000
13/13 - 6s - loss: 0.0582 - val_loss: 0.0857

Epoch 00125: val_loss improved from 0.08582 to 0.08572, saving model to ./CAE_models/rms_canny/ckpt
Epoch 126/10000
13/13 - 6s - loss: 0.0582 - val_loss: 0.0850

Epoch 00126: val_loss improved from 0.08572 to 0.08503, saving model to ./CAE_models/rms_canny/ckpt
Epoch 127/10000
13/13 - 6s - loss: 0.0581 - val_loss: 0.0846

Epoch 00127: val_loss improved from 0.08503 to 0.08461, saving model to ./CAE_models/rms_canny/ckpt
Epoch 128/10000
13/13 - 6s - loss: 0.0580 - val_loss: 0.0851

Epoch 00128: val_loss did not improve from 0.08461
Epoch 129/10000
13/13 - 6s - loss: 0.0580 - val_loss: 0.0851

Epoch 00129: val_loss did not improve from 0.08461
Epoch 130/10000
13/13 - 6s - loss: 0.0579 - val_loss: 0.0842

Epoch 00130: val_loss improved from 0.08461 to 0.08419, saving model to ./CAE_models/rms_canny/ckpt
Epoch 131/10000
13/13 - 6s - loss: 0.0579 - val_loss: 0.0844

Epoch 00131: val_loss did not improve from 0.08419
Epoch 132/10000
13/13 - 6s - loss: 0.0577 - val_loss: 0.0839

Epoch 00132: val_loss improved from 0.08419 to 0.08387, saving model to ./CAE_models/rms_canny/ckpt
Epoch 133/10000
13/13 - 6s - loss: 0.0577 - val_loss: 0.0836

Epoch 00133: val_loss improved from 0.08387 to 0.08360, saving model to ./CAE_models/rms_canny/ckpt
Epoch 134/10000
13/13 - 6s - loss: 0.0576 - val_loss: 0.0835

Epoch 00134: val_loss improved from 0.08360 to 0.08350, saving model to ./CAE_models/rms_canny/ckpt
Epoch 135/10000
13/13 - 6s - loss: 0.0578 - val_loss: 0.0837

Epoch 00135: val_loss did not improve from 0.08350
Epoch 136/10000
13/13 - 6s - loss: 0.0576 - val_loss: 0.0841

Epoch 00136: val_loss did not improve from 0.08350
Epoch 137/10000
13/13 - 6s - loss: 0.0574 - val_loss: 0.0833

Epoch 00137: val_loss improved from 0.08350 to 0.08331, saving model to ./CAE_models/rms_canny/ckpt
Epoch 138/10000
13/13 - 6s - loss: 0.0573 - val_loss: 0.0827

Epoch 00138: val_loss improved from 0.08331 to 0.08268, saving model to ./CAE_models/rms_canny/ckpt
Epoch 139/10000
13/13 - 6s - loss: 0.0573 - val_loss: 0.0826

Epoch 00139: val_loss improved from 0.08268 to 0.08262, saving model to ./CAE_models/rms_canny/ckpt
Epoch 140/10000
13/13 - 6s - loss: 0.0573 - val_loss: 0.0826

Epoch 00140: val_loss improved from 0.08262 to 0.08259, saving model to ./CAE_models/rms_canny/ckpt
Epoch 141/10000
13/13 - 6s - loss: 0.0571 - val_loss: 0.0826

Epoch 00141: val_loss did not improve from 0.08259
Epoch 142/10000
13/13 - 6s - loss: 0.0571 - val_loss: 0.0824

Epoch 00142: val_loss improved from 0.08259 to 0.08237, saving model to ./CAE_models/rms_canny/ckpt
Epoch 143/10000
13/13 - 6s - loss: 0.0570 - val_loss: 0.0821

Epoch 00143: val_loss improved from 0.08237 to 0.08206, saving model to ./CAE_models/rms_canny/ckpt
Epoch 144/10000
13/13 - 6s - loss: 0.0572 - val_loss: 0.0830

Epoch 00144: val_loss did not improve from 0.08206
Epoch 145/10000
13/13 - 6s - loss: 0.0569 - val_loss: 0.0827

Epoch 00145: val_loss did not improve from 0.08206
Epoch 146/10000
13/13 - 6s - loss: 0.0568 - val_loss: 0.0820

Epoch 00146: val_loss improved from 0.08206 to 0.08199, saving model to ./CAE_models/rms_canny/ckpt
Epoch 147/10000
13/13 - 6s - loss: 0.0567 - val_loss: 0.0819

Epoch 00147: val_loss improved from 0.08199 to 0.08193, saving model to ./CAE_models/rms_canny/ckpt
Epoch 148/10000
13/13 - 6s - loss: 0.0567 - val_loss: 0.0817

Epoch 00148: val_loss improved from 0.08193 to 0.08167, saving model to ./CAE_models/rms_canny/ckpt
Epoch 149/10000
13/13 - 6s - loss: 0.0566 - val_loss: 0.0814

Epoch 00149: val_loss improved from 0.08167 to 0.08140, saving model to ./CAE_models/rms_canny/ckpt
Epoch 150/10000
13/13 - 6s - loss: 0.0566 - val_loss: 0.0814

Epoch 00150: val_loss improved from 0.08140 to 0.08140, saving model to ./CAE_models/rms_canny/ckpt
Epoch 151/10000
13/13 - 6s - loss: 0.0565 - val_loss: 0.0812

Epoch 00151: val_loss improved from 0.08140 to 0.08118, saving model to ./CAE_models/rms_canny/ckpt
Epoch 152/10000
13/13 - 6s - loss: 0.0566 - val_loss: 0.0817

Epoch 00152: val_loss did not improve from 0.08118
Epoch 153/10000
13/13 - 6s - loss: 0.0565 - val_loss: 0.0812

Epoch 00153: val_loss improved from 0.08118 to 0.08117, saving model to ./CAE_models/rms_canny/ckpt
Epoch 154/10000
13/13 - 6s - loss: 0.0564 - val_loss: 0.0812

Epoch 00154: val_loss improved from 0.08117 to 0.08117, saving model to ./CAE_models/rms_canny/ckpt
Epoch 155/10000
13/13 - 6s - loss: 0.0564 - val_loss: 0.0813

Epoch 00155: val_loss did not improve from 0.08117
Epoch 156/10000
13/13 - 6s - loss: 0.0563 - val_loss: 0.0812

Epoch 00156: val_loss did not improve from 0.08117
Epoch 157/10000
13/13 - 6s - loss: 0.0562 - val_loss: 0.0808

Epoch 00157: val_loss improved from 0.08117 to 0.08079, saving model to ./CAE_models/rms_canny/ckpt
Epoch 158/10000
13/13 - 6s - loss: 0.0561 - val_loss: 0.0811

Epoch 00158: val_loss did not improve from 0.08079
Epoch 159/10000
13/13 - 6s - loss: 0.0562 - val_loss: 0.0807

Epoch 00159: val_loss improved from 0.08079 to 0.08072, saving model to ./CAE_models/rms_canny/ckpt
Epoch 160/10000
13/13 - 6s - loss: 0.0560 - val_loss: 0.0805

Epoch 00160: val_loss improved from 0.08072 to 0.08054, saving model to ./CAE_models/rms_canny/ckpt
Epoch 161/10000
13/13 - 6s - loss: 0.0559 - val_loss: 0.0802

Epoch 00161: val_loss improved from 0.08054 to 0.08023, saving model to ./CAE_models/rms_canny/ckpt
Epoch 162/10000
13/13 - 6s - loss: 0.0559 - val_loss: 0.0803

Epoch 00162: val_loss did not improve from 0.08023
Epoch 163/10000
13/13 - 6s - loss: 0.0558 - val_loss: 0.0799

Epoch 00163: val_loss improved from 0.08023 to 0.07987, saving model to ./CAE_models/rms_canny/ckpt
Epoch 164/10000
13/13 - 6s - loss: 0.0558 - val_loss: 0.0802

Epoch 00164: val_loss did not improve from 0.07987
Epoch 165/10000
13/13 - 6s - loss: 0.0557 - val_loss: 0.0795

Epoch 00165: val_loss improved from 0.07987 to 0.07952, saving model to ./CAE_models/rms_canny/ckpt
Epoch 166/10000
13/13 - 6s - loss: 0.0557 - val_loss: 0.0801

Epoch 00166: val_loss did not improve from 0.07952
Epoch 167/10000
13/13 - 6s - loss: 0.0558 - val_loss: 0.0805

Epoch 00167: val_loss did not improve from 0.07952
Epoch 168/10000
13/13 - 6s - loss: 0.0556 - val_loss: 0.0803

Epoch 00168: val_loss did not improve from 0.07952
Epoch 169/10000
13/13 - 6s - loss: 0.0555 - val_loss: 0.0794

Epoch 00169: val_loss improved from 0.07952 to 0.07937, saving model to ./CAE_models/rms_canny/ckpt
Epoch 170/10000
13/13 - 6s - loss: 0.0558 - val_loss: 0.0803

Epoch 00170: val_loss did not improve from 0.07937
Epoch 171/10000
13/13 - 6s - loss: 0.0555 - val_loss: 0.0801

Epoch 00171: val_loss did not improve from 0.07937
Epoch 172/10000
13/13 - 6s - loss: 0.0554 - val_loss: 0.0798

Epoch 00172: val_loss did not improve from 0.07937
Epoch 173/10000
13/13 - 6s - loss: 0.0553 - val_loss: 0.0792

Epoch 00173: val_loss improved from 0.07937 to 0.07919, saving model to ./CAE_models/rms_canny/ckpt
Epoch 174/10000
13/13 - 6s - loss: 0.0553 - val_loss: 0.0790

Epoch 00174: val_loss improved from 0.07919 to 0.07902, saving model to ./CAE_models/rms_canny/ckpt
Epoch 175/10000
13/13 - 6s - loss: 0.0552 - val_loss: 0.0788

Epoch 00175: val_loss improved from 0.07902 to 0.07881, saving model to ./CAE_models/rms_canny/ckpt
Epoch 176/10000
13/13 - 6s - loss: 0.0552 - val_loss: 0.0790

Epoch 00176: val_loss did not improve from 0.07881
Epoch 177/10000
13/13 - 6s - loss: 0.0552 - val_loss: 0.0788

Epoch 00177: val_loss did not improve from 0.07881
Epoch 178/10000
13/13 - 6s - loss: 0.0551 - val_loss: 0.0788

Epoch 00178: val_loss did not improve from 0.07881
Epoch 179/10000
13/13 - 6s - loss: 0.0552 - val_loss: 0.0797

Epoch 00179: val_loss did not improve from 0.07881
Epoch 180/10000
13/13 - 6s - loss: 0.0550 - val_loss: 0.0793

Epoch 00180: val_loss did not improve from 0.07881
Epoch 181/10000
13/13 - 6s - loss: 0.0549 - val_loss: 0.0787

Epoch 00181: val_loss improved from 0.07881 to 0.07868, saving model to ./CAE_models/rms_canny/ckpt
Epoch 182/10000
13/13 - 6s - loss: 0.0549 - val_loss: 0.0787

Epoch 00182: val_loss improved from 0.07868 to 0.07867, saving model to ./CAE_models/rms_canny/ckpt
Epoch 183/10000
13/13 - 6s - loss: 0.0549 - val_loss: 0.0793

Epoch 00183: val_loss did not improve from 0.07867
Epoch 184/10000
13/13 - 6s - loss: 0.0550 - val_loss: 0.0791

Epoch 00184: val_loss did not improve from 0.07867
Epoch 185/10000
13/13 - 6s - loss: 0.0547 - val_loss: 0.0790

Epoch 00185: val_loss did not improve from 0.07867
Epoch 186/10000
13/13 - 6s - loss: 0.0547 - val_loss: 0.0784

Epoch 00186: val_loss improved from 0.07867 to 0.07839, saving model to ./CAE_models/rms_canny/ckpt
Epoch 187/10000
13/13 - 6s - loss: 0.0547 - val_loss: 0.0792

Epoch 00187: val_loss did not improve from 0.07839
Epoch 188/10000
13/13 - 6s - loss: 0.0547 - val_loss: 0.0790

Epoch 00188: val_loss did not improve from 0.07839
Epoch 189/10000
13/13 - 6s - loss: 0.0546 - val_loss: 0.0788

Epoch 00189: val_loss did not improve from 0.07839
Epoch 190/10000
13/13 - 6s - loss: 0.0547 - val_loss: 0.0792

Epoch 00190: val_loss did not improve from 0.07839
Epoch 191/10000
13/13 - 6s - loss: 0.0546 - val_loss: 0.0788

Epoch 00191: val_loss did not improve from 0.07839
Epoch 192/10000
13/13 - 6s - loss: 0.0545 - val_loss: 0.0792

Epoch 00192: val_loss did not improve from 0.07839
Epoch 193/10000
13/13 - 6s - loss: 0.0545 - val_loss: 0.0786

Epoch 00193: val_loss did not improve from 0.07839
Epoch 194/10000
13/13 - 6s - loss: 0.0544 - val_loss: 0.0785

Epoch 00194: val_loss did not improve from 0.07839
Epoch 195/10000
13/13 - 6s - loss: 0.0544 - val_loss: 0.0786

Epoch 00195: val_loss did not improve from 0.07839
Epoch 196/10000
13/13 - 6s - loss: 0.0543 - val_loss: 0.0784

Epoch 00196: val_loss did not improve from 0.07839
Epoch 197/10000
13/13 - 6s - loss: 0.0544 - val_loss: 0.0790

Epoch 00197: val_loss did not improve from 0.07839
Epoch 198/10000
13/13 - 6s - loss: 0.0542 - val_loss: 0.0785

Epoch 00198: val_loss did not improve from 0.07839
Epoch 199/10000
13/13 - 6s - loss: 0.0542 - val_loss: 0.0784

Epoch 00199: val_loss did not improve from 0.07839
Epoch 200/10000
13/13 - 6s - loss: 0.0543 - val_loss: 0.0788

Epoch 00200: val_loss did not improve from 0.07839
Epoch 201/10000
13/13 - 6s - loss: 0.0542 - val_loss: 0.0788

Epoch 00201: val_loss did not improve from 0.07839
Epoch 202/10000
13/13 - 6s - loss: 0.0541 - val_loss: 0.0780

Epoch 00202: val_loss improved from 0.07839 to 0.07803, saving model to ./CAE_models/rms_canny/ckpt
Epoch 203/10000
13/13 - 6s - loss: 0.0543 - val_loss: 0.0792

Epoch 00203: val_loss did not improve from 0.07803
Epoch 204/10000
13/13 - 6s - loss: 0.0540 - val_loss: 0.0785

Epoch 00204: val_loss did not improve from 0.07803
Epoch 205/10000
13/13 - 6s - loss: 0.0540 - val_loss: 0.0783

Epoch 00205: val_loss did not improve from 0.07803
Epoch 206/10000
13/13 - 6s - loss: 0.0539 - val_loss: 0.0777

Epoch 00206: val_loss improved from 0.07803 to 0.07771, saving model to ./CAE_models/rms_canny/ckpt
Epoch 207/10000
13/13 - 6s - loss: 0.0540 - val_loss: 0.0783

Epoch 00207: val_loss did not improve from 0.07771
Epoch 208/10000
13/13 - 6s - loss: 0.0539 - val_loss: 0.0777

Epoch 00208: val_loss improved from 0.07771 to 0.07771, saving model to ./CAE_models/rms_canny/ckpt
Epoch 209/10000
13/13 - 6s - loss: 0.0540 - val_loss: 0.0787

Epoch 00209: val_loss did not improve from 0.07771
Epoch 210/10000
13/13 - 6s - loss: 0.0539 - val_loss: 0.0786

Epoch 00210: val_loss did not improve from 0.07771
Epoch 211/10000
13/13 - 6s - loss: 0.0538 - val_loss: 0.0780

Epoch 00211: val_loss did not improve from 0.07771
Epoch 212/10000
13/13 - 6s - loss: 0.0537 - val_loss: 0.0779

Epoch 00212: val_loss did not improve from 0.07771
Epoch 213/10000
13/13 - 6s - loss: 0.0538 - val_loss: 0.0782

Epoch 00213: val_loss did not improve from 0.07771
Epoch 214/10000
13/13 - 6s - loss: 0.0537 - val_loss: 0.0781

Epoch 00214: val_loss did not improve from 0.07771
Epoch 215/10000
13/13 - 6s - loss: 0.0538 - val_loss: 0.0782

Epoch 00215: val_loss did not improve from 0.07771
Epoch 216/10000
13/13 - 6s - loss: 0.0538 - val_loss: 0.0789

Epoch 00216: val_loss did not improve from 0.07771
Epoch 217/10000
13/13 - 6s - loss: 0.0536 - val_loss: 0.0786

Epoch 00217: val_loss did not improve from 0.07771
Epoch 218/10000
13/13 - 6s - loss: 0.0535 - val_loss: 0.0781

Epoch 00218: val_loss did not improve from 0.07771
Epoch 219/10000
13/13 - 6s - loss: 0.0535 - val_loss: 0.0779

Epoch 00219: val_loss did not improve from 0.07771
Epoch 220/10000
13/13 - 6s - loss: 0.0535 - val_loss: 0.0777

Epoch 00220: val_loss did not improve from 0.07771
Epoch 221/10000
13/13 - 6s - loss: 0.0536 - val_loss: 0.0778

Epoch 00221: val_loss did not improve from 0.07771
Epoch 222/10000
13/13 - 6s - loss: 0.0536 - val_loss: 0.0783

Epoch 00222: val_loss did not improve from 0.07771
Epoch 223/10000
13/13 - 6s - loss: 0.0535 - val_loss: 0.0785

Epoch 00223: val_loss did not improve from 0.07771
Epoch 224/10000
13/13 - 6s - loss: 0.0534 - val_loss: 0.0778

Epoch 00224: val_loss did not improve from 0.07771
Epoch 225/10000
13/13 - 6s - loss: 0.0534 - val_loss: 0.0783

Epoch 00225: val_loss did not improve from 0.07771
Epoch 226/10000
13/13 - 6s - loss: 0.0534 - val_loss: 0.0782

Epoch 00226: val_loss did not improve from 0.07771
Epoch 227/10000
13/13 - 6s - loss: 0.0533 - val_loss: 0.0784

Epoch 00227: val_loss did not improve from 0.07771
Epoch 228/10000
13/13 - 6s - loss: 0.0533 - val_loss: 0.0781

Epoch 00228: val_loss did not improve from 0.07771
Epoch 229/10000
13/13 - 6s - loss: 0.0532 - val_loss: 0.0780

Epoch 00229: val_loss did not improve from 0.07771
Epoch 230/10000
13/13 - 6s - loss: 0.0532 - val_loss: 0.0777

Epoch 00230: val_loss improved from 0.07771 to 0.07768, saving model to ./CAE_models/rms_canny/ckpt
Epoch 231/10000
13/13 - 6s - loss: 0.0533 - val_loss: 0.0778

Epoch 00231: val_loss did not improve from 0.07768
Epoch 232/10000
13/13 - 6s - loss: 0.0533 - val_loss: 0.0786

Epoch 00232: val_loss did not improve from 0.07768
Epoch 233/10000
13/13 - 6s - loss: 0.0531 - val_loss: 0.0780

Epoch 00233: val_loss did not improve from 0.07768
Epoch 234/10000
13/13 - 6s - loss: 0.0531 - val_loss: 0.0780

Epoch 00234: val_loss did not improve from 0.07768
Epoch 235/10000
13/13 - 6s - loss: 0.0531 - val_loss: 0.0777

Epoch 00235: val_loss did not improve from 0.07768
Epoch 236/10000
13/13 - 6s - loss: 0.0531 - val_loss: 0.0778

Epoch 00236: val_loss did not improve from 0.07768
Epoch 237/10000
13/13 - 6s - loss: 0.0530 - val_loss: 0.0779

Epoch 00237: val_loss did not improve from 0.07768
Epoch 238/10000
13/13 - 6s - loss: 0.0530 - val_loss: 0.0776

Epoch 00238: val_loss improved from 0.07768 to 0.07761, saving model to ./CAE_models/rms_canny/ckpt
Epoch 239/10000
13/13 - 6s - loss: 0.0533 - val_loss: 0.0794

Epoch 00239: val_loss did not improve from 0.07761
Epoch 240/10000
13/13 - 6s - loss: 0.0532 - val_loss: 0.0796

Epoch 00240: val_loss did not improve from 0.07761
Epoch 241/10000
13/13 - 6s - loss: 0.0531 - val_loss: 0.0793

Epoch 00241: val_loss did not improve from 0.07761
Epoch 242/10000
13/13 - 6s - loss: 0.0530 - val_loss: 0.0791

Epoch 00242: val_loss did not improve from 0.07761
Epoch 243/10000
13/13 - 6s - loss: 0.0529 - val_loss: 0.0785

Epoch 00243: val_loss did not improve from 0.07761
Epoch 244/10000
13/13 - 6s - loss: 0.0528 - val_loss: 0.0777

Epoch 00244: val_loss did not improve from 0.07761
Epoch 245/10000
13/13 - 6s - loss: 0.0529 - val_loss: 0.0779

Epoch 00245: val_loss did not improve from 0.07761
Epoch 246/10000
13/13 - 6s - loss: 0.0530 - val_loss: 0.0783

Epoch 00246: val_loss did not improve from 0.07761
Epoch 247/10000
13/13 - 6s - loss: 0.0528 - val_loss: 0.0783

Epoch 00247: val_loss did not improve from 0.07761
Epoch 248/10000
13/13 - 6s - loss: 0.0527 - val_loss: 0.0783

Epoch 00248: val_loss did not improve from 0.07761
Epoch 249/10000
13/13 - 6s - loss: 0.0527 - val_loss: 0.0776

Epoch 00249: val_loss improved from 0.07761 to 0.07756, saving model to ./CAE_models/rms_canny/ckpt
Epoch 250/10000
13/13 - 6s - loss: 0.0527 - val_loss: 0.0774

Epoch 00250: val_loss improved from 0.07756 to 0.07743, saving model to ./CAE_models/rms_canny/ckpt
Epoch 251/10000
13/13 - 6s - loss: 0.0527 - val_loss: 0.0775

Epoch 00251: val_loss did not improve from 0.07743
Epoch 252/10000
13/13 - 6s - loss: 0.0527 - val_loss: 0.0775

Epoch 00252: val_loss did not improve from 0.07743
Epoch 253/10000
13/13 - 6s - loss: 0.0526 - val_loss: 0.0774

Epoch 00253: val_loss improved from 0.07743 to 0.07736, saving model to ./CAE_models/rms_canny/ckpt
Epoch 254/10000
13/13 - 6s - loss: 0.0527 - val_loss: 0.0780

Epoch 00254: val_loss did not improve from 0.07736
Epoch 255/10000
13/13 - 6s - loss: 0.0528 - val_loss: 0.0781

Epoch 00255: val_loss did not improve from 0.07736
Epoch 256/10000
13/13 - 6s - loss: 0.0529 - val_loss: 0.0792

Epoch 00256: val_loss did not improve from 0.07736
Epoch 257/10000
13/13 - 6s - loss: 0.0527 - val_loss: 0.0790

Epoch 00257: val_loss did not improve from 0.07736
Epoch 258/10000
13/13 - 6s - loss: 0.0526 - val_loss: 0.0788

Epoch 00258: val_loss did not improve from 0.07736
Epoch 259/10000
13/13 - 6s - loss: 0.0525 - val_loss: 0.0781

Epoch 00259: val_loss did not improve from 0.07736
Epoch 260/10000
13/13 - 6s - loss: 0.0525 - val_loss: 0.0783

Epoch 00260: val_loss did not improve from 0.07736
Epoch 261/10000
13/13 - 6s - loss: 0.0524 - val_loss: 0.0781

Epoch 00261: val_loss did not improve from 0.07736
Epoch 262/10000
13/13 - 6s - loss: 0.0525 - val_loss: 0.0778

Epoch 00262: val_loss did not improve from 0.07736
Epoch 263/10000
13/13 - 6s - loss: 0.0524 - val_loss: 0.0779

Epoch 00263: val_loss did not improve from 0.07736
Epoch 264/10000
13/13 - 6s - loss: 0.0524 - val_loss: 0.0779

Epoch 00264: val_loss did not improve from 0.07736
Epoch 265/10000
13/13 - 6s - loss: 0.0524 - val_loss: 0.0778

Epoch 00265: val_loss did not improve from 0.07736
Epoch 266/10000
13/13 - 6s - loss: 0.0524 - val_loss: 0.0776

Epoch 00266: val_loss did not improve from 0.07736
Epoch 267/10000
13/13 - 6s - loss: 0.0523 - val_loss: 0.0778

Epoch 00267: val_loss did not improve from 0.07736
Epoch 268/10000
13/13 - 6s - loss: 0.0524 - val_loss: 0.0778

Epoch 00268: val_loss did not improve from 0.07736
Epoch 269/10000
13/13 - 6s - loss: 0.0524 - val_loss: 0.0782

Epoch 00269: val_loss did not improve from 0.07736
Epoch 270/10000
13/13 - 6s - loss: 0.0524 - val_loss: 0.0783

Epoch 00270: val_loss did not improve from 0.07736
Epoch 271/10000
13/13 - 6s - loss: 0.0523 - val_loss: 0.0784

Epoch 00271: val_loss did not improve from 0.07736
Epoch 272/10000
13/13 - 6s - loss: 0.0522 - val_loss: 0.0776

Epoch 00272: val_loss did not improve from 0.07736
Epoch 273/10000
13/13 - 6s - loss: 0.0522 - val_loss: 0.0782

Epoch 00273: val_loss did not improve from 0.07736
Epoch 274/10000
13/13 - 6s - loss: 0.0522 - val_loss: 0.0776

Epoch 00274: val_loss did not improve from 0.07736
Epoch 275/10000
13/13 - 6s - loss: 0.0522 - val_loss: 0.0779

Epoch 00275: val_loss did not improve from 0.07736
Epoch 276/10000
13/13 - 6s - loss: 0.0521 - val_loss: 0.0780

Epoch 00276: val_loss did not improve from 0.07736
Epoch 277/10000
13/13 - 6s - loss: 0.0523 - val_loss: 0.0782

Epoch 00277: val_loss did not improve from 0.07736
Epoch 278/10000
13/13 - 6s - loss: 0.0521 - val_loss: 0.0785

Epoch 00278: val_loss did not improve from 0.07736
Epoch 279/10000
13/13 - 6s - loss: 0.0522 - val_loss: 0.0782

Epoch 00279: val_loss did not improve from 0.07736
Epoch 280/10000
13/13 - 6s - loss: 0.0521 - val_loss: 0.0779

Epoch 00280: val_loss did not improve from 0.07736
Epoch 281/10000
13/13 - 6s - loss: 0.0520 - val_loss: 0.0780

Epoch 00281: val_loss did not improve from 0.07736
Epoch 282/10000
13/13 - 6s - loss: 0.0522 - val_loss: 0.0780

Epoch 00282: val_loss did not improve from 0.07736
Epoch 283/10000
13/13 - 6s - loss: 0.0520 - val_loss: 0.0781

Epoch 00283: val_loss did not improve from 0.07736
Epoch 284/10000
13/13 - 6s - loss: 0.0520 - val_loss: 0.0777

Epoch 00284: val_loss did not improve from 0.07736
Epoch 285/10000
13/13 - 6s - loss: 0.0520 - val_loss: 0.0775

Epoch 00285: val_loss did not improve from 0.07736
Epoch 286/10000
13/13 - 6s - loss: 0.0520 - val_loss: 0.0778

Epoch 00286: val_loss did not improve from 0.07736
Epoch 287/10000
13/13 - 6s - loss: 0.0519 - val_loss: 0.0776

Epoch 00287: val_loss did not improve from 0.07736
Epoch 288/10000
13/13 - 6s - loss: 0.0519 - val_loss: 0.0776

Epoch 00288: val_loss did not improve from 0.07736
Epoch 289/10000
13/13 - 6s - loss: 0.0519 - val_loss: 0.0774

Epoch 00289: val_loss did not improve from 0.07736
Epoch 290/10000
13/13 - 6s - loss: 0.0519 - val_loss: 0.0780

Epoch 00290: val_loss did not improve from 0.07736
Epoch 291/10000
13/13 - 6s - loss: 0.0519 - val_loss: 0.0779

Epoch 00291: val_loss did not improve from 0.07736
Epoch 292/10000
13/13 - 6s - loss: 0.0519 - val_loss: 0.0776

Epoch 00292: val_loss did not improve from 0.07736
Epoch 293/10000
13/13 - 6s - loss: 0.0518 - val_loss: 0.0774

Epoch 00293: val_loss did not improve from 0.07736
Epoch 294/10000
13/13 - 6s - loss: 0.0518 - val_loss: 0.0774

Epoch 00294: val_loss did not improve from 0.07736
Epoch 295/10000
13/13 - 6s - loss: 0.0518 - val_loss: 0.0776

Epoch 00295: val_loss did not improve from 0.07736
Epoch 296/10000
13/13 - 6s - loss: 0.0518 - val_loss: 0.0777

Epoch 00296: val_loss did not improve from 0.07736
Epoch 297/10000
13/13 - 6s - loss: 0.0518 - val_loss: 0.0774

Epoch 00297: val_loss did not improve from 0.07736
Epoch 298/10000
13/13 - 6s - loss: 0.0517 - val_loss: 0.0781

Epoch 00298: val_loss did not improve from 0.07736
Epoch 299/10000
13/13 - 6s - loss: 0.0518 - val_loss: 0.0775

Epoch 00299: val_loss did not improve from 0.07736
Epoch 300/10000
13/13 - 6s - loss: 0.0518 - val_loss: 0.0778

Epoch 00300: val_loss did not improve from 0.07736
Epoch 301/10000
13/13 - 6s - loss: 0.0516 - val_loss: 0.0777

Epoch 00301: val_loss did not improve from 0.07736
Epoch 302/10000
13/13 - 6s - loss: 0.0519 - val_loss: 0.0778

Epoch 00302: val_loss did not improve from 0.07736
Epoch 303/10000
13/13 - 6s - loss: 0.0517 - val_loss: 0.0782

Epoch 00303: val_loss did not improve from 0.07736
Epoch 00303: early stopping
Model: "model_4"
_________________________________________________________________
Layer (type)                 Output Shape              Param #   
=================================================================
input_7 (InputLayer)         [(None, 7, 7, 6, 1)]      0         
_________________________________________________________________
zero_padding3d_2 (ZeroPaddin (None, 8, 8, 8, 1)        0         
_________________________________________________________________
conv3d_12 (Conv3D)           (None, 8, 8, 8, 8)        224       
_________________________________________________________________
max_pooling3d_4 (MaxPooling3 (None, 4, 4, 4, 8)        0         
_________________________________________________________________
conv3d_13 (Conv3D)           (None, 4, 4, 4, 4)        868       
_________________________________________________________________
max_pooling3d_5 (MaxPooling3 (None, 2, 2, 2, 4)        0         
_________________________________________________________________
conv3d_14 (Conv3D)           (None, 2, 2, 2, 4)        436       
=================================================================
Total params: 1,528
Trainable params: 1,528
Non-trainable params: 0
_________________________________________________________________
Performance on train dataset (mean error): 0.014203506521880627
Model: "model_5"
_________________________________________________________________
Layer (type)                 Output Shape              Param #   
=================================================================
input_7 (InputLayer)         [(None, 7, 7, 6, 1)]      0         
_________________________________________________________________
zero_padding3d_2 (ZeroPaddin (None, 8, 8, 8, 1)        0         
_________________________________________________________________
conv3d_12 (Conv3D)           (None, 8, 8, 8, 8)        224       
_________________________________________________________________
max_pooling3d_4 (MaxPooling3 (None, 4, 4, 4, 8)        0         
_________________________________________________________________
conv3d_13 (Conv3D)           (None, 4, 4, 4, 4)        868       
_________________________________________________________________
max_pooling3d_5 (MaxPooling3 (None, 2, 2, 2, 4)        0         
_________________________________________________________________
conv3d_14 (Conv3D)           (None, 2, 2, 2, 4)        436       
=================================================================
Total params: 1,528
Trainable params: 1,528
Non-trainable params: 0
_________________________________________________________________
Performance on test dataset (mean error): 0.045747075229883194
