[0.772459 0.95864  1.14028  1.32192  1.50356  1.6852   1.86684  2.04848
 2.23012  2.41176  2.5934   2.77504  2.95668  3.13832  3.31996  3.5016
 3.68324  3.86488  4.04652  4.22816  4.4098   4.59144  4.77308  4.95472
 5.13636  5.318   ]
Before undersampling: [(0, 11), (1, 41), (2, 117), (3, 379), (4, 1164), (5, 3250), (6, 3633), (7, 2483), (8, 2349), (9, 2100), (10, 1892), (11, 1848), (12, 1641), (13, 1350), (14, 1181), (15, 900), (16, 782), (17, 646), (18, 511), (19, 434), (20, 358), (21, 314), (22, 290), (23, 233), (24, 198)]
After undersampling: [(0, 11), (1, 12), (2, 33), (3, 72), (4, 263), (5, 1046), (6, 772), (7, 224), (8, 144), (9, 225), (10, 265), (11, 189), (12, 118), (13, 63), (14, 243), (15, 103), (16, 94), (17, 19), (18, 90), (19, 28), (20, 11), (21, 69), (22, 57), (23, 16), (24, 8)]
      label  HH_0_0_x  HV_0_0_x  IA_0_0_x       FYI      DFYI       MYI     rms_0     thk_1     rms_1     thk_2     rms_2     thk_3     rms_3  ...    3         4    5         6         7         8         9        10   11        12   13        14        15                                                CNN
0     0.858  0.184314  0.054902  0.108219  0.677054  0.244229  0.078717  4.574475  1.157741  4.598907  1.135613  4.568877  1.137049  4.555604  ...  0.0  0.976693  0.0  0.614157  0.580775  0.824165  0.316351  0.915441  0.0  0.687166  0.0  0.681156  0.467802  [[[[0.2274509803921568], [0.1081809698366651],...
1     0.922  0.219608  0.043137  0.095634  0.054778  0.917930  0.027292  4.928114  1.252795  4.933641  1.183038  4.945711  1.206833  4.951181  ...  0.0  1.014148  0.0  0.640144  0.557590  0.845430  0.301105  0.952926  0.0  0.730141  0.0  0.731394  0.484976  [[[[0.1215686274509803], [0.0955935010723039],...
2     0.934  0.192157  0.031373  0.097116  0.587126  0.332548  0.080326  4.575322  1.137139  4.539704  1.094642  4.548931  1.119177  4.518337  ...  0.0  1.141272  0.0  0.686991  0.657252  0.887173  0.262995  1.067364  0.0  0.828544  0.0  0.798359  0.574734  [[[[0.1215686274509803], [0.0971558065975413],...
3     0.895  0.188235  0.035294  0.097129  0.495887  0.419141  0.084972  4.582605  1.146608  4.565219  1.119833  4.570570  1.106200  4.542815  ...  0.0  1.152834  0.0  0.692828  0.669648  0.885035  0.259357  1.075103  0.0  0.840245  0.0  0.805713  0.586994  [[[[0.188235294117647], [0.0971691505581724], ...
4     0.944  0.325490  0.066667  0.096222  0.002803  0.962774  0.034423  5.199004  1.323369  5.165545  1.259931  5.168842  1.279109  5.193098  ...  0.0  0.968458  0.0  0.649656  0.502992  0.845221  0.351467  0.905719  0.0  0.705089  0.0  0.735994  0.453760  [[[[0.2745098039215686], [0.0962616415584788],...
...     ...       ...       ...       ...       ...       ...       ...       ...       ...       ...       ...       ...       ...       ...  ...  ...       ...  ...       ...       ...       ...       ...       ...  ...       ...  ...       ...       ...                                                ...
4170  5.198  0.309804  0.105882  0.143054  0.232445  0.151403  0.616152  4.824343  1.280807  4.901115  1.276940  4.919276  1.269465  4.882242  ...  0.0  0.770244  0.0  0.464207  0.430256  0.636595  0.300872  0.635435  0.0  0.573515  0.0  0.535907  0.402079  [[[[0.2666666666666666], [0.1430878134334788],...
4171  5.147  0.415686  0.203922  0.084965  0.000420  0.000879  0.998701  5.593358  1.478108  5.634893  1.483078  5.626502  1.517390  5.634745  ...  0.0  0.778963  0.0  0.597343  0.201968  0.706206  0.442341  0.608909  0.0  0.567561  0.0  0.648967  0.192834  [[[[0.4313725490196078], [0.0850069980995327],...
4172  5.304  0.321569  0.125490  0.143099  0.160857  0.089154  0.749989  4.692249  1.258108  4.728108  1.263719  4.759774  1.296927  4.739660  ...  0.0  0.807369  0.0  0.495734  0.411971  0.685739  0.227292  0.756858  0.0  0.600415  0.0  0.593073  0.410646  [[[[0.3098039215686274], [0.1431332457299326],...
4173  5.170  0.258824  0.035294  0.090093  0.691879  0.287280  0.020842  4.489599  1.132821  4.543322  1.122601  4.510144  1.120885  4.459323  ...  0.0  1.101054  0.0  0.675508  0.654786  0.904350  0.322870  1.024127  0.0  0.800873  0.0  0.778182  0.571642  [[[[0.1803921568627451], [0.0901344000124463],...
4174  5.216  0.235294  0.082353  0.091293  0.560729  0.400106  0.039165  4.727834  1.198386  4.626872  1.151158  4.642757  1.142321  4.637962  ...  0.0  1.097452  0.0  0.672260  0.644223  0.887012  0.299478  1.018795  0.0  0.799208  0.0  0.775727  0.563576  [[[[0.1254901960784313], [0.0913350946762982],...

[4175 rows x 128 columns]
Size of dataset: (4175, 127)
*************************** Fold #: 1 ***************************
Model: "model"
__________________________________________________________________________________________________
 Layer (type)                   Output Shape         Param #     Connected to                     
==================================================================================================
 conv (InputLayer)              [(None, 7, 7, 3, 1)  0           []                               
                                ]                                                                 
                                                                                                  
 zero_padding3d (ZeroPadding3D)  (None, 8, 8, 4, 1)  0           ['conv[0][0]']                   
                                                                                                  
 conv3d (Conv3D)                (None, 8, 8, 4, 8)   224         ['zero_padding3d[0][0]']         
                                                                                                  
 max_pooling3d (MaxPooling3D)   (None, 4, 4, 2, 8)   0           ['conv3d[0][0]']                 
                                                                                                  
 conv3d_1 (Conv3D)              (None, 4, 4, 2, 4)   868         ['max_pooling3d[0][0]']          
                                                                                                  
 max_pooling3d_1 (MaxPooling3D)  (None, 2, 2, 1, 4)  0           ['conv3d_1[0][0]']               
                                                                                                  
 cat (InputLayer)               [(None, 126)]        0           []                               
                                                                                                  
 flatten (Flatten)              (None, 16)           0           ['max_pooling3d_1[0][0]']        
                                                                                                  
 concatenate (Concatenate)      (None, 142)          0           ['cat[0][0]',                    
                                                                  'flatten[0][0]']                
                                                                                                  
 dense (Dense)                  (None, 200)          28600       ['concatenate[0][0]']            
                                                                                                  
 dense_1 (Dense)                (None, 200)          40200       ['dense[0][0]']                  
                                                                                                  
 dense_2 (Dense)                (None, 200)          40200       ['dense_1[0][0]']                
                                                                                                  
 dense_3 (Dense)                (None, 200)          40200       ['dense_2[0][0]']                
                                                                                                  
 dense_4 (Dense)                (None, 200)          40200       ['dense_3[0][0]']                
                                                                                                  
 dense_5 (Dense)                (None, 1)            201         ['dense_4[0][0]']                
                                                                                                  
==================================================================================================
Total params: 190,693
Trainable params: 190,693
Non-trainable params: 0
__________________________________________________________________________________________________
Epoch 1/10000

Epoch 1: val_loss improved from inf to 0.04495, saving model to ./results/NN_thk_regr/ResNet/recursion_11/ckpt_1
3/3 - 2s - loss: 1.2046 - mse: 1.2046 - mae: 1.0600 - val_loss: 0.0449 - val_mse: 0.0449 - val_mae: 0.1535 - 2s/epoch - 557ms/step
Epoch 2/10000

Epoch 2: val_loss did not improve from 0.04495
3/3 - 0s - loss: 0.1737 - mse: 0.1737 - mae: 0.3369 - val_loss: 0.1008 - val_mse: 0.1008 - val_mae: 0.2795 - 393ms/epoch - 131ms/step
Epoch 3/10000

Epoch 3: val_loss did not improve from 0.04495
3/3 - 0s - loss: 0.0744 - mse: 0.0744 - mae: 0.2189 - val_loss: 0.1320 - val_mse: 0.1320 - val_mae: 0.3025 - 394ms/epoch - 131ms/step
Epoch 4/10000

Epoch 4: val_loss did not improve from 0.04495
3/3 - 0s - loss: 0.1262 - mse: 0.1262 - mae: 0.2971 - val_loss: 0.0663 - val_mse: 0.0663 - val_mae: 0.1841 - 392ms/epoch - 131ms/step
Epoch 5/10000

Epoch 5: val_loss did not improve from 0.04495
3/3 - 0s - loss: 0.0510 - mse: 0.0510 - mae: 0.1626 - val_loss: 0.0811 - val_mse: 0.0811 - val_mae: 0.2488 - 389ms/epoch - 130ms/step
Epoch 6/10000

Epoch 6: val_loss improved from 0.04495 to 0.04237, saving model to ./results/NN_thk_regr/ResNet/recursion_11/ckpt_1
3/3 - 1s - loss: 0.0838 - mse: 0.0838 - mae: 0.2538 - val_loss: 0.0424 - val_mse: 0.0424 - val_mae: 0.1683 - 1s/epoch - 378ms/step
Epoch 7/10000

Epoch 7: val_loss did not improve from 0.04237
3/3 - 0s - loss: 0.0422 - mse: 0.0422 - mae: 0.1566 - val_loss: 0.0731 - val_mse: 0.0731 - val_mae: 0.1969 - 392ms/epoch - 131ms/step
Epoch 8/10000

Epoch 8: val_loss did not improve from 0.04237
3/3 - 0s - loss: 0.0694 - mse: 0.0694 - mae: 0.1927 - val_loss: 0.0476 - val_mse: 0.0476 - val_mae: 0.1549 - 391ms/epoch - 130ms/step
Epoch 9/10000

Epoch 9: val_loss did not improve from 0.04237
3/3 - 0s - loss: 0.0432 - mse: 0.0432 - mae: 0.1537 - val_loss: 0.0583 - val_mse: 0.0583 - val_mae: 0.2081 - 390ms/epoch - 130ms/step
Epoch 10/10000

Epoch 10: val_loss improved from 0.04237 to 0.04136, saving model to ./results/NN_thk_regr/ResNet/recursion_11/ckpt_1
3/3 - 1s - loss: 0.0583 - mse: 0.0583 - mae: 0.2079 - val_loss: 0.0414 - val_mse: 0.0414 - val_mae: 0.1627 - 1s/epoch - 377ms/step
Epoch 11/10000

Epoch 11: val_loss did not improve from 0.04136
3/3 - 0s - loss: 0.0413 - mse: 0.0413 - mae: 0.1529 - val_loss: 0.0547 - val_mse: 0.0547 - val_mae: 0.1640 - 393ms/epoch - 131ms/step
Epoch 12/10000

Epoch 12: val_loss did not improve from 0.04136
3/3 - 0s - loss: 0.0511 - mse: 0.0511 - mae: 0.1567 - val_loss: 0.0415 - val_mse: 0.0415 - val_mae: 0.1558 - 391ms/epoch - 130ms/step
Epoch 13/10000

Epoch 13: val_loss did not improve from 0.04136
3/3 - 0s - loss: 0.0414 - mse: 0.0414 - mae: 0.1594 - val_loss: 0.0535 - val_mse: 0.0535 - val_mae: 0.1984 - 392ms/epoch - 131ms/step
Epoch 14/10000

Epoch 14: val_loss improved from 0.04136 to 0.04101, saving model to ./results/NN_thk_regr/ResNet/recursion_11/ckpt_1
3/3 - 1s - loss: 0.0521 - mse: 0.0521 - mae: 0.1946 - val_loss: 0.0410 - val_mse: 0.0410 - val_mae: 0.1602 - 1s/epoch - 413ms/step
Epoch 15/10000

Epoch 15: val_loss did not improve from 0.04101
3/3 - 0s - loss: 0.0400 - mse: 0.0400 - mae: 0.1522 - val_loss: 0.0453 - val_mse: 0.0453 - val_mae: 0.1528 - 389ms/epoch - 130ms/step
Epoch 16/10000

Epoch 16: val_loss did not improve from 0.04101
3/3 - 0s - loss: 0.0427 - mse: 0.0427 - mae: 0.1464 - val_loss: 0.0412 - val_mse: 0.0412 - val_mae: 0.1556 - 390ms/epoch - 130ms/step
Epoch 17/10000

Epoch 17: val_loss did not improve from 0.04101
3/3 - 0s - loss: 0.0397 - mse: 0.0397 - mae: 0.1526 - val_loss: 0.0413 - val_mse: 0.0413 - val_mae: 0.1643 - 390ms/epoch - 130ms/step
Epoch 18/10000

Epoch 18: val_loss did not improve from 0.04101
3/3 - 0s - loss: 0.0405 - mse: 0.0405 - mae: 0.1604 - val_loss: 0.0412 - val_mse: 0.0412 - val_mae: 0.1546 - 391ms/epoch - 130ms/step
Epoch 19/10000

Epoch 19: val_loss did not improve from 0.04101
3/3 - 0s - loss: 0.0403 - mse: 0.0403 - mae: 0.1482 - val_loss: 0.0425 - val_mse: 0.0425 - val_mae: 0.1523 - 391ms/epoch - 130ms/step
Epoch 20/10000

Epoch 20: val_loss did not improve from 0.04101
3/3 - 0s - loss: 0.0403 - mse: 0.0403 - mae: 0.1473 - val_loss: 0.0410 - val_mse: 0.0410 - val_mae: 0.1630 - 390ms/epoch - 130ms/step
Epoch 21/10000

Epoch 21: val_loss improved from 0.04101 to 0.04063, saving model to ./results/NN_thk_regr/ResNet/recursion_11/ckpt_1
3/3 - 1s - loss: 0.0410 - mse: 0.0410 - mae: 0.1627 - val_loss: 0.0406 - val_mse: 0.0406 - val_mae: 0.1562 - 1s/epoch - 428ms/step
Epoch 22/10000

Epoch 22: val_loss did not improve from 0.04063
3/3 - 0s - loss: 0.0403 - mse: 0.0403 - mae: 0.1489 - val_loss: 0.0447 - val_mse: 0.0447 - val_mae: 0.1519 - 391ms/epoch - 130ms/step
Epoch 23/10000

Epoch 23: val_loss did not improve from 0.04063
3/3 - 0s - loss: 0.0416 - mse: 0.0416 - mae: 0.1458 - val_loss: 0.0413 - val_mse: 0.0413 - val_mae: 0.1654 - 393ms/epoch - 131ms/step
Epoch 24/10000

Epoch 24: val_loss did not improve from 0.04063
3/3 - 0s - loss: 0.0422 - mse: 0.0422 - mae: 0.1678 - val_loss: 0.0408 - val_mse: 0.0408 - val_mae: 0.1631 - 390ms/epoch - 130ms/step
Epoch 25/10000

Epoch 25: val_loss did not improve from 0.04063
3/3 - 0s - loss: 0.0401 - mse: 0.0401 - mae: 0.1553 - val_loss: 0.0416 - val_mse: 0.0416 - val_mae: 0.1514 - 389ms/epoch - 130ms/step
Epoch 26/10000

Epoch 26: val_loss did not improve from 0.04063
3/3 - 0s - loss: 0.0398 - mse: 0.0398 - mae: 0.1475 - val_loss: 0.0417 - val_mse: 0.0417 - val_mae: 0.1680 - 390ms/epoch - 130ms/step
Epoch 27/10000

Epoch 27: val_loss improved from 0.04063 to 0.03994, saving model to ./results/NN_thk_regr/ResNet/recursion_11/ckpt_1
3/3 - 1s - loss: 0.0424 - mse: 0.0424 - mae: 0.1685 - val_loss: 0.0399 - val_mse: 0.0399 - val_mae: 0.1561 - 1s/epoch - 405ms/step
Epoch 28/10000

Epoch 28: val_loss did not improve from 0.03994
3/3 - 0s - loss: 0.0393 - mse: 0.0393 - mae: 0.1486 - val_loss: 0.0436 - val_mse: 0.0436 - val_mae: 0.1507 - 392ms/epoch - 131ms/step
Epoch 29/10000

Epoch 29: val_loss improved from 0.03994 to 0.03978, saving model to ./results/NN_thk_regr/ResNet/recursion_11/ckpt_1
3/3 - 1s - loss: 0.0414 - mse: 0.0414 - mae: 0.1448 - val_loss: 0.0398 - val_mse: 0.0398 - val_mae: 0.1570 - 1s/epoch - 422ms/step
Epoch 30/10000

Epoch 30: val_loss did not improve from 0.03978
3/3 - 0s - loss: 0.0395 - mse: 0.0395 - mae: 0.1553 - val_loss: 0.0398 - val_mse: 0.0398 - val_mae: 0.1592 - 392ms/epoch - 131ms/step
Epoch 31/10000

Epoch 31: val_loss did not improve from 0.03978
3/3 - 0s - loss: 0.0391 - mse: 0.0391 - mae: 0.1539 - val_loss: 0.0414 - val_mse: 0.0414 - val_mae: 0.1500 - 391ms/epoch - 130ms/step
Epoch 32/10000

Epoch 32: val_loss improved from 0.03978 to 0.03932, saving model to ./results/NN_thk_regr/ResNet/recursion_11/ckpt_1
3/3 - 1s - loss: 0.0406 - mse: 0.0406 - mae: 0.1445 - val_loss: 0.0393 - val_mse: 0.0393 - val_mae: 0.1541 - 1s/epoch - 424ms/step
Epoch 33/10000

Epoch 33: val_loss did not improve from 0.03932
3/3 - 0s - loss: 0.0390 - mse: 0.0390 - mae: 0.1530 - val_loss: 0.0397 - val_mse: 0.0397 - val_mae: 0.1512 - 391ms/epoch - 130ms/step
Epoch 34/10000

Epoch 34: val_loss did not improve from 0.03932
3/3 - 0s - loss: 0.0402 - mse: 0.0402 - mae: 0.1450 - val_loss: 0.0406 - val_mse: 0.0406 - val_mae: 0.1494 - 389ms/epoch - 130ms/step
Epoch 35/10000

Epoch 35: val_loss did not improve from 0.03932
3/3 - 0s - loss: 0.0391 - mse: 0.0391 - mae: 0.1481 - val_loss: 0.0418 - val_mse: 0.0418 - val_mae: 0.1704 - 392ms/epoch - 131ms/step
Epoch 36/10000

Epoch 36: val_loss did not improve from 0.03932
3/3 - 0s - loss: 0.0414 - mse: 0.0414 - mae: 0.1659 - val_loss: 0.0439 - val_mse: 0.0439 - val_mae: 0.1504 - 392ms/epoch - 131ms/step
Epoch 37/10000

Epoch 37: val_loss did not improve from 0.03932
3/3 - 0s - loss: 0.0445 - mse: 0.0445 - mae: 0.1479 - val_loss: 0.0404 - val_mse: 0.0404 - val_mae: 0.1487 - 390ms/epoch - 130ms/step
Epoch 38/10000

Epoch 38: val_loss did not improve from 0.03932
3/3 - 0s - loss: 0.0395 - mse: 0.0395 - mae: 0.1502 - val_loss: 0.0411 - val_mse: 0.0411 - val_mae: 0.1687 - 391ms/epoch - 130ms/step
Epoch 39/10000

Epoch 39: val_loss improved from 0.03932 to 0.03931, saving model to ./results/NN_thk_regr/ResNet/recursion_11/ckpt_1
3/3 - 1s - loss: 0.0404 - mse: 0.0404 - mae: 0.1606 - val_loss: 0.0393 - val_mse: 0.0393 - val_mae: 0.1492 - 1s/epoch - 427ms/step
Epoch 40/10000

Epoch 40: val_loss did not improve from 0.03931
3/3 - 0s - loss: 0.0385 - mse: 0.0385 - mae: 0.1456 - val_loss: 0.0396 - val_mse: 0.0396 - val_mae: 0.1635 - 394ms/epoch - 131ms/step
Epoch 41/10000

Epoch 41: val_loss improved from 0.03931 to 0.03804, saving model to ./results/NN_thk_regr/ResNet/recursion_11/ckpt_1
3/3 - 1s - loss: 0.0404 - mse: 0.0404 - mae: 0.1625 - val_loss: 0.0380 - val_mse: 0.0380 - val_mae: 0.1539 - 1s/epoch - 405ms/step
Epoch 42/10000

Epoch 42: val_loss did not improve from 0.03804
3/3 - 0s - loss: 0.0381 - mse: 0.0381 - mae: 0.1479 - val_loss: 0.0398 - val_mse: 0.0398 - val_mae: 0.1476 - 389ms/epoch - 130ms/step
Epoch 43/10000

Epoch 43: val_loss did not improve from 0.03804
3/3 - 0s - loss: 0.0391 - mse: 0.0391 - mae: 0.1429 - val_loss: 0.0389 - val_mse: 0.0389 - val_mae: 0.1627 - 391ms/epoch - 130ms/step
Epoch 44/10000

Epoch 44: val_loss improved from 0.03804 to 0.03728, saving model to ./results/NN_thk_regr/ResNet/recursion_11/ckpt_1
3/3 - 1s - loss: 0.0413 - mse: 0.0413 - mae: 0.1662 - val_loss: 0.0373 - val_mse: 0.0373 - val_mae: 0.1510 - 1s/epoch - 426ms/step
Epoch 45/10000

Epoch 45: val_loss did not improve from 0.03728
3/3 - 0s - loss: 0.0380 - mse: 0.0380 - mae: 0.1447 - val_loss: 0.0374 - val_mse: 0.0374 - val_mae: 0.1481 - 393ms/epoch - 131ms/step
Epoch 46/10000

Epoch 46: val_loss improved from 0.03728 to 0.03711, saving model to ./results/NN_thk_regr/ResNet/recursion_11/ckpt_1
3/3 - 1s - loss: 0.0375 - mse: 0.0375 - mae: 0.1476 - val_loss: 0.0371 - val_mse: 0.0371 - val_mae: 0.1560 - 1s/epoch - 428ms/step
Epoch 47/10000

Epoch 47: val_loss did not improve from 0.03711
3/3 - 0s - loss: 0.0376 - mse: 0.0376 - mae: 0.1502 - val_loss: 0.0395 - val_mse: 0.0395 - val_mae: 0.1460 - 393ms/epoch - 131ms/step
Epoch 48/10000

Epoch 48: val_loss did not improve from 0.03711
3/3 - 0s - loss: 0.0386 - mse: 0.0386 - mae: 0.1422 - val_loss: 0.0374 - val_mse: 0.0374 - val_mae: 0.1583 - 391ms/epoch - 130ms/step
Epoch 49/10000

Epoch 49: val_loss did not improve from 0.03711
3/3 - 0s - loss: 0.0384 - mse: 0.0384 - mae: 0.1556 - val_loss: 0.0381 - val_mse: 0.0381 - val_mae: 0.1451 - 386ms/epoch - 129ms/step
Epoch 50/10000

Epoch 50: val_loss did not improve from 0.03711
3/3 - 0s - loss: 0.0378 - mse: 0.0378 - mae: 0.1424 - val_loss: 0.0390 - val_mse: 0.0390 - val_mae: 0.1455 - 394ms/epoch - 131ms/step
Epoch 51/10000

Epoch 51: val_loss did not improve from 0.03711
3/3 - 0s - loss: 0.0385 - mse: 0.0385 - mae: 0.1410 - val_loss: 0.0396 - val_mse: 0.0396 - val_mae: 0.1647 - 392ms/epoch - 131ms/step
Epoch 52/10000

Epoch 52: val_loss did not improve from 0.03711
3/3 - 0s - loss: 0.0387 - mse: 0.0387 - mae: 0.1556 - val_loss: 0.0398 - val_mse: 0.0398 - val_mae: 0.1456 - 390ms/epoch - 130ms/step
Epoch 53/10000

Epoch 53: val_loss improved from 0.03711 to 0.03708, saving model to ./results/NN_thk_regr/ResNet/recursion_11/ckpt_1
3/3 - 1s - loss: 0.0378 - mse: 0.0378 - mae: 0.1427 - val_loss: 0.0371 - val_mse: 0.0371 - val_mae: 0.1467 - 1s/epoch - 405ms/step
Epoch 54/10000

Epoch 54: val_loss improved from 0.03708 to 0.03697, saving model to ./results/NN_thk_regr/ResNet/recursion_11/ckpt_1
3/3 - 1s - loss: 0.0373 - mse: 0.0373 - mae: 0.1411 - val_loss: 0.0370 - val_mse: 0.0370 - val_mae: 0.1512 - 1s/epoch - 425ms/step
Epoch 55/10000

Epoch 55: val_loss did not improve from 0.03697
3/3 - 0s - loss: 0.0377 - mse: 0.0377 - mae: 0.1519 - val_loss: 0.0373 - val_mse: 0.0373 - val_mae: 0.1444 - 394ms/epoch - 131ms/step
Epoch 56/10000

Epoch 56: val_loss improved from 0.03697 to 0.03636, saving model to ./results/NN_thk_regr/ResNet/recursion_11/ckpt_1
3/3 - 1s - loss: 0.0372 - mse: 0.0372 - mae: 0.1402 - val_loss: 0.0364 - val_mse: 0.0364 - val_mae: 0.1470 - 1s/epoch - 427ms/step
Epoch 57/10000

Epoch 57: val_loss did not improve from 0.03636
3/3 - 0s - loss: 0.0366 - mse: 0.0366 - mae: 0.1448 - val_loss: 0.0365 - val_mse: 0.0365 - val_mae: 0.1442 - 395ms/epoch - 132ms/step
Epoch 58/10000

Epoch 58: val_loss did not improve from 0.03636
3/3 - 0s - loss: 0.0365 - mse: 0.0365 - mae: 0.1404 - val_loss: 0.0426 - val_mse: 0.0426 - val_mae: 0.1746 - 391ms/epoch - 130ms/step
Epoch 59/10000

Epoch 59: val_loss did not improve from 0.03636
3/3 - 0s - loss: 0.0425 - mse: 0.0425 - mae: 0.1694 - val_loss: 0.0435 - val_mse: 0.0435 - val_mae: 0.1506 - 392ms/epoch - 131ms/step
Epoch 60/10000

Epoch 60: val_loss did not improve from 0.03636
3/3 - 0s - loss: 0.0414 - mse: 0.0414 - mae: 0.1441 - val_loss: 0.0384 - val_mse: 0.0384 - val_mae: 0.1621 - 391ms/epoch - 130ms/step
Epoch 61/10000

Epoch 61: val_loss did not improve from 0.03636
3/3 - 0s - loss: 0.0391 - mse: 0.0391 - mae: 0.1583 - val_loss: 0.0369 - val_mse: 0.0369 - val_mae: 0.1425 - 391ms/epoch - 130ms/step
Epoch 62/10000

Epoch 62: val_loss improved from 0.03636 to 0.03629, saving model to ./results/NN_thk_regr/ResNet/recursion_11/ckpt_1
3/3 - 1s - loss: 0.0368 - mse: 0.0368 - mae: 0.1393 - val_loss: 0.0363 - val_mse: 0.0363 - val_mae: 0.1423 - 1s/epoch - 402ms/step
Epoch 63/10000

Epoch 63: val_loss improved from 0.03629 to 0.03543, saving model to ./results/NN_thk_regr/ResNet/recursion_11/ckpt_1
3/3 - 1s - loss: 0.0370 - mse: 0.0370 - mae: 0.1391 - val_loss: 0.0354 - val_mse: 0.0354 - val_mae: 0.1427 - 1s/epoch - 422ms/step
Epoch 64/10000

Epoch 64: val_loss did not improve from 0.03543
3/3 - 0s - loss: 0.0360 - mse: 0.0360 - mae: 0.1408 - val_loss: 0.0357 - val_mse: 0.0357 - val_mae: 0.1418 - 393ms/epoch - 131ms/step
Epoch 65/10000

Epoch 65: val_loss improved from 0.03543 to 0.03504, saving model to ./results/NN_thk_regr/ResNet/recursion_11/ckpt_1
3/3 - 1s - loss: 0.0365 - mse: 0.0365 - mae: 0.1389 - val_loss: 0.0350 - val_mse: 0.0350 - val_mae: 0.1434 - 1s/epoch - 424ms/step
Epoch 66/10000

Epoch 66: val_loss did not improve from 0.03504
3/3 - 0s - loss: 0.0360 - mse: 0.0360 - mae: 0.1420 - val_loss: 0.0352 - val_mse: 0.0352 - val_mae: 0.1417 - 389ms/epoch - 130ms/step
Epoch 67/10000

Epoch 67: val_loss did not improve from 0.03504
3/3 - 0s - loss: 0.0360 - mse: 0.0360 - mae: 0.1387 - val_loss: 0.0368 - val_mse: 0.0368 - val_mae: 0.1563 - 390ms/epoch - 130ms/step
Epoch 68/10000

Epoch 68: val_loss did not improve from 0.03504
3/3 - 0s - loss: 0.0384 - mse: 0.0384 - mae: 0.1557 - val_loss: 0.0378 - val_mse: 0.0378 - val_mae: 0.1423 - 391ms/epoch - 130ms/step
Epoch 69/10000

Epoch 69: val_loss did not improve from 0.03504
3/3 - 0s - loss: 0.0379 - mse: 0.0379 - mae: 0.1393 - val_loss: 0.0414 - val_mse: 0.0414 - val_mae: 0.1718 - 391ms/epoch - 130ms/step
Epoch 70/10000

Epoch 70: val_loss did not improve from 0.03504
3/3 - 0s - loss: 0.0424 - mse: 0.0424 - mae: 0.1691 - val_loss: 0.0391 - val_mse: 0.0391 - val_mae: 0.1441 - 388ms/epoch - 129ms/step
Epoch 71/10000

Epoch 71: val_loss did not improve from 0.03504
3/3 - 0s - loss: 0.0382 - mse: 0.0382 - mae: 0.1398 - val_loss: 0.0445 - val_mse: 0.0445 - val_mae: 0.1802 - 391ms/epoch - 130ms/step
Epoch 72/10000

Epoch 72: val_loss did not improve from 0.03504
3/3 - 0s - loss: 0.0452 - mse: 0.0452 - mae: 0.1771 - val_loss: 0.0432 - val_mse: 0.0432 - val_mae: 0.1508 - 395ms/epoch - 132ms/step
Epoch 73/10000

Epoch 73: val_loss did not improve from 0.03504
3/3 - 0s - loss: 0.0417 - mse: 0.0417 - mae: 0.1456 - val_loss: 0.0419 - val_mse: 0.0419 - val_mae: 0.1734 - 394ms/epoch - 131ms/step
Epoch 74/10000

Epoch 74: val_loss did not improve from 0.03504
3/3 - 0s - loss: 0.0438 - mse: 0.0438 - mae: 0.1731 - val_loss: 0.0395 - val_mse: 0.0395 - val_mae: 0.1447 - 393ms/epoch - 131ms/step
Epoch 75/10000

Epoch 75: val_loss did not improve from 0.03504
3/3 - 0s - loss: 0.0401 - mse: 0.0401 - mae: 0.1430 - val_loss: 0.0428 - val_mse: 0.0428 - val_mae: 0.1759 - 392ms/epoch - 131ms/step
Epoch 76/10000

Epoch 76: val_loss did not improve from 0.03504
3/3 - 0s - loss: 0.0481 - mse: 0.0481 - mae: 0.1841 - val_loss: 0.0391 - val_mse: 0.0391 - val_mae: 0.1441 - 388ms/epoch - 129ms/step
Epoch 77/10000

Epoch 77: val_loss did not improve from 0.03504
3/3 - 0s - loss: 0.0415 - mse: 0.0415 - mae: 0.1448 - val_loss: 0.0355 - val_mse: 0.0355 - val_mae: 0.1500 - 393ms/epoch - 131ms/step
Epoch 78/10000

Epoch 78: val_loss did not improve from 0.03504
3/3 - 0s - loss: 0.0393 - mse: 0.0393 - mae: 0.1585 - val_loss: 0.0351 - val_mse: 0.0351 - val_mae: 0.1482 - 391ms/epoch - 130ms/step
Epoch 79/10000

Epoch 79: val_loss did not improve from 0.03504
3/3 - 0s - loss: 0.0362 - mse: 0.0362 - mae: 0.1415 - val_loss: 0.0357 - val_mse: 0.0357 - val_mae: 0.1404 - 388ms/epoch - 129ms/step
Epoch 80/10000

Epoch 80: val_loss improved from 0.03504 to 0.03493, saving model to ./results/NN_thk_regr/ResNet/recursion_11/ckpt_1
3/3 - 1s - loss: 0.0363 - mse: 0.0363 - mae: 0.1425 - val_loss: 0.0349 - val_mse: 0.0349 - val_mae: 0.1467 - 1s/epoch - 426ms/step
Epoch 81/10000

Epoch 81: val_loss did not improve from 0.03493
3/3 - 0s - loss: 0.0362 - mse: 0.0362 - mae: 0.1415 - val_loss: 0.0389 - val_mse: 0.0389 - val_mae: 0.1437 - 393ms/epoch - 131ms/step
Epoch 82/10000

Epoch 82: val_loss did not improve from 0.03493
3/3 - 0s - loss: 0.0377 - mse: 0.0377 - mae: 0.1387 - val_loss: 0.0359 - val_mse: 0.0359 - val_mae: 0.1523 - 392ms/epoch - 131ms/step
Epoch 83/10000

Epoch 83: val_loss did not improve from 0.03493
3/3 - 0s - loss: 0.0370 - mse: 0.0370 - mae: 0.1494 - val_loss: 0.0371 - val_mse: 0.0371 - val_mae: 0.1414 - 390ms/epoch - 130ms/step
Epoch 84/10000

Epoch 84: val_loss did not improve from 0.03493
3/3 - 0s - loss: 0.0375 - mse: 0.0375 - mae: 0.1383 - val_loss: 0.0354 - val_mse: 0.0354 - val_mae: 0.1498 - 390ms/epoch - 130ms/step
Epoch 85/10000

Epoch 85: val_loss did not improve from 0.03493
3/3 - 0s - loss: 0.0382 - mse: 0.0382 - mae: 0.1542 - val_loss: 0.0385 - val_mse: 0.0385 - val_mae: 0.1430 - 400ms/epoch - 133ms/step
Epoch 86/10000

Epoch 86: val_loss improved from 0.03493 to 0.03491, saving model to ./results/NN_thk_regr/ResNet/recursion_11/ckpt_1
3/3 - 1s - loss: 0.0411 - mse: 0.0411 - mae: 0.1449 - val_loss: 0.0349 - val_mse: 0.0349 - val_mae: 0.1472 - 1s/epoch - 434ms/step
Epoch 87/10000

Epoch 87: val_loss improved from 0.03491 to 0.03461, saving model to ./results/NN_thk_regr/ResNet/recursion_11/ckpt_1
3/3 - 1s - loss: 0.0400 - mse: 0.0400 - mae: 0.1593 - val_loss: 0.0346 - val_mse: 0.0346 - val_mae: 0.1409 - 1s/epoch - 404ms/step
Epoch 88/10000

Epoch 88: val_loss did not improve from 0.03461
3/3 - 0s - loss: 0.0367 - mse: 0.0367 - mae: 0.1386 - val_loss: 0.0375 - val_mse: 0.0375 - val_mae: 0.1416 - 394ms/epoch - 131ms/step
Epoch 89/10000

Epoch 89: val_loss did not improve from 0.03461
3/3 - 0s - loss: 0.0362 - mse: 0.0362 - mae: 0.1388 - val_loss: 0.0391 - val_mse: 0.0391 - val_mae: 0.1650 - 394ms/epoch - 131ms/step
Epoch 90/10000

Epoch 90: val_loss did not improve from 0.03461
3/3 - 0s - loss: 0.0389 - mse: 0.0389 - mae: 0.1565 - val_loss: 0.0398 - val_mse: 0.0398 - val_mae: 0.1448 - 394ms/epoch - 131ms/step
Epoch 91/10000

Epoch 91: val_loss did not improve from 0.03461
3/3 - 0s - loss: 0.0389 - mse: 0.0389 - mae: 0.1404 - val_loss: 0.0352 - val_mse: 0.0352 - val_mae: 0.1494 - 391ms/epoch - 130ms/step
Epoch 92/10000

Epoch 92: val_loss did not improve from 0.03461
3/3 - 0s - loss: 0.0368 - mse: 0.0368 - mae: 0.1490 - val_loss: 0.0347 - val_mse: 0.0347 - val_mae: 0.1399 - 390ms/epoch - 130ms/step
Epoch 93/10000

Epoch 93: val_loss improved from 0.03461 to 0.03436, saving model to ./results/NN_thk_regr/ResNet/recursion_11/ckpt_1
3/3 - 1s - loss: 0.0355 - mse: 0.0355 - mae: 0.1366 - val_loss: 0.0344 - val_mse: 0.0344 - val_mae: 0.1398 - 1s/epoch - 427ms/step
Epoch 94/10000

Epoch 94: val_loss did not improve from 0.03436
3/3 - 0s - loss: 0.0355 - mse: 0.0355 - mae: 0.1399 - val_loss: 0.0417 - val_mse: 0.0417 - val_mae: 0.1479 - 394ms/epoch - 131ms/step
Epoch 95/10000

Epoch 95: val_loss did not improve from 0.03436
3/3 - 0s - loss: 0.0426 - mse: 0.0426 - mae: 0.1472 - val_loss: 0.0359 - val_mse: 0.0359 - val_mae: 0.1531 - 393ms/epoch - 131ms/step
Epoch 96/10000

Epoch 96: val_loss did not improve from 0.03436
3/3 - 0s - loss: 0.0395 - mse: 0.0395 - mae: 0.1595 - val_loss: 0.0347 - val_mse: 0.0347 - val_mae: 0.1386 - 396ms/epoch - 132ms/step
Epoch 97/10000

Epoch 97: val_loss improved from 0.03436 to 0.03412, saving model to ./results/NN_thk_regr/ResNet/recursion_11/ckpt_1
3/3 - 1s - loss: 0.0363 - mse: 0.0363 - mae: 0.1369 - val_loss: 0.0341 - val_mse: 0.0341 - val_mae: 0.1407 - 1s/epoch - 404ms/step
Epoch 98/10000

Epoch 98: val_loss improved from 0.03412 to 0.03412, saving model to ./results/NN_thk_regr/ResNet/recursion_11/ckpt_1
3/3 - 1s - loss: 0.0362 - mse: 0.0362 - mae: 0.1448 - val_loss: 0.0341 - val_mse: 0.0341 - val_mae: 0.1421 - 1s/epoch - 426ms/step
Epoch 99/10000

Epoch 99: val_loss did not improve from 0.03412
3/3 - 0s - loss: 0.0351 - mse: 0.0351 - mae: 0.1380 - val_loss: 0.0394 - val_mse: 0.0394 - val_mae: 0.1440 - 394ms/epoch - 131ms/step
Epoch 100/10000

Epoch 100: val_loss did not improve from 0.03412
3/3 - 0s - loss: 0.0383 - mse: 0.0383 - mae: 0.1395 - val_loss: 0.0403 - val_mse: 0.0403 - val_mae: 0.1689 - 392ms/epoch - 131ms/step
Epoch 101/10000

Epoch 101: val_loss did not improve from 0.03412
3/3 - 0s - loss: 0.0421 - mse: 0.0421 - mae: 0.1682 - val_loss: 0.0418 - val_mse: 0.0418 - val_mae: 0.1480 - 392ms/epoch - 131ms/step
Epoch 102/10000

Epoch 102: val_loss did not improve from 0.03412
3/3 - 0s - loss: 0.0423 - mse: 0.0423 - mae: 0.1465 - val_loss: 0.0383 - val_mse: 0.0383 - val_mae: 0.1628 - 396ms/epoch - 132ms/step
Epoch 103/10000

Epoch 103: val_loss did not improve from 0.03412
3/3 - 0s - loss: 0.0427 - mse: 0.0427 - mae: 0.1701 - val_loss: 0.0376 - val_mse: 0.0376 - val_mae: 0.1409 - 393ms/epoch - 131ms/step
Epoch 104/10000

Epoch 104: val_loss did not improve from 0.03412
3/3 - 0s - loss: 0.0400 - mse: 0.0400 - mae: 0.1426 - val_loss: 0.0348 - val_mse: 0.0348 - val_mae: 0.1479 - 392ms/epoch - 131ms/step
Epoch 105/10000

Epoch 105: val_loss did not improve from 0.03412
3/3 - 0s - loss: 0.0392 - mse: 0.0392 - mae: 0.1578 - val_loss: 0.0346 - val_mse: 0.0346 - val_mae: 0.1386 - 398ms/epoch - 133ms/step
Epoch 106/10000

Epoch 106: val_loss did not improve from 0.03412
3/3 - 0s - loss: 0.0368 - mse: 0.0368 - mae: 0.1383 - val_loss: 0.0348 - val_mse: 0.0348 - val_mae: 0.1384 - 388ms/epoch - 129ms/step
Epoch 107/10000

Epoch 107: val_loss did not improve from 0.03412
3/3 - 0s - loss: 0.0363 - mse: 0.0363 - mae: 0.1443 - val_loss: 0.0345 - val_mse: 0.0345 - val_mae: 0.1386 - 394ms/epoch - 131ms/step
Epoch 108/10000

Epoch 108: val_loss improved from 0.03412 to 0.03410, saving model to ./results/NN_thk_regr/ResNet/recursion_11/ckpt_1
3/3 - 1s - loss: 0.0370 - mse: 0.0370 - mae: 0.1385 - val_loss: 0.0341 - val_mse: 0.0341 - val_mae: 0.1408 - 1s/epoch - 424ms/step
Epoch 109/10000

Epoch 109: val_loss did not improve from 0.03410
3/3 - 0s - loss: 0.0365 - mse: 0.0365 - mae: 0.1476 - val_loss: 0.0345 - val_mse: 0.0345 - val_mae: 0.1461 - 394ms/epoch - 131ms/step
Epoch 110/10000

Epoch 110: val_loss did not improve from 0.03410
3/3 - 0s - loss: 0.0361 - mse: 0.0361 - mae: 0.1402 - val_loss: 0.0357 - val_mse: 0.0357 - val_mae: 0.1386 - 394ms/epoch - 131ms/step
Epoch 111/10000

Epoch 111: val_loss did not improve from 0.03410
3/3 - 0s - loss: 0.0354 - mse: 0.0354 - mae: 0.1377 - val_loss: 0.0341 - val_mse: 0.0341 - val_mae: 0.1435 - 397ms/epoch - 132ms/step
Epoch 112/10000

Epoch 112: val_loss did not improve from 0.03410
3/3 - 0s - loss: 0.0355 - mse: 0.0355 - mae: 0.1380 - val_loss: 0.0363 - val_mse: 0.0363 - val_mae: 0.1390 - 392ms/epoch - 131ms/step
Epoch 113/10000

Epoch 113: val_loss did not improve from 0.03410
3/3 - 0s - loss: 0.0357 - mse: 0.0357 - mae: 0.1357 - val_loss: 0.0367 - val_mse: 0.0367 - val_mae: 0.1573 - 391ms/epoch - 130ms/step
Epoch 114/10000

Epoch 114: val_loss did not improve from 0.03410
3/3 - 0s - loss: 0.0375 - mse: 0.0375 - mae: 0.1526 - val_loss: 0.0420 - val_mse: 0.0420 - val_mae: 0.1480 - 388ms/epoch - 129ms/step
Epoch 115/10000

Epoch 115: val_loss improved from 0.03410 to 0.03390, saving model to ./results/NN_thk_regr/ResNet/recursion_11/ckpt_1
3/3 - 1s - loss: 0.0421 - mse: 0.0421 - mae: 0.1459 - val_loss: 0.0339 - val_mse: 0.0339 - val_mae: 0.1414 - 1s/epoch - 428ms/step
Epoch 116/10000

Epoch 116: val_loss did not improve from 0.03390
3/3 - 0s - loss: 0.0358 - mse: 0.0358 - mae: 0.1451 - val_loss: 0.0352 - val_mse: 0.0352 - val_mae: 0.1378 - 402ms/epoch - 134ms/step
Epoch 117/10000

Epoch 117: val_loss did not improve from 0.03390
3/3 - 0s - loss: 0.0379 - mse: 0.0379 - mae: 0.1384 - val_loss: 0.0341 - val_mse: 0.0341 - val_mae: 0.1445 - 394ms/epoch - 131ms/step
Epoch 118/10000

Epoch 118: val_loss did not improve from 0.03390
3/3 - 0s - loss: 0.0375 - mse: 0.0375 - mae: 0.1526 - val_loss: 0.0355 - val_mse: 0.0355 - val_mae: 0.1527 - 396ms/epoch - 132ms/step
Epoch 119/10000

Epoch 119: val_loss did not improve from 0.03390
3/3 - 0s - loss: 0.0359 - mse: 0.0359 - mae: 0.1444 - val_loss: 0.0412 - val_mse: 0.0412 - val_mae: 0.1465 - 390ms/epoch - 130ms/step
Epoch 120/10000

Epoch 120: val_loss did not improve from 0.03390
3/3 - 0s - loss: 0.0393 - mse: 0.0393 - mae: 0.1410 - val_loss: 0.0385 - val_mse: 0.0385 - val_mae: 0.1639 - 390ms/epoch - 130ms/step
Epoch 121/10000

Epoch 121: val_loss did not improve from 0.03390
3/3 - 0s - loss: 0.0409 - mse: 0.0409 - mae: 0.1656 - val_loss: 0.0397 - val_mse: 0.0397 - val_mae: 0.1437 - 393ms/epoch - 131ms/step
Epoch 122/10000

Epoch 122: val_loss did not improve from 0.03390
3/3 - 0s - loss: 0.0416 - mse: 0.0416 - mae: 0.1449 - val_loss: 0.0349 - val_mse: 0.0349 - val_mae: 0.1497 - 391ms/epoch - 130ms/step
Epoch 123/10000

Epoch 123: val_loss did not improve from 0.03390
3/3 - 0s - loss: 0.0407 - mse: 0.0407 - mae: 0.1625 - val_loss: 0.0360 - val_mse: 0.0360 - val_mae: 0.1383 - 398ms/epoch - 133ms/step
Epoch 124/10000

Epoch 124: val_loss did not improve from 0.03390
3/3 - 0s - loss: 0.0401 - mse: 0.0401 - mae: 0.1422 - val_loss: 0.0358 - val_mse: 0.0358 - val_mae: 0.1380 - 392ms/epoch - 131ms/step
Epoch 125/10000

Epoch 125: val_loss did not improve from 0.03390
3/3 - 0s - loss: 0.0359 - mse: 0.0359 - mae: 0.1408 - val_loss: 0.0363 - val_mse: 0.0363 - val_mae: 0.1560 - 387ms/epoch - 129ms/step
Epoch 126/10000

Epoch 126: val_loss did not improve from 0.03390
3/3 - 0s - loss: 0.0364 - mse: 0.0364 - mae: 0.1458 - val_loss: 0.0412 - val_mse: 0.0412 - val_mae: 0.1462 - 392ms/epoch - 131ms/step
Epoch 127/10000

Epoch 127: val_loss did not improve from 0.03390
3/3 - 0s - loss: 0.0388 - mse: 0.0388 - mae: 0.1392 - val_loss: 0.0415 - val_mse: 0.0415 - val_mae: 0.1731 - 392ms/epoch - 131ms/step
Epoch 128/10000

Epoch 128: val_loss did not improve from 0.03390
3/3 - 0s - loss: 0.0405 - mse: 0.0405 - mae: 0.1632 - val_loss: 0.0428 - val_mse: 0.0428 - val_mae: 0.1491 - 391ms/epoch - 130ms/step
Epoch 129/10000

Epoch 129: val_loss did not improve from 0.03390
3/3 - 0s - loss: 0.0410 - mse: 0.0410 - mae: 0.1436 - val_loss: 0.0403 - val_mse: 0.0403 - val_mae: 0.1696 - 389ms/epoch - 130ms/step
Epoch 130/10000

Epoch 130: val_loss did not improve from 0.03390
3/3 - 0s - loss: 0.0434 - mse: 0.0434 - mae: 0.1731 - val_loss: 0.0364 - val_mse: 0.0364 - val_mae: 0.1387 - 391ms/epoch - 130ms/step
Epoch 131/10000

Epoch 131: val_loss did not improve from 0.03390
3/3 - 0s - loss: 0.0389 - mse: 0.0389 - mae: 0.1393 - val_loss: 0.0340 - val_mse: 0.0340 - val_mae: 0.1383 - 392ms/epoch - 131ms/step
Epoch 132/10000

Epoch 132: val_loss did not improve from 0.03390
3/3 - 0s - loss: 0.0353 - mse: 0.0353 - mae: 0.1417 - val_loss: 0.0344 - val_mse: 0.0344 - val_mae: 0.1375 - 391ms/epoch - 130ms/step
Epoch 133/10000

Epoch 133: val_loss did not improve from 0.03390
3/3 - 0s - loss: 0.0373 - mse: 0.0373 - mae: 0.1381 - val_loss: 0.0356 - val_mse: 0.0356 - val_mae: 0.1378 - 391ms/epoch - 130ms/step
Epoch 134/10000

Epoch 134: val_loss did not improve from 0.03390
3/3 - 0s - loss: 0.0358 - mse: 0.0358 - mae: 0.1390 - val_loss: 0.0358 - val_mse: 0.0358 - val_mae: 0.1540 - 391ms/epoch - 130ms/step
Epoch 135/10000

Epoch 135: val_loss did not improve from 0.03390
3/3 - 0s - loss: 0.0362 - mse: 0.0362 - mae: 0.1469 - val_loss: 0.0343 - val_mse: 0.0343 - val_mae: 0.1375 - 398ms/epoch - 133ms/step
Epoch 136/10000

Epoch 136: val_loss did not improve from 0.03390
3/3 - 0s - loss: 0.0353 - mse: 0.0353 - mae: 0.1383 - val_loss: 0.0339 - val_mse: 0.0339 - val_mae: 0.1434 - 396ms/epoch - 132ms/step
Epoch 137/10000

Epoch 137: val_loss did not improve from 0.03390
3/3 - 0s - loss: 0.0349 - mse: 0.0349 - mae: 0.1390 - val_loss: 0.0355 - val_mse: 0.0355 - val_mae: 0.1376 - 390ms/epoch - 130ms/step
Epoch 138/10000

Epoch 138: val_loss improved from 0.03390 to 0.03390, saving model to ./results/NN_thk_regr/ResNet/recursion_11/ckpt_1
3/3 - 1s - loss: 0.0356 - mse: 0.0356 - mae: 0.1347 - val_loss: 0.0339 - val_mse: 0.0339 - val_mae: 0.1378 - 1s/epoch - 406ms/step
Epoch 139/10000

Epoch 139: val_loss did not improve from 0.03390
3/3 - 0s - loss: 0.0347 - mse: 0.0347 - mae: 0.1355 - val_loss: 0.0339 - val_mse: 0.0339 - val_mae: 0.1374 - 390ms/epoch - 130ms/step
Epoch 140/10000

Epoch 140: val_loss did not improve from 0.03390
3/3 - 0s - loss: 0.0347 - mse: 0.0347 - mae: 0.1353 - val_loss: 0.0344 - val_mse: 0.0344 - val_mae: 0.1479 - 391ms/epoch - 130ms/step
Epoch 141/10000

Epoch 141: val_loss did not improve from 0.03390
3/3 - 0s - loss: 0.0360 - mse: 0.0360 - mae: 0.1468 - val_loss: 0.0340 - val_mse: 0.0340 - val_mae: 0.1368 - 390ms/epoch - 130ms/step
Epoch 142/10000

Epoch 142: val_loss did not improve from 0.03390
3/3 - 0s - loss: 0.0350 - mse: 0.0350 - mae: 0.1345 - val_loss: 0.0340 - val_mse: 0.0340 - val_mae: 0.1367 - 390ms/epoch - 130ms/step
Epoch 143/10000

Epoch 143: val_loss improved from 0.03390 to 0.03365, saving model to ./results/NN_thk_regr/ResNet/recursion_11/ckpt_1
3/3 - 1s - loss: 0.0346 - mse: 0.0346 - mae: 0.1352 - val_loss: 0.0337 - val_mse: 0.0337 - val_mae: 0.1415 - 1s/epoch - 426ms/step
Epoch 144/10000

Epoch 144: val_loss did not improve from 0.03365
3/3 - 0s - loss: 0.0347 - mse: 0.0347 - mae: 0.1387 - val_loss: 0.0345 - val_mse: 0.0345 - val_mae: 0.1365 - 392ms/epoch - 131ms/step
Epoch 145/10000

Epoch 145: val_loss did not improve from 0.03365
3/3 - 0s - loss: 0.0350 - mse: 0.0350 - mae: 0.1341 - val_loss: 0.0346 - val_mse: 0.0346 - val_mae: 0.1364 - 390ms/epoch - 130ms/step
Epoch 146/10000

Epoch 146: val_loss did not improve from 0.03365
3/3 - 0s - loss: 0.0350 - mse: 0.0350 - mae: 0.1339 - val_loss: 0.0353 - val_mse: 0.0353 - val_mae: 0.1514 - 391ms/epoch - 130ms/step
Epoch 147/10000

Epoch 147: val_loss did not improve from 0.03365
3/3 - 0s - loss: 0.0370 - mse: 0.0370 - mae: 0.1514 - val_loss: 0.0337 - val_mse: 0.0337 - val_mae: 0.1373 - 393ms/epoch - 131ms/step
Epoch 148/10000

Epoch 148: val_loss did not improve from 0.03365
3/3 - 0s - loss: 0.0347 - mse: 0.0347 - mae: 0.1344 - val_loss: 0.0337 - val_mse: 0.0337 - val_mae: 0.1433 - 389ms/epoch - 130ms/step
Epoch 149/10000

Epoch 149: val_loss did not improve from 0.03365
3/3 - 0s - loss: 0.0357 - mse: 0.0357 - mae: 0.1453 - val_loss: 0.0362 - val_mse: 0.0362 - val_mae: 0.1375 - 392ms/epoch - 131ms/step
Epoch 150/10000

Epoch 150: val_loss improved from 0.03365 to 0.03352, saving model to ./results/NN_thk_regr/ResNet/recursion_11/ckpt_1
3/3 - 1s - loss: 0.0373 - mse: 0.0373 - mae: 0.1363 - val_loss: 0.0335 - val_mse: 0.0335 - val_mae: 0.1429 - 1s/epoch - 428ms/step
Epoch 151/10000

Epoch 151: val_loss did not improve from 0.03352
3/3 - 0s - loss: 0.0366 - mse: 0.0366 - mae: 0.1490 - val_loss: 0.0359 - val_mse: 0.0359 - val_mae: 0.1370 - 394ms/epoch - 131ms/step
Epoch 152/10000

Epoch 152: val_loss improved from 0.03352 to 0.03343, saving model to ./results/NN_thk_regr/ResNet/recursion_11/ckpt_1
3/3 - 1s - loss: 0.0381 - mse: 0.0381 - mae: 0.1379 - val_loss: 0.0334 - val_mse: 0.0334 - val_mae: 0.1362 - 1s/epoch - 404ms/step
Epoch 153/10000

Epoch 153: val_loss improved from 0.03343 to 0.03323, saving model to ./results/NN_thk_regr/ResNet/recursion_11/ckpt_1
3/3 - 1s - loss: 0.0344 - mse: 0.0344 - mae: 0.1378 - val_loss: 0.0332 - val_mse: 0.0332 - val_mae: 0.1408 - 1s/epoch - 427ms/step
Epoch 154/10000

Epoch 154: val_loss improved from 0.03323 to 0.03313, saving model to ./results/NN_thk_regr/ResNet/recursion_11/ckpt_1
3/3 - 1s - loss: 0.0345 - mse: 0.0345 - mae: 0.1367 - val_loss: 0.0331 - val_mse: 0.0331 - val_mae: 0.1388 - 1s/epoch - 440ms/step
Epoch 155/10000

Epoch 155: val_loss did not improve from 0.03313
3/3 - 0s - loss: 0.0351 - mse: 0.0351 - mae: 0.1422 - val_loss: 0.0377 - val_mse: 0.0377 - val_mae: 0.1395 - 396ms/epoch - 132ms/step
Epoch 156/10000

Epoch 156: val_loss did not improve from 0.03313
3/3 - 0s - loss: 0.0404 - mse: 0.0404 - mae: 0.1418 - val_loss: 0.0332 - val_mse: 0.0332 - val_mae: 0.1368 - 391ms/epoch - 130ms/step
Epoch 157/10000

Epoch 157: val_loss improved from 0.03313 to 0.03309, saving model to ./results/NN_thk_regr/ResNet/recursion_11/ckpt_1
3/3 - 1s - loss: 0.0354 - mse: 0.0354 - mae: 0.1425 - val_loss: 0.0331 - val_mse: 0.0331 - val_mae: 0.1381 - 1s/epoch - 405ms/step
Epoch 158/10000

Epoch 158: val_loss did not improve from 0.03309
3/3 - 0s - loss: 0.0353 - mse: 0.0353 - mae: 0.1358 - val_loss: 0.0366 - val_mse: 0.0366 - val_mae: 0.1376 - 392ms/epoch - 131ms/step
Epoch 159/10000

Epoch 159: val_loss did not improve from 0.03309
3/3 - 0s - loss: 0.0359 - mse: 0.0359 - mae: 0.1348 - val_loss: 0.0337 - val_mse: 0.0337 - val_mae: 0.1352 - 395ms/epoch - 132ms/step
Epoch 160/10000

Epoch 160: val_loss did not improve from 0.03309
3/3 - 0s - loss: 0.0356 - mse: 0.0356 - mae: 0.1339 - val_loss: 0.0336 - val_mse: 0.0336 - val_mae: 0.1353 - 394ms/epoch - 131ms/step
Epoch 161/10000

Epoch 161: val_loss did not improve from 0.03309
3/3 - 0s - loss: 0.0345 - mse: 0.0345 - mae: 0.1363 - val_loss: 0.0332 - val_mse: 0.0332 - val_mae: 0.1415 - 389ms/epoch - 130ms/step
Epoch 162/10000

Epoch 162: val_loss did not improve from 0.03309
3/3 - 0s - loss: 0.0343 - mse: 0.0343 - mae: 0.1372 - val_loss: 0.0339 - val_mse: 0.0339 - val_mae: 0.1349 - 392ms/epoch - 131ms/step
Epoch 163/10000

Epoch 163: val_loss did not improve from 0.03309
3/3 - 0s - loss: 0.0343 - mse: 0.0343 - mae: 0.1335 - val_loss: 0.0348 - val_mse: 0.0348 - val_mae: 0.1509 - 388ms/epoch - 129ms/step
Epoch 164/10000

Epoch 164: val_loss did not improve from 0.03309
3/3 - 0s - loss: 0.0358 - mse: 0.0358 - mae: 0.1463 - val_loss: 0.0390 - val_mse: 0.0390 - val_mae: 0.1415 - 393ms/epoch - 131ms/step
Epoch 165/10000

Epoch 165: val_loss did not improve from 0.03309
3/3 - 0s - loss: 0.0383 - mse: 0.0383 - mae: 0.1377 - val_loss: 0.0362 - val_mse: 0.0362 - val_mae: 0.1568 - 391ms/epoch - 130ms/step
Epoch 166/10000

Epoch 166: val_loss did not improve from 0.03309
3/3 - 0s - loss: 0.0381 - mse: 0.0381 - mae: 0.1567 - val_loss: 0.0498 - val_mse: 0.0498 - val_mae: 0.1628 - 393ms/epoch - 131ms/step
Epoch 167/10000

Epoch 167: val_loss did not improve from 0.03309
3/3 - 0s - loss: 0.0510 - mse: 0.0510 - mae: 0.1642 - val_loss: 0.0383 - val_mse: 0.0383 - val_mae: 0.1643 - 395ms/epoch - 132ms/step
Epoch 168/10000

Epoch 168: val_loss did not improve from 0.03309
3/3 - 0s - loss: 0.0448 - mse: 0.0448 - mae: 0.1763 - val_loss: 0.0345 - val_mse: 0.0345 - val_mae: 0.1352 - 392ms/epoch - 131ms/step
Epoch 169/10000

Epoch 169: val_loss did not improve from 0.03309
3/3 - 0s - loss: 0.0370 - mse: 0.0370 - mae: 0.1358 - val_loss: 0.0332 - val_mse: 0.0332 - val_mae: 0.1364 - 391ms/epoch - 130ms/step
Epoch 170/10000

Epoch 170: val_loss did not improve from 0.03309
3/3 - 0s - loss: 0.0358 - mse: 0.0358 - mae: 0.1435 - val_loss: 0.0332 - val_mse: 0.0332 - val_mae: 0.1409 - 394ms/epoch - 131ms/step
Epoch 171/10000

Epoch 171: val_loss did not improve from 0.03309
3/3 - 0s - loss: 0.0344 - mse: 0.0344 - mae: 0.1359 - val_loss: 0.0355 - val_mse: 0.0355 - val_mae: 0.1361 - 393ms/epoch - 131ms/step
Epoch 172/10000

Epoch 172: val_loss did not improve from 0.03309
3/3 - 0s - loss: 0.0355 - mse: 0.0355 - mae: 0.1349 - val_loss: 0.0333 - val_mse: 0.0333 - val_mae: 0.1428 - 393ms/epoch - 131ms/step
Epoch 173/10000

Epoch 173: val_loss did not improve from 0.03309
3/3 - 0s - loss: 0.0344 - mse: 0.0344 - mae: 0.1386 - val_loss: 0.0331 - val_mse: 0.0331 - val_mae: 0.1369 - 388ms/epoch - 129ms/step
Epoch 174/10000

Epoch 174: val_loss did not improve from 0.03309
3/3 - 0s - loss: 0.0343 - mse: 0.0343 - mae: 0.1373 - val_loss: 0.0339 - val_mse: 0.0339 - val_mae: 0.1349 - 395ms/epoch - 132ms/step
Epoch 175/10000

Epoch 175: val_loss did not improve from 0.03309
3/3 - 0s - loss: 0.0348 - mse: 0.0348 - mae: 0.1325 - val_loss: 0.0333 - val_mse: 0.0333 - val_mae: 0.1354 - 398ms/epoch - 133ms/step
Epoch 176/10000

Epoch 176: val_loss improved from 0.03309 to 0.03307, saving model to ./results/NN_thk_regr/ResNet/recursion_11/ckpt_1
3/3 - 1s - loss: 0.0341 - mse: 0.0341 - mae: 0.1349 - val_loss: 0.0331 - val_mse: 0.0331 - val_mae: 0.1407 - 1s/epoch - 421ms/step
Epoch 177/10000

Epoch 177: val_loss improved from 0.03307 to 0.03290, saving model to ./results/NN_thk_regr/ResNet/recursion_11/ckpt_1
3/3 - 1s - loss: 0.0341 - mse: 0.0341 - mae: 0.1374 - val_loss: 0.0329 - val_mse: 0.0329 - val_mae: 0.1379 - 1s/epoch - 424ms/step
Epoch 178/10000

Epoch 178: val_loss did not improve from 0.03290
3/3 - 0s - loss: 0.0343 - mse: 0.0343 - mae: 0.1390 - val_loss: 0.0350 - val_mse: 0.0350 - val_mae: 0.1350 - 394ms/epoch - 131ms/step
Epoch 179/10000

Epoch 179: val_loss did not improve from 0.03290
3/3 - 0s - loss: 0.0366 - mse: 0.0366 - mae: 0.1342 - val_loss: 0.0329 - val_mse: 0.0329 - val_mae: 0.1403 - 396ms/epoch - 132ms/step
Epoch 180/10000

Epoch 180: val_loss did not improve from 0.03290
3/3 - 0s - loss: 0.0352 - mse: 0.0352 - mae: 0.1434 - val_loss: 0.0340 - val_mse: 0.0340 - val_mae: 0.1476 - 392ms/epoch - 131ms/step
Epoch 181/10000

Epoch 181: val_loss did not improve from 0.03290
3/3 - 0s - loss: 0.0350 - mse: 0.0350 - mae: 0.1431 - val_loss: 0.0341 - val_mse: 0.0341 - val_mae: 0.1343 - 391ms/epoch - 130ms/step
Epoch 182/10000

Epoch 182: val_loss did not improve from 0.03290
3/3 - 0s - loss: 0.0343 - mse: 0.0343 - mae: 0.1324 - val_loss: 0.0347 - val_mse: 0.0347 - val_mae: 0.1511 - 389ms/epoch - 130ms/step
Epoch 183/10000

Epoch 183: val_loss did not improve from 0.03290
3/3 - 0s - loss: 0.0360 - mse: 0.0360 - mae: 0.1483 - val_loss: 0.0359 - val_mse: 0.0359 - val_mae: 0.1359 - 391ms/epoch - 130ms/step
Epoch 184/10000

Epoch 184: val_loss did not improve from 0.03290
3/3 - 0s - loss: 0.0363 - mse: 0.0363 - mae: 0.1338 - val_loss: 0.0416 - val_mse: 0.0416 - val_mae: 0.1735 - 391ms/epoch - 130ms/step
Epoch 185/10000

Epoch 185: val_loss did not improve from 0.03290
3/3 - 0s - loss: 0.0436 - mse: 0.0436 - mae: 0.1740 - val_loss: 0.0425 - val_mse: 0.0425 - val_mae: 0.1477 - 391ms/epoch - 130ms/step
Epoch 186/10000

Epoch 186: val_loss did not improve from 0.03290
3/3 - 0s - loss: 0.0421 - mse: 0.0421 - mae: 0.1451 - val_loss: 0.0332 - val_mse: 0.0332 - val_mae: 0.1433 - 393ms/epoch - 131ms/step
Epoch 187/10000

Epoch 187: val_loss did not improve from 0.03290
3/3 - 0s - loss: 0.0353 - mse: 0.0353 - mae: 0.1456 - val_loss: 0.0333 - val_mse: 0.0333 - val_mae: 0.1343 - 396ms/epoch - 132ms/step
Epoch 188/10000

Epoch 188: val_loss did not improve from 0.03290
3/3 - 0s - loss: 0.0350 - mse: 0.0350 - mae: 0.1327 - val_loss: 0.0330 - val_mse: 0.0330 - val_mae: 0.1351 - 393ms/epoch - 131ms/step
Epoch 189/10000

Epoch 189: val_loss did not improve from 0.03290
3/3 - 0s - loss: 0.0339 - mse: 0.0339 - mae: 0.1353 - val_loss: 0.0333 - val_mse: 0.0333 - val_mae: 0.1343 - 391ms/epoch - 130ms/step
Epoch 190/10000

Epoch 190: val_loss improved from 0.03290 to 0.03273, saving model to ./results/NN_thk_regr/ResNet/recursion_11/ckpt_1
3/3 - 1s - loss: 0.0346 - mse: 0.0346 - mae: 0.1324 - val_loss: 0.0327 - val_mse: 0.0327 - val_mae: 0.1377 - 1s/epoch - 427ms/step
Epoch 191/10000

Epoch 191: val_loss did not improve from 0.03273
3/3 - 0s - loss: 0.0342 - mse: 0.0342 - mae: 0.1386 - val_loss: 0.0345 - val_mse: 0.0345 - val_mae: 0.1343 - 396ms/epoch - 132ms/step
Epoch 192/10000

Epoch 192: val_loss did not improve from 0.03273
3/3 - 0s - loss: 0.0359 - mse: 0.0359 - mae: 0.1329 - val_loss: 0.0332 - val_mse: 0.0332 - val_mae: 0.1432 - 399ms/epoch - 133ms/step
Epoch 193/10000

Epoch 193: val_loss did not improve from 0.03273
3/3 - 0s - loss: 0.0359 - mse: 0.0359 - mae: 0.1479 - val_loss: 0.0349 - val_mse: 0.0349 - val_mae: 0.1345 - 390ms/epoch - 130ms/step
Epoch 194/10000

Epoch 194: val_loss did not improve from 0.03273
3/3 - 0s - loss: 0.0366 - mse: 0.0366 - mae: 0.1338 - val_loss: 0.0333 - val_mse: 0.0333 - val_mae: 0.1340 - 389ms/epoch - 130ms/step
Epoch 195/10000

Epoch 195: val_loss did not improve from 0.03273
3/3 - 0s - loss: 0.0339 - mse: 0.0339 - mae: 0.1346 - val_loss: 0.0333 - val_mse: 0.0333 - val_mae: 0.1340 - 391ms/epoch - 130ms/step
Epoch 196/10000

Epoch 196: val_loss did not improve from 0.03273
3/3 - 0s - loss: 0.0346 - mse: 0.0346 - mae: 0.1320 - val_loss: 0.0344 - val_mse: 0.0344 - val_mae: 0.1500 - 389ms/epoch - 130ms/step
Epoch 197/10000

Epoch 197: val_loss did not improve from 0.03273
3/3 - 0s - loss: 0.0385 - mse: 0.0385 - mae: 0.1580 - val_loss: 0.0369 - val_mse: 0.0369 - val_mae: 0.1370 - 393ms/epoch - 131ms/step
Epoch 198/10000

Epoch 198: val_loss did not improve from 0.03273
3/3 - 0s - loss: 0.0395 - mse: 0.0395 - mae: 0.1390 - val_loss: 0.0334 - val_mse: 0.0334 - val_mae: 0.1452 - 397ms/epoch - 132ms/step
Epoch 199/10000

Epoch 199: val_loss did not improve from 0.03273
3/3 - 0s - loss: 0.0370 - mse: 0.0370 - mae: 0.1525 - val_loss: 0.0336 - val_mse: 0.0336 - val_mae: 0.1337 - 392ms/epoch - 131ms/step
Epoch 200/10000

Epoch 200: val_loss did not improve from 0.03273
3/3 - 0s - loss: 0.0352 - mse: 0.0352 - mae: 0.1320 - val_loss: 0.0350 - val_mse: 0.0350 - val_mae: 0.1528 - 390ms/epoch - 130ms/step
Epoch 201/10000

Epoch 201: val_loss did not improve from 0.03273
3/3 - 0s - loss: 0.0402 - mse: 0.0402 - mae: 0.1634 - val_loss: 0.0434 - val_mse: 0.0434 - val_mae: 0.1487 - 390ms/epoch - 130ms/step
Epoch 202/10000

Epoch 202: val_loss did not improve from 0.03273
3/3 - 0s - loss: 0.0486 - mse: 0.0486 - mae: 0.1589 - val_loss: 0.0338 - val_mse: 0.0338 - val_mae: 0.1340 - 393ms/epoch - 131ms/step
Epoch 203/10000

Epoch 203: val_loss did not improve from 0.03273
3/3 - 0s - loss: 0.0350 - mse: 0.0350 - mae: 0.1400 - val_loss: 0.0461 - val_mse: 0.0461 - val_mae: 0.1856 - 392ms/epoch - 131ms/step
Epoch 204/10000

Epoch 204: val_loss did not improve from 0.03273
3/3 - 0s - loss: 0.0431 - mse: 0.0431 - mae: 0.1712 - val_loss: 0.0421 - val_mse: 0.0421 - val_mae: 0.1459 - 398ms/epoch - 133ms/step
Epoch 205/10000

Epoch 205: val_loss did not improve from 0.03273
3/3 - 0s - loss: 0.0394 - mse: 0.0394 - mae: 0.1385 - val_loss: 0.0370 - val_mse: 0.0370 - val_mae: 0.1608 - 393ms/epoch - 131ms/step
Epoch 206/10000

Epoch 206: val_loss did not improve from 0.03273
3/3 - 0s - loss: 0.0385 - mse: 0.0385 - mae: 0.1596 - val_loss: 0.0371 - val_mse: 0.0371 - val_mae: 0.1372 - 397ms/epoch - 132ms/step
Epoch 207/10000

Epoch 207: val_loss did not improve from 0.03273
3/3 - 0s - loss: 0.0379 - mse: 0.0379 - mae: 0.1353 - val_loss: 0.0369 - val_mse: 0.0369 - val_mae: 0.1605 - 398ms/epoch - 133ms/step
Epoch 208/10000

Epoch 208: val_loss did not improve from 0.03273
3/3 - 0s - loss: 0.0410 - mse: 0.0410 - mae: 0.1673 - val_loss: 0.0351 - val_mse: 0.0351 - val_mae: 0.1348 - 390ms/epoch - 130ms/step
Epoch 209/10000

Epoch 209: val_loss did not improve from 0.03273
3/3 - 0s - loss: 0.0374 - mse: 0.0374 - mae: 0.1354 - val_loss: 0.0335 - val_mse: 0.0335 - val_mae: 0.1343 - 392ms/epoch - 131ms/step
Epoch 210/10000

Epoch 210: val_loss did not improve from 0.03273
3/3 - 0s - loss: 0.0340 - mse: 0.0340 - mae: 0.1362 - val_loss: 0.0362 - val_mse: 0.0362 - val_mae: 0.1578 - 395ms/epoch - 132ms/step
Epoch 211/10000

Epoch 211: val_loss did not improve from 0.03273
3/3 - 0s - loss: 0.0364 - mse: 0.0364 - mae: 0.1496 - val_loss: 0.0340 - val_mse: 0.0340 - val_mae: 0.1339 - 394ms/epoch - 131ms/step
Epoch 212/10000

Epoch 212: val_loss did not improve from 0.03273
3/3 - 0s - loss: 0.0341 - mse: 0.0341 - mae: 0.1321 - val_loss: 0.0329 - val_mse: 0.0329 - val_mae: 0.1416 - 398ms/epoch - 133ms/step
Epoch 213/10000

Epoch 213: val_loss did not improve from 0.03273
3/3 - 0s - loss: 0.0340 - mse: 0.0340 - mae: 0.1377 - val_loss: 0.0341 - val_mse: 0.0341 - val_mae: 0.1338 - 398ms/epoch - 133ms/step
Epoch 214/10000

Epoch 214: val_loss did not improve from 0.03273
3/3 - 0s - loss: 0.0344 - mse: 0.0344 - mae: 0.1317 - val_loss: 0.0327 - val_mse: 0.0327 - val_mae: 0.1402 - 393ms/epoch - 131ms/step
Epoch 215/10000

Epoch 215: val_loss did not improve from 0.03273
3/3 - 0s - loss: 0.0340 - mse: 0.0340 - mae: 0.1384 - val_loss: 0.0366 - val_mse: 0.0366 - val_mae: 0.1363 - 398ms/epoch - 133ms/step
Epoch 216/10000

Epoch 216: val_loss did not improve from 0.03273
3/3 - 0s - loss: 0.0369 - mse: 0.0369 - mae: 0.1338 - val_loss: 0.0338 - val_mse: 0.0338 - val_mae: 0.1480 - 399ms/epoch - 133ms/step
Epoch 217/10000

Epoch 217: val_loss did not improve from 0.03273
3/3 - 0s - loss: 0.0370 - mse: 0.0370 - mae: 0.1527 - val_loss: 0.0341 - val_mse: 0.0341 - val_mae: 0.1335 - 397ms/epoch - 132ms/step
Epoch 218/10000

Epoch 218: val_loss did not improve from 0.03273
3/3 - 0s - loss: 0.0358 - mse: 0.0358 - mae: 0.1324 - val_loss: 0.0348 - val_mse: 0.0348 - val_mae: 0.1524 - 390ms/epoch - 130ms/step
Epoch 219/10000

Epoch 219: val_loss did not improve from 0.03273
3/3 - 0s - loss: 0.0396 - mse: 0.0396 - mae: 0.1617 - val_loss: 0.0342 - val_mse: 0.0342 - val_mae: 0.1335 - 393ms/epoch - 131ms/step
Epoch 220/10000

Epoch 220: val_loss improved from 0.03273 to 0.03267, saving model to ./results/NN_thk_regr/ResNet/recursion_11/ckpt_1
3/3 - 1s - loss: 0.0365 - mse: 0.0365 - mae: 0.1338 - val_loss: 0.0327 - val_mse: 0.0327 - val_mae: 0.1406 - 1s/epoch - 431ms/step
Epoch 221/10000

Epoch 221: val_loss improved from 0.03267 to 0.03251, saving model to ./results/NN_thk_regr/ResNet/recursion_11/ckpt_1
3/3 - 1s - loss: 0.0367 - mse: 0.0367 - mae: 0.1505 - val_loss: 0.0325 - val_mse: 0.0325 - val_mae: 0.1360 - 1s/epoch - 409ms/step
Epoch 222/10000

Epoch 222: val_loss did not improve from 0.03251
3/3 - 0s - loss: 0.0341 - mse: 0.0341 - mae: 0.1320 - val_loss: 0.0330 - val_mse: 0.0330 - val_mae: 0.1338 - 396ms/epoch - 132ms/step
Epoch 223/10000

Epoch 223: val_loss did not improve from 0.03251
3/3 - 0s - loss: 0.0341 - mse: 0.0341 - mae: 0.1368 - val_loss: 0.0325 - val_mse: 0.0325 - val_mae: 0.1362 - 395ms/epoch - 132ms/step
Epoch 224/10000

Epoch 224: val_loss improved from 0.03251 to 0.03247, saving model to ./results/NN_thk_regr/ResNet/recursion_11/ckpt_1
3/3 - 1s - loss: 0.0341 - mse: 0.0341 - mae: 0.1323 - val_loss: 0.0325 - val_mse: 0.0325 - val_mae: 0.1373 - 1s/epoch - 427ms/step
Epoch 225/10000

Epoch 225: val_loss did not improve from 0.03247
3/3 - 0s - loss: 0.0347 - mse: 0.0347 - mae: 0.1423 - val_loss: 0.0325 - val_mse: 0.0325 - val_mae: 0.1356 - 395ms/epoch - 132ms/step
Epoch 226/10000

Epoch 226: val_loss did not improve from 0.03247
3/3 - 0s - loss: 0.0341 - mse: 0.0341 - mae: 0.1323 - val_loss: 0.0326 - val_mse: 0.0326 - val_mae: 0.1346 - 397ms/epoch - 132ms/step
Epoch 227/10000

Epoch 227: val_loss improved from 0.03247 to 0.03246, saving model to ./results/NN_thk_regr/ResNet/recursion_11/ckpt_1
3/3 - 1s - loss: 0.0343 - mse: 0.0343 - mae: 0.1380 - val_loss: 0.0325 - val_mse: 0.0325 - val_mae: 0.1380 - 1s/epoch - 406ms/step
Epoch 228/10000

Epoch 228: val_loss improved from 0.03246 to 0.03245, saving model to ./results/NN_thk_regr/ResNet/recursion_11/ckpt_1
3/3 - 1s - loss: 0.0338 - mse: 0.0338 - mae: 0.1337 - val_loss: 0.0325 - val_mse: 0.0325 - val_mae: 0.1382 - 1s/epoch - 424ms/step
Epoch 229/10000

Epoch 229: val_loss did not improve from 0.03245
3/3 - 0s - loss: 0.0343 - mse: 0.0343 - mae: 0.1407 - val_loss: 0.0351 - val_mse: 0.0351 - val_mae: 0.1340 - 391ms/epoch - 130ms/step
Epoch 230/10000

Epoch 230: val_loss did not improve from 0.03245
3/3 - 0s - loss: 0.0370 - mse: 0.0370 - mae: 0.1341 - val_loss: 0.0332 - val_mse: 0.0332 - val_mae: 0.1447 - 396ms/epoch - 132ms/step
Epoch 231/10000

Epoch 231: val_loss did not improve from 0.03245
3/3 - 0s - loss: 0.0371 - mse: 0.0371 - mae: 0.1531 - val_loss: 0.0325 - val_mse: 0.0325 - val_mae: 0.1345 - 395ms/epoch - 132ms/step
Epoch 232/10000

Epoch 232: val_loss did not improve from 0.03245
3/3 - 0s - loss: 0.0347 - mse: 0.0347 - mae: 0.1326 - val_loss: 0.0330 - val_mse: 0.0330 - val_mae: 0.1331 - 393ms/epoch - 131ms/step
Epoch 233/10000

Epoch 233: val_loss did not improve from 0.03245
3/3 - 0s - loss: 0.0336 - mse: 0.0336 - mae: 0.1337 - val_loss: 0.0330 - val_mse: 0.0330 - val_mae: 0.1435 - 393ms/epoch - 131ms/step
Epoch 234/10000

Epoch 234: val_loss did not improve from 0.03245
3/3 - 0s - loss: 0.0340 - mse: 0.0340 - mae: 0.1381 - val_loss: 0.0338 - val_mse: 0.0338 - val_mae: 0.1328 - 394ms/epoch - 131ms/step
Epoch 235/10000

Epoch 235: val_loss did not improve from 0.03245
3/3 - 0s - loss: 0.0340 - mse: 0.0340 - mae: 0.1321 - val_loss: 0.0352 - val_mse: 0.0352 - val_mae: 0.1539 - 395ms/epoch - 132ms/step
Epoch 236/10000

Epoch 236: val_loss did not improve from 0.03245
3/3 - 0s - loss: 0.0364 - mse: 0.0364 - mae: 0.1506 - val_loss: 0.0355 - val_mse: 0.0355 - val_mae: 0.1344 - 398ms/epoch - 133ms/step
Epoch 237/10000

Epoch 237: val_loss did not improve from 0.03245
3/3 - 0s - loss: 0.0354 - mse: 0.0354 - mae: 0.1314 - val_loss: 0.0342 - val_mse: 0.0342 - val_mae: 0.1499 - 391ms/epoch - 130ms/step
Epoch 238/10000

Epoch 238: val_loss did not improve from 0.03245
3/3 - 0s - loss: 0.0357 - mse: 0.0357 - mae: 0.1480 - val_loss: 0.0336 - val_mse: 0.0336 - val_mae: 0.1326 - 389ms/epoch - 130ms/step
Epoch 239/10000

Epoch 239: val_loss did not improve from 0.03245
3/3 - 0s - loss: 0.0342 - mse: 0.0342 - mae: 0.1305 - val_loss: 0.0337 - val_mse: 0.0337 - val_mae: 0.1475 - 392ms/epoch - 131ms/step
Epoch 240/10000

Epoch 240: val_loss did not improve from 0.03245
3/3 - 0s - loss: 0.0359 - mse: 0.0359 - mae: 0.1487 - val_loss: 0.0355 - val_mse: 0.0355 - val_mae: 0.1342 - 392ms/epoch - 131ms/step
Epoch 241/10000

Epoch 241: val_loss did not improve from 0.03245
3/3 - 0s - loss: 0.0361 - mse: 0.0361 - mae: 0.1322 - val_loss: 0.0325 - val_mse: 0.0325 - val_mae: 0.1407 - 396ms/epoch - 132ms/step
Epoch 242/10000

Epoch 242: val_loss did not improve from 0.03245
3/3 - 0s - loss: 0.0344 - mse: 0.0344 - mae: 0.1421 - val_loss: 0.0326 - val_mse: 0.0326 - val_mae: 0.1328 - 391ms/epoch - 130ms/step
Epoch 243/10000

Epoch 243: val_loss did not improve from 0.03245
3/3 - 0s - loss: 0.0340 - mse: 0.0340 - mae: 0.1311 - val_loss: 0.0326 - val_mse: 0.0326 - val_mae: 0.1327 - 393ms/epoch - 131ms/step
Epoch 244/10000

Epoch 244: val_loss improved from 0.03245 to 0.03229, saving model to ./results/NN_thk_regr/ResNet/recursion_11/ckpt_1
3/3 - 1s - loss: 0.0334 - mse: 0.0334 - mae: 0.1321 - val_loss: 0.0323 - val_mse: 0.0323 - val_mae: 0.1391 - 1s/epoch - 427ms/step
Epoch 245/10000

Epoch 245: val_loss did not improve from 0.03229
3/3 - 0s - loss: 0.0336 - mse: 0.0336 - mae: 0.1363 - val_loss: 0.0344 - val_mse: 0.0344 - val_mae: 0.1329 - 395ms/epoch - 132ms/step
Epoch 246/10000

Epoch 246: val_loss did not improve from 0.03229
3/3 - 0s - loss: 0.0345 - mse: 0.0345 - mae: 0.1309 - val_loss: 0.0345 - val_mse: 0.0345 - val_mae: 0.1512 - 391ms/epoch - 130ms/step
Epoch 247/10000

Epoch 247: val_loss did not improve from 0.03229
3/3 - 0s - loss: 0.0363 - mse: 0.0363 - mae: 0.1502 - val_loss: 0.0325 - val_mse: 0.0325 - val_mae: 0.1326 - 392ms/epoch - 131ms/step
Epoch 248/10000

Epoch 248: val_loss improved from 0.03229 to 0.03207, saving model to ./results/NN_thk_regr/ResNet/recursion_11/ckpt_1
3/3 - 1s - loss: 0.0334 - mse: 0.0334 - mae: 0.1315 - val_loss: 0.0321 - val_mse: 0.0321 - val_mae: 0.1368 - 1s/epoch - 431ms/step
Epoch 249/10000

Epoch 249: val_loss improved from 0.03207 to 0.03201, saving model to ./results/NN_thk_regr/ResNet/recursion_11/ckpt_1
3/3 - 1s - loss: 0.0334 - mse: 0.0334 - mae: 0.1350 - val_loss: 0.0320 - val_mse: 0.0320 - val_mae: 0.1351 - 1s/epoch - 405ms/step
Epoch 250/10000

Epoch 250: val_loss did not improve from 0.03201
3/3 - 0s - loss: 0.0334 - mse: 0.0334 - mae: 0.1346 - val_loss: 0.0356 - val_mse: 0.0356 - val_mae: 0.1342 - 397ms/epoch - 132ms/step
Epoch 251/10000

Epoch 251: val_loss did not improve from 0.03201
3/3 - 0s - loss: 0.0361 - mse: 0.0361 - mae: 0.1328 - val_loss: 0.0344 - val_mse: 0.0344 - val_mae: 0.1507 - 396ms/epoch - 132ms/step
Epoch 252/10000

Epoch 252: val_loss did not improve from 0.03201
3/3 - 0s - loss: 0.0366 - mse: 0.0366 - mae: 0.1512 - val_loss: 0.0334 - val_mse: 0.0334 - val_mae: 0.1319 - 392ms/epoch - 131ms/step
Epoch 253/10000

Epoch 253: val_loss did not improve from 0.03201
3/3 - 0s - loss: 0.0340 - mse: 0.0340 - mae: 0.1302 - val_loss: 0.0343 - val_mse: 0.0343 - val_mae: 0.1504 - 399ms/epoch - 133ms/step
Epoch 254/10000

Epoch 254: val_loss did not improve from 0.03201
3/3 - 0s - loss: 0.0365 - mse: 0.0365 - mae: 0.1511 - val_loss: 0.0366 - val_mse: 0.0366 - val_mae: 0.1355 - 392ms/epoch - 131ms/step
Epoch 255/10000

Epoch 255: val_loss did not improve from 0.03201
3/3 - 0s - loss: 0.0366 - mse: 0.0366 - mae: 0.1333 - val_loss: 0.0367 - val_mse: 0.0367 - val_mae: 0.1592 - 397ms/epoch - 132ms/step
Epoch 256/10000

Epoch 256: val_loss did not improve from 0.03201
3/3 - 0s - loss: 0.0383 - mse: 0.0383 - mae: 0.1574 - val_loss: 0.0373 - val_mse: 0.0373 - val_mae: 0.1366 - 391ms/epoch - 130ms/step
Epoch 257/10000

Epoch 257: val_loss did not improve from 0.03201
3/3 - 0s - loss: 0.0369 - mse: 0.0369 - mae: 0.1336 - val_loss: 0.0322 - val_mse: 0.0322 - val_mae: 0.1391 - 390ms/epoch - 130ms/step
Epoch 258/10000

Epoch 258: val_loss improved from 0.03201 to 0.03198, saving model to ./results/NN_thk_regr/ResNet/recursion_11/ckpt_1
3/3 - 1s - loss: 0.0337 - mse: 0.0337 - mae: 0.1375 - val_loss: 0.0320 - val_mse: 0.0320 - val_mae: 0.1363 - 1s/epoch - 425ms/step
Epoch 259/10000

Epoch 259: val_loss did not improve from 0.03198
3/3 - 0s - loss: 0.0335 - mse: 0.0335 - mae: 0.1363 - val_loss: 0.0339 - val_mse: 0.0339 - val_mae: 0.1320 - 395ms/epoch - 132ms/step
Epoch 260/10000

Epoch 260: val_loss did not improve from 0.03198
3/3 - 0s - loss: 0.0345 - mse: 0.0345 - mae: 0.1300 - val_loss: 0.0340 - val_mse: 0.0340 - val_mae: 0.1493 - 388ms/epoch - 129ms/step
Epoch 261/10000

Epoch 261: val_loss improved from 0.03198 to 0.03196, saving model to ./results/NN_thk_regr/ResNet/recursion_11/ckpt_1
3/3 - 1s - loss: 0.0361 - mse: 0.0361 - mae: 0.1498 - val_loss: 0.0320 - val_mse: 0.0320 - val_mae: 0.1339 - 1s/epoch - 429ms/step
Epoch 262/10000

Epoch 262: val_loss did not improve from 0.03196
3/3 - 0s - loss: 0.0332 - mse: 0.0332 - mae: 0.1323 - val_loss: 0.0329 - val_mse: 0.0329 - val_mae: 0.1316 - 391ms/epoch - 130ms/step
Epoch 263/10000

Epoch 263: val_loss did not improve from 0.03196
3/3 - 0s - loss: 0.0336 - mse: 0.0336 - mae: 0.1303 - val_loss: 0.0325 - val_mse: 0.0325 - val_mae: 0.1412 - 391ms/epoch - 130ms/step
Epoch 264/10000

Epoch 264: val_loss did not improve from 0.03196
3/3 - 0s - loss: 0.0341 - mse: 0.0341 - mae: 0.1404 - val_loss: 0.0355 - val_mse: 0.0355 - val_mae: 0.1339 - 399ms/epoch - 133ms/step
Epoch 265/10000

Epoch 265: val_loss did not improve from 0.03196
3/3 - 0s - loss: 0.0354 - mse: 0.0354 - mae: 0.1316 - val_loss: 0.0383 - val_mse: 0.0383 - val_mae: 0.1642 - 391ms/epoch - 130ms/step
Epoch 266/10000

Epoch 266: val_loss did not improve from 0.03196
3/3 - 0s - loss: 0.0399 - mse: 0.0399 - mae: 0.1630 - val_loss: 0.0399 - val_mse: 0.0399 - val_mae: 0.1415 - 389ms/epoch - 130ms/step
Epoch 267/10000

Epoch 267: val_loss did not improve from 0.03196
3/3 - 0s - loss: 0.0387 - mse: 0.0387 - mae: 0.1371 - val_loss: 0.0323 - val_mse: 0.0323 - val_mae: 0.1400 - 395ms/epoch - 132ms/step
Epoch 268/10000

Epoch 268: val_loss did not improve from 0.03196
3/3 - 0s - loss: 0.0340 - mse: 0.0340 - mae: 0.1400 - val_loss: 0.0378 - val_mse: 0.0378 - val_mae: 0.1376 - 394ms/epoch - 131ms/step
Epoch 269/10000

Epoch 269: val_loss did not improve from 0.03196
3/3 - 0s - loss: 0.0381 - mse: 0.0381 - mae: 0.1357 - val_loss: 0.0514 - val_mse: 0.0514 - val_mae: 0.1966 - 393ms/epoch - 131ms/step
Epoch 270/10000

Epoch 270: val_loss did not improve from 0.03196
3/3 - 0s - loss: 0.0524 - mse: 0.0524 - mae: 0.1956 - val_loss: 0.0601 - val_mse: 0.0601 - val_mae: 0.1843 - 394ms/epoch - 131ms/step
Epoch 271/10000

Epoch 271: val_loss did not improve from 0.03196
3/3 - 0s - loss: 0.0599 - mse: 0.0599 - mae: 0.1831 - val_loss: 0.0360 - val_mse: 0.0360 - val_mae: 0.1580 - 397ms/epoch - 132ms/step
Epoch 272/10000

Epoch 272: val_loss did not improve from 0.03196
3/3 - 0s - loss: 0.0414 - mse: 0.0414 - mae: 0.1687 - val_loss: 0.0346 - val_mse: 0.0346 - val_mae: 0.1335 - 396ms/epoch - 132ms/step
Epoch 273/10000

Epoch 273: val_loss did not improve from 0.03196
3/3 - 0s - loss: 0.0380 - mse: 0.0380 - mae: 0.1360 - val_loss: 0.0334 - val_mse: 0.0334 - val_mae: 0.1331 - 391ms/epoch - 130ms/step
Epoch 274/10000

Epoch 274: val_loss did not improve from 0.03196
3/3 - 0s - loss: 0.0339 - mse: 0.0339 - mae: 0.1363 - val_loss: 0.0328 - val_mse: 0.0328 - val_mae: 0.1401 - 388ms/epoch - 129ms/step
Epoch 275/10000

Epoch 275: val_loss did not improve from 0.03196
3/3 - 0s - loss: 0.0340 - mse: 0.0340 - mae: 0.1350 - val_loss: 0.0370 - val_mse: 0.0370 - val_mae: 0.1361 - 392ms/epoch - 131ms/step
Epoch 276/10000

Epoch 276: val_loss did not improve from 0.03196
3/3 - 0s - loss: 0.0350 - mse: 0.0350 - mae: 0.1318 - val_loss: 0.0326 - val_mse: 0.0326 - val_mae: 0.1368 - 394ms/epoch - 131ms/step
Epoch 277/10000

Epoch 277: val_loss did not improve from 0.03196
3/3 - 0s - loss: 0.0340 - mse: 0.0340 - mae: 0.1322 - val_loss: 0.0325 - val_mse: 0.0325 - val_mae: 0.1353 - 397ms/epoch - 132ms/step
Epoch 278/10000

Epoch 278: val_loss did not improve from 0.03196
3/3 - 0s - loss: 0.0337 - mse: 0.0337 - mae: 0.1374 - val_loss: 0.0417 - val_mse: 0.0417 - val_mae: 0.1450 - 390ms/epoch - 130ms/step
Epoch 279/10000

Epoch 279: val_loss did not improve from 0.03196
3/3 - 0s - loss: 0.0410 - mse: 0.0410 - mae: 0.1421 - val_loss: 0.0473 - val_mse: 0.0473 - val_mae: 0.1874 - 396ms/epoch - 132ms/step
Epoch 280/10000

Epoch 280: val_loss did not improve from 0.03196
3/3 - 0s - loss: 0.0443 - mse: 0.0443 - mae: 0.1733 - val_loss: 0.0430 - val_mse: 0.0430 - val_mae: 0.1475 - 392ms/epoch - 131ms/step
Epoch 281/10000

Epoch 281: val_loss did not improve from 0.03196
3/3 - 0s - loss: 0.0387 - mse: 0.0387 - mae: 0.1371 - val_loss: 0.0419 - val_mse: 0.0419 - val_mae: 0.1751 - 393ms/epoch - 131ms/step
Epoch 282/10000

Epoch 282: val_loss did not improve from 0.03196
3/3 - 0s - loss: 0.0402 - mse: 0.0402 - mae: 0.1612 - val_loss: 0.0361 - val_mse: 0.0361 - val_mae: 0.1344 - 391ms/epoch - 130ms/step
Epoch 283/10000

Epoch 283: val_loss did not improve from 0.03196
3/3 - 0s - loss: 0.0351 - mse: 0.0351 - mae: 0.1338 - val_loss: 0.0324 - val_mse: 0.0324 - val_mae: 0.1397 - 394ms/epoch - 131ms/step
Epoch 284/10000

Epoch 284: val_loss did not improve from 0.03196
3/3 - 0s - loss: 0.0337 - mse: 0.0337 - mae: 0.1344 - val_loss: 0.0327 - val_mse: 0.0327 - val_mae: 0.1330 - 389ms/epoch - 130ms/step
Epoch 285/10000

Epoch 285: val_loss did not improve from 0.03196
3/3 - 0s - loss: 0.0340 - mse: 0.0340 - mae: 0.1363 - val_loss: 0.0323 - val_mse: 0.0323 - val_mae: 0.1343 - 396ms/epoch - 132ms/step
Epoch 286/10000

Epoch 286: val_loss did not improve from 0.03196
3/3 - 0s - loss: 0.0340 - mse: 0.0340 - mae: 0.1314 - val_loss: 0.0321 - val_mse: 0.0321 - val_mae: 0.1373 - 391ms/epoch - 130ms/step
Epoch 287/10000

Epoch 287: val_loss did not improve from 0.03196
3/3 - 0s - loss: 0.0343 - mse: 0.0343 - mae: 0.1411 - val_loss: 0.0326 - val_mse: 0.0326 - val_mae: 0.1327 - 390ms/epoch - 130ms/step
Epoch 288/10000

Epoch 288: val_loss did not improve from 0.03196
3/3 - 0s - loss: 0.0340 - mse: 0.0340 - mae: 0.1307 - val_loss: 0.0321 - val_mse: 0.0321 - val_mae: 0.1367 - 394ms/epoch - 131ms/step
Epoch 289/10000

Epoch 289: val_loss did not improve from 0.03196
3/3 - 0s - loss: 0.0342 - mse: 0.0342 - mae: 0.1399 - val_loss: 0.0352 - val_mse: 0.0352 - val_mae: 0.1337 - 396ms/epoch - 132ms/step
Epoch 290/10000

Epoch 290: val_loss did not improve from 0.03196
3/3 - 0s - loss: 0.0365 - mse: 0.0365 - mae: 0.1330 - val_loss: 0.0326 - val_mse: 0.0326 - val_mae: 0.1414 - 396ms/epoch - 132ms/step
Epoch 291/10000

Epoch 291: val_loss did not improve from 0.03196
3/3 - 0s - loss: 0.0348 - mse: 0.0348 - mae: 0.1444 - val_loss: 0.0363 - val_mse: 0.0363 - val_mae: 0.1348 - 394ms/epoch - 131ms/step
Epoch 292/10000

Epoch 292: val_loss did not improve from 0.03196
3/3 - 0s - loss: 0.0383 - mse: 0.0383 - mae: 0.1355 - val_loss: 0.0327 - val_mse: 0.0327 - val_mae: 0.1422 - 395ms/epoch - 132ms/step
Epoch 293/10000

Epoch 293: val_loss did not improve from 0.03196
3/3 - 0s - loss: 0.0354 - mse: 0.0354 - mae: 0.1471 - val_loss: 0.0349 - val_mse: 0.0349 - val_mae: 0.1331 - 394ms/epoch - 131ms/step
Epoch 294/10000

Epoch 294: val_loss did not improve from 0.03196
3/3 - 0s - loss: 0.0365 - mse: 0.0365 - mae: 0.1318 - val_loss: 0.0372 - val_mse: 0.0372 - val_mae: 0.1622 - 398ms/epoch - 133ms/step
Epoch 295/10000

Epoch 295: val_loss did not improve from 0.03196
3/3 - 0s - loss: 0.0410 - mse: 0.0410 - mae: 0.1679 - val_loss: 0.0364 - val_mse: 0.0364 - val_mae: 0.1348 - 399ms/epoch - 133ms/step
Epoch 296/10000

Epoch 296: val_loss did not improve from 0.03196
3/3 - 0s - loss: 0.0387 - mse: 0.0387 - mae: 0.1360 - val_loss: 0.0324 - val_mse: 0.0324 - val_mae: 0.1357 - 391ms/epoch - 130ms/step
Epoch 297/10000

Epoch 297: val_loss did not improve from 0.03196
3/3 - 0s - loss: 0.0341 - mse: 0.0341 - mae: 0.1399 - val_loss: 0.0366 - val_mse: 0.0366 - val_mae: 0.1350 - 391ms/epoch - 130ms/step
Epoch 298/10000

Epoch 298: val_loss did not improve from 0.03196
3/3 - 0s - loss: 0.0388 - mse: 0.0388 - mae: 0.1361 - val_loss: 0.0331 - val_mse: 0.0331 - val_mae: 0.1329 - 391ms/epoch - 130ms/step
Epoch 299/10000

Epoch 299: val_loss did not improve from 0.03196
3/3 - 0s - loss: 0.0339 - mse: 0.0339 - mae: 0.1363 - val_loss: 0.0325 - val_mse: 0.0325 - val_mae: 0.1408 - 393ms/epoch - 131ms/step
Epoch 300/10000

Epoch 300: val_loss did not improve from 0.03196
3/3 - 0s - loss: 0.0338 - mse: 0.0338 - mae: 0.1350 - val_loss: 0.0353 - val_mse: 0.0353 - val_mae: 0.1333 - 397ms/epoch - 132ms/step
Epoch 301/10000

Epoch 301: val_loss did not improve from 0.03196
3/3 - 0s - loss: 0.0346 - mse: 0.0346 - mae: 0.1309 - val_loss: 0.0340 - val_mse: 0.0340 - val_mae: 0.1499 - 395ms/epoch - 132ms/step
Epoch 302/10000

Epoch 302: val_loss did not improve from 0.03196
3/3 - 0s - loss: 0.0348 - mse: 0.0348 - mae: 0.1449 - val_loss: 0.0382 - val_mse: 0.0382 - val_mae: 0.1379 - 394ms/epoch - 131ms/step
Epoch 303/10000

Epoch 303: val_loss did not improve from 0.03196
3/3 - 0s - loss: 0.0377 - mse: 0.0377 - mae: 0.1342 - val_loss: 0.0335 - val_mse: 0.0335 - val_mae: 0.1475 - 397ms/epoch - 132ms/step
Epoch 304/10000

Epoch 304: val_loss did not improve from 0.03196
3/3 - 0s - loss: 0.0354 - mse: 0.0354 - mae: 0.1478 - val_loss: 0.0372 - val_mse: 0.0372 - val_mae: 0.1359 - 392ms/epoch - 131ms/step
Epoch 305/10000

Epoch 305: val_loss did not improve from 0.03196
3/3 - 0s - loss: 0.0377 - mse: 0.0377 - mae: 0.1341 - val_loss: 0.0331 - val_mse: 0.0331 - val_mae: 0.1451 - 393ms/epoch - 131ms/step
Epoch 306/10000

Epoch 306: val_loss did not improve from 0.03196
3/3 - 0s - loss: 0.0362 - mse: 0.0362 - mae: 0.1504 - val_loss: 0.0322 - val_mse: 0.0322 - val_mae: 0.1373 - 397ms/epoch - 132ms/step
Epoch 307/10000

Epoch 307: val_loss did not improve from 0.03196
3/3 - 0s - loss: 0.0335 - mse: 0.0335 - mae: 0.1332 - val_loss: 0.0332 - val_mse: 0.0332 - val_mae: 0.1463 - 397ms/epoch - 132ms/step
Epoch 308/10000

Epoch 308: val_loss did not improve from 0.03196
3/3 - 0s - loss: 0.0359 - mse: 0.0359 - mae: 0.1502 - val_loss: 0.0339 - val_mse: 0.0339 - val_mae: 0.1321 - 390ms/epoch - 130ms/step
Epoch 309/10000

Epoch 309: val_loss did not improve from 0.03196
3/3 - 0s - loss: 0.0351 - mse: 0.0351 - mae: 0.1302 - val_loss: 0.0322 - val_mse: 0.0322 - val_mae: 0.1391 - 391ms/epoch - 130ms/step
Epoch 310/10000

Epoch 310: val_loss did not improve from 0.03196
3/3 - 0s - loss: 0.0344 - mse: 0.0344 - mae: 0.1430 - val_loss: 0.0321 - val_mse: 0.0321 - val_mae: 0.1377 - 398ms/epoch - 133ms/step
Epoch 311/10000

Epoch 311: val_loss did not improve from 0.03196
3/3 - 0s - loss: 0.0335 - mse: 0.0335 - mae: 0.1341 - val_loss: 0.0330 - val_mse: 0.0330 - val_mae: 0.1319 - 390ms/epoch - 130ms/step
Epoch 311: early stopping
