Model: "sequential_3"
_________________________________________________________________
Layer (type)                 Output Shape              Param #   
=================================================================
zero_padding3d_1 (ZeroPaddin (None, 8, 8, 8, 1)        0         
_________________________________________________________________
conv3d_6 (Conv3D)            (None, 8, 8, 8, 8)        224       
_________________________________________________________________
max_pooling3d_2 (MaxPooling3 (None, 4, 4, 4, 8)        0         
_________________________________________________________________
conv3d_7 (Conv3D)            (None, 4, 4, 4, 4)        868       
_________________________________________________________________
max_pooling3d_3 (MaxPooling3 (None, 2, 2, 2, 4)        0         
_________________________________________________________________
conv3d_8 (Conv3D)            (None, 2, 2, 2, 4)        436       
_________________________________________________________________
up_sampling3d_2 (UpSampling3 (None, 4, 4, 4, 4)        0         
_________________________________________________________________
conv3d_9 (Conv3D)            (None, 4, 4, 4, 4)        436       
_________________________________________________________________
up_sampling3d_3 (UpSampling3 (None, 8, 8, 8, 4)        0         
_________________________________________________________________
conv3d_10 (Conv3D)           (None, 8, 8, 8, 8)        872       
_________________________________________________________________
conv3d_11 (Conv3D)           (None, 8, 8, 8, 1)        217       
_________________________________________________________________
cropping3d_1 (Cropping3D)    (None, 7, 7, 6, 1)        0         
=================================================================
Total params: 3,053
Trainable params: 3,053
Non-trainable params: 0
_________________________________________________________________
Epoch 1/10000
14/14 - 7s - loss: 0.0218 - val_loss: 0.1234

Epoch 00001: val_loss improved from inf to 0.12337, saving model to ./CAE_models/thk_SOBEL/ckpt
Epoch 2/10000
14/14 - 7s - loss: 0.0201 - val_loss: 0.1236

Epoch 00002: val_loss did not improve from 0.12337
Epoch 3/10000
14/14 - 7s - loss: 0.0176 - val_loss: 0.1413

Epoch 00003: val_loss did not improve from 0.12337
Epoch 4/10000
14/14 - 7s - loss: 0.0117 - val_loss: 0.1385

Epoch 00004: val_loss did not improve from 0.12337
Epoch 5/10000
14/14 - 7s - loss: 0.0083 - val_loss: 0.1182

Epoch 00005: val_loss improved from 0.12337 to 0.11823, saving model to ./CAE_models/thk_SOBEL/ckpt
Epoch 6/10000
14/14 - 7s - loss: 0.0068 - val_loss: 0.1107

Epoch 00006: val_loss improved from 0.11823 to 0.11069, saving model to ./CAE_models/thk_SOBEL/ckpt
Epoch 7/10000
14/14 - 7s - loss: 0.0051 - val_loss: 0.0972

Epoch 00007: val_loss improved from 0.11069 to 0.09722, saving model to ./CAE_models/thk_SOBEL/ckpt
Epoch 8/10000
14/14 - 7s - loss: 0.0039 - val_loss: 0.0826

Epoch 00008: val_loss improved from 0.09722 to 0.08260, saving model to ./CAE_models/thk_SOBEL/ckpt
Epoch 9/10000
14/14 - 7s - loss: 0.0032 - val_loss: 0.0649

Epoch 00009: val_loss improved from 0.08260 to 0.06493, saving model to ./CAE_models/thk_SOBEL/ckpt
Epoch 10/10000
14/14 - 7s - loss: 0.0028 - val_loss: 0.0556

Epoch 00010: val_loss improved from 0.06493 to 0.05558, saving model to ./CAE_models/thk_SOBEL/ckpt
Epoch 11/10000
14/14 - 7s - loss: 0.0025 - val_loss: 0.0495

Epoch 00011: val_loss improved from 0.05558 to 0.04947, saving model to ./CAE_models/thk_SOBEL/ckpt
Epoch 12/10000
14/14 - 7s - loss: 0.0023 - val_loss: 0.0443

Epoch 00012: val_loss improved from 0.04947 to 0.04427, saving model to ./CAE_models/thk_SOBEL/ckpt
Epoch 13/10000
14/14 - 7s - loss: 0.0022 - val_loss: 0.0407

Epoch 00013: val_loss improved from 0.04427 to 0.04072, saving model to ./CAE_models/thk_SOBEL/ckpt
Epoch 14/10000
14/14 - 7s - loss: 0.0021 - val_loss: 0.0356

Epoch 00014: val_loss improved from 0.04072 to 0.03559, saving model to ./CAE_models/thk_SOBEL/ckpt
Epoch 15/10000
14/14 - 7s - loss: 0.0020 - val_loss: 0.0324

Epoch 00015: val_loss improved from 0.03559 to 0.03235, saving model to ./CAE_models/thk_SOBEL/ckpt
Epoch 16/10000
14/14 - 7s - loss: 0.0019 - val_loss: 0.0299

Epoch 00016: val_loss improved from 0.03235 to 0.02988, saving model to ./CAE_models/thk_SOBEL/ckpt
Epoch 17/10000
14/14 - 7s - loss: 0.0018 - val_loss: 0.0283

Epoch 00017: val_loss improved from 0.02988 to 0.02832, saving model to ./CAE_models/thk_SOBEL/ckpt
Epoch 18/10000
14/14 - 7s - loss: 0.0017 - val_loss: 0.0273

Epoch 00018: val_loss improved from 0.02832 to 0.02730, saving model to ./CAE_models/thk_SOBEL/ckpt
Epoch 19/10000
14/14 - 7s - loss: 0.0017 - val_loss: 0.0264

Epoch 00019: val_loss improved from 0.02730 to 0.02643, saving model to ./CAE_models/thk_SOBEL/ckpt
Epoch 20/10000
14/14 - 7s - loss: 0.0016 - val_loss: 0.0257

Epoch 00020: val_loss improved from 0.02643 to 0.02569, saving model to ./CAE_models/thk_SOBEL/ckpt
Epoch 21/10000
14/14 - 7s - loss: 0.0016 - val_loss: 0.0249

Epoch 00021: val_loss improved from 0.02569 to 0.02487, saving model to ./CAE_models/thk_SOBEL/ckpt
Epoch 22/10000
14/14 - 7s - loss: 0.0016 - val_loss: 0.0247

Epoch 00022: val_loss improved from 0.02487 to 0.02466, saving model to ./CAE_models/thk_SOBEL/ckpt
Epoch 23/10000
14/14 - 7s - loss: 0.0016 - val_loss: 0.0242

Epoch 00023: val_loss improved from 0.02466 to 0.02423, saving model to ./CAE_models/thk_SOBEL/ckpt
Epoch 24/10000
14/14 - 7s - loss: 0.0015 - val_loss: 0.0233

Epoch 00024: val_loss improved from 0.02423 to 0.02325, saving model to ./CAE_models/thk_SOBEL/ckpt
Epoch 25/10000
14/14 - 7s - loss: 0.0015 - val_loss: 0.0227

Epoch 00025: val_loss improved from 0.02325 to 0.02273, saving model to ./CAE_models/thk_SOBEL/ckpt
Epoch 26/10000
14/14 - 7s - loss: 0.0015 - val_loss: 0.0223

Epoch 00026: val_loss improved from 0.02273 to 0.02232, saving model to ./CAE_models/thk_SOBEL/ckpt
Epoch 27/10000
14/14 - 7s - loss: 0.0014 - val_loss: 0.0219

Epoch 00027: val_loss improved from 0.02232 to 0.02187, saving model to ./CAE_models/thk_SOBEL/ckpt
Epoch 28/10000
14/14 - 7s - loss: 0.0014 - val_loss: 0.0215

Epoch 00028: val_loss improved from 0.02187 to 0.02149, saving model to ./CAE_models/thk_SOBEL/ckpt
Epoch 29/10000
14/14 - 7s - loss: 0.0014 - val_loss: 0.0212

Epoch 00029: val_loss improved from 0.02149 to 0.02124, saving model to ./CAE_models/thk_SOBEL/ckpt
Epoch 30/10000
14/14 - 7s - loss: 0.0014 - val_loss: 0.0209

Epoch 00030: val_loss improved from 0.02124 to 0.02092, saving model to ./CAE_models/thk_SOBEL/ckpt
Epoch 31/10000
14/14 - 7s - loss: 0.0014 - val_loss: 0.0204

Epoch 00031: val_loss improved from 0.02092 to 0.02045, saving model to ./CAE_models/thk_SOBEL/ckpt
Epoch 32/10000
14/14 - 7s - loss: 0.0013 - val_loss: 0.0202

Epoch 00032: val_loss improved from 0.02045 to 0.02015, saving model to ./CAE_models/thk_SOBEL/ckpt
Epoch 33/10000
14/14 - 7s - loss: 0.0013 - val_loss: 0.0198

Epoch 00033: val_loss improved from 0.02015 to 0.01980, saving model to ./CAE_models/thk_SOBEL/ckpt
Epoch 34/10000
14/14 - 7s - loss: 0.0013 - val_loss: 0.0194

Epoch 00034: val_loss improved from 0.01980 to 0.01937, saving model to ./CAE_models/thk_SOBEL/ckpt
Epoch 35/10000
14/14 - 7s - loss: 0.0013 - val_loss: 0.0192

Epoch 00035: val_loss improved from 0.01937 to 0.01916, saving model to ./CAE_models/thk_SOBEL/ckpt
Epoch 36/10000
14/14 - 7s - loss: 0.0013 - val_loss: 0.0191

Epoch 00036: val_loss improved from 0.01916 to 0.01912, saving model to ./CAE_models/thk_SOBEL/ckpt
Epoch 37/10000
14/14 - 7s - loss: 0.0013 - val_loss: 0.0187

Epoch 00037: val_loss improved from 0.01912 to 0.01872, saving model to ./CAE_models/thk_SOBEL/ckpt
Epoch 38/10000
14/14 - 7s - loss: 0.0013 - val_loss: 0.0190

Epoch 00038: val_loss did not improve from 0.01872
Epoch 39/10000
14/14 - 7s - loss: 0.0012 - val_loss: 0.0187

Epoch 00039: val_loss improved from 0.01872 to 0.01868, saving model to ./CAE_models/thk_SOBEL/ckpt
Epoch 40/10000
14/14 - 7s - loss: 0.0012 - val_loss: 0.0187

Epoch 00040: val_loss improved from 0.01868 to 0.01868, saving model to ./CAE_models/thk_SOBEL/ckpt
Epoch 41/10000
14/14 - 7s - loss: 0.0012 - val_loss: 0.0185

Epoch 00041: val_loss improved from 0.01868 to 0.01854, saving model to ./CAE_models/thk_SOBEL/ckpt
Epoch 42/10000
14/14 - 7s - loss: 0.0012 - val_loss: 0.0184

Epoch 00042: val_loss improved from 0.01854 to 0.01842, saving model to ./CAE_models/thk_SOBEL/ckpt
Epoch 43/10000
14/14 - 7s - loss: 0.0012 - val_loss: 0.0181

Epoch 00043: val_loss improved from 0.01842 to 0.01809, saving model to ./CAE_models/thk_SOBEL/ckpt
Epoch 44/10000
14/14 - 7s - loss: 0.0012 - val_loss: 0.0185

Epoch 00044: val_loss did not improve from 0.01809
Epoch 45/10000
14/14 - 7s - loss: 0.0012 - val_loss: 0.0185

Epoch 00045: val_loss did not improve from 0.01809
Epoch 46/10000
14/14 - 7s - loss: 0.0012 - val_loss: 0.0182

Epoch 00046: val_loss did not improve from 0.01809
Epoch 47/10000
14/14 - 7s - loss: 0.0012 - val_loss: 0.0179

Epoch 00047: val_loss improved from 0.01809 to 0.01787, saving model to ./CAE_models/thk_SOBEL/ckpt
Epoch 48/10000
14/14 - 7s - loss: 0.0011 - val_loss: 0.0181

Epoch 00048: val_loss did not improve from 0.01787
Epoch 49/10000
14/14 - 7s - loss: 0.0011 - val_loss: 0.0187

Epoch 00049: val_loss did not improve from 0.01787
Epoch 50/10000
14/14 - 7s - loss: 0.0011 - val_loss: 0.0180

Epoch 00050: val_loss did not improve from 0.01787
Epoch 51/10000
14/14 - 7s - loss: 0.0011 - val_loss: 0.0178

Epoch 00051: val_loss improved from 0.01787 to 0.01778, saving model to ./CAE_models/thk_SOBEL/ckpt
Epoch 52/10000
14/14 - 7s - loss: 0.0011 - val_loss: 0.0177

Epoch 00052: val_loss improved from 0.01778 to 0.01772, saving model to ./CAE_models/thk_SOBEL/ckpt
Epoch 53/10000
14/14 - 7s - loss: 0.0011 - val_loss: 0.0175

Epoch 00053: val_loss improved from 0.01772 to 0.01746, saving model to ./CAE_models/thk_SOBEL/ckpt
Epoch 54/10000
14/14 - 7s - loss: 0.0011 - val_loss: 0.0172

Epoch 00054: val_loss improved from 0.01746 to 0.01718, saving model to ./CAE_models/thk_SOBEL/ckpt
Epoch 55/10000
14/14 - 7s - loss: 0.0011 - val_loss: 0.0179

Epoch 00055: val_loss did not improve from 0.01718
Epoch 56/10000
14/14 - 7s - loss: 0.0011 - val_loss: 0.0173

Epoch 00056: val_loss did not improve from 0.01718
Epoch 57/10000
14/14 - 7s - loss: 0.0011 - val_loss: 0.0177

Epoch 00057: val_loss did not improve from 0.01718
Epoch 58/10000
14/14 - 7s - loss: 0.0011 - val_loss: 0.0170

Epoch 00058: val_loss improved from 0.01718 to 0.01701, saving model to ./CAE_models/thk_SOBEL/ckpt
Epoch 59/10000
14/14 - 7s - loss: 0.0011 - val_loss: 0.0168

Epoch 00059: val_loss improved from 0.01701 to 0.01677, saving model to ./CAE_models/thk_SOBEL/ckpt
Epoch 60/10000
14/14 - 7s - loss: 0.0011 - val_loss: 0.0173

Epoch 00060: val_loss did not improve from 0.01677
Epoch 61/10000
14/14 - 7s - loss: 0.0010 - val_loss: 0.0173

Epoch 00061: val_loss did not improve from 0.01677
Epoch 62/10000
14/14 - 7s - loss: 0.0010 - val_loss: 0.0171

Epoch 00062: val_loss did not improve from 0.01677
Epoch 63/10000
14/14 - 7s - loss: 0.0010 - val_loss: 0.0169

Epoch 00063: val_loss did not improve from 0.01677
Epoch 64/10000
14/14 - 7s - loss: 0.0010 - val_loss: 0.0174

Epoch 00064: val_loss did not improve from 0.01677
Epoch 65/10000
14/14 - 7s - loss: 0.0010 - val_loss: 0.0170

Epoch 00065: val_loss did not improve from 0.01677
Epoch 66/10000
14/14 - 7s - loss: 9.9790e-04 - val_loss: 0.0165

Epoch 00066: val_loss improved from 0.01677 to 0.01653, saving model to ./CAE_models/thk_SOBEL/ckpt
Epoch 67/10000
14/14 - 7s - loss: 9.9908e-04 - val_loss: 0.0163

Epoch 00067: val_loss improved from 0.01653 to 0.01635, saving model to ./CAE_models/thk_SOBEL/ckpt
Epoch 68/10000
14/14 - 7s - loss: 9.9201e-04 - val_loss: 0.0166

Epoch 00068: val_loss did not improve from 0.01635
Epoch 69/10000
14/14 - 7s - loss: 0.0010 - val_loss: 0.0174

Epoch 00069: val_loss did not improve from 0.01635
Epoch 70/10000
14/14 - 7s - loss: 9.7831e-04 - val_loss: 0.0167

Epoch 00070: val_loss did not improve from 0.01635
Epoch 71/10000
14/14 - 7s - loss: 9.6944e-04 - val_loss: 0.0165

Epoch 00071: val_loss did not improve from 0.01635
Epoch 72/10000
14/14 - 7s - loss: 9.7370e-04 - val_loss: 0.0174

Epoch 00072: val_loss did not improve from 0.01635
Epoch 73/10000
14/14 - 7s - loss: 9.6462e-04 - val_loss: 0.0164

Epoch 00073: val_loss did not improve from 0.01635
Epoch 74/10000
14/14 - 7s - loss: 9.5550e-04 - val_loss: 0.0162

Epoch 00074: val_loss improved from 0.01635 to 0.01622, saving model to ./CAE_models/thk_SOBEL/ckpt
Epoch 75/10000
14/14 - 7s - loss: 9.5235e-04 - val_loss: 0.0165

Epoch 00075: val_loss did not improve from 0.01622
Epoch 76/10000
14/14 - 7s - loss: 9.6123e-04 - val_loss: 0.0162

Epoch 00076: val_loss improved from 0.01622 to 0.01617, saving model to ./CAE_models/thk_SOBEL/ckpt
Epoch 77/10000
14/14 - 7s - loss: 9.5091e-04 - val_loss: 0.0167

Epoch 00077: val_loss did not improve from 0.01617
Epoch 78/10000
14/14 - 7s - loss: 9.4640e-04 - val_loss: 0.0162

Epoch 00078: val_loss improved from 0.01617 to 0.01617, saving model to ./CAE_models/thk_SOBEL/ckpt
Epoch 79/10000
14/14 - 7s - loss: 9.3321e-04 - val_loss: 0.0170

Epoch 00079: val_loss did not improve from 0.01617
Epoch 80/10000
14/14 - 7s - loss: 9.3856e-04 - val_loss: 0.0163

Epoch 00080: val_loss did not improve from 0.01617
Epoch 81/10000
14/14 - 7s - loss: 9.2635e-04 - val_loss: 0.0155

Epoch 00081: val_loss improved from 0.01617 to 0.01546, saving model to ./CAE_models/thk_SOBEL/ckpt
Epoch 82/10000
14/14 - 7s - loss: 9.2877e-04 - val_loss: 0.0164

Epoch 00082: val_loss did not improve from 0.01546
Epoch 83/10000
14/14 - 7s - loss: 9.4037e-04 - val_loss: 0.0165

Epoch 00083: val_loss did not improve from 0.01546
Epoch 84/10000
14/14 - 7s - loss: 9.0803e-04 - val_loss: 0.0158

Epoch 00084: val_loss did not improve from 0.01546
Epoch 85/10000
14/14 - 7s - loss: 9.0722e-04 - val_loss: 0.0154

Epoch 00085: val_loss improved from 0.01546 to 0.01536, saving model to ./CAE_models/thk_SOBEL/ckpt
Epoch 86/10000
14/14 - 7s - loss: 9.1148e-04 - val_loss: 0.0154

Epoch 00086: val_loss did not improve from 0.01536
Epoch 87/10000
14/14 - 7s - loss: 9.0931e-04 - val_loss: 0.0167

Epoch 00087: val_loss did not improve from 0.01536
Epoch 88/10000
14/14 - 7s - loss: 9.0284e-04 - val_loss: 0.0156

Epoch 00088: val_loss did not improve from 0.01536
Epoch 89/10000
14/14 - 7s - loss: 8.8886e-04 - val_loss: 0.0156

Epoch 00089: val_loss did not improve from 0.01536
Epoch 90/10000
14/14 - 7s - loss: 8.9498e-04 - val_loss: 0.0167

Epoch 00090: val_loss did not improve from 0.01536
Epoch 91/10000
14/14 - 7s - loss: 9.0553e-04 - val_loss: 0.0160

Epoch 00091: val_loss did not improve from 0.01536
Epoch 92/10000
14/14 - 7s - loss: 8.8181e-04 - val_loss: 0.0147

Epoch 00092: val_loss improved from 0.01536 to 0.01467, saving model to ./CAE_models/thk_SOBEL/ckpt
Epoch 93/10000
14/14 - 7s - loss: 8.8846e-04 - val_loss: 0.0149

Epoch 00093: val_loss did not improve from 0.01467
Epoch 94/10000
14/14 - 7s - loss: 8.7481e-04 - val_loss: 0.0149

Epoch 00094: val_loss did not improve from 0.01467
Epoch 95/10000
14/14 - 7s - loss: 8.7870e-04 - val_loss: 0.0148

Epoch 00095: val_loss did not improve from 0.01467
Epoch 96/10000
14/14 - 7s - loss: 8.7371e-04 - val_loss: 0.0148

Epoch 00096: val_loss did not improve from 0.01467
Epoch 97/10000
14/14 - 7s - loss: 8.6841e-04 - val_loss: 0.0153

Epoch 00097: val_loss did not improve from 0.01467
Epoch 98/10000
14/14 - 7s - loss: 8.6827e-04 - val_loss: 0.0154

Epoch 00098: val_loss did not improve from 0.01467
Epoch 99/10000
14/14 - 7s - loss: 8.6079e-04 - val_loss: 0.0146

Epoch 00099: val_loss improved from 0.01467 to 0.01464, saving model to ./CAE_models/thk_SOBEL/ckpt
Epoch 100/10000
14/14 - 7s - loss: 8.5609e-04 - val_loss: 0.0146

Epoch 00100: val_loss improved from 0.01464 to 0.01459, saving model to ./CAE_models/thk_SOBEL/ckpt
Epoch 101/10000
14/14 - 7s - loss: 8.7407e-04 - val_loss: 0.0159

Epoch 00101: val_loss did not improve from 0.01459
Epoch 102/10000
14/14 - 7s - loss: 8.7497e-04 - val_loss: 0.0151

Epoch 00102: val_loss did not improve from 0.01459
Epoch 103/10000
14/14 - 7s - loss: 8.5219e-04 - val_loss: 0.0149

Epoch 00103: val_loss did not improve from 0.01459
Epoch 104/10000
14/14 - 7s - loss: 8.5755e-04 - val_loss: 0.0148

Epoch 00104: val_loss did not improve from 0.01459
Epoch 105/10000
14/14 - 7s - loss: 8.4827e-04 - val_loss: 0.0145

Epoch 00105: val_loss improved from 0.01459 to 0.01446, saving model to ./CAE_models/thk_SOBEL/ckpt
Epoch 106/10000
14/14 - 7s - loss: 8.4190e-04 - val_loss: 0.0147

Epoch 00106: val_loss did not improve from 0.01446
Epoch 107/10000
14/14 - 7s - loss: 8.3546e-04 - val_loss: 0.0145

Epoch 00107: val_loss did not improve from 0.01446
Epoch 108/10000
14/14 - 7s - loss: 8.3589e-04 - val_loss: 0.0143

Epoch 00108: val_loss improved from 0.01446 to 0.01427, saving model to ./CAE_models/thk_SOBEL/ckpt
Epoch 109/10000
14/14 - 7s - loss: 8.3066e-04 - val_loss: 0.0144

Epoch 00109: val_loss did not improve from 0.01427
Epoch 110/10000
14/14 - 7s - loss: 8.4877e-04 - val_loss: 0.0148

Epoch 00110: val_loss did not improve from 0.01427
Epoch 111/10000
14/14 - 7s - loss: 8.2743e-04 - val_loss: 0.0143

Epoch 00111: val_loss did not improve from 0.01427
Epoch 112/10000
14/14 - 7s - loss: 8.5854e-04 - val_loss: 0.0147

Epoch 00112: val_loss did not improve from 0.01427
Epoch 113/10000
14/14 - 7s - loss: 8.3800e-04 - val_loss: 0.0149

Epoch 00113: val_loss did not improve from 0.01427
Epoch 114/10000
14/14 - 7s - loss: 8.3758e-04 - val_loss: 0.0145

Epoch 00114: val_loss did not improve from 0.01427
Epoch 115/10000
14/14 - 7s - loss: 8.2166e-04 - val_loss: 0.0142

Epoch 00115: val_loss improved from 0.01427 to 0.01416, saving model to ./CAE_models/thk_SOBEL/ckpt
Epoch 116/10000
14/14 - 7s - loss: 8.1913e-04 - val_loss: 0.0137

Epoch 00116: val_loss improved from 0.01416 to 0.01369, saving model to ./CAE_models/thk_SOBEL/ckpt
Epoch 117/10000
14/14 - 7s - loss: 8.2768e-04 - val_loss: 0.0136

Epoch 00117: val_loss improved from 0.01369 to 0.01361, saving model to ./CAE_models/thk_SOBEL/ckpt
Epoch 118/10000
14/14 - 7s - loss: 8.2752e-04 - val_loss: 0.0141

Epoch 00118: val_loss did not improve from 0.01361
Epoch 119/10000
14/14 - 7s - loss: 8.1291e-04 - val_loss: 0.0143

Epoch 00119: val_loss did not improve from 0.01361
Epoch 120/10000
14/14 - 7s - loss: 8.0898e-04 - val_loss: 0.0136

Epoch 00120: val_loss improved from 0.01361 to 0.01356, saving model to ./CAE_models/thk_SOBEL/ckpt
Epoch 121/10000
14/14 - 7s - loss: 8.2796e-04 - val_loss: 0.0140

Epoch 00121: val_loss did not improve from 0.01356
Epoch 122/10000
14/14 - 7s - loss: 8.1527e-04 - val_loss: 0.0145

Epoch 00122: val_loss did not improve from 0.01356
Epoch 123/10000
14/14 - 7s - loss: 8.0430e-04 - val_loss: 0.0140

Epoch 00123: val_loss did not improve from 0.01356
Epoch 124/10000
14/14 - 7s - loss: 8.0579e-04 - val_loss: 0.0138

Epoch 00124: val_loss did not improve from 0.01356
Epoch 125/10000
14/14 - 7s - loss: 8.0264e-04 - val_loss: 0.0138

Epoch 00125: val_loss did not improve from 0.01356
Epoch 126/10000
14/14 - 7s - loss: 8.0728e-04 - val_loss: 0.0147

Epoch 00126: val_loss did not improve from 0.01356
Epoch 127/10000
14/14 - 7s - loss: 8.0394e-04 - val_loss: 0.0140

Epoch 00127: val_loss did not improve from 0.01356
Epoch 128/10000
14/14 - 7s - loss: 7.9104e-04 - val_loss: 0.0137

Epoch 00128: val_loss did not improve from 0.01356
Epoch 129/10000
14/14 - 7s - loss: 7.8914e-04 - val_loss: 0.0138

Epoch 00129: val_loss did not improve from 0.01356
Epoch 130/10000
14/14 - 7s - loss: 7.8887e-04 - val_loss: 0.0136

Epoch 00130: val_loss did not improve from 0.01356
Epoch 131/10000
14/14 - 7s - loss: 8.0239e-04 - val_loss: 0.0142

Epoch 00131: val_loss did not improve from 0.01356
Epoch 132/10000
14/14 - 7s - loss: 8.0753e-04 - val_loss: 0.0139

Epoch 00132: val_loss did not improve from 0.01356
Epoch 133/10000
14/14 - 7s - loss: 7.9493e-04 - val_loss: 0.0133

Epoch 00133: val_loss improved from 0.01356 to 0.01330, saving model to ./CAE_models/thk_SOBEL/ckpt
Epoch 134/10000
14/14 - 7s - loss: 7.8573e-04 - val_loss: 0.0135

Epoch 00134: val_loss did not improve from 0.01330
Epoch 135/10000
14/14 - 7s - loss: 7.8200e-04 - val_loss: 0.0133

Epoch 00135: val_loss did not improve from 0.01330
Epoch 136/10000
14/14 - 7s - loss: 7.7887e-04 - val_loss: 0.0133

Epoch 00136: val_loss did not improve from 0.01330
Epoch 137/10000
14/14 - 7s - loss: 7.8101e-04 - val_loss: 0.0136

Epoch 00137: val_loss did not improve from 0.01330
Epoch 138/10000
14/14 - 7s - loss: 7.9458e-04 - val_loss: 0.0140

Epoch 00138: val_loss did not improve from 0.01330
Epoch 139/10000
14/14 - 7s - loss: 7.7389e-04 - val_loss: 0.0135

Epoch 00139: val_loss did not improve from 0.01330
Epoch 140/10000
14/14 - 7s - loss: 7.8606e-04 - val_loss: 0.0134

Epoch 00140: val_loss did not improve from 0.01330
Epoch 141/10000
14/14 - 7s - loss: 7.8406e-04 - val_loss: 0.0132

Epoch 00141: val_loss improved from 0.01330 to 0.01315, saving model to ./CAE_models/thk_SOBEL/ckpt
Epoch 142/10000
14/14 - 7s - loss: 7.7820e-04 - val_loss: 0.0137

Epoch 00142: val_loss did not improve from 0.01315
Epoch 143/10000
14/14 - 7s - loss: 7.7285e-04 - val_loss: 0.0137

Epoch 00143: val_loss did not improve from 0.01315
Epoch 144/10000
14/14 - 7s - loss: 7.6630e-04 - val_loss: 0.0138

Epoch 00144: val_loss did not improve from 0.01315
Epoch 145/10000
14/14 - 7s - loss: 7.6942e-04 - val_loss: 0.0132

Epoch 00145: val_loss did not improve from 0.01315
Epoch 146/10000
14/14 - 7s - loss: 7.7660e-04 - val_loss: 0.0135

Epoch 00146: val_loss did not improve from 0.01315
Epoch 147/10000
14/14 - 7s - loss: 7.6854e-04 - val_loss: 0.0136

Epoch 00147: val_loss did not improve from 0.01315
Epoch 148/10000
14/14 - 7s - loss: 7.5905e-04 - val_loss: 0.0133

Epoch 00148: val_loss did not improve from 0.01315
Epoch 149/10000
14/14 - 7s - loss: 7.5883e-04 - val_loss: 0.0136

Epoch 00149: val_loss did not improve from 0.01315
Epoch 150/10000
14/14 - 7s - loss: 7.6633e-04 - val_loss: 0.0127

Epoch 00150: val_loss improved from 0.01315 to 0.01272, saving model to ./CAE_models/thk_SOBEL/ckpt
Epoch 151/10000
14/14 - 7s - loss: 7.8185e-04 - val_loss: 0.0129

Epoch 00151: val_loss did not improve from 0.01272
Epoch 152/10000
14/14 - 7s - loss: 7.8855e-04 - val_loss: 0.0131

Epoch 00152: val_loss did not improve from 0.01272
Epoch 153/10000
14/14 - 7s - loss: 7.6468e-04 - val_loss: 0.0132

Epoch 00153: val_loss did not improve from 0.01272
Epoch 154/10000
14/14 - 7s - loss: 7.6590e-04 - val_loss: 0.0136

Epoch 00154: val_loss did not improve from 0.01272
Epoch 155/10000
14/14 - 7s - loss: 7.6585e-04 - val_loss: 0.0135

Epoch 00155: val_loss did not improve from 0.01272
Epoch 156/10000
14/14 - 7s - loss: 7.5403e-04 - val_loss: 0.0130

Epoch 00156: val_loss did not improve from 0.01272
Epoch 157/10000
14/14 - 7s - loss: 7.4978e-04 - val_loss: 0.0131

Epoch 00157: val_loss did not improve from 0.01272
Epoch 158/10000
14/14 - 7s - loss: 7.4784e-04 - val_loss: 0.0133

Epoch 00158: val_loss did not improve from 0.01272
Epoch 159/10000
14/14 - 7s - loss: 7.4664e-04 - val_loss: 0.0127

Epoch 00159: val_loss did not improve from 0.01272
Epoch 160/10000
14/14 - 7s - loss: 7.4749e-04 - val_loss: 0.0130

Epoch 00160: val_loss did not improve from 0.01272
Epoch 161/10000
14/14 - 7s - loss: 7.5054e-04 - val_loss: 0.0131

Epoch 00161: val_loss did not improve from 0.01272
Epoch 162/10000
14/14 - 7s - loss: 7.4492e-04 - val_loss: 0.0131

Epoch 00162: val_loss did not improve from 0.01272
Epoch 163/10000
14/14 - 7s - loss: 7.4753e-04 - val_loss: 0.0131

Epoch 00163: val_loss did not improve from 0.01272
Epoch 164/10000
14/14 - 7s - loss: 7.5002e-04 - val_loss: 0.0131

Epoch 00164: val_loss did not improve from 0.01272
Epoch 165/10000
14/14 - 7s - loss: 7.3863e-04 - val_loss: 0.0130

Epoch 00165: val_loss did not improve from 0.01272
Epoch 166/10000
14/14 - 7s - loss: 7.4494e-04 - val_loss: 0.0126

Epoch 00166: val_loss improved from 0.01272 to 0.01255, saving model to ./CAE_models/thk_SOBEL/ckpt
Epoch 167/10000
14/14 - 7s - loss: 7.4120e-04 - val_loss: 0.0128

Epoch 00167: val_loss did not improve from 0.01255
Epoch 168/10000
14/14 - 7s - loss: 7.4895e-04 - val_loss: 0.0131

Epoch 00168: val_loss did not improve from 0.01255
Epoch 169/10000
14/14 - 7s - loss: 7.4310e-04 - val_loss: 0.0124

Epoch 00169: val_loss improved from 0.01255 to 0.01243, saving model to ./CAE_models/thk_SOBEL/ckpt
Epoch 170/10000
14/14 - 7s - loss: 7.5436e-04 - val_loss: 0.0126

Epoch 00170: val_loss did not improve from 0.01243
Epoch 171/10000
14/14 - 7s - loss: 7.3731e-04 - val_loss: 0.0129

Epoch 00171: val_loss did not improve from 0.01243
Epoch 172/10000
14/14 - 7s - loss: 7.3367e-04 - val_loss: 0.0130

Epoch 00172: val_loss did not improve from 0.01243
Epoch 173/10000
14/14 - 7s - loss: 7.4004e-04 - val_loss: 0.0138

Epoch 00173: val_loss did not improve from 0.01243
Epoch 174/10000
14/14 - 7s - loss: 7.4877e-04 - val_loss: 0.0130

Epoch 00174: val_loss did not improve from 0.01243
Epoch 175/10000
14/14 - 7s - loss: 7.3509e-04 - val_loss: 0.0135

Epoch 00175: val_loss did not improve from 0.01243
Epoch 176/10000
14/14 - 7s - loss: 7.3925e-04 - val_loss: 0.0130

Epoch 00176: val_loss did not improve from 0.01243
Epoch 177/10000
14/14 - 7s - loss: 7.2544e-04 - val_loss: 0.0126

Epoch 00177: val_loss did not improve from 0.01243
Epoch 178/10000
14/14 - 7s - loss: 7.3829e-04 - val_loss: 0.0123

Epoch 00178: val_loss improved from 0.01243 to 0.01235, saving model to ./CAE_models/thk_SOBEL/ckpt
Epoch 179/10000
14/14 - 7s - loss: 7.4037e-04 - val_loss: 0.0126

Epoch 00179: val_loss did not improve from 0.01235
Epoch 180/10000
14/14 - 7s - loss: 7.2637e-04 - val_loss: 0.0128

Epoch 00180: val_loss did not improve from 0.01235
Epoch 181/10000
14/14 - 7s - loss: 7.2410e-04 - val_loss: 0.0125

Epoch 00181: val_loss did not improve from 0.01235
Epoch 182/10000
14/14 - 7s - loss: 7.2563e-04 - val_loss: 0.0124

Epoch 00182: val_loss did not improve from 0.01235
Epoch 183/10000
14/14 - 7s - loss: 7.3070e-04 - val_loss: 0.0122

Epoch 00183: val_loss improved from 0.01235 to 0.01222, saving model to ./CAE_models/thk_SOBEL/ckpt
Epoch 184/10000
14/14 - 7s - loss: 7.2078e-04 - val_loss: 0.0126

Epoch 00184: val_loss did not improve from 0.01222
Epoch 185/10000
14/14 - 7s - loss: 7.2408e-04 - val_loss: 0.0123

Epoch 00185: val_loss did not improve from 0.01222
Epoch 186/10000
14/14 - 7s - loss: 7.2107e-04 - val_loss: 0.0122

Epoch 00186: val_loss did not improve from 0.01222
Epoch 187/10000
14/14 - 7s - loss: 7.1455e-04 - val_loss: 0.0125

Epoch 00187: val_loss did not improve from 0.01222
Epoch 188/10000
14/14 - 7s - loss: 7.1238e-04 - val_loss: 0.0124

Epoch 00188: val_loss did not improve from 0.01222
Epoch 189/10000
14/14 - 7s - loss: 7.1759e-04 - val_loss: 0.0125

Epoch 00189: val_loss did not improve from 0.01222
Epoch 190/10000
14/14 - 7s - loss: 7.1535e-04 - val_loss: 0.0121

Epoch 00190: val_loss improved from 0.01222 to 0.01213, saving model to ./CAE_models/thk_SOBEL/ckpt
Epoch 191/10000
14/14 - 7s - loss: 7.1755e-04 - val_loss: 0.0120

Epoch 00191: val_loss improved from 0.01213 to 0.01204, saving model to ./CAE_models/thk_SOBEL/ckpt
Epoch 192/10000
14/14 - 7s - loss: 7.1742e-04 - val_loss: 0.0123

Epoch 00192: val_loss did not improve from 0.01204
Epoch 193/10000
14/14 - 7s - loss: 7.1515e-04 - val_loss: 0.0118

Epoch 00193: val_loss improved from 0.01204 to 0.01183, saving model to ./CAE_models/thk_SOBEL/ckpt
Epoch 194/10000
14/14 - 7s - loss: 7.1728e-04 - val_loss: 0.0123

Epoch 00194: val_loss did not improve from 0.01183
Epoch 195/10000
14/14 - 7s - loss: 7.1643e-04 - val_loss: 0.0131

Epoch 00195: val_loss did not improve from 0.01183
Epoch 196/10000
14/14 - 7s - loss: 7.3975e-04 - val_loss: 0.0131

Epoch 00196: val_loss did not improve from 0.01183
Epoch 197/10000
14/14 - 7s - loss: 7.2367e-04 - val_loss: 0.0126

Epoch 00197: val_loss did not improve from 0.01183
Epoch 198/10000
14/14 - 7s - loss: 7.0861e-04 - val_loss: 0.0121

Epoch 00198: val_loss did not improve from 0.01183
Epoch 199/10000
14/14 - 7s - loss: 7.0874e-04 - val_loss: 0.0121

Epoch 00199: val_loss did not improve from 0.01183
Epoch 200/10000
14/14 - 7s - loss: 7.0302e-04 - val_loss: 0.0126

Epoch 00200: val_loss did not improve from 0.01183
Epoch 201/10000
14/14 - 7s - loss: 7.0574e-04 - val_loss: 0.0118

Epoch 00201: val_loss improved from 0.01183 to 0.01180, saving model to ./CAE_models/thk_SOBEL/ckpt
Epoch 202/10000
14/14 - 7s - loss: 7.0357e-04 - val_loss: 0.0122

Epoch 00202: val_loss did not improve from 0.01180
Epoch 203/10000
14/14 - 7s - loss: 7.0357e-04 - val_loss: 0.0124

Epoch 00203: val_loss did not improve from 0.01180
Epoch 204/10000
14/14 - 7s - loss: 7.2040e-04 - val_loss: 0.0131

Epoch 00204: val_loss did not improve from 0.01180
Epoch 205/10000
14/14 - 7s - loss: 7.2967e-04 - val_loss: 0.0126

Epoch 00205: val_loss did not improve from 0.01180
Epoch 206/10000
14/14 - 7s - loss: 7.0273e-04 - val_loss: 0.0120

Epoch 00206: val_loss did not improve from 0.01180
Epoch 207/10000
14/14 - 7s - loss: 7.0626e-04 - val_loss: 0.0120

Epoch 00207: val_loss did not improve from 0.01180
Epoch 208/10000
14/14 - 7s - loss: 7.0257e-04 - val_loss: 0.0125

Epoch 00208: val_loss did not improve from 0.01180
Epoch 209/10000
14/14 - 7s - loss: 6.9727e-04 - val_loss: 0.0123

Epoch 00209: val_loss did not improve from 0.01180
Epoch 210/10000
14/14 - 7s - loss: 7.0650e-04 - val_loss: 0.0128

Epoch 00210: val_loss did not improve from 0.01180
Epoch 211/10000
14/14 - 7s - loss: 7.0841e-04 - val_loss: 0.0126

Epoch 00211: val_loss did not improve from 0.01180
Epoch 212/10000
14/14 - 7s - loss: 6.9771e-04 - val_loss: 0.0122

Epoch 00212: val_loss did not improve from 0.01180
Epoch 213/10000
14/14 - 7s - loss: 6.9244e-04 - val_loss: 0.0121

Epoch 00213: val_loss did not improve from 0.01180
Epoch 214/10000
14/14 - 7s - loss: 6.9596e-04 - val_loss: 0.0122

Epoch 00214: val_loss did not improve from 0.01180
Epoch 215/10000
14/14 - 7s - loss: 6.8924e-04 - val_loss: 0.0119

Epoch 00215: val_loss did not improve from 0.01180
Epoch 216/10000
14/14 - 7s - loss: 6.9128e-04 - val_loss: 0.0119

Epoch 00216: val_loss did not improve from 0.01180
Epoch 217/10000
14/14 - 7s - loss: 6.9161e-04 - val_loss: 0.0120

Epoch 00217: val_loss did not improve from 0.01180
Epoch 218/10000
14/14 - 7s - loss: 6.8774e-04 - val_loss: 0.0124

Epoch 00218: val_loss did not improve from 0.01180
Epoch 219/10000
14/14 - 7s - loss: 7.0044e-04 - val_loss: 0.0120

Epoch 00219: val_loss did not improve from 0.01180
Epoch 220/10000
14/14 - 7s - loss: 6.9251e-04 - val_loss: 0.0118

Epoch 00220: val_loss improved from 0.01180 to 0.01177, saving model to ./CAE_models/thk_SOBEL/ckpt
Epoch 221/10000
14/14 - 7s - loss: 6.8762e-04 - val_loss: 0.0120

Epoch 00221: val_loss did not improve from 0.01177
Epoch 222/10000
14/14 - 7s - loss: 6.8844e-04 - val_loss: 0.0122

Epoch 00222: val_loss did not improve from 0.01177
Epoch 223/10000
14/14 - 7s - loss: 6.9083e-04 - val_loss: 0.0117

Epoch 00223: val_loss improved from 0.01177 to 0.01166, saving model to ./CAE_models/thk_SOBEL/ckpt
Epoch 224/10000
14/14 - 7s - loss: 6.9119e-04 - val_loss: 0.0123

Epoch 00224: val_loss did not improve from 0.01166
Epoch 225/10000
14/14 - 7s - loss: 6.8756e-04 - val_loss: 0.0116

Epoch 00225: val_loss improved from 0.01166 to 0.01163, saving model to ./CAE_models/thk_SOBEL/ckpt
Epoch 226/10000
14/14 - 7s - loss: 6.9958e-04 - val_loss: 0.0121

Epoch 00226: val_loss did not improve from 0.01163
Epoch 227/10000
14/14 - 7s - loss: 6.8293e-04 - val_loss: 0.0121

Epoch 00227: val_loss did not improve from 0.01163
Epoch 228/10000
14/14 - 7s - loss: 6.8272e-04 - val_loss: 0.0119

Epoch 00228: val_loss did not improve from 0.01163
Epoch 229/10000
14/14 - 7s - loss: 7.1236e-04 - val_loss: 0.0119

Epoch 00229: val_loss did not improve from 0.01163
Epoch 230/10000
14/14 - 7s - loss: 7.0684e-04 - val_loss: 0.0119

Epoch 00230: val_loss did not improve from 0.01163
Epoch 231/10000
14/14 - 7s - loss: 6.8659e-04 - val_loss: 0.0120

Epoch 00231: val_loss did not improve from 0.01163
Epoch 232/10000
14/14 - 7s - loss: 6.7670e-04 - val_loss: 0.0119

Epoch 00232: val_loss did not improve from 0.01163
Epoch 233/10000
14/14 - 7s - loss: 6.7512e-04 - val_loss: 0.0120

Epoch 00233: val_loss did not improve from 0.01163
Epoch 234/10000
14/14 - 7s - loss: 6.7554e-04 - val_loss: 0.0118

Epoch 00234: val_loss did not improve from 0.01163
Epoch 235/10000
14/14 - 7s - loss: 6.8261e-04 - val_loss: 0.0121

Epoch 00235: val_loss did not improve from 0.01163
Epoch 236/10000
14/14 - 7s - loss: 6.7828e-04 - val_loss: 0.0120

Epoch 00236: val_loss did not improve from 0.01163
Epoch 237/10000
14/14 - 7s - loss: 6.7291e-04 - val_loss: 0.0118

Epoch 00237: val_loss did not improve from 0.01163
Epoch 238/10000
14/14 - 7s - loss: 6.7259e-04 - val_loss: 0.0118

Epoch 00238: val_loss did not improve from 0.01163
Epoch 239/10000
14/14 - 7s - loss: 6.7889e-04 - val_loss: 0.0116

Epoch 00239: val_loss improved from 0.01163 to 0.01162, saving model to ./CAE_models/thk_SOBEL/ckpt
Epoch 240/10000
14/14 - 7s - loss: 6.8386e-04 - val_loss: 0.0120

Epoch 00240: val_loss did not improve from 0.01162
Epoch 241/10000
14/14 - 7s - loss: 6.7499e-04 - val_loss: 0.0122

Epoch 00241: val_loss did not improve from 0.01162
Epoch 242/10000
14/14 - 7s - loss: 6.8110e-04 - val_loss: 0.0119

Epoch 00242: val_loss did not improve from 0.01162
Epoch 243/10000
14/14 - 7s - loss: 6.8587e-04 - val_loss: 0.0119

Epoch 00243: val_loss did not improve from 0.01162
Epoch 244/10000
14/14 - 7s - loss: 6.7030e-04 - val_loss: 0.0117

Epoch 00244: val_loss did not improve from 0.01162
Epoch 245/10000
14/14 - 7s - loss: 6.7203e-04 - val_loss: 0.0115

Epoch 00245: val_loss improved from 0.01162 to 0.01152, saving model to ./CAE_models/thk_SOBEL/ckpt
Epoch 246/10000
14/14 - 7s - loss: 6.8842e-04 - val_loss: 0.0121

Epoch 00246: val_loss did not improve from 0.01152
Epoch 247/10000
14/14 - 7s - loss: 6.7743e-04 - val_loss: 0.0116

Epoch 00247: val_loss did not improve from 0.01152
Epoch 248/10000
14/14 - 7s - loss: 6.7248e-04 - val_loss: 0.0115

Epoch 00248: val_loss improved from 0.01152 to 0.01146, saving model to ./CAE_models/thk_SOBEL/ckpt
Epoch 249/10000
14/14 - 7s - loss: 6.8185e-04 - val_loss: 0.0121

Epoch 00249: val_loss did not improve from 0.01146
Epoch 250/10000
14/14 - 7s - loss: 6.6845e-04 - val_loss: 0.0117

Epoch 00250: val_loss did not improve from 0.01146
Epoch 251/10000
14/14 - 7s - loss: 6.7698e-04 - val_loss: 0.0121

Epoch 00251: val_loss did not improve from 0.01146
Epoch 252/10000
14/14 - 7s - loss: 6.8988e-04 - val_loss: 0.0122

Epoch 00252: val_loss did not improve from 0.01146
Epoch 253/10000
14/14 - 7s - loss: 6.7320e-04 - val_loss: 0.0123

Epoch 00253: val_loss did not improve from 0.01146
Epoch 254/10000
14/14 - 7s - loss: 6.6939e-04 - val_loss: 0.0122

Epoch 00254: val_loss did not improve from 0.01146
Epoch 255/10000
14/14 - 7s - loss: 6.7678e-04 - val_loss: 0.0121

Epoch 00255: val_loss did not improve from 0.01146
Epoch 256/10000
14/14 - 7s - loss: 6.7624e-04 - val_loss: 0.0120

Epoch 00256: val_loss did not improve from 0.01146
Epoch 257/10000
14/14 - 7s - loss: 6.6326e-04 - val_loss: 0.0117

Epoch 00257: val_loss did not improve from 0.01146
Epoch 258/10000
14/14 - 7s - loss: 6.6057e-04 - val_loss: 0.0116

Epoch 00258: val_loss did not improve from 0.01146
Epoch 259/10000
14/14 - 7s - loss: 6.5979e-04 - val_loss: 0.0114

Epoch 00259: val_loss improved from 0.01146 to 0.01143, saving model to ./CAE_models/thk_SOBEL/ckpt
Epoch 260/10000
14/14 - 7s - loss: 6.6145e-04 - val_loss: 0.0116

Epoch 00260: val_loss did not improve from 0.01143
Epoch 261/10000
14/14 - 7s - loss: 6.6326e-04 - val_loss: 0.0117

Epoch 00261: val_loss did not improve from 0.01143
Epoch 262/10000
14/14 - 7s - loss: 6.7471e-04 - val_loss: 0.0123

Epoch 00262: val_loss did not improve from 0.01143
Epoch 263/10000
14/14 - 7s - loss: 6.9555e-04 - val_loss: 0.0121

Epoch 00263: val_loss did not improve from 0.01143
Epoch 264/10000
14/14 - 7s - loss: 6.6440e-04 - val_loss: 0.0117

Epoch 00264: val_loss did not improve from 0.01143
Epoch 265/10000
14/14 - 7s - loss: 6.5893e-04 - val_loss: 0.0116

Epoch 00265: val_loss did not improve from 0.01143
Epoch 266/10000
14/14 - 7s - loss: 6.5547e-04 - val_loss: 0.0114

Epoch 00266: val_loss improved from 0.01143 to 0.01140, saving model to ./CAE_models/thk_SOBEL/ckpt
Epoch 267/10000
14/14 - 7s - loss: 6.6962e-04 - val_loss: 0.0122

Epoch 00267: val_loss did not improve from 0.01140
Epoch 268/10000
14/14 - 7s - loss: 6.6171e-04 - val_loss: 0.0118

Epoch 00268: val_loss did not improve from 0.01140
Epoch 269/10000
14/14 - 7s - loss: 6.5836e-04 - val_loss: 0.0114

Epoch 00269: val_loss did not improve from 0.01140
Epoch 270/10000
14/14 - 7s - loss: 6.5776e-04 - val_loss: 0.0116

Epoch 00270: val_loss did not improve from 0.01140
Epoch 271/10000
14/14 - 7s - loss: 6.5635e-04 - val_loss: 0.0118

Epoch 00271: val_loss did not improve from 0.01140
Epoch 272/10000
14/14 - 7s - loss: 6.5193e-04 - val_loss: 0.0116

Epoch 00272: val_loss did not improve from 0.01140
Epoch 273/10000
14/14 - 7s - loss: 6.5330e-04 - val_loss: 0.0115

Epoch 00273: val_loss did not improve from 0.01140
Epoch 274/10000
14/14 - 7s - loss: 6.5134e-04 - val_loss: 0.0118

Epoch 00274: val_loss did not improve from 0.01140
Epoch 275/10000
14/14 - 7s - loss: 6.6948e-04 - val_loss: 0.0114

Epoch 00275: val_loss did not improve from 0.01140
Epoch 276/10000
14/14 - 7s - loss: 6.8143e-04 - val_loss: 0.0116

Epoch 00276: val_loss did not improve from 0.01140
Epoch 277/10000
14/14 - 7s - loss: 6.5677e-04 - val_loss: 0.0116

Epoch 00277: val_loss did not improve from 0.01140
Epoch 278/10000
14/14 - 7s - loss: 6.4954e-04 - val_loss: 0.0115

Epoch 00278: val_loss did not improve from 0.01140
Epoch 279/10000
14/14 - 7s - loss: 6.5613e-04 - val_loss: 0.0114

Epoch 00279: val_loss improved from 0.01140 to 0.01138, saving model to ./CAE_models/thk_SOBEL/ckpt
Epoch 280/10000
14/14 - 7s - loss: 6.5388e-04 - val_loss: 0.0119

Epoch 00280: val_loss did not improve from 0.01138
Epoch 281/10000
14/14 - 7s - loss: 6.5619e-04 - val_loss: 0.0113

Epoch 00281: val_loss improved from 0.01138 to 0.01127, saving model to ./CAE_models/thk_SOBEL/ckpt
Epoch 282/10000
14/14 - 7s - loss: 6.4843e-04 - val_loss: 0.0114

Epoch 00282: val_loss did not improve from 0.01127
Epoch 283/10000
14/14 - 7s - loss: 6.5820e-04 - val_loss: 0.0120

Epoch 00283: val_loss did not improve from 0.01127
Epoch 284/10000
14/14 - 7s - loss: 6.5921e-04 - val_loss: 0.0119

Epoch 00284: val_loss did not improve from 0.01127
Epoch 285/10000
14/14 - 7s - loss: 6.6375e-04 - val_loss: 0.0117

Epoch 00285: val_loss did not improve from 0.01127
Epoch 286/10000
14/14 - 7s - loss: 6.4621e-04 - val_loss: 0.0115

Epoch 00286: val_loss did not improve from 0.01127
Epoch 287/10000
14/14 - 7s - loss: 6.4228e-04 - val_loss: 0.0115

Epoch 00287: val_loss did not improve from 0.01127
Epoch 288/10000
14/14 - 7s - loss: 6.7433e-04 - val_loss: 0.0120

Epoch 00288: val_loss did not improve from 0.01127
Epoch 289/10000
14/14 - 7s - loss: 6.5407e-04 - val_loss: 0.0118

Epoch 00289: val_loss did not improve from 0.01127
Epoch 290/10000
14/14 - 7s - loss: 6.5313e-04 - val_loss: 0.0117

Epoch 00290: val_loss did not improve from 0.01127
Epoch 291/10000
14/14 - 7s - loss: 6.4459e-04 - val_loss: 0.0116

Epoch 00291: val_loss did not improve from 0.01127
Epoch 292/10000
14/14 - 7s - loss: 6.4443e-04 - val_loss: 0.0117

Epoch 00292: val_loss did not improve from 0.01127
Epoch 293/10000
14/14 - 7s - loss: 6.5682e-04 - val_loss: 0.0116

Epoch 00293: val_loss did not improve from 0.01127
Epoch 294/10000
14/14 - 7s - loss: 6.4793e-04 - val_loss: 0.0115

Epoch 00294: val_loss did not improve from 0.01127
Epoch 295/10000
14/14 - 7s - loss: 6.4054e-04 - val_loss: 0.0112

Epoch 00295: val_loss improved from 0.01127 to 0.01120, saving model to ./CAE_models/thk_SOBEL/ckpt
Epoch 296/10000
14/14 - 7s - loss: 6.4591e-04 - val_loss: 0.0114

Epoch 00296: val_loss did not improve from 0.01120
Epoch 297/10000
14/14 - 7s - loss: 6.3800e-04 - val_loss: 0.0113

Epoch 00297: val_loss did not improve from 0.01120
Epoch 298/10000
14/14 - 7s - loss: 6.3945e-04 - val_loss: 0.0113

Epoch 00298: val_loss did not improve from 0.01120
Epoch 299/10000
14/14 - 7s - loss: 6.3794e-04 - val_loss: 0.0115

Epoch 00299: val_loss did not improve from 0.01120
Epoch 300/10000
14/14 - 7s - loss: 6.3970e-04 - val_loss: 0.0115

Epoch 00300: val_loss did not improve from 0.01120
Epoch 301/10000
14/14 - 7s - loss: 6.4032e-04 - val_loss: 0.0111

Epoch 00301: val_loss improved from 0.01120 to 0.01110, saving model to ./CAE_models/thk_SOBEL/ckpt
Epoch 302/10000
14/14 - 7s - loss: 6.6000e-04 - val_loss: 0.0116

Epoch 00302: val_loss did not improve from 0.01110
Epoch 303/10000
14/14 - 7s - loss: 6.4445e-04 - val_loss: 0.0113

Epoch 00303: val_loss did not improve from 0.01110
Epoch 304/10000
14/14 - 7s - loss: 6.3272e-04 - val_loss: 0.0114

Epoch 00304: val_loss did not improve from 0.01110
Epoch 305/10000
14/14 - 7s - loss: 6.3282e-04 - val_loss: 0.0114

Epoch 00305: val_loss did not improve from 0.01110
Epoch 306/10000
14/14 - 7s - loss: 6.4383e-04 - val_loss: 0.0119

Epoch 00306: val_loss did not improve from 0.01110
Epoch 307/10000
14/14 - 7s - loss: 6.6590e-04 - val_loss: 0.0114

Epoch 00307: val_loss did not improve from 0.01110
Epoch 308/10000
14/14 - 7s - loss: 6.5059e-04 - val_loss: 0.0114

Epoch 00308: val_loss did not improve from 0.01110
Epoch 309/10000
14/14 - 7s - loss: 6.3484e-04 - val_loss: 0.0113

Epoch 00309: val_loss did not improve from 0.01110
Epoch 310/10000
14/14 - 7s - loss: 6.3036e-04 - val_loss: 0.0114

Epoch 00310: val_loss did not improve from 0.01110
Epoch 311/10000
14/14 - 7s - loss: 6.3552e-04 - val_loss: 0.0115

Epoch 00311: val_loss did not improve from 0.01110
Epoch 312/10000
14/14 - 7s - loss: 6.3359e-04 - val_loss: 0.0112

Epoch 00312: val_loss did not improve from 0.01110
Epoch 313/10000
14/14 - 7s - loss: 6.5013e-04 - val_loss: 0.0118

Epoch 00313: val_loss did not improve from 0.01110
Epoch 314/10000
14/14 - 7s - loss: 6.3840e-04 - val_loss: 0.0115

Epoch 00314: val_loss did not improve from 0.01110
Epoch 315/10000
14/14 - 7s - loss: 6.2785e-04 - val_loss: 0.0116

Epoch 00315: val_loss did not improve from 0.01110
Epoch 316/10000
14/14 - 7s - loss: 6.3086e-04 - val_loss: 0.0113

Epoch 00316: val_loss did not improve from 0.01110
Epoch 317/10000
14/14 - 7s - loss: 6.2759e-04 - val_loss: 0.0114

Epoch 00317: val_loss did not improve from 0.01110
Epoch 318/10000
14/14 - 7s - loss: 6.2760e-04 - val_loss: 0.0112

Epoch 00318: val_loss did not improve from 0.01110
Epoch 319/10000
14/14 - 7s - loss: 6.7989e-04 - val_loss: 0.0110

Epoch 00319: val_loss improved from 0.01110 to 0.01103, saving model to ./CAE_models/thk_SOBEL/ckpt
Epoch 320/10000
14/14 - 7s - loss: 6.5426e-04 - val_loss: 0.0113

Epoch 00320: val_loss did not improve from 0.01103
Epoch 321/10000
14/14 - 7s - loss: 6.2807e-04 - val_loss: 0.0112

Epoch 00321: val_loss did not improve from 0.01103
Epoch 322/10000
14/14 - 7s - loss: 6.2471e-04 - val_loss: 0.0114

Epoch 00322: val_loss did not improve from 0.01103
Epoch 323/10000
14/14 - 7s - loss: 6.2434e-04 - val_loss: 0.0113

Epoch 00323: val_loss did not improve from 0.01103
Epoch 324/10000
14/14 - 7s - loss: 6.2928e-04 - val_loss: 0.0111

Epoch 00324: val_loss did not improve from 0.01103
Epoch 325/10000
14/14 - 7s - loss: 6.2734e-04 - val_loss: 0.0112

Epoch 00325: val_loss did not improve from 0.01103
Epoch 326/10000
14/14 - 7s - loss: 6.2407e-04 - val_loss: 0.0113

Epoch 00326: val_loss did not improve from 0.01103
Epoch 327/10000
14/14 - 7s - loss: 6.2779e-04 - val_loss: 0.0114

Epoch 00327: val_loss did not improve from 0.01103
Epoch 328/10000
14/14 - 7s - loss: 6.2438e-04 - val_loss: 0.0113

Epoch 00328: val_loss did not improve from 0.01103
Epoch 329/10000
14/14 - 7s - loss: 6.2231e-04 - val_loss: 0.0112

Epoch 00329: val_loss did not improve from 0.01103
Epoch 330/10000
14/14 - 7s - loss: 6.1875e-04 - val_loss: 0.0111

Epoch 00330: val_loss did not improve from 0.01103
Epoch 331/10000
14/14 - 7s - loss: 6.2997e-04 - val_loss: 0.0113

Epoch 00331: val_loss did not improve from 0.01103
Epoch 332/10000
14/14 - 7s - loss: 6.2714e-04 - val_loss: 0.0113

Epoch 00332: val_loss did not improve from 0.01103
Epoch 333/10000
14/14 - 7s - loss: 6.3331e-04 - val_loss: 0.0111

Epoch 00333: val_loss did not improve from 0.01103
Epoch 334/10000
14/14 - 7s - loss: 6.2840e-04 - val_loss: 0.0114

Epoch 00334: val_loss did not improve from 0.01103
Epoch 335/10000
14/14 - 7s - loss: 6.2051e-04 - val_loss: 0.0112

Epoch 00335: val_loss did not improve from 0.01103
Epoch 336/10000
14/14 - 7s - loss: 6.2098e-04 - val_loss: 0.0113

Epoch 00336: val_loss did not improve from 0.01103
Epoch 337/10000
14/14 - 7s - loss: 6.1611e-04 - val_loss: 0.0110

Epoch 00337: val_loss improved from 0.01103 to 0.01102, saving model to ./CAE_models/thk_SOBEL/ckpt
Epoch 338/10000
14/14 - 7s - loss: 6.1712e-04 - val_loss: 0.0110

Epoch 00338: val_loss did not improve from 0.01102
Epoch 339/10000
14/14 - 7s - loss: 6.3180e-04 - val_loss: 0.0113

Epoch 00339: val_loss did not improve from 0.01102
Epoch 340/10000
14/14 - 7s - loss: 6.2681e-04 - val_loss: 0.0110

Epoch 00340: val_loss improved from 0.01102 to 0.01095, saving model to ./CAE_models/thk_SOBEL/ckpt
Epoch 341/10000
14/14 - 7s - loss: 6.2586e-04 - val_loss: 0.0112

Epoch 00341: val_loss did not improve from 0.01095
Epoch 342/10000
14/14 - 7s - loss: 6.2328e-04 - val_loss: 0.0109

Epoch 00342: val_loss improved from 0.01095 to 0.01090, saving model to ./CAE_models/thk_SOBEL/ckpt
Epoch 343/10000
14/14 - 7s - loss: 6.1618e-04 - val_loss: 0.0110

Epoch 00343: val_loss did not improve from 0.01090
Epoch 344/10000
14/14 - 7s - loss: 6.2861e-04 - val_loss: 0.0114

Epoch 00344: val_loss did not improve from 0.01090
Epoch 345/10000
14/14 - 7s - loss: 6.1592e-04 - val_loss: 0.0111

Epoch 00345: val_loss did not improve from 0.01090
Epoch 346/10000
14/14 - 7s - loss: 6.1194e-04 - val_loss: 0.0111

Epoch 00346: val_loss did not improve from 0.01090
Epoch 347/10000
14/14 - 7s - loss: 6.1538e-04 - val_loss: 0.0110

Epoch 00347: val_loss did not improve from 0.01090
Epoch 348/10000
14/14 - 7s - loss: 6.2483e-04 - val_loss: 0.0111

Epoch 00348: val_loss did not improve from 0.01090
Epoch 349/10000
14/14 - 7s - loss: 6.2459e-04 - val_loss: 0.0111

Epoch 00349: val_loss did not improve from 0.01090
Epoch 350/10000
14/14 - 7s - loss: 6.0905e-04 - val_loss: 0.0110

Epoch 00350: val_loss did not improve from 0.01090
Epoch 351/10000
14/14 - 7s - loss: 6.1195e-04 - val_loss: 0.0112

Epoch 00351: val_loss did not improve from 0.01090
Epoch 352/10000
14/14 - 7s - loss: 6.1835e-04 - val_loss: 0.0110

Epoch 00352: val_loss did not improve from 0.01090
Epoch 353/10000
14/14 - 7s - loss: 6.1306e-04 - val_loss: 0.0113

Epoch 00353: val_loss did not improve from 0.01090
Epoch 354/10000
14/14 - 7s - loss: 6.3142e-04 - val_loss: 0.0110

Epoch 00354: val_loss did not improve from 0.01090
Epoch 355/10000
14/14 - 7s - loss: 6.1780e-04 - val_loss: 0.0110

Epoch 00355: val_loss did not improve from 0.01090
Epoch 356/10000
14/14 - 7s - loss: 6.1284e-04 - val_loss: 0.0109

Epoch 00356: val_loss did not improve from 0.01090
Epoch 357/10000
14/14 - 7s - loss: 6.2061e-04 - val_loss: 0.0111

Epoch 00357: val_loss did not improve from 0.01090
Epoch 358/10000
14/14 - 7s - loss: 6.0487e-04 - val_loss: 0.0111

Epoch 00358: val_loss did not improve from 0.01090
Epoch 359/10000
14/14 - 7s - loss: 6.0599e-04 - val_loss: 0.0110

Epoch 00359: val_loss did not improve from 0.01090
Epoch 360/10000
14/14 - 7s - loss: 6.0506e-04 - val_loss: 0.0110

Epoch 00360: val_loss did not improve from 0.01090
Epoch 361/10000
14/14 - 7s - loss: 6.0218e-04 - val_loss: 0.0110

Epoch 00361: val_loss did not improve from 0.01090
Epoch 362/10000
14/14 - 7s - loss: 6.0981e-04 - val_loss: 0.0112

Epoch 00362: val_loss did not improve from 0.01090
Epoch 363/10000
14/14 - 7s - loss: 6.2658e-04 - val_loss: 0.0109

Epoch 00363: val_loss improved from 0.01090 to 0.01086, saving model to ./CAE_models/thk_SOBEL/ckpt
Epoch 364/10000
14/14 - 7s - loss: 6.1791e-04 - val_loss: 0.0109

Epoch 00364: val_loss did not improve from 0.01086
Epoch 365/10000
14/14 - 7s - loss: 6.1003e-04 - val_loss: 0.0110

Epoch 00365: val_loss did not improve from 0.01086
Epoch 366/10000
14/14 - 7s - loss: 6.0884e-04 - val_loss: 0.0112

Epoch 00366: val_loss did not improve from 0.01086
Epoch 367/10000
14/14 - 7s - loss: 6.0535e-04 - val_loss: 0.0109

Epoch 00367: val_loss did not improve from 0.01086
Epoch 368/10000
14/14 - 7s - loss: 6.0920e-04 - val_loss: 0.0110

Epoch 00368: val_loss did not improve from 0.01086
Epoch 369/10000
14/14 - 7s - loss: 5.9994e-04 - val_loss: 0.0109

Epoch 00369: val_loss did not improve from 0.01086
Epoch 370/10000
14/14 - 7s - loss: 5.9739e-04 - val_loss: 0.0109

Epoch 00370: val_loss did not improve from 0.01086
Epoch 371/10000
14/14 - 7s - loss: 5.9696e-04 - val_loss: 0.0109

Epoch 00371: val_loss did not improve from 0.01086
Epoch 372/10000
14/14 - 7s - loss: 6.4654e-04 - val_loss: 0.0113

Epoch 00372: val_loss did not improve from 0.01086
Epoch 373/10000
14/14 - 7s - loss: 6.1626e-04 - val_loss: 0.0112

Epoch 00373: val_loss did not improve from 0.01086
Epoch 374/10000
14/14 - 7s - loss: 5.9986e-04 - val_loss: 0.0110

Epoch 00374: val_loss did not improve from 0.01086
Epoch 375/10000
14/14 - 7s - loss: 6.0275e-04 - val_loss: 0.0111

Epoch 00375: val_loss did not improve from 0.01086
Epoch 376/10000
14/14 - 7s - loss: 5.9855e-04 - val_loss: 0.0110

Epoch 00376: val_loss did not improve from 0.01086
Epoch 377/10000
14/14 - 7s - loss: 5.9815e-04 - val_loss: 0.0109

Epoch 00377: val_loss did not improve from 0.01086
Epoch 378/10000
14/14 - 7s - loss: 5.9804e-04 - val_loss: 0.0110

Epoch 00378: val_loss did not improve from 0.01086
Epoch 379/10000
14/14 - 7s - loss: 6.1221e-04 - val_loss: 0.0108

Epoch 00379: val_loss improved from 0.01086 to 0.01085, saving model to ./CAE_models/thk_SOBEL/ckpt
Epoch 380/10000
14/14 - 7s - loss: 5.9930e-04 - val_loss: 0.0109

Epoch 00380: val_loss did not improve from 0.01085
Epoch 381/10000
14/14 - 7s - loss: 5.9734e-04 - val_loss: 0.0109

Epoch 00381: val_loss did not improve from 0.01085
Epoch 382/10000
14/14 - 7s - loss: 5.9243e-04 - val_loss: 0.0110

Epoch 00382: val_loss did not improve from 0.01085
Epoch 383/10000
14/14 - 7s - loss: 6.3049e-04 - val_loss: 0.0110

Epoch 00383: val_loss did not improve from 0.01085
Epoch 384/10000
14/14 - 7s - loss: 6.0061e-04 - val_loss: 0.0109

Epoch 00384: val_loss did not improve from 0.01085
Epoch 385/10000
14/14 - 7s - loss: 5.9071e-04 - val_loss: 0.0109

Epoch 00385: val_loss did not improve from 0.01085
Epoch 386/10000
14/14 - 7s - loss: 5.9423e-04 - val_loss: 0.0109

Epoch 00386: val_loss did not improve from 0.01085
Epoch 387/10000
14/14 - 7s - loss: 6.0329e-04 - val_loss: 0.0108

Epoch 00387: val_loss improved from 0.01085 to 0.01077, saving model to ./CAE_models/thk_SOBEL/ckpt
Epoch 388/10000
14/14 - 7s - loss: 5.9635e-04 - val_loss: 0.0109

Epoch 00388: val_loss did not improve from 0.01077
Epoch 389/10000
14/14 - 7s - loss: 5.9535e-04 - val_loss: 0.0111

Epoch 00389: val_loss did not improve from 0.01077
Epoch 390/10000
14/14 - 7s - loss: 5.9384e-04 - val_loss: 0.0109

Epoch 00390: val_loss did not improve from 0.01077
Epoch 391/10000
14/14 - 7s - loss: 5.9583e-04 - val_loss: 0.0110

Epoch 00391: val_loss did not improve from 0.01077
Epoch 392/10000
14/14 - 7s - loss: 6.0707e-04 - val_loss: 0.0109

Epoch 00392: val_loss did not improve from 0.01077
Epoch 393/10000
14/14 - 7s - loss: 5.9381e-04 - val_loss: 0.0108

Epoch 00393: val_loss did not improve from 0.01077
Epoch 394/10000
14/14 - 7s - loss: 6.0722e-04 - val_loss: 0.0111

Epoch 00394: val_loss did not improve from 0.01077
Epoch 395/10000
14/14 - 7s - loss: 5.9203e-04 - val_loss: 0.0110

Epoch 00395: val_loss did not improve from 0.01077
Epoch 396/10000
14/14 - 7s - loss: 5.9427e-04 - val_loss: 0.0110

Epoch 00396: val_loss did not improve from 0.01077
Epoch 397/10000
14/14 - 7s - loss: 5.9175e-04 - val_loss: 0.0110

Epoch 00397: val_loss did not improve from 0.01077
Epoch 398/10000
14/14 - 7s - loss: 5.8617e-04 - val_loss: 0.0109

Epoch 00398: val_loss did not improve from 0.01077
Epoch 399/10000
14/14 - 7s - loss: 6.0410e-04 - val_loss: 0.0113

Epoch 00399: val_loss did not improve from 0.01077
Epoch 400/10000
14/14 - 7s - loss: 5.9177e-04 - val_loss: 0.0110

Epoch 00400: val_loss did not improve from 0.01077
Epoch 401/10000
14/14 - 7s - loss: 5.8396e-04 - val_loss: 0.0110

Epoch 00401: val_loss did not improve from 0.01077
Epoch 402/10000
14/14 - 7s - loss: 5.8478e-04 - val_loss: 0.0110

Epoch 00402: val_loss did not improve from 0.01077
Epoch 403/10000
14/14 - 7s - loss: 5.9108e-04 - val_loss: 0.0111

Epoch 00403: val_loss did not improve from 0.01077
Epoch 404/10000
14/14 - 7s - loss: 6.0421e-04 - val_loss: 0.0109

Epoch 00404: val_loss did not improve from 0.01077
Epoch 405/10000
14/14 - 7s - loss: 5.9348e-04 - val_loss: 0.0111

Epoch 00405: val_loss did not improve from 0.01077
Epoch 406/10000
14/14 - 7s - loss: 5.9127e-04 - val_loss: 0.0110

Epoch 00406: val_loss did not improve from 0.01077
Epoch 407/10000
14/14 - 7s - loss: 5.8200e-04 - val_loss: 0.0109

Epoch 00407: val_loss did not improve from 0.01077
Epoch 408/10000
14/14 - 7s - loss: 5.8332e-04 - val_loss: 0.0110

Epoch 00408: val_loss did not improve from 0.01077
Epoch 409/10000
14/14 - 7s - loss: 5.8020e-04 - val_loss: 0.0110

Epoch 00409: val_loss did not improve from 0.01077
Epoch 410/10000
14/14 - 7s - loss: 5.9828e-04 - val_loss: 0.0109

Epoch 00410: val_loss did not improve from 0.01077
Epoch 411/10000
14/14 - 7s - loss: 6.0025e-04 - val_loss: 0.0111

Epoch 00411: val_loss did not improve from 0.01077
Epoch 412/10000
14/14 - 7s - loss: 5.7941e-04 - val_loss: 0.0110

Epoch 00412: val_loss did not improve from 0.01077
Epoch 413/10000
14/14 - 7s - loss: 5.7969e-04 - val_loss: 0.0111

Epoch 00413: val_loss did not improve from 0.01077
Epoch 414/10000
14/14 - 7s - loss: 6.0156e-04 - val_loss: 0.0110

Epoch 00414: val_loss did not improve from 0.01077
Epoch 415/10000
14/14 - 7s - loss: 5.8582e-04 - val_loss: 0.0109

Epoch 00415: val_loss did not improve from 0.01077
Epoch 416/10000
14/14 - 7s - loss: 5.7820e-04 - val_loss: 0.0108

Epoch 00416: val_loss did not improve from 0.01077
Epoch 417/10000
14/14 - 7s - loss: 5.9711e-04 - val_loss: 0.0112

Epoch 00417: val_loss did not improve from 0.01077
Epoch 418/10000
14/14 - 7s - loss: 5.8548e-04 - val_loss: 0.0109

Epoch 00418: val_loss did not improve from 0.01077
Epoch 419/10000
14/14 - 7s - loss: 5.8074e-04 - val_loss: 0.0110

Epoch 00419: val_loss did not improve from 0.01077
Epoch 420/10000
14/14 - 7s - loss: 5.8796e-04 - val_loss: 0.0111

Epoch 00420: val_loss did not improve from 0.01077
Epoch 421/10000
14/14 - 7s - loss: 5.8447e-04 - val_loss: 0.0111

Epoch 00421: val_loss did not improve from 0.01077
Epoch 422/10000
14/14 - 7s - loss: 5.7683e-04 - val_loss: 0.0110

Epoch 00422: val_loss did not improve from 0.01077
Epoch 423/10000
14/14 - 7s - loss: 5.7482e-04 - val_loss: 0.0110

Epoch 00423: val_loss did not improve from 0.01077
Epoch 424/10000
14/14 - 7s - loss: 5.7269e-04 - val_loss: 0.0109

Epoch 00424: val_loss did not improve from 0.01077
Epoch 425/10000
14/14 - 7s - loss: 5.7357e-04 - val_loss: 0.0110

Epoch 00425: val_loss did not improve from 0.01077
Epoch 426/10000
14/14 - 7s - loss: 5.7333e-04 - val_loss: 0.0108

Epoch 00426: val_loss did not improve from 0.01077
Epoch 427/10000
14/14 - 7s - loss: 5.9165e-04 - val_loss: 0.0111

Epoch 00427: val_loss did not improve from 0.01077
Epoch 428/10000
14/14 - 7s - loss: 6.0080e-04 - val_loss: 0.0109

Epoch 00428: val_loss did not improve from 0.01077
Epoch 429/10000
14/14 - 7s - loss: 5.7965e-04 - val_loss: 0.0109

Epoch 00429: val_loss did not improve from 0.01077
Epoch 430/10000
14/14 - 7s - loss: 5.7709e-04 - val_loss: 0.0110

Epoch 00430: val_loss did not improve from 0.01077
Epoch 431/10000
14/14 - 7s - loss: 5.7926e-04 - val_loss: 0.0113

Epoch 00431: val_loss did not improve from 0.01077
Epoch 432/10000
14/14 - 7s - loss: 5.7752e-04 - val_loss: 0.0110

Epoch 00432: val_loss did not improve from 0.01077
Epoch 433/10000
14/14 - 7s - loss: 5.7338e-04 - val_loss: 0.0111

Epoch 00433: val_loss did not improve from 0.01077
Epoch 434/10000
14/14 - 7s - loss: 5.7345e-04 - val_loss: 0.0109

Epoch 00434: val_loss did not improve from 0.01077
Epoch 435/10000
14/14 - 7s - loss: 5.7791e-04 - val_loss: 0.0111

Epoch 00435: val_loss did not improve from 0.01077
Epoch 436/10000
14/14 - 7s - loss: 5.7230e-04 - val_loss: 0.0109

Epoch 00436: val_loss did not improve from 0.01077
Epoch 437/10000
14/14 - 7s - loss: 5.6961e-04 - val_loss: 0.0108

Epoch 00437: val_loss did not improve from 0.01077
Epoch 00437: early stopping
Model: "model_2"
_________________________________________________________________
Layer (type)                 Output Shape              Param #   
=================================================================
input_4 (InputLayer)         [(None, 7, 7, 6, 1)]      0         
_________________________________________________________________
zero_padding3d_1 (ZeroPaddin (None, 8, 8, 8, 1)        0         
_________________________________________________________________
conv3d_6 (Conv3D)            (None, 8, 8, 8, 8)        224       
_________________________________________________________________
max_pooling3d_2 (MaxPooling3 (None, 4, 4, 4, 8)        0         
_________________________________________________________________
conv3d_7 (Conv3D)            (None, 4, 4, 4, 4)        868       
_________________________________________________________________
max_pooling3d_3 (MaxPooling3 (None, 2, 2, 2, 4)        0         
_________________________________________________________________
conv3d_8 (Conv3D)            (None, 2, 2, 2, 4)        436       
=================================================================
Total params: 1,528
Trainable params: 1,528
Non-trainable params: 0
_________________________________________________________________
Performance on train dataset (mean error): 0.004627849906682968
Model: "model_3"
_________________________________________________________________
Layer (type)                 Output Shape              Param #   
=================================================================
input_4 (InputLayer)         [(None, 7, 7, 6, 1)]      0         
_________________________________________________________________
zero_padding3d_1 (ZeroPaddin (None, 8, 8, 8, 1)        0         
_________________________________________________________________
conv3d_6 (Conv3D)            (None, 8, 8, 8, 8)        224       
_________________________________________________________________
max_pooling3d_2 (MaxPooling3 (None, 4, 4, 4, 8)        0         
_________________________________________________________________
conv3d_7 (Conv3D)            (None, 4, 4, 4, 4)        868       
_________________________________________________________________
max_pooling3d_3 (MaxPooling3 (None, 2, 2, 2, 4)        0         
_________________________________________________________________
conv3d_8 (Conv3D)            (None, 2, 2, 2, 4)        436       
=================================================================
Total params: 1,528
Trainable params: 1,528
Non-trainable params: 0
_________________________________________________________________
Performance on test dataset (mean error): 0.023552311584353447
