[ 13.14088385  30.21795131  46.87850492  63.53905854  80.19961216
  96.86016577 113.52071939 130.181273   146.84182662 163.50238024
 180.16293385 196.82348747 213.48404109 230.1445947  246.80514832
 263.46570194 280.12625555 296.78680917 313.44736279 330.1079164
 346.76847002 363.42902363 380.08957725 396.75013087 413.41068448
 430.0712381 ]
Before undersampling: [(0, 379), (1, 843), (2, 3574), (3, 4722), (4, 3014), (5, 2364), (6, 2085), (7, 1796), (8, 1589), (9, 1446), (10, 1372), (11, 1271), (12, 1163), (13, 1050), (14, 878), (15, 802), (16, 678), (17, 642), (18, 453), (19, 423), (20, 312), (21, 282), (22, 244), (23, 187), (24, 211)]
After undersampling: [(0, 186), (1, 500), (2, 2684), (3, 3403), (4, 2022), (5, 1714), (6, 1515), (7, 1255), (8, 1156), (9, 1027), (10, 1000), (11, 915), (12, 824), (13, 753), (14, 641), (15, 566), (16, 444), (17, 469), (18, 299), (19, 302), (20, 194), (21, 183), (22, 171), (23, 187), (24, 166)]
            label  HH_0_0_x  HV_0_0_x  IA_0_0_x       FYI      DFYI       MYI     rms_4     thk_0     rms_0     thk_1     rms_1     thk_2     rms_2  ...         3    4    5         6         7    8    9        10        11   12   13        14        15                                                CNN
0       16.666945  0.172549  0.062745  0.115037  0.655747  0.275648  0.068605  4.612920  1.244433  4.561013  1.146588  4.627724  1.224722  4.610209  ...  0.563411  0.0  0.0  1.213444  0.786530  0.0  0.0  2.005367  1.130647  0.0  0.0  1.202219  0.371524  [[[[0.1568627450980392], [0.1149990306181066],...
1       16.032178  0.258824  0.058824  0.098643  0.013702  0.960049  0.026249  5.143617  1.369974  5.064260  1.336159  5.081282  1.347506  5.088224  ...  0.959919  0.0  0.0  1.902993  0.587350  0.0  0.0  2.008363  0.937354  0.0  0.0  1.321722  0.858297  [[[[0.2196078431372549], [0.0986026090734145],...
2       18.813709  0.419608  0.109804  0.114554  0.051760  0.024235  0.924006  4.974965  1.371407  4.938624  1.364350  5.002564  1.430465  4.943228  ...  0.621321  0.0  0.0  1.210156  0.823779  0.0  0.0  1.928699  0.818819  0.0  0.0  1.658561  0.351946  [[[[0.4980392156862745], [0.114515656115962], ...
3       29.620795  0.250980  0.039216  0.113295  0.972618  0.015166  0.012215  4.414264  1.185906  4.372270  1.116652  4.413030  1.156222  4.386218  ...  1.240519  0.0  0.0  1.320710  0.341833  0.0  0.0  2.272905  1.302737  0.0  0.0  1.671396  1.260326  [[[[0.1294117647058823], [0.1132563497505936],...
4       19.719038  0.270588  0.050980  0.108753  0.454729  0.433805  0.111465  4.788290  1.268760  4.755576  1.184664  4.778947  1.236281  4.795171  ...  1.095340  0.0  0.0  1.718053  1.146677  0.0  0.0  1.837013  1.015184  0.0  0.0  1.297710  0.179316  [[[[0.2078431372549019], [0.1087152144488166],...
...           ...       ...       ...       ...       ...       ...       ...       ...       ...       ...       ...       ...       ...       ...  ...       ...  ...  ...       ...       ...  ...  ...       ...       ...  ...  ...       ...       ...                                                ...
22571  428.865028  0.349020  0.109804  0.081155  0.004640  0.000334  0.995026  4.787060  1.245145  4.810486  1.252665  4.788354  1.200892  4.807942  ...  1.710262  0.0  0.0  2.248280  0.666799  0.0  0.0  2.508874  1.536116  0.0  0.0  1.998454  1.064334  [[[[0.192156862745098], [0.0811967213948567], ...
22572  413.850629  0.239216  0.047059  0.081085  0.157408  0.002705  0.839887  4.849369  1.230891  4.815511  1.236065  4.834187  1.154880  4.856359  ...  1.399135  0.0  0.0  2.102352  1.346529  0.0  0.0  2.242782  1.332157  0.0  0.0  1.673444  0.672915  [[[[0.3411764705882353], [0.0811269049550972],...
22573  424.042418  0.282353  0.066667  0.149433  0.555378  0.061723  0.382898  4.745192  1.222057  4.787378  1.178521  4.759353  1.130159  4.768372  ...  1.048151  0.0  0.0  1.759950  0.344755  0.0  0.0  1.782739  1.367052  0.0  0.0  1.763050  1.095051  [[[[0.2], [0.1494652841605392], [0.06666666666...
22574  417.027580  0.505882  0.090196  0.152162  0.185910  0.031902  0.782188  4.576776  1.370211  4.565451  1.247807  4.591804  1.303041  4.500836  ...  1.035264  0.0  0.0  2.001448  1.379296  0.0  0.0  2.745631  1.093121  0.0  0.0  1.564485  0.810498  [[[[0.4196078431372549], [0.15219440834195], [...
22575  417.866263  0.392157  0.125490  0.152184  0.189279  0.051355  0.759366  4.680828  1.327381  4.718710  1.239168  4.706189  1.251273  4.641803  ...  1.124182  0.0  0.0  2.480716  1.210371  0.0  0.0  2.433277  1.084279  0.0  0.0  1.615430  0.530238  [[[[0.3490196078431372], [0.1522158155254289],...

[22576 rows x 37 columns]
Size of dataset: (22576, 36)
*************************** Fold #: 1 ***************************
Model: "model"
__________________________________________________________________________________________________
 Layer (type)                   Output Shape         Param #     Connected to                     
==================================================================================================
 conv (InputLayer)              [(None, 7, 7, 3, 1)  0           []                               
                                ]                                                                 
                                                                                                  
 zero_padding3d (ZeroPadding3D)  (None, 8, 8, 4, 1)  0           ['conv[0][0]']                   
                                                                                                  
 conv3d (Conv3D)                (None, 8, 8, 4, 8)   224         ['zero_padding3d[0][0]']         
                                                                                                  
 max_pooling3d (MaxPooling3D)   (None, 4, 4, 2, 8)   0           ['conv3d[0][0]']                 
                                                                                                  
 conv3d_1 (Conv3D)              (None, 4, 4, 2, 4)   868         ['max_pooling3d[0][0]']          
                                                                                                  
 max_pooling3d_1 (MaxPooling3D)  (None, 2, 2, 1, 4)  0           ['conv3d_1[0][0]']               
                                                                                                  
 cat (InputLayer)               [(None, 35)]         0           []                               
                                                                                                  
 flatten (Flatten)              (None, 16)           0           ['max_pooling3d_1[0][0]']        
                                                                                                  
 concatenate (Concatenate)      (None, 51)           0           ['cat[0][0]',                    
                                                                  'flatten[0][0]']                
                                                                                                  
 dense (Dense)                  (None, 102)          5304        ['concatenate[0][0]']            
                                                                                                  
 dense_1 (Dense)                (None, 102)          10506       ['dense[0][0]']                  
                                                                                                  
 dense_2 (Dense)                (None, 102)          10506       ['dense_1[0][0]']                
                                                                                                  
 dense_3 (Dense)                (None, 102)          10506       ['dense_2[0][0]']                
                                                                                                  
 dense_4 (Dense)                (None, 102)          10506       ['dense_3[0][0]']                
                                                                                                  
 dense_5 (Dense)                (None, 1)            103         ['dense_4[0][0]']                
                                                                                                  
==================================================================================================
Total params: 48,523
Trainable params: 48,523
Non-trainable params: 0
__________________________________________________________________________________________________
Epoch 1/10000

Epoch 1: val_loss improved from inf to 18.57554, saving model to ./results/NN_rms_regr/RNN/recursion_19/ckpt_1
12/12 - 3s - loss: 22.6857 - mse: 22.6857 - mae: 4.7225 - val_loss: 18.5755 - val_mse: 18.5755 - val_mae: 4.2688 - 3s/epoch - 274ms/step
Epoch 2/10000

Epoch 2: val_loss improved from 18.57554 to 4.81819, saving model to ./results/NN_rms_regr/RNN/recursion_19/ckpt_1
12/12 - 3s - loss: 8.6386 - mse: 8.6386 - mae: 2.5777 - val_loss: 4.8182 - val_mse: 4.8182 - val_mae: 2.1185 - 3s/epoch - 229ms/step
Epoch 3/10000

Epoch 3: val_loss improved from 4.81819 to 1.44191, saving model to ./results/NN_rms_regr/RNN/recursion_19/ckpt_1
12/12 - 3s - loss: 1.7483 - mse: 1.7483 - mae: 1.1188 - val_loss: 1.4419 - val_mse: 1.4419 - val_mae: 1.0736 - 3s/epoch - 228ms/step
Epoch 4/10000

Epoch 4: val_loss improved from 1.44191 to 0.41406, saving model to ./results/NN_rms_regr/RNN/recursion_19/ckpt_1
12/12 - 3s - loss: 0.7219 - mse: 0.7219 - mae: 0.6968 - val_loss: 0.4141 - val_mse: 0.4141 - val_mae: 0.5270 - 3s/epoch - 228ms/step
Epoch 5/10000

Epoch 5: val_loss improved from 0.41406 to 0.30533, saving model to ./results/NN_rms_regr/RNN/recursion_19/ckpt_1
12/12 - 3s - loss: 0.4230 - mse: 0.4230 - mae: 0.5238 - val_loss: 0.3053 - val_mse: 0.3053 - val_mae: 0.4553 - 3s/epoch - 228ms/step
Epoch 6/10000

Epoch 6: val_loss did not improve from 0.30533
12/12 - 2s - loss: 0.3288 - mse: 0.3288 - mae: 0.4699 - val_loss: 0.3262 - val_mse: 0.3262 - val_mae: 0.4657 - 2s/epoch - 167ms/step
Epoch 7/10000

Epoch 7: val_loss did not improve from 0.30533
12/12 - 2s - loss: 0.3207 - mse: 0.3207 - mae: 0.4616 - val_loss: 0.3128 - val_mse: 0.3128 - val_mae: 0.4608 - 2s/epoch - 168ms/step
Epoch 8/10000

Epoch 8: val_loss improved from 0.30533 to 0.30334, saving model to ./results/NN_rms_regr/RNN/recursion_19/ckpt_1
12/12 - 3s - loss: 0.3083 - mse: 0.3083 - mae: 0.4554 - val_loss: 0.3033 - val_mse: 0.3033 - val_mae: 0.4537 - 3s/epoch - 229ms/step
Epoch 9/10000

Epoch 9: val_loss did not improve from 0.30334
12/12 - 2s - loss: 0.3076 - mse: 0.3076 - mae: 0.4551 - val_loss: 0.3047 - val_mse: 0.3047 - val_mae: 0.4533 - 2s/epoch - 166ms/step
Epoch 10/10000

Epoch 10: val_loss improved from 0.30334 to 0.30227, saving model to ./results/NN_rms_regr/RNN/recursion_19/ckpt_1
12/12 - 3s - loss: 0.3034 - mse: 0.3034 - mae: 0.4516 - val_loss: 0.3023 - val_mse: 0.3023 - val_mae: 0.4518 - 3s/epoch - 242ms/step
Epoch 11/10000

Epoch 11: val_loss improved from 0.30227 to 0.30037, saving model to ./results/NN_rms_regr/RNN/recursion_19/ckpt_1
12/12 - 3s - loss: 0.3020 - mse: 0.3020 - mae: 0.4505 - val_loss: 0.3004 - val_mse: 0.3004 - val_mae: 0.4509 - 3s/epoch - 242ms/step
Epoch 12/10000

Epoch 12: val_loss improved from 0.30037 to 0.29966, saving model to ./results/NN_rms_regr/RNN/recursion_19/ckpt_1
12/12 - 3s - loss: 0.3004 - mse: 0.3004 - mae: 0.4491 - val_loss: 0.2997 - val_mse: 0.2997 - val_mae: 0.4502 - 3s/epoch - 243ms/step
Epoch 13/10000

Epoch 13: val_loss improved from 0.29966 to 0.29880, saving model to ./results/NN_rms_regr/RNN/recursion_19/ckpt_1
12/12 - 3s - loss: 0.2995 - mse: 0.2995 - mae: 0.4486 - val_loss: 0.2988 - val_mse: 0.2988 - val_mae: 0.4491 - 3s/epoch - 235ms/step
Epoch 14/10000

Epoch 14: val_loss did not improve from 0.29880
12/12 - 2s - loss: 0.2984 - mse: 0.2984 - mae: 0.4476 - val_loss: 0.2990 - val_mse: 0.2990 - val_mae: 0.4487 - 2s/epoch - 167ms/step
Epoch 15/10000

Epoch 15: val_loss did not improve from 0.29880
12/12 - 2s - loss: 0.2991 - mse: 0.2991 - mae: 0.4472 - val_loss: 0.3005 - val_mse: 0.3005 - val_mae: 0.4505 - 2s/epoch - 167ms/step
Epoch 16/10000

Epoch 16: val_loss improved from 0.29880 to 0.29702, saving model to ./results/NN_rms_regr/RNN/recursion_19/ckpt_1
12/12 - 3s - loss: 0.2983 - mse: 0.2983 - mae: 0.4470 - val_loss: 0.2970 - val_mse: 0.2970 - val_mae: 0.4477 - 3s/epoch - 242ms/step
Epoch 17/10000

Epoch 17: val_loss improved from 0.29702 to 0.29559, saving model to ./results/NN_rms_regr/RNN/recursion_19/ckpt_1
12/12 - 3s - loss: 0.2970 - mse: 0.2970 - mae: 0.4462 - val_loss: 0.2956 - val_mse: 0.2956 - val_mae: 0.4463 - 3s/epoch - 236ms/step
Epoch 18/10000

Epoch 18: val_loss did not improve from 0.29559
12/12 - 2s - loss: 0.2958 - mse: 0.2958 - mae: 0.4449 - val_loss: 0.2969 - val_mse: 0.2969 - val_mae: 0.4462 - 2s/epoch - 167ms/step
Epoch 19/10000

Epoch 19: val_loss improved from 0.29559 to 0.29488, saving model to ./results/NN_rms_regr/RNN/recursion_19/ckpt_1
12/12 - 3s - loss: 0.2947 - mse: 0.2947 - mae: 0.4442 - val_loss: 0.2949 - val_mse: 0.2949 - val_mae: 0.4449 - 3s/epoch - 240ms/step
Epoch 20/10000

Epoch 20: val_loss did not improve from 0.29488
12/12 - 2s - loss: 0.2946 - mse: 0.2946 - mae: 0.4435 - val_loss: 0.2975 - val_mse: 0.2975 - val_mae: 0.4474 - 2s/epoch - 167ms/step
Epoch 21/10000

Epoch 21: val_loss did not improve from 0.29488
12/12 - 2s - loss: 0.2953 - mse: 0.2953 - mae: 0.4436 - val_loss: 0.3027 - val_mse: 0.3027 - val_mae: 0.4509 - 2s/epoch - 167ms/step
Epoch 22/10000

Epoch 22: val_loss improved from 0.29488 to 0.29288, saving model to ./results/NN_rms_regr/RNN/recursion_19/ckpt_1
12/12 - 3s - loss: 0.2981 - mse: 0.2981 - mae: 0.4459 - val_loss: 0.2929 - val_mse: 0.2929 - val_mae: 0.4430 - 3s/epoch - 241ms/step
Epoch 23/10000

Epoch 23: val_loss improved from 0.29288 to 0.29286, saving model to ./results/NN_rms_regr/RNN/recursion_19/ckpt_1
12/12 - 3s - loss: 0.2916 - mse: 0.2916 - mae: 0.4411 - val_loss: 0.2929 - val_mse: 0.2929 - val_mae: 0.4427 - 3s/epoch - 242ms/step
Epoch 24/10000

Epoch 24: val_loss improved from 0.29286 to 0.29213, saving model to ./results/NN_rms_regr/RNN/recursion_19/ckpt_1
12/12 - 3s - loss: 0.2922 - mse: 0.2922 - mae: 0.4413 - val_loss: 0.2921 - val_mse: 0.2921 - val_mae: 0.4420 - 3s/epoch - 243ms/step
Epoch 25/10000

Epoch 25: val_loss improved from 0.29213 to 0.29102, saving model to ./results/NN_rms_regr/RNN/recursion_19/ckpt_1
12/12 - 3s - loss: 0.2920 - mse: 0.2920 - mae: 0.4408 - val_loss: 0.2910 - val_mse: 0.2910 - val_mae: 0.4413 - 3s/epoch - 235ms/step
Epoch 26/10000

Epoch 26: val_loss did not improve from 0.29102
12/12 - 2s - loss: 0.2898 - mse: 0.2898 - mae: 0.4391 - val_loss: 0.2916 - val_mse: 0.2916 - val_mae: 0.4419 - 2s/epoch - 167ms/step
Epoch 27/10000

Epoch 27: val_loss did not improve from 0.29102
12/12 - 2s - loss: 0.2904 - mse: 0.2904 - mae: 0.4396 - val_loss: 0.2931 - val_mse: 0.2931 - val_mae: 0.4430 - 2s/epoch - 167ms/step
Epoch 28/10000

Epoch 28: val_loss improved from 0.29102 to 0.29053, saving model to ./results/NN_rms_regr/RNN/recursion_19/ckpt_1
12/12 - 3s - loss: 0.2926 - mse: 0.2926 - mae: 0.4409 - val_loss: 0.2905 - val_mse: 0.2905 - val_mae: 0.4408 - 3s/epoch - 242ms/step
Epoch 29/10000

Epoch 29: val_loss did not improve from 0.29053
12/12 - 2s - loss: 0.2912 - mse: 0.2912 - mae: 0.4397 - val_loss: 0.2911 - val_mse: 0.2911 - val_mae: 0.4403 - 2s/epoch - 167ms/step
Epoch 30/10000

Epoch 30: val_loss did not improve from 0.29053
12/12 - 2s - loss: 0.2908 - mse: 0.2908 - mae: 0.4389 - val_loss: 0.2919 - val_mse: 0.2919 - val_mae: 0.4405 - 2s/epoch - 168ms/step
Epoch 31/10000

Epoch 31: val_loss did not improve from 0.29053
12/12 - 2s - loss: 0.2892 - mse: 0.2892 - mae: 0.4379 - val_loss: 0.2916 - val_mse: 0.2916 - val_mae: 0.4402 - 2s/epoch - 167ms/step
Epoch 32/10000

Epoch 32: val_loss did not improve from 0.29053
12/12 - 2s - loss: 0.2884 - mse: 0.2884 - mae: 0.4369 - val_loss: 0.2963 - val_mse: 0.2963 - val_mae: 0.4427 - 2s/epoch - 167ms/step
Epoch 33/10000

Epoch 33: val_loss did not improve from 0.29053
12/12 - 2s - loss: 0.2940 - mse: 0.2940 - mae: 0.4411 - val_loss: 0.2937 - val_mse: 0.2937 - val_mae: 0.4410 - 2s/epoch - 167ms/step
Epoch 34/10000

Epoch 34: val_loss improved from 0.29053 to 0.28940, saving model to ./results/NN_rms_regr/RNN/recursion_19/ckpt_1
12/12 - 3s - loss: 0.2885 - mse: 0.2885 - mae: 0.4372 - val_loss: 0.2894 - val_mse: 0.2894 - val_mae: 0.4384 - 3s/epoch - 236ms/step
Epoch 35/10000

Epoch 35: val_loss improved from 0.28940 to 0.28756, saving model to ./results/NN_rms_regr/RNN/recursion_19/ckpt_1
12/12 - 3s - loss: 0.2862 - mse: 0.2862 - mae: 0.4353 - val_loss: 0.2876 - val_mse: 0.2876 - val_mae: 0.4374 - 3s/epoch - 241ms/step
Epoch 36/10000

Epoch 36: val_loss improved from 0.28756 to 0.28734, saving model to ./results/NN_rms_regr/RNN/recursion_19/ckpt_1
12/12 - 3s - loss: 0.2867 - mse: 0.2867 - mae: 0.4354 - val_loss: 0.2873 - val_mse: 0.2873 - val_mae: 0.4371 - 3s/epoch - 241ms/step
Epoch 37/10000

Epoch 37: val_loss improved from 0.28734 to 0.28713, saving model to ./results/NN_rms_regr/RNN/recursion_19/ckpt_1
12/12 - 3s - loss: 0.2856 - mse: 0.2856 - mae: 0.4346 - val_loss: 0.2871 - val_mse: 0.2871 - val_mae: 0.4368 - 3s/epoch - 244ms/step
Epoch 38/10000

Epoch 38: val_loss did not improve from 0.28713
12/12 - 2s - loss: 0.2853 - mse: 0.2853 - mae: 0.4344 - val_loss: 0.2882 - val_mse: 0.2882 - val_mae: 0.4379 - 2s/epoch - 167ms/step
Epoch 39/10000

Epoch 39: val_loss did not improve from 0.28713
12/12 - 2s - loss: 0.2869 - mse: 0.2869 - mae: 0.4357 - val_loss: 0.2886 - val_mse: 0.2886 - val_mae: 0.4381 - 2s/epoch - 167ms/step
Epoch 40/10000

Epoch 40: val_loss improved from 0.28713 to 0.28647, saving model to ./results/NN_rms_regr/RNN/recursion_19/ckpt_1
12/12 - 3s - loss: 0.2860 - mse: 0.2860 - mae: 0.4346 - val_loss: 0.2865 - val_mse: 0.2865 - val_mae: 0.4363 - 3s/epoch - 236ms/step
Epoch 41/10000

Epoch 41: val_loss improved from 0.28647 to 0.28636, saving model to ./results/NN_rms_regr/RNN/recursion_19/ckpt_1
12/12 - 3s - loss: 0.2857 - mse: 0.2857 - mae: 0.4342 - val_loss: 0.2864 - val_mse: 0.2864 - val_mae: 0.4361 - 3s/epoch - 242ms/step
Epoch 42/10000

Epoch 42: val_loss did not improve from 0.28636
12/12 - 2s - loss: 0.2847 - mse: 0.2847 - mae: 0.4332 - val_loss: 0.2864 - val_mse: 0.2864 - val_mae: 0.4359 - 2s/epoch - 168ms/step
Epoch 43/10000

Epoch 43: val_loss did not improve from 0.28636
12/12 - 2s - loss: 0.2845 - mse: 0.2845 - mae: 0.4332 - val_loss: 0.2878 - val_mse: 0.2878 - val_mae: 0.4370 - 2s/epoch - 167ms/step
Epoch 44/10000

Epoch 44: val_loss did not improve from 0.28636
12/12 - 2s - loss: 0.2844 - mse: 0.2844 - mae: 0.4329 - val_loss: 0.2873 - val_mse: 0.2873 - val_mae: 0.4359 - 2s/epoch - 168ms/step
Epoch 45/10000

Epoch 45: val_loss did not improve from 0.28636
12/12 - 2s - loss: 0.2850 - mse: 0.2850 - mae: 0.4332 - val_loss: 0.2884 - val_mse: 0.2884 - val_mae: 0.4365 - 2s/epoch - 167ms/step
Epoch 46/10000

Epoch 46: val_loss did not improve from 0.28636
12/12 - 2s - loss: 0.2856 - mse: 0.2856 - mae: 0.4337 - val_loss: 0.2877 - val_mse: 0.2877 - val_mae: 0.4360 - 2s/epoch - 167ms/step
Epoch 47/10000

Epoch 47: val_loss did not improve from 0.28636
12/12 - 2s - loss: 0.2847 - mse: 0.2847 - mae: 0.4330 - val_loss: 0.2965 - val_mse: 0.2965 - val_mae: 0.4434 - 2s/epoch - 167ms/step
Epoch 48/10000

Epoch 48: val_loss did not improve from 0.28636
12/12 - 2s - loss: 0.2985 - mse: 0.2985 - mae: 0.4428 - val_loss: 0.3104 - val_mse: 0.3104 - val_mae: 0.4533 - 2s/epoch - 168ms/step
Epoch 49/10000

Epoch 49: val_loss did not improve from 0.28636
12/12 - 2s - loss: 0.2905 - mse: 0.2905 - mae: 0.4371 - val_loss: 0.2874 - val_mse: 0.2874 - val_mae: 0.4358 - 2s/epoch - 168ms/step
Epoch 50/10000

Epoch 50: val_loss did not improve from 0.28636
12/12 - 2s - loss: 0.2897 - mse: 0.2897 - mae: 0.4368 - val_loss: 0.2883 - val_mse: 0.2883 - val_mae: 0.4365 - 2s/epoch - 167ms/step
Epoch 51/10000

Epoch 51: val_loss did not improve from 0.28636
12/12 - 2s - loss: 0.2852 - mse: 0.2852 - mae: 0.4337 - val_loss: 0.2873 - val_mse: 0.2873 - val_mae: 0.4360 - 2s/epoch - 167ms/step
Epoch 52/10000

Epoch 52: val_loss improved from 0.28636 to 0.28629, saving model to ./results/NN_rms_regr/RNN/recursion_19/ckpt_1
12/12 - 3s - loss: 0.2844 - mse: 0.2844 - mae: 0.4326 - val_loss: 0.2863 - val_mse: 0.2863 - val_mae: 0.4361 - 3s/epoch - 242ms/step
Epoch 53/10000

Epoch 53: val_loss improved from 0.28629 to 0.28532, saving model to ./results/NN_rms_regr/RNN/recursion_19/ckpt_1
12/12 - 3s - loss: 0.2852 - mse: 0.2852 - mae: 0.4338 - val_loss: 0.2853 - val_mse: 0.2853 - val_mae: 0.4350 - 3s/epoch - 236ms/step
Epoch 54/10000

Epoch 54: val_loss did not improve from 0.28532
12/12 - 2s - loss: 0.2846 - mse: 0.2846 - mae: 0.4332 - val_loss: 0.2880 - val_mse: 0.2880 - val_mae: 0.4363 - 2s/epoch - 167ms/step
Epoch 55/10000

Epoch 55: val_loss did not improve from 0.28532
12/12 - 2s - loss: 0.2861 - mse: 0.2861 - mae: 0.4340 - val_loss: 0.3016 - val_mse: 0.3016 - val_mae: 0.4442 - 2s/epoch - 167ms/step
Epoch 56/10000

Epoch 56: val_loss did not improve from 0.28532
12/12 - 2s - loss: 0.2887 - mse: 0.2887 - mae: 0.4356 - val_loss: 0.2892 - val_mse: 0.2892 - val_mae: 0.4369 - 2s/epoch - 167ms/step
Epoch 57/10000

Epoch 57: val_loss did not improve from 0.28532
12/12 - 2s - loss: 0.2836 - mse: 0.2836 - mae: 0.4322 - val_loss: 0.2858 - val_mse: 0.2858 - val_mae: 0.4351 - 2s/epoch - 167ms/step
Epoch 58/10000

Epoch 58: val_loss did not improve from 0.28532
12/12 - 2s - loss: 0.2837 - mse: 0.2837 - mae: 0.4323 - val_loss: 0.3049 - val_mse: 0.3049 - val_mae: 0.4462 - 2s/epoch - 168ms/step
Epoch 59/10000

Epoch 59: val_loss improved from 0.28532 to 0.28524, saving model to ./results/NN_rms_regr/RNN/recursion_19/ckpt_1
12/12 - 3s - loss: 0.2978 - mse: 0.2978 - mae: 0.4418 - val_loss: 0.2852 - val_mse: 0.2852 - val_mae: 0.4349 - 3s/epoch - 241ms/step
Epoch 60/10000

Epoch 60: val_loss improved from 0.28524 to 0.28488, saving model to ./results/NN_rms_regr/RNN/recursion_19/ckpt_1
12/12 - 3s - loss: 0.2854 - mse: 0.2854 - mae: 0.4336 - val_loss: 0.2849 - val_mse: 0.2849 - val_mae: 0.4348 - 3s/epoch - 241ms/step
Epoch 61/10000

Epoch 61: val_loss did not improve from 0.28488
12/12 - 2s - loss: 0.2841 - mse: 0.2841 - mae: 0.4323 - val_loss: 0.2865 - val_mse: 0.2865 - val_mae: 0.4362 - 2s/epoch - 168ms/step
Epoch 62/10000

Epoch 62: val_loss did not improve from 0.28488
12/12 - 2s - loss: 0.2852 - mse: 0.2852 - mae: 0.4332 - val_loss: 0.2950 - val_mse: 0.2950 - val_mae: 0.4425 - 2s/epoch - 167ms/step
Epoch 63/10000

Epoch 63: val_loss did not improve from 0.28488
12/12 - 2s - loss: 0.2870 - mse: 0.2870 - mae: 0.4342 - val_loss: 0.2862 - val_mse: 0.2862 - val_mae: 0.4349 - 2s/epoch - 168ms/step
Epoch 64/10000

Epoch 64: val_loss improved from 0.28488 to 0.28482, saving model to ./results/NN_rms_regr/RNN/recursion_19/ckpt_1
12/12 - 3s - loss: 0.2868 - mse: 0.2868 - mae: 0.4341 - val_loss: 0.2848 - val_mse: 0.2848 - val_mae: 0.4344 - 3s/epoch - 235ms/step
Epoch 65/10000

Epoch 65: val_loss did not improve from 0.28482
12/12 - 2s - loss: 0.2875 - mse: 0.2875 - mae: 0.4347 - val_loss: 0.2888 - val_mse: 0.2888 - val_mae: 0.4377 - 2s/epoch - 167ms/step
Epoch 66/10000

Epoch 66: val_loss did not improve from 0.28482
12/12 - 2s - loss: 0.2839 - mse: 0.2839 - mae: 0.4323 - val_loss: 0.2906 - val_mse: 0.2906 - val_mae: 0.4373 - 2s/epoch - 167ms/step
Epoch 67/10000

Epoch 67: val_loss improved from 0.28482 to 0.28474, saving model to ./results/NN_rms_regr/RNN/recursion_19/ckpt_1
12/12 - 3s - loss: 0.2880 - mse: 0.2880 - mae: 0.4351 - val_loss: 0.2847 - val_mse: 0.2847 - val_mae: 0.4344 - 3s/epoch - 240ms/step
Epoch 68/10000

Epoch 68: val_loss did not improve from 0.28474
12/12 - 2s - loss: 0.2859 - mse: 0.2859 - mae: 0.4343 - val_loss: 0.2862 - val_mse: 0.2862 - val_mae: 0.4358 - 2s/epoch - 168ms/step
Epoch 69/10000

Epoch 69: val_loss did not improve from 0.28474
12/12 - 2s - loss: 0.2850 - mse: 0.2850 - mae: 0.4330 - val_loss: 0.3112 - val_mse: 0.3112 - val_mae: 0.4499 - 2s/epoch - 167ms/step
Epoch 70/10000

Epoch 70: val_loss improved from 0.28474 to 0.28452, saving model to ./results/NN_rms_regr/RNN/recursion_19/ckpt_1
12/12 - 3s - loss: 0.2942 - mse: 0.2942 - mae: 0.4389 - val_loss: 0.2845 - val_mse: 0.2845 - val_mae: 0.4344 - 3s/epoch - 241ms/step
Epoch 71/10000

Epoch 71: val_loss did not improve from 0.28452
12/12 - 2s - loss: 0.2829 - mse: 0.2829 - mae: 0.4318 - val_loss: 0.2861 - val_mse: 0.2861 - val_mae: 0.4351 - 2s/epoch - 168ms/step
Epoch 72/10000

Epoch 72: val_loss did not improve from 0.28452
12/12 - 2s - loss: 0.2844 - mse: 0.2844 - mae: 0.4328 - val_loss: 0.2945 - val_mse: 0.2945 - val_mae: 0.4425 - 2s/epoch - 167ms/step
Epoch 73/10000

Epoch 73: val_loss did not improve from 0.28452
12/12 - 2s - loss: 0.2953 - mse: 0.2953 - mae: 0.4408 - val_loss: 0.2949 - val_mse: 0.2949 - val_mae: 0.4427 - 2s/epoch - 168ms/step
Epoch 74/10000

Epoch 74: val_loss did not improve from 0.28452
12/12 - 2s - loss: 0.2880 - mse: 0.2880 - mae: 0.4353 - val_loss: 0.2942 - val_mse: 0.2942 - val_mae: 0.4396 - 2s/epoch - 167ms/step
Epoch 75/10000

Epoch 75: val_loss did not improve from 0.28452
12/12 - 2s - loss: 0.2894 - mse: 0.2894 - mae: 0.4360 - val_loss: 0.2851 - val_mse: 0.2851 - val_mae: 0.4345 - 2s/epoch - 167ms/step
Epoch 76/10000

Epoch 76: val_loss did not improve from 0.28452
12/12 - 2s - loss: 0.2834 - mse: 0.2834 - mae: 0.4318 - val_loss: 0.2891 - val_mse: 0.2891 - val_mae: 0.4383 - 2s/epoch - 167ms/step
Epoch 77/10000

Epoch 77: val_loss did not improve from 0.28452
12/12 - 2s - loss: 0.2853 - mse: 0.2853 - mae: 0.4335 - val_loss: 0.2922 - val_mse: 0.2922 - val_mae: 0.4382 - 2s/epoch - 167ms/step
Epoch 78/10000

Epoch 78: val_loss did not improve from 0.28452
12/12 - 2s - loss: 0.2864 - mse: 0.2864 - mae: 0.4333 - val_loss: 0.2860 - val_mse: 0.2860 - val_mae: 0.4355 - 2s/epoch - 167ms/step
Epoch 79/10000

Epoch 79: val_loss did not improve from 0.28452
12/12 - 2s - loss: 0.2869 - mse: 0.2869 - mae: 0.4346 - val_loss: 0.2846 - val_mse: 0.2846 - val_mae: 0.4340 - 2s/epoch - 167ms/step
Epoch 80/10000

Epoch 80: val_loss improved from 0.28452 to 0.28445, saving model to ./results/NN_rms_regr/RNN/recursion_19/ckpt_1
12/12 - 3s - loss: 0.2830 - mse: 0.2830 - mae: 0.4313 - val_loss: 0.2845 - val_mse: 0.2845 - val_mae: 0.4340 - 3s/epoch - 241ms/step
Epoch 81/10000

Epoch 81: val_loss did not improve from 0.28445
12/12 - 2s - loss: 0.2826 - mse: 0.2826 - mae: 0.4308 - val_loss: 0.2853 - val_mse: 0.2853 - val_mae: 0.4348 - 2s/epoch - 168ms/step
Epoch 82/10000

Epoch 82: val_loss did not improve from 0.28445
12/12 - 2s - loss: 0.2835 - mse: 0.2835 - mae: 0.4320 - val_loss: 0.2925 - val_mse: 0.2925 - val_mae: 0.4380 - 2s/epoch - 168ms/step
Epoch 83/10000

Epoch 83: val_loss improved from 0.28445 to 0.28426, saving model to ./results/NN_rms_regr/RNN/recursion_19/ckpt_1
12/12 - 3s - loss: 0.2846 - mse: 0.2846 - mae: 0.4325 - val_loss: 0.2843 - val_mse: 0.2843 - val_mae: 0.4339 - 3s/epoch - 243ms/step
Epoch 84/10000

Epoch 84: val_loss did not improve from 0.28426
12/12 - 2s - loss: 0.2849 - mse: 0.2849 - mae: 0.4328 - val_loss: 0.2846 - val_mse: 0.2846 - val_mae: 0.4342 - 2s/epoch - 168ms/step
Epoch 85/10000

Epoch 85: val_loss improved from 0.28426 to 0.28420, saving model to ./results/NN_rms_regr/RNN/recursion_19/ckpt_1
12/12 - 3s - loss: 0.2824 - mse: 0.2824 - mae: 0.4309 - val_loss: 0.2842 - val_mse: 0.2842 - val_mae: 0.4337 - 3s/epoch - 236ms/step
Epoch 86/10000

Epoch 86: val_loss did not improve from 0.28420
12/12 - 2s - loss: 0.2826 - mse: 0.2826 - mae: 0.4309 - val_loss: 0.2902 - val_mse: 0.2902 - val_mae: 0.4367 - 2s/epoch - 167ms/step
Epoch 87/10000

Epoch 87: val_loss did not improve from 0.28420
12/12 - 2s - loss: 0.2842 - mse: 0.2842 - mae: 0.4318 - val_loss: 0.2849 - val_mse: 0.2849 - val_mae: 0.4344 - 2s/epoch - 167ms/step
Epoch 88/10000

Epoch 88: val_loss improved from 0.28420 to 0.28418, saving model to ./results/NN_rms_regr/RNN/recursion_19/ckpt_1
12/12 - 3s - loss: 0.2827 - mse: 0.2827 - mae: 0.4312 - val_loss: 0.2842 - val_mse: 0.2842 - val_mae: 0.4337 - 3s/epoch - 243ms/step
Epoch 89/10000

Epoch 89: val_loss did not improve from 0.28418
12/12 - 2s - loss: 0.2825 - mse: 0.2825 - mae: 0.4311 - val_loss: 0.2861 - val_mse: 0.2861 - val_mae: 0.4344 - 2s/epoch - 168ms/step
Epoch 90/10000

Epoch 90: val_loss did not improve from 0.28418
12/12 - 2s - loss: 0.2828 - mse: 0.2828 - mae: 0.4305 - val_loss: 0.2914 - val_mse: 0.2914 - val_mae: 0.4372 - 2s/epoch - 168ms/step
Epoch 91/10000

Epoch 91: val_loss did not improve from 0.28418
12/12 - 2s - loss: 0.2841 - mse: 0.2841 - mae: 0.4317 - val_loss: 0.2878 - val_mse: 0.2878 - val_mae: 0.4365 - 2s/epoch - 167ms/step
Epoch 92/10000

Epoch 92: val_loss did not improve from 0.28418
12/12 - 2s - loss: 0.2891 - mse: 0.2891 - mae: 0.4349 - val_loss: 0.2863 - val_mse: 0.2863 - val_mae: 0.4342 - 2s/epoch - 168ms/step
Epoch 93/10000

Epoch 93: val_loss did not improve from 0.28418
12/12 - 2s - loss: 0.2857 - mse: 0.2857 - mae: 0.4323 - val_loss: 0.2845 - val_mse: 0.2845 - val_mae: 0.4335 - 2s/epoch - 168ms/step
Epoch 94/10000

Epoch 94: val_loss did not improve from 0.28418
12/12 - 2s - loss: 0.2832 - mse: 0.2832 - mae: 0.4313 - val_loss: 0.2843 - val_mse: 0.2843 - val_mae: 0.4338 - 2s/epoch - 167ms/step
Epoch 95/10000

Epoch 95: val_loss did not improve from 0.28418
12/12 - 2s - loss: 0.2824 - mse: 0.2824 - mae: 0.4305 - val_loss: 0.3083 - val_mse: 0.3083 - val_mae: 0.4475 - 2s/epoch - 168ms/step
Epoch 96/10000

Epoch 96: val_loss did not improve from 0.28418
12/12 - 2s - loss: 0.2940 - mse: 0.2940 - mae: 0.4383 - val_loss: 0.2878 - val_mse: 0.2878 - val_mae: 0.4368 - 2s/epoch - 167ms/step
Epoch 97/10000

Epoch 97: val_loss improved from 0.28418 to 0.28417, saving model to ./results/NN_rms_regr/RNN/recursion_19/ckpt_1
12/12 - 3s - loss: 0.2847 - mse: 0.2847 - mae: 0.4321 - val_loss: 0.2842 - val_mse: 0.2842 - val_mae: 0.4335 - 3s/epoch - 236ms/step
Epoch 98/10000

Epoch 98: val_loss did not improve from 0.28417
12/12 - 2s - loss: 0.2838 - mse: 0.2838 - mae: 0.4316 - val_loss: 0.2879 - val_mse: 0.2879 - val_mae: 0.4352 - 2s/epoch - 167ms/step
Epoch 99/10000

Epoch 99: val_loss did not improve from 0.28417
12/12 - 2s - loss: 0.2853 - mse: 0.2853 - mae: 0.4319 - val_loss: 0.2855 - val_mse: 0.2855 - val_mae: 0.4340 - 2s/epoch - 168ms/step
Epoch 100/10000

Epoch 100: val_loss did not improve from 0.28417
12/12 - 2s - loss: 0.2837 - mse: 0.2837 - mae: 0.4315 - val_loss: 0.2854 - val_mse: 0.2854 - val_mae: 0.4348 - 2s/epoch - 167ms/step
Epoch 101/10000

Epoch 101: val_loss did not improve from 0.28417
12/12 - 2s - loss: 0.2826 - mse: 0.2826 - mae: 0.4310 - val_loss: 0.2905 - val_mse: 0.2905 - val_mae: 0.4390 - 2s/epoch - 167ms/step
Epoch 102/10000

Epoch 102: val_loss did not improve from 0.28417
12/12 - 2s - loss: 0.2907 - mse: 0.2907 - mae: 0.4364 - val_loss: 0.2907 - val_mse: 0.2907 - val_mae: 0.4369 - 2s/epoch - 166ms/step
Epoch 103/10000

Epoch 103: val_loss did not improve from 0.28417
12/12 - 2s - loss: 0.2856 - mse: 0.2856 - mae: 0.4325 - val_loss: 0.2844 - val_mse: 0.2844 - val_mae: 0.4338 - 2s/epoch - 168ms/step
Epoch 104/10000

Epoch 104: val_loss improved from 0.28417 to 0.28379, saving model to ./results/NN_rms_regr/RNN/recursion_19/ckpt_1
12/12 - 3s - loss: 0.2833 - mse: 0.2833 - mae: 0.4317 - val_loss: 0.2838 - val_mse: 0.2838 - val_mae: 0.4336 - 3s/epoch - 241ms/step
Epoch 105/10000

Epoch 105: val_loss did not improve from 0.28379
12/12 - 2s - loss: 0.2841 - mse: 0.2841 - mae: 0.4319 - val_loss: 0.3029 - val_mse: 0.3029 - val_mae: 0.4483 - 2s/epoch - 167ms/step
Epoch 106/10000

Epoch 106: val_loss did not improve from 0.28379
12/12 - 2s - loss: 0.2938 - mse: 0.2938 - mae: 0.4393 - val_loss: 0.3105 - val_mse: 0.3105 - val_mae: 0.4490 - 2s/epoch - 167ms/step
Epoch 107/10000

Epoch 107: val_loss did not improve from 0.28379
12/12 - 2s - loss: 0.2913 - mse: 0.2913 - mae: 0.4368 - val_loss: 0.2906 - val_mse: 0.2906 - val_mae: 0.4391 - 2s/epoch - 167ms/step
Epoch 108/10000

Epoch 108: val_loss did not improve from 0.28379
12/12 - 2s - loss: 0.2852 - mse: 0.2852 - mae: 0.4323 - val_loss: 0.2878 - val_mse: 0.2878 - val_mae: 0.4351 - 2s/epoch - 167ms/step
Epoch 109/10000

Epoch 109: val_loss did not improve from 0.28379
12/12 - 2s - loss: 0.2850 - mse: 0.2850 - mae: 0.4322 - val_loss: 0.2854 - val_mse: 0.2854 - val_mae: 0.4337 - 2s/epoch - 167ms/step
Epoch 110/10000

Epoch 110: val_loss did not improve from 0.28379
12/12 - 2s - loss: 0.2825 - mse: 0.2825 - mae: 0.4302 - val_loss: 0.2839 - val_mse: 0.2839 - val_mae: 0.4329 - 2s/epoch - 167ms/step
Epoch 111/10000

Epoch 111: val_loss did not improve from 0.28379
12/12 - 2s - loss: 0.2833 - mse: 0.2833 - mae: 0.4306 - val_loss: 0.2854 - val_mse: 0.2854 - val_mae: 0.4334 - 2s/epoch - 167ms/step
Epoch 112/10000

Epoch 112: val_loss did not improve from 0.28379
12/12 - 2s - loss: 0.2835 - mse: 0.2835 - mae: 0.4306 - val_loss: 0.2842 - val_mse: 0.2842 - val_mae: 0.4329 - 2s/epoch - 167ms/step
Epoch 113/10000

Epoch 113: val_loss did not improve from 0.28379
12/12 - 2s - loss: 0.2851 - mse: 0.2851 - mae: 0.4320 - val_loss: 0.2845 - val_mse: 0.2845 - val_mae: 0.4336 - 2s/epoch - 167ms/step
Epoch 114/10000

Epoch 114: val_loss did not improve from 0.28379
12/12 - 2s - loss: 0.2836 - mse: 0.2836 - mae: 0.4310 - val_loss: 0.2914 - val_mse: 0.2914 - val_mae: 0.4390 - 2s/epoch - 167ms/step
Epoch 115/10000

Epoch 115: val_loss did not improve from 0.28379
12/12 - 2s - loss: 0.2929 - mse: 0.2929 - mae: 0.4378 - val_loss: 0.3030 - val_mse: 0.3030 - val_mae: 0.4437 - 2s/epoch - 167ms/step
Epoch 116/10000

Epoch 116: val_loss did not improve from 0.28379
12/12 - 2s - loss: 0.2860 - mse: 0.2860 - mae: 0.4321 - val_loss: 0.2847 - val_mse: 0.2847 - val_mae: 0.4341 - 2s/epoch - 167ms/step
Epoch 117/10000

Epoch 117: val_loss did not improve from 0.28379
12/12 - 2s - loss: 0.2823 - mse: 0.2823 - mae: 0.4302 - val_loss: 0.2970 - val_mse: 0.2970 - val_mae: 0.4401 - 2s/epoch - 168ms/step
Epoch 118/10000

Epoch 118: val_loss did not improve from 0.28379
12/12 - 2s - loss: 0.2906 - mse: 0.2906 - mae: 0.4357 - val_loss: 0.2840 - val_mse: 0.2840 - val_mae: 0.4332 - 2s/epoch - 168ms/step
Epoch 119/10000

Epoch 119: val_loss did not improve from 0.28379
12/12 - 2s - loss: 0.2848 - mse: 0.2848 - mae: 0.4319 - val_loss: 0.2852 - val_mse: 0.2852 - val_mae: 0.4332 - 2s/epoch - 167ms/step
Epoch 120/10000

Epoch 120: val_loss did not improve from 0.28379
12/12 - 2s - loss: 0.2825 - mse: 0.2825 - mae: 0.4302 - val_loss: 0.2869 - val_mse: 0.2869 - val_mae: 0.4340 - 2s/epoch - 167ms/step
Epoch 121/10000

Epoch 121: val_loss did not improve from 0.28379
12/12 - 2s - loss: 0.2835 - mse: 0.2835 - mae: 0.4309 - val_loss: 0.2854 - val_mse: 0.2854 - val_mae: 0.4342 - 2s/epoch - 168ms/step
Epoch 122/10000

Epoch 122: val_loss did not improve from 0.28379
12/12 - 2s - loss: 0.2829 - mse: 0.2829 - mae: 0.4304 - val_loss: 0.2905 - val_mse: 0.2905 - val_mae: 0.4381 - 2s/epoch - 167ms/step
Epoch 123/10000

Epoch 123: val_loss did not improve from 0.28379
12/12 - 2s - loss: 0.2836 - mse: 0.2836 - mae: 0.4303 - val_loss: 0.2846 - val_mse: 0.2846 - val_mae: 0.4329 - 2s/epoch - 167ms/step
Epoch 124/10000

Epoch 124: val_loss did not improve from 0.28379
12/12 - 2s - loss: 0.2823 - mse: 0.2823 - mae: 0.4299 - val_loss: 0.2851 - val_mse: 0.2851 - val_mae: 0.4330 - 2s/epoch - 168ms/step
Epoch 125/10000

Epoch 125: val_loss did not improve from 0.28379
12/12 - 2s - loss: 0.2822 - mse: 0.2822 - mae: 0.4298 - val_loss: 0.2975 - val_mse: 0.2975 - val_mae: 0.4434 - 2s/epoch - 168ms/step
Epoch 126/10000

Epoch 126: val_loss did not improve from 0.28379
12/12 - 2s - loss: 0.2854 - mse: 0.2854 - mae: 0.4324 - val_loss: 0.2924 - val_mse: 0.2924 - val_mae: 0.4370 - 2s/epoch - 168ms/step
Epoch 127/10000

Epoch 127: val_loss did not improve from 0.28379
12/12 - 2s - loss: 0.2861 - mse: 0.2861 - mae: 0.4333 - val_loss: 0.2938 - val_mse: 0.2938 - val_mae: 0.4379 - 2s/epoch - 167ms/step
Epoch 128/10000

Epoch 128: val_loss improved from 0.28379 to 0.28358, saving model to ./results/NN_rms_regr/RNN/recursion_19/ckpt_1
12/12 - 3s - loss: 0.2912 - mse: 0.2912 - mae: 0.4368 - val_loss: 0.2836 - val_mse: 0.2836 - val_mae: 0.4327 - 3s/epoch - 241ms/step
Epoch 129/10000

Epoch 129: val_loss did not improve from 0.28358
12/12 - 2s - loss: 0.2830 - mse: 0.2830 - mae: 0.4306 - val_loss: 0.2879 - val_mse: 0.2879 - val_mae: 0.4347 - 2s/epoch - 167ms/step
Epoch 130/10000

Epoch 130: val_loss did not improve from 0.28358
12/12 - 2s - loss: 0.2841 - mse: 0.2841 - mae: 0.4311 - val_loss: 0.2877 - val_mse: 0.2877 - val_mae: 0.4362 - 2s/epoch - 168ms/step
Epoch 131/10000

Epoch 131: val_loss did not improve from 0.28358
12/12 - 2s - loss: 0.2827 - mse: 0.2827 - mae: 0.4301 - val_loss: 0.2938 - val_mse: 0.2938 - val_mae: 0.4410 - 2s/epoch - 169ms/step
Epoch 132/10000

Epoch 132: val_loss did not improve from 0.28358
12/12 - 2s - loss: 0.2895 - mse: 0.2895 - mae: 0.4349 - val_loss: 0.2935 - val_mse: 0.2935 - val_mae: 0.4379 - 2s/epoch - 168ms/step
Epoch 133/10000

Epoch 133: val_loss did not improve from 0.28358
12/12 - 2s - loss: 0.2843 - mse: 0.2843 - mae: 0.4318 - val_loss: 0.2876 - val_mse: 0.2876 - val_mae: 0.4347 - 2s/epoch - 167ms/step
Epoch 134/10000

Epoch 134: val_loss did not improve from 0.28358
12/12 - 2s - loss: 0.2849 - mse: 0.2849 - mae: 0.4314 - val_loss: 0.3391 - val_mse: 0.3391 - val_mae: 0.4733 - 2s/epoch - 168ms/step
Epoch 135/10000

Epoch 135: val_loss did not improve from 0.28358
12/12 - 2s - loss: 0.3053 - mse: 0.3053 - mae: 0.4466 - val_loss: 0.2900 - val_mse: 0.2900 - val_mae: 0.4359 - 2s/epoch - 168ms/step
Epoch 136/10000

Epoch 136: val_loss did not improve from 0.28358
12/12 - 2s - loss: 0.2859 - mse: 0.2859 - mae: 0.4326 - val_loss: 0.2841 - val_mse: 0.2841 - val_mae: 0.4328 - 2s/epoch - 167ms/step
Epoch 137/10000

Epoch 137: val_loss did not improve from 0.28358
12/12 - 2s - loss: 0.2828 - mse: 0.2828 - mae: 0.4302 - val_loss: 0.2909 - val_mse: 0.2909 - val_mae: 0.4363 - 2s/epoch - 168ms/step
Epoch 138/10000

Epoch 138: val_loss did not improve from 0.28358
12/12 - 2s - loss: 0.2868 - mse: 0.2868 - mae: 0.4327 - val_loss: 0.2854 - val_mse: 0.2854 - val_mae: 0.4343 - 2s/epoch - 167ms/step
Epoch 139/10000

Epoch 139: val_loss did not improve from 0.28358
12/12 - 2s - loss: 0.2857 - mse: 0.2857 - mae: 0.4319 - val_loss: 0.2865 - val_mse: 0.2865 - val_mae: 0.4338 - 2s/epoch - 167ms/step
Epoch 140/10000

Epoch 140: val_loss did not improve from 0.28358
12/12 - 2s - loss: 0.2856 - mse: 0.2856 - mae: 0.4320 - val_loss: 0.2942 - val_mse: 0.2942 - val_mae: 0.4411 - 2s/epoch - 167ms/step
Epoch 141/10000

Epoch 141: val_loss did not improve from 0.28358
12/12 - 2s - loss: 0.2860 - mse: 0.2860 - mae: 0.4326 - val_loss: 0.2924 - val_mse: 0.2924 - val_mae: 0.4371 - 2s/epoch - 167ms/step
Epoch 142/10000

Epoch 142: val_loss did not improve from 0.28358
12/12 - 2s - loss: 0.2856 - mse: 0.2856 - mae: 0.4313 - val_loss: 0.2863 - val_mse: 0.2863 - val_mae: 0.4337 - 2s/epoch - 170ms/step
Epoch 143/10000

Epoch 143: val_loss improved from 0.28358 to 0.28353, saving model to ./results/NN_rms_regr/RNN/recursion_19/ckpt_1
12/12 - 3s - loss: 0.2878 - mse: 0.2878 - mae: 0.4328 - val_loss: 0.2835 - val_mse: 0.2835 - val_mae: 0.4323 - 3s/epoch - 242ms/step
Epoch 144/10000

Epoch 144: val_loss did not improve from 0.28353
12/12 - 2s - loss: 0.2860 - mse: 0.2860 - mae: 0.4317 - val_loss: 0.2948 - val_mse: 0.2948 - val_mae: 0.4413 - 2s/epoch - 169ms/step
Epoch 145/10000

Epoch 145: val_loss did not improve from 0.28353
12/12 - 2s - loss: 0.2860 - mse: 0.2860 - mae: 0.4325 - val_loss: 0.2923 - val_mse: 0.2923 - val_mae: 0.4369 - 2s/epoch - 168ms/step
Epoch 146/10000

Epoch 146: val_loss did not improve from 0.28353
12/12 - 2s - loss: 0.2840 - mse: 0.2840 - mae: 0.4310 - val_loss: 0.2844 - val_mse: 0.2844 - val_mae: 0.4327 - 2s/epoch - 167ms/step
Epoch 147/10000

Epoch 147: val_loss did not improve from 0.28353
12/12 - 2s - loss: 0.2822 - mse: 0.2822 - mae: 0.4300 - val_loss: 0.2849 - val_mse: 0.2849 - val_mae: 0.4339 - 2s/epoch - 168ms/step
Epoch 148/10000

Epoch 148: val_loss did not improve from 0.28353
12/12 - 2s - loss: 0.2831 - mse: 0.2831 - mae: 0.4305 - val_loss: 0.3288 - val_mse: 0.3288 - val_mae: 0.4661 - 2s/epoch - 168ms/step
Epoch 149/10000

Epoch 149: val_loss did not improve from 0.28353
12/12 - 2s - loss: 0.3082 - mse: 0.3082 - mae: 0.4483 - val_loss: 0.2888 - val_mse: 0.2888 - val_mae: 0.4353 - 2s/epoch - 168ms/step
Epoch 150/10000

Epoch 150: val_loss did not improve from 0.28353
12/12 - 2s - loss: 0.2871 - mse: 0.2871 - mae: 0.4339 - val_loss: 0.3118 - val_mse: 0.3118 - val_mae: 0.4493 - 2s/epoch - 168ms/step
Epoch 151/10000

Epoch 151: val_loss did not improve from 0.28353
12/12 - 2s - loss: 0.2928 - mse: 0.2928 - mae: 0.4371 - val_loss: 0.2855 - val_mse: 0.2855 - val_mae: 0.4333 - 2s/epoch - 168ms/step
Epoch 152/10000

Epoch 152: val_loss did not improve from 0.28353
12/12 - 2s - loss: 0.2917 - mse: 0.2917 - mae: 0.4361 - val_loss: 0.2863 - val_mse: 0.2863 - val_mae: 0.4350 - 2s/epoch - 167ms/step
Epoch 153/10000

Epoch 153: val_loss did not improve from 0.28353
12/12 - 2s - loss: 0.2849 - mse: 0.2849 - mae: 0.4314 - val_loss: 0.2863 - val_mse: 0.2863 - val_mae: 0.4350 - 2s/epoch - 167ms/step
Epoch 154/10000

Epoch 154: val_loss improved from 0.28353 to 0.28342, saving model to ./results/NN_rms_regr/RNN/recursion_19/ckpt_1
12/12 - 3s - loss: 0.2822 - mse: 0.2822 - mae: 0.4298 - val_loss: 0.2834 - val_mse: 0.2834 - val_mae: 0.4323 - 3s/epoch - 236ms/step
Epoch 155/10000

Epoch 155: val_loss did not improve from 0.28342
12/12 - 2s - loss: 0.2815 - mse: 0.2815 - mae: 0.4291 - val_loss: 0.2898 - val_mse: 0.2898 - val_mae: 0.4355 - 2s/epoch - 167ms/step
Epoch 156/10000

Epoch 156: val_loss did not improve from 0.28342
12/12 - 2s - loss: 0.2849 - mse: 0.2849 - mae: 0.4314 - val_loss: 0.2876 - val_mse: 0.2876 - val_mae: 0.4360 - 2s/epoch - 167ms/step
Epoch 157/10000

Epoch 157: val_loss did not improve from 0.28342
12/12 - 2s - loss: 0.2829 - mse: 0.2829 - mae: 0.4301 - val_loss: 0.2838 - val_mse: 0.2838 - val_mae: 0.4324 - 2s/epoch - 168ms/step
Epoch 158/10000

Epoch 158: val_loss did not improve from 0.28342
12/12 - 2s - loss: 0.2817 - mse: 0.2817 - mae: 0.4293 - val_loss: 0.2839 - val_mse: 0.2839 - val_mae: 0.4323 - 2s/epoch - 168ms/step
Epoch 159/10000

Epoch 159: val_loss did not improve from 0.28342
12/12 - 2s - loss: 0.2819 - mse: 0.2819 - mae: 0.4296 - val_loss: 0.3001 - val_mse: 0.3001 - val_mae: 0.4415 - 2s/epoch - 167ms/step
Epoch 160/10000

Epoch 160: val_loss did not improve from 0.28342
12/12 - 2s - loss: 0.2951 - mse: 0.2951 - mae: 0.4386 - val_loss: 0.2858 - val_mse: 0.2858 - val_mae: 0.4343 - 2s/epoch - 167ms/step
Epoch 161/10000

Epoch 161: val_loss did not improve from 0.28342
12/12 - 2s - loss: 0.2867 - mse: 0.2867 - mae: 0.4326 - val_loss: 0.2872 - val_mse: 0.2872 - val_mae: 0.4338 - 2s/epoch - 168ms/step
Epoch 162/10000

Epoch 162: val_loss did not improve from 0.28342
12/12 - 2s - loss: 0.2858 - mse: 0.2858 - mae: 0.4319 - val_loss: 0.3273 - val_mse: 0.3273 - val_mae: 0.4643 - 2s/epoch - 167ms/step
Epoch 163/10000

Epoch 163: val_loss did not improve from 0.28342
12/12 - 2s - loss: 0.2987 - mse: 0.2987 - mae: 0.4420 - val_loss: 0.2847 - val_mse: 0.2847 - val_mae: 0.4333 - 2s/epoch - 167ms/step
Epoch 164/10000

Epoch 164: val_loss did not improve from 0.28342
12/12 - 2s - loss: 0.2893 - mse: 0.2893 - mae: 0.4350 - val_loss: 0.2944 - val_mse: 0.2944 - val_mae: 0.4378 - 2s/epoch - 167ms/step
Epoch 165/10000

Epoch 165: val_loss did not improve from 0.28342
12/12 - 2s - loss: 0.2860 - mse: 0.2860 - mae: 0.4319 - val_loss: 0.2837 - val_mse: 0.2837 - val_mae: 0.4320 - 2s/epoch - 167ms/step
Epoch 166/10000

Epoch 166: val_loss did not improve from 0.28342
12/12 - 2s - loss: 0.2821 - mse: 0.2821 - mae: 0.4293 - val_loss: 0.2876 - val_mse: 0.2876 - val_mae: 0.4356 - 2s/epoch - 168ms/step
Epoch 167/10000

Epoch 167: val_loss did not improve from 0.28342
12/12 - 2s - loss: 0.2844 - mse: 0.2844 - mae: 0.4311 - val_loss: 0.2873 - val_mse: 0.2873 - val_mae: 0.4351 - 2s/epoch - 167ms/step
Epoch 168/10000

Epoch 168: val_loss did not improve from 0.28342
12/12 - 2s - loss: 0.2908 - mse: 0.2908 - mae: 0.4356 - val_loss: 0.2843 - val_mse: 0.2843 - val_mae: 0.4319 - 2s/epoch - 167ms/step
Epoch 169/10000

Epoch 169: val_loss did not improve from 0.28342
12/12 - 2s - loss: 0.2860 - mse: 0.2860 - mae: 0.4323 - val_loss: 0.2963 - val_mse: 0.2963 - val_mae: 0.4389 - 2s/epoch - 168ms/step
Epoch 170/10000

Epoch 170: val_loss did not improve from 0.28342
12/12 - 2s - loss: 0.2858 - mse: 0.2858 - mae: 0.4322 - val_loss: 0.2934 - val_mse: 0.2934 - val_mae: 0.4373 - 2s/epoch - 168ms/step
Epoch 171/10000

Epoch 171: val_loss did not improve from 0.28342
12/12 - 2s - loss: 0.2902 - mse: 0.2902 - mae: 0.4340 - val_loss: 0.3305 - val_mse: 0.3305 - val_mae: 0.4669 - 2s/epoch - 167ms/step
Epoch 172/10000

Epoch 172: val_loss did not improve from 0.28342
12/12 - 2s - loss: 0.3003 - mse: 0.3003 - mae: 0.4417 - val_loss: 0.3102 - val_mse: 0.3102 - val_mae: 0.4525 - 2s/epoch - 168ms/step
Epoch 173/10000

Epoch 173: val_loss did not improve from 0.28342
12/12 - 2s - loss: 0.3050 - mse: 0.3050 - mae: 0.4459 - val_loss: 0.2837 - val_mse: 0.2837 - val_mae: 0.4326 - 2s/epoch - 168ms/step
Epoch 174/10000

Epoch 174: val_loss did not improve from 0.28342
12/12 - 2s - loss: 0.2881 - mse: 0.2881 - mae: 0.4334 - val_loss: 0.3839 - val_mse: 0.3839 - val_mae: 0.4951 - 2s/epoch - 167ms/step
Epoch 175/10000

Epoch 175: val_loss improved from 0.28342 to 0.28341, saving model to ./results/NN_rms_regr/RNN/recursion_19/ckpt_1
12/12 - 3s - loss: 0.3190 - mse: 0.3190 - mae: 0.4537 - val_loss: 0.2834 - val_mse: 0.2834 - val_mae: 0.4324 - 3s/epoch - 241ms/step
Epoch 176/10000

Epoch 176: val_loss did not improve from 0.28341
12/12 - 2s - loss: 0.2836 - mse: 0.2836 - mae: 0.4305 - val_loss: 0.2859 - val_mse: 0.2859 - val_mae: 0.4345 - 2s/epoch - 167ms/step
Epoch 177/10000

Epoch 177: val_loss did not improve from 0.28341
12/12 - 2s - loss: 0.2832 - mse: 0.2832 - mae: 0.4305 - val_loss: 0.3300 - val_mse: 0.3300 - val_mae: 0.4666 - 2s/epoch - 167ms/step
Epoch 178/10000

Epoch 178: val_loss improved from 0.28341 to 0.28310, saving model to ./results/NN_rms_regr/RNN/recursion_19/ckpt_1
12/12 - 3s - loss: 0.3066 - mse: 0.3066 - mae: 0.4479 - val_loss: 0.2831 - val_mse: 0.2831 - val_mae: 0.4321 - 3s/epoch - 243ms/step
Epoch 179/10000

Epoch 179: val_loss did not improve from 0.28310
12/12 - 2s - loss: 0.2907 - mse: 0.2907 - mae: 0.4356 - val_loss: 0.3092 - val_mse: 0.3092 - val_mae: 0.4473 - 2s/epoch - 168ms/step
Epoch 180/10000

Epoch 180: val_loss did not improve from 0.28310
12/12 - 2s - loss: 0.2915 - mse: 0.2915 - mae: 0.4351 - val_loss: 0.2832 - val_mse: 0.2832 - val_mae: 0.4321 - 2s/epoch - 167ms/step
Epoch 181/10000

Epoch 181: val_loss did not improve from 0.28310
12/12 - 2s - loss: 0.2822 - mse: 0.2822 - mae: 0.4294 - val_loss: 0.2833 - val_mse: 0.2833 - val_mae: 0.4321 - 2s/epoch - 168ms/step
Epoch 182/10000

Epoch 182: val_loss did not improve from 0.28310
12/12 - 2s - loss: 0.2814 - mse: 0.2814 - mae: 0.4289 - val_loss: 0.2935 - val_mse: 0.2935 - val_mae: 0.4404 - 2s/epoch - 168ms/step
Epoch 183/10000

Epoch 183: val_loss improved from 0.28310 to 0.28308, saving model to ./results/NN_rms_regr/RNN/recursion_19/ckpt_1
12/12 - 3s - loss: 0.2874 - mse: 0.2874 - mae: 0.4334 - val_loss: 0.2831 - val_mse: 0.2831 - val_mae: 0.4321 - 3s/epoch - 237ms/step
Epoch 184/10000

Epoch 184: val_loss did not improve from 0.28308
12/12 - 2s - loss: 0.2824 - mse: 0.2824 - mae: 0.4301 - val_loss: 0.2831 - val_mse: 0.2831 - val_mae: 0.4322 - 2s/epoch - 167ms/step
Epoch 185/10000

Epoch 185: val_loss did not improve from 0.28308
12/12 - 2s - loss: 0.2820 - mse: 0.2820 - mae: 0.4293 - val_loss: 0.2856 - val_mse: 0.2856 - val_mae: 0.4343 - 2s/epoch - 167ms/step
Epoch 186/10000

Epoch 186: val_loss did not improve from 0.28308
12/12 - 2s - loss: 0.2834 - mse: 0.2834 - mae: 0.4307 - val_loss: 0.2957 - val_mse: 0.2957 - val_mae: 0.4389 - 2s/epoch - 167ms/step
Epoch 187/10000

Epoch 187: val_loss did not improve from 0.28308
12/12 - 2s - loss: 0.2860 - mse: 0.2860 - mae: 0.4320 - val_loss: 0.2911 - val_mse: 0.2911 - val_mae: 0.4360 - 2s/epoch - 169ms/step
Epoch 188/10000

Epoch 188: val_loss did not improve from 0.28308
12/12 - 2s - loss: 0.2896 - mse: 0.2896 - mae: 0.4345 - val_loss: 0.2834 - val_mse: 0.2834 - val_mae: 0.4322 - 2s/epoch - 167ms/step
Epoch 189/10000

Epoch 189: val_loss did not improve from 0.28308
12/12 - 2s - loss: 0.2826 - mse: 0.2826 - mae: 0.4293 - val_loss: 0.3013 - val_mse: 0.3013 - val_mae: 0.4458 - 2s/epoch - 167ms/step
Epoch 190/10000

Epoch 190: val_loss did not improve from 0.28308
12/12 - 2s - loss: 0.2890 - mse: 0.2890 - mae: 0.4343 - val_loss: 0.3077 - val_mse: 0.3077 - val_mae: 0.4506 - 2s/epoch - 167ms/step
Epoch 191/10000

Epoch 191: val_loss did not improve from 0.28308
12/12 - 2s - loss: 0.2973 - mse: 0.2973 - mae: 0.4405 - val_loss: 0.2837 - val_mse: 0.2837 - val_mae: 0.4320 - 2s/epoch - 166ms/step
Epoch 192/10000

Epoch 192: val_loss did not improve from 0.28308
12/12 - 2s - loss: 0.2858 - mse: 0.2858 - mae: 0.4328 - val_loss: 0.2954 - val_mse: 0.2954 - val_mae: 0.4386 - 2s/epoch - 167ms/step
Epoch 193/10000

Epoch 193: val_loss did not improve from 0.28308
12/12 - 2s - loss: 0.2901 - mse: 0.2901 - mae: 0.4350 - val_loss: 0.2888 - val_mse: 0.2888 - val_mae: 0.4347 - 2s/epoch - 168ms/step
Epoch 194/10000

Epoch 194: val_loss did not improve from 0.28308
12/12 - 2s - loss: 0.2856 - mse: 0.2856 - mae: 0.4315 - val_loss: 0.2926 - val_mse: 0.2926 - val_mae: 0.4396 - 2s/epoch - 167ms/step
Epoch 195/10000

Epoch 195: val_loss did not improve from 0.28308
12/12 - 2s - loss: 0.2871 - mse: 0.2871 - mae: 0.4325 - val_loss: 0.2851 - val_mse: 0.2851 - val_mae: 0.4327 - 2s/epoch - 167ms/step
Epoch 196/10000

Epoch 196: val_loss did not improve from 0.28308
12/12 - 2s - loss: 0.2822 - mse: 0.2822 - mae: 0.4295 - val_loss: 0.2945 - val_mse: 0.2945 - val_mae: 0.4380 - 2s/epoch - 166ms/step
Epoch 197/10000

Epoch 197: val_loss did not improve from 0.28308
12/12 - 2s - loss: 0.2834 - mse: 0.2834 - mae: 0.4302 - val_loss: 0.3106 - val_mse: 0.3106 - val_mae: 0.4525 - 2s/epoch - 168ms/step
Epoch 198/10000

Epoch 198: val_loss did not improve from 0.28308
12/12 - 2s - loss: 0.2937 - mse: 0.2937 - mae: 0.4373 - val_loss: 0.3170 - val_mse: 0.3170 - val_mae: 0.4569 - 2s/epoch - 167ms/step
Epoch 199/10000

Epoch 199: val_loss did not improve from 0.28308
12/12 - 2s - loss: 0.3055 - mse: 0.3055 - mae: 0.4460 - val_loss: 0.2998 - val_mse: 0.2998 - val_mae: 0.4409 - 2s/epoch - 167ms/step
Epoch 200/10000

Epoch 200: val_loss did not improve from 0.28308
12/12 - 2s - loss: 0.2917 - mse: 0.2917 - mae: 0.4354 - val_loss: 0.5025 - val_mse: 0.5025 - val_mae: 0.5716 - 2s/epoch - 166ms/step
Epoch 201/10000

Epoch 201: val_loss did not improve from 0.28308
12/12 - 2s - loss: 0.3868 - mse: 0.3868 - mae: 0.4994 - val_loss: 0.2835 - val_mse: 0.2835 - val_mae: 0.4321 - 2s/epoch - 168ms/step
Epoch 202/10000

Epoch 202: val_loss did not improve from 0.28308
12/12 - 2s - loss: 0.2970 - mse: 0.2970 - mae: 0.4399 - val_loss: 0.2878 - val_mse: 0.2878 - val_mae: 0.4362 - 2s/epoch - 168ms/step
Epoch 203/10000

Epoch 203: val_loss did not improve from 0.28308
12/12 - 2s - loss: 0.2851 - mse: 0.2851 - mae: 0.4323 - val_loss: 0.2879 - val_mse: 0.2879 - val_mae: 0.4362 - 2s/epoch - 167ms/step
Epoch 204/10000

Epoch 204: val_loss did not improve from 0.28308
12/12 - 2s - loss: 0.2851 - mse: 0.2851 - mae: 0.4319 - val_loss: 0.2859 - val_mse: 0.2859 - val_mae: 0.4330 - 2s/epoch - 167ms/step
Epoch 205/10000

Epoch 205: val_loss did not improve from 0.28308
12/12 - 2s - loss: 0.2834 - mse: 0.2834 - mae: 0.4303 - val_loss: 0.3290 - val_mse: 0.3290 - val_mae: 0.4660 - 2s/epoch - 167ms/step
Epoch 206/10000

Epoch 206: val_loss did not improve from 0.28308
12/12 - 2s - loss: 0.2977 - mse: 0.2977 - mae: 0.4404 - val_loss: 0.3132 - val_mse: 0.3132 - val_mae: 0.4546 - 2s/epoch - 168ms/step
Epoch 207/10000

Epoch 207: val_loss did not improve from 0.28308
12/12 - 2s - loss: 0.3085 - mse: 0.3085 - mae: 0.4474 - val_loss: 0.2849 - val_mse: 0.2849 - val_mae: 0.4325 - 2s/epoch - 168ms/step
Epoch 208/10000

Epoch 208: val_loss did not improve from 0.28308
12/12 - 2s - loss: 0.2870 - mse: 0.2870 - mae: 0.4326 - val_loss: 0.3352 - val_mse: 0.3352 - val_mae: 0.4636 - 2s/epoch - 167ms/step
Epoch 209/10000

Epoch 209: val_loss did not improve from 0.28308
12/12 - 2s - loss: 0.3024 - mse: 0.3024 - mae: 0.4432 - val_loss: 0.2862 - val_mse: 0.2862 - val_mae: 0.4330 - 2s/epoch - 167ms/step
Epoch 210/10000

Epoch 210: val_loss did not improve from 0.28308
12/12 - 2s - loss: 0.3013 - mse: 0.3013 - mae: 0.4427 - val_loss: 0.2877 - val_mse: 0.2877 - val_mae: 0.4357 - 2s/epoch - 167ms/step
Epoch 211/10000

Epoch 211: val_loss did not improve from 0.28308
12/12 - 2s - loss: 0.2874 - mse: 0.2874 - mae: 0.4330 - val_loss: 0.2996 - val_mse: 0.2996 - val_mae: 0.4446 - 2s/epoch - 167ms/step
Epoch 212/10000

Epoch 212: val_loss did not improve from 0.28308
12/12 - 2s - loss: 0.2867 - mse: 0.2867 - mae: 0.4329 - val_loss: 0.2881 - val_mse: 0.2881 - val_mae: 0.4340 - 2s/epoch - 168ms/step
Epoch 213/10000

Epoch 213: val_loss did not improve from 0.28308
12/12 - 2s - loss: 0.2830 - mse: 0.2830 - mae: 0.4297 - val_loss: 0.2922 - val_mse: 0.2922 - val_mae: 0.4362 - 2s/epoch - 167ms/step
Epoch 214/10000

Epoch 214: val_loss did not improve from 0.28308
12/12 - 2s - loss: 0.2880 - mse: 0.2880 - mae: 0.4333 - val_loss: 0.2907 - val_mse: 0.2907 - val_mae: 0.4354 - 2s/epoch - 167ms/step
Epoch 215/10000

Epoch 215: val_loss did not improve from 0.28308
12/12 - 2s - loss: 0.2866 - mse: 0.2866 - mae: 0.4320 - val_loss: 0.2933 - val_mse: 0.2933 - val_mae: 0.4368 - 2s/epoch - 167ms/step
Epoch 216/10000

Epoch 216: val_loss did not improve from 0.28308
12/12 - 2s - loss: 0.2893 - mse: 0.2893 - mae: 0.4341 - val_loss: 0.2832 - val_mse: 0.2832 - val_mae: 0.4314 - 2s/epoch - 167ms/step
Epoch 217/10000

Epoch 217: val_loss did not improve from 0.28308
12/12 - 2s - loss: 0.2816 - mse: 0.2816 - mae: 0.4288 - val_loss: 0.2956 - val_mse: 0.2956 - val_mae: 0.4415 - 2s/epoch - 167ms/step
Epoch 218/10000

Epoch 218: val_loss did not improve from 0.28308
12/12 - 2s - loss: 0.2857 - mse: 0.2857 - mae: 0.4319 - val_loss: 0.2859 - val_mse: 0.2859 - val_mae: 0.4328 - 2s/epoch - 168ms/step
Epoch 219/10000

Epoch 219: val_loss did not improve from 0.28308
12/12 - 2s - loss: 0.2832 - mse: 0.2832 - mae: 0.4304 - val_loss: 0.3250 - val_mse: 0.3250 - val_mae: 0.4631 - 2s/epoch - 167ms/step
Epoch 220/10000

Epoch 220: val_loss did not improve from 0.28308
12/12 - 2s - loss: 0.3098 - mse: 0.3098 - mae: 0.4502 - val_loss: 0.2868 - val_mse: 0.2868 - val_mae: 0.4336 - 2s/epoch - 167ms/step
Epoch 221/10000

Epoch 221: val_loss did not improve from 0.28308
12/12 - 2s - loss: 0.2898 - mse: 0.2898 - mae: 0.4357 - val_loss: 0.3082 - val_mse: 0.3082 - val_mae: 0.4466 - 2s/epoch - 168ms/step
Epoch 222/10000

Epoch 222: val_loss did not improve from 0.28308
12/12 - 2s - loss: 0.2916 - mse: 0.2916 - mae: 0.4358 - val_loss: 0.2842 - val_mse: 0.2842 - val_mae: 0.4332 - 2s/epoch - 168ms/step
Epoch 223/10000

Epoch 223: val_loss improved from 0.28308 to 0.28302, saving model to ./results/NN_rms_regr/RNN/recursion_19/ckpt_1
12/12 - 3s - loss: 0.2837 - mse: 0.2837 - mae: 0.4302 - val_loss: 0.2830 - val_mse: 0.2830 - val_mae: 0.4317 - 3s/epoch - 241ms/step
Epoch 224/10000

Epoch 224: val_loss did not improve from 0.28302
12/12 - 2s - loss: 0.2816 - mse: 0.2816 - mae: 0.4287 - val_loss: 0.2831 - val_mse: 0.2831 - val_mae: 0.4316 - 2s/epoch - 167ms/step
Epoch 225/10000

Epoch 225: val_loss did not improve from 0.28302
12/12 - 2s - loss: 0.2818 - mse: 0.2818 - mae: 0.4289 - val_loss: 0.2882 - val_mse: 0.2882 - val_mae: 0.4358 - 2s/epoch - 167ms/step
Epoch 226/10000

Epoch 226: val_loss did not improve from 0.28302
12/12 - 2s - loss: 0.2846 - mse: 0.2846 - mae: 0.4305 - val_loss: 0.2858 - val_mse: 0.2858 - val_mae: 0.4340 - 2s/epoch - 167ms/step
Epoch 227/10000

Epoch 227: val_loss did not improve from 0.28302
12/12 - 2s - loss: 0.2850 - mse: 0.2850 - mae: 0.4309 - val_loss: 0.2835 - val_mse: 0.2835 - val_mae: 0.4314 - 2s/epoch - 167ms/step
Epoch 228/10000

Epoch 228: val_loss did not improve from 0.28302
12/12 - 2s - loss: 0.2876 - mse: 0.2876 - mae: 0.4330 - val_loss: 0.2847 - val_mse: 0.2847 - val_mae: 0.4319 - 2s/epoch - 168ms/step
Epoch 229/10000

Epoch 229: val_loss did not improve from 0.28302
12/12 - 2s - loss: 0.2822 - mse: 0.2822 - mae: 0.4287 - val_loss: 0.2903 - val_mse: 0.2903 - val_mae: 0.4371 - 2s/epoch - 168ms/step
Epoch 230/10000

Epoch 230: val_loss did not improve from 0.28302
12/12 - 2s - loss: 0.2889 - mse: 0.2889 - mae: 0.4339 - val_loss: 0.2834 - val_mse: 0.2834 - val_mae: 0.4313 - 2s/epoch - 168ms/step
Epoch 231/10000

Epoch 231: val_loss did not improve from 0.28302
12/12 - 2s - loss: 0.2845 - mse: 0.2845 - mae: 0.4311 - val_loss: 0.2970 - val_mse: 0.2970 - val_mae: 0.4391 - 2s/epoch - 168ms/step
Epoch 232/10000

Epoch 232: val_loss did not improve from 0.28302
12/12 - 2s - loss: 0.2881 - mse: 0.2881 - mae: 0.4333 - val_loss: 0.3102 - val_mse: 0.3102 - val_mae: 0.4474 - 2s/epoch - 168ms/step
Epoch 233/10000

Epoch 233: val_loss did not improve from 0.28302
12/12 - 2s - loss: 0.3044 - mse: 0.3044 - mae: 0.4434 - val_loss: 0.2870 - val_mse: 0.2870 - val_mae: 0.4351 - 2s/epoch - 167ms/step
Epoch 234/10000

Epoch 234: val_loss did not improve from 0.28302
12/12 - 2s - loss: 0.2868 - mse: 0.2868 - mae: 0.4319 - val_loss: 0.3037 - val_mse: 0.3037 - val_mae: 0.4477 - 2s/epoch - 167ms/step
Epoch 235/10000

Epoch 235: val_loss did not improve from 0.28302
12/12 - 2s - loss: 0.2918 - mse: 0.2918 - mae: 0.4352 - val_loss: 0.2973 - val_mse: 0.2973 - val_mae: 0.4395 - 2s/epoch - 170ms/step
Epoch 236/10000

Epoch 236: val_loss did not improve from 0.28302
12/12 - 2s - loss: 0.2890 - mse: 0.2890 - mae: 0.4335 - val_loss: 0.3029 - val_mse: 0.3029 - val_mae: 0.4432 - 2s/epoch - 168ms/step
Epoch 237/10000

Epoch 237: val_loss did not improve from 0.28302
12/12 - 2s - loss: 0.2908 - mse: 0.2908 - mae: 0.4361 - val_loss: 0.2854 - val_mse: 0.2854 - val_mae: 0.4342 - 2s/epoch - 168ms/step
Epoch 238/10000

Epoch 238: val_loss did not improve from 0.28302
12/12 - 2s - loss: 0.2831 - mse: 0.2831 - mae: 0.4303 - val_loss: 0.2837 - val_mse: 0.2837 - val_mae: 0.4325 - 2s/epoch - 167ms/step
Epoch 239/10000

Epoch 239: val_loss did not improve from 0.28302
12/12 - 2s - loss: 0.2814 - mse: 0.2814 - mae: 0.4286 - val_loss: 0.2882 - val_mse: 0.2882 - val_mae: 0.4340 - 2s/epoch - 167ms/step
Epoch 240/10000

Epoch 240: val_loss did not improve from 0.28302
12/12 - 2s - loss: 0.2825 - mse: 0.2825 - mae: 0.4295 - val_loss: 0.3123 - val_mse: 0.3123 - val_mae: 0.4536 - 2s/epoch - 167ms/step
Epoch 241/10000

Epoch 241: val_loss did not improve from 0.28302
12/12 - 2s - loss: 0.2938 - mse: 0.2938 - mae: 0.4377 - val_loss: 0.2985 - val_mse: 0.2985 - val_mae: 0.4438 - 2s/epoch - 167ms/step
Epoch 242/10000

Epoch 242: val_loss improved from 0.28302 to 0.28289, saving model to ./results/NN_rms_regr/RNN/recursion_19/ckpt_1
12/12 - 3s - loss: 0.2922 - mse: 0.2922 - mae: 0.4367 - val_loss: 0.2829 - val_mse: 0.2829 - val_mae: 0.4316 - 3s/epoch - 242ms/step
Epoch 243/10000

Epoch 243: val_loss did not improve from 0.28289
12/12 - 2s - loss: 0.2842 - mse: 0.2842 - mae: 0.4306 - val_loss: 0.2834 - val_mse: 0.2834 - val_mae: 0.4322 - 2s/epoch - 168ms/step
Epoch 244/10000

Epoch 244: val_loss did not improve from 0.28289
12/12 - 2s - loss: 0.2830 - mse: 0.2830 - mae: 0.4303 - val_loss: 0.3045 - val_mse: 0.3045 - val_mae: 0.4440 - 2s/epoch - 167ms/step
Epoch 245/10000

Epoch 245: val_loss improved from 0.28289 to 0.28289, saving model to ./results/NN_rms_regr/RNN/recursion_19/ckpt_1
12/12 - 3s - loss: 0.2894 - mse: 0.2894 - mae: 0.4345 - val_loss: 0.2829 - val_mse: 0.2829 - val_mae: 0.4314 - 3s/epoch - 236ms/step
Epoch 246/10000

Epoch 246: val_loss did not improve from 0.28289
12/12 - 2s - loss: 0.2845 - mse: 0.2845 - mae: 0.4308 - val_loss: 0.2831 - val_mse: 0.2831 - val_mae: 0.4314 - 2s/epoch - 167ms/step
Epoch 247/10000

Epoch 247: val_loss did not improve from 0.28289
12/12 - 2s - loss: 0.2834 - mse: 0.2834 - mae: 0.4303 - val_loss: 0.2871 - val_mse: 0.2871 - val_mae: 0.4333 - 2s/epoch - 168ms/step
Epoch 248/10000

Epoch 248: val_loss improved from 0.28289 to 0.28285, saving model to ./results/NN_rms_regr/RNN/recursion_19/ckpt_1
12/12 - 3s - loss: 0.2830 - mse: 0.2830 - mae: 0.4302 - val_loss: 0.2828 - val_mse: 0.2828 - val_mae: 0.4315 - 3s/epoch - 241ms/step
Epoch 249/10000

Epoch 249: val_loss did not improve from 0.28285
12/12 - 2s - loss: 0.2817 - mse: 0.2817 - mae: 0.4289 - val_loss: 0.2840 - val_mse: 0.2840 - val_mae: 0.4328 - 2s/epoch - 167ms/step
Epoch 250/10000

Epoch 250: val_loss did not improve from 0.28285
12/12 - 2s - loss: 0.2826 - mse: 0.2826 - mae: 0.4297 - val_loss: 0.2868 - val_mse: 0.2868 - val_mae: 0.4349 - 2s/epoch - 167ms/step
Epoch 251/10000

Epoch 251: val_loss did not improve from 0.28285
12/12 - 2s - loss: 0.2832 - mse: 0.2832 - mae: 0.4302 - val_loss: 0.3051 - val_mse: 0.3051 - val_mae: 0.4442 - 2s/epoch - 167ms/step
Epoch 252/10000

Epoch 252: val_loss did not improve from 0.28285
12/12 - 2s - loss: 0.2876 - mse: 0.2876 - mae: 0.4325 - val_loss: 0.2893 - val_mse: 0.2893 - val_mae: 0.4343 - 2s/epoch - 167ms/step
Epoch 253/10000

Epoch 253: val_loss did not improve from 0.28285
12/12 - 2s - loss: 0.2841 - mse: 0.2841 - mae: 0.4301 - val_loss: 0.2854 - val_mse: 0.2854 - val_mae: 0.4323 - 2s/epoch - 167ms/step
Epoch 254/10000

Epoch 254: val_loss did not improve from 0.28285
12/12 - 2s - loss: 0.2828 - mse: 0.2828 - mae: 0.4294 - val_loss: 0.3069 - val_mse: 0.3069 - val_mae: 0.4455 - 2s/epoch - 167ms/step
Epoch 255/10000

Epoch 255: val_loss did not improve from 0.28285
12/12 - 2s - loss: 0.2924 - mse: 0.2924 - mae: 0.4367 - val_loss: 0.2834 - val_mse: 0.2834 - val_mae: 0.4314 - 2s/epoch - 168ms/step
Epoch 256/10000

Epoch 256: val_loss did not improve from 0.28285
12/12 - 2s - loss: 0.2833 - mse: 0.2833 - mae: 0.4299 - val_loss: 0.2843 - val_mse: 0.2843 - val_mae: 0.4316 - 2s/epoch - 168ms/step
Epoch 257/10000

Epoch 257: val_loss did not improve from 0.28285
12/12 - 2s - loss: 0.2865 - mse: 0.2865 - mae: 0.4316 - val_loss: 0.2927 - val_mse: 0.2927 - val_mae: 0.4362 - 2s/epoch - 167ms/step
Epoch 258/10000

Epoch 258: val_loss did not improve from 0.28285
12/12 - 2s - loss: 0.2973 - mse: 0.2973 - mae: 0.4402 - val_loss: 0.2897 - val_mse: 0.2897 - val_mae: 0.4370 - 2s/epoch - 168ms/step
Epoch 259/10000

Epoch 259: val_loss did not improve from 0.28285
12/12 - 2s - loss: 0.2821 - mse: 0.2821 - mae: 0.4283 - val_loss: 0.3250 - val_mse: 0.3250 - val_mae: 0.4624 - 2s/epoch - 167ms/step
Epoch 260/10000

Epoch 260: val_loss did not improve from 0.28285
12/12 - 2s - loss: 0.3064 - mse: 0.3064 - mae: 0.4461 - val_loss: 0.2916 - val_mse: 0.2916 - val_mae: 0.4382 - 2s/epoch - 167ms/step
Epoch 261/10000

Epoch 261: val_loss did not improve from 0.28285
12/12 - 2s - loss: 0.2859 - mse: 0.2859 - mae: 0.4324 - val_loss: 0.2935 - val_mse: 0.2935 - val_mae: 0.4399 - 2s/epoch - 167ms/step
Epoch 262/10000

Epoch 262: val_loss did not improve from 0.28285
12/12 - 2s - loss: 0.2915 - mse: 0.2915 - mae: 0.4349 - val_loss: 0.2931 - val_mse: 0.2931 - val_mae: 0.4398 - 2s/epoch - 167ms/step
Epoch 263/10000

Epoch 263: val_loss did not improve from 0.28285
12/12 - 2s - loss: 0.2951 - mse: 0.2951 - mae: 0.4386 - val_loss: 0.2848 - val_mse: 0.2848 - val_mae: 0.4321 - 2s/epoch - 167ms/step
Epoch 264/10000

Epoch 264: val_loss did not improve from 0.28285
12/12 - 2s - loss: 0.2826 - mse: 0.2826 - mae: 0.4296 - val_loss: 0.3324 - val_mse: 0.3324 - val_mae: 0.4617 - 2s/epoch - 167ms/step
Epoch 265/10000

Epoch 265: val_loss did not improve from 0.28285
12/12 - 2s - loss: 0.3042 - mse: 0.3042 - mae: 0.4435 - val_loss: 0.2841 - val_mse: 0.2841 - val_mae: 0.4317 - 2s/epoch - 166ms/step
Epoch 266/10000

Epoch 266: val_loss did not improve from 0.28285
12/12 - 2s - loss: 0.2844 - mse: 0.2844 - mae: 0.4308 - val_loss: 0.2829 - val_mse: 0.2829 - val_mae: 0.4315 - 2s/epoch - 167ms/step
Epoch 267/10000

Epoch 267: val_loss did not improve from 0.28285
12/12 - 2s - loss: 0.2832 - mse: 0.2832 - mae: 0.4297 - val_loss: 0.2932 - val_mse: 0.2932 - val_mae: 0.4367 - 2s/epoch - 168ms/step
Epoch 268/10000

Epoch 268: val_loss did not improve from 0.28285
12/12 - 2s - loss: 0.2877 - mse: 0.2877 - mae: 0.4338 - val_loss: 0.2892 - val_mse: 0.2892 - val_mae: 0.4367 - 2s/epoch - 168ms/step
Epoch 269/10000

Epoch 269: val_loss did not improve from 0.28285
12/12 - 2s - loss: 0.2841 - mse: 0.2841 - mae: 0.4306 - val_loss: 0.2911 - val_mse: 0.2911 - val_mae: 0.4353 - 2s/epoch - 167ms/step
Epoch 270/10000

Epoch 270: val_loss did not improve from 0.28285
12/12 - 2s - loss: 0.2838 - mse: 0.2838 - mae: 0.4297 - val_loss: 0.3047 - val_mse: 0.3047 - val_mae: 0.4440 - 2s/epoch - 167ms/step
Epoch 271/10000

Epoch 271: val_loss did not improve from 0.28285
12/12 - 2s - loss: 0.2911 - mse: 0.2911 - mae: 0.4342 - val_loss: 0.2832 - val_mse: 0.2832 - val_mae: 0.4313 - 2s/epoch - 168ms/step
Epoch 272/10000

Epoch 272: val_loss did not improve from 0.28285
12/12 - 2s - loss: 0.2857 - mse: 0.2857 - mae: 0.4305 - val_loss: 0.2948 - val_mse: 0.2948 - val_mae: 0.4407 - 2s/epoch - 168ms/step
Epoch 273/10000

Epoch 273: val_loss did not improve from 0.28285
12/12 - 2s - loss: 0.2858 - mse: 0.2858 - mae: 0.4311 - val_loss: 0.2858 - val_mse: 0.2858 - val_mae: 0.4337 - 2s/epoch - 168ms/step
Epoch 274/10000

Epoch 274: val_loss did not improve from 0.28285
12/12 - 2s - loss: 0.2834 - mse: 0.2834 - mae: 0.4302 - val_loss: 0.3051 - val_mse: 0.3051 - val_mae: 0.4482 - 2s/epoch - 167ms/step
Epoch 275/10000

Epoch 275: val_loss did not improve from 0.28285
12/12 - 2s - loss: 0.2932 - mse: 0.2932 - mae: 0.4362 - val_loss: 0.3516 - val_mse: 0.3516 - val_mae: 0.4812 - 2s/epoch - 167ms/step
Epoch 276/10000

Epoch 276: val_loss did not improve from 0.28285
12/12 - 2s - loss: 0.3109 - mse: 0.3109 - mae: 0.4479 - val_loss: 0.3005 - val_mse: 0.3005 - val_mae: 0.4447 - 2s/epoch - 168ms/step
Epoch 277/10000

Epoch 277: val_loss did not improve from 0.28285
12/12 - 2s - loss: 0.3020 - mse: 0.3020 - mae: 0.4430 - val_loss: 0.2873 - val_mse: 0.2873 - val_mae: 0.4347 - 2s/epoch - 168ms/step
Epoch 278/10000

Epoch 278: val_loss did not improve from 0.28285
12/12 - 2s - loss: 0.2905 - mse: 0.2905 - mae: 0.4348 - val_loss: 0.2858 - val_mse: 0.2858 - val_mae: 0.4322 - 2s/epoch - 168ms/step
Epoch 279/10000

Epoch 279: val_loss did not improve from 0.28285
12/12 - 2s - loss: 0.2885 - mse: 0.2885 - mae: 0.4340 - val_loss: 0.3010 - val_mse: 0.3010 - val_mae: 0.4415 - 2s/epoch - 167ms/step
Epoch 280/10000

Epoch 280: val_loss did not improve from 0.28285
12/12 - 2s - loss: 0.2895 - mse: 0.2895 - mae: 0.4342 - val_loss: 0.3362 - val_mse: 0.3362 - val_mae: 0.4640 - 2s/epoch - 167ms/step
Epoch 281/10000

Epoch 281: val_loss did not improve from 0.28285
12/12 - 2s - loss: 0.3045 - mse: 0.3045 - mae: 0.4453 - val_loss: 0.2843 - val_mse: 0.2843 - val_mae: 0.4317 - 2s/epoch - 168ms/step
Epoch 282/10000

Epoch 282: val_loss did not improve from 0.28285
12/12 - 2s - loss: 0.2826 - mse: 0.2826 - mae: 0.4294 - val_loss: 0.2830 - val_mse: 0.2830 - val_mae: 0.4315 - 2s/epoch - 167ms/step
Epoch 283/10000

Epoch 283: val_loss did not improve from 0.28285
12/12 - 2s - loss: 0.2813 - mse: 0.2813 - mae: 0.4280 - val_loss: 0.2833 - val_mse: 0.2833 - val_mae: 0.4312 - 2s/epoch - 167ms/step
Epoch 284/10000

Epoch 284: val_loss did not improve from 0.28285
12/12 - 2s - loss: 0.2831 - mse: 0.2831 - mae: 0.4299 - val_loss: 0.3190 - val_mse: 0.3190 - val_mae: 0.4530 - 2s/epoch - 167ms/step
Epoch 285/10000

Epoch 285: val_loss did not improve from 0.28285
12/12 - 2s - loss: 0.3026 - mse: 0.3026 - mae: 0.4425 - val_loss: 0.3184 - val_mse: 0.3184 - val_mae: 0.4528 - 2s/epoch - 166ms/step
Epoch 286/10000

Epoch 286: val_loss did not improve from 0.28285
12/12 - 2s - loss: 0.2941 - mse: 0.2941 - mae: 0.4360 - val_loss: 0.2947 - val_mse: 0.2947 - val_mae: 0.4410 - 2s/epoch - 167ms/step
Epoch 287/10000

Epoch 287: val_loss did not improve from 0.28285
12/12 - 2s - loss: 0.2862 - mse: 0.2862 - mae: 0.4314 - val_loss: 0.3083 - val_mse: 0.3083 - val_mae: 0.4507 - 2s/epoch - 167ms/step
Epoch 288/10000

Epoch 288: val_loss did not improve from 0.28285
12/12 - 2s - loss: 0.2912 - mse: 0.2912 - mae: 0.4353 - val_loss: 0.2877 - val_mse: 0.2877 - val_mae: 0.4358 - 2s/epoch - 167ms/step
Epoch 289/10000

Epoch 289: val_loss did not improve from 0.28285
12/12 - 2s - loss: 0.2853 - mse: 0.2853 - mae: 0.4313 - val_loss: 0.2873 - val_mse: 0.2873 - val_mae: 0.4354 - 2s/epoch - 167ms/step
Epoch 290/10000

Epoch 290: val_loss did not improve from 0.28285
12/12 - 2s - loss: 0.2853 - mse: 0.2853 - mae: 0.4313 - val_loss: 0.2897 - val_mse: 0.2897 - val_mae: 0.4347 - 2s/epoch - 167ms/step
Epoch 291/10000

Epoch 291: val_loss did not improve from 0.28285
12/12 - 2s - loss: 0.2826 - mse: 0.2826 - mae: 0.4293 - val_loss: 0.2832 - val_mse: 0.2832 - val_mae: 0.4318 - 2s/epoch - 168ms/step
Epoch 292/10000

Epoch 292: val_loss did not improve from 0.28285
12/12 - 2s - loss: 0.2842 - mse: 0.2842 - mae: 0.4303 - val_loss: 0.2851 - val_mse: 0.2851 - val_mae: 0.4322 - 2s/epoch - 167ms/step
Epoch 293/10000

Epoch 293: val_loss did not improve from 0.28285
12/12 - 2s - loss: 0.2821 - mse: 0.2821 - mae: 0.4285 - val_loss: 0.3037 - val_mse: 0.3037 - val_mae: 0.4432 - 2s/epoch - 168ms/step
Epoch 294/10000

Epoch 294: val_loss did not improve from 0.28285
12/12 - 2s - loss: 0.2916 - mse: 0.2916 - mae: 0.4351 - val_loss: 0.2836 - val_mse: 0.2836 - val_mae: 0.4318 - 2s/epoch - 167ms/step
Epoch 295/10000

Epoch 295: val_loss did not improve from 0.28285
12/12 - 2s - loss: 0.2840 - mse: 0.2840 - mae: 0.4296 - val_loss: 0.3111 - val_mse: 0.3111 - val_mae: 0.4481 - 2s/epoch - 167ms/step
Epoch 296/10000

Epoch 296: val_loss did not improve from 0.28285
12/12 - 2s - loss: 0.3043 - mse: 0.3043 - mae: 0.4440 - val_loss: 0.2833 - val_mse: 0.2833 - val_mae: 0.4321 - 2s/epoch - 167ms/step
Epoch 297/10000

Epoch 297: val_loss did not improve from 0.28285
12/12 - 2s - loss: 0.2917 - mse: 0.2917 - mae: 0.4355 - val_loss: 0.3351 - val_mse: 0.3351 - val_mae: 0.4700 - 2s/epoch - 168ms/step
Epoch 298/10000

Epoch 298: val_loss did not improve from 0.28285
12/12 - 2s - loss: 0.3047 - mse: 0.3047 - mae: 0.4438 - val_loss: 0.2951 - val_mse: 0.2951 - val_mae: 0.4412 - 2s/epoch - 167ms/step
Epoch 299/10000

Epoch 299: val_loss did not improve from 0.28285
12/12 - 2s - loss: 0.2875 - mse: 0.2875 - mae: 0.4330 - val_loss: 0.2955 - val_mse: 0.2955 - val_mae: 0.4383 - 2s/epoch - 167ms/step
Epoch 300/10000

Epoch 300: val_loss did not improve from 0.28285
12/12 - 2s - loss: 0.2861 - mse: 0.2861 - mae: 0.4321 - val_loss: 0.2839 - val_mse: 0.2839 - val_mae: 0.4325 - 2s/epoch - 168ms/step
Epoch 301/10000

Epoch 301: val_loss did not improve from 0.28285
12/12 - 2s - loss: 0.2827 - mse: 0.2827 - mae: 0.4293 - val_loss: 0.2864 - val_mse: 0.2864 - val_mae: 0.4346 - 2s/epoch - 168ms/step
Epoch 302/10000

Epoch 302: val_loss did not improve from 0.28285
12/12 - 2s - loss: 0.2847 - mse: 0.2847 - mae: 0.4312 - val_loss: 0.3772 - val_mse: 0.3772 - val_mae: 0.4991 - 2s/epoch - 167ms/step
Epoch 303/10000

Epoch 303: val_loss did not improve from 0.28285
12/12 - 2s - loss: 0.3380 - mse: 0.3380 - mae: 0.4670 - val_loss: 0.2975 - val_mse: 0.2975 - val_mae: 0.4393 - 2s/epoch - 167ms/step
Epoch 304/10000

Epoch 304: val_loss did not improve from 0.28285
12/12 - 2s - loss: 0.2900 - mse: 0.2900 - mae: 0.4350 - val_loss: 0.2830 - val_mse: 0.2830 - val_mae: 0.4314 - 2s/epoch - 168ms/step
Epoch 305/10000

Epoch 305: val_loss did not improve from 0.28285
12/12 - 2s - loss: 0.2817 - mse: 0.2817 - mae: 0.4283 - val_loss: 0.2834 - val_mse: 0.2834 - val_mae: 0.4314 - 2s/epoch - 168ms/step
Epoch 306/10000

Epoch 306: val_loss did not improve from 0.28285
12/12 - 2s - loss: 0.2818 - mse: 0.2818 - mae: 0.4288 - val_loss: 0.2836 - val_mse: 0.2836 - val_mae: 0.4322 - 2s/epoch - 168ms/step
Epoch 307/10000

Epoch 307: val_loss did not improve from 0.28285
12/12 - 2s - loss: 0.2827 - mse: 0.2827 - mae: 0.4296 - val_loss: 0.3010 - val_mse: 0.3010 - val_mae: 0.4457 - 2s/epoch - 167ms/step
Epoch 308/10000

Epoch 308: val_loss did not improve from 0.28285
12/12 - 2s - loss: 0.2866 - mse: 0.2866 - mae: 0.4323 - val_loss: 0.2883 - val_mse: 0.2883 - val_mae: 0.4361 - 2s/epoch - 172ms/step
Epoch 309/10000

Epoch 309: val_loss did not improve from 0.28285
12/12 - 2s - loss: 0.2844 - mse: 0.2844 - mae: 0.4304 - val_loss: 0.2858 - val_mse: 0.2858 - val_mae: 0.4325 - 2s/epoch - 167ms/step
Epoch 310/10000

Epoch 310: val_loss did not improve from 0.28285
12/12 - 2s - loss: 0.2824 - mse: 0.2824 - mae: 0.4290 - val_loss: 0.2837 - val_mse: 0.2837 - val_mae: 0.4314 - 2s/epoch - 167ms/step
Epoch 311/10000

Epoch 311: val_loss did not improve from 0.28285
12/12 - 2s - loss: 0.2820 - mse: 0.2820 - mae: 0.4285 - val_loss: 0.2944 - val_mse: 0.2944 - val_mae: 0.4373 - 2s/epoch - 168ms/step
Epoch 312/10000

Epoch 312: val_loss did not improve from 0.28285
12/12 - 2s - loss: 0.2882 - mse: 0.2882 - mae: 0.4327 - val_loss: 0.2839 - val_mse: 0.2839 - val_mae: 0.4321 - 2s/epoch - 168ms/step
Epoch 313/10000

Epoch 313: val_loss did not improve from 0.28285
12/12 - 2s - loss: 0.2824 - mse: 0.2824 - mae: 0.4284 - val_loss: 0.2904 - val_mse: 0.2904 - val_mae: 0.4347 - 2s/epoch - 167ms/step
Epoch 314/10000

Epoch 314: val_loss did not improve from 0.28285
12/12 - 2s - loss: 0.2891 - mse: 0.2891 - mae: 0.4334 - val_loss: 0.3213 - val_mse: 0.3213 - val_mae: 0.4543 - 2s/epoch - 167ms/step
Epoch 315/10000

Epoch 315: val_loss did not improve from 0.28285
12/12 - 2s - loss: 0.3066 - mse: 0.3066 - mae: 0.4450 - val_loss: 0.2844 - val_mse: 0.2844 - val_mae: 0.4316 - 2s/epoch - 167ms/step
Epoch 316/10000

Epoch 316: val_loss did not improve from 0.28285
12/12 - 2s - loss: 0.2858 - mse: 0.2858 - mae: 0.4317 - val_loss: 0.2829 - val_mse: 0.2829 - val_mae: 0.4313 - 2s/epoch - 167ms/step
Epoch 317/10000

Epoch 317: val_loss did not improve from 0.28285
12/12 - 2s - loss: 0.2819 - mse: 0.2819 - mae: 0.4287 - val_loss: 0.2852 - val_mse: 0.2852 - val_mae: 0.4322 - 2s/epoch - 169ms/step
Epoch 318/10000

Epoch 318: val_loss did not improve from 0.28285
12/12 - 2s - loss: 0.2847 - mse: 0.2847 - mae: 0.4304 - val_loss: 0.2863 - val_mse: 0.2863 - val_mae: 0.4328 - 2s/epoch - 168ms/step
Epoch 319/10000

Epoch 319: val_loss did not improve from 0.28285
12/12 - 2s - loss: 0.2869 - mse: 0.2869 - mae: 0.4319 - val_loss: 0.3134 - val_mse: 0.3134 - val_mae: 0.4496 - 2s/epoch - 167ms/step
Epoch 320/10000

Epoch 320: val_loss did not improve from 0.28285
12/12 - 2s - loss: 0.2988 - mse: 0.2988 - mae: 0.4405 - val_loss: 0.2845 - val_mse: 0.2845 - val_mae: 0.4319 - 2s/epoch - 167ms/step
Epoch 321/10000

Epoch 321: val_loss did not improve from 0.28285
12/12 - 2s - loss: 0.2855 - mse: 0.2855 - mae: 0.4309 - val_loss: 0.3619 - val_mse: 0.3619 - val_mae: 0.4889 - 2s/epoch - 167ms/step
Epoch 322/10000

Epoch 322: val_loss did not improve from 0.28285
12/12 - 2s - loss: 0.3096 - mse: 0.3096 - mae: 0.4482 - val_loss: 0.2847 - val_mse: 0.2847 - val_mae: 0.4334 - 2s/epoch - 169ms/step
Epoch 323/10000

Epoch 323: val_loss did not improve from 0.28285
12/12 - 2s - loss: 0.2833 - mse: 0.2833 - mae: 0.4301 - val_loss: 0.2887 - val_mse: 0.2887 - val_mae: 0.4344 - 2s/epoch - 167ms/step
Epoch 324/10000

Epoch 324: val_loss did not improve from 0.28285
12/12 - 2s - loss: 0.2827 - mse: 0.2827 - mae: 0.4294 - val_loss: 0.2952 - val_mse: 0.2952 - val_mae: 0.4381 - 2s/epoch - 167ms/step
Epoch 325/10000

Epoch 325: val_loss did not improve from 0.28285
12/12 - 2s - loss: 0.2899 - mse: 0.2899 - mae: 0.4338 - val_loss: 0.2840 - val_mse: 0.2840 - val_mae: 0.4316 - 2s/epoch - 169ms/step
Epoch 326/10000

Epoch 326: val_loss did not improve from 0.28285
12/12 - 2s - loss: 0.2825 - mse: 0.2825 - mae: 0.4289 - val_loss: 0.2835 - val_mse: 0.2835 - val_mae: 0.4311 - 2s/epoch - 168ms/step
Epoch 327/10000

Epoch 327: val_loss did not improve from 0.28285
12/12 - 2s - loss: 0.2819 - mse: 0.2819 - mae: 0.4281 - val_loss: 0.3021 - val_mse: 0.3021 - val_mae: 0.4457 - 2s/epoch - 167ms/step
Epoch 328/10000

Epoch 328: val_loss did not improve from 0.28285
12/12 - 2s - loss: 0.2910 - mse: 0.2910 - mae: 0.4352 - val_loss: 0.2877 - val_mse: 0.2877 - val_mae: 0.4349 - 2s/epoch - 167ms/step
Epoch 329/10000

Epoch 329: val_loss did not improve from 0.28285
12/12 - 2s - loss: 0.2929 - mse: 0.2929 - mae: 0.4355 - val_loss: 0.2831 - val_mse: 0.2831 - val_mae: 0.4308 - 2s/epoch - 168ms/step
Epoch 330/10000

Epoch 330: val_loss did not improve from 0.28285
12/12 - 2s - loss: 0.2832 - mse: 0.2832 - mae: 0.4289 - val_loss: 0.2994 - val_mse: 0.2994 - val_mae: 0.4440 - 2s/epoch - 168ms/step
Epoch 331/10000

Epoch 331: val_loss did not improve from 0.28285
12/12 - 2s - loss: 0.2961 - mse: 0.2961 - mae: 0.4396 - val_loss: 0.2829 - val_mse: 0.2829 - val_mae: 0.4312 - 2s/epoch - 168ms/step
Epoch 332/10000

Epoch 332: val_loss did not improve from 0.28285
12/12 - 2s - loss: 0.2828 - mse: 0.2828 - mae: 0.4296 - val_loss: 0.2961 - val_mse: 0.2961 - val_mae: 0.4387 - 2s/epoch - 168ms/step
Epoch 333/10000

Epoch 333: val_loss did not improve from 0.28285
12/12 - 2s - loss: 0.2912 - mse: 0.2912 - mae: 0.4351 - val_loss: 0.2994 - val_mse: 0.2994 - val_mae: 0.4407 - 2s/epoch - 166ms/step
Epoch 334/10000

Epoch 334: val_loss did not improve from 0.28285
12/12 - 2s - loss: 0.2864 - mse: 0.2864 - mae: 0.4324 - val_loss: 0.2905 - val_mse: 0.2905 - val_mae: 0.4377 - 2s/epoch - 168ms/step
Epoch 335/10000

Epoch 335: val_loss did not improve from 0.28285
12/12 - 2s - loss: 0.2860 - mse: 0.2860 - mae: 0.4314 - val_loss: 0.2829 - val_mse: 0.2829 - val_mae: 0.4310 - 2s/epoch - 168ms/step
Epoch 336/10000

Epoch 336: val_loss did not improve from 0.28285
12/12 - 2s - loss: 0.2821 - mse: 0.2821 - mae: 0.4284 - val_loss: 0.2875 - val_mse: 0.2875 - val_mae: 0.4346 - 2s/epoch - 167ms/step
Epoch 337/10000

Epoch 337: val_loss did not improve from 0.28285
12/12 - 2s - loss: 0.2824 - mse: 0.2824 - mae: 0.4287 - val_loss: 0.2970 - val_mse: 0.2970 - val_mae: 0.4383 - 2s/epoch - 168ms/step
Epoch 338/10000

Epoch 338: val_loss did not improve from 0.28285
12/12 - 2s - loss: 0.2889 - mse: 0.2889 - mae: 0.4334 - val_loss: 0.2855 - val_mse: 0.2855 - val_mae: 0.4314 - 2s/epoch - 168ms/step
Epoch 339/10000

Epoch 339: val_loss did not improve from 0.28285
12/12 - 2s - loss: 0.2867 - mse: 0.2867 - mae: 0.4309 - val_loss: 0.2850 - val_mse: 0.2850 - val_mae: 0.4324 - 2s/epoch - 167ms/step
Epoch 340/10000

Epoch 340: val_loss did not improve from 0.28285
12/12 - 2s - loss: 0.2850 - mse: 0.2850 - mae: 0.4301 - val_loss: 0.2869 - val_mse: 0.2869 - val_mae: 0.4340 - 2s/epoch - 168ms/step
Epoch 341/10000

Epoch 341: val_loss did not improve from 0.28285
12/12 - 2s - loss: 0.2830 - mse: 0.2830 - mae: 0.4285 - val_loss: 0.3227 - val_mse: 0.3227 - val_mae: 0.4604 - 2s/epoch - 167ms/step
Epoch 342/10000

Epoch 342: val_loss did not improve from 0.28285
12/12 - 2s - loss: 0.2970 - mse: 0.2970 - mae: 0.4385 - val_loss: 0.2978 - val_mse: 0.2978 - val_mae: 0.4424 - 2s/epoch - 168ms/step
Epoch 343/10000

Epoch 343: val_loss did not improve from 0.28285
12/12 - 2s - loss: 0.2902 - mse: 0.2902 - mae: 0.4342 - val_loss: 0.2830 - val_mse: 0.2830 - val_mae: 0.4307 - 2s/epoch - 168ms/step
Epoch 344/10000

Epoch 344: val_loss did not improve from 0.28285
12/12 - 2s - loss: 0.2812 - mse: 0.2812 - mae: 0.4275 - val_loss: 0.2870 - val_mse: 0.2870 - val_mae: 0.4345 - 2s/epoch - 167ms/step
Epoch 345/10000

Epoch 345: val_loss did not improve from 0.28285
12/12 - 2s - loss: 0.2833 - mse: 0.2833 - mae: 0.4297 - val_loss: 0.2849 - val_mse: 0.2849 - val_mae: 0.4329 - 2s/epoch - 168ms/step
Epoch 346/10000

Epoch 346: val_loss did not improve from 0.28285
12/12 - 2s - loss: 0.2839 - mse: 0.2839 - mae: 0.4296 - val_loss: 0.2896 - val_mse: 0.2896 - val_mae: 0.4341 - 2s/epoch - 168ms/step
Epoch 347/10000

Epoch 347: val_loss did not improve from 0.28285
12/12 - 2s - loss: 0.2840 - mse: 0.2840 - mae: 0.4292 - val_loss: 0.3555 - val_mse: 0.3555 - val_mae: 0.4764 - 2s/epoch - 168ms/step
Epoch 348/10000

Epoch 348: val_loss did not improve from 0.28285
12/12 - 2s - loss: 0.3287 - mse: 0.3287 - mae: 0.4595 - val_loss: 0.3008 - val_mse: 0.3008 - val_mae: 0.4411 - 2s/epoch - 168ms/step
Epoch 348: early stopping
