[0.772459 0.95864  1.14028  1.32192  1.50356  1.6852   1.86684  2.04848
 2.23012  2.41176  2.5934   2.77504  2.95668  3.13832  3.31996  3.5016
 3.68324  3.86488  4.04652  4.22816  4.4098   4.59144  4.77308  4.95472
 5.13636  5.318   ]
Before undersampling: [(0, 11), (1, 41), (2, 117), (3, 379), (4, 1164), (5, 3250), (6, 3633), (7, 2483), (8, 2349), (9, 2100), (10, 1892), (11, 1848), (12, 1641), (13, 1350), (14, 1181), (15, 900), (16, 782), (17, 646), (18, 511), (19, 434), (20, 358), (21, 314), (22, 290), (23, 233), (24, 198)]
After undersampling: [(0, 11), (1, 21), (2, 52), (3, 43), (4, 518), (5, 971), (6, 528), (7, 147), (8, 266), (9, 436), (10, 218), (11, 168), (12, 41), (13, 120), (14, 57), (15, 70), (16, 28), (17, 65), (18, 28), (19, 34), (20, 36), (21, 20), (22, 16), (23, 17), (24, 14)]
      label  HH_0_0_x  HV_0_0_x  IA_0_0_x       FYI      DFYI       MYI     rms_0     thk_1     rms_1     thk_2     rms_2     thk_3     rms_3  ...    3         4    5         6         7         8         9        10   11        12   13        14        15                                                CNN
0     0.858  0.184314  0.054902  0.108219  0.677054  0.244229  0.078717  4.574475  1.157741  4.598907  1.135613  4.568877  1.137049  4.555604  ...  0.0  0.976693  0.0  0.614157  0.580775  0.824165  0.316351  0.915441  0.0  0.687166  0.0  0.681156  0.467802  [[[[0.2274509803921568], [0.1081809698366651],...
1     0.922  0.219608  0.043137  0.095634  0.054778  0.917930  0.027292  4.928114  1.252795  4.933641  1.183038  4.945711  1.206833  4.951181  ...  0.0  1.014148  0.0  0.640144  0.557590  0.845430  0.301105  0.952926  0.0  0.730141  0.0  0.731394  0.484976  [[[[0.1215686274509803], [0.0955935010723039],...
2     0.934  0.192157  0.031373  0.097116  0.587126  0.332548  0.080326  4.575322  1.137139  4.539704  1.094642  4.548931  1.119177  4.518337  ...  0.0  1.141272  0.0  0.686991  0.657252  0.887173  0.262995  1.067364  0.0  0.828544  0.0  0.798359  0.574734  [[[[0.1215686274509803], [0.0971558065975413],...
3     0.895  0.188235  0.035294  0.097129  0.495887  0.419141  0.084972  4.582605  1.146608  4.565219  1.119833  4.570570  1.106200  4.542815  ...  0.0  1.152834  0.0  0.692828  0.669648  0.885035  0.259357  1.075103  0.0  0.840245  0.0  0.805713  0.586994  [[[[0.188235294117647], [0.0971691505581724], ...
4     0.944  0.325490  0.066667  0.096222  0.002803  0.962774  0.034423  5.199004  1.323369  5.165545  1.259931  5.168842  1.279109  5.193098  ...  0.0  0.968458  0.0  0.649656  0.502992  0.845221  0.351467  0.905719  0.0  0.705089  0.0  0.735994  0.453760  [[[[0.2745098039215686], [0.0962616415584788],...
...     ...       ...       ...       ...       ...       ...       ...       ...       ...       ...       ...       ...       ...       ...  ...  ...       ...  ...       ...       ...       ...       ...       ...  ...       ...  ...       ...       ...                                                ...
3920  5.176  0.278431  0.086275  0.093342  0.016353  0.812066  0.171581  5.361443  1.355022  5.304595  1.276898  5.295056  1.272287  5.343263  ...  0.0  1.020177  0.0  0.661947  0.530186  0.840365  0.307862  0.948081  0.0  0.737600  0.0  0.749344  0.458473  [[[[0.2784313725490196], [0.0933822108250038],...
3921  5.266  0.227451  0.058824  0.093275  0.064507  0.875498  0.059994  5.121909  1.273320  4.973655  1.202230  5.007440  1.246945  5.039929  ...  0.0  1.034474  0.0  0.650712  0.575604  0.837686  0.315289  0.932384  0.0  0.759809  0.0  0.744740  0.512102  [[[[0.2470588235294117], [0.0933153638652726],...
3922  5.163  0.313725  0.082353  0.093222  0.028550  0.764735  0.206715  5.190975  1.296560  5.121880  1.264090  5.138516  1.239793  5.142396  ...  0.0  0.975660  0.0  0.651870  0.513676  0.843849  0.348302  0.911619  0.0  0.702193  0.0  0.732623  0.448503  [[[[0.2588235294117647], [0.0932618833055683],...
3923  5.268  0.247059  0.074510  0.092660  0.008293  0.647847  0.343860  5.255385  1.313161  5.174481  1.249301  5.196196  1.242772  5.216737  ...  0.0  0.991467  0.0  0.640574  0.522775  0.828566  0.327134  0.899182  0.0  0.734495  0.0  0.737908  0.485006  [[[[0.2941176470588235], [0.0927003748276654],...
3924  5.240  0.356863  0.101961  0.092099  0.004805  0.650081  0.345114  5.408930  1.385731  5.416924  1.329798  5.392659  1.323711  5.442037  ...  0.0  0.874227  0.0  0.601902  0.448989  0.769331  0.363615  0.779378  0.0  0.643244  0.0  0.669964  0.406645  [[[[0.392156862745098], [0.0921388663497625], ...

[3925 rows x 128 columns]
Size of dataset: (3925, 127)
*************************** Fold #: 1 ***************************
Model: "model"
__________________________________________________________________________________________________
 Layer (type)                   Output Shape         Param #     Connected to                     
==================================================================================================
 conv (InputLayer)              [(None, 7, 7, 3, 1)  0           []                               
                                ]                                                                 
                                                                                                  
 zero_padding3d (ZeroPadding3D)  (None, 8, 8, 4, 1)  0           ['conv[0][0]']                   
                                                                                                  
 conv3d (Conv3D)                (None, 8, 8, 4, 8)   224         ['zero_padding3d[0][0]']         
                                                                                                  
 max_pooling3d (MaxPooling3D)   (None, 4, 4, 2, 8)   0           ['conv3d[0][0]']                 
                                                                                                  
 conv3d_1 (Conv3D)              (None, 4, 4, 2, 4)   868         ['max_pooling3d[0][0]']          
                                                                                                  
 max_pooling3d_1 (MaxPooling3D)  (None, 2, 2, 1, 4)  0           ['conv3d_1[0][0]']               
                                                                                                  
 cat (InputLayer)               [(None, 126)]        0           []                               
                                                                                                  
 flatten (Flatten)              (None, 16)           0           ['max_pooling3d_1[0][0]']        
                                                                                                  
 concatenate (Concatenate)      (None, 142)          0           ['cat[0][0]',                    
                                                                  'flatten[0][0]']                
                                                                                                  
 dense (Dense)                  (None, 200)          28600       ['concatenate[0][0]']            
                                                                                                  
 dense_1 (Dense)                (None, 200)          40200       ['dense[0][0]']                  
                                                                                                  
 dense_2 (Dense)                (None, 200)          40200       ['dense_1[0][0]']                
                                                                                                  
 dense_3 (Dense)                (None, 200)          40200       ['dense_2[0][0]']                
                                                                                                  
 dense_4 (Dense)                (None, 200)          40200       ['dense_3[0][0]']                
                                                                                                  
 dense_5 (Dense)                (None, 1)            201         ['dense_4[0][0]']                
                                                                                                  
==================================================================================================
Total params: 190,693
Trainable params: 190,693
Non-trainable params: 0
__________________________________________________________________________________________________
Epoch 1/10000

Epoch 1: val_loss improved from inf to 0.70041, saving model to ./results/NN_thk_regr/ResNet/recursion_44/ckpt_1
2/2 - 2s - loss: 1.3047 - mse: 1.3047 - mae: 1.1167 - val_loss: 0.7004 - val_mse: 0.7004 - val_mae: 0.8132 - 2s/epoch - 816ms/step
Epoch 2/10000

Epoch 2: val_loss improved from 0.70041 to 0.05164, saving model to ./results/NN_thk_regr/ResNet/recursion_44/ckpt_1
2/2 - 1s - loss: 0.5132 - mse: 0.5132 - mae: 0.6711 - val_loss: 0.0516 - val_mse: 0.0516 - val_mae: 0.1521 - 1s/epoch - 548ms/step
Epoch 3/10000

Epoch 3: val_loss did not improve from 0.05164
2/2 - 0s - loss: 0.1529 - mse: 0.1529 - mae: 0.3095 - val_loss: 0.3338 - val_mse: 0.3338 - val_mae: 0.5475 - 362ms/epoch - 181ms/step
Epoch 4/10000

Epoch 4: val_loss improved from 0.05164 to 0.04957, saving model to ./results/NN_thk_regr/ResNet/recursion_44/ckpt_1
2/2 - 1s - loss: 0.2448 - mse: 0.2448 - mae: 0.4503 - val_loss: 0.0496 - val_mse: 0.0496 - val_mae: 0.1625 - 1s/epoch - 549ms/step
Epoch 5/10000

Epoch 5: val_loss did not improve from 0.04957
2/2 - 0s - loss: 0.0613 - mse: 0.0613 - mae: 0.1797 - val_loss: 0.1230 - val_mse: 0.1230 - val_mae: 0.2914 - 365ms/epoch - 182ms/step
Epoch 6/10000

Epoch 6: val_loss did not improve from 0.04957
2/2 - 0s - loss: 0.1314 - mse: 0.1314 - mae: 0.3039 - val_loss: 0.1135 - val_mse: 0.1135 - val_mae: 0.2750 - 360ms/epoch - 180ms/step
Epoch 7/10000

Epoch 7: val_loss improved from 0.04957 to 0.04642, saving model to ./results/NN_thk_regr/ResNet/recursion_44/ckpt_1
2/2 - 1s - loss: 0.0938 - mse: 0.0938 - mae: 0.2375 - val_loss: 0.0464 - val_mse: 0.0464 - val_mae: 0.1480 - 1s/epoch - 610ms/step
Epoch 8/10000

Epoch 8: val_loss did not improve from 0.04642
2/2 - 0s - loss: 0.0584 - mse: 0.0584 - mae: 0.1844 - val_loss: 0.0903 - val_mse: 0.0903 - val_mae: 0.2603 - 372ms/epoch - 186ms/step
Epoch 9/10000

Epoch 9: val_loss did not improve from 0.04642
2/2 - 0s - loss: 0.0811 - mse: 0.0811 - mae: 0.2419 - val_loss: 0.0506 - val_mse: 0.0506 - val_mae: 0.1701 - 362ms/epoch - 181ms/step
Epoch 10/10000

Epoch 10: val_loss did not improve from 0.04642
2/2 - 0s - loss: 0.0484 - mse: 0.0484 - mae: 0.1609 - val_loss: 0.0562 - val_mse: 0.0562 - val_mae: 0.1629 - 358ms/epoch - 179ms/step
Epoch 11/10000

Epoch 11: val_loss did not improve from 0.04642
2/2 - 0s - loss: 0.0598 - mse: 0.0598 - mae: 0.1724 - val_loss: 0.0615 - val_mse: 0.0615 - val_mae: 0.1734 - 359ms/epoch - 180ms/step
Epoch 12/10000

Epoch 12: val_loss improved from 0.04642 to 0.04592, saving model to ./results/NN_thk_regr/ResNet/recursion_44/ckpt_1
2/2 - 1s - loss: 0.0576 - mse: 0.0576 - mae: 0.1686 - val_loss: 0.0459 - val_mse: 0.0459 - val_mae: 0.1468 - 1s/epoch - 631ms/step
Epoch 13/10000

Epoch 13: val_loss did not improve from 0.04592
2/2 - 0s - loss: 0.0472 - mse: 0.0472 - mae: 0.1563 - val_loss: 0.0539 - val_mse: 0.0539 - val_mae: 0.1821 - 357ms/epoch - 178ms/step
Epoch 14/10000

Epoch 14: val_loss did not improve from 0.04592
2/2 - 0s - loss: 0.0540 - mse: 0.0540 - mae: 0.1833 - val_loss: 0.0490 - val_mse: 0.0490 - val_mae: 0.1681 - 360ms/epoch - 180ms/step
Epoch 15/10000

Epoch 15: val_loss improved from 0.04592 to 0.04521, saving model to ./results/NN_thk_regr/ResNet/recursion_44/ckpt_1
2/2 - 1s - loss: 0.0469 - mse: 0.0469 - mae: 0.1611 - val_loss: 0.0452 - val_mse: 0.0452 - val_mae: 0.1459 - 1s/epoch - 596ms/step
Epoch 16/10000

Epoch 16: val_loss did not improve from 0.04521
2/2 - 0s - loss: 0.0464 - mse: 0.0464 - mae: 0.1503 - val_loss: 0.0473 - val_mse: 0.0473 - val_mae: 0.1490 - 364ms/epoch - 182ms/step
Epoch 17/10000

Epoch 17: val_loss improved from 0.04521 to 0.04267, saving model to ./results/NN_thk_regr/ResNet/recursion_44/ckpt_1
2/2 - 1s - loss: 0.0465 - mse: 0.0465 - mae: 0.1509 - val_loss: 0.0427 - val_mse: 0.0427 - val_mae: 0.1472 - 1s/epoch - 625ms/step
Epoch 18/10000

Epoch 18: val_loss did not improve from 0.04267
2/2 - 0s - loss: 0.0434 - mse: 0.0434 - mae: 0.1537 - val_loss: 0.0443 - val_mse: 0.0443 - val_mae: 0.1602 - 366ms/epoch - 183ms/step
Epoch 19/10000

Epoch 19: val_loss improved from 0.04267 to 0.04071, saving model to ./results/NN_thk_regr/ResNet/recursion_44/ckpt_1
2/2 - 1s - loss: 0.0434 - mse: 0.0434 - mae: 0.1576 - val_loss: 0.0407 - val_mse: 0.0407 - val_mae: 0.1458 - 1s/epoch - 629ms/step
Epoch 20/10000

Epoch 20: val_loss improved from 0.04071 to 0.04032, saving model to ./results/NN_thk_regr/ResNet/recursion_44/ckpt_1
2/2 - 1s - loss: 0.0413 - mse: 0.0413 - mae: 0.1470 - val_loss: 0.0403 - val_mse: 0.0403 - val_mae: 0.1424 - 1s/epoch - 597ms/step
Epoch 21/10000

Epoch 21: val_loss improved from 0.04032 to 0.03829, saving model to ./results/NN_thk_regr/ResNet/recursion_44/ckpt_1
2/2 - 1s - loss: 0.0404 - mse: 0.0404 - mae: 0.1454 - val_loss: 0.0383 - val_mse: 0.0383 - val_mae: 0.1450 - 1s/epoch - 622ms/step
Epoch 22/10000

Epoch 22: val_loss improved from 0.03829 to 0.03703, saving model to ./results/NN_thk_regr/ResNet/recursion_44/ckpt_1
2/2 - 1s - loss: 0.0388 - mse: 0.0388 - mae: 0.1480 - val_loss: 0.0370 - val_mse: 0.0370 - val_mae: 0.1447 - 1s/epoch - 624ms/step
Epoch 23/10000

Epoch 23: val_loss improved from 0.03703 to 0.03559, saving model to ./results/NN_thk_regr/ResNet/recursion_44/ckpt_1
2/2 - 1s - loss: 0.0373 - mse: 0.0373 - mae: 0.1456 - val_loss: 0.0356 - val_mse: 0.0356 - val_mae: 0.1388 - 1s/epoch - 627ms/step
Epoch 24/10000

Epoch 24: val_loss improved from 0.03559 to 0.03455, saving model to ./results/NN_thk_regr/ResNet/recursion_44/ckpt_1
2/2 - 1s - loss: 0.0362 - mse: 0.0362 - mae: 0.1411 - val_loss: 0.0346 - val_mse: 0.0346 - val_mae: 0.1372 - 1s/epoch - 633ms/step
Epoch 25/10000

Epoch 25: val_loss improved from 0.03455 to 0.03423, saving model to ./results/NN_thk_regr/ResNet/recursion_44/ckpt_1
2/2 - 1s - loss: 0.0357 - mse: 0.0357 - mae: 0.1426 - val_loss: 0.0342 - val_mse: 0.0342 - val_mae: 0.1384 - 1s/epoch - 599ms/step
Epoch 26/10000

Epoch 26: val_loss did not improve from 0.03423
2/2 - 0s - loss: 0.0352 - mse: 0.0352 - mae: 0.1409 - val_loss: 0.0346 - val_mse: 0.0346 - val_mae: 0.1365 - 360ms/epoch - 180ms/step
Epoch 27/10000

Epoch 27: val_loss did not improve from 0.03423
2/2 - 0s - loss: 0.0355 - mse: 0.0355 - mae: 0.1403 - val_loss: 0.0349 - val_mse: 0.0349 - val_mae: 0.1394 - 364ms/epoch - 182ms/step
Epoch 28/10000

Epoch 28: val_loss did not improve from 0.03423
2/2 - 0s - loss: 0.0357 - mse: 0.0357 - mae: 0.1434 - val_loss: 0.0349 - val_mse: 0.0349 - val_mae: 0.1408 - 363ms/epoch - 181ms/step
Epoch 29/10000

Epoch 29: val_loss did not improve from 0.03423
2/2 - 0s - loss: 0.0355 - mse: 0.0355 - mae: 0.1425 - val_loss: 0.0345 - val_mse: 0.0345 - val_mae: 0.1366 - 359ms/epoch - 179ms/step
Epoch 30/10000

Epoch 30: val_loss improved from 0.03423 to 0.03406, saving model to ./results/NN_thk_regr/ResNet/recursion_44/ckpt_1
2/2 - 1s - loss: 0.0353 - mse: 0.0353 - mae: 0.1396 - val_loss: 0.0341 - val_mse: 0.0341 - val_mae: 0.1368 - 1s/epoch - 627ms/step
Epoch 31/10000

Epoch 31: val_loss did not improve from 0.03406
2/2 - 0s - loss: 0.0350 - mse: 0.0350 - mae: 0.1408 - val_loss: 0.0341 - val_mse: 0.0341 - val_mae: 0.1385 - 369ms/epoch - 184ms/step
Epoch 32/10000

Epoch 32: val_loss improved from 0.03406 to 0.03396, saving model to ./results/NN_thk_regr/ResNet/recursion_44/ckpt_1
2/2 - 1s - loss: 0.0349 - mse: 0.0349 - mae: 0.1402 - val_loss: 0.0340 - val_mse: 0.0340 - val_mae: 0.1348 - 1s/epoch - 596ms/step
Epoch 33/10000

Epoch 33: val_loss did not improve from 0.03396
2/2 - 0s - loss: 0.0350 - mse: 0.0350 - mae: 0.1379 - val_loss: 0.0340 - val_mse: 0.0340 - val_mae: 0.1352 - 359ms/epoch - 179ms/step
Epoch 34/10000

Epoch 34: val_loss did not improve from 0.03396
2/2 - 0s - loss: 0.0349 - mse: 0.0349 - mae: 0.1390 - val_loss: 0.0341 - val_mse: 0.0341 - val_mae: 0.1375 - 363ms/epoch - 182ms/step
Epoch 35/10000

Epoch 35: val_loss improved from 0.03396 to 0.03391, saving model to ./results/NN_thk_regr/ResNet/recursion_44/ckpt_1
2/2 - 1s - loss: 0.0349 - mse: 0.0349 - mae: 0.1397 - val_loss: 0.0339 - val_mse: 0.0339 - val_mae: 0.1354 - 1s/epoch - 625ms/step
Epoch 36/10000

Epoch 36: val_loss improved from 0.03391 to 0.03381, saving model to ./results/NN_thk_regr/ResNet/recursion_44/ckpt_1
2/2 - 1s - loss: 0.0348 - mse: 0.0348 - mae: 0.1382 - val_loss: 0.0338 - val_mse: 0.0338 - val_mae: 0.1352 - 1s/epoch - 628ms/step
Epoch 37/10000

Epoch 37: val_loss improved from 0.03381 to 0.03376, saving model to ./results/NN_thk_regr/ResNet/recursion_44/ckpt_1
2/2 - 1s - loss: 0.0347 - mse: 0.0347 - mae: 0.1381 - val_loss: 0.0338 - val_mse: 0.0338 - val_mae: 0.1360 - 1s/epoch - 630ms/step
Epoch 38/10000

Epoch 38: val_loss improved from 0.03376 to 0.03376, saving model to ./results/NN_thk_regr/ResNet/recursion_44/ckpt_1
2/2 - 1s - loss: 0.0346 - mse: 0.0346 - mae: 0.1391 - val_loss: 0.0338 - val_mse: 0.0338 - val_mae: 0.1367 - 1s/epoch - 640ms/step
Epoch 39/10000

Epoch 39: val_loss improved from 0.03376 to 0.03370, saving model to ./results/NN_thk_regr/ResNet/recursion_44/ckpt_1
2/2 - 1s - loss: 0.0346 - mse: 0.0346 - mae: 0.1390 - val_loss: 0.0337 - val_mse: 0.0337 - val_mae: 0.1350 - 1s/epoch - 596ms/step
Epoch 40/10000

Epoch 40: val_loss improved from 0.03370 to 0.03368, saving model to ./results/NN_thk_regr/ResNet/recursion_44/ckpt_1
2/2 - 1s - loss: 0.0346 - mse: 0.0346 - mae: 0.1379 - val_loss: 0.0337 - val_mse: 0.0337 - val_mae: 0.1357 - 1s/epoch - 632ms/step
Epoch 41/10000

Epoch 41: val_loss did not improve from 0.03368
2/2 - 0s - loss: 0.0345 - mse: 0.0345 - mae: 0.1389 - val_loss: 0.0337 - val_mse: 0.0337 - val_mae: 0.1366 - 360ms/epoch - 180ms/step
Epoch 42/10000

Epoch 42: val_loss improved from 0.03368 to 0.03360, saving model to ./results/NN_thk_regr/ResNet/recursion_44/ckpt_1
2/2 - 1s - loss: 0.0345 - mse: 0.0345 - mae: 0.1388 - val_loss: 0.0336 - val_mse: 0.0336 - val_mae: 0.1345 - 1s/epoch - 598ms/step
Epoch 43/10000

Epoch 43: val_loss improved from 0.03360 to 0.03354, saving model to ./results/NN_thk_regr/ResNet/recursion_44/ckpt_1
2/2 - 1s - loss: 0.0344 - mse: 0.0344 - mae: 0.1375 - val_loss: 0.0335 - val_mse: 0.0335 - val_mae: 0.1348 - 1s/epoch - 624ms/step
Epoch 44/10000

Epoch 44: val_loss improved from 0.03354 to 0.03352, saving model to ./results/NN_thk_regr/ResNet/recursion_44/ckpt_1
2/2 - 1s - loss: 0.0344 - mse: 0.0344 - mae: 0.1380 - val_loss: 0.0335 - val_mse: 0.0335 - val_mae: 0.1352 - 1s/epoch - 627ms/step
Epoch 45/10000

Epoch 45: val_loss improved from 0.03352 to 0.03347, saving model to ./results/NN_thk_regr/ResNet/recursion_44/ckpt_1
2/2 - 1s - loss: 0.0344 - mse: 0.0344 - mae: 0.1375 - val_loss: 0.0335 - val_mse: 0.0335 - val_mae: 0.1341 - 1s/epoch - 631ms/step
Epoch 46/10000

Epoch 46: val_loss did not improve from 0.03347
2/2 - 0s - loss: 0.0343 - mse: 0.0343 - mae: 0.1373 - val_loss: 0.0335 - val_mse: 0.0335 - val_mae: 0.1351 - 361ms/epoch - 180ms/step
Epoch 47/10000

Epoch 47: val_loss improved from 0.03347 to 0.03341, saving model to ./results/NN_thk_regr/ResNet/recursion_44/ckpt_1
2/2 - 1s - loss: 0.0343 - mse: 0.0343 - mae: 0.1377 - val_loss: 0.0334 - val_mse: 0.0334 - val_mae: 0.1336 - 1s/epoch - 599ms/step
Epoch 48/10000

Epoch 48: val_loss improved from 0.03341 to 0.03336, saving model to ./results/NN_thk_regr/ResNet/recursion_44/ckpt_1
2/2 - 1s - loss: 0.0342 - mse: 0.0342 - mae: 0.1363 - val_loss: 0.0334 - val_mse: 0.0334 - val_mae: 0.1337 - 1s/epoch - 627ms/step
Epoch 49/10000

Epoch 49: val_loss did not improve from 0.03336
2/2 - 0s - loss: 0.0343 - mse: 0.0343 - mae: 0.1375 - val_loss: 0.0334 - val_mse: 0.0334 - val_mae: 0.1350 - 361ms/epoch - 180ms/step
Epoch 50/10000

Epoch 50: val_loss improved from 0.03336 to 0.03334, saving model to ./results/NN_thk_regr/ResNet/recursion_44/ckpt_1
2/2 - 1s - loss: 0.0342 - mse: 0.0342 - mae: 0.1368 - val_loss: 0.0333 - val_mse: 0.0333 - val_mae: 0.1328 - 1s/epoch - 630ms/step
Epoch 51/10000

Epoch 51: val_loss improved from 0.03334 to 0.03330, saving model to ./results/NN_thk_regr/ResNet/recursion_44/ckpt_1
2/2 - 1s - loss: 0.0342 - mse: 0.0342 - mae: 0.1366 - val_loss: 0.0333 - val_mse: 0.0333 - val_mae: 0.1345 - 1s/epoch - 594ms/step
Epoch 52/10000

Epoch 52: val_loss improved from 0.03330 to 0.03322, saving model to ./results/NN_thk_regr/ResNet/recursion_44/ckpt_1
2/2 - 1s - loss: 0.0342 - mse: 0.0342 - mae: 0.1366 - val_loss: 0.0332 - val_mse: 0.0332 - val_mae: 0.1334 - 1s/epoch - 624ms/step
Epoch 53/10000

Epoch 53: val_loss did not improve from 0.03322
2/2 - 0s - loss: 0.0342 - mse: 0.0342 - mae: 0.1374 - val_loss: 0.0332 - val_mse: 0.0332 - val_mae: 0.1344 - 373ms/epoch - 187ms/step
Epoch 54/10000

Epoch 54: val_loss did not improve from 0.03322
2/2 - 0s - loss: 0.0340 - mse: 0.0340 - mae: 0.1360 - val_loss: 0.0333 - val_mse: 0.0333 - val_mae: 0.1321 - 362ms/epoch - 181ms/step
Epoch 55/10000

Epoch 55: val_loss did not improve from 0.03322
2/2 - 0s - loss: 0.0340 - mse: 0.0340 - mae: 0.1355 - val_loss: 0.0332 - val_mse: 0.0332 - val_mae: 0.1346 - 358ms/epoch - 179ms/step
Epoch 56/10000

Epoch 56: val_loss improved from 0.03322 to 0.03309, saving model to ./results/NN_thk_regr/ResNet/recursion_44/ckpt_1
2/2 - 1s - loss: 0.0341 - mse: 0.0341 - mae: 0.1364 - val_loss: 0.0331 - val_mse: 0.0331 - val_mae: 0.1329 - 1s/epoch - 630ms/step
Epoch 57/10000

Epoch 57: val_loss did not improve from 0.03309
2/2 - 0s - loss: 0.0338 - mse: 0.0338 - mae: 0.1354 - val_loss: 0.0331 - val_mse: 0.0331 - val_mae: 0.1339 - 364ms/epoch - 182ms/step
Epoch 58/10000

Epoch 58: val_loss improved from 0.03309 to 0.03304, saving model to ./results/NN_thk_regr/ResNet/recursion_44/ckpt_1
2/2 - 1s - loss: 0.0338 - mse: 0.0338 - mae: 0.1364 - val_loss: 0.0330 - val_mse: 0.0330 - val_mae: 0.1320 - 1s/epoch - 594ms/step
Epoch 59/10000

Epoch 59: val_loss improved from 0.03304 to 0.03299, saving model to ./results/NN_thk_regr/ResNet/recursion_44/ckpt_1
2/2 - 1s - loss: 0.0338 - mse: 0.0338 - mae: 0.1344 - val_loss: 0.0330 - val_mse: 0.0330 - val_mae: 0.1321 - 1s/epoch - 626ms/step
Epoch 60/10000

Epoch 60: val_loss did not improve from 0.03299
2/2 - 0s - loss: 0.0337 - mse: 0.0337 - mae: 0.1348 - val_loss: 0.0331 - val_mse: 0.0331 - val_mae: 0.1336 - 366ms/epoch - 183ms/step
Epoch 61/10000

Epoch 61: val_loss improved from 0.03299 to 0.03296, saving model to ./results/NN_thk_regr/ResNet/recursion_44/ckpt_1
2/2 - 1s - loss: 0.0337 - mse: 0.0337 - mae: 0.1357 - val_loss: 0.0330 - val_mse: 0.0330 - val_mae: 0.1314 - 1s/epoch - 628ms/step
Epoch 62/10000

Epoch 62: val_loss improved from 0.03296 to 0.03293, saving model to ./results/NN_thk_regr/ResNet/recursion_44/ckpt_1
2/2 - 1s - loss: 0.0337 - mse: 0.0337 - mae: 0.1339 - val_loss: 0.0329 - val_mse: 0.0329 - val_mae: 0.1327 - 1s/epoch - 628ms/step
Epoch 63/10000

Epoch 63: val_loss improved from 0.03293 to 0.03287, saving model to ./results/NN_thk_regr/ResNet/recursion_44/ckpt_1
2/2 - 1s - loss: 0.0336 - mse: 0.0336 - mae: 0.1351 - val_loss: 0.0329 - val_mse: 0.0329 - val_mae: 0.1321 - 1s/epoch - 596ms/step
Epoch 64/10000

Epoch 64: val_loss did not improve from 0.03287
2/2 - 0s - loss: 0.0335 - mse: 0.0335 - mae: 0.1345 - val_loss: 0.0329 - val_mse: 0.0329 - val_mae: 0.1309 - 373ms/epoch - 187ms/step
Epoch 65/10000

Epoch 65: val_loss did not improve from 0.03287
2/2 - 0s - loss: 0.0336 - mse: 0.0336 - mae: 0.1334 - val_loss: 0.0329 - val_mse: 0.0329 - val_mae: 0.1327 - 369ms/epoch - 185ms/step
Epoch 66/10000

Epoch 66: val_loss improved from 0.03287 to 0.03279, saving model to ./results/NN_thk_regr/ResNet/recursion_44/ckpt_1
2/2 - 1s - loss: 0.0336 - mse: 0.0336 - mae: 0.1345 - val_loss: 0.0328 - val_mse: 0.0328 - val_mae: 0.1320 - 1s/epoch - 625ms/step
Epoch 67/10000

Epoch 67: val_loss improved from 0.03279 to 0.03272, saving model to ./results/NN_thk_regr/ResNet/recursion_44/ckpt_1
2/2 - 1s - loss: 0.0334 - mse: 0.0334 - mae: 0.1340 - val_loss: 0.0327 - val_mse: 0.0327 - val_mae: 0.1311 - 1s/epoch - 629ms/step
Epoch 68/10000

Epoch 68: val_loss improved from 0.03272 to 0.03270, saving model to ./results/NN_thk_regr/ResNet/recursion_44/ckpt_1
2/2 - 1s - loss: 0.0334 - mse: 0.0334 - mae: 0.1333 - val_loss: 0.0327 - val_mse: 0.0327 - val_mae: 0.1313 - 1s/epoch - 634ms/step
Epoch 69/10000

Epoch 69: val_loss improved from 0.03270 to 0.03267, saving model to ./results/NN_thk_regr/ResNet/recursion_44/ckpt_1
2/2 - 1s - loss: 0.0333 - mse: 0.0333 - mae: 0.1336 - val_loss: 0.0327 - val_mse: 0.0327 - val_mae: 0.1306 - 1s/epoch - 596ms/step
Epoch 70/10000

Epoch 70: val_loss did not improve from 0.03267
2/2 - 0s - loss: 0.0334 - mse: 0.0334 - mae: 0.1334 - val_loss: 0.0327 - val_mse: 0.0327 - val_mae: 0.1301 - 365ms/epoch - 183ms/step
Epoch 71/10000

Epoch 71: val_loss did not improve from 0.03267
2/2 - 0s - loss: 0.0334 - mse: 0.0334 - mae: 0.1324 - val_loss: 0.0330 - val_mse: 0.0330 - val_mae: 0.1338 - 368ms/epoch - 184ms/step
Epoch 72/10000

Epoch 72: val_loss did not improve from 0.03267
2/2 - 0s - loss: 0.0334 - mse: 0.0334 - mae: 0.1351 - val_loss: 0.0328 - val_mse: 0.0328 - val_mae: 0.1296 - 365ms/epoch - 182ms/step
Epoch 73/10000

Epoch 73: val_loss did not improve from 0.03267
2/2 - 0s - loss: 0.0334 - mse: 0.0334 - mae: 0.1323 - val_loss: 0.0327 - val_mse: 0.0327 - val_mae: 0.1320 - 359ms/epoch - 179ms/step
Epoch 74/10000

Epoch 74: val_loss improved from 0.03267 to 0.03252, saving model to ./results/NN_thk_regr/ResNet/recursion_44/ckpt_1
2/2 - 1s - loss: 0.0333 - mse: 0.0333 - mae: 0.1332 - val_loss: 0.0325 - val_mse: 0.0325 - val_mae: 0.1304 - 1s/epoch - 631ms/step
Epoch 75/10000

Epoch 75: val_loss improved from 0.03252 to 0.03249, saving model to ./results/NN_thk_regr/ResNet/recursion_44/ckpt_1
2/2 - 1s - loss: 0.0331 - mse: 0.0331 - mae: 0.1326 - val_loss: 0.0325 - val_mse: 0.0325 - val_mae: 0.1302 - 1s/epoch - 634ms/step
Epoch 76/10000

Epoch 76: val_loss improved from 0.03249 to 0.03247, saving model to ./results/NN_thk_regr/ResNet/recursion_44/ckpt_1
2/2 - 1s - loss: 0.0331 - mse: 0.0331 - mae: 0.1321 - val_loss: 0.0325 - val_mse: 0.0325 - val_mae: 0.1302 - 1s/epoch - 598ms/step
Epoch 77/10000

Epoch 77: val_loss improved from 0.03247 to 0.03244, saving model to ./results/NN_thk_regr/ResNet/recursion_44/ckpt_1
2/2 - 1s - loss: 0.0330 - mse: 0.0330 - mae: 0.1322 - val_loss: 0.0324 - val_mse: 0.0324 - val_mae: 0.1296 - 1s/epoch - 632ms/step
Epoch 78/10000

Epoch 78: val_loss did not improve from 0.03244
2/2 - 0s - loss: 0.0331 - mse: 0.0331 - mae: 0.1319 - val_loss: 0.0329 - val_mse: 0.0329 - val_mae: 0.1338 - 367ms/epoch - 183ms/step
Epoch 79/10000

Epoch 79: val_loss improved from 0.03244 to 0.03239, saving model to ./results/NN_thk_regr/ResNet/recursion_44/ckpt_1
2/2 - 1s - loss: 0.0333 - mse: 0.0333 - mae: 0.1337 - val_loss: 0.0324 - val_mse: 0.0324 - val_mae: 0.1293 - 1s/epoch - 633ms/step
Epoch 80/10000

Epoch 80: val_loss did not improve from 0.03239
2/2 - 0s - loss: 0.0329 - mse: 0.0329 - mae: 0.1315 - val_loss: 0.0326 - val_mse: 0.0326 - val_mae: 0.1320 - 370ms/epoch - 185ms/step
Epoch 81/10000

Epoch 81: val_loss improved from 0.03239 to 0.03233, saving model to ./results/NN_thk_regr/ResNet/recursion_44/ckpt_1
2/2 - 1s - loss: 0.0331 - mse: 0.0331 - mae: 0.1328 - val_loss: 0.0323 - val_mse: 0.0323 - val_mae: 0.1294 - 1s/epoch - 595ms/step
Epoch 82/10000

Epoch 82: val_loss did not improve from 0.03233
2/2 - 0s - loss: 0.0331 - mse: 0.0331 - mae: 0.1332 - val_loss: 0.0325 - val_mse: 0.0325 - val_mae: 0.1286 - 365ms/epoch - 182ms/step
Epoch 83/10000

Epoch 83: val_loss did not improve from 0.03233
2/2 - 0s - loss: 0.0331 - mse: 0.0331 - mae: 0.1309 - val_loss: 0.0331 - val_mse: 0.0331 - val_mae: 0.1352 - 363ms/epoch - 182ms/step
Epoch 84/10000

Epoch 84: val_loss did not improve from 0.03233
2/2 - 0s - loss: 0.0332 - mse: 0.0332 - mae: 0.1343 - val_loss: 0.0326 - val_mse: 0.0326 - val_mae: 0.1285 - 369ms/epoch - 185ms/step
Epoch 85/10000

Epoch 85: val_loss did not improve from 0.03233
2/2 - 0s - loss: 0.0329 - mse: 0.0329 - mae: 0.1311 - val_loss: 0.0331 - val_mse: 0.0331 - val_mae: 0.1353 - 359ms/epoch - 180ms/step
Epoch 86/10000

Epoch 86: val_loss did not improve from 0.03233
2/2 - 0s - loss: 0.0330 - mse: 0.0330 - mae: 0.1337 - val_loss: 0.0332 - val_mse: 0.0332 - val_mae: 0.1293 - 358ms/epoch - 179ms/step
Epoch 87/10000

Epoch 87: val_loss did not improve from 0.03233
2/2 - 0s - loss: 0.0333 - mse: 0.0333 - mae: 0.1320 - val_loss: 0.0331 - val_mse: 0.0331 - val_mae: 0.1356 - 363ms/epoch - 182ms/step
Epoch 88/10000

Epoch 88: val_loss did not improve from 0.03233
2/2 - 0s - loss: 0.0338 - mse: 0.0338 - mae: 0.1350 - val_loss: 0.0324 - val_mse: 0.0324 - val_mae: 0.1286 - 371ms/epoch - 185ms/step
Epoch 89/10000

Epoch 89: val_loss improved from 0.03233 to 0.03224, saving model to ./results/NN_thk_regr/ResNet/recursion_44/ckpt_1
2/2 - 1s - loss: 0.0336 - mse: 0.0336 - mae: 0.1349 - val_loss: 0.0322 - val_mse: 0.0322 - val_mae: 0.1297 - 1s/epoch - 628ms/step
Epoch 90/10000

Epoch 90: val_loss improved from 0.03224 to 0.03218, saving model to ./results/NN_thk_regr/ResNet/recursion_44/ckpt_1
2/2 - 1s - loss: 0.0334 - mse: 0.0334 - mae: 0.1324 - val_loss: 0.0322 - val_mse: 0.0322 - val_mae: 0.1294 - 1s/epoch - 634ms/step
Epoch 91/10000

Epoch 91: val_loss did not improve from 0.03218
2/2 - 0s - loss: 0.0334 - mse: 0.0334 - mae: 0.1352 - val_loss: 0.0323 - val_mse: 0.0323 - val_mae: 0.1284 - 361ms/epoch - 181ms/step
Epoch 92/10000

Epoch 92: val_loss did not improve from 0.03218
2/2 - 0s - loss: 0.0335 - mse: 0.0335 - mae: 0.1316 - val_loss: 0.0323 - val_mse: 0.0323 - val_mae: 0.1310 - 361ms/epoch - 180ms/step
Epoch 93/10000

Epoch 93: val_loss did not improve from 0.03218
2/2 - 0s - loss: 0.0342 - mse: 0.0342 - mae: 0.1397 - val_loss: 0.0327 - val_mse: 0.0327 - val_mae: 0.1287 - 368ms/epoch - 184ms/step
Epoch 94/10000

Epoch 94: val_loss did not improve from 0.03218
2/2 - 0s - loss: 0.0339 - mse: 0.0339 - mae: 0.1327 - val_loss: 0.0322 - val_mse: 0.0322 - val_mae: 0.1301 - 363ms/epoch - 182ms/step
Epoch 95/10000

Epoch 95: val_loss did not improve from 0.03218
2/2 - 0s - loss: 0.0347 - mse: 0.0347 - mae: 0.1398 - val_loss: 0.0322 - val_mse: 0.0322 - val_mae: 0.1293 - 366ms/epoch - 183ms/step
Epoch 96/10000

Epoch 96: val_loss did not improve from 0.03218
2/2 - 0s - loss: 0.0338 - mse: 0.0338 - mae: 0.1325 - val_loss: 0.0325 - val_mse: 0.0325 - val_mae: 0.1285 - 360ms/epoch - 180ms/step
Epoch 97/10000

Epoch 97: val_loss did not improve from 0.03218
2/2 - 0s - loss: 0.0342 - mse: 0.0342 - mae: 0.1380 - val_loss: 0.0328 - val_mse: 0.0328 - val_mae: 0.1342 - 363ms/epoch - 182ms/step
Epoch 98/10000

Epoch 98: val_loss did not improve from 0.03218
2/2 - 0s - loss: 0.0332 - mse: 0.0332 - mae: 0.1337 - val_loss: 0.0331 - val_mse: 0.0331 - val_mae: 0.1290 - 358ms/epoch - 179ms/step
Epoch 99/10000

Epoch 99: val_loss did not improve from 0.03218
2/2 - 0s - loss: 0.0335 - mse: 0.0335 - mae: 0.1338 - val_loss: 0.0331 - val_mse: 0.0331 - val_mae: 0.1357 - 367ms/epoch - 183ms/step
Epoch 100/10000

Epoch 100: val_loss did not improve from 0.03218
2/2 - 0s - loss: 0.0335 - mse: 0.0335 - mae: 0.1333 - val_loss: 0.0325 - val_mse: 0.0325 - val_mae: 0.1281 - 358ms/epoch - 179ms/step
Epoch 101/10000

Epoch 101: val_loss did not improve from 0.03218
2/2 - 0s - loss: 0.0330 - mse: 0.0330 - mae: 0.1326 - val_loss: 0.0326 - val_mse: 0.0326 - val_mae: 0.1332 - 362ms/epoch - 181ms/step
Epoch 102/10000

Epoch 102: val_loss improved from 0.03218 to 0.03212, saving model to ./results/NN_thk_regr/ResNet/recursion_44/ckpt_1
2/2 - 1s - loss: 0.0333 - mse: 0.0333 - mae: 0.1332 - val_loss: 0.0321 - val_mse: 0.0321 - val_mae: 0.1278 - 1s/epoch - 597ms/step
Epoch 103/10000

Epoch 103: val_loss did not improve from 0.03212
2/2 - 0s - loss: 0.0328 - mse: 0.0328 - mae: 0.1326 - val_loss: 0.0322 - val_mse: 0.0322 - val_mae: 0.1308 - 367ms/epoch - 183ms/step
Epoch 104/10000

Epoch 104: val_loss improved from 0.03212 to 0.03207, saving model to ./results/NN_thk_regr/ResNet/recursion_44/ckpt_1
2/2 - 1s - loss: 0.0327 - mse: 0.0327 - mae: 0.1315 - val_loss: 0.0321 - val_mse: 0.0321 - val_mae: 0.1277 - 1s/epoch - 632ms/step
Epoch 105/10000

Epoch 105: val_loss did not improve from 0.03207
2/2 - 0s - loss: 0.0325 - mse: 0.0325 - mae: 0.1307 - val_loss: 0.0323 - val_mse: 0.0323 - val_mae: 0.1319 - 366ms/epoch - 183ms/step
Epoch 106/10000

Epoch 106: val_loss did not improve from 0.03207
2/2 - 0s - loss: 0.0326 - mse: 0.0326 - mae: 0.1316 - val_loss: 0.0322 - val_mse: 0.0322 - val_mae: 0.1277 - 359ms/epoch - 180ms/step
Epoch 107/10000

Epoch 107: val_loss did not improve from 0.03207
2/2 - 0s - loss: 0.0325 - mse: 0.0325 - mae: 0.1299 - val_loss: 0.0329 - val_mse: 0.0329 - val_mae: 0.1354 - 360ms/epoch - 180ms/step
Epoch 108/10000

Epoch 108: val_loss did not improve from 0.03207
2/2 - 0s - loss: 0.0328 - mse: 0.0328 - mae: 0.1336 - val_loss: 0.0327 - val_mse: 0.0327 - val_mae: 0.1282 - 356ms/epoch - 178ms/step
Epoch 109/10000

Epoch 109: val_loss did not improve from 0.03207
2/2 - 0s - loss: 0.0328 - mse: 0.0328 - mae: 0.1301 - val_loss: 0.0331 - val_mse: 0.0331 - val_mae: 0.1364 - 360ms/epoch - 180ms/step
Epoch 110/10000

Epoch 110: val_loss did not improve from 0.03207
2/2 - 0s - loss: 0.0329 - mse: 0.0329 - mae: 0.1346 - val_loss: 0.0331 - val_mse: 0.0331 - val_mae: 0.1289 - 362ms/epoch - 181ms/step
Epoch 111/10000

Epoch 111: val_loss did not improve from 0.03207
2/2 - 0s - loss: 0.0330 - mse: 0.0330 - mae: 0.1305 - val_loss: 0.0341 - val_mse: 0.0341 - val_mae: 0.1411 - 366ms/epoch - 183ms/step
Epoch 112/10000

Epoch 112: val_loss did not improve from 0.03207
2/2 - 0s - loss: 0.0335 - mse: 0.0335 - mae: 0.1369 - val_loss: 0.0333 - val_mse: 0.0333 - val_mae: 0.1292 - 364ms/epoch - 182ms/step
Epoch 113/10000

Epoch 113: val_loss did not improve from 0.03207
2/2 - 0s - loss: 0.0332 - mse: 0.0332 - mae: 0.1307 - val_loss: 0.0328 - val_mse: 0.0328 - val_mae: 0.1353 - 366ms/epoch - 183ms/step
Epoch 114/10000

Epoch 114: val_loss did not improve from 0.03207
2/2 - 0s - loss: 0.0327 - mse: 0.0327 - mae: 0.1343 - val_loss: 0.0337 - val_mse: 0.0337 - val_mae: 0.1300 - 358ms/epoch - 179ms/step
Epoch 115/10000

Epoch 115: val_loss did not improve from 0.03207
2/2 - 0s - loss: 0.0334 - mse: 0.0334 - mae: 0.1308 - val_loss: 0.0346 - val_mse: 0.0346 - val_mae: 0.1434 - 359ms/epoch - 180ms/step
Epoch 116/10000

Epoch 116: val_loss did not improve from 0.03207
2/2 - 0s - loss: 0.0337 - mse: 0.0337 - mae: 0.1384 - val_loss: 0.0335 - val_mse: 0.0335 - val_mae: 0.1297 - 358ms/epoch - 179ms/step
Epoch 117/10000

Epoch 117: val_loss did not improve from 0.03207
2/2 - 0s - loss: 0.0333 - mse: 0.0333 - mae: 0.1312 - val_loss: 0.0336 - val_mse: 0.0336 - val_mae: 0.1391 - 357ms/epoch - 178ms/step
Epoch 118/10000

Epoch 118: val_loss did not improve from 0.03207
2/2 - 0s - loss: 0.0333 - mse: 0.0333 - mae: 0.1360 - val_loss: 0.0324 - val_mse: 0.0324 - val_mae: 0.1275 - 370ms/epoch - 185ms/step
Epoch 119/10000

Epoch 119: val_loss did not improve from 0.03207
2/2 - 0s - loss: 0.0325 - mse: 0.0325 - mae: 0.1295 - val_loss: 0.0328 - val_mse: 0.0328 - val_mae: 0.1355 - 365ms/epoch - 182ms/step
Epoch 120/10000

Epoch 120: val_loss improved from 0.03207 to 0.03199, saving model to ./results/NN_thk_regr/ResNet/recursion_44/ckpt_1
2/2 - 1s - loss: 0.0328 - mse: 0.0328 - mae: 0.1336 - val_loss: 0.0320 - val_mse: 0.0320 - val_mae: 0.1270 - 1s/epoch - 594ms/step
Epoch 121/10000

Epoch 121: val_loss improved from 0.03199 to 0.03176, saving model to ./results/NN_thk_regr/ResNet/recursion_44/ckpt_1
2/2 - 1s - loss: 0.0324 - mse: 0.0324 - mae: 0.1297 - val_loss: 0.0318 - val_mse: 0.0318 - val_mae: 0.1296 - 1s/epoch - 626ms/step
Epoch 122/10000

Epoch 122: val_loss improved from 0.03176 to 0.03162, saving model to ./results/NN_thk_regr/ResNet/recursion_44/ckpt_1
2/2 - 1s - loss: 0.0322 - mse: 0.0322 - mae: 0.1302 - val_loss: 0.0316 - val_mse: 0.0316 - val_mae: 0.1275 - 1s/epoch - 628ms/step
Epoch 123/10000

Epoch 123: val_loss did not improve from 0.03162
2/2 - 0s - loss: 0.0320 - mse: 0.0320 - mae: 0.1297 - val_loss: 0.0317 - val_mse: 0.0317 - val_mae: 0.1293 - 362ms/epoch - 181ms/step
Epoch 124/10000

Epoch 124: val_loss improved from 0.03162 to 0.03157, saving model to ./results/NN_thk_regr/ResNet/recursion_44/ckpt_1
2/2 - 1s - loss: 0.0322 - mse: 0.0322 - mae: 0.1299 - val_loss: 0.0316 - val_mse: 0.0316 - val_mae: 0.1276 - 1s/epoch - 634ms/step
Epoch 125/10000

Epoch 125: val_loss improved from 0.03157 to 0.03155, saving model to ./results/NN_thk_regr/ResNet/recursion_44/ckpt_1
2/2 - 1s - loss: 0.0321 - mse: 0.0321 - mae: 0.1304 - val_loss: 0.0315 - val_mse: 0.0315 - val_mae: 0.1273 - 1s/epoch - 596ms/step
Epoch 126/10000

Epoch 126: val_loss did not improve from 0.03155
2/2 - 0s - loss: 0.0321 - mse: 0.0321 - mae: 0.1290 - val_loss: 0.0316 - val_mse: 0.0316 - val_mae: 0.1290 - 361ms/epoch - 180ms/step
Epoch 127/10000

Epoch 127: val_loss did not improve from 0.03155
2/2 - 0s - loss: 0.0321 - mse: 0.0321 - mae: 0.1313 - val_loss: 0.0317 - val_mse: 0.0317 - val_mae: 0.1266 - 365ms/epoch - 182ms/step
Epoch 128/10000

Epoch 128: val_loss did not improve from 0.03155
2/2 - 0s - loss: 0.0323 - mse: 0.0323 - mae: 0.1288 - val_loss: 0.0326 - val_mse: 0.0326 - val_mae: 0.1353 - 360ms/epoch - 180ms/step
Epoch 129/10000

Epoch 129: val_loss did not improve from 0.03155
2/2 - 0s - loss: 0.0325 - mse: 0.0325 - mae: 0.1345 - val_loss: 0.0332 - val_mse: 0.0332 - val_mae: 0.1286 - 364ms/epoch - 182ms/step
Epoch 130/10000

Epoch 130: val_loss did not improve from 0.03155
2/2 - 0s - loss: 0.0328 - mse: 0.0328 - mae: 0.1297 - val_loss: 0.0337 - val_mse: 0.0337 - val_mae: 0.1402 - 357ms/epoch - 179ms/step
Epoch 131/10000

Epoch 131: val_loss improved from 0.03155 to 0.03150, saving model to ./results/NN_thk_regr/ResNet/recursion_44/ckpt_1
2/2 - 1s - loss: 0.0341 - mse: 0.0341 - mae: 0.1367 - val_loss: 0.0315 - val_mse: 0.0315 - val_mae: 0.1264 - 1s/epoch - 630ms/step
Epoch 132/10000

Epoch 132: val_loss did not improve from 0.03150
2/2 - 0s - loss: 0.0320 - mse: 0.0320 - mae: 0.1303 - val_loss: 0.0316 - val_mse: 0.0316 - val_mae: 0.1294 - 367ms/epoch - 183ms/step
Epoch 133/10000

Epoch 133: val_loss improved from 0.03150 to 0.03144, saving model to ./results/NN_thk_regr/ResNet/recursion_44/ckpt_1
2/2 - 1s - loss: 0.0319 - mse: 0.0319 - mae: 0.1296 - val_loss: 0.0314 - val_mse: 0.0314 - val_mae: 0.1264 - 1s/epoch - 591ms/step
Epoch 134/10000

Epoch 134: val_loss improved from 0.03144 to 0.03135, saving model to ./results/NN_thk_regr/ResNet/recursion_44/ckpt_1
2/2 - 1s - loss: 0.0322 - mse: 0.0322 - mae: 0.1314 - val_loss: 0.0314 - val_mse: 0.0314 - val_mae: 0.1266 - 1s/epoch - 623ms/step
Epoch 135/10000

Epoch 135: val_loss improved from 0.03135 to 0.03132, saving model to ./results/NN_thk_regr/ResNet/recursion_44/ckpt_1
2/2 - 1s - loss: 0.0318 - mse: 0.0318 - mae: 0.1281 - val_loss: 0.0313 - val_mse: 0.0313 - val_mae: 0.1276 - 1s/epoch - 629ms/step
Epoch 136/10000

Epoch 136: val_loss did not improve from 0.03132
2/2 - 0s - loss: 0.0320 - mse: 0.0320 - mae: 0.1310 - val_loss: 0.0317 - val_mse: 0.0317 - val_mae: 0.1261 - 365ms/epoch - 182ms/step
Epoch 137/10000

Epoch 137: val_loss did not improve from 0.03132
2/2 - 0s - loss: 0.0319 - mse: 0.0319 - mae: 0.1286 - val_loss: 0.0314 - val_mse: 0.0314 - val_mae: 0.1286 - 364ms/epoch - 182ms/step
Epoch 138/10000

Epoch 138: val_loss improved from 0.03132 to 0.03127, saving model to ./results/NN_thk_regr/ResNet/recursion_44/ckpt_1
2/2 - 1s - loss: 0.0316 - mse: 0.0316 - mae: 0.1292 - val_loss: 0.0313 - val_mse: 0.0313 - val_mae: 0.1262 - 1s/epoch - 630ms/step
Epoch 139/10000

Epoch 139: val_loss did not improve from 0.03127
2/2 - 0s - loss: 0.0318 - mse: 0.0318 - mae: 0.1295 - val_loss: 0.0313 - val_mse: 0.0313 - val_mae: 0.1260 - 357ms/epoch - 179ms/step
Epoch 140/10000

Epoch 140: val_loss did not improve from 0.03127
2/2 - 0s - loss: 0.0316 - mse: 0.0316 - mae: 0.1278 - val_loss: 0.0316 - val_mse: 0.0316 - val_mae: 0.1306 - 361ms/epoch - 181ms/step
Epoch 141/10000

Epoch 141: val_loss improved from 0.03127 to 0.03115, saving model to ./results/NN_thk_regr/ResNet/recursion_44/ckpt_1
2/2 - 1s - loss: 0.0319 - mse: 0.0319 - mae: 0.1299 - val_loss: 0.0311 - val_mse: 0.0311 - val_mae: 0.1271 - 1s/epoch - 591ms/step
Epoch 142/10000

Epoch 142: val_loss improved from 0.03115 to 0.03110, saving model to ./results/NN_thk_regr/ResNet/recursion_44/ckpt_1
2/2 - 1s - loss: 0.0315 - mse: 0.0315 - mae: 0.1289 - val_loss: 0.0311 - val_mse: 0.0311 - val_mae: 0.1265 - 1s/epoch - 620ms/step
Epoch 143/10000

Epoch 143: val_loss improved from 0.03110 to 0.03107, saving model to ./results/NN_thk_regr/ResNet/recursion_44/ckpt_1
2/2 - 1s - loss: 0.0314 - mse: 0.0314 - mae: 0.1280 - val_loss: 0.0311 - val_mse: 0.0311 - val_mae: 0.1267 - 1s/epoch - 626ms/step
Epoch 144/10000

Epoch 144: val_loss did not improve from 0.03107
2/2 - 0s - loss: 0.0314 - mse: 0.0314 - mae: 0.1288 - val_loss: 0.0312 - val_mse: 0.0312 - val_mae: 0.1254 - 371ms/epoch - 185ms/step
Epoch 145/10000

Epoch 145: val_loss did not improve from 0.03107
2/2 - 0s - loss: 0.0317 - mse: 0.0317 - mae: 0.1292 - val_loss: 0.0311 - val_mse: 0.0311 - val_mae: 0.1254 - 365ms/epoch - 182ms/step
Epoch 146/10000

Epoch 146: val_loss improved from 0.03107 to 0.03101, saving model to ./results/NN_thk_regr/ResNet/recursion_44/ckpt_1
2/2 - 1s - loss: 0.0314 - mse: 0.0314 - mae: 0.1278 - val_loss: 0.0310 - val_mse: 0.0310 - val_mae: 0.1272 - 1s/epoch - 629ms/step
Epoch 147/10000

Epoch 147: val_loss did not improve from 0.03101
2/2 - 0s - loss: 0.0316 - mse: 0.0316 - mae: 0.1280 - val_loss: 0.0326 - val_mse: 0.0326 - val_mae: 0.1364 - 369ms/epoch - 185ms/step
Epoch 148/10000

Epoch 148: val_loss did not improve from 0.03101
2/2 - 0s - loss: 0.0319 - mse: 0.0319 - mae: 0.1316 - val_loss: 0.0316 - val_mse: 0.0316 - val_mae: 0.1254 - 360ms/epoch - 180ms/step
Epoch 149/10000

Epoch 149: val_loss did not improve from 0.03101
2/2 - 0s - loss: 0.0328 - mse: 0.0328 - mae: 0.1340 - val_loss: 0.0326 - val_mse: 0.0326 - val_mae: 0.1269 - 365ms/epoch - 182ms/step
Epoch 150/10000

Epoch 150: val_loss improved from 0.03101 to 0.03100, saving model to ./results/NN_thk_regr/ResNet/recursion_44/ckpt_1
2/2 - 1s - loss: 0.0323 - mse: 0.0323 - mae: 0.1296 - val_loss: 0.0310 - val_mse: 0.0310 - val_mae: 0.1280 - 1s/epoch - 594ms/step
Epoch 151/10000

Epoch 151: val_loss did not improve from 0.03100
2/2 - 0s - loss: 0.0317 - mse: 0.0317 - mae: 0.1287 - val_loss: 0.0320 - val_mse: 0.0320 - val_mae: 0.1339 - 362ms/epoch - 181ms/step
Epoch 152/10000

Epoch 152: val_loss improved from 0.03100 to 0.03087, saving model to ./results/NN_thk_regr/ResNet/recursion_44/ckpt_1
2/2 - 1s - loss: 0.0320 - mse: 0.0320 - mae: 0.1313 - val_loss: 0.0309 - val_mse: 0.0309 - val_mae: 0.1272 - 1s/epoch - 622ms/step
Epoch 153/10000

Epoch 153: val_loss did not improve from 0.03087
2/2 - 0s - loss: 0.0311 - mse: 0.0311 - mae: 0.1292 - val_loss: 0.0315 - val_mse: 0.0315 - val_mae: 0.1249 - 367ms/epoch - 184ms/step
Epoch 154/10000

Epoch 154: val_loss did not improve from 0.03087
2/2 - 0s - loss: 0.0314 - mse: 0.0314 - mae: 0.1284 - val_loss: 0.0310 - val_mse: 0.0310 - val_mae: 0.1285 - 356ms/epoch - 178ms/step
Epoch 155/10000

Epoch 155: val_loss did not improve from 0.03087
2/2 - 0s - loss: 0.0309 - mse: 0.0309 - mae: 0.1279 - val_loss: 0.0313 - val_mse: 0.0313 - val_mae: 0.1245 - 359ms/epoch - 179ms/step
Epoch 156/10000

Epoch 156: val_loss did not improve from 0.03087
2/2 - 0s - loss: 0.0322 - mse: 0.0322 - mae: 0.1324 - val_loss: 0.0328 - val_mse: 0.0328 - val_mae: 0.1270 - 362ms/epoch - 181ms/step
Epoch 157/10000

Epoch 157: val_loss did not improve from 0.03087
2/2 - 0s - loss: 0.0318 - mse: 0.0318 - mae: 0.1276 - val_loss: 0.0340 - val_mse: 0.0340 - val_mae: 0.1429 - 362ms/epoch - 181ms/step
Epoch 158/10000

Epoch 158: val_loss improved from 0.03087 to 0.03083, saving model to ./results/NN_thk_regr/ResNet/recursion_44/ckpt_1
2/2 - 1s - loss: 0.0346 - mse: 0.0346 - mae: 0.1401 - val_loss: 0.0308 - val_mse: 0.0308 - val_mae: 0.1278 - 1s/epoch - 627ms/step
Epoch 159/10000

Epoch 159: val_loss did not improve from 0.03083
2/2 - 0s - loss: 0.0315 - mse: 0.0315 - mae: 0.1324 - val_loss: 0.0324 - val_mse: 0.0324 - val_mae: 0.1261 - 365ms/epoch - 183ms/step
Epoch 160/10000

Epoch 160: val_loss did not improve from 0.03083
2/2 - 0s - loss: 0.0317 - mse: 0.0317 - mae: 0.1279 - val_loss: 0.0325 - val_mse: 0.0325 - val_mae: 0.1367 - 358ms/epoch - 179ms/step
Epoch 161/10000

Epoch 161: val_loss improved from 0.03083 to 0.03074, saving model to ./results/NN_thk_regr/ResNet/recursion_44/ckpt_1
2/2 - 1s - loss: 0.0332 - mse: 0.0332 - mae: 0.1350 - val_loss: 0.0307 - val_mse: 0.0307 - val_mae: 0.1269 - 1s/epoch - 628ms/step
Epoch 162/10000

Epoch 162: val_loss did not improve from 0.03074
2/2 - 0s - loss: 0.0320 - mse: 0.0320 - mae: 0.1337 - val_loss: 0.0333 - val_mse: 0.0333 - val_mae: 0.1277 - 365ms/epoch - 183ms/step
Epoch 163/10000

Epoch 163: val_loss did not improve from 0.03074
2/2 - 0s - loss: 0.0327 - mse: 0.0327 - mae: 0.1295 - val_loss: 0.0324 - val_mse: 0.0324 - val_mae: 0.1363 - 359ms/epoch - 179ms/step
Epoch 164/10000

Epoch 164: val_loss did not improve from 0.03074
2/2 - 0s - loss: 0.0317 - mse: 0.0317 - mae: 0.1335 - val_loss: 0.0337 - val_mse: 0.0337 - val_mae: 0.1287 - 365ms/epoch - 183ms/step
Epoch 165/10000

Epoch 165: val_loss did not improve from 0.03074
2/2 - 0s - loss: 0.0325 - mse: 0.0325 - mae: 0.1296 - val_loss: 0.0341 - val_mse: 0.0341 - val_mae: 0.1436 - 367ms/epoch - 184ms/step
Epoch 166/10000

Epoch 166: val_loss did not improve from 0.03074
2/2 - 0s - loss: 0.0331 - mse: 0.0331 - mae: 0.1360 - val_loss: 0.0316 - val_mse: 0.0316 - val_mae: 0.1249 - 359ms/epoch - 179ms/step
Epoch 167/10000

Epoch 167: val_loss did not improve from 0.03074
2/2 - 0s - loss: 0.0330 - mse: 0.0330 - mae: 0.1352 - val_loss: 0.0310 - val_mse: 0.0310 - val_mae: 0.1244 - 363ms/epoch - 182ms/step
Epoch 168/10000

Epoch 168: val_loss did not improve from 0.03074
2/2 - 0s - loss: 0.0319 - mse: 0.0319 - mae: 0.1271 - val_loss: 0.0329 - val_mse: 0.0329 - val_mae: 0.1387 - 364ms/epoch - 182ms/step
Epoch 169/10000

Epoch 169: val_loss did not improve from 0.03074
2/2 - 0s - loss: 0.0322 - mse: 0.0322 - mae: 0.1343 - val_loss: 0.0312 - val_mse: 0.0312 - val_mae: 0.1244 - 364ms/epoch - 182ms/step
Epoch 170/10000

Epoch 170: val_loss did not improve from 0.03074
2/2 - 0s - loss: 0.0313 - mse: 0.0313 - mae: 0.1287 - val_loss: 0.0307 - val_mse: 0.0307 - val_mae: 0.1276 - 358ms/epoch - 179ms/step
Epoch 171/10000

Epoch 171: val_loss improved from 0.03074 to 0.03055, saving model to ./results/NN_thk_regr/ResNet/recursion_44/ckpt_1
2/2 - 1s - loss: 0.0312 - mse: 0.0312 - mae: 0.1278 - val_loss: 0.0305 - val_mse: 0.0305 - val_mae: 0.1262 - 1s/epoch - 593ms/step
Epoch 172/10000

Epoch 172: val_loss improved from 0.03055 to 0.03051, saving model to ./results/NN_thk_regr/ResNet/recursion_44/ckpt_1
2/2 - 1s - loss: 0.0307 - mse: 0.0307 - mae: 0.1277 - val_loss: 0.0305 - val_mse: 0.0305 - val_mae: 0.1260 - 1s/epoch - 627ms/step
Epoch 173/10000

Epoch 173: val_loss did not improve from 0.03051
2/2 - 0s - loss: 0.0309 - mse: 0.0309 - mae: 0.1270 - val_loss: 0.0309 - val_mse: 0.0309 - val_mae: 0.1291 - 370ms/epoch - 185ms/step
Epoch 174/10000

Epoch 174: val_loss improved from 0.03051 to 0.03044, saving model to ./results/NN_thk_regr/ResNet/recursion_44/ckpt_1
2/2 - 1s - loss: 0.0310 - mse: 0.0310 - mae: 0.1282 - val_loss: 0.0304 - val_mse: 0.0304 - val_mae: 0.1251 - 1s/epoch - 631ms/step
Epoch 175/10000

Epoch 175: val_loss did not improve from 0.03044
2/2 - 0s - loss: 0.0307 - mse: 0.0307 - mae: 0.1264 - val_loss: 0.0314 - val_mse: 0.0314 - val_mae: 0.1321 - 372ms/epoch - 186ms/step
Epoch 176/10000

Epoch 176: val_loss improved from 0.03044 to 0.03040, saving model to ./results/NN_thk_regr/ResNet/recursion_44/ckpt_1
2/2 - 1s - loss: 0.0314 - mse: 0.0314 - mae: 0.1297 - val_loss: 0.0304 - val_mse: 0.0304 - val_mae: 0.1251 - 1s/epoch - 635ms/step
Epoch 177/10000

Epoch 177: val_loss did not improve from 0.03040
2/2 - 0s - loss: 0.0314 - mse: 0.0314 - mae: 0.1316 - val_loss: 0.0336 - val_mse: 0.0336 - val_mae: 0.1286 - 365ms/epoch - 183ms/step
Epoch 178/10000

Epoch 178: val_loss did not improve from 0.03040
2/2 - 0s - loss: 0.0323 - mse: 0.0323 - mae: 0.1300 - val_loss: 0.0319 - val_mse: 0.0319 - val_mae: 0.1345 - 362ms/epoch - 181ms/step
Epoch 179/10000

Epoch 179: val_loss did not improve from 0.03040
2/2 - 0s - loss: 0.0328 - mse: 0.0328 - mae: 0.1331 - val_loss: 0.0306 - val_mse: 0.0306 - val_mae: 0.1273 - 366ms/epoch - 183ms/step
Epoch 180/10000

Epoch 180: val_loss did not improve from 0.03040
2/2 - 0s - loss: 0.0316 - mse: 0.0316 - mae: 0.1333 - val_loss: 0.0347 - val_mse: 0.0347 - val_mae: 0.1306 - 367ms/epoch - 184ms/step
Epoch 181/10000

Epoch 181: val_loss did not improve from 0.03040
2/2 - 0s - loss: 0.0325 - mse: 0.0325 - mae: 0.1290 - val_loss: 0.0392 - val_mse: 0.0392 - val_mae: 0.1610 - 361ms/epoch - 180ms/step
Epoch 182/10000

Epoch 182: val_loss did not improve from 0.03040
2/2 - 0s - loss: 0.0369 - mse: 0.0369 - mae: 0.1462 - val_loss: 0.0337 - val_mse: 0.0337 - val_mae: 0.1286 - 361ms/epoch - 180ms/step
Epoch 183/10000

Epoch 183: val_loss did not improve from 0.03040
2/2 - 0s - loss: 0.0356 - mse: 0.0356 - mae: 0.1426 - val_loss: 0.0306 - val_mse: 0.0306 - val_mae: 0.1266 - 363ms/epoch - 181ms/step
Epoch 184/10000

Epoch 184: val_loss did not improve from 0.03040
2/2 - 0s - loss: 0.0326 - mse: 0.0326 - mae: 0.1303 - val_loss: 0.0311 - val_mse: 0.0311 - val_mae: 0.1257 - 363ms/epoch - 182ms/step
Epoch 185/10000

Epoch 185: val_loss did not improve from 0.03040
2/2 - 0s - loss: 0.0337 - mse: 0.0337 - mae: 0.1388 - val_loss: 0.0310 - val_mse: 0.0310 - val_mae: 0.1270 - 361ms/epoch - 181ms/step
Epoch 186/10000

Epoch 186: val_loss did not improve from 0.03040
2/2 - 0s - loss: 0.0336 - mse: 0.0336 - mae: 0.1327 - val_loss: 0.0310 - val_mse: 0.0310 - val_mae: 0.1258 - 360ms/epoch - 180ms/step
Epoch 187/10000

Epoch 187: val_loss did not improve from 0.03040
2/2 - 0s - loss: 0.0339 - mse: 0.0339 - mae: 0.1395 - val_loss: 0.0309 - val_mse: 0.0309 - val_mae: 0.1262 - 365ms/epoch - 183ms/step
Epoch 188/10000

Epoch 188: val_loss did not improve from 0.03040
2/2 - 0s - loss: 0.0336 - mse: 0.0336 - mae: 0.1320 - val_loss: 0.0311 - val_mse: 0.0311 - val_mae: 0.1258 - 358ms/epoch - 179ms/step
Epoch 189/10000

Epoch 189: val_loss did not improve from 0.03040
2/2 - 0s - loss: 0.0329 - mse: 0.0329 - mae: 0.1364 - val_loss: 0.0315 - val_mse: 0.0315 - val_mae: 0.1320 - 361ms/epoch - 180ms/step
Epoch 190/10000

Epoch 190: val_loss did not improve from 0.03040
2/2 - 0s - loss: 0.0328 - mse: 0.0328 - mae: 0.1321 - val_loss: 0.0317 - val_mse: 0.0317 - val_mae: 0.1252 - 362ms/epoch - 181ms/step
Epoch 191/10000

Epoch 191: val_loss did not improve from 0.03040
2/2 - 0s - loss: 0.0316 - mse: 0.0316 - mae: 0.1295 - val_loss: 0.0324 - val_mse: 0.0324 - val_mae: 0.1366 - 362ms/epoch - 181ms/step
Epoch 192/10000

Epoch 192: val_loss did not improve from 0.03040
2/2 - 0s - loss: 0.0325 - mse: 0.0325 - mae: 0.1323 - val_loss: 0.0317 - val_mse: 0.0317 - val_mae: 0.1250 - 364ms/epoch - 182ms/step
Epoch 193/10000

Epoch 193: val_loss did not improve from 0.03040
2/2 - 0s - loss: 0.0318 - mse: 0.0318 - mae: 0.1306 - val_loss: 0.0317 - val_mse: 0.0317 - val_mae: 0.1330 - 365ms/epoch - 183ms/step
Epoch 194/10000

Epoch 194: val_loss did not improve from 0.03040
2/2 - 0s - loss: 0.0325 - mse: 0.0325 - mae: 0.1315 - val_loss: 0.0309 - val_mse: 0.0309 - val_mae: 0.1242 - 364ms/epoch - 182ms/step
Epoch 195/10000

Epoch 195: val_loss did not improve from 0.03040
2/2 - 0s - loss: 0.0316 - mse: 0.0316 - mae: 0.1305 - val_loss: 0.0308 - val_mse: 0.0308 - val_mae: 0.1281 - 366ms/epoch - 183ms/step
Epoch 196/10000

Epoch 196: val_loss did not improve from 0.03040
2/2 - 0s - loss: 0.0309 - mse: 0.0309 - mae: 0.1277 - val_loss: 0.0311 - val_mse: 0.0311 - val_mae: 0.1242 - 362ms/epoch - 181ms/step
Epoch 197/10000

Epoch 197: val_loss did not improve from 0.03040
2/2 - 0s - loss: 0.0315 - mse: 0.0315 - mae: 0.1296 - val_loss: 0.0307 - val_mse: 0.0307 - val_mae: 0.1277 - 365ms/epoch - 183ms/step
Epoch 198/10000

Epoch 198: val_loss did not improve from 0.03040
2/2 - 0s - loss: 0.0308 - mse: 0.0308 - mae: 0.1271 - val_loss: 0.0308 - val_mse: 0.0308 - val_mae: 0.1240 - 365ms/epoch - 182ms/step
Epoch 199/10000

Epoch 199: val_loss did not improve from 0.03040
2/2 - 0s - loss: 0.0309 - mse: 0.0309 - mae: 0.1273 - val_loss: 0.0307 - val_mse: 0.0307 - val_mae: 0.1280 - 369ms/epoch - 185ms/step
Epoch 200/10000

Epoch 200: val_loss did not improve from 0.03040
2/2 - 0s - loss: 0.0308 - mse: 0.0308 - mae: 0.1274 - val_loss: 0.0306 - val_mse: 0.0306 - val_mae: 0.1239 - 360ms/epoch - 180ms/step
Epoch 201/10000

Epoch 201: val_loss did not improve from 0.03040
2/2 - 0s - loss: 0.0309 - mse: 0.0309 - mae: 0.1276 - val_loss: 0.0304 - val_mse: 0.0304 - val_mae: 0.1257 - 361ms/epoch - 180ms/step
Epoch 202/10000

Epoch 202: val_loss improved from 0.03040 to 0.03040, saving model to ./results/NN_thk_regr/ResNet/recursion_44/ckpt_1
2/2 - 1s - loss: 0.0308 - mse: 0.0308 - mae: 0.1266 - val_loss: 0.0304 - val_mse: 0.0304 - val_mae: 0.1257 - 1s/epoch - 594ms/step
Epoch 203/10000

Epoch 203: val_loss did not improve from 0.03040
2/2 - 0s - loss: 0.0310 - mse: 0.0310 - mae: 0.1297 - val_loss: 0.0310 - val_mse: 0.0310 - val_mae: 0.1239 - 367ms/epoch - 184ms/step
Epoch 204/10000

Epoch 204: val_loss did not improve from 0.03040
2/2 - 0s - loss: 0.0312 - mse: 0.0312 - mae: 0.1256 - val_loss: 0.0325 - val_mse: 0.0325 - val_mae: 0.1371 - 361ms/epoch - 181ms/step
Epoch 205/10000

Epoch 205: val_loss did not improve from 0.03040
2/2 - 0s - loss: 0.0314 - mse: 0.0314 - mae: 0.1329 - val_loss: 0.0333 - val_mse: 0.0333 - val_mae: 0.1280 - 356ms/epoch - 178ms/step
Epoch 206/10000

Epoch 206: val_loss did not improve from 0.03040
2/2 - 0s - loss: 0.0317 - mse: 0.0317 - mae: 0.1282 - val_loss: 0.0349 - val_mse: 0.0349 - val_mae: 0.1465 - 358ms/epoch - 179ms/step
Epoch 207/10000

Epoch 207: val_loss did not improve from 0.03040
2/2 - 0s - loss: 0.0332 - mse: 0.0332 - mae: 0.1365 - val_loss: 0.0325 - val_mse: 0.0325 - val_mae: 0.1264 - 364ms/epoch - 182ms/step
Epoch 208/10000

Epoch 208: val_loss improved from 0.03040 to 0.03031, saving model to ./results/NN_thk_regr/ResNet/recursion_44/ckpt_1
2/2 - 1s - loss: 0.0336 - mse: 0.0336 - mae: 0.1377 - val_loss: 0.0303 - val_mse: 0.0303 - val_mae: 0.1253 - 1s/epoch - 624ms/step
Epoch 209/10000

Epoch 209: val_loss did not improve from 0.03031
2/2 - 0s - loss: 0.0319 - mse: 0.0319 - mae: 0.1283 - val_loss: 0.0307 - val_mse: 0.0307 - val_mae: 0.1281 - 371ms/epoch - 185ms/step
Epoch 210/10000

Epoch 210: val_loss did not improve from 0.03031
2/2 - 0s - loss: 0.0320 - mse: 0.0320 - mae: 0.1351 - val_loss: 0.0327 - val_mse: 0.0327 - val_mae: 0.1267 - 367ms/epoch - 183ms/step
Epoch 211/10000

Epoch 211: val_loss did not improve from 0.03031
2/2 - 0s - loss: 0.0321 - mse: 0.0321 - mae: 0.1274 - val_loss: 0.0334 - val_mse: 0.0334 - val_mae: 0.1411 - 367ms/epoch - 183ms/step
Epoch 212/10000

Epoch 212: val_loss did not improve from 0.03031
2/2 - 0s - loss: 0.0319 - mse: 0.0319 - mae: 0.1346 - val_loss: 0.0334 - val_mse: 0.0334 - val_mae: 0.1280 - 363ms/epoch - 181ms/step
Epoch 213/10000

Epoch 213: val_loss did not improve from 0.03031
2/2 - 0s - loss: 0.0322 - mse: 0.0322 - mae: 0.1291 - val_loss: 0.0323 - val_mse: 0.0323 - val_mae: 0.1367 - 362ms/epoch - 181ms/step
Epoch 214/10000

Epoch 214: val_loss did not improve from 0.03031
2/2 - 0s - loss: 0.0316 - mse: 0.0316 - mae: 0.1318 - val_loss: 0.0314 - val_mse: 0.0314 - val_mae: 0.1242 - 360ms/epoch - 180ms/step
Epoch 215/10000

Epoch 215: val_loss did not improve from 0.03031
2/2 - 0s - loss: 0.0310 - mse: 0.0310 - mae: 0.1283 - val_loss: 0.0313 - val_mse: 0.0313 - val_mae: 0.1318 - 369ms/epoch - 185ms/step
Epoch 216/10000

Epoch 216: val_loss did not improve from 0.03031
2/2 - 0s - loss: 0.0308 - mse: 0.0308 - mae: 0.1289 - val_loss: 0.0312 - val_mse: 0.0312 - val_mae: 0.1239 - 361ms/epoch - 180ms/step
Epoch 217/10000

Epoch 217: val_loss did not improve from 0.03031
2/2 - 0s - loss: 0.0313 - mse: 0.0313 - mae: 0.1299 - val_loss: 0.0303 - val_mse: 0.0303 - val_mae: 0.1263 - 361ms/epoch - 180ms/step
Epoch 218/10000

Epoch 218: val_loss improved from 0.03031 to 0.03021, saving model to ./results/NN_thk_regr/ResNet/recursion_44/ckpt_1
2/2 - 1s - loss: 0.0305 - mse: 0.0305 - mae: 0.1263 - val_loss: 0.0302 - val_mse: 0.0302 - val_mae: 0.1240 - 1s/epoch - 626ms/step
Epoch 219/10000

Epoch 219: val_loss did not improve from 0.03021
2/2 - 0s - loss: 0.0305 - mse: 0.0305 - mae: 0.1280 - val_loss: 0.0302 - val_mse: 0.0302 - val_mae: 0.1237 - 364ms/epoch - 182ms/step
Epoch 220/10000

Epoch 220: val_loss improved from 0.03021 to 0.03017, saving model to ./results/NN_thk_regr/ResNet/recursion_44/ckpt_1
2/2 - 1s - loss: 0.0302 - mse: 0.0302 - mae: 0.1252 - val_loss: 0.0302 - val_mse: 0.0302 - val_mae: 0.1243 - 1s/epoch - 631ms/step
Epoch 221/10000

Epoch 221: val_loss did not improve from 0.03017
2/2 - 0s - loss: 0.0303 - mse: 0.0303 - mae: 0.1271 - val_loss: 0.0304 - val_mse: 0.0304 - val_mae: 0.1233 - 368ms/epoch - 184ms/step
Epoch 222/10000

Epoch 222: val_loss did not improve from 0.03017
2/2 - 0s - loss: 0.0303 - mse: 0.0303 - mae: 0.1255 - val_loss: 0.0302 - val_mse: 0.0302 - val_mae: 0.1255 - 363ms/epoch - 181ms/step
Epoch 223/10000

Epoch 223: val_loss did not improve from 0.03017
2/2 - 0s - loss: 0.0302 - mse: 0.0302 - mae: 0.1271 - val_loss: 0.0312 - val_mse: 0.0312 - val_mae: 0.1238 - 359ms/epoch - 180ms/step
Epoch 224/10000

Epoch 224: val_loss did not improve from 0.03017
2/2 - 0s - loss: 0.0308 - mse: 0.0308 - mae: 0.1263 - val_loss: 0.0305 - val_mse: 0.0305 - val_mae: 0.1275 - 366ms/epoch - 183ms/step
Epoch 225/10000

Epoch 225: val_loss did not improve from 0.03017
2/2 - 0s - loss: 0.0310 - mse: 0.0310 - mae: 0.1272 - val_loss: 0.0305 - val_mse: 0.0305 - val_mae: 0.1277 - 358ms/epoch - 179ms/step
Epoch 226/10000

Epoch 226: val_loss did not improve from 0.03017
2/2 - 0s - loss: 0.0307 - mse: 0.0307 - mae: 0.1304 - val_loss: 0.0332 - val_mse: 0.0332 - val_mae: 0.1274 - 361ms/epoch - 180ms/step
Epoch 227/10000

Epoch 227: val_loss did not improve from 0.03017
2/2 - 0s - loss: 0.0318 - mse: 0.0318 - mae: 0.1289 - val_loss: 0.0319 - val_mse: 0.0319 - val_mae: 0.1352 - 369ms/epoch - 184ms/step
Epoch 228/10000

Epoch 228: val_loss did not improve from 0.03017
2/2 - 0s - loss: 0.0311 - mse: 0.0311 - mae: 0.1295 - val_loss: 0.0306 - val_mse: 0.0306 - val_mae: 0.1231 - 372ms/epoch - 186ms/step
Epoch 229/10000

Epoch 229: val_loss did not improve from 0.03017
2/2 - 0s - loss: 0.0317 - mse: 0.0317 - mae: 0.1316 - val_loss: 0.0309 - val_mse: 0.0309 - val_mae: 0.1233 - 370ms/epoch - 185ms/step
Epoch 230/10000

Epoch 230: val_loss did not improve from 0.03017
2/2 - 0s - loss: 0.0307 - mse: 0.0307 - mae: 0.1245 - val_loss: 0.0326 - val_mse: 0.0326 - val_mae: 0.1381 - 361ms/epoch - 180ms/step
Epoch 231/10000

Epoch 231: val_loss improved from 0.03017 to 0.03007, saving model to ./results/NN_thk_regr/ResNet/recursion_44/ckpt_1
2/2 - 1s - loss: 0.0325 - mse: 0.0325 - mae: 0.1343 - val_loss: 0.0301 - val_mse: 0.0301 - val_mae: 0.1248 - 1s/epoch - 596ms/step
Epoch 232/10000

Epoch 232: val_loss did not improve from 0.03007
2/2 - 0s - loss: 0.0304 - mse: 0.0304 - mae: 0.1288 - val_loss: 0.0310 - val_mse: 0.0310 - val_mae: 0.1234 - 363ms/epoch - 182ms/step
Epoch 233/10000

Epoch 233: val_loss did not improve from 0.03007
2/2 - 0s - loss: 0.0304 - mse: 0.0304 - mae: 0.1245 - val_loss: 0.0323 - val_mse: 0.0323 - val_mae: 0.1368 - 362ms/epoch - 181ms/step
Epoch 234/10000

Epoch 234: val_loss did not improve from 0.03007
2/2 - 0s - loss: 0.0318 - mse: 0.0318 - mae: 0.1315 - val_loss: 0.0301 - val_mse: 0.0301 - val_mae: 0.1235 - 355ms/epoch - 177ms/step
Epoch 235/10000

Epoch 235: val_loss did not improve from 0.03007
2/2 - 0s - loss: 0.0310 - mse: 0.0310 - mae: 0.1302 - val_loss: 0.0313 - val_mse: 0.0313 - val_mae: 0.1239 - 360ms/epoch - 180ms/step
Epoch 236/10000

Epoch 236: val_loss did not improve from 0.03007
2/2 - 0s - loss: 0.0307 - mse: 0.0307 - mae: 0.1244 - val_loss: 0.0328 - val_mse: 0.0328 - val_mae: 0.1390 - 361ms/epoch - 181ms/step
Epoch 237/10000

Epoch 237: val_loss did not improve from 0.03007
2/2 - 0s - loss: 0.0308 - mse: 0.0308 - mae: 0.1317 - val_loss: 0.0341 - val_mse: 0.0341 - val_mae: 0.1291 - 363ms/epoch - 181ms/step
Epoch 238/10000

Epoch 238: val_loss did not improve from 0.03007
2/2 - 0s - loss: 0.0330 - mse: 0.0330 - mae: 0.1332 - val_loss: 0.0307 - val_mse: 0.0307 - val_mae: 0.1291 - 362ms/epoch - 181ms/step
Epoch 239/10000

Epoch 239: val_loss improved from 0.03007 to 0.03004, saving model to ./results/NN_thk_regr/ResNet/recursion_44/ckpt_1
2/2 - 1s - loss: 0.0313 - mse: 0.0313 - mae: 0.1289 - val_loss: 0.0300 - val_mse: 0.0300 - val_mae: 0.1247 - 1s/epoch - 623ms/step
Epoch 240/10000

Epoch 240: val_loss did not improve from 0.03004
2/2 - 0s - loss: 0.0311 - mse: 0.0311 - mae: 0.1319 - val_loss: 0.0320 - val_mse: 0.0320 - val_mae: 0.1252 - 368ms/epoch - 184ms/step
Epoch 241/10000

Epoch 241: val_loss did not improve from 0.03004
2/2 - 0s - loss: 0.0311 - mse: 0.0311 - mae: 0.1252 - val_loss: 0.0338 - val_mse: 0.0338 - val_mae: 0.1429 - 363ms/epoch - 181ms/step
Epoch 242/10000

Epoch 242: val_loss did not improve from 0.03004
2/2 - 0s - loss: 0.0332 - mse: 0.0332 - mae: 0.1361 - val_loss: 0.0302 - val_mse: 0.0302 - val_mae: 0.1233 - 363ms/epoch - 181ms/step
Epoch 243/10000

Epoch 243: val_loss did not improve from 0.03004
2/2 - 0s - loss: 0.0324 - mse: 0.0324 - mae: 0.1349 - val_loss: 0.0325 - val_mse: 0.0325 - val_mae: 0.1261 - 359ms/epoch - 180ms/step
Epoch 244/10000

Epoch 244: val_loss did not improve from 0.03004
2/2 - 0s - loss: 0.0316 - mse: 0.0316 - mae: 0.1267 - val_loss: 0.0322 - val_mse: 0.0322 - val_mae: 0.1364 - 363ms/epoch - 181ms/step
Epoch 245/10000

Epoch 245: val_loss did not improve from 0.03004
2/2 - 0s - loss: 0.0320 - mse: 0.0320 - mae: 0.1322 - val_loss: 0.0301 - val_mse: 0.0301 - val_mae: 0.1240 - 365ms/epoch - 182ms/step
Epoch 246/10000

Epoch 246: val_loss did not improve from 0.03004
2/2 - 0s - loss: 0.0298 - mse: 0.0298 - mae: 0.1255 - val_loss: 0.0305 - val_mse: 0.0305 - val_mae: 0.1284 - 365ms/epoch - 182ms/step
Epoch 247/10000

Epoch 247: val_loss did not improve from 0.03004
2/2 - 0s - loss: 0.0303 - mse: 0.0303 - mae: 0.1272 - val_loss: 0.0301 - val_mse: 0.0301 - val_mae: 0.1237 - 363ms/epoch - 182ms/step
Epoch 248/10000

Epoch 248: val_loss improved from 0.03004 to 0.03002, saving model to ./results/NN_thk_regr/ResNet/recursion_44/ckpt_1
2/2 - 1s - loss: 0.0299 - mse: 0.0299 - mae: 0.1262 - val_loss: 0.0300 - val_mse: 0.0300 - val_mae: 0.1246 - 1s/epoch - 628ms/step
Epoch 249/10000

Epoch 249: val_loss improved from 0.03002 to 0.02999, saving model to ./results/NN_thk_regr/ResNet/recursion_44/ckpt_1
2/2 - 1s - loss: 0.0298 - mse: 0.0298 - mae: 0.1248 - val_loss: 0.0300 - val_mse: 0.0300 - val_mae: 0.1236 - 1s/epoch - 630ms/step
Epoch 250/10000

Epoch 250: val_loss improved from 0.02999 to 0.02997, saving model to ./results/NN_thk_regr/ResNet/recursion_44/ckpt_1
2/2 - 1s - loss: 0.0298 - mse: 0.0298 - mae: 0.1257 - val_loss: 0.0300 - val_mse: 0.0300 - val_mae: 0.1240 - 1s/epoch - 597ms/step
Epoch 251/10000

Epoch 251: val_loss did not improve from 0.02997
2/2 - 0s - loss: 0.0298 - mse: 0.0298 - mae: 0.1249 - val_loss: 0.0302 - val_mse: 0.0302 - val_mae: 0.1261 - 357ms/epoch - 178ms/step
Epoch 252/10000

Epoch 252: val_loss did not improve from 0.02997
2/2 - 0s - loss: 0.0298 - mse: 0.0298 - mae: 0.1262 - val_loss: 0.0301 - val_mse: 0.0301 - val_mae: 0.1229 - 359ms/epoch - 180ms/step
Epoch 253/10000

Epoch 253: val_loss did not improve from 0.02997
2/2 - 0s - loss: 0.0298 - mse: 0.0298 - mae: 0.1241 - val_loss: 0.0312 - val_mse: 0.0312 - val_mae: 0.1319 - 360ms/epoch - 180ms/step
Epoch 254/10000

Epoch 254: val_loss did not improve from 0.02997
2/2 - 0s - loss: 0.0301 - mse: 0.0301 - mae: 0.1280 - val_loss: 0.0315 - val_mse: 0.0315 - val_mae: 0.1241 - 371ms/epoch - 185ms/step
Epoch 255/10000

Epoch 255: val_loss improved from 0.02997 to 0.02993, saving model to ./results/NN_thk_regr/ResNet/recursion_44/ckpt_1
2/2 - 1s - loss: 0.0314 - mse: 0.0314 - mae: 0.1300 - val_loss: 0.0299 - val_mse: 0.0299 - val_mae: 0.1236 - 1s/epoch - 623ms/step
Epoch 256/10000

Epoch 256: val_loss did not improve from 0.02993
2/2 - 0s - loss: 0.0301 - mse: 0.0301 - mae: 0.1241 - val_loss: 0.0307 - val_mse: 0.0307 - val_mae: 0.1292 - 362ms/epoch - 181ms/step
Epoch 257/10000

Epoch 257: val_loss did not improve from 0.02993
2/2 - 0s - loss: 0.0300 - mse: 0.0300 - mae: 0.1276 - val_loss: 0.0310 - val_mse: 0.0310 - val_mae: 0.1233 - 367ms/epoch - 183ms/step
Epoch 258/10000

Epoch 258: val_loss did not improve from 0.02993
2/2 - 0s - loss: 0.0303 - mse: 0.0303 - mae: 0.1254 - val_loss: 0.0302 - val_mse: 0.0302 - val_mae: 0.1263 - 363ms/epoch - 182ms/step
Epoch 259/10000

Epoch 259: val_loss did not improve from 0.02993
2/2 - 0s - loss: 0.0304 - mse: 0.0304 - mae: 0.1255 - val_loss: 0.0304 - val_mse: 0.0304 - val_mae: 0.1278 - 369ms/epoch - 184ms/step
Epoch 260/10000

Epoch 260: val_loss did not improve from 0.02993
2/2 - 0s - loss: 0.0301 - mse: 0.0301 - mae: 0.1286 - val_loss: 0.0327 - val_mse: 0.0327 - val_mae: 0.1263 - 361ms/epoch - 181ms/step
Epoch 261/10000

Epoch 261: val_loss did not improve from 0.02993
2/2 - 0s - loss: 0.0313 - mse: 0.0313 - mae: 0.1285 - val_loss: 0.0307 - val_mse: 0.0307 - val_mae: 0.1295 - 364ms/epoch - 182ms/step
Epoch 262/10000

Epoch 262: val_loss did not improve from 0.02993
2/2 - 0s - loss: 0.0312 - mse: 0.0312 - mae: 0.1290 - val_loss: 0.0303 - val_mse: 0.0303 - val_mae: 0.1272 - 360ms/epoch - 180ms/step
Epoch 263/10000

Epoch 263: val_loss did not improve from 0.02993
2/2 - 0s - loss: 0.0307 - mse: 0.0307 - mae: 0.1312 - val_loss: 0.0351 - val_mse: 0.0351 - val_mae: 0.1313 - 367ms/epoch - 183ms/step
Epoch 264/10000

Epoch 264: val_loss did not improve from 0.02993
2/2 - 0s - loss: 0.0325 - mse: 0.0325 - mae: 0.1304 - val_loss: 0.0327 - val_mse: 0.0327 - val_mae: 0.1385 - 365ms/epoch - 182ms/step
Epoch 265/10000

Epoch 265: val_loss did not improve from 0.02993
2/2 - 0s - loss: 0.0313 - mse: 0.0313 - mae: 0.1313 - val_loss: 0.0311 - val_mse: 0.0311 - val_mae: 0.1238 - 362ms/epoch - 181ms/step
Epoch 266/10000

Epoch 266: val_loss did not improve from 0.02993
2/2 - 0s - loss: 0.0312 - mse: 0.0312 - mae: 0.1313 - val_loss: 0.0300 - val_mse: 0.0300 - val_mae: 0.1246 - 365ms/epoch - 183ms/step
Epoch 267/10000

Epoch 267: val_loss did not improve from 0.02993
2/2 - 0s - loss: 0.0302 - mse: 0.0302 - mae: 0.1249 - val_loss: 0.0302 - val_mse: 0.0302 - val_mae: 0.1267 - 360ms/epoch - 180ms/step
Epoch 268/10000

Epoch 268: val_loss improved from 0.02993 to 0.02993, saving model to ./results/NN_thk_regr/ResNet/recursion_44/ckpt_1
2/2 - 1s - loss: 0.0297 - mse: 0.0297 - mae: 0.1267 - val_loss: 0.0299 - val_mse: 0.0299 - val_mae: 0.1241 - 1s/epoch - 629ms/step
Epoch 269/10000

Epoch 269: val_loss did not improve from 0.02993
2/2 - 0s - loss: 0.0295 - mse: 0.0295 - mae: 0.1245 - val_loss: 0.0300 - val_mse: 0.0300 - val_mae: 0.1248 - 368ms/epoch - 184ms/step
Epoch 270/10000

Epoch 270: val_loss did not improve from 0.02993
2/2 - 0s - loss: 0.0296 - mse: 0.0296 - mae: 0.1250 - val_loss: 0.0300 - val_mse: 0.0300 - val_mae: 0.1251 - 366ms/epoch - 183ms/step
Epoch 271/10000

Epoch 271: val_loss did not improve from 0.02993
2/2 - 0s - loss: 0.0295 - mse: 0.0295 - mae: 0.1252 - val_loss: 0.0300 - val_mse: 0.0300 - val_mae: 0.1229 - 369ms/epoch - 184ms/step
Epoch 272/10000

Epoch 272: val_loss did not improve from 0.02993
2/2 - 0s - loss: 0.0299 - mse: 0.0299 - mae: 0.1267 - val_loss: 0.0307 - val_mse: 0.0307 - val_mae: 0.1229 - 362ms/epoch - 181ms/step
Epoch 273/10000

Epoch 273: val_loss did not improve from 0.02993
2/2 - 0s - loss: 0.0308 - mse: 0.0308 - mae: 0.1281 - val_loss: 0.0307 - val_mse: 0.0307 - val_mae: 0.1230 - 363ms/epoch - 181ms/step
Epoch 274/10000

Epoch 274: val_loss did not improve from 0.02993
2/2 - 0s - loss: 0.0299 - mse: 0.0299 - mae: 0.1241 - val_loss: 0.0306 - val_mse: 0.0306 - val_mae: 0.1291 - 362ms/epoch - 181ms/step
Epoch 275/10000

Epoch 275: val_loss improved from 0.02993 to 0.02987, saving model to ./results/NN_thk_regr/ResNet/recursion_44/ckpt_1
2/2 - 1s - loss: 0.0301 - mse: 0.0301 - mae: 0.1266 - val_loss: 0.0299 - val_mse: 0.0299 - val_mae: 0.1236 - 1s/epoch - 632ms/step
Epoch 276/10000

Epoch 276: val_loss did not improve from 0.02987
2/2 - 0s - loss: 0.0302 - mse: 0.0302 - mae: 0.1293 - val_loss: 0.0325 - val_mse: 0.0325 - val_mae: 0.1260 - 366ms/epoch - 183ms/step
Epoch 277/10000

Epoch 277: val_loss did not improve from 0.02987
2/2 - 0s - loss: 0.0307 - mse: 0.0307 - mae: 0.1262 - val_loss: 0.0321 - val_mse: 0.0321 - val_mae: 0.1357 - 369ms/epoch - 185ms/step
Epoch 278/10000

Epoch 278: val_loss did not improve from 0.02987
2/2 - 0s - loss: 0.0303 - mse: 0.0303 - mae: 0.1289 - val_loss: 0.0313 - val_mse: 0.0313 - val_mae: 0.1237 - 361ms/epoch - 180ms/step
Epoch 279/10000

Epoch 279: val_loss did not improve from 0.02987
2/2 - 0s - loss: 0.0330 - mse: 0.0330 - mae: 0.1362 - val_loss: 0.0327 - val_mse: 0.0327 - val_mae: 0.1263 - 360ms/epoch - 180ms/step
Epoch 280/10000

Epoch 280: val_loss did not improve from 0.02987
2/2 - 0s - loss: 0.0311 - mse: 0.0311 - mae: 0.1256 - val_loss: 0.0364 - val_mse: 0.0364 - val_mae: 0.1516 - 365ms/epoch - 182ms/step
Epoch 281/10000

Epoch 281: val_loss did not improve from 0.02987
2/2 - 0s - loss: 0.0344 - mse: 0.0344 - mae: 0.1408 - val_loss: 0.0304 - val_mse: 0.0304 - val_mae: 0.1227 - 360ms/epoch - 180ms/step
Epoch 282/10000

Epoch 282: val_loss did not improve from 0.02987
2/2 - 0s - loss: 0.0345 - mse: 0.0345 - mae: 0.1405 - val_loss: 0.0360 - val_mse: 0.0360 - val_mae: 0.1333 - 366ms/epoch - 183ms/step
Epoch 283/10000

Epoch 283: val_loss did not improve from 0.02987
2/2 - 0s - loss: 0.0332 - mse: 0.0332 - mae: 0.1300 - val_loss: 0.0365 - val_mse: 0.0365 - val_mae: 0.1524 - 359ms/epoch - 180ms/step
Epoch 284/10000

Epoch 284: val_loss did not improve from 0.02987
2/2 - 0s - loss: 0.0359 - mse: 0.0359 - mae: 0.1442 - val_loss: 0.0302 - val_mse: 0.0302 - val_mae: 0.1228 - 359ms/epoch - 180ms/step
Epoch 285/10000

Epoch 285: val_loss did not improve from 0.02987
2/2 - 0s - loss: 0.0317 - mse: 0.0317 - mae: 0.1333 - val_loss: 0.0305 - val_mse: 0.0305 - val_mae: 0.1228 - 367ms/epoch - 183ms/step
Epoch 286/10000

Epoch 286: val_loss did not improve from 0.02987
2/2 - 0s - loss: 0.0309 - mse: 0.0309 - mae: 0.1252 - val_loss: 0.0315 - val_mse: 0.0315 - val_mae: 0.1335 - 358ms/epoch - 179ms/step
Epoch 287/10000

Epoch 287: val_loss did not improve from 0.02987
2/2 - 0s - loss: 0.0307 - mse: 0.0307 - mae: 0.1319 - val_loss: 0.0320 - val_mse: 0.0320 - val_mae: 0.1248 - 358ms/epoch - 179ms/step
Epoch 288/10000

Epoch 288: val_loss did not improve from 0.02987
2/2 - 0s - loss: 0.0309 - mse: 0.0309 - mae: 0.1262 - val_loss: 0.0308 - val_mse: 0.0308 - val_mae: 0.1301 - 358ms/epoch - 179ms/step
Epoch 289/10000

Epoch 289: val_loss did not improve from 0.02987
2/2 - 0s - loss: 0.0301 - mse: 0.0301 - mae: 0.1273 - val_loss: 0.0303 - val_mse: 0.0303 - val_mae: 0.1227 - 359ms/epoch - 180ms/step
Epoch 290/10000

Epoch 290: val_loss did not improve from 0.02987
2/2 - 0s - loss: 0.0296 - mse: 0.0296 - mae: 0.1245 - val_loss: 0.0305 - val_mse: 0.0305 - val_mae: 0.1281 - 365ms/epoch - 183ms/step
Epoch 291/10000

Epoch 291: val_loss did not improve from 0.02987
2/2 - 0s - loss: 0.0300 - mse: 0.0300 - mae: 0.1262 - val_loss: 0.0301 - val_mse: 0.0301 - val_mae: 0.1229 - 360ms/epoch - 180ms/step
Epoch 292/10000

Epoch 292: val_loss did not improve from 0.02987
2/2 - 0s - loss: 0.0298 - mse: 0.0298 - mae: 0.1257 - val_loss: 0.0300 - val_mse: 0.0300 - val_mae: 0.1248 - 361ms/epoch - 181ms/step
Epoch 293/10000

Epoch 293: val_loss did not improve from 0.02987
2/2 - 0s - loss: 0.0296 - mse: 0.0296 - mae: 0.1245 - val_loss: 0.0300 - val_mse: 0.0300 - val_mae: 0.1244 - 367ms/epoch - 184ms/step
Epoch 294/10000

Epoch 294: val_loss did not improve from 0.02987
2/2 - 0s - loss: 0.0299 - mse: 0.0299 - mae: 0.1272 - val_loss: 0.0325 - val_mse: 0.0325 - val_mae: 0.1261 - 363ms/epoch - 181ms/step
Epoch 295/10000

Epoch 295: val_loss did not improve from 0.02987
2/2 - 0s - loss: 0.0308 - mse: 0.0308 - mae: 0.1267 - val_loss: 0.0314 - val_mse: 0.0314 - val_mae: 0.1327 - 358ms/epoch - 179ms/step
Epoch 296/10000

Epoch 296: val_loss did not improve from 0.02987
2/2 - 0s - loss: 0.0304 - mse: 0.0304 - mae: 0.1280 - val_loss: 0.0303 - val_mse: 0.0303 - val_mae: 0.1229 - 359ms/epoch - 180ms/step
Epoch 297/10000

Epoch 297: val_loss did not improve from 0.02987
2/2 - 0s - loss: 0.0318 - mse: 0.0318 - mae: 0.1323 - val_loss: 0.0327 - val_mse: 0.0327 - val_mae: 0.1264 - 357ms/epoch - 179ms/step
Epoch 298/10000

Epoch 298: val_loss did not improve from 0.02987
2/2 - 0s - loss: 0.0311 - mse: 0.0311 - mae: 0.1253 - val_loss: 0.0343 - val_mse: 0.0343 - val_mae: 0.1441 - 361ms/epoch - 181ms/step
Epoch 299/10000

Epoch 299: val_loss did not improve from 0.02987
2/2 - 0s - loss: 0.0318 - mse: 0.0318 - mae: 0.1333 - val_loss: 0.0318 - val_mse: 0.0318 - val_mae: 0.1249 - 363ms/epoch - 182ms/step
Epoch 300/10000

Epoch 300: val_loss did not improve from 0.02987
2/2 - 0s - loss: 0.0309 - mse: 0.0309 - mae: 0.1291 - val_loss: 0.0307 - val_mse: 0.0307 - val_mae: 0.1292 - 358ms/epoch - 179ms/step
Epoch 301/10000

Epoch 301: val_loss did not improve from 0.02987
2/2 - 0s - loss: 0.0313 - mse: 0.0313 - mae: 0.1287 - val_loss: 0.0300 - val_mse: 0.0300 - val_mae: 0.1245 - 366ms/epoch - 183ms/step
Epoch 302/10000

Epoch 302: val_loss did not improve from 0.02987
2/2 - 0s - loss: 0.0311 - mse: 0.0311 - mae: 0.1325 - val_loss: 0.0316 - val_mse: 0.0316 - val_mae: 0.1244 - 360ms/epoch - 180ms/step
Epoch 303/10000

Epoch 303: val_loss did not improve from 0.02987
2/2 - 0s - loss: 0.0311 - mse: 0.0311 - mae: 0.1253 - val_loss: 0.0339 - val_mse: 0.0339 - val_mae: 0.1427 - 356ms/epoch - 178ms/step
Epoch 304/10000

Epoch 304: val_loss did not improve from 0.02987
2/2 - 0s - loss: 0.0321 - mse: 0.0321 - mae: 0.1347 - val_loss: 0.0309 - val_mse: 0.0309 - val_mae: 0.1233 - 363ms/epoch - 182ms/step
Epoch 305/10000

Epoch 305: val_loss did not improve from 0.02987
2/2 - 0s - loss: 0.0310 - mse: 0.0310 - mae: 0.1283 - val_loss: 0.0300 - val_mse: 0.0300 - val_mae: 0.1236 - 364ms/epoch - 182ms/step
Epoch 306/10000

Epoch 306: val_loss did not improve from 0.02987
2/2 - 0s - loss: 0.0297 - mse: 0.0297 - mae: 0.1236 - val_loss: 0.0301 - val_mse: 0.0301 - val_mae: 0.1259 - 359ms/epoch - 179ms/step
Epoch 307/10000

Epoch 307: val_loss did not improve from 0.02987
2/2 - 0s - loss: 0.0297 - mse: 0.0297 - mae: 0.1273 - val_loss: 0.0306 - val_mse: 0.0306 - val_mae: 0.1228 - 361ms/epoch - 180ms/step
Epoch 308/10000

Epoch 308: val_loss did not improve from 0.02987
2/2 - 0s - loss: 0.0297 - mse: 0.0297 - mae: 0.1233 - val_loss: 0.0309 - val_mse: 0.0309 - val_mae: 0.1304 - 375ms/epoch - 188ms/step
Epoch 309/10000

Epoch 309: val_loss did not improve from 0.02987
2/2 - 0s - loss: 0.0303 - mse: 0.0303 - mae: 0.1272 - val_loss: 0.0300 - val_mse: 0.0300 - val_mae: 0.1233 - 359ms/epoch - 179ms/step
Epoch 310/10000

Epoch 310: val_loss did not improve from 0.02987
2/2 - 0s - loss: 0.0293 - mse: 0.0293 - mae: 0.1244 - val_loss: 0.0302 - val_mse: 0.0302 - val_mae: 0.1261 - 364ms/epoch - 182ms/step
Epoch 311/10000

Epoch 311: val_loss did not improve from 0.02987
2/2 - 0s - loss: 0.0294 - mse: 0.0294 - mae: 0.1253 - val_loss: 0.0303 - val_mse: 0.0303 - val_mae: 0.1227 - 361ms/epoch - 181ms/step
Epoch 312/10000

Epoch 312: val_loss did not improve from 0.02987
2/2 - 0s - loss: 0.0301 - mse: 0.0301 - mae: 0.1262 - val_loss: 0.0301 - val_mse: 0.0301 - val_mae: 0.1229 - 363ms/epoch - 182ms/step
Epoch 313/10000

Epoch 313: val_loss did not improve from 0.02987
2/2 - 0s - loss: 0.0296 - mse: 0.0296 - mae: 0.1249 - val_loss: 0.0305 - val_mse: 0.0305 - val_mae: 0.1227 - 365ms/epoch - 182ms/step
Epoch 314/10000

Epoch 314: val_loss did not improve from 0.02987
2/2 - 0s - loss: 0.0295 - mse: 0.0295 - mae: 0.1233 - val_loss: 0.0312 - val_mse: 0.0312 - val_mae: 0.1315 - 364ms/epoch - 182ms/step
Epoch 315/10000

Epoch 315: val_loss did not improve from 0.02987
2/2 - 0s - loss: 0.0302 - mse: 0.0302 - mae: 0.1278 - val_loss: 0.0302 - val_mse: 0.0302 - val_mae: 0.1227 - 364ms/epoch - 182ms/step
Epoch 316/10000

Epoch 316: val_loss did not improve from 0.02987
2/2 - 0s - loss: 0.0299 - mse: 0.0299 - mae: 0.1267 - val_loss: 0.0300 - val_mse: 0.0300 - val_mae: 0.1230 - 359ms/epoch - 180ms/step
Epoch 317/10000

Epoch 317: val_loss did not improve from 0.02987
2/2 - 0s - loss: 0.0304 - mse: 0.0304 - mae: 0.1247 - val_loss: 0.0332 - val_mse: 0.0332 - val_mae: 0.1395 - 365ms/epoch - 182ms/step
Epoch 318/10000

Epoch 318: val_loss did not improve from 0.02987
2/2 - 0s - loss: 0.0306 - mse: 0.0306 - mae: 0.1322 - val_loss: 0.0344 - val_mse: 0.0344 - val_mae: 0.1297 - 359ms/epoch - 180ms/step
Epoch 319/10000

Epoch 319: val_loss did not improve from 0.02987
2/2 - 0s - loss: 0.0327 - mse: 0.0327 - mae: 0.1325 - val_loss: 0.0307 - val_mse: 0.0307 - val_mae: 0.1289 - 364ms/epoch - 182ms/step
Epoch 320/10000

Epoch 320: val_loss did not improve from 0.02987
2/2 - 0s - loss: 0.0306 - mse: 0.0306 - mae: 0.1274 - val_loss: 0.0300 - val_mse: 0.0300 - val_mae: 0.1243 - 365ms/epoch - 182ms/step
Epoch 321/10000

Epoch 321: val_loss did not improve from 0.02987
2/2 - 0s - loss: 0.0298 - mse: 0.0298 - mae: 0.1277 - val_loss: 0.0302 - val_mse: 0.0302 - val_mae: 0.1232 - 357ms/epoch - 178ms/step
Epoch 322/10000

Epoch 322: val_loss did not improve from 0.02987
2/2 - 0s - loss: 0.0296 - mse: 0.0296 - mae: 0.1234 - val_loss: 0.0306 - val_mse: 0.0306 - val_mae: 0.1288 - 360ms/epoch - 180ms/step
Epoch 323/10000

Epoch 323: val_loss did not improve from 0.02987
2/2 - 0s - loss: 0.0296 - mse: 0.0296 - mae: 0.1266 - val_loss: 0.0301 - val_mse: 0.0301 - val_mae: 0.1231 - 365ms/epoch - 183ms/step
Epoch 324/10000

Epoch 324: val_loss did not improve from 0.02987
2/2 - 0s - loss: 0.0293 - mse: 0.0293 - mae: 0.1237 - val_loss: 0.0303 - val_mse: 0.0303 - val_mae: 0.1266 - 362ms/epoch - 181ms/step
Epoch 325/10000

Epoch 325: val_loss did not improve from 0.02987
2/2 - 0s - loss: 0.0300 - mse: 0.0300 - mae: 0.1259 - val_loss: 0.0304 - val_mse: 0.0304 - val_mae: 0.1270 - 365ms/epoch - 182ms/step
Epoch 325: early stopping
