[ 13.14088385  30.21795131  46.87850492  63.53905854  80.19961216
  96.86016577 113.52071939 130.181273   146.84182662 163.50238024
 180.16293385 196.82348747 213.48404109 230.1445947  246.80514832
 263.46570194 280.12625555 296.78680917 313.44736279 330.1079164
 346.76847002 363.42902363 380.08957725 396.75013087 413.41068448
 430.0712381 ]
Before undersampling: [(0, 379), (1, 843), (2, 3574), (3, 4722), (4, 3014), (5, 2364), (6, 2085), (7, 1796), (8, 1589), (9, 1446), (10, 1372), (11, 1271), (12, 1163), (13, 1050), (14, 878), (15, 802), (16, 678), (17, 642), (18, 453), (19, 423), (20, 312), (21, 282), (22, 244), (23, 187), (24, 211)]
After undersampling: [(0, 155), (1, 515), (2, 2551), (3, 3071), (4, 2149), (5, 1688), (6, 1547), (7, 1291), (8, 1187), (9, 1004), (10, 923), (11, 934), (12, 798), (13, 780), (14, 610), (15, 575), (16, 469), (17, 466), (18, 303), (19, 294), (20, 189), (21, 179), (22, 163), (23, 187), (24, 168)]
            label  HH_0_0_x  HV_0_0_x  IA_0_0_x       FYI      DFYI       MYI     rms_2     thk_3     rms_3     thk_4     rms_4     thk_0     rms_0  ...         3    4    5         6         7    8    9        10        11   12   13        14        15                                                CNN
0       26.444929  0.160784  0.054902  0.097618  0.855356  0.095204  0.049440  4.494009  1.105608  4.486786  1.060072  4.485254  1.103872  4.492071  ...  1.160174  0.0  0.0  1.714827  0.694474  0.0  0.0  1.968168  0.888813  0.0  0.0  1.415451  0.741141  [[[[0.1098039215686274], [0.0976581947476256],...
1       26.444929  0.160784  0.054902  0.097618  0.855356  0.095204  0.049440  4.494009  1.105608  4.486786  1.060072  4.485254  1.103872  4.492071  ...  1.160174  0.0  0.0  1.714827  0.694474  0.0  0.0  1.968168  0.888813  0.0  0.0  1.415451  0.741141  [[[[0.1098039215686274], [0.0976581947476256],...
2       28.685049  0.133333  0.043137  0.089238  0.964769  0.030525  0.004706  4.309564  1.081525  4.294215  1.064744  4.293684  1.033033  4.289936  ...  0.934345  0.0  0.0  1.505573  0.444417  0.0  0.0  1.739218  1.100969  0.0  0.0  1.760818  0.709757  [[[[0.1254901960784313], [0.0892796684713924],...
3       24.991651  0.160784  0.039216  0.089308  0.931264  0.062242  0.006494  4.366731  1.094922  4.352149  1.069445  4.357403  1.057691  4.366177  ...  1.091183  0.0  0.0  1.827458  0.411250  0.0  0.0  2.141751  1.255724  0.0  0.0  1.788467  0.469806  [[[[0.196078431372549], [0.0893494849111519], ...
4       19.205056  0.152941  0.035294  0.089294  0.939395  0.054308  0.006296  4.396007  1.116240  4.395121  1.131157  4.371650  1.086035  4.375228  ...  1.108572  0.0  0.0  1.834234  0.543879  0.0  0.0  1.675234  0.261175  0.0  0.0  1.477242  0.907200  [[[[0.2], [0.0893355201272403], [0.04313725490...
...           ...       ...       ...       ...       ...       ...       ...       ...       ...       ...       ...       ...       ...       ...  ...       ...  ...  ...       ...       ...  ...  ...       ...       ...  ...  ...       ...       ...                                                ...
22191  428.865028  0.349020  0.109804  0.081155  0.004640  0.000334  0.995026  4.803459  1.228813  4.824016  1.222458  4.788424  1.239560  4.825852  ...  1.710262  0.0  0.0  2.248280  0.666799  0.0  0.0  2.508874  1.536116  0.0  0.0  1.998454  1.064334  [[[[0.192156862745098], [0.0811967213948567], ...
22192  413.850629  0.239216  0.047059  0.081085  0.157408  0.002705  0.839887  4.839008  1.204615  4.879688  1.103340  4.847728  1.184231  4.867227  ...  1.399135  0.0  0.0  2.102352  1.346529  0.0  0.0  2.242782  1.332157  0.0  0.0  1.673444  0.672915  [[[[0.3411764705882353], [0.0811269049550972],...
22193  424.042418  0.282353  0.066667  0.149433  0.555378  0.061723  0.382898  4.707989  1.123501  4.761029  1.067539  4.688012  1.258673  4.743035  ...  1.048151  0.0  0.0  1.759950  0.344755  0.0  0.0  1.782739  1.367052  0.0  0.0  1.763050  1.095051  [[[[0.2], [0.1494652841605392], [0.06666666666...
22194  417.027580  0.505882  0.090196  0.152162  0.185910  0.031902  0.782188  4.558691  1.108500  4.584847  1.136199  4.533069  1.285978  4.561111  ...  1.035264  0.0  0.0  2.001448  1.379296  0.0  0.0  2.745631  1.093121  0.0  0.0  1.564485  0.810498  [[[[0.4196078431372549], [0.15219440834195], [...
22195  417.866263  0.392157  0.125490  0.152184  0.189279  0.051355  0.759366  4.658488  1.124982  4.705729  1.166082  4.660120  1.297405  4.687316  ...  1.124182  0.0  0.0  2.480716  1.210371  0.0  0.0  2.433277  1.084279  0.0  0.0  1.615430  0.530238  [[[[0.3490196078431372], [0.1522158155254289],...

[22196 rows x 37 columns]
Size of dataset: (22196, 36)
*************************** Fold #: 1 ***************************
Model: "model"
__________________________________________________________________________________________________
 Layer (type)                   Output Shape         Param #     Connected to                     
==================================================================================================
 conv (InputLayer)              [(None, 7, 7, 3, 1)  0           []                               
                                ]                                                                 
                                                                                                  
 zero_padding3d (ZeroPadding3D)  (None, 8, 8, 4, 1)  0           ['conv[0][0]']                   
                                                                                                  
 conv3d (Conv3D)                (None, 8, 8, 4, 8)   224         ['zero_padding3d[0][0]']         
                                                                                                  
 max_pooling3d (MaxPooling3D)   (None, 4, 4, 2, 8)   0           ['conv3d[0][0]']                 
                                                                                                  
 conv3d_1 (Conv3D)              (None, 4, 4, 2, 4)   868         ['max_pooling3d[0][0]']          
                                                                                                  
 max_pooling3d_1 (MaxPooling3D)  (None, 2, 2, 1, 4)  0           ['conv3d_1[0][0]']               
                                                                                                  
 cat (InputLayer)               [(None, 35)]         0           []                               
                                                                                                  
 flatten (Flatten)              (None, 16)           0           ['max_pooling3d_1[0][0]']        
                                                                                                  
 concatenate (Concatenate)      (None, 51)           0           ['cat[0][0]',                    
                                                                  'flatten[0][0]']                
                                                                                                  
 dense (Dense)                  (None, 102)          5304        ['concatenate[0][0]']            
                                                                                                  
 dense_1 (Dense)                (None, 102)          10506       ['dense[0][0]']                  
                                                                                                  
 dense_2 (Dense)                (None, 102)          10506       ['dense_1[0][0]']                
                                                                                                  
 dense_3 (Dense)                (None, 102)          10506       ['dense_2[0][0]']                
                                                                                                  
 dense_4 (Dense)                (None, 102)          10506       ['dense_3[0][0]']                
                                                                                                  
 dense_5 (Dense)                (None, 1)            103         ['dense_4[0][0]']                
                                                                                                  
==================================================================================================
Total params: 48,523
Trainable params: 48,523
Non-trainable params: 0
__________________________________________________________________________________________________
Epoch 1/10000

Epoch 1: val_loss improved from inf to 13.69659, saving model to ./results/NN_rms_regr/RNN/recursion_37/ckpt_1
11/11 - 3s - loss: 21.1388 - mse: 21.1388 - mae: 4.5504 - val_loss: 13.6966 - val_mse: 13.6966 - val_mae: 3.6549 - 3s/epoch - 297ms/step
Epoch 2/10000

Epoch 2: val_loss improved from 13.69659 to 1.59868, saving model to ./results/NN_rms_regr/RNN/recursion_37/ckpt_1
11/11 - 3s - loss: 5.2566 - mse: 5.2566 - mae: 2.0223 - val_loss: 1.5987 - val_mse: 1.5987 - val_mae: 1.1404 - 3s/epoch - 245ms/step
Epoch 3/10000

Epoch 3: val_loss improved from 1.59868 to 0.96487, saving model to ./results/NN_rms_regr/RNN/recursion_37/ckpt_1
11/11 - 3s - loss: 1.2151 - mse: 1.2151 - mae: 0.9461 - val_loss: 0.9649 - val_mse: 0.9649 - val_mae: 0.8396 - 3s/epoch - 245ms/step
Epoch 4/10000

Epoch 4: val_loss improved from 0.96487 to 0.35049, saving model to ./results/NN_rms_regr/RNN/recursion_37/ckpt_1
11/11 - 3s - loss: 0.6192 - mse: 0.6192 - mae: 0.6454 - val_loss: 0.3505 - val_mse: 0.3505 - val_mae: 0.4838 - 3s/epoch - 245ms/step
Epoch 5/10000

Epoch 5: val_loss improved from 0.35049 to 0.30298, saving model to ./results/NN_rms_regr/RNN/recursion_37/ckpt_1
11/11 - 3s - loss: 0.3978 - mse: 0.3978 - mae: 0.5075 - val_loss: 0.3030 - val_mse: 0.3030 - val_mae: 0.4514 - 3s/epoch - 244ms/step
Epoch 6/10000

Epoch 6: val_loss did not improve from 0.30298
11/11 - 2s - loss: 0.3314 - mse: 0.3314 - mae: 0.4690 - val_loss: 0.3151 - val_mse: 0.3151 - val_mae: 0.4582 - 2s/epoch - 178ms/step
Epoch 7/10000

Epoch 7: val_loss did not improve from 0.30298
11/11 - 2s - loss: 0.3130 - mse: 0.3130 - mae: 0.4552 - val_loss: 0.3114 - val_mse: 0.3114 - val_mae: 0.4577 - 2s/epoch - 178ms/step
Epoch 8/10000

Epoch 8: val_loss did not improve from 0.30298
11/11 - 2s - loss: 0.3052 - mse: 0.3052 - mae: 0.4501 - val_loss: 0.3036 - val_mse: 0.3036 - val_mae: 0.4513 - 2s/epoch - 178ms/step
Epoch 9/10000

Epoch 9: val_loss improved from 0.30298 to 0.29894, saving model to ./results/NN_rms_regr/RNN/recursion_37/ckpt_1
11/11 - 3s - loss: 0.3002 - mse: 0.3002 - mae: 0.4469 - val_loss: 0.2989 - val_mse: 0.2989 - val_mae: 0.4487 - 3s/epoch - 245ms/step
Epoch 10/10000

Epoch 10: val_loss improved from 0.29894 to 0.29873, saving model to ./results/NN_rms_regr/RNN/recursion_37/ckpt_1
11/11 - 3s - loss: 0.2990 - mse: 0.2990 - mae: 0.4456 - val_loss: 0.2987 - val_mse: 0.2987 - val_mae: 0.4486 - 3s/epoch - 259ms/step
Epoch 11/10000

Epoch 11: val_loss improved from 0.29873 to 0.29806, saving model to ./results/NN_rms_regr/RNN/recursion_37/ckpt_1
11/11 - 3s - loss: 0.2981 - mse: 0.2981 - mae: 0.4450 - val_loss: 0.2981 - val_mse: 0.2981 - val_mae: 0.4477 - 3s/epoch - 260ms/step
Epoch 12/10000

Epoch 12: val_loss improved from 0.29806 to 0.29726, saving model to ./results/NN_rms_regr/RNN/recursion_37/ckpt_1
11/11 - 3s - loss: 0.2974 - mse: 0.2974 - mae: 0.4444 - val_loss: 0.2973 - val_mse: 0.2973 - val_mae: 0.4473 - 3s/epoch - 261ms/step
Epoch 13/10000

Epoch 13: val_loss improved from 0.29726 to 0.29686, saving model to ./results/NN_rms_regr/RNN/recursion_37/ckpt_1
11/11 - 3s - loss: 0.2972 - mse: 0.2972 - mae: 0.4443 - val_loss: 0.2969 - val_mse: 0.2969 - val_mae: 0.4470 - 3s/epoch - 254ms/step
Epoch 14/10000

Epoch 14: val_loss improved from 0.29686 to 0.29622, saving model to ./results/NN_rms_regr/RNN/recursion_37/ckpt_1
11/11 - 3s - loss: 0.2967 - mse: 0.2967 - mae: 0.4438 - val_loss: 0.2962 - val_mse: 0.2962 - val_mae: 0.4464 - 3s/epoch - 260ms/step
Epoch 15/10000

Epoch 15: val_loss improved from 0.29622 to 0.29555, saving model to ./results/NN_rms_regr/RNN/recursion_37/ckpt_1
11/11 - 3s - loss: 0.2960 - mse: 0.2960 - mae: 0.4433 - val_loss: 0.2956 - val_mse: 0.2956 - val_mae: 0.4456 - 3s/epoch - 253ms/step
Epoch 16/10000

Epoch 16: val_loss did not improve from 0.29555
11/11 - 2s - loss: 0.2954 - mse: 0.2954 - mae: 0.4428 - val_loss: 0.2961 - val_mse: 0.2961 - val_mae: 0.4456 - 2s/epoch - 178ms/step
Epoch 17/10000

Epoch 17: val_loss improved from 0.29555 to 0.29439, saving model to ./results/NN_rms_regr/RNN/recursion_37/ckpt_1
11/11 - 3s - loss: 0.2948 - mse: 0.2948 - mae: 0.4424 - val_loss: 0.2944 - val_mse: 0.2944 - val_mae: 0.4447 - 3s/epoch - 258ms/step
Epoch 18/10000

Epoch 18: val_loss improved from 0.29439 to 0.29378, saving model to ./results/NN_rms_regr/RNN/recursion_37/ckpt_1
11/11 - 3s - loss: 0.2942 - mse: 0.2942 - mae: 0.4418 - val_loss: 0.2938 - val_mse: 0.2938 - val_mae: 0.4441 - 3s/epoch - 259ms/step
Epoch 19/10000

Epoch 19: val_loss did not improve from 0.29378
11/11 - 2s - loss: 0.2936 - mse: 0.2936 - mae: 0.4413 - val_loss: 0.2946 - val_mse: 0.2946 - val_mae: 0.4442 - 2s/epoch - 178ms/step
Epoch 20/10000

Epoch 20: val_loss improved from 0.29378 to 0.29369, saving model to ./results/NN_rms_regr/RNN/recursion_37/ckpt_1
11/11 - 3s - loss: 0.2940 - mse: 0.2940 - mae: 0.4414 - val_loss: 0.2937 - val_mse: 0.2937 - val_mae: 0.4435 - 3s/epoch - 260ms/step
Epoch 21/10000

Epoch 21: val_loss improved from 0.29369 to 0.29232, saving model to ./results/NN_rms_regr/RNN/recursion_37/ckpt_1
11/11 - 3s - loss: 0.2930 - mse: 0.2930 - mae: 0.4406 - val_loss: 0.2923 - val_mse: 0.2923 - val_mae: 0.4427 - 3s/epoch - 253ms/step
Epoch 22/10000

Epoch 22: val_loss improved from 0.29232 to 0.29198, saving model to ./results/NN_rms_regr/RNN/recursion_37/ckpt_1
11/11 - 3s - loss: 0.2929 - mse: 0.2929 - mae: 0.4406 - val_loss: 0.2920 - val_mse: 0.2920 - val_mae: 0.4425 - 3s/epoch - 260ms/step
Epoch 23/10000

Epoch 23: val_loss improved from 0.29198 to 0.29140, saving model to ./results/NN_rms_regr/RNN/recursion_37/ckpt_1
11/11 - 3s - loss: 0.2921 - mse: 0.2921 - mae: 0.4398 - val_loss: 0.2914 - val_mse: 0.2914 - val_mae: 0.4419 - 3s/epoch - 260ms/step
Epoch 24/10000

Epoch 24: val_loss improved from 0.29140 to 0.29098, saving model to ./results/NN_rms_regr/RNN/recursion_37/ckpt_1
11/11 - 3s - loss: 0.2917 - mse: 0.2917 - mae: 0.4396 - val_loss: 0.2910 - val_mse: 0.2910 - val_mae: 0.4415 - 3s/epoch - 259ms/step
Epoch 25/10000

Epoch 25: val_loss improved from 0.29098 to 0.29026, saving model to ./results/NN_rms_regr/RNN/recursion_37/ckpt_1
11/11 - 3s - loss: 0.2912 - mse: 0.2912 - mae: 0.4390 - val_loss: 0.2903 - val_mse: 0.2903 - val_mae: 0.4408 - 3s/epoch - 258ms/step
Epoch 26/10000

Epoch 26: val_loss improved from 0.29026 to 0.28982, saving model to ./results/NN_rms_regr/RNN/recursion_37/ckpt_1
11/11 - 3s - loss: 0.2906 - mse: 0.2906 - mae: 0.4385 - val_loss: 0.2898 - val_mse: 0.2898 - val_mae: 0.4404 - 3s/epoch - 260ms/step
Epoch 27/10000

Epoch 27: val_loss did not improve from 0.28982
11/11 - 2s - loss: 0.2903 - mse: 0.2903 - mae: 0.4382 - val_loss: 0.2909 - val_mse: 0.2909 - val_mae: 0.4407 - 2s/epoch - 178ms/step
Epoch 28/10000

Epoch 28: val_loss improved from 0.28982 to 0.28896, saving model to ./results/NN_rms_regr/RNN/recursion_37/ckpt_1
11/11 - 3s - loss: 0.2897 - mse: 0.2897 - mae: 0.4377 - val_loss: 0.2890 - val_mse: 0.2890 - val_mae: 0.4396 - 3s/epoch - 253ms/step
Epoch 29/10000

Epoch 29: val_loss improved from 0.28896 to 0.28865, saving model to ./results/NN_rms_regr/RNN/recursion_37/ckpt_1
11/11 - 3s - loss: 0.2893 - mse: 0.2893 - mae: 0.4374 - val_loss: 0.2886 - val_mse: 0.2886 - val_mae: 0.4393 - 3s/epoch - 258ms/step
Epoch 30/10000

Epoch 30: val_loss improved from 0.28865 to 0.28826, saving model to ./results/NN_rms_regr/RNN/recursion_37/ckpt_1
11/11 - 3s - loss: 0.2891 - mse: 0.2891 - mae: 0.4372 - val_loss: 0.2883 - val_mse: 0.2883 - val_mae: 0.4388 - 3s/epoch - 259ms/step
Epoch 31/10000

Epoch 31: val_loss did not improve from 0.28826
11/11 - 2s - loss: 0.2886 - mse: 0.2886 - mae: 0.4367 - val_loss: 0.2883 - val_mse: 0.2883 - val_mae: 0.4386 - 2s/epoch - 178ms/step
Epoch 32/10000

Epoch 32: val_loss improved from 0.28826 to 0.28747, saving model to ./results/NN_rms_regr/RNN/recursion_37/ckpt_1
11/11 - 3s - loss: 0.2884 - mse: 0.2884 - mae: 0.4365 - val_loss: 0.2875 - val_mse: 0.2875 - val_mae: 0.4381 - 3s/epoch - 260ms/step
Epoch 33/10000

Epoch 33: val_loss improved from 0.28747 to 0.28743, saving model to ./results/NN_rms_regr/RNN/recursion_37/ckpt_1
11/11 - 3s - loss: 0.2882 - mse: 0.2882 - mae: 0.4362 - val_loss: 0.2874 - val_mse: 0.2874 - val_mae: 0.4379 - 3s/epoch - 261ms/step
Epoch 34/10000

Epoch 34: val_loss improved from 0.28743 to 0.28690, saving model to ./results/NN_rms_regr/RNN/recursion_37/ckpt_1
11/11 - 3s - loss: 0.2876 - mse: 0.2876 - mae: 0.4358 - val_loss: 0.2869 - val_mse: 0.2869 - val_mae: 0.4374 - 3s/epoch - 254ms/step
Epoch 35/10000

Epoch 35: val_loss improved from 0.28690 to 0.28675, saving model to ./results/NN_rms_regr/RNN/recursion_37/ckpt_1
11/11 - 3s - loss: 0.2875 - mse: 0.2875 - mae: 0.4357 - val_loss: 0.2868 - val_mse: 0.2868 - val_mae: 0.4373 - 3s/epoch - 261ms/step
Epoch 36/10000

Epoch 36: val_loss improved from 0.28675 to 0.28619, saving model to ./results/NN_rms_regr/RNN/recursion_37/ckpt_1
11/11 - 3s - loss: 0.2869 - mse: 0.2869 - mae: 0.4351 - val_loss: 0.2862 - val_mse: 0.2862 - val_mae: 0.4368 - 3s/epoch - 254ms/step
Epoch 37/10000

Epoch 37: val_loss improved from 0.28619 to 0.28603, saving model to ./results/NN_rms_regr/RNN/recursion_37/ckpt_1
11/11 - 3s - loss: 0.2870 - mse: 0.2870 - mae: 0.4350 - val_loss: 0.2860 - val_mse: 0.2860 - val_mae: 0.4365 - 3s/epoch - 259ms/step
Epoch 38/10000

Epoch 38: val_loss did not improve from 0.28603
11/11 - 2s - loss: 0.2869 - mse: 0.2869 - mae: 0.4350 - val_loss: 0.2862 - val_mse: 0.2862 - val_mae: 0.4367 - 2s/epoch - 179ms/step
Epoch 39/10000

Epoch 39: val_loss did not improve from 0.28603
11/11 - 2s - loss: 0.2870 - mse: 0.2870 - mae: 0.4351 - val_loss: 0.2863 - val_mse: 0.2863 - val_mae: 0.4365 - 2s/epoch - 179ms/step
Epoch 40/10000

Epoch 40: val_loss did not improve from 0.28603
11/11 - 2s - loss: 0.2863 - mse: 0.2863 - mae: 0.4346 - val_loss: 0.2868 - val_mse: 0.2868 - val_mae: 0.4366 - 2s/epoch - 178ms/step
Epoch 41/10000

Epoch 41: val_loss did not improve from 0.28603
11/11 - 2s - loss: 0.2879 - mse: 0.2879 - mae: 0.4352 - val_loss: 0.2867 - val_mse: 0.2867 - val_mae: 0.4365 - 2s/epoch - 178ms/step
Epoch 42/10000

Epoch 42: val_loss improved from 0.28603 to 0.28487, saving model to ./results/NN_rms_regr/RNN/recursion_37/ckpt_1
11/11 - 3s - loss: 0.2861 - mse: 0.2861 - mae: 0.4341 - val_loss: 0.2849 - val_mse: 0.2849 - val_mae: 0.4353 - 3s/epoch - 260ms/step
Epoch 43/10000

Epoch 43: val_loss improved from 0.28487 to 0.28458, saving model to ./results/NN_rms_regr/RNN/recursion_37/ckpt_1
11/11 - 3s - loss: 0.2856 - mse: 0.2856 - mae: 0.4339 - val_loss: 0.2846 - val_mse: 0.2846 - val_mae: 0.4350 - 3s/epoch - 261ms/step
Epoch 44/10000

Epoch 44: val_loss improved from 0.28458 to 0.28442, saving model to ./results/NN_rms_regr/RNN/recursion_37/ckpt_1
11/11 - 3s - loss: 0.2854 - mse: 0.2854 - mae: 0.4335 - val_loss: 0.2844 - val_mse: 0.2844 - val_mae: 0.4349 - 3s/epoch - 254ms/step
Epoch 45/10000

Epoch 45: val_loss did not improve from 0.28442
11/11 - 2s - loss: 0.2855 - mse: 0.2855 - mae: 0.4333 - val_loss: 0.2852 - val_mse: 0.2852 - val_mae: 0.4354 - 2s/epoch - 179ms/step
Epoch 46/10000

Epoch 46: val_loss did not improve from 0.28442
11/11 - 2s - loss: 0.2856 - mse: 0.2856 - mae: 0.4336 - val_loss: 0.2853 - val_mse: 0.2853 - val_mae: 0.4354 - 2s/epoch - 179ms/step
Epoch 47/10000

Epoch 47: val_loss improved from 0.28442 to 0.28404, saving model to ./results/NN_rms_regr/RNN/recursion_37/ckpt_1
11/11 - 3s - loss: 0.2853 - mse: 0.2853 - mae: 0.4335 - val_loss: 0.2840 - val_mse: 0.2840 - val_mae: 0.4344 - 3s/epoch - 260ms/step
Epoch 48/10000

Epoch 48: val_loss improved from 0.28404 to 0.28362, saving model to ./results/NN_rms_regr/RNN/recursion_37/ckpt_1
11/11 - 3s - loss: 0.2848 - mse: 0.2848 - mae: 0.4330 - val_loss: 0.2836 - val_mse: 0.2836 - val_mae: 0.4340 - 3s/epoch - 259ms/step
Epoch 49/10000

Epoch 49: val_loss did not improve from 0.28362
11/11 - 2s - loss: 0.2849 - mse: 0.2849 - mae: 0.4330 - val_loss: 0.2838 - val_mse: 0.2838 - val_mae: 0.4340 - 2s/epoch - 178ms/step
Epoch 50/10000

Epoch 50: val_loss improved from 0.28362 to 0.28334, saving model to ./results/NN_rms_regr/RNN/recursion_37/ckpt_1
11/11 - 3s - loss: 0.2845 - mse: 0.2845 - mae: 0.4326 - val_loss: 0.2833 - val_mse: 0.2833 - val_mae: 0.4337 - 3s/epoch - 254ms/step
Epoch 51/10000

Epoch 51: val_loss did not improve from 0.28334
11/11 - 2s - loss: 0.2844 - mse: 0.2844 - mae: 0.4324 - val_loss: 0.2843 - val_mse: 0.2843 - val_mae: 0.4344 - 2s/epoch - 178ms/step
Epoch 52/10000

Epoch 52: val_loss improved from 0.28334 to 0.28315, saving model to ./results/NN_rms_regr/RNN/recursion_37/ckpt_1
11/11 - 3s - loss: 0.2846 - mse: 0.2846 - mae: 0.4325 - val_loss: 0.2831 - val_mse: 0.2831 - val_mae: 0.4335 - 3s/epoch - 260ms/step
Epoch 53/10000

Epoch 53: val_loss improved from 0.28315 to 0.28310, saving model to ./results/NN_rms_regr/RNN/recursion_37/ckpt_1
11/11 - 3s - loss: 0.2844 - mse: 0.2844 - mae: 0.4325 - val_loss: 0.2831 - val_mse: 0.2831 - val_mae: 0.4334 - 3s/epoch - 260ms/step
Epoch 54/10000

Epoch 54: val_loss did not improve from 0.28310
11/11 - 2s - loss: 0.2843 - mse: 0.2843 - mae: 0.4326 - val_loss: 0.2838 - val_mse: 0.2838 - val_mae: 0.4337 - 2s/epoch - 178ms/step
Epoch 55/10000

Epoch 55: val_loss did not improve from 0.28310
11/11 - 2s - loss: 0.2855 - mse: 0.2855 - mae: 0.4332 - val_loss: 0.2879 - val_mse: 0.2879 - val_mae: 0.4363 - 2s/epoch - 178ms/step
Epoch 56/10000

Epoch 56: val_loss improved from 0.28310 to 0.28292, saving model to ./results/NN_rms_regr/RNN/recursion_37/ckpt_1
11/11 - 3s - loss: 0.2857 - mse: 0.2857 - mae: 0.4329 - val_loss: 0.2829 - val_mse: 0.2829 - val_mae: 0.4331 - 3s/epoch - 253ms/step
Epoch 57/10000

Epoch 57: val_loss improved from 0.28292 to 0.28258, saving model to ./results/NN_rms_regr/RNN/recursion_37/ckpt_1
11/11 - 3s - loss: 0.2837 - mse: 0.2837 - mae: 0.4319 - val_loss: 0.2826 - val_mse: 0.2826 - val_mae: 0.4328 - 3s/epoch - 258ms/step
Epoch 58/10000

Epoch 58: val_loss did not improve from 0.28258
11/11 - 2s - loss: 0.2836 - mse: 0.2836 - mae: 0.4318 - val_loss: 0.2830 - val_mse: 0.2830 - val_mae: 0.4330 - 2s/epoch - 178ms/step
Epoch 59/10000

Epoch 59: val_loss did not improve from 0.28258
11/11 - 2s - loss: 0.2844 - mse: 0.2844 - mae: 0.4323 - val_loss: 0.2841 - val_mse: 0.2841 - val_mae: 0.4336 - 2s/epoch - 179ms/step
Epoch 60/10000

Epoch 60: val_loss did not improve from 0.28258
11/11 - 2s - loss: 0.2842 - mse: 0.2842 - mae: 0.4319 - val_loss: 0.2826 - val_mse: 0.2826 - val_mae: 0.4328 - 2s/epoch - 178ms/step
Epoch 61/10000

Epoch 61: val_loss improved from 0.28258 to 0.28239, saving model to ./results/NN_rms_regr/RNN/recursion_37/ckpt_1
11/11 - 3s - loss: 0.2837 - mse: 0.2837 - mae: 0.4316 - val_loss: 0.2824 - val_mse: 0.2824 - val_mae: 0.4325 - 3s/epoch - 259ms/step
Epoch 62/10000

Epoch 62: val_loss improved from 0.28239 to 0.28222, saving model to ./results/NN_rms_regr/RNN/recursion_37/ckpt_1
11/11 - 3s - loss: 0.2834 - mse: 0.2834 - mae: 0.4316 - val_loss: 0.2822 - val_mse: 0.2822 - val_mae: 0.4324 - 3s/epoch - 260ms/step
Epoch 63/10000

Epoch 63: val_loss improved from 0.28222 to 0.28215, saving model to ./results/NN_rms_regr/RNN/recursion_37/ckpt_1
11/11 - 3s - loss: 0.2836 - mse: 0.2836 - mae: 0.4316 - val_loss: 0.2821 - val_mse: 0.2821 - val_mae: 0.4323 - 3s/epoch - 261ms/step
Epoch 64/10000

Epoch 64: val_loss improved from 0.28215 to 0.28207, saving model to ./results/NN_rms_regr/RNN/recursion_37/ckpt_1
11/11 - 3s - loss: 0.2835 - mse: 0.2835 - mae: 0.4313 - val_loss: 0.2821 - val_mse: 0.2821 - val_mae: 0.4322 - 3s/epoch - 253ms/step
Epoch 65/10000

Epoch 65: val_loss improved from 0.28207 to 0.28206, saving model to ./results/NN_rms_regr/RNN/recursion_37/ckpt_1
11/11 - 3s - loss: 0.2831 - mse: 0.2831 - mae: 0.4311 - val_loss: 0.2821 - val_mse: 0.2821 - val_mae: 0.4321 - 3s/epoch - 260ms/step
Epoch 66/10000

Epoch 66: val_loss improved from 0.28206 to 0.28196, saving model to ./results/NN_rms_regr/RNN/recursion_37/ckpt_1
11/11 - 3s - loss: 0.2833 - mse: 0.2833 - mae: 0.4311 - val_loss: 0.2820 - val_mse: 0.2820 - val_mae: 0.4320 - 3s/epoch - 253ms/step
Epoch 67/10000

Epoch 67: val_loss improved from 0.28196 to 0.28191, saving model to ./results/NN_rms_regr/RNN/recursion_37/ckpt_1
11/11 - 3s - loss: 0.2830 - mse: 0.2830 - mae: 0.4308 - val_loss: 0.2819 - val_mse: 0.2819 - val_mae: 0.4320 - 3s/epoch - 260ms/step
Epoch 68/10000

Epoch 68: val_loss did not improve from 0.28191
11/11 - 2s - loss: 0.2831 - mse: 0.2831 - mae: 0.4309 - val_loss: 0.2821 - val_mse: 0.2821 - val_mae: 0.4321 - 2s/epoch - 179ms/step
Epoch 69/10000

Epoch 69: val_loss did not improve from 0.28191
11/11 - 2s - loss: 0.2843 - mse: 0.2843 - mae: 0.4319 - val_loss: 0.2819 - val_mse: 0.2819 - val_mae: 0.4319 - 2s/epoch - 178ms/step
Epoch 70/10000

Epoch 70: val_loss improved from 0.28191 to 0.28188, saving model to ./results/NN_rms_regr/RNN/recursion_37/ckpt_1
11/11 - 3s - loss: 0.2832 - mse: 0.2832 - mae: 0.4311 - val_loss: 0.2819 - val_mse: 0.2819 - val_mae: 0.4318 - 3s/epoch - 259ms/step
Epoch 71/10000

Epoch 71: val_loss did not improve from 0.28188
11/11 - 2s - loss: 0.2837 - mse: 0.2837 - mae: 0.4312 - val_loss: 0.2820 - val_mse: 0.2820 - val_mae: 0.4319 - 2s/epoch - 178ms/step
Epoch 72/10000

Epoch 72: val_loss did not improve from 0.28188
11/11 - 2s - loss: 0.2832 - mse: 0.2832 - mae: 0.4310 - val_loss: 0.2820 - val_mse: 0.2820 - val_mae: 0.4318 - 2s/epoch - 178ms/step
Epoch 73/10000

Epoch 73: val_loss improved from 0.28188 to 0.28163, saving model to ./results/NN_rms_regr/RNN/recursion_37/ckpt_1
11/11 - 3s - loss: 0.2840 - mse: 0.2840 - mae: 0.4316 - val_loss: 0.2816 - val_mse: 0.2816 - val_mae: 0.4316 - 3s/epoch - 260ms/step
Epoch 74/10000

Epoch 74: val_loss did not improve from 0.28163
11/11 - 2s - loss: 0.2826 - mse: 0.2826 - mae: 0.4306 - val_loss: 0.2821 - val_mse: 0.2821 - val_mae: 0.4318 - 2s/epoch - 178ms/step
Epoch 75/10000

Epoch 75: val_loss did not improve from 0.28163
11/11 - 2s - loss: 0.2829 - mse: 0.2829 - mae: 0.4309 - val_loss: 0.2819 - val_mse: 0.2819 - val_mae: 0.4317 - 2s/epoch - 178ms/step
Epoch 76/10000

Epoch 76: val_loss did not improve from 0.28163
11/11 - 2s - loss: 0.2833 - mse: 0.2833 - mae: 0.4312 - val_loss: 0.2816 - val_mse: 0.2816 - val_mae: 0.4315 - 2s/epoch - 179ms/step
Epoch 77/10000

Epoch 77: val_loss improved from 0.28163 to 0.28160, saving model to ./results/NN_rms_regr/RNN/recursion_37/ckpt_1
11/11 - 3s - loss: 0.2836 - mse: 0.2836 - mae: 0.4309 - val_loss: 0.2816 - val_mse: 0.2816 - val_mae: 0.4314 - 3s/epoch - 254ms/step
Epoch 78/10000

Epoch 78: val_loss did not improve from 0.28160
11/11 - 2s - loss: 0.2830 - mse: 0.2830 - mae: 0.4308 - val_loss: 0.2817 - val_mse: 0.2817 - val_mae: 0.4315 - 2s/epoch - 178ms/step
Epoch 79/10000

Epoch 79: val_loss did not improve from 0.28160
11/11 - 2s - loss: 0.2826 - mse: 0.2826 - mae: 0.4305 - val_loss: 0.2827 - val_mse: 0.2827 - val_mae: 0.4320 - 2s/epoch - 179ms/step
Epoch 80/10000

Epoch 80: val_loss did not improve from 0.28160
11/11 - 2s - loss: 0.2829 - mse: 0.2829 - mae: 0.4306 - val_loss: 0.2817 - val_mse: 0.2817 - val_mae: 0.4315 - 2s/epoch - 179ms/step
Epoch 81/10000

Epoch 81: val_loss did not improve from 0.28160
11/11 - 2s - loss: 0.2829 - mse: 0.2829 - mae: 0.4305 - val_loss: 0.2818 - val_mse: 0.2818 - val_mae: 0.4316 - 2s/epoch - 178ms/step
Epoch 82/10000

Epoch 82: val_loss did not improve from 0.28160
11/11 - 2s - loss: 0.2825 - mse: 0.2825 - mae: 0.4305 - val_loss: 0.2826 - val_mse: 0.2826 - val_mae: 0.4319 - 2s/epoch - 178ms/step
Epoch 83/10000

Epoch 83: val_loss did not improve from 0.28160
11/11 - 2s - loss: 0.2827 - mse: 0.2827 - mae: 0.4307 - val_loss: 0.2826 - val_mse: 0.2826 - val_mae: 0.4319 - 2s/epoch - 178ms/step
Epoch 84/10000

Epoch 84: val_loss did not improve from 0.28160
11/11 - 2s - loss: 0.2829 - mse: 0.2829 - mae: 0.4303 - val_loss: 0.2823 - val_mse: 0.2823 - val_mae: 0.4319 - 2s/epoch - 178ms/step
Epoch 85/10000

Epoch 85: val_loss did not improve from 0.28160
11/11 - 2s - loss: 0.2849 - mse: 0.2849 - mae: 0.4321 - val_loss: 0.2817 - val_mse: 0.2817 - val_mae: 0.4313 - 2s/epoch - 181ms/step
Epoch 86/10000

Epoch 86: val_loss improved from 0.28160 to 0.28120, saving model to ./results/NN_rms_regr/RNN/recursion_37/ckpt_1
11/11 - 3s - loss: 0.2829 - mse: 0.2829 - mae: 0.4306 - val_loss: 0.2812 - val_mse: 0.2812 - val_mae: 0.4309 - 3s/epoch - 261ms/step
Epoch 87/10000

Epoch 87: val_loss improved from 0.28120 to 0.28117, saving model to ./results/NN_rms_regr/RNN/recursion_37/ckpt_1
11/11 - 3s - loss: 0.2830 - mse: 0.2830 - mae: 0.4306 - val_loss: 0.2812 - val_mse: 0.2812 - val_mae: 0.4309 - 3s/epoch - 266ms/step
Epoch 88/10000

Epoch 88: val_loss did not improve from 0.28117
11/11 - 2s - loss: 0.2825 - mse: 0.2825 - mae: 0.4304 - val_loss: 0.2831 - val_mse: 0.2831 - val_mae: 0.4320 - 2s/epoch - 181ms/step
Epoch 89/10000

Epoch 89: val_loss improved from 0.28117 to 0.28112, saving model to ./results/NN_rms_regr/RNN/recursion_37/ckpt_1
11/11 - 3s - loss: 0.2829 - mse: 0.2829 - mae: 0.4305 - val_loss: 0.2811 - val_mse: 0.2811 - val_mae: 0.4308 - 3s/epoch - 254ms/step
Epoch 90/10000

Epoch 90: val_loss improved from 0.28112 to 0.28108, saving model to ./results/NN_rms_regr/RNN/recursion_37/ckpt_1
11/11 - 3s - loss: 0.2822 - mse: 0.2822 - mae: 0.4300 - val_loss: 0.2811 - val_mse: 0.2811 - val_mae: 0.4308 - 3s/epoch - 260ms/step
Epoch 91/10000

Epoch 91: val_loss did not improve from 0.28108
11/11 - 2s - loss: 0.2822 - mse: 0.2822 - mae: 0.4300 - val_loss: 0.2811 - val_mse: 0.2811 - val_mae: 0.4307 - 2s/epoch - 179ms/step
Epoch 92/10000

Epoch 92: val_loss did not improve from 0.28108
11/11 - 2s - loss: 0.2821 - mse: 0.2821 - mae: 0.4299 - val_loss: 0.2812 - val_mse: 0.2812 - val_mae: 0.4308 - 2s/epoch - 177ms/step
Epoch 93/10000

Epoch 93: val_loss improved from 0.28108 to 0.28103, saving model to ./results/NN_rms_regr/RNN/recursion_37/ckpt_1
11/11 - 3s - loss: 0.2823 - mse: 0.2823 - mae: 0.4298 - val_loss: 0.2810 - val_mse: 0.2810 - val_mae: 0.4307 - 3s/epoch - 260ms/step
Epoch 94/10000

Epoch 94: val_loss did not improve from 0.28103
11/11 - 2s - loss: 0.2822 - mse: 0.2822 - mae: 0.4300 - val_loss: 0.2811 - val_mse: 0.2811 - val_mae: 0.4308 - 2s/epoch - 179ms/step
Epoch 95/10000

Epoch 95: val_loss did not improve from 0.28103
11/11 - 2s - loss: 0.2852 - mse: 0.2852 - mae: 0.4324 - val_loss: 0.2928 - val_mse: 0.2928 - val_mae: 0.4382 - 2s/epoch - 179ms/step
Epoch 96/10000

Epoch 96: val_loss did not improve from 0.28103
11/11 - 2s - loss: 0.2857 - mse: 0.2857 - mae: 0.4320 - val_loss: 0.2853 - val_mse: 0.2853 - val_mae: 0.4341 - 2s/epoch - 179ms/step
Epoch 97/10000

Epoch 97: val_loss did not improve from 0.28103
11/11 - 2s - loss: 0.2835 - mse: 0.2835 - mae: 0.4307 - val_loss: 0.2825 - val_mse: 0.2825 - val_mae: 0.4314 - 2s/epoch - 178ms/step
Epoch 98/10000

Epoch 98: val_loss did not improve from 0.28103
11/11 - 2s - loss: 0.2824 - mse: 0.2824 - mae: 0.4298 - val_loss: 0.2814 - val_mse: 0.2814 - val_mae: 0.4309 - 2s/epoch - 179ms/step
Epoch 99/10000

Epoch 99: val_loss did not improve from 0.28103
11/11 - 2s - loss: 0.2826 - mse: 0.2826 - mae: 0.4302 - val_loss: 0.2816 - val_mse: 0.2816 - val_mae: 0.4308 - 2s/epoch - 180ms/step
Epoch 100/10000

Epoch 100: val_loss did not improve from 0.28103
11/11 - 2s - loss: 0.2828 - mse: 0.2828 - mae: 0.4305 - val_loss: 0.2814 - val_mse: 0.2814 - val_mae: 0.4307 - 2s/epoch - 179ms/step
Epoch 101/10000

Epoch 101: val_loss did not improve from 0.28103
11/11 - 2s - loss: 0.2832 - mse: 0.2832 - mae: 0.4308 - val_loss: 0.2811 - val_mse: 0.2811 - val_mae: 0.4304 - 2s/epoch - 179ms/step
Epoch 102/10000

Epoch 102: val_loss improved from 0.28103 to 0.28086, saving model to ./results/NN_rms_regr/RNN/recursion_37/ckpt_1
11/11 - 3s - loss: 0.2836 - mse: 0.2836 - mae: 0.4311 - val_loss: 0.2809 - val_mse: 0.2809 - val_mae: 0.4304 - 3s/epoch - 254ms/step
Epoch 103/10000

Epoch 103: val_loss did not improve from 0.28086
11/11 - 2s - loss: 0.2828 - mse: 0.2828 - mae: 0.4302 - val_loss: 0.2811 - val_mse: 0.2811 - val_mae: 0.4304 - 2s/epoch - 178ms/step
Epoch 104/10000

Epoch 104: val_loss did not improve from 0.28086
11/11 - 2s - loss: 0.2824 - mse: 0.2824 - mae: 0.4299 - val_loss: 0.2815 - val_mse: 0.2815 - val_mae: 0.4306 - 2s/epoch - 178ms/step
Epoch 105/10000

Epoch 105: val_loss did not improve from 0.28086
11/11 - 2s - loss: 0.2836 - mse: 0.2836 - mae: 0.4307 - val_loss: 0.2813 - val_mse: 0.2813 - val_mae: 0.4307 - 2s/epoch - 179ms/step
Epoch 106/10000

Epoch 106: val_loss did not improve from 0.28086
11/11 - 2s - loss: 0.2823 - mse: 0.2823 - mae: 0.4298 - val_loss: 0.2813 - val_mse: 0.2813 - val_mae: 0.4305 - 2s/epoch - 179ms/step
Epoch 107/10000

Epoch 107: val_loss did not improve from 0.28086
11/11 - 2s - loss: 0.2827 - mse: 0.2827 - mae: 0.4298 - val_loss: 0.2828 - val_mse: 0.2828 - val_mae: 0.4319 - 2s/epoch - 178ms/step
Epoch 108/10000

Epoch 108: val_loss did not improve from 0.28086
11/11 - 2s - loss: 0.2822 - mse: 0.2822 - mae: 0.4297 - val_loss: 0.2818 - val_mse: 0.2818 - val_mae: 0.4307 - 2s/epoch - 179ms/step
Epoch 109/10000

Epoch 109: val_loss did not improve from 0.28086
11/11 - 2s - loss: 0.2846 - mse: 0.2846 - mae: 0.4316 - val_loss: 0.2822 - val_mse: 0.2822 - val_mae: 0.4314 - 2s/epoch - 179ms/step
Epoch 110/10000

Epoch 110: val_loss did not improve from 0.28086
11/11 - 2s - loss: 0.2832 - mse: 0.2832 - mae: 0.4306 - val_loss: 0.2891 - val_mse: 0.2891 - val_mae: 0.4354 - 2s/epoch - 179ms/step
Epoch 111/10000

Epoch 111: val_loss did not improve from 0.28086
11/11 - 2s - loss: 0.2839 - mse: 0.2839 - mae: 0.4312 - val_loss: 0.2810 - val_mse: 0.2810 - val_mae: 0.4304 - 2s/epoch - 179ms/step
Epoch 112/10000

Epoch 112: val_loss did not improve from 0.28086
11/11 - 2s - loss: 0.2827 - mse: 0.2827 - mae: 0.4298 - val_loss: 0.2809 - val_mse: 0.2809 - val_mae: 0.4301 - 2s/epoch - 179ms/step
Epoch 113/10000

Epoch 113: val_loss improved from 0.28086 to 0.28059, saving model to ./results/NN_rms_regr/RNN/recursion_37/ckpt_1
11/11 - 3s - loss: 0.2817 - mse: 0.2817 - mae: 0.4292 - val_loss: 0.2806 - val_mse: 0.2806 - val_mae: 0.4300 - 3s/epoch - 259ms/step
Epoch 114/10000

Epoch 114: val_loss did not improve from 0.28059
11/11 - 2s - loss: 0.2817 - mse: 0.2817 - mae: 0.4292 - val_loss: 0.2810 - val_mse: 0.2810 - val_mae: 0.4301 - 2s/epoch - 178ms/step
Epoch 115/10000

Epoch 115: val_loss did not improve from 0.28059
11/11 - 2s - loss: 0.2820 - mse: 0.2820 - mae: 0.4291 - val_loss: 0.2810 - val_mse: 0.2810 - val_mae: 0.4303 - 2s/epoch - 178ms/step
Epoch 116/10000

Epoch 116: val_loss did not improve from 0.28059
11/11 - 2s - loss: 0.2820 - mse: 0.2820 - mae: 0.4294 - val_loss: 0.2811 - val_mse: 0.2811 - val_mae: 0.4301 - 2s/epoch - 178ms/step
Epoch 117/10000

Epoch 117: val_loss did not improve from 0.28059
11/11 - 2s - loss: 0.2823 - mse: 0.2823 - mae: 0.4294 - val_loss: 0.2826 - val_mse: 0.2826 - val_mae: 0.4315 - 2s/epoch - 179ms/step
Epoch 118/10000

Epoch 118: val_loss did not improve from 0.28059
11/11 - 2s - loss: 0.2826 - mse: 0.2826 - mae: 0.4299 - val_loss: 0.2818 - val_mse: 0.2818 - val_mae: 0.4305 - 2s/epoch - 179ms/step
Epoch 119/10000

Epoch 119: val_loss improved from 0.28059 to 0.28048, saving model to ./results/NN_rms_regr/RNN/recursion_37/ckpt_1
11/11 - 3s - loss: 0.2825 - mse: 0.2825 - mae: 0.4296 - val_loss: 0.2805 - val_mse: 0.2805 - val_mae: 0.4298 - 3s/epoch - 260ms/step
Epoch 120/10000

Epoch 120: val_loss did not improve from 0.28048
11/11 - 2s - loss: 0.2828 - mse: 0.2828 - mae: 0.4297 - val_loss: 0.2821 - val_mse: 0.2821 - val_mae: 0.4312 - 2s/epoch - 179ms/step
Epoch 121/10000

Epoch 121: val_loss did not improve from 0.28048
11/11 - 2s - loss: 0.2820 - mse: 0.2820 - mae: 0.4295 - val_loss: 0.2817 - val_mse: 0.2817 - val_mae: 0.4304 - 2s/epoch - 179ms/step
Epoch 122/10000

Epoch 122: val_loss did not improve from 0.28048
11/11 - 2s - loss: 0.2820 - mse: 0.2820 - mae: 0.4292 - val_loss: 0.2811 - val_mse: 0.2811 - val_mae: 0.4303 - 2s/epoch - 179ms/step
Epoch 123/10000

Epoch 123: val_loss did not improve from 0.28048
11/11 - 2s - loss: 0.2838 - mse: 0.2838 - mae: 0.4303 - val_loss: 0.2806 - val_mse: 0.2806 - val_mae: 0.4298 - 2s/epoch - 179ms/step
Epoch 124/10000

Epoch 124: val_loss did not improve from 0.28048
11/11 - 2s - loss: 0.2835 - mse: 0.2835 - mae: 0.4305 - val_loss: 0.2843 - val_mse: 0.2843 - val_mae: 0.4320 - 2s/epoch - 178ms/step
Epoch 125/10000

Epoch 125: val_loss did not improve from 0.28048
11/11 - 2s - loss: 0.2825 - mse: 0.2825 - mae: 0.4298 - val_loss: 0.2813 - val_mse: 0.2813 - val_mae: 0.4305 - 2s/epoch - 179ms/step
Epoch 126/10000

Epoch 126: val_loss did not improve from 0.28048
11/11 - 2s - loss: 0.2828 - mse: 0.2828 - mae: 0.4303 - val_loss: 0.2808 - val_mse: 0.2808 - val_mae: 0.4298 - 2s/epoch - 179ms/step
Epoch 127/10000

Epoch 127: val_loss did not improve from 0.28048
11/11 - 2s - loss: 0.2821 - mse: 0.2821 - mae: 0.4292 - val_loss: 0.2816 - val_mse: 0.2816 - val_mae: 0.4302 - 2s/epoch - 179ms/step
Epoch 128/10000

Epoch 128: val_loss did not improve from 0.28048
11/11 - 2s - loss: 0.2836 - mse: 0.2836 - mae: 0.4304 - val_loss: 0.2838 - val_mse: 0.2838 - val_mae: 0.4323 - 2s/epoch - 179ms/step
Epoch 129/10000

Epoch 129: val_loss did not improve from 0.28048
11/11 - 2s - loss: 0.2848 - mse: 0.2848 - mae: 0.4313 - val_loss: 0.2875 - val_mse: 0.2875 - val_mae: 0.4340 - 2s/epoch - 179ms/step
Epoch 130/10000

Epoch 130: val_loss did not improve from 0.28048
11/11 - 2s - loss: 0.2838 - mse: 0.2838 - mae: 0.4304 - val_loss: 0.2806 - val_mse: 0.2806 - val_mae: 0.4296 - 2s/epoch - 179ms/step
Epoch 131/10000

Epoch 131: val_loss did not improve from 0.28048
11/11 - 2s - loss: 0.2824 - mse: 0.2824 - mae: 0.4296 - val_loss: 0.2806 - val_mse: 0.2806 - val_mae: 0.4295 - 2s/epoch - 179ms/step
Epoch 132/10000

Epoch 132: val_loss did not improve from 0.28048
11/11 - 2s - loss: 0.2815 - mse: 0.2815 - mae: 0.4287 - val_loss: 0.2805 - val_mse: 0.2805 - val_mae: 0.4297 - 2s/epoch - 178ms/step
Epoch 133/10000

Epoch 133: val_loss did not improve from 0.28048
11/11 - 2s - loss: 0.2838 - mse: 0.2838 - mae: 0.4305 - val_loss: 0.2813 - val_mse: 0.2813 - val_mae: 0.4303 - 2s/epoch - 178ms/step
Epoch 134/10000

Epoch 134: val_loss did not improve from 0.28048
11/11 - 2s - loss: 0.2819 - mse: 0.2819 - mae: 0.4290 - val_loss: 0.2808 - val_mse: 0.2808 - val_mae: 0.4299 - 2s/epoch - 179ms/step
Epoch 135/10000

Epoch 135: val_loss did not improve from 0.28048
11/11 - 2s - loss: 0.2828 - mse: 0.2828 - mae: 0.4296 - val_loss: 0.2826 - val_mse: 0.2826 - val_mae: 0.4307 - 2s/epoch - 178ms/step
Epoch 136/10000

Epoch 136: val_loss improved from 0.28048 to 0.28024, saving model to ./results/NN_rms_regr/RNN/recursion_37/ckpt_1
11/11 - 3s - loss: 0.2819 - mse: 0.2819 - mae: 0.4291 - val_loss: 0.2802 - val_mse: 0.2802 - val_mae: 0.4293 - 3s/epoch - 261ms/step
Epoch 137/10000

Epoch 137: val_loss did not improve from 0.28024
11/11 - 2s - loss: 0.2817 - mse: 0.2817 - mae: 0.4286 - val_loss: 0.2803 - val_mse: 0.2803 - val_mae: 0.4294 - 2s/epoch - 179ms/step
Epoch 138/10000

Epoch 138: val_loss improved from 0.28024 to 0.28021, saving model to ./results/NN_rms_regr/RNN/recursion_37/ckpt_1
11/11 - 3s - loss: 0.2815 - mse: 0.2815 - mae: 0.4288 - val_loss: 0.2802 - val_mse: 0.2802 - val_mae: 0.4292 - 3s/epoch - 253ms/step
Epoch 139/10000

Epoch 139: val_loss did not improve from 0.28021
11/11 - 2s - loss: 0.2821 - mse: 0.2821 - mae: 0.4291 - val_loss: 0.2818 - val_mse: 0.2818 - val_mae: 0.4306 - 2s/epoch - 178ms/step
Epoch 140/10000

Epoch 140: val_loss did not improve from 0.28021
11/11 - 2s - loss: 0.2830 - mse: 0.2830 - mae: 0.4296 - val_loss: 0.2817 - val_mse: 0.2817 - val_mae: 0.4300 - 2s/epoch - 178ms/step
Epoch 141/10000

Epoch 141: val_loss did not improve from 0.28021
11/11 - 2s - loss: 0.2835 - mse: 0.2835 - mae: 0.4301 - val_loss: 0.2826 - val_mse: 0.2826 - val_mae: 0.4306 - 2s/epoch - 179ms/step
Epoch 142/10000

Epoch 142: val_loss did not improve from 0.28021
11/11 - 2s - loss: 0.2821 - mse: 0.2821 - mae: 0.4289 - val_loss: 0.2804 - val_mse: 0.2804 - val_mae: 0.4292 - 2s/epoch - 179ms/step
Epoch 143/10000

Epoch 143: val_loss improved from 0.28021 to 0.28017, saving model to ./results/NN_rms_regr/RNN/recursion_37/ckpt_1
11/11 - 3s - loss: 0.2820 - mse: 0.2820 - mae: 0.4290 - val_loss: 0.2802 - val_mse: 0.2802 - val_mae: 0.4291 - 3s/epoch - 260ms/step
Epoch 144/10000

Epoch 144: val_loss did not improve from 0.28017
11/11 - 2s - loss: 0.2833 - mse: 0.2833 - mae: 0.4298 - val_loss: 0.2814 - val_mse: 0.2814 - val_mae: 0.4302 - 2s/epoch - 179ms/step
Epoch 145/10000

Epoch 145: val_loss did not improve from 0.28017
11/11 - 2s - loss: 0.2824 - mse: 0.2824 - mae: 0.4292 - val_loss: 0.2815 - val_mse: 0.2815 - val_mae: 0.4303 - 2s/epoch - 179ms/step
Epoch 146/10000

Epoch 146: val_loss did not improve from 0.28017
11/11 - 2s - loss: 0.2817 - mse: 0.2817 - mae: 0.4287 - val_loss: 0.2802 - val_mse: 0.2802 - val_mae: 0.4292 - 2s/epoch - 179ms/step
Epoch 147/10000

Epoch 147: val_loss did not improve from 0.28017
11/11 - 2s - loss: 0.2814 - mse: 0.2814 - mae: 0.4283 - val_loss: 0.2807 - val_mse: 0.2807 - val_mae: 0.4293 - 2s/epoch - 178ms/step
Epoch 148/10000

Epoch 148: val_loss did not improve from 0.28017
11/11 - 2s - loss: 0.2814 - mse: 0.2814 - mae: 0.4285 - val_loss: 0.2803 - val_mse: 0.2803 - val_mae: 0.4293 - 2s/epoch - 178ms/step
Epoch 149/10000

Epoch 149: val_loss did not improve from 0.28017
11/11 - 2s - loss: 0.2820 - mse: 0.2820 - mae: 0.4289 - val_loss: 0.2808 - val_mse: 0.2808 - val_mae: 0.4293 - 2s/epoch - 179ms/step
Epoch 150/10000

Epoch 150: val_loss did not improve from 0.28017
11/11 - 2s - loss: 0.2815 - mse: 0.2815 - mae: 0.4285 - val_loss: 0.2805 - val_mse: 0.2805 - val_mae: 0.4294 - 2s/epoch - 178ms/step
Epoch 151/10000

Epoch 151: val_loss did not improve from 0.28017
11/11 - 2s - loss: 0.2823 - mse: 0.2823 - mae: 0.4294 - val_loss: 0.2811 - val_mse: 0.2811 - val_mae: 0.4295 - 2s/epoch - 179ms/step
Epoch 152/10000

Epoch 152: val_loss did not improve from 0.28017
11/11 - 2s - loss: 0.2829 - mse: 0.2829 - mae: 0.4295 - val_loss: 0.2818 - val_mse: 0.2818 - val_mae: 0.4299 - 2s/epoch - 178ms/step
Epoch 153/10000

Epoch 153: val_loss did not improve from 0.28017
11/11 - 2s - loss: 0.2819 - mse: 0.2819 - mae: 0.4287 - val_loss: 0.2803 - val_mse: 0.2803 - val_mae: 0.4290 - 2s/epoch - 178ms/step
Epoch 154/10000

Epoch 154: val_loss did not improve from 0.28017
11/11 - 2s - loss: 0.2816 - mse: 0.2816 - mae: 0.4285 - val_loss: 0.2814 - val_mse: 0.2814 - val_mae: 0.4296 - 2s/epoch - 180ms/step
Epoch 155/10000

Epoch 155: val_loss did not improve from 0.28017
11/11 - 2s - loss: 0.2821 - mse: 0.2821 - mae: 0.4292 - val_loss: 0.2810 - val_mse: 0.2810 - val_mae: 0.4298 - 2s/epoch - 178ms/step
Epoch 156/10000

Epoch 156: val_loss did not improve from 0.28017
11/11 - 2s - loss: 0.2832 - mse: 0.2832 - mae: 0.4295 - val_loss: 0.2851 - val_mse: 0.2851 - val_mae: 0.4330 - 2s/epoch - 179ms/step
Epoch 157/10000

Epoch 157: val_loss improved from 0.28017 to 0.28002, saving model to ./results/NN_rms_regr/RNN/recursion_37/ckpt_1
11/11 - 3s - loss: 0.2837 - mse: 0.2837 - mae: 0.4301 - val_loss: 0.2800 - val_mse: 0.2800 - val_mae: 0.4288 - 3s/epoch - 260ms/step
Epoch 158/10000

Epoch 158: val_loss did not improve from 0.28002
11/11 - 2s - loss: 0.2816 - mse: 0.2816 - mae: 0.4287 - val_loss: 0.2802 - val_mse: 0.2802 - val_mae: 0.4288 - 2s/epoch - 178ms/step
Epoch 159/10000

Epoch 159: val_loss did not improve from 0.28002
11/11 - 2s - loss: 0.2820 - mse: 0.2820 - mae: 0.4287 - val_loss: 0.2817 - val_mse: 0.2817 - val_mae: 0.4303 - 2s/epoch - 178ms/step
Epoch 160/10000

Epoch 160: val_loss did not improve from 0.28002
11/11 - 2s - loss: 0.2830 - mse: 0.2830 - mae: 0.4289 - val_loss: 0.2804 - val_mse: 0.2804 - val_mae: 0.4292 - 2s/epoch - 179ms/step
Epoch 161/10000

Epoch 161: val_loss did not improve from 0.28002
11/11 - 2s - loss: 0.2818 - mse: 0.2818 - mae: 0.4288 - val_loss: 0.2812 - val_mse: 0.2812 - val_mae: 0.4294 - 2s/epoch - 179ms/step
Epoch 162/10000

Epoch 162: val_loss did not improve from 0.28002
11/11 - 2s - loss: 0.2825 - mse: 0.2825 - mae: 0.4293 - val_loss: 0.2802 - val_mse: 0.2802 - val_mae: 0.4288 - 2s/epoch - 179ms/step
Epoch 163/10000

Epoch 163: val_loss did not improve from 0.28002
11/11 - 2s - loss: 0.2821 - mse: 0.2821 - mae: 0.4288 - val_loss: 0.2807 - val_mse: 0.2807 - val_mae: 0.4290 - 2s/epoch - 179ms/step
Epoch 164/10000

Epoch 164: val_loss did not improve from 0.28002
11/11 - 2s - loss: 0.2811 - mse: 0.2811 - mae: 0.4276 - val_loss: 0.2813 - val_mse: 0.2813 - val_mae: 0.4294 - 2s/epoch - 178ms/step
Epoch 165/10000

Epoch 165: val_loss did not improve from 0.28002
11/11 - 2s - loss: 0.2828 - mse: 0.2828 - mae: 0.4293 - val_loss: 0.2870 - val_mse: 0.2870 - val_mae: 0.4331 - 2s/epoch - 179ms/step
Epoch 166/10000

Epoch 166: val_loss did not improve from 0.28002
11/11 - 2s - loss: 0.2864 - mse: 0.2864 - mae: 0.4311 - val_loss: 0.2819 - val_mse: 0.2819 - val_mae: 0.4304 - 2s/epoch - 178ms/step
Epoch 167/10000

Epoch 167: val_loss did not improve from 0.28002
11/11 - 2s - loss: 0.2833 - mse: 0.2833 - mae: 0.4295 - val_loss: 0.2829 - val_mse: 0.2829 - val_mae: 0.4312 - 2s/epoch - 178ms/step
Epoch 168/10000

Epoch 168: val_loss improved from 0.28002 to 0.27995, saving model to ./results/NN_rms_regr/RNN/recursion_37/ckpt_1
11/11 - 3s - loss: 0.2842 - mse: 0.2842 - mae: 0.4301 - val_loss: 0.2799 - val_mse: 0.2799 - val_mae: 0.4286 - 3s/epoch - 261ms/step
Epoch 169/10000

Epoch 169: val_loss did not improve from 0.27995
11/11 - 2s - loss: 0.2813 - mse: 0.2813 - mae: 0.4279 - val_loss: 0.2818 - val_mse: 0.2818 - val_mae: 0.4296 - 2s/epoch - 179ms/step
Epoch 170/10000

Epoch 170: val_loss did not improve from 0.27995
11/11 - 2s - loss: 0.2840 - mse: 0.2840 - mae: 0.4301 - val_loss: 0.2801 - val_mse: 0.2801 - val_mae: 0.4287 - 2s/epoch - 178ms/step
Epoch 171/10000

Epoch 171: val_loss did not improve from 0.27995
11/11 - 2s - loss: 0.2813 - mse: 0.2813 - mae: 0.4283 - val_loss: 0.2812 - val_mse: 0.2812 - val_mae: 0.4293 - 2s/epoch - 178ms/step
Epoch 172/10000

Epoch 172: val_loss did not improve from 0.27995
11/11 - 2s - loss: 0.2832 - mse: 0.2832 - mae: 0.4298 - val_loss: 0.2848 - val_mse: 0.2848 - val_mae: 0.4316 - 2s/epoch - 179ms/step
Epoch 173/10000

Epoch 173: val_loss did not improve from 0.27995
11/11 - 2s - loss: 0.2820 - mse: 0.2820 - mae: 0.4286 - val_loss: 0.2811 - val_mse: 0.2811 - val_mae: 0.4292 - 2s/epoch - 178ms/step
Epoch 174/10000

Epoch 174: val_loss did not improve from 0.27995
11/11 - 2s - loss: 0.2823 - mse: 0.2823 - mae: 0.4287 - val_loss: 0.2867 - val_mse: 0.2867 - val_mae: 0.4328 - 2s/epoch - 179ms/step
Epoch 175/10000

Epoch 175: val_loss did not improve from 0.27995
11/11 - 2s - loss: 0.2846 - mse: 0.2846 - mae: 0.4302 - val_loss: 0.2845 - val_mse: 0.2845 - val_mae: 0.4313 - 2s/epoch - 179ms/step
Epoch 176/10000

Epoch 176: val_loss did not improve from 0.27995
11/11 - 2s - loss: 0.2817 - mse: 0.2817 - mae: 0.4284 - val_loss: 0.2801 - val_mse: 0.2801 - val_mae: 0.4286 - 2s/epoch - 178ms/step
Epoch 177/10000

Epoch 177: val_loss did not improve from 0.27995
11/11 - 2s - loss: 0.2822 - mse: 0.2822 - mae: 0.4284 - val_loss: 0.2802 - val_mse: 0.2802 - val_mae: 0.4286 - 2s/epoch - 180ms/step
Epoch 178/10000

Epoch 178: val_loss improved from 0.27995 to 0.27993, saving model to ./results/NN_rms_regr/RNN/recursion_37/ckpt_1
11/11 - 3s - loss: 0.2814 - mse: 0.2814 - mae: 0.4280 - val_loss: 0.2799 - val_mse: 0.2799 - val_mae: 0.4285 - 3s/epoch - 255ms/step
Epoch 179/10000

Epoch 179: val_loss did not improve from 0.27993
11/11 - 2s - loss: 0.2812 - mse: 0.2812 - mae: 0.4280 - val_loss: 0.2799 - val_mse: 0.2799 - val_mae: 0.4284 - 2s/epoch - 179ms/step
Epoch 180/10000

Epoch 180: val_loss did not improve from 0.27993
11/11 - 2s - loss: 0.2813 - mse: 0.2813 - mae: 0.4279 - val_loss: 0.2800 - val_mse: 0.2800 - val_mae: 0.4286 - 2s/epoch - 178ms/step
Epoch 181/10000

Epoch 181: val_loss did not improve from 0.27993
11/11 - 2s - loss: 0.2809 - mse: 0.2809 - mae: 0.4277 - val_loss: 0.2802 - val_mse: 0.2802 - val_mae: 0.4288 - 2s/epoch - 178ms/step
Epoch 182/10000

Epoch 182: val_loss improved from 0.27993 to 0.27988, saving model to ./results/NN_rms_regr/RNN/recursion_37/ckpt_1
11/11 - 3s - loss: 0.2826 - mse: 0.2826 - mae: 0.4290 - val_loss: 0.2799 - val_mse: 0.2799 - val_mae: 0.4284 - 3s/epoch - 260ms/step
Epoch 183/10000

Epoch 183: val_loss improved from 0.27988 to 0.27987, saving model to ./results/NN_rms_regr/RNN/recursion_37/ckpt_1
11/11 - 3s - loss: 0.2817 - mse: 0.2817 - mae: 0.4281 - val_loss: 0.2799 - val_mse: 0.2799 - val_mae: 0.4284 - 3s/epoch - 261ms/step
Epoch 184/10000

Epoch 184: val_loss did not improve from 0.27987
11/11 - 2s - loss: 0.2816 - mse: 0.2816 - mae: 0.4282 - val_loss: 0.2841 - val_mse: 0.2841 - val_mae: 0.4310 - 2s/epoch - 178ms/step
Epoch 185/10000

Epoch 185: val_loss improved from 0.27987 to 0.27985, saving model to ./results/NN_rms_regr/RNN/recursion_37/ckpt_1
11/11 - 3s - loss: 0.2826 - mse: 0.2826 - mae: 0.4289 - val_loss: 0.2799 - val_mse: 0.2799 - val_mae: 0.4283 - 3s/epoch - 255ms/step
Epoch 186/10000

Epoch 186: val_loss did not improve from 0.27985
11/11 - 2s - loss: 0.2824 - mse: 0.2824 - mae: 0.4290 - val_loss: 0.2799 - val_mse: 0.2799 - val_mae: 0.4283 - 2s/epoch - 179ms/step
Epoch 187/10000

Epoch 187: val_loss did not improve from 0.27985
11/11 - 2s - loss: 0.2822 - mse: 0.2822 - mae: 0.4290 - val_loss: 0.2814 - val_mse: 0.2814 - val_mae: 0.4299 - 2s/epoch - 178ms/step
Epoch 188/10000

Epoch 188: val_loss did not improve from 0.27985
11/11 - 2s - loss: 0.2842 - mse: 0.2842 - mae: 0.4307 - val_loss: 0.2852 - val_mse: 0.2852 - val_mae: 0.4327 - 2s/epoch - 178ms/step
Epoch 189/10000

Epoch 189: val_loss did not improve from 0.27985
11/11 - 2s - loss: 0.2821 - mse: 0.2821 - mae: 0.4287 - val_loss: 0.2818 - val_mse: 0.2818 - val_mae: 0.4294 - 2s/epoch - 178ms/step
Epoch 190/10000

Epoch 190: val_loss did not improve from 0.27985
11/11 - 2s - loss: 0.2824 - mse: 0.2824 - mae: 0.4283 - val_loss: 0.2814 - val_mse: 0.2814 - val_mae: 0.4291 - 2s/epoch - 178ms/step
Epoch 191/10000

Epoch 191: val_loss did not improve from 0.27985
11/11 - 2s - loss: 0.2835 - mse: 0.2835 - mae: 0.4290 - val_loss: 0.2918 - val_mse: 0.2918 - val_mae: 0.4360 - 2s/epoch - 179ms/step
Epoch 192/10000

Epoch 192: val_loss did not improve from 0.27985
11/11 - 2s - loss: 0.2847 - mse: 0.2847 - mae: 0.4308 - val_loss: 0.2921 - val_mse: 0.2921 - val_mae: 0.4362 - 2s/epoch - 178ms/step
Epoch 193/10000

Epoch 193: val_loss did not improve from 0.27985
11/11 - 2s - loss: 0.2845 - mse: 0.2845 - mae: 0.4304 - val_loss: 0.2865 - val_mse: 0.2865 - val_mae: 0.4325 - 2s/epoch - 179ms/step
Epoch 194/10000

Epoch 194: val_loss did not improve from 0.27985
11/11 - 2s - loss: 0.2882 - mse: 0.2882 - mae: 0.4332 - val_loss: 0.2979 - val_mse: 0.2979 - val_mae: 0.4401 - 2s/epoch - 178ms/step
Epoch 195/10000

Epoch 195: val_loss did not improve from 0.27985
11/11 - 2s - loss: 0.2915 - mse: 0.2915 - mae: 0.4351 - val_loss: 0.2913 - val_mse: 0.2913 - val_mae: 0.4357 - 2s/epoch - 178ms/step
Epoch 196/10000

Epoch 196: val_loss did not improve from 0.27985
11/11 - 2s - loss: 0.2867 - mse: 0.2867 - mae: 0.4324 - val_loss: 0.2872 - val_mse: 0.2872 - val_mae: 0.4329 - 2s/epoch - 178ms/step
Epoch 197/10000

Epoch 197: val_loss did not improve from 0.27985
11/11 - 2s - loss: 0.2818 - mse: 0.2818 - mae: 0.4283 - val_loss: 0.2805 - val_mse: 0.2805 - val_mae: 0.4286 - 2s/epoch - 178ms/step
Epoch 198/10000

Epoch 198: val_loss did not improve from 0.27985
11/11 - 2s - loss: 0.2815 - mse: 0.2815 - mae: 0.4278 - val_loss: 0.2822 - val_mse: 0.2822 - val_mae: 0.4297 - 2s/epoch - 178ms/step
Epoch 199/10000

Epoch 199: val_loss did not improve from 0.27985
11/11 - 2s - loss: 0.2816 - mse: 0.2816 - mae: 0.4281 - val_loss: 0.2800 - val_mse: 0.2800 - val_mae: 0.4283 - 2s/epoch - 179ms/step
Epoch 200/10000

Epoch 200: val_loss did not improve from 0.27985
11/11 - 2s - loss: 0.2822 - mse: 0.2822 - mae: 0.4285 - val_loss: 0.2844 - val_mse: 0.2844 - val_mae: 0.4311 - 2s/epoch - 179ms/step
Epoch 201/10000

Epoch 201: val_loss did not improve from 0.27985
11/11 - 2s - loss: 0.2828 - mse: 0.2828 - mae: 0.4290 - val_loss: 0.2868 - val_mse: 0.2868 - val_mae: 0.4327 - 2s/epoch - 178ms/step
Epoch 202/10000

Epoch 202: val_loss did not improve from 0.27985
11/11 - 2s - loss: 0.2841 - mse: 0.2841 - mae: 0.4302 - val_loss: 0.2817 - val_mse: 0.2817 - val_mae: 0.4293 - 2s/epoch - 178ms/step
Epoch 203/10000

Epoch 203: val_loss did not improve from 0.27985
11/11 - 2s - loss: 0.2821 - mse: 0.2821 - mae: 0.4285 - val_loss: 0.2823 - val_mse: 0.2823 - val_mae: 0.4296 - 2s/epoch - 179ms/step
Epoch 204/10000

Epoch 204: val_loss did not improve from 0.27985
11/11 - 2s - loss: 0.2816 - mse: 0.2816 - mae: 0.4282 - val_loss: 0.2799 - val_mse: 0.2799 - val_mae: 0.4283 - 2s/epoch - 178ms/step
Epoch 205/10000

Epoch 205: val_loss did not improve from 0.27985
11/11 - 2s - loss: 0.2815 - mse: 0.2815 - mae: 0.4279 - val_loss: 0.2816 - val_mse: 0.2816 - val_mae: 0.4291 - 2s/epoch - 177ms/step
Epoch 206/10000

Epoch 206: val_loss did not improve from 0.27985
11/11 - 2s - loss: 0.2837 - mse: 0.2837 - mae: 0.4292 - val_loss: 0.2828 - val_mse: 0.2828 - val_mae: 0.4299 - 2s/epoch - 179ms/step
Epoch 207/10000

Epoch 207: val_loss did not improve from 0.27985
11/11 - 2s - loss: 0.2812 - mse: 0.2812 - mae: 0.4277 - val_loss: 0.2822 - val_mse: 0.2822 - val_mae: 0.4302 - 2s/epoch - 177ms/step
Epoch 208/10000

Epoch 208: val_loss did not improve from 0.27985
11/11 - 2s - loss: 0.2828 - mse: 0.2828 - mae: 0.4288 - val_loss: 0.2849 - val_mse: 0.2849 - val_mae: 0.4323 - 2s/epoch - 178ms/step
Epoch 209/10000

Epoch 209: val_loss did not improve from 0.27985
11/11 - 2s - loss: 0.2846 - mse: 0.2846 - mae: 0.4299 - val_loss: 0.2908 - val_mse: 0.2908 - val_mae: 0.4367 - 2s/epoch - 177ms/step
Epoch 210/10000

Epoch 210: val_loss improved from 0.27985 to 0.27978, saving model to ./results/NN_rms_regr/RNN/recursion_37/ckpt_1
11/11 - 3s - loss: 0.2877 - mse: 0.2877 - mae: 0.4324 - val_loss: 0.2798 - val_mse: 0.2798 - val_mae: 0.4281 - 3s/epoch - 259ms/step
Epoch 211/10000

Epoch 211: val_loss did not improve from 0.27978
11/11 - 2s - loss: 0.2887 - mse: 0.2887 - mae: 0.4328 - val_loss: 0.2798 - val_mse: 0.2798 - val_mae: 0.4281 - 2s/epoch - 179ms/step
Epoch 212/10000

Epoch 212: val_loss did not improve from 0.27978
11/11 - 2s - loss: 0.2832 - mse: 0.2832 - mae: 0.4291 - val_loss: 0.2798 - val_mse: 0.2798 - val_mae: 0.4282 - 2s/epoch - 178ms/step
Epoch 213/10000

Epoch 213: val_loss did not improve from 0.27978
11/11 - 2s - loss: 0.2824 - mse: 0.2824 - mae: 0.4285 - val_loss: 0.2814 - val_mse: 0.2814 - val_mae: 0.4289 - 2s/epoch - 179ms/step
Epoch 214/10000

Epoch 214: val_loss did not improve from 0.27978
11/11 - 2s - loss: 0.2813 - mse: 0.2813 - mae: 0.4277 - val_loss: 0.2804 - val_mse: 0.2804 - val_mae: 0.4288 - 2s/epoch - 178ms/step
Epoch 215/10000

Epoch 215: val_loss did not improve from 0.27978
11/11 - 2s - loss: 0.2819 - mse: 0.2819 - mae: 0.4286 - val_loss: 0.2799 - val_mse: 0.2799 - val_mae: 0.4282 - 2s/epoch - 178ms/step
Epoch 216/10000

Epoch 216: val_loss did not improve from 0.27978
11/11 - 2s - loss: 0.2809 - mse: 0.2809 - mae: 0.4274 - val_loss: 0.2819 - val_mse: 0.2819 - val_mae: 0.4293 - 2s/epoch - 178ms/step
Epoch 217/10000

Epoch 217: val_loss did not improve from 0.27978
11/11 - 2s - loss: 0.2828 - mse: 0.2828 - mae: 0.4285 - val_loss: 0.2849 - val_mse: 0.2849 - val_mae: 0.4312 - 2s/epoch - 178ms/step
Epoch 218/10000

Epoch 218: val_loss did not improve from 0.27978
11/11 - 2s - loss: 0.2832 - mse: 0.2832 - mae: 0.4291 - val_loss: 0.2804 - val_mse: 0.2804 - val_mae: 0.4283 - 2s/epoch - 178ms/step
Epoch 219/10000

Epoch 219: val_loss did not improve from 0.27978
11/11 - 2s - loss: 0.2821 - mse: 0.2821 - mae: 0.4280 - val_loss: 0.2800 - val_mse: 0.2800 - val_mae: 0.4281 - 2s/epoch - 178ms/step
Epoch 220/10000

Epoch 220: val_loss did not improve from 0.27978
11/11 - 2s - loss: 0.2810 - mse: 0.2810 - mae: 0.4276 - val_loss: 0.2816 - val_mse: 0.2816 - val_mae: 0.4290 - 2s/epoch - 178ms/step
Epoch 221/10000

Epoch 221: val_loss did not improve from 0.27978
11/11 - 2s - loss: 0.2816 - mse: 0.2816 - mae: 0.4280 - val_loss: 0.2799 - val_mse: 0.2799 - val_mae: 0.4280 - 2s/epoch - 178ms/step
Epoch 222/10000

Epoch 222: val_loss did not improve from 0.27978
11/11 - 2s - loss: 0.2822 - mse: 0.2822 - mae: 0.4289 - val_loss: 0.2854 - val_mse: 0.2854 - val_mae: 0.4315 - 2s/epoch - 179ms/step
Epoch 223/10000

Epoch 223: val_loss did not improve from 0.27978
11/11 - 2s - loss: 0.2824 - mse: 0.2824 - mae: 0.4288 - val_loss: 0.2806 - val_mse: 0.2806 - val_mae: 0.4283 - 2s/epoch - 178ms/step
Epoch 224/10000

Epoch 224: val_loss did not improve from 0.27978
11/11 - 2s - loss: 0.2873 - mse: 0.2873 - mae: 0.4318 - val_loss: 0.2811 - val_mse: 0.2811 - val_mae: 0.4287 - 2s/epoch - 178ms/step
Epoch 225/10000

Epoch 225: val_loss did not improve from 0.27978
11/11 - 2s - loss: 0.2860 - mse: 0.2860 - mae: 0.4311 - val_loss: 0.2843 - val_mse: 0.2843 - val_mae: 0.4318 - 2s/epoch - 177ms/step
Epoch 226/10000

Epoch 226: val_loss did not improve from 0.27978
11/11 - 2s - loss: 0.2844 - mse: 0.2844 - mae: 0.4300 - val_loss: 0.2865 - val_mse: 0.2865 - val_mae: 0.4335 - 2s/epoch - 178ms/step
Epoch 227/10000

Epoch 227: val_loss did not improve from 0.27978
11/11 - 2s - loss: 0.2845 - mse: 0.2845 - mae: 0.4298 - val_loss: 0.2933 - val_mse: 0.2933 - val_mae: 0.4385 - 2s/epoch - 178ms/step
Epoch 228/10000

Epoch 228: val_loss did not improve from 0.27978
11/11 - 2s - loss: 0.2858 - mse: 0.2858 - mae: 0.4304 - val_loss: 0.2799 - val_mse: 0.2799 - val_mae: 0.4281 - 2s/epoch - 178ms/step
Epoch 229/10000

Epoch 229: val_loss did not improve from 0.27978
11/11 - 2s - loss: 0.2812 - mse: 0.2812 - mae: 0.4274 - val_loss: 0.2798 - val_mse: 0.2798 - val_mae: 0.4281 - 2s/epoch - 178ms/step
Epoch 230/10000

Epoch 230: val_loss did not improve from 0.27978
11/11 - 2s - loss: 0.2810 - mse: 0.2810 - mae: 0.4277 - val_loss: 0.2808 - val_mse: 0.2808 - val_mae: 0.4285 - 2s/epoch - 178ms/step
Epoch 231/10000

Epoch 231: val_loss did not improve from 0.27978
11/11 - 2s - loss: 0.2820 - mse: 0.2820 - mae: 0.4280 - val_loss: 0.2809 - val_mse: 0.2809 - val_mae: 0.4290 - 2s/epoch - 178ms/step
Epoch 232/10000

Epoch 232: val_loss did not improve from 0.27978
11/11 - 2s - loss: 0.2821 - mse: 0.2821 - mae: 0.4284 - val_loss: 0.2820 - val_mse: 0.2820 - val_mae: 0.4292 - 2s/epoch - 180ms/step
Epoch 233/10000

Epoch 233: val_loss did not improve from 0.27978
11/11 - 2s - loss: 0.2831 - mse: 0.2831 - mae: 0.4290 - val_loss: 0.2816 - val_mse: 0.2816 - val_mae: 0.4289 - 2s/epoch - 178ms/step
Epoch 234/10000

Epoch 234: val_loss did not improve from 0.27978
11/11 - 2s - loss: 0.2805 - mse: 0.2805 - mae: 0.4269 - val_loss: 0.2856 - val_mse: 0.2856 - val_mae: 0.4327 - 2s/epoch - 178ms/step
Epoch 235/10000

Epoch 235: val_loss improved from 0.27978 to 0.27974, saving model to ./results/NN_rms_regr/RNN/recursion_37/ckpt_1
11/11 - 3s - loss: 0.2814 - mse: 0.2814 - mae: 0.4278 - val_loss: 0.2797 - val_mse: 0.2797 - val_mae: 0.4279 - 3s/epoch - 260ms/step
Epoch 236/10000

Epoch 236: val_loss did not improve from 0.27974
11/11 - 2s - loss: 0.2816 - mse: 0.2816 - mae: 0.4277 - val_loss: 0.2802 - val_mse: 0.2802 - val_mae: 0.4283 - 2s/epoch - 179ms/step
Epoch 237/10000

Epoch 237: val_loss did not improve from 0.27974
11/11 - 2s - loss: 0.2813 - mse: 0.2813 - mae: 0.4278 - val_loss: 0.2802 - val_mse: 0.2802 - val_mae: 0.4283 - 2s/epoch - 179ms/step
Epoch 238/10000

Epoch 238: val_loss did not improve from 0.27974
11/11 - 2s - loss: 0.2807 - mse: 0.2807 - mae: 0.4268 - val_loss: 0.2811 - val_mse: 0.2811 - val_mae: 0.4285 - 2s/epoch - 178ms/step
Epoch 239/10000

Epoch 239: val_loss did not improve from 0.27974
11/11 - 2s - loss: 0.2816 - mse: 0.2816 - mae: 0.4277 - val_loss: 0.2798 - val_mse: 0.2798 - val_mae: 0.4278 - 2s/epoch - 178ms/step
Epoch 240/10000

Epoch 240: val_loss did not improve from 0.27974
11/11 - 2s - loss: 0.2821 - mse: 0.2821 - mae: 0.4280 - val_loss: 0.2806 - val_mse: 0.2806 - val_mae: 0.4282 - 2s/epoch - 178ms/step
Epoch 241/10000

Epoch 241: val_loss did not improve from 0.27974
11/11 - 2s - loss: 0.2824 - mse: 0.2824 - mae: 0.4282 - val_loss: 0.2814 - val_mse: 0.2814 - val_mae: 0.4287 - 2s/epoch - 178ms/step
Epoch 242/10000

Epoch 242: val_loss did not improve from 0.27974
11/11 - 2s - loss: 0.2862 - mse: 0.2862 - mae: 0.4311 - val_loss: 0.2874 - val_mse: 0.2874 - val_mae: 0.4341 - 2s/epoch - 178ms/step
Epoch 243/10000

Epoch 243: val_loss did not improve from 0.27974
11/11 - 2s - loss: 0.2832 - mse: 0.2832 - mae: 0.4286 - val_loss: 0.2799 - val_mse: 0.2799 - val_mae: 0.4279 - 2s/epoch - 179ms/step
Epoch 244/10000

Epoch 244: val_loss did not improve from 0.27974
11/11 - 2s - loss: 0.2815 - mse: 0.2815 - mae: 0.4278 - val_loss: 0.2834 - val_mse: 0.2834 - val_mae: 0.4301 - 2s/epoch - 178ms/step
Epoch 245/10000

Epoch 245: val_loss did not improve from 0.27974
11/11 - 2s - loss: 0.2877 - mse: 0.2877 - mae: 0.4320 - val_loss: 0.2798 - val_mse: 0.2798 - val_mae: 0.4279 - 2s/epoch - 178ms/step
Epoch 246/10000

Epoch 246: val_loss did not improve from 0.27974
11/11 - 2s - loss: 0.2856 - mse: 0.2856 - mae: 0.4312 - val_loss: 0.2881 - val_mse: 0.2881 - val_mae: 0.4346 - 2s/epoch - 178ms/step
Epoch 247/10000

Epoch 247: val_loss did not improve from 0.27974
11/11 - 2s - loss: 0.2860 - mse: 0.2860 - mae: 0.4310 - val_loss: 0.2814 - val_mse: 0.2814 - val_mae: 0.4293 - 2s/epoch - 179ms/step
Epoch 248/10000

Epoch 248: val_loss improved from 0.27974 to 0.27974, saving model to ./results/NN_rms_regr/RNN/recursion_37/ckpt_1
11/11 - 3s - loss: 0.2871 - mse: 0.2871 - mae: 0.4322 - val_loss: 0.2797 - val_mse: 0.2797 - val_mae: 0.4278 - 3s/epoch - 254ms/step
Epoch 249/10000

Epoch 249: val_loss did not improve from 0.27974
11/11 - 2s - loss: 0.2824 - mse: 0.2824 - mae: 0.4285 - val_loss: 0.2820 - val_mse: 0.2820 - val_mae: 0.4291 - 2s/epoch - 178ms/step
Epoch 250/10000

Epoch 250: val_loss did not improve from 0.27974
11/11 - 2s - loss: 0.2831 - mse: 0.2831 - mae: 0.4288 - val_loss: 0.2798 - val_mse: 0.2798 - val_mae: 0.4278 - 2s/epoch - 179ms/step
Epoch 251/10000

Epoch 251: val_loss did not improve from 0.27974
11/11 - 2s - loss: 0.2820 - mse: 0.2820 - mae: 0.4280 - val_loss: 0.2832 - val_mse: 0.2832 - val_mae: 0.4307 - 2s/epoch - 179ms/step
Epoch 252/10000

Epoch 252: val_loss did not improve from 0.27974
11/11 - 2s - loss: 0.2820 - mse: 0.2820 - mae: 0.4281 - val_loss: 0.2799 - val_mse: 0.2799 - val_mae: 0.4280 - 2s/epoch - 177ms/step
Epoch 253/10000

Epoch 253: val_loss did not improve from 0.27974
11/11 - 2s - loss: 0.2814 - mse: 0.2814 - mae: 0.4275 - val_loss: 0.2820 - val_mse: 0.2820 - val_mae: 0.4298 - 2s/epoch - 179ms/step
Epoch 254/10000

Epoch 254: val_loss did not improve from 0.27974
11/11 - 2s - loss: 0.2820 - mse: 0.2820 - mae: 0.4280 - val_loss: 0.2798 - val_mse: 0.2798 - val_mae: 0.4279 - 2s/epoch - 178ms/step
Epoch 255/10000

Epoch 255: val_loss did not improve from 0.27974
11/11 - 2s - loss: 0.2827 - mse: 0.2827 - mae: 0.4283 - val_loss: 0.2821 - val_mse: 0.2821 - val_mae: 0.4299 - 2s/epoch - 179ms/step
Epoch 256/10000

Epoch 256: val_loss did not improve from 0.27974
11/11 - 2s - loss: 0.2842 - mse: 0.2842 - mae: 0.4293 - val_loss: 0.2847 - val_mse: 0.2847 - val_mae: 0.4308 - 2s/epoch - 178ms/step
Epoch 257/10000

Epoch 257: val_loss did not improve from 0.27974
11/11 - 2s - loss: 0.2846 - mse: 0.2846 - mae: 0.4303 - val_loss: 0.2814 - val_mse: 0.2814 - val_mae: 0.4287 - 2s/epoch - 179ms/step
Epoch 258/10000

Epoch 258: val_loss did not improve from 0.27974
11/11 - 2s - loss: 0.2819 - mse: 0.2819 - mae: 0.4282 - val_loss: 0.2817 - val_mse: 0.2817 - val_mae: 0.4289 - 2s/epoch - 179ms/step
Epoch 259/10000

Epoch 259: val_loss did not improve from 0.27974
11/11 - 2s - loss: 0.2821 - mse: 0.2821 - mae: 0.4282 - val_loss: 0.2798 - val_mse: 0.2798 - val_mae: 0.4277 - 2s/epoch - 179ms/step
Epoch 260/10000

Epoch 260: val_loss did not improve from 0.27974
11/11 - 2s - loss: 0.2812 - mse: 0.2812 - mae: 0.4272 - val_loss: 0.2802 - val_mse: 0.2802 - val_mae: 0.4279 - 2s/epoch - 178ms/step
Epoch 261/10000

Epoch 261: val_loss did not improve from 0.27974
11/11 - 2s - loss: 0.2824 - mse: 0.2824 - mae: 0.4281 - val_loss: 0.2853 - val_mse: 0.2853 - val_mae: 0.4323 - 2s/epoch - 178ms/step
Epoch 262/10000

Epoch 262: val_loss did not improve from 0.27974
11/11 - 2s - loss: 0.2863 - mse: 0.2863 - mae: 0.4308 - val_loss: 0.2839 - val_mse: 0.2839 - val_mae: 0.4313 - 2s/epoch - 179ms/step
Epoch 263/10000

Epoch 263: val_loss did not improve from 0.27974
11/11 - 2s - loss: 0.2814 - mse: 0.2814 - mae: 0.4274 - val_loss: 0.2807 - val_mse: 0.2807 - val_mae: 0.4282 - 2s/epoch - 179ms/step
Epoch 264/10000

Epoch 264: val_loss did not improve from 0.27974
11/11 - 2s - loss: 0.2809 - mse: 0.2809 - mae: 0.4271 - val_loss: 0.2802 - val_mse: 0.2802 - val_mae: 0.4279 - 2s/epoch - 179ms/step
Epoch 265/10000

Epoch 265: val_loss did not improve from 0.27974
11/11 - 2s - loss: 0.2811 - mse: 0.2811 - mae: 0.4271 - val_loss: 0.2811 - val_mse: 0.2811 - val_mae: 0.4284 - 2s/epoch - 177ms/step
Epoch 266/10000

Epoch 266: val_loss did not improve from 0.27974
11/11 - 2s - loss: 0.2832 - mse: 0.2832 - mae: 0.4286 - val_loss: 0.2918 - val_mse: 0.2918 - val_mae: 0.4356 - 2s/epoch - 178ms/step
Epoch 267/10000

Epoch 267: val_loss did not improve from 0.27974
11/11 - 2s - loss: 0.2845 - mse: 0.2845 - mae: 0.4296 - val_loss: 0.2827 - val_mse: 0.2827 - val_mae: 0.4295 - 2s/epoch - 178ms/step
Epoch 268/10000

Epoch 268: val_loss did not improve from 0.27974
11/11 - 2s - loss: 0.2814 - mse: 0.2814 - mae: 0.4276 - val_loss: 0.2816 - val_mse: 0.2816 - val_mae: 0.4287 - 2s/epoch - 177ms/step
Epoch 269/10000

Epoch 269: val_loss did not improve from 0.27974
11/11 - 2s - loss: 0.2814 - mse: 0.2814 - mae: 0.4277 - val_loss: 0.2805 - val_mse: 0.2805 - val_mae: 0.4281 - 2s/epoch - 179ms/step
Epoch 270/10000

Epoch 270: val_loss did not improve from 0.27974
11/11 - 2s - loss: 0.2812 - mse: 0.2812 - mae: 0.4274 - val_loss: 0.2808 - val_mse: 0.2808 - val_mae: 0.4282 - 2s/epoch - 179ms/step
Epoch 271/10000

Epoch 271: val_loss improved from 0.27974 to 0.27973, saving model to ./results/NN_rms_regr/RNN/recursion_37/ckpt_1
11/11 - 3s - loss: 0.2814 - mse: 0.2814 - mae: 0.4275 - val_loss: 0.2797 - val_mse: 0.2797 - val_mae: 0.4277 - 3s/epoch - 259ms/step
Epoch 272/10000

Epoch 272: val_loss did not improve from 0.27973
11/11 - 2s - loss: 0.2811 - mse: 0.2811 - mae: 0.4271 - val_loss: 0.2848 - val_mse: 0.2848 - val_mae: 0.4308 - 2s/epoch - 178ms/step
Epoch 273/10000

Epoch 273: val_loss did not improve from 0.27973
11/11 - 2s - loss: 0.2851 - mse: 0.2851 - mae: 0.4304 - val_loss: 0.2897 - val_mse: 0.2897 - val_mae: 0.4355 - 2s/epoch - 178ms/step
Epoch 274/10000

Epoch 274: val_loss did not improve from 0.27973
11/11 - 2s - loss: 0.2892 - mse: 0.2892 - mae: 0.4333 - val_loss: 0.2809 - val_mse: 0.2809 - val_mae: 0.4288 - 2s/epoch - 179ms/step
Epoch 275/10000

Epoch 275: val_loss did not improve from 0.27973
11/11 - 2s - loss: 0.2859 - mse: 0.2859 - mae: 0.4305 - val_loss: 0.2853 - val_mse: 0.2853 - val_mae: 0.4312 - 2s/epoch - 178ms/step
Epoch 276/10000

Epoch 276: val_loss did not improve from 0.27973
11/11 - 2s - loss: 0.2810 - mse: 0.2810 - mae: 0.4273 - val_loss: 0.2799 - val_mse: 0.2799 - val_mae: 0.4277 - 2s/epoch - 178ms/step
Epoch 277/10000

Epoch 277: val_loss did not improve from 0.27973
11/11 - 2s - loss: 0.2829 - mse: 0.2829 - mae: 0.4284 - val_loss: 0.2921 - val_mse: 0.2921 - val_mae: 0.4357 - 2s/epoch - 179ms/step
Epoch 278/10000

Epoch 278: val_loss did not improve from 0.27973
11/11 - 2s - loss: 0.2869 - mse: 0.2869 - mae: 0.4318 - val_loss: 0.2907 - val_mse: 0.2907 - val_mae: 0.4364 - 2s/epoch - 178ms/step
Epoch 279/10000

Epoch 279: val_loss did not improve from 0.27973
11/11 - 2s - loss: 0.2884 - mse: 0.2884 - mae: 0.4332 - val_loss: 0.2895 - val_mse: 0.2895 - val_mae: 0.4341 - 2s/epoch - 179ms/step
Epoch 280/10000

Epoch 280: val_loss did not improve from 0.27973
11/11 - 2s - loss: 0.2829 - mse: 0.2829 - mae: 0.4286 - val_loss: 0.2801 - val_mse: 0.2801 - val_mae: 0.4279 - 2s/epoch - 178ms/step
Epoch 281/10000

Epoch 281: val_loss did not improve from 0.27973
11/11 - 2s - loss: 0.2824 - mse: 0.2824 - mae: 0.4276 - val_loss: 0.2825 - val_mse: 0.2825 - val_mae: 0.4301 - 2s/epoch - 178ms/step
Epoch 282/10000

Epoch 282: val_loss did not improve from 0.27973
11/11 - 2s - loss: 0.2847 - mse: 0.2847 - mae: 0.4302 - val_loss: 0.2827 - val_mse: 0.2827 - val_mae: 0.4295 - 2s/epoch - 179ms/step
Epoch 283/10000

Epoch 283: val_loss did not improve from 0.27973
11/11 - 2s - loss: 0.2821 - mse: 0.2821 - mae: 0.4279 - val_loss: 0.2842 - val_mse: 0.2842 - val_mae: 0.4304 - 2s/epoch - 180ms/step
Epoch 284/10000

Epoch 284: val_loss did not improve from 0.27973
11/11 - 2s - loss: 0.2833 - mse: 0.2833 - mae: 0.4291 - val_loss: 0.2838 - val_mse: 0.2838 - val_mae: 0.4310 - 2s/epoch - 178ms/step
Epoch 285/10000

Epoch 285: val_loss improved from 0.27973 to 0.27971, saving model to ./results/NN_rms_regr/RNN/recursion_37/ckpt_1
11/11 - 3s - loss: 0.2846 - mse: 0.2846 - mae: 0.4301 - val_loss: 0.2797 - val_mse: 0.2797 - val_mae: 0.4276 - 3s/epoch - 260ms/step
Epoch 286/10000

Epoch 286: val_loss did not improve from 0.27971
11/11 - 2s - loss: 0.2815 - mse: 0.2815 - mae: 0.4276 - val_loss: 0.2913 - val_mse: 0.2913 - val_mae: 0.4352 - 2s/epoch - 178ms/step
Epoch 287/10000

Epoch 287: val_loss did not improve from 0.27971
11/11 - 2s - loss: 0.2904 - mse: 0.2904 - mae: 0.4339 - val_loss: 0.3062 - val_mse: 0.3062 - val_mae: 0.4454 - 2s/epoch - 178ms/step
Epoch 288/10000

Epoch 288: val_loss did not improve from 0.27971
11/11 - 2s - loss: 0.2870 - mse: 0.2870 - mae: 0.4321 - val_loss: 0.2805 - val_mse: 0.2805 - val_mae: 0.4284 - 2s/epoch - 178ms/step
Epoch 289/10000

Epoch 289: val_loss did not improve from 0.27971
11/11 - 2s - loss: 0.2817 - mse: 0.2817 - mae: 0.4280 - val_loss: 0.2804 - val_mse: 0.2804 - val_mae: 0.4280 - 2s/epoch - 178ms/step
Epoch 290/10000

Epoch 290: val_loss did not improve from 0.27971
11/11 - 2s - loss: 0.2827 - mse: 0.2827 - mae: 0.4283 - val_loss: 0.2846 - val_mse: 0.2846 - val_mae: 0.4307 - 2s/epoch - 179ms/step
Epoch 291/10000

Epoch 291: val_loss did not improve from 0.27971
11/11 - 2s - loss: 0.2824 - mse: 0.2824 - mae: 0.4279 - val_loss: 0.2798 - val_mse: 0.2798 - val_mae: 0.4278 - 2s/epoch - 178ms/step
Epoch 292/10000

Epoch 292: val_loss did not improve from 0.27971
11/11 - 2s - loss: 0.2807 - mse: 0.2807 - mae: 0.4268 - val_loss: 0.2810 - val_mse: 0.2810 - val_mae: 0.4288 - 2s/epoch - 180ms/step
Epoch 293/10000

Epoch 293: val_loss did not improve from 0.27971
11/11 - 2s - loss: 0.2820 - mse: 0.2820 - mae: 0.4279 - val_loss: 0.2800 - val_mse: 0.2800 - val_mae: 0.4280 - 2s/epoch - 179ms/step
Epoch 294/10000

Epoch 294: val_loss did not improve from 0.27971
11/11 - 2s - loss: 0.2811 - mse: 0.2811 - mae: 0.4270 - val_loss: 0.2825 - val_mse: 0.2825 - val_mae: 0.4301 - 2s/epoch - 179ms/step
Epoch 295/10000

Epoch 295: val_loss did not improve from 0.27971
11/11 - 2s - loss: 0.2816 - mse: 0.2816 - mae: 0.4272 - val_loss: 0.2826 - val_mse: 0.2826 - val_mae: 0.4301 - 2s/epoch - 178ms/step
Epoch 296/10000

Epoch 296: val_loss did not improve from 0.27971
11/11 - 2s - loss: 0.2858 - mse: 0.2858 - mae: 0.4311 - val_loss: 0.2927 - val_mse: 0.2927 - val_mae: 0.4362 - 2s/epoch - 178ms/step
Epoch 297/10000

Epoch 297: val_loss did not improve from 0.27971
11/11 - 2s - loss: 0.2872 - mse: 0.2872 - mae: 0.4314 - val_loss: 0.2829 - val_mse: 0.2829 - val_mae: 0.4296 - 2s/epoch - 178ms/step
Epoch 298/10000

Epoch 298: val_loss did not improve from 0.27971
11/11 - 2s - loss: 0.2875 - mse: 0.2875 - mae: 0.4318 - val_loss: 0.2951 - val_mse: 0.2951 - val_mae: 0.4395 - 2s/epoch - 182ms/step
Epoch 299/10000

Epoch 299: val_loss did not improve from 0.27971
11/11 - 2s - loss: 0.2834 - mse: 0.2834 - mae: 0.4289 - val_loss: 0.2798 - val_mse: 0.2798 - val_mae: 0.4277 - 2s/epoch - 178ms/step
Epoch 300/10000

Epoch 300: val_loss did not improve from 0.27971
11/11 - 2s - loss: 0.2807 - mse: 0.2807 - mae: 0.4269 - val_loss: 0.2823 - val_mse: 0.2823 - val_mae: 0.4291 - 2s/epoch - 179ms/step
Epoch 301/10000

Epoch 301: val_loss did not improve from 0.27971
11/11 - 2s - loss: 0.2810 - mse: 0.2810 - mae: 0.4270 - val_loss: 0.2814 - val_mse: 0.2814 - val_mae: 0.4285 - 2s/epoch - 179ms/step
Epoch 302/10000

Epoch 302: val_loss did not improve from 0.27971
11/11 - 2s - loss: 0.2821 - mse: 0.2821 - mae: 0.4279 - val_loss: 0.2819 - val_mse: 0.2819 - val_mae: 0.4289 - 2s/epoch - 179ms/step
Epoch 303/10000

Epoch 303: val_loss did not improve from 0.27971
11/11 - 2s - loss: 0.2813 - mse: 0.2813 - mae: 0.4273 - val_loss: 0.2822 - val_mse: 0.2822 - val_mae: 0.4291 - 2s/epoch - 176ms/step
Epoch 304/10000

Epoch 304: val_loss did not improve from 0.27971
11/11 - 2s - loss: 0.2817 - mse: 0.2817 - mae: 0.4277 - val_loss: 0.2818 - val_mse: 0.2818 - val_mae: 0.4289 - 2s/epoch - 178ms/step
Epoch 305/10000

Epoch 305: val_loss did not improve from 0.27971
11/11 - 2s - loss: 0.2821 - mse: 0.2821 - mae: 0.4282 - val_loss: 0.2802 - val_mse: 0.2802 - val_mae: 0.4278 - 2s/epoch - 178ms/step
Epoch 306/10000

Epoch 306: val_loss did not improve from 0.27971
11/11 - 2s - loss: 0.2812 - mse: 0.2812 - mae: 0.4272 - val_loss: 0.2799 - val_mse: 0.2799 - val_mae: 0.4277 - 2s/epoch - 178ms/step
Epoch 307/10000

Epoch 307: val_loss did not improve from 0.27971
11/11 - 2s - loss: 0.2806 - mse: 0.2806 - mae: 0.4269 - val_loss: 0.2798 - val_mse: 0.2798 - val_mae: 0.4276 - 2s/epoch - 178ms/step
Epoch 308/10000

Epoch 308: val_loss did not improve from 0.27971
11/11 - 2s - loss: 0.2811 - mse: 0.2811 - mae: 0.4274 - val_loss: 0.2798 - val_mse: 0.2798 - val_mae: 0.4275 - 2s/epoch - 179ms/step
Epoch 309/10000

Epoch 309: val_loss did not improve from 0.27971
11/11 - 2s - loss: 0.2827 - mse: 0.2827 - mae: 0.4282 - val_loss: 0.2851 - val_mse: 0.2851 - val_mae: 0.4320 - 2s/epoch - 179ms/step
Epoch 310/10000

Epoch 310: val_loss did not improve from 0.27971
11/11 - 2s - loss: 0.2824 - mse: 0.2824 - mae: 0.4282 - val_loss: 0.2814 - val_mse: 0.2814 - val_mae: 0.4286 - 2s/epoch - 179ms/step
Epoch 311/10000

Epoch 311: val_loss did not improve from 0.27971
11/11 - 2s - loss: 0.2816 - mse: 0.2816 - mae: 0.4276 - val_loss: 0.2802 - val_mse: 0.2802 - val_mae: 0.4281 - 2s/epoch - 177ms/step
Epoch 312/10000

Epoch 312: val_loss did not improve from 0.27971
11/11 - 2s - loss: 0.2811 - mse: 0.2811 - mae: 0.4272 - val_loss: 0.2800 - val_mse: 0.2800 - val_mae: 0.4276 - 2s/epoch - 179ms/step
Epoch 313/10000

Epoch 313: val_loss did not improve from 0.27971
11/11 - 2s - loss: 0.2901 - mse: 0.2901 - mae: 0.4346 - val_loss: 0.2807 - val_mse: 0.2807 - val_mae: 0.4285 - 2s/epoch - 179ms/step
Epoch 314/10000

Epoch 314: val_loss did not improve from 0.27971
11/11 - 2s - loss: 0.2971 - mse: 0.2971 - mae: 0.4377 - val_loss: 0.2900 - val_mse: 0.2900 - val_mae: 0.4344 - 2s/epoch - 179ms/step
Epoch 315/10000

Epoch 315: val_loss did not improve from 0.27971
11/11 - 2s - loss: 0.2874 - mse: 0.2874 - mae: 0.4322 - val_loss: 0.2818 - val_mse: 0.2818 - val_mae: 0.4295 - 2s/epoch - 179ms/step
Epoch 316/10000

Epoch 316: val_loss did not improve from 0.27971
11/11 - 2s - loss: 0.2831 - mse: 0.2831 - mae: 0.4285 - val_loss: 0.2835 - val_mse: 0.2835 - val_mae: 0.4299 - 2s/epoch - 179ms/step
Epoch 317/10000

Epoch 317: val_loss did not improve from 0.27971
11/11 - 2s - loss: 0.2818 - mse: 0.2818 - mae: 0.4278 - val_loss: 0.2810 - val_mse: 0.2810 - val_mae: 0.4284 - 2s/epoch - 177ms/step
Epoch 318/10000

Epoch 318: val_loss did not improve from 0.27971
11/11 - 2s - loss: 0.2826 - mse: 0.2826 - mae: 0.4287 - val_loss: 0.2822 - val_mse: 0.2822 - val_mae: 0.4297 - 2s/epoch - 177ms/step
Epoch 319/10000

Epoch 319: val_loss did not improve from 0.27971
11/11 - 2s - loss: 0.2843 - mse: 0.2843 - mae: 0.4299 - val_loss: 0.2838 - val_mse: 0.2838 - val_mae: 0.4301 - 2s/epoch - 179ms/step
Epoch 320/10000

Epoch 320: val_loss did not improve from 0.27971
11/11 - 2s - loss: 0.2830 - mse: 0.2830 - mae: 0.4282 - val_loss: 0.2798 - val_mse: 0.2798 - val_mae: 0.4276 - 2s/epoch - 179ms/step
Epoch 321/10000

Epoch 321: val_loss did not improve from 0.27971
11/11 - 2s - loss: 0.2823 - mse: 0.2823 - mae: 0.4282 - val_loss: 0.2826 - val_mse: 0.2826 - val_mae: 0.4293 - 2s/epoch - 179ms/step
Epoch 322/10000

Epoch 322: val_loss did not improve from 0.27971
11/11 - 2s - loss: 0.2834 - mse: 0.2834 - mae: 0.4289 - val_loss: 0.2810 - val_mse: 0.2810 - val_mae: 0.4282 - 2s/epoch - 178ms/step
Epoch 323/10000

Epoch 323: val_loss did not improve from 0.27971
11/11 - 2s - loss: 0.2807 - mse: 0.2807 - mae: 0.4268 - val_loss: 0.2818 - val_mse: 0.2818 - val_mae: 0.4294 - 2s/epoch - 178ms/step
Epoch 324/10000

Epoch 324: val_loss did not improve from 0.27971
11/11 - 2s - loss: 0.2826 - mse: 0.2826 - mae: 0.4279 - val_loss: 0.2801 - val_mse: 0.2801 - val_mae: 0.4279 - 2s/epoch - 178ms/step
Epoch 325/10000

Epoch 325: val_loss did not improve from 0.27971
11/11 - 2s - loss: 0.2814 - mse: 0.2814 - mae: 0.4276 - val_loss: 0.2897 - val_mse: 0.2897 - val_mae: 0.4341 - 2s/epoch - 178ms/step
Epoch 326/10000

Epoch 326: val_loss did not improve from 0.27971
11/11 - 2s - loss: 0.2852 - mse: 0.2852 - mae: 0.4299 - val_loss: 0.2813 - val_mse: 0.2813 - val_mae: 0.4290 - 2s/epoch - 178ms/step
Epoch 327/10000

Epoch 327: val_loss did not improve from 0.27971
11/11 - 2s - loss: 0.2825 - mse: 0.2825 - mae: 0.4282 - val_loss: 0.2874 - val_mse: 0.2874 - val_mae: 0.4326 - 2s/epoch - 178ms/step
Epoch 328/10000

Epoch 328: val_loss did not improve from 0.27971
11/11 - 2s - loss: 0.2886 - mse: 0.2886 - mae: 0.4325 - val_loss: 0.2907 - val_mse: 0.2907 - val_mae: 0.4362 - 2s/epoch - 178ms/step
Epoch 329/10000

Epoch 329: val_loss did not improve from 0.27971
11/11 - 2s - loss: 0.2818 - mse: 0.2818 - mae: 0.4279 - val_loss: 0.2811 - val_mse: 0.2811 - val_mae: 0.4284 - 2s/epoch - 178ms/step
Epoch 330/10000

Epoch 330: val_loss did not improve from 0.27971
11/11 - 2s - loss: 0.2816 - mse: 0.2816 - mae: 0.4277 - val_loss: 0.2830 - val_mse: 0.2830 - val_mae: 0.4296 - 2s/epoch - 179ms/step
Epoch 331/10000

Epoch 331: val_loss did not improve from 0.27971
11/11 - 2s - loss: 0.2818 - mse: 0.2818 - mae: 0.4279 - val_loss: 0.2817 - val_mse: 0.2817 - val_mae: 0.4293 - 2s/epoch - 179ms/step
Epoch 332/10000

Epoch 332: val_loss did not improve from 0.27971
11/11 - 2s - loss: 0.2818 - mse: 0.2818 - mae: 0.4278 - val_loss: 0.2800 - val_mse: 0.2800 - val_mae: 0.4278 - 2s/epoch - 178ms/step
Epoch 333/10000

Epoch 333: val_loss did not improve from 0.27971
11/11 - 2s - loss: 0.2827 - mse: 0.2827 - mae: 0.4284 - val_loss: 0.2844 - val_mse: 0.2844 - val_mae: 0.4315 - 2s/epoch - 179ms/step
Epoch 334/10000

Epoch 334: val_loss did not improve from 0.27971
11/11 - 2s - loss: 0.2857 - mse: 0.2857 - mae: 0.4307 - val_loss: 0.2889 - val_mse: 0.2889 - val_mae: 0.4336 - 2s/epoch - 178ms/step
Epoch 335/10000

Epoch 335: val_loss did not improve from 0.27971
11/11 - 2s - loss: 0.2822 - mse: 0.2822 - mae: 0.4275 - val_loss: 0.2797 - val_mse: 0.2797 - val_mae: 0.4275 - 2s/epoch - 178ms/step
Epoch 336/10000

Epoch 336: val_loss did not improve from 0.27971
11/11 - 2s - loss: 0.2853 - mse: 0.2853 - mae: 0.4301 - val_loss: 0.2914 - val_mse: 0.2914 - val_mae: 0.4366 - 2s/epoch - 179ms/step
Epoch 337/10000

Epoch 337: val_loss did not improve from 0.27971
11/11 - 2s - loss: 0.2865 - mse: 0.2865 - mae: 0.4310 - val_loss: 0.2826 - val_mse: 0.2826 - val_mae: 0.4293 - 2s/epoch - 179ms/step
Epoch 338/10000

Epoch 338: val_loss did not improve from 0.27971
11/11 - 2s - loss: 0.2828 - mse: 0.2828 - mae: 0.4285 - val_loss: 0.2800 - val_mse: 0.2800 - val_mae: 0.4276 - 2s/epoch - 179ms/step
Epoch 339/10000

Epoch 339: val_loss did not improve from 0.27971
11/11 - 2s - loss: 0.2903 - mse: 0.2903 - mae: 0.4340 - val_loss: 0.2871 - val_mse: 0.2871 - val_mae: 0.4334 - 2s/epoch - 178ms/step
Epoch 340/10000

Epoch 340: val_loss did not improve from 0.27971
11/11 - 2s - loss: 0.2834 - mse: 0.2834 - mae: 0.4292 - val_loss: 0.2840 - val_mse: 0.2840 - val_mae: 0.4301 - 2s/epoch - 179ms/step
Epoch 341/10000

Epoch 341: val_loss did not improve from 0.27971
11/11 - 2s - loss: 0.2819 - mse: 0.2819 - mae: 0.4273 - val_loss: 0.2797 - val_mse: 0.2797 - val_mae: 0.4275 - 2s/epoch - 179ms/step
Epoch 342/10000

Epoch 342: val_loss did not improve from 0.27971
11/11 - 2s - loss: 0.2834 - mse: 0.2834 - mae: 0.4284 - val_loss: 0.2844 - val_mse: 0.2844 - val_mae: 0.4314 - 2s/epoch - 178ms/step
Epoch 343/10000

Epoch 343: val_loss did not improve from 0.27971
11/11 - 2s - loss: 0.2831 - mse: 0.2831 - mae: 0.4285 - val_loss: 0.2818 - val_mse: 0.2818 - val_mae: 0.4293 - 2s/epoch - 178ms/step
Epoch 344/10000

Epoch 344: val_loss did not improve from 0.27971
11/11 - 2s - loss: 0.2820 - mse: 0.2820 - mae: 0.4279 - val_loss: 0.2799 - val_mse: 0.2799 - val_mae: 0.4275 - 2s/epoch - 178ms/step
Epoch 345/10000

Epoch 345: val_loss did not improve from 0.27971
11/11 - 2s - loss: 0.2826 - mse: 0.2826 - mae: 0.4281 - val_loss: 0.2943 - val_mse: 0.2943 - val_mae: 0.4371 - 2s/epoch - 178ms/step
Epoch 346/10000

Epoch 346: val_loss did not improve from 0.27971
11/11 - 2s - loss: 0.2844 - mse: 0.2844 - mae: 0.4291 - val_loss: 0.2798 - val_mse: 0.2798 - val_mae: 0.4276 - 2s/epoch - 179ms/step
Epoch 347/10000

Epoch 347: val_loss did not improve from 0.27971
11/11 - 2s - loss: 0.2841 - mse: 0.2841 - mae: 0.4289 - val_loss: 0.2799 - val_mse: 0.2799 - val_mae: 0.4276 - 2s/epoch - 178ms/step
Epoch 348/10000

Epoch 348: val_loss did not improve from 0.27971
11/11 - 2s - loss: 0.2816 - mse: 0.2816 - mae: 0.4273 - val_loss: 0.2799 - val_mse: 0.2799 - val_mae: 0.4277 - 2s/epoch - 179ms/step
Epoch 349/10000

Epoch 349: val_loss did not improve from 0.27971
11/11 - 2s - loss: 0.2848 - mse: 0.2848 - mae: 0.4294 - val_loss: 0.2799 - val_mse: 0.2799 - val_mae: 0.4276 - 2s/epoch - 178ms/step
Epoch 350/10000

Epoch 350: val_loss did not improve from 0.27971
11/11 - 2s - loss: 0.2849 - mse: 0.2849 - mae: 0.4296 - val_loss: 0.2805 - val_mse: 0.2805 - val_mae: 0.4279 - 2s/epoch - 178ms/step
Epoch 351/10000

Epoch 351: val_loss did not improve from 0.27971
11/11 - 2s - loss: 0.2851 - mse: 0.2851 - mae: 0.4301 - val_loss: 0.2816 - val_mse: 0.2816 - val_mae: 0.4292 - 2s/epoch - 178ms/step
Epoch 352/10000

Epoch 352: val_loss did not improve from 0.27971
11/11 - 2s - loss: 0.2863 - mse: 0.2863 - mae: 0.4312 - val_loss: 0.2828 - val_mse: 0.2828 - val_mae: 0.4295 - 2s/epoch - 179ms/step
Epoch 353/10000

Epoch 353: val_loss did not improve from 0.27971
11/11 - 2s - loss: 0.2815 - mse: 0.2815 - mae: 0.4272 - val_loss: 0.2815 - val_mse: 0.2815 - val_mae: 0.4286 - 2s/epoch - 179ms/step
Epoch 354/10000

Epoch 354: val_loss did not improve from 0.27971
11/11 - 2s - loss: 0.2837 - mse: 0.2837 - mae: 0.4291 - val_loss: 0.2815 - val_mse: 0.2815 - val_mae: 0.4291 - 2s/epoch - 179ms/step
Epoch 355/10000

Epoch 355: val_loss did not improve from 0.27971
11/11 - 2s - loss: 0.2822 - mse: 0.2822 - mae: 0.4278 - val_loss: 0.2819 - val_mse: 0.2819 - val_mae: 0.4288 - 2s/epoch - 179ms/step
Epoch 356/10000

Epoch 356: val_loss did not improve from 0.27971
11/11 - 2s - loss: 0.2811 - mse: 0.2811 - mae: 0.4273 - val_loss: 0.2800 - val_mse: 0.2800 - val_mae: 0.4276 - 2s/epoch - 178ms/step
Epoch 357/10000

Epoch 357: val_loss did not improve from 0.27971
11/11 - 2s - loss: 0.2825 - mse: 0.2825 - mae: 0.4283 - val_loss: 0.2828 - val_mse: 0.2828 - val_mae: 0.4302 - 2s/epoch - 178ms/step
Epoch 358/10000

Epoch 358: val_loss did not improve from 0.27971
11/11 - 2s - loss: 0.2819 - mse: 0.2819 - mae: 0.4279 - val_loss: 0.2802 - val_mse: 0.2802 - val_mae: 0.4278 - 2s/epoch - 179ms/step
Epoch 359/10000

Epoch 359: val_loss did not improve from 0.27971
11/11 - 2s - loss: 0.2821 - mse: 0.2821 - mae: 0.4275 - val_loss: 0.2841 - val_mse: 0.2841 - val_mae: 0.4303 - 2s/epoch - 178ms/step
Epoch 360/10000

Epoch 360: val_loss did not improve from 0.27971
11/11 - 2s - loss: 0.2824 - mse: 0.2824 - mae: 0.4276 - val_loss: 0.2834 - val_mse: 0.2834 - val_mae: 0.4306 - 2s/epoch - 178ms/step
Epoch 361/10000

Epoch 361: val_loss did not improve from 0.27971
11/11 - 2s - loss: 0.2834 - mse: 0.2834 - mae: 0.4287 - val_loss: 0.2828 - val_mse: 0.2828 - val_mae: 0.4294 - 2s/epoch - 179ms/step
Epoch 362/10000

Epoch 362: val_loss did not improve from 0.27971
11/11 - 2s - loss: 0.2815 - mse: 0.2815 - mae: 0.4277 - val_loss: 0.2800 - val_mse: 0.2800 - val_mae: 0.4275 - 2s/epoch - 178ms/step
Epoch 363/10000

Epoch 363: val_loss did not improve from 0.27971
11/11 - 2s - loss: 0.2822 - mse: 0.2822 - mae: 0.4278 - val_loss: 0.2801 - val_mse: 0.2801 - val_mae: 0.4279 - 2s/epoch - 178ms/step
Epoch 364/10000

Epoch 364: val_loss did not improve from 0.27971
11/11 - 2s - loss: 0.2814 - mse: 0.2814 - mae: 0.4273 - val_loss: 0.2811 - val_mse: 0.2811 - val_mae: 0.4287 - 2s/epoch - 178ms/step
Epoch 365/10000

Epoch 365: val_loss did not improve from 0.27971
11/11 - 2s - loss: 0.2832 - mse: 0.2832 - mae: 0.4284 - val_loss: 0.2849 - val_mse: 0.2849 - val_mae: 0.4308 - 2s/epoch - 178ms/step
Epoch 366/10000

Epoch 366: val_loss did not improve from 0.27971
11/11 - 2s - loss: 0.2850 - mse: 0.2850 - mae: 0.4299 - val_loss: 0.2805 - val_mse: 0.2805 - val_mae: 0.4279 - 2s/epoch - 178ms/step
Epoch 367/10000

Epoch 367: val_loss did not improve from 0.27971
11/11 - 2s - loss: 0.2861 - mse: 0.2861 - mae: 0.4307 - val_loss: 0.2807 - val_mse: 0.2807 - val_mae: 0.4284 - 2s/epoch - 178ms/step
Epoch 368/10000

Epoch 368: val_loss did not improve from 0.27971
11/11 - 2s - loss: 0.2841 - mse: 0.2841 - mae: 0.4292 - val_loss: 0.2800 - val_mse: 0.2800 - val_mae: 0.4276 - 2s/epoch - 179ms/step
Epoch 369/10000

Epoch 369: val_loss did not improve from 0.27971
11/11 - 2s - loss: 0.2822 - mse: 0.2822 - mae: 0.4282 - val_loss: 0.2805 - val_mse: 0.2805 - val_mae: 0.4282 - 2s/epoch - 178ms/step
Epoch 370/10000

Epoch 370: val_loss did not improve from 0.27971
11/11 - 2s - loss: 0.2836 - mse: 0.2836 - mae: 0.4286 - val_loss: 0.2892 - val_mse: 0.2892 - val_mae: 0.4337 - 2s/epoch - 178ms/step
Epoch 371/10000

Epoch 371: val_loss did not improve from 0.27971
11/11 - 2s - loss: 0.2854 - mse: 0.2854 - mae: 0.4297 - val_loss: 0.2798 - val_mse: 0.2798 - val_mae: 0.4275 - 2s/epoch - 180ms/step
Epoch 372/10000

Epoch 372: val_loss did not improve from 0.27971
11/11 - 2s - loss: 0.2848 - mse: 0.2848 - mae: 0.4291 - val_loss: 0.2822 - val_mse: 0.2822 - val_mae: 0.4296 - 2s/epoch - 179ms/step
Epoch 373/10000

Epoch 373: val_loss did not improve from 0.27971
11/11 - 2s - loss: 0.2848 - mse: 0.2848 - mae: 0.4306 - val_loss: 0.2816 - val_mse: 0.2816 - val_mae: 0.4291 - 2s/epoch - 178ms/step
Epoch 374/10000

Epoch 374: val_loss did not improve from 0.27971
11/11 - 2s - loss: 0.2841 - mse: 0.2841 - mae: 0.4298 - val_loss: 0.2822 - val_mse: 0.2822 - val_mae: 0.4290 - 2s/epoch - 179ms/step
Epoch 375/10000

Epoch 375: val_loss did not improve from 0.27971
11/11 - 2s - loss: 0.2860 - mse: 0.2860 - mae: 0.4312 - val_loss: 0.2830 - val_mse: 0.2830 - val_mae: 0.4302 - 2s/epoch - 178ms/step
Epoch 376/10000

Epoch 376: val_loss did not improve from 0.27971
11/11 - 2s - loss: 0.2820 - mse: 0.2820 - mae: 0.4281 - val_loss: 0.2799 - val_mse: 0.2799 - val_mae: 0.4277 - 2s/epoch - 179ms/step
Epoch 377/10000

Epoch 377: val_loss did not improve from 0.27971
11/11 - 2s - loss: 0.2831 - mse: 0.2831 - mae: 0.4287 - val_loss: 0.2811 - val_mse: 0.2811 - val_mae: 0.4283 - 2s/epoch - 179ms/step
Epoch 378/10000

Epoch 378: val_loss did not improve from 0.27971
11/11 - 2s - loss: 0.2812 - mse: 0.2812 - mae: 0.4270 - val_loss: 0.2838 - val_mse: 0.2838 - val_mae: 0.4300 - 2s/epoch - 178ms/step
Epoch 379/10000

Epoch 379: val_loss did not improve from 0.27971
11/11 - 2s - loss: 0.2817 - mse: 0.2817 - mae: 0.4274 - val_loss: 0.2798 - val_mse: 0.2798 - val_mae: 0.4276 - 2s/epoch - 179ms/step
Epoch 380/10000

Epoch 380: val_loss did not improve from 0.27971
11/11 - 2s - loss: 0.2827 - mse: 0.2827 - mae: 0.4283 - val_loss: 0.2799 - val_mse: 0.2799 - val_mae: 0.4277 - 2s/epoch - 178ms/step
Epoch 381/10000

Epoch 381: val_loss did not improve from 0.27971
11/11 - 2s - loss: 0.2818 - mse: 0.2818 - mae: 0.4279 - val_loss: 0.2889 - val_mse: 0.2889 - val_mae: 0.4334 - 2s/epoch - 178ms/step
Epoch 382/10000

Epoch 382: val_loss did not improve from 0.27971
11/11 - 2s - loss: 0.2846 - mse: 0.2846 - mae: 0.4300 - val_loss: 0.2923 - val_mse: 0.2923 - val_mae: 0.4373 - 2s/epoch - 178ms/step
Epoch 383/10000

Epoch 383: val_loss did not improve from 0.27971
11/11 - 2s - loss: 0.2871 - mse: 0.2871 - mae: 0.4315 - val_loss: 0.2855 - val_mse: 0.2855 - val_mae: 0.4312 - 2s/epoch - 181ms/step
Epoch 384/10000

Epoch 384: val_loss did not improve from 0.27971
11/11 - 2s - loss: 0.2880 - mse: 0.2880 - mae: 0.4326 - val_loss: 0.2806 - val_mse: 0.2806 - val_mae: 0.4279 - 2s/epoch - 179ms/step
Epoch 385/10000

Epoch 385: val_loss did not improve from 0.27971
11/11 - 2s - loss: 0.2857 - mse: 0.2857 - mae: 0.4304 - val_loss: 0.2818 - val_mse: 0.2818 - val_mae: 0.4293 - 2s/epoch - 179ms/step
Epoch 385: early stopping
