[ 13.14519438  30.04553007  46.53366244  63.02179482  79.5099272
  95.99805957 112.48619195 128.97432432 145.4624567  161.95058908
 178.43872145 194.92685383 211.41498621 227.90311858 244.39125096
 260.87938334 277.36751571 293.85564809 310.34378047 326.83191284
 343.32004522 359.80817759 376.29630997 392.78444235 409.27257472
 425.7607071 ]
Before undersampling: [(0, 375), (1, 834), (2, 3661), (3, 4955), (4, 3156), (5, 2425), (6, 2195), (7, 1862), (8, 1648), (9, 1497), (10, 1418), (11, 1313), (12, 1182), (13, 1082), (14, 902), (15, 843), (16, 708), (17, 675), (18, 486), (19, 429), (20, 347), (21, 282), (22, 251), (23, 195), (24, 209)]
After undersampling: [(0, 186), (1, 578), (2, 2538), (3, 3178), (4, 2337), (5, 1593), (6, 1625), (7, 1320), (8, 1196), (9, 1050), (10, 1004), (11, 894), (12, 842), (13, 774), (14, 639), (15, 603), (16, 483), (17, 452), (18, 331), (19, 305), (20, 229), (21, 181), (22, 162), (23, 195), (24, 172)]
            label  HH_0_0_x  HV_0_0_x  IA_0_0_x       FYI      DFYI       MYI     rms_0     thk_1     rms_1     thk_2     rms_2     thk_3     rms_3  ...    3         4    5         6         7         8         9        10   11        12   13        14        15                                                CNN
0       14.091460  0.145098  0.070588  0.097738  0.705281  0.211220  0.083500  4.617155  1.153815  4.497342  1.120728  4.516772  1.154680  4.485979  ...  0.0  1.093939  0.0  0.649620  0.678172  0.863007  0.255749  1.030885  0.0  0.803562  0.0  0.758724  0.598967  [[[[0.1607843137254902], [0.0977783128327014],...
1       24.847515  0.278431  0.101961  0.148809  0.895568  0.029187  0.075245  4.432088  1.153936  4.304254  1.164233  4.353740  1.195790  4.308778  ...  0.0  0.795036  0.0  0.456075  0.464850  0.619818  0.262317  0.660000  0.0  0.570954  0.0  0.521428  0.406589  [[[[0.1803921568627451], [0.1488410949707031],...
2       26.920977  0.078431  0.058824  0.141065  0.987337  0.004951  0.007711  4.253669  1.099987  4.291095  1.082926  4.271791  1.125296  4.222379  ...  0.0  0.969412  0.0  0.543284  0.629407  0.765326  0.226120  0.903668  0.0  0.689805  0.0  0.629994  0.530913  [[[[0.1176470588235294], [0.1410308987486596],...
3       25.295313  0.180392  0.074510  0.108715  0.556027  0.354019  0.089954  4.698149  1.216382  4.637559  1.142895  4.650916  1.208596  4.630900  ...  0.0  1.025054  0.0  0.629530  0.592010  0.846724  0.312275  0.944301  0.0  0.746052  0.0  0.727258  0.526619  [[[[0.2470588235294117], [0.1086770599963618],...
4       25.295313  0.180392  0.074510  0.108715  0.556027  0.354019  0.089954  4.698149  1.216382  4.637559  1.142895  4.650916  1.208596  4.630900  ...  0.0  1.025054  0.0  0.629530  0.592010  0.846724  0.312275  0.944301  0.0  0.746052  0.0  0.727258  0.526619  [[[[0.2470588235294117], [0.1086770599963618],...
...           ...       ...       ...       ...       ...       ...       ...       ...       ...       ...       ...       ...       ...       ...  ...  ...       ...  ...       ...       ...       ...       ...       ...  ...       ...  ...       ...       ...                                                ...
22862  417.027580  0.505882  0.090196  0.152162  0.185910  0.031902  0.782188  4.486675  1.202497  4.531466  1.252972  4.593008  1.239219  4.510143  ...  0.0  0.839703  0.0  0.468273  0.499118  0.650608  0.278814  0.681403  0.0  0.621146  0.0  0.548368  0.455899  [[[[0.4196078431372549], [0.15219440834195], [...
22863  417.866263  0.392157  0.125490  0.152184  0.189279  0.051355  0.759366  4.590506  1.242536  4.658542  1.255140  4.682031  1.275536  4.639037  ...  0.0  0.753041  0.0  0.432618  0.424933  0.606180  0.279904  0.615722  0.0  0.551801  0.0  0.504145  0.391604  [[[[0.3490196078431372], [0.1522158155254289],...
22864  421.196328  0.631373  0.466667  0.154089  0.004261  0.000064  0.995674  1.187829  0.197352  0.941815  0.203265  0.245285  0.157730  0.213412  ...  0.0  0.644292  0.0  0.466233  0.184014  0.544459  0.317551  0.496343  0.0  0.488684  0.0  0.521621  0.200857  [[[[0.596078431372549], [0.1541208603802849], ...
22865  416.289186  0.517647  0.160784  0.153404  0.011037  0.000341  0.988622  1.187829  0.197352  0.941815  0.203265  0.245285  0.157730  0.213412  ...  0.0  0.792541  0.0  0.518223  0.461039  0.679398  0.335284  0.699151  0.0  0.512142  0.0  0.532694  0.315921  [[[[0.4078431372549019], [0.1534358903473499],...
22866  423.194662  0.341176  0.274510  0.153307  0.003870  0.000024  0.996105  1.187829  0.197352  0.941815  0.203265  0.245285  0.157730  0.213412  ...  0.0  0.712026  0.0  0.452670  0.356484  0.560431  0.500874  0.445316  0.0  0.508642  0.0  0.462847  0.257479  [[[[0.5686274509803921], [0.1533395804610907],...

[22867 rows x 128 columns]
Size of dataset: (22867, 127)
*************************** Fold #: 1 ***************************
Model: "model"
__________________________________________________________________________________________________
 Layer (type)                   Output Shape         Param #     Connected to                     
==================================================================================================
 conv (InputLayer)              [(None, 7, 7, 3, 1)  0           []                               
                                ]                                                                 
                                                                                                  
 zero_padding3d (ZeroPadding3D)  (None, 8, 8, 4, 1)  0           ['conv[0][0]']                   
                                                                                                  
 conv3d (Conv3D)                (None, 8, 8, 4, 8)   224         ['zero_padding3d[0][0]']         
                                                                                                  
 max_pooling3d (MaxPooling3D)   (None, 4, 4, 2, 8)   0           ['conv3d[0][0]']                 
                                                                                                  
 conv3d_1 (Conv3D)              (None, 4, 4, 2, 4)   868         ['max_pooling3d[0][0]']          
                                                                                                  
 max_pooling3d_1 (MaxPooling3D)  (None, 2, 2, 1, 4)  0           ['conv3d_1[0][0]']               
                                                                                                  
 cat (InputLayer)               [(None, 126)]        0           []                               
                                                                                                  
 flatten (Flatten)              (None, 16)           0           ['max_pooling3d_1[0][0]']        
                                                                                                  
 concatenate (Concatenate)      (None, 142)          0           ['cat[0][0]',                    
                                                                  'flatten[0][0]']                
                                                                                                  
 dense (Dense)                  (None, 200)          28600       ['concatenate[0][0]']            
                                                                                                  
 dense_1 (Dense)                (None, 200)          40200       ['dense[0][0]']                  
                                                                                                  
 dense_2 (Dense)                (None, 200)          40200       ['dense_1[0][0]']                
                                                                                                  
 dense_3 (Dense)                (None, 200)          40200       ['dense_2[0][0]']                
                                                                                                  
 dense_4 (Dense)                (None, 200)          40200       ['dense_3[0][0]']                
                                                                                                  
 dense_5 (Dense)                (None, 1)            201         ['dense_4[0][0]']                
                                                                                                  
==================================================================================================
Total params: 190,693
Trainable params: 190,693
Non-trainable params: 0
__________________________________________________________________________________________________
Epoch 1/10000

Epoch 1: val_loss improved from inf to 2.19903, saving model to ./results/NN_rms_regr/ResNet/recursion_42/ckpt_1
12/12 - 3s - loss: 9.2429 - mse: 9.2429 - mae: 2.5921 - val_loss: 2.1990 - val_mse: 2.1990 - val_mae: 1.2477 - 3s/epoch - 278ms/step
Epoch 2/10000

Epoch 2: val_loss improved from 2.19903 to 1.06282, saving model to ./results/NN_rms_regr/ResNet/recursion_42/ckpt_1
12/12 - 3s - loss: 1.6922 - mse: 1.6922 - mae: 0.9980 - val_loss: 1.0628 - val_mse: 1.0628 - val_mae: 0.6828 - 3s/epoch - 231ms/step
Epoch 3/10000

Epoch 3: val_loss improved from 1.06282 to 0.74857, saving model to ./results/NN_rms_regr/ResNet/recursion_42/ckpt_1
12/12 - 3s - loss: 0.9302 - mse: 0.9302 - mae: 0.6441 - val_loss: 0.7486 - val_mse: 0.7486 - val_mae: 0.5831 - 3s/epoch - 231ms/step
Epoch 4/10000

Epoch 4: val_loss improved from 0.74857 to 0.32600, saving model to ./results/NN_rms_regr/ResNet/recursion_42/ckpt_1
12/12 - 3s - loss: 0.5419 - mse: 0.5419 - mae: 0.5289 - val_loss: 0.3260 - val_mse: 0.3260 - val_mae: 0.4648 - 3s/epoch - 232ms/step
Epoch 5/10000

Epoch 5: val_loss improved from 0.32600 to 0.29172, saving model to ./results/NN_rms_regr/ResNet/recursion_42/ckpt_1
12/12 - 3s - loss: 0.3173 - mse: 0.3173 - mae: 0.4553 - val_loss: 0.2917 - val_mse: 0.2917 - val_mae: 0.4402 - 3s/epoch - 231ms/step
Epoch 6/10000

Epoch 6: val_loss did not improve from 0.29172
12/12 - 2s - loss: 0.2937 - mse: 0.2937 - mae: 0.4399 - val_loss: 0.2958 - val_mse: 0.2958 - val_mae: 0.4409 - 2s/epoch - 170ms/step
Epoch 7/10000

Epoch 7: val_loss improved from 0.29172 to 0.28644, saving model to ./results/NN_rms_regr/ResNet/recursion_42/ckpt_1
12/12 - 3s - loss: 0.2921 - mse: 0.2921 - mae: 0.4385 - val_loss: 0.2864 - val_mse: 0.2864 - val_mae: 0.4363 - 3s/epoch - 232ms/step
Epoch 8/10000

Epoch 8: val_loss improved from 0.28644 to 0.28640, saving model to ./results/NN_rms_regr/ResNet/recursion_42/ckpt_1
12/12 - 3s - loss: 0.2874 - mse: 0.2874 - mae: 0.4357 - val_loss: 0.2864 - val_mse: 0.2864 - val_mae: 0.4344 - 3s/epoch - 244ms/step
Epoch 9/10000

Epoch 9: val_loss improved from 0.28640 to 0.28348, saving model to ./results/NN_rms_regr/ResNet/recursion_42/ckpt_1
12/12 - 3s - loss: 0.2883 - mse: 0.2883 - mae: 0.4357 - val_loss: 0.2835 - val_mse: 0.2835 - val_mae: 0.4334 - 3s/epoch - 245ms/step
Epoch 10/10000

Epoch 10: val_loss improved from 0.28348 to 0.28333, saving model to ./results/NN_rms_regr/ResNet/recursion_42/ckpt_1
12/12 - 3s - loss: 0.2860 - mse: 0.2860 - mae: 0.4345 - val_loss: 0.2833 - val_mse: 0.2833 - val_mae: 0.4328 - 3s/epoch - 240ms/step
Epoch 11/10000

Epoch 11: val_loss did not improve from 0.28333
12/12 - 2s - loss: 0.2861 - mse: 0.2861 - mae: 0.4341 - val_loss: 0.2849 - val_mse: 0.2849 - val_mae: 0.4345 - 2s/epoch - 170ms/step
Epoch 12/10000

Epoch 12: val_loss did not improve from 0.28333
12/12 - 2s - loss: 0.2884 - mse: 0.2884 - mae: 0.4357 - val_loss: 0.2866 - val_mse: 0.2866 - val_mae: 0.4359 - 2s/epoch - 170ms/step
Epoch 13/10000

Epoch 13: val_loss did not improve from 0.28333
12/12 - 2s - loss: 0.2926 - mse: 0.2926 - mae: 0.4387 - val_loss: 0.2886 - val_mse: 0.2886 - val_mae: 0.4350 - 2s/epoch - 171ms/step
Epoch 14/10000

Epoch 14: val_loss improved from 0.28333 to 0.28247, saving model to ./results/NN_rms_regr/ResNet/recursion_42/ckpt_1
12/12 - 3s - loss: 0.2868 - mse: 0.2868 - mae: 0.4340 - val_loss: 0.2825 - val_mse: 0.2825 - val_mae: 0.4314 - 3s/epoch - 245ms/step
Epoch 15/10000

Epoch 15: val_loss improved from 0.28247 to 0.28177, saving model to ./results/NN_rms_regr/ResNet/recursion_42/ckpt_1
12/12 - 3s - loss: 0.2848 - mse: 0.2848 - mae: 0.4327 - val_loss: 0.2818 - val_mse: 0.2818 - val_mae: 0.4314 - 3s/epoch - 246ms/step
Epoch 16/10000

Epoch 16: val_loss did not improve from 0.28177
12/12 - 2s - loss: 0.2846 - mse: 0.2846 - mae: 0.4325 - val_loss: 0.2847 - val_mse: 0.2847 - val_mae: 0.4322 - 2s/epoch - 171ms/step
Epoch 17/10000

Epoch 17: val_loss improved from 0.28177 to 0.28129, saving model to ./results/NN_rms_regr/ResNet/recursion_42/ckpt_1
12/12 - 3s - loss: 0.2850 - mse: 0.2850 - mae: 0.4325 - val_loss: 0.2813 - val_mse: 0.2813 - val_mae: 0.4305 - 3s/epoch - 245ms/step
Epoch 18/10000

Epoch 18: val_loss did not improve from 0.28129
12/12 - 2s - loss: 0.2850 - mse: 0.2850 - mae: 0.4321 - val_loss: 0.2823 - val_mse: 0.2823 - val_mae: 0.4308 - 2s/epoch - 171ms/step
Epoch 19/10000

Epoch 19: val_loss improved from 0.28129 to 0.28096, saving model to ./results/NN_rms_regr/ResNet/recursion_42/ckpt_1
12/12 - 3s - loss: 0.2842 - mse: 0.2842 - mae: 0.4318 - val_loss: 0.2810 - val_mse: 0.2810 - val_mae: 0.4301 - 3s/epoch - 240ms/step
Epoch 20/10000

Epoch 20: val_loss did not improve from 0.28096
12/12 - 2s - loss: 0.2848 - mse: 0.2848 - mae: 0.4319 - val_loss: 0.2811 - val_mse: 0.2811 - val_mae: 0.4306 - 2s/epoch - 171ms/step
Epoch 21/10000

Epoch 21: val_loss improved from 0.28096 to 0.28085, saving model to ./results/NN_rms_regr/ResNet/recursion_42/ckpt_1
12/12 - 3s - loss: 0.2858 - mse: 0.2858 - mae: 0.4322 - val_loss: 0.2809 - val_mse: 0.2809 - val_mae: 0.4298 - 3s/epoch - 245ms/step
Epoch 22/10000

Epoch 22: val_loss improved from 0.28085 to 0.28058, saving model to ./results/NN_rms_regr/ResNet/recursion_42/ckpt_1
12/12 - 3s - loss: 0.2847 - mse: 0.2847 - mae: 0.4321 - val_loss: 0.2806 - val_mse: 0.2806 - val_mae: 0.4299 - 3s/epoch - 246ms/step
Epoch 23/10000

Epoch 23: val_loss did not improve from 0.28058
12/12 - 2s - loss: 0.2845 - mse: 0.2845 - mae: 0.4316 - val_loss: 0.2827 - val_mse: 0.2827 - val_mae: 0.4316 - 2s/epoch - 171ms/step
Epoch 24/10000

Epoch 24: val_loss did not improve from 0.28058
12/12 - 2s - loss: 0.2855 - mse: 0.2855 - mae: 0.4325 - val_loss: 0.2841 - val_mse: 0.2841 - val_mae: 0.4326 - 2s/epoch - 170ms/step
Epoch 25/10000

Epoch 25: val_loss did not improve from 0.28058
12/12 - 2s - loss: 0.2891 - mse: 0.2891 - mae: 0.4341 - val_loss: 0.2861 - val_mse: 0.2861 - val_mae: 0.4345 - 2s/epoch - 171ms/step
Epoch 26/10000

Epoch 26: val_loss did not improve from 0.28058
12/12 - 2s - loss: 0.2857 - mse: 0.2857 - mae: 0.4325 - val_loss: 0.2833 - val_mse: 0.2833 - val_mae: 0.4320 - 2s/epoch - 170ms/step
Epoch 27/10000

Epoch 27: val_loss did not improve from 0.28058
12/12 - 2s - loss: 0.2867 - mse: 0.2867 - mae: 0.4327 - val_loss: 0.2862 - val_mse: 0.2862 - val_mae: 0.4341 - 2s/epoch - 170ms/step
Epoch 28/10000

Epoch 28: val_loss did not improve from 0.28058
12/12 - 2s - loss: 0.2863 - mse: 0.2863 - mae: 0.4326 - val_loss: 0.2848 - val_mse: 0.2848 - val_mae: 0.4331 - 2s/epoch - 169ms/step
Epoch 29/10000

Epoch 29: val_loss did not improve from 0.28058
12/12 - 2s - loss: 0.2857 - mse: 0.2857 - mae: 0.4320 - val_loss: 0.2816 - val_mse: 0.2816 - val_mae: 0.4294 - 2s/epoch - 171ms/step
Epoch 30/10000

Epoch 30: val_loss did not improve from 0.28058
12/12 - 2s - loss: 0.2852 - mse: 0.2852 - mae: 0.4319 - val_loss: 0.2813 - val_mse: 0.2813 - val_mae: 0.4291 - 2s/epoch - 170ms/step
Epoch 31/10000

Epoch 31: val_loss did not improve from 0.28058
12/12 - 2s - loss: 0.2853 - mse: 0.2853 - mae: 0.4319 - val_loss: 0.2809 - val_mse: 0.2809 - val_mae: 0.4294 - 2s/epoch - 171ms/step
Epoch 32/10000

Epoch 32: val_loss did not improve from 0.28058
12/12 - 2s - loss: 0.2852 - mse: 0.2852 - mae: 0.4320 - val_loss: 0.2822 - val_mse: 0.2822 - val_mae: 0.4295 - 2s/epoch - 170ms/step
Epoch 33/10000

Epoch 33: val_loss did not improve from 0.28058
12/12 - 2s - loss: 0.2844 - mse: 0.2844 - mae: 0.4310 - val_loss: 0.2819 - val_mse: 0.2819 - val_mae: 0.4294 - 2s/epoch - 171ms/step
Epoch 34/10000

Epoch 34: val_loss improved from 0.28058 to 0.28000, saving model to ./results/NN_rms_regr/ResNet/recursion_42/ckpt_1
12/12 - 3s - loss: 0.2844 - mse: 0.2844 - mae: 0.4314 - val_loss: 0.2800 - val_mse: 0.2800 - val_mae: 0.4283 - 3s/epoch - 240ms/step
Epoch 35/10000

Epoch 35: val_loss improved from 0.28000 to 0.27977, saving model to ./results/NN_rms_regr/ResNet/recursion_42/ckpt_1
12/12 - 3s - loss: 0.2834 - mse: 0.2834 - mae: 0.4304 - val_loss: 0.2798 - val_mse: 0.2798 - val_mae: 0.4283 - 3s/epoch - 245ms/step
Epoch 36/10000

Epoch 36: val_loss did not improve from 0.27977
12/12 - 2s - loss: 0.2838 - mse: 0.2838 - mae: 0.4303 - val_loss: 0.2830 - val_mse: 0.2830 - val_mae: 0.4316 - 2s/epoch - 172ms/step
Epoch 37/10000

Epoch 37: val_loss did not improve from 0.27977
12/12 - 2s - loss: 0.2848 - mse: 0.2848 - mae: 0.4316 - val_loss: 0.2868 - val_mse: 0.2868 - val_mae: 0.4339 - 2s/epoch - 170ms/step
Epoch 38/10000

Epoch 38: val_loss did not improve from 0.27977
12/12 - 2s - loss: 0.2838 - mse: 0.2838 - mae: 0.4304 - val_loss: 0.2841 - val_mse: 0.2841 - val_mae: 0.4323 - 2s/epoch - 170ms/step
Epoch 39/10000

Epoch 39: val_loss improved from 0.27977 to 0.27949, saving model to ./results/NN_rms_regr/ResNet/recursion_42/ckpt_1
12/12 - 3s - loss: 0.2834 - mse: 0.2834 - mae: 0.4308 - val_loss: 0.2795 - val_mse: 0.2795 - val_mae: 0.4279 - 3s/epoch - 245ms/step
Epoch 40/10000

Epoch 40: val_loss did not improve from 0.27949
12/12 - 2s - loss: 0.2825 - mse: 0.2825 - mae: 0.4294 - val_loss: 0.2837 - val_mse: 0.2837 - val_mae: 0.4300 - 2s/epoch - 171ms/step
Epoch 41/10000

Epoch 41: val_loss did not improve from 0.27949
12/12 - 2s - loss: 0.2853 - mse: 0.2853 - mae: 0.4313 - val_loss: 0.2831 - val_mse: 0.2831 - val_mae: 0.4296 - 2s/epoch - 172ms/step
Epoch 42/10000

Epoch 42: val_loss did not improve from 0.27949
12/12 - 2s - loss: 0.2833 - mse: 0.2833 - mae: 0.4299 - val_loss: 0.2837 - val_mse: 0.2837 - val_mae: 0.4319 - 2s/epoch - 171ms/step
Epoch 43/10000

Epoch 43: val_loss did not improve from 0.27949
12/12 - 2s - loss: 0.2846 - mse: 0.2846 - mae: 0.4313 - val_loss: 0.2804 - val_mse: 0.2804 - val_mae: 0.4282 - 2s/epoch - 170ms/step
Epoch 44/10000

Epoch 44: val_loss did not improve from 0.27949
12/12 - 2s - loss: 0.2823 - mse: 0.2823 - mae: 0.4290 - val_loss: 0.2842 - val_mse: 0.2842 - val_mae: 0.4319 - 2s/epoch - 171ms/step
Epoch 45/10000

Epoch 45: val_loss did not improve from 0.27949
12/12 - 2s - loss: 0.2835 - mse: 0.2835 - mae: 0.4306 - val_loss: 0.2816 - val_mse: 0.2816 - val_mae: 0.4288 - 2s/epoch - 170ms/step
Epoch 46/10000

Epoch 46: val_loss did not improve from 0.27949
12/12 - 2s - loss: 0.2827 - mse: 0.2827 - mae: 0.4292 - val_loss: 0.2864 - val_mse: 0.2864 - val_mae: 0.4336 - 2s/epoch - 171ms/step
Epoch 47/10000

Epoch 47: val_loss did not improve from 0.27949
12/12 - 2s - loss: 0.2850 - mse: 0.2850 - mae: 0.4312 - val_loss: 0.2800 - val_mse: 0.2800 - val_mae: 0.4280 - 2s/epoch - 171ms/step
Epoch 48/10000

Epoch 48: val_loss improved from 0.27949 to 0.27921, saving model to ./results/NN_rms_regr/ResNet/recursion_42/ckpt_1
12/12 - 3s - loss: 0.2838 - mse: 0.2838 - mae: 0.4299 - val_loss: 0.2792 - val_mse: 0.2792 - val_mae: 0.4278 - 3s/epoch - 239ms/step
Epoch 49/10000

Epoch 49: val_loss did not improve from 0.27921
12/12 - 2s - loss: 0.2826 - mse: 0.2826 - mae: 0.4289 - val_loss: 0.2802 - val_mse: 0.2802 - val_mae: 0.4289 - 2s/epoch - 170ms/step
Epoch 50/10000

Epoch 50: val_loss did not improve from 0.27921
12/12 - 2s - loss: 0.2830 - mse: 0.2830 - mae: 0.4296 - val_loss: 0.2851 - val_mse: 0.2851 - val_mae: 0.4325 - 2s/epoch - 170ms/step
Epoch 51/10000

Epoch 51: val_loss did not improve from 0.27921
12/12 - 2s - loss: 0.2842 - mse: 0.2842 - mae: 0.4303 - val_loss: 0.2804 - val_mse: 0.2804 - val_mae: 0.4287 - 2s/epoch - 171ms/step
Epoch 52/10000

Epoch 52: val_loss improved from 0.27921 to 0.27906, saving model to ./results/NN_rms_regr/ResNet/recursion_42/ckpt_1
12/12 - 3s - loss: 0.2836 - mse: 0.2836 - mae: 0.4296 - val_loss: 0.2791 - val_mse: 0.2791 - val_mae: 0.4275 - 3s/epoch - 246ms/step
Epoch 53/10000

Epoch 53: val_loss did not improve from 0.27906
12/12 - 2s - loss: 0.2829 - mse: 0.2829 - mae: 0.4291 - val_loss: 0.2796 - val_mse: 0.2796 - val_mae: 0.4280 - 2s/epoch - 171ms/step
Epoch 54/10000

Epoch 54: val_loss did not improve from 0.27906
12/12 - 2s - loss: 0.2838 - mse: 0.2838 - mae: 0.4302 - val_loss: 0.3012 - val_mse: 0.3012 - val_mae: 0.4410 - 2s/epoch - 171ms/step
Epoch 55/10000

Epoch 55: val_loss did not improve from 0.27906
12/12 - 2s - loss: 0.2864 - mse: 0.2864 - mae: 0.4311 - val_loss: 0.2880 - val_mse: 0.2880 - val_mae: 0.4347 - 2s/epoch - 171ms/step
Epoch 56/10000

Epoch 56: val_loss improved from 0.27906 to 0.27896, saving model to ./results/NN_rms_regr/ResNet/recursion_42/ckpt_1
12/12 - 3s - loss: 0.2839 - mse: 0.2839 - mae: 0.4300 - val_loss: 0.2790 - val_mse: 0.2790 - val_mae: 0.4271 - 3s/epoch - 245ms/step
Epoch 57/10000

Epoch 57: val_loss did not improve from 0.27896
12/12 - 2s - loss: 0.2822 - mse: 0.2822 - mae: 0.4288 - val_loss: 0.2802 - val_mse: 0.2802 - val_mae: 0.4281 - 2s/epoch - 171ms/step
Epoch 58/10000

Epoch 58: val_loss did not improve from 0.27896
12/12 - 2s - loss: 0.2830 - mse: 0.2830 - mae: 0.4293 - val_loss: 0.2825 - val_mse: 0.2825 - val_mae: 0.4305 - 2s/epoch - 170ms/step
Epoch 59/10000

Epoch 59: val_loss did not improve from 0.27896
12/12 - 2s - loss: 0.2828 - mse: 0.2828 - mae: 0.4289 - val_loss: 0.2838 - val_mse: 0.2838 - val_mae: 0.4297 - 2s/epoch - 171ms/step
Epoch 60/10000

Epoch 60: val_loss did not improve from 0.27896
12/12 - 2s - loss: 0.2834 - mse: 0.2834 - mae: 0.4295 - val_loss: 0.2794 - val_mse: 0.2794 - val_mae: 0.4272 - 2s/epoch - 170ms/step
Epoch 61/10000

Epoch 61: val_loss did not improve from 0.27896
12/12 - 2s - loss: 0.2836 - mse: 0.2836 - mae: 0.4295 - val_loss: 0.2906 - val_mse: 0.2906 - val_mae: 0.4341 - 2s/epoch - 171ms/step
Epoch 62/10000

Epoch 62: val_loss did not improve from 0.27896
12/12 - 2s - loss: 0.2852 - mse: 0.2852 - mae: 0.4309 - val_loss: 0.2834 - val_mse: 0.2834 - val_mae: 0.4308 - 2s/epoch - 172ms/step
Epoch 63/10000

Epoch 63: val_loss did not improve from 0.27896
12/12 - 2s - loss: 0.2832 - mse: 0.2832 - mae: 0.4291 - val_loss: 0.2790 - val_mse: 0.2790 - val_mae: 0.4271 - 2s/epoch - 170ms/step
Epoch 64/10000

Epoch 64: val_loss did not improve from 0.27896
12/12 - 2s - loss: 0.2852 - mse: 0.2852 - mae: 0.4308 - val_loss: 0.2790 - val_mse: 0.2790 - val_mae: 0.4273 - 2s/epoch - 170ms/step
Epoch 65/10000

Epoch 65: val_loss did not improve from 0.27896
12/12 - 2s - loss: 0.2838 - mse: 0.2838 - mae: 0.4298 - val_loss: 0.2924 - val_mse: 0.2924 - val_mae: 0.4376 - 2s/epoch - 171ms/step
Epoch 66/10000

Epoch 66: val_loss did not improve from 0.27896
12/12 - 2s - loss: 0.2851 - mse: 0.2851 - mae: 0.4304 - val_loss: 0.2814 - val_mse: 0.2814 - val_mae: 0.4283 - 2s/epoch - 171ms/step
Epoch 67/10000

Epoch 67: val_loss did not improve from 0.27896
12/12 - 2s - loss: 0.2833 - mse: 0.2833 - mae: 0.4291 - val_loss: 0.2792 - val_mse: 0.2792 - val_mae: 0.4269 - 2s/epoch - 171ms/step
Epoch 68/10000

Epoch 68: val_loss did not improve from 0.27896
12/12 - 2s - loss: 0.2828 - mse: 0.2828 - mae: 0.4289 - val_loss: 0.2791 - val_mse: 0.2791 - val_mae: 0.4274 - 2s/epoch - 170ms/step
Epoch 69/10000

Epoch 69: val_loss did not improve from 0.27896
12/12 - 2s - loss: 0.2817 - mse: 0.2817 - mae: 0.4283 - val_loss: 0.2792 - val_mse: 0.2792 - val_mae: 0.4272 - 2s/epoch - 170ms/step
Epoch 70/10000

Epoch 70: val_loss did not improve from 0.27896
12/12 - 2s - loss: 0.2817 - mse: 0.2817 - mae: 0.4283 - val_loss: 0.2839 - val_mse: 0.2839 - val_mae: 0.4296 - 2s/epoch - 171ms/step
Epoch 71/10000

Epoch 71: val_loss did not improve from 0.27896
12/12 - 2s - loss: 0.2884 - mse: 0.2884 - mae: 0.4322 - val_loss: 0.2880 - val_mse: 0.2880 - val_mae: 0.4344 - 2s/epoch - 171ms/step
Epoch 72/10000

Epoch 72: val_loss did not improve from 0.27896
12/12 - 2s - loss: 0.2885 - mse: 0.2885 - mae: 0.4336 - val_loss: 0.2992 - val_mse: 0.2992 - val_mae: 0.4395 - 2s/epoch - 172ms/step
Epoch 73/10000

Epoch 73: val_loss did not improve from 0.27896
12/12 - 2s - loss: 0.2914 - mse: 0.2914 - mae: 0.4351 - val_loss: 0.3173 - val_mse: 0.3173 - val_mae: 0.4554 - 2s/epoch - 171ms/step
Epoch 74/10000

Epoch 74: val_loss did not improve from 0.27896
12/12 - 2s - loss: 0.3027 - mse: 0.3027 - mae: 0.4426 - val_loss: 0.3215 - val_mse: 0.3215 - val_mae: 0.4546 - 2s/epoch - 171ms/step
Epoch 75/10000

Epoch 75: val_loss did not improve from 0.27896
12/12 - 2s - loss: 0.3045 - mse: 0.3045 - mae: 0.4441 - val_loss: 0.2797 - val_mse: 0.2797 - val_mae: 0.4279 - 2s/epoch - 169ms/step
Epoch 76/10000

Epoch 76: val_loss did not improve from 0.27896
12/12 - 2s - loss: 0.2866 - mse: 0.2866 - mae: 0.4320 - val_loss: 0.2792 - val_mse: 0.2792 - val_mae: 0.4275 - 2s/epoch - 171ms/step
Epoch 77/10000

Epoch 77: val_loss did not improve from 0.27896
12/12 - 2s - loss: 0.2832 - mse: 0.2832 - mae: 0.4291 - val_loss: 0.2790 - val_mse: 0.2790 - val_mae: 0.4274 - 2s/epoch - 170ms/step
Epoch 78/10000

Epoch 78: val_loss did not improve from 0.27896
12/12 - 2s - loss: 0.2831 - mse: 0.2831 - mae: 0.4293 - val_loss: 0.3054 - val_mse: 0.3054 - val_mae: 0.4435 - 2s/epoch - 169ms/step
Epoch 79/10000

Epoch 79: val_loss did not improve from 0.27896
12/12 - 2s - loss: 0.2928 - mse: 0.2928 - mae: 0.4359 - val_loss: 0.3298 - val_mse: 0.3298 - val_mae: 0.4648 - 2s/epoch - 170ms/step
Epoch 80/10000

Epoch 80: val_loss did not improve from 0.27896
12/12 - 2s - loss: 0.2953 - mse: 0.2953 - mae: 0.4384 - val_loss: 0.2896 - val_mse: 0.2896 - val_mae: 0.4333 - 2s/epoch - 170ms/step
Epoch 81/10000

Epoch 81: val_loss did not improve from 0.27896
12/12 - 2s - loss: 0.2931 - mse: 0.2931 - mae: 0.4357 - val_loss: 0.2811 - val_mse: 0.2811 - val_mae: 0.4283 - 2s/epoch - 171ms/step
Epoch 82/10000

Epoch 82: val_loss did not improve from 0.27896
12/12 - 2s - loss: 0.2927 - mse: 0.2927 - mae: 0.4360 - val_loss: 0.2833 - val_mse: 0.2833 - val_mae: 0.4309 - 2s/epoch - 170ms/step
Epoch 83/10000

Epoch 83: val_loss did not improve from 0.27896
12/12 - 2s - loss: 0.2859 - mse: 0.2859 - mae: 0.4311 - val_loss: 0.2797 - val_mse: 0.2797 - val_mae: 0.4269 - 2s/epoch - 171ms/step
Epoch 84/10000

Epoch 84: val_loss did not improve from 0.27896
12/12 - 2s - loss: 0.2821 - mse: 0.2821 - mae: 0.4287 - val_loss: 0.2888 - val_mse: 0.2888 - val_mae: 0.4345 - 2s/epoch - 170ms/step
Epoch 85/10000

Epoch 85: val_loss did not improve from 0.27896
12/12 - 2s - loss: 0.2896 - mse: 0.2896 - mae: 0.4340 - val_loss: 0.2811 - val_mse: 0.2811 - val_mae: 0.4278 - 2s/epoch - 171ms/step
Epoch 86/10000

Epoch 86: val_loss did not improve from 0.27896
12/12 - 2s - loss: 0.2839 - mse: 0.2839 - mae: 0.4293 - val_loss: 0.2801 - val_mse: 0.2801 - val_mae: 0.4282 - 2s/epoch - 171ms/step
Epoch 87/10000

Epoch 87: val_loss improved from 0.27896 to 0.27886, saving model to ./results/NN_rms_regr/ResNet/recursion_42/ckpt_1
12/12 - 3s - loss: 0.2826 - mse: 0.2826 - mae: 0.4285 - val_loss: 0.2789 - val_mse: 0.2789 - val_mae: 0.4268 - 3s/epoch - 245ms/step
Epoch 88/10000

Epoch 88: val_loss did not improve from 0.27886
12/12 - 2s - loss: 0.2831 - mse: 0.2831 - mae: 0.4290 - val_loss: 0.2807 - val_mse: 0.2807 - val_mae: 0.4274 - 2s/epoch - 172ms/step
Epoch 89/10000

Epoch 89: val_loss did not improve from 0.27886
12/12 - 2s - loss: 0.2824 - mse: 0.2824 - mae: 0.4286 - val_loss: 0.2859 - val_mse: 0.2859 - val_mae: 0.4324 - 2s/epoch - 170ms/step
Epoch 90/10000

Epoch 90: val_loss did not improve from 0.27886
12/12 - 2s - loss: 0.2850 - mse: 0.2850 - mae: 0.4301 - val_loss: 0.2794 - val_mse: 0.2794 - val_mae: 0.4266 - 2s/epoch - 171ms/step
Epoch 91/10000

Epoch 91: val_loss did not improve from 0.27886
12/12 - 2s - loss: 0.2848 - mse: 0.2848 - mae: 0.4303 - val_loss: 0.2813 - val_mse: 0.2813 - val_mae: 0.4277 - 2s/epoch - 171ms/step
Epoch 92/10000

Epoch 92: val_loss did not improve from 0.27886
12/12 - 2s - loss: 0.2828 - mse: 0.2828 - mae: 0.4286 - val_loss: 0.2791 - val_mse: 0.2791 - val_mae: 0.4265 - 2s/epoch - 170ms/step
Epoch 93/10000

Epoch 93: val_loss did not improve from 0.27886
12/12 - 2s - loss: 0.2835 - mse: 0.2835 - mae: 0.4292 - val_loss: 0.2848 - val_mse: 0.2848 - val_mae: 0.4314 - 2s/epoch - 170ms/step
Epoch 94/10000

Epoch 94: val_loss did not improve from 0.27886
12/12 - 2s - loss: 0.2838 - mse: 0.2838 - mae: 0.4294 - val_loss: 0.2821 - val_mse: 0.2821 - val_mae: 0.4282 - 2s/epoch - 172ms/step
Epoch 95/10000

Epoch 95: val_loss did not improve from 0.27886
12/12 - 2s - loss: 0.2842 - mse: 0.2842 - mae: 0.4297 - val_loss: 0.2789 - val_mse: 0.2789 - val_mae: 0.4267 - 2s/epoch - 170ms/step
Epoch 96/10000

Epoch 96: val_loss did not improve from 0.27886
12/12 - 2s - loss: 0.2816 - mse: 0.2816 - mae: 0.4276 - val_loss: 0.2920 - val_mse: 0.2920 - val_mae: 0.4369 - 2s/epoch - 170ms/step
Epoch 97/10000

Epoch 97: val_loss improved from 0.27886 to 0.27864, saving model to ./results/NN_rms_regr/ResNet/recursion_42/ckpt_1
12/12 - 3s - loss: 0.2884 - mse: 0.2884 - mae: 0.4319 - val_loss: 0.2786 - val_mse: 0.2786 - val_mae: 0.4266 - 3s/epoch - 247ms/step
Epoch 98/10000

Epoch 98: val_loss did not improve from 0.27864
12/12 - 2s - loss: 0.2831 - mse: 0.2831 - mae: 0.4289 - val_loss: 0.2852 - val_mse: 0.2852 - val_mae: 0.4322 - 2s/epoch - 170ms/step
Epoch 99/10000

Epoch 99: val_loss did not improve from 0.27864
12/12 - 2s - loss: 0.2836 - mse: 0.2836 - mae: 0.4293 - val_loss: 0.2787 - val_mse: 0.2787 - val_mae: 0.4266 - 2s/epoch - 172ms/step
Epoch 100/10000

Epoch 100: val_loss did not improve from 0.27864
12/12 - 2s - loss: 0.2815 - mse: 0.2815 - mae: 0.4277 - val_loss: 0.2798 - val_mse: 0.2798 - val_mae: 0.4278 - 2s/epoch - 170ms/step
Epoch 101/10000

Epoch 101: val_loss did not improve from 0.27864
12/12 - 2s - loss: 0.2843 - mse: 0.2843 - mae: 0.4295 - val_loss: 0.2840 - val_mse: 0.2840 - val_mae: 0.4293 - 2s/epoch - 170ms/step
Epoch 102/10000

Epoch 102: val_loss did not improve from 0.27864
12/12 - 2s - loss: 0.2876 - mse: 0.2876 - mae: 0.4316 - val_loss: 0.3231 - val_mse: 0.3231 - val_mae: 0.4600 - 2s/epoch - 171ms/step
Epoch 103/10000

Epoch 103: val_loss did not improve from 0.27864
12/12 - 2s - loss: 0.2970 - mse: 0.2970 - mae: 0.4389 - val_loss: 0.2837 - val_mse: 0.2837 - val_mae: 0.4297 - 2s/epoch - 171ms/step
Epoch 104/10000

Epoch 104: val_loss improved from 0.27864 to 0.27863, saving model to ./results/NN_rms_regr/ResNet/recursion_42/ckpt_1
12/12 - 3s - loss: 0.2995 - mse: 0.2995 - mae: 0.4403 - val_loss: 0.2786 - val_mse: 0.2786 - val_mae: 0.4267 - 3s/epoch - 241ms/step
Epoch 105/10000

Epoch 105: val_loss did not improve from 0.27863
12/12 - 2s - loss: 0.2954 - mse: 0.2954 - mae: 0.4379 - val_loss: 0.2864 - val_mse: 0.2864 - val_mae: 0.4328 - 2s/epoch - 171ms/step
Epoch 106/10000

Epoch 106: val_loss did not improve from 0.27863
12/12 - 2s - loss: 0.2850 - mse: 0.2850 - mae: 0.4304 - val_loss: 0.2844 - val_mse: 0.2844 - val_mae: 0.4312 - 2s/epoch - 170ms/step
Epoch 107/10000

Epoch 107: val_loss did not improve from 0.27863
12/12 - 2s - loss: 0.2838 - mse: 0.2838 - mae: 0.4292 - val_loss: 0.2789 - val_mse: 0.2789 - val_mae: 0.4267 - 2s/epoch - 171ms/step
Epoch 108/10000

Epoch 108: val_loss improved from 0.27863 to 0.27862, saving model to ./results/NN_rms_regr/ResNet/recursion_42/ckpt_1
12/12 - 3s - loss: 0.2818 - mse: 0.2818 - mae: 0.4279 - val_loss: 0.2786 - val_mse: 0.2786 - val_mae: 0.4265 - 3s/epoch - 245ms/step
Epoch 109/10000

Epoch 109: val_loss did not improve from 0.27862
12/12 - 2s - loss: 0.2808 - mse: 0.2808 - mae: 0.4271 - val_loss: 0.2881 - val_mse: 0.2881 - val_mae: 0.4319 - 2s/epoch - 172ms/step
Epoch 110/10000

Epoch 110: val_loss did not improve from 0.27862
12/12 - 2s - loss: 0.2840 - mse: 0.2840 - mae: 0.4292 - val_loss: 0.2791 - val_mse: 0.2791 - val_mae: 0.4268 - 2s/epoch - 175ms/step
Epoch 111/10000

Epoch 111: val_loss did not improve from 0.27862
12/12 - 2s - loss: 0.2822 - mse: 0.2822 - mae: 0.4282 - val_loss: 0.2797 - val_mse: 0.2797 - val_mae: 0.4277 - 2s/epoch - 171ms/step
Epoch 112/10000

Epoch 112: val_loss did not improve from 0.27862
12/12 - 2s - loss: 0.2813 - mse: 0.2813 - mae: 0.4275 - val_loss: 0.2787 - val_mse: 0.2787 - val_mae: 0.4267 - 2s/epoch - 171ms/step
Epoch 113/10000

Epoch 113: val_loss did not improve from 0.27862
12/12 - 2s - loss: 0.2810 - mse: 0.2810 - mae: 0.4269 - val_loss: 0.2814 - val_mse: 0.2814 - val_mae: 0.4289 - 2s/epoch - 171ms/step
Epoch 114/10000

Epoch 114: val_loss did not improve from 0.27862
12/12 - 2s - loss: 0.2823 - mse: 0.2823 - mae: 0.4281 - val_loss: 0.2811 - val_mse: 0.2811 - val_mae: 0.4275 - 2s/epoch - 169ms/step
Epoch 115/10000

Epoch 115: val_loss improved from 0.27862 to 0.27819, saving model to ./results/NN_rms_regr/ResNet/recursion_42/ckpt_1
12/12 - 3s - loss: 0.2883 - mse: 0.2883 - mae: 0.4325 - val_loss: 0.2782 - val_mse: 0.2782 - val_mae: 0.4261 - 3s/epoch - 239ms/step
Epoch 116/10000

Epoch 116: val_loss did not improve from 0.27819
12/12 - 2s - loss: 0.2823 - mse: 0.2823 - mae: 0.4282 - val_loss: 0.2794 - val_mse: 0.2794 - val_mae: 0.4271 - 2s/epoch - 171ms/step
Epoch 117/10000

Epoch 117: val_loss did not improve from 0.27819
12/12 - 2s - loss: 0.2821 - mse: 0.2821 - mae: 0.4280 - val_loss: 0.2793 - val_mse: 0.2793 - val_mae: 0.4263 - 2s/epoch - 172ms/step
Epoch 118/10000

Epoch 118: val_loss did not improve from 0.27819
12/12 - 2s - loss: 0.2835 - mse: 0.2835 - mae: 0.4287 - val_loss: 0.2784 - val_mse: 0.2784 - val_mae: 0.4262 - 2s/epoch - 172ms/step
Epoch 119/10000

Epoch 119: val_loss did not improve from 0.27819
12/12 - 2s - loss: 0.2828 - mse: 0.2828 - mae: 0.4285 - val_loss: 0.2822 - val_mse: 0.2822 - val_mae: 0.4291 - 2s/epoch - 170ms/step
Epoch 120/10000

Epoch 120: val_loss did not improve from 0.27819
12/12 - 2s - loss: 0.2880 - mse: 0.2880 - mae: 0.4330 - val_loss: 0.2784 - val_mse: 0.2784 - val_mae: 0.4257 - 2s/epoch - 173ms/step
Epoch 121/10000

Epoch 121: val_loss did not improve from 0.27819
12/12 - 2s - loss: 0.2879 - mse: 0.2879 - mae: 0.4314 - val_loss: 0.2786 - val_mse: 0.2786 - val_mae: 0.4260 - 2s/epoch - 171ms/step
Epoch 122/10000

Epoch 122: val_loss did not improve from 0.27819
12/12 - 2s - loss: 0.2894 - mse: 0.2894 - mae: 0.4335 - val_loss: 0.2785 - val_mse: 0.2785 - val_mae: 0.4259 - 2s/epoch - 171ms/step
Epoch 123/10000

Epoch 123: val_loss did not improve from 0.27819
12/12 - 2s - loss: 0.2901 - mse: 0.2901 - mae: 0.4342 - val_loss: 0.2839 - val_mse: 0.2839 - val_mae: 0.4309 - 2s/epoch - 172ms/step
Epoch 124/10000

Epoch 124: val_loss did not improve from 0.27819
12/12 - 2s - loss: 0.2837 - mse: 0.2837 - mae: 0.4288 - val_loss: 0.2784 - val_mse: 0.2784 - val_mae: 0.4262 - 2s/epoch - 171ms/step
Epoch 125/10000

Epoch 125: val_loss did not improve from 0.27819
12/12 - 2s - loss: 0.2820 - mse: 0.2820 - mae: 0.4277 - val_loss: 0.2783 - val_mse: 0.2783 - val_mae: 0.4258 - 2s/epoch - 171ms/step
Epoch 126/10000

Epoch 126: val_loss did not improve from 0.27819
12/12 - 2s - loss: 0.2835 - mse: 0.2835 - mae: 0.4284 - val_loss: 0.2869 - val_mse: 0.2869 - val_mae: 0.4329 - 2s/epoch - 172ms/step
Epoch 127/10000

Epoch 127: val_loss did not improve from 0.27819
12/12 - 2s - loss: 0.2850 - mse: 0.2850 - mae: 0.4298 - val_loss: 0.2788 - val_mse: 0.2788 - val_mae: 0.4260 - 2s/epoch - 171ms/step
Epoch 128/10000

Epoch 128: val_loss did not improve from 0.27819
12/12 - 2s - loss: 0.2820 - mse: 0.2820 - mae: 0.4277 - val_loss: 0.2813 - val_mse: 0.2813 - val_mae: 0.4286 - 2s/epoch - 172ms/step
Epoch 129/10000

Epoch 129: val_loss did not improve from 0.27819
12/12 - 2s - loss: 0.2903 - mse: 0.2903 - mae: 0.4331 - val_loss: 0.2842 - val_mse: 0.2842 - val_mae: 0.4313 - 2s/epoch - 171ms/step
Epoch 130/10000

Epoch 130: val_loss did not improve from 0.27819
12/12 - 2s - loss: 0.2913 - mse: 0.2913 - mae: 0.4345 - val_loss: 0.2783 - val_mse: 0.2783 - val_mae: 0.4259 - 2s/epoch - 171ms/step
Epoch 131/10000

Epoch 131: val_loss did not improve from 0.27819
12/12 - 2s - loss: 0.2826 - mse: 0.2826 - mae: 0.4286 - val_loss: 0.2785 - val_mse: 0.2785 - val_mae: 0.4258 - 2s/epoch - 172ms/step
Epoch 132/10000

Epoch 132: val_loss did not improve from 0.27819
12/12 - 2s - loss: 0.2819 - mse: 0.2819 - mae: 0.4277 - val_loss: 0.2795 - val_mse: 0.2795 - val_mae: 0.4270 - 2s/epoch - 171ms/step
Epoch 133/10000

Epoch 133: val_loss did not improve from 0.27819
12/12 - 2s - loss: 0.2833 - mse: 0.2833 - mae: 0.4286 - val_loss: 0.2789 - val_mse: 0.2789 - val_mae: 0.4259 - 2s/epoch - 172ms/step
Epoch 134/10000

Epoch 134: val_loss did not improve from 0.27819
12/12 - 2s - loss: 0.2820 - mse: 0.2820 - mae: 0.4276 - val_loss: 0.2860 - val_mse: 0.2860 - val_mae: 0.4320 - 2s/epoch - 171ms/step
Epoch 135/10000

Epoch 135: val_loss did not improve from 0.27819
12/12 - 2s - loss: 0.2843 - mse: 0.2843 - mae: 0.4295 - val_loss: 0.2812 - val_mse: 0.2812 - val_mae: 0.4283 - 2s/epoch - 171ms/step
Epoch 136/10000

Epoch 136: val_loss did not improve from 0.27819
12/12 - 2s - loss: 0.2897 - mse: 0.2897 - mae: 0.4336 - val_loss: 0.2844 - val_mse: 0.2844 - val_mae: 0.4292 - 2s/epoch - 171ms/step
Epoch 137/10000

Epoch 137: val_loss improved from 0.27819 to 0.27799, saving model to ./results/NN_rms_regr/ResNet/recursion_42/ckpt_1
12/12 - 3s - loss: 0.2841 - mse: 0.2841 - mae: 0.4293 - val_loss: 0.2780 - val_mse: 0.2780 - val_mae: 0.4257 - 3s/epoch - 244ms/step
Epoch 138/10000

Epoch 138: val_loss did not improve from 0.27799
12/12 - 2s - loss: 0.2824 - mse: 0.2824 - mae: 0.4282 - val_loss: 0.2842 - val_mse: 0.2842 - val_mae: 0.4310 - 2s/epoch - 171ms/step
Epoch 139/10000

Epoch 139: val_loss did not improve from 0.27799
12/12 - 2s - loss: 0.2840 - mse: 0.2840 - mae: 0.4291 - val_loss: 0.2891 - val_mse: 0.2891 - val_mae: 0.4344 - 2s/epoch - 171ms/step
Epoch 140/10000

Epoch 140: val_loss did not improve from 0.27799
12/12 - 2s - loss: 0.2946 - mse: 0.2946 - mae: 0.4365 - val_loss: 0.3231 - val_mse: 0.3231 - val_mae: 0.4596 - 2s/epoch - 171ms/step
Epoch 141/10000

Epoch 141: val_loss did not improve from 0.27799
12/12 - 2s - loss: 0.3103 - mse: 0.3103 - mae: 0.4481 - val_loss: 0.2869 - val_mse: 0.2869 - val_mae: 0.4327 - 2s/epoch - 171ms/step
Epoch 142/10000

Epoch 142: val_loss did not improve from 0.27799
12/12 - 2s - loss: 0.2913 - mse: 0.2913 - mae: 0.4345 - val_loss: 0.2797 - val_mse: 0.2797 - val_mae: 0.4268 - 2s/epoch - 172ms/step
Epoch 143/10000

Epoch 143: val_loss did not improve from 0.27799
12/12 - 2s - loss: 0.2862 - mse: 0.2862 - mae: 0.4314 - val_loss: 0.2829 - val_mse: 0.2829 - val_mae: 0.4284 - 2s/epoch - 172ms/step
Epoch 144/10000

Epoch 144: val_loss did not improve from 0.27799
12/12 - 2s - loss: 0.2884 - mse: 0.2884 - mae: 0.4320 - val_loss: 0.3053 - val_mse: 0.3053 - val_mae: 0.4466 - 2s/epoch - 172ms/step
Epoch 145/10000

Epoch 145: val_loss did not improve from 0.27799
12/12 - 2s - loss: 0.2889 - mse: 0.2889 - mae: 0.4328 - val_loss: 0.2786 - val_mse: 0.2786 - val_mae: 0.4262 - 2s/epoch - 173ms/step
Epoch 146/10000

Epoch 146: val_loss did not improve from 0.27799
12/12 - 2s - loss: 0.2817 - mse: 0.2817 - mae: 0.4280 - val_loss: 0.2834 - val_mse: 0.2834 - val_mae: 0.4287 - 2s/epoch - 171ms/step
Epoch 147/10000

Epoch 147: val_loss did not improve from 0.27799
12/12 - 2s - loss: 0.2851 - mse: 0.2851 - mae: 0.4300 - val_loss: 0.2843 - val_mse: 0.2843 - val_mae: 0.4308 - 2s/epoch - 171ms/step
Epoch 148/10000

Epoch 148: val_loss improved from 0.27799 to 0.27797, saving model to ./results/NN_rms_regr/ResNet/recursion_42/ckpt_1
12/12 - 3s - loss: 0.2875 - mse: 0.2875 - mae: 0.4320 - val_loss: 0.2780 - val_mse: 0.2780 - val_mae: 0.4255 - 3s/epoch - 246ms/step
Epoch 149/10000

Epoch 149: val_loss did not improve from 0.27797
12/12 - 2s - loss: 0.2835 - mse: 0.2835 - mae: 0.4288 - val_loss: 0.2920 - val_mse: 0.2920 - val_mae: 0.4341 - 2s/epoch - 172ms/step
Epoch 150/10000

Epoch 150: val_loss did not improve from 0.27797
12/12 - 2s - loss: 0.2923 - mse: 0.2923 - mae: 0.4347 - val_loss: 0.2977 - val_mse: 0.2977 - val_mae: 0.4380 - 2s/epoch - 172ms/step
Epoch 151/10000

Epoch 151: val_loss did not improve from 0.27797
12/12 - 2s - loss: 0.2868 - mse: 0.2868 - mae: 0.4308 - val_loss: 0.2783 - val_mse: 0.2783 - val_mae: 0.4264 - 2s/epoch - 171ms/step
Epoch 152/10000

Epoch 152: val_loss did not improve from 0.27797
12/12 - 2s - loss: 0.2858 - mse: 0.2858 - mae: 0.4304 - val_loss: 0.2838 - val_mse: 0.2838 - val_mae: 0.4293 - 2s/epoch - 170ms/step
Epoch 153/10000

Epoch 153: val_loss did not improve from 0.27797
12/12 - 2s - loss: 0.2852 - mse: 0.2852 - mae: 0.4298 - val_loss: 0.2912 - val_mse: 0.2912 - val_mae: 0.4366 - 2s/epoch - 172ms/step
Epoch 154/10000

Epoch 154: val_loss did not improve from 0.27797
12/12 - 2s - loss: 0.2886 - mse: 0.2886 - mae: 0.4317 - val_loss: 0.2821 - val_mse: 0.2821 - val_mae: 0.4296 - 2s/epoch - 172ms/step
Epoch 155/10000

Epoch 155: val_loss did not improve from 0.27797
12/12 - 2s - loss: 0.2831 - mse: 0.2831 - mae: 0.4282 - val_loss: 0.2781 - val_mse: 0.2781 - val_mae: 0.4257 - 2s/epoch - 172ms/step
Epoch 156/10000

Epoch 156: val_loss did not improve from 0.27797
12/12 - 2s - loss: 0.2832 - mse: 0.2832 - mae: 0.4285 - val_loss: 0.3003 - val_mse: 0.3003 - val_mae: 0.4398 - 2s/epoch - 171ms/step
Epoch 157/10000

Epoch 157: val_loss did not improve from 0.27797
12/12 - 2s - loss: 0.2853 - mse: 0.2853 - mae: 0.4302 - val_loss: 0.2857 - val_mse: 0.2857 - val_mae: 0.4318 - 2s/epoch - 173ms/step
Epoch 158/10000

Epoch 158: val_loss did not improve from 0.27797
12/12 - 2s - loss: 0.2910 - mse: 0.2910 - mae: 0.4338 - val_loss: 0.2824 - val_mse: 0.2824 - val_mae: 0.4298 - 2s/epoch - 171ms/step
Epoch 159/10000

Epoch 159: val_loss did not improve from 0.27797
12/12 - 2s - loss: 0.2852 - mse: 0.2852 - mae: 0.4303 - val_loss: 0.3050 - val_mse: 0.3050 - val_mae: 0.4432 - 2s/epoch - 171ms/step
Epoch 160/10000

Epoch 160: val_loss did not improve from 0.27797
12/12 - 2s - loss: 0.2939 - mse: 0.2939 - mae: 0.4369 - val_loss: 0.2940 - val_mse: 0.2940 - val_mae: 0.4354 - 2s/epoch - 173ms/step
Epoch 161/10000

Epoch 161: val_loss did not improve from 0.27797
12/12 - 2s - loss: 0.2922 - mse: 0.2922 - mae: 0.4338 - val_loss: 0.3040 - val_mse: 0.3040 - val_mae: 0.4455 - 2s/epoch - 171ms/step
Epoch 162/10000

Epoch 162: val_loss did not improve from 0.27797
12/12 - 2s - loss: 0.3088 - mse: 0.3088 - mae: 0.4458 - val_loss: 0.3226 - val_mse: 0.3226 - val_mae: 0.4586 - 2s/epoch - 171ms/step
Epoch 163/10000

Epoch 163: val_loss did not improve from 0.27797
12/12 - 2s - loss: 0.2986 - mse: 0.2986 - mae: 0.4401 - val_loss: 0.2827 - val_mse: 0.2827 - val_mae: 0.4282 - 2s/epoch - 172ms/step
Epoch 164/10000

Epoch 164: val_loss did not improve from 0.27797
12/12 - 2s - loss: 0.2843 - mse: 0.2843 - mae: 0.4295 - val_loss: 0.2807 - val_mse: 0.2807 - val_mae: 0.4269 - 2s/epoch - 172ms/step
Epoch 165/10000

Epoch 165: val_loss did not improve from 0.27797
12/12 - 2s - loss: 0.2868 - mse: 0.2868 - mae: 0.4308 - val_loss: 0.2798 - val_mse: 0.2798 - val_mae: 0.4271 - 2s/epoch - 171ms/step
Epoch 166/10000

Epoch 166: val_loss did not improve from 0.27797
12/12 - 2s - loss: 0.2832 - mse: 0.2832 - mae: 0.4286 - val_loss: 0.2791 - val_mse: 0.2791 - val_mae: 0.4260 - 2s/epoch - 171ms/step
Epoch 167/10000

Epoch 167: val_loss did not improve from 0.27797
12/12 - 2s - loss: 0.2822 - mse: 0.2822 - mae: 0.4279 - val_loss: 0.2938 - val_mse: 0.2938 - val_mae: 0.4354 - 2s/epoch - 171ms/step
Epoch 168/10000

Epoch 168: val_loss did not improve from 0.27797
12/12 - 2s - loss: 0.2855 - mse: 0.2855 - mae: 0.4297 - val_loss: 0.2836 - val_mse: 0.2836 - val_mae: 0.4288 - 2s/epoch - 172ms/step
Epoch 169/10000

Epoch 169: val_loss did not improve from 0.27797
12/12 - 2s - loss: 0.2920 - mse: 0.2920 - mae: 0.4336 - val_loss: 0.3001 - val_mse: 0.3001 - val_mae: 0.4433 - 2s/epoch - 171ms/step
Epoch 170/10000

Epoch 170: val_loss did not improve from 0.27797
12/12 - 2s - loss: 0.2885 - mse: 0.2885 - mae: 0.4322 - val_loss: 0.2910 - val_mse: 0.2910 - val_mae: 0.4361 - 2s/epoch - 170ms/step
Epoch 171/10000

Epoch 171: val_loss did not improve from 0.27797
12/12 - 2s - loss: 0.2902 - mse: 0.2902 - mae: 0.4338 - val_loss: 0.2845 - val_mse: 0.2845 - val_mae: 0.4294 - 2s/epoch - 172ms/step
Epoch 172/10000

Epoch 172: val_loss did not improve from 0.27797
12/12 - 2s - loss: 0.2864 - mse: 0.2864 - mae: 0.4307 - val_loss: 0.2782 - val_mse: 0.2782 - val_mae: 0.4255 - 2s/epoch - 171ms/step
Epoch 173/10000

Epoch 173: val_loss did not improve from 0.27797
12/12 - 2s - loss: 0.2830 - mse: 0.2830 - mae: 0.4281 - val_loss: 0.2863 - val_mse: 0.2863 - val_mae: 0.4305 - 2s/epoch - 170ms/step
Epoch 174/10000

Epoch 174: val_loss did not improve from 0.27797
12/12 - 2s - loss: 0.2847 - mse: 0.2847 - mae: 0.4292 - val_loss: 0.2785 - val_mse: 0.2785 - val_mae: 0.4257 - 2s/epoch - 171ms/step
Epoch 175/10000

Epoch 175: val_loss did not improve from 0.27797
12/12 - 2s - loss: 0.2824 - mse: 0.2824 - mae: 0.4286 - val_loss: 0.2783 - val_mse: 0.2783 - val_mae: 0.4255 - 2s/epoch - 174ms/step
Epoch 176/10000

Epoch 176: val_loss did not improve from 0.27797
12/12 - 2s - loss: 0.2824 - mse: 0.2824 - mae: 0.4281 - val_loss: 0.2841 - val_mse: 0.2841 - val_mae: 0.4290 - 2s/epoch - 172ms/step
Epoch 177/10000

Epoch 177: val_loss did not improve from 0.27797
12/12 - 2s - loss: 0.2828 - mse: 0.2828 - mae: 0.4281 - val_loss: 0.2786 - val_mse: 0.2786 - val_mae: 0.4264 - 2s/epoch - 172ms/step
Epoch 178/10000

Epoch 178: val_loss did not improve from 0.27797
12/12 - 2s - loss: 0.2878 - mse: 0.2878 - mae: 0.4311 - val_loss: 0.2896 - val_mse: 0.2896 - val_mae: 0.4353 - 2s/epoch - 171ms/step
Epoch 179/10000

Epoch 179: val_loss did not improve from 0.27797
12/12 - 2s - loss: 0.2837 - mse: 0.2837 - mae: 0.4294 - val_loss: 0.2780 - val_mse: 0.2780 - val_mae: 0.4256 - 2s/epoch - 171ms/step
Epoch 180/10000

Epoch 180: val_loss did not improve from 0.27797
12/12 - 2s - loss: 0.2811 - mse: 0.2811 - mae: 0.4265 - val_loss: 0.2783 - val_mse: 0.2783 - val_mae: 0.4261 - 2s/epoch - 171ms/step
Epoch 181/10000

Epoch 181: val_loss did not improve from 0.27797
12/12 - 2s - loss: 0.2826 - mse: 0.2826 - mae: 0.4282 - val_loss: 0.2857 - val_mse: 0.2857 - val_mae: 0.4300 - 2s/epoch - 172ms/step
Epoch 182/10000

Epoch 182: val_loss did not improve from 0.27797
12/12 - 2s - loss: 0.2903 - mse: 0.2903 - mae: 0.4331 - val_loss: 0.3084 - val_mse: 0.3084 - val_mae: 0.4455 - 2s/epoch - 171ms/step
Epoch 183/10000

Epoch 183: val_loss did not improve from 0.27797
12/12 - 2s - loss: 0.2889 - mse: 0.2889 - mae: 0.4324 - val_loss: 0.2825 - val_mse: 0.2825 - val_mae: 0.4280 - 2s/epoch - 170ms/step
Epoch 184/10000

Epoch 184: val_loss did not improve from 0.27797
12/12 - 2s - loss: 0.2861 - mse: 0.2861 - mae: 0.4309 - val_loss: 0.2783 - val_mse: 0.2783 - val_mae: 0.4256 - 2s/epoch - 173ms/step
Epoch 185/10000

Epoch 185: val_loss did not improve from 0.27797
12/12 - 2s - loss: 0.2827 - mse: 0.2827 - mae: 0.4282 - val_loss: 0.2804 - val_mse: 0.2804 - val_mae: 0.4278 - 2s/epoch - 171ms/step
Epoch 186/10000

Epoch 186: val_loss did not improve from 0.27797
12/12 - 2s - loss: 0.2847 - mse: 0.2847 - mae: 0.4298 - val_loss: 0.2781 - val_mse: 0.2781 - val_mae: 0.4255 - 2s/epoch - 172ms/step
Epoch 187/10000

Epoch 187: val_loss did not improve from 0.27797
12/12 - 2s - loss: 0.2862 - mse: 0.2862 - mae: 0.4308 - val_loss: 0.2865 - val_mse: 0.2865 - val_mae: 0.4308 - 2s/epoch - 172ms/step
Epoch 188/10000

Epoch 188: val_loss did not improve from 0.27797
12/12 - 2s - loss: 0.2881 - mse: 0.2881 - mae: 0.4314 - val_loss: 0.3114 - val_mse: 0.3114 - val_mae: 0.4512 - 2s/epoch - 172ms/step
Epoch 189/10000

Epoch 189: val_loss did not improve from 0.27797
12/12 - 2s - loss: 0.2913 - mse: 0.2913 - mae: 0.4341 - val_loss: 0.2797 - val_mse: 0.2797 - val_mae: 0.4271 - 2s/epoch - 170ms/step
Epoch 190/10000

Epoch 190: val_loss did not improve from 0.27797
12/12 - 2s - loss: 0.2822 - mse: 0.2822 - mae: 0.4276 - val_loss: 0.2786 - val_mse: 0.2786 - val_mae: 0.4256 - 2s/epoch - 171ms/step
Epoch 191/10000

Epoch 191: val_loss did not improve from 0.27797
12/12 - 2s - loss: 0.2811 - mse: 0.2811 - mae: 0.4268 - val_loss: 0.2785 - val_mse: 0.2785 - val_mae: 0.4255 - 2s/epoch - 171ms/step
Epoch 192/10000

Epoch 192: val_loss did not improve from 0.27797
12/12 - 2s - loss: 0.2835 - mse: 0.2835 - mae: 0.4287 - val_loss: 0.2807 - val_mse: 0.2807 - val_mae: 0.4278 - 2s/epoch - 170ms/step
Epoch 193/10000

Epoch 193: val_loss did not improve from 0.27797
12/12 - 2s - loss: 0.2852 - mse: 0.2852 - mae: 0.4299 - val_loss: 0.3074 - val_mse: 0.3074 - val_mae: 0.4450 - 2s/epoch - 170ms/step
Epoch 194/10000

Epoch 194: val_loss did not improve from 0.27797
12/12 - 2s - loss: 0.2925 - mse: 0.2925 - mae: 0.4345 - val_loss: 0.2807 - val_mse: 0.2807 - val_mae: 0.4271 - 2s/epoch - 171ms/step
Epoch 195/10000

Epoch 195: val_loss did not improve from 0.27797
12/12 - 2s - loss: 0.2935 - mse: 0.2935 - mae: 0.4360 - val_loss: 0.3196 - val_mse: 0.3196 - val_mae: 0.4571 - 2s/epoch - 171ms/step
Epoch 196/10000

Epoch 196: val_loss did not improve from 0.27797
12/12 - 2s - loss: 0.3012 - mse: 0.3012 - mae: 0.4401 - val_loss: 0.2781 - val_mse: 0.2781 - val_mae: 0.4260 - 2s/epoch - 173ms/step
Epoch 197/10000

Epoch 197: val_loss did not improve from 0.27797
12/12 - 2s - loss: 0.2847 - mse: 0.2847 - mae: 0.4300 - val_loss: 0.2817 - val_mse: 0.2817 - val_mae: 0.4286 - 2s/epoch - 172ms/step
Epoch 198/10000

Epoch 198: val_loss did not improve from 0.27797
12/12 - 2s - loss: 0.2830 - mse: 0.2830 - mae: 0.4284 - val_loss: 0.2783 - val_mse: 0.2783 - val_mae: 0.4256 - 2s/epoch - 171ms/step
Epoch 198: early stopping
