[0.772476 0.95796  1.13892  1.31988  1.50084  1.6818   1.86276  2.04372
 2.22468  2.40564  2.5866   2.76756  2.94852  3.12948  3.31044  3.4914
 3.67236  3.85332  4.03428  4.21524  4.3962   4.57716  4.75812  4.93908
 5.12004  5.301   ]
Before undersampling: [(0, 11), (1, 39), (2, 115), (3, 362), (4, 1078), (5, 3055), (6, 3442), (7, 2347), (8, 2192), (9, 2045), (10, 1798), (11, 1759), (12, 1575), (13, 1285), (14, 1141), (15, 851), (16, 754), (17, 607), (18, 484), (19, 419), (20, 334), (21, 313), (22, 265), (23, 211), (24, 176)]
After undersampling: [(0, 11), (1, 9), (2, 35), (3, 106), (4, 210), (5, 396), (6, 77), (7, 481), (8, 98), (9, 108), (10, 199), (11, 215), (12, 173), (13, 29), (14, 141), (15, 43), (16, 31), (17, 88), (18, 23), (19, 42), (20, 25), (21, 23), (22, 40), (23, 11), (24, 13)]
      label  HH_0_0_x  HV_0_0_x  IA_0_0_x       FYI      DFYI       MYI     rms_0     thk_1     rms_1     thk_2     rms_2     thk_3     rms_3     thk_4  ...         2         3    4    5         6         7    8    9        10        11   12   13        14        15                                                CNN
0     0.858  0.184314  0.054902  0.108219  0.677054  0.244229  0.078717  4.574475  1.157741  4.598907  1.135613  4.568877  1.137049  4.555604  1.121105  ...  1.794105  1.232723  0.0  0.0  1.676458  0.457529  0.0  0.0  2.629072  1.680807  0.0  0.0  2.071088  0.997636  [[[[0.2274509803921568], [0.1081809698366651],...
1     0.922  0.219608  0.043137  0.095634  0.054778  0.917930  0.027292  4.928114  1.252795  4.933641  1.183038  4.945711  1.206833  4.951181  1.185736  ...  1.858653  0.958789  0.0  0.0  1.482595  0.882993  0.0  0.0  1.813574  1.036300  0.0  0.0  1.021202  0.304315  [[[[0.1215686274509803], [0.0955935010723039],...
2     0.934  0.192157  0.031373  0.097116  0.587126  0.332548  0.080326  4.575322  1.137139  4.539704  1.094642  4.548931  1.119177  4.518337  1.101500  ...  2.465073  1.454735  0.0  0.0  1.664574  0.567139  0.0  0.0  1.608063  1.070126  0.0  0.0  1.394648  0.755752  [[[[0.1215686274509803], [0.0971558065975413],...
3     0.895  0.188235  0.035294  0.097129  0.495887  0.419141  0.084972  4.582605  1.146608  4.565219  1.119833  4.570570  1.106200  4.542815  1.111984  ...  1.455201  0.920117  0.0  0.0  1.215891  0.197614  0.0  0.0  2.230993  1.186736  0.0  0.0  1.461483  0.813507  [[[[0.188235294117647], [0.0971691505581724], ...
4     0.944  0.325490  0.066667  0.096222  0.002803  0.962774  0.034423  5.199004  1.323369  5.165545  1.259931  5.168842  1.279109  5.193098  1.257963  ...  2.084994  0.914255  0.0  0.0  1.564887  0.758167  0.0  0.0  1.739678  1.101263  0.0  0.0  1.458454  0.544326  [[[[0.2745098039215686], [0.0962616415584788],...
...     ...       ...       ...       ...       ...       ...       ...       ...       ...       ...       ...       ...       ...       ...       ...  ...       ...       ...  ...  ...       ...       ...  ...  ...       ...       ...  ...  ...       ...       ...                                                ...
2622  5.199  0.274510  0.090196  0.093369  0.006926  0.799138  0.193936  5.377112  1.370235  5.352029  1.282032  5.337650  1.314092  5.390152  1.293088  ...  1.687038  0.527759  0.0  0.0  1.464496  0.508553  0.0  0.0  1.729611  0.999547  0.0  0.0  1.593314  0.147335  [[[[0.3294117647058823], [0.0934089436250574],...
2623  5.266  0.227451  0.058824  0.093275  0.064507  0.875498  0.059994  5.121909  1.273320  4.973655  1.202230  5.007440  1.246945  5.039929  1.219685  ...  2.305115  1.248270  0.0  0.0  2.249865  1.120212  0.0  0.0  2.418034  1.649556  0.0  0.0  1.780897  0.618404  [[[[0.2470588235294117], [0.0933153638652726],...
2624  5.163  0.313725  0.082353  0.093222  0.028550  0.764735  0.206715  5.190975  1.296560  5.121880  1.264090  5.138516  1.239793  5.142396  1.276656  ...  1.760795  1.060717  0.0  0.0  1.672376  0.423121  0.0  0.0  2.715620  1.626729  0.0  0.0  2.054150  1.430491  [[[[0.2588235294117647], [0.0932618833055683],...
2625  5.268  0.247059  0.074510  0.092660  0.008293  0.647847  0.343860  5.255385  1.313161  5.174481  1.249301  5.196196  1.242772  5.216737  1.263871  ...  2.510308  1.177816  0.0  0.0  1.211148  0.661187  0.0  0.0  2.276142  1.467259  0.0  0.0  1.682150  0.486850  [[[[0.2941176470588235], [0.0927003748276654],...
2626  5.209  0.250980  0.078431  0.091818  0.013138  0.592323  0.394538  5.261995  1.310655  5.176517  1.257635  5.203863  1.273586  5.248080  1.271541  ...  1.964282  0.985377  0.0  0.0  1.379387  0.930391  0.0  0.0  2.228479  1.557514  0.0  0.0  1.999275  0.562866  [[[[0.3254901960784314], [0.0918581046310125],...

[2627 rows x 38 columns]
Size of dataset: (2627, 37)
*************************** Fold #: 1 ***************************
Model: "model"
__________________________________________________________________________________________________
 Layer (type)                   Output Shape         Param #     Connected to                     
==================================================================================================
 conv (InputLayer)              [(None, 7, 7, 3, 1)  0           []                               
                                ]                                                                 
                                                                                                  
 zero_padding3d (ZeroPadding3D)  (None, 8, 8, 4, 1)  0           ['conv[0][0]']                   
                                                                                                  
 conv3d (Conv3D)                (None, 8, 8, 4, 8)   224         ['zero_padding3d[0][0]']         
                                                                                                  
 max_pooling3d (MaxPooling3D)   (None, 4, 4, 2, 8)   0           ['conv3d[0][0]']                 
                                                                                                  
 conv3d_1 (Conv3D)              (None, 4, 4, 2, 4)   868         ['max_pooling3d[0][0]']          
                                                                                                  
 max_pooling3d_1 (MaxPooling3D)  (None, 2, 2, 1, 4)  0           ['conv3d_1[0][0]']               
                                                                                                  
 cat (InputLayer)               [(None, 36)]         0           []                               
                                                                                                  
 flatten (Flatten)              (None, 16)           0           ['max_pooling3d_1[0][0]']        
                                                                                                  
 concatenate (Concatenate)      (None, 52)           0           ['cat[0][0]',                    
                                                                  'flatten[0][0]']                
                                                                                                  
 dense (Dense)                  (None, 104)          5512        ['concatenate[0][0]']            
                                                                                                  
 dense_1 (Dense)                (None, 104)          10920       ['dense[0][0]']                  
                                                                                                  
 dense_2 (Dense)                (None, 104)          10920       ['dense_1[0][0]']                
                                                                                                  
 dense_3 (Dense)                (None, 104)          10920       ['dense_2[0][0]']                
                                                                                                  
 dense_4 (Dense)                (None, 104)          10920       ['dense_3[0][0]']                
                                                                                                  
 dense_5 (Dense)                (None, 1)            105         ['dense_4[0][0]']                
                                                                                                  
==================================================================================================
Total params: 50,389
Trainable params: 50,389
Non-trainable params: 0
__________________________________________________________________________________________________
Epoch 1/10000

Epoch 1: val_loss improved from inf to 1.48089, saving model to ./results/NN_thk_regr/RNN/recursion_6/ckpt_1
2/2 - 2s - loss: 1.5502 - mse: 1.5502 - mae: 1.2222 - val_loss: 1.4809 - val_mse: 1.4809 - val_mae: 1.1947 - 2s/epoch - 761ms/step
Epoch 2/10000

Epoch 2: val_loss improved from 1.48089 to 1.37965, saving model to ./results/NN_thk_regr/RNN/recursion_6/ckpt_1
2/2 - 1s - loss: 1.4763 - mse: 1.4763 - mae: 1.1916 - val_loss: 1.3797 - val_mse: 1.3797 - val_mae: 1.1518 - 980ms/epoch - 490ms/step
Epoch 3/10000

Epoch 3: val_loss improved from 1.37965 to 1.21452, saving model to ./results/NN_thk_regr/RNN/recursion_6/ckpt_1
2/2 - 1s - loss: 1.3689 - mse: 1.3689 - mae: 1.1459 - val_loss: 1.2145 - val_mse: 1.2145 - val_mae: 1.0781 - 980ms/epoch - 490ms/step
Epoch 4/10000

Epoch 4: val_loss improved from 1.21452 to 0.95734, saving model to ./results/NN_thk_regr/RNN/recursion_6/ckpt_1
2/2 - 1s - loss: 1.1956 - mse: 1.1956 - mae: 1.0675 - val_loss: 0.9573 - val_mse: 0.9573 - val_mae: 0.9520 - 1s/epoch - 543ms/step
Epoch 5/10000

Epoch 5: val_loss improved from 0.95734 to 0.59712, saving model to ./results/NN_thk_regr/RNN/recursion_6/ckpt_1
2/2 - 1s - loss: 0.9256 - mse: 0.9256 - mae: 0.9336 - val_loss: 0.5971 - val_mse: 0.5971 - val_mae: 0.7403 - 1s/epoch - 568ms/step
Epoch 6/10000

Epoch 6: val_loss improved from 0.59712 to 0.19728, saving model to ./results/NN_thk_regr/RNN/recursion_6/ckpt_1
2/2 - 1s - loss: 0.5568 - mse: 0.5568 - mae: 0.7090 - val_loss: 0.1973 - val_mse: 0.1973 - val_mae: 0.3913 - 1s/epoch - 532ms/step
Epoch 7/10000

Epoch 7: val_loss improved from 0.19728 to 0.07377, saving model to ./results/NN_thk_regr/RNN/recursion_6/ckpt_1
2/2 - 1s - loss: 0.1726 - mse: 0.1726 - mae: 0.3503 - val_loss: 0.0738 - val_mse: 0.0738 - val_mae: 0.2303 - 1s/epoch - 563ms/step
Epoch 8/10000

Epoch 8: val_loss did not improve from 0.07377
2/2 - 0s - loss: 0.1119 - mse: 0.1119 - mae: 0.2793 - val_loss: 0.3509 - val_mse: 0.3509 - val_mae: 0.5547 - 253ms/epoch - 127ms/step
Epoch 9/10000

Epoch 9: val_loss did not improve from 0.07377
2/2 - 0s - loss: 0.3364 - mse: 0.3364 - mae: 0.5380 - val_loss: 0.1908 - val_mse: 0.1908 - val_mae: 0.3926 - 248ms/epoch - 124ms/step
Epoch 10/10000

Epoch 10: val_loss improved from 0.07377 to 0.05026, saving model to ./results/NN_thk_regr/RNN/recursion_6/ckpt_1
2/2 - 1s - loss: 0.1687 - mse: 0.1687 - mae: 0.3623 - val_loss: 0.0503 - val_mse: 0.0503 - val_mae: 0.1832 - 1s/epoch - 570ms/step
Epoch 11/10000

Epoch 11: val_loss did not improve from 0.05026
2/2 - 0s - loss: 0.0538 - mse: 0.0538 - mae: 0.1866 - val_loss: 0.0719 - val_mse: 0.0719 - val_mae: 0.2058 - 251ms/epoch - 126ms/step
Epoch 12/10000

Epoch 12: val_loss did not improve from 0.05026
2/2 - 0s - loss: 0.0824 - mse: 0.0824 - mae: 0.2220 - val_loss: 0.1249 - val_mse: 0.1249 - val_mae: 0.2907 - 252ms/epoch - 126ms/step
Epoch 13/10000

Epoch 13: val_loss did not improve from 0.05026
2/2 - 0s - loss: 0.1332 - mse: 0.1332 - mae: 0.2996 - val_loss: 0.1383 - val_mse: 0.1383 - val_mae: 0.3112 - 253ms/epoch - 126ms/step
Epoch 14/10000

Epoch 14: val_loss did not improve from 0.05026
2/2 - 0s - loss: 0.1413 - mse: 0.1413 - mae: 0.3117 - val_loss: 0.1087 - val_mse: 0.1087 - val_mae: 0.2650 - 252ms/epoch - 126ms/step
Epoch 15/10000

Epoch 15: val_loss did not improve from 0.05026
2/2 - 0s - loss: 0.1087 - mse: 0.1087 - mae: 0.2628 - val_loss: 0.0647 - val_mse: 0.0647 - val_mae: 0.1947 - 250ms/epoch - 125ms/step
Epoch 16/10000

Epoch 16: val_loss improved from 0.05026 to 0.04505, saving model to ./results/NN_thk_regr/RNN/recursion_6/ckpt_1
2/2 - 1s - loss: 0.0655 - mse: 0.0655 - mae: 0.1950 - val_loss: 0.0451 - val_mse: 0.0451 - val_mae: 0.1694 - 1s/epoch - 532ms/step
Epoch 17/10000

Epoch 17: val_loss did not improve from 0.04505
2/2 - 0s - loss: 0.0494 - mse: 0.0494 - mae: 0.1781 - val_loss: 0.0640 - val_mse: 0.0640 - val_mae: 0.2126 - 252ms/epoch - 126ms/step
Epoch 18/10000

Epoch 18: val_loss did not improve from 0.04505
2/2 - 0s - loss: 0.0686 - mse: 0.0686 - mae: 0.2191 - val_loss: 0.0809 - val_mse: 0.0809 - val_mae: 0.2424 - 247ms/epoch - 124ms/step
Epoch 19/10000

Epoch 19: val_loss did not improve from 0.04505
2/2 - 0s - loss: 0.0808 - mse: 0.0808 - mae: 0.2417 - val_loss: 0.0655 - val_mse: 0.0655 - val_mae: 0.2153 - 248ms/epoch - 124ms/step
Epoch 20/10000

Epoch 20: val_loss did not improve from 0.04505
2/2 - 0s - loss: 0.0650 - mse: 0.0650 - mae: 0.2120 - val_loss: 0.0473 - val_mse: 0.0473 - val_mae: 0.1759 - 252ms/epoch - 126ms/step
Epoch 21/10000

Epoch 21: val_loss did not improve from 0.04505
2/2 - 0s - loss: 0.0492 - mse: 0.0492 - mae: 0.1782 - val_loss: 0.0467 - val_mse: 0.0467 - val_mae: 0.1700 - 252ms/epoch - 126ms/step
Epoch 22/10000

Epoch 22: val_loss did not improve from 0.04505
2/2 - 0s - loss: 0.0511 - mse: 0.0511 - mae: 0.1765 - val_loss: 0.0542 - val_mse: 0.0542 - val_mae: 0.1795 - 250ms/epoch - 125ms/step
Epoch 23/10000

Epoch 23: val_loss did not improve from 0.04505
2/2 - 0s - loss: 0.0586 - mse: 0.0586 - mae: 0.1855 - val_loss: 0.0559 - val_mse: 0.0559 - val_mae: 0.1817 - 248ms/epoch - 124ms/step
Epoch 24/10000

Epoch 24: val_loss did not improve from 0.04505
2/2 - 0s - loss: 0.0593 - mse: 0.0593 - mae: 0.1867 - val_loss: 0.0502 - val_mse: 0.0502 - val_mae: 0.1740 - 255ms/epoch - 128ms/step
Epoch 25/10000

Epoch 25: val_loss did not improve from 0.04505
2/2 - 0s - loss: 0.0529 - mse: 0.0529 - mae: 0.1784 - val_loss: 0.0451 - val_mse: 0.0451 - val_mae: 0.1685 - 251ms/epoch - 126ms/step
Epoch 26/10000

Epoch 26: val_loss did not improve from 0.04505
2/2 - 0s - loss: 0.0482 - mse: 0.0482 - mae: 0.1739 - val_loss: 0.0469 - val_mse: 0.0469 - val_mae: 0.1750 - 251ms/epoch - 126ms/step
Epoch 27/10000

Epoch 27: val_loss did not improve from 0.04505
2/2 - 0s - loss: 0.0497 - mse: 0.0497 - mae: 0.1798 - val_loss: 0.0510 - val_mse: 0.0510 - val_mae: 0.1851 - 250ms/epoch - 125ms/step
Epoch 28/10000

Epoch 28: val_loss did not improve from 0.04505
2/2 - 0s - loss: 0.0533 - mse: 0.0533 - mae: 0.1883 - val_loss: 0.0501 - val_mse: 0.0501 - val_mae: 0.1831 - 251ms/epoch - 126ms/step
Epoch 29/10000

Epoch 29: val_loss did not improve from 0.04505
2/2 - 0s - loss: 0.0520 - mse: 0.0520 - mae: 0.1851 - val_loss: 0.0461 - val_mse: 0.0461 - val_mae: 0.1728 - 249ms/epoch - 125ms/step
Epoch 30/10000

Epoch 30: val_loss improved from 0.04505 to 0.04484, saving model to ./results/NN_thk_regr/RNN/recursion_6/ckpt_1
2/2 - 1s - loss: 0.0485 - mse: 0.0485 - mae: 0.1761 - val_loss: 0.0448 - val_mse: 0.0448 - val_mae: 0.1682 - 1s/epoch - 563ms/step
Epoch 31/10000

Epoch 31: val_loss did not improve from 0.04484
2/2 - 0s - loss: 0.0481 - mse: 0.0481 - mae: 0.1732 - val_loss: 0.0462 - val_mse: 0.0462 - val_mae: 0.1693 - 251ms/epoch - 126ms/step
Epoch 32/10000

Epoch 32: val_loss did not improve from 0.04484
2/2 - 0s - loss: 0.0498 - mse: 0.0498 - mae: 0.1747 - val_loss: 0.0467 - val_mse: 0.0467 - val_mae: 0.1697 - 253ms/epoch - 126ms/step
Epoch 33/10000

Epoch 33: val_loss did not improve from 0.04484
2/2 - 0s - loss: 0.0501 - mse: 0.0501 - mae: 0.1751 - val_loss: 0.0455 - val_mse: 0.0455 - val_mae: 0.1685 - 249ms/epoch - 124ms/step
Epoch 34/10000

Epoch 34: val_loss improved from 0.04484 to 0.04468, saving model to ./results/NN_thk_regr/RNN/recursion_6/ckpt_1
2/2 - 1s - loss: 0.0487 - mse: 0.0487 - mae: 0.1736 - val_loss: 0.0447 - val_mse: 0.0447 - val_mae: 0.1682 - 1s/epoch - 567ms/step
Epoch 35/10000

Epoch 35: val_loss did not improve from 0.04468
2/2 - 0s - loss: 0.0477 - mse: 0.0477 - mae: 0.1729 - val_loss: 0.0452 - val_mse: 0.0452 - val_mae: 0.1705 - 250ms/epoch - 125ms/step
Epoch 36/10000

Epoch 36: val_loss did not improve from 0.04468
2/2 - 0s - loss: 0.0481 - mse: 0.0481 - mae: 0.1749 - val_loss: 0.0459 - val_mse: 0.0459 - val_mae: 0.1725 - 250ms/epoch - 125ms/step
Epoch 37/10000

Epoch 37: val_loss did not improve from 0.04468
2/2 - 0s - loss: 0.0486 - mse: 0.0486 - mae: 0.1764 - val_loss: 0.0454 - val_mse: 0.0454 - val_mae: 0.1710 - 250ms/epoch - 125ms/step
Epoch 38/10000

Epoch 38: val_loss improved from 0.04468 to 0.04466, saving model to ./results/NN_thk_regr/RNN/recursion_6/ckpt_1
2/2 - 1s - loss: 0.0481 - mse: 0.0481 - mae: 0.1748 - val_loss: 0.0447 - val_mse: 0.0447 - val_mae: 0.1686 - 1s/epoch - 533ms/step
Epoch 39/10000

Epoch 39: val_loss improved from 0.04466 to 0.04465, saving model to ./results/NN_thk_regr/RNN/recursion_6/ckpt_1
2/2 - 1s - loss: 0.0476 - mse: 0.0476 - mae: 0.1729 - val_loss: 0.0447 - val_mse: 0.0447 - val_mae: 0.1678 - 1s/epoch - 564ms/step
Epoch 40/10000

Epoch 40: val_loss did not improve from 0.04465
2/2 - 0s - loss: 0.0479 - mse: 0.0479 - mae: 0.1727 - val_loss: 0.0448 - val_mse: 0.0448 - val_mae: 0.1677 - 249ms/epoch - 125ms/step
Epoch 41/10000

Epoch 41: val_loss improved from 0.04465 to 0.04459, saving model to ./results/NN_thk_regr/RNN/recursion_6/ckpt_1
2/2 - 1s - loss: 0.0480 - mse: 0.0480 - mae: 0.1727 - val_loss: 0.0446 - val_mse: 0.0446 - val_mae: 0.1677 - 1s/epoch - 569ms/step
Epoch 42/10000

Epoch 42: val_loss improved from 0.04459 to 0.04451, saving model to ./results/NN_thk_regr/RNN/recursion_6/ckpt_1
2/2 - 1s - loss: 0.0478 - mse: 0.0478 - mae: 0.1726 - val_loss: 0.0445 - val_mse: 0.0445 - val_mae: 0.1680 - 1s/epoch - 535ms/step
Epoch 43/10000

Epoch 43: val_loss did not improve from 0.04451
2/2 - 0s - loss: 0.0475 - mse: 0.0475 - mae: 0.1726 - val_loss: 0.0446 - val_mse: 0.0446 - val_mae: 0.1686 - 251ms/epoch - 125ms/step
Epoch 44/10000

Epoch 44: val_loss did not improve from 0.04451
2/2 - 0s - loss: 0.0476 - mse: 0.0476 - mae: 0.1731 - val_loss: 0.0447 - val_mse: 0.0447 - val_mae: 0.1689 - 252ms/epoch - 126ms/step
Epoch 45/10000

Epoch 45: val_loss did not improve from 0.04451
2/2 - 0s - loss: 0.0476 - mse: 0.0476 - mae: 0.1731 - val_loss: 0.0445 - val_mse: 0.0445 - val_mae: 0.1683 - 250ms/epoch - 125ms/step
Epoch 46/10000

Epoch 46: val_loss improved from 0.04451 to 0.04442, saving model to ./results/NN_thk_regr/RNN/recursion_6/ckpt_1
2/2 - 1s - loss: 0.0475 - mse: 0.0475 - mae: 0.1727 - val_loss: 0.0444 - val_mse: 0.0444 - val_mae: 0.1678 - 1s/epoch - 564ms/step
Epoch 47/10000

Epoch 47: val_loss improved from 0.04442 to 0.04439, saving model to ./results/NN_thk_regr/RNN/recursion_6/ckpt_1
2/2 - 1s - loss: 0.0475 - mse: 0.0475 - mae: 0.1724 - val_loss: 0.0444 - val_mse: 0.0444 - val_mae: 0.1676 - 1s/epoch - 570ms/step
Epoch 48/10000

Epoch 48: val_loss improved from 0.04439 to 0.04437, saving model to ./results/NN_thk_regr/RNN/recursion_6/ckpt_1
2/2 - 1s - loss: 0.0475 - mse: 0.0475 - mae: 0.1723 - val_loss: 0.0444 - val_mse: 0.0444 - val_mae: 0.1674 - 1s/epoch - 531ms/step
Epoch 49/10000

Epoch 49: val_loss improved from 0.04437 to 0.04435, saving model to ./results/NN_thk_regr/RNN/recursion_6/ckpt_1
2/2 - 1s - loss: 0.0475 - mse: 0.0475 - mae: 0.1722 - val_loss: 0.0444 - val_mse: 0.0444 - val_mae: 0.1674 - 1s/epoch - 566ms/step
Epoch 50/10000

Epoch 50: val_loss improved from 0.04435 to 0.04433, saving model to ./results/NN_thk_regr/RNN/recursion_6/ckpt_1
2/2 - 1s - loss: 0.0475 - mse: 0.0475 - mae: 0.1721 - val_loss: 0.0443 - val_mse: 0.0443 - val_mae: 0.1676 - 1s/epoch - 530ms/step
Epoch 51/10000

Epoch 51: val_loss did not improve from 0.04433
2/2 - 0s - loss: 0.0474 - mse: 0.0474 - mae: 0.1722 - val_loss: 0.0444 - val_mse: 0.0444 - val_mae: 0.1678 - 248ms/epoch - 124ms/step
Epoch 52/10000

Epoch 52: val_loss did not improve from 0.04433
2/2 - 0s - loss: 0.0474 - mse: 0.0474 - mae: 0.1723 - val_loss: 0.0444 - val_mse: 0.0444 - val_mae: 0.1682 - 250ms/epoch - 125ms/step
Epoch 53/10000

Epoch 53: val_loss did not improve from 0.04433
2/2 - 0s - loss: 0.0474 - mse: 0.0474 - mae: 0.1726 - val_loss: 0.0445 - val_mse: 0.0445 - val_mae: 0.1684 - 253ms/epoch - 126ms/step
Epoch 54/10000

Epoch 54: val_loss did not improve from 0.04433
2/2 - 0s - loss: 0.0474 - mse: 0.0474 - mae: 0.1727 - val_loss: 0.0444 - val_mse: 0.0444 - val_mae: 0.1680 - 254ms/epoch - 127ms/step
Epoch 55/10000

Epoch 55: val_loss improved from 0.04433 to 0.04424, saving model to ./results/NN_thk_regr/RNN/recursion_6/ckpt_1
2/2 - 1s - loss: 0.0473 - mse: 0.0473 - mae: 0.1724 - val_loss: 0.0442 - val_mse: 0.0442 - val_mae: 0.1674 - 1s/epoch - 559ms/step
Epoch 56/10000

Epoch 56: val_loss improved from 0.04424 to 0.04421, saving model to ./results/NN_thk_regr/RNN/recursion_6/ckpt_1
2/2 - 1s - loss: 0.0473 - mse: 0.0473 - mae: 0.1720 - val_loss: 0.0442 - val_mse: 0.0442 - val_mae: 0.1670 - 1s/epoch - 561ms/step
Epoch 57/10000

Epoch 57: val_loss improved from 0.04421 to 0.04420, saving model to ./results/NN_thk_regr/RNN/recursion_6/ckpt_1
2/2 - 1s - loss: 0.0473 - mse: 0.0473 - mae: 0.1718 - val_loss: 0.0442 - val_mse: 0.0442 - val_mae: 0.1670 - 1s/epoch - 566ms/step
Epoch 58/10000

Epoch 58: val_loss improved from 0.04420 to 0.04416, saving model to ./results/NN_thk_regr/RNN/recursion_6/ckpt_1
2/2 - 1s - loss: 0.0473 - mse: 0.0473 - mae: 0.1717 - val_loss: 0.0442 - val_mse: 0.0442 - val_mae: 0.1671 - 1s/epoch - 531ms/step
Epoch 59/10000

Epoch 59: val_loss did not improve from 0.04416
2/2 - 0s - loss: 0.0472 - mse: 0.0472 - mae: 0.1718 - val_loss: 0.0442 - val_mse: 0.0442 - val_mae: 0.1675 - 254ms/epoch - 127ms/step
Epoch 60/10000

Epoch 60: val_loss did not improve from 0.04416
2/2 - 0s - loss: 0.0472 - mse: 0.0472 - mae: 0.1721 - val_loss: 0.0443 - val_mse: 0.0443 - val_mae: 0.1680 - 249ms/epoch - 125ms/step
Epoch 61/10000

Epoch 61: val_loss did not improve from 0.04416
2/2 - 0s - loss: 0.0473 - mse: 0.0473 - mae: 0.1725 - val_loss: 0.0443 - val_mse: 0.0443 - val_mae: 0.1679 - 249ms/epoch - 124ms/step
Epoch 62/10000

Epoch 62: val_loss improved from 0.04416 to 0.04411, saving model to ./results/NN_thk_regr/RNN/recursion_6/ckpt_1
2/2 - 1s - loss: 0.0472 - mse: 0.0472 - mae: 0.1723 - val_loss: 0.0441 - val_mse: 0.0441 - val_mae: 0.1672 - 1s/epoch - 557ms/step
Epoch 63/10000

Epoch 63: val_loss improved from 0.04411 to 0.04407, saving model to ./results/NN_thk_regr/RNN/recursion_6/ckpt_1
2/2 - 1s - loss: 0.0472 - mse: 0.0472 - mae: 0.1717 - val_loss: 0.0441 - val_mse: 0.0441 - val_mae: 0.1667 - 1s/epoch - 562ms/step
Epoch 64/10000

Epoch 64: val_loss improved from 0.04407 to 0.04406, saving model to ./results/NN_thk_regr/RNN/recursion_6/ckpt_1
2/2 - 1s - loss: 0.0472 - mse: 0.0472 - mae: 0.1715 - val_loss: 0.0441 - val_mse: 0.0441 - val_mae: 0.1666 - 1s/epoch - 564ms/step
Epoch 65/10000

Epoch 65: val_loss improved from 0.04406 to 0.04403, saving model to ./results/NN_thk_regr/RNN/recursion_6/ckpt_1
2/2 - 1s - loss: 0.0472 - mse: 0.0472 - mae: 0.1714 - val_loss: 0.0440 - val_mse: 0.0440 - val_mae: 0.1668 - 1s/epoch - 530ms/step
Epoch 66/10000

Epoch 66: val_loss improved from 0.04403 to 0.04403, saving model to ./results/NN_thk_regr/RNN/recursion_6/ckpt_1
2/2 - 1s - loss: 0.0472 - mse: 0.0472 - mae: 0.1715 - val_loss: 0.0440 - val_mse: 0.0440 - val_mae: 0.1669 - 1s/epoch - 559ms/step
Epoch 67/10000

Epoch 67: val_loss did not improve from 0.04403
2/2 - 0s - loss: 0.0471 - mse: 0.0471 - mae: 0.1716 - val_loss: 0.0440 - val_mse: 0.0440 - val_mae: 0.1671 - 251ms/epoch - 125ms/step
Epoch 68/10000

Epoch 68: val_loss did not improve from 0.04403
2/2 - 0s - loss: 0.0471 - mse: 0.0471 - mae: 0.1717 - val_loss: 0.0440 - val_mse: 0.0440 - val_mae: 0.1671 - 249ms/epoch - 125ms/step
Epoch 69/10000

Epoch 69: val_loss improved from 0.04403 to 0.04400, saving model to ./results/NN_thk_regr/RNN/recursion_6/ckpt_1
2/2 - 1s - loss: 0.0471 - mse: 0.0471 - mae: 0.1717 - val_loss: 0.0440 - val_mse: 0.0440 - val_mae: 0.1670 - 1s/epoch - 560ms/step
Epoch 70/10000

Epoch 70: val_loss improved from 0.04400 to 0.04397, saving model to ./results/NN_thk_regr/RNN/recursion_6/ckpt_1
2/2 - 1s - loss: 0.0471 - mse: 0.0471 - mae: 0.1716 - val_loss: 0.0440 - val_mse: 0.0440 - val_mae: 0.1669 - 1s/epoch - 564ms/step
Epoch 71/10000

Epoch 71: val_loss improved from 0.04397 to 0.04395, saving model to ./results/NN_thk_regr/RNN/recursion_6/ckpt_1
2/2 - 1s - loss: 0.0471 - mse: 0.0471 - mae: 0.1715 - val_loss: 0.0439 - val_mse: 0.0439 - val_mae: 0.1668 - 1s/epoch - 530ms/step
Epoch 72/10000

Epoch 72: val_loss improved from 0.04395 to 0.04395, saving model to ./results/NN_thk_regr/RNN/recursion_6/ckpt_1
2/2 - 1s - loss: 0.0470 - mse: 0.0470 - mae: 0.1714 - val_loss: 0.0439 - val_mse: 0.0439 - val_mae: 0.1669 - 1s/epoch - 560ms/step
Epoch 73/10000

Epoch 73: val_loss improved from 0.04395 to 0.04393, saving model to ./results/NN_thk_regr/RNN/recursion_6/ckpt_1
2/2 - 1s - loss: 0.0470 - mse: 0.0470 - mae: 0.1715 - val_loss: 0.0439 - val_mse: 0.0439 - val_mae: 0.1668 - 1s/epoch - 561ms/step
Epoch 74/10000

Epoch 74: val_loss did not improve from 0.04393
2/2 - 0s - loss: 0.0470 - mse: 0.0470 - mae: 0.1714 - val_loss: 0.0439 - val_mse: 0.0439 - val_mae: 0.1669 - 252ms/epoch - 126ms/step
Epoch 75/10000

Epoch 75: val_loss did not improve from 0.04393
2/2 - 0s - loss: 0.0470 - mse: 0.0470 - mae: 0.1715 - val_loss: 0.0440 - val_mse: 0.0440 - val_mae: 0.1671 - 252ms/epoch - 126ms/step
Epoch 76/10000

Epoch 76: val_loss did not improve from 0.04393
2/2 - 0s - loss: 0.0470 - mse: 0.0470 - mae: 0.1717 - val_loss: 0.0439 - val_mse: 0.0439 - val_mae: 0.1670 - 250ms/epoch - 125ms/step
Epoch 77/10000

Epoch 77: val_loss improved from 0.04393 to 0.04386, saving model to ./results/NN_thk_regr/RNN/recursion_6/ckpt_1
2/2 - 1s - loss: 0.0470 - mse: 0.0470 - mae: 0.1716 - val_loss: 0.0439 - val_mse: 0.0439 - val_mae: 0.1666 - 1s/epoch - 565ms/step
Epoch 78/10000

Epoch 78: val_loss improved from 0.04386 to 0.04382, saving model to ./results/NN_thk_regr/RNN/recursion_6/ckpt_1
2/2 - 1s - loss: 0.0470 - mse: 0.0470 - mae: 0.1712 - val_loss: 0.0438 - val_mse: 0.0438 - val_mae: 0.1663 - 1s/epoch - 528ms/step
Epoch 79/10000

Epoch 79: val_loss improved from 0.04382 to 0.04381, saving model to ./results/NN_thk_regr/RNN/recursion_6/ckpt_1
2/2 - 1s - loss: 0.0470 - mse: 0.0470 - mae: 0.1710 - val_loss: 0.0438 - val_mse: 0.0438 - val_mae: 0.1661 - 1s/epoch - 558ms/step
Epoch 80/10000

Epoch 80: val_loss improved from 0.04381 to 0.04380, saving model to ./results/NN_thk_regr/RNN/recursion_6/ckpt_1
2/2 - 1s - loss: 0.0470 - mse: 0.0470 - mae: 0.1709 - val_loss: 0.0438 - val_mse: 0.0438 - val_mae: 0.1664 - 1s/epoch - 561ms/step
Epoch 81/10000

Epoch 81: val_loss did not improve from 0.04380
2/2 - 0s - loss: 0.0469 - mse: 0.0469 - mae: 0.1711 - val_loss: 0.0439 - val_mse: 0.0439 - val_mae: 0.1671 - 252ms/epoch - 126ms/step
Epoch 82/10000

Epoch 82: val_loss did not improve from 0.04380
2/2 - 0s - loss: 0.0470 - mse: 0.0470 - mae: 0.1719 - val_loss: 0.0439 - val_mse: 0.0439 - val_mae: 0.1672 - 249ms/epoch - 125ms/step
Epoch 83/10000

Epoch 83: val_loss improved from 0.04380 to 0.04377, saving model to ./results/NN_thk_regr/RNN/recursion_6/ckpt_1
2/2 - 1s - loss: 0.0469 - mse: 0.0469 - mae: 0.1717 - val_loss: 0.0438 - val_mse: 0.0438 - val_mae: 0.1664 - 1s/epoch - 566ms/step
Epoch 84/10000

Epoch 84: val_loss improved from 0.04377 to 0.04374, saving model to ./results/NN_thk_regr/RNN/recursion_6/ckpt_1
2/2 - 1s - loss: 0.0469 - mse: 0.0469 - mae: 0.1710 - val_loss: 0.0437 - val_mse: 0.0437 - val_mae: 0.1659 - 1s/epoch - 529ms/step
Epoch 85/10000

Epoch 85: val_loss improved from 0.04374 to 0.04372, saving model to ./results/NN_thk_regr/RNN/recursion_6/ckpt_1
2/2 - 1s - loss: 0.0469 - mse: 0.0469 - mae: 0.1707 - val_loss: 0.0437 - val_mse: 0.0437 - val_mae: 0.1660 - 1s/epoch - 559ms/step
Epoch 86/10000

Epoch 86: val_loss improved from 0.04372 to 0.04372, saving model to ./results/NN_thk_regr/RNN/recursion_6/ckpt_1
2/2 - 1s - loss: 0.0469 - mse: 0.0469 - mae: 0.1708 - val_loss: 0.0437 - val_mse: 0.0437 - val_mae: 0.1662 - 1s/epoch - 560ms/step
Epoch 87/10000

Epoch 87: val_loss improved from 0.04372 to 0.04371, saving model to ./results/NN_thk_regr/RNN/recursion_6/ckpt_1
2/2 - 1s - loss: 0.0469 - mse: 0.0469 - mae: 0.1709 - val_loss: 0.0437 - val_mse: 0.0437 - val_mae: 0.1662 - 1s/epoch - 566ms/step
Epoch 88/10000

Epoch 88: val_loss improved from 0.04371 to 0.04370, saving model to ./results/NN_thk_regr/RNN/recursion_6/ckpt_1
2/2 - 1s - loss: 0.0468 - mse: 0.0468 - mae: 0.1709 - val_loss: 0.0437 - val_mse: 0.0437 - val_mae: 0.1662 - 1s/epoch - 530ms/step
Epoch 89/10000

Epoch 89: val_loss improved from 0.04370 to 0.04368, saving model to ./results/NN_thk_regr/RNN/recursion_6/ckpt_1
2/2 - 1s - loss: 0.0468 - mse: 0.0468 - mae: 0.1709 - val_loss: 0.0437 - val_mse: 0.0437 - val_mae: 0.1661 - 1s/epoch - 558ms/step
Epoch 90/10000

Epoch 90: val_loss improved from 0.04368 to 0.04367, saving model to ./results/NN_thk_regr/RNN/recursion_6/ckpt_1
2/2 - 1s - loss: 0.0468 - mse: 0.0468 - mae: 0.1708 - val_loss: 0.0437 - val_mse: 0.0437 - val_mae: 0.1660 - 1s/epoch - 563ms/step
Epoch 91/10000

Epoch 91: val_loss did not improve from 0.04367
2/2 - 0s - loss: 0.0468 - mse: 0.0468 - mae: 0.1708 - val_loss: 0.0437 - val_mse: 0.0437 - val_mae: 0.1662 - 252ms/epoch - 126ms/step
Epoch 92/10000

Epoch 92: val_loss did not improve from 0.04367
2/2 - 0s - loss: 0.0468 - mse: 0.0468 - mae: 0.1709 - val_loss: 0.0437 - val_mse: 0.0437 - val_mae: 0.1663 - 254ms/epoch - 127ms/step
Epoch 93/10000

Epoch 93: val_loss did not improve from 0.04367
2/2 - 0s - loss: 0.0468 - mse: 0.0468 - mae: 0.1710 - val_loss: 0.0437 - val_mse: 0.0437 - val_mae: 0.1663 - 249ms/epoch - 124ms/step
Epoch 94/10000

Epoch 94: val_loss improved from 0.04367 to 0.04363, saving model to ./results/NN_thk_regr/RNN/recursion_6/ckpt_1
2/2 - 1s - loss: 0.0468 - mse: 0.0468 - mae: 0.1710 - val_loss: 0.0436 - val_mse: 0.0436 - val_mae: 0.1661 - 1s/epoch - 566ms/step
Epoch 95/10000

Epoch 95: val_loss improved from 0.04363 to 0.04360, saving model to ./results/NN_thk_regr/RNN/recursion_6/ckpt_1
2/2 - 1s - loss: 0.0468 - mse: 0.0468 - mae: 0.1708 - val_loss: 0.0436 - val_mse: 0.0436 - val_mae: 0.1657 - 1s/epoch - 530ms/step
Epoch 96/10000

Epoch 96: val_loss improved from 0.04360 to 0.04360, saving model to ./results/NN_thk_regr/RNN/recursion_6/ckpt_1
2/2 - 1s - loss: 0.0468 - mse: 0.0468 - mae: 0.1704 - val_loss: 0.0436 - val_mse: 0.0436 - val_mae: 0.1656 - 1s/epoch - 558ms/step
Epoch 97/10000

Epoch 97: val_loss improved from 0.04360 to 0.04358, saving model to ./results/NN_thk_regr/RNN/recursion_6/ckpt_1
2/2 - 1s - loss: 0.0468 - mse: 0.0468 - mae: 0.1705 - val_loss: 0.0436 - val_mse: 0.0436 - val_mae: 0.1657 - 1s/epoch - 561ms/step
Epoch 98/10000

Epoch 98: val_loss improved from 0.04358 to 0.04357, saving model to ./results/NN_thk_regr/RNN/recursion_6/ckpt_1
2/2 - 1s - loss: 0.0468 - mse: 0.0468 - mae: 0.1705 - val_loss: 0.0436 - val_mse: 0.0436 - val_mae: 0.1657 - 1s/epoch - 566ms/step
Epoch 99/10000

Epoch 99: val_loss improved from 0.04357 to 0.04356, saving model to ./results/NN_thk_regr/RNN/recursion_6/ckpt_1
2/2 - 1s - loss: 0.0468 - mse: 0.0468 - mae: 0.1705 - val_loss: 0.0436 - val_mse: 0.0436 - val_mae: 0.1658 - 1s/epoch - 528ms/step
Epoch 100/10000

Epoch 100: val_loss did not improve from 0.04356
2/2 - 0s - loss: 0.0467 - mse: 0.0467 - mae: 0.1706 - val_loss: 0.0436 - val_mse: 0.0436 - val_mae: 0.1662 - 248ms/epoch - 124ms/step
Epoch 101/10000

Epoch 101: val_loss did not improve from 0.04356
2/2 - 0s - loss: 0.0467 - mse: 0.0467 - mae: 0.1709 - val_loss: 0.0437 - val_mse: 0.0437 - val_mae: 0.1665 - 251ms/epoch - 125ms/step
Epoch 102/10000

Epoch 102: val_loss did not improve from 0.04356
2/2 - 0s - loss: 0.0467 - mse: 0.0467 - mae: 0.1712 - val_loss: 0.0437 - val_mse: 0.0437 - val_mae: 0.1665 - 250ms/epoch - 125ms/step
Epoch 103/10000

Epoch 103: val_loss did not improve from 0.04356
2/2 - 0s - loss: 0.0467 - mse: 0.0467 - mae: 0.1712 - val_loss: 0.0436 - val_mse: 0.0436 - val_mae: 0.1661 - 251ms/epoch - 126ms/step
Epoch 104/10000

Epoch 104: val_loss improved from 0.04356 to 0.04352, saving model to ./results/NN_thk_regr/RNN/recursion_6/ckpt_1
2/2 - 1s - loss: 0.0467 - mse: 0.0467 - mae: 0.1708 - val_loss: 0.0435 - val_mse: 0.0435 - val_mae: 0.1658 - 1s/epoch - 560ms/step
Epoch 105/10000

Epoch 105: val_loss improved from 0.04352 to 0.04350, saving model to ./results/NN_thk_regr/RNN/recursion_6/ckpt_1
2/2 - 1s - loss: 0.0467 - mse: 0.0467 - mae: 0.1706 - val_loss: 0.0435 - val_mse: 0.0435 - val_mae: 0.1657 - 1s/epoch - 562ms/step
Epoch 106/10000

Epoch 106: val_loss improved from 0.04350 to 0.04348, saving model to ./results/NN_thk_regr/RNN/recursion_6/ckpt_1
2/2 - 1s - loss: 0.0467 - mse: 0.0467 - mae: 0.1705 - val_loss: 0.0435 - val_mse: 0.0435 - val_mae: 0.1656 - 1s/epoch - 567ms/step
Epoch 107/10000

Epoch 107: val_loss improved from 0.04348 to 0.04347, saving model to ./results/NN_thk_regr/RNN/recursion_6/ckpt_1
2/2 - 1s - loss: 0.0467 - mse: 0.0467 - mae: 0.1704 - val_loss: 0.0435 - val_mse: 0.0435 - val_mae: 0.1655 - 1s/epoch - 530ms/step
Epoch 108/10000

Epoch 108: val_loss did not improve from 0.04347
2/2 - 0s - loss: 0.0467 - mse: 0.0467 - mae: 0.1703 - val_loss: 0.0435 - val_mse: 0.0435 - val_mae: 0.1657 - 250ms/epoch - 125ms/step
Epoch 109/10000

Epoch 109: val_loss did not improve from 0.04347
2/2 - 0s - loss: 0.0466 - mse: 0.0466 - mae: 0.1705 - val_loss: 0.0436 - val_mse: 0.0436 - val_mae: 0.1663 - 250ms/epoch - 125ms/step
Epoch 110/10000

Epoch 110: val_loss did not improve from 0.04347
2/2 - 0s - loss: 0.0467 - mse: 0.0467 - mae: 0.1710 - val_loss: 0.0437 - val_mse: 0.0437 - val_mae: 0.1667 - 250ms/epoch - 125ms/step
Epoch 111/10000

Epoch 111: val_loss did not improve from 0.04347
2/2 - 0s - loss: 0.0467 - mse: 0.0467 - mae: 0.1713 - val_loss: 0.0435 - val_mse: 0.0435 - val_mae: 0.1662 - 250ms/epoch - 125ms/step
Epoch 112/10000

Epoch 112: val_loss improved from 0.04347 to 0.04343, saving model to ./results/NN_thk_regr/RNN/recursion_6/ckpt_1
2/2 - 1s - loss: 0.0466 - mse: 0.0466 - mae: 0.1708 - val_loss: 0.0434 - val_mse: 0.0434 - val_mae: 0.1653 - 1s/epoch - 558ms/step
Epoch 113/10000

Epoch 113: val_loss did not improve from 0.04343
2/2 - 0s - loss: 0.0467 - mse: 0.0467 - mae: 0.1701 - val_loss: 0.0435 - val_mse: 0.0435 - val_mae: 0.1650 - 252ms/epoch - 126ms/step
Epoch 114/10000

Epoch 114: val_loss improved from 0.04343 to 0.04342, saving model to ./results/NN_thk_regr/RNN/recursion_6/ckpt_1
2/2 - 1s - loss: 0.0468 - mse: 0.0468 - mae: 0.1699 - val_loss: 0.0434 - val_mse: 0.0434 - val_mae: 0.1652 - 1s/epoch - 562ms/step
Epoch 115/10000

Epoch 115: val_loss did not improve from 0.04342
2/2 - 0s - loss: 0.0467 - mse: 0.0467 - mae: 0.1701 - val_loss: 0.0435 - val_mse: 0.0435 - val_mae: 0.1659 - 251ms/epoch - 126ms/step
Epoch 116/10000

Epoch 116: val_loss did not improve from 0.04342
2/2 - 0s - loss: 0.0466 - mse: 0.0466 - mae: 0.1708 - val_loss: 0.0436 - val_mse: 0.0436 - val_mae: 0.1663 - 252ms/epoch - 126ms/step
Epoch 117/10000

Epoch 117: val_loss did not improve from 0.04342
2/2 - 0s - loss: 0.0466 - mse: 0.0466 - mae: 0.1710 - val_loss: 0.0435 - val_mse: 0.0435 - val_mae: 0.1660 - 250ms/epoch - 125ms/step
Epoch 118/10000

Epoch 118: val_loss improved from 0.04342 to 0.04341, saving model to ./results/NN_thk_regr/RNN/recursion_6/ckpt_1
2/2 - 1s - loss: 0.0466 - mse: 0.0466 - mae: 0.1707 - val_loss: 0.0434 - val_mse: 0.0434 - val_mae: 0.1656 - 1s/epoch - 566ms/step
Epoch 119/10000

Epoch 119: val_loss improved from 0.04341 to 0.04337, saving model to ./results/NN_thk_regr/RNN/recursion_6/ckpt_1
2/2 - 1s - loss: 0.0466 - mse: 0.0466 - mae: 0.1704 - val_loss: 0.0434 - val_mse: 0.0434 - val_mae: 0.1652 - 1s/epoch - 531ms/step
Epoch 120/10000

Epoch 120: val_loss improved from 0.04337 to 0.04337, saving model to ./results/NN_thk_regr/RNN/recursion_6/ckpt_1
2/2 - 1s - loss: 0.0466 - mse: 0.0466 - mae: 0.1700 - val_loss: 0.0434 - val_mse: 0.0434 - val_mae: 0.1651 - 1s/epoch - 560ms/step
Epoch 121/10000

Epoch 121: val_loss did not improve from 0.04337
2/2 - 0s - loss: 0.0466 - mse: 0.0466 - mae: 0.1700 - val_loss: 0.0434 - val_mse: 0.0434 - val_mae: 0.1657 - 253ms/epoch - 127ms/step
Epoch 122/10000

Epoch 122: val_loss did not improve from 0.04337
2/2 - 0s - loss: 0.0466 - mse: 0.0466 - mae: 0.1706 - val_loss: 0.0436 - val_mse: 0.0436 - val_mae: 0.1666 - 248ms/epoch - 124ms/step
Epoch 123/10000

Epoch 123: val_loss did not improve from 0.04337
2/2 - 0s - loss: 0.0467 - mse: 0.0467 - mae: 0.1713 - val_loss: 0.0436 - val_mse: 0.0436 - val_mae: 0.1665 - 251ms/epoch - 126ms/step
Epoch 124/10000

Epoch 124: val_loss improved from 0.04337 to 0.04336, saving model to ./results/NN_thk_regr/RNN/recursion_6/ckpt_1
2/2 - 1s - loss: 0.0466 - mse: 0.0466 - mae: 0.1711 - val_loss: 0.0434 - val_mse: 0.0434 - val_mae: 0.1655 - 1s/epoch - 561ms/step
Epoch 125/10000

Epoch 125: val_loss did not improve from 0.04336
2/2 - 0s - loss: 0.0465 - mse: 0.0465 - mae: 0.1702 - val_loss: 0.0434 - val_mse: 0.0434 - val_mae: 0.1648 - 252ms/epoch - 126ms/step
Epoch 126/10000

Epoch 126: val_loss improved from 0.04336 to 0.04335, saving model to ./results/NN_thk_regr/RNN/recursion_6/ckpt_1
2/2 - 1s - loss: 0.0467 - mse: 0.0467 - mae: 0.1697 - val_loss: 0.0433 - val_mse: 0.0433 - val_mae: 0.1648 - 1s/epoch - 566ms/step
Epoch 127/10000

Epoch 127: val_loss did not improve from 0.04335
2/2 - 0s - loss: 0.0466 - mse: 0.0466 - mae: 0.1698 - val_loss: 0.0434 - val_mse: 0.0434 - val_mae: 0.1658 - 251ms/epoch - 126ms/step
Epoch 128/10000

Epoch 128: val_loss did not improve from 0.04335
2/2 - 0s - loss: 0.0466 - mse: 0.0466 - mae: 0.1709 - val_loss: 0.0435 - val_mse: 0.0435 - val_mae: 0.1663 - 251ms/epoch - 126ms/step
Epoch 129/10000

Epoch 129: val_loss improved from 0.04335 to 0.04331, saving model to ./results/NN_thk_regr/RNN/recursion_6/ckpt_1
2/2 - 1s - loss: 0.0466 - mse: 0.0466 - mae: 0.1709 - val_loss: 0.0433 - val_mse: 0.0433 - val_mae: 0.1651 - 1s/epoch - 529ms/step
Epoch 130/10000

Epoch 130: val_loss did not improve from 0.04331
2/2 - 0s - loss: 0.0465 - mse: 0.0465 - mae: 0.1698 - val_loss: 0.0434 - val_mse: 0.0434 - val_mae: 0.1645 - 251ms/epoch - 126ms/step
Epoch 131/10000

Epoch 131: val_loss did not improve from 0.04331
2/2 - 0s - loss: 0.0469 - mse: 0.0469 - mae: 0.1696 - val_loss: 0.0433 - val_mse: 0.0433 - val_mae: 0.1647 - 255ms/epoch - 127ms/step
Epoch 132/10000

Epoch 132: val_loss did not improve from 0.04331
2/2 - 0s - loss: 0.0466 - mse: 0.0466 - mae: 0.1697 - val_loss: 0.0436 - val_mse: 0.0436 - val_mae: 0.1665 - 250ms/epoch - 125ms/step
Epoch 133/10000

Epoch 133: val_loss did not improve from 0.04331
2/2 - 0s - loss: 0.0466 - mse: 0.0466 - mae: 0.1713 - val_loss: 0.0441 - val_mse: 0.0441 - val_mae: 0.1682 - 253ms/epoch - 126ms/step
Epoch 134/10000

Epoch 134: val_loss did not improve from 0.04331
2/2 - 0s - loss: 0.0470 - mse: 0.0470 - mae: 0.1726 - val_loss: 0.0436 - val_mse: 0.0436 - val_mae: 0.1668 - 254ms/epoch - 127ms/step
Epoch 135/10000

Epoch 135: val_loss improved from 0.04331 to 0.04329, saving model to ./results/NN_thk_regr/RNN/recursion_6/ckpt_1
2/2 - 1s - loss: 0.0467 - mse: 0.0467 - mae: 0.1713 - val_loss: 0.0433 - val_mse: 0.0433 - val_mae: 0.1652 - 1s/epoch - 559ms/step
Epoch 136/10000

Epoch 136: val_loss did not improve from 0.04329
2/2 - 0s - loss: 0.0465 - mse: 0.0465 - mae: 0.1700 - val_loss: 0.0433 - val_mse: 0.0433 - val_mae: 0.1647 - 253ms/epoch - 127ms/step
Epoch 137/10000

Epoch 137: val_loss improved from 0.04329 to 0.04328, saving model to ./results/NN_thk_regr/RNN/recursion_6/ckpt_1
2/2 - 1s - loss: 0.0466 - mse: 0.0466 - mae: 0.1696 - val_loss: 0.0433 - val_mse: 0.0433 - val_mae: 0.1647 - 1s/epoch - 564ms/step
Epoch 138/10000

Epoch 138: val_loss did not improve from 0.04328
2/2 - 0s - loss: 0.0466 - mse: 0.0466 - mae: 0.1697 - val_loss: 0.0433 - val_mse: 0.0433 - val_mae: 0.1653 - 254ms/epoch - 127ms/step
Epoch 139/10000

Epoch 139: val_loss did not improve from 0.04328
2/2 - 0s - loss: 0.0465 - mse: 0.0465 - mae: 0.1703 - val_loss: 0.0433 - val_mse: 0.0433 - val_mae: 0.1657 - 252ms/epoch - 126ms/step
Epoch 140/10000

Epoch 140: val_loss improved from 0.04328 to 0.04327, saving model to ./results/NN_thk_regr/RNN/recursion_6/ckpt_1
2/2 - 1s - loss: 0.0465 - mse: 0.0465 - mae: 0.1704 - val_loss: 0.0433 - val_mse: 0.0433 - val_mae: 0.1652 - 1s/epoch - 563ms/step
Epoch 141/10000

Epoch 141: val_loss improved from 0.04327 to 0.04324, saving model to ./results/NN_thk_regr/RNN/recursion_6/ckpt_1
2/2 - 1s - loss: 0.0465 - mse: 0.0465 - mae: 0.1700 - val_loss: 0.0432 - val_mse: 0.0432 - val_mae: 0.1648 - 1s/epoch - 529ms/step
Epoch 142/10000

Epoch 142: val_loss did not improve from 0.04324
2/2 - 0s - loss: 0.0466 - mse: 0.0466 - mae: 0.1697 - val_loss: 0.0432 - val_mse: 0.0432 - val_mae: 0.1650 - 250ms/epoch - 125ms/step
Epoch 143/10000

Epoch 143: val_loss did not improve from 0.04324
2/2 - 0s - loss: 0.0465 - mse: 0.0465 - mae: 0.1700 - val_loss: 0.0434 - val_mse: 0.0434 - val_mae: 0.1661 - 253ms/epoch - 126ms/step
Epoch 144/10000

Epoch 144: val_loss did not improve from 0.04324
2/2 - 0s - loss: 0.0465 - mse: 0.0465 - mae: 0.1709 - val_loss: 0.0434 - val_mse: 0.0434 - val_mae: 0.1662 - 251ms/epoch - 125ms/step
Epoch 145/10000

Epoch 145: val_loss did not improve from 0.04324
2/2 - 0s - loss: 0.0465 - mse: 0.0465 - mae: 0.1709 - val_loss: 0.0433 - val_mse: 0.0433 - val_mae: 0.1654 - 250ms/epoch - 125ms/step
Epoch 146/10000

Epoch 146: val_loss improved from 0.04324 to 0.04323, saving model to ./results/NN_thk_regr/RNN/recursion_6/ckpt_1
2/2 - 1s - loss: 0.0464 - mse: 0.0464 - mae: 0.1702 - val_loss: 0.0432 - val_mse: 0.0432 - val_mae: 0.1649 - 1s/epoch - 558ms/step
Epoch 147/10000

Epoch 147: val_loss did not improve from 0.04323
2/2 - 0s - loss: 0.0465 - mse: 0.0465 - mae: 0.1697 - val_loss: 0.0432 - val_mse: 0.0432 - val_mae: 0.1646 - 250ms/epoch - 125ms/step
Epoch 148/10000

Epoch 148: val_loss improved from 0.04323 to 0.04322, saving model to ./results/NN_thk_regr/RNN/recursion_6/ckpt_1
2/2 - 1s - loss: 0.0466 - mse: 0.0466 - mae: 0.1695 - val_loss: 0.0432 - val_mse: 0.0432 - val_mae: 0.1647 - 1s/epoch - 561ms/step
Epoch 149/10000

Epoch 149: val_loss did not improve from 0.04322
2/2 - 0s - loss: 0.0465 - mse: 0.0465 - mae: 0.1696 - val_loss: 0.0433 - val_mse: 0.0433 - val_mae: 0.1655 - 251ms/epoch - 125ms/step
Epoch 150/10000

Epoch 150: val_loss did not improve from 0.04322
2/2 - 0s - loss: 0.0465 - mse: 0.0465 - mae: 0.1704 - val_loss: 0.0435 - val_mse: 0.0435 - val_mae: 0.1664 - 252ms/epoch - 126ms/step
Epoch 151/10000

Epoch 151: val_loss did not improve from 0.04322
2/2 - 0s - loss: 0.0465 - mse: 0.0465 - mae: 0.1711 - val_loss: 0.0433 - val_mse: 0.0433 - val_mae: 0.1656 - 252ms/epoch - 126ms/step
Epoch 152/10000

Epoch 152: val_loss improved from 0.04322 to 0.04322, saving model to ./results/NN_thk_regr/RNN/recursion_6/ckpt_1
2/2 - 1s - loss: 0.0464 - mse: 0.0464 - mae: 0.1701 - val_loss: 0.0432 - val_mse: 0.0432 - val_mae: 0.1646 - 1s/epoch - 565ms/step
Epoch 153/10000

Epoch 153: val_loss did not improve from 0.04322
2/2 - 0s - loss: 0.0465 - mse: 0.0465 - mae: 0.1695 - val_loss: 0.0433 - val_mse: 0.0433 - val_mae: 0.1644 - 254ms/epoch - 127ms/step
Epoch 154/10000

Epoch 154: val_loss improved from 0.04322 to 0.04321, saving model to ./results/NN_thk_regr/RNN/recursion_6/ckpt_1
2/2 - 1s - loss: 0.0466 - mse: 0.0466 - mae: 0.1694 - val_loss: 0.0432 - val_mse: 0.0432 - val_mae: 0.1647 - 1s/epoch - 528ms/step
Epoch 155/10000

Epoch 155: val_loss did not improve from 0.04321
2/2 - 0s - loss: 0.0465 - mse: 0.0465 - mae: 0.1696 - val_loss: 0.0434 - val_mse: 0.0434 - val_mae: 0.1660 - 250ms/epoch - 125ms/step
Epoch 156/10000

Epoch 156: val_loss did not improve from 0.04321
2/2 - 0s - loss: 0.0465 - mse: 0.0465 - mae: 0.1710 - val_loss: 0.0436 - val_mse: 0.0436 - val_mae: 0.1668 - 249ms/epoch - 124ms/step
Epoch 157/10000

Epoch 157: val_loss did not improve from 0.04321
2/2 - 0s - loss: 0.0466 - mse: 0.0466 - mae: 0.1712 - val_loss: 0.0433 - val_mse: 0.0433 - val_mae: 0.1656 - 250ms/epoch - 125ms/step
Epoch 158/10000

Epoch 158: val_loss improved from 0.04321 to 0.04319, saving model to ./results/NN_thk_regr/RNN/recursion_6/ckpt_1
2/2 - 1s - loss: 0.0464 - mse: 0.0464 - mae: 0.1702 - val_loss: 0.0432 - val_mse: 0.0432 - val_mae: 0.1648 - 1s/epoch - 557ms/step
Epoch 159/10000

Epoch 159: val_loss did not improve from 0.04319
2/2 - 0s - loss: 0.0464 - mse: 0.0464 - mae: 0.1696 - val_loss: 0.0432 - val_mse: 0.0432 - val_mae: 0.1646 - 253ms/epoch - 127ms/step
Epoch 160/10000

Epoch 160: val_loss improved from 0.04319 to 0.04319, saving model to ./results/NN_thk_regr/RNN/recursion_6/ckpt_1
2/2 - 1s - loss: 0.0465 - mse: 0.0465 - mae: 0.1695 - val_loss: 0.0432 - val_mse: 0.0432 - val_mae: 0.1647 - 1s/epoch - 561ms/step
Epoch 161/10000

Epoch 161: val_loss did not improve from 0.04319
2/2 - 0s - loss: 0.0465 - mse: 0.0465 - mae: 0.1695 - val_loss: 0.0432 - val_mse: 0.0432 - val_mae: 0.1652 - 254ms/epoch - 127ms/step
Epoch 162/10000

Epoch 162: val_loss did not improve from 0.04319
2/2 - 0s - loss: 0.0464 - mse: 0.0464 - mae: 0.1700 - val_loss: 0.0435 - val_mse: 0.0435 - val_mae: 0.1666 - 250ms/epoch - 125ms/step
Epoch 163/10000

Epoch 163: val_loss did not improve from 0.04319
2/2 - 0s - loss: 0.0465 - mse: 0.0465 - mae: 0.1712 - val_loss: 0.0435 - val_mse: 0.0435 - val_mae: 0.1665 - 251ms/epoch - 126ms/step
Epoch 164/10000

Epoch 164: val_loss did not improve from 0.04319
2/2 - 0s - loss: 0.0465 - mse: 0.0465 - mae: 0.1710 - val_loss: 0.0432 - val_mse: 0.0432 - val_mae: 0.1651 - 249ms/epoch - 124ms/step
Epoch 165/10000

Epoch 165: val_loss did not improve from 0.04319
2/2 - 0s - loss: 0.0464 - mse: 0.0464 - mae: 0.1698 - val_loss: 0.0433 - val_mse: 0.0433 - val_mae: 0.1642 - 253ms/epoch - 126ms/step
Epoch 166/10000

Epoch 166: val_loss did not improve from 0.04319
2/2 - 0s - loss: 0.0467 - mse: 0.0467 - mae: 0.1692 - val_loss: 0.0433 - val_mse: 0.0433 - val_mae: 0.1642 - 251ms/epoch - 125ms/step
Epoch 167/10000

Epoch 167: val_loss did not improve from 0.04319
2/2 - 0s - loss: 0.0466 - mse: 0.0466 - mae: 0.1692 - val_loss: 0.0432 - val_mse: 0.0432 - val_mae: 0.1652 - 250ms/epoch - 125ms/step
Epoch 168/10000

Epoch 168: val_loss did not improve from 0.04319
2/2 - 0s - loss: 0.0464 - mse: 0.0464 - mae: 0.1701 - val_loss: 0.0438 - val_mse: 0.0438 - val_mae: 0.1677 - 253ms/epoch - 126ms/step
Epoch 169/10000

Epoch 169: val_loss did not improve from 0.04319
2/2 - 0s - loss: 0.0468 - mse: 0.0468 - mae: 0.1722 - val_loss: 0.0438 - val_mse: 0.0438 - val_mae: 0.1675 - 248ms/epoch - 124ms/step
Epoch 170/10000

Epoch 170: val_loss did not improve from 0.04319
2/2 - 0s - loss: 0.0467 - mse: 0.0467 - mae: 0.1718 - val_loss: 0.0432 - val_mse: 0.0432 - val_mae: 0.1654 - 251ms/epoch - 125ms/step
Epoch 171/10000

Epoch 171: val_loss improved from 0.04319 to 0.04318, saving model to ./results/NN_thk_regr/RNN/recursion_6/ckpt_1
2/2 - 1s - loss: 0.0464 - mse: 0.0464 - mae: 0.1699 - val_loss: 0.0432 - val_mse: 0.0432 - val_mae: 0.1645 - 1s/epoch - 566ms/step
Epoch 172/10000

Epoch 172: val_loss did not improve from 0.04318
2/2 - 0s - loss: 0.0465 - mse: 0.0465 - mae: 0.1693 - val_loss: 0.0432 - val_mse: 0.0432 - val_mae: 0.1644 - 251ms/epoch - 126ms/step
Epoch 173/10000

Epoch 173: val_loss did not improve from 0.04318
2/2 - 0s - loss: 0.0465 - mse: 0.0465 - mae: 0.1694 - val_loss: 0.0432 - val_mse: 0.0432 - val_mae: 0.1655 - 252ms/epoch - 126ms/step
Epoch 174/10000

Epoch 174: val_loss did not improve from 0.04318
2/2 - 0s - loss: 0.0464 - mse: 0.0464 - mae: 0.1704 - val_loss: 0.0436 - val_mse: 0.0436 - val_mae: 0.1668 - 254ms/epoch - 127ms/step
Epoch 175/10000

Epoch 175: val_loss did not improve from 0.04318
2/2 - 0s - loss: 0.0466 - mse: 0.0466 - mae: 0.1713 - val_loss: 0.0433 - val_mse: 0.0433 - val_mae: 0.1657 - 249ms/epoch - 125ms/step
Epoch 176/10000

Epoch 176: val_loss improved from 0.04318 to 0.04318, saving model to ./results/NN_thk_regr/RNN/recursion_6/ckpt_1
2/2 - 1s - loss: 0.0465 - mse: 0.0465 - mae: 0.1702 - val_loss: 0.0432 - val_mse: 0.0432 - val_mae: 0.1645 - 1s/epoch - 531ms/step
Epoch 177/10000

Epoch 177: val_loss improved from 0.04318 to 0.04317, saving model to ./results/NN_thk_regr/RNN/recursion_6/ckpt_1
2/2 - 1s - loss: 0.0465 - mse: 0.0465 - mae: 0.1693 - val_loss: 0.0432 - val_mse: 0.0432 - val_mae: 0.1646 - 1s/epoch - 560ms/step
Epoch 178/10000

Epoch 178: val_loss did not improve from 0.04317
2/2 - 0s - loss: 0.0464 - mse: 0.0464 - mae: 0.1694 - val_loss: 0.0432 - val_mse: 0.0432 - val_mae: 0.1655 - 254ms/epoch - 127ms/step
Epoch 179/10000

Epoch 179: val_loss did not improve from 0.04317
2/2 - 0s - loss: 0.0464 - mse: 0.0464 - mae: 0.1702 - val_loss: 0.0435 - val_mse: 0.0435 - val_mae: 0.1667 - 251ms/epoch - 125ms/step
Epoch 180/10000

Epoch 180: val_loss did not improve from 0.04317
2/2 - 0s - loss: 0.0465 - mse: 0.0465 - mae: 0.1712 - val_loss: 0.0434 - val_mse: 0.0434 - val_mae: 0.1664 - 250ms/epoch - 125ms/step
Epoch 181/10000

Epoch 181: val_loss improved from 0.04317 to 0.04317, saving model to ./results/NN_thk_regr/RNN/recursion_6/ckpt_1
2/2 - 1s - loss: 0.0465 - mse: 0.0465 - mae: 0.1708 - val_loss: 0.0432 - val_mse: 0.0432 - val_mae: 0.1649 - 1s/epoch - 562ms/step
Epoch 182/10000

Epoch 182: val_loss did not improve from 0.04317
2/2 - 0s - loss: 0.0465 - mse: 0.0465 - mae: 0.1697 - val_loss: 0.0432 - val_mse: 0.0432 - val_mae: 0.1644 - 250ms/epoch - 125ms/step
Epoch 183/10000

Epoch 183: val_loss did not improve from 0.04317
2/2 - 0s - loss: 0.0465 - mse: 0.0465 - mae: 0.1693 - val_loss: 0.0432 - val_mse: 0.0432 - val_mae: 0.1650 - 248ms/epoch - 124ms/step
Epoch 184/10000

Epoch 184: val_loss did not improve from 0.04317
2/2 - 0s - loss: 0.0464 - mse: 0.0464 - mae: 0.1698 - val_loss: 0.0433 - val_mse: 0.0433 - val_mae: 0.1657 - 252ms/epoch - 126ms/step
Epoch 185/10000

Epoch 185: val_loss did not improve from 0.04317
2/2 - 0s - loss: 0.0464 - mse: 0.0464 - mae: 0.1704 - val_loss: 0.0433 - val_mse: 0.0433 - val_mae: 0.1655 - 254ms/epoch - 127ms/step
Epoch 186/10000

Epoch 186: val_loss did not improve from 0.04317
2/2 - 0s - loss: 0.0464 - mse: 0.0464 - mae: 0.1702 - val_loss: 0.0432 - val_mse: 0.0432 - val_mae: 0.1654 - 255ms/epoch - 127ms/step
Epoch 187/10000

Epoch 187: val_loss did not improve from 0.04317
2/2 - 0s - loss: 0.0464 - mse: 0.0464 - mae: 0.1701 - val_loss: 0.0433 - val_mse: 0.0433 - val_mae: 0.1657 - 252ms/epoch - 126ms/step
Epoch 188/10000

Epoch 188: val_loss did not improve from 0.04317
2/2 - 0s - loss: 0.0464 - mse: 0.0464 - mae: 0.1704 - val_loss: 0.0432 - val_mse: 0.0432 - val_mae: 0.1654 - 253ms/epoch - 126ms/step
Epoch 189/10000

Epoch 189: val_loss improved from 0.04317 to 0.04315, saving model to ./results/NN_thk_regr/RNN/recursion_6/ckpt_1
2/2 - 1s - loss: 0.0464 - mse: 0.0464 - mae: 0.1700 - val_loss: 0.0432 - val_mse: 0.0432 - val_mae: 0.1646 - 1s/epoch - 565ms/step
Epoch 190/10000

Epoch 190: val_loss did not improve from 0.04315
2/2 - 0s - loss: 0.0465 - mse: 0.0465 - mae: 0.1694 - val_loss: 0.0432 - val_mse: 0.0432 - val_mae: 0.1645 - 250ms/epoch - 125ms/step
Epoch 191/10000

Epoch 191: val_loss did not improve from 0.04315
2/2 - 0s - loss: 0.0464 - mse: 0.0464 - mae: 0.1693 - val_loss: 0.0432 - val_mse: 0.0432 - val_mae: 0.1653 - 250ms/epoch - 125ms/step
Epoch 192/10000

Epoch 192: val_loss did not improve from 0.04315
2/2 - 0s - loss: 0.0464 - mse: 0.0464 - mae: 0.1701 - val_loss: 0.0433 - val_mse: 0.0433 - val_mae: 0.1659 - 251ms/epoch - 126ms/step
Epoch 193/10000

Epoch 193: val_loss did not improve from 0.04315
2/2 - 0s - loss: 0.0464 - mse: 0.0464 - mae: 0.1704 - val_loss: 0.0432 - val_mse: 0.0432 - val_mae: 0.1652 - 252ms/epoch - 126ms/step
Epoch 194/10000

Epoch 194: val_loss did not improve from 0.04315
2/2 - 0s - loss: 0.0464 - mse: 0.0464 - mae: 0.1699 - val_loss: 0.0432 - val_mse: 0.0432 - val_mae: 0.1649 - 250ms/epoch - 125ms/step
Epoch 195/10000

Epoch 195: val_loss did not improve from 0.04315
2/2 - 0s - loss: 0.0464 - mse: 0.0464 - mae: 0.1696 - val_loss: 0.0433 - val_mse: 0.0433 - val_mae: 0.1657 - 250ms/epoch - 125ms/step
Epoch 196/10000

Epoch 196: val_loss did not improve from 0.04315
2/2 - 0s - loss: 0.0464 - mse: 0.0464 - mae: 0.1705 - val_loss: 0.0433 - val_mse: 0.0433 - val_mae: 0.1657 - 254ms/epoch - 127ms/step
Epoch 197/10000

Epoch 197: val_loss improved from 0.04315 to 0.04315, saving model to ./results/NN_thk_regr/RNN/recursion_6/ckpt_1
2/2 - 1s - loss: 0.0463 - mse: 0.0463 - mae: 0.1702 - val_loss: 0.0432 - val_mse: 0.0432 - val_mae: 0.1645 - 1s/epoch - 530ms/step
Epoch 198/10000

Epoch 198: val_loss did not improve from 0.04315
2/2 - 0s - loss: 0.0464 - mse: 0.0464 - mae: 0.1693 - val_loss: 0.0432 - val_mse: 0.0432 - val_mae: 0.1642 - 250ms/epoch - 125ms/step
Epoch 199/10000

Epoch 199: val_loss improved from 0.04315 to 0.04315, saving model to ./results/NN_thk_regr/RNN/recursion_6/ckpt_1
2/2 - 1s - loss: 0.0466 - mse: 0.0466 - mae: 0.1691 - val_loss: 0.0431 - val_mse: 0.0431 - val_mae: 0.1648 - 1s/epoch - 558ms/step
Epoch 200/10000

Epoch 200: val_loss did not improve from 0.04315
2/2 - 0s - loss: 0.0464 - mse: 0.0464 - mae: 0.1699 - val_loss: 0.0434 - val_mse: 0.0434 - val_mae: 0.1663 - 250ms/epoch - 125ms/step
Epoch 201/10000

Epoch 201: val_loss did not improve from 0.04315
2/2 - 0s - loss: 0.0464 - mse: 0.0464 - mae: 0.1708 - val_loss: 0.0434 - val_mse: 0.0434 - val_mae: 0.1661 - 255ms/epoch - 127ms/step
Epoch 202/10000

Epoch 202: val_loss did not improve from 0.04315
2/2 - 0s - loss: 0.0464 - mse: 0.0464 - mae: 0.1706 - val_loss: 0.0432 - val_mse: 0.0432 - val_mae: 0.1652 - 248ms/epoch - 124ms/step
Epoch 203/10000

Epoch 203: val_loss improved from 0.04315 to 0.04315, saving model to ./results/NN_thk_regr/RNN/recursion_6/ckpt_1
2/2 - 1s - loss: 0.0464 - mse: 0.0464 - mae: 0.1699 - val_loss: 0.0431 - val_mse: 0.0431 - val_mae: 0.1648 - 1s/epoch - 563ms/step
Epoch 204/10000

Epoch 204: val_loss did not improve from 0.04315
2/2 - 0s - loss: 0.0464 - mse: 0.0464 - mae: 0.1695 - val_loss: 0.0432 - val_mse: 0.0432 - val_mae: 0.1652 - 253ms/epoch - 126ms/step
Epoch 205/10000

Epoch 205: val_loss did not improve from 0.04315
2/2 - 0s - loss: 0.0463 - mse: 0.0463 - mae: 0.1699 - val_loss: 0.0434 - val_mse: 0.0434 - val_mae: 0.1661 - 254ms/epoch - 127ms/step
Epoch 206/10000

Epoch 206: val_loss did not improve from 0.04315
2/2 - 0s - loss: 0.0464 - mse: 0.0464 - mae: 0.1707 - val_loss: 0.0434 - val_mse: 0.0434 - val_mae: 0.1663 - 248ms/epoch - 124ms/step
Epoch 207/10000

Epoch 207: val_loss did not improve from 0.04315
2/2 - 0s - loss: 0.0464 - mse: 0.0464 - mae: 0.1706 - val_loss: 0.0432 - val_mse: 0.0432 - val_mae: 0.1648 - 249ms/epoch - 124ms/step
Epoch 208/10000

Epoch 208: val_loss did not improve from 0.04315
2/2 - 0s - loss: 0.0464 - mse: 0.0464 - mae: 0.1694 - val_loss: 0.0432 - val_mse: 0.0432 - val_mae: 0.1643 - 256ms/epoch - 128ms/step
Epoch 209/10000

Epoch 209: val_loss did not improve from 0.04315
2/2 - 0s - loss: 0.0465 - mse: 0.0465 - mae: 0.1692 - val_loss: 0.0432 - val_mse: 0.0432 - val_mae: 0.1646 - 247ms/epoch - 124ms/step
Epoch 210/10000

Epoch 210: val_loss did not improve from 0.04315
2/2 - 0s - loss: 0.0464 - mse: 0.0464 - mae: 0.1694 - val_loss: 0.0432 - val_mse: 0.0432 - val_mae: 0.1652 - 246ms/epoch - 123ms/step
Epoch 211/10000

Epoch 211: val_loss did not improve from 0.04315
2/2 - 0s - loss: 0.0463 - mse: 0.0463 - mae: 0.1699 - val_loss: 0.0432 - val_mse: 0.0432 - val_mae: 0.1655 - 250ms/epoch - 125ms/step
Epoch 212/10000

Epoch 212: val_loss did not improve from 0.04315
2/2 - 0s - loss: 0.0464 - mse: 0.0464 - mae: 0.1701 - val_loss: 0.0432 - val_mse: 0.0432 - val_mae: 0.1655 - 255ms/epoch - 127ms/step
Epoch 213/10000

Epoch 213: val_loss did not improve from 0.04315
2/2 - 0s - loss: 0.0464 - mse: 0.0464 - mae: 0.1702 - val_loss: 0.0432 - val_mse: 0.0432 - val_mae: 0.1653 - 251ms/epoch - 125ms/step
Epoch 214/10000

Epoch 214: val_loss improved from 0.04315 to 0.04315, saving model to ./results/NN_thk_regr/RNN/recursion_6/ckpt_1
2/2 - 1s - loss: 0.0463 - mse: 0.0463 - mae: 0.1698 - val_loss: 0.0431 - val_mse: 0.0431 - val_mae: 0.1647 - 1s/epoch - 565ms/step
Epoch 215/10000

Epoch 215: val_loss did not improve from 0.04315
2/2 - 0s - loss: 0.0464 - mse: 0.0464 - mae: 0.1694 - val_loss: 0.0431 - val_mse: 0.0431 - val_mae: 0.1648 - 252ms/epoch - 126ms/step
Epoch 216/10000

Epoch 216: val_loss did not improve from 0.04315
2/2 - 0s - loss: 0.0463 - mse: 0.0463 - mae: 0.1695 - val_loss: 0.0434 - val_mse: 0.0434 - val_mae: 0.1662 - 250ms/epoch - 125ms/step
Epoch 217/10000

Epoch 217: val_loss did not improve from 0.04315
2/2 - 0s - loss: 0.0464 - mse: 0.0464 - mae: 0.1708 - val_loss: 0.0436 - val_mse: 0.0436 - val_mae: 0.1670 - 251ms/epoch - 125ms/step
Epoch 218/10000

Epoch 218: val_loss did not improve from 0.04315
2/2 - 0s - loss: 0.0465 - mse: 0.0465 - mae: 0.1712 - val_loss: 0.0432 - val_mse: 0.0432 - val_mae: 0.1653 - 251ms/epoch - 126ms/step
Epoch 219/10000

Epoch 219: val_loss did not improve from 0.04315
2/2 - 0s - loss: 0.0464 - mse: 0.0464 - mae: 0.1698 - val_loss: 0.0432 - val_mse: 0.0432 - val_mae: 0.1642 - 255ms/epoch - 128ms/step
Epoch 220/10000

Epoch 220: val_loss did not improve from 0.04315
2/2 - 0s - loss: 0.0465 - mse: 0.0465 - mae: 0.1691 - val_loss: 0.0431 - val_mse: 0.0431 - val_mae: 0.1645 - 250ms/epoch - 125ms/step
Epoch 221/10000

Epoch 221: val_loss did not improve from 0.04315
2/2 - 0s - loss: 0.0464 - mse: 0.0464 - mae: 0.1694 - val_loss: 0.0432 - val_mse: 0.0432 - val_mae: 0.1654 - 251ms/epoch - 126ms/step
Epoch 222/10000

Epoch 222: val_loss did not improve from 0.04315
2/2 - 0s - loss: 0.0463 - mse: 0.0463 - mae: 0.1701 - val_loss: 0.0432 - val_mse: 0.0432 - val_mae: 0.1656 - 253ms/epoch - 127ms/step
Epoch 223/10000

Epoch 223: val_loss did not improve from 0.04315
2/2 - 0s - loss: 0.0464 - mse: 0.0464 - mae: 0.1700 - val_loss: 0.0432 - val_mse: 0.0432 - val_mae: 0.1654 - 254ms/epoch - 127ms/step
Epoch 224/10000

Epoch 224: val_loss did not improve from 0.04315
2/2 - 0s - loss: 0.0463 - mse: 0.0463 - mae: 0.1699 - val_loss: 0.0433 - val_mse: 0.0433 - val_mae: 0.1659 - 251ms/epoch - 126ms/step
Epoch 225/10000

Epoch 225: val_loss did not improve from 0.04315
2/2 - 0s - loss: 0.0464 - mse: 0.0464 - mae: 0.1704 - val_loss: 0.0433 - val_mse: 0.0433 - val_mae: 0.1659 - 250ms/epoch - 125ms/step
Epoch 226/10000

Epoch 226: val_loss did not improve from 0.04315
2/2 - 0s - loss: 0.0464 - mse: 0.0464 - mae: 0.1705 - val_loss: 0.0433 - val_mse: 0.0433 - val_mae: 0.1659 - 249ms/epoch - 125ms/step
Epoch 227/10000

Epoch 227: val_loss did not improve from 0.04315
2/2 - 0s - loss: 0.0464 - mse: 0.0464 - mae: 0.1704 - val_loss: 0.0434 - val_mse: 0.0434 - val_mae: 0.1663 - 254ms/epoch - 127ms/step
Epoch 228/10000

Epoch 228: val_loss did not improve from 0.04315
2/2 - 0s - loss: 0.0464 - mse: 0.0464 - mae: 0.1707 - val_loss: 0.0432 - val_mse: 0.0432 - val_mae: 0.1656 - 253ms/epoch - 126ms/step
Epoch 229/10000

Epoch 229: val_loss did not improve from 0.04315
2/2 - 0s - loss: 0.0463 - mse: 0.0463 - mae: 0.1701 - val_loss: 0.0432 - val_mse: 0.0432 - val_mae: 0.1653 - 251ms/epoch - 126ms/step
Epoch 230/10000

Epoch 230: val_loss did not improve from 0.04315
2/2 - 0s - loss: 0.0463 - mse: 0.0463 - mae: 0.1697 - val_loss: 0.0432 - val_mse: 0.0432 - val_mae: 0.1653 - 253ms/epoch - 127ms/step
Epoch 231/10000

Epoch 231: val_loss did not improve from 0.04315
2/2 - 0s - loss: 0.0463 - mse: 0.0463 - mae: 0.1699 - val_loss: 0.0432 - val_mse: 0.0432 - val_mae: 0.1655 - 252ms/epoch - 126ms/step
Epoch 232/10000

Epoch 232: val_loss did not improve from 0.04315
2/2 - 0s - loss: 0.0463 - mse: 0.0463 - mae: 0.1700 - val_loss: 0.0432 - val_mse: 0.0432 - val_mae: 0.1652 - 253ms/epoch - 126ms/step
Epoch 233/10000

Epoch 233: val_loss improved from 0.04315 to 0.04314, saving model to ./results/NN_thk_regr/RNN/recursion_6/ckpt_1
2/2 - 1s - loss: 0.0463 - mse: 0.0463 - mae: 0.1698 - val_loss: 0.0431 - val_mse: 0.0431 - val_mae: 0.1649 - 1s/epoch - 530ms/step
Epoch 234/10000

Epoch 234: val_loss improved from 0.04314 to 0.04313, saving model to ./results/NN_thk_regr/RNN/recursion_6/ckpt_1
2/2 - 1s - loss: 0.0463 - mse: 0.0463 - mae: 0.1695 - val_loss: 0.0431 - val_mse: 0.0431 - val_mae: 0.1646 - 1s/epoch - 561ms/step
Epoch 235/10000

Epoch 235: val_loss did not improve from 0.04313
2/2 - 0s - loss: 0.0464 - mse: 0.0464 - mae: 0.1693 - val_loss: 0.0432 - val_mse: 0.0432 - val_mae: 0.1651 - 250ms/epoch - 125ms/step
Epoch 236/10000

Epoch 236: val_loss did not improve from 0.04313
2/2 - 0s - loss: 0.0463 - mse: 0.0463 - mae: 0.1698 - val_loss: 0.0435 - val_mse: 0.0435 - val_mae: 0.1667 - 251ms/epoch - 125ms/step
Epoch 237/10000

Epoch 237: val_loss did not improve from 0.04313
2/2 - 0s - loss: 0.0465 - mse: 0.0465 - mae: 0.1711 - val_loss: 0.0433 - val_mse: 0.0433 - val_mae: 0.1661 - 256ms/epoch - 128ms/step
Epoch 238/10000

Epoch 238: val_loss did not improve from 0.04313
2/2 - 0s - loss: 0.0463 - mse: 0.0463 - mae: 0.1702 - val_loss: 0.0432 - val_mse: 0.0432 - val_mae: 0.1643 - 250ms/epoch - 125ms/step
Epoch 239/10000

Epoch 239: val_loss did not improve from 0.04313
2/2 - 0s - loss: 0.0465 - mse: 0.0465 - mae: 0.1691 - val_loss: 0.0432 - val_mse: 0.0432 - val_mae: 0.1642 - 251ms/epoch - 125ms/step
Epoch 240/10000

Epoch 240: val_loss did not improve from 0.04313
2/2 - 0s - loss: 0.0465 - mse: 0.0465 - mae: 0.1692 - val_loss: 0.0432 - val_mse: 0.0432 - val_mae: 0.1655 - 253ms/epoch - 126ms/step
Epoch 241/10000

Epoch 241: val_loss did not improve from 0.04313
2/2 - 0s - loss: 0.0463 - mse: 0.0463 - mae: 0.1699 - val_loss: 0.0437 - val_mse: 0.0437 - val_mae: 0.1676 - 249ms/epoch - 124ms/step
Epoch 242/10000

Epoch 242: val_loss did not improve from 0.04313
2/2 - 0s - loss: 0.0468 - mse: 0.0468 - mae: 0.1720 - val_loss: 0.0437 - val_mse: 0.0437 - val_mae: 0.1676 - 252ms/epoch - 126ms/step
Epoch 243/10000

Epoch 243: val_loss did not improve from 0.04313
2/2 - 0s - loss: 0.0465 - mse: 0.0465 - mae: 0.1712 - val_loss: 0.0432 - val_mse: 0.0432 - val_mae: 0.1642 - 254ms/epoch - 127ms/step
Epoch 244/10000

Epoch 244: val_loss did not improve from 0.04313
2/2 - 0s - loss: 0.0465 - mse: 0.0465 - mae: 0.1690 - val_loss: 0.0435 - val_mse: 0.0435 - val_mae: 0.1639 - 252ms/epoch - 126ms/step
Epoch 245/10000

Epoch 245: val_loss improved from 0.04313 to 0.04313, saving model to ./results/NN_thk_regr/RNN/recursion_6/ckpt_1
2/2 - 1s - loss: 0.0469 - mse: 0.0469 - mae: 0.1689 - val_loss: 0.0431 - val_mse: 0.0431 - val_mae: 0.1646 - 1s/epoch - 563ms/step
Epoch 246/10000

Epoch 246: val_loss did not improve from 0.04313
2/2 - 0s - loss: 0.0464 - mse: 0.0464 - mae: 0.1694 - val_loss: 0.0435 - val_mse: 0.0435 - val_mae: 0.1667 - 252ms/epoch - 126ms/step
Epoch 247/10000

Epoch 247: val_loss did not improve from 0.04313
2/2 - 0s - loss: 0.0464 - mse: 0.0464 - mae: 0.1709 - val_loss: 0.0433 - val_mse: 0.0433 - val_mae: 0.1658 - 253ms/epoch - 127ms/step
Epoch 248/10000

Epoch 248: val_loss did not improve from 0.04313
2/2 - 0s - loss: 0.0463 - mse: 0.0463 - mae: 0.1701 - val_loss: 0.0431 - val_mse: 0.0431 - val_mae: 0.1644 - 249ms/epoch - 124ms/step
Epoch 249/10000

Epoch 249: val_loss did not improve from 0.04313
2/2 - 0s - loss: 0.0464 - mse: 0.0464 - mae: 0.1692 - val_loss: 0.0431 - val_mse: 0.0431 - val_mae: 0.1648 - 251ms/epoch - 126ms/step
Epoch 250/10000

Epoch 250: val_loss did not improve from 0.04313
2/2 - 0s - loss: 0.0463 - mse: 0.0463 - mae: 0.1696 - val_loss: 0.0434 - val_mse: 0.0434 - val_mae: 0.1665 - 256ms/epoch - 128ms/step
Epoch 251/10000

Epoch 251: val_loss did not improve from 0.04313
2/2 - 0s - loss: 0.0464 - mse: 0.0464 - mae: 0.1708 - val_loss: 0.0434 - val_mse: 0.0434 - val_mae: 0.1662 - 251ms/epoch - 125ms/step
Epoch 252/10000

Epoch 252: val_loss did not improve from 0.04313
2/2 - 0s - loss: 0.0463 - mse: 0.0463 - mae: 0.1704 - val_loss: 0.0431 - val_mse: 0.0431 - val_mae: 0.1650 - 253ms/epoch - 126ms/step
Epoch 253/10000

Epoch 253: val_loss did not improve from 0.04313
2/2 - 0s - loss: 0.0463 - mse: 0.0463 - mae: 0.1695 - val_loss: 0.0431 - val_mse: 0.0431 - val_mae: 0.1646 - 254ms/epoch - 127ms/step
Epoch 254/10000

Epoch 254: val_loss did not improve from 0.04313
2/2 - 0s - loss: 0.0464 - mse: 0.0464 - mae: 0.1693 - val_loss: 0.0431 - val_mse: 0.0431 - val_mae: 0.1646 - 253ms/epoch - 126ms/step
Epoch 255/10000

Epoch 255: val_loss did not improve from 0.04313
2/2 - 0s - loss: 0.0463 - mse: 0.0463 - mae: 0.1692 - val_loss: 0.0431 - val_mse: 0.0431 - val_mae: 0.1650 - 254ms/epoch - 127ms/step
Epoch 256/10000

Epoch 256: val_loss did not improve from 0.04313
2/2 - 0s - loss: 0.0463 - mse: 0.0463 - mae: 0.1697 - val_loss: 0.0434 - val_mse: 0.0434 - val_mae: 0.1662 - 249ms/epoch - 124ms/step
Epoch 257/10000

Epoch 257: val_loss did not improve from 0.04313
2/2 - 0s - loss: 0.0464 - mse: 0.0464 - mae: 0.1705 - val_loss: 0.0433 - val_mse: 0.0433 - val_mae: 0.1659 - 252ms/epoch - 126ms/step
Epoch 258/10000

Epoch 258: val_loss did not improve from 0.04313
2/2 - 0s - loss: 0.0463 - mse: 0.0463 - mae: 0.1701 - val_loss: 0.0431 - val_mse: 0.0431 - val_mae: 0.1646 - 250ms/epoch - 125ms/step
Epoch 259/10000

Epoch 259: val_loss did not improve from 0.04313
2/2 - 0s - loss: 0.0463 - mse: 0.0463 - mae: 0.1693 - val_loss: 0.0432 - val_mse: 0.0432 - val_mae: 0.1642 - 252ms/epoch - 126ms/step
Epoch 260/10000

Epoch 260: val_loss did not improve from 0.04313
2/2 - 0s - loss: 0.0465 - mse: 0.0465 - mae: 0.1691 - val_loss: 0.0431 - val_mse: 0.0431 - val_mae: 0.1649 - 254ms/epoch - 127ms/step
Epoch 261/10000

Epoch 261: val_loss did not improve from 0.04313
2/2 - 0s - loss: 0.0463 - mse: 0.0463 - mae: 0.1694 - val_loss: 0.0432 - val_mse: 0.0432 - val_mae: 0.1657 - 252ms/epoch - 126ms/step
Epoch 262/10000

Epoch 262: val_loss did not improve from 0.04313
2/2 - 0s - loss: 0.0463 - mse: 0.0463 - mae: 0.1701 - val_loss: 0.0433 - val_mse: 0.0433 - val_mae: 0.1659 - 251ms/epoch - 126ms/step
Epoch 263/10000

Epoch 263: val_loss did not improve from 0.04313
2/2 - 0s - loss: 0.0463 - mse: 0.0463 - mae: 0.1702 - val_loss: 0.0432 - val_mse: 0.0432 - val_mae: 0.1651 - 252ms/epoch - 126ms/step
Epoch 264/10000

Epoch 264: val_loss did not improve from 0.04313
2/2 - 0s - loss: 0.0463 - mse: 0.0463 - mae: 0.1695 - val_loss: 0.0431 - val_mse: 0.0431 - val_mae: 0.1647 - 255ms/epoch - 127ms/step
Epoch 265/10000

Epoch 265: val_loss did not improve from 0.04313
2/2 - 0s - loss: 0.0463 - mse: 0.0463 - mae: 0.1692 - val_loss: 0.0432 - val_mse: 0.0432 - val_mae: 0.1653 - 252ms/epoch - 126ms/step
Epoch 266/10000

Epoch 266: val_loss did not improve from 0.04313
2/2 - 0s - loss: 0.0463 - mse: 0.0463 - mae: 0.1698 - val_loss: 0.0435 - val_mse: 0.0435 - val_mae: 0.1666 - 252ms/epoch - 126ms/step
Epoch 267/10000

Epoch 267: val_loss did not improve from 0.04313
2/2 - 0s - loss: 0.0464 - mse: 0.0464 - mae: 0.1708 - val_loss: 0.0433 - val_mse: 0.0433 - val_mae: 0.1659 - 249ms/epoch - 124ms/step
Epoch 268/10000

Epoch 268: val_loss did not improve from 0.04313
2/2 - 0s - loss: 0.0463 - mse: 0.0463 - mae: 0.1700 - val_loss: 0.0432 - val_mse: 0.0432 - val_mae: 0.1644 - 252ms/epoch - 126ms/step
Epoch 269/10000

Epoch 269: val_loss did not improve from 0.04313
2/2 - 0s - loss: 0.0464 - mse: 0.0464 - mae: 0.1690 - val_loss: 0.0432 - val_mse: 0.0432 - val_mae: 0.1642 - 249ms/epoch - 125ms/step
Epoch 270/10000

Epoch 270: val_loss did not improve from 0.04313
2/2 - 0s - loss: 0.0465 - mse: 0.0465 - mae: 0.1689 - val_loss: 0.0431 - val_mse: 0.0431 - val_mae: 0.1650 - 248ms/epoch - 124ms/step
Epoch 271/10000

Epoch 271: val_loss did not improve from 0.04313
2/2 - 0s - loss: 0.0463 - mse: 0.0463 - mae: 0.1696 - val_loss: 0.0435 - val_mse: 0.0435 - val_mae: 0.1666 - 252ms/epoch - 126ms/step
Epoch 272/10000

Epoch 272: val_loss did not improve from 0.04313
2/2 - 0s - loss: 0.0464 - mse: 0.0464 - mae: 0.1708 - val_loss: 0.0434 - val_mse: 0.0434 - val_mae: 0.1662 - 251ms/epoch - 126ms/step
Epoch 273/10000

Epoch 273: val_loss did not improve from 0.04313
2/2 - 0s - loss: 0.0463 - mse: 0.0463 - mae: 0.1703 - val_loss: 0.0431 - val_mse: 0.0431 - val_mae: 0.1649 - 249ms/epoch - 125ms/step
Epoch 274/10000

Epoch 274: val_loss did not improve from 0.04313
2/2 - 0s - loss: 0.0463 - mse: 0.0463 - mae: 0.1693 - val_loss: 0.0431 - val_mse: 0.0431 - val_mae: 0.1645 - 254ms/epoch - 127ms/step
Epoch 275/10000

Epoch 275: val_loss did not improve from 0.04313
2/2 - 0s - loss: 0.0463 - mse: 0.0463 - mae: 0.1691 - val_loss: 0.0431 - val_mse: 0.0431 - val_mae: 0.1648 - 251ms/epoch - 126ms/step
Epoch 276/10000

Epoch 276: val_loss did not improve from 0.04313
2/2 - 0s - loss: 0.0463 - mse: 0.0463 - mae: 0.1693 - val_loss: 0.0433 - val_mse: 0.0433 - val_mae: 0.1661 - 254ms/epoch - 127ms/step
Epoch 277/10000

Epoch 277: val_loss did not improve from 0.04313
2/2 - 0s - loss: 0.0463 - mse: 0.0463 - mae: 0.1704 - val_loss: 0.0435 - val_mse: 0.0435 - val_mae: 0.1666 - 249ms/epoch - 124ms/step
Epoch 278/10000

Epoch 278: val_loss did not improve from 0.04313
2/2 - 0s - loss: 0.0464 - mse: 0.0464 - mae: 0.1707 - val_loss: 0.0431 - val_mse: 0.0431 - val_mae: 0.1646 - 255ms/epoch - 128ms/step
Epoch 279/10000

Epoch 279: val_loss did not improve from 0.04313
2/2 - 0s - loss: 0.0464 - mse: 0.0464 - mae: 0.1690 - val_loss: 0.0434 - val_mse: 0.0434 - val_mae: 0.1639 - 249ms/epoch - 125ms/step
Epoch 280/10000

Epoch 280: val_loss did not improve from 0.04313
2/2 - 0s - loss: 0.0468 - mse: 0.0468 - mae: 0.1689 - val_loss: 0.0431 - val_mse: 0.0431 - val_mae: 0.1647 - 252ms/epoch - 126ms/step
Epoch 281/10000

Epoch 281: val_loss did not improve from 0.04313
2/2 - 0s - loss: 0.0464 - mse: 0.0464 - mae: 0.1697 - val_loss: 0.0435 - val_mse: 0.0435 - val_mae: 0.1666 - 254ms/epoch - 127ms/step
Epoch 282/10000

Epoch 282: val_loss did not improve from 0.04313
2/2 - 0s - loss: 0.0464 - mse: 0.0464 - mae: 0.1707 - val_loss: 0.0434 - val_mse: 0.0434 - val_mae: 0.1662 - 253ms/epoch - 127ms/step
Epoch 283/10000

Epoch 283: val_loss did not improve from 0.04313
2/2 - 0s - loss: 0.0463 - mse: 0.0463 - mae: 0.1703 - val_loss: 0.0432 - val_mse: 0.0432 - val_mae: 0.1653 - 250ms/epoch - 125ms/step
Epoch 284/10000

Epoch 284: val_loss did not improve from 0.04313
2/2 - 0s - loss: 0.0463 - mse: 0.0463 - mae: 0.1696 - val_loss: 0.0432 - val_mse: 0.0432 - val_mae: 0.1651 - 252ms/epoch - 126ms/step
Epoch 285/10000

Epoch 285: val_loss did not improve from 0.04313
2/2 - 0s - loss: 0.0462 - mse: 0.0462 - mae: 0.1695 - val_loss: 0.0433 - val_mse: 0.0433 - val_mae: 0.1658 - 251ms/epoch - 125ms/step
Epoch 286/10000

Epoch 286: val_loss did not improve from 0.04313
2/2 - 0s - loss: 0.0463 - mse: 0.0463 - mae: 0.1702 - val_loss: 0.0432 - val_mse: 0.0432 - val_mae: 0.1655 - 251ms/epoch - 126ms/step
Epoch 287/10000

Epoch 287: val_loss did not improve from 0.04313
2/2 - 0s - loss: 0.0463 - mse: 0.0463 - mae: 0.1696 - val_loss: 0.0431 - val_mse: 0.0431 - val_mae: 0.1646 - 250ms/epoch - 125ms/step
Epoch 288/10000

Epoch 288: val_loss did not improve from 0.04313
2/2 - 0s - loss: 0.0463 - mse: 0.0463 - mae: 0.1691 - val_loss: 0.0432 - val_mse: 0.0432 - val_mae: 0.1654 - 249ms/epoch - 125ms/step
Epoch 289/10000

Epoch 289: val_loss did not improve from 0.04313
2/2 - 0s - loss: 0.0462 - mse: 0.0462 - mae: 0.1697 - val_loss: 0.0435 - val_mse: 0.0435 - val_mae: 0.1668 - 250ms/epoch - 125ms/step
Epoch 290/10000

Epoch 290: val_loss did not improve from 0.04313
2/2 - 0s - loss: 0.0464 - mse: 0.0464 - mae: 0.1709 - val_loss: 0.0432 - val_mse: 0.0432 - val_mae: 0.1656 - 250ms/epoch - 125ms/step
Epoch 291/10000

Epoch 291: val_loss did not improve from 0.04313
2/2 - 0s - loss: 0.0463 - mse: 0.0463 - mae: 0.1698 - val_loss: 0.0432 - val_mse: 0.0432 - val_mae: 0.1644 - 250ms/epoch - 125ms/step
Epoch 292/10000

Epoch 292: val_loss did not improve from 0.04313
2/2 - 0s - loss: 0.0464 - mse: 0.0464 - mae: 0.1691 - val_loss: 0.0431 - val_mse: 0.0431 - val_mae: 0.1648 - 250ms/epoch - 125ms/step
Epoch 293/10000

Epoch 293: val_loss did not improve from 0.04313
2/2 - 0s - loss: 0.0463 - mse: 0.0463 - mae: 0.1693 - val_loss: 0.0432 - val_mse: 0.0432 - val_mae: 0.1654 - 253ms/epoch - 127ms/step
Epoch 294/10000

Epoch 294: val_loss did not improve from 0.04313
2/2 - 0s - loss: 0.0462 - mse: 0.0462 - mae: 0.1697 - val_loss: 0.0434 - val_mse: 0.0434 - val_mae: 0.1663 - 253ms/epoch - 126ms/step
Epoch 295/10000

Epoch 295: val_loss did not improve from 0.04313
2/2 - 0s - loss: 0.0463 - mse: 0.0463 - mae: 0.1704 - val_loss: 0.0434 - val_mse: 0.0434 - val_mae: 0.1663 - 250ms/epoch - 125ms/step
Epoch 296/10000

Epoch 296: val_loss did not improve from 0.04313
2/2 - 0s - loss: 0.0463 - mse: 0.0463 - mae: 0.1704 - val_loss: 0.0432 - val_mse: 0.0432 - val_mae: 0.1653 - 250ms/epoch - 125ms/step
Epoch 297/10000

Epoch 297: val_loss did not improve from 0.04313
2/2 - 0s - loss: 0.0462 - mse: 0.0462 - mae: 0.1695 - val_loss: 0.0432 - val_mse: 0.0432 - val_mae: 0.1649 - 250ms/epoch - 125ms/step
Epoch 298/10000

Epoch 298: val_loss did not improve from 0.04313
2/2 - 0s - loss: 0.0463 - mse: 0.0463 - mae: 0.1693 - val_loss: 0.0432 - val_mse: 0.0432 - val_mae: 0.1653 - 248ms/epoch - 124ms/step
Epoch 299/10000

Epoch 299: val_loss did not improve from 0.04313
2/2 - 0s - loss: 0.0462 - mse: 0.0462 - mae: 0.1696 - val_loss: 0.0434 - val_mse: 0.0434 - val_mae: 0.1662 - 249ms/epoch - 125ms/step
Epoch 300/10000

Epoch 300: val_loss did not improve from 0.04313
2/2 - 0s - loss: 0.0463 - mse: 0.0463 - mae: 0.1704 - val_loss: 0.0432 - val_mse: 0.0432 - val_mae: 0.1656 - 249ms/epoch - 125ms/step
Epoch 301/10000

Epoch 301: val_loss did not improve from 0.04313
2/2 - 0s - loss: 0.0463 - mse: 0.0463 - mae: 0.1697 - val_loss: 0.0432 - val_mse: 0.0432 - val_mae: 0.1647 - 253ms/epoch - 127ms/step
Epoch 302/10000

Epoch 302: val_loss did not improve from 0.04313
2/2 - 0s - loss: 0.0463 - mse: 0.0463 - mae: 0.1692 - val_loss: 0.0432 - val_mse: 0.0432 - val_mae: 0.1655 - 252ms/epoch - 126ms/step
Epoch 303/10000

Epoch 303: val_loss did not improve from 0.04313
2/2 - 0s - loss: 0.0462 - mse: 0.0462 - mae: 0.1698 - val_loss: 0.0436 - val_mse: 0.0436 - val_mae: 0.1671 - 253ms/epoch - 126ms/step
Epoch 304/10000

Epoch 304: val_loss did not improve from 0.04313
2/2 - 0s - loss: 0.0464 - mse: 0.0464 - mae: 0.1711 - val_loss: 0.0434 - val_mse: 0.0434 - val_mae: 0.1663 - 252ms/epoch - 126ms/step
Epoch 305/10000

Epoch 305: val_loss did not improve from 0.04313
2/2 - 0s - loss: 0.0462 - mse: 0.0462 - mae: 0.1702 - val_loss: 0.0432 - val_mse: 0.0432 - val_mae: 0.1644 - 254ms/epoch - 127ms/step
Epoch 306/10000

Epoch 306: val_loss did not improve from 0.04313
2/2 - 0s - loss: 0.0464 - mse: 0.0464 - mae: 0.1689 - val_loss: 0.0432 - val_mse: 0.0432 - val_mae: 0.1642 - 252ms/epoch - 126ms/step
Epoch 307/10000

Epoch 307: val_loss did not improve from 0.04313
2/2 - 0s - loss: 0.0465 - mse: 0.0465 - mae: 0.1691 - val_loss: 0.0432 - val_mse: 0.0432 - val_mae: 0.1655 - 251ms/epoch - 125ms/step
Epoch 308/10000

Epoch 308: val_loss did not improve from 0.04313
2/2 - 0s - loss: 0.0463 - mse: 0.0463 - mae: 0.1700 - val_loss: 0.0433 - val_mse: 0.0433 - val_mae: 0.1661 - 254ms/epoch - 127ms/step
Epoch 309/10000

Epoch 309: val_loss did not improve from 0.04313
2/2 - 0s - loss: 0.0462 - mse: 0.0462 - mae: 0.1701 - val_loss: 0.0432 - val_mse: 0.0432 - val_mae: 0.1646 - 252ms/epoch - 126ms/step
Epoch 310/10000

Epoch 310: val_loss did not improve from 0.04313
2/2 - 0s - loss: 0.0463 - mse: 0.0463 - mae: 0.1691 - val_loss: 0.0432 - val_mse: 0.0432 - val_mae: 0.1643 - 251ms/epoch - 125ms/step
Epoch 311/10000

Epoch 311: val_loss did not improve from 0.04313
2/2 - 0s - loss: 0.0464 - mse: 0.0464 - mae: 0.1689 - val_loss: 0.0433 - val_mse: 0.0433 - val_mae: 0.1658 - 251ms/epoch - 125ms/step
Epoch 312/10000

Epoch 312: val_loss did not improve from 0.04313
2/2 - 0s - loss: 0.0463 - mse: 0.0463 - mae: 0.1701 - val_loss: 0.0435 - val_mse: 0.0435 - val_mae: 0.1667 - 255ms/epoch - 128ms/step
Epoch 313/10000

Epoch 313: val_loss did not improve from 0.04313
2/2 - 0s - loss: 0.0463 - mse: 0.0463 - mae: 0.1706 - val_loss: 0.0432 - val_mse: 0.0432 - val_mae: 0.1651 - 253ms/epoch - 126ms/step
Epoch 314/10000

Epoch 314: val_loss did not improve from 0.04313
2/2 - 0s - loss: 0.0463 - mse: 0.0463 - mae: 0.1694 - val_loss: 0.0432 - val_mse: 0.0432 - val_mae: 0.1645 - 250ms/epoch - 125ms/step
Epoch 315/10000

Epoch 315: val_loss did not improve from 0.04313
2/2 - 0s - loss: 0.0464 - mse: 0.0464 - mae: 0.1691 - val_loss: 0.0432 - val_mse: 0.0432 - val_mae: 0.1652 - 250ms/epoch - 125ms/step
Epoch 316/10000

Epoch 316: val_loss did not improve from 0.04313
2/2 - 0s - loss: 0.0462 - mse: 0.0462 - mae: 0.1694 - val_loss: 0.0432 - val_mse: 0.0432 - val_mae: 0.1656 - 249ms/epoch - 125ms/step
Epoch 317/10000

Epoch 317: val_loss did not improve from 0.04313
2/2 - 0s - loss: 0.0462 - mse: 0.0462 - mae: 0.1698 - val_loss: 0.0434 - val_mse: 0.0434 - val_mae: 0.1666 - 254ms/epoch - 127ms/step
Epoch 318/10000

Epoch 318: val_loss did not improve from 0.04313
2/2 - 0s - loss: 0.0463 - mse: 0.0463 - mae: 0.1706 - val_loss: 0.0435 - val_mse: 0.0435 - val_mae: 0.1668 - 255ms/epoch - 128ms/step
Epoch 319/10000

Epoch 319: val_loss did not improve from 0.04313
2/2 - 0s - loss: 0.0463 - mse: 0.0463 - mae: 0.1706 - val_loss: 0.0432 - val_mse: 0.0432 - val_mae: 0.1648 - 250ms/epoch - 125ms/step
Epoch 320/10000

Epoch 320: val_loss did not improve from 0.04313
2/2 - 0s - loss: 0.0463 - mse: 0.0463 - mae: 0.1691 - val_loss: 0.0433 - val_mse: 0.0433 - val_mae: 0.1641 - 247ms/epoch - 123ms/step
Epoch 321/10000

Epoch 321: val_loss did not improve from 0.04313
2/2 - 0s - loss: 0.0465 - mse: 0.0465 - mae: 0.1689 - val_loss: 0.0432 - val_mse: 0.0432 - val_mae: 0.1651 - 252ms/epoch - 126ms/step
Epoch 322/10000

Epoch 322: val_loss did not improve from 0.04313
2/2 - 0s - loss: 0.0462 - mse: 0.0462 - mae: 0.1695 - val_loss: 0.0435 - val_mse: 0.0435 - val_mae: 0.1667 - 252ms/epoch - 126ms/step
Epoch 323/10000

Epoch 323: val_loss did not improve from 0.04313
2/2 - 0s - loss: 0.0464 - mse: 0.0464 - mae: 0.1707 - val_loss: 0.0433 - val_mse: 0.0433 - val_mae: 0.1659 - 249ms/epoch - 124ms/step
Epoch 324/10000

Epoch 324: val_loss did not improve from 0.04313
2/2 - 0s - loss: 0.0462 - mse: 0.0462 - mae: 0.1697 - val_loss: 0.0432 - val_mse: 0.0432 - val_mae: 0.1643 - 253ms/epoch - 127ms/step
Epoch 325/10000

Epoch 325: val_loss did not improve from 0.04313
2/2 - 0s - loss: 0.0464 - mse: 0.0464 - mae: 0.1689 - val_loss: 0.0432 - val_mse: 0.0432 - val_mae: 0.1645 - 249ms/epoch - 125ms/step
Epoch 326/10000

Epoch 326: val_loss did not improve from 0.04313
2/2 - 0s - loss: 0.0462 - mse: 0.0462 - mae: 0.1689 - val_loss: 0.0436 - val_mse: 0.0436 - val_mae: 0.1673 - 248ms/epoch - 124ms/step
Epoch 327/10000

Epoch 327: val_loss did not improve from 0.04313
2/2 - 0s - loss: 0.0464 - mse: 0.0464 - mae: 0.1712 - val_loss: 0.0441 - val_mse: 0.0441 - val_mae: 0.1689 - 252ms/epoch - 126ms/step
Epoch 328/10000

Epoch 328: val_loss did not improve from 0.04313
2/2 - 0s - loss: 0.0467 - mse: 0.0467 - mae: 0.1722 - val_loss: 0.0432 - val_mse: 0.0432 - val_mae: 0.1656 - 251ms/epoch - 126ms/step
Epoch 329/10000

Epoch 329: val_loss did not improve from 0.04313
2/2 - 0s - loss: 0.0464 - mse: 0.0464 - mae: 0.1696 - val_loss: 0.0433 - val_mse: 0.0433 - val_mae: 0.1642 - 250ms/epoch - 125ms/step
Epoch 330/10000

Epoch 330: val_loss did not improve from 0.04313
2/2 - 0s - loss: 0.0465 - mse: 0.0465 - mae: 0.1688 - val_loss: 0.0432 - val_mse: 0.0432 - val_mae: 0.1653 - 253ms/epoch - 126ms/step
Epoch 331/10000

Epoch 331: val_loss did not improve from 0.04313
2/2 - 0s - loss: 0.0464 - mse: 0.0464 - mae: 0.1701 - val_loss: 0.0432 - val_mse: 0.0432 - val_mae: 0.1657 - 253ms/epoch - 126ms/step
Epoch 332/10000

Epoch 332: val_loss did not improve from 0.04313
2/2 - 0s - loss: 0.0462 - mse: 0.0462 - mae: 0.1695 - val_loss: 0.0432 - val_mse: 0.0432 - val_mae: 0.1645 - 254ms/epoch - 127ms/step
Epoch 333/10000

Epoch 333: val_loss did not improve from 0.04313
2/2 - 0s - loss: 0.0463 - mse: 0.0463 - mae: 0.1689 - val_loss: 0.0432 - val_mse: 0.0432 - val_mae: 0.1652 - 251ms/epoch - 126ms/step
Epoch 334/10000

Epoch 334: val_loss did not improve from 0.04313
2/2 - 0s - loss: 0.0462 - mse: 0.0462 - mae: 0.1696 - val_loss: 0.0434 - val_mse: 0.0434 - val_mae: 0.1664 - 252ms/epoch - 126ms/step
Epoch 335/10000

Epoch 335: val_loss did not improve from 0.04313
2/2 - 0s - loss: 0.0463 - mse: 0.0463 - mae: 0.1703 - val_loss: 0.0432 - val_mse: 0.0432 - val_mae: 0.1656 - 250ms/epoch - 125ms/step
Epoch 336/10000

Epoch 336: val_loss did not improve from 0.04313
2/2 - 0s - loss: 0.0462 - mse: 0.0462 - mae: 0.1696 - val_loss: 0.0432 - val_mse: 0.0432 - val_mae: 0.1650 - 251ms/epoch - 126ms/step
Epoch 337/10000

Epoch 337: val_loss did not improve from 0.04313
2/2 - 0s - loss: 0.0462 - mse: 0.0462 - mae: 0.1692 - val_loss: 0.0432 - val_mse: 0.0432 - val_mae: 0.1646 - 253ms/epoch - 127ms/step
Epoch 338/10000

Epoch 338: val_loss did not improve from 0.04313
2/2 - 0s - loss: 0.0463 - mse: 0.0463 - mae: 0.1690 - val_loss: 0.0432 - val_mse: 0.0432 - val_mae: 0.1645 - 250ms/epoch - 125ms/step
Epoch 339/10000

Epoch 339: val_loss did not improve from 0.04313
2/2 - 0s - loss: 0.0463 - mse: 0.0463 - mae: 0.1689 - val_loss: 0.0432 - val_mse: 0.0432 - val_mae: 0.1649 - 251ms/epoch - 126ms/step
Epoch 340/10000

Epoch 340: val_loss did not improve from 0.04313
2/2 - 0s - loss: 0.0462 - mse: 0.0462 - mae: 0.1693 - val_loss: 0.0432 - val_mse: 0.0432 - val_mae: 0.1655 - 250ms/epoch - 125ms/step
Epoch 341/10000

Epoch 341: val_loss did not improve from 0.04313
2/2 - 0s - loss: 0.0462 - mse: 0.0462 - mae: 0.1696 - val_loss: 0.0432 - val_mse: 0.0432 - val_mae: 0.1654 - 254ms/epoch - 127ms/step
Epoch 342/10000

Epoch 342: val_loss did not improve from 0.04313
2/2 - 0s - loss: 0.0462 - mse: 0.0462 - mae: 0.1695 - val_loss: 0.0432 - val_mse: 0.0432 - val_mae: 0.1644 - 253ms/epoch - 127ms/step
Epoch 343/10000

Epoch 343: val_loss did not improve from 0.04313
2/2 - 0s - loss: 0.0463 - mse: 0.0463 - mae: 0.1688 - val_loss: 0.0432 - val_mse: 0.0432 - val_mae: 0.1643 - 251ms/epoch - 125ms/step
Epoch 344/10000

Epoch 344: val_loss did not improve from 0.04313
2/2 - 0s - loss: 0.0464 - mse: 0.0464 - mae: 0.1688 - val_loss: 0.0433 - val_mse: 0.0433 - val_mae: 0.1657 - 253ms/epoch - 126ms/step
Epoch 345/10000

Epoch 345: val_loss did not improve from 0.04313
2/2 - 0s - loss: 0.0462 - mse: 0.0462 - mae: 0.1697 - val_loss: 0.0437 - val_mse: 0.0437 - val_mae: 0.1675 - 251ms/epoch - 125ms/step
Epoch 345: early stopping
