[ 13.14088385  30.21795131  46.87850492  63.53905854  80.19961216
  96.86016577 113.52071939 130.181273   146.84182662 163.50238024
 180.16293385 196.82348747 213.48404109 230.1445947  246.80514832
 263.46570194 280.12625555 296.78680917 313.44736279 330.1079164
 346.76847002 363.42902363 380.08957725 396.75013087 413.41068448
 430.0712381 ]
Before undersampling: [(0, 379), (1, 843), (2, 3574), (3, 4722), (4, 3014), (5, 2364), (6, 2085), (7, 1796), (8, 1589), (9, 1446), (10, 1372), (11, 1271), (12, 1163), (13, 1050), (14, 878), (15, 802), (16, 678), (17, 642), (18, 453), (19, 423), (20, 312), (21, 282), (22, 244), (23, 187), (24, 211)]
After undersampling: [(0, 141), (1, 497), (2, 2438), (3, 3066), (4, 1918), (5, 1714), (6, 1572), (7, 1265), (8, 1119), (9, 959), (10, 990), (11, 887), (12, 818), (13, 778), (14, 607), (15, 526), (16, 457), (17, 478), (18, 290), (19, 285), (20, 193), (21, 187), (22, 168), (23, 187), (24, 170)]
            label  HH_0_0_x  HV_0_0_x  IA_0_0_x       FYI      DFYI       MYI     rms_0     thk_1     rms_1     thk_2     rms_2     thk_3     rms_3  ...         3    4    5         6         7    8    9        10        11   12   13        14        15                                                CNN
0       27.557560  0.172549  0.027451  0.087744  0.903511  0.086523  0.009966  4.445642  1.096553  4.413262  1.070952  4.400683  1.128235  4.362667  ...  1.329982  0.0  0.0  1.699938  0.922984  0.0  0.0  1.448472  0.893183  0.0  0.0  1.262691  0.441489  [[[[0.1215686274509803], [0.0877856310676125],...
1       24.369497  0.223529  0.086275  0.117225  0.606195  0.327827  0.065977  4.684099  1.209545  4.555583  1.149863  4.564920  1.184715  4.557956  ...  0.939180  0.0  0.0  1.977251  0.572895  0.0  0.0  1.716261  0.351433  0.0  0.0  1.554808  0.089552  [[[[0.2862745098039215], [0.1171869165757123],...
2       27.401003  0.133333  0.050980  0.114363  0.993515  0.001974  0.004510  4.281506  1.076088  4.280443  1.057821  4.260111  1.088425  4.245607  ...  0.859095  0.0  0.0  1.759796  0.693592  0.0  0.0  2.237406  1.353299  0.0  0.0  1.488281  0.178867  [[[[0.0980392156862745], [0.1143248539344937],...
3       27.401003  0.133333  0.050980  0.114363  0.993515  0.001974  0.004510  4.281506  1.076088  4.280443  1.057821  4.260111  1.088425  4.245607  ...  0.859095  0.0  0.0  1.759796  0.693592  0.0  0.0  2.237406  1.353299  0.0  0.0  1.488281  0.178867  [[[[0.0980392156862745], [0.1143248539344937],...
4       19.293353  0.384314  0.180392  0.155179  0.145805  0.165183  0.689013  4.729457  1.325225  4.867873  1.296732  4.866265  1.327986  4.872564  ...  0.949650  0.0  0.0  1.303105  0.690379  0.0  0.0  1.355163  0.665776  0.0  0.0  1.676689  0.177291  [[[[0.4784313725490196], [0.1552091411515778],...
...           ...       ...       ...       ...       ...       ...       ...       ...       ...       ...       ...       ...       ...       ...  ...       ...  ...  ...       ...       ...  ...  ...       ...       ...  ...  ...       ...       ...                                                ...
21705  428.865028  0.349020  0.109804  0.081155  0.004640  0.000334  0.995026  4.950488  1.223903  4.848201  1.214065  4.903924  1.214935  4.890147  ...  1.710262  0.0  0.0  2.248280  0.666799  0.0  0.0  2.508874  1.536116  0.0  0.0  1.998454  1.064334  [[[[0.192156862745098], [0.0811967213948567], ...
21706  413.850629  0.239216  0.047059  0.081085  0.157408  0.002705  0.839887  4.881938  1.153872  4.776570  1.145578  4.845220  1.186378  4.824961  ...  1.399135  0.0  0.0  2.102352  1.346529  0.0  0.0  2.242782  1.332157  0.0  0.0  1.673444  0.672915  [[[[0.3411764705882353], [0.0811269049550972],...
21707  424.042418  0.282353  0.066667  0.149433  0.555378  0.061723  0.382898  4.731061  1.220450  4.833013  1.211024  4.808225  1.225502  4.756752  ...  1.048151  0.0  0.0  1.759950  0.344755  0.0  0.0  1.782739  1.367052  0.0  0.0  1.763050  1.095051  [[[[0.2], [0.1494652841605392], [0.06666666666...
21708  417.027580  0.505882  0.090196  0.152162  0.185910  0.031902  0.782188  4.486675  1.202497  4.531466  1.252972  4.593008  1.239219  4.510143  ...  1.035264  0.0  0.0  2.001448  1.379296  0.0  0.0  2.745631  1.093121  0.0  0.0  1.564485  0.810498  [[[[0.4196078431372549], [0.15219440834195], [...
21709  417.866263  0.392157  0.125490  0.152184  0.189279  0.051355  0.759366  4.590506  1.242536  4.658542  1.255140  4.682031  1.275536  4.639037  ...  1.124182  0.0  0.0  2.480716  1.210371  0.0  0.0  2.433277  1.084279  0.0  0.0  1.615430  0.530238  [[[[0.3490196078431372], [0.1522158155254289],...

[21710 rows x 97 columns]
Size of dataset: (21710, 96)
*************************** Fold #: 1 ***************************
Model: "model"
__________________________________________________________________________________________________
 Layer (type)                   Output Shape         Param #     Connected to                     
==================================================================================================
 conv (InputLayer)              [(None, 7, 7, 3, 1)  0           []                               
                                ]                                                                 
                                                                                                  
 zero_padding3d (ZeroPadding3D)  (None, 8, 8, 4, 1)  0           ['conv[0][0]']                   
                                                                                                  
 conv3d (Conv3D)                (None, 8, 8, 4, 8)   224         ['zero_padding3d[0][0]']         
                                                                                                  
 max_pooling3d (MaxPooling3D)   (None, 4, 4, 2, 8)   0           ['conv3d[0][0]']                 
                                                                                                  
 conv3d_1 (Conv3D)              (None, 4, 4, 2, 4)   868         ['max_pooling3d[0][0]']          
                                                                                                  
 max_pooling3d_1 (MaxPooling3D)  (None, 2, 2, 1, 4)  0           ['conv3d_1[0][0]']               
                                                                                                  
 cat (InputLayer)               [(None, 95)]         0           []                               
                                                                                                  
 flatten (Flatten)              (None, 16)           0           ['max_pooling3d_1[0][0]']        
                                                                                                  
 concatenate (Concatenate)      (None, 111)          0           ['cat[0][0]',                    
                                                                  'flatten[0][0]']                
                                                                                                  
 dense (Dense)                  (None, 200)          22400       ['concatenate[0][0]']            
                                                                                                  
 dense_1 (Dense)                (None, 200)          40200       ['dense[0][0]']                  
                                                                                                  
 dense_2 (Dense)                (None, 200)          40200       ['dense_1[0][0]']                
                                                                                                  
 dense_3 (Dense)                (None, 200)          40200       ['dense_2[0][0]']                
                                                                                                  
 dense_4 (Dense)                (None, 200)          40200       ['dense_3[0][0]']                
                                                                                                  
 dense_5 (Dense)                (None, 1)            201         ['dense_4[0][0]']                
                                                                                                  
==================================================================================================
Total params: 184,493
Trainable params: 184,493
Non-trainable params: 0
__________________________________________________________________________________________________
Epoch 1/10000

Epoch 1: val_loss improved from inf to 0.36490, saving model to ./results/NN_rms_regr/RNN/recursion_35/ckpt_1
11/11 - 3s - loss: 9.6201 - mse: 9.6201 - mae: 2.7014 - val_loss: 0.3649 - val_mse: 0.3649 - val_mae: 0.4843 - 3s/epoch - 295ms/step
Epoch 2/10000

Epoch 2: val_loss did not improve from 0.36490
11/11 - 2s - loss: 1.3373 - mse: 1.3373 - mae: 0.9787 - val_loss: 1.2359 - val_mse: 1.2359 - val_mae: 0.9855 - 2s/epoch - 173ms/step
Epoch 3/10000

Epoch 3: val_loss improved from 0.36490 to 0.34935, saving model to ./results/NN_rms_regr/RNN/recursion_35/ckpt_1
11/11 - 3s - loss: 0.6974 - mse: 0.6974 - mae: 0.6850 - val_loss: 0.3494 - val_mse: 0.3494 - val_mae: 0.4745 - 3s/epoch - 241ms/step
Epoch 4/10000

Epoch 4: val_loss did not improve from 0.34935
11/11 - 2s - loss: 0.3682 - mse: 0.3682 - mae: 0.4935 - val_loss: 0.4033 - val_mse: 0.4033 - val_mae: 0.5092 - 2s/epoch - 175ms/step
Epoch 5/10000

Epoch 5: val_loss improved from 0.34935 to 0.29013, saving model to ./results/NN_rms_regr/RNN/recursion_35/ckpt_1
11/11 - 3s - loss: 0.3287 - mse: 0.3287 - mae: 0.4635 - val_loss: 0.2901 - val_mse: 0.2901 - val_mae: 0.4356 - 3s/epoch - 241ms/step
Epoch 6/10000

Epoch 6: val_loss improved from 0.29013 to 0.28866, saving model to ./results/NN_rms_regr/RNN/recursion_35/ckpt_1
11/11 - 3s - loss: 0.2977 - mse: 0.2977 - mae: 0.4429 - val_loss: 0.2887 - val_mse: 0.2887 - val_mae: 0.4356 - 3s/epoch - 240ms/step
Epoch 7/10000

Epoch 7: val_loss did not improve from 0.28866
11/11 - 2s - loss: 0.2872 - mse: 0.2872 - mae: 0.4356 - val_loss: 0.2904 - val_mse: 0.2904 - val_mae: 0.4369 - 2s/epoch - 173ms/step
Epoch 8/10000

Epoch 8: val_loss improved from 0.28866 to 0.28790, saving model to ./results/NN_rms_regr/RNN/recursion_35/ckpt_1
11/11 - 3s - loss: 0.2850 - mse: 0.2850 - mae: 0.4347 - val_loss: 0.2879 - val_mse: 0.2879 - val_mae: 0.4349 - 3s/epoch - 240ms/step
Epoch 9/10000

Epoch 9: val_loss improved from 0.28790 to 0.28594, saving model to ./results/NN_rms_regr/RNN/recursion_35/ckpt_1
11/11 - 3s - loss: 0.2838 - mse: 0.2838 - mae: 0.4335 - val_loss: 0.2859 - val_mse: 0.2859 - val_mae: 0.4332 - 3s/epoch - 241ms/step
Epoch 10/10000

Epoch 10: val_loss improved from 0.28594 to 0.28568, saving model to ./results/NN_rms_regr/RNN/recursion_35/ckpt_1
11/11 - 3s - loss: 0.2833 - mse: 0.2833 - mae: 0.4330 - val_loss: 0.2857 - val_mse: 0.2857 - val_mae: 0.4329 - 3s/epoch - 255ms/step
Epoch 11/10000

Epoch 11: val_loss improved from 0.28568 to 0.28539, saving model to ./results/NN_rms_regr/RNN/recursion_35/ckpt_1
11/11 - 3s - loss: 0.2827 - mse: 0.2827 - mae: 0.4326 - val_loss: 0.2854 - val_mse: 0.2854 - val_mae: 0.4325 - 3s/epoch - 256ms/step
Epoch 12/10000

Epoch 12: val_loss improved from 0.28539 to 0.28523, saving model to ./results/NN_rms_regr/RNN/recursion_35/ckpt_1
11/11 - 3s - loss: 0.2826 - mse: 0.2826 - mae: 0.4324 - val_loss: 0.2852 - val_mse: 0.2852 - val_mae: 0.4324 - 3s/epoch - 250ms/step
Epoch 13/10000

Epoch 13: val_loss did not improve from 0.28523
11/11 - 2s - loss: 0.2830 - mse: 0.2830 - mae: 0.4326 - val_loss: 0.2855 - val_mse: 0.2855 - val_mae: 0.4324 - 2s/epoch - 174ms/step
Epoch 14/10000

Epoch 14: val_loss did not improve from 0.28523
11/11 - 2s - loss: 0.2830 - mse: 0.2830 - mae: 0.4326 - val_loss: 0.2854 - val_mse: 0.2854 - val_mae: 0.4322 - 2s/epoch - 174ms/step
Epoch 15/10000

Epoch 15: val_loss did not improve from 0.28523
11/11 - 2s - loss: 0.2831 - mse: 0.2831 - mae: 0.4326 - val_loss: 0.2864 - val_mse: 0.2864 - val_mae: 0.4332 - 2s/epoch - 174ms/step
Epoch 16/10000

Epoch 16: val_loss did not improve from 0.28523
11/11 - 2s - loss: 0.2842 - mse: 0.2842 - mae: 0.4333 - val_loss: 0.2902 - val_mse: 0.2902 - val_mae: 0.4361 - 2s/epoch - 177ms/step
Epoch 17/10000

Epoch 17: val_loss did not improve from 0.28523
11/11 - 2s - loss: 0.2840 - mse: 0.2840 - mae: 0.4332 - val_loss: 0.2856 - val_mse: 0.2856 - val_mae: 0.4325 - 2s/epoch - 175ms/step
Epoch 18/10000

Epoch 18: val_loss improved from 0.28523 to 0.28490, saving model to ./results/NN_rms_regr/RNN/recursion_35/ckpt_1
11/11 - 3s - loss: 0.2826 - mse: 0.2826 - mae: 0.4320 - val_loss: 0.2849 - val_mse: 0.2849 - val_mae: 0.4318 - 3s/epoch - 256ms/step
Epoch 19/10000

Epoch 19: val_loss did not improve from 0.28490
11/11 - 2s - loss: 0.2825 - mse: 0.2825 - mae: 0.4318 - val_loss: 0.2860 - val_mse: 0.2860 - val_mae: 0.4322 - 2s/epoch - 175ms/step
Epoch 20/10000

Epoch 20: val_loss did not improve from 0.28490
11/11 - 2s - loss: 0.2851 - mse: 0.2851 - mae: 0.4333 - val_loss: 0.2863 - val_mse: 0.2863 - val_mae: 0.4323 - 2s/epoch - 177ms/step
Epoch 21/10000

Epoch 21: val_loss did not improve from 0.28490
11/11 - 2s - loss: 0.2835 - mse: 0.2835 - mae: 0.4327 - val_loss: 0.2859 - val_mse: 0.2859 - val_mae: 0.4324 - 2s/epoch - 175ms/step
Epoch 22/10000

Epoch 22: val_loss improved from 0.28490 to 0.28472, saving model to ./results/NN_rms_regr/RNN/recursion_35/ckpt_1
11/11 - 3s - loss: 0.2820 - mse: 0.2820 - mae: 0.4313 - val_loss: 0.2847 - val_mse: 0.2847 - val_mae: 0.4314 - 3s/epoch - 255ms/step
Epoch 23/10000

Epoch 23: val_loss did not improve from 0.28472
11/11 - 2s - loss: 0.2823 - mse: 0.2823 - mae: 0.4314 - val_loss: 0.2859 - val_mse: 0.2859 - val_mae: 0.4323 - 2s/epoch - 175ms/step
Epoch 24/10000

Epoch 24: val_loss did not improve from 0.28472
11/11 - 2s - loss: 0.2816 - mse: 0.2816 - mae: 0.4308 - val_loss: 0.2852 - val_mse: 0.2852 - val_mae: 0.4317 - 2s/epoch - 178ms/step
Epoch 25/10000

Epoch 25: val_loss did not improve from 0.28472
11/11 - 2s - loss: 0.2823 - mse: 0.2823 - mae: 0.4312 - val_loss: 0.2848 - val_mse: 0.2848 - val_mae: 0.4311 - 2s/epoch - 174ms/step
Epoch 26/10000

Epoch 26: val_loss improved from 0.28472 to 0.28470, saving model to ./results/NN_rms_regr/RNN/recursion_35/ckpt_1
11/11 - 3s - loss: 0.2817 - mse: 0.2817 - mae: 0.4310 - val_loss: 0.2847 - val_mse: 0.2847 - val_mae: 0.4311 - 3s/epoch - 256ms/step
Epoch 27/10000

Epoch 27: val_loss did not improve from 0.28470
11/11 - 2s - loss: 0.2819 - mse: 0.2819 - mae: 0.4309 - val_loss: 0.2852 - val_mse: 0.2852 - val_mae: 0.4312 - 2s/epoch - 175ms/step
Epoch 28/10000

Epoch 28: val_loss did not improve from 0.28470
11/11 - 2s - loss: 0.2817 - mse: 0.2817 - mae: 0.4304 - val_loss: 0.2859 - val_mse: 0.2859 - val_mae: 0.4316 - 2s/epoch - 174ms/step
Epoch 29/10000

Epoch 29: val_loss did not improve from 0.28470
11/11 - 2s - loss: 0.2812 - mse: 0.2812 - mae: 0.4302 - val_loss: 0.2857 - val_mse: 0.2857 - val_mae: 0.4314 - 2s/epoch - 175ms/step
Epoch 30/10000

Epoch 30: val_loss did not improve from 0.28470
11/11 - 2s - loss: 0.2823 - mse: 0.2823 - mae: 0.4308 - val_loss: 0.2850 - val_mse: 0.2850 - val_mae: 0.4309 - 2s/epoch - 175ms/step
Epoch 31/10000

Epoch 31: val_loss improved from 0.28470 to 0.28467, saving model to ./results/NN_rms_regr/RNN/recursion_35/ckpt_1
11/11 - 3s - loss: 0.2814 - mse: 0.2814 - mae: 0.4304 - val_loss: 0.2847 - val_mse: 0.2847 - val_mae: 0.4307 - 3s/epoch - 249ms/step
Epoch 32/10000

Epoch 32: val_loss did not improve from 0.28467
11/11 - 2s - loss: 0.2811 - mse: 0.2811 - mae: 0.4300 - val_loss: 0.2847 - val_mse: 0.2847 - val_mae: 0.4306 - 2s/epoch - 175ms/step
Epoch 33/10000

Epoch 33: val_loss did not improve from 0.28467
11/11 - 2s - loss: 0.2817 - mse: 0.2817 - mae: 0.4304 - val_loss: 0.2850 - val_mse: 0.2850 - val_mae: 0.4307 - 2s/epoch - 176ms/step
Epoch 34/10000

Epoch 34: val_loss did not improve from 0.28467
11/11 - 2s - loss: 0.2811 - mse: 0.2811 - mae: 0.4299 - val_loss: 0.2861 - val_mse: 0.2861 - val_mae: 0.4317 - 2s/epoch - 177ms/step
Epoch 35/10000

Epoch 35: val_loss did not improve from 0.28467
11/11 - 2s - loss: 0.2818 - mse: 0.2818 - mae: 0.4304 - val_loss: 0.2887 - val_mse: 0.2887 - val_mae: 0.4329 - 2s/epoch - 176ms/step
Epoch 36/10000

Epoch 36: val_loss improved from 0.28467 to 0.28449, saving model to ./results/NN_rms_regr/RNN/recursion_35/ckpt_1
11/11 - 3s - loss: 0.2835 - mse: 0.2835 - mae: 0.4313 - val_loss: 0.2845 - val_mse: 0.2845 - val_mae: 0.4303 - 3s/epoch - 258ms/step
Epoch 37/10000

Epoch 37: val_loss did not improve from 0.28449
11/11 - 2s - loss: 0.2821 - mse: 0.2821 - mae: 0.4309 - val_loss: 0.2854 - val_mse: 0.2854 - val_mae: 0.4307 - 2s/epoch - 175ms/step
Epoch 38/10000

Epoch 38: val_loss did not improve from 0.28449
11/11 - 2s - loss: 0.2814 - mse: 0.2814 - mae: 0.4298 - val_loss: 0.2845 - val_mse: 0.2845 - val_mae: 0.4303 - 2s/epoch - 174ms/step
Epoch 39/10000

Epoch 39: val_loss did not improve from 0.28449
11/11 - 2s - loss: 0.2816 - mse: 0.2816 - mae: 0.4300 - val_loss: 0.2852 - val_mse: 0.2852 - val_mae: 0.4306 - 2s/epoch - 175ms/step
Epoch 40/10000

Epoch 40: val_loss did not improve from 0.28449
11/11 - 2s - loss: 0.2816 - mse: 0.2816 - mae: 0.4297 - val_loss: 0.2846 - val_mse: 0.2846 - val_mae: 0.4303 - 2s/epoch - 175ms/step
Epoch 41/10000

Epoch 41: val_loss did not improve from 0.28449
11/11 - 2s - loss: 0.2814 - mse: 0.2814 - mae: 0.4300 - val_loss: 0.2846 - val_mse: 0.2846 - val_mae: 0.4301 - 2s/epoch - 175ms/step
Epoch 42/10000

Epoch 42: val_loss did not improve from 0.28449
11/11 - 2s - loss: 0.2813 - mse: 0.2813 - mae: 0.4295 - val_loss: 0.2846 - val_mse: 0.2846 - val_mae: 0.4301 - 2s/epoch - 175ms/step
Epoch 43/10000

Epoch 43: val_loss did not improve from 0.28449
11/11 - 2s - loss: 0.2811 - mse: 0.2811 - mae: 0.4294 - val_loss: 0.2853 - val_mse: 0.2853 - val_mae: 0.4304 - 2s/epoch - 174ms/step
Epoch 44/10000

Epoch 44: val_loss did not improve from 0.28449
11/11 - 2s - loss: 0.2817 - mse: 0.2817 - mae: 0.4296 - val_loss: 0.2860 - val_mse: 0.2860 - val_mae: 0.4311 - 2s/epoch - 175ms/step
Epoch 45/10000

Epoch 45: val_loss did not improve from 0.28449
11/11 - 2s - loss: 0.2816 - mse: 0.2816 - mae: 0.4296 - val_loss: 0.2859 - val_mse: 0.2859 - val_mae: 0.4307 - 2s/epoch - 175ms/step
Epoch 46/10000

Epoch 46: val_loss did not improve from 0.28449
11/11 - 2s - loss: 0.2809 - mse: 0.2809 - mae: 0.4290 - val_loss: 0.2845 - val_mse: 0.2845 - val_mae: 0.4298 - 2s/epoch - 175ms/step
Epoch 47/10000

Epoch 47: val_loss did not improve from 0.28449
11/11 - 2s - loss: 0.2806 - mse: 0.2806 - mae: 0.4289 - val_loss: 0.2847 - val_mse: 0.2847 - val_mae: 0.4299 - 2s/epoch - 174ms/step
Epoch 48/10000

Epoch 48: val_loss did not improve from 0.28449
11/11 - 2s - loss: 0.2806 - mse: 0.2806 - mae: 0.4289 - val_loss: 0.2845 - val_mse: 0.2845 - val_mae: 0.4298 - 2s/epoch - 174ms/step
Epoch 49/10000

Epoch 49: val_loss did not improve from 0.28449
11/11 - 2s - loss: 0.2809 - mse: 0.2809 - mae: 0.4291 - val_loss: 0.2845 - val_mse: 0.2845 - val_mae: 0.4298 - 2s/epoch - 175ms/step
Epoch 50/10000

Epoch 50: val_loss did not improve from 0.28449
11/11 - 2s - loss: 0.2807 - mse: 0.2807 - mae: 0.4289 - val_loss: 0.2873 - val_mse: 0.2873 - val_mae: 0.4314 - 2s/epoch - 175ms/step
Epoch 51/10000

Epoch 51: val_loss did not improve from 0.28449
11/11 - 2s - loss: 0.2812 - mse: 0.2812 - mae: 0.4291 - val_loss: 0.2847 - val_mse: 0.2847 - val_mae: 0.4297 - 2s/epoch - 175ms/step
Epoch 52/10000

Epoch 52: val_loss did not improve from 0.28449
11/11 - 2s - loss: 0.2823 - mse: 0.2823 - mae: 0.4297 - val_loss: 0.2866 - val_mse: 0.2866 - val_mae: 0.4313 - 2s/epoch - 174ms/step
Epoch 53/10000

Epoch 53: val_loss did not improve from 0.28449
11/11 - 2s - loss: 0.2812 - mse: 0.2812 - mae: 0.4294 - val_loss: 0.2876 - val_mse: 0.2876 - val_mae: 0.4315 - 2s/epoch - 174ms/step
Epoch 54/10000

Epoch 54: val_loss did not improve from 0.28449
11/11 - 2s - loss: 0.2830 - mse: 0.2830 - mae: 0.4303 - val_loss: 0.2875 - val_mse: 0.2875 - val_mae: 0.4319 - 2s/epoch - 175ms/step
Epoch 55/10000

Epoch 55: val_loss did not improve from 0.28449
11/11 - 2s - loss: 0.2827 - mse: 0.2827 - mae: 0.4304 - val_loss: 0.2887 - val_mse: 0.2887 - val_mae: 0.4322 - 2s/epoch - 175ms/step
Epoch 56/10000

Epoch 56: val_loss did not improve from 0.28449
11/11 - 2s - loss: 0.2851 - mse: 0.2851 - mae: 0.4318 - val_loss: 0.2859 - val_mse: 0.2859 - val_mae: 0.4304 - 2s/epoch - 175ms/step
Epoch 57/10000

Epoch 57: val_loss did not improve from 0.28449
11/11 - 2s - loss: 0.2865 - mse: 0.2865 - mae: 0.4327 - val_loss: 0.2864 - val_mse: 0.2864 - val_mae: 0.4311 - 2s/epoch - 175ms/step
Epoch 58/10000

Epoch 58: val_loss did not improve from 0.28449
11/11 - 2s - loss: 0.2831 - mse: 0.2831 - mae: 0.4306 - val_loss: 0.2852 - val_mse: 0.2852 - val_mae: 0.4301 - 2s/epoch - 177ms/step
Epoch 59/10000

Epoch 59: val_loss did not improve from 0.28449
11/11 - 2s - loss: 0.2811 - mse: 0.2811 - mae: 0.4288 - val_loss: 0.2850 - val_mse: 0.2850 - val_mae: 0.4297 - 2s/epoch - 175ms/step
Epoch 60/10000

Epoch 60: val_loss did not improve from 0.28449
11/11 - 2s - loss: 0.2807 - mse: 0.2807 - mae: 0.4286 - val_loss: 0.2847 - val_mse: 0.2847 - val_mae: 0.4296 - 2s/epoch - 174ms/step
Epoch 61/10000

Epoch 61: val_loss did not improve from 0.28449
11/11 - 2s - loss: 0.2814 - mse: 0.2814 - mae: 0.4294 - val_loss: 0.2859 - val_mse: 0.2859 - val_mae: 0.4302 - 2s/epoch - 174ms/step
Epoch 62/10000

Epoch 62: val_loss did not improve from 0.28449
11/11 - 2s - loss: 0.2816 - mse: 0.2816 - mae: 0.4290 - val_loss: 0.2874 - val_mse: 0.2874 - val_mae: 0.4317 - 2s/epoch - 175ms/step
Epoch 63/10000

Epoch 63: val_loss did not improve from 0.28449
11/11 - 2s - loss: 0.2825 - mse: 0.2825 - mae: 0.4305 - val_loss: 0.2877 - val_mse: 0.2877 - val_mae: 0.4313 - 2s/epoch - 175ms/step
Epoch 64/10000

Epoch 64: val_loss did not improve from 0.28449
11/11 - 2s - loss: 0.2827 - mse: 0.2827 - mae: 0.4302 - val_loss: 0.2886 - val_mse: 0.2886 - val_mae: 0.4319 - 2s/epoch - 175ms/step
Epoch 65/10000

Epoch 65: val_loss did not improve from 0.28449
11/11 - 2s - loss: 0.2817 - mse: 0.2817 - mae: 0.4294 - val_loss: 0.2848 - val_mse: 0.2848 - val_mae: 0.4296 - 2s/epoch - 175ms/step
Epoch 66/10000

Epoch 66: val_loss did not improve from 0.28449
11/11 - 2s - loss: 0.2809 - mse: 0.2809 - mae: 0.4287 - val_loss: 0.2846 - val_mse: 0.2846 - val_mae: 0.4294 - 2s/epoch - 175ms/step
Epoch 67/10000

Epoch 67: val_loss did not improve from 0.28449
11/11 - 2s - loss: 0.2809 - mse: 0.2809 - mae: 0.4288 - val_loss: 0.2903 - val_mse: 0.2903 - val_mae: 0.4329 - 2s/epoch - 174ms/step
Epoch 68/10000

Epoch 68: val_loss did not improve from 0.28449
11/11 - 2s - loss: 0.2820 - mse: 0.2820 - mae: 0.4292 - val_loss: 0.2879 - val_mse: 0.2879 - val_mae: 0.4319 - 2s/epoch - 175ms/step
Epoch 69/10000

Epoch 69: val_loss did not improve from 0.28449
11/11 - 2s - loss: 0.2830 - mse: 0.2830 - mae: 0.4303 - val_loss: 0.2846 - val_mse: 0.2846 - val_mae: 0.4293 - 2s/epoch - 175ms/step
Epoch 70/10000

Epoch 70: val_loss did not improve from 0.28449
11/11 - 2s - loss: 0.2807 - mse: 0.2807 - mae: 0.4285 - val_loss: 0.2857 - val_mse: 0.2857 - val_mae: 0.4300 - 2s/epoch - 175ms/step
Epoch 71/10000

Epoch 71: val_loss did not improve from 0.28449
11/11 - 2s - loss: 0.2850 - mse: 0.2850 - mae: 0.4309 - val_loss: 0.2859 - val_mse: 0.2859 - val_mae: 0.4300 - 2s/epoch - 174ms/step
Epoch 72/10000

Epoch 72: val_loss did not improve from 0.28449
11/11 - 2s - loss: 0.2836 - mse: 0.2836 - mae: 0.4305 - val_loss: 0.2846 - val_mse: 0.2846 - val_mae: 0.4294 - 2s/epoch - 175ms/step
Epoch 73/10000

Epoch 73: val_loss did not improve from 0.28449
11/11 - 2s - loss: 0.2807 - mse: 0.2807 - mae: 0.4283 - val_loss: 0.2846 - val_mse: 0.2846 - val_mae: 0.4293 - 2s/epoch - 175ms/step
Epoch 74/10000

Epoch 74: val_loss did not improve from 0.28449
11/11 - 2s - loss: 0.2811 - mse: 0.2811 - mae: 0.4286 - val_loss: 0.2861 - val_mse: 0.2861 - val_mae: 0.4305 - 2s/epoch - 176ms/step
Epoch 75/10000

Epoch 75: val_loss did not improve from 0.28449
11/11 - 2s - loss: 0.2824 - mse: 0.2824 - mae: 0.4294 - val_loss: 0.2892 - val_mse: 0.2892 - val_mae: 0.4328 - 2s/epoch - 175ms/step
Epoch 76/10000

Epoch 76: val_loss did not improve from 0.28449
11/11 - 2s - loss: 0.2855 - mse: 0.2855 - mae: 0.4328 - val_loss: 0.2850 - val_mse: 0.2850 - val_mae: 0.4297 - 2s/epoch - 176ms/step
Epoch 77/10000

Epoch 77: val_loss did not improve from 0.28449
11/11 - 2s - loss: 0.2813 - mse: 0.2813 - mae: 0.4291 - val_loss: 0.2873 - val_mse: 0.2873 - val_mae: 0.4309 - 2s/epoch - 175ms/step
Epoch 78/10000

Epoch 78: val_loss did not improve from 0.28449
11/11 - 2s - loss: 0.2816 - mse: 0.2816 - mae: 0.4289 - val_loss: 0.2846 - val_mse: 0.2846 - val_mae: 0.4293 - 2s/epoch - 175ms/step
Epoch 79/10000

Epoch 79: val_loss did not improve from 0.28449
11/11 - 2s - loss: 0.2806 - mse: 0.2806 - mae: 0.4283 - val_loss: 0.2852 - val_mse: 0.2852 - val_mae: 0.4296 - 2s/epoch - 175ms/step
Epoch 80/10000

Epoch 80: val_loss did not improve from 0.28449
11/11 - 2s - loss: 0.2817 - mse: 0.2817 - mae: 0.4290 - val_loss: 0.2848 - val_mse: 0.2848 - val_mae: 0.4295 - 2s/epoch - 174ms/step
Epoch 81/10000

Epoch 81: val_loss did not improve from 0.28449
11/11 - 2s - loss: 0.2818 - mse: 0.2818 - mae: 0.4291 - val_loss: 0.2848 - val_mse: 0.2848 - val_mae: 0.4293 - 2s/epoch - 176ms/step
Epoch 82/10000

Epoch 82: val_loss did not improve from 0.28449
11/11 - 2s - loss: 0.2810 - mse: 0.2810 - mae: 0.4283 - val_loss: 0.2854 - val_mse: 0.2854 - val_mae: 0.4300 - 2s/epoch - 175ms/step
Epoch 83/10000

Epoch 83: val_loss did not improve from 0.28449
11/11 - 2s - loss: 0.2833 - mse: 0.2833 - mae: 0.4299 - val_loss: 0.2847 - val_mse: 0.2847 - val_mae: 0.4294 - 2s/epoch - 174ms/step
Epoch 84/10000

Epoch 84: val_loss did not improve from 0.28449
11/11 - 2s - loss: 0.2823 - mse: 0.2823 - mae: 0.4299 - val_loss: 0.2846 - val_mse: 0.2846 - val_mae: 0.4292 - 2s/epoch - 175ms/step
Epoch 85/10000

Epoch 85: val_loss did not improve from 0.28449
11/11 - 2s - loss: 0.2812 - mse: 0.2812 - mae: 0.4286 - val_loss: 0.2895 - val_mse: 0.2895 - val_mae: 0.4329 - 2s/epoch - 175ms/step
Epoch 86/10000

Epoch 86: val_loss did not improve from 0.28449
11/11 - 2s - loss: 0.2806 - mse: 0.2806 - mae: 0.4282 - val_loss: 0.2849 - val_mse: 0.2849 - val_mae: 0.4294 - 2s/epoch - 174ms/step
Epoch 87/10000

Epoch 87: val_loss did not improve from 0.28449
11/11 - 2s - loss: 0.2803 - mse: 0.2803 - mae: 0.4280 - val_loss: 0.2846 - val_mse: 0.2846 - val_mae: 0.4292 - 2s/epoch - 175ms/step
Epoch 88/10000

Epoch 88: val_loss did not improve from 0.28449
11/11 - 2s - loss: 0.2808 - mse: 0.2808 - mae: 0.4285 - val_loss: 0.2846 - val_mse: 0.2846 - val_mae: 0.4292 - 2s/epoch - 175ms/step
Epoch 89/10000

Epoch 89: val_loss did not improve from 0.28449
11/11 - 2s - loss: 0.2808 - mse: 0.2808 - mae: 0.4284 - val_loss: 0.2852 - val_mse: 0.2852 - val_mae: 0.4295 - 2s/epoch - 175ms/step
Epoch 90/10000

Epoch 90: val_loss did not improve from 0.28449
11/11 - 2s - loss: 0.2807 - mse: 0.2807 - mae: 0.4282 - val_loss: 0.2848 - val_mse: 0.2848 - val_mae: 0.4293 - 2s/epoch - 175ms/step
Epoch 91/10000

Epoch 91: val_loss did not improve from 0.28449
11/11 - 2s - loss: 0.2807 - mse: 0.2807 - mae: 0.4286 - val_loss: 0.2868 - val_mse: 0.2868 - val_mae: 0.4309 - 2s/epoch - 175ms/step
Epoch 92/10000

Epoch 92: val_loss did not improve from 0.28449
11/11 - 2s - loss: 0.2816 - mse: 0.2816 - mae: 0.4291 - val_loss: 0.2867 - val_mse: 0.2867 - val_mae: 0.4308 - 2s/epoch - 174ms/step
Epoch 93/10000

Epoch 93: val_loss did not improve from 0.28449
11/11 - 2s - loss: 0.2814 - mse: 0.2814 - mae: 0.4282 - val_loss: 0.2850 - val_mse: 0.2850 - val_mae: 0.4294 - 2s/epoch - 175ms/step
Epoch 94/10000

Epoch 94: val_loss did not improve from 0.28449
11/11 - 2s - loss: 0.2803 - mse: 0.2803 - mae: 0.4280 - val_loss: 0.2846 - val_mse: 0.2846 - val_mae: 0.4291 - 2s/epoch - 175ms/step
Epoch 95/10000

Epoch 95: val_loss did not improve from 0.28449
11/11 - 2s - loss: 0.2803 - mse: 0.2803 - mae: 0.4278 - val_loss: 0.2849 - val_mse: 0.2849 - val_mae: 0.4294 - 2s/epoch - 175ms/step
Epoch 96/10000

Epoch 96: val_loss did not improve from 0.28449
11/11 - 2s - loss: 0.2806 - mse: 0.2806 - mae: 0.4281 - val_loss: 0.2857 - val_mse: 0.2857 - val_mae: 0.4298 - 2s/epoch - 174ms/step
Epoch 97/10000

Epoch 97: val_loss did not improve from 0.28449
11/11 - 2s - loss: 0.2819 - mse: 0.2819 - mae: 0.4289 - val_loss: 0.2846 - val_mse: 0.2846 - val_mae: 0.4292 - 2s/epoch - 175ms/step
Epoch 98/10000

Epoch 98: val_loss did not improve from 0.28449
11/11 - 2s - loss: 0.2805 - mse: 0.2805 - mae: 0.4280 - val_loss: 0.2863 - val_mse: 0.2863 - val_mae: 0.4305 - 2s/epoch - 175ms/step
Epoch 99/10000

Epoch 99: val_loss did not improve from 0.28449
11/11 - 2s - loss: 0.2805 - mse: 0.2805 - mae: 0.4281 - val_loss: 0.2850 - val_mse: 0.2850 - val_mae: 0.4293 - 2s/epoch - 175ms/step
Epoch 100/10000

Epoch 100: val_loss did not improve from 0.28449
11/11 - 2s - loss: 0.2812 - mse: 0.2812 - mae: 0.4288 - val_loss: 0.2846 - val_mse: 0.2846 - val_mae: 0.4291 - 2s/epoch - 174ms/step
Epoch 101/10000

Epoch 101: val_loss did not improve from 0.28449
11/11 - 2s - loss: 0.2815 - mse: 0.2815 - mae: 0.4290 - val_loss: 0.2847 - val_mse: 0.2847 - val_mae: 0.4292 - 2s/epoch - 175ms/step
Epoch 102/10000

Epoch 102: val_loss did not improve from 0.28449
11/11 - 2s - loss: 0.2811 - mse: 0.2811 - mae: 0.4284 - val_loss: 0.2846 - val_mse: 0.2846 - val_mae: 0.4291 - 2s/epoch - 175ms/step
Epoch 103/10000

Epoch 103: val_loss did not improve from 0.28449
11/11 - 2s - loss: 0.2804 - mse: 0.2804 - mae: 0.4280 - val_loss: 0.2847 - val_mse: 0.2847 - val_mae: 0.4292 - 2s/epoch - 175ms/step
Epoch 104/10000

Epoch 104: val_loss did not improve from 0.28449
11/11 - 2s - loss: 0.2848 - mse: 0.2848 - mae: 0.4306 - val_loss: 0.2924 - val_mse: 0.2924 - val_mae: 0.4341 - 2s/epoch - 174ms/step
Epoch 105/10000

Epoch 105: val_loss did not improve from 0.28449
11/11 - 2s - loss: 0.2817 - mse: 0.2817 - mae: 0.4291 - val_loss: 0.2852 - val_mse: 0.2852 - val_mae: 0.4295 - 2s/epoch - 175ms/step
Epoch 106/10000

Epoch 106: val_loss did not improve from 0.28449
11/11 - 2s - loss: 0.2810 - mse: 0.2810 - mae: 0.4283 - val_loss: 0.2853 - val_mse: 0.2853 - val_mae: 0.4298 - 2s/epoch - 175ms/step
Epoch 107/10000

Epoch 107: val_loss did not improve from 0.28449
11/11 - 2s - loss: 0.2816 - mse: 0.2816 - mae: 0.4289 - val_loss: 0.2846 - val_mse: 0.2846 - val_mae: 0.4291 - 2s/epoch - 175ms/step
Epoch 108/10000

Epoch 108: val_loss did not improve from 0.28449
11/11 - 2s - loss: 0.2857 - mse: 0.2857 - mae: 0.4327 - val_loss: 0.2898 - val_mse: 0.2898 - val_mae: 0.4323 - 2s/epoch - 174ms/step
Epoch 109/10000

Epoch 109: val_loss did not improve from 0.28449
11/11 - 2s - loss: 0.2810 - mse: 0.2810 - mae: 0.4286 - val_loss: 0.2846 - val_mse: 0.2846 - val_mae: 0.4292 - 2s/epoch - 175ms/step
Epoch 110/10000

Epoch 110: val_loss did not improve from 0.28449
11/11 - 2s - loss: 0.2811 - mse: 0.2811 - mae: 0.4284 - val_loss: 0.2846 - val_mse: 0.2846 - val_mae: 0.4291 - 2s/epoch - 175ms/step
Epoch 111/10000

Epoch 111: val_loss did not improve from 0.28449
11/11 - 2s - loss: 0.2815 - mse: 0.2815 - mae: 0.4290 - val_loss: 0.2953 - val_mse: 0.2953 - val_mae: 0.4369 - 2s/epoch - 175ms/step
Epoch 112/10000

Epoch 112: val_loss did not improve from 0.28449
11/11 - 2s - loss: 0.2869 - mse: 0.2869 - mae: 0.4325 - val_loss: 0.2853 - val_mse: 0.2853 - val_mae: 0.4297 - 2s/epoch - 175ms/step
Epoch 113/10000

Epoch 113: val_loss did not improve from 0.28449
11/11 - 2s - loss: 0.2841 - mse: 0.2841 - mae: 0.4307 - val_loss: 0.2918 - val_mse: 0.2918 - val_mae: 0.4337 - 2s/epoch - 175ms/step
Epoch 114/10000

Epoch 114: val_loss did not improve from 0.28449
11/11 - 2s - loss: 0.2829 - mse: 0.2829 - mae: 0.4293 - val_loss: 0.2847 - val_mse: 0.2847 - val_mae: 0.4293 - 2s/epoch - 175ms/step
Epoch 115/10000

Epoch 115: val_loss did not improve from 0.28449
11/11 - 2s - loss: 0.2801 - mse: 0.2801 - mae: 0.4278 - val_loss: 0.2860 - val_mse: 0.2860 - val_mae: 0.4299 - 2s/epoch - 174ms/step
Epoch 116/10000

Epoch 116: val_loss did not improve from 0.28449
11/11 - 2s - loss: 0.2812 - mse: 0.2812 - mae: 0.4286 - val_loss: 0.2846 - val_mse: 0.2846 - val_mae: 0.4291 - 2s/epoch - 175ms/step
Epoch 117/10000

Epoch 117: val_loss did not improve from 0.28449
11/11 - 2s - loss: 0.2839 - mse: 0.2839 - mae: 0.4304 - val_loss: 0.2874 - val_mse: 0.2874 - val_mae: 0.4308 - 2s/epoch - 175ms/step
Epoch 118/10000

Epoch 118: val_loss did not improve from 0.28449
11/11 - 2s - loss: 0.2841 - mse: 0.2841 - mae: 0.4304 - val_loss: 0.2899 - val_mse: 0.2899 - val_mae: 0.4331 - 2s/epoch - 175ms/step
Epoch 119/10000

Epoch 119: val_loss did not improve from 0.28449
11/11 - 2s - loss: 0.2883 - mse: 0.2883 - mae: 0.4341 - val_loss: 0.3275 - val_mse: 0.3275 - val_mae: 0.4596 - 2s/epoch - 176ms/step
Epoch 120/10000

Epoch 120: val_loss did not improve from 0.28449
11/11 - 2s - loss: 0.2997 - mse: 0.2997 - mae: 0.4420 - val_loss: 0.2864 - val_mse: 0.2864 - val_mae: 0.4306 - 2s/epoch - 175ms/step
Epoch 121/10000

Epoch 121: val_loss did not improve from 0.28449
11/11 - 2s - loss: 0.2903 - mse: 0.2903 - mae: 0.4349 - val_loss: 0.2960 - val_mse: 0.2960 - val_mae: 0.4365 - 2s/epoch - 175ms/step
Epoch 122/10000

Epoch 122: val_loss did not improve from 0.28449
11/11 - 2s - loss: 0.2848 - mse: 0.2848 - mae: 0.4313 - val_loss: 0.2846 - val_mse: 0.2846 - val_mae: 0.4291 - 2s/epoch - 174ms/step
Epoch 123/10000

Epoch 123: val_loss did not improve from 0.28449
11/11 - 2s - loss: 0.2815 - mse: 0.2815 - mae: 0.4290 - val_loss: 0.2880 - val_mse: 0.2880 - val_mae: 0.4318 - 2s/epoch - 174ms/step
Epoch 124/10000

Epoch 124: val_loss did not improve from 0.28449
11/11 - 2s - loss: 0.2833 - mse: 0.2833 - mae: 0.4302 - val_loss: 0.2869 - val_mse: 0.2869 - val_mae: 0.4310 - 2s/epoch - 175ms/step
Epoch 125/10000

Epoch 125: val_loss did not improve from 0.28449
11/11 - 2s - loss: 0.2809 - mse: 0.2809 - mae: 0.4285 - val_loss: 0.2850 - val_mse: 0.2850 - val_mae: 0.4294 - 2s/epoch - 174ms/step
Epoch 126/10000

Epoch 126: val_loss did not improve from 0.28449
11/11 - 2s - loss: 0.2817 - mse: 0.2817 - mae: 0.4290 - val_loss: 0.2855 - val_mse: 0.2855 - val_mae: 0.4296 - 2s/epoch - 175ms/step
Epoch 127/10000

Epoch 127: val_loss did not improve from 0.28449
11/11 - 2s - loss: 0.2877 - mse: 0.2877 - mae: 0.4336 - val_loss: 0.2883 - val_mse: 0.2883 - val_mae: 0.4320 - 2s/epoch - 174ms/step
Epoch 128/10000

Epoch 128: val_loss did not improve from 0.28449
11/11 - 2s - loss: 0.2810 - mse: 0.2810 - mae: 0.4285 - val_loss: 0.2885 - val_mse: 0.2885 - val_mae: 0.4321 - 2s/epoch - 174ms/step
Epoch 129/10000

Epoch 129: val_loss did not improve from 0.28449
11/11 - 2s - loss: 0.2832 - mse: 0.2832 - mae: 0.4299 - val_loss: 0.2943 - val_mse: 0.2943 - val_mae: 0.4353 - 2s/epoch - 175ms/step
Epoch 130/10000

Epoch 130: val_loss did not improve from 0.28449
11/11 - 2s - loss: 0.2842 - mse: 0.2842 - mae: 0.4305 - val_loss: 0.2866 - val_mse: 0.2866 - val_mae: 0.4303 - 2s/epoch - 175ms/step
Epoch 131/10000

Epoch 131: val_loss did not improve from 0.28449
11/11 - 2s - loss: 0.2827 - mse: 0.2827 - mae: 0.4297 - val_loss: 0.2847 - val_mse: 0.2847 - val_mae: 0.4292 - 2s/epoch - 177ms/step
Epoch 132/10000

Epoch 132: val_loss did not improve from 0.28449
11/11 - 2s - loss: 0.2804 - mse: 0.2804 - mae: 0.4282 - val_loss: 0.2845 - val_mse: 0.2845 - val_mae: 0.4291 - 2s/epoch - 174ms/step
Epoch 133/10000

Epoch 133: val_loss did not improve from 0.28449
11/11 - 2s - loss: 0.2815 - mse: 0.2815 - mae: 0.4285 - val_loss: 0.2853 - val_mse: 0.2853 - val_mae: 0.4297 - 2s/epoch - 174ms/step
Epoch 134/10000

Epoch 134: val_loss did not improve from 0.28449
11/11 - 2s - loss: 0.2804 - mse: 0.2804 - mae: 0.4279 - val_loss: 0.2846 - val_mse: 0.2846 - val_mae: 0.4292 - 2s/epoch - 174ms/step
Epoch 135/10000

Epoch 135: val_loss did not improve from 0.28449
11/11 - 2s - loss: 0.2811 - mse: 0.2811 - mae: 0.4284 - val_loss: 0.2847 - val_mse: 0.2847 - val_mae: 0.4292 - 2s/epoch - 175ms/step
Epoch 136/10000

Epoch 136: val_loss did not improve from 0.28449
11/11 - 2s - loss: 0.2843 - mse: 0.2843 - mae: 0.4310 - val_loss: 0.2870 - val_mse: 0.2870 - val_mae: 0.4306 - 2s/epoch - 174ms/step
Epoch 136: early stopping
