[ 13.14088385  30.21795131  46.87850492  63.53905854  80.19961216
  96.86016577 113.52071939 130.181273   146.84182662 163.50238024
 180.16293385 196.82348747 213.48404109 230.1445947  246.80514832
 263.46570194 280.12625555 296.78680917 313.44736279 330.1079164
 346.76847002 363.42902363 380.08957725 396.75013087 413.41068448
 430.0712381 ]
Before undersampling: [(0, 379), (1, 843), (2, 3574), (3, 4722), (4, 3014), (5, 2364), (6, 2085), (7, 1796), (8, 1589), (9, 1446), (10, 1372), (11, 1271), (12, 1163), (13, 1050), (14, 878), (15, 802), (16, 678), (17, 642), (18, 453), (19, 423), (20, 312), (21, 282), (22, 244), (23, 187), (24, 211)]
After undersampling: [(0, 173), (1, 501), (2, 2267), (3, 3383), (4, 2058), (5, 1648), (6, 1520), (7, 1243), (8, 1126), (9, 936), (10, 960), (11, 918), (12, 866), (13, 774), (14, 601), (15, 593), (16, 475), (17, 440), (18, 317), (19, 283), (20, 192), (21, 175), (22, 165), (23, 187), (24, 169)]
            label  HH_0_0_x  HV_0_0_x  IA_0_0_x       FYI      DFYI       MYI     rms_3     thk_4     rms_4     thk_0     rms_0     thk_1     rms_1  ...         3    4    5         6         7    8    9        10        11   12   13        14        15                                                CNN
0       20.738095  0.372549  0.070588  0.078069  0.005232  0.000130  0.994638  4.756560  1.228372  4.753660  1.222109  4.709297  1.247844  4.739787  ...  1.409660  0.0  0.0  1.794869  0.891954  0.0  0.0  2.396916  1.362741  0.0  0.0  1.949067  0.791480  [[[[0.3372549019607843], [0.0780271791944316],...
1       18.663122  0.227451  0.043137  0.090704  0.464520  0.501972  0.033508  4.670960  1.107724  4.688777  1.203573  4.635531  1.163079  4.672358  ...  0.963450  0.0  0.0  1.109298  0.586828  0.0  0.0  1.760401  0.835613  0.0  0.0  2.032470  0.267021  [[[[0.2156862745098039], [0.0907457837871476],...
2       26.035926  0.180392  0.039216  0.089000  0.880825  0.109828  0.009347  4.365780  1.096136  4.386848  1.134003  4.338908  1.125340  4.381132  ...  0.527698  0.0  0.0  1.604485  0.608057  0.0  0.0  2.542986  1.898091  0.0  0.0  1.621222  0.726244  [[[[0.1647058823529411], [0.0890422970640893],...
3       24.439407  0.211765  0.047059  0.101371  0.884342  0.078655  0.037003  4.487749  1.117996  4.520648  1.229436  4.464301  1.154642  4.495960  ...  1.153112  0.0  0.0  1.566773  0.732429  0.0  0.0  1.264492  0.444026  0.0  0.0  1.697078  0.530993  [[[[0.2392156862745098], [0.1013308655981924],...
4       18.288850  0.152941  0.070588  0.151680  0.775583  0.074131  0.150286  4.678617  1.140028  4.666085  1.240254  4.650178  1.149501  4.692603  ...  1.401973  0.0  0.0  1.504408  0.642963  0.0  0.0  1.705601  0.871294  0.0  0.0  1.757860  0.779741  [[[[0.2313725490196078], [0.1517123951631434],...
...           ...       ...       ...       ...       ...       ...       ...       ...       ...       ...       ...       ...       ...       ...  ...       ...  ...  ...       ...       ...  ...  ...       ...       ...  ...  ...       ...       ...                                                ...
21965  428.865028  0.349020  0.109804  0.081155  0.004640  0.000334  0.995026  4.819143  1.244842  4.787060  1.245145  4.810486  1.252665  4.788354  ...  1.710262  0.0  0.0  2.248280  0.666799  0.0  0.0  2.508874  1.536116  0.0  0.0  1.998454  1.064334  [[[[0.192156862745098], [0.0811967213948567], ...
21966  413.850629  0.239216  0.047059  0.081085  0.157408  0.002705  0.839887  4.820445  1.179277  4.849369  1.230891  4.815511  1.236065  4.834187  ...  1.399135  0.0  0.0  2.102352  1.346529  0.0  0.0  2.242782  1.332157  0.0  0.0  1.673444  0.672915  [[[[0.3411764705882353], [0.0811269049550972],...
21967  424.042418  0.282353  0.066667  0.149433  0.555378  0.061723  0.382898  4.737722  1.137197  4.745192  1.222057  4.787378  1.178521  4.759353  ...  1.048151  0.0  0.0  1.759950  0.344755  0.0  0.0  1.782739  1.367052  0.0  0.0  1.763050  1.095051  [[[[0.2], [0.1494652841605392], [0.06666666666...
21968  417.027580  0.505882  0.090196  0.152162  0.185910  0.031902  0.782188  4.570862  1.310686  4.576776  1.370211  4.565451  1.247807  4.591804  ...  1.035264  0.0  0.0  2.001448  1.379296  0.0  0.0  2.745631  1.093121  0.0  0.0  1.564485  0.810498  [[[[0.4196078431372549], [0.15219440834195], [...
21969  417.866263  0.392157  0.125490  0.152184  0.189279  0.051355  0.759366  4.700153  1.263393  4.680828  1.327381  4.718710  1.239168  4.706189  ...  1.124182  0.0  0.0  2.480716  1.210371  0.0  0.0  2.433277  1.084279  0.0  0.0  1.615430  0.530238  [[[[0.3490196078431372], [0.1522158155254289],...

[21970 rows x 37 columns]
Size of dataset: (21970, 36)
*************************** Fold #: 1 ***************************
Model: "model"
__________________________________________________________________________________________________
 Layer (type)                   Output Shape         Param #     Connected to                     
==================================================================================================
 conv (InputLayer)              [(None, 7, 7, 3, 1)  0           []                               
                                ]                                                                 
                                                                                                  
 zero_padding3d (ZeroPadding3D)  (None, 8, 8, 4, 1)  0           ['conv[0][0]']                   
                                                                                                  
 conv3d (Conv3D)                (None, 8, 8, 4, 8)   224         ['zero_padding3d[0][0]']         
                                                                                                  
 max_pooling3d (MaxPooling3D)   (None, 4, 4, 2, 8)   0           ['conv3d[0][0]']                 
                                                                                                  
 conv3d_1 (Conv3D)              (None, 4, 4, 2, 4)   868         ['max_pooling3d[0][0]']          
                                                                                                  
 max_pooling3d_1 (MaxPooling3D)  (None, 2, 2, 1, 4)  0           ['conv3d_1[0][0]']               
                                                                                                  
 cat (InputLayer)               [(None, 35)]         0           []                               
                                                                                                  
 flatten (Flatten)              (None, 16)           0           ['max_pooling3d_1[0][0]']        
                                                                                                  
 concatenate (Concatenate)      (None, 51)           0           ['cat[0][0]',                    
                                                                  'flatten[0][0]']                
                                                                                                  
 dense (Dense)                  (None, 102)          5304        ['concatenate[0][0]']            
                                                                                                  
 dense_1 (Dense)                (None, 102)          10506       ['dense[0][0]']                  
                                                                                                  
 dense_2 (Dense)                (None, 102)          10506       ['dense_1[0][0]']                
                                                                                                  
 dense_3 (Dense)                (None, 102)          10506       ['dense_2[0][0]']                
                                                                                                  
 dense_4 (Dense)                (None, 102)          10506       ['dense_3[0][0]']                
                                                                                                  
 dense_5 (Dense)                (None, 1)            103         ['dense_4[0][0]']                
                                                                                                  
==================================================================================================
Total params: 48,523
Trainable params: 48,523
Non-trainable params: 0
__________________________________________________________________________________________________
Epoch 1/10000

Epoch 1: val_loss improved from inf to 17.63344, saving model to ./results/NN_rms_regr/RNN/recursion_18/ckpt_1
11/11 - 3s - loss: 22.2832 - mse: 22.2832 - mae: 4.6794 - val_loss: 17.6334 - val_mse: 17.6334 - val_mae: 4.1572 - 3s/epoch - 290ms/step
Epoch 2/10000

Epoch 2: val_loss improved from 17.63344 to 4.77068, saving model to ./results/NN_rms_regr/RNN/recursion_18/ckpt_1
11/11 - 3s - loss: 7.8257 - mse: 7.8257 - mae: 2.4518 - val_loss: 4.7707 - val_mse: 4.7707 - val_mae: 2.1089 - 3s/epoch - 241ms/step
Epoch 3/10000

Epoch 3: val_loss improved from 4.77068 to 1.62966, saving model to ./results/NN_rms_regr/RNN/recursion_18/ckpt_1
11/11 - 3s - loss: 1.7402 - mse: 1.7402 - mae: 1.1098 - val_loss: 1.6297 - val_mse: 1.6297 - val_mae: 1.1594 - 3s/epoch - 240ms/step
Epoch 4/10000

Epoch 4: val_loss improved from 1.62966 to 0.71368, saving model to ./results/NN_rms_regr/RNN/recursion_18/ckpt_1
11/11 - 3s - loss: 0.7914 - mse: 0.7914 - mae: 0.7313 - val_loss: 0.7137 - val_mse: 0.7137 - val_mae: 0.7038 - 3s/epoch - 241ms/step
Epoch 5/10000

Epoch 5: val_loss improved from 0.71368 to 0.39824, saving model to ./results/NN_rms_regr/RNN/recursion_18/ckpt_1
11/11 - 3s - loss: 0.4467 - mse: 0.4467 - mae: 0.5408 - val_loss: 0.3982 - val_mse: 0.3982 - val_mae: 0.5074 - 3s/epoch - 240ms/step
Epoch 6/10000

Epoch 6: val_loss improved from 0.39824 to 0.31030, saving model to ./results/NN_rms_regr/RNN/recursion_18/ckpt_1
11/11 - 3s - loss: 0.3429 - mse: 0.3429 - mae: 0.4786 - val_loss: 0.3103 - val_mse: 0.3103 - val_mae: 0.4548 - 3s/epoch - 239ms/step
Epoch 7/10000

Epoch 7: val_loss improved from 0.31030 to 0.29883, saving model to ./results/NN_rms_regr/RNN/recursion_18/ckpt_1
11/11 - 3s - loss: 0.3124 - mse: 0.3124 - mae: 0.4577 - val_loss: 0.2988 - val_mse: 0.2988 - val_mae: 0.4468 - 3s/epoch - 254ms/step
Epoch 8/10000

Epoch 8: val_loss did not improve from 0.29883
11/11 - 2s - loss: 0.3052 - mse: 0.3052 - mae: 0.4550 - val_loss: 0.3000 - val_mse: 0.3000 - val_mae: 0.4472 - 2s/epoch - 174ms/step
Epoch 9/10000

Epoch 9: val_loss improved from 0.29883 to 0.29821, saving model to ./results/NN_rms_regr/RNN/recursion_18/ckpt_1
11/11 - 3s - loss: 0.3016 - mse: 0.3016 - mae: 0.4516 - val_loss: 0.2982 - val_mse: 0.2982 - val_mae: 0.4462 - 3s/epoch - 254ms/step
Epoch 10/10000

Epoch 10: val_loss improved from 0.29821 to 0.29685, saving model to ./results/NN_rms_regr/RNN/recursion_18/ckpt_1
11/11 - 3s - loss: 0.3004 - mse: 0.3004 - mae: 0.4511 - val_loss: 0.2968 - val_mse: 0.2968 - val_mae: 0.4451 - 3s/epoch - 256ms/step
Epoch 11/10000

Epoch 11: val_loss improved from 0.29685 to 0.29560, saving model to ./results/NN_rms_regr/RNN/recursion_18/ckpt_1
11/11 - 3s - loss: 0.2990 - mse: 0.2990 - mae: 0.4501 - val_loss: 0.2956 - val_mse: 0.2956 - val_mae: 0.4440 - 3s/epoch - 248ms/step
Epoch 12/10000

Epoch 12: val_loss improved from 0.29560 to 0.29460, saving model to ./results/NN_rms_regr/RNN/recursion_18/ckpt_1
11/11 - 3s - loss: 0.2981 - mse: 0.2981 - mae: 0.4493 - val_loss: 0.2946 - val_mse: 0.2946 - val_mae: 0.4431 - 3s/epoch - 255ms/step
Epoch 13/10000

Epoch 13: val_loss improved from 0.29460 to 0.29374, saving model to ./results/NN_rms_regr/RNN/recursion_18/ckpt_1
11/11 - 3s - loss: 0.2969 - mse: 0.2969 - mae: 0.4484 - val_loss: 0.2937 - val_mse: 0.2937 - val_mae: 0.4424 - 3s/epoch - 248ms/step
Epoch 14/10000

Epoch 14: val_loss improved from 0.29374 to 0.29290, saving model to ./results/NN_rms_regr/RNN/recursion_18/ckpt_1
11/11 - 3s - loss: 0.2962 - mse: 0.2962 - mae: 0.4476 - val_loss: 0.2929 - val_mse: 0.2929 - val_mae: 0.4416 - 3s/epoch - 253ms/step
Epoch 15/10000

Epoch 15: val_loss improved from 0.29290 to 0.29231, saving model to ./results/NN_rms_regr/RNN/recursion_18/ckpt_1
11/11 - 3s - loss: 0.2953 - mse: 0.2953 - mae: 0.4469 - val_loss: 0.2923 - val_mse: 0.2923 - val_mae: 0.4411 - 3s/epoch - 253ms/step
Epoch 16/10000

Epoch 16: val_loss improved from 0.29231 to 0.29156, saving model to ./results/NN_rms_regr/RNN/recursion_18/ckpt_1
11/11 - 3s - loss: 0.2944 - mse: 0.2944 - mae: 0.4460 - val_loss: 0.2916 - val_mse: 0.2916 - val_mae: 0.4404 - 3s/epoch - 255ms/step
Epoch 17/10000

Epoch 17: val_loss improved from 0.29156 to 0.29138, saving model to ./results/NN_rms_regr/RNN/recursion_18/ckpt_1
11/11 - 3s - loss: 0.2940 - mse: 0.2940 - mae: 0.4459 - val_loss: 0.2914 - val_mse: 0.2914 - val_mae: 0.4400 - 3s/epoch - 248ms/step
Epoch 18/10000

Epoch 18: val_loss improved from 0.29138 to 0.28986, saving model to ./results/NN_rms_regr/RNN/recursion_18/ckpt_1
11/11 - 3s - loss: 0.2931 - mse: 0.2931 - mae: 0.4449 - val_loss: 0.2899 - val_mse: 0.2899 - val_mae: 0.4389 - 3s/epoch - 253ms/step
Epoch 19/10000

Epoch 19: val_loss improved from 0.28986 to 0.28915, saving model to ./results/NN_rms_regr/RNN/recursion_18/ckpt_1
11/11 - 3s - loss: 0.2919 - mse: 0.2919 - mae: 0.4440 - val_loss: 0.2891 - val_mse: 0.2891 - val_mae: 0.4382 - 3s/epoch - 255ms/step
Epoch 20/10000

Epoch 20: val_loss improved from 0.28915 to 0.28856, saving model to ./results/NN_rms_regr/RNN/recursion_18/ckpt_1
11/11 - 3s - loss: 0.2911 - mse: 0.2911 - mae: 0.4432 - val_loss: 0.2886 - val_mse: 0.2886 - val_mae: 0.4377 - 3s/epoch - 255ms/step
Epoch 21/10000

Epoch 21: val_loss improved from 0.28856 to 0.28774, saving model to ./results/NN_rms_regr/RNN/recursion_18/ckpt_1
11/11 - 3s - loss: 0.2905 - mse: 0.2905 - mae: 0.4427 - val_loss: 0.2877 - val_mse: 0.2877 - val_mae: 0.4369 - 3s/epoch - 254ms/step
Epoch 22/10000

Epoch 22: val_loss improved from 0.28774 to 0.28709, saving model to ./results/NN_rms_regr/RNN/recursion_18/ckpt_1
11/11 - 3s - loss: 0.2897 - mse: 0.2897 - mae: 0.4420 - val_loss: 0.2871 - val_mse: 0.2871 - val_mae: 0.4363 - 3s/epoch - 254ms/step
Epoch 23/10000

Epoch 23: val_loss improved from 0.28709 to 0.28661, saving model to ./results/NN_rms_regr/RNN/recursion_18/ckpt_1
11/11 - 3s - loss: 0.2892 - mse: 0.2892 - mae: 0.4416 - val_loss: 0.2866 - val_mse: 0.2866 - val_mae: 0.4357 - 3s/epoch - 255ms/step
Epoch 24/10000

Epoch 24: val_loss improved from 0.28661 to 0.28652, saving model to ./results/NN_rms_regr/RNN/recursion_18/ckpt_1
11/11 - 3s - loss: 0.2882 - mse: 0.2882 - mae: 0.4406 - val_loss: 0.2865 - val_mse: 0.2865 - val_mae: 0.4357 - 3s/epoch - 248ms/step
Epoch 25/10000

Epoch 25: val_loss improved from 0.28652 to 0.28554, saving model to ./results/NN_rms_regr/RNN/recursion_18/ckpt_1
11/11 - 3s - loss: 0.2882 - mse: 0.2882 - mae: 0.4406 - val_loss: 0.2855 - val_mse: 0.2855 - val_mae: 0.4348 - 3s/epoch - 254ms/step
Epoch 26/10000

Epoch 26: val_loss improved from 0.28554 to 0.28486, saving model to ./results/NN_rms_regr/RNN/recursion_18/ckpt_1
11/11 - 3s - loss: 0.2871 - mse: 0.2871 - mae: 0.4397 - val_loss: 0.2849 - val_mse: 0.2849 - val_mae: 0.4341 - 3s/epoch - 255ms/step
Epoch 27/10000

Epoch 27: val_loss improved from 0.28486 to 0.28446, saving model to ./results/NN_rms_regr/RNN/recursion_18/ckpt_1
11/11 - 3s - loss: 0.2866 - mse: 0.2866 - mae: 0.4391 - val_loss: 0.2845 - val_mse: 0.2845 - val_mae: 0.4338 - 3s/epoch - 249ms/step
Epoch 28/10000

Epoch 28: val_loss improved from 0.28446 to 0.28373, saving model to ./results/NN_rms_regr/RNN/recursion_18/ckpt_1
11/11 - 3s - loss: 0.2861 - mse: 0.2861 - mae: 0.4386 - val_loss: 0.2837 - val_mse: 0.2837 - val_mae: 0.4331 - 3s/epoch - 255ms/step
Epoch 29/10000

Epoch 29: val_loss did not improve from 0.28373
11/11 - 2s - loss: 0.2854 - mse: 0.2854 - mae: 0.4381 - val_loss: 0.2843 - val_mse: 0.2843 - val_mae: 0.4331 - 2s/epoch - 174ms/step
Epoch 30/10000

Epoch 30: val_loss did not improve from 0.28373
11/11 - 2s - loss: 0.2856 - mse: 0.2856 - mae: 0.4377 - val_loss: 0.2839 - val_mse: 0.2839 - val_mae: 0.4327 - 2s/epoch - 174ms/step
Epoch 31/10000

Epoch 31: val_loss improved from 0.28373 to 0.28260, saving model to ./results/NN_rms_regr/RNN/recursion_18/ckpt_1
11/11 - 3s - loss: 0.2847 - mse: 0.2847 - mae: 0.4372 - val_loss: 0.2826 - val_mse: 0.2826 - val_mae: 0.4319 - 3s/epoch - 255ms/step
Epoch 32/10000

Epoch 32: val_loss improved from 0.28260 to 0.28208, saving model to ./results/NN_rms_regr/RNN/recursion_18/ckpt_1
11/11 - 3s - loss: 0.2841 - mse: 0.2841 - mae: 0.4367 - val_loss: 0.2821 - val_mse: 0.2821 - val_mae: 0.4313 - 3s/epoch - 249ms/step
Epoch 33/10000

Epoch 33: val_loss did not improve from 0.28208
11/11 - 2s - loss: 0.2843 - mse: 0.2843 - mae: 0.4366 - val_loss: 0.2835 - val_mse: 0.2835 - val_mae: 0.4320 - 2s/epoch - 175ms/step
Epoch 34/10000

Epoch 34: val_loss improved from 0.28208 to 0.28156, saving model to ./results/NN_rms_regr/RNN/recursion_18/ckpt_1
11/11 - 3s - loss: 0.2837 - mse: 0.2837 - mae: 0.4364 - val_loss: 0.2816 - val_mse: 0.2816 - val_mae: 0.4306 - 3s/epoch - 256ms/step
Epoch 35/10000

Epoch 35: val_loss improved from 0.28156 to 0.28109, saving model to ./results/NN_rms_regr/RNN/recursion_18/ckpt_1
11/11 - 3s - loss: 0.2832 - mse: 0.2832 - mae: 0.4357 - val_loss: 0.2811 - val_mse: 0.2811 - val_mae: 0.4302 - 3s/epoch - 248ms/step
Epoch 36/10000

Epoch 36: val_loss improved from 0.28109 to 0.28058, saving model to ./results/NN_rms_regr/RNN/recursion_18/ckpt_1
11/11 - 3s - loss: 0.2825 - mse: 0.2825 - mae: 0.4350 - val_loss: 0.2806 - val_mse: 0.2806 - val_mae: 0.4298 - 3s/epoch - 254ms/step
Epoch 37/10000

Epoch 37: val_loss improved from 0.28058 to 0.28041, saving model to ./results/NN_rms_regr/RNN/recursion_18/ckpt_1
11/11 - 3s - loss: 0.2821 - mse: 0.2821 - mae: 0.4348 - val_loss: 0.2804 - val_mse: 0.2804 - val_mae: 0.4295 - 3s/epoch - 254ms/step
Epoch 38/10000

Epoch 38: val_loss did not improve from 0.28041
11/11 - 2s - loss: 0.2818 - mse: 0.2818 - mae: 0.4345 - val_loss: 0.2809 - val_mse: 0.2809 - val_mae: 0.4296 - 2s/epoch - 174ms/step
Epoch 39/10000

Epoch 39: val_loss did not improve from 0.28041
11/11 - 2s - loss: 0.2823 - mse: 0.2823 - mae: 0.4345 - val_loss: 0.2805 - val_mse: 0.2805 - val_mae: 0.4293 - 2s/epoch - 175ms/step
Epoch 40/10000

Epoch 40: val_loss improved from 0.28041 to 0.27965, saving model to ./results/NN_rms_regr/RNN/recursion_18/ckpt_1
11/11 - 3s - loss: 0.2816 - mse: 0.2816 - mae: 0.4339 - val_loss: 0.2796 - val_mse: 0.2796 - val_mae: 0.4287 - 3s/epoch - 255ms/step
Epoch 41/10000

Epoch 41: val_loss improved from 0.27965 to 0.27941, saving model to ./results/NN_rms_regr/RNN/recursion_18/ckpt_1
11/11 - 3s - loss: 0.2817 - mse: 0.2817 - mae: 0.4338 - val_loss: 0.2794 - val_mse: 0.2794 - val_mae: 0.4284 - 3s/epoch - 248ms/step
Epoch 42/10000

Epoch 42: val_loss improved from 0.27941 to 0.27905, saving model to ./results/NN_rms_regr/RNN/recursion_18/ckpt_1
11/11 - 3s - loss: 0.2813 - mse: 0.2813 - mae: 0.4337 - val_loss: 0.2790 - val_mse: 0.2790 - val_mae: 0.4280 - 3s/epoch - 257ms/step
Epoch 43/10000

Epoch 43: val_loss did not improve from 0.27905
11/11 - 2s - loss: 0.2805 - mse: 0.2805 - mae: 0.4329 - val_loss: 0.2798 - val_mse: 0.2798 - val_mae: 0.4284 - 2s/epoch - 174ms/step
Epoch 44/10000

Epoch 44: val_loss did not improve from 0.27905
11/11 - 2s - loss: 0.2805 - mse: 0.2805 - mae: 0.4329 - val_loss: 0.2791 - val_mse: 0.2791 - val_mae: 0.4279 - 2s/epoch - 174ms/step
Epoch 45/10000

Epoch 45: val_loss did not improve from 0.27905
11/11 - 2s - loss: 0.2804 - mse: 0.2804 - mae: 0.4328 - val_loss: 0.2793 - val_mse: 0.2793 - val_mae: 0.4279 - 2s/epoch - 175ms/step
Epoch 46/10000

Epoch 46: val_loss improved from 0.27905 to 0.27835, saving model to ./results/NN_rms_regr/RNN/recursion_18/ckpt_1
11/11 - 3s - loss: 0.2798 - mse: 0.2798 - mae: 0.4323 - val_loss: 0.2784 - val_mse: 0.2784 - val_mae: 0.4272 - 3s/epoch - 248ms/step
Epoch 47/10000

Epoch 47: val_loss did not improve from 0.27835
11/11 - 2s - loss: 0.2796 - mse: 0.2796 - mae: 0.4321 - val_loss: 0.2784 - val_mse: 0.2784 - val_mae: 0.4271 - 2s/epoch - 174ms/step
Epoch 48/10000

Epoch 48: val_loss improved from 0.27835 to 0.27818, saving model to ./results/NN_rms_regr/RNN/recursion_18/ckpt_1
11/11 - 3s - loss: 0.2795 - mse: 0.2795 - mae: 0.4319 - val_loss: 0.2782 - val_mse: 0.2782 - val_mae: 0.4269 - 3s/epoch - 253ms/step
Epoch 49/10000

Epoch 49: val_loss did not improve from 0.27818
11/11 - 2s - loss: 0.2797 - mse: 0.2797 - mae: 0.4322 - val_loss: 0.2803 - val_mse: 0.2803 - val_mae: 0.4283 - 2s/epoch - 173ms/step
Epoch 50/10000

Epoch 50: val_loss did not improve from 0.27818
11/11 - 2s - loss: 0.2796 - mse: 0.2796 - mae: 0.4319 - val_loss: 0.2806 - val_mse: 0.2806 - val_mae: 0.4284 - 2s/epoch - 174ms/step
Epoch 51/10000

Epoch 51: val_loss improved from 0.27818 to 0.27784, saving model to ./results/NN_rms_regr/RNN/recursion_18/ckpt_1
11/11 - 3s - loss: 0.2802 - mse: 0.2802 - mae: 0.4324 - val_loss: 0.2778 - val_mse: 0.2778 - val_mae: 0.4265 - 3s/epoch - 254ms/step
Epoch 52/10000

Epoch 52: val_loss improved from 0.27784 to 0.27762, saving model to ./results/NN_rms_regr/RNN/recursion_18/ckpt_1
11/11 - 3s - loss: 0.2792 - mse: 0.2792 - mae: 0.4315 - val_loss: 0.2776 - val_mse: 0.2776 - val_mae: 0.4262 - 3s/epoch - 254ms/step
Epoch 53/10000

Epoch 53: val_loss improved from 0.27762 to 0.27759, saving model to ./results/NN_rms_regr/RNN/recursion_18/ckpt_1
11/11 - 3s - loss: 0.2787 - mse: 0.2787 - mae: 0.4311 - val_loss: 0.2776 - val_mse: 0.2776 - val_mae: 0.4262 - 3s/epoch - 248ms/step
Epoch 54/10000

Epoch 54: val_loss did not improve from 0.27759
11/11 - 2s - loss: 0.2788 - mse: 0.2788 - mae: 0.4314 - val_loss: 0.2781 - val_mse: 0.2781 - val_mae: 0.4265 - 2s/epoch - 174ms/step
Epoch 55/10000

Epoch 55: val_loss improved from 0.27759 to 0.27743, saving model to ./results/NN_rms_regr/RNN/recursion_18/ckpt_1
11/11 - 3s - loss: 0.2788 - mse: 0.2788 - mae: 0.4310 - val_loss: 0.2774 - val_mse: 0.2774 - val_mae: 0.4259 - 3s/epoch - 254ms/step
Epoch 56/10000

Epoch 56: val_loss did not improve from 0.27743
11/11 - 2s - loss: 0.2786 - mse: 0.2786 - mae: 0.4308 - val_loss: 0.2796 - val_mse: 0.2796 - val_mae: 0.4275 - 2s/epoch - 175ms/step
Epoch 57/10000

Epoch 57: val_loss improved from 0.27743 to 0.27721, saving model to ./results/NN_rms_regr/RNN/recursion_18/ckpt_1
11/11 - 3s - loss: 0.2797 - mse: 0.2797 - mae: 0.4313 - val_loss: 0.2772 - val_mse: 0.2772 - val_mae: 0.4257 - 3s/epoch - 255ms/step
Epoch 58/10000

Epoch 58: val_loss did not improve from 0.27721
11/11 - 2s - loss: 0.2785 - mse: 0.2785 - mae: 0.4308 - val_loss: 0.2774 - val_mse: 0.2774 - val_mae: 0.4258 - 2s/epoch - 175ms/step
Epoch 59/10000

Epoch 59: val_loss did not improve from 0.27721
11/11 - 2s - loss: 0.2780 - mse: 0.2780 - mae: 0.4303 - val_loss: 0.2793 - val_mse: 0.2793 - val_mae: 0.4271 - 2s/epoch - 174ms/step
Epoch 60/10000

Epoch 60: val_loss improved from 0.27721 to 0.27703, saving model to ./results/NN_rms_regr/RNN/recursion_18/ckpt_1
11/11 - 3s - loss: 0.2785 - mse: 0.2785 - mae: 0.4307 - val_loss: 0.2770 - val_mse: 0.2770 - val_mae: 0.4254 - 3s/epoch - 248ms/step
Epoch 61/10000

Epoch 61: val_loss did not improve from 0.27703
11/11 - 2s - loss: 0.2780 - mse: 0.2780 - mae: 0.4303 - val_loss: 0.2776 - val_mse: 0.2776 - val_mae: 0.4258 - 2s/epoch - 174ms/step
Epoch 62/10000

Epoch 62: val_loss did not improve from 0.27703
11/11 - 2s - loss: 0.2780 - mse: 0.2780 - mae: 0.4302 - val_loss: 0.2787 - val_mse: 0.2787 - val_mae: 0.4265 - 2s/epoch - 175ms/step
Epoch 63/10000

Epoch 63: val_loss improved from 0.27703 to 0.27689, saving model to ./results/NN_rms_regr/RNN/recursion_18/ckpt_1
11/11 - 3s - loss: 0.2779 - mse: 0.2779 - mae: 0.4302 - val_loss: 0.2769 - val_mse: 0.2769 - val_mae: 0.4252 - 3s/epoch - 254ms/step
Epoch 64/10000

Epoch 64: val_loss improved from 0.27689 to 0.27688, saving model to ./results/NN_rms_regr/RNN/recursion_18/ckpt_1
11/11 - 3s - loss: 0.2776 - mse: 0.2776 - mae: 0.4299 - val_loss: 0.2769 - val_mse: 0.2769 - val_mae: 0.4252 - 3s/epoch - 254ms/step
Epoch 65/10000

Epoch 65: val_loss improved from 0.27688 to 0.27685, saving model to ./results/NN_rms_regr/RNN/recursion_18/ckpt_1
11/11 - 3s - loss: 0.2776 - mse: 0.2776 - mae: 0.4299 - val_loss: 0.2769 - val_mse: 0.2769 - val_mae: 0.4251 - 3s/epoch - 255ms/step
Epoch 66/10000

Epoch 66: val_loss did not improve from 0.27685
11/11 - 2s - loss: 0.2777 - mse: 0.2777 - mae: 0.4298 - val_loss: 0.2776 - val_mse: 0.2776 - val_mae: 0.4256 - 2s/epoch - 175ms/step
Epoch 67/10000

Epoch 67: val_loss improved from 0.27685 to 0.27670, saving model to ./results/NN_rms_regr/RNN/recursion_18/ckpt_1
11/11 - 3s - loss: 0.2782 - mse: 0.2782 - mae: 0.4300 - val_loss: 0.2767 - val_mse: 0.2767 - val_mae: 0.4249 - 3s/epoch - 247ms/step
Epoch 68/10000

Epoch 68: val_loss did not improve from 0.27670
11/11 - 2s - loss: 0.2772 - mse: 0.2772 - mae: 0.4294 - val_loss: 0.2769 - val_mse: 0.2769 - val_mae: 0.4249 - 2s/epoch - 175ms/step
Epoch 69/10000

Epoch 69: val_loss improved from 0.27670 to 0.27661, saving model to ./results/NN_rms_regr/RNN/recursion_18/ckpt_1
11/11 - 3s - loss: 0.2772 - mse: 0.2772 - mae: 0.4292 - val_loss: 0.2766 - val_mse: 0.2766 - val_mae: 0.4247 - 3s/epoch - 253ms/step
Epoch 70/10000

Epoch 70: val_loss did not improve from 0.27661
11/11 - 2s - loss: 0.2774 - mse: 0.2774 - mae: 0.4293 - val_loss: 0.2781 - val_mse: 0.2781 - val_mae: 0.4256 - 2s/epoch - 174ms/step
Epoch 71/10000

Epoch 71: val_loss improved from 0.27661 to 0.27658, saving model to ./results/NN_rms_regr/RNN/recursion_18/ckpt_1
11/11 - 3s - loss: 0.2788 - mse: 0.2788 - mae: 0.4305 - val_loss: 0.2766 - val_mse: 0.2766 - val_mae: 0.4246 - 3s/epoch - 254ms/step
Epoch 72/10000

Epoch 72: val_loss did not improve from 0.27658
11/11 - 2s - loss: 0.2770 - mse: 0.2770 - mae: 0.4289 - val_loss: 0.2776 - val_mse: 0.2776 - val_mae: 0.4252 - 2s/epoch - 175ms/step
Epoch 73/10000

Epoch 73: val_loss did not improve from 0.27658
11/11 - 2s - loss: 0.2768 - mse: 0.2768 - mae: 0.4288 - val_loss: 0.2766 - val_mse: 0.2766 - val_mae: 0.4246 - 2s/epoch - 175ms/step
Epoch 74/10000

Epoch 74: val_loss did not improve from 0.27658
11/11 - 2s - loss: 0.2775 - mse: 0.2775 - mae: 0.4290 - val_loss: 0.2771 - val_mse: 0.2771 - val_mae: 0.4246 - 2s/epoch - 175ms/step
Epoch 75/10000

Epoch 75: val_loss did not improve from 0.27658
11/11 - 2s - loss: 0.2773 - mse: 0.2773 - mae: 0.4288 - val_loss: 0.2767 - val_mse: 0.2767 - val_mae: 0.4244 - 2s/epoch - 175ms/step
Epoch 76/10000

Epoch 76: val_loss did not improve from 0.27658
11/11 - 2s - loss: 0.2766 - mse: 0.2766 - mae: 0.4284 - val_loss: 0.2776 - val_mse: 0.2776 - val_mae: 0.4248 - 2s/epoch - 174ms/step
Epoch 77/10000

Epoch 77: val_loss improved from 0.27658 to 0.27634, saving model to ./results/NN_rms_regr/RNN/recursion_18/ckpt_1
11/11 - 3s - loss: 0.2775 - mse: 0.2775 - mae: 0.4287 - val_loss: 0.2763 - val_mse: 0.2763 - val_mae: 0.4239 - 3s/epoch - 255ms/step
Epoch 78/10000

Epoch 78: val_loss did not improve from 0.27634
11/11 - 2s - loss: 0.2789 - mse: 0.2789 - mae: 0.4298 - val_loss: 0.2778 - val_mse: 0.2778 - val_mae: 0.4255 - 2s/epoch - 174ms/step
Epoch 79/10000

Epoch 79: val_loss did not improve from 0.27634
11/11 - 2s - loss: 0.2780 - mse: 0.2780 - mae: 0.4294 - val_loss: 0.2772 - val_mse: 0.2772 - val_mae: 0.4251 - 2s/epoch - 174ms/step
Epoch 80/10000

Epoch 80: val_loss did not improve from 0.27634
11/11 - 2s - loss: 0.2775 - mse: 0.2775 - mae: 0.4291 - val_loss: 0.2765 - val_mse: 0.2765 - val_mae: 0.4243 - 2s/epoch - 174ms/step
Epoch 81/10000

Epoch 81: val_loss did not improve from 0.27634
11/11 - 2s - loss: 0.2768 - mse: 0.2768 - mae: 0.4280 - val_loss: 0.2766 - val_mse: 0.2766 - val_mae: 0.4237 - 2s/epoch - 174ms/step
Epoch 82/10000

Epoch 82: val_loss did not improve from 0.27634
11/11 - 2s - loss: 0.2765 - mse: 0.2765 - mae: 0.4279 - val_loss: 0.2766 - val_mse: 0.2766 - val_mae: 0.4239 - 2s/epoch - 174ms/step
Epoch 83/10000

Epoch 83: val_loss did not improve from 0.27634
11/11 - 2s - loss: 0.2768 - mse: 0.2768 - mae: 0.4281 - val_loss: 0.2764 - val_mse: 0.2764 - val_mae: 0.4237 - 2s/epoch - 175ms/step
Epoch 84/10000

Epoch 84: val_loss did not improve from 0.27634
11/11 - 2s - loss: 0.2767 - mse: 0.2767 - mae: 0.4282 - val_loss: 0.2766 - val_mse: 0.2766 - val_mae: 0.4239 - 2s/epoch - 175ms/step
Epoch 85/10000

Epoch 85: val_loss improved from 0.27634 to 0.27633, saving model to ./results/NN_rms_regr/RNN/recursion_18/ckpt_1
11/11 - 3s - loss: 0.2765 - mse: 0.2765 - mae: 0.4280 - val_loss: 0.2763 - val_mse: 0.2763 - val_mae: 0.4238 - 3s/epoch - 257ms/step
Epoch 86/10000

Epoch 86: val_loss did not improve from 0.27633
11/11 - 2s - loss: 0.2763 - mse: 0.2763 - mae: 0.4278 - val_loss: 0.2768 - val_mse: 0.2768 - val_mae: 0.4241 - 2s/epoch - 174ms/step
Epoch 87/10000

Epoch 87: val_loss did not improve from 0.27633
11/11 - 2s - loss: 0.2774 - mse: 0.2774 - mae: 0.4282 - val_loss: 0.2765 - val_mse: 0.2765 - val_mae: 0.4239 - 2s/epoch - 174ms/step
Epoch 88/10000

Epoch 88: val_loss improved from 0.27633 to 0.27614, saving model to ./results/NN_rms_regr/RNN/recursion_18/ckpt_1
11/11 - 3s - loss: 0.2762 - mse: 0.2762 - mae: 0.4277 - val_loss: 0.2761 - val_mse: 0.2761 - val_mae: 0.4236 - 3s/epoch - 248ms/step
Epoch 89/10000

Epoch 89: val_loss did not improve from 0.27614
11/11 - 2s - loss: 0.2767 - mse: 0.2767 - mae: 0.4278 - val_loss: 0.2817 - val_mse: 0.2817 - val_mae: 0.4278 - 2s/epoch - 175ms/step
Epoch 90/10000

Epoch 90: val_loss did not improve from 0.27614
11/11 - 2s - loss: 0.2785 - mse: 0.2785 - mae: 0.4288 - val_loss: 0.2766 - val_mse: 0.2766 - val_mae: 0.4238 - 2s/epoch - 176ms/step
Epoch 91/10000

Epoch 91: val_loss did not improve from 0.27614
11/11 - 2s - loss: 0.2763 - mse: 0.2763 - mae: 0.4279 - val_loss: 0.2762 - val_mse: 0.2762 - val_mae: 0.4236 - 2s/epoch - 173ms/step
Epoch 92/10000

Epoch 92: val_loss did not improve from 0.27614
11/11 - 2s - loss: 0.2764 - mse: 0.2764 - mae: 0.4275 - val_loss: 0.2762 - val_mse: 0.2762 - val_mae: 0.4235 - 2s/epoch - 174ms/step
Epoch 93/10000

Epoch 93: val_loss did not improve from 0.27614
11/11 - 2s - loss: 0.2765 - mse: 0.2765 - mae: 0.4279 - val_loss: 0.2762 - val_mse: 0.2762 - val_mae: 0.4235 - 2s/epoch - 174ms/step
Epoch 94/10000

Epoch 94: val_loss did not improve from 0.27614
11/11 - 2s - loss: 0.2775 - mse: 0.2775 - mae: 0.4280 - val_loss: 0.2765 - val_mse: 0.2765 - val_mae: 0.4237 - 2s/epoch - 173ms/step
Epoch 95/10000

Epoch 95: val_loss did not improve from 0.27614
11/11 - 2s - loss: 0.2768 - mse: 0.2768 - mae: 0.4279 - val_loss: 0.2762 - val_mse: 0.2762 - val_mae: 0.4235 - 2s/epoch - 174ms/step
Epoch 96/10000

Epoch 96: val_loss improved from 0.27614 to 0.27593, saving model to ./results/NN_rms_regr/RNN/recursion_18/ckpt_1
11/11 - 3s - loss: 0.2758 - mse: 0.2758 - mae: 0.4268 - val_loss: 0.2759 - val_mse: 0.2759 - val_mae: 0.4230 - 3s/epoch - 255ms/step
Epoch 97/10000

Epoch 97: val_loss did not improve from 0.27593
11/11 - 2s - loss: 0.2755 - mse: 0.2755 - mae: 0.4269 - val_loss: 0.2771 - val_mse: 0.2771 - val_mae: 0.4238 - 2s/epoch - 174ms/step
Epoch 98/10000

Epoch 98: val_loss improved from 0.27593 to 0.27590, saving model to ./results/NN_rms_regr/RNN/recursion_18/ckpt_1
11/11 - 3s - loss: 0.2761 - mse: 0.2761 - mae: 0.4268 - val_loss: 0.2759 - val_mse: 0.2759 - val_mae: 0.4229 - 3s/epoch - 249ms/step
Epoch 99/10000

Epoch 99: val_loss improved from 0.27590 to 0.27587, saving model to ./results/NN_rms_regr/RNN/recursion_18/ckpt_1
11/11 - 3s - loss: 0.2754 - mse: 0.2754 - mae: 0.4264 - val_loss: 0.2759 - val_mse: 0.2759 - val_mae: 0.4228 - 3s/epoch - 253ms/step
Epoch 100/10000

Epoch 100: val_loss did not improve from 0.27587
11/11 - 2s - loss: 0.2755 - mse: 0.2755 - mae: 0.4262 - val_loss: 0.2760 - val_mse: 0.2760 - val_mae: 0.4227 - 2s/epoch - 174ms/step
Epoch 101/10000

Epoch 101: val_loss improved from 0.27587 to 0.27584, saving model to ./results/NN_rms_regr/RNN/recursion_18/ckpt_1
11/11 - 3s - loss: 0.2757 - mse: 0.2757 - mae: 0.4262 - val_loss: 0.2758 - val_mse: 0.2758 - val_mae: 0.4227 - 3s/epoch - 254ms/step
Epoch 102/10000

Epoch 102: val_loss did not improve from 0.27584
11/11 - 2s - loss: 0.2769 - mse: 0.2769 - mae: 0.4275 - val_loss: 0.2764 - val_mse: 0.2764 - val_mae: 0.4230 - 2s/epoch - 174ms/step
Epoch 103/10000

Epoch 103: val_loss did not improve from 0.27584
11/11 - 2s - loss: 0.2781 - mse: 0.2781 - mae: 0.4277 - val_loss: 0.2804 - val_mse: 0.2804 - val_mae: 0.4262 - 2s/epoch - 174ms/step
Epoch 104/10000

Epoch 104: val_loss did not improve from 0.27584
11/11 - 2s - loss: 0.2765 - mse: 0.2765 - mae: 0.4266 - val_loss: 0.2780 - val_mse: 0.2780 - val_mae: 0.4239 - 2s/epoch - 175ms/step
Epoch 105/10000

Epoch 105: val_loss did not improve from 0.27584
11/11 - 2s - loss: 0.2769 - mse: 0.2769 - mae: 0.4272 - val_loss: 0.2782 - val_mse: 0.2782 - val_mae: 0.4244 - 2s/epoch - 174ms/step
Epoch 106/10000

Epoch 106: val_loss did not improve from 0.27584
11/11 - 2s - loss: 0.2790 - mse: 0.2790 - mae: 0.4286 - val_loss: 0.2774 - val_mse: 0.2774 - val_mae: 0.4238 - 2s/epoch - 176ms/step
Epoch 107/10000

Epoch 107: val_loss did not improve from 0.27584
11/11 - 2s - loss: 0.2768 - mse: 0.2768 - mae: 0.4273 - val_loss: 0.2763 - val_mse: 0.2763 - val_mae: 0.4229 - 2s/epoch - 174ms/step
Epoch 108/10000

Epoch 108: val_loss did not improve from 0.27584
11/11 - 2s - loss: 0.2755 - mse: 0.2755 - mae: 0.4259 - val_loss: 0.2760 - val_mse: 0.2760 - val_mae: 0.4223 - 2s/epoch - 175ms/step
Epoch 109/10000

Epoch 109: val_loss did not improve from 0.27584
11/11 - 2s - loss: 0.2760 - mse: 0.2760 - mae: 0.4261 - val_loss: 0.2761 - val_mse: 0.2761 - val_mae: 0.4224 - 2s/epoch - 174ms/step
Epoch 110/10000

Epoch 110: val_loss did not improve from 0.27584
11/11 - 2s - loss: 0.2757 - mse: 0.2757 - mae: 0.4258 - val_loss: 0.2763 - val_mse: 0.2763 - val_mae: 0.4228 - 2s/epoch - 174ms/step
Epoch 111/10000

Epoch 111: val_loss did not improve from 0.27584
11/11 - 2s - loss: 0.2752 - mse: 0.2752 - mae: 0.4257 - val_loss: 0.2758 - val_mse: 0.2758 - val_mae: 0.4222 - 2s/epoch - 175ms/step
Epoch 112/10000

Epoch 112: val_loss improved from 0.27584 to 0.27578, saving model to ./results/NN_rms_regr/RNN/recursion_18/ckpt_1
11/11 - 3s - loss: 0.2752 - mse: 0.2752 - mae: 0.4255 - val_loss: 0.2758 - val_mse: 0.2758 - val_mae: 0.4222 - 3s/epoch - 255ms/step
Epoch 113/10000

Epoch 113: val_loss did not improve from 0.27578
11/11 - 2s - loss: 0.2751 - mse: 0.2751 - mae: 0.4252 - val_loss: 0.2778 - val_mse: 0.2778 - val_mae: 0.4239 - 2s/epoch - 174ms/step
Epoch 114/10000

Epoch 114: val_loss did not improve from 0.27578
11/11 - 2s - loss: 0.2753 - mse: 0.2753 - mae: 0.4255 - val_loss: 0.2761 - val_mse: 0.2761 - val_mae: 0.4221 - 2s/epoch - 174ms/step
Epoch 115/10000

Epoch 115: val_loss did not improve from 0.27578
11/11 - 2s - loss: 0.2762 - mse: 0.2762 - mae: 0.4262 - val_loss: 0.2773 - val_mse: 0.2773 - val_mae: 0.4230 - 2s/epoch - 174ms/step
Epoch 116/10000

Epoch 116: val_loss did not improve from 0.27578
11/11 - 2s - loss: 0.2750 - mse: 0.2750 - mae: 0.4254 - val_loss: 0.2781 - val_mse: 0.2781 - val_mae: 0.4238 - 2s/epoch - 174ms/step
Epoch 117/10000

Epoch 117: val_loss did not improve from 0.27578
11/11 - 2s - loss: 0.2758 - mse: 0.2758 - mae: 0.4255 - val_loss: 0.2778 - val_mse: 0.2778 - val_mae: 0.4234 - 2s/epoch - 174ms/step
Epoch 118/10000

Epoch 118: val_loss did not improve from 0.27578
11/11 - 2s - loss: 0.2750 - mse: 0.2750 - mae: 0.4251 - val_loss: 0.2762 - val_mse: 0.2762 - val_mae: 0.4222 - 2s/epoch - 174ms/step
Epoch 119/10000

Epoch 119: val_loss did not improve from 0.27578
11/11 - 2s - loss: 0.2753 - mse: 0.2753 - mae: 0.4250 - val_loss: 0.2759 - val_mse: 0.2759 - val_mae: 0.4219 - 2s/epoch - 175ms/step
Epoch 120/10000

Epoch 120: val_loss did not improve from 0.27578
11/11 - 2s - loss: 0.2750 - mse: 0.2750 - mae: 0.4250 - val_loss: 0.2761 - val_mse: 0.2761 - val_mae: 0.4219 - 2s/epoch - 174ms/step
Epoch 121/10000

Epoch 121: val_loss did not improve from 0.27578
11/11 - 2s - loss: 0.2752 - mse: 0.2752 - mae: 0.4248 - val_loss: 0.2761 - val_mse: 0.2761 - val_mae: 0.4224 - 2s/epoch - 175ms/step
Epoch 122/10000

Epoch 122: val_loss did not improve from 0.27578
11/11 - 2s - loss: 0.2774 - mse: 0.2774 - mae: 0.4268 - val_loss: 0.2773 - val_mse: 0.2773 - val_mae: 0.4227 - 2s/epoch - 174ms/step
Epoch 123/10000

Epoch 123: val_loss did not improve from 0.27578
11/11 - 2s - loss: 0.2775 - mse: 0.2775 - mae: 0.4271 - val_loss: 0.2769 - val_mse: 0.2769 - val_mae: 0.4229 - 2s/epoch - 174ms/step
Epoch 124/10000

Epoch 124: val_loss did not improve from 0.27578
11/11 - 2s - loss: 0.2763 - mse: 0.2763 - mae: 0.4259 - val_loss: 0.2760 - val_mse: 0.2760 - val_mae: 0.4220 - 2s/epoch - 174ms/step
Epoch 125/10000

Epoch 125: val_loss did not improve from 0.27578
11/11 - 2s - loss: 0.2751 - mse: 0.2751 - mae: 0.4249 - val_loss: 0.2763 - val_mse: 0.2763 - val_mae: 0.4224 - 2s/epoch - 175ms/step
Epoch 126/10000

Epoch 126: val_loss did not improve from 0.27578
11/11 - 2s - loss: 0.2759 - mse: 0.2759 - mae: 0.4258 - val_loss: 0.2784 - val_mse: 0.2784 - val_mae: 0.4234 - 2s/epoch - 174ms/step
Epoch 127/10000

Epoch 127: val_loss did not improve from 0.27578
11/11 - 2s - loss: 0.2758 - mse: 0.2758 - mae: 0.4255 - val_loss: 0.2758 - val_mse: 0.2758 - val_mae: 0.4219 - 2s/epoch - 173ms/step
Epoch 128/10000

Epoch 128: val_loss did not improve from 0.27578
11/11 - 2s - loss: 0.2751 - mse: 0.2751 - mae: 0.4248 - val_loss: 0.2758 - val_mse: 0.2758 - val_mae: 0.4216 - 2s/epoch - 174ms/step
Epoch 129/10000

Epoch 129: val_loss did not improve from 0.27578
11/11 - 2s - loss: 0.2750 - mse: 0.2750 - mae: 0.4247 - val_loss: 0.2767 - val_mse: 0.2767 - val_mae: 0.4224 - 2s/epoch - 175ms/step
Epoch 130/10000

Epoch 130: val_loss did not improve from 0.27578
11/11 - 2s - loss: 0.2756 - mse: 0.2756 - mae: 0.4251 - val_loss: 0.2759 - val_mse: 0.2759 - val_mae: 0.4219 - 2s/epoch - 175ms/step
Epoch 131/10000

Epoch 131: val_loss did not improve from 0.27578
11/11 - 2s - loss: 0.2758 - mse: 0.2758 - mae: 0.4249 - val_loss: 0.2776 - val_mse: 0.2776 - val_mae: 0.4232 - 2s/epoch - 174ms/step
Epoch 132/10000

Epoch 132: val_loss did not improve from 0.27578
11/11 - 2s - loss: 0.2762 - mse: 0.2762 - mae: 0.4258 - val_loss: 0.2775 - val_mse: 0.2775 - val_mae: 0.4227 - 2s/epoch - 174ms/step
Epoch 133/10000

Epoch 133: val_loss did not improve from 0.27578
11/11 - 2s - loss: 0.2750 - mse: 0.2750 - mae: 0.4248 - val_loss: 0.2762 - val_mse: 0.2762 - val_mae: 0.4218 - 2s/epoch - 174ms/step
Epoch 134/10000

Epoch 134: val_loss did not improve from 0.27578
11/11 - 2s - loss: 0.2757 - mse: 0.2757 - mae: 0.4247 - val_loss: 0.2770 - val_mse: 0.2770 - val_mae: 0.4222 - 2s/epoch - 174ms/step
Epoch 135/10000

Epoch 135: val_loss did not improve from 0.27578
11/11 - 2s - loss: 0.2750 - mse: 0.2750 - mae: 0.4244 - val_loss: 0.2759 - val_mse: 0.2759 - val_mae: 0.4216 - 2s/epoch - 177ms/step
Epoch 136/10000

Epoch 136: val_loss did not improve from 0.27578
11/11 - 2s - loss: 0.2747 - mse: 0.2747 - mae: 0.4242 - val_loss: 0.2773 - val_mse: 0.2773 - val_mae: 0.4228 - 2s/epoch - 174ms/step
Epoch 137/10000

Epoch 137: val_loss did not improve from 0.27578
11/11 - 2s - loss: 0.2751 - mse: 0.2751 - mae: 0.4243 - val_loss: 0.2759 - val_mse: 0.2759 - val_mae: 0.4215 - 2s/epoch - 175ms/step
Epoch 138/10000

Epoch 138: val_loss did not improve from 0.27578
11/11 - 2s - loss: 0.2769 - mse: 0.2769 - mae: 0.4259 - val_loss: 0.2772 - val_mse: 0.2772 - val_mae: 0.4223 - 2s/epoch - 175ms/step
Epoch 139/10000

Epoch 139: val_loss did not improve from 0.27578
11/11 - 2s - loss: 0.2753 - mse: 0.2753 - mae: 0.4248 - val_loss: 0.2775 - val_mse: 0.2775 - val_mae: 0.4225 - 2s/epoch - 175ms/step
Epoch 140/10000

Epoch 140: val_loss did not improve from 0.27578
11/11 - 2s - loss: 0.2763 - mse: 0.2763 - mae: 0.4252 - val_loss: 0.2782 - val_mse: 0.2782 - val_mae: 0.4237 - 2s/epoch - 175ms/step
Epoch 141/10000

Epoch 141: val_loss did not improve from 0.27578
11/11 - 2s - loss: 0.2761 - mse: 0.2761 - mae: 0.4252 - val_loss: 0.2784 - val_mse: 0.2784 - val_mae: 0.4237 - 2s/epoch - 174ms/step
Epoch 142/10000

Epoch 142: val_loss did not improve from 0.27578
11/11 - 2s - loss: 0.2761 - mse: 0.2761 - mae: 0.4256 - val_loss: 0.2763 - val_mse: 0.2763 - val_mae: 0.4221 - 2s/epoch - 175ms/step
Epoch 143/10000

Epoch 143: val_loss did not improve from 0.27578
11/11 - 2s - loss: 0.2764 - mse: 0.2764 - mae: 0.4257 - val_loss: 0.2787 - val_mse: 0.2787 - val_mae: 0.4233 - 2s/epoch - 174ms/step
Epoch 144/10000

Epoch 144: val_loss did not improve from 0.27578
11/11 - 2s - loss: 0.2816 - mse: 0.2816 - mae: 0.4289 - val_loss: 0.2867 - val_mse: 0.2867 - val_mae: 0.4294 - 2s/epoch - 175ms/step
Epoch 145/10000

Epoch 145: val_loss did not improve from 0.27578
11/11 - 2s - loss: 0.2791 - mse: 0.2791 - mae: 0.4274 - val_loss: 0.2759 - val_mse: 0.2759 - val_mae: 0.4214 - 2s/epoch - 175ms/step
Epoch 146/10000

Epoch 146: val_loss improved from 0.27578 to 0.27573, saving model to ./results/NN_rms_regr/RNN/recursion_18/ckpt_1
11/11 - 3s - loss: 0.2766 - mse: 0.2766 - mae: 0.4252 - val_loss: 0.2757 - val_mse: 0.2757 - val_mae: 0.4214 - 3s/epoch - 249ms/step
Epoch 147/10000

Epoch 147: val_loss did not improve from 0.27573
11/11 - 2s - loss: 0.2759 - mse: 0.2759 - mae: 0.4251 - val_loss: 0.2771 - val_mse: 0.2771 - val_mae: 0.4222 - 2s/epoch - 174ms/step
Epoch 148/10000

Epoch 148: val_loss did not improve from 0.27573
11/11 - 2s - loss: 0.2766 - mse: 0.2766 - mae: 0.4255 - val_loss: 0.2781 - val_mse: 0.2781 - val_mae: 0.4234 - 2s/epoch - 174ms/step
Epoch 149/10000

Epoch 149: val_loss did not improve from 0.27573
11/11 - 2s - loss: 0.2755 - mse: 0.2755 - mae: 0.4247 - val_loss: 0.2759 - val_mse: 0.2759 - val_mae: 0.4215 - 2s/epoch - 175ms/step
Epoch 150/10000

Epoch 150: val_loss improved from 0.27573 to 0.27569, saving model to ./results/NN_rms_regr/RNN/recursion_18/ckpt_1
11/11 - 3s - loss: 0.2753 - mse: 0.2753 - mae: 0.4244 - val_loss: 0.2757 - val_mse: 0.2757 - val_mae: 0.4214 - 3s/epoch - 254ms/step
Epoch 151/10000

Epoch 151: val_loss did not improve from 0.27569
11/11 - 2s - loss: 0.2750 - mse: 0.2750 - mae: 0.4245 - val_loss: 0.2759 - val_mse: 0.2759 - val_mae: 0.4213 - 2s/epoch - 175ms/step
Epoch 152/10000

Epoch 152: val_loss did not improve from 0.27569
11/11 - 2s - loss: 0.2749 - mse: 0.2749 - mae: 0.4242 - val_loss: 0.2770 - val_mse: 0.2770 - val_mae: 0.4220 - 2s/epoch - 174ms/step
Epoch 153/10000

Epoch 153: val_loss did not improve from 0.27569
11/11 - 2s - loss: 0.2753 - mse: 0.2753 - mae: 0.4248 - val_loss: 0.2759 - val_mse: 0.2759 - val_mae: 0.4212 - 2s/epoch - 174ms/step
Epoch 154/10000

Epoch 154: val_loss did not improve from 0.27569
11/11 - 2s - loss: 0.2752 - mse: 0.2752 - mae: 0.4246 - val_loss: 0.2768 - val_mse: 0.2768 - val_mae: 0.4220 - 2s/epoch - 175ms/step
Epoch 155/10000

Epoch 155: val_loss did not improve from 0.27569
11/11 - 2s - loss: 0.2757 - mse: 0.2757 - mae: 0.4251 - val_loss: 0.2759 - val_mse: 0.2759 - val_mae: 0.4212 - 2s/epoch - 174ms/step
Epoch 156/10000

Epoch 156: val_loss did not improve from 0.27569
11/11 - 2s - loss: 0.2754 - mse: 0.2754 - mae: 0.4244 - val_loss: 0.2811 - val_mse: 0.2811 - val_mae: 0.4250 - 2s/epoch - 172ms/step
Epoch 157/10000

Epoch 157: val_loss did not improve from 0.27569
11/11 - 2s - loss: 0.2770 - mse: 0.2770 - mae: 0.4257 - val_loss: 0.2760 - val_mse: 0.2760 - val_mae: 0.4216 - 2s/epoch - 174ms/step
Epoch 158/10000

Epoch 158: val_loss did not improve from 0.27569
11/11 - 2s - loss: 0.2754 - mse: 0.2754 - mae: 0.4244 - val_loss: 0.2766 - val_mse: 0.2766 - val_mae: 0.4219 - 2s/epoch - 175ms/step
Epoch 159/10000

Epoch 159: val_loss did not improve from 0.27569
11/11 - 2s - loss: 0.2750 - mse: 0.2750 - mae: 0.4242 - val_loss: 0.2773 - val_mse: 0.2773 - val_mae: 0.4226 - 2s/epoch - 174ms/step
Epoch 160/10000

Epoch 160: val_loss did not improve from 0.27569
11/11 - 2s - loss: 0.2758 - mse: 0.2758 - mae: 0.4252 - val_loss: 0.2763 - val_mse: 0.2763 - val_mae: 0.4215 - 2s/epoch - 175ms/step
Epoch 161/10000

Epoch 161: val_loss did not improve from 0.27569
11/11 - 2s - loss: 0.2771 - mse: 0.2771 - mae: 0.4256 - val_loss: 0.2776 - val_mse: 0.2776 - val_mae: 0.4229 - 2s/epoch - 173ms/step
Epoch 162/10000

Epoch 162: val_loss did not improve from 0.27569
11/11 - 2s - loss: 0.2755 - mse: 0.2755 - mae: 0.4241 - val_loss: 0.2769 - val_mse: 0.2769 - val_mae: 0.4221 - 2s/epoch - 174ms/step
Epoch 163/10000

Epoch 163: val_loss did not improve from 0.27569
11/11 - 2s - loss: 0.2751 - mse: 0.2751 - mae: 0.4245 - val_loss: 0.2757 - val_mse: 0.2757 - val_mae: 0.4214 - 2s/epoch - 174ms/step
Epoch 164/10000

Epoch 164: val_loss did not improve from 0.27569
11/11 - 2s - loss: 0.2752 - mse: 0.2752 - mae: 0.4242 - val_loss: 0.2771 - val_mse: 0.2771 - val_mae: 0.4224 - 2s/epoch - 173ms/step
Epoch 165/10000

Epoch 165: val_loss did not improve from 0.27569
11/11 - 2s - loss: 0.2750 - mse: 0.2750 - mae: 0.4245 - val_loss: 0.2789 - val_mse: 0.2789 - val_mae: 0.4233 - 2s/epoch - 174ms/step
Epoch 166/10000

Epoch 166: val_loss did not improve from 0.27569
11/11 - 2s - loss: 0.2756 - mse: 0.2756 - mae: 0.4245 - val_loss: 0.2778 - val_mse: 0.2778 - val_mae: 0.4225 - 2s/epoch - 174ms/step
Epoch 167/10000

Epoch 167: val_loss did not improve from 0.27569
11/11 - 2s - loss: 0.2764 - mse: 0.2764 - mae: 0.4251 - val_loss: 0.2768 - val_mse: 0.2768 - val_mae: 0.4219 - 2s/epoch - 175ms/step
Epoch 168/10000

Epoch 168: val_loss did not improve from 0.27569
11/11 - 2s - loss: 0.2766 - mse: 0.2766 - mae: 0.4253 - val_loss: 0.2780 - val_mse: 0.2780 - val_mae: 0.4226 - 2s/epoch - 175ms/step
Epoch 169/10000

Epoch 169: val_loss did not improve from 0.27569
11/11 - 2s - loss: 0.2761 - mse: 0.2761 - mae: 0.4247 - val_loss: 0.2792 - val_mse: 0.2792 - val_mae: 0.4234 - 2s/epoch - 175ms/step
Epoch 170/10000

Epoch 170: val_loss did not improve from 0.27569
11/11 - 2s - loss: 0.2761 - mse: 0.2761 - mae: 0.4249 - val_loss: 0.2763 - val_mse: 0.2763 - val_mae: 0.4214 - 2s/epoch - 175ms/step
Epoch 171/10000

Epoch 171: val_loss did not improve from 0.27569
11/11 - 2s - loss: 0.2748 - mse: 0.2748 - mae: 0.4239 - val_loss: 0.2760 - val_mse: 0.2760 - val_mae: 0.4212 - 2s/epoch - 174ms/step
Epoch 172/10000

Epoch 172: val_loss did not improve from 0.27569
11/11 - 2s - loss: 0.2751 - mse: 0.2751 - mae: 0.4243 - val_loss: 0.2763 - val_mse: 0.2763 - val_mae: 0.4217 - 2s/epoch - 174ms/step
Epoch 173/10000

Epoch 173: val_loss did not improve from 0.27569
11/11 - 2s - loss: 0.2756 - mse: 0.2756 - mae: 0.4239 - val_loss: 0.2811 - val_mse: 0.2811 - val_mae: 0.4256 - 2s/epoch - 175ms/step
Epoch 174/10000

Epoch 174: val_loss did not improve from 0.27569
11/11 - 2s - loss: 0.2756 - mse: 0.2756 - mae: 0.4244 - val_loss: 0.2767 - val_mse: 0.2767 - val_mae: 0.4214 - 2s/epoch - 173ms/step
Epoch 175/10000

Epoch 175: val_loss did not improve from 0.27569
11/11 - 2s - loss: 0.2763 - mse: 0.2763 - mae: 0.4254 - val_loss: 0.2773 - val_mse: 0.2773 - val_mae: 0.4221 - 2s/epoch - 174ms/step
Epoch 176/10000

Epoch 176: val_loss did not improve from 0.27569
11/11 - 2s - loss: 0.2748 - mse: 0.2748 - mae: 0.4238 - val_loss: 0.2758 - val_mse: 0.2758 - val_mae: 0.4210 - 2s/epoch - 175ms/step
Epoch 177/10000

Epoch 177: val_loss did not improve from 0.27569
11/11 - 2s - loss: 0.2743 - mse: 0.2743 - mae: 0.4233 - val_loss: 0.2816 - val_mse: 0.2816 - val_mae: 0.4259 - 2s/epoch - 174ms/step
Epoch 178/10000

Epoch 178: val_loss did not improve from 0.27569
11/11 - 2s - loss: 0.2763 - mse: 0.2763 - mae: 0.4249 - val_loss: 0.2799 - val_mse: 0.2799 - val_mae: 0.4246 - 2s/epoch - 174ms/step
Epoch 179/10000

Epoch 179: val_loss did not improve from 0.27569
11/11 - 2s - loss: 0.2757 - mse: 0.2757 - mae: 0.4244 - val_loss: 0.2765 - val_mse: 0.2765 - val_mae: 0.4216 - 2s/epoch - 175ms/step
Epoch 180/10000

Epoch 180: val_loss did not improve from 0.27569
11/11 - 2s - loss: 0.2752 - mse: 0.2752 - mae: 0.4238 - val_loss: 0.2769 - val_mse: 0.2769 - val_mae: 0.4223 - 2s/epoch - 174ms/step
Epoch 181/10000

Epoch 181: val_loss did not improve from 0.27569
11/11 - 2s - loss: 0.2744 - mse: 0.2744 - mae: 0.4235 - val_loss: 0.2783 - val_mse: 0.2783 - val_mae: 0.4226 - 2s/epoch - 174ms/step
Epoch 182/10000

Epoch 182: val_loss did not improve from 0.27569
11/11 - 2s - loss: 0.2754 - mse: 0.2754 - mae: 0.4241 - val_loss: 0.2810 - val_mse: 0.2810 - val_mae: 0.4247 - 2s/epoch - 174ms/step
Epoch 183/10000

Epoch 183: val_loss did not improve from 0.27569
11/11 - 2s - loss: 0.2787 - mse: 0.2787 - mae: 0.4268 - val_loss: 0.2779 - val_mse: 0.2779 - val_mae: 0.4223 - 2s/epoch - 173ms/step
Epoch 184/10000

Epoch 184: val_loss did not improve from 0.27569
11/11 - 2s - loss: 0.2774 - mse: 0.2774 - mae: 0.4258 - val_loss: 0.2767 - val_mse: 0.2767 - val_mae: 0.4217 - 2s/epoch - 175ms/step
Epoch 185/10000

Epoch 185: val_loss did not improve from 0.27569
11/11 - 2s - loss: 0.2751 - mse: 0.2751 - mae: 0.4241 - val_loss: 0.2767 - val_mse: 0.2767 - val_mae: 0.4216 - 2s/epoch - 175ms/step
Epoch 186/10000

Epoch 186: val_loss did not improve from 0.27569
11/11 - 2s - loss: 0.2744 - mse: 0.2744 - mae: 0.4236 - val_loss: 0.2764 - val_mse: 0.2764 - val_mae: 0.4221 - 2s/epoch - 175ms/step
Epoch 187/10000

Epoch 187: val_loss did not improve from 0.27569
11/11 - 2s - loss: 0.2746 - mse: 0.2746 - mae: 0.4239 - val_loss: 0.2758 - val_mse: 0.2758 - val_mae: 0.4209 - 2s/epoch - 175ms/step
Epoch 188/10000

Epoch 188: val_loss did not improve from 0.27569
11/11 - 2s - loss: 0.2744 - mse: 0.2744 - mae: 0.4230 - val_loss: 0.2827 - val_mse: 0.2827 - val_mae: 0.4269 - 2s/epoch - 174ms/step
Epoch 189/10000

Epoch 189: val_loss did not improve from 0.27569
11/11 - 2s - loss: 0.2757 - mse: 0.2757 - mae: 0.4252 - val_loss: 0.2762 - val_mse: 0.2762 - val_mae: 0.4213 - 2s/epoch - 174ms/step
Epoch 190/10000

Epoch 190: val_loss did not improve from 0.27569
11/11 - 2s - loss: 0.2745 - mse: 0.2745 - mae: 0.4234 - val_loss: 0.2778 - val_mse: 0.2778 - val_mae: 0.4223 - 2s/epoch - 174ms/step
Epoch 191/10000

Epoch 191: val_loss did not improve from 0.27569
11/11 - 2s - loss: 0.2752 - mse: 0.2752 - mae: 0.4241 - val_loss: 0.2787 - val_mse: 0.2787 - val_mae: 0.4230 - 2s/epoch - 174ms/step
Epoch 192/10000

Epoch 192: val_loss did not improve from 0.27569
11/11 - 2s - loss: 0.2771 - mse: 0.2771 - mae: 0.4251 - val_loss: 0.2767 - val_mse: 0.2767 - val_mae: 0.4216 - 2s/epoch - 175ms/step
Epoch 193/10000

Epoch 193: val_loss did not improve from 0.27569
11/11 - 2s - loss: 0.2758 - mse: 0.2758 - mae: 0.4246 - val_loss: 0.2788 - val_mse: 0.2788 - val_mae: 0.4229 - 2s/epoch - 174ms/step
Epoch 194/10000

Epoch 194: val_loss did not improve from 0.27569
11/11 - 2s - loss: 0.2753 - mse: 0.2753 - mae: 0.4241 - val_loss: 0.2773 - val_mse: 0.2773 - val_mae: 0.4225 - 2s/epoch - 174ms/step
Epoch 195/10000

Epoch 195: val_loss did not improve from 0.27569
11/11 - 2s - loss: 0.2766 - mse: 0.2766 - mae: 0.4255 - val_loss: 0.2779 - val_mse: 0.2779 - val_mae: 0.4227 - 2s/epoch - 174ms/step
Epoch 196/10000

Epoch 196: val_loss did not improve from 0.27569
11/11 - 2s - loss: 0.2767 - mse: 0.2767 - mae: 0.4251 - val_loss: 0.2770 - val_mse: 0.2770 - val_mae: 0.4222 - 2s/epoch - 175ms/step
Epoch 197/10000

Epoch 197: val_loss did not improve from 0.27569
11/11 - 2s - loss: 0.2747 - mse: 0.2747 - mae: 0.4238 - val_loss: 0.2763 - val_mse: 0.2763 - val_mae: 0.4212 - 2s/epoch - 174ms/step
Epoch 198/10000

Epoch 198: val_loss did not improve from 0.27569
11/11 - 2s - loss: 0.2762 - mse: 0.2762 - mae: 0.4244 - val_loss: 0.2758 - val_mse: 0.2758 - val_mae: 0.4210 - 2s/epoch - 174ms/step
Epoch 199/10000

Epoch 199: val_loss did not improve from 0.27569
11/11 - 2s - loss: 0.2748 - mse: 0.2748 - mae: 0.4236 - val_loss: 0.2781 - val_mse: 0.2781 - val_mae: 0.4223 - 2s/epoch - 175ms/step
Epoch 200/10000

Epoch 200: val_loss did not improve from 0.27569
11/11 - 2s - loss: 0.2756 - mse: 0.2756 - mae: 0.4245 - val_loss: 0.2767 - val_mse: 0.2767 - val_mae: 0.4217 - 2s/epoch - 175ms/step
Epoch 201/10000

Epoch 201: val_loss did not improve from 0.27569
11/11 - 2s - loss: 0.2764 - mse: 0.2764 - mae: 0.4248 - val_loss: 0.2765 - val_mse: 0.2765 - val_mae: 0.4214 - 2s/epoch - 175ms/step
Epoch 202/10000

Epoch 202: val_loss did not improve from 0.27569
11/11 - 2s - loss: 0.2755 - mse: 0.2755 - mae: 0.4241 - val_loss: 0.2786 - val_mse: 0.2786 - val_mae: 0.4235 - 2s/epoch - 175ms/step
Epoch 203/10000

Epoch 203: val_loss did not improve from 0.27569
11/11 - 2s - loss: 0.2770 - mse: 0.2770 - mae: 0.4253 - val_loss: 0.2758 - val_mse: 0.2758 - val_mae: 0.4211 - 2s/epoch - 175ms/step
Epoch 204/10000

Epoch 204: val_loss did not improve from 0.27569
11/11 - 2s - loss: 0.2785 - mse: 0.2785 - mae: 0.4263 - val_loss: 0.2765 - val_mse: 0.2765 - val_mae: 0.4214 - 2s/epoch - 174ms/step
Epoch 205/10000

Epoch 205: val_loss did not improve from 0.27569
11/11 - 2s - loss: 0.2761 - mse: 0.2761 - mae: 0.4246 - val_loss: 0.2787 - val_mse: 0.2787 - val_mae: 0.4228 - 2s/epoch - 174ms/step
Epoch 206/10000

Epoch 206: val_loss did not improve from 0.27569
11/11 - 2s - loss: 0.2750 - mse: 0.2750 - mae: 0.4237 - val_loss: 0.2758 - val_mse: 0.2758 - val_mae: 0.4210 - 2s/epoch - 175ms/step
Epoch 207/10000

Epoch 207: val_loss did not improve from 0.27569
11/11 - 2s - loss: 0.2747 - mse: 0.2747 - mae: 0.4237 - val_loss: 0.2792 - val_mse: 0.2792 - val_mae: 0.4231 - 2s/epoch - 174ms/step
Epoch 208/10000

Epoch 208: val_loss did not improve from 0.27569
11/11 - 2s - loss: 0.2816 - mse: 0.2816 - mae: 0.4286 - val_loss: 0.2773 - val_mse: 0.2773 - val_mae: 0.4226 - 2s/epoch - 175ms/step
Epoch 209/10000

Epoch 209: val_loss did not improve from 0.27569
11/11 - 2s - loss: 0.2782 - mse: 0.2782 - mae: 0.4262 - val_loss: 0.2810 - val_mse: 0.2810 - val_mae: 0.4253 - 2s/epoch - 174ms/step
Epoch 210/10000

Epoch 210: val_loss did not improve from 0.27569
11/11 - 2s - loss: 0.2755 - mse: 0.2755 - mae: 0.4242 - val_loss: 0.2759 - val_mse: 0.2759 - val_mae: 0.4208 - 2s/epoch - 174ms/step
Epoch 211/10000

Epoch 211: val_loss did not improve from 0.27569
11/11 - 2s - loss: 0.2748 - mse: 0.2748 - mae: 0.4235 - val_loss: 0.2803 - val_mse: 0.2803 - val_mae: 0.4248 - 2s/epoch - 175ms/step
Epoch 212/10000

Epoch 212: val_loss did not improve from 0.27569
11/11 - 2s - loss: 0.2760 - mse: 0.2760 - mae: 0.4248 - val_loss: 0.2765 - val_mse: 0.2765 - val_mae: 0.4218 - 2s/epoch - 174ms/step
Epoch 213/10000

Epoch 213: val_loss did not improve from 0.27569
11/11 - 2s - loss: 0.2754 - mse: 0.2754 - mae: 0.4237 - val_loss: 0.2776 - val_mse: 0.2776 - val_mae: 0.4221 - 2s/epoch - 174ms/step
Epoch 214/10000

Epoch 214: val_loss did not improve from 0.27569
11/11 - 2s - loss: 0.2752 - mse: 0.2752 - mae: 0.4237 - val_loss: 0.2790 - val_mse: 0.2790 - val_mae: 0.4235 - 2s/epoch - 174ms/step
Epoch 215/10000

Epoch 215: val_loss did not improve from 0.27569
11/11 - 2s - loss: 0.2762 - mse: 0.2762 - mae: 0.4249 - val_loss: 0.2760 - val_mse: 0.2760 - val_mae: 0.4213 - 2s/epoch - 174ms/step
Epoch 216/10000

Epoch 216: val_loss did not improve from 0.27569
11/11 - 2s - loss: 0.2744 - mse: 0.2744 - mae: 0.4232 - val_loss: 0.2762 - val_mse: 0.2762 - val_mae: 0.4210 - 2s/epoch - 174ms/step
Epoch 217/10000

Epoch 217: val_loss did not improve from 0.27569
11/11 - 2s - loss: 0.2743 - mse: 0.2743 - mae: 0.4235 - val_loss: 0.2758 - val_mse: 0.2758 - val_mae: 0.4209 - 2s/epoch - 175ms/step
Epoch 218/10000

Epoch 218: val_loss did not improve from 0.27569
11/11 - 2s - loss: 0.2743 - mse: 0.2743 - mae: 0.4232 - val_loss: 0.2759 - val_mse: 0.2759 - val_mae: 0.4209 - 2s/epoch - 174ms/step
Epoch 219/10000

Epoch 219: val_loss did not improve from 0.27569
11/11 - 2s - loss: 0.2746 - mse: 0.2746 - mae: 0.4235 - val_loss: 0.2758 - val_mse: 0.2758 - val_mae: 0.4210 - 2s/epoch - 174ms/step
Epoch 220/10000

Epoch 220: val_loss did not improve from 0.27569
11/11 - 2s - loss: 0.2745 - mse: 0.2745 - mae: 0.4232 - val_loss: 0.2765 - val_mse: 0.2765 - val_mae: 0.4212 - 2s/epoch - 175ms/step
Epoch 221/10000

Epoch 221: val_loss did not improve from 0.27569
11/11 - 2s - loss: 0.2751 - mse: 0.2751 - mae: 0.4238 - val_loss: 0.2758 - val_mse: 0.2758 - val_mae: 0.4211 - 2s/epoch - 174ms/step
Epoch 222/10000

Epoch 222: val_loss did not improve from 0.27569
11/11 - 2s - loss: 0.2765 - mse: 0.2765 - mae: 0.4253 - val_loss: 0.2819 - val_mse: 0.2819 - val_mae: 0.4259 - 2s/epoch - 175ms/step
Epoch 223/10000

Epoch 223: val_loss did not improve from 0.27569
11/11 - 2s - loss: 0.2788 - mse: 0.2788 - mae: 0.4260 - val_loss: 0.2792 - val_mse: 0.2792 - val_mae: 0.4240 - 2s/epoch - 175ms/step
Epoch 224/10000

Epoch 224: val_loss did not improve from 0.27569
11/11 - 2s - loss: 0.2763 - mse: 0.2763 - mae: 0.4248 - val_loss: 0.2759 - val_mse: 0.2759 - val_mae: 0.4207 - 2s/epoch - 175ms/step
Epoch 225/10000

Epoch 225: val_loss did not improve from 0.27569
11/11 - 2s - loss: 0.2748 - mse: 0.2748 - mae: 0.4233 - val_loss: 0.2762 - val_mse: 0.2762 - val_mae: 0.4211 - 2s/epoch - 175ms/step
Epoch 226/10000

Epoch 226: val_loss did not improve from 0.27569
11/11 - 2s - loss: 0.2754 - mse: 0.2754 - mae: 0.4237 - val_loss: 0.2760 - val_mse: 0.2760 - val_mae: 0.4209 - 2s/epoch - 175ms/step
Epoch 227/10000

Epoch 227: val_loss did not improve from 0.27569
11/11 - 2s - loss: 0.2746 - mse: 0.2746 - mae: 0.4235 - val_loss: 0.2771 - val_mse: 0.2771 - val_mae: 0.4220 - 2s/epoch - 174ms/step
Epoch 228/10000

Epoch 228: val_loss did not improve from 0.27569
11/11 - 2s - loss: 0.2769 - mse: 0.2769 - mae: 0.4248 - val_loss: 0.2758 - val_mse: 0.2758 - val_mae: 0.4210 - 2s/epoch - 175ms/step
Epoch 229/10000

Epoch 229: val_loss did not improve from 0.27569
11/11 - 2s - loss: 0.2785 - mse: 0.2785 - mae: 0.4260 - val_loss: 0.2783 - val_mse: 0.2783 - val_mae: 0.4226 - 2s/epoch - 175ms/step
Epoch 230/10000

Epoch 230: val_loss did not improve from 0.27569
11/11 - 2s - loss: 0.2768 - mse: 0.2768 - mae: 0.4250 - val_loss: 0.2790 - val_mse: 0.2790 - val_mae: 0.4235 - 2s/epoch - 174ms/step
Epoch 231/10000

Epoch 231: val_loss did not improve from 0.27569
11/11 - 2s - loss: 0.2768 - mse: 0.2768 - mae: 0.4247 - val_loss: 0.2768 - val_mse: 0.2768 - val_mae: 0.4218 - 2s/epoch - 175ms/step
Epoch 232/10000

Epoch 232: val_loss did not improve from 0.27569
11/11 - 2s - loss: 0.2746 - mse: 0.2746 - mae: 0.4235 - val_loss: 0.2761 - val_mse: 0.2761 - val_mae: 0.4210 - 2s/epoch - 175ms/step
Epoch 233/10000

Epoch 233: val_loss did not improve from 0.27569
11/11 - 2s - loss: 0.2750 - mse: 0.2750 - mae: 0.4231 - val_loss: 0.2761 - val_mse: 0.2761 - val_mae: 0.4209 - 2s/epoch - 174ms/step
Epoch 234/10000

Epoch 234: val_loss did not improve from 0.27569
11/11 - 2s - loss: 0.2747 - mse: 0.2747 - mae: 0.4238 - val_loss: 0.2759 - val_mse: 0.2759 - val_mae: 0.4210 - 2s/epoch - 174ms/step
Epoch 235/10000

Epoch 235: val_loss did not improve from 0.27569
11/11 - 2s - loss: 0.2743 - mse: 0.2743 - mae: 0.4231 - val_loss: 0.2776 - val_mse: 0.2776 - val_mae: 0.4224 - 2s/epoch - 175ms/step
Epoch 236/10000

Epoch 236: val_loss did not improve from 0.27569
11/11 - 2s - loss: 0.2759 - mse: 0.2759 - mae: 0.4240 - val_loss: 0.2758 - val_mse: 0.2758 - val_mae: 0.4209 - 2s/epoch - 175ms/step
Epoch 237/10000

Epoch 237: val_loss did not improve from 0.27569
11/11 - 2s - loss: 0.2742 - mse: 0.2742 - mae: 0.4231 - val_loss: 0.2759 - val_mse: 0.2759 - val_mae: 0.4208 - 2s/epoch - 175ms/step
Epoch 238/10000

Epoch 238: val_loss did not improve from 0.27569
11/11 - 2s - loss: 0.2745 - mse: 0.2745 - mae: 0.4231 - val_loss: 0.2773 - val_mse: 0.2773 - val_mae: 0.4221 - 2s/epoch - 175ms/step
Epoch 239/10000

Epoch 239: val_loss did not improve from 0.27569
11/11 - 2s - loss: 0.2744 - mse: 0.2744 - mae: 0.4234 - val_loss: 0.2758 - val_mse: 0.2758 - val_mae: 0.4208 - 2s/epoch - 175ms/step
Epoch 240/10000

Epoch 240: val_loss did not improve from 0.27569
11/11 - 2s - loss: 0.2749 - mse: 0.2749 - mae: 0.4235 - val_loss: 0.2795 - val_mse: 0.2795 - val_mae: 0.4240 - 2s/epoch - 175ms/step
Epoch 241/10000

Epoch 241: val_loss did not improve from 0.27569
11/11 - 2s - loss: 0.2740 - mse: 0.2740 - mae: 0.4233 - val_loss: 0.2777 - val_mse: 0.2777 - val_mae: 0.4221 - 2s/epoch - 174ms/step
Epoch 242/10000

Epoch 242: val_loss did not improve from 0.27569
11/11 - 2s - loss: 0.2747 - mse: 0.2747 - mae: 0.4236 - val_loss: 0.2760 - val_mse: 0.2760 - val_mae: 0.4208 - 2s/epoch - 175ms/step
Epoch 243/10000

Epoch 243: val_loss did not improve from 0.27569
11/11 - 2s - loss: 0.2779 - mse: 0.2779 - mae: 0.4255 - val_loss: 0.2828 - val_mse: 0.2828 - val_mae: 0.4258 - 2s/epoch - 175ms/step
Epoch 244/10000

Epoch 244: val_loss did not improve from 0.27569
11/11 - 2s - loss: 0.2781 - mse: 0.2781 - mae: 0.4257 - val_loss: 0.2775 - val_mse: 0.2775 - val_mae: 0.4222 - 2s/epoch - 175ms/step
Epoch 245/10000

Epoch 245: val_loss did not improve from 0.27569
11/11 - 2s - loss: 0.2747 - mse: 0.2747 - mae: 0.4233 - val_loss: 0.2759 - val_mse: 0.2759 - val_mae: 0.4207 - 2s/epoch - 175ms/step
Epoch 246/10000

Epoch 246: val_loss did not improve from 0.27569
11/11 - 2s - loss: 0.2747 - mse: 0.2747 - mae: 0.4232 - val_loss: 0.2758 - val_mse: 0.2758 - val_mae: 0.4209 - 2s/epoch - 175ms/step
Epoch 247/10000

Epoch 247: val_loss did not improve from 0.27569
11/11 - 2s - loss: 0.2751 - mse: 0.2751 - mae: 0.4236 - val_loss: 0.2764 - val_mse: 0.2764 - val_mae: 0.4216 - 2s/epoch - 175ms/step
Epoch 248/10000

Epoch 248: val_loss did not improve from 0.27569
11/11 - 2s - loss: 0.2774 - mse: 0.2774 - mae: 0.4252 - val_loss: 0.2759 - val_mse: 0.2759 - val_mae: 0.4209 - 2s/epoch - 175ms/step
Epoch 249/10000

Epoch 249: val_loss did not improve from 0.27569
11/11 - 2s - loss: 0.2768 - mse: 0.2768 - mae: 0.4251 - val_loss: 0.2784 - val_mse: 0.2784 - val_mae: 0.4231 - 2s/epoch - 175ms/step
Epoch 250/10000

Epoch 250: val_loss did not improve from 0.27569
11/11 - 2s - loss: 0.2767 - mse: 0.2767 - mae: 0.4246 - val_loss: 0.2762 - val_mse: 0.2762 - val_mae: 0.4213 - 2s/epoch - 175ms/step
Epoch 250: early stopping
