[0.772459 0.95864  1.14028  1.32192  1.50356  1.6852   1.86684  2.04848
 2.23012  2.41176  2.5934   2.77504  2.95668  3.13832  3.31996  3.5016
 3.68324  3.86488  4.04652  4.22816  4.4098   4.59144  4.77308  4.95472
 5.13636  5.318   ]
Before undersampling: [(0, 11), (1, 41), (2, 117), (3, 379), (4, 1164), (5, 3250), (6, 3633), (7, 2483), (8, 2349), (9, 2100), (10, 1892), (11, 1848), (12, 1641), (13, 1350), (14, 1181), (15, 900), (16, 782), (17, 646), (18, 511), (19, 434), (20, 358), (21, 314), (22, 290), (23, 233), (24, 198)]
After undersampling: [(0, 11), (1, 14), (2, 45), (3, 75), (4, 190), (5, 223), (6, 299), (7, 242), (8, 358), (9, 388), (10, 88), (11, 226), (12, 232), (13, 170), (14, 173), (15, 76), (16, 79), (17, 50), (18, 22), (19, 37), (20, 46), (21, 57), (22, 16), (23, 12), (24, 41)]
      label  HH_0_0_x  HV_0_0_x  IA_0_0_x       FYI      DFYI       MYI     rms_0     thk_1     rms_1     thk_2     rms_2     thk_3     rms_3  ...    3         4    5         6         7         8         9        10   11        12   13        14        15                                                CNN
0     0.858  0.184314  0.054902  0.108219  0.677054  0.244229  0.078717  4.574475  1.157741  4.598907  1.135613  4.568877  1.137049  4.555604  ...  0.0  0.976693  0.0  0.614157  0.580775  0.824165  0.316351  0.915441  0.0  0.687166  0.0  0.681156  0.467802  [[[[0.2274509803921568], [0.1081809698366651],...
1     0.922  0.219608  0.043137  0.095634  0.054778  0.917930  0.027292  4.928114  1.252795  4.933641  1.183038  4.945711  1.206833  4.951181  ...  0.0  1.014148  0.0  0.640144  0.557590  0.845430  0.301105  0.952926  0.0  0.730141  0.0  0.731394  0.484976  [[[[0.1215686274509803], [0.0955935010723039],...
2     0.934  0.192157  0.031373  0.097116  0.587126  0.332548  0.080326  4.575322  1.137139  4.539704  1.094642  4.548931  1.119177  4.518337  ...  0.0  1.141272  0.0  0.686991  0.657252  0.887173  0.262995  1.067364  0.0  0.828544  0.0  0.798359  0.574734  [[[[0.1215686274509803], [0.0971558065975413],...
3     0.895  0.188235  0.035294  0.097129  0.495887  0.419141  0.084972  4.582605  1.146608  4.565219  1.119833  4.570570  1.106200  4.542815  ...  0.0  1.152834  0.0  0.692828  0.669648  0.885035  0.259357  1.075103  0.0  0.840245  0.0  0.805713  0.586994  [[[[0.188235294117647], [0.0971691505581724], ...
4     0.944  0.325490  0.066667  0.096222  0.002803  0.962774  0.034423  5.199004  1.323369  5.165545  1.259931  5.168842  1.279109  5.193098  ...  0.0  0.968458  0.0  0.649656  0.502992  0.845221  0.351467  0.905719  0.0  0.705089  0.0  0.735994  0.453760  [[[[0.2745098039215686], [0.0962616415584788],...
...     ...       ...       ...       ...       ...       ...       ...       ...       ...       ...       ...       ...       ...       ...  ...  ...       ...  ...       ...       ...       ...       ...       ...  ...       ...  ...       ...       ...                                                ...
3165  5.276  0.352941  0.074510  0.100515  0.006357  0.928429  0.065213  5.249644  1.348757  5.320766  1.308206  5.272378  1.298650  5.292082  ...  0.0  1.030952  0.0  0.659388  0.559773  0.865363  0.313537  0.972072  0.0  0.753884  0.0  0.758726  0.503653  [[[[0.196078431372549], [0.1004749447691674], ...
3166  5.297  0.458824  0.172549  0.107469  0.002736  0.000006  0.997258  5.450942  1.501498  5.478002  1.495205  5.436022  1.552383  5.440632  ...  0.0  1.020372  0.0  0.634003  0.526789  0.815668  0.274966  0.948092  0.0  0.707694  0.0  0.714337  0.429323  [[[[0.7529411764705882], [0.1074304692885455],...
3167  5.311  0.356863  0.101961  0.099566  0.003346  0.964248  0.032406  5.216518  1.353384  5.200098  1.290865  5.187553  1.301443  5.226372  ...  0.0  0.757531  0.0  0.568482  0.168733  0.630591  0.311777  0.613311  0.0  0.573478  0.0  0.643823  0.206631  [[[[0.3803921568627451], [0.0995253993015663],...
3168  5.317  0.341176  0.066667  0.101745  0.248913  0.674466  0.076622  4.930894  1.242876  4.917791  1.221623  4.910315  1.207190  4.877422  ...  0.0  0.980300  0.0  0.663146  0.488075  0.851407  0.336768  0.928442  0.0  0.692687  0.0  0.740798  0.415210  [[[[0.1607843137254902], [0.1017053342333026],...
3169  5.170  0.258824  0.035294  0.090093  0.691879  0.287280  0.020842  4.489599  1.132821  4.543322  1.122601  4.510144  1.120885  4.459323  ...  0.0  1.101054  0.0  0.675508  0.654786  0.904350  0.322870  1.024127  0.0  0.800873  0.0  0.778182  0.571642  [[[[0.1803921568627451], [0.0901344000124463],...

[3170 rows x 128 columns]
Size of dataset: (3170, 127)
*************************** Fold #: 1 ***************************
Model: "model"
__________________________________________________________________________________________________
 Layer (type)                   Output Shape         Param #     Connected to                     
==================================================================================================
 conv (InputLayer)              [(None, 7, 7, 3, 1)  0           []                               
                                ]                                                                 
                                                                                                  
 zero_padding3d (ZeroPadding3D)  (None, 8, 8, 4, 1)  0           ['conv[0][0]']                   
                                                                                                  
 conv3d (Conv3D)                (None, 8, 8, 4, 8)   224         ['zero_padding3d[0][0]']         
                                                                                                  
 max_pooling3d (MaxPooling3D)   (None, 4, 4, 2, 8)   0           ['conv3d[0][0]']                 
                                                                                                  
 conv3d_1 (Conv3D)              (None, 4, 4, 2, 4)   868         ['max_pooling3d[0][0]']          
                                                                                                  
 max_pooling3d_1 (MaxPooling3D)  (None, 2, 2, 1, 4)  0           ['conv3d_1[0][0]']               
                                                                                                  
 cat (InputLayer)               [(None, 126)]        0           []                               
                                                                                                  
 flatten (Flatten)              (None, 16)           0           ['max_pooling3d_1[0][0]']        
                                                                                                  
 concatenate (Concatenate)      (None, 142)          0           ['cat[0][0]',                    
                                                                  'flatten[0][0]']                
                                                                                                  
 dense (Dense)                  (None, 200)          28600       ['concatenate[0][0]']            
                                                                                                  
 dense_1 (Dense)                (None, 200)          40200       ['dense[0][0]']                  
                                                                                                  
 dense_2 (Dense)                (None, 200)          40200       ['dense_1[0][0]']                
                                                                                                  
 dense_3 (Dense)                (None, 200)          40200       ['dense_2[0][0]']                
                                                                                                  
 dense_4 (Dense)                (None, 200)          40200       ['dense_3[0][0]']                
                                                                                                  
 dense_5 (Dense)                (None, 1)            201         ['dense_4[0][0]']                
                                                                                                  
==================================================================================================
Total params: 190,693
Trainable params: 190,693
Non-trainable params: 0
__________________________________________________________________________________________________
Epoch 1/10000

Epoch 1: val_loss improved from inf to 0.73262, saving model to ./results/NN_thk_regr/ResNet/recursion_37/ckpt_1
2/2 - 2s - loss: 1.5994 - mse: 1.5994 - mae: 1.2390 - val_loss: 0.7326 - val_mse: 0.7326 - val_mae: 0.8264 - 2s/epoch - 788ms/step
Epoch 2/10000

Epoch 2: val_loss improved from 0.73262 to 0.06131, saving model to ./results/NN_thk_regr/ResNet/recursion_37/ckpt_1
2/2 - 1s - loss: 0.5538 - mse: 0.5538 - mae: 0.6899 - val_loss: 0.0613 - val_mse: 0.0613 - val_mae: 0.1942 - 1s/epoch - 523ms/step
Epoch 3/10000

Epoch 3: val_loss did not improve from 0.06131
2/2 - 0s - loss: 0.1804 - mse: 0.1804 - mae: 0.3359 - val_loss: 0.3030 - val_mse: 0.3030 - val_mae: 0.5080 - 305ms/epoch - 153ms/step
Epoch 4/10000

Epoch 4: val_loss improved from 0.06131 to 0.05712, saving model to ./results/NN_thk_regr/ResNet/recursion_37/ckpt_1
2/2 - 1s - loss: 0.2296 - mse: 0.2296 - mae: 0.4182 - val_loss: 0.0571 - val_mse: 0.0571 - val_mae: 0.1804 - 1s/epoch - 524ms/step
Epoch 5/10000

Epoch 5: val_loss did not improve from 0.05712
2/2 - 0s - loss: 0.0720 - mse: 0.0720 - mae: 0.2079 - val_loss: 0.1584 - val_mse: 0.1584 - val_mae: 0.3404 - 308ms/epoch - 154ms/step
Epoch 6/10000

Epoch 6: val_loss did not improve from 0.05712
2/2 - 0s - loss: 0.1444 - mse: 0.1444 - mae: 0.3253 - val_loss: 0.0911 - val_mse: 0.0911 - val_mae: 0.2384 - 302ms/epoch - 151ms/step
Epoch 7/10000

Epoch 7: val_loss did not improve from 0.05712
2/2 - 0s - loss: 0.0710 - mse: 0.0710 - mae: 0.2089 - val_loss: 0.0724 - val_mse: 0.0724 - val_mae: 0.2168 - 304ms/epoch - 152ms/step
Epoch 8/10000

Epoch 8: val_loss did not improve from 0.05712
2/2 - 0s - loss: 0.0759 - mse: 0.0759 - mae: 0.2241 - val_loss: 0.0750 - val_mse: 0.0750 - val_mae: 0.2219 - 306ms/epoch - 153ms/step
Epoch 9/10000

Epoch 9: val_loss improved from 0.05712 to 0.05130, saving model to ./results/NN_thk_regr/ResNet/recursion_37/ckpt_1
2/2 - 1s - loss: 0.0629 - mse: 0.0629 - mae: 0.2002 - val_loss: 0.0513 - val_mse: 0.0513 - val_mae: 0.1717 - 1s/epoch - 579ms/step
Epoch 10/10000

Epoch 10: val_loss did not improve from 0.05130
2/2 - 0s - loss: 0.0484 - mse: 0.0484 - mae: 0.1682 - val_loss: 0.0641 - val_mse: 0.0641 - val_mae: 0.1926 - 303ms/epoch - 152ms/step
Epoch 11/10000

Epoch 11: val_loss did not improve from 0.05130
2/2 - 0s - loss: 0.0563 - mse: 0.0563 - mae: 0.1833 - val_loss: 0.0516 - val_mse: 0.0516 - val_mae: 0.1723 - 304ms/epoch - 152ms/step
Epoch 12/10000

Epoch 12: val_loss did not improve from 0.05130
2/2 - 0s - loss: 0.0456 - mse: 0.0456 - mae: 0.1642 - val_loss: 0.0556 - val_mse: 0.0556 - val_mae: 0.1836 - 306ms/epoch - 153ms/step
Epoch 13/10000

Epoch 13: val_loss improved from 0.05130 to 0.05009, saving model to ./results/NN_thk_regr/ResNet/recursion_37/ckpt_1
2/2 - 1s - loss: 0.0507 - mse: 0.0507 - mae: 0.1770 - val_loss: 0.0501 - val_mse: 0.0501 - val_mae: 0.1714 - 1s/epoch - 601ms/step
Epoch 14/10000

Epoch 14: val_loss did not improve from 0.05009
2/2 - 0s - loss: 0.0448 - mse: 0.0448 - mae: 0.1631 - val_loss: 0.0518 - val_mse: 0.0518 - val_mae: 0.1725 - 297ms/epoch - 148ms/step
Epoch 15/10000

Epoch 15: val_loss did not improve from 0.05009
2/2 - 0s - loss: 0.0466 - mse: 0.0466 - mae: 0.1659 - val_loss: 0.0513 - val_mse: 0.0513 - val_mae: 0.1719 - 302ms/epoch - 151ms/step
Epoch 16/10000

Epoch 16: val_loss improved from 0.05009 to 0.04927, saving model to ./results/NN_thk_regr/ResNet/recursion_37/ckpt_1
2/2 - 1s - loss: 0.0451 - mse: 0.0451 - mae: 0.1629 - val_loss: 0.0493 - val_mse: 0.0493 - val_mae: 0.1698 - 1s/epoch - 567ms/step
Epoch 17/10000

Epoch 17: val_loss did not improve from 0.04927
2/2 - 0s - loss: 0.0450 - mse: 0.0450 - mae: 0.1644 - val_loss: 0.0500 - val_mse: 0.0500 - val_mae: 0.1721 - 301ms/epoch - 151ms/step
Epoch 18/10000

Epoch 18: val_loss improved from 0.04927 to 0.04864, saving model to ./results/NN_thk_regr/ResNet/recursion_37/ckpt_1
2/2 - 1s - loss: 0.0448 - mse: 0.0448 - mae: 0.1645 - val_loss: 0.0486 - val_mse: 0.0486 - val_mae: 0.1678 - 1s/epoch - 596ms/step
Epoch 19/10000

Epoch 19: val_loss did not improve from 0.04864
2/2 - 0s - loss: 0.0440 - mse: 0.0440 - mae: 0.1615 - val_loss: 0.0495 - val_mse: 0.0495 - val_mae: 0.1692 - 313ms/epoch - 156ms/step
Epoch 20/10000

Epoch 20: val_loss improved from 0.04864 to 0.04792, saving model to ./results/NN_thk_regr/ResNet/recursion_37/ckpt_1
2/2 - 1s - loss: 0.0437 - mse: 0.0437 - mae: 0.1610 - val_loss: 0.0479 - val_mse: 0.0479 - val_mae: 0.1677 - 1s/epoch - 599ms/step
Epoch 21/10000

Epoch 21: val_loss did not improve from 0.04792
2/2 - 0s - loss: 0.0429 - mse: 0.0429 - mae: 0.1607 - val_loss: 0.0482 - val_mse: 0.0482 - val_mae: 0.1696 - 301ms/epoch - 150ms/step
Epoch 22/10000

Epoch 22: val_loss improved from 0.04792 to 0.04717, saving model to ./results/NN_thk_regr/ResNet/recursion_37/ckpt_1
2/2 - 1s - loss: 0.0433 - mse: 0.0433 - mae: 0.1621 - val_loss: 0.0472 - val_mse: 0.0472 - val_mae: 0.1665 - 1s/epoch - 562ms/step
Epoch 23/10000

Epoch 23: val_loss did not improve from 0.04717
2/2 - 0s - loss: 0.0422 - mse: 0.0422 - mae: 0.1590 - val_loss: 0.0473 - val_mse: 0.0473 - val_mae: 0.1666 - 304ms/epoch - 152ms/step
Epoch 24/10000

Epoch 24: val_loss improved from 0.04717 to 0.04631, saving model to ./results/NN_thk_regr/ResNet/recursion_37/ckpt_1
2/2 - 1s - loss: 0.0421 - mse: 0.0421 - mae: 0.1587 - val_loss: 0.0463 - val_mse: 0.0463 - val_mae: 0.1666 - 1s/epoch - 592ms/step
Epoch 25/10000

Epoch 25: val_loss improved from 0.04631 to 0.04578, saving model to ./results/NN_thk_regr/ResNet/recursion_37/ckpt_1
2/2 - 1s - loss: 0.0416 - mse: 0.0416 - mae: 0.1592 - val_loss: 0.0458 - val_mse: 0.0458 - val_mae: 0.1659 - 1s/epoch - 594ms/step
Epoch 26/10000

Epoch 26: val_loss improved from 0.04578 to 0.04531, saving model to ./results/NN_thk_regr/ResNet/recursion_37/ckpt_1
2/2 - 1s - loss: 0.0412 - mse: 0.0412 - mae: 0.1585 - val_loss: 0.0453 - val_mse: 0.0453 - val_mae: 0.1645 - 1s/epoch - 606ms/step
Epoch 27/10000

Epoch 27: val_loss improved from 0.04531 to 0.04477, saving model to ./results/NN_thk_regr/ResNet/recursion_37/ckpt_1
2/2 - 1s - loss: 0.0407 - mse: 0.0407 - mae: 0.1569 - val_loss: 0.0448 - val_mse: 0.0448 - val_mae: 0.1648 - 1s/epoch - 605ms/step
Epoch 28/10000

Epoch 28: val_loss improved from 0.04477 to 0.04445, saving model to ./results/NN_thk_regr/ResNet/recursion_37/ckpt_1
2/2 - 1s - loss: 0.0406 - mse: 0.0406 - mae: 0.1578 - val_loss: 0.0444 - val_mse: 0.0444 - val_mae: 0.1633 - 1s/epoch - 566ms/step
Epoch 29/10000

Epoch 29: val_loss improved from 0.04445 to 0.04413, saving model to ./results/NN_thk_regr/ResNet/recursion_37/ckpt_1
2/2 - 1s - loss: 0.0405 - mse: 0.0405 - mae: 0.1564 - val_loss: 0.0441 - val_mse: 0.0441 - val_mae: 0.1630 - 1s/epoch - 602ms/step
Epoch 30/10000

Epoch 30: val_loss improved from 0.04413 to 0.04399, saving model to ./results/NN_thk_regr/ResNet/recursion_37/ckpt_1
2/2 - 1s - loss: 0.0404 - mse: 0.0404 - mae: 0.1570 - val_loss: 0.0440 - val_mse: 0.0440 - val_mae: 0.1634 - 1s/epoch - 568ms/step
Epoch 31/10000

Epoch 31: val_loss did not improve from 0.04399
2/2 - 0s - loss: 0.0404 - mse: 0.0404 - mae: 0.1566 - val_loss: 0.0442 - val_mse: 0.0442 - val_mae: 0.1623 - 304ms/epoch - 152ms/step
Epoch 32/10000

Epoch 32: val_loss improved from 0.04399 to 0.04382, saving model to ./results/NN_thk_regr/ResNet/recursion_37/ckpt_1
2/2 - 1s - loss: 0.0403 - mse: 0.0403 - mae: 0.1559 - val_loss: 0.0438 - val_mse: 0.0438 - val_mae: 0.1629 - 1s/epoch - 594ms/step
Epoch 33/10000

Epoch 33: val_loss did not improve from 0.04382
2/2 - 0s - loss: 0.0401 - mse: 0.0401 - mae: 0.1562 - val_loss: 0.0438 - val_mse: 0.0438 - val_mae: 0.1619 - 314ms/epoch - 157ms/step
Epoch 34/10000

Epoch 34: val_loss improved from 0.04382 to 0.04369, saving model to ./results/NN_thk_regr/ResNet/recursion_37/ckpt_1
2/2 - 1s - loss: 0.0399 - mse: 0.0399 - mae: 0.1552 - val_loss: 0.0437 - val_mse: 0.0437 - val_mae: 0.1623 - 1s/epoch - 599ms/step
Epoch 35/10000

Epoch 35: val_loss improved from 0.04369 to 0.04367, saving model to ./results/NN_thk_regr/ResNet/recursion_37/ckpt_1
2/2 - 1s - loss: 0.0398 - mse: 0.0398 - mae: 0.1555 - val_loss: 0.0437 - val_mse: 0.0437 - val_mae: 0.1620 - 1s/epoch - 610ms/step
Epoch 36/10000

Epoch 36: val_loss did not improve from 0.04367
2/2 - 0s - loss: 0.0397 - mse: 0.0397 - mae: 0.1553 - val_loss: 0.0439 - val_mse: 0.0439 - val_mae: 0.1614 - 301ms/epoch - 150ms/step
Epoch 37/10000

Epoch 37: val_loss improved from 0.04367 to 0.04358, saving model to ./results/NN_thk_regr/ResNet/recursion_37/ckpt_1
2/2 - 1s - loss: 0.0397 - mse: 0.0397 - mae: 0.1544 - val_loss: 0.0436 - val_mse: 0.0436 - val_mae: 0.1616 - 1s/epoch - 566ms/step
Epoch 38/10000

Epoch 38: val_loss improved from 0.04358 to 0.04350, saving model to ./results/NN_thk_regr/ResNet/recursion_37/ckpt_1
2/2 - 1s - loss: 0.0396 - mse: 0.0396 - mae: 0.1551 - val_loss: 0.0435 - val_mse: 0.0435 - val_mae: 0.1615 - 1s/epoch - 597ms/step
Epoch 39/10000

Epoch 39: val_loss did not improve from 0.04350
2/2 - 0s - loss: 0.0395 - mse: 0.0395 - mae: 0.1546 - val_loss: 0.0436 - val_mse: 0.0436 - val_mae: 0.1606 - 303ms/epoch - 152ms/step
Epoch 40/10000

Epoch 40: val_loss improved from 0.04350 to 0.04330, saving model to ./results/NN_thk_regr/ResNet/recursion_37/ckpt_1
2/2 - 1s - loss: 0.0397 - mse: 0.0397 - mae: 0.1545 - val_loss: 0.0433 - val_mse: 0.0433 - val_mae: 0.1605 - 1s/epoch - 604ms/step
Epoch 41/10000

Epoch 41: val_loss did not improve from 0.04330
2/2 - 0s - loss: 0.0394 - mse: 0.0394 - mae: 0.1541 - val_loss: 0.0437 - val_mse: 0.0437 - val_mae: 0.1602 - 308ms/epoch - 154ms/step
Epoch 42/10000

Epoch 42: val_loss improved from 0.04330 to 0.04301, saving model to ./results/NN_thk_regr/ResNet/recursion_37/ckpt_1
2/2 - 1s - loss: 0.0396 - mse: 0.0396 - mae: 0.1536 - val_loss: 0.0430 - val_mse: 0.0430 - val_mae: 0.1605 - 1s/epoch - 567ms/step
Epoch 43/10000

Epoch 43: val_loss improved from 0.04301 to 0.04299, saving model to ./results/NN_thk_regr/ResNet/recursion_37/ckpt_1
2/2 - 1s - loss: 0.0393 - mse: 0.0393 - mae: 0.1546 - val_loss: 0.0430 - val_mse: 0.0430 - val_mae: 0.1595 - 1s/epoch - 595ms/step
Epoch 44/10000

Epoch 44: val_loss improved from 0.04299 to 0.04280, saving model to ./results/NN_thk_regr/ResNet/recursion_37/ckpt_1
2/2 - 1s - loss: 0.0392 - mse: 0.0392 - mae: 0.1531 - val_loss: 0.0428 - val_mse: 0.0428 - val_mae: 0.1595 - 1s/epoch - 602ms/step
Epoch 45/10000

Epoch 45: val_loss improved from 0.04280 to 0.04278, saving model to ./results/NN_thk_regr/ResNet/recursion_37/ckpt_1
2/2 - 1s - loss: 0.0393 - mse: 0.0393 - mae: 0.1546 - val_loss: 0.0428 - val_mse: 0.0428 - val_mae: 0.1591 - 1s/epoch - 565ms/step
Epoch 46/10000

Epoch 46: val_loss improved from 0.04278 to 0.04272, saving model to ./results/NN_thk_regr/ResNet/recursion_37/ckpt_1
2/2 - 1s - loss: 0.0391 - mse: 0.0391 - mae: 0.1529 - val_loss: 0.0427 - val_mse: 0.0427 - val_mae: 0.1589 - 1s/epoch - 595ms/step
Epoch 47/10000

Epoch 47: val_loss did not improve from 0.04272
2/2 - 0s - loss: 0.0389 - mse: 0.0389 - mae: 0.1530 - val_loss: 0.0428 - val_mse: 0.0428 - val_mae: 0.1609 - 316ms/epoch - 158ms/step
Epoch 48/10000

Epoch 48: val_loss did not improve from 0.04272
2/2 - 0s - loss: 0.0389 - mse: 0.0389 - mae: 0.1540 - val_loss: 0.0436 - val_mse: 0.0436 - val_mae: 0.1588 - 303ms/epoch - 152ms/step
Epoch 49/10000

Epoch 49: val_loss did not improve from 0.04272
2/2 - 0s - loss: 0.0394 - mse: 0.0394 - mae: 0.1523 - val_loss: 0.0429 - val_mse: 0.0429 - val_mae: 0.1614 - 307ms/epoch - 154ms/step
Epoch 50/10000

Epoch 50: val_loss improved from 0.04272 to 0.04271, saving model to ./results/NN_thk_regr/ResNet/recursion_37/ckpt_1
2/2 - 1s - loss: 0.0391 - mse: 0.0391 - mae: 0.1550 - val_loss: 0.0427 - val_mse: 0.0427 - val_mae: 0.1580 - 1s/epoch - 595ms/step
Epoch 51/10000

Epoch 51: val_loss did not improve from 0.04271
2/2 - 0s - loss: 0.0391 - mse: 0.0391 - mae: 0.1521 - val_loss: 0.0430 - val_mse: 0.0430 - val_mae: 0.1619 - 304ms/epoch - 152ms/step
Epoch 52/10000

Epoch 52: val_loss did not improve from 0.04271
2/2 - 0s - loss: 0.0396 - mse: 0.0396 - mae: 0.1568 - val_loss: 0.0432 - val_mse: 0.0432 - val_mae: 0.1579 - 303ms/epoch - 151ms/step
Epoch 53/10000

Epoch 53: val_loss improved from 0.04271 to 0.04236, saving model to ./results/NN_thk_regr/ResNet/recursion_37/ckpt_1
2/2 - 1s - loss: 0.0397 - mse: 0.0397 - mae: 0.1523 - val_loss: 0.0424 - val_mse: 0.0424 - val_mae: 0.1593 - 1s/epoch - 598ms/step
Epoch 54/10000

Epoch 54: val_loss improved from 0.04236 to 0.04225, saving model to ./results/NN_thk_regr/ResNet/recursion_37/ckpt_1
2/2 - 1s - loss: 0.0392 - mse: 0.0392 - mae: 0.1557 - val_loss: 0.0422 - val_mse: 0.0422 - val_mae: 0.1585 - 1s/epoch - 608ms/step
Epoch 55/10000

Epoch 55: val_loss did not improve from 0.04225
2/2 - 0s - loss: 0.0387 - mse: 0.0387 - mae: 0.1520 - val_loss: 0.0430 - val_mse: 0.0430 - val_mae: 0.1575 - 305ms/epoch - 153ms/step
Epoch 56/10000

Epoch 56: val_loss did not improve from 0.04225
2/2 - 0s - loss: 0.0389 - mse: 0.0389 - mae: 0.1519 - val_loss: 0.0433 - val_mse: 0.0433 - val_mae: 0.1632 - 308ms/epoch - 154ms/step
Epoch 57/10000

Epoch 57: val_loss did not improve from 0.04225
2/2 - 0s - loss: 0.0392 - mse: 0.0392 - mae: 0.1556 - val_loss: 0.0452 - val_mse: 0.0452 - val_mae: 0.1605 - 307ms/epoch - 153ms/step
Epoch 58/10000

Epoch 58: val_loss did not improve from 0.04225
2/2 - 0s - loss: 0.0407 - mse: 0.0407 - mae: 0.1538 - val_loss: 0.0426 - val_mse: 0.0426 - val_mae: 0.1609 - 298ms/epoch - 149ms/step
Epoch 59/10000

Epoch 59: val_loss did not improve from 0.04225
2/2 - 0s - loss: 0.0399 - mse: 0.0399 - mae: 0.1580 - val_loss: 0.0426 - val_mse: 0.0426 - val_mae: 0.1571 - 310ms/epoch - 155ms/step
Epoch 60/10000

Epoch 60: val_loss did not improve from 0.04225
2/2 - 0s - loss: 0.0397 - mse: 0.0397 - mae: 0.1524 - val_loss: 0.0424 - val_mse: 0.0424 - val_mae: 0.1571 - 312ms/epoch - 156ms/step
Epoch 61/10000

Epoch 61: val_loss did not improve from 0.04225
2/2 - 0s - loss: 0.0394 - mse: 0.0394 - mae: 0.1550 - val_loss: 0.0428 - val_mse: 0.0428 - val_mae: 0.1614 - 368ms/epoch - 184ms/step
Epoch 62/10000

Epoch 62: val_loss did not improve from 0.04225
2/2 - 0s - loss: 0.0390 - mse: 0.0390 - mae: 0.1541 - val_loss: 0.0441 - val_mse: 0.0441 - val_mae: 0.1587 - 311ms/epoch - 156ms/step
Epoch 63/10000

Epoch 63: val_loss did not improve from 0.04225
2/2 - 0s - loss: 0.0396 - mse: 0.0396 - mae: 0.1517 - val_loss: 0.0431 - val_mse: 0.0431 - val_mae: 0.1628 - 295ms/epoch - 148ms/step
Epoch 64/10000

Epoch 64: val_loss did not improve from 0.04225
2/2 - 0s - loss: 0.0396 - mse: 0.0396 - mae: 0.1569 - val_loss: 0.0425 - val_mse: 0.0425 - val_mae: 0.1570 - 305ms/epoch - 152ms/step
Epoch 65/10000

Epoch 65: val_loss improved from 0.04225 to 0.04221, saving model to ./results/NN_thk_regr/ResNet/recursion_37/ckpt_1
2/2 - 1s - loss: 0.0393 - mse: 0.0393 - mae: 0.1518 - val_loss: 0.0422 - val_mse: 0.0422 - val_mae: 0.1572 - 1s/epoch - 568ms/step
Epoch 66/10000

Epoch 66: val_loss did not improve from 0.04221
2/2 - 0s - loss: 0.0395 - mse: 0.0395 - mae: 0.1545 - val_loss: 0.0423 - val_mse: 0.0423 - val_mae: 0.1595 - 302ms/epoch - 151ms/step
Epoch 67/10000

Epoch 67: val_loss did not improve from 0.04221
2/2 - 0s - loss: 0.0389 - mse: 0.0389 - mae: 0.1531 - val_loss: 0.0431 - val_mse: 0.0431 - val_mae: 0.1574 - 305ms/epoch - 152ms/step
Epoch 68/10000

Epoch 68: val_loss did not improve from 0.04221
2/2 - 0s - loss: 0.0389 - mse: 0.0389 - mae: 0.1514 - val_loss: 0.0429 - val_mse: 0.0429 - val_mae: 0.1622 - 309ms/epoch - 155ms/step
Epoch 69/10000

Epoch 69: val_loss did not improve from 0.04221
2/2 - 0s - loss: 0.0393 - mse: 0.0393 - mae: 0.1562 - val_loss: 0.0428 - val_mse: 0.0428 - val_mae: 0.1570 - 308ms/epoch - 154ms/step
Epoch 70/10000

Epoch 70: val_loss improved from 0.04221 to 0.04203, saving model to ./results/NN_thk_regr/ResNet/recursion_37/ckpt_1
2/2 - 1s - loss: 0.0394 - mse: 0.0394 - mae: 0.1515 - val_loss: 0.0420 - val_mse: 0.0420 - val_mae: 0.1571 - 1s/epoch - 600ms/step
Epoch 71/10000

Epoch 71: val_loss did not improve from 0.04203
2/2 - 0s - loss: 0.0386 - mse: 0.0386 - mae: 0.1532 - val_loss: 0.0426 - val_mse: 0.0426 - val_mae: 0.1612 - 302ms/epoch - 151ms/step
Epoch 72/10000

Epoch 72: val_loss did not improve from 0.04203
2/2 - 0s - loss: 0.0392 - mse: 0.0392 - mae: 0.1542 - val_loss: 0.0428 - val_mse: 0.0428 - val_mae: 0.1569 - 311ms/epoch - 156ms/step
Epoch 73/10000

Epoch 73: val_loss did not improve from 0.04203
2/2 - 0s - loss: 0.0388 - mse: 0.0388 - mae: 0.1510 - val_loss: 0.0423 - val_mse: 0.0423 - val_mae: 0.1601 - 310ms/epoch - 155ms/step
Epoch 74/10000

Epoch 74: val_loss improved from 0.04203 to 0.04194, saving model to ./results/NN_thk_regr/ResNet/recursion_37/ckpt_1
2/2 - 1s - loss: 0.0387 - mse: 0.0387 - mae: 0.1542 - val_loss: 0.0419 - val_mse: 0.0419 - val_mae: 0.1568 - 1s/epoch - 566ms/step
Epoch 75/10000

Epoch 75: val_loss improved from 0.04194 to 0.04185, saving model to ./results/NN_thk_regr/ResNet/recursion_37/ckpt_1
2/2 - 1s - loss: 0.0386 - mse: 0.0386 - mae: 0.1513 - val_loss: 0.0418 - val_mse: 0.0418 - val_mae: 0.1576 - 1s/epoch - 595ms/step
Epoch 76/10000

Epoch 76: val_loss did not improve from 0.04185
2/2 - 0s - loss: 0.0384 - mse: 0.0384 - mae: 0.1527 - val_loss: 0.0419 - val_mse: 0.0419 - val_mae: 0.1582 - 298ms/epoch - 149ms/step
Epoch 77/10000

Epoch 77: val_loss did not improve from 0.04185
2/2 - 0s - loss: 0.0382 - mse: 0.0382 - mae: 0.1517 - val_loss: 0.0429 - val_mse: 0.0429 - val_mae: 0.1567 - 303ms/epoch - 152ms/step
Epoch 78/10000

Epoch 78: val_loss did not improve from 0.04185
2/2 - 0s - loss: 0.0389 - mse: 0.0389 - mae: 0.1510 - val_loss: 0.0420 - val_mse: 0.0420 - val_mae: 0.1591 - 307ms/epoch - 154ms/step
Epoch 79/10000

Epoch 79: val_loss improved from 0.04185 to 0.04177, saving model to ./results/NN_thk_regr/ResNet/recursion_37/ckpt_1
2/2 - 1s - loss: 0.0385 - mse: 0.0385 - mae: 0.1533 - val_loss: 0.0418 - val_mse: 0.0418 - val_mae: 0.1574 - 1s/epoch - 593ms/step
Epoch 80/10000

Epoch 80: val_loss improved from 0.04177 to 0.04175, saving model to ./results/NN_thk_regr/ResNet/recursion_37/ckpt_1
2/2 - 1s - loss: 0.0384 - mse: 0.0384 - mae: 0.1519 - val_loss: 0.0418 - val_mse: 0.0418 - val_mae: 0.1567 - 1s/epoch - 604ms/step
Epoch 81/10000

Epoch 81: val_loss improved from 0.04175 to 0.04171, saving model to ./results/NN_thk_regr/ResNet/recursion_37/ckpt_1
2/2 - 1s - loss: 0.0383 - mse: 0.0383 - mae: 0.1520 - val_loss: 0.0417 - val_mse: 0.0417 - val_mae: 0.1569 - 1s/epoch - 569ms/step
Epoch 82/10000

Epoch 82: val_loss improved from 0.04171 to 0.04170, saving model to ./results/NN_thk_regr/ResNet/recursion_37/ckpt_1
2/2 - 1s - loss: 0.0384 - mse: 0.0384 - mae: 0.1510 - val_loss: 0.0417 - val_mse: 0.0417 - val_mae: 0.1566 - 1s/epoch - 598ms/step
Epoch 83/10000

Epoch 83: val_loss improved from 0.04170 to 0.04169, saving model to ./results/NN_thk_regr/ResNet/recursion_37/ckpt_1
2/2 - 1s - loss: 0.0382 - mse: 0.0382 - mae: 0.1518 - val_loss: 0.0417 - val_mse: 0.0417 - val_mae: 0.1574 - 1s/epoch - 603ms/step
Epoch 84/10000

Epoch 84: val_loss did not improve from 0.04169
2/2 - 0s - loss: 0.0382 - mse: 0.0382 - mae: 0.1517 - val_loss: 0.0418 - val_mse: 0.0418 - val_mae: 0.1559 - 307ms/epoch - 153ms/step
Epoch 85/10000

Epoch 85: val_loss improved from 0.04169 to 0.04165, saving model to ./results/NN_thk_regr/ResNet/recursion_37/ckpt_1
2/2 - 1s - loss: 0.0383 - mse: 0.0383 - mae: 0.1514 - val_loss: 0.0416 - val_mse: 0.0416 - val_mae: 0.1573 - 1s/epoch - 566ms/step
Epoch 86/10000

Epoch 86: val_loss improved from 0.04165 to 0.04163, saving model to ./results/NN_thk_regr/ResNet/recursion_37/ckpt_1
2/2 - 1s - loss: 0.0382 - mse: 0.0382 - mae: 0.1516 - val_loss: 0.0416 - val_mse: 0.0416 - val_mae: 0.1562 - 1s/epoch - 596ms/step
Epoch 87/10000

Epoch 87: val_loss did not improve from 0.04163
2/2 - 0s - loss: 0.0381 - mse: 0.0381 - mae: 0.1509 - val_loss: 0.0417 - val_mse: 0.0417 - val_mae: 0.1578 - 309ms/epoch - 155ms/step
Epoch 88/10000

Epoch 88: val_loss improved from 0.04163 to 0.04160, saving model to ./results/NN_thk_regr/ResNet/recursion_37/ckpt_1
2/2 - 1s - loss: 0.0382 - mse: 0.0382 - mae: 0.1518 - val_loss: 0.0416 - val_mse: 0.0416 - val_mae: 0.1561 - 1s/epoch - 601ms/step
Epoch 89/10000

Epoch 89: val_loss improved from 0.04160 to 0.04154, saving model to ./results/NN_thk_regr/ResNet/recursion_37/ckpt_1
2/2 - 1s - loss: 0.0381 - mse: 0.0381 - mae: 0.1508 - val_loss: 0.0415 - val_mse: 0.0415 - val_mae: 0.1567 - 1s/epoch - 567ms/step
Epoch 90/10000

Epoch 90: val_loss did not improve from 0.04154
2/2 - 0s - loss: 0.0381 - mse: 0.0381 - mae: 0.1514 - val_loss: 0.0417 - val_mse: 0.0417 - val_mae: 0.1557 - 297ms/epoch - 148ms/step
Epoch 91/10000

Epoch 91: val_loss did not improve from 0.04154
2/2 - 0s - loss: 0.0381 - mse: 0.0381 - mae: 0.1502 - val_loss: 0.0415 - val_mse: 0.0415 - val_mae: 0.1572 - 306ms/epoch - 153ms/step
Epoch 92/10000

Epoch 92: val_loss improved from 0.04154 to 0.04152, saving model to ./results/NN_thk_regr/ResNet/recursion_37/ckpt_1
2/2 - 1s - loss: 0.0381 - mse: 0.0381 - mae: 0.1520 - val_loss: 0.0415 - val_mse: 0.0415 - val_mae: 0.1558 - 1s/epoch - 596ms/step
Epoch 93/10000

Epoch 93: val_loss did not improve from 0.04152
2/2 - 0s - loss: 0.0382 - mse: 0.0382 - mae: 0.1504 - val_loss: 0.0415 - val_mse: 0.0415 - val_mae: 0.1574 - 308ms/epoch - 154ms/step
Epoch 94/10000

Epoch 94: val_loss did not improve from 0.04152
2/2 - 0s - loss: 0.0382 - mse: 0.0382 - mae: 0.1528 - val_loss: 0.0416 - val_mse: 0.0416 - val_mae: 0.1555 - 300ms/epoch - 150ms/step
Epoch 95/10000

Epoch 95: val_loss improved from 0.04152 to 0.04143, saving model to ./results/NN_thk_regr/ResNet/recursion_37/ckpt_1
2/2 - 1s - loss: 0.0382 - mse: 0.0382 - mae: 0.1500 - val_loss: 0.0414 - val_mse: 0.0414 - val_mae: 0.1567 - 1s/epoch - 596ms/step
Epoch 96/10000

Epoch 96: val_loss did not improve from 0.04143
2/2 - 0s - loss: 0.0384 - mse: 0.0384 - mae: 0.1530 - val_loss: 0.0416 - val_mse: 0.0416 - val_mae: 0.1553 - 311ms/epoch - 155ms/step
Epoch 97/10000

Epoch 97: val_loss improved from 0.04143 to 0.04138, saving model to ./results/NN_thk_regr/ResNet/recursion_37/ckpt_1
2/2 - 1s - loss: 0.0382 - mse: 0.0382 - mae: 0.1498 - val_loss: 0.0414 - val_mse: 0.0414 - val_mae: 0.1561 - 1s/epoch - 601ms/step
Epoch 98/10000

Epoch 98: val_loss did not improve from 0.04138
2/2 - 0s - loss: 0.0383 - mse: 0.0383 - mae: 0.1526 - val_loss: 0.0414 - val_mse: 0.0414 - val_mae: 0.1555 - 304ms/epoch - 152ms/step
Epoch 99/10000

Epoch 99: val_loss improved from 0.04138 to 0.04136, saving model to ./results/NN_thk_regr/ResNet/recursion_37/ckpt_1
2/2 - 1s - loss: 0.0382 - mse: 0.0382 - mae: 0.1500 - val_loss: 0.0414 - val_mse: 0.0414 - val_mae: 0.1562 - 1s/epoch - 606ms/step
Epoch 100/10000

Epoch 100: val_loss did not improve from 0.04136
2/2 - 0s - loss: 0.0378 - mse: 0.0378 - mae: 0.1508 - val_loss: 0.0424 - val_mse: 0.0424 - val_mae: 0.1611 - 299ms/epoch - 150ms/step
Epoch 101/10000

Epoch 101: val_loss did not improve from 0.04136
2/2 - 0s - loss: 0.0386 - mse: 0.0386 - mae: 0.1542 - val_loss: 0.0425 - val_mse: 0.0425 - val_mae: 0.1555 - 306ms/epoch - 153ms/step
Epoch 102/10000

Epoch 102: val_loss did not improve from 0.04136
2/2 - 0s - loss: 0.0385 - mse: 0.0385 - mae: 0.1498 - val_loss: 0.0425 - val_mse: 0.0425 - val_mae: 0.1616 - 308ms/epoch - 154ms/step
Epoch 103/10000

Epoch 103: val_loss did not improve from 0.04136
2/2 - 0s - loss: 0.0389 - mse: 0.0389 - mae: 0.1546 - val_loss: 0.0417 - val_mse: 0.0417 - val_mae: 0.1550 - 301ms/epoch - 150ms/step
Epoch 104/10000

Epoch 104: val_loss improved from 0.04136 to 0.04127, saving model to ./results/NN_thk_regr/ResNet/recursion_37/ckpt_1
2/2 - 1s - loss: 0.0382 - mse: 0.0382 - mae: 0.1498 - val_loss: 0.0413 - val_mse: 0.0413 - val_mae: 0.1559 - 1s/epoch - 566ms/step
Epoch 105/10000

Epoch 105: val_loss improved from 0.04127 to 0.04125, saving model to ./results/NN_thk_regr/ResNet/recursion_37/ckpt_1
2/2 - 1s - loss: 0.0378 - mse: 0.0378 - mae: 0.1505 - val_loss: 0.0412 - val_mse: 0.0412 - val_mae: 0.1561 - 1s/epoch - 605ms/step
Epoch 106/10000

Epoch 106: val_loss did not improve from 0.04125
2/2 - 0s - loss: 0.0378 - mse: 0.0378 - mae: 0.1508 - val_loss: 0.0413 - val_mse: 0.0413 - val_mae: 0.1553 - 303ms/epoch - 151ms/step
Epoch 107/10000

Epoch 107: val_loss did not improve from 0.04125
2/2 - 0s - loss: 0.0380 - mse: 0.0380 - mae: 0.1508 - val_loss: 0.0414 - val_mse: 0.0414 - val_mae: 0.1549 - 296ms/epoch - 148ms/step
Epoch 108/10000

Epoch 108: val_loss did not improve from 0.04125
2/2 - 0s - loss: 0.0380 - mse: 0.0380 - mae: 0.1497 - val_loss: 0.0418 - val_mse: 0.0418 - val_mae: 0.1592 - 306ms/epoch - 153ms/step
Epoch 109/10000

Epoch 109: val_loss did not improve from 0.04125
2/2 - 0s - loss: 0.0383 - mse: 0.0383 - mae: 0.1537 - val_loss: 0.0414 - val_mse: 0.0414 - val_mae: 0.1548 - 309ms/epoch - 154ms/step
Epoch 110/10000

Epoch 110: val_loss did not improve from 0.04125
2/2 - 0s - loss: 0.0381 - mse: 0.0381 - mae: 0.1497 - val_loss: 0.0418 - val_mse: 0.0418 - val_mae: 0.1593 - 300ms/epoch - 150ms/step
Epoch 111/10000

Epoch 111: val_loss did not improve from 0.04125
2/2 - 0s - loss: 0.0384 - mse: 0.0384 - mae: 0.1538 - val_loss: 0.0417 - val_mse: 0.0417 - val_mae: 0.1547 - 306ms/epoch - 153ms/step
Epoch 112/10000

Epoch 112: val_loss improved from 0.04125 to 0.04116, saving model to ./results/NN_thk_regr/ResNet/recursion_37/ckpt_1
2/2 - 1s - loss: 0.0382 - mse: 0.0382 - mae: 0.1497 - val_loss: 0.0412 - val_mse: 0.0412 - val_mae: 0.1563 - 1s/epoch - 568ms/step
Epoch 113/10000

Epoch 113: val_loss did not improve from 0.04116
2/2 - 0s - loss: 0.0378 - mse: 0.0378 - mae: 0.1514 - val_loss: 0.0412 - val_mse: 0.0412 - val_mae: 0.1549 - 305ms/epoch - 152ms/step
Epoch 114/10000

Epoch 114: val_loss improved from 0.04116 to 0.04112, saving model to ./results/NN_thk_regr/ResNet/recursion_37/ckpt_1
2/2 - 1s - loss: 0.0378 - mse: 0.0378 - mae: 0.1496 - val_loss: 0.0411 - val_mse: 0.0411 - val_mae: 0.1562 - 1s/epoch - 601ms/step
Epoch 115/10000

Epoch 115: val_loss improved from 0.04112 to 0.04107, saving model to ./results/NN_thk_regr/ResNet/recursion_37/ckpt_1
2/2 - 1s - loss: 0.0378 - mse: 0.0378 - mae: 0.1510 - val_loss: 0.0411 - val_mse: 0.0411 - val_mae: 0.1557 - 1s/epoch - 601ms/step
Epoch 116/10000

Epoch 116: val_loss did not improve from 0.04107
2/2 - 0s - loss: 0.0377 - mse: 0.0377 - mae: 0.1507 - val_loss: 0.0417 - val_mse: 0.0417 - val_mae: 0.1545 - 308ms/epoch - 154ms/step
Epoch 117/10000

Epoch 117: val_loss did not improve from 0.04107
2/2 - 0s - loss: 0.0381 - mse: 0.0381 - mae: 0.1495 - val_loss: 0.0416 - val_mse: 0.0416 - val_mae: 0.1588 - 310ms/epoch - 155ms/step
Epoch 118/10000

Epoch 118: val_loss did not improve from 0.04107
2/2 - 0s - loss: 0.0385 - mse: 0.0385 - mae: 0.1529 - val_loss: 0.0411 - val_mse: 0.0411 - val_mae: 0.1562 - 308ms/epoch - 154ms/step
Epoch 119/10000

Epoch 119: val_loss improved from 0.04107 to 0.04102, saving model to ./results/NN_thk_regr/ResNet/recursion_37/ckpt_1
2/2 - 1s - loss: 0.0377 - mse: 0.0377 - mae: 0.1510 - val_loss: 0.0410 - val_mse: 0.0410 - val_mae: 0.1551 - 1s/epoch - 602ms/step
Epoch 120/10000

Epoch 120: val_loss did not improve from 0.04102
2/2 - 0s - loss: 0.0378 - mse: 0.0378 - mae: 0.1497 - val_loss: 0.0411 - val_mse: 0.0411 - val_mae: 0.1570 - 307ms/epoch - 154ms/step
Epoch 121/10000

Epoch 121: val_loss did not improve from 0.04102
2/2 - 0s - loss: 0.0378 - mse: 0.0378 - mae: 0.1516 - val_loss: 0.0411 - val_mse: 0.0411 - val_mae: 0.1545 - 302ms/epoch - 151ms/step
Epoch 122/10000

Epoch 122: val_loss did not improve from 0.04102
2/2 - 0s - loss: 0.0378 - mse: 0.0378 - mae: 0.1494 - val_loss: 0.0412 - val_mse: 0.0412 - val_mae: 0.1572 - 307ms/epoch - 154ms/step
Epoch 123/10000

Epoch 123: val_loss did not improve from 0.04102
2/2 - 0s - loss: 0.0379 - mse: 0.0379 - mae: 0.1521 - val_loss: 0.0418 - val_mse: 0.0418 - val_mae: 0.1544 - 307ms/epoch - 154ms/step
Epoch 124/10000

Epoch 124: val_loss did not improve from 0.04102
2/2 - 0s - loss: 0.0384 - mse: 0.0384 - mae: 0.1496 - val_loss: 0.0445 - val_mse: 0.0445 - val_mae: 0.1682 - 308ms/epoch - 154ms/step
Epoch 125/10000

Epoch 125: val_loss did not improve from 0.04102
2/2 - 0s - loss: 0.0402 - mse: 0.0402 - mae: 0.1591 - val_loss: 0.0441 - val_mse: 0.0441 - val_mae: 0.1576 - 304ms/epoch - 152ms/step
Epoch 126/10000

Epoch 126: val_loss did not improve from 0.04102
2/2 - 0s - loss: 0.0398 - mse: 0.0398 - mae: 0.1517 - val_loss: 0.0430 - val_mse: 0.0430 - val_mae: 0.1638 - 303ms/epoch - 151ms/step
Epoch 127/10000

Epoch 127: val_loss did not improve from 0.04102
2/2 - 0s - loss: 0.0392 - mse: 0.0392 - mae: 0.1570 - val_loss: 0.0438 - val_mse: 0.0438 - val_mae: 0.1570 - 305ms/epoch - 153ms/step
Epoch 128/10000

Epoch 128: val_loss improved from 0.04102 to 0.04097, saving model to ./results/NN_thk_regr/ResNet/recursion_37/ckpt_1
2/2 - 1s - loss: 0.0400 - mse: 0.0400 - mae: 0.1522 - val_loss: 0.0410 - val_mse: 0.0410 - val_mae: 0.1559 - 1s/epoch - 567ms/step
Epoch 129/10000

Epoch 129: val_loss improved from 0.04097 to 0.04096, saving model to ./results/NN_thk_regr/ResNet/recursion_37/ckpt_1
2/2 - 1s - loss: 0.0377 - mse: 0.0377 - mae: 0.1509 - val_loss: 0.0410 - val_mse: 0.0410 - val_mae: 0.1552 - 1s/epoch - 597ms/step
Epoch 130/10000

Epoch 130: val_loss did not improve from 0.04096
2/2 - 0s - loss: 0.0379 - mse: 0.0379 - mae: 0.1501 - val_loss: 0.0411 - val_mse: 0.0411 - val_mae: 0.1571 - 306ms/epoch - 153ms/step
Epoch 131/10000

Epoch 131: val_loss did not improve from 0.04096
2/2 - 0s - loss: 0.0378 - mse: 0.0378 - mae: 0.1520 - val_loss: 0.0410 - val_mse: 0.0410 - val_mae: 0.1548 - 306ms/epoch - 153ms/step
Epoch 132/10000

Epoch 132: val_loss improved from 0.04096 to 0.04089, saving model to ./results/NN_thk_regr/ResNet/recursion_37/ckpt_1
2/2 - 1s - loss: 0.0377 - mse: 0.0377 - mae: 0.1495 - val_loss: 0.0409 - val_mse: 0.0409 - val_mae: 0.1556 - 1s/epoch - 605ms/step
Epoch 133/10000

Epoch 133: val_loss improved from 0.04089 to 0.04088, saving model to ./results/NN_thk_regr/ResNet/recursion_37/ckpt_1
2/2 - 1s - loss: 0.0377 - mse: 0.0377 - mae: 0.1510 - val_loss: 0.0409 - val_mse: 0.0409 - val_mae: 0.1547 - 1s/epoch - 567ms/step
Epoch 134/10000

Epoch 134: val_loss improved from 0.04088 to 0.04086, saving model to ./results/NN_thk_regr/ResNet/recursion_37/ckpt_1
2/2 - 1s - loss: 0.0377 - mse: 0.0377 - mae: 0.1496 - val_loss: 0.0409 - val_mse: 0.0409 - val_mae: 0.1556 - 1s/epoch - 596ms/step
Epoch 135/10000

Epoch 135: val_loss improved from 0.04086 to 0.04083, saving model to ./results/NN_thk_regr/ResNet/recursion_37/ckpt_1
2/2 - 1s - loss: 0.0376 - mse: 0.0376 - mae: 0.1507 - val_loss: 0.0408 - val_mse: 0.0408 - val_mae: 0.1554 - 1s/epoch - 601ms/step
Epoch 136/10000

Epoch 136: val_loss did not improve from 0.04083
2/2 - 0s - loss: 0.0376 - mse: 0.0376 - mae: 0.1501 - val_loss: 0.0409 - val_mse: 0.0409 - val_mae: 0.1545 - 308ms/epoch - 154ms/step
Epoch 137/10000

Epoch 137: val_loss improved from 0.04083 to 0.04080, saving model to ./results/NN_thk_regr/ResNet/recursion_37/ckpt_1
2/2 - 1s - loss: 0.0376 - mse: 0.0376 - mae: 0.1499 - val_loss: 0.0408 - val_mse: 0.0408 - val_mae: 0.1549 - 1s/epoch - 567ms/step
Epoch 138/10000

Epoch 138: val_loss did not improve from 0.04080
2/2 - 0s - loss: 0.0376 - mse: 0.0376 - mae: 0.1503 - val_loss: 0.0418 - val_mse: 0.0418 - val_mae: 0.1542 - 299ms/epoch - 150ms/step
Epoch 139/10000

Epoch 139: val_loss did not improve from 0.04080
2/2 - 0s - loss: 0.0383 - mse: 0.0383 - mae: 0.1496 - val_loss: 0.0409 - val_mse: 0.0409 - val_mae: 0.1561 - 307ms/epoch - 153ms/step
Epoch 140/10000

Epoch 140: val_loss improved from 0.04080 to 0.04079, saving model to ./results/NN_thk_regr/ResNet/recursion_37/ckpt_1
2/2 - 1s - loss: 0.0376 - mse: 0.0376 - mae: 0.1505 - val_loss: 0.0408 - val_mse: 0.0408 - val_mae: 0.1545 - 1s/epoch - 596ms/step
Epoch 141/10000

Epoch 141: val_loss did not improve from 0.04079
2/2 - 0s - loss: 0.0376 - mse: 0.0376 - mae: 0.1502 - val_loss: 0.0409 - val_mse: 0.0409 - val_mae: 0.1540 - 305ms/epoch - 152ms/step
Epoch 142/10000

Epoch 142: val_loss improved from 0.04079 to 0.04073, saving model to ./results/NN_thk_regr/ResNet/recursion_37/ckpt_1
2/2 - 1s - loss: 0.0376 - mse: 0.0376 - mae: 0.1492 - val_loss: 0.0407 - val_mse: 0.0407 - val_mae: 0.1543 - 1s/epoch - 594ms/step
Epoch 143/10000

Epoch 143: val_loss did not improve from 0.04073
2/2 - 0s - loss: 0.0378 - mse: 0.0378 - mae: 0.1506 - val_loss: 0.0414 - val_mse: 0.0414 - val_mae: 0.1538 - 305ms/epoch - 152ms/step
Epoch 144/10000

Epoch 144: val_loss did not improve from 0.04073
2/2 - 0s - loss: 0.0382 - mse: 0.0382 - mae: 0.1491 - val_loss: 0.0437 - val_mse: 0.0437 - val_mae: 0.1662 - 307ms/epoch - 153ms/step
Epoch 145/10000

Epoch 145: val_loss did not improve from 0.04073
2/2 - 0s - loss: 0.0395 - mse: 0.0395 - mae: 0.1576 - val_loss: 0.0433 - val_mse: 0.0433 - val_mae: 0.1561 - 308ms/epoch - 154ms/step
Epoch 146/10000

Epoch 146: val_loss did not improve from 0.04073
2/2 - 0s - loss: 0.0391 - mse: 0.0391 - mae: 0.1503 - val_loss: 0.0437 - val_mse: 0.0437 - val_mae: 0.1663 - 302ms/epoch - 151ms/step
Epoch 147/10000

Epoch 147: val_loss did not improve from 0.04073
2/2 - 0s - loss: 0.0396 - mse: 0.0396 - mae: 0.1572 - val_loss: 0.0427 - val_mse: 0.0427 - val_mae: 0.1553 - 307ms/epoch - 153ms/step
Epoch 148/10000

Epoch 148: val_loss did not improve from 0.04073
2/2 - 0s - loss: 0.0387 - mse: 0.0387 - mae: 0.1498 - val_loss: 0.0423 - val_mse: 0.0423 - val_mae: 0.1621 - 306ms/epoch - 153ms/step
Epoch 149/10000

Epoch 149: val_loss did not improve from 0.04073
2/2 - 0s - loss: 0.0386 - mse: 0.0386 - mae: 0.1550 - val_loss: 0.0427 - val_mse: 0.0427 - val_mae: 0.1552 - 304ms/epoch - 152ms/step
Epoch 150/10000

Epoch 150: val_loss did not improve from 0.04073
2/2 - 0s - loss: 0.0388 - mse: 0.0388 - mae: 0.1500 - val_loss: 0.0415 - val_mse: 0.0415 - val_mae: 0.1593 - 306ms/epoch - 153ms/step
Epoch 151/10000

Epoch 151: val_loss did not improve from 0.04073
2/2 - 0s - loss: 0.0380 - mse: 0.0380 - mae: 0.1527 - val_loss: 0.0418 - val_mse: 0.0418 - val_mae: 0.1541 - 305ms/epoch - 153ms/step
Epoch 152/10000

Epoch 152: val_loss did not improve from 0.04073
2/2 - 0s - loss: 0.0382 - mse: 0.0382 - mae: 0.1493 - val_loss: 0.0414 - val_mse: 0.0414 - val_mae: 0.1590 - 304ms/epoch - 152ms/step
Epoch 153/10000

Epoch 153: val_loss did not improve from 0.04073
2/2 - 0s - loss: 0.0379 - mse: 0.0379 - mae: 0.1528 - val_loss: 0.0416 - val_mse: 0.0416 - val_mae: 0.1539 - 303ms/epoch - 152ms/step
Epoch 154/10000

Epoch 154: val_loss did not improve from 0.04073
2/2 - 0s - loss: 0.0380 - mse: 0.0380 - mae: 0.1489 - val_loss: 0.0414 - val_mse: 0.0414 - val_mae: 0.1590 - 308ms/epoch - 154ms/step
Epoch 155/10000

Epoch 155: val_loss did not improve from 0.04073
2/2 - 0s - loss: 0.0380 - mse: 0.0380 - mae: 0.1526 - val_loss: 0.0414 - val_mse: 0.0414 - val_mae: 0.1536 - 302ms/epoch - 151ms/step
Epoch 156/10000

Epoch 156: val_loss did not improve from 0.04073
2/2 - 0s - loss: 0.0379 - mse: 0.0379 - mae: 0.1490 - val_loss: 0.0413 - val_mse: 0.0413 - val_mae: 0.1588 - 306ms/epoch - 153ms/step
Epoch 157/10000

Epoch 157: val_loss did not improve from 0.04073
2/2 - 0s - loss: 0.0380 - mse: 0.0380 - mae: 0.1526 - val_loss: 0.0409 - val_mse: 0.0409 - val_mae: 0.1535 - 305ms/epoch - 153ms/step
Epoch 158/10000

Epoch 158: val_loss did not improve from 0.04073
2/2 - 0s - loss: 0.0376 - mse: 0.0376 - mae: 0.1487 - val_loss: 0.0418 - val_mse: 0.0418 - val_mae: 0.1607 - 307ms/epoch - 154ms/step
Epoch 159/10000

Epoch 159: val_loss improved from 0.04073 to 0.04062, saving model to ./results/NN_thk_regr/ResNet/recursion_37/ckpt_1
2/2 - 1s - loss: 0.0389 - mse: 0.0389 - mae: 0.1542 - val_loss: 0.0406 - val_mse: 0.0406 - val_mae: 0.1550 - 1s/epoch - 599ms/step
Epoch 160/10000

Epoch 160: val_loss did not improve from 0.04062
2/2 - 0s - loss: 0.0374 - mse: 0.0374 - mae: 0.1502 - val_loss: 0.0407 - val_mse: 0.0407 - val_mae: 0.1538 - 307ms/epoch - 153ms/step
Epoch 161/10000

Epoch 161: val_loss did not improve from 0.04062
2/2 - 0s - loss: 0.0375 - mse: 0.0375 - mae: 0.1487 - val_loss: 0.0407 - val_mse: 0.0407 - val_mae: 0.1560 - 305ms/epoch - 152ms/step
Epoch 162/10000

Epoch 162: val_loss did not improve from 0.04062
2/2 - 0s - loss: 0.0375 - mse: 0.0375 - mae: 0.1512 - val_loss: 0.0411 - val_mse: 0.0411 - val_mae: 0.1534 - 302ms/epoch - 151ms/step
Epoch 163/10000

Epoch 163: val_loss did not improve from 0.04062
2/2 - 0s - loss: 0.0377 - mse: 0.0377 - mae: 0.1487 - val_loss: 0.0411 - val_mse: 0.0411 - val_mae: 0.1580 - 296ms/epoch - 148ms/step
Epoch 164/10000

Epoch 164: val_loss improved from 0.04062 to 0.04057, saving model to ./results/NN_thk_regr/ResNet/recursion_37/ckpt_1
2/2 - 1s - loss: 0.0378 - mse: 0.0378 - mae: 0.1520 - val_loss: 0.0406 - val_mse: 0.0406 - val_mae: 0.1536 - 1s/epoch - 606ms/step
Epoch 165/10000

Epoch 165: val_loss improved from 0.04057 to 0.04053, saving model to ./results/NN_thk_regr/ResNet/recursion_37/ckpt_1
2/2 - 1s - loss: 0.0374 - mse: 0.0374 - mae: 0.1489 - val_loss: 0.0405 - val_mse: 0.0405 - val_mae: 0.1552 - 1s/epoch - 565ms/step
Epoch 166/10000

Epoch 166: val_loss improved from 0.04053 to 0.04047, saving model to ./results/NN_thk_regr/ResNet/recursion_37/ckpt_1
2/2 - 1s - loss: 0.0374 - mse: 0.0374 - mae: 0.1500 - val_loss: 0.0405 - val_mse: 0.0405 - val_mae: 0.1540 - 1s/epoch - 601ms/step
Epoch 167/10000

Epoch 167: val_loss improved from 0.04047 to 0.04045, saving model to ./results/NN_thk_regr/ResNet/recursion_37/ckpt_1
2/2 - 1s - loss: 0.0373 - mse: 0.0373 - mae: 0.1492 - val_loss: 0.0405 - val_mse: 0.0405 - val_mae: 0.1543 - 1s/epoch - 568ms/step
Epoch 168/10000

Epoch 168: val_loss did not improve from 0.04045
2/2 - 0s - loss: 0.0373 - mse: 0.0373 - mae: 0.1494 - val_loss: 0.0405 - val_mse: 0.0405 - val_mae: 0.1534 - 302ms/epoch - 151ms/step
Epoch 169/10000

Epoch 169: val_loss improved from 0.04045 to 0.04041, saving model to ./results/NN_thk_regr/ResNet/recursion_37/ckpt_1
2/2 - 1s - loss: 0.0373 - mse: 0.0373 - mae: 0.1489 - val_loss: 0.0404 - val_mse: 0.0404 - val_mae: 0.1545 - 1s/epoch - 594ms/step
Epoch 170/10000

Epoch 170: val_loss improved from 0.04041 to 0.04038, saving model to ./results/NN_thk_regr/ResNet/recursion_37/ckpt_1
2/2 - 1s - loss: 0.0373 - mse: 0.0373 - mae: 0.1493 - val_loss: 0.0404 - val_mse: 0.0404 - val_mae: 0.1541 - 1s/epoch - 597ms/step
Epoch 171/10000

Epoch 171: val_loss improved from 0.04038 to 0.04038, saving model to ./results/NN_thk_regr/ResNet/recursion_37/ckpt_1
2/2 - 1s - loss: 0.0372 - mse: 0.0372 - mae: 0.1494 - val_loss: 0.0404 - val_mse: 0.0404 - val_mae: 0.1538 - 1s/epoch - 601ms/step
Epoch 172/10000

Epoch 172: val_loss improved from 0.04038 to 0.04037, saving model to ./results/NN_thk_regr/ResNet/recursion_37/ckpt_1
2/2 - 1s - loss: 0.0372 - mse: 0.0372 - mae: 0.1489 - val_loss: 0.0404 - val_mse: 0.0404 - val_mae: 0.1543 - 1s/epoch - 571ms/step
Epoch 173/10000

Epoch 173: val_loss improved from 0.04037 to 0.04036, saving model to ./results/NN_thk_regr/ResNet/recursion_37/ckpt_1
2/2 - 1s - loss: 0.0372 - mse: 0.0372 - mae: 0.1493 - val_loss: 0.0404 - val_mse: 0.0404 - val_mae: 0.1544 - 1s/epoch - 598ms/step
Epoch 174/10000

Epoch 174: val_loss did not improve from 0.04036
2/2 - 0s - loss: 0.0372 - mse: 0.0372 - mae: 0.1496 - val_loss: 0.0406 - val_mse: 0.0406 - val_mae: 0.1528 - 307ms/epoch - 153ms/step
Epoch 175/10000

Epoch 175: val_loss did not improve from 0.04036
2/2 - 0s - loss: 0.0374 - mse: 0.0374 - mae: 0.1490 - val_loss: 0.0405 - val_mse: 0.0405 - val_mae: 0.1557 - 306ms/epoch - 153ms/step
Epoch 176/10000

Epoch 176: val_loss did not improve from 0.04036
2/2 - 0s - loss: 0.0377 - mse: 0.0377 - mae: 0.1508 - val_loss: 0.0404 - val_mse: 0.0404 - val_mae: 0.1554 - 308ms/epoch - 154ms/step
Epoch 177/10000

Epoch 177: val_loss did not improve from 0.04036
2/2 - 0s - loss: 0.0374 - mse: 0.0374 - mae: 0.1509 - val_loss: 0.0410 - val_mse: 0.0410 - val_mae: 0.1528 - 303ms/epoch - 151ms/step
Epoch 178/10000

Epoch 178: val_loss did not improve from 0.04036
2/2 - 0s - loss: 0.0377 - mse: 0.0377 - mae: 0.1482 - val_loss: 0.0408 - val_mse: 0.0408 - val_mae: 0.1573 - 308ms/epoch - 154ms/step
Epoch 179/10000

Epoch 179: val_loss did not improve from 0.04036
2/2 - 0s - loss: 0.0375 - mse: 0.0375 - mae: 0.1510 - val_loss: 0.0414 - val_mse: 0.0414 - val_mae: 0.1530 - 304ms/epoch - 152ms/step
Epoch 180/10000

Epoch 180: val_loss did not improve from 0.04036
2/2 - 0s - loss: 0.0377 - mse: 0.0377 - mae: 0.1487 - val_loss: 0.0419 - val_mse: 0.0419 - val_mae: 0.1614 - 302ms/epoch - 151ms/step
Epoch 181/10000

Epoch 181: val_loss did not improve from 0.04036
2/2 - 0s - loss: 0.0378 - mse: 0.0378 - mae: 0.1527 - val_loss: 0.0440 - val_mse: 0.0440 - val_mae: 0.1569 - 305ms/epoch - 152ms/step
Epoch 182/10000

Epoch 182: val_loss did not improve from 0.04036
2/2 - 0s - loss: 0.0400 - mse: 0.0400 - mae: 0.1535 - val_loss: 0.0417 - val_mse: 0.0417 - val_mae: 0.1607 - 306ms/epoch - 153ms/step
Epoch 183/10000

Epoch 183: val_loss did not improve from 0.04036
2/2 - 0s - loss: 0.0382 - mse: 0.0382 - mae: 0.1526 - val_loss: 0.0418 - val_mse: 0.0418 - val_mae: 0.1535 - 299ms/epoch - 150ms/step
Epoch 184/10000

Epoch 184: val_loss did not improve from 0.04036
2/2 - 0s - loss: 0.0390 - mse: 0.0390 - mae: 0.1533 - val_loss: 0.0405 - val_mse: 0.0405 - val_mae: 0.1556 - 310ms/epoch - 155ms/step
Epoch 185/10000

Epoch 185: val_loss improved from 0.04036 to 0.04032, saving model to ./results/NN_thk_regr/ResNet/recursion_37/ckpt_1
2/2 - 1s - loss: 0.0380 - mse: 0.0380 - mae: 0.1503 - val_loss: 0.0403 - val_mse: 0.0403 - val_mae: 0.1534 - 1s/epoch - 604ms/step
Epoch 186/10000

Epoch 186: val_loss did not improve from 0.04032
2/2 - 0s - loss: 0.0384 - mse: 0.0384 - mae: 0.1522 - val_loss: 0.0411 - val_mse: 0.0411 - val_mae: 0.1528 - 317ms/epoch - 158ms/step
Epoch 187/10000

Epoch 187: val_loss did not improve from 0.04032
2/2 - 0s - loss: 0.0383 - mse: 0.0383 - mae: 0.1488 - val_loss: 0.0416 - val_mse: 0.0416 - val_mae: 0.1603 - 309ms/epoch - 154ms/step
Epoch 188/10000

Epoch 188: val_loss did not improve from 0.04032
2/2 - 0s - loss: 0.0384 - mse: 0.0384 - mae: 0.1550 - val_loss: 0.0425 - val_mse: 0.0425 - val_mae: 0.1544 - 303ms/epoch - 152ms/step
Epoch 189/10000

Epoch 189: val_loss did not improve from 0.04032
2/2 - 0s - loss: 0.0389 - mse: 0.0389 - mae: 0.1496 - val_loss: 0.0409 - val_mse: 0.0409 - val_mae: 0.1578 - 306ms/epoch - 153ms/step
Epoch 190/10000

Epoch 190: val_loss did not improve from 0.04032
2/2 - 0s - loss: 0.0377 - mse: 0.0377 - mae: 0.1519 - val_loss: 0.0406 - val_mse: 0.0406 - val_mae: 0.1527 - 306ms/epoch - 153ms/step
Epoch 191/10000

Epoch 191: val_loss did not improve from 0.04032
2/2 - 0s - loss: 0.0374 - mse: 0.0374 - mae: 0.1481 - val_loss: 0.0408 - val_mse: 0.0408 - val_mae: 0.1575 - 302ms/epoch - 151ms/step
Epoch 192/10000

Epoch 192: val_loss did not improve from 0.04032
2/2 - 0s - loss: 0.0376 - mse: 0.0376 - mae: 0.1515 - val_loss: 0.0405 - val_mse: 0.0405 - val_mae: 0.1528 - 299ms/epoch - 150ms/step
Epoch 193/10000

Epoch 193: val_loss did not improve from 0.04032
2/2 - 0s - loss: 0.0372 - mse: 0.0372 - mae: 0.1485 - val_loss: 0.0404 - val_mse: 0.0404 - val_mae: 0.1556 - 306ms/epoch - 153ms/step
Epoch 194/10000

Epoch 194: val_loss did not improve from 0.04032
2/2 - 0s - loss: 0.0373 - mse: 0.0373 - mae: 0.1501 - val_loss: 0.0404 - val_mse: 0.0404 - val_mae: 0.1529 - 300ms/epoch - 150ms/step
Epoch 195/10000

Epoch 195: val_loss improved from 0.04032 to 0.04024, saving model to ./results/NN_thk_regr/ResNet/recursion_37/ckpt_1
2/2 - 1s - loss: 0.0373 - mse: 0.0373 - mae: 0.1489 - val_loss: 0.0402 - val_mse: 0.0402 - val_mae: 0.1540 - 1s/epoch - 567ms/step
Epoch 196/10000

Epoch 196: val_loss did not improve from 0.04024
2/2 - 0s - loss: 0.0371 - mse: 0.0371 - mae: 0.1489 - val_loss: 0.0404 - val_mse: 0.0404 - val_mae: 0.1527 - 309ms/epoch - 155ms/step
Epoch 197/10000

Epoch 197: val_loss did not improve from 0.04024
2/2 - 0s - loss: 0.0372 - mse: 0.0372 - mae: 0.1483 - val_loss: 0.0407 - val_mse: 0.0407 - val_mae: 0.1568 - 306ms/epoch - 153ms/step
Epoch 198/10000

Epoch 198: val_loss did not improve from 0.04024
2/2 - 0s - loss: 0.0379 - mse: 0.0379 - mae: 0.1510 - val_loss: 0.0403 - val_mse: 0.0403 - val_mae: 0.1549 - 304ms/epoch - 152ms/step
Epoch 199/10000

Epoch 199: val_loss did not improve from 0.04024
2/2 - 0s - loss: 0.0373 - mse: 0.0373 - mae: 0.1498 - val_loss: 0.0408 - val_mse: 0.0408 - val_mae: 0.1573 - 304ms/epoch - 152ms/step
Epoch 200/10000

Epoch 200: val_loss did not improve from 0.04024
2/2 - 0s - loss: 0.0375 - mse: 0.0375 - mae: 0.1508 - val_loss: 0.0407 - val_mse: 0.0407 - val_mae: 0.1525 - 303ms/epoch - 151ms/step
Epoch 201/10000

Epoch 201: val_loss did not improve from 0.04024
2/2 - 0s - loss: 0.0373 - mse: 0.0373 - mae: 0.1479 - val_loss: 0.0426 - val_mse: 0.0426 - val_mae: 0.1637 - 308ms/epoch - 154ms/step
Epoch 202/10000

Epoch 202: val_loss did not improve from 0.04024
2/2 - 0s - loss: 0.0388 - mse: 0.0388 - mae: 0.1545 - val_loss: 0.0418 - val_mse: 0.0418 - val_mae: 0.1533 - 299ms/epoch - 149ms/step
Epoch 203/10000

Epoch 203: val_loss did not improve from 0.04024
2/2 - 0s - loss: 0.0381 - mse: 0.0381 - mae: 0.1494 - val_loss: 0.0415 - val_mse: 0.0415 - val_mae: 0.1601 - 308ms/epoch - 154ms/step
Epoch 204/10000

Epoch 204: val_loss did not improve from 0.04024
2/2 - 0s - loss: 0.0383 - mse: 0.0383 - mae: 0.1534 - val_loss: 0.0408 - val_mse: 0.0408 - val_mae: 0.1523 - 303ms/epoch - 152ms/step
Epoch 205/10000

Epoch 205: val_loss did not improve from 0.04024
2/2 - 0s - loss: 0.0373 - mse: 0.0373 - mae: 0.1489 - val_loss: 0.0416 - val_mse: 0.0416 - val_mae: 0.1604 - 306ms/epoch - 153ms/step
Epoch 206/10000

Epoch 206: val_loss did not improve from 0.04024
2/2 - 0s - loss: 0.0379 - mse: 0.0379 - mae: 0.1521 - val_loss: 0.0418 - val_mse: 0.0418 - val_mae: 0.1532 - 302ms/epoch - 151ms/step
Epoch 207/10000

Epoch 207: val_loss did not improve from 0.04024
2/2 - 0s - loss: 0.0379 - mse: 0.0379 - mae: 0.1493 - val_loss: 0.0427 - val_mse: 0.0427 - val_mae: 0.1640 - 308ms/epoch - 154ms/step
Epoch 208/10000

Epoch 208: val_loss did not improve from 0.04024
2/2 - 0s - loss: 0.0387 - mse: 0.0387 - mae: 0.1539 - val_loss: 0.0428 - val_mse: 0.0428 - val_mae: 0.1546 - 304ms/epoch - 152ms/step
Epoch 209/10000

Epoch 209: val_loss did not improve from 0.04024
2/2 - 0s - loss: 0.0391 - mse: 0.0391 - mae: 0.1521 - val_loss: 0.0415 - val_mse: 0.0415 - val_mae: 0.1601 - 307ms/epoch - 153ms/step
Epoch 210/10000

Epoch 210: val_loss did not improve from 0.04024
2/2 - 0s - loss: 0.0388 - mse: 0.0388 - mae: 0.1536 - val_loss: 0.0405 - val_mse: 0.0405 - val_mae: 0.1523 - 306ms/epoch - 153ms/step
Epoch 211/10000

Epoch 211: val_loss did not improve from 0.04024
2/2 - 0s - loss: 0.0375 - mse: 0.0375 - mae: 0.1496 - val_loss: 0.0405 - val_mse: 0.0405 - val_mae: 0.1561 - 302ms/epoch - 151ms/step
Epoch 212/10000

Epoch 212: val_loss improved from 0.04024 to 0.04023, saving model to ./results/NN_thk_regr/ResNet/recursion_37/ckpt_1
2/2 - 1s - loss: 0.0377 - mse: 0.0377 - mae: 0.1499 - val_loss: 0.0402 - val_mse: 0.0402 - val_mae: 0.1525 - 1s/epoch - 596ms/step
Epoch 213/10000

Epoch 213: val_loss did not improve from 0.04023
2/2 - 0s - loss: 0.0370 - mse: 0.0370 - mae: 0.1485 - val_loss: 0.0411 - val_mse: 0.0411 - val_mae: 0.1588 - 312ms/epoch - 156ms/step
Epoch 214/10000

Epoch 214: val_loss did not improve from 0.04023
2/2 - 0s - loss: 0.0374 - mse: 0.0374 - mae: 0.1513 - val_loss: 0.0425 - val_mse: 0.0425 - val_mae: 0.1542 - 307ms/epoch - 154ms/step
Epoch 215/10000

Epoch 215: val_loss did not improve from 0.04023
2/2 - 0s - loss: 0.0387 - mse: 0.0387 - mae: 0.1510 - val_loss: 0.0416 - val_mse: 0.0416 - val_mae: 0.1605 - 303ms/epoch - 152ms/step
Epoch 216/10000

Epoch 216: val_loss did not improve from 0.04023
2/2 - 0s - loss: 0.0380 - mse: 0.0380 - mae: 0.1524 - val_loss: 0.0416 - val_mse: 0.0416 - val_mae: 0.1530 - 303ms/epoch - 152ms/step
Epoch 217/10000

Epoch 217: val_loss did not improve from 0.04023
2/2 - 0s - loss: 0.0382 - mse: 0.0382 - mae: 0.1496 - val_loss: 0.0410 - val_mse: 0.0410 - val_mae: 0.1583 - 309ms/epoch - 155ms/step
Epoch 218/10000

Epoch 218: val_loss did not improve from 0.04023
2/2 - 0s - loss: 0.0374 - mse: 0.0374 - mae: 0.1506 - val_loss: 0.0421 - val_mse: 0.0421 - val_mae: 0.1537 - 303ms/epoch - 152ms/step
Epoch 219/10000

Epoch 219: val_loss did not improve from 0.04023
2/2 - 0s - loss: 0.0387 - mse: 0.0387 - mae: 0.1507 - val_loss: 0.0408 - val_mse: 0.0408 - val_mae: 0.1576 - 302ms/epoch - 151ms/step
Epoch 220/10000

Epoch 220: val_loss did not improve from 0.04023
2/2 - 0s - loss: 0.0375 - mse: 0.0375 - mae: 0.1508 - val_loss: 0.0411 - val_mse: 0.0411 - val_mae: 0.1524 - 306ms/epoch - 153ms/step
Epoch 221/10000

Epoch 221: val_loss did not improve from 0.04023
2/2 - 0s - loss: 0.0375 - mse: 0.0375 - mae: 0.1481 - val_loss: 0.0416 - val_mse: 0.0416 - val_mae: 0.1606 - 309ms/epoch - 154ms/step
Epoch 222/10000

Epoch 222: val_loss did not improve from 0.04023
2/2 - 0s - loss: 0.0380 - mse: 0.0380 - mae: 0.1523 - val_loss: 0.0415 - val_mse: 0.0415 - val_mae: 0.1529 - 302ms/epoch - 151ms/step
Epoch 223/10000

Epoch 223: val_loss did not improve from 0.04023
2/2 - 0s - loss: 0.0380 - mse: 0.0380 - mae: 0.1494 - val_loss: 0.0410 - val_mse: 0.0410 - val_mae: 0.1585 - 308ms/epoch - 154ms/step
Epoch 224/10000

Epoch 224: val_loss did not improve from 0.04023
2/2 - 0s - loss: 0.0378 - mse: 0.0378 - mae: 0.1522 - val_loss: 0.0406 - val_mse: 0.0406 - val_mae: 0.1522 - 307ms/epoch - 153ms/step
Epoch 225/10000

Epoch 225: val_loss did not improve from 0.04023
2/2 - 0s - loss: 0.0373 - mse: 0.0373 - mae: 0.1482 - val_loss: 0.0410 - val_mse: 0.0410 - val_mae: 0.1583 - 304ms/epoch - 152ms/step
Epoch 226/10000

Epoch 226: val_loss did not improve from 0.04023
2/2 - 0s - loss: 0.0378 - mse: 0.0378 - mae: 0.1518 - val_loss: 0.0405 - val_mse: 0.0405 - val_mae: 0.1522 - 310ms/epoch - 155ms/step
Epoch 227/10000

Epoch 227: val_loss improved from 0.04023 to 0.04010, saving model to ./results/NN_thk_regr/ResNet/recursion_37/ckpt_1
2/2 - 1s - loss: 0.0375 - mse: 0.0375 - mae: 0.1489 - val_loss: 0.0401 - val_mse: 0.0401 - val_mae: 0.1541 - 1s/epoch - 603ms/step
Epoch 228/10000

Epoch 228: val_loss did not improve from 0.04010
2/2 - 0s - loss: 0.0370 - mse: 0.0370 - mae: 0.1487 - val_loss: 0.0403 - val_mse: 0.0403 - val_mae: 0.1521 - 304ms/epoch - 152ms/step
Epoch 229/10000

Epoch 229: val_loss improved from 0.04010 to 0.04003, saving model to ./results/NN_thk_regr/ResNet/recursion_37/ckpt_1
2/2 - 1s - loss: 0.0374 - mse: 0.0374 - mae: 0.1495 - val_loss: 0.0400 - val_mse: 0.0400 - val_mae: 0.1532 - 1s/epoch - 567ms/step
Epoch 230/10000

Epoch 230: val_loss did not improve from 0.04003
2/2 - 0s - loss: 0.0374 - mse: 0.0374 - mae: 0.1484 - val_loss: 0.0404 - val_mse: 0.0404 - val_mae: 0.1558 - 304ms/epoch - 152ms/step
Epoch 231/10000

Epoch 231: val_loss did not improve from 0.04003
2/2 - 0s - loss: 0.0373 - mse: 0.0373 - mae: 0.1509 - val_loss: 0.0402 - val_mse: 0.0402 - val_mae: 0.1522 - 310ms/epoch - 155ms/step
Epoch 232/10000

Epoch 232: val_loss did not improve from 0.04003
2/2 - 0s - loss: 0.0371 - mse: 0.0371 - mae: 0.1477 - val_loss: 0.0401 - val_mse: 0.0401 - val_mae: 0.1544 - 307ms/epoch - 154ms/step
Epoch 233/10000

Epoch 233: val_loss did not improve from 0.04003
2/2 - 0s - loss: 0.0371 - mse: 0.0371 - mae: 0.1498 - val_loss: 0.0404 - val_mse: 0.0404 - val_mae: 0.1520 - 305ms/epoch - 153ms/step
Epoch 234/10000

Epoch 234: val_loss did not improve from 0.04003
2/2 - 0s - loss: 0.0373 - mse: 0.0373 - mae: 0.1475 - val_loss: 0.0415 - val_mse: 0.0415 - val_mae: 0.1602 - 301ms/epoch - 150ms/step
Epoch 235/10000

Epoch 235: val_loss did not improve from 0.04003
2/2 - 0s - loss: 0.0379 - mse: 0.0379 - mae: 0.1530 - val_loss: 0.0419 - val_mse: 0.0419 - val_mae: 0.1532 - 303ms/epoch - 152ms/step
Epoch 236/10000

Epoch 236: val_loss did not improve from 0.04003
2/2 - 0s - loss: 0.0383 - mse: 0.0383 - mae: 0.1492 - val_loss: 0.0407 - val_mse: 0.0407 - val_mae: 0.1575 - 303ms/epoch - 152ms/step
Epoch 237/10000

Epoch 237: val_loss did not improve from 0.04003
2/2 - 0s - loss: 0.0374 - mse: 0.0374 - mae: 0.1514 - val_loss: 0.0411 - val_mse: 0.0411 - val_mae: 0.1522 - 305ms/epoch - 152ms/step
Epoch 238/10000

Epoch 238: val_loss did not improve from 0.04003
2/2 - 0s - loss: 0.0379 - mse: 0.0379 - mae: 0.1490 - val_loss: 0.0402 - val_mse: 0.0402 - val_mae: 0.1549 - 308ms/epoch - 154ms/step
Epoch 239/10000

Epoch 239: val_loss did not improve from 0.04003
2/2 - 0s - loss: 0.0370 - mse: 0.0370 - mae: 0.1492 - val_loss: 0.0407 - val_mse: 0.0407 - val_mae: 0.1519 - 303ms/epoch - 151ms/step
Epoch 240/10000

Epoch 240: val_loss did not improve from 0.04003
2/2 - 0s - loss: 0.0374 - mse: 0.0374 - mae: 0.1477 - val_loss: 0.0405 - val_mse: 0.0405 - val_mae: 0.1568 - 310ms/epoch - 155ms/step
Epoch 241/10000

Epoch 241: val_loss improved from 0.04003 to 0.03991, saving model to ./results/NN_thk_regr/ResNet/recursion_37/ckpt_1
2/2 - 1s - loss: 0.0378 - mse: 0.0378 - mae: 0.1514 - val_loss: 0.0399 - val_mse: 0.0399 - val_mae: 0.1528 - 1s/epoch - 594ms/step
Epoch 242/10000

Epoch 242: val_loss did not improve from 0.03991
2/2 - 0s - loss: 0.0373 - mse: 0.0373 - mae: 0.1501 - val_loss: 0.0402 - val_mse: 0.0402 - val_mae: 0.1518 - 303ms/epoch - 152ms/step
Epoch 243/10000

Epoch 243: val_loss did not improve from 0.03991
2/2 - 0s - loss: 0.0373 - mse: 0.0373 - mae: 0.1474 - val_loss: 0.0406 - val_mse: 0.0406 - val_mae: 0.1568 - 304ms/epoch - 152ms/step
Epoch 244/10000

Epoch 244: val_loss did not improve from 0.03991
2/2 - 0s - loss: 0.0374 - mse: 0.0374 - mae: 0.1514 - val_loss: 0.0404 - val_mse: 0.0404 - val_mae: 0.1517 - 305ms/epoch - 152ms/step
Epoch 245/10000

Epoch 245: val_loss did not improve from 0.03991
2/2 - 0s - loss: 0.0372 - mse: 0.0372 - mae: 0.1475 - val_loss: 0.0403 - val_mse: 0.0403 - val_mae: 0.1557 - 302ms/epoch - 151ms/step
Epoch 246/10000

Epoch 246: val_loss did not improve from 0.03991
2/2 - 0s - loss: 0.0372 - mse: 0.0372 - mae: 0.1507 - val_loss: 0.0417 - val_mse: 0.0417 - val_mae: 0.1528 - 306ms/epoch - 153ms/step
Epoch 247/10000

Epoch 247: val_loss did not improve from 0.03991
2/2 - 0s - loss: 0.0381 - mse: 0.0381 - mae: 0.1488 - val_loss: 0.0412 - val_mse: 0.0412 - val_mae: 0.1594 - 308ms/epoch - 154ms/step
Epoch 248/10000

Epoch 248: val_loss did not improve from 0.03991
2/2 - 0s - loss: 0.0380 - mse: 0.0380 - mae: 0.1526 - val_loss: 0.0402 - val_mse: 0.0402 - val_mae: 0.1517 - 302ms/epoch - 151ms/step
Epoch 249/10000

Epoch 249: val_loss did not improve from 0.03991
2/2 - 0s - loss: 0.0371 - mse: 0.0371 - mae: 0.1478 - val_loss: 0.0403 - val_mse: 0.0403 - val_mae: 0.1559 - 303ms/epoch - 151ms/step
Epoch 250/10000

Epoch 250: val_loss did not improve from 0.03991
2/2 - 0s - loss: 0.0371 - mse: 0.0371 - mae: 0.1496 - val_loss: 0.0406 - val_mse: 0.0406 - val_mae: 0.1518 - 311ms/epoch - 156ms/step
Epoch 251/10000

Epoch 251: val_loss improved from 0.03991 to 0.03987, saving model to ./results/NN_thk_regr/ResNet/recursion_37/ckpt_1
2/2 - 1s - loss: 0.0379 - mse: 0.0379 - mae: 0.1501 - val_loss: 0.0399 - val_mse: 0.0399 - val_mae: 0.1524 - 1s/epoch - 595ms/step
Epoch 252/10000

Epoch 252: val_loss improved from 0.03987 to 0.03987, saving model to ./results/NN_thk_regr/ResNet/recursion_37/ckpt_1
2/2 - 1s - loss: 0.0369 - mse: 0.0369 - mae: 0.1475 - val_loss: 0.0399 - val_mse: 0.0399 - val_mae: 0.1521 - 1s/epoch - 600ms/step
Epoch 253/10000

Epoch 253: val_loss improved from 0.03987 to 0.03984, saving model to ./results/NN_thk_regr/ResNet/recursion_37/ckpt_1
2/2 - 1s - loss: 0.0369 - mse: 0.0369 - mae: 0.1483 - val_loss: 0.0398 - val_mse: 0.0398 - val_mae: 0.1533 - 1s/epoch - 565ms/step
Epoch 254/10000

Epoch 254: val_loss did not improve from 0.03984
2/2 - 0s - loss: 0.0372 - mse: 0.0372 - mae: 0.1487 - val_loss: 0.0400 - val_mse: 0.0400 - val_mae: 0.1546 - 308ms/epoch - 154ms/step
Epoch 255/10000

Epoch 255: val_loss did not improve from 0.03984
2/2 - 0s - loss: 0.0371 - mse: 0.0371 - mae: 0.1503 - val_loss: 0.0404 - val_mse: 0.0404 - val_mae: 0.1515 - 309ms/epoch - 155ms/step
Epoch 256/10000

Epoch 256: val_loss did not improve from 0.03984
2/2 - 0s - loss: 0.0373 - mse: 0.0373 - mae: 0.1474 - val_loss: 0.0399 - val_mse: 0.0399 - val_mae: 0.1537 - 306ms/epoch - 153ms/step
Epoch 257/10000

Epoch 257: val_loss did not improve from 0.03984
2/2 - 0s - loss: 0.0369 - mse: 0.0369 - mae: 0.1486 - val_loss: 0.0399 - val_mse: 0.0399 - val_mae: 0.1517 - 303ms/epoch - 152ms/step
Epoch 258/10000

Epoch 258: val_loss did not improve from 0.03984
2/2 - 0s - loss: 0.0369 - mse: 0.0369 - mae: 0.1474 - val_loss: 0.0412 - val_mse: 0.0412 - val_mae: 0.1595 - 307ms/epoch - 154ms/step
Epoch 259/10000

Epoch 259: val_loss did not improve from 0.03984
2/2 - 0s - loss: 0.0378 - mse: 0.0378 - mae: 0.1520 - val_loss: 0.0406 - val_mse: 0.0406 - val_mae: 0.1516 - 303ms/epoch - 152ms/step
Epoch 260/10000

Epoch 260: val_loss did not improve from 0.03984
2/2 - 0s - loss: 0.0373 - mse: 0.0373 - mae: 0.1480 - val_loss: 0.0404 - val_mse: 0.0404 - val_mae: 0.1563 - 298ms/epoch - 149ms/step
Epoch 261/10000

Epoch 261: val_loss did not improve from 0.03984
2/2 - 0s - loss: 0.0370 - mse: 0.0370 - mae: 0.1502 - val_loss: 0.0409 - val_mse: 0.0409 - val_mae: 0.1518 - 300ms/epoch - 150ms/step
Epoch 262/10000

Epoch 262: val_loss did not improve from 0.03984
2/2 - 0s - loss: 0.0375 - mse: 0.0375 - mae: 0.1485 - val_loss: 0.0409 - val_mse: 0.0409 - val_mae: 0.1584 - 305ms/epoch - 152ms/step
Epoch 263/10000

Epoch 263: val_loss did not improve from 0.03984
2/2 - 0s - loss: 0.0381 - mse: 0.0381 - mae: 0.1521 - val_loss: 0.0399 - val_mse: 0.0399 - val_mae: 0.1516 - 308ms/epoch - 154ms/step
Epoch 264/10000

Epoch 264: val_loss did not improve from 0.03984
2/2 - 0s - loss: 0.0375 - mse: 0.0375 - mae: 0.1495 - val_loss: 0.0399 - val_mse: 0.0399 - val_mae: 0.1515 - 303ms/epoch - 151ms/step
Epoch 265/10000

Epoch 265: val_loss improved from 0.03984 to 0.03977, saving model to ./results/NN_thk_regr/ResNet/recursion_37/ckpt_1
2/2 - 1s - loss: 0.0370 - mse: 0.0370 - mae: 0.1470 - val_loss: 0.0398 - val_mse: 0.0398 - val_mae: 0.1529 - 1s/epoch - 594ms/step
Epoch 266/10000

Epoch 266: val_loss did not improve from 0.03977
2/2 - 0s - loss: 0.0375 - mse: 0.0375 - mae: 0.1511 - val_loss: 0.0418 - val_mse: 0.0418 - val_mae: 0.1527 - 306ms/epoch - 153ms/step
Epoch 267/10000

Epoch 267: val_loss did not improve from 0.03977
2/2 - 0s - loss: 0.0383 - mse: 0.0383 - mae: 0.1484 - val_loss: 0.0406 - val_mse: 0.0406 - val_mae: 0.1573 - 302ms/epoch - 151ms/step
Epoch 268/10000

Epoch 268: val_loss did not improve from 0.03977
2/2 - 0s - loss: 0.0373 - mse: 0.0373 - mae: 0.1513 - val_loss: 0.0406 - val_mse: 0.0406 - val_mae: 0.1515 - 306ms/epoch - 153ms/step
Epoch 269/10000

Epoch 269: val_loss did not improve from 0.03977
2/2 - 0s - loss: 0.0375 - mse: 0.0375 - mae: 0.1484 - val_loss: 0.0401 - val_mse: 0.0401 - val_mae: 0.1550 - 307ms/epoch - 154ms/step
Epoch 270/10000

Epoch 270: val_loss did not improve from 0.03977
2/2 - 0s - loss: 0.0375 - mse: 0.0375 - mae: 0.1503 - val_loss: 0.0398 - val_mse: 0.0398 - val_mae: 0.1536 - 302ms/epoch - 151ms/step
Epoch 271/10000

Epoch 271: val_loss did not improve from 0.03977
2/2 - 0s - loss: 0.0372 - mse: 0.0372 - mae: 0.1502 - val_loss: 0.0407 - val_mse: 0.0407 - val_mae: 0.1518 - 306ms/epoch - 153ms/step
Epoch 272/10000

Epoch 272: val_loss did not improve from 0.03977
2/2 - 0s - loss: 0.0375 - mse: 0.0375 - mae: 0.1477 - val_loss: 0.0399 - val_mse: 0.0399 - val_mae: 0.1542 - 310ms/epoch - 155ms/step
Epoch 273/10000

Epoch 273: val_loss did not improve from 0.03977
2/2 - 0s - loss: 0.0369 - mse: 0.0369 - mae: 0.1488 - val_loss: 0.0398 - val_mse: 0.0398 - val_mae: 0.1516 - 304ms/epoch - 152ms/step
Epoch 274/10000

Epoch 274: val_loss did not improve from 0.03977
2/2 - 0s - loss: 0.0370 - mse: 0.0370 - mae: 0.1483 - val_loss: 0.0398 - val_mse: 0.0398 - val_mae: 0.1514 - 304ms/epoch - 152ms/step
Epoch 275/10000

Epoch 275: val_loss improved from 0.03977 to 0.03977, saving model to ./results/NN_thk_regr/ResNet/recursion_37/ckpt_1
2/2 - 1s - loss: 0.0369 - mse: 0.0369 - mae: 0.1476 - val_loss: 0.0398 - val_mse: 0.0398 - val_mae: 0.1515 - 1s/epoch - 597ms/step
Epoch 276/10000

Epoch 276: val_loss did not improve from 0.03977
2/2 - 0s - loss: 0.0370 - mse: 0.0370 - mae: 0.1485 - val_loss: 0.0400 - val_mse: 0.0400 - val_mae: 0.1512 - 300ms/epoch - 150ms/step
Epoch 277/10000

Epoch 277: val_loss did not improve from 0.03977
2/2 - 0s - loss: 0.0375 - mse: 0.0375 - mae: 0.1492 - val_loss: 0.0406 - val_mse: 0.0406 - val_mae: 0.1514 - 300ms/epoch - 150ms/step
Epoch 278/10000

Epoch 278: val_loss did not improve from 0.03977
2/2 - 0s - loss: 0.0374 - mse: 0.0374 - mae: 0.1469 - val_loss: 0.0443 - val_mse: 0.0443 - val_mae: 0.1689 - 304ms/epoch - 152ms/step
Epoch 279/10000

Epoch 279: val_loss did not improve from 0.03977
2/2 - 0s - loss: 0.0404 - mse: 0.0404 - mae: 0.1576 - val_loss: 0.0410 - val_mse: 0.0410 - val_mae: 0.1519 - 310ms/epoch - 155ms/step
Epoch 280/10000

Epoch 280: val_loss did not improve from 0.03977
2/2 - 0s - loss: 0.0379 - mse: 0.0379 - mae: 0.1485 - val_loss: 0.0403 - val_mse: 0.0403 - val_mae: 0.1562 - 301ms/epoch - 151ms/step
Epoch 281/10000

Epoch 281: val_loss did not improve from 0.03977
2/2 - 0s - loss: 0.0375 - mse: 0.0375 - mae: 0.1502 - val_loss: 0.0399 - val_mse: 0.0399 - val_mae: 0.1516 - 305ms/epoch - 153ms/step
Epoch 282/10000

Epoch 282: val_loss improved from 0.03977 to 0.03971, saving model to ./results/NN_thk_regr/ResNet/recursion_37/ckpt_1
2/2 - 1s - loss: 0.0373 - mse: 0.0373 - mae: 0.1495 - val_loss: 0.0397 - val_mse: 0.0397 - val_mae: 0.1520 - 1s/epoch - 607ms/step
Epoch 283/10000

Epoch 283: val_loss improved from 0.03971 to 0.03967, saving model to ./results/NN_thk_regr/ResNet/recursion_37/ckpt_1
2/2 - 1s - loss: 0.0369 - mse: 0.0369 - mae: 0.1473 - val_loss: 0.0397 - val_mse: 0.0397 - val_mae: 0.1524 - 1s/epoch - 567ms/step
Epoch 284/10000

Epoch 284: val_loss did not improve from 0.03967
2/2 - 0s - loss: 0.0367 - mse: 0.0367 - mae: 0.1482 - val_loss: 0.0402 - val_mse: 0.0402 - val_mae: 0.1561 - 304ms/epoch - 152ms/step
Epoch 285/10000

Epoch 285: val_loss did not improve from 0.03967
2/2 - 0s - loss: 0.0370 - mse: 0.0370 - mae: 0.1497 - val_loss: 0.0406 - val_mse: 0.0406 - val_mae: 0.1515 - 304ms/epoch - 152ms/step
Epoch 286/10000

Epoch 286: val_loss did not improve from 0.03967
2/2 - 0s - loss: 0.0372 - mse: 0.0372 - mae: 0.1478 - val_loss: 0.0407 - val_mse: 0.0407 - val_mae: 0.1580 - 309ms/epoch - 155ms/step
Epoch 287/10000

Epoch 287: val_loss did not improve from 0.03967
2/2 - 0s - loss: 0.0377 - mse: 0.0377 - mae: 0.1511 - val_loss: 0.0399 - val_mse: 0.0399 - val_mae: 0.1513 - 301ms/epoch - 151ms/step
Epoch 288/10000

Epoch 288: val_loss did not improve from 0.03967
2/2 - 0s - loss: 0.0372 - mse: 0.0372 - mae: 0.1489 - val_loss: 0.0397 - val_mse: 0.0397 - val_mae: 0.1522 - 305ms/epoch - 152ms/step
Epoch 289/10000

Epoch 289: val_loss did not improve from 0.03967
2/2 - 0s - loss: 0.0373 - mse: 0.0373 - mae: 0.1482 - val_loss: 0.0403 - val_mse: 0.0403 - val_mae: 0.1560 - 309ms/epoch - 154ms/step
Epoch 290/10000

Epoch 290: val_loss did not improve from 0.03967
2/2 - 0s - loss: 0.0373 - mse: 0.0373 - mae: 0.1512 - val_loss: 0.0405 - val_mse: 0.0405 - val_mae: 0.1512 - 302ms/epoch - 151ms/step
Epoch 291/10000

Epoch 291: val_loss did not improve from 0.03967
2/2 - 0s - loss: 0.0373 - mse: 0.0373 - mae: 0.1472 - val_loss: 0.0402 - val_mse: 0.0402 - val_mae: 0.1559 - 305ms/epoch - 152ms/step
Epoch 292/10000

Epoch 292: val_loss did not improve from 0.03967
2/2 - 0s - loss: 0.0371 - mse: 0.0371 - mae: 0.1502 - val_loss: 0.0400 - val_mse: 0.0400 - val_mae: 0.1510 - 310ms/epoch - 155ms/step
Epoch 293/10000

Epoch 293: val_loss did not improve from 0.03967
2/2 - 0s - loss: 0.0369 - mse: 0.0369 - mae: 0.1474 - val_loss: 0.0400 - val_mse: 0.0400 - val_mae: 0.1550 - 302ms/epoch - 151ms/step
Epoch 294/10000

Epoch 294: val_loss did not improve from 0.03967
2/2 - 0s - loss: 0.0368 - mse: 0.0368 - mae: 0.1489 - val_loss: 0.0405 - val_mse: 0.0405 - val_mae: 0.1512 - 304ms/epoch - 152ms/step
Epoch 295/10000

Epoch 295: val_loss improved from 0.03967 to 0.03963, saving model to ./results/NN_thk_regr/ResNet/recursion_37/ckpt_1
2/2 - 1s - loss: 0.0378 - mse: 0.0378 - mae: 0.1496 - val_loss: 0.0396 - val_mse: 0.0396 - val_mae: 0.1517 - 1s/epoch - 601ms/step
Epoch 296/10000

Epoch 296: val_loss did not improve from 0.03963
2/2 - 0s - loss: 0.0370 - mse: 0.0370 - mae: 0.1473 - val_loss: 0.0400 - val_mse: 0.0400 - val_mae: 0.1549 - 315ms/epoch - 158ms/step
Epoch 297/10000

Epoch 297: val_loss did not improve from 0.03963
2/2 - 0s - loss: 0.0370 - mse: 0.0370 - mae: 0.1498 - val_loss: 0.0398 - val_mse: 0.0398 - val_mae: 0.1510 - 310ms/epoch - 155ms/step
Epoch 298/10000

Epoch 298: val_loss did not improve from 0.03963
2/2 - 0s - loss: 0.0368 - mse: 0.0368 - mae: 0.1468 - val_loss: 0.0397 - val_mse: 0.0397 - val_mae: 0.1532 - 305ms/epoch - 152ms/step
Epoch 299/10000

Epoch 299: val_loss improved from 0.03963 to 0.03962, saving model to ./results/NN_thk_regr/ResNet/recursion_37/ckpt_1
2/2 - 1s - loss: 0.0368 - mse: 0.0368 - mae: 0.1481 - val_loss: 0.0396 - val_mse: 0.0396 - val_mae: 0.1528 - 1s/epoch - 601ms/step
Epoch 300/10000

Epoch 300: val_loss improved from 0.03962 to 0.03959, saving model to ./results/NN_thk_regr/ResNet/recursion_37/ckpt_1
2/2 - 1s - loss: 0.0367 - mse: 0.0367 - mae: 0.1480 - val_loss: 0.0396 - val_mse: 0.0396 - val_mae: 0.1518 - 1s/epoch - 568ms/step
Epoch 301/10000

Epoch 301: val_loss did not improve from 0.03959
2/2 - 0s - loss: 0.0369 - mse: 0.0369 - mae: 0.1476 - val_loss: 0.0412 - val_mse: 0.0412 - val_mae: 0.1596 - 303ms/epoch - 152ms/step
Epoch 302/10000

Epoch 302: val_loss did not improve from 0.03959
2/2 - 0s - loss: 0.0377 - mse: 0.0377 - mae: 0.1521 - val_loss: 0.0402 - val_mse: 0.0402 - val_mae: 0.1511 - 311ms/epoch - 155ms/step
Epoch 303/10000

Epoch 303: val_loss did not improve from 0.03959
2/2 - 0s - loss: 0.0373 - mse: 0.0373 - mae: 0.1482 - val_loss: 0.0397 - val_mse: 0.0397 - val_mae: 0.1532 - 304ms/epoch - 152ms/step
Epoch 304/10000

Epoch 304: val_loss did not improve from 0.03959
2/2 - 0s - loss: 0.0366 - mse: 0.0366 - mae: 0.1477 - val_loss: 0.0402 - val_mse: 0.0402 - val_mae: 0.1509 - 302ms/epoch - 151ms/step
Epoch 305/10000

Epoch 305: val_loss did not improve from 0.03959
2/2 - 0s - loss: 0.0371 - mse: 0.0371 - mae: 0.1475 - val_loss: 0.0400 - val_mse: 0.0400 - val_mae: 0.1554 - 309ms/epoch - 155ms/step
Epoch 306/10000

Epoch 306: val_loss did not improve from 0.03959
2/2 - 0s - loss: 0.0368 - mse: 0.0368 - mae: 0.1490 - val_loss: 0.0404 - val_mse: 0.0404 - val_mae: 0.1510 - 302ms/epoch - 151ms/step
Epoch 307/10000

Epoch 307: val_loss improved from 0.03959 to 0.03954, saving model to ./results/NN_thk_regr/ResNet/recursion_37/ckpt_1
2/2 - 1s - loss: 0.0379 - mse: 0.0379 - mae: 0.1498 - val_loss: 0.0395 - val_mse: 0.0395 - val_mae: 0.1518 - 1s/epoch - 599ms/step
Epoch 308/10000

Epoch 308: val_loss did not improve from 0.03954
2/2 - 0s - loss: 0.0368 - mse: 0.0368 - mae: 0.1472 - val_loss: 0.0395 - val_mse: 0.0395 - val_mae: 0.1523 - 301ms/epoch - 151ms/step
Epoch 309/10000

Epoch 309: val_loss did not improve from 0.03954
2/2 - 0s - loss: 0.0367 - mse: 0.0367 - mae: 0.1488 - val_loss: 0.0396 - val_mse: 0.0396 - val_mae: 0.1511 - 304ms/epoch - 152ms/step
Epoch 310/10000

Epoch 310: val_loss did not improve from 0.03954
2/2 - 0s - loss: 0.0369 - mse: 0.0369 - mae: 0.1470 - val_loss: 0.0409 - val_mse: 0.0409 - val_mae: 0.1587 - 303ms/epoch - 152ms/step
Epoch 311/10000

Epoch 311: val_loss did not improve from 0.03954
2/2 - 0s - loss: 0.0375 - mse: 0.0375 - mae: 0.1521 - val_loss: 0.0431 - val_mse: 0.0431 - val_mae: 0.1547 - 304ms/epoch - 152ms/step
Epoch 312/10000

Epoch 312: val_loss did not improve from 0.03954
2/2 - 0s - loss: 0.0387 - mse: 0.0387 - mae: 0.1491 - val_loss: 0.0453 - val_mse: 0.0453 - val_mae: 0.1715 - 308ms/epoch - 154ms/step
Epoch 313/10000

Epoch 313: val_loss did not improve from 0.03954
2/2 - 0s - loss: 0.0395 - mse: 0.0395 - mae: 0.1579 - val_loss: 0.0480 - val_mse: 0.0480 - val_mae: 0.1636 - 306ms/epoch - 153ms/step
Epoch 314/10000

Epoch 314: val_loss did not improve from 0.03954
2/2 - 0s - loss: 0.0414 - mse: 0.0414 - mae: 0.1546 - val_loss: 0.0517 - val_mse: 0.0517 - val_mae: 0.1870 - 309ms/epoch - 155ms/step
Epoch 315/10000

Epoch 315: val_loss did not improve from 0.03954
2/2 - 0s - loss: 0.0468 - mse: 0.0468 - mae: 0.1721 - val_loss: 0.0445 - val_mse: 0.0445 - val_mae: 0.1580 - 308ms/epoch - 154ms/step
Epoch 316/10000

Epoch 316: val_loss did not improve from 0.03954
2/2 - 0s - loss: 0.0402 - mse: 0.0402 - mae: 0.1532 - val_loss: 0.0433 - val_mse: 0.0433 - val_mae: 0.1658 - 303ms/epoch - 152ms/step
Epoch 317/10000

Epoch 317: val_loss did not improve from 0.03954
2/2 - 0s - loss: 0.0391 - mse: 0.0391 - mae: 0.1552 - val_loss: 0.0434 - val_mse: 0.0434 - val_mae: 0.1562 - 307ms/epoch - 153ms/step
Epoch 318/10000

Epoch 318: val_loss did not improve from 0.03954
2/2 - 0s - loss: 0.0389 - mse: 0.0389 - mae: 0.1506 - val_loss: 0.0443 - val_mse: 0.0443 - val_mae: 0.1685 - 306ms/epoch - 153ms/step
Epoch 319/10000

Epoch 319: val_loss did not improve from 0.03954
2/2 - 0s - loss: 0.0396 - mse: 0.0396 - mae: 0.1579 - val_loss: 0.0445 - val_mse: 0.0445 - val_mae: 0.1578 - 304ms/epoch - 152ms/step
Epoch 320/10000

Epoch 320: val_loss did not improve from 0.03954
2/2 - 0s - loss: 0.0404 - mse: 0.0404 - mae: 0.1521 - val_loss: 0.0416 - val_mse: 0.0416 - val_mae: 0.1610 - 303ms/epoch - 151ms/step
Epoch 321/10000

Epoch 321: val_loss did not improve from 0.03954
2/2 - 0s - loss: 0.0384 - mse: 0.0384 - mae: 0.1549 - val_loss: 0.0406 - val_mse: 0.0406 - val_mae: 0.1523 - 306ms/epoch - 153ms/step
Epoch 322/10000

Epoch 322: val_loss did not improve from 0.03954
2/2 - 0s - loss: 0.0375 - mse: 0.0375 - mae: 0.1478 - val_loss: 0.0400 - val_mse: 0.0400 - val_mae: 0.1529 - 308ms/epoch - 154ms/step
Epoch 323/10000

Epoch 323: val_loss did not improve from 0.03954
2/2 - 0s - loss: 0.0370 - mse: 0.0370 - mae: 0.1493 - val_loss: 0.0400 - val_mse: 0.0400 - val_mae: 0.1534 - 306ms/epoch - 153ms/step
Epoch 324/10000

Epoch 324: val_loss did not improve from 0.03954
2/2 - 0s - loss: 0.0369 - mse: 0.0369 - mae: 0.1482 - val_loss: 0.0400 - val_mse: 0.0400 - val_mae: 0.1520 - 304ms/epoch - 152ms/step
Epoch 325/10000

Epoch 325: val_loss did not improve from 0.03954
2/2 - 0s - loss: 0.0369 - mse: 0.0369 - mae: 0.1480 - val_loss: 0.0400 - val_mse: 0.0400 - val_mae: 0.1542 - 304ms/epoch - 152ms/step
Epoch 326/10000

Epoch 326: val_loss did not improve from 0.03954
2/2 - 0s - loss: 0.0370 - mse: 0.0370 - mae: 0.1485 - val_loss: 0.0400 - val_mse: 0.0400 - val_mae: 0.1519 - 302ms/epoch - 151ms/step
Epoch 327/10000

Epoch 327: val_loss did not improve from 0.03954
2/2 - 0s - loss: 0.0368 - mse: 0.0368 - mae: 0.1476 - val_loss: 0.0404 - val_mse: 0.0404 - val_mae: 0.1564 - 305ms/epoch - 152ms/step
Epoch 328/10000

Epoch 328: val_loss did not improve from 0.03954
2/2 - 0s - loss: 0.0371 - mse: 0.0371 - mae: 0.1505 - val_loss: 0.0408 - val_mse: 0.0408 - val_mae: 0.1518 - 308ms/epoch - 154ms/step
Epoch 329/10000

Epoch 329: val_loss did not improve from 0.03954
2/2 - 0s - loss: 0.0377 - mse: 0.0377 - mae: 0.1481 - val_loss: 0.0398 - val_mse: 0.0398 - val_mae: 0.1529 - 305ms/epoch - 152ms/step
Epoch 330/10000

Epoch 330: val_loss did not improve from 0.03954
2/2 - 0s - loss: 0.0368 - mse: 0.0368 - mae: 0.1479 - val_loss: 0.0398 - val_mse: 0.0398 - val_mae: 0.1532 - 309ms/epoch - 155ms/step
Epoch 331/10000

Epoch 331: val_loss did not improve from 0.03954
2/2 - 0s - loss: 0.0368 - mse: 0.0368 - mae: 0.1483 - val_loss: 0.0397 - val_mse: 0.0397 - val_mae: 0.1529 - 304ms/epoch - 152ms/step
Epoch 332/10000

Epoch 332: val_loss did not improve from 0.03954
2/2 - 0s - loss: 0.0367 - mse: 0.0367 - mae: 0.1481 - val_loss: 0.0399 - val_mse: 0.0399 - val_mae: 0.1513 - 300ms/epoch - 150ms/step
Epoch 333/10000

Epoch 333: val_loss did not improve from 0.03954
2/2 - 0s - loss: 0.0369 - mse: 0.0369 - mae: 0.1471 - val_loss: 0.0397 - val_mse: 0.0397 - val_mae: 0.1529 - 296ms/epoch - 148ms/step
Epoch 334/10000

Epoch 334: val_loss did not improve from 0.03954
2/2 - 0s - loss: 0.0369 - mse: 0.0369 - mae: 0.1478 - val_loss: 0.0399 - val_mse: 0.0399 - val_mae: 0.1541 - 302ms/epoch - 151ms/step
Epoch 335/10000

Epoch 335: val_loss did not improve from 0.03954
2/2 - 0s - loss: 0.0369 - mse: 0.0369 - mae: 0.1494 - val_loss: 0.0403 - val_mse: 0.0403 - val_mae: 0.1512 - 305ms/epoch - 153ms/step
Epoch 336/10000

Epoch 336: val_loss did not improve from 0.03954
2/2 - 0s - loss: 0.0376 - mse: 0.0376 - mae: 0.1473 - val_loss: 0.0438 - val_mse: 0.0438 - val_mae: 0.1672 - 310ms/epoch - 155ms/step
Epoch 337/10000

Epoch 337: val_loss did not improve from 0.03954
2/2 - 0s - loss: 0.0395 - mse: 0.0395 - mae: 0.1573 - val_loss: 0.0445 - val_mse: 0.0445 - val_mae: 0.1573 - 306ms/epoch - 153ms/step
Epoch 338/10000

Epoch 338: val_loss did not improve from 0.03954
2/2 - 0s - loss: 0.0402 - mse: 0.0402 - mae: 0.1511 - val_loss: 0.0437 - val_mse: 0.0437 - val_mae: 0.1668 - 303ms/epoch - 151ms/step
Epoch 339/10000

Epoch 339: val_loss did not improve from 0.03954
2/2 - 0s - loss: 0.0397 - mse: 0.0397 - mae: 0.1578 - val_loss: 0.0412 - val_mse: 0.0412 - val_mae: 0.1521 - 305ms/epoch - 153ms/step
Epoch 340/10000

Epoch 340: val_loss did not improve from 0.03954
2/2 - 0s - loss: 0.0378 - mse: 0.0378 - mae: 0.1476 - val_loss: 0.0401 - val_mse: 0.0401 - val_mae: 0.1550 - 304ms/epoch - 152ms/step
Epoch 341/10000

Epoch 341: val_loss did not improve from 0.03954
2/2 - 0s - loss: 0.0370 - mse: 0.0370 - mae: 0.1494 - val_loss: 0.0397 - val_mse: 0.0397 - val_mae: 0.1516 - 302ms/epoch - 151ms/step
Epoch 342/10000

Epoch 342: val_loss did not improve from 0.03954
2/2 - 0s - loss: 0.0367 - mse: 0.0367 - mae: 0.1472 - val_loss: 0.0399 - val_mse: 0.0399 - val_mae: 0.1546 - 305ms/epoch - 153ms/step
Epoch 343/10000

Epoch 343: val_loss did not improve from 0.03954
2/2 - 0s - loss: 0.0370 - mse: 0.0370 - mae: 0.1492 - val_loss: 0.0396 - val_mse: 0.0396 - val_mae: 0.1526 - 309ms/epoch - 154ms/step
Epoch 344/10000

Epoch 344: val_loss did not improve from 0.03954
2/2 - 0s - loss: 0.0368 - mse: 0.0368 - mae: 0.1485 - val_loss: 0.0399 - val_mse: 0.0399 - val_mae: 0.1511 - 300ms/epoch - 150ms/step
Epoch 345/10000

Epoch 345: val_loss did not improve from 0.03954
2/2 - 0s - loss: 0.0369 - mse: 0.0369 - mae: 0.1469 - val_loss: 0.0404 - val_mse: 0.0404 - val_mae: 0.1569 - 302ms/epoch - 151ms/step
Epoch 346/10000

Epoch 346: val_loss did not improve from 0.03954
2/2 - 0s - loss: 0.0372 - mse: 0.0372 - mae: 0.1510 - val_loss: 0.0405 - val_mse: 0.0405 - val_mae: 0.1512 - 304ms/epoch - 152ms/step
Epoch 347/10000

Epoch 347: val_loss did not improve from 0.03954
2/2 - 0s - loss: 0.0374 - mse: 0.0374 - mae: 0.1478 - val_loss: 0.0398 - val_mse: 0.0398 - val_mae: 0.1536 - 305ms/epoch - 153ms/step
Epoch 348/10000

Epoch 348: val_loss did not improve from 0.03954
2/2 - 0s - loss: 0.0367 - mse: 0.0367 - mae: 0.1484 - val_loss: 0.0403 - val_mse: 0.0403 - val_mae: 0.1510 - 307ms/epoch - 153ms/step
Epoch 349/10000

Epoch 349: val_loss did not improve from 0.03954
2/2 - 0s - loss: 0.0371 - mse: 0.0371 - mae: 0.1469 - val_loss: 0.0401 - val_mse: 0.0401 - val_mae: 0.1555 - 308ms/epoch - 154ms/step
Epoch 350/10000

Epoch 350: val_loss did not improve from 0.03954
2/2 - 0s - loss: 0.0369 - mse: 0.0369 - mae: 0.1494 - val_loss: 0.0409 - val_mse: 0.0409 - val_mae: 0.1514 - 309ms/epoch - 154ms/step
Epoch 351/10000

Epoch 351: val_loss did not improve from 0.03954
2/2 - 0s - loss: 0.0376 - mse: 0.0376 - mae: 0.1477 - val_loss: 0.0400 - val_mse: 0.0400 - val_mae: 0.1554 - 309ms/epoch - 154ms/step
Epoch 352/10000

Epoch 352: val_loss did not improve from 0.03954
2/2 - 0s - loss: 0.0369 - mse: 0.0369 - mae: 0.1493 - val_loss: 0.0400 - val_mse: 0.0400 - val_mae: 0.1507 - 305ms/epoch - 152ms/step
Epoch 353/10000

Epoch 353: val_loss did not improve from 0.03954
2/2 - 0s - loss: 0.0368 - mse: 0.0368 - mae: 0.1470 - val_loss: 0.0406 - val_mse: 0.0406 - val_mae: 0.1576 - 303ms/epoch - 151ms/step
Epoch 354/10000

Epoch 354: val_loss did not improve from 0.03954
2/2 - 0s - loss: 0.0373 - mse: 0.0373 - mae: 0.1508 - val_loss: 0.0403 - val_mse: 0.0403 - val_mae: 0.1509 - 305ms/epoch - 153ms/step
Epoch 355/10000

Epoch 355: val_loss did not improve from 0.03954
2/2 - 0s - loss: 0.0374 - mse: 0.0374 - mae: 0.1480 - val_loss: 0.0396 - val_mse: 0.0396 - val_mae: 0.1530 - 305ms/epoch - 153ms/step
Epoch 356/10000

Epoch 356: val_loss did not improve from 0.03954
2/2 - 0s - loss: 0.0370 - mse: 0.0370 - mae: 0.1483 - val_loss: 0.0395 - val_mse: 0.0395 - val_mae: 0.1523 - 305ms/epoch - 152ms/step
Epoch 357/10000

Epoch 357: val_loss did not improve from 0.03954
2/2 - 0s - loss: 0.0366 - mse: 0.0366 - mae: 0.1480 - val_loss: 0.0396 - val_mse: 0.0396 - val_mae: 0.1527 - 306ms/epoch - 153ms/step
Epoch 357: early stopping
