[ 13.14519438  30.04553007  46.53366244  63.02179482  79.5099272
  95.99805957 112.48619195 128.97432432 145.4624567  161.95058908
 178.43872145 194.92685383 211.41498621 227.90311858 244.39125096
 260.87938334 277.36751571 293.85564809 310.34378047 326.83191284
 343.32004522 359.80817759 376.29630997 392.78444235 409.27257472
 425.7607071 ]
Before undersampling: [(0, 375), (1, 834), (2, 3661), (3, 4955), (4, 3156), (5, 2425), (6, 2195), (7, 1862), (8, 1648), (9, 1497), (10, 1418), (11, 1313), (12, 1182), (13, 1082), (14, 902), (15, 843), (16, 708), (17, 675), (18, 486), (19, 429), (20, 347), (21, 282), (22, 251), (23, 195), (24, 209)]
After undersampling: [(0, 129), (1, 487), (2, 2696), (3, 3177), (4, 2138), (5, 1711), (6, 1581), (7, 1354), (8, 1161), (9, 1045), (10, 982), (11, 920), (12, 842), (13, 764), (14, 648), (15, 615), (16, 477), (17, 473), (18, 332), (19, 305), (20, 229), (21, 182), (22, 164), (23, 195), (24, 174)]
            label  HH_0_0_x  HV_0_0_x  IA_0_0_x       FYI      DFYI       MYI     rms_0     thk_1     rms_1     thk_2     rms_2     thk_3     rms_3  ...    3         4    5         6         7         8         9        10   11        12   13        14        15                                                CNN
0       15.087388  0.239216  0.062745  0.098656  0.020962  0.946071  0.032967  5.013793  1.295486  5.037004  1.226269  5.012775  1.235889  5.020339  ...  0.0  1.022124  0.0  0.667337  0.536300  0.860541  0.319598  0.962423  0.0  0.741329  0.0  0.758822  0.471895  [[[[0.2039215686274509], [0.0986159829532399],...
1       28.685049  0.133333  0.043137  0.089238  0.964769  0.030525  0.004706  4.334803  1.067614  4.338137  1.046556  4.300846  1.067755  4.271736  ...  0.0  1.149008  0.0  0.702725  0.668602  0.910259  0.278316  1.087303  0.0  0.835529  0.0  0.812264  0.581107  [[[[0.1254901960784313], [0.0892796684713924],...
2       28.916102  0.188235  0.043137  0.084532  0.969426  0.027922  0.002652  4.362197  1.078984  4.408541  1.070158  4.372495  1.075341  4.313421  ...  0.0  1.102443  0.0  0.686047  0.656360  0.903117  0.348424  1.006333  0.0  0.806041  0.0  0.782548  0.571299  [[[[0.188235294117647], [0.0845741421568627], ...
3       16.139592  0.274510  0.039216  0.103350  0.905754  0.075031  0.019216  4.404403  1.111849  4.424589  1.122816  4.369663  1.142071  4.341382  ...  0.0  1.052670  0.0  0.663035  0.584029  0.871871  0.308894  0.988512  0.0  0.764769  0.0  0.762949  0.518357  [[[[0.2862745098039215], [0.1033101923325482],...
4       14.508147  0.200000  0.050980  0.114719  0.725646  0.225838  0.048515  4.556706  1.152209  4.557776  1.118233  4.505064  1.143848  4.512539  ...  0.0  0.972938  0.0  0.594604  0.529476  0.785848  0.298319  0.860967  0.0  0.716006  0.0  0.694635  0.490751  [[[[0.2196078431372549], [0.1146810195025275],...
...           ...       ...       ...       ...       ...       ...       ...       ...       ...       ...       ...       ...       ...       ...  ...  ...       ...  ...       ...       ...       ...       ...       ...  ...       ...  ...       ...       ...                                                ...
22776  410.150134  0.278431  0.105882  0.080638  0.271956  0.003331  0.724713  4.974597  1.193015  4.883787  1.184847  4.923381  1.187656  4.904520  ...  0.0  1.156851  0.0  0.728820  0.670855  0.950185  0.326065  1.093004  0.0  0.834129  0.0  0.829957  0.573284  [[[[0.3019607843137254], [0.0806800917083141],...
22777  424.042418  0.282353  0.066667  0.149433  0.555378  0.061723  0.382898  4.731061  1.220450  4.833013  1.211024  4.808225  1.225502  4.756752  ...  0.0  0.945098  0.0  0.528045  0.526673  0.715281  0.199913  0.853262  0.0  0.678457  0.0  0.622234  0.460721  [[[[0.2], [0.1494652841605392], [0.06666666666...
22778  409.478997  0.254902  0.109804  0.152152  0.151170  0.144892  0.703938  4.573126  1.227058  4.598210  1.233458  4.632991  1.266591  4.594760  ...  0.0  0.823388  0.0  0.462971  0.478230  0.644500  0.249410  0.696049  0.0  0.610202  0.0  0.546544  0.445169  [[[[0.4549019607843137], [0.1521837122300092],...
22779  417.027580  0.505882  0.090196  0.152162  0.185910  0.031902  0.782188  4.486675  1.202497  4.531466  1.252972  4.593008  1.239219  4.510143  ...  0.0  0.839703  0.0  0.468273  0.499118  0.650608  0.278814  0.681403  0.0  0.621146  0.0  0.548368  0.455899  [[[[0.4196078431372549], [0.15219440834195], [...
22780  417.866263  0.392157  0.125490  0.152184  0.189279  0.051355  0.759366  4.590506  1.242536  4.658542  1.255140  4.682031  1.275536  4.639037  ...  0.0  0.753041  0.0  0.432618  0.424933  0.606180  0.279904  0.615722  0.0  0.551801  0.0  0.504145  0.391604  [[[[0.3490196078431372], [0.1522158155254289],...

[22781 rows x 128 columns]
Size of dataset: (22781, 127)
*************************** Fold #: 1 ***************************
Model: "model"
__________________________________________________________________________________________________
 Layer (type)                   Output Shape         Param #     Connected to                     
==================================================================================================
 conv (InputLayer)              [(None, 7, 7, 3, 1)  0           []                               
                                ]                                                                 
                                                                                                  
 zero_padding3d (ZeroPadding3D)  (None, 8, 8, 4, 1)  0           ['conv[0][0]']                   
                                                                                                  
 conv3d (Conv3D)                (None, 8, 8, 4, 8)   224         ['zero_padding3d[0][0]']         
                                                                                                  
 max_pooling3d (MaxPooling3D)   (None, 4, 4, 2, 8)   0           ['conv3d[0][0]']                 
                                                                                                  
 conv3d_1 (Conv3D)              (None, 4, 4, 2, 4)   868         ['max_pooling3d[0][0]']          
                                                                                                  
 max_pooling3d_1 (MaxPooling3D)  (None, 2, 2, 1, 4)  0           ['conv3d_1[0][0]']               
                                                                                                  
 cat (InputLayer)               [(None, 126)]        0           []                               
                                                                                                  
 flatten (Flatten)              (None, 16)           0           ['max_pooling3d_1[0][0]']        
                                                                                                  
 concatenate (Concatenate)      (None, 142)          0           ['cat[0][0]',                    
                                                                  'flatten[0][0]']                
                                                                                                  
 dense (Dense)                  (None, 200)          28600       ['concatenate[0][0]']            
                                                                                                  
 dense_1 (Dense)                (None, 200)          40200       ['dense[0][0]']                  
                                                                                                  
 dense_2 (Dense)                (None, 200)          40200       ['dense_1[0][0]']                
                                                                                                  
 dense_3 (Dense)                (None, 200)          40200       ['dense_2[0][0]']                
                                                                                                  
 dense_4 (Dense)                (None, 200)          40200       ['dense_3[0][0]']                
                                                                                                  
 dense_5 (Dense)                (None, 1)            201         ['dense_4[0][0]']                
                                                                                                  
==================================================================================================
Total params: 190,693
Trainable params: 190,693
Non-trainable params: 0
__________________________________________________________________________________________________
Epoch 1/10000

Epoch 1: val_loss improved from inf to 1.14572, saving model to ./results/NN_rms_regr/ResNet/recursion_7/ckpt_1
12/12 - 3s - loss: 10.4706 - mse: 10.4706 - mae: 2.8625 - val_loss: 1.1457 - val_mse: 1.1457 - val_mae: 0.7227 - 3s/epoch - 280ms/step
Epoch 2/10000

Epoch 2: val_loss improved from 1.14572 to 0.85476, saving model to ./results/NN_rms_regr/ResNet/recursion_7/ckpt_1
12/12 - 3s - loss: 1.6557 - mse: 1.6557 - mae: 0.9959 - val_loss: 0.8548 - val_mse: 0.8548 - val_mae: 0.5872 - 3s/epoch - 238ms/step
Epoch 3/10000

Epoch 3: val_loss improved from 0.85476 to 0.67874, saving model to ./results/NN_rms_regr/ResNet/recursion_7/ckpt_1
12/12 - 3s - loss: 0.9308 - mse: 0.9308 - mae: 0.6439 - val_loss: 0.6787 - val_mse: 0.6787 - val_mae: 0.5478 - 3s/epoch - 233ms/step
Epoch 4/10000

Epoch 4: val_loss improved from 0.67874 to 0.34741, saving model to ./results/NN_rms_regr/ResNet/recursion_7/ckpt_1
12/12 - 3s - loss: 0.5687 - mse: 0.5687 - mae: 0.5254 - val_loss: 0.3474 - val_mse: 0.3474 - val_mae: 0.4729 - 3s/epoch - 233ms/step
Epoch 5/10000

Epoch 5: val_loss improved from 0.34741 to 0.29664, saving model to ./results/NN_rms_regr/ResNet/recursion_7/ckpt_1
12/12 - 3s - loss: 0.3032 - mse: 0.3032 - mae: 0.4471 - val_loss: 0.2966 - val_mse: 0.2966 - val_mae: 0.4464 - 3s/epoch - 240ms/step
Epoch 6/10000

Epoch 6: val_loss did not improve from 0.29664
12/12 - 2s - loss: 0.2855 - mse: 0.2855 - mae: 0.4356 - val_loss: 0.3021 - val_mse: 0.3021 - val_mae: 0.4502 - 2s/epoch - 171ms/step
Epoch 7/10000

Epoch 7: val_loss improved from 0.29664 to 0.28720, saving model to ./results/NN_rms_regr/ResNet/recursion_7/ckpt_1
12/12 - 3s - loss: 0.2805 - mse: 0.2805 - mae: 0.4339 - val_loss: 0.2872 - val_mse: 0.2872 - val_mae: 0.4396 - 3s/epoch - 237ms/step
Epoch 8/10000

Epoch 8: val_loss improved from 0.28720 to 0.28393, saving model to ./results/NN_rms_regr/ResNet/recursion_7/ckpt_1
12/12 - 3s - loss: 0.2759 - mse: 0.2759 - mae: 0.4297 - val_loss: 0.2839 - val_mse: 0.2839 - val_mae: 0.4366 - 3s/epoch - 245ms/step
Epoch 9/10000

Epoch 9: val_loss did not improve from 0.28393
12/12 - 2s - loss: 0.2737 - mse: 0.2737 - mae: 0.4277 - val_loss: 0.2923 - val_mse: 0.2923 - val_mae: 0.4406 - 2s/epoch - 175ms/step
Epoch 10/10000

Epoch 10: val_loss did not improve from 0.28393
12/12 - 2s - loss: 0.2779 - mse: 0.2779 - mae: 0.4301 - val_loss: 0.2937 - val_mse: 0.2937 - val_mae: 0.4404 - 2s/epoch - 172ms/step
Epoch 11/10000

Epoch 11: val_loss did not improve from 0.28393
12/12 - 2s - loss: 0.2759 - mse: 0.2759 - mae: 0.4291 - val_loss: 0.2894 - val_mse: 0.2894 - val_mae: 0.4413 - 2s/epoch - 170ms/step
Epoch 12/10000

Epoch 12: val_loss improved from 0.28393 to 0.28269, saving model to ./results/NN_rms_regr/ResNet/recursion_7/ckpt_1
12/12 - 3s - loss: 0.2761 - mse: 0.2761 - mae: 0.4280 - val_loss: 0.2827 - val_mse: 0.2827 - val_mae: 0.4357 - 3s/epoch - 250ms/step
Epoch 13/10000

Epoch 13: val_loss improved from 0.28269 to 0.28113, saving model to ./results/NN_rms_regr/ResNet/recursion_7/ckpt_1
12/12 - 3s - loss: 0.2726 - mse: 0.2726 - mae: 0.4259 - val_loss: 0.2811 - val_mse: 0.2811 - val_mae: 0.4339 - 3s/epoch - 240ms/step
Epoch 14/10000

Epoch 14: val_loss did not improve from 0.28113
12/12 - 2s - loss: 0.2729 - mse: 0.2729 - mae: 0.4256 - val_loss: 0.2850 - val_mse: 0.2850 - val_mae: 0.4376 - 2s/epoch - 178ms/step
Epoch 15/10000

Epoch 15: val_loss improved from 0.28113 to 0.28086, saving model to ./results/NN_rms_regr/ResNet/recursion_7/ckpt_1
12/12 - 3s - loss: 0.2764 - mse: 0.2764 - mae: 0.4278 - val_loss: 0.2809 - val_mse: 0.2809 - val_mae: 0.4335 - 3s/epoch - 251ms/step
Epoch 16/10000

Epoch 16: val_loss improved from 0.28086 to 0.28041, saving model to ./results/NN_rms_regr/ResNet/recursion_7/ckpt_1
12/12 - 3s - loss: 0.2733 - mse: 0.2733 - mae: 0.4255 - val_loss: 0.2804 - val_mse: 0.2804 - val_mae: 0.4331 - 3s/epoch - 248ms/step
Epoch 17/10000

Epoch 17: val_loss did not improve from 0.28041
12/12 - 2s - loss: 0.2705 - mse: 0.2705 - mae: 0.4236 - val_loss: 0.2856 - val_mse: 0.2856 - val_mae: 0.4348 - 2s/epoch - 171ms/step
Epoch 18/10000

Epoch 18: val_loss did not improve from 0.28041
12/12 - 2s - loss: 0.2724 - mse: 0.2724 - mae: 0.4251 - val_loss: 0.2856 - val_mse: 0.2856 - val_mae: 0.4345 - 2s/epoch - 171ms/step
Epoch 19/10000

Epoch 19: val_loss improved from 0.28041 to 0.27998, saving model to ./results/NN_rms_regr/ResNet/recursion_7/ckpt_1
12/12 - 3s - loss: 0.2713 - mse: 0.2713 - mae: 0.4237 - val_loss: 0.2800 - val_mse: 0.2800 - val_mae: 0.4320 - 3s/epoch - 246ms/step
Epoch 20/10000

Epoch 20: val_loss improved from 0.27998 to 0.27929, saving model to ./results/NN_rms_regr/ResNet/recursion_7/ckpt_1
12/12 - 3s - loss: 0.2711 - mse: 0.2711 - mae: 0.4239 - val_loss: 0.2793 - val_mse: 0.2793 - val_mae: 0.4314 - 3s/epoch - 240ms/step
Epoch 21/10000

Epoch 21: val_loss did not improve from 0.27929
12/12 - 2s - loss: 0.2709 - mse: 0.2709 - mae: 0.4237 - val_loss: 0.2855 - val_mse: 0.2855 - val_mae: 0.4346 - 2s/epoch - 170ms/step
Epoch 22/10000

Epoch 22: val_loss improved from 0.27929 to 0.27926, saving model to ./results/NN_rms_regr/ResNet/recursion_7/ckpt_1
12/12 - 3s - loss: 0.2731 - mse: 0.2731 - mae: 0.4254 - val_loss: 0.2793 - val_mse: 0.2793 - val_mae: 0.4318 - 3s/epoch - 245ms/step
Epoch 23/10000

Epoch 23: val_loss improved from 0.27926 to 0.27908, saving model to ./results/NN_rms_regr/ResNet/recursion_7/ckpt_1
12/12 - 3s - loss: 0.2700 - mse: 0.2700 - mae: 0.4232 - val_loss: 0.2791 - val_mse: 0.2791 - val_mae: 0.4310 - 3s/epoch - 246ms/step
Epoch 24/10000

Epoch 24: val_loss did not improve from 0.27908
12/12 - 2s - loss: 0.2707 - mse: 0.2707 - mae: 0.4233 - val_loss: 0.2890 - val_mse: 0.2890 - val_mae: 0.4399 - 2s/epoch - 172ms/step
Epoch 25/10000

Epoch 25: val_loss did not improve from 0.27908
12/12 - 2s - loss: 0.2757 - mse: 0.2757 - mae: 0.4267 - val_loss: 0.2884 - val_mse: 0.2884 - val_mae: 0.4393 - 2s/epoch - 171ms/step
Epoch 26/10000

Epoch 26: val_loss improved from 0.27908 to 0.27867, saving model to ./results/NN_rms_regr/ResNet/recursion_7/ckpt_1
12/12 - 3s - loss: 0.2719 - mse: 0.2719 - mae: 0.4236 - val_loss: 0.2787 - val_mse: 0.2787 - val_mae: 0.4310 - 3s/epoch - 240ms/step
Epoch 27/10000

Epoch 27: val_loss did not improve from 0.27867
12/12 - 2s - loss: 0.2697 - mse: 0.2697 - mae: 0.4226 - val_loss: 0.2823 - val_mse: 0.2823 - val_mae: 0.4322 - 2s/epoch - 172ms/step
Epoch 28/10000

Epoch 28: val_loss did not improve from 0.27867
12/12 - 2s - loss: 0.2712 - mse: 0.2712 - mae: 0.4232 - val_loss: 0.2797 - val_mse: 0.2797 - val_mae: 0.4320 - 2s/epoch - 172ms/step
Epoch 29/10000

Epoch 29: val_loss did not improve from 0.27867
12/12 - 2s - loss: 0.2703 - mse: 0.2703 - mae: 0.4227 - val_loss: 0.2787 - val_mse: 0.2787 - val_mae: 0.4306 - 2s/epoch - 178ms/step
Epoch 30/10000

Epoch 30: val_loss improved from 0.27867 to 0.27818, saving model to ./results/NN_rms_regr/ResNet/recursion_7/ckpt_1
12/12 - 3s - loss: 0.2697 - mse: 0.2697 - mae: 0.4224 - val_loss: 0.2782 - val_mse: 0.2782 - val_mae: 0.4304 - 3s/epoch - 251ms/step
Epoch 31/10000

Epoch 31: val_loss did not improve from 0.27818
12/12 - 2s - loss: 0.2691 - mse: 0.2691 - mae: 0.4216 - val_loss: 0.2913 - val_mse: 0.2913 - val_mae: 0.4412 - 2s/epoch - 172ms/step
Epoch 32/10000

Epoch 32: val_loss did not improve from 0.27818
12/12 - 2s - loss: 0.2771 - mse: 0.2771 - mae: 0.4274 - val_loss: 0.2931 - val_mse: 0.2931 - val_mae: 0.4424 - 2s/epoch - 169ms/step
Epoch 33/10000

Epoch 33: val_loss did not improve from 0.27818
12/12 - 2s - loss: 0.2732 - mse: 0.2732 - mae: 0.4242 - val_loss: 0.2858 - val_mse: 0.2858 - val_mae: 0.4338 - 2s/epoch - 170ms/step
Epoch 34/10000

Epoch 34: val_loss did not improve from 0.27818
12/12 - 2s - loss: 0.2744 - mse: 0.2744 - mae: 0.4255 - val_loss: 0.2823 - val_mse: 0.2823 - val_mae: 0.4319 - 2s/epoch - 171ms/step
Epoch 35/10000

Epoch 35: val_loss did not improve from 0.27818
12/12 - 2s - loss: 0.2719 - mse: 0.2719 - mae: 0.4230 - val_loss: 0.2810 - val_mse: 0.2810 - val_mae: 0.4332 - 2s/epoch - 170ms/step
Epoch 36/10000

Epoch 36: val_loss improved from 0.27818 to 0.27797, saving model to ./results/NN_rms_regr/ResNet/recursion_7/ckpt_1
12/12 - 3s - loss: 0.2697 - mse: 0.2697 - mae: 0.4221 - val_loss: 0.2780 - val_mse: 0.2780 - val_mae: 0.4297 - 3s/epoch - 248ms/step
Epoch 37/10000

Epoch 37: val_loss did not improve from 0.27797
12/12 - 2s - loss: 0.2696 - mse: 0.2696 - mae: 0.4220 - val_loss: 0.2813 - val_mse: 0.2813 - val_mae: 0.4332 - 2s/epoch - 170ms/step
Epoch 38/10000

Epoch 38: val_loss improved from 0.27797 to 0.27788, saving model to ./results/NN_rms_regr/ResNet/recursion_7/ckpt_1
12/12 - 3s - loss: 0.2761 - mse: 0.2761 - mae: 0.4274 - val_loss: 0.2779 - val_mse: 0.2779 - val_mae: 0.4301 - 3s/epoch - 239ms/step
Epoch 39/10000

Epoch 39: val_loss improved from 0.27788 to 0.27770, saving model to ./results/NN_rms_regr/ResNet/recursion_7/ckpt_1
12/12 - 3s - loss: 0.2695 - mse: 0.2695 - mae: 0.4217 - val_loss: 0.2777 - val_mse: 0.2777 - val_mae: 0.4298 - 3s/epoch - 244ms/step
Epoch 40/10000

Epoch 40: val_loss did not improve from 0.27770
12/12 - 2s - loss: 0.2688 - mse: 0.2688 - mae: 0.4212 - val_loss: 0.2791 - val_mse: 0.2791 - val_mae: 0.4314 - 2s/epoch - 171ms/step
Epoch 41/10000

Epoch 41: val_loss did not improve from 0.27770
12/12 - 2s - loss: 0.2720 - mse: 0.2720 - mae: 0.4234 - val_loss: 0.2806 - val_mse: 0.2806 - val_mae: 0.4308 - 2s/epoch - 171ms/step
Epoch 42/10000

Epoch 42: val_loss did not improve from 0.27770
12/12 - 2s - loss: 0.2692 - mse: 0.2692 - mae: 0.4215 - val_loss: 0.2782 - val_mse: 0.2782 - val_mae: 0.4303 - 2s/epoch - 171ms/step
Epoch 43/10000

Epoch 43: val_loss did not improve from 0.27770
12/12 - 2s - loss: 0.2696 - mse: 0.2696 - mae: 0.4216 - val_loss: 0.2815 - val_mse: 0.2815 - val_mae: 0.4331 - 2s/epoch - 170ms/step
Epoch 44/10000

Epoch 44: val_loss did not improve from 0.27770
12/12 - 2s - loss: 0.2706 - mse: 0.2706 - mae: 0.4222 - val_loss: 0.2936 - val_mse: 0.2936 - val_mae: 0.4428 - 2s/epoch - 170ms/step
Epoch 45/10000

Epoch 45: val_loss did not improve from 0.27770
12/12 - 2s - loss: 0.2725 - mse: 0.2725 - mae: 0.4238 - val_loss: 0.2778 - val_mse: 0.2778 - val_mae: 0.4292 - 2s/epoch - 170ms/step
Epoch 46/10000

Epoch 46: val_loss did not improve from 0.27770
12/12 - 2s - loss: 0.2694 - mse: 0.2694 - mae: 0.4217 - val_loss: 0.2782 - val_mse: 0.2782 - val_mae: 0.4293 - 2s/epoch - 170ms/step
Epoch 47/10000

Epoch 47: val_loss did not improve from 0.27770
12/12 - 2s - loss: 0.2718 - mse: 0.2718 - mae: 0.4227 - val_loss: 0.2779 - val_mse: 0.2779 - val_mae: 0.4291 - 2s/epoch - 170ms/step
Epoch 48/10000

Epoch 48: val_loss improved from 0.27770 to 0.27746, saving model to ./results/NN_rms_regr/ResNet/recursion_7/ckpt_1
12/12 - 3s - loss: 0.2700 - mse: 0.2700 - mae: 0.4217 - val_loss: 0.2775 - val_mse: 0.2775 - val_mae: 0.4296 - 3s/epoch - 244ms/step
Epoch 49/10000

Epoch 49: val_loss did not improve from 0.27746
12/12 - 2s - loss: 0.2716 - mse: 0.2716 - mae: 0.4228 - val_loss: 0.2796 - val_mse: 0.2796 - val_mae: 0.4304 - 2s/epoch - 172ms/step
Epoch 50/10000

Epoch 50: val_loss did not improve from 0.27746
12/12 - 2s - loss: 0.2703 - mse: 0.2703 - mae: 0.4215 - val_loss: 0.2805 - val_mse: 0.2805 - val_mae: 0.4305 - 2s/epoch - 171ms/step
Epoch 51/10000

Epoch 51: val_loss improved from 0.27746 to 0.27719, saving model to ./results/NN_rms_regr/ResNet/recursion_7/ckpt_1
12/12 - 3s - loss: 0.2696 - mse: 0.2696 - mae: 0.4215 - val_loss: 0.2772 - val_mse: 0.2772 - val_mae: 0.4289 - 3s/epoch - 244ms/step
Epoch 52/10000

Epoch 52: val_loss improved from 0.27719 to 0.27713, saving model to ./results/NN_rms_regr/ResNet/recursion_7/ckpt_1
12/12 - 3s - loss: 0.2696 - mse: 0.2696 - mae: 0.4213 - val_loss: 0.2771 - val_mse: 0.2771 - val_mae: 0.4290 - 3s/epoch - 247ms/step
Epoch 53/10000

Epoch 53: val_loss did not improve from 0.27713
12/12 - 2s - loss: 0.2713 - mse: 0.2713 - mae: 0.4224 - val_loss: 0.2780 - val_mse: 0.2780 - val_mae: 0.4289 - 2s/epoch - 172ms/step
Epoch 54/10000

Epoch 54: val_loss did not improve from 0.27713
12/12 - 2s - loss: 0.2692 - mse: 0.2692 - mae: 0.4209 - val_loss: 0.2870 - val_mse: 0.2870 - val_mae: 0.4341 - 2s/epoch - 170ms/step
Epoch 55/10000

Epoch 55: val_loss did not improve from 0.27713
12/12 - 2s - loss: 0.2708 - mse: 0.2708 - mae: 0.4219 - val_loss: 0.2775 - val_mse: 0.2775 - val_mae: 0.4296 - 2s/epoch - 170ms/step
Epoch 56/10000

Epoch 56: val_loss did not improve from 0.27713
12/12 - 2s - loss: 0.2691 - mse: 0.2691 - mae: 0.4207 - val_loss: 0.2837 - val_mse: 0.2837 - val_mae: 0.4321 - 2s/epoch - 171ms/step
Epoch 57/10000

Epoch 57: val_loss did not improve from 0.27713
12/12 - 2s - loss: 0.2696 - mse: 0.2696 - mae: 0.4210 - val_loss: 0.2862 - val_mse: 0.2862 - val_mae: 0.4335 - 2s/epoch - 171ms/step
Epoch 58/10000

Epoch 58: val_loss did not improve from 0.27713
12/12 - 2s - loss: 0.2723 - mse: 0.2723 - mae: 0.4228 - val_loss: 0.2803 - val_mse: 0.2803 - val_mae: 0.4297 - 2s/epoch - 171ms/step
Epoch 59/10000

Epoch 59: val_loss did not improve from 0.27713
12/12 - 2s - loss: 0.2710 - mse: 0.2710 - mae: 0.4220 - val_loss: 0.2795 - val_mse: 0.2795 - val_mae: 0.4309 - 2s/epoch - 171ms/step
Epoch 60/10000

Epoch 60: val_loss did not improve from 0.27713
12/12 - 2s - loss: 0.2745 - mse: 0.2745 - mae: 0.4239 - val_loss: 0.2785 - val_mse: 0.2785 - val_mae: 0.4306 - 2s/epoch - 172ms/step
Epoch 61/10000

Epoch 61: val_loss did not improve from 0.27713
12/12 - 2s - loss: 0.2713 - mse: 0.2713 - mae: 0.4225 - val_loss: 0.2925 - val_mse: 0.2925 - val_mae: 0.4370 - 2s/epoch - 170ms/step
Epoch 62/10000

Epoch 62: val_loss did not improve from 0.27713
12/12 - 2s - loss: 0.2790 - mse: 0.2790 - mae: 0.4276 - val_loss: 0.2780 - val_mse: 0.2780 - val_mae: 0.4294 - 2s/epoch - 169ms/step
Epoch 63/10000

Epoch 63: val_loss did not improve from 0.27713
12/12 - 2s - loss: 0.2740 - mse: 0.2740 - mae: 0.4251 - val_loss: 0.3005 - val_mse: 0.3005 - val_mae: 0.4476 - 2s/epoch - 171ms/step
Epoch 64/10000

Epoch 64: val_loss did not improve from 0.27713
12/12 - 2s - loss: 0.2760 - mse: 0.2760 - mae: 0.4258 - val_loss: 0.2785 - val_mse: 0.2785 - val_mae: 0.4306 - 2s/epoch - 171ms/step
Epoch 65/10000

Epoch 65: val_loss did not improve from 0.27713
12/12 - 2s - loss: 0.2726 - mse: 0.2726 - mae: 0.4230 - val_loss: 0.2831 - val_mse: 0.2831 - val_mae: 0.4310 - 2s/epoch - 170ms/step
Epoch 66/10000

Epoch 66: val_loss did not improve from 0.27713
12/12 - 2s - loss: 0.2721 - mse: 0.2721 - mae: 0.4232 - val_loss: 0.2870 - val_mse: 0.2870 - val_mae: 0.4337 - 2s/epoch - 171ms/step
Epoch 67/10000

Epoch 67: val_loss did not improve from 0.27713
12/12 - 2s - loss: 0.2731 - mse: 0.2731 - mae: 0.4233 - val_loss: 0.2772 - val_mse: 0.2772 - val_mae: 0.4290 - 2s/epoch - 171ms/step
Epoch 68/10000

Epoch 68: val_loss did not improve from 0.27713
12/12 - 2s - loss: 0.2723 - mse: 0.2723 - mae: 0.4222 - val_loss: 0.2970 - val_mse: 0.2970 - val_mae: 0.4449 - 2s/epoch - 170ms/step
Epoch 69/10000

Epoch 69: val_loss did not improve from 0.27713
12/12 - 2s - loss: 0.2763 - mse: 0.2763 - mae: 0.4252 - val_loss: 0.2778 - val_mse: 0.2778 - val_mae: 0.4299 - 2s/epoch - 170ms/step
Epoch 70/10000

Epoch 70: val_loss did not improve from 0.27713
12/12 - 2s - loss: 0.2696 - mse: 0.2696 - mae: 0.4208 - val_loss: 0.2784 - val_mse: 0.2784 - val_mae: 0.4288 - 2s/epoch - 170ms/step
Epoch 71/10000

Epoch 71: val_loss did not improve from 0.27713
12/12 - 2s - loss: 0.2692 - mse: 0.2692 - mae: 0.4207 - val_loss: 0.2866 - val_mse: 0.2866 - val_mae: 0.4339 - 2s/epoch - 170ms/step
Epoch 72/10000

Epoch 72: val_loss did not improve from 0.27713
12/12 - 2s - loss: 0.2728 - mse: 0.2728 - mae: 0.4235 - val_loss: 0.2802 - val_mse: 0.2802 - val_mae: 0.4313 - 2s/epoch - 170ms/step
Epoch 73/10000

Epoch 73: val_loss did not improve from 0.27713
12/12 - 2s - loss: 0.2699 - mse: 0.2699 - mae: 0.4216 - val_loss: 0.2843 - val_mse: 0.2843 - val_mae: 0.4342 - 2s/epoch - 170ms/step
Epoch 74/10000

Epoch 74: val_loss did not improve from 0.27713
12/12 - 2s - loss: 0.2722 - mse: 0.2722 - mae: 0.4228 - val_loss: 0.2834 - val_mse: 0.2834 - val_mae: 0.4315 - 2s/epoch - 170ms/step
Epoch 75/10000

Epoch 75: val_loss did not improve from 0.27713
12/12 - 2s - loss: 0.2719 - mse: 0.2719 - mae: 0.4226 - val_loss: 0.2846 - val_mse: 0.2846 - val_mae: 0.4324 - 2s/epoch - 170ms/step
Epoch 76/10000

Epoch 76: val_loss did not improve from 0.27713
12/12 - 2s - loss: 0.2698 - mse: 0.2698 - mae: 0.4210 - val_loss: 0.2815 - val_mse: 0.2815 - val_mae: 0.4327 - 2s/epoch - 170ms/step
Epoch 77/10000

Epoch 77: val_loss did not improve from 0.27713
12/12 - 2s - loss: 0.2699 - mse: 0.2699 - mae: 0.4212 - val_loss: 0.2795 - val_mse: 0.2795 - val_mae: 0.4295 - 2s/epoch - 171ms/step
Epoch 78/10000

Epoch 78: val_loss did not improve from 0.27713
12/12 - 2s - loss: 0.2772 - mse: 0.2772 - mae: 0.4266 - val_loss: 0.2868 - val_mse: 0.2868 - val_mae: 0.4372 - 2s/epoch - 171ms/step
Epoch 79/10000

Epoch 79: val_loss did not improve from 0.27713
12/12 - 2s - loss: 0.2729 - mse: 0.2729 - mae: 0.4235 - val_loss: 0.2814 - val_mse: 0.2814 - val_mae: 0.4323 - 2s/epoch - 170ms/step
Epoch 80/10000

Epoch 80: val_loss improved from 0.27713 to 0.27683, saving model to ./results/NN_rms_regr/ResNet/recursion_7/ckpt_1
12/12 - 3s - loss: 0.2730 - mse: 0.2730 - mae: 0.4239 - val_loss: 0.2768 - val_mse: 0.2768 - val_mae: 0.4284 - 3s/epoch - 239ms/step
Epoch 81/10000

Epoch 81: val_loss did not improve from 0.27683
12/12 - 2s - loss: 0.2694 - mse: 0.2694 - mae: 0.4208 - val_loss: 0.2774 - val_mse: 0.2774 - val_mae: 0.4293 - 2s/epoch - 171ms/step
Epoch 82/10000

Epoch 82: val_loss did not improve from 0.27683
12/12 - 2s - loss: 0.2737 - mse: 0.2737 - mae: 0.4237 - val_loss: 0.3193 - val_mse: 0.3193 - val_mae: 0.4536 - 2s/epoch - 171ms/step
Epoch 83/10000

Epoch 83: val_loss did not improve from 0.27683
12/12 - 2s - loss: 0.2964 - mse: 0.2964 - mae: 0.4398 - val_loss: 0.2778 - val_mse: 0.2778 - val_mae: 0.4298 - 2s/epoch - 171ms/step
Epoch 84/10000

Epoch 84: val_loss did not improve from 0.27683
12/12 - 2s - loss: 0.2736 - mse: 0.2736 - mae: 0.4237 - val_loss: 0.2780 - val_mse: 0.2780 - val_mae: 0.4282 - 2s/epoch - 171ms/step
Epoch 85/10000

Epoch 85: val_loss did not improve from 0.27683
12/12 - 2s - loss: 0.2689 - mse: 0.2689 - mae: 0.4207 - val_loss: 0.2789 - val_mse: 0.2789 - val_mae: 0.4288 - 2s/epoch - 170ms/step
Epoch 86/10000

Epoch 86: val_loss did not improve from 0.27683
12/12 - 2s - loss: 0.2685 - mse: 0.2685 - mae: 0.4201 - val_loss: 0.2787 - val_mse: 0.2787 - val_mae: 0.4308 - 2s/epoch - 171ms/step
Epoch 87/10000

Epoch 87: val_loss did not improve from 0.27683
12/12 - 2s - loss: 0.2681 - mse: 0.2681 - mae: 0.4195 - val_loss: 0.2786 - val_mse: 0.2786 - val_mae: 0.4303 - 2s/epoch - 170ms/step
Epoch 88/10000

Epoch 88: val_loss did not improve from 0.27683
12/12 - 2s - loss: 0.2685 - mse: 0.2685 - mae: 0.4202 - val_loss: 0.2777 - val_mse: 0.2777 - val_mae: 0.4295 - 2s/epoch - 171ms/step
Epoch 89/10000

Epoch 89: val_loss did not improve from 0.27683
12/12 - 2s - loss: 0.2703 - mse: 0.2703 - mae: 0.4212 - val_loss: 0.2826 - val_mse: 0.2826 - val_mae: 0.4305 - 2s/epoch - 170ms/step
Epoch 90/10000

Epoch 90: val_loss did not improve from 0.27683
12/12 - 2s - loss: 0.2738 - mse: 0.2738 - mae: 0.4239 - val_loss: 0.2791 - val_mse: 0.2791 - val_mae: 0.4303 - 2s/epoch - 171ms/step
Epoch 91/10000

Epoch 91: val_loss did not improve from 0.27683
12/12 - 2s - loss: 0.2693 - mse: 0.2693 - mae: 0.4209 - val_loss: 0.2788 - val_mse: 0.2788 - val_mae: 0.4300 - 2s/epoch - 171ms/step
Epoch 92/10000

Epoch 92: val_loss did not improve from 0.27683
12/12 - 2s - loss: 0.2694 - mse: 0.2694 - mae: 0.4208 - val_loss: 0.2781 - val_mse: 0.2781 - val_mae: 0.4285 - 2s/epoch - 170ms/step
Epoch 93/10000

Epoch 93: val_loss did not improve from 0.27683
12/12 - 2s - loss: 0.2687 - mse: 0.2687 - mae: 0.4204 - val_loss: 0.2786 - val_mse: 0.2786 - val_mae: 0.4305 - 2s/epoch - 171ms/step
Epoch 94/10000

Epoch 94: val_loss did not improve from 0.27683
12/12 - 2s - loss: 0.2695 - mse: 0.2695 - mae: 0.4206 - val_loss: 0.2772 - val_mse: 0.2772 - val_mae: 0.4291 - 2s/epoch - 171ms/step
Epoch 95/10000

Epoch 95: val_loss did not improve from 0.27683
12/12 - 2s - loss: 0.2704 - mse: 0.2704 - mae: 0.4213 - val_loss: 0.2805 - val_mse: 0.2805 - val_mae: 0.4322 - 2s/epoch - 171ms/step
Epoch 96/10000

Epoch 96: val_loss did not improve from 0.27683
12/12 - 2s - loss: 0.2717 - mse: 0.2717 - mae: 0.4222 - val_loss: 0.2773 - val_mse: 0.2773 - val_mae: 0.4290 - 2s/epoch - 171ms/step
Epoch 97/10000

Epoch 97: val_loss did not improve from 0.27683
12/12 - 2s - loss: 0.2685 - mse: 0.2685 - mae: 0.4201 - val_loss: 0.2820 - val_mse: 0.2820 - val_mae: 0.4331 - 2s/epoch - 171ms/step
Epoch 98/10000

Epoch 98: val_loss did not improve from 0.27683
12/12 - 2s - loss: 0.2686 - mse: 0.2686 - mae: 0.4197 - val_loss: 0.2772 - val_mse: 0.2772 - val_mae: 0.4286 - 2s/epoch - 171ms/step
Epoch 99/10000

Epoch 99: val_loss improved from 0.27683 to 0.27675, saving model to ./results/NN_rms_regr/ResNet/recursion_7/ckpt_1
12/12 - 3s - loss: 0.2693 - mse: 0.2693 - mae: 0.4203 - val_loss: 0.2767 - val_mse: 0.2767 - val_mae: 0.4279 - 3s/epoch - 246ms/step
Epoch 100/10000

Epoch 100: val_loss improved from 0.27675 to 0.27664, saving model to ./results/NN_rms_regr/ResNet/recursion_7/ckpt_1
12/12 - 3s - loss: 0.2700 - mse: 0.2700 - mae: 0.4206 - val_loss: 0.2766 - val_mse: 0.2766 - val_mae: 0.4282 - 3s/epoch - 241ms/step
Epoch 101/10000

Epoch 101: val_loss did not improve from 0.27664
12/12 - 2s - loss: 0.2681 - mse: 0.2681 - mae: 0.4196 - val_loss: 0.2774 - val_mse: 0.2774 - val_mae: 0.4290 - 2s/epoch - 172ms/step
Epoch 102/10000

Epoch 102: val_loss did not improve from 0.27664
12/12 - 2s - loss: 0.2681 - mse: 0.2681 - mae: 0.4198 - val_loss: 0.3002 - val_mse: 0.3002 - val_mae: 0.4466 - 2s/epoch - 172ms/step
Epoch 103/10000

Epoch 103: val_loss did not improve from 0.27664
12/12 - 2s - loss: 0.2817 - mse: 0.2817 - mae: 0.4293 - val_loss: 0.2811 - val_mse: 0.2811 - val_mae: 0.4298 - 2s/epoch - 171ms/step
Epoch 104/10000

Epoch 104: val_loss did not improve from 0.27664
12/12 - 2s - loss: 0.2744 - mse: 0.2744 - mae: 0.4241 - val_loss: 0.2791 - val_mse: 0.2791 - val_mae: 0.4305 - 2s/epoch - 170ms/step
Epoch 105/10000

Epoch 105: val_loss did not improve from 0.27664
12/12 - 2s - loss: 0.2701 - mse: 0.2701 - mae: 0.4212 - val_loss: 0.2785 - val_mse: 0.2785 - val_mae: 0.4291 - 2s/epoch - 172ms/step
Epoch 106/10000

Epoch 106: val_loss did not improve from 0.27664
12/12 - 2s - loss: 0.2705 - mse: 0.2705 - mae: 0.4218 - val_loss: 0.2778 - val_mse: 0.2778 - val_mae: 0.4279 - 2s/epoch - 172ms/step
Epoch 107/10000

Epoch 107: val_loss did not improve from 0.27664
12/12 - 2s - loss: 0.2679 - mse: 0.2679 - mae: 0.4195 - val_loss: 0.2822 - val_mse: 0.2822 - val_mae: 0.4302 - 2s/epoch - 172ms/step
Epoch 108/10000

Epoch 108: val_loss did not improve from 0.27664
12/12 - 2s - loss: 0.2692 - mse: 0.2692 - mae: 0.4203 - val_loss: 0.2791 - val_mse: 0.2791 - val_mae: 0.4300 - 2s/epoch - 171ms/step
Epoch 109/10000

Epoch 109: val_loss did not improve from 0.27664
12/12 - 2s - loss: 0.2696 - mse: 0.2696 - mae: 0.4210 - val_loss: 0.2815 - val_mse: 0.2815 - val_mae: 0.4327 - 2s/epoch - 171ms/step
Epoch 110/10000

Epoch 110: val_loss did not improve from 0.27664
12/12 - 2s - loss: 0.2710 - mse: 0.2710 - mae: 0.4214 - val_loss: 0.2973 - val_mse: 0.2973 - val_mae: 0.4399 - 2s/epoch - 171ms/step
Epoch 111/10000

Epoch 111: val_loss did not improve from 0.27664
12/12 - 2s - loss: 0.2737 - mse: 0.2737 - mae: 0.4232 - val_loss: 0.2773 - val_mse: 0.2773 - val_mae: 0.4281 - 2s/epoch - 170ms/step
Epoch 112/10000

Epoch 112: val_loss did not improve from 0.27664
12/12 - 2s - loss: 0.2681 - mse: 0.2681 - mae: 0.4191 - val_loss: 0.2795 - val_mse: 0.2795 - val_mae: 0.4293 - 2s/epoch - 171ms/step
Epoch 113/10000

Epoch 113: val_loss did not improve from 0.27664
12/12 - 2s - loss: 0.2718 - mse: 0.2718 - mae: 0.4226 - val_loss: 0.2815 - val_mse: 0.2815 - val_mae: 0.4329 - 2s/epoch - 171ms/step
Epoch 114/10000

Epoch 114: val_loss did not improve from 0.27664
12/12 - 2s - loss: 0.2758 - mse: 0.2758 - mae: 0.4259 - val_loss: 0.3048 - val_mse: 0.3048 - val_mae: 0.4445 - 2s/epoch - 170ms/step
Epoch 115/10000

Epoch 115: val_loss did not improve from 0.27664
12/12 - 2s - loss: 0.2734 - mse: 0.2734 - mae: 0.4241 - val_loss: 0.2779 - val_mse: 0.2779 - val_mae: 0.4299 - 2s/epoch - 171ms/step
Epoch 116/10000

Epoch 116: val_loss did not improve from 0.27664
12/12 - 2s - loss: 0.2687 - mse: 0.2687 - mae: 0.4202 - val_loss: 0.2768 - val_mse: 0.2768 - val_mae: 0.4278 - 2s/epoch - 172ms/step
Epoch 117/10000

Epoch 117: val_loss did not improve from 0.27664
12/12 - 2s - loss: 0.2684 - mse: 0.2684 - mae: 0.4197 - val_loss: 0.2812 - val_mse: 0.2812 - val_mae: 0.4327 - 2s/epoch - 171ms/step
Epoch 118/10000

Epoch 118: val_loss did not improve from 0.27664
12/12 - 2s - loss: 0.2699 - mse: 0.2699 - mae: 0.4209 - val_loss: 0.2776 - val_mse: 0.2776 - val_mae: 0.4291 - 2s/epoch - 171ms/step
Epoch 119/10000

Epoch 119: val_loss did not improve from 0.27664
12/12 - 2s - loss: 0.2687 - mse: 0.2687 - mae: 0.4201 - val_loss: 0.2785 - val_mse: 0.2785 - val_mae: 0.4304 - 2s/epoch - 171ms/step
Epoch 120/10000

Epoch 120: val_loss did not improve from 0.27664
12/12 - 2s - loss: 0.2752 - mse: 0.2752 - mae: 0.4253 - val_loss: 0.2827 - val_mse: 0.2827 - val_mae: 0.4310 - 2s/epoch - 171ms/step
Epoch 121/10000

Epoch 121: val_loss improved from 0.27664 to 0.27659, saving model to ./results/NN_rms_regr/ResNet/recursion_7/ckpt_1
12/12 - 3s - loss: 0.2751 - mse: 0.2751 - mae: 0.4248 - val_loss: 0.2766 - val_mse: 0.2766 - val_mae: 0.4283 - 3s/epoch - 244ms/step
Epoch 122/10000

Epoch 122: val_loss did not improve from 0.27659
12/12 - 2s - loss: 0.2686 - mse: 0.2686 - mae: 0.4199 - val_loss: 0.2790 - val_mse: 0.2790 - val_mae: 0.4297 - 2s/epoch - 172ms/step
Epoch 123/10000

Epoch 123: val_loss did not improve from 0.27659
12/12 - 2s - loss: 0.2687 - mse: 0.2687 - mae: 0.4200 - val_loss: 0.2774 - val_mse: 0.2774 - val_mae: 0.4291 - 2s/epoch - 171ms/step
Epoch 124/10000

Epoch 124: val_loss did not improve from 0.27659
12/12 - 2s - loss: 0.2692 - mse: 0.2692 - mae: 0.4202 - val_loss: 0.2807 - val_mse: 0.2807 - val_mae: 0.4322 - 2s/epoch - 172ms/step
Epoch 125/10000

Epoch 125: val_loss did not improve from 0.27659
12/12 - 2s - loss: 0.2727 - mse: 0.2727 - mae: 0.4231 - val_loss: 0.2927 - val_mse: 0.2927 - val_mae: 0.4369 - 2s/epoch - 171ms/step
Epoch 126/10000

Epoch 126: val_loss did not improve from 0.27659
12/12 - 2s - loss: 0.2756 - mse: 0.2756 - mae: 0.4254 - val_loss: 0.2951 - val_mse: 0.2951 - val_mae: 0.4380 - 2s/epoch - 171ms/step
Epoch 127/10000

Epoch 127: val_loss did not improve from 0.27659
12/12 - 2s - loss: 0.2791 - mse: 0.2791 - mae: 0.4280 - val_loss: 0.2907 - val_mse: 0.2907 - val_mae: 0.4397 - 2s/epoch - 171ms/step
Epoch 128/10000

Epoch 128: val_loss did not improve from 0.27659
12/12 - 2s - loss: 0.2853 - mse: 0.2853 - mae: 0.4321 - val_loss: 0.2799 - val_mse: 0.2799 - val_mae: 0.4306 - 2s/epoch - 172ms/step
Epoch 129/10000

Epoch 129: val_loss did not improve from 0.27659
12/12 - 2s - loss: 0.2842 - mse: 0.2842 - mae: 0.4310 - val_loss: 0.3080 - val_mse: 0.3080 - val_mae: 0.4456 - 2s/epoch - 171ms/step
Epoch 130/10000

Epoch 130: val_loss did not improve from 0.27659
12/12 - 2s - loss: 0.2814 - mse: 0.2814 - mae: 0.4302 - val_loss: 0.2811 - val_mse: 0.2811 - val_mae: 0.4326 - 2s/epoch - 171ms/step
Epoch 131/10000

Epoch 131: val_loss did not improve from 0.27659
12/12 - 2s - loss: 0.2718 - mse: 0.2718 - mae: 0.4214 - val_loss: 0.2790 - val_mse: 0.2790 - val_mae: 0.4293 - 2s/epoch - 171ms/step
Epoch 132/10000

Epoch 132: val_loss did not improve from 0.27659
12/12 - 2s - loss: 0.2710 - mse: 0.2710 - mae: 0.4217 - val_loss: 0.2786 - val_mse: 0.2786 - val_mae: 0.4302 - 2s/epoch - 171ms/step
Epoch 133/10000

Epoch 133: val_loss did not improve from 0.27659
12/12 - 2s - loss: 0.2710 - mse: 0.2710 - mae: 0.4219 - val_loss: 0.2800 - val_mse: 0.2800 - val_mae: 0.4290 - 2s/epoch - 171ms/step
Epoch 134/10000

Epoch 134: val_loss did not improve from 0.27659
12/12 - 2s - loss: 0.2682 - mse: 0.2682 - mae: 0.4198 - val_loss: 0.2841 - val_mse: 0.2841 - val_mae: 0.4347 - 2s/epoch - 172ms/step
Epoch 135/10000

Epoch 135: val_loss did not improve from 0.27659
12/12 - 2s - loss: 0.2770 - mse: 0.2770 - mae: 0.4251 - val_loss: 0.2775 - val_mse: 0.2775 - val_mae: 0.4277 - 2s/epoch - 171ms/step
Epoch 136/10000

Epoch 136: val_loss did not improve from 0.27659
12/12 - 2s - loss: 0.2705 - mse: 0.2705 - mae: 0.4215 - val_loss: 0.2826 - val_mse: 0.2826 - val_mae: 0.4304 - 2s/epoch - 172ms/step
Epoch 137/10000

Epoch 137: val_loss did not improve from 0.27659
12/12 - 2s - loss: 0.2730 - mse: 0.2730 - mae: 0.4223 - val_loss: 0.3077 - val_mse: 0.3077 - val_mae: 0.4521 - 2s/epoch - 171ms/step
Epoch 138/10000

Epoch 138: val_loss did not improve from 0.27659
12/12 - 2s - loss: 0.2795 - mse: 0.2795 - mae: 0.4270 - val_loss: 0.3041 - val_mse: 0.3041 - val_mae: 0.4442 - 2s/epoch - 172ms/step
Epoch 139/10000

Epoch 139: val_loss did not improve from 0.27659
12/12 - 2s - loss: 0.2794 - mse: 0.2794 - mae: 0.4283 - val_loss: 0.2784 - val_mse: 0.2784 - val_mae: 0.4297 - 2s/epoch - 171ms/step
Epoch 140/10000

Epoch 140: val_loss did not improve from 0.27659
12/12 - 2s - loss: 0.2732 - mse: 0.2732 - mae: 0.4226 - val_loss: 0.2836 - val_mse: 0.2836 - val_mae: 0.4318 - 2s/epoch - 170ms/step
Epoch 141/10000

Epoch 141: val_loss did not improve from 0.27659
12/12 - 2s - loss: 0.2706 - mse: 0.2706 - mae: 0.4210 - val_loss: 0.2779 - val_mse: 0.2779 - val_mae: 0.4280 - 2s/epoch - 171ms/step
Epoch 142/10000

Epoch 142: val_loss did not improve from 0.27659
12/12 - 2s - loss: 0.2684 - mse: 0.2684 - mae: 0.4196 - val_loss: 0.2791 - val_mse: 0.2791 - val_mae: 0.4283 - 2s/epoch - 171ms/step
Epoch 143/10000

Epoch 143: val_loss did not improve from 0.27659
12/12 - 2s - loss: 0.2692 - mse: 0.2692 - mae: 0.4204 - val_loss: 0.2855 - val_mse: 0.2855 - val_mae: 0.4324 - 2s/epoch - 171ms/step
Epoch 144/10000

Epoch 144: val_loss did not improve from 0.27659
12/12 - 2s - loss: 0.2746 - mse: 0.2746 - mae: 0.4246 - val_loss: 0.3042 - val_mse: 0.3042 - val_mae: 0.4497 - 2s/epoch - 171ms/step
Epoch 145/10000

Epoch 145: val_loss did not improve from 0.27659
12/12 - 2s - loss: 0.2798 - mse: 0.2798 - mae: 0.4278 - val_loss: 0.2770 - val_mse: 0.2770 - val_mae: 0.4280 - 2s/epoch - 171ms/step
Epoch 146/10000

Epoch 146: val_loss did not improve from 0.27659
12/12 - 2s - loss: 0.2718 - mse: 0.2718 - mae: 0.4233 - val_loss: 0.2794 - val_mse: 0.2794 - val_mae: 0.4308 - 2s/epoch - 171ms/step
Epoch 147/10000

Epoch 147: val_loss did not improve from 0.27659
12/12 - 2s - loss: 0.2736 - mse: 0.2736 - mae: 0.4240 - val_loss: 0.2780 - val_mse: 0.2780 - val_mae: 0.4282 - 2s/epoch - 171ms/step
Epoch 148/10000

Epoch 148: val_loss did not improve from 0.27659
12/12 - 2s - loss: 0.2728 - mse: 0.2728 - mae: 0.4227 - val_loss: 0.2845 - val_mse: 0.2845 - val_mae: 0.4319 - 2s/epoch - 170ms/step
Epoch 149/10000

Epoch 149: val_loss did not improve from 0.27659
12/12 - 2s - loss: 0.2719 - mse: 0.2719 - mae: 0.4222 - val_loss: 0.2864 - val_mse: 0.2864 - val_mae: 0.4367 - 2s/epoch - 172ms/step
Epoch 150/10000

Epoch 150: val_loss did not improve from 0.27659
12/12 - 2s - loss: 0.2693 - mse: 0.2693 - mae: 0.4203 - val_loss: 0.2773 - val_mse: 0.2773 - val_mae: 0.4286 - 2s/epoch - 170ms/step
Epoch 151/10000

Epoch 151: val_loss did not improve from 0.27659
12/12 - 2s - loss: 0.2691 - mse: 0.2691 - mae: 0.4201 - val_loss: 0.2878 - val_mse: 0.2878 - val_mae: 0.4332 - 2s/epoch - 171ms/step
Epoch 152/10000

Epoch 152: val_loss did not improve from 0.27659
12/12 - 2s - loss: 0.2698 - mse: 0.2698 - mae: 0.4204 - val_loss: 0.2833 - val_mse: 0.2833 - val_mae: 0.4305 - 2s/epoch - 170ms/step
Epoch 153/10000

Epoch 153: val_loss did not improve from 0.27659
12/12 - 2s - loss: 0.2701 - mse: 0.2701 - mae: 0.4208 - val_loss: 0.2947 - val_mse: 0.2947 - val_mae: 0.4420 - 2s/epoch - 173ms/step
Epoch 154/10000

Epoch 154: val_loss did not improve from 0.27659
12/12 - 2s - loss: 0.2796 - mse: 0.2796 - mae: 0.4268 - val_loss: 0.2935 - val_mse: 0.2935 - val_mae: 0.4367 - 2s/epoch - 172ms/step
Epoch 155/10000

Epoch 155: val_loss did not improve from 0.27659
12/12 - 2s - loss: 0.2795 - mse: 0.2795 - mae: 0.4277 - val_loss: 0.2860 - val_mse: 0.2860 - val_mae: 0.4320 - 2s/epoch - 169ms/step
Epoch 156/10000

Epoch 156: val_loss improved from 0.27659 to 0.27652, saving model to ./results/NN_rms_regr/ResNet/recursion_7/ckpt_1
12/12 - 3s - loss: 0.2735 - mse: 0.2735 - mae: 0.4229 - val_loss: 0.2765 - val_mse: 0.2765 - val_mae: 0.4276 - 3s/epoch - 245ms/step
Epoch 157/10000

Epoch 157: val_loss did not improve from 0.27652
12/12 - 2s - loss: 0.2684 - mse: 0.2684 - mae: 0.4199 - val_loss: 0.2769 - val_mse: 0.2769 - val_mae: 0.4280 - 2s/epoch - 171ms/step
Epoch 158/10000

Epoch 158: val_loss did not improve from 0.27652
12/12 - 2s - loss: 0.2684 - mse: 0.2684 - mae: 0.4201 - val_loss: 0.2773 - val_mse: 0.2773 - val_mae: 0.4275 - 2s/epoch - 171ms/step
Epoch 159/10000

Epoch 159: val_loss did not improve from 0.27652
12/12 - 2s - loss: 0.2688 - mse: 0.2688 - mae: 0.4202 - val_loss: 0.2774 - val_mse: 0.2774 - val_mae: 0.4276 - 2s/epoch - 172ms/step
Epoch 160/10000

Epoch 160: val_loss did not improve from 0.27652
12/12 - 2s - loss: 0.2697 - mse: 0.2697 - mae: 0.4205 - val_loss: 0.3115 - val_mse: 0.3115 - val_mae: 0.4548 - 2s/epoch - 172ms/step
Epoch 161/10000

Epoch 161: val_loss did not improve from 0.27652
12/12 - 2s - loss: 0.2949 - mse: 0.2949 - mae: 0.4381 - val_loss: 0.3026 - val_mse: 0.3026 - val_mae: 0.4424 - 2s/epoch - 172ms/step
Epoch 162/10000

Epoch 162: val_loss did not improve from 0.27652
12/12 - 2s - loss: 0.2864 - mse: 0.2864 - mae: 0.4321 - val_loss: 0.2840 - val_mse: 0.2840 - val_mae: 0.4344 - 2s/epoch - 171ms/step
Epoch 163/10000

Epoch 163: val_loss did not improve from 0.27652
12/12 - 2s - loss: 0.2723 - mse: 0.2723 - mae: 0.4219 - val_loss: 0.2794 - val_mse: 0.2794 - val_mae: 0.4311 - 2s/epoch - 172ms/step
Epoch 164/10000

Epoch 164: val_loss did not improve from 0.27652
12/12 - 2s - loss: 0.2738 - mse: 0.2738 - mae: 0.4240 - val_loss: 0.2767 - val_mse: 0.2767 - val_mae: 0.4284 - 2s/epoch - 171ms/step
Epoch 165/10000

Epoch 165: val_loss did not improve from 0.27652
12/12 - 2s - loss: 0.2721 - mse: 0.2721 - mae: 0.4227 - val_loss: 0.2779 - val_mse: 0.2779 - val_mae: 0.4284 - 2s/epoch - 171ms/step
Epoch 166/10000

Epoch 166: val_loss did not improve from 0.27652
12/12 - 2s - loss: 0.2678 - mse: 0.2678 - mae: 0.4192 - val_loss: 0.2773 - val_mse: 0.2773 - val_mae: 0.4280 - 2s/epoch - 172ms/step
Epoch 167/10000

Epoch 167: val_loss did not improve from 0.27652
12/12 - 2s - loss: 0.2700 - mse: 0.2700 - mae: 0.4212 - val_loss: 0.2812 - val_mse: 0.2812 - val_mae: 0.4296 - 2s/epoch - 177ms/step
Epoch 168/10000

Epoch 168: val_loss did not improve from 0.27652
12/12 - 2s - loss: 0.2690 - mse: 0.2690 - mae: 0.4203 - val_loss: 0.2821 - val_mse: 0.2821 - val_mae: 0.4305 - 2s/epoch - 172ms/step
Epoch 169/10000

Epoch 169: val_loss did not improve from 0.27652
12/12 - 2s - loss: 0.2714 - mse: 0.2714 - mae: 0.4218 - val_loss: 0.2850 - val_mse: 0.2850 - val_mae: 0.4345 - 2s/epoch - 170ms/step
Epoch 170/10000

Epoch 170: val_loss did not improve from 0.27652
12/12 - 2s - loss: 0.2740 - mse: 0.2740 - mae: 0.4235 - val_loss: 0.2837 - val_mse: 0.2837 - val_mae: 0.4336 - 2s/epoch - 171ms/step
Epoch 171/10000

Epoch 171: val_loss did not improve from 0.27652
12/12 - 2s - loss: 0.2703 - mse: 0.2703 - mae: 0.4209 - val_loss: 0.2804 - val_mse: 0.2804 - val_mae: 0.4293 - 2s/epoch - 172ms/step
Epoch 172/10000

Epoch 172: val_loss did not improve from 0.27652
12/12 - 2s - loss: 0.2693 - mse: 0.2693 - mae: 0.4205 - val_loss: 0.2779 - val_mse: 0.2779 - val_mae: 0.4292 - 2s/epoch - 172ms/step
Epoch 173/10000

Epoch 173: val_loss did not improve from 0.27652
12/12 - 2s - loss: 0.2805 - mse: 0.2805 - mae: 0.4277 - val_loss: 0.2781 - val_mse: 0.2781 - val_mae: 0.4278 - 2s/epoch - 172ms/step
Epoch 174/10000

Epoch 174: val_loss did not improve from 0.27652
12/12 - 2s - loss: 0.2713 - mse: 0.2713 - mae: 0.4214 - val_loss: 0.2780 - val_mse: 0.2780 - val_mae: 0.4287 - 2s/epoch - 171ms/step
Epoch 175/10000

Epoch 175: val_loss improved from 0.27652 to 0.27636, saving model to ./results/NN_rms_regr/ResNet/recursion_7/ckpt_1
12/12 - 3s - loss: 0.2713 - mse: 0.2713 - mae: 0.4217 - val_loss: 0.2764 - val_mse: 0.2764 - val_mae: 0.4276 - 3s/epoch - 246ms/step
Epoch 176/10000

Epoch 176: val_loss did not improve from 0.27636
12/12 - 2s - loss: 0.2713 - mse: 0.2713 - mae: 0.4220 - val_loss: 0.2928 - val_mse: 0.2928 - val_mae: 0.4370 - 2s/epoch - 173ms/step
Epoch 177/10000

Epoch 177: val_loss did not improve from 0.27636
12/12 - 2s - loss: 0.2809 - mse: 0.2809 - mae: 0.4292 - val_loss: 0.2808 - val_mse: 0.2808 - val_mae: 0.4294 - 2s/epoch - 171ms/step
Epoch 178/10000

Epoch 178: val_loss did not improve from 0.27636
12/12 - 2s - loss: 0.2747 - mse: 0.2747 - mae: 0.4243 - val_loss: 0.2782 - val_mse: 0.2782 - val_mae: 0.4296 - 2s/epoch - 174ms/step
Epoch 179/10000

Epoch 179: val_loss did not improve from 0.27636
12/12 - 2s - loss: 0.2694 - mse: 0.2694 - mae: 0.4203 - val_loss: 0.2768 - val_mse: 0.2768 - val_mae: 0.4274 - 2s/epoch - 176ms/step
Epoch 180/10000

Epoch 180: val_loss did not improve from 0.27636
12/12 - 2s - loss: 0.2682 - mse: 0.2682 - mae: 0.4194 - val_loss: 0.2915 - val_mse: 0.2915 - val_mae: 0.4391 - 2s/epoch - 171ms/step
Epoch 181/10000

Epoch 181: val_loss did not improve from 0.27636
12/12 - 2s - loss: 0.2739 - mse: 0.2739 - mae: 0.4231 - val_loss: 0.2773 - val_mse: 0.2773 - val_mae: 0.4286 - 2s/epoch - 173ms/step
Epoch 182/10000

Epoch 182: val_loss did not improve from 0.27636
12/12 - 2s - loss: 0.2689 - mse: 0.2689 - mae: 0.4200 - val_loss: 0.3039 - val_mse: 0.3039 - val_mae: 0.4489 - 2s/epoch - 172ms/step
Epoch 183/10000

Epoch 183: val_loss did not improve from 0.27636
12/12 - 2s - loss: 0.2739 - mse: 0.2739 - mae: 0.4229 - val_loss: 0.2806 - val_mse: 0.2806 - val_mae: 0.4292 - 2s/epoch - 174ms/step
Epoch 184/10000

Epoch 184: val_loss did not improve from 0.27636
12/12 - 2s - loss: 0.2724 - mse: 0.2724 - mae: 0.4231 - val_loss: 0.2864 - val_mse: 0.2864 - val_mae: 0.4328 - 2s/epoch - 171ms/step
Epoch 185/10000

Epoch 185: val_loss did not improve from 0.27636
12/12 - 2s - loss: 0.2731 - mse: 0.2731 - mae: 0.4227 - val_loss: 0.2773 - val_mse: 0.2773 - val_mae: 0.4290 - 2s/epoch - 171ms/step
Epoch 186/10000

Epoch 186: val_loss did not improve from 0.27636
12/12 - 2s - loss: 0.2681 - mse: 0.2681 - mae: 0.4195 - val_loss: 0.2769 - val_mse: 0.2769 - val_mae: 0.4284 - 2s/epoch - 172ms/step
Epoch 187/10000

Epoch 187: val_loss did not improve from 0.27636
12/12 - 2s - loss: 0.2680 - mse: 0.2680 - mae: 0.4194 - val_loss: 0.2866 - val_mse: 0.2866 - val_mae: 0.4330 - 2s/epoch - 171ms/step
Epoch 188/10000

Epoch 188: val_loss did not improve from 0.27636
12/12 - 2s - loss: 0.2717 - mse: 0.2717 - mae: 0.4219 - val_loss: 0.2769 - val_mse: 0.2769 - val_mae: 0.4285 - 2s/epoch - 172ms/step
Epoch 189/10000

Epoch 189: val_loss did not improve from 0.27636
12/12 - 2s - loss: 0.2681 - mse: 0.2681 - mae: 0.4190 - val_loss: 0.2764 - val_mse: 0.2764 - val_mae: 0.4275 - 2s/epoch - 171ms/step
Epoch 190/10000

Epoch 190: val_loss did not improve from 0.27636
12/12 - 2s - loss: 0.2713 - mse: 0.2713 - mae: 0.4217 - val_loss: 0.2853 - val_mse: 0.2853 - val_mae: 0.4354 - 2s/epoch - 171ms/step
Epoch 191/10000

Epoch 191: val_loss did not improve from 0.27636
12/12 - 2s - loss: 0.2710 - mse: 0.2710 - mae: 0.4211 - val_loss: 0.2766 - val_mse: 0.2766 - val_mae: 0.4272 - 2s/epoch - 170ms/step
Epoch 192/10000

Epoch 192: val_loss did not improve from 0.27636
12/12 - 2s - loss: 0.2681 - mse: 0.2681 - mae: 0.4193 - val_loss: 0.2851 - val_mse: 0.2851 - val_mae: 0.4354 - 2s/epoch - 171ms/step
Epoch 193/10000

Epoch 193: val_loss did not improve from 0.27636
12/12 - 2s - loss: 0.2683 - mse: 0.2683 - mae: 0.4196 - val_loss: 0.2766 - val_mse: 0.2766 - val_mae: 0.4277 - 2s/epoch - 171ms/step
Epoch 194/10000

Epoch 194: val_loss did not improve from 0.27636
12/12 - 2s - loss: 0.2680 - mse: 0.2680 - mae: 0.4195 - val_loss: 0.2830 - val_mse: 0.2830 - val_mae: 0.4306 - 2s/epoch - 170ms/step
Epoch 195/10000

Epoch 195: val_loss did not improve from 0.27636
12/12 - 2s - loss: 0.2712 - mse: 0.2712 - mae: 0.4217 - val_loss: 0.2776 - val_mse: 0.2776 - val_mae: 0.4286 - 2s/epoch - 171ms/step
Epoch 196/10000

Epoch 196: val_loss did not improve from 0.27636
12/12 - 2s - loss: 0.2676 - mse: 0.2676 - mae: 0.4192 - val_loss: 0.2787 - val_mse: 0.2787 - val_mae: 0.4304 - 2s/epoch - 172ms/step
Epoch 197/10000

Epoch 197: val_loss improved from 0.27636 to 0.27629, saving model to ./results/NN_rms_regr/ResNet/recursion_7/ckpt_1
12/12 - 3s - loss: 0.2691 - mse: 0.2691 - mae: 0.4201 - val_loss: 0.2763 - val_mse: 0.2763 - val_mae: 0.4274 - 3s/epoch - 240ms/step
Epoch 198/10000

Epoch 198: val_loss did not improve from 0.27629
12/12 - 2s - loss: 0.2696 - mse: 0.2696 - mae: 0.4202 - val_loss: 0.2815 - val_mse: 0.2815 - val_mae: 0.4323 - 2s/epoch - 172ms/step
Epoch 199/10000

Epoch 199: val_loss did not improve from 0.27629
12/12 - 2s - loss: 0.2696 - mse: 0.2696 - mae: 0.4211 - val_loss: 0.2778 - val_mse: 0.2778 - val_mae: 0.4278 - 2s/epoch - 171ms/step
Epoch 200/10000

Epoch 200: val_loss did not improve from 0.27629
12/12 - 2s - loss: 0.2704 - mse: 0.2704 - mae: 0.4215 - val_loss: 0.3064 - val_mse: 0.3064 - val_mae: 0.4444 - 2s/epoch - 170ms/step
Epoch 201/10000

Epoch 201: val_loss did not improve from 0.27629
12/12 - 2s - loss: 0.2781 - mse: 0.2781 - mae: 0.4264 - val_loss: 0.2806 - val_mse: 0.2806 - val_mae: 0.4306 - 2s/epoch - 170ms/step
Epoch 202/10000

Epoch 202: val_loss did not improve from 0.27629
12/12 - 2s - loss: 0.2724 - mse: 0.2724 - mae: 0.4231 - val_loss: 0.2794 - val_mse: 0.2794 - val_mae: 0.4296 - 2s/epoch - 171ms/step
Epoch 203/10000

Epoch 203: val_loss did not improve from 0.27629
12/12 - 2s - loss: 0.2690 - mse: 0.2690 - mae: 0.4197 - val_loss: 0.2789 - val_mse: 0.2789 - val_mae: 0.4303 - 2s/epoch - 171ms/step
Epoch 204/10000

Epoch 204: val_loss did not improve from 0.27629
12/12 - 2s - loss: 0.2686 - mse: 0.2686 - mae: 0.4194 - val_loss: 0.2800 - val_mse: 0.2800 - val_mae: 0.4312 - 2s/epoch - 171ms/step
Epoch 205/10000

Epoch 205: val_loss did not improve from 0.27629
12/12 - 2s - loss: 0.2711 - mse: 0.2711 - mae: 0.4219 - val_loss: 0.2790 - val_mse: 0.2790 - val_mae: 0.4301 - 2s/epoch - 171ms/step
Epoch 206/10000

Epoch 206: val_loss did not improve from 0.27629
12/12 - 2s - loss: 0.2676 - mse: 0.2676 - mae: 0.4188 - val_loss: 0.2779 - val_mse: 0.2779 - val_mae: 0.4286 - 2s/epoch - 171ms/step
Epoch 207/10000

Epoch 207: val_loss did not improve from 0.27629
12/12 - 2s - loss: 0.2695 - mse: 0.2695 - mae: 0.4206 - val_loss: 0.3201 - val_mse: 0.3201 - val_mae: 0.4537 - 2s/epoch - 170ms/step
Epoch 208/10000

Epoch 208: val_loss did not improve from 0.27629
12/12 - 2s - loss: 0.2879 - mse: 0.2879 - mae: 0.4329 - val_loss: 0.3014 - val_mse: 0.3014 - val_mae: 0.4416 - 2s/epoch - 171ms/step
Epoch 209/10000

Epoch 209: val_loss did not improve from 0.27629
12/12 - 2s - loss: 0.2854 - mse: 0.2854 - mae: 0.4313 - val_loss: 0.2876 - val_mse: 0.2876 - val_mae: 0.4337 - 2s/epoch - 171ms/step
Epoch 210/10000

Epoch 210: val_loss did not improve from 0.27629
12/12 - 2s - loss: 0.2847 - mse: 0.2847 - mae: 0.4306 - val_loss: 0.2850 - val_mse: 0.2850 - val_mae: 0.4351 - 2s/epoch - 170ms/step
Epoch 211/10000

Epoch 211: val_loss did not improve from 0.27629
12/12 - 2s - loss: 0.2725 - mse: 0.2725 - mae: 0.4222 - val_loss: 0.2769 - val_mse: 0.2769 - val_mae: 0.4276 - 2s/epoch - 170ms/step
Epoch 212/10000

Epoch 212: val_loss did not improve from 0.27629
12/12 - 2s - loss: 0.2677 - mse: 0.2677 - mae: 0.4193 - val_loss: 0.2852 - val_mse: 0.2852 - val_mae: 0.4343 - 2s/epoch - 171ms/step
Epoch 213/10000

Epoch 213: val_loss did not improve from 0.27629
12/12 - 2s - loss: 0.2742 - mse: 0.2742 - mae: 0.4237 - val_loss: 0.2796 - val_mse: 0.2796 - val_mae: 0.4284 - 2s/epoch - 171ms/step
Epoch 214/10000

Epoch 214: val_loss did not improve from 0.27629
12/12 - 2s - loss: 0.2769 - mse: 0.2769 - mae: 0.4258 - val_loss: 0.2788 - val_mse: 0.2788 - val_mae: 0.4285 - 2s/epoch - 170ms/step
Epoch 215/10000

Epoch 215: val_loss did not improve from 0.27629
12/12 - 2s - loss: 0.2695 - mse: 0.2695 - mae: 0.4198 - val_loss: 0.2776 - val_mse: 0.2776 - val_mae: 0.4279 - 2s/epoch - 171ms/step
Epoch 216/10000

Epoch 216: val_loss did not improve from 0.27629
12/12 - 2s - loss: 0.2686 - mse: 0.2686 - mae: 0.4198 - val_loss: 0.2825 - val_mse: 0.2825 - val_mae: 0.4336 - 2s/epoch - 171ms/step
Epoch 217/10000

Epoch 217: val_loss did not improve from 0.27629
12/12 - 2s - loss: 0.2728 - mse: 0.2728 - mae: 0.4232 - val_loss: 0.2804 - val_mse: 0.2804 - val_mae: 0.4294 - 2s/epoch - 171ms/step
Epoch 218/10000

Epoch 218: val_loss did not improve from 0.27629
12/12 - 2s - loss: 0.2698 - mse: 0.2698 - mae: 0.4203 - val_loss: 0.2779 - val_mse: 0.2779 - val_mae: 0.4295 - 2s/epoch - 170ms/step
Epoch 219/10000

Epoch 219: val_loss did not improve from 0.27629
12/12 - 2s - loss: 0.2685 - mse: 0.2685 - mae: 0.4193 - val_loss: 0.2818 - val_mse: 0.2818 - val_mae: 0.4325 - 2s/epoch - 169ms/step
Epoch 220/10000

Epoch 220: val_loss did not improve from 0.27629
12/12 - 2s - loss: 0.2705 - mse: 0.2705 - mae: 0.4215 - val_loss: 0.2776 - val_mse: 0.2776 - val_mae: 0.4290 - 2s/epoch - 172ms/step
Epoch 221/10000

Epoch 221: val_loss did not improve from 0.27629
12/12 - 2s - loss: 0.2727 - mse: 0.2727 - mae: 0.4224 - val_loss: 0.3010 - val_mse: 0.3010 - val_mae: 0.4419 - 2s/epoch - 170ms/step
Epoch 222/10000

Epoch 222: val_loss did not improve from 0.27629
12/12 - 2s - loss: 0.2790 - mse: 0.2790 - mae: 0.4265 - val_loss: 0.2916 - val_mse: 0.2916 - val_mae: 0.4359 - 2s/epoch - 171ms/step
Epoch 223/10000

Epoch 223: val_loss did not improve from 0.27629
12/12 - 2s - loss: 0.2707 - mse: 0.2707 - mae: 0.4210 - val_loss: 0.2773 - val_mse: 0.2773 - val_mae: 0.4274 - 2s/epoch - 171ms/step
Epoch 224/10000

Epoch 224: val_loss did not improve from 0.27629
12/12 - 2s - loss: 0.2684 - mse: 0.2684 - mae: 0.4194 - val_loss: 0.2765 - val_mse: 0.2765 - val_mae: 0.4271 - 2s/epoch - 171ms/step
Epoch 225/10000

Epoch 225: val_loss did not improve from 0.27629
12/12 - 2s - loss: 0.2710 - mse: 0.2710 - mae: 0.4212 - val_loss: 0.2796 - val_mse: 0.2796 - val_mae: 0.4309 - 2s/epoch - 170ms/step
Epoch 226/10000

Epoch 226: val_loss did not improve from 0.27629
12/12 - 2s - loss: 0.2748 - mse: 0.2748 - mae: 0.4245 - val_loss: 0.3074 - val_mse: 0.3074 - val_mae: 0.4518 - 2s/epoch - 171ms/step
Epoch 227/10000

Epoch 227: val_loss did not improve from 0.27629
12/12 - 2s - loss: 0.2791 - mse: 0.2791 - mae: 0.4271 - val_loss: 0.2774 - val_mse: 0.2774 - val_mae: 0.4275 - 2s/epoch - 170ms/step
Epoch 228/10000

Epoch 228: val_loss did not improve from 0.27629
12/12 - 2s - loss: 0.2701 - mse: 0.2701 - mae: 0.4205 - val_loss: 0.2867 - val_mse: 0.2867 - val_mae: 0.4329 - 2s/epoch - 172ms/step
Epoch 229/10000

Epoch 229: val_loss did not improve from 0.27629
12/12 - 2s - loss: 0.2710 - mse: 0.2710 - mae: 0.4213 - val_loss: 0.2881 - val_mse: 0.2881 - val_mae: 0.4342 - 2s/epoch - 172ms/step
Epoch 230/10000

Epoch 230: val_loss did not improve from 0.27629
12/12 - 2s - loss: 0.2755 - mse: 0.2755 - mae: 0.4251 - val_loss: 0.2950 - val_mse: 0.2950 - val_mae: 0.4381 - 2s/epoch - 171ms/step
Epoch 231/10000

Epoch 231: val_loss did not improve from 0.27629
12/12 - 2s - loss: 0.2805 - mse: 0.2805 - mae: 0.4273 - val_loss: 0.2916 - val_mse: 0.2916 - val_mae: 0.4361 - 2s/epoch - 171ms/step
Epoch 232/10000

Epoch 232: val_loss did not improve from 0.27629
12/12 - 2s - loss: 0.2782 - mse: 0.2782 - mae: 0.4265 - val_loss: 0.2848 - val_mse: 0.2848 - val_mae: 0.4327 - 2s/epoch - 170ms/step
Epoch 233/10000

Epoch 233: val_loss did not improve from 0.27629
12/12 - 2s - loss: 0.2795 - mse: 0.2795 - mae: 0.4280 - val_loss: 0.2877 - val_mse: 0.2877 - val_mae: 0.4378 - 2s/epoch - 171ms/step
Epoch 234/10000

Epoch 234: val_loss did not improve from 0.27629
12/12 - 2s - loss: 0.2782 - mse: 0.2782 - mae: 0.4259 - val_loss: 0.2832 - val_mse: 0.2832 - val_mae: 0.4342 - 2s/epoch - 172ms/step
Epoch 235/10000

Epoch 235: val_loss did not improve from 0.27629
12/12 - 2s - loss: 0.2734 - mse: 0.2734 - mae: 0.4229 - val_loss: 0.2778 - val_mse: 0.2778 - val_mae: 0.4294 - 2s/epoch - 171ms/step
Epoch 236/10000

Epoch 236: val_loss did not improve from 0.27629
12/12 - 2s - loss: 0.2778 - mse: 0.2778 - mae: 0.4267 - val_loss: 0.3186 - val_mse: 0.3186 - val_mae: 0.4533 - 2s/epoch - 171ms/step
Epoch 237/10000

Epoch 237: val_loss did not improve from 0.27629
12/12 - 2s - loss: 0.2858 - mse: 0.2858 - mae: 0.4319 - val_loss: 0.2854 - val_mse: 0.2854 - val_mae: 0.4322 - 2s/epoch - 171ms/step
Epoch 238/10000

Epoch 238: val_loss did not improve from 0.27629
12/12 - 2s - loss: 0.2699 - mse: 0.2699 - mae: 0.4204 - val_loss: 0.2787 - val_mse: 0.2787 - val_mae: 0.4289 - 2s/epoch - 171ms/step
Epoch 239/10000

Epoch 239: val_loss did not improve from 0.27629
12/12 - 2s - loss: 0.2716 - mse: 0.2716 - mae: 0.4213 - val_loss: 0.2850 - val_mse: 0.2850 - val_mae: 0.4356 - 2s/epoch - 172ms/step
Epoch 240/10000

Epoch 240: val_loss did not improve from 0.27629
12/12 - 2s - loss: 0.2736 - mse: 0.2736 - mae: 0.4231 - val_loss: 0.2821 - val_mse: 0.2821 - val_mae: 0.4331 - 2s/epoch - 171ms/step
Epoch 241/10000

Epoch 241: val_loss did not improve from 0.27629
12/12 - 2s - loss: 0.2695 - mse: 0.2695 - mae: 0.4200 - val_loss: 0.3006 - val_mse: 0.3006 - val_mae: 0.4415 - 2s/epoch - 171ms/step
Epoch 242/10000

Epoch 242: val_loss did not improve from 0.27629
12/12 - 2s - loss: 0.2783 - mse: 0.2783 - mae: 0.4267 - val_loss: 0.2974 - val_mse: 0.2974 - val_mae: 0.4398 - 2s/epoch - 171ms/step
Epoch 243/10000

Epoch 243: val_loss did not improve from 0.27629
12/12 - 2s - loss: 0.2764 - mse: 0.2764 - mae: 0.4255 - val_loss: 0.2904 - val_mse: 0.2904 - val_mae: 0.4351 - 2s/epoch - 170ms/step
Epoch 244/10000

Epoch 244: val_loss did not improve from 0.27629
12/12 - 2s - loss: 0.2759 - mse: 0.2759 - mae: 0.4248 - val_loss: 0.3435 - val_mse: 0.3435 - val_mae: 0.4781 - 2s/epoch - 171ms/step
Epoch 245/10000

Epoch 245: val_loss did not improve from 0.27629
12/12 - 2s - loss: 0.3023 - mse: 0.3023 - mae: 0.4439 - val_loss: 0.2864 - val_mse: 0.2864 - val_mae: 0.4367 - 2s/epoch - 171ms/step
Epoch 246/10000

Epoch 246: val_loss did not improve from 0.27629
12/12 - 2s - loss: 0.2805 - mse: 0.2805 - mae: 0.4288 - val_loss: 0.2806 - val_mse: 0.2806 - val_mae: 0.4297 - 2s/epoch - 171ms/step
Epoch 247/10000

Epoch 247: val_loss did not improve from 0.27629
12/12 - 2s - loss: 0.2706 - mse: 0.2706 - mae: 0.4210 - val_loss: 0.2764 - val_mse: 0.2764 - val_mae: 0.4275 - 2s/epoch - 171ms/step
Epoch 247: early stopping
