[ 13.14519438  30.04553007  46.53366244  63.02179482  79.5099272
  95.99805957 112.48619195 128.97432432 145.4624567  161.95058908
 178.43872145 194.92685383 211.41498621 227.90311858 244.39125096
 260.87938334 277.36751571 293.85564809 310.34378047 326.83191284
 343.32004522 359.80817759 376.29630997 392.78444235 409.27257472
 425.7607071 ]
Before undersampling: [(0, 375), (1, 834), (2, 3661), (3, 4955), (4, 3156), (5, 2425), (6, 2195), (7, 1862), (8, 1648), (9, 1497), (10, 1418), (11, 1313), (12, 1182), (13, 1082), (14, 902), (15, 843), (16, 708), (17, 675), (18, 486), (19, 429), (20, 347), (21, 282), (22, 251), (23, 195), (24, 209)]
After undersampling: [(0, 185), (1, 508), (2, 2519), (3, 3325), (4, 2122), (5, 1676), (6, 1537), (7, 1316), (8, 1211), (9, 1043), (10, 965), (11, 920), (12, 859), (13, 736), (14, 654), (15, 578), (16, 468), (17, 469), (18, 324), (19, 313), (20, 224), (21, 182), (22, 165), (23, 195), (24, 173)]
            label  HH_0_0_x  HV_0_0_x  IA_0_0_x       FYI      DFYI       MYI     rms_0     thk_1     rms_1     thk_2     rms_2     thk_3     rms_3  ...    3         4    5         6         7         8         9        10   11        12   13        14        15                                                CNN
0       22.098353  0.266667  0.058824  0.102601  0.581444  0.350791  0.067765  4.651147  1.203232  4.629159  1.153105  4.591235  1.140145  4.597745  ...  0.0  1.061704  0.0  0.650609  0.622662  0.865567  0.310470  0.978501  0.0  0.775849  0.0  0.751106  0.551764  [[[[0.1843137254901961], [0.1025612625421262],...
1       28.395086  0.188235  0.066667  0.108728  0.546503  0.361399  0.092098  4.682913  1.174377  4.635949  1.139971  4.632796  1.186112  4.632457  ...  0.0  1.028774  0.0  0.627783  0.600513  0.845440  0.311158  0.945204  0.0  0.748648  0.0  0.725240  0.532229  [[[[0.1764705882352941], [0.1086897756539139],...
2       19.788947  0.172549  0.070588  0.103711  0.517348  0.406086  0.076566  4.668857  1.184153  4.608622  1.143960  4.577797  1.176814  4.592777  ...  0.0  1.073750  0.0  0.661685  0.572982  0.855979  0.269738  0.999215  0.0  0.785277  0.0  0.770494  0.515969  [[[[0.2039215686274509], [0.1036712870878331],...
3       18.289340  0.227451  0.050980  0.108321  0.679855  0.251512  0.068632  4.540455  1.158296  4.555761  1.140739  4.529123  1.162713  4.472988  ...  0.0  1.040922  0.0  0.631978  0.588952  0.837723  0.272903  0.965484  0.0  0.765366  0.0  0.738181  0.532690  [[[[0.1529411764705882], [0.108282725016276], ...
4       27.036639  0.333333  0.105882  0.142760  0.380428  0.129721  0.489850  4.661099  1.245683  4.761763  1.232051  4.758909  1.246578  4.710567  ...  0.0  0.850563  0.0  0.502910  0.477504  0.684707  0.236060  0.764783  0.0  0.619645  0.0  0.585380  0.430140  [[[[0.2941176470588235], [0.1427263297286688],...
...           ...       ...       ...       ...       ...       ...       ...       ...       ...       ...       ...       ...       ...       ...  ...  ...       ...  ...       ...       ...       ...       ...       ...  ...       ...  ...       ...       ...                                                ...
22662  417.027580  0.505882  0.090196  0.152162  0.185910  0.031902  0.782188  4.486675  1.202497  4.531466  1.252972  4.593008  1.239219  4.510143  ...  0.0  0.839703  0.0  0.468273  0.499118  0.650608  0.278814  0.681403  0.0  0.621146  0.0  0.548368  0.455899  [[[[0.4196078431372549], [0.15219440834195], [...
22663  417.866263  0.392157  0.125490  0.152184  0.189279  0.051355  0.759366  4.590506  1.242536  4.658542  1.255140  4.682031  1.275536  4.639037  ...  0.0  0.753041  0.0  0.432618  0.424933  0.606180  0.279904  0.615722  0.0  0.551801  0.0  0.504145  0.391604  [[[[0.3490196078431372], [0.1522158155254289],...
22664  421.196328  0.631373  0.466667  0.154089  0.004261  0.000064  0.995674  1.187829  0.197352  0.941815  0.203265  0.245285  0.157730  0.213412  ...  0.0  0.644292  0.0  0.466233  0.184014  0.544459  0.317551  0.496343  0.0  0.488684  0.0  0.521621  0.200857  [[[[0.596078431372549], [0.1541208603802849], ...
22665  416.289186  0.517647  0.160784  0.153404  0.011037  0.000341  0.988622  1.187829  0.197352  0.941815  0.203265  0.245285  0.157730  0.213412  ...  0.0  0.792541  0.0  0.518223  0.461039  0.679398  0.335284  0.699151  0.0  0.512142  0.0  0.532694  0.315921  [[[[0.4078431372549019], [0.1534358903473499],...
22666  423.194662  0.341176  0.274510  0.153307  0.003870  0.000024  0.996105  1.187829  0.197352  0.941815  0.203265  0.245285  0.157730  0.213412  ...  0.0  0.712026  0.0  0.452670  0.356484  0.560431  0.500874  0.445316  0.0  0.508642  0.0  0.462847  0.257479  [[[[0.5686274509803921], [0.1533395804610907],...

[22667 rows x 128 columns]
Size of dataset: (22667, 127)
*************************** Fold #: 1 ***************************
Model: "model"
__________________________________________________________________________________________________
 Layer (type)                   Output Shape         Param #     Connected to                     
==================================================================================================
 conv (InputLayer)              [(None, 7, 7, 3, 1)  0           []                               
                                ]                                                                 
                                                                                                  
 zero_padding3d (ZeroPadding3D)  (None, 8, 8, 4, 1)  0           ['conv[0][0]']                   
                                                                                                  
 conv3d (Conv3D)                (None, 8, 8, 4, 8)   224         ['zero_padding3d[0][0]']         
                                                                                                  
 max_pooling3d (MaxPooling3D)   (None, 4, 4, 2, 8)   0           ['conv3d[0][0]']                 
                                                                                                  
 conv3d_1 (Conv3D)              (None, 4, 4, 2, 4)   868         ['max_pooling3d[0][0]']          
                                                                                                  
 max_pooling3d_1 (MaxPooling3D)  (None, 2, 2, 1, 4)  0           ['conv3d_1[0][0]']               
                                                                                                  
 cat (InputLayer)               [(None, 126)]        0           []                               
                                                                                                  
 flatten (Flatten)              (None, 16)           0           ['max_pooling3d_1[0][0]']        
                                                                                                  
 concatenate (Concatenate)      (None, 142)          0           ['cat[0][0]',                    
                                                                  'flatten[0][0]']                
                                                                                                  
 dense (Dense)                  (None, 200)          28600       ['concatenate[0][0]']            
                                                                                                  
 dense_1 (Dense)                (None, 200)          40200       ['dense[0][0]']                  
                                                                                                  
 dense_2 (Dense)                (None, 200)          40200       ['dense_1[0][0]']                
                                                                                                  
 dense_3 (Dense)                (None, 200)          40200       ['dense_2[0][0]']                
                                                                                                  
 dense_4 (Dense)                (None, 200)          40200       ['dense_3[0][0]']                
                                                                                                  
 dense_5 (Dense)                (None, 1)            201         ['dense_4[0][0]']                
                                                                                                  
==================================================================================================
Total params: 190,693
Trainable params: 190,693
Non-trainable params: 0
__________________________________________________________________________________________________
Epoch 1/10000

Epoch 1: val_loss improved from inf to 2.49501, saving model to ./results/NN_rms_regr/ResNet/recursion_8/ckpt_1
12/12 - 3s - loss: 8.3789 - mse: 8.3789 - mae: 2.4114 - val_loss: 2.4950 - val_mse: 2.4950 - val_mae: 1.3796 - 3s/epoch - 274ms/step
Epoch 2/10000

Epoch 2: val_loss improved from 2.49501 to 1.06844, saving model to ./results/NN_rms_regr/ResNet/recursion_8/ckpt_1
12/12 - 3s - loss: 1.4817 - mse: 1.4817 - mae: 0.9239 - val_loss: 1.0684 - val_mse: 1.0684 - val_mae: 0.6923 - 3s/epoch - 228ms/step
Epoch 3/10000

Epoch 3: val_loss improved from 1.06844 to 0.80367, saving model to ./results/NN_rms_regr/ResNet/recursion_8/ckpt_1
12/12 - 3s - loss: 0.8346 - mse: 0.8346 - mae: 0.5985 - val_loss: 0.8037 - val_mse: 0.8037 - val_mae: 0.5815 - 3s/epoch - 229ms/step
Epoch 4/10000

Epoch 4: val_loss improved from 0.80367 to 0.48212, saving model to ./results/NN_rms_regr/ResNet/recursion_8/ckpt_1
12/12 - 3s - loss: 0.6155 - mse: 0.6155 - mae: 0.5288 - val_loss: 0.4821 - val_mse: 0.4821 - val_mae: 0.5144 - 3s/epoch - 230ms/step
Epoch 5/10000

Epoch 5: val_loss improved from 0.48212 to 0.32530, saving model to ./results/NN_rms_regr/ResNet/recursion_8/ckpt_1
12/12 - 3s - loss: 0.3386 - mse: 0.3386 - mae: 0.4539 - val_loss: 0.3253 - val_mse: 0.3253 - val_mae: 0.4619 - 3s/epoch - 230ms/step
Epoch 6/10000

Epoch 6: val_loss improved from 0.32530 to 0.29441, saving model to ./results/NN_rms_regr/ResNet/recursion_8/ckpt_1
12/12 - 3s - loss: 0.2936 - mse: 0.2936 - mae: 0.4372 - val_loss: 0.2944 - val_mse: 0.2944 - val_mae: 0.4410 - 3s/epoch - 229ms/step
Epoch 7/10000

Epoch 7: val_loss improved from 0.29441 to 0.28847, saving model to ./results/NN_rms_regr/ResNet/recursion_8/ckpt_1
12/12 - 3s - loss: 0.2822 - mse: 0.2822 - mae: 0.4295 - val_loss: 0.2885 - val_mse: 0.2885 - val_mae: 0.4375 - 3s/epoch - 243ms/step
Epoch 8/10000

Epoch 8: val_loss did not improve from 0.28847
12/12 - 2s - loss: 0.2768 - mse: 0.2768 - mae: 0.4267 - val_loss: 0.2890 - val_mse: 0.2890 - val_mae: 0.4389 - 2s/epoch - 168ms/step
Epoch 9/10000

Epoch 9: val_loss improved from 0.28847 to 0.28697, saving model to ./results/NN_rms_regr/ResNet/recursion_8/ckpt_1
12/12 - 3s - loss: 0.2783 - mse: 0.2783 - mae: 0.4271 - val_loss: 0.2870 - val_mse: 0.2870 - val_mae: 0.4367 - 3s/epoch - 245ms/step
Epoch 10/10000

Epoch 10: val_loss did not improve from 0.28697
12/12 - 2s - loss: 0.2755 - mse: 0.2755 - mae: 0.4252 - val_loss: 0.2885 - val_mse: 0.2885 - val_mae: 0.4382 - 2s/epoch - 172ms/step
Epoch 11/10000

Epoch 11: val_loss did not improve from 0.28697
12/12 - 2s - loss: 0.2772 - mse: 0.2772 - mae: 0.4264 - val_loss: 0.2873 - val_mse: 0.2873 - val_mae: 0.4368 - 2s/epoch - 169ms/step
Epoch 12/10000

Epoch 12: val_loss did not improve from 0.28697
12/12 - 2s - loss: 0.2741 - mse: 0.2741 - mae: 0.4237 - val_loss: 0.2943 - val_mse: 0.2943 - val_mae: 0.4387 - 2s/epoch - 170ms/step
Epoch 13/10000

Epoch 13: val_loss improved from 0.28697 to 0.28547, saving model to ./results/NN_rms_regr/ResNet/recursion_8/ckpt_1
12/12 - 3s - loss: 0.2788 - mse: 0.2788 - mae: 0.4258 - val_loss: 0.2855 - val_mse: 0.2855 - val_mae: 0.4340 - 3s/epoch - 239ms/step
Epoch 14/10000

Epoch 14: val_loss did not improve from 0.28547
12/12 - 2s - loss: 0.2735 - mse: 0.2735 - mae: 0.4228 - val_loss: 0.2861 - val_mse: 0.2861 - val_mae: 0.4355 - 2s/epoch - 170ms/step
Epoch 15/10000

Epoch 15: val_loss improved from 0.28547 to 0.28528, saving model to ./results/NN_rms_regr/ResNet/recursion_8/ckpt_1
12/12 - 3s - loss: 0.2733 - mse: 0.2733 - mae: 0.4225 - val_loss: 0.2853 - val_mse: 0.2853 - val_mae: 0.4347 - 3s/epoch - 246ms/step
Epoch 16/10000

Epoch 16: val_loss improved from 0.28528 to 0.28421, saving model to ./results/NN_rms_regr/ResNet/recursion_8/ckpt_1
12/12 - 3s - loss: 0.2732 - mse: 0.2732 - mae: 0.4219 - val_loss: 0.2842 - val_mse: 0.2842 - val_mae: 0.4335 - 3s/epoch - 244ms/step
Epoch 17/10000

Epoch 17: val_loss did not improve from 0.28421
12/12 - 2s - loss: 0.2734 - mse: 0.2734 - mae: 0.4222 - val_loss: 0.2871 - val_mse: 0.2871 - val_mae: 0.4337 - 2s/epoch - 168ms/step
Epoch 18/10000

Epoch 18: val_loss did not improve from 0.28421
12/12 - 2s - loss: 0.2736 - mse: 0.2736 - mae: 0.4218 - val_loss: 0.2869 - val_mse: 0.2869 - val_mae: 0.4357 - 2s/epoch - 168ms/step
Epoch 19/10000

Epoch 19: val_loss did not improve from 0.28421
12/12 - 2s - loss: 0.2739 - mse: 0.2739 - mae: 0.4225 - val_loss: 0.2853 - val_mse: 0.2853 - val_mae: 0.4343 - 2s/epoch - 171ms/step
Epoch 20/10000

Epoch 20: val_loss did not improve from 0.28421
12/12 - 2s - loss: 0.2748 - mse: 0.2748 - mae: 0.4233 - val_loss: 0.2866 - val_mse: 0.2866 - val_mae: 0.4330 - 2s/epoch - 169ms/step
Epoch 21/10000

Epoch 21: val_loss did not improve from 0.28421
12/12 - 2s - loss: 0.2742 - mse: 0.2742 - mae: 0.4226 - val_loss: 0.2936 - val_mse: 0.2936 - val_mae: 0.4367 - 2s/epoch - 168ms/step
Epoch 22/10000

Epoch 22: val_loss improved from 0.28421 to 0.28411, saving model to ./results/NN_rms_regr/ResNet/recursion_8/ckpt_1
12/12 - 3s - loss: 0.2742 - mse: 0.2742 - mae: 0.4222 - val_loss: 0.2841 - val_mse: 0.2841 - val_mae: 0.4327 - 3s/epoch - 242ms/step
Epoch 23/10000

Epoch 23: val_loss did not improve from 0.28411
12/12 - 2s - loss: 0.2742 - mse: 0.2742 - mae: 0.4220 - val_loss: 0.3117 - val_mse: 0.3117 - val_mae: 0.4476 - 2s/epoch - 168ms/step
Epoch 24/10000

Epoch 24: val_loss improved from 0.28411 to 0.28359, saving model to ./results/NN_rms_regr/ResNet/recursion_8/ckpt_1
12/12 - 3s - loss: 0.2922 - mse: 0.2922 - mae: 0.4348 - val_loss: 0.2836 - val_mse: 0.2836 - val_mae: 0.4320 - 3s/epoch - 236ms/step
Epoch 25/10000

Epoch 25: val_loss did not improve from 0.28359
12/12 - 2s - loss: 0.2776 - mse: 0.2776 - mae: 0.4250 - val_loss: 0.2878 - val_mse: 0.2878 - val_mae: 0.4361 - 2s/epoch - 169ms/step
Epoch 26/10000

Epoch 26: val_loss improved from 0.28359 to 0.28300, saving model to ./results/NN_rms_regr/ResNet/recursion_8/ckpt_1
12/12 - 3s - loss: 0.2722 - mse: 0.2722 - mae: 0.4206 - val_loss: 0.2830 - val_mse: 0.2830 - val_mae: 0.4311 - 3s/epoch - 243ms/step
Epoch 27/10000

Epoch 27: val_loss improved from 0.28300 to 0.28291, saving model to ./results/NN_rms_regr/ResNet/recursion_8/ckpt_1
12/12 - 3s - loss: 0.2708 - mse: 0.2708 - mae: 0.4195 - val_loss: 0.2829 - val_mse: 0.2829 - val_mae: 0.4309 - 3s/epoch - 244ms/step
Epoch 28/10000

Epoch 28: val_loss did not improve from 0.28291
12/12 - 2s - loss: 0.2708 - mse: 0.2708 - mae: 0.4196 - val_loss: 0.2847 - val_mse: 0.2847 - val_mae: 0.4316 - 2s/epoch - 166ms/step
Epoch 29/10000

Epoch 29: val_loss did not improve from 0.28291
12/12 - 2s - loss: 0.2740 - mse: 0.2740 - mae: 0.4218 - val_loss: 0.2977 - val_mse: 0.2977 - val_mae: 0.4388 - 2s/epoch - 168ms/step
Epoch 30/10000

Epoch 30: val_loss did not improve from 0.28291
12/12 - 2s - loss: 0.2798 - mse: 0.2798 - mae: 0.4254 - val_loss: 0.3027 - val_mse: 0.3027 - val_mae: 0.4417 - 2s/epoch - 168ms/step
Epoch 31/10000

Epoch 31: val_loss did not improve from 0.28291
12/12 - 2s - loss: 0.2796 - mse: 0.2796 - mae: 0.4248 - val_loss: 0.2859 - val_mse: 0.2859 - val_mae: 0.4324 - 2s/epoch - 168ms/step
Epoch 32/10000

Epoch 32: val_loss did not improve from 0.28291
12/12 - 2s - loss: 0.2734 - mse: 0.2734 - mae: 0.4216 - val_loss: 0.2839 - val_mse: 0.2839 - val_mae: 0.4317 - 2s/epoch - 168ms/step
Epoch 33/10000

Epoch 33: val_loss did not improve from 0.28291
12/12 - 2s - loss: 0.2722 - mse: 0.2722 - mae: 0.4204 - val_loss: 0.2830 - val_mse: 0.2830 - val_mae: 0.4311 - 2s/epoch - 168ms/step
Epoch 34/10000

Epoch 34: val_loss did not improve from 0.28291
12/12 - 2s - loss: 0.2708 - mse: 0.2708 - mae: 0.4196 - val_loss: 0.2832 - val_mse: 0.2832 - val_mae: 0.4314 - 2s/epoch - 168ms/step
Epoch 35/10000

Epoch 35: val_loss did not improve from 0.28291
12/12 - 2s - loss: 0.2708 - mse: 0.2708 - mae: 0.4190 - val_loss: 0.3043 - val_mse: 0.3043 - val_mae: 0.4477 - 2s/epoch - 168ms/step
Epoch 36/10000

Epoch 36: val_loss did not improve from 0.28291
12/12 - 2s - loss: 0.2771 - mse: 0.2771 - mae: 0.4242 - val_loss: 0.2853 - val_mse: 0.2853 - val_mae: 0.4335 - 2s/epoch - 168ms/step
Epoch 37/10000

Epoch 37: val_loss did not improve from 0.28291
12/12 - 2s - loss: 0.2784 - mse: 0.2784 - mae: 0.4255 - val_loss: 0.2954 - val_mse: 0.2954 - val_mae: 0.4371 - 2s/epoch - 167ms/step
Epoch 38/10000

Epoch 38: val_loss did not improve from 0.28291
12/12 - 2s - loss: 0.2783 - mse: 0.2783 - mae: 0.4242 - val_loss: 0.3050 - val_mse: 0.3050 - val_mae: 0.4430 - 2s/epoch - 168ms/step
Epoch 39/10000

Epoch 39: val_loss did not improve from 0.28291
12/12 - 2s - loss: 0.2793 - mse: 0.2793 - mae: 0.4250 - val_loss: 0.2892 - val_mse: 0.2892 - val_mae: 0.4335 - 2s/epoch - 169ms/step
Epoch 40/10000

Epoch 40: val_loss did not improve from 0.28291
12/12 - 2s - loss: 0.2743 - mse: 0.2743 - mae: 0.4216 - val_loss: 0.2842 - val_mse: 0.2842 - val_mae: 0.4329 - 2s/epoch - 168ms/step
Epoch 41/10000

Epoch 41: val_loss did not improve from 0.28291
12/12 - 2s - loss: 0.2783 - mse: 0.2783 - mae: 0.4244 - val_loss: 0.2846 - val_mse: 0.2846 - val_mae: 0.4328 - 2s/epoch - 167ms/step
Epoch 42/10000

Epoch 42: val_loss did not improve from 0.28291
12/12 - 2s - loss: 0.2709 - mse: 0.2709 - mae: 0.4190 - val_loss: 0.2849 - val_mse: 0.2849 - val_mae: 0.4311 - 2s/epoch - 167ms/step
Epoch 43/10000

Epoch 43: val_loss did not improve from 0.28291
12/12 - 2s - loss: 0.2751 - mse: 0.2751 - mae: 0.4215 - val_loss: 0.3168 - val_mse: 0.3168 - val_mae: 0.4504 - 2s/epoch - 168ms/step
Epoch 44/10000

Epoch 44: val_loss did not improve from 0.28291
12/12 - 2s - loss: 0.2847 - mse: 0.2847 - mae: 0.4300 - val_loss: 0.3289 - val_mse: 0.3289 - val_mae: 0.4581 - 2s/epoch - 168ms/step
Epoch 45/10000

Epoch 45: val_loss did not improve from 0.28291
12/12 - 2s - loss: 0.2871 - mse: 0.2871 - mae: 0.4311 - val_loss: 0.2847 - val_mse: 0.2847 - val_mae: 0.4310 - 2s/epoch - 168ms/step
Epoch 46/10000

Epoch 46: val_loss did not improve from 0.28291
12/12 - 2s - loss: 0.2707 - mse: 0.2707 - mae: 0.4193 - val_loss: 0.2911 - val_mse: 0.2911 - val_mae: 0.4376 - 2s/epoch - 168ms/step
Epoch 47/10000

Epoch 47: val_loss did not improve from 0.28291
12/12 - 2s - loss: 0.2742 - mse: 0.2742 - mae: 0.4215 - val_loss: 0.2955 - val_mse: 0.2955 - val_mae: 0.4408 - 2s/epoch - 168ms/step
Epoch 48/10000

Epoch 48: val_loss improved from 0.28291 to 0.28143, saving model to ./results/NN_rms_regr/ResNet/recursion_8/ckpt_1
12/12 - 3s - loss: 0.2741 - mse: 0.2741 - mae: 0.4210 - val_loss: 0.2814 - val_mse: 0.2814 - val_mae: 0.4296 - 3s/epoch - 237ms/step
Epoch 49/10000

Epoch 49: val_loss did not improve from 0.28143
12/12 - 2s - loss: 0.2713 - mse: 0.2713 - mae: 0.4191 - val_loss: 0.2836 - val_mse: 0.2836 - val_mae: 0.4301 - 2s/epoch - 168ms/step
Epoch 50/10000

Epoch 50: val_loss did not improve from 0.28143
12/12 - 2s - loss: 0.2722 - mse: 0.2722 - mae: 0.4202 - val_loss: 0.2966 - val_mse: 0.2966 - val_mae: 0.4376 - 2s/epoch - 168ms/step
Epoch 51/10000

Epoch 51: val_loss did not improve from 0.28143
12/12 - 2s - loss: 0.2738 - mse: 0.2738 - mae: 0.4208 - val_loss: 0.2826 - val_mse: 0.2826 - val_mae: 0.4307 - 2s/epoch - 168ms/step
Epoch 52/10000

Epoch 52: val_loss did not improve from 0.28143
12/12 - 2s - loss: 0.2698 - mse: 0.2698 - mae: 0.4180 - val_loss: 0.3129 - val_mse: 0.3129 - val_mae: 0.4532 - 2s/epoch - 168ms/step
Epoch 53/10000

Epoch 53: val_loss did not improve from 0.28143
12/12 - 2s - loss: 0.2790 - mse: 0.2790 - mae: 0.4252 - val_loss: 0.2816 - val_mse: 0.2816 - val_mae: 0.4296 - 2s/epoch - 167ms/step
Epoch 54/10000

Epoch 54: val_loss did not improve from 0.28143
12/12 - 2s - loss: 0.2720 - mse: 0.2720 - mae: 0.4196 - val_loss: 0.2951 - val_mse: 0.2951 - val_mae: 0.4366 - 2s/epoch - 169ms/step
Epoch 55/10000

Epoch 55: val_loss did not improve from 0.28143
12/12 - 2s - loss: 0.2734 - mse: 0.2734 - mae: 0.4206 - val_loss: 0.2867 - val_mse: 0.2867 - val_mae: 0.4341 - 2s/epoch - 167ms/step
Epoch 56/10000

Epoch 56: val_loss did not improve from 0.28143
12/12 - 2s - loss: 0.2717 - mse: 0.2717 - mae: 0.4191 - val_loss: 0.2913 - val_mse: 0.2913 - val_mae: 0.4379 - 2s/epoch - 168ms/step
Epoch 57/10000

Epoch 57: val_loss did not improve from 0.28143
12/12 - 2s - loss: 0.2766 - mse: 0.2766 - mae: 0.4232 - val_loss: 0.2920 - val_mse: 0.2920 - val_mae: 0.4350 - 2s/epoch - 168ms/step
Epoch 58/10000

Epoch 58: val_loss did not improve from 0.28143
12/12 - 2s - loss: 0.2786 - mse: 0.2786 - mae: 0.4246 - val_loss: 0.3065 - val_mse: 0.3065 - val_mae: 0.4436 - 2s/epoch - 171ms/step
Epoch 59/10000

Epoch 59: val_loss did not improve from 0.28143
12/12 - 2s - loss: 0.2820 - mse: 0.2820 - mae: 0.4269 - val_loss: 0.2872 - val_mse: 0.2872 - val_mae: 0.4349 - 2s/epoch - 168ms/step
Epoch 60/10000

Epoch 60: val_loss did not improve from 0.28143
12/12 - 2s - loss: 0.2774 - mse: 0.2774 - mae: 0.4235 - val_loss: 0.2831 - val_mse: 0.2831 - val_mae: 0.4317 - 2s/epoch - 168ms/step
Epoch 61/10000

Epoch 61: val_loss did not improve from 0.28143
12/12 - 2s - loss: 0.2712 - mse: 0.2712 - mae: 0.4195 - val_loss: 0.2940 - val_mse: 0.2940 - val_mae: 0.4361 - 2s/epoch - 168ms/step
Epoch 62/10000

Epoch 62: val_loss did not improve from 0.28143
12/12 - 2s - loss: 0.2778 - mse: 0.2778 - mae: 0.4239 - val_loss: 0.2824 - val_mse: 0.2824 - val_mae: 0.4303 - 2s/epoch - 168ms/step
Epoch 63/10000

Epoch 63: val_loss did not improve from 0.28143
12/12 - 2s - loss: 0.2727 - mse: 0.2727 - mae: 0.4204 - val_loss: 0.2831 - val_mse: 0.2831 - val_mae: 0.4299 - 2s/epoch - 167ms/step
Epoch 64/10000

Epoch 64: val_loss did not improve from 0.28143
12/12 - 2s - loss: 0.2697 - mse: 0.2697 - mae: 0.4181 - val_loss: 0.3010 - val_mse: 0.3010 - val_mae: 0.4403 - 2s/epoch - 167ms/step
Epoch 65/10000

Epoch 65: val_loss did not improve from 0.28143
12/12 - 2s - loss: 0.2741 - mse: 0.2741 - mae: 0.4212 - val_loss: 0.3024 - val_mse: 0.3024 - val_mae: 0.4412 - 2s/epoch - 168ms/step
Epoch 66/10000

Epoch 66: val_loss did not improve from 0.28143
12/12 - 2s - loss: 0.2810 - mse: 0.2810 - mae: 0.4253 - val_loss: 0.2816 - val_mse: 0.2816 - val_mae: 0.4295 - 2s/epoch - 167ms/step
Epoch 67/10000

Epoch 67: val_loss did not improve from 0.28143
12/12 - 2s - loss: 0.2756 - mse: 0.2756 - mae: 0.4221 - val_loss: 0.2954 - val_mse: 0.2954 - val_mae: 0.4416 - 2s/epoch - 168ms/step
Epoch 68/10000

Epoch 68: val_loss did not improve from 0.28143
12/12 - 2s - loss: 0.2721 - mse: 0.2721 - mae: 0.4201 - val_loss: 0.2830 - val_mse: 0.2830 - val_mae: 0.4298 - 2s/epoch - 169ms/step
Epoch 69/10000

Epoch 69: val_loss did not improve from 0.28143
12/12 - 2s - loss: 0.2702 - mse: 0.2702 - mae: 0.4185 - val_loss: 0.2859 - val_mse: 0.2859 - val_mae: 0.4333 - 2s/epoch - 168ms/step
Epoch 70/10000

Epoch 70: val_loss did not improve from 0.28143
12/12 - 2s - loss: 0.2731 - mse: 0.2731 - mae: 0.4208 - val_loss: 0.2903 - val_mse: 0.2903 - val_mae: 0.4337 - 2s/epoch - 169ms/step
Epoch 71/10000

Epoch 71: val_loss did not improve from 0.28143
12/12 - 2s - loss: 0.2730 - mse: 0.2730 - mae: 0.4203 - val_loss: 0.2823 - val_mse: 0.2823 - val_mae: 0.4308 - 2s/epoch - 167ms/step
Epoch 72/10000

Epoch 72: val_loss did not improve from 0.28143
12/12 - 2s - loss: 0.2698 - mse: 0.2698 - mae: 0.4183 - val_loss: 0.3012 - val_mse: 0.3012 - val_mae: 0.4447 - 2s/epoch - 167ms/step
Epoch 73/10000

Epoch 73: val_loss did not improve from 0.28143
12/12 - 2s - loss: 0.2771 - mse: 0.2771 - mae: 0.4237 - val_loss: 0.2847 - val_mse: 0.2847 - val_mae: 0.4329 - 2s/epoch - 168ms/step
Epoch 74/10000

Epoch 74: val_loss did not improve from 0.28143
12/12 - 2s - loss: 0.2736 - mse: 0.2736 - mae: 0.4210 - val_loss: 0.2840 - val_mse: 0.2840 - val_mae: 0.4301 - 2s/epoch - 168ms/step
Epoch 75/10000

Epoch 75: val_loss did not improve from 0.28143
12/12 - 2s - loss: 0.2711 - mse: 0.2711 - mae: 0.4178 - val_loss: 0.2910 - val_mse: 0.2910 - val_mae: 0.4374 - 2s/epoch - 168ms/step
Epoch 76/10000

Epoch 76: val_loss did not improve from 0.28143
12/12 - 2s - loss: 0.2739 - mse: 0.2739 - mae: 0.4207 - val_loss: 0.2918 - val_mse: 0.2918 - val_mae: 0.4349 - 2s/epoch - 168ms/step
Epoch 77/10000

Epoch 77: val_loss did not improve from 0.28143
12/12 - 2s - loss: 0.2824 - mse: 0.2824 - mae: 0.4266 - val_loss: 0.2891 - val_mse: 0.2891 - val_mae: 0.4327 - 2s/epoch - 168ms/step
Epoch 78/10000

Epoch 78: val_loss did not improve from 0.28143
12/12 - 2s - loss: 0.2774 - mse: 0.2774 - mae: 0.4225 - val_loss: 0.2868 - val_mse: 0.2868 - val_mae: 0.4339 - 2s/epoch - 168ms/step
Epoch 79/10000

Epoch 79: val_loss did not improve from 0.28143
12/12 - 2s - loss: 0.2716 - mse: 0.2716 - mae: 0.4189 - val_loss: 0.2874 - val_mse: 0.2874 - val_mae: 0.4344 - 2s/epoch - 168ms/step
Epoch 80/10000

Epoch 80: val_loss improved from 0.28143 to 0.28115, saving model to ./results/NN_rms_regr/ResNet/recursion_8/ckpt_1
12/12 - 3s - loss: 0.2702 - mse: 0.2702 - mae: 0.4182 - val_loss: 0.2812 - val_mse: 0.2812 - val_mae: 0.4288 - 3s/epoch - 241ms/step
Epoch 81/10000

Epoch 81: val_loss did not improve from 0.28115
12/12 - 2s - loss: 0.2691 - mse: 0.2691 - mae: 0.4171 - val_loss: 0.2950 - val_mse: 0.2950 - val_mae: 0.4363 - 2s/epoch - 168ms/step
Epoch 82/10000

Epoch 82: val_loss did not improve from 0.28115
12/12 - 2s - loss: 0.2729 - mse: 0.2729 - mae: 0.4199 - val_loss: 0.3006 - val_mse: 0.3006 - val_mae: 0.4439 - 2s/epoch - 168ms/step
Epoch 83/10000

Epoch 83: val_loss did not improve from 0.28115
12/12 - 2s - loss: 0.2762 - mse: 0.2762 - mae: 0.4221 - val_loss: 0.2815 - val_mse: 0.2815 - val_mae: 0.4297 - 2s/epoch - 168ms/step
Epoch 84/10000

Epoch 84: val_loss did not improve from 0.28115
12/12 - 2s - loss: 0.2731 - mse: 0.2731 - mae: 0.4200 - val_loss: 0.2943 - val_mse: 0.2943 - val_mae: 0.4357 - 2s/epoch - 168ms/step
Epoch 85/10000

Epoch 85: val_loss did not improve from 0.28115
12/12 - 2s - loss: 0.2739 - mse: 0.2739 - mae: 0.4205 - val_loss: 0.2834 - val_mse: 0.2834 - val_mae: 0.4313 - 2s/epoch - 168ms/step
Epoch 86/10000

Epoch 86: val_loss improved from 0.28115 to 0.28100, saving model to ./results/NN_rms_regr/ResNet/recursion_8/ckpt_1
12/12 - 3s - loss: 0.2724 - mse: 0.2724 - mae: 0.4202 - val_loss: 0.2810 - val_mse: 0.2810 - val_mae: 0.4288 - 3s/epoch - 242ms/step
Epoch 87/10000

Epoch 87: val_loss did not improve from 0.28100
12/12 - 2s - loss: 0.2710 - mse: 0.2710 - mae: 0.4184 - val_loss: 0.3036 - val_mse: 0.3036 - val_mae: 0.4469 - 2s/epoch - 168ms/step
Epoch 88/10000

Epoch 88: val_loss did not improve from 0.28100
12/12 - 2s - loss: 0.2838 - mse: 0.2838 - mae: 0.4274 - val_loss: 0.3058 - val_mse: 0.3058 - val_mae: 0.4430 - 2s/epoch - 169ms/step
Epoch 89/10000

Epoch 89: val_loss did not improve from 0.28100
12/12 - 2s - loss: 0.2860 - mse: 0.2860 - mae: 0.4294 - val_loss: 0.3052 - val_mse: 0.3052 - val_mae: 0.4474 - 2s/epoch - 168ms/step
Epoch 90/10000

Epoch 90: val_loss did not improve from 0.28100
12/12 - 2s - loss: 0.2805 - mse: 0.2805 - mae: 0.4257 - val_loss: 0.3019 - val_mse: 0.3019 - val_mae: 0.4407 - 2s/epoch - 168ms/step
Epoch 91/10000

Epoch 91: val_loss did not improve from 0.28100
12/12 - 2s - loss: 0.2839 - mse: 0.2839 - mae: 0.4282 - val_loss: 0.2811 - val_mse: 0.2811 - val_mae: 0.4293 - 2s/epoch - 168ms/step
Epoch 92/10000

Epoch 92: val_loss did not improve from 0.28100
12/12 - 2s - loss: 0.2702 - mse: 0.2702 - mae: 0.4183 - val_loss: 0.2914 - val_mse: 0.2914 - val_mae: 0.4379 - 2s/epoch - 168ms/step
Epoch 93/10000

Epoch 93: val_loss did not improve from 0.28100
12/12 - 2s - loss: 0.2711 - mse: 0.2711 - mae: 0.4186 - val_loss: 0.2923 - val_mse: 0.2923 - val_mae: 0.4348 - 2s/epoch - 168ms/step
Epoch 94/10000

Epoch 94: val_loss did not improve from 0.28100
12/12 - 2s - loss: 0.2728 - mse: 0.2728 - mae: 0.4196 - val_loss: 0.2828 - val_mse: 0.2828 - val_mae: 0.4301 - 2s/epoch - 168ms/step
Epoch 95/10000

Epoch 95: val_loss did not improve from 0.28100
12/12 - 2s - loss: 0.2713 - mse: 0.2713 - mae: 0.4186 - val_loss: 0.2846 - val_mse: 0.2846 - val_mae: 0.4322 - 2s/epoch - 168ms/step
Epoch 96/10000

Epoch 96: val_loss did not improve from 0.28100
12/12 - 2s - loss: 0.2700 - mse: 0.2700 - mae: 0.4176 - val_loss: 0.2813 - val_mse: 0.2813 - val_mae: 0.4295 - 2s/epoch - 167ms/step
Epoch 97/10000

Epoch 97: val_loss did not improve from 0.28100
12/12 - 2s - loss: 0.2701 - mse: 0.2701 - mae: 0.4176 - val_loss: 0.3138 - val_mse: 0.3138 - val_mae: 0.4538 - 2s/epoch - 168ms/step
Epoch 98/10000

Epoch 98: val_loss did not improve from 0.28100
12/12 - 2s - loss: 0.2805 - mse: 0.2805 - mae: 0.4253 - val_loss: 0.2814 - val_mse: 0.2814 - val_mae: 0.4294 - 2s/epoch - 169ms/step
Epoch 99/10000

Epoch 99: val_loss did not improve from 0.28100
12/12 - 2s - loss: 0.2699 - mse: 0.2699 - mae: 0.4177 - val_loss: 0.2889 - val_mse: 0.2889 - val_mae: 0.4326 - 2s/epoch - 168ms/step
Epoch 100/10000

Epoch 100: val_loss did not improve from 0.28100
12/12 - 2s - loss: 0.2742 - mse: 0.2742 - mae: 0.4209 - val_loss: 0.3086 - val_mse: 0.3086 - val_mae: 0.4500 - 2s/epoch - 167ms/step
Epoch 101/10000

Epoch 101: val_loss did not improve from 0.28100
12/12 - 2s - loss: 0.2764 - mse: 0.2764 - mae: 0.4228 - val_loss: 0.3035 - val_mse: 0.3035 - val_mae: 0.4415 - 2s/epoch - 168ms/step
Epoch 102/10000

Epoch 102: val_loss did not improve from 0.28100
12/12 - 2s - loss: 0.2772 - mse: 0.2772 - mae: 0.4226 - val_loss: 0.2817 - val_mse: 0.2817 - val_mae: 0.4296 - 2s/epoch - 168ms/step
Epoch 103/10000

Epoch 103: val_loss did not improve from 0.28100
12/12 - 2s - loss: 0.2733 - mse: 0.2733 - mae: 0.4207 - val_loss: 0.2908 - val_mse: 0.2908 - val_mae: 0.4341 - 2s/epoch - 168ms/step
Epoch 104/10000

Epoch 104: val_loss did not improve from 0.28100
12/12 - 2s - loss: 0.2734 - mse: 0.2734 - mae: 0.4201 - val_loss: 0.2812 - val_mse: 0.2812 - val_mae: 0.4294 - 2s/epoch - 169ms/step
Epoch 105/10000

Epoch 105: val_loss did not improve from 0.28100
12/12 - 2s - loss: 0.2725 - mse: 0.2725 - mae: 0.4199 - val_loss: 0.3224 - val_mse: 0.3224 - val_mae: 0.4537 - 2s/epoch - 168ms/step
Epoch 106/10000

Epoch 106: val_loss did not improve from 0.28100
12/12 - 2s - loss: 0.2810 - mse: 0.2810 - mae: 0.4253 - val_loss: 0.2914 - val_mse: 0.2914 - val_mae: 0.4377 - 2s/epoch - 168ms/step
Epoch 107/10000

Epoch 107: val_loss did not improve from 0.28100
12/12 - 2s - loss: 0.2750 - mse: 0.2750 - mae: 0.4217 - val_loss: 0.2810 - val_mse: 0.2810 - val_mae: 0.4292 - 2s/epoch - 168ms/step
Epoch 108/10000

Epoch 108: val_loss did not improve from 0.28100
12/12 - 2s - loss: 0.2732 - mse: 0.2732 - mae: 0.4207 - val_loss: 0.2900 - val_mse: 0.2900 - val_mae: 0.4361 - 2s/epoch - 168ms/step
Epoch 109/10000

Epoch 109: val_loss did not improve from 0.28100
12/12 - 2s - loss: 0.2740 - mse: 0.2740 - mae: 0.4209 - val_loss: 0.3032 - val_mse: 0.3032 - val_mae: 0.4416 - 2s/epoch - 172ms/step
Epoch 110/10000

Epoch 110: val_loss improved from 0.28100 to 0.28098, saving model to ./results/NN_rms_regr/ResNet/recursion_8/ckpt_1
12/12 - 3s - loss: 0.2812 - mse: 0.2812 - mae: 0.4256 - val_loss: 0.2810 - val_mse: 0.2810 - val_mae: 0.4288 - 3s/epoch - 238ms/step
Epoch 111/10000

Epoch 111: val_loss did not improve from 0.28098
12/12 - 2s - loss: 0.2692 - mse: 0.2692 - mae: 0.4171 - val_loss: 0.2955 - val_mse: 0.2955 - val_mae: 0.4366 - 2s/epoch - 169ms/step
Epoch 112/10000

Epoch 112: val_loss did not improve from 0.28098
12/12 - 2s - loss: 0.2716 - mse: 0.2716 - mae: 0.4185 - val_loss: 0.3052 - val_mse: 0.3052 - val_mae: 0.4477 - 2s/epoch - 170ms/step
Epoch 113/10000

Epoch 113: val_loss did not improve from 0.28098
12/12 - 2s - loss: 0.2760 - mse: 0.2760 - mae: 0.4226 - val_loss: 0.2894 - val_mse: 0.2894 - val_mae: 0.4327 - 2s/epoch - 170ms/step
Epoch 114/10000

Epoch 114: val_loss did not improve from 0.28098
12/12 - 2s - loss: 0.2777 - mse: 0.2777 - mae: 0.4235 - val_loss: 0.2813 - val_mse: 0.2813 - val_mae: 0.4289 - 2s/epoch - 168ms/step
Epoch 115/10000

Epoch 115: val_loss did not improve from 0.28098
12/12 - 2s - loss: 0.2761 - mse: 0.2761 - mae: 0.4217 - val_loss: 0.2818 - val_mse: 0.2818 - val_mae: 0.4297 - 2s/epoch - 168ms/step
Epoch 116/10000

Epoch 116: val_loss did not improve from 0.28098
12/12 - 2s - loss: 0.2739 - mse: 0.2739 - mae: 0.4210 - val_loss: 0.2838 - val_mse: 0.2838 - val_mae: 0.4296 - 2s/epoch - 171ms/step
Epoch 117/10000

Epoch 117: val_loss did not improve from 0.28098
12/12 - 2s - loss: 0.2757 - mse: 0.2757 - mae: 0.4211 - val_loss: 0.2818 - val_mse: 0.2818 - val_mae: 0.4294 - 2s/epoch - 168ms/step
Epoch 118/10000

Epoch 118: val_loss did not improve from 0.28098
12/12 - 2s - loss: 0.2690 - mse: 0.2690 - mae: 0.4169 - val_loss: 0.2820 - val_mse: 0.2820 - val_mae: 0.4287 - 2s/epoch - 168ms/step
Epoch 119/10000

Epoch 119: val_loss did not improve from 0.28098
12/12 - 2s - loss: 0.2694 - mse: 0.2694 - mae: 0.4168 - val_loss: 0.3196 - val_mse: 0.3196 - val_mae: 0.4521 - 2s/epoch - 168ms/step
Epoch 120/10000

Epoch 120: val_loss did not improve from 0.28098
12/12 - 2s - loss: 0.2895 - mse: 0.2895 - mae: 0.4318 - val_loss: 0.3047 - val_mse: 0.3047 - val_mae: 0.4474 - 2s/epoch - 167ms/step
Epoch 121/10000

Epoch 121: val_loss did not improve from 0.28098
12/12 - 2s - loss: 0.2824 - mse: 0.2824 - mae: 0.4272 - val_loss: 0.3074 - val_mse: 0.3074 - val_mae: 0.4440 - 2s/epoch - 168ms/step
Epoch 122/10000

Epoch 122: val_loss did not improve from 0.28098
12/12 - 2s - loss: 0.2761 - mse: 0.2761 - mae: 0.4220 - val_loss: 0.2836 - val_mse: 0.2836 - val_mae: 0.4312 - 2s/epoch - 168ms/step
Epoch 123/10000

Epoch 123: val_loss did not improve from 0.28098
12/12 - 2s - loss: 0.2705 - mse: 0.2705 - mae: 0.4180 - val_loss: 0.2817 - val_mse: 0.2817 - val_mae: 0.4292 - 2s/epoch - 168ms/step
Epoch 124/10000

Epoch 124: val_loss did not improve from 0.28098
12/12 - 2s - loss: 0.2715 - mse: 0.2715 - mae: 0.4187 - val_loss: 0.2842 - val_mse: 0.2842 - val_mae: 0.4302 - 2s/epoch - 168ms/step
Epoch 125/10000

Epoch 125: val_loss did not improve from 0.28098
12/12 - 2s - loss: 0.2725 - mse: 0.2725 - mae: 0.4190 - val_loss: 0.2904 - val_mse: 0.2904 - val_mae: 0.4370 - 2s/epoch - 168ms/step
Epoch 126/10000

Epoch 126: val_loss did not improve from 0.28098
12/12 - 2s - loss: 0.2719 - mse: 0.2719 - mae: 0.4193 - val_loss: 0.2950 - val_mse: 0.2950 - val_mae: 0.4359 - 2s/epoch - 168ms/step
Epoch 127/10000

Epoch 127: val_loss did not improve from 0.28098
12/12 - 2s - loss: 0.2723 - mse: 0.2723 - mae: 0.4190 - val_loss: 0.2818 - val_mse: 0.2818 - val_mae: 0.4291 - 2s/epoch - 168ms/step
Epoch 128/10000

Epoch 128: val_loss did not improve from 0.28098
12/12 - 2s - loss: 0.2778 - mse: 0.2778 - mae: 0.4232 - val_loss: 0.3020 - val_mse: 0.3020 - val_mae: 0.4449 - 2s/epoch - 168ms/step
Epoch 129/10000

Epoch 129: val_loss did not improve from 0.28098
12/12 - 2s - loss: 0.2804 - mse: 0.2804 - mae: 0.4252 - val_loss: 0.2811 - val_mse: 0.2811 - val_mae: 0.4288 - 2s/epoch - 167ms/step
Epoch 130/10000

Epoch 130: val_loss did not improve from 0.28098
12/12 - 2s - loss: 0.2708 - mse: 0.2708 - mae: 0.4181 - val_loss: 0.2822 - val_mse: 0.2822 - val_mae: 0.4293 - 2s/epoch - 168ms/step
Epoch 131/10000

Epoch 131: val_loss did not improve from 0.28098
12/12 - 2s - loss: 0.2697 - mse: 0.2697 - mae: 0.4171 - val_loss: 0.2817 - val_mse: 0.2817 - val_mae: 0.4294 - 2s/epoch - 168ms/step
Epoch 132/10000

Epoch 132: val_loss improved from 0.28098 to 0.28083, saving model to ./results/NN_rms_regr/ResNet/recursion_8/ckpt_1
12/12 - 3s - loss: 0.2710 - mse: 0.2710 - mae: 0.4186 - val_loss: 0.2808 - val_mse: 0.2808 - val_mae: 0.4286 - 3s/epoch - 240ms/step
Epoch 133/10000

Epoch 133: val_loss did not improve from 0.28083
12/12 - 2s - loss: 0.2687 - mse: 0.2687 - mae: 0.4167 - val_loss: 0.2825 - val_mse: 0.2825 - val_mae: 0.4287 - 2s/epoch - 168ms/step
Epoch 134/10000

Epoch 134: val_loss did not improve from 0.28083
12/12 - 2s - loss: 0.2687 - mse: 0.2687 - mae: 0.4167 - val_loss: 0.2875 - val_mse: 0.2875 - val_mae: 0.4341 - 2s/epoch - 167ms/step
Epoch 135/10000

Epoch 135: val_loss did not improve from 0.28083
12/12 - 2s - loss: 0.2753 - mse: 0.2753 - mae: 0.4212 - val_loss: 0.2987 - val_mse: 0.2987 - val_mae: 0.4383 - 2s/epoch - 168ms/step
Epoch 136/10000

Epoch 136: val_loss did not improve from 0.28083
12/12 - 2s - loss: 0.2776 - mse: 0.2776 - mae: 0.4229 - val_loss: 0.2936 - val_mse: 0.2936 - val_mae: 0.4388 - 2s/epoch - 168ms/step
Epoch 137/10000

Epoch 137: val_loss did not improve from 0.28083
12/12 - 2s - loss: 0.2778 - mse: 0.2778 - mae: 0.4222 - val_loss: 0.2909 - val_mse: 0.2909 - val_mae: 0.4369 - 2s/epoch - 169ms/step
Epoch 138/10000

Epoch 138: val_loss did not improve from 0.28083
12/12 - 2s - loss: 0.2731 - mse: 0.2731 - mae: 0.4200 - val_loss: 0.2818 - val_mse: 0.2818 - val_mae: 0.4294 - 2s/epoch - 167ms/step
Epoch 139/10000

Epoch 139: val_loss did not improve from 0.28083
12/12 - 2s - loss: 0.2693 - mse: 0.2693 - mae: 0.4168 - val_loss: 0.2864 - val_mse: 0.2864 - val_mae: 0.4307 - 2s/epoch - 168ms/step
Epoch 140/10000

Epoch 140: val_loss did not improve from 0.28083
12/12 - 2s - loss: 0.2703 - mse: 0.2703 - mae: 0.4176 - val_loss: 0.2972 - val_mse: 0.2972 - val_mae: 0.4418 - 2s/epoch - 168ms/step
Epoch 141/10000

Epoch 141: val_loss did not improve from 0.28083
12/12 - 2s - loss: 0.2765 - mse: 0.2765 - mae: 0.4228 - val_loss: 0.3042 - val_mse: 0.3042 - val_mae: 0.4420 - 2s/epoch - 168ms/step
Epoch 142/10000

Epoch 142: val_loss did not improve from 0.28083
12/12 - 2s - loss: 0.2824 - mse: 0.2824 - mae: 0.4257 - val_loss: 0.2862 - val_mse: 0.2862 - val_mae: 0.4307 - 2s/epoch - 167ms/step
Epoch 143/10000

Epoch 143: val_loss did not improve from 0.28083
12/12 - 2s - loss: 0.2729 - mse: 0.2729 - mae: 0.4199 - val_loss: 0.2921 - val_mse: 0.2921 - val_mae: 0.4376 - 2s/epoch - 168ms/step
Epoch 144/10000

Epoch 144: val_loss did not improve from 0.28083
12/12 - 2s - loss: 0.2735 - mse: 0.2735 - mae: 0.4200 - val_loss: 0.2849 - val_mse: 0.2849 - val_mae: 0.4301 - 2s/epoch - 168ms/step
Epoch 145/10000

Epoch 145: val_loss did not improve from 0.28083
12/12 - 2s - loss: 0.2700 - mse: 0.2700 - mae: 0.4174 - val_loss: 0.2919 - val_mse: 0.2919 - val_mae: 0.4340 - 2s/epoch - 167ms/step
Epoch 146/10000

Epoch 146: val_loss did not improve from 0.28083
12/12 - 2s - loss: 0.2752 - mse: 0.2752 - mae: 0.4211 - val_loss: 0.3057 - val_mse: 0.3057 - val_mae: 0.4476 - 2s/epoch - 168ms/step
Epoch 147/10000

Epoch 147: val_loss did not improve from 0.28083
12/12 - 2s - loss: 0.2778 - mse: 0.2778 - mae: 0.4231 - val_loss: 0.3023 - val_mse: 0.3023 - val_mae: 0.4413 - 2s/epoch - 173ms/step
Epoch 148/10000

Epoch 148: val_loss did not improve from 0.28083
12/12 - 2s - loss: 0.2766 - mse: 0.2766 - mae: 0.4228 - val_loss: 0.2972 - val_mse: 0.2972 - val_mae: 0.4377 - 2s/epoch - 166ms/step
Epoch 149/10000

Epoch 149: val_loss did not improve from 0.28083
12/12 - 2s - loss: 0.2772 - mse: 0.2772 - mae: 0.4218 - val_loss: 0.2916 - val_mse: 0.2916 - val_mae: 0.4339 - 2s/epoch - 167ms/step
Epoch 150/10000

Epoch 150: val_loss did not improve from 0.28083
12/12 - 2s - loss: 0.2779 - mse: 0.2779 - mae: 0.4240 - val_loss: 0.2846 - val_mse: 0.2846 - val_mae: 0.4318 - 2s/epoch - 168ms/step
Epoch 151/10000

Epoch 151: val_loss did not improve from 0.28083
12/12 - 2s - loss: 0.2690 - mse: 0.2690 - mae: 0.4169 - val_loss: 0.2951 - val_mse: 0.2951 - val_mae: 0.4359 - 2s/epoch - 168ms/step
Epoch 152/10000

Epoch 152: val_loss did not improve from 0.28083
12/12 - 2s - loss: 0.2756 - mse: 0.2756 - mae: 0.4211 - val_loss: 0.2814 - val_mse: 0.2814 - val_mae: 0.4289 - 2s/epoch - 168ms/step
Epoch 153/10000

Epoch 153: val_loss did not improve from 0.28083
12/12 - 2s - loss: 0.2706 - mse: 0.2706 - mae: 0.4180 - val_loss: 0.2867 - val_mse: 0.2867 - val_mae: 0.4311 - 2s/epoch - 167ms/step
Epoch 154/10000

Epoch 154: val_loss did not improve from 0.28083
12/12 - 2s - loss: 0.2741 - mse: 0.2741 - mae: 0.4201 - val_loss: 0.2909 - val_mse: 0.2909 - val_mae: 0.4334 - 2s/epoch - 168ms/step
Epoch 155/10000

Epoch 155: val_loss did not improve from 0.28083
12/12 - 2s - loss: 0.2724 - mse: 0.2724 - mae: 0.4192 - val_loss: 0.2823 - val_mse: 0.2823 - val_mae: 0.4298 - 2s/epoch - 168ms/step
Epoch 156/10000

Epoch 156: val_loss did not improve from 0.28083
12/12 - 2s - loss: 0.2700 - mse: 0.2700 - mae: 0.4175 - val_loss: 0.2820 - val_mse: 0.2820 - val_mae: 0.4284 - 2s/epoch - 168ms/step
Epoch 157/10000

Epoch 157: val_loss did not improve from 0.28083
12/12 - 2s - loss: 0.2695 - mse: 0.2695 - mae: 0.4172 - val_loss: 0.3521 - val_mse: 0.3521 - val_mae: 0.4800 - 2s/epoch - 167ms/step
Epoch 158/10000

Epoch 158: val_loss did not improve from 0.28083
12/12 - 2s - loss: 0.2979 - mse: 0.2979 - mae: 0.4378 - val_loss: 0.3555 - val_mse: 0.3555 - val_mae: 0.4827 - 2s/epoch - 167ms/step
Epoch 159/10000

Epoch 159: val_loss did not improve from 0.28083
12/12 - 2s - loss: 0.3149 - mse: 0.3149 - mae: 0.4515 - val_loss: 0.3108 - val_mse: 0.3108 - val_mae: 0.4461 - 2s/epoch - 168ms/step
Epoch 160/10000

Epoch 160: val_loss did not improve from 0.28083
12/12 - 2s - loss: 0.2783 - mse: 0.2783 - mae: 0.4232 - val_loss: 0.3015 - val_mse: 0.3015 - val_mae: 0.4406 - 2s/epoch - 168ms/step
Epoch 161/10000

Epoch 161: val_loss did not improve from 0.28083
12/12 - 2s - loss: 0.2842 - mse: 0.2842 - mae: 0.4274 - val_loss: 0.3211 - val_mse: 0.3211 - val_mae: 0.4592 - 2s/epoch - 168ms/step
Epoch 162/10000

Epoch 162: val_loss did not improve from 0.28083
12/12 - 2s - loss: 0.2834 - mse: 0.2834 - mae: 0.4274 - val_loss: 0.3016 - val_mse: 0.3016 - val_mae: 0.4401 - 2s/epoch - 168ms/step
Epoch 163/10000

Epoch 163: val_loss did not improve from 0.28083
12/12 - 2s - loss: 0.2750 - mse: 0.2750 - mae: 0.4210 - val_loss: 0.2896 - val_mse: 0.2896 - val_mae: 0.4355 - 2s/epoch - 168ms/step
Epoch 164/10000

Epoch 164: val_loss did not improve from 0.28083
12/12 - 2s - loss: 0.2706 - mse: 0.2706 - mae: 0.4180 - val_loss: 0.2822 - val_mse: 0.2822 - val_mae: 0.4287 - 2s/epoch - 167ms/step
Epoch 165/10000

Epoch 165: val_loss did not improve from 0.28083
12/12 - 2s - loss: 0.2697 - mse: 0.2697 - mae: 0.4174 - val_loss: 0.3034 - val_mse: 0.3034 - val_mae: 0.4412 - 2s/epoch - 168ms/step
Epoch 166/10000

Epoch 166: val_loss did not improve from 0.28083
12/12 - 2s - loss: 0.2765 - mse: 0.2765 - mae: 0.4217 - val_loss: 0.2920 - val_mse: 0.2920 - val_mae: 0.4351 - 2s/epoch - 168ms/step
Epoch 167/10000

Epoch 167: val_loss did not improve from 0.28083
12/12 - 2s - loss: 0.2725 - mse: 0.2725 - mae: 0.4191 - val_loss: 0.2933 - val_mse: 0.2933 - val_mae: 0.4354 - 2s/epoch - 167ms/step
Epoch 168/10000

Epoch 168: val_loss did not improve from 0.28083
12/12 - 2s - loss: 0.2750 - mse: 0.2750 - mae: 0.4204 - val_loss: 0.2814 - val_mse: 0.2814 - val_mae: 0.4292 - 2s/epoch - 168ms/step
Epoch 169/10000

Epoch 169: val_loss did not improve from 0.28083
12/12 - 2s - loss: 0.2718 - mse: 0.2718 - mae: 0.4191 - val_loss: 0.2938 - val_mse: 0.2938 - val_mae: 0.4351 - 2s/epoch - 167ms/step
Epoch 170/10000

Epoch 170: val_loss did not improve from 0.28083
12/12 - 2s - loss: 0.2774 - mse: 0.2774 - mae: 0.4224 - val_loss: 0.3177 - val_mse: 0.3177 - val_mae: 0.4565 - 2s/epoch - 168ms/step
Epoch 171/10000

Epoch 171: val_loss did not improve from 0.28083
12/12 - 2s - loss: 0.2972 - mse: 0.2972 - mae: 0.4373 - val_loss: 0.3181 - val_mse: 0.3181 - val_mae: 0.4560 - 2s/epoch - 167ms/step
Epoch 172/10000

Epoch 172: val_loss did not improve from 0.28083
12/12 - 2s - loss: 0.2867 - mse: 0.2867 - mae: 0.4293 - val_loss: 0.3044 - val_mse: 0.3044 - val_mae: 0.4418 - 2s/epoch - 168ms/step
Epoch 173/10000

Epoch 173: val_loss did not improve from 0.28083
12/12 - 2s - loss: 0.2736 - mse: 0.2736 - mae: 0.4199 - val_loss: 0.2835 - val_mse: 0.2835 - val_mae: 0.4294 - 2s/epoch - 170ms/step
Epoch 174/10000

Epoch 174: val_loss did not improve from 0.28083
12/12 - 2s - loss: 0.2689 - mse: 0.2689 - mae: 0.4166 - val_loss: 0.2887 - val_mse: 0.2887 - val_mae: 0.4319 - 2s/epoch - 168ms/step
Epoch 175/10000

Epoch 175: val_loss did not improve from 0.28083
12/12 - 2s - loss: 0.2695 - mse: 0.2695 - mae: 0.4167 - val_loss: 0.2817 - val_mse: 0.2817 - val_mae: 0.4283 - 2s/epoch - 168ms/step
Epoch 176/10000

Epoch 176: val_loss did not improve from 0.28083
12/12 - 2s - loss: 0.2691 - mse: 0.2691 - mae: 0.4167 - val_loss: 0.2814 - val_mse: 0.2814 - val_mae: 0.4287 - 2s/epoch - 168ms/step
Epoch 177/10000

Epoch 177: val_loss did not improve from 0.28083
12/12 - 2s - loss: 0.2684 - mse: 0.2684 - mae: 0.4158 - val_loss: 0.2951 - val_mse: 0.2951 - val_mae: 0.4361 - 2s/epoch - 167ms/step
Epoch 178/10000

Epoch 178: val_loss did not improve from 0.28083
12/12 - 2s - loss: 0.2815 - mse: 0.2815 - mae: 0.4250 - val_loss: 0.3297 - val_mse: 0.3297 - val_mae: 0.4644 - 2s/epoch - 168ms/step
Epoch 179/10000

Epoch 179: val_loss did not improve from 0.28083
12/12 - 2s - loss: 0.2863 - mse: 0.2863 - mae: 0.4277 - val_loss: 0.2975 - val_mse: 0.2975 - val_mae: 0.4376 - 2s/epoch - 167ms/step
Epoch 180/10000

Epoch 180: val_loss did not improve from 0.28083
12/12 - 2s - loss: 0.2787 - mse: 0.2787 - mae: 0.4225 - val_loss: 0.3885 - val_mse: 0.3885 - val_mae: 0.5053 - 2s/epoch - 168ms/step
Epoch 181/10000

Epoch 181: val_loss did not improve from 0.28083
12/12 - 2s - loss: 0.3077 - mse: 0.3077 - mae: 0.4437 - val_loss: 0.3930 - val_mse: 0.3930 - val_mae: 0.5006 - 2s/epoch - 168ms/step
Epoch 182/10000

Epoch 182: val_loss did not improve from 0.28083
12/12 - 2s - loss: 0.3065 - mse: 0.3065 - mae: 0.4433 - val_loss: 0.3187 - val_mse: 0.3187 - val_mae: 0.4570 - 2s/epoch - 167ms/step
Epoch 182: early stopping
