[ 13.14519438  30.04553007  46.53366244  63.02179482  79.5099272
  95.99805957 112.48619195 128.97432432 145.4624567  161.95058908
 178.43872145 194.92685383 211.41498621 227.90311858 244.39125096
 260.87938334 277.36751571 293.85564809 310.34378047 326.83191284
 343.32004522 359.80817759 376.29630997 392.78444235 409.27257472
 425.7607071 ]
Before undersampling: [(0, 375), (1, 834), (2, 3661), (3, 4955), (4, 3156), (5, 2425), (6, 2195), (7, 1862), (8, 1648), (9, 1497), (10, 1418), (11, 1313), (12, 1182), (13, 1082), (14, 902), (15, 843), (16, 708), (17, 675), (18, 486), (19, 429), (20, 347), (21, 282), (22, 251), (23, 195), (24, 209)]
After undersampling: [(0, 156), (1, 415), (2, 2458), (3, 3286), (4, 2224), (5, 1763), (6, 1492), (7, 1311), (8, 1204), (9, 1075), (10, 951), (11, 888), (12, 851), (13, 800), (14, 647), (15, 580), (16, 503), (17, 477), (18, 318), (19, 296), (20, 222), (21, 178), (22, 173), (23, 195), (24, 169)]
            label  HH_0_0_x  HV_0_0_x  IA_0_0_x       FYI      DFYI       MYI     rms_0     thk_1     rms_1     thk_2     rms_2     thk_3     rms_3  ...    3         4    5         6         7         8         9        10   11        12   13        14        15                                                CNN
0       29.135869  0.145098  0.047059  0.123732  0.575164  0.360316  0.064520  4.583027  1.189031  4.644719  1.142505  4.592223  1.167917  4.599802  ...  0.0  0.993131  0.0  0.598560  0.592935  0.811519  0.275490  0.927885  0.0  0.715150  0.0  0.686275  0.508796  [[[[0.2784313725490196], [0.1236956054089116],...
1       23.686239  0.207843  0.078431  0.111921  0.829728  0.120537  0.049734  4.523755  1.175702  4.510325  1.138530  4.505582  1.171840  4.433415  ...  0.0  0.983390  0.0  0.599557  0.571770  0.807101  0.303391  0.894459  0.0  0.721487  0.0  0.693647  0.514643  [[[[0.1764705882352941], [0.1118825650682636],...
2       18.199709  0.262745  0.098039  0.122551  0.358604  0.436639  0.204758  4.928278  1.260815  4.887290  1.202132  4.888897  1.239850  4.908949  ...  0.0  0.950143  0.0  0.614119  0.492838  0.802606  0.304801  0.890201  0.0  0.667761  0.0  0.687097  0.409833  [[[[0.2352941176470588], [0.1225147322112438],...
3       22.318417  0.239216  0.054902  0.086934  0.543245  0.430078  0.026677  4.622436  1.165559  4.556112  1.136639  4.540085  1.132884  4.516944  ...  0.0  1.107404  0.0  0.682752  0.640946  0.897752  0.309944  1.021988  0.0  0.812235  0.0  0.791251  0.572239  [[[[0.2078431372549019], [0.0869757783179189],...
4       27.557560  0.203922  0.078431  0.152141  0.962041  0.011356  0.026604  4.359618  1.167833  4.431175  1.149102  4.402533  1.149514  4.336469  ...  0.0  0.914490  0.0  0.505533  0.552292  0.701366  0.198895  0.826701  0.0  0.653340  0.0  0.592506  0.477327  [[[[0.1607843137254902], [0.1521730759564568],...
...           ...       ...       ...       ...       ...       ...       ...       ...       ...       ...       ...       ...       ...       ...  ...  ...       ...  ...       ...       ...       ...       ...       ...  ...       ...  ...       ...       ...                                                ...
22627  417.027580  0.505882  0.090196  0.152162  0.185910  0.031902  0.782188  4.486675  1.202497  4.531466  1.252972  4.593008  1.239219  4.510143  ...  0.0  0.839703  0.0  0.468273  0.499118  0.650608  0.278814  0.681403  0.0  0.621146  0.0  0.548368  0.455899  [[[[0.4196078431372549], [0.15219440834195], [...
22628  417.866263  0.392157  0.125490  0.152184  0.189279  0.051355  0.759366  4.590506  1.242536  4.658542  1.255140  4.682031  1.275536  4.639037  ...  0.0  0.753041  0.0  0.432618  0.424933  0.606180  0.279904  0.615722  0.0  0.551801  0.0  0.504145  0.391604  [[[[0.3490196078431372], [0.1522158155254289],...
22629  421.196328  0.631373  0.466667  0.154089  0.004261  0.000064  0.995674  1.187829  0.197352  0.941815  0.203265  0.245285  0.157730  0.213412  ...  0.0  0.644292  0.0  0.466233  0.184014  0.544459  0.317551  0.496343  0.0  0.488684  0.0  0.521621  0.200857  [[[[0.596078431372549], [0.1541208603802849], ...
22630  416.289186  0.517647  0.160784  0.153404  0.011037  0.000341  0.988622  1.187829  0.197352  0.941815  0.203265  0.245285  0.157730  0.213412  ...  0.0  0.792541  0.0  0.518223  0.461039  0.679398  0.335284  0.699151  0.0  0.512142  0.0  0.532694  0.315921  [[[[0.4078431372549019], [0.1534358903473499],...
22631  423.194662  0.341176  0.274510  0.153307  0.003870  0.000024  0.996105  1.187829  0.197352  0.941815  0.203265  0.245285  0.157730  0.213412  ...  0.0  0.712026  0.0  0.452670  0.356484  0.560431  0.500874  0.445316  0.0  0.508642  0.0  0.462847  0.257479  [[[[0.5686274509803921], [0.1533395804610907],...

[22632 rows x 128 columns]
Size of dataset: (22632, 127)
*************************** Fold #: 1 ***************************
Model: "model"
__________________________________________________________________________________________________
 Layer (type)                   Output Shape         Param #     Connected to                     
==================================================================================================
 conv (InputLayer)              [(None, 7, 7, 3, 1)  0           []                               
                                ]                                                                 
                                                                                                  
 zero_padding3d (ZeroPadding3D)  (None, 8, 8, 4, 1)  0           ['conv[0][0]']                   
                                                                                                  
 conv3d (Conv3D)                (None, 8, 8, 4, 8)   224         ['zero_padding3d[0][0]']         
                                                                                                  
 max_pooling3d (MaxPooling3D)   (None, 4, 4, 2, 8)   0           ['conv3d[0][0]']                 
                                                                                                  
 conv3d_1 (Conv3D)              (None, 4, 4, 2, 4)   868         ['max_pooling3d[0][0]']          
                                                                                                  
 max_pooling3d_1 (MaxPooling3D)  (None, 2, 2, 1, 4)  0           ['conv3d_1[0][0]']               
                                                                                                  
 cat (InputLayer)               [(None, 126)]        0           []                               
                                                                                                  
 flatten (Flatten)              (None, 16)           0           ['max_pooling3d_1[0][0]']        
                                                                                                  
 concatenate (Concatenate)      (None, 142)          0           ['cat[0][0]',                    
                                                                  'flatten[0][0]']                
                                                                                                  
 dense (Dense)                  (None, 200)          28600       ['concatenate[0][0]']            
                                                                                                  
 dense_1 (Dense)                (None, 200)          40200       ['dense[0][0]']                  
                                                                                                  
 dense_2 (Dense)                (None, 200)          40200       ['dense_1[0][0]']                
                                                                                                  
 dense_3 (Dense)                (None, 200)          40200       ['dense_2[0][0]']                
                                                                                                  
 dense_4 (Dense)                (None, 200)          40200       ['dense_3[0][0]']                
                                                                                                  
 dense_5 (Dense)                (None, 1)            201         ['dense_4[0][0]']                
                                                                                                  
==================================================================================================
Total params: 190,693
Trainable params: 190,693
Non-trainable params: 0
__________________________________________________________________________________________________
Epoch 1/10000

Epoch 1: val_loss improved from inf to 1.23553, saving model to ./results/NN_rms_regr/ResNet/recursion_37/ckpt_1
12/12 - 3s - loss: 10.1500 - mse: 10.1500 - mae: 2.7856 - val_loss: 1.2355 - val_mse: 1.2355 - val_mae: 0.8047 - 3s/epoch - 277ms/step
Epoch 2/10000

Epoch 2: val_loss improved from 1.23553 to 0.81297, saving model to ./results/NN_rms_regr/ResNet/recursion_37/ckpt_1
12/12 - 3s - loss: 1.6257 - mse: 1.6257 - mae: 0.9898 - val_loss: 0.8130 - val_mse: 0.8130 - val_mae: 0.5666 - 3s/epoch - 230ms/step
Epoch 3/10000

Epoch 3: val_loss improved from 0.81297 to 0.75332, saving model to ./results/NN_rms_regr/ResNet/recursion_37/ckpt_1
12/12 - 3s - loss: 0.9322 - mse: 0.9322 - mae: 0.6273 - val_loss: 0.7533 - val_mse: 0.7533 - val_mae: 0.5547 - 3s/epoch - 231ms/step
Epoch 4/10000

Epoch 4: val_loss improved from 0.75332 to 0.59779, saving model to ./results/NN_rms_regr/ResNet/recursion_37/ckpt_1
12/12 - 3s - loss: 0.7361 - mse: 0.7361 - mae: 0.5465 - val_loss: 0.5978 - val_mse: 0.5978 - val_mae: 0.5174 - 3s/epoch - 229ms/step
Epoch 5/10000

Epoch 5: val_loss improved from 0.59779 to 0.30393, saving model to ./results/NN_rms_regr/ResNet/recursion_37/ckpt_1
12/12 - 3s - loss: 0.4966 - mse: 0.4966 - mae: 0.5047 - val_loss: 0.3039 - val_mse: 0.3039 - val_mae: 0.4459 - 3s/epoch - 229ms/step
Epoch 6/10000

Epoch 6: val_loss improved from 0.30393 to 0.30085, saving model to ./results/NN_rms_regr/ResNet/recursion_37/ckpt_1
12/12 - 3s - loss: 0.2962 - mse: 0.2962 - mae: 0.4407 - val_loss: 0.3008 - val_mse: 0.3008 - val_mae: 0.4431 - 3s/epoch - 230ms/step
Epoch 7/10000

Epoch 7: val_loss did not improve from 0.30085
12/12 - 2s - loss: 0.2879 - mse: 0.2879 - mae: 0.4343 - val_loss: 0.3113 - val_mse: 0.3113 - val_mae: 0.4541 - 2s/epoch - 169ms/step
Epoch 8/10000

Epoch 8: val_loss improved from 0.30085 to 0.29145, saving model to ./results/NN_rms_regr/ResNet/recursion_37/ckpt_1
12/12 - 3s - loss: 0.2936 - mse: 0.2936 - mae: 0.4381 - val_loss: 0.2914 - val_mse: 0.2914 - val_mae: 0.4364 - 3s/epoch - 243ms/step
Epoch 9/10000

Epoch 9: val_loss improved from 0.29145 to 0.28006, saving model to ./results/NN_rms_regr/ResNet/recursion_37/ckpt_1
12/12 - 3s - loss: 0.2859 - mse: 0.2859 - mae: 0.4338 - val_loss: 0.2801 - val_mse: 0.2801 - val_mae: 0.4300 - 3s/epoch - 244ms/step
Epoch 10/10000

Epoch 10: val_loss did not improve from 0.28006
12/12 - 2s - loss: 0.2830 - mse: 0.2830 - mae: 0.4309 - val_loss: 0.2806 - val_mse: 0.2806 - val_mae: 0.4310 - 2s/epoch - 170ms/step
Epoch 11/10000

Epoch 11: val_loss did not improve from 0.28006
12/12 - 2s - loss: 0.2791 - mse: 0.2791 - mae: 0.4285 - val_loss: 0.2810 - val_mse: 0.2810 - val_mae: 0.4313 - 2s/epoch - 167ms/step
Epoch 12/10000

Epoch 12: val_loss did not improve from 0.28006
12/12 - 2s - loss: 0.2824 - mse: 0.2824 - mae: 0.4311 - val_loss: 0.2853 - val_mse: 0.2853 - val_mae: 0.4322 - 2s/epoch - 168ms/step
Epoch 13/10000

Epoch 13: val_loss did not improve from 0.28006
12/12 - 2s - loss: 0.2809 - mse: 0.2809 - mae: 0.4292 - val_loss: 0.2809 - val_mse: 0.2809 - val_mae: 0.4311 - 2s/epoch - 168ms/step
Epoch 14/10000

Epoch 14: val_loss improved from 0.28006 to 0.27910, saving model to ./results/NN_rms_regr/ResNet/recursion_37/ckpt_1
12/12 - 3s - loss: 0.2791 - mse: 0.2791 - mae: 0.4284 - val_loss: 0.2791 - val_mse: 0.2791 - val_mae: 0.4293 - 3s/epoch - 235ms/step
Epoch 15/10000

Epoch 15: val_loss did not improve from 0.27910
12/12 - 2s - loss: 0.2787 - mse: 0.2787 - mae: 0.4280 - val_loss: 0.2818 - val_mse: 0.2818 - val_mae: 0.4300 - 2s/epoch - 168ms/step
Epoch 16/10000

Epoch 16: val_loss did not improve from 0.27910
12/12 - 2s - loss: 0.2798 - mse: 0.2798 - mae: 0.4285 - val_loss: 0.2867 - val_mse: 0.2867 - val_mae: 0.4358 - 2s/epoch - 168ms/step
Epoch 17/10000

Epoch 17: val_loss did not improve from 0.27910
12/12 - 2s - loss: 0.2792 - mse: 0.2792 - mae: 0.4283 - val_loss: 0.2807 - val_mse: 0.2807 - val_mae: 0.4308 - 2s/epoch - 168ms/step
Epoch 18/10000

Epoch 18: val_loss improved from 0.27910 to 0.27853, saving model to ./results/NN_rms_regr/ResNet/recursion_37/ckpt_1
12/12 - 3s - loss: 0.2791 - mse: 0.2791 - mae: 0.4283 - val_loss: 0.2785 - val_mse: 0.2785 - val_mae: 0.4280 - 3s/epoch - 242ms/step
Epoch 19/10000

Epoch 19: val_loss did not improve from 0.27853
12/12 - 2s - loss: 0.2811 - mse: 0.2811 - mae: 0.4295 - val_loss: 0.2879 - val_mse: 0.2879 - val_mae: 0.4367 - 2s/epoch - 168ms/step
Epoch 20/10000

Epoch 20: val_loss did not improve from 0.27853
12/12 - 2s - loss: 0.2814 - mse: 0.2814 - mae: 0.4300 - val_loss: 0.2801 - val_mse: 0.2801 - val_mae: 0.4286 - 2s/epoch - 168ms/step
Epoch 21/10000

Epoch 21: val_loss did not improve from 0.27853
12/12 - 2s - loss: 0.2782 - mse: 0.2782 - mae: 0.4273 - val_loss: 0.2790 - val_mse: 0.2790 - val_mae: 0.4280 - 2s/epoch - 168ms/step
Epoch 22/10000

Epoch 22: val_loss did not improve from 0.27853
12/12 - 2s - loss: 0.2779 - mse: 0.2779 - mae: 0.4268 - val_loss: 0.2861 - val_mse: 0.2861 - val_mae: 0.4352 - 2s/epoch - 168ms/step
Epoch 23/10000

Epoch 23: val_loss did not improve from 0.27853
12/12 - 2s - loss: 0.2800 - mse: 0.2800 - mae: 0.4280 - val_loss: 0.2882 - val_mse: 0.2882 - val_mae: 0.4367 - 2s/epoch - 169ms/step
Epoch 24/10000

Epoch 24: val_loss improved from 0.27853 to 0.27761, saving model to ./results/NN_rms_regr/ResNet/recursion_37/ckpt_1
12/12 - 3s - loss: 0.2860 - mse: 0.2860 - mae: 0.4329 - val_loss: 0.2776 - val_mse: 0.2776 - val_mae: 0.4274 - 3s/epoch - 244ms/step
Epoch 25/10000

Epoch 25: val_loss did not improve from 0.27761
12/12 - 2s - loss: 0.2775 - mse: 0.2775 - mae: 0.4265 - val_loss: 0.2798 - val_mse: 0.2798 - val_mae: 0.4298 - 2s/epoch - 169ms/step
Epoch 26/10000

Epoch 26: val_loss did not improve from 0.27761
12/12 - 2s - loss: 0.2781 - mse: 0.2781 - mae: 0.4270 - val_loss: 0.2781 - val_mse: 0.2781 - val_mae: 0.4278 - 2s/epoch - 169ms/step
Epoch 27/10000

Epoch 27: val_loss did not improve from 0.27761
12/12 - 2s - loss: 0.2770 - mse: 0.2770 - mae: 0.4263 - val_loss: 0.2855 - val_mse: 0.2855 - val_mae: 0.4312 - 2s/epoch - 168ms/step
Epoch 28/10000

Epoch 28: val_loss did not improve from 0.27761
12/12 - 2s - loss: 0.2820 - mse: 0.2820 - mae: 0.4295 - val_loss: 0.2783 - val_mse: 0.2783 - val_mae: 0.4275 - 2s/epoch - 169ms/step
Epoch 29/10000

Epoch 29: val_loss did not improve from 0.27761
12/12 - 2s - loss: 0.2824 - mse: 0.2824 - mae: 0.4301 - val_loss: 0.3212 - val_mse: 0.3212 - val_mae: 0.4536 - 2s/epoch - 168ms/step
Epoch 30/10000

Epoch 30: val_loss did not improve from 0.27761
12/12 - 2s - loss: 0.3051 - mse: 0.3051 - mae: 0.4456 - val_loss: 0.2906 - val_mse: 0.2906 - val_mae: 0.4342 - 2s/epoch - 168ms/step
Epoch 31/10000

Epoch 31: val_loss did not improve from 0.27761
12/12 - 2s - loss: 0.2980 - mse: 0.2980 - mae: 0.4400 - val_loss: 0.2810 - val_mse: 0.2810 - val_mae: 0.4310 - 2s/epoch - 167ms/step
Epoch 32/10000

Epoch 32: val_loss did not improve from 0.27761
12/12 - 2s - loss: 0.2883 - mse: 0.2883 - mae: 0.4337 - val_loss: 0.2916 - val_mse: 0.2916 - val_mae: 0.4392 - 2s/epoch - 168ms/step
Epoch 33/10000

Epoch 33: val_loss did not improve from 0.27761
12/12 - 2s - loss: 0.2825 - mse: 0.2825 - mae: 0.4297 - val_loss: 0.2811 - val_mse: 0.2811 - val_mae: 0.4309 - 2s/epoch - 167ms/step
Epoch 34/10000

Epoch 34: val_loss improved from 0.27761 to 0.27704, saving model to ./results/NN_rms_regr/ResNet/recursion_37/ckpt_1
12/12 - 3s - loss: 0.2782 - mse: 0.2782 - mae: 0.4269 - val_loss: 0.2770 - val_mse: 0.2770 - val_mae: 0.4268 - 3s/epoch - 243ms/step
Epoch 35/10000

Epoch 35: val_loss improved from 0.27704 to 0.27637, saving model to ./results/NN_rms_regr/ResNet/recursion_37/ckpt_1
12/12 - 3s - loss: 0.2761 - mse: 0.2761 - mae: 0.4253 - val_loss: 0.2764 - val_mse: 0.2764 - val_mae: 0.4262 - 3s/epoch - 242ms/step
Epoch 36/10000

Epoch 36: val_loss did not improve from 0.27637
12/12 - 2s - loss: 0.2772 - mse: 0.2772 - mae: 0.4260 - val_loss: 0.2790 - val_mse: 0.2790 - val_mae: 0.4290 - 2s/epoch - 168ms/step
Epoch 37/10000

Epoch 37: val_loss did not improve from 0.27637
12/12 - 2s - loss: 0.2779 - mse: 0.2779 - mae: 0.4263 - val_loss: 0.2766 - val_mse: 0.2766 - val_mae: 0.4266 - 2s/epoch - 168ms/step
Epoch 38/10000

Epoch 38: val_loss did not improve from 0.27637
12/12 - 2s - loss: 0.2766 - mse: 0.2766 - mae: 0.4256 - val_loss: 0.2917 - val_mse: 0.2917 - val_mae: 0.4392 - 2s/epoch - 169ms/step
Epoch 39/10000

Epoch 39: val_loss did not improve from 0.27637
12/12 - 2s - loss: 0.2851 - mse: 0.2851 - mae: 0.4313 - val_loss: 0.2775 - val_mse: 0.2775 - val_mae: 0.4275 - 2s/epoch - 169ms/step
Epoch 40/10000

Epoch 40: val_loss did not improve from 0.27637
12/12 - 2s - loss: 0.2802 - mse: 0.2802 - mae: 0.4280 - val_loss: 0.2811 - val_mse: 0.2811 - val_mae: 0.4309 - 2s/epoch - 170ms/step
Epoch 41/10000

Epoch 41: val_loss did not improve from 0.27637
12/12 - 2s - loss: 0.2841 - mse: 0.2841 - mae: 0.4317 - val_loss: 0.2780 - val_mse: 0.2780 - val_mae: 0.4270 - 2s/epoch - 169ms/step
Epoch 42/10000

Epoch 42: val_loss did not improve from 0.27637
12/12 - 2s - loss: 0.2798 - mse: 0.2798 - mae: 0.4285 - val_loss: 0.2771 - val_mse: 0.2771 - val_mae: 0.4258 - 2s/epoch - 169ms/step
Epoch 43/10000

Epoch 43: val_loss did not improve from 0.27637
12/12 - 2s - loss: 0.2770 - mse: 0.2770 - mae: 0.4259 - val_loss: 0.2771 - val_mse: 0.2771 - val_mae: 0.4272 - 2s/epoch - 170ms/step
Epoch 44/10000

Epoch 44: val_loss improved from 0.27637 to 0.27636, saving model to ./results/NN_rms_regr/ResNet/recursion_37/ckpt_1
12/12 - 3s - loss: 0.2771 - mse: 0.2771 - mae: 0.4261 - val_loss: 0.2764 - val_mse: 0.2764 - val_mae: 0.4257 - 3s/epoch - 244ms/step
Epoch 45/10000

Epoch 45: val_loss did not improve from 0.27636
12/12 - 2s - loss: 0.2764 - mse: 0.2764 - mae: 0.4253 - val_loss: 0.2770 - val_mse: 0.2770 - val_mae: 0.4270 - 2s/epoch - 170ms/step
Epoch 46/10000

Epoch 46: val_loss did not improve from 0.27636
12/12 - 2s - loss: 0.2778 - mse: 0.2778 - mae: 0.4266 - val_loss: 0.2775 - val_mse: 0.2775 - val_mae: 0.4275 - 2s/epoch - 168ms/step
Epoch 47/10000

Epoch 47: val_loss did not improve from 0.27636
12/12 - 2s - loss: 0.2792 - mse: 0.2792 - mae: 0.4276 - val_loss: 0.2764 - val_mse: 0.2764 - val_mae: 0.4261 - 2s/epoch - 168ms/step
Epoch 48/10000

Epoch 48: val_loss did not improve from 0.27636
12/12 - 2s - loss: 0.2759 - mse: 0.2759 - mae: 0.4246 - val_loss: 0.2784 - val_mse: 0.2784 - val_mae: 0.4284 - 2s/epoch - 169ms/step
Epoch 49/10000

Epoch 49: val_loss did not improve from 0.27636
12/12 - 2s - loss: 0.2814 - mse: 0.2814 - mae: 0.4295 - val_loss: 0.2783 - val_mse: 0.2783 - val_mae: 0.4285 - 2s/epoch - 168ms/step
Epoch 50/10000

Epoch 50: val_loss did not improve from 0.27636
12/12 - 2s - loss: 0.2776 - mse: 0.2776 - mae: 0.4262 - val_loss: 0.2890 - val_mse: 0.2890 - val_mae: 0.4361 - 2s/epoch - 170ms/step
Epoch 51/10000

Epoch 51: val_loss did not improve from 0.27636
12/12 - 2s - loss: 0.2798 - mse: 0.2798 - mae: 0.4280 - val_loss: 0.2820 - val_mse: 0.2820 - val_mae: 0.4315 - 2s/epoch - 168ms/step
Epoch 52/10000

Epoch 52: val_loss improved from 0.27636 to 0.27574, saving model to ./results/NN_rms_regr/ResNet/recursion_37/ckpt_1
12/12 - 3s - loss: 0.2788 - mse: 0.2788 - mae: 0.4269 - val_loss: 0.2757 - val_mse: 0.2757 - val_mae: 0.4258 - 3s/epoch - 243ms/step
Epoch 53/10000

Epoch 53: val_loss did not improve from 0.27574
12/12 - 2s - loss: 0.2756 - mse: 0.2756 - mae: 0.4244 - val_loss: 0.2775 - val_mse: 0.2775 - val_mae: 0.4277 - 2s/epoch - 168ms/step
Epoch 54/10000

Epoch 54: val_loss did not improve from 0.27574
12/12 - 2s - loss: 0.2768 - mse: 0.2768 - mae: 0.4253 - val_loss: 0.2849 - val_mse: 0.2849 - val_mae: 0.4300 - 2s/epoch - 169ms/step
Epoch 55/10000

Epoch 55: val_loss did not improve from 0.27574
12/12 - 2s - loss: 0.2832 - mse: 0.2832 - mae: 0.4291 - val_loss: 0.2761 - val_mse: 0.2761 - val_mae: 0.4254 - 2s/epoch - 168ms/step
Epoch 56/10000

Epoch 56: val_loss improved from 0.27574 to 0.27571, saving model to ./results/NN_rms_regr/ResNet/recursion_37/ckpt_1
12/12 - 3s - loss: 0.2755 - mse: 0.2755 - mae: 0.4245 - val_loss: 0.2757 - val_mse: 0.2757 - val_mae: 0.4259 - 3s/epoch - 238ms/step
Epoch 57/10000

Epoch 57: val_loss did not improve from 0.27571
12/12 - 2s - loss: 0.2753 - mse: 0.2753 - mae: 0.4246 - val_loss: 0.2960 - val_mse: 0.2960 - val_mae: 0.4422 - 2s/epoch - 169ms/step
Epoch 58/10000

Epoch 58: val_loss improved from 0.27571 to 0.27568, saving model to ./results/NN_rms_regr/ResNet/recursion_37/ckpt_1
12/12 - 3s - loss: 0.2819 - mse: 0.2819 - mae: 0.4290 - val_loss: 0.2757 - val_mse: 0.2757 - val_mae: 0.4258 - 3s/epoch - 242ms/step
Epoch 59/10000

Epoch 59: val_loss did not improve from 0.27568
12/12 - 2s - loss: 0.2753 - mse: 0.2753 - mae: 0.4241 - val_loss: 0.2854 - val_mse: 0.2854 - val_mae: 0.4303 - 2s/epoch - 168ms/step
Epoch 60/10000

Epoch 60: val_loss did not improve from 0.27568
12/12 - 2s - loss: 0.2809 - mse: 0.2809 - mae: 0.4283 - val_loss: 0.2836 - val_mse: 0.2836 - val_mae: 0.4292 - 2s/epoch - 169ms/step
Epoch 61/10000

Epoch 61: val_loss did not improve from 0.27568
12/12 - 2s - loss: 0.2791 - mse: 0.2791 - mae: 0.4271 - val_loss: 0.2856 - val_mse: 0.2856 - val_mae: 0.4311 - 2s/epoch - 168ms/step
Epoch 62/10000

Epoch 62: val_loss improved from 0.27568 to 0.27523, saving model to ./results/NN_rms_regr/ResNet/recursion_37/ckpt_1
12/12 - 3s - loss: 0.2812 - mse: 0.2812 - mae: 0.4283 - val_loss: 0.2752 - val_mse: 0.2752 - val_mae: 0.4247 - 3s/epoch - 242ms/step
Epoch 63/10000

Epoch 63: val_loss did not improve from 0.27523
12/12 - 2s - loss: 0.2749 - mse: 0.2749 - mae: 0.4241 - val_loss: 0.2831 - val_mse: 0.2831 - val_mae: 0.4290 - 2s/epoch - 168ms/step
Epoch 64/10000

Epoch 64: val_loss did not improve from 0.27523
12/12 - 2s - loss: 0.2813 - mse: 0.2813 - mae: 0.4293 - val_loss: 0.3058 - val_mse: 0.3058 - val_mae: 0.4435 - 2s/epoch - 169ms/step
Epoch 65/10000

Epoch 65: val_loss did not improve from 0.27523
12/12 - 2s - loss: 0.2859 - mse: 0.2859 - mae: 0.4317 - val_loss: 0.2993 - val_mse: 0.2993 - val_mae: 0.4394 - 2s/epoch - 168ms/step
Epoch 66/10000

Epoch 66: val_loss did not improve from 0.27523
12/12 - 2s - loss: 0.2822 - mse: 0.2822 - mae: 0.4285 - val_loss: 0.2780 - val_mse: 0.2780 - val_mae: 0.4281 - 2s/epoch - 169ms/step
Epoch 67/10000

Epoch 67: val_loss did not improve from 0.27523
12/12 - 2s - loss: 0.2830 - mse: 0.2830 - mae: 0.4291 - val_loss: 0.3269 - val_mse: 0.3269 - val_mae: 0.4643 - 2s/epoch - 169ms/step
Epoch 68/10000

Epoch 68: val_loss did not improve from 0.27523
12/12 - 2s - loss: 0.2862 - mse: 0.2862 - mae: 0.4323 - val_loss: 0.2776 - val_mse: 0.2776 - val_mae: 0.4259 - 2s/epoch - 168ms/step
Epoch 69/10000

Epoch 69: val_loss did not improve from 0.27523
12/12 - 2s - loss: 0.2781 - mse: 0.2781 - mae: 0.4264 - val_loss: 0.2754 - val_mse: 0.2754 - val_mae: 0.4245 - 2s/epoch - 168ms/step
Epoch 70/10000

Epoch 70: val_loss did not improve from 0.27523
12/12 - 2s - loss: 0.2776 - mse: 0.2776 - mae: 0.4259 - val_loss: 0.2759 - val_mse: 0.2759 - val_mae: 0.4260 - 2s/epoch - 168ms/step
Epoch 71/10000

Epoch 71: val_loss did not improve from 0.27523
12/12 - 2s - loss: 0.2753 - mse: 0.2753 - mae: 0.4243 - val_loss: 0.2762 - val_mse: 0.2762 - val_mae: 0.4260 - 2s/epoch - 169ms/step
Epoch 72/10000

Epoch 72: val_loss did not improve from 0.27523
12/12 - 2s - loss: 0.2760 - mse: 0.2760 - mae: 0.4246 - val_loss: 0.2999 - val_mse: 0.2999 - val_mae: 0.4451 - 2s/epoch - 169ms/step
Epoch 73/10000

Epoch 73: val_loss did not improve from 0.27523
12/12 - 2s - loss: 0.2884 - mse: 0.2884 - mae: 0.4334 - val_loss: 0.3245 - val_mse: 0.3245 - val_mae: 0.4628 - 2s/epoch - 169ms/step
Epoch 74/10000

Epoch 74: val_loss did not improve from 0.27523
12/12 - 2s - loss: 0.2919 - mse: 0.2919 - mae: 0.4363 - val_loss: 0.2792 - val_mse: 0.2792 - val_mae: 0.4289 - 2s/epoch - 168ms/step
Epoch 75/10000

Epoch 75: val_loss did not improve from 0.27523
12/12 - 2s - loss: 0.2800 - mse: 0.2800 - mae: 0.4268 - val_loss: 0.2769 - val_mse: 0.2769 - val_mae: 0.4266 - 2s/epoch - 168ms/step
Epoch 76/10000

Epoch 76: val_loss did not improve from 0.27523
12/12 - 2s - loss: 0.2782 - mse: 0.2782 - mae: 0.4263 - val_loss: 0.2773 - val_mse: 0.2773 - val_mae: 0.4274 - 2s/epoch - 168ms/step
Epoch 77/10000

Epoch 77: val_loss did not improve from 0.27523
12/12 - 2s - loss: 0.2752 - mse: 0.2752 - mae: 0.4243 - val_loss: 0.2788 - val_mse: 0.2788 - val_mae: 0.4281 - 2s/epoch - 168ms/step
Epoch 78/10000

Epoch 78: val_loss did not improve from 0.27523
12/12 - 2s - loss: 0.2764 - mse: 0.2764 - mae: 0.4250 - val_loss: 0.2759 - val_mse: 0.2759 - val_mae: 0.4245 - 2s/epoch - 168ms/step
Epoch 79/10000

Epoch 79: val_loss improved from 0.27523 to 0.27499, saving model to ./results/NN_rms_regr/ResNet/recursion_37/ckpt_1
12/12 - 3s - loss: 0.2759 - mse: 0.2759 - mae: 0.4243 - val_loss: 0.2750 - val_mse: 0.2750 - val_mae: 0.4247 - 3s/epoch - 237ms/step
Epoch 80/10000

Epoch 80: val_loss did not improve from 0.27499
12/12 - 2s - loss: 0.2754 - mse: 0.2754 - mae: 0.4245 - val_loss: 0.2757 - val_mse: 0.2757 - val_mae: 0.4254 - 2s/epoch - 169ms/step
Epoch 81/10000

Epoch 81: val_loss did not improve from 0.27499
12/12 - 2s - loss: 0.2773 - mse: 0.2773 - mae: 0.4257 - val_loss: 0.2860 - val_mse: 0.2860 - val_mae: 0.4304 - 2s/epoch - 168ms/step
Epoch 82/10000

Epoch 82: val_loss did not improve from 0.27499
12/12 - 2s - loss: 0.2773 - mse: 0.2773 - mae: 0.4251 - val_loss: 0.2760 - val_mse: 0.2760 - val_mae: 0.4260 - 2s/epoch - 168ms/step
Epoch 83/10000

Epoch 83: val_loss improved from 0.27499 to 0.27495, saving model to ./results/NN_rms_regr/ResNet/recursion_37/ckpt_1
12/12 - 3s - loss: 0.2796 - mse: 0.2796 - mae: 0.4273 - val_loss: 0.2749 - val_mse: 0.2749 - val_mae: 0.4244 - 3s/epoch - 242ms/step
Epoch 84/10000

Epoch 84: val_loss improved from 0.27495 to 0.27479, saving model to ./results/NN_rms_regr/ResNet/recursion_37/ckpt_1
12/12 - 3s - loss: 0.2749 - mse: 0.2749 - mae: 0.4237 - val_loss: 0.2748 - val_mse: 0.2748 - val_mae: 0.4242 - 3s/epoch - 243ms/step
Epoch 85/10000

Epoch 85: val_loss did not improve from 0.27479
12/12 - 2s - loss: 0.2751 - mse: 0.2751 - mae: 0.4240 - val_loss: 0.2750 - val_mse: 0.2750 - val_mae: 0.4241 - 2s/epoch - 168ms/step
Epoch 86/10000

Epoch 86: val_loss did not improve from 0.27479
12/12 - 2s - loss: 0.2752 - mse: 0.2752 - mae: 0.4237 - val_loss: 0.2756 - val_mse: 0.2756 - val_mae: 0.4252 - 2s/epoch - 170ms/step
Epoch 87/10000

Epoch 87: val_loss did not improve from 0.27479
12/12 - 2s - loss: 0.2761 - mse: 0.2761 - mae: 0.4243 - val_loss: 0.2794 - val_mse: 0.2794 - val_mae: 0.4269 - 2s/epoch - 169ms/step
Epoch 88/10000

Epoch 88: val_loss did not improve from 0.27479
12/12 - 2s - loss: 0.2796 - mse: 0.2796 - mae: 0.4278 - val_loss: 0.2761 - val_mse: 0.2761 - val_mae: 0.4262 - 2s/epoch - 170ms/step
Epoch 89/10000

Epoch 89: val_loss did not improve from 0.27479
12/12 - 2s - loss: 0.2911 - mse: 0.2911 - mae: 0.4357 - val_loss: 0.3186 - val_mse: 0.3186 - val_mae: 0.4585 - 2s/epoch - 168ms/step
Epoch 90/10000

Epoch 90: val_loss did not improve from 0.27479
12/12 - 2s - loss: 0.2947 - mse: 0.2947 - mae: 0.4370 - val_loss: 0.3265 - val_mse: 0.3265 - val_mae: 0.4568 - 2s/epoch - 169ms/step
Epoch 91/10000

Epoch 91: val_loss did not improve from 0.27479
12/12 - 2s - loss: 0.2940 - mse: 0.2940 - mae: 0.4378 - val_loss: 0.3653 - val_mse: 0.3653 - val_mae: 0.4822 - 2s/epoch - 169ms/step
Epoch 92/10000

Epoch 92: val_loss did not improve from 0.27479
12/12 - 2s - loss: 0.3076 - mse: 0.3076 - mae: 0.4469 - val_loss: 0.2823 - val_mse: 0.2823 - val_mae: 0.4282 - 2s/epoch - 168ms/step
Epoch 93/10000

Epoch 93: val_loss did not improve from 0.27479
12/12 - 2s - loss: 0.2859 - mse: 0.2859 - mae: 0.4311 - val_loss: 0.2785 - val_mse: 0.2785 - val_mae: 0.4286 - 2s/epoch - 168ms/step
Epoch 94/10000

Epoch 94: val_loss did not improve from 0.27479
12/12 - 2s - loss: 0.2759 - mse: 0.2759 - mae: 0.4244 - val_loss: 0.2750 - val_mse: 0.2750 - val_mae: 0.4240 - 2s/epoch - 169ms/step
Epoch 95/10000

Epoch 95: val_loss did not improve from 0.27479
12/12 - 2s - loss: 0.2763 - mse: 0.2763 - mae: 0.4241 - val_loss: 0.2749 - val_mse: 0.2749 - val_mae: 0.4243 - 2s/epoch - 169ms/step
Epoch 96/10000

Epoch 96: val_loss did not improve from 0.27479
12/12 - 2s - loss: 0.2743 - mse: 0.2743 - mae: 0.4233 - val_loss: 0.2772 - val_mse: 0.2772 - val_mae: 0.4269 - 2s/epoch - 168ms/step
Epoch 97/10000

Epoch 97: val_loss did not improve from 0.27479
12/12 - 2s - loss: 0.2758 - mse: 0.2758 - mae: 0.4242 - val_loss: 0.2914 - val_mse: 0.2914 - val_mae: 0.4388 - 2s/epoch - 168ms/step
Epoch 98/10000

Epoch 98: val_loss did not improve from 0.27479
12/12 - 2s - loss: 0.2801 - mse: 0.2801 - mae: 0.4280 - val_loss: 0.2766 - val_mse: 0.2766 - val_mae: 0.4246 - 2s/epoch - 169ms/step
Epoch 99/10000

Epoch 99: val_loss did not improve from 0.27479
12/12 - 2s - loss: 0.2753 - mse: 0.2753 - mae: 0.4237 - val_loss: 0.2750 - val_mse: 0.2750 - val_mae: 0.4239 - 2s/epoch - 168ms/step
Epoch 100/10000

Epoch 100: val_loss did not improve from 0.27479
12/12 - 2s - loss: 0.2748 - mse: 0.2748 - mae: 0.4233 - val_loss: 0.2765 - val_mse: 0.2765 - val_mae: 0.4245 - 2s/epoch - 170ms/step
Epoch 101/10000

Epoch 101: val_loss did not improve from 0.27479
12/12 - 2s - loss: 0.2754 - mse: 0.2754 - mae: 0.4238 - val_loss: 0.2754 - val_mse: 0.2754 - val_mae: 0.4241 - 2s/epoch - 168ms/step
Epoch 102/10000

Epoch 102: val_loss did not improve from 0.27479
12/12 - 2s - loss: 0.2754 - mse: 0.2754 - mae: 0.4233 - val_loss: 0.2978 - val_mse: 0.2978 - val_mae: 0.4433 - 2s/epoch - 170ms/step
Epoch 103/10000

Epoch 103: val_loss did not improve from 0.27479
12/12 - 2s - loss: 0.2842 - mse: 0.2842 - mae: 0.4298 - val_loss: 0.2776 - val_mse: 0.2776 - val_mae: 0.4253 - 2s/epoch - 169ms/step
Epoch 104/10000

Epoch 104: val_loss did not improve from 0.27479
12/12 - 2s - loss: 0.2865 - mse: 0.2865 - mae: 0.4318 - val_loss: 0.2863 - val_mse: 0.2863 - val_mae: 0.4305 - 2s/epoch - 168ms/step
Epoch 105/10000

Epoch 105: val_loss did not improve from 0.27479
12/12 - 2s - loss: 0.2826 - mse: 0.2826 - mae: 0.4288 - val_loss: 0.2992 - val_mse: 0.2992 - val_mae: 0.4441 - 2s/epoch - 169ms/step
Epoch 106/10000

Epoch 106: val_loss did not improve from 0.27479
12/12 - 2s - loss: 0.2809 - mse: 0.2809 - mae: 0.4276 - val_loss: 0.2751 - val_mse: 0.2751 - val_mae: 0.4238 - 2s/epoch - 169ms/step
Epoch 107/10000

Epoch 107: val_loss did not improve from 0.27479
12/12 - 2s - loss: 0.2748 - mse: 0.2748 - mae: 0.4236 - val_loss: 0.2768 - val_mse: 0.2768 - val_mae: 0.4267 - 2s/epoch - 168ms/step
Epoch 108/10000

Epoch 108: val_loss did not improve from 0.27479
12/12 - 2s - loss: 0.2762 - mse: 0.2762 - mae: 0.4249 - val_loss: 0.3596 - val_mse: 0.3596 - val_mae: 0.4869 - 2s/epoch - 169ms/step
Epoch 109/10000

Epoch 109: val_loss did not improve from 0.27479
12/12 - 2s - loss: 0.3153 - mse: 0.3153 - mae: 0.4535 - val_loss: 0.3395 - val_mse: 0.3395 - val_mae: 0.4652 - 2s/epoch - 169ms/step
Epoch 110/10000

Epoch 110: val_loss did not improve from 0.27479
12/12 - 2s - loss: 0.3066 - mse: 0.3066 - mae: 0.4467 - val_loss: 0.2755 - val_mse: 0.2755 - val_mae: 0.4241 - 2s/epoch - 168ms/step
Epoch 111/10000

Epoch 111: val_loss did not improve from 0.27479
12/12 - 2s - loss: 0.2798 - mse: 0.2798 - mae: 0.4268 - val_loss: 0.2869 - val_mse: 0.2869 - val_mae: 0.4310 - 2s/epoch - 168ms/step
Epoch 112/10000

Epoch 112: val_loss did not improve from 0.27479
12/12 - 2s - loss: 0.2882 - mse: 0.2882 - mae: 0.4325 - val_loss: 0.2935 - val_mse: 0.2935 - val_mae: 0.4357 - 2s/epoch - 167ms/step
Epoch 113/10000

Epoch 113: val_loss did not improve from 0.27479
12/12 - 2s - loss: 0.2791 - mse: 0.2791 - mae: 0.4266 - val_loss: 0.2757 - val_mse: 0.2757 - val_mae: 0.4245 - 2s/epoch - 169ms/step
Epoch 114/10000

Epoch 114: val_loss improved from 0.27479 to 0.27472, saving model to ./results/NN_rms_regr/ResNet/recursion_37/ckpt_1
12/12 - 3s - loss: 0.2763 - mse: 0.2763 - mae: 0.4243 - val_loss: 0.2747 - val_mse: 0.2747 - val_mae: 0.4239 - 3s/epoch - 237ms/step
Epoch 115/10000

Epoch 115: val_loss did not improve from 0.27472
12/12 - 2s - loss: 0.2765 - mse: 0.2765 - mae: 0.4249 - val_loss: 0.3160 - val_mse: 0.3160 - val_mae: 0.4500 - 2s/epoch - 169ms/step
Epoch 116/10000

Epoch 116: val_loss did not improve from 0.27472
12/12 - 2s - loss: 0.2902 - mse: 0.2902 - mae: 0.4336 - val_loss: 0.2797 - val_mse: 0.2797 - val_mae: 0.4289 - 2s/epoch - 169ms/step
Epoch 117/10000

Epoch 117: val_loss did not improve from 0.27472
12/12 - 2s - loss: 0.2757 - mse: 0.2757 - mae: 0.4242 - val_loss: 0.2928 - val_mse: 0.2928 - val_mae: 0.4355 - 2s/epoch - 169ms/step
Epoch 118/10000

Epoch 118: val_loss did not improve from 0.27472
12/12 - 2s - loss: 0.2833 - mse: 0.2833 - mae: 0.4293 - val_loss: 0.2871 - val_mse: 0.2871 - val_mae: 0.4352 - 2s/epoch - 168ms/step
Epoch 119/10000

Epoch 119: val_loss did not improve from 0.27472
12/12 - 2s - loss: 0.2846 - mse: 0.2846 - mae: 0.4311 - val_loss: 0.3054 - val_mse: 0.3054 - val_mae: 0.4489 - 2s/epoch - 169ms/step
Epoch 120/10000

Epoch 120: val_loss did not improve from 0.27472
12/12 - 2s - loss: 0.2847 - mse: 0.2847 - mae: 0.4306 - val_loss: 0.2870 - val_mse: 0.2870 - val_mae: 0.4308 - 2s/epoch - 169ms/step
Epoch 121/10000

Epoch 121: val_loss did not improve from 0.27472
12/12 - 2s - loss: 0.2783 - mse: 0.2783 - mae: 0.4260 - val_loss: 0.2767 - val_mse: 0.2767 - val_mae: 0.4255 - 2s/epoch - 170ms/step
Epoch 122/10000

Epoch 122: val_loss did not improve from 0.27472
12/12 - 2s - loss: 0.2770 - mse: 0.2770 - mae: 0.4250 - val_loss: 0.3313 - val_mse: 0.3313 - val_mae: 0.4675 - 2s/epoch - 169ms/step
Epoch 123/10000

Epoch 123: val_loss did not improve from 0.27472
12/12 - 2s - loss: 0.2939 - mse: 0.2939 - mae: 0.4369 - val_loss: 0.2774 - val_mse: 0.2774 - val_mae: 0.4260 - 2s/epoch - 169ms/step
Epoch 124/10000

Epoch 124: val_loss did not improve from 0.27472
12/12 - 2s - loss: 0.2855 - mse: 0.2855 - mae: 0.4317 - val_loss: 0.2760 - val_mse: 0.2760 - val_mae: 0.4258 - 2s/epoch - 169ms/step
Epoch 125/10000

Epoch 125: val_loss did not improve from 0.27472
12/12 - 2s - loss: 0.2782 - mse: 0.2782 - mae: 0.4258 - val_loss: 0.2802 - val_mse: 0.2802 - val_mae: 0.4292 - 2s/epoch - 170ms/step
Epoch 126/10000

Epoch 126: val_loss did not improve from 0.27472
12/12 - 2s - loss: 0.2767 - mse: 0.2767 - mae: 0.4251 - val_loss: 0.2838 - val_mse: 0.2838 - val_mae: 0.4287 - 2s/epoch - 168ms/step
Epoch 127/10000

Epoch 127: val_loss did not improve from 0.27472
12/12 - 2s - loss: 0.2825 - mse: 0.2825 - mae: 0.4284 - val_loss: 0.2768 - val_mse: 0.2768 - val_mae: 0.4245 - 2s/epoch - 169ms/step
Epoch 128/10000

Epoch 128: val_loss did not improve from 0.27472
12/12 - 2s - loss: 0.2770 - mse: 0.2770 - mae: 0.4248 - val_loss: 0.3053 - val_mse: 0.3053 - val_mae: 0.4479 - 2s/epoch - 168ms/step
Epoch 129/10000

Epoch 129: val_loss did not improve from 0.27472
12/12 - 2s - loss: 0.2846 - mse: 0.2846 - mae: 0.4311 - val_loss: 0.2911 - val_mse: 0.2911 - val_mae: 0.4335 - 2s/epoch - 169ms/step
Epoch 130/10000

Epoch 130: val_loss did not improve from 0.27472
12/12 - 2s - loss: 0.2885 - mse: 0.2885 - mae: 0.4324 - val_loss: 0.2759 - val_mse: 0.2759 - val_mae: 0.4245 - 2s/epoch - 168ms/step
Epoch 131/10000

Epoch 131: val_loss did not improve from 0.27472
12/12 - 2s - loss: 0.2808 - mse: 0.2808 - mae: 0.4277 - val_loss: 0.2755 - val_mse: 0.2755 - val_mae: 0.4251 - 2s/epoch - 169ms/step
Epoch 132/10000

Epoch 132: val_loss did not improve from 0.27472
12/12 - 2s - loss: 0.2818 - mse: 0.2818 - mae: 0.4281 - val_loss: 0.2958 - val_mse: 0.2958 - val_mae: 0.4370 - 2s/epoch - 169ms/step
Epoch 133/10000

Epoch 133: val_loss did not improve from 0.27472
12/12 - 2s - loss: 0.2844 - mse: 0.2844 - mae: 0.4297 - val_loss: 0.2755 - val_mse: 0.2755 - val_mae: 0.4242 - 2s/epoch - 169ms/step
Epoch 134/10000

Epoch 134: val_loss did not improve from 0.27472
12/12 - 2s - loss: 0.2756 - mse: 0.2756 - mae: 0.4232 - val_loss: 0.3300 - val_mse: 0.3300 - val_mae: 0.4656 - 2s/epoch - 168ms/step
Epoch 135/10000

Epoch 135: val_loss did not improve from 0.27472
12/12 - 2s - loss: 0.2980 - mse: 0.2980 - mae: 0.4389 - val_loss: 0.2787 - val_mse: 0.2787 - val_mae: 0.4259 - 2s/epoch - 168ms/step
Epoch 136/10000

Epoch 136: val_loss did not improve from 0.27472
12/12 - 2s - loss: 0.2748 - mse: 0.2748 - mae: 0.4231 - val_loss: 0.2784 - val_mse: 0.2784 - val_mae: 0.4254 - 2s/epoch - 169ms/step
Epoch 137/10000

Epoch 137: val_loss did not improve from 0.27472
12/12 - 2s - loss: 0.2770 - mse: 0.2770 - mae: 0.4245 - val_loss: 0.2750 - val_mse: 0.2750 - val_mae: 0.4236 - 2s/epoch - 168ms/step
Epoch 138/10000

Epoch 138: val_loss did not improve from 0.27472
12/12 - 2s - loss: 0.2755 - mse: 0.2755 - mae: 0.4237 - val_loss: 0.2896 - val_mse: 0.2896 - val_mae: 0.4365 - 2s/epoch - 168ms/step
Epoch 139/10000

Epoch 139: val_loss did not improve from 0.27472
12/12 - 2s - loss: 0.2805 - mse: 0.2805 - mae: 0.4278 - val_loss: 0.2790 - val_mse: 0.2790 - val_mae: 0.4260 - 2s/epoch - 168ms/step
Epoch 140/10000

Epoch 140: val_loss did not improve from 0.27472
12/12 - 2s - loss: 0.2766 - mse: 0.2766 - mae: 0.4248 - val_loss: 0.3047 - val_mse: 0.3047 - val_mae: 0.4477 - 2s/epoch - 169ms/step
Epoch 141/10000

Epoch 141: val_loss did not improve from 0.27472
12/12 - 2s - loss: 0.2850 - mse: 0.2850 - mae: 0.4306 - val_loss: 0.2845 - val_mse: 0.2845 - val_mae: 0.4310 - 2s/epoch - 168ms/step
Epoch 142/10000

Epoch 142: val_loss did not improve from 0.27472
12/12 - 2s - loss: 0.2774 - mse: 0.2774 - mae: 0.4250 - val_loss: 0.3045 - val_mse: 0.3045 - val_mae: 0.4423 - 2s/epoch - 169ms/step
Epoch 143/10000

Epoch 143: val_loss did not improve from 0.27472
12/12 - 2s - loss: 0.2803 - mse: 0.2803 - mae: 0.4273 - val_loss: 0.2949 - val_mse: 0.2949 - val_mae: 0.4358 - 2s/epoch - 169ms/step
Epoch 144/10000

Epoch 144: val_loss did not improve from 0.27472
12/12 - 2s - loss: 0.2878 - mse: 0.2878 - mae: 0.4314 - val_loss: 0.2828 - val_mse: 0.2828 - val_mae: 0.4315 - 2s/epoch - 170ms/step
Epoch 145/10000

Epoch 145: val_loss did not improve from 0.27472
12/12 - 2s - loss: 0.2759 - mse: 0.2759 - mae: 0.4243 - val_loss: 0.2834 - val_mse: 0.2834 - val_mae: 0.4287 - 2s/epoch - 168ms/step
Epoch 146/10000

Epoch 146: val_loss did not improve from 0.27472
12/12 - 2s - loss: 0.2780 - mse: 0.2780 - mae: 0.4255 - val_loss: 0.2752 - val_mse: 0.2752 - val_mae: 0.4239 - 2s/epoch - 167ms/step
Epoch 147/10000

Epoch 147: val_loss did not improve from 0.27472
12/12 - 2s - loss: 0.2756 - mse: 0.2756 - mae: 0.4240 - val_loss: 0.2823 - val_mse: 0.2823 - val_mae: 0.4307 - 2s/epoch - 169ms/step
Epoch 148/10000

Epoch 148: val_loss did not improve from 0.27472
12/12 - 2s - loss: 0.2754 - mse: 0.2754 - mae: 0.4240 - val_loss: 0.2767 - val_mse: 0.2767 - val_mae: 0.4247 - 2s/epoch - 168ms/step
Epoch 149/10000

Epoch 149: val_loss did not improve from 0.27472
12/12 - 2s - loss: 0.2779 - mse: 0.2779 - mae: 0.4261 - val_loss: 0.2885 - val_mse: 0.2885 - val_mae: 0.4358 - 2s/epoch - 169ms/step
Epoch 150/10000

Epoch 150: val_loss did not improve from 0.27472
12/12 - 2s - loss: 0.2795 - mse: 0.2795 - mae: 0.4266 - val_loss: 0.2835 - val_mse: 0.2835 - val_mae: 0.4285 - 2s/epoch - 169ms/step
Epoch 151/10000

Epoch 151: val_loss did not improve from 0.27472
12/12 - 2s - loss: 0.2804 - mse: 0.2804 - mae: 0.4273 - val_loss: 0.2775 - val_mse: 0.2775 - val_mae: 0.4269 - 2s/epoch - 170ms/step
Epoch 152/10000

Epoch 152: val_loss did not improve from 0.27472
12/12 - 2s - loss: 0.2781 - mse: 0.2781 - mae: 0.4249 - val_loss: 0.3016 - val_mse: 0.3016 - val_mae: 0.4461 - 2s/epoch - 170ms/step
Epoch 153/10000

Epoch 153: val_loss did not improve from 0.27472
12/12 - 2s - loss: 0.2858 - mse: 0.2858 - mae: 0.4305 - val_loss: 0.2749 - val_mse: 0.2749 - val_mae: 0.4236 - 2s/epoch - 169ms/step
Epoch 154/10000

Epoch 154: val_loss improved from 0.27472 to 0.27467, saving model to ./results/NN_rms_regr/ResNet/recursion_37/ckpt_1
12/12 - 3s - loss: 0.2760 - mse: 0.2760 - mae: 0.4242 - val_loss: 0.2747 - val_mse: 0.2747 - val_mae: 0.4234 - 3s/epoch - 244ms/step
Epoch 155/10000

Epoch 155: val_loss did not improve from 0.27467
12/12 - 2s - loss: 0.2752 - mse: 0.2752 - mae: 0.4237 - val_loss: 0.2817 - val_mse: 0.2817 - val_mae: 0.4273 - 2s/epoch - 169ms/step
Epoch 156/10000

Epoch 156: val_loss did not improve from 0.27467
12/12 - 2s - loss: 0.2817 - mse: 0.2817 - mae: 0.4275 - val_loss: 0.2753 - val_mse: 0.2753 - val_mae: 0.4242 - 2s/epoch - 169ms/step
Epoch 157/10000

Epoch 157: val_loss did not improve from 0.27467
12/12 - 2s - loss: 0.2826 - mse: 0.2826 - mae: 0.4283 - val_loss: 0.3238 - val_mse: 0.3238 - val_mae: 0.4621 - 2s/epoch - 169ms/step
Epoch 158/10000

Epoch 158: val_loss did not improve from 0.27467
12/12 - 2s - loss: 0.2863 - mse: 0.2863 - mae: 0.4320 - val_loss: 0.2777 - val_mse: 0.2777 - val_mae: 0.4274 - 2s/epoch - 169ms/step
Epoch 159/10000

Epoch 159: val_loss did not improve from 0.27467
12/12 - 2s - loss: 0.2779 - mse: 0.2779 - mae: 0.4261 - val_loss: 0.2873 - val_mse: 0.2873 - val_mae: 0.4313 - 2s/epoch - 169ms/step
Epoch 160/10000

Epoch 160: val_loss did not improve from 0.27467
12/12 - 2s - loss: 0.2810 - mse: 0.2810 - mae: 0.4281 - val_loss: 0.2800 - val_mse: 0.2800 - val_mae: 0.4288 - 2s/epoch - 169ms/step
Epoch 161/10000

Epoch 161: val_loss did not improve from 0.27467
12/12 - 2s - loss: 0.2827 - mse: 0.2827 - mae: 0.4286 - val_loss: 0.3023 - val_mse: 0.3023 - val_mae: 0.4406 - 2s/epoch - 170ms/step
Epoch 162/10000

Epoch 162: val_loss did not improve from 0.27467
12/12 - 2s - loss: 0.2828 - mse: 0.2828 - mae: 0.4291 - val_loss: 0.3023 - val_mse: 0.3023 - val_mae: 0.4456 - 2s/epoch - 169ms/step
Epoch 163/10000

Epoch 163: val_loss did not improve from 0.27467
12/12 - 2s - loss: 0.2824 - mse: 0.2824 - mae: 0.4282 - val_loss: 0.3359 - val_mse: 0.3359 - val_mae: 0.4632 - 2s/epoch - 170ms/step
Epoch 164/10000

Epoch 164: val_loss did not improve from 0.27467
12/12 - 2s - loss: 0.2980 - mse: 0.2980 - mae: 0.4396 - val_loss: 0.2970 - val_mse: 0.2970 - val_mae: 0.4417 - 2s/epoch - 168ms/step
Epoch 165/10000

Epoch 165: val_loss did not improve from 0.27467
12/12 - 2s - loss: 0.2859 - mse: 0.2859 - mae: 0.4320 - val_loss: 0.2764 - val_mse: 0.2764 - val_mae: 0.4262 - 2s/epoch - 170ms/step
Epoch 166/10000

Epoch 166: val_loss did not improve from 0.27467
12/12 - 2s - loss: 0.2804 - mse: 0.2804 - mae: 0.4266 - val_loss: 0.3073 - val_mse: 0.3073 - val_mae: 0.4501 - 2s/epoch - 168ms/step
Epoch 167/10000

Epoch 167: val_loss did not improve from 0.27467
12/12 - 2s - loss: 0.2920 - mse: 0.2920 - mae: 0.4360 - val_loss: 0.3042 - val_mse: 0.3042 - val_mae: 0.4422 - 2s/epoch - 169ms/step
Epoch 168/10000

Epoch 168: val_loss did not improve from 0.27467
12/12 - 2s - loss: 0.2863 - mse: 0.2863 - mae: 0.4315 - val_loss: 0.2818 - val_mse: 0.2818 - val_mae: 0.4296 - 2s/epoch - 169ms/step
Epoch 169/10000

Epoch 169: val_loss did not improve from 0.27467
12/12 - 2s - loss: 0.2798 - mse: 0.2798 - mae: 0.4263 - val_loss: 0.3769 - val_mse: 0.3769 - val_mae: 0.4987 - 2s/epoch - 170ms/step
Epoch 170/10000

Epoch 170: val_loss did not improve from 0.27467
12/12 - 2s - loss: 0.2986 - mse: 0.2986 - mae: 0.4399 - val_loss: 0.2790 - val_mse: 0.2790 - val_mae: 0.4263 - 2s/epoch - 169ms/step
Epoch 171/10000

Epoch 171: val_loss did not improve from 0.27467
12/12 - 2s - loss: 0.2772 - mse: 0.2772 - mae: 0.4253 - val_loss: 0.2795 - val_mse: 0.2795 - val_mae: 0.4291 - 2s/epoch - 168ms/step
Epoch 172/10000

Epoch 172: val_loss did not improve from 0.27467
12/12 - 2s - loss: 0.2763 - mse: 0.2763 - mae: 0.4250 - val_loss: 0.2771 - val_mse: 0.2771 - val_mae: 0.4248 - 2s/epoch - 169ms/step
Epoch 173/10000

Epoch 173: val_loss did not improve from 0.27467
12/12 - 2s - loss: 0.2747 - mse: 0.2747 - mae: 0.4231 - val_loss: 0.2787 - val_mse: 0.2787 - val_mae: 0.4256 - 2s/epoch - 170ms/step
Epoch 174/10000

Epoch 174: val_loss did not improve from 0.27467
12/12 - 2s - loss: 0.2780 - mse: 0.2780 - mae: 0.4251 - val_loss: 0.2971 - val_mse: 0.2971 - val_mae: 0.4415 - 2s/epoch - 168ms/step
Epoch 175/10000

Epoch 175: val_loss did not improve from 0.27467
12/12 - 2s - loss: 0.2797 - mse: 0.2797 - mae: 0.4267 - val_loss: 0.2808 - val_mse: 0.2808 - val_mae: 0.4267 - 2s/epoch - 168ms/step
Epoch 176/10000

Epoch 176: val_loss did not improve from 0.27467
12/12 - 2s - loss: 0.2767 - mse: 0.2767 - mae: 0.4242 - val_loss: 0.3860 - val_mse: 0.3860 - val_mae: 0.5047 - 2s/epoch - 168ms/step
Epoch 177/10000

Epoch 177: val_loss did not improve from 0.27467
12/12 - 2s - loss: 0.3282 - mse: 0.3282 - mae: 0.4614 - val_loss: 0.3100 - val_mse: 0.3100 - val_mae: 0.4460 - 2s/epoch - 168ms/step
Epoch 178/10000

Epoch 178: val_loss did not improve from 0.27467
12/12 - 2s - loss: 0.2938 - mse: 0.2938 - mae: 0.4353 - val_loss: 0.2802 - val_mse: 0.2802 - val_mae: 0.4287 - 2s/epoch - 170ms/step
Epoch 179/10000

Epoch 179: val_loss did not improve from 0.27467
12/12 - 2s - loss: 0.2816 - mse: 0.2816 - mae: 0.4275 - val_loss: 0.2764 - val_mse: 0.2764 - val_mae: 0.4259 - 2s/epoch - 168ms/step
Epoch 180/10000

Epoch 180: val_loss did not improve from 0.27467
12/12 - 2s - loss: 0.2746 - mse: 0.2746 - mae: 0.4230 - val_loss: 0.2813 - val_mse: 0.2813 - val_mae: 0.4273 - 2s/epoch - 168ms/step
Epoch 181/10000

Epoch 181: val_loss did not improve from 0.27467
12/12 - 2s - loss: 0.2781 - mse: 0.2781 - mae: 0.4251 - val_loss: 0.2805 - val_mse: 0.2805 - val_mae: 0.4289 - 2s/epoch - 169ms/step
Epoch 182/10000

Epoch 182: val_loss did not improve from 0.27467
12/12 - 2s - loss: 0.2828 - mse: 0.2828 - mae: 0.4294 - val_loss: 0.2894 - val_mse: 0.2894 - val_mae: 0.4324 - 2s/epoch - 169ms/step
Epoch 183/10000

Epoch 183: val_loss did not improve from 0.27467
12/12 - 2s - loss: 0.2843 - mse: 0.2843 - mae: 0.4302 - val_loss: 0.2749 - val_mse: 0.2749 - val_mae: 0.4235 - 2s/epoch - 168ms/step
Epoch 184/10000

Epoch 184: val_loss did not improve from 0.27467
12/12 - 2s - loss: 0.2788 - mse: 0.2788 - mae: 0.4263 - val_loss: 0.3122 - val_mse: 0.3122 - val_mae: 0.4525 - 2s/epoch - 170ms/step
Epoch 185/10000

Epoch 185: val_loss did not improve from 0.27467
12/12 - 2s - loss: 0.2911 - mse: 0.2911 - mae: 0.4343 - val_loss: 0.2800 - val_mse: 0.2800 - val_mae: 0.4272 - 2s/epoch - 168ms/step
Epoch 186/10000

Epoch 186: val_loss did not improve from 0.27467
12/12 - 2s - loss: 0.2798 - mse: 0.2798 - mae: 0.4267 - val_loss: 0.2973 - val_mse: 0.2973 - val_mae: 0.4428 - 2s/epoch - 170ms/step
Epoch 187/10000

Epoch 187: val_loss did not improve from 0.27467
12/12 - 2s - loss: 0.2825 - mse: 0.2825 - mae: 0.4296 - val_loss: 0.2813 - val_mse: 0.2813 - val_mae: 0.4273 - 2s/epoch - 169ms/step
Epoch 188/10000

Epoch 188: val_loss did not improve from 0.27467
12/12 - 2s - loss: 0.2823 - mse: 0.2823 - mae: 0.4285 - val_loss: 0.2782 - val_mse: 0.2782 - val_mae: 0.4268 - 2s/epoch - 168ms/step
Epoch 189/10000

Epoch 189: val_loss improved from 0.27467 to 0.27440, saving model to ./results/NN_rms_regr/ResNet/recursion_37/ckpt_1
12/12 - 3s - loss: 0.2835 - mse: 0.2835 - mae: 0.4296 - val_loss: 0.2744 - val_mse: 0.2744 - val_mae: 0.4235 - 3s/epoch - 242ms/step
Epoch 190/10000

Epoch 190: val_loss did not improve from 0.27440
12/12 - 2s - loss: 0.2752 - mse: 0.2752 - mae: 0.4233 - val_loss: 0.2777 - val_mse: 0.2777 - val_mae: 0.4249 - 2s/epoch - 171ms/step
Epoch 191/10000

Epoch 191: val_loss did not improve from 0.27440
12/12 - 2s - loss: 0.2751 - mse: 0.2751 - mae: 0.4230 - val_loss: 0.2767 - val_mse: 0.2767 - val_mae: 0.4255 - 2s/epoch - 167ms/step
Epoch 192/10000

Epoch 192: val_loss did not improve from 0.27440
12/12 - 2s - loss: 0.2768 - mse: 0.2768 - mae: 0.4247 - val_loss: 0.2779 - val_mse: 0.2779 - val_mae: 0.4250 - 2s/epoch - 169ms/step
Epoch 193/10000

Epoch 193: val_loss did not improve from 0.27440
12/12 - 2s - loss: 0.2773 - mse: 0.2773 - mae: 0.4250 - val_loss: 0.3220 - val_mse: 0.3220 - val_mae: 0.4604 - 2s/epoch - 169ms/step
Epoch 194/10000

Epoch 194: val_loss did not improve from 0.27440
12/12 - 2s - loss: 0.2861 - mse: 0.2861 - mae: 0.4315 - val_loss: 0.2841 - val_mse: 0.2841 - val_mae: 0.4289 - 2s/epoch - 170ms/step
Epoch 195/10000

Epoch 195: val_loss did not improve from 0.27440
12/12 - 2s - loss: 0.2823 - mse: 0.2823 - mae: 0.4275 - val_loss: 0.2821 - val_mse: 0.2821 - val_mae: 0.4304 - 2s/epoch - 170ms/step
Epoch 196/10000

Epoch 196: val_loss did not improve from 0.27440
12/12 - 2s - loss: 0.2797 - mse: 0.2797 - mae: 0.4266 - val_loss: 0.2831 - val_mse: 0.2831 - val_mae: 0.4321 - 2s/epoch - 168ms/step
Epoch 197/10000

Epoch 197: val_loss did not improve from 0.27440
12/12 - 2s - loss: 0.2788 - mse: 0.2788 - mae: 0.4265 - val_loss: 0.2870 - val_mse: 0.2870 - val_mae: 0.4349 - 2s/epoch - 168ms/step
Epoch 198/10000

Epoch 198: val_loss did not improve from 0.27440
12/12 - 2s - loss: 0.2774 - mse: 0.2774 - mae: 0.4253 - val_loss: 0.2881 - val_mse: 0.2881 - val_mae: 0.4349 - 2s/epoch - 169ms/step
Epoch 199/10000

Epoch 199: val_loss did not improve from 0.27440
12/12 - 2s - loss: 0.2807 - mse: 0.2807 - mae: 0.4275 - val_loss: 0.2759 - val_mse: 0.2759 - val_mae: 0.4244 - 2s/epoch - 169ms/step
Epoch 200/10000

Epoch 200: val_loss did not improve from 0.27440
12/12 - 2s - loss: 0.2747 - mse: 0.2747 - mae: 0.4232 - val_loss: 0.2757 - val_mse: 0.2757 - val_mae: 0.4253 - 2s/epoch - 170ms/step
Epoch 201/10000

Epoch 201: val_loss did not improve from 0.27440
12/12 - 2s - loss: 0.2761 - mse: 0.2761 - mae: 0.4239 - val_loss: 0.2779 - val_mse: 0.2779 - val_mae: 0.4270 - 2s/epoch - 170ms/step
Epoch 202/10000

Epoch 202: val_loss did not improve from 0.27440
12/12 - 2s - loss: 0.2751 - mse: 0.2751 - mae: 0.4231 - val_loss: 0.2750 - val_mse: 0.2750 - val_mae: 0.4243 - 2s/epoch - 170ms/step
Epoch 203/10000

Epoch 203: val_loss did not improve from 0.27440
12/12 - 2s - loss: 0.2777 - mse: 0.2777 - mae: 0.4259 - val_loss: 0.2845 - val_mse: 0.2845 - val_mae: 0.4293 - 2s/epoch - 169ms/step
Epoch 204/10000

Epoch 204: val_loss did not improve from 0.27440
12/12 - 2s - loss: 0.2802 - mse: 0.2802 - mae: 0.4280 - val_loss: 0.2963 - val_mse: 0.2963 - val_mae: 0.4406 - 2s/epoch - 170ms/step
Epoch 205/10000

Epoch 205: val_loss did not improve from 0.27440
12/12 - 2s - loss: 0.2850 - mse: 0.2850 - mae: 0.4302 - val_loss: 0.2754 - val_mse: 0.2754 - val_mae: 0.4249 - 2s/epoch - 169ms/step
Epoch 206/10000

Epoch 206: val_loss did not improve from 0.27440
12/12 - 2s - loss: 0.2775 - mse: 0.2775 - mae: 0.4251 - val_loss: 0.2778 - val_mse: 0.2778 - val_mae: 0.4264 - 2s/epoch - 168ms/step
Epoch 207/10000

Epoch 207: val_loss did not improve from 0.27440
12/12 - 2s - loss: 0.2752 - mse: 0.2752 - mae: 0.4233 - val_loss: 0.2948 - val_mse: 0.2948 - val_mae: 0.4356 - 2s/epoch - 168ms/step
Epoch 208/10000

Epoch 208: val_loss did not improve from 0.27440
12/12 - 2s - loss: 0.2858 - mse: 0.2858 - mae: 0.4295 - val_loss: 0.2892 - val_mse: 0.2892 - val_mae: 0.4368 - 2s/epoch - 168ms/step
Epoch 209/10000

Epoch 209: val_loss did not improve from 0.27440
12/12 - 2s - loss: 0.2841 - mse: 0.2841 - mae: 0.4300 - val_loss: 0.3057 - val_mse: 0.3057 - val_mae: 0.4429 - 2s/epoch - 170ms/step
Epoch 210/10000

Epoch 210: val_loss did not improve from 0.27440
12/12 - 2s - loss: 0.2855 - mse: 0.2855 - mae: 0.4296 - val_loss: 0.2750 - val_mse: 0.2750 - val_mae: 0.4236 - 2s/epoch - 169ms/step
Epoch 211/10000

Epoch 211: val_loss did not improve from 0.27440
12/12 - 2s - loss: 0.2752 - mse: 0.2752 - mae: 0.4232 - val_loss: 0.2866 - val_mse: 0.2866 - val_mae: 0.4306 - 2s/epoch - 169ms/step
Epoch 212/10000

Epoch 212: val_loss did not improve from 0.27440
12/12 - 2s - loss: 0.2807 - mse: 0.2807 - mae: 0.4275 - val_loss: 0.2760 - val_mse: 0.2760 - val_mae: 0.4250 - 2s/epoch - 169ms/step
Epoch 213/10000

Epoch 213: val_loss did not improve from 0.27440
12/12 - 2s - loss: 0.2750 - mse: 0.2750 - mae: 0.4229 - val_loss: 0.2746 - val_mse: 0.2746 - val_mae: 0.4240 - 2s/epoch - 168ms/step
Epoch 214/10000

Epoch 214: val_loss did not improve from 0.27440
12/12 - 2s - loss: 0.2749 - mse: 0.2749 - mae: 0.4236 - val_loss: 0.3134 - val_mse: 0.3134 - val_mae: 0.4481 - 2s/epoch - 169ms/step
Epoch 215/10000

Epoch 215: val_loss did not improve from 0.27440
12/12 - 2s - loss: 0.2886 - mse: 0.2886 - mae: 0.4316 - val_loss: 0.2875 - val_mse: 0.2875 - val_mae: 0.4344 - 2s/epoch - 170ms/step
Epoch 216/10000

Epoch 216: val_loss did not improve from 0.27440
12/12 - 2s - loss: 0.2793 - mse: 0.2793 - mae: 0.4258 - val_loss: 0.2774 - val_mse: 0.2774 - val_mae: 0.4250 - 2s/epoch - 170ms/step
Epoch 217/10000

Epoch 217: val_loss did not improve from 0.27440
12/12 - 2s - loss: 0.2758 - mse: 0.2758 - mae: 0.4239 - val_loss: 0.2750 - val_mse: 0.2750 - val_mae: 0.4244 - 2s/epoch - 170ms/step
Epoch 218/10000

Epoch 218: val_loss did not improve from 0.27440
12/12 - 2s - loss: 0.2744 - mse: 0.2744 - mae: 0.4231 - val_loss: 0.2770 - val_mse: 0.2770 - val_mae: 0.4266 - 2s/epoch - 169ms/step
Epoch 219/10000

Epoch 219: val_loss did not improve from 0.27440
12/12 - 2s - loss: 0.2761 - mse: 0.2761 - mae: 0.4246 - val_loss: 0.2909 - val_mse: 0.2909 - val_mae: 0.4332 - 2s/epoch - 169ms/step
Epoch 220/10000

Epoch 220: val_loss did not improve from 0.27440
12/12 - 2s - loss: 0.2791 - mse: 0.2791 - mae: 0.4254 - val_loss: 0.2821 - val_mse: 0.2821 - val_mae: 0.4302 - 2s/epoch - 169ms/step
Epoch 221/10000

Epoch 221: val_loss did not improve from 0.27440
12/12 - 2s - loss: 0.2795 - mse: 0.2795 - mae: 0.4264 - val_loss: 0.2792 - val_mse: 0.2792 - val_mae: 0.4258 - 2s/epoch - 169ms/step
Epoch 222/10000

Epoch 222: val_loss did not improve from 0.27440
12/12 - 2s - loss: 0.2800 - mse: 0.2800 - mae: 0.4255 - val_loss: 0.2751 - val_mse: 0.2751 - val_mae: 0.4237 - 2s/epoch - 169ms/step
Epoch 223/10000

Epoch 223: val_loss did not improve from 0.27440
12/12 - 2s - loss: 0.2810 - mse: 0.2810 - mae: 0.4271 - val_loss: 0.2774 - val_mse: 0.2774 - val_mae: 0.4263 - 2s/epoch - 169ms/step
Epoch 224/10000

Epoch 224: val_loss did not improve from 0.27440
12/12 - 2s - loss: 0.2763 - mse: 0.2763 - mae: 0.4247 - val_loss: 0.2889 - val_mse: 0.2889 - val_mae: 0.4317 - 2s/epoch - 169ms/step
Epoch 225/10000

Epoch 225: val_loss did not improve from 0.27440
12/12 - 2s - loss: 0.2828 - mse: 0.2828 - mae: 0.4287 - val_loss: 0.2759 - val_mse: 0.2759 - val_mae: 0.4244 - 2s/epoch - 168ms/step
Epoch 226/10000

Epoch 226: val_loss did not improve from 0.27440
12/12 - 2s - loss: 0.2764 - mse: 0.2764 - mae: 0.4245 - val_loss: 0.2983 - val_mse: 0.2983 - val_mae: 0.4432 - 2s/epoch - 169ms/step
Epoch 227/10000

Epoch 227: val_loss did not improve from 0.27440
12/12 - 2s - loss: 0.2789 - mse: 0.2789 - mae: 0.4272 - val_loss: 0.2765 - val_mse: 0.2765 - val_mae: 0.4247 - 2s/epoch - 169ms/step
Epoch 228/10000

Epoch 228: val_loss did not improve from 0.27440
12/12 - 2s - loss: 0.2769 - mse: 0.2769 - mae: 0.4241 - val_loss: 0.3606 - val_mse: 0.3606 - val_mae: 0.4871 - 2s/epoch - 169ms/step
Epoch 229/10000

Epoch 229: val_loss did not improve from 0.27440
12/12 - 2s - loss: 0.3038 - mse: 0.3038 - mae: 0.4440 - val_loss: 0.2812 - val_mse: 0.2812 - val_mae: 0.4269 - 2s/epoch - 169ms/step
Epoch 230/10000

Epoch 230: val_loss did not improve from 0.27440
12/12 - 2s - loss: 0.2769 - mse: 0.2769 - mae: 0.4249 - val_loss: 0.2762 - val_mse: 0.2762 - val_mae: 0.4259 - 2s/epoch - 169ms/step
Epoch 231/10000

Epoch 231: val_loss did not improve from 0.27440
12/12 - 2s - loss: 0.2771 - mse: 0.2771 - mae: 0.4247 - val_loss: 0.2789 - val_mse: 0.2789 - val_mae: 0.4258 - 2s/epoch - 169ms/step
Epoch 232/10000

Epoch 232: val_loss did not improve from 0.27440
12/12 - 2s - loss: 0.2769 - mse: 0.2769 - mae: 0.4237 - val_loss: 0.2756 - val_mse: 0.2756 - val_mae: 0.4237 - 2s/epoch - 169ms/step
Epoch 233/10000

Epoch 233: val_loss did not improve from 0.27440
12/12 - 2s - loss: 0.2739 - mse: 0.2739 - mae: 0.4226 - val_loss: 0.2948 - val_mse: 0.2948 - val_mae: 0.4358 - 2s/epoch - 169ms/step
Epoch 234/10000

Epoch 234: val_loss did not improve from 0.27440
12/12 - 2s - loss: 0.2841 - mse: 0.2841 - mae: 0.4282 - val_loss: 0.2870 - val_mse: 0.2870 - val_mae: 0.4341 - 2s/epoch - 169ms/step
Epoch 235/10000

Epoch 235: val_loss did not improve from 0.27440
12/12 - 2s - loss: 0.2778 - mse: 0.2778 - mae: 0.4253 - val_loss: 0.2746 - val_mse: 0.2746 - val_mae: 0.4238 - 2s/epoch - 169ms/step
Epoch 236/10000

Epoch 236: val_loss did not improve from 0.27440
12/12 - 2s - loss: 0.2780 - mse: 0.2780 - mae: 0.4249 - val_loss: 0.2842 - val_mse: 0.2842 - val_mae: 0.4317 - 2s/epoch - 169ms/step
Epoch 237/10000

Epoch 237: val_loss did not improve from 0.27440
12/12 - 2s - loss: 0.2754 - mse: 0.2754 - mae: 0.4234 - val_loss: 0.3029 - val_mse: 0.3029 - val_mae: 0.4458 - 2s/epoch - 169ms/step
Epoch 238/10000

Epoch 238: val_loss did not improve from 0.27440
12/12 - 2s - loss: 0.2804 - mse: 0.2804 - mae: 0.4271 - val_loss: 0.3480 - val_mse: 0.3480 - val_mae: 0.4714 - 2s/epoch - 169ms/step
Epoch 239/10000

Epoch 239: val_loss did not improve from 0.27440
12/12 - 2s - loss: 0.3191 - mse: 0.3191 - mae: 0.4527 - val_loss: 0.4790 - val_mse: 0.4790 - val_mae: 0.5670 - 2s/epoch - 171ms/step
Epoch 239: early stopping
