[ 13.14519438  30.04553007  46.53366244  63.02179482  79.5099272
  95.99805957 112.48619195 128.97432432 145.4624567  161.95058908
 178.43872145 194.92685383 211.41498621 227.90311858 244.39125096
 260.87938334 277.36751571 293.85564809 310.34378047 326.83191284
 343.32004522 359.80817759 376.29630997 392.78444235 409.27257472
 425.7607071 ]
Before undersampling: [(0, 375), (1, 834), (2, 3661), (3, 4955), (4, 3156), (5, 2425), (6, 2195), (7, 1862), (8, 1648), (9, 1497), (10, 1418), (11, 1313), (12, 1182), (13, 1082), (14, 902), (15, 843), (16, 708), (17, 675), (18, 486), (19, 429), (20, 347), (21, 282), (22, 251), (23, 195), (24, 209)]
After undersampling: [(0, 215), (1, 504), (2, 2541), (3, 3647), (4, 2360), (5, 1685), (6, 1640), (7, 1342), (8, 1174), (9, 1044), (10, 983), (11, 932), (12, 781), (13, 770), (14, 640), (15, 587), (16, 483), (17, 476), (18, 334), (19, 314), (20, 220), (21, 176), (22, 169), (23, 195), (24, 168)]
            label  HH_0_0_x  HV_0_0_x  IA_0_0_x       FYI      DFYI       MYI     rms_0     thk_1     rms_1     thk_2     rms_2     thk_3     rms_3  ...    3         4    5         6         7         8         9        10   11        12   13        14        15                                                CNN
0       25.743492  0.247059  0.074510  0.101705  0.413341  0.531140  0.055518  4.695801  1.227721  4.601057  1.156039  4.602348  1.150671  4.593244  ...  0.0  1.065237  0.0  0.681236  0.543755  0.858998  0.301430  0.988075  0.0  0.764706  0.0  0.771775  0.463768  [[[[0.2392156862745098], [0.1016652125938265],...
1       20.282773  0.211765  0.062745  0.088730  0.047553  0.074769  0.877679  5.071521  1.208740  5.115671  1.191565  5.125736  1.215095  5.145072  ...  0.0  1.177955  0.0  0.727074  0.702412  0.949149  0.300877  1.119284  0.0  0.858123  0.0  0.839924  0.613433  [[[[0.2392156862745098], [0.0886880612840839],...
2       17.275162  0.227451  0.058824  0.108346  0.685805  0.251793  0.062402  4.553747  1.171594  4.580967  1.134161  4.535306  1.174959  4.515528  ...  0.0  1.047956  0.0  0.639954  0.594704  0.845961  0.286778  0.965565  0.0  0.754904  0.0  0.738041  0.519164  [[[[0.1803921568627451], [0.1083081712909773],...
3       26.805215  0.243137  0.058824  0.102615  0.673786  0.274733  0.051481  4.550469  1.177237  4.556472  1.126923  4.498433  1.117350  4.510312  ...  0.0  1.058979  0.0  0.646376  0.629546  0.866253  0.310007  0.980747  0.0  0.770420  0.0  0.745126  0.553252  [[[[0.188235294117647], [0.1025746364219516], ...
4       21.349077  0.160784  0.050980  0.097658  0.843547  0.103661  0.052792  4.517548  1.132825  4.432720  1.098474  4.430443  1.122673  4.394474  ...  0.0  1.089600  0.0  0.648946  0.679291  0.869352  0.273635  1.020681  0.0  0.795155  0.0  0.753975  0.594191  [[[[0.1607843137254902], [0.0976982341093175],...
...           ...       ...       ...       ...       ...       ...       ...       ...       ...       ...       ...       ...       ...       ...  ...  ...       ...  ...       ...       ...       ...       ...       ...  ...       ...  ...       ...       ...                                                ...
23375  417.027580  0.505882  0.090196  0.152162  0.185910  0.031902  0.782188  4.486675  1.202497  4.531466  1.252972  4.593008  1.239219  4.510143  ...  0.0  0.839703  0.0  0.468273  0.499118  0.650608  0.278814  0.681403  0.0  0.621146  0.0  0.548368  0.455899  [[[[0.4196078431372549], [0.15219440834195], [...
23376  417.866263  0.392157  0.125490  0.152184  0.189279  0.051355  0.759366  4.590506  1.242536  4.658542  1.255140  4.682031  1.275536  4.639037  ...  0.0  0.753041  0.0  0.432618  0.424933  0.606180  0.279904  0.615722  0.0  0.551801  0.0  0.504145  0.391604  [[[[0.3490196078431372], [0.1522158155254289],...
23377  421.196328  0.631373  0.466667  0.154089  0.004261  0.000064  0.995674  1.187829  0.197352  0.941815  0.203265  0.245285  0.157730  0.213412  ...  0.0  0.644292  0.0  0.466233  0.184014  0.544459  0.317551  0.496343  0.0  0.488684  0.0  0.521621  0.200857  [[[[0.596078431372549], [0.1541208603802849], ...
23378  416.289186  0.517647  0.160784  0.153404  0.011037  0.000341  0.988622  1.187829  0.197352  0.941815  0.203265  0.245285  0.157730  0.213412  ...  0.0  0.792541  0.0  0.518223  0.461039  0.679398  0.335284  0.699151  0.0  0.512142  0.0  0.532694  0.315921  [[[[0.4078431372549019], [0.1534358903473499],...
23379  423.194662  0.341176  0.274510  0.153307  0.003870  0.000024  0.996105  1.187829  0.197352  0.941815  0.203265  0.245285  0.157730  0.213412  ...  0.0  0.712026  0.0  0.452670  0.356484  0.560431  0.500874  0.445316  0.0  0.508642  0.0  0.462847  0.257479  [[[[0.5686274509803921], [0.1533395804610907],...

[23380 rows x 128 columns]
Size of dataset: (23380, 127)
*************************** Fold #: 1 ***************************
Model: "model"
__________________________________________________________________________________________________
 Layer (type)                   Output Shape         Param #     Connected to                     
==================================================================================================
 conv (InputLayer)              [(None, 7, 7, 3, 1)  0           []                               
                                ]                                                                 
                                                                                                  
 zero_padding3d (ZeroPadding3D)  (None, 8, 8, 4, 1)  0           ['conv[0][0]']                   
                                                                                                  
 conv3d (Conv3D)                (None, 8, 8, 4, 8)   224         ['zero_padding3d[0][0]']         
                                                                                                  
 max_pooling3d (MaxPooling3D)   (None, 4, 4, 2, 8)   0           ['conv3d[0][0]']                 
                                                                                                  
 conv3d_1 (Conv3D)              (None, 4, 4, 2, 4)   868         ['max_pooling3d[0][0]']          
                                                                                                  
 max_pooling3d_1 (MaxPooling3D)  (None, 2, 2, 1, 4)  0           ['conv3d_1[0][0]']               
                                                                                                  
 cat (InputLayer)               [(None, 126)]        0           []                               
                                                                                                  
 flatten (Flatten)              (None, 16)           0           ['max_pooling3d_1[0][0]']        
                                                                                                  
 concatenate (Concatenate)      (None, 142)          0           ['cat[0][0]',                    
                                                                  'flatten[0][0]']                
                                                                                                  
 dense (Dense)                  (None, 200)          28600       ['concatenate[0][0]']            
                                                                                                  
 dense_1 (Dense)                (None, 200)          40200       ['dense[0][0]']                  
                                                                                                  
 dense_2 (Dense)                (None, 200)          40200       ['dense_1[0][0]']                
                                                                                                  
 dense_3 (Dense)                (None, 200)          40200       ['dense_2[0][0]']                
                                                                                                  
 dense_4 (Dense)                (None, 200)          40200       ['dense_3[0][0]']                
                                                                                                  
 dense_5 (Dense)                (None, 1)            201         ['dense_4[0][0]']                
                                                                                                  
==================================================================================================
Total params: 190,693
Trainable params: 190,693
Non-trainable params: 0
__________________________________________________________________________________________________
Epoch 1/10000

Epoch 1: val_loss improved from inf to 1.24475, saving model to ./results/NN_rms_regr/ResNet/recursion_35/ckpt_1
12/12 - 3s - loss: 10.7718 - mse: 10.7718 - mae: 2.8844 - val_loss: 1.2448 - val_mse: 1.2448 - val_mae: 0.7603 - 3s/epoch - 281ms/step
Epoch 2/10000

Epoch 2: val_loss improved from 1.24475 to 1.15388, saving model to ./results/NN_rms_regr/ResNet/recursion_35/ckpt_1
12/12 - 3s - loss: 1.8711 - mse: 1.8711 - mae: 1.0722 - val_loss: 1.1539 - val_mse: 1.1539 - val_mae: 0.7556 - 3s/epoch - 235ms/step
Epoch 3/10000

Epoch 3: val_loss improved from 1.15388 to 0.79552, saving model to ./results/NN_rms_regr/ResNet/recursion_35/ckpt_1
12/12 - 3s - loss: 1.0143 - mse: 1.0143 - mae: 0.6604 - val_loss: 0.7955 - val_mse: 0.7955 - val_mae: 0.5510 - 3s/epoch - 235ms/step
Epoch 4/10000

Epoch 4: val_loss improved from 0.79552 to 0.63397, saving model to ./results/NN_rms_regr/ResNet/recursion_35/ckpt_1
12/12 - 3s - loss: 0.7771 - mse: 0.7771 - mae: 0.5660 - val_loss: 0.6340 - val_mse: 0.6340 - val_mae: 0.5274 - 3s/epoch - 236ms/step
Epoch 5/10000

Epoch 5: val_loss improved from 0.63397 to 0.30752, saving model to ./results/NN_rms_regr/ResNet/recursion_35/ckpt_1
12/12 - 3s - loss: 0.4930 - mse: 0.4930 - mae: 0.5099 - val_loss: 0.3075 - val_mse: 0.3075 - val_mae: 0.4452 - 3s/epoch - 236ms/step
Epoch 6/10000

Epoch 6: val_loss improved from 0.30752 to 0.28780, saving model to ./results/NN_rms_regr/ResNet/recursion_35/ckpt_1
12/12 - 3s - loss: 0.3024 - mse: 0.3024 - mae: 0.4488 - val_loss: 0.2878 - val_mse: 0.2878 - val_mae: 0.4339 - 3s/epoch - 235ms/step
Epoch 7/10000

Epoch 7: val_loss improved from 0.28780 to 0.28560, saving model to ./results/NN_rms_regr/ResNet/recursion_35/ckpt_1
12/12 - 3s - loss: 0.2871 - mse: 0.2871 - mae: 0.4377 - val_loss: 0.2856 - val_mse: 0.2856 - val_mae: 0.4329 - 3s/epoch - 249ms/step
Epoch 8/10000

Epoch 8: val_loss improved from 0.28560 to 0.28457, saving model to ./results/NN_rms_regr/ResNet/recursion_35/ckpt_1
12/12 - 3s - loss: 0.2837 - mse: 0.2837 - mae: 0.4358 - val_loss: 0.2846 - val_mse: 0.2846 - val_mae: 0.4336 - 3s/epoch - 249ms/step
Epoch 9/10000

Epoch 9: val_loss improved from 0.28457 to 0.27940, saving model to ./results/NN_rms_regr/ResNet/recursion_35/ckpt_1
12/12 - 3s - loss: 0.2844 - mse: 0.2844 - mae: 0.4361 - val_loss: 0.2794 - val_mse: 0.2794 - val_mae: 0.4279 - 3s/epoch - 243ms/step
Epoch 10/10000

Epoch 10: val_loss did not improve from 0.27940
12/12 - 2s - loss: 0.2822 - mse: 0.2822 - mae: 0.4346 - val_loss: 0.2813 - val_mse: 0.2813 - val_mae: 0.4280 - 2s/epoch - 174ms/step
Epoch 11/10000

Epoch 11: val_loss improved from 0.27940 to 0.27843, saving model to ./results/NN_rms_regr/ResNet/recursion_35/ckpt_1
12/12 - 3s - loss: 0.2824 - mse: 0.2824 - mae: 0.4340 - val_loss: 0.2784 - val_mse: 0.2784 - val_mae: 0.4265 - 3s/epoch - 247ms/step
Epoch 12/10000

Epoch 12: val_loss improved from 0.27843 to 0.27795, saving model to ./results/NN_rms_regr/ResNet/recursion_35/ckpt_1
12/12 - 3s - loss: 0.2809 - mse: 0.2809 - mae: 0.4334 - val_loss: 0.2779 - val_mse: 0.2779 - val_mae: 0.4260 - 3s/epoch - 249ms/step
Epoch 13/10000

Epoch 13: val_loss improved from 0.27795 to 0.27728, saving model to ./results/NN_rms_regr/ResNet/recursion_35/ckpt_1
12/12 - 3s - loss: 0.2806 - mse: 0.2806 - mae: 0.4328 - val_loss: 0.2773 - val_mse: 0.2773 - val_mae: 0.4255 - 3s/epoch - 249ms/step
Epoch 14/10000

Epoch 14: val_loss did not improve from 0.27728
12/12 - 2s - loss: 0.2809 - mse: 0.2809 - mae: 0.4329 - val_loss: 0.2806 - val_mse: 0.2806 - val_mae: 0.4264 - 2s/epoch - 175ms/step
Epoch 15/10000

Epoch 15: val_loss improved from 0.27728 to 0.27710, saving model to ./results/NN_rms_regr/ResNet/recursion_35/ckpt_1
12/12 - 3s - loss: 0.2806 - mse: 0.2806 - mae: 0.4325 - val_loss: 0.2771 - val_mse: 0.2771 - val_mae: 0.4247 - 3s/epoch - 244ms/step
Epoch 16/10000

Epoch 16: val_loss improved from 0.27710 to 0.27635, saving model to ./results/NN_rms_regr/ResNet/recursion_35/ckpt_1
12/12 - 3s - loss: 0.2794 - mse: 0.2794 - mae: 0.4312 - val_loss: 0.2764 - val_mse: 0.2764 - val_mae: 0.4247 - 3s/epoch - 248ms/step
Epoch 17/10000

Epoch 17: val_loss did not improve from 0.27635
12/12 - 2s - loss: 0.2788 - mse: 0.2788 - mae: 0.4309 - val_loss: 0.2771 - val_mse: 0.2771 - val_mae: 0.4256 - 2s/epoch - 174ms/step
Epoch 18/10000

Epoch 18: val_loss improved from 0.27635 to 0.27606, saving model to ./results/NN_rms_regr/ResNet/recursion_35/ckpt_1
12/12 - 3s - loss: 0.2785 - mse: 0.2785 - mae: 0.4305 - val_loss: 0.2761 - val_mse: 0.2761 - val_mae: 0.4243 - 3s/epoch - 248ms/step
Epoch 19/10000

Epoch 19: val_loss improved from 0.27606 to 0.27576, saving model to ./results/NN_rms_regr/ResNet/recursion_35/ckpt_1
12/12 - 3s - loss: 0.2782 - mse: 0.2782 - mae: 0.4303 - val_loss: 0.2758 - val_mse: 0.2758 - val_mae: 0.4235 - 3s/epoch - 243ms/step
Epoch 20/10000

Epoch 20: val_loss did not improve from 0.27576
12/12 - 2s - loss: 0.2784 - mse: 0.2784 - mae: 0.4301 - val_loss: 0.2779 - val_mse: 0.2779 - val_mae: 0.4262 - 2s/epoch - 175ms/step
Epoch 21/10000

Epoch 21: val_loss did not improve from 0.27576
12/12 - 2s - loss: 0.2780 - mse: 0.2780 - mae: 0.4298 - val_loss: 0.2818 - val_mse: 0.2818 - val_mae: 0.4295 - 2s/epoch - 175ms/step
Epoch 22/10000

Epoch 22: val_loss did not improve from 0.27576
12/12 - 2s - loss: 0.2821 - mse: 0.2821 - mae: 0.4329 - val_loss: 0.2842 - val_mse: 0.2842 - val_mae: 0.4317 - 2s/epoch - 174ms/step
Epoch 23/10000

Epoch 23: val_loss did not improve from 0.27576
12/12 - 2s - loss: 0.2839 - mse: 0.2839 - mae: 0.4329 - val_loss: 0.2793 - val_mse: 0.2793 - val_mae: 0.4272 - 2s/epoch - 173ms/step
Epoch 24/10000

Epoch 24: val_loss did not improve from 0.27576
12/12 - 2s - loss: 0.2787 - mse: 0.2787 - mae: 0.4305 - val_loss: 0.2771 - val_mse: 0.2771 - val_mae: 0.4249 - 2s/epoch - 174ms/step
Epoch 25/10000

Epoch 25: val_loss did not improve from 0.27576
12/12 - 2s - loss: 0.2795 - mse: 0.2795 - mae: 0.4296 - val_loss: 0.2758 - val_mse: 0.2758 - val_mae: 0.4237 - 2s/epoch - 174ms/step
Epoch 26/10000

Epoch 26: val_loss did not improve from 0.27576
12/12 - 2s - loss: 0.2770 - mse: 0.2770 - mae: 0.4287 - val_loss: 0.2768 - val_mse: 0.2768 - val_mae: 0.4226 - 2s/epoch - 174ms/step
Epoch 27/10000

Epoch 27: val_loss improved from 0.27576 to 0.27498, saving model to ./results/NN_rms_regr/ResNet/recursion_35/ckpt_1
12/12 - 3s - loss: 0.2785 - mse: 0.2785 - mae: 0.4293 - val_loss: 0.2750 - val_mse: 0.2750 - val_mae: 0.4218 - 3s/epoch - 249ms/step
Epoch 28/10000

Epoch 28: val_loss did not improve from 0.27498
12/12 - 2s - loss: 0.2804 - mse: 0.2804 - mae: 0.4307 - val_loss: 0.2751 - val_mse: 0.2751 - val_mae: 0.4219 - 2s/epoch - 175ms/step
Epoch 29/10000

Epoch 29: val_loss improved from 0.27498 to 0.27454, saving model to ./results/NN_rms_regr/ResNet/recursion_35/ckpt_1
12/12 - 3s - loss: 0.2794 - mse: 0.2794 - mae: 0.4299 - val_loss: 0.2745 - val_mse: 0.2745 - val_mae: 0.4216 - 3s/epoch - 249ms/step
Epoch 30/10000

Epoch 30: val_loss did not improve from 0.27454
12/12 - 2s - loss: 0.2780 - mse: 0.2780 - mae: 0.4291 - val_loss: 0.2779 - val_mse: 0.2779 - val_mae: 0.4254 - 2s/epoch - 175ms/step
Epoch 31/10000

Epoch 31: val_loss did not improve from 0.27454
12/12 - 2s - loss: 0.2771 - mse: 0.2771 - mae: 0.4282 - val_loss: 0.2746 - val_mse: 0.2746 - val_mae: 0.4219 - 2s/epoch - 174ms/step
Epoch 32/10000

Epoch 32: val_loss improved from 0.27454 to 0.27431, saving model to ./results/NN_rms_regr/ResNet/recursion_35/ckpt_1
12/12 - 3s - loss: 0.2781 - mse: 0.2781 - mae: 0.4286 - val_loss: 0.2743 - val_mse: 0.2743 - val_mae: 0.4215 - 3s/epoch - 242ms/step
Epoch 33/10000

Epoch 33: val_loss did not improve from 0.27431
12/12 - 2s - loss: 0.2769 - mse: 0.2769 - mae: 0.4276 - val_loss: 0.2746 - val_mse: 0.2746 - val_mae: 0.4212 - 2s/epoch - 173ms/step
Epoch 34/10000

Epoch 34: val_loss did not improve from 0.27431
12/12 - 2s - loss: 0.2765 - mse: 0.2765 - mae: 0.4276 - val_loss: 0.2749 - val_mse: 0.2749 - val_mae: 0.4221 - 2s/epoch - 174ms/step
Epoch 35/10000

Epoch 35: val_loss did not improve from 0.27431
12/12 - 2s - loss: 0.2762 - mse: 0.2762 - mae: 0.4273 - val_loss: 0.2750 - val_mse: 0.2750 - val_mae: 0.4224 - 2s/epoch - 174ms/step
Epoch 36/10000

Epoch 36: val_loss did not improve from 0.27431
12/12 - 2s - loss: 0.2765 - mse: 0.2765 - mae: 0.4271 - val_loss: 0.2751 - val_mse: 0.2751 - val_mae: 0.4224 - 2s/epoch - 174ms/step
Epoch 37/10000

Epoch 37: val_loss did not improve from 0.27431
12/12 - 2s - loss: 0.2767 - mse: 0.2767 - mae: 0.4275 - val_loss: 0.2746 - val_mse: 0.2746 - val_mae: 0.4212 - 2s/epoch - 176ms/step
Epoch 38/10000

Epoch 38: val_loss did not improve from 0.27431
12/12 - 2s - loss: 0.2766 - mse: 0.2766 - mae: 0.4272 - val_loss: 0.2782 - val_mse: 0.2782 - val_mae: 0.4254 - 2s/epoch - 173ms/step
Epoch 39/10000

Epoch 39: val_loss did not improve from 0.27431
12/12 - 2s - loss: 0.2798 - mse: 0.2798 - mae: 0.4296 - val_loss: 0.2760 - val_mse: 0.2760 - val_mae: 0.4232 - 2s/epoch - 173ms/step
Epoch 40/10000

Epoch 40: val_loss did not improve from 0.27431
12/12 - 2s - loss: 0.2788 - mse: 0.2788 - mae: 0.4279 - val_loss: 0.2751 - val_mse: 0.2751 - val_mae: 0.4222 - 2s/epoch - 175ms/step
Epoch 41/10000

Epoch 41: val_loss did not improve from 0.27431
12/12 - 2s - loss: 0.2793 - mse: 0.2793 - mae: 0.4296 - val_loss: 0.2760 - val_mse: 0.2760 - val_mae: 0.4211 - 2s/epoch - 174ms/step
Epoch 42/10000

Epoch 42: val_loss did not improve from 0.27431
12/12 - 2s - loss: 0.2777 - mse: 0.2777 - mae: 0.4278 - val_loss: 0.2756 - val_mse: 0.2756 - val_mae: 0.4209 - 2s/epoch - 174ms/step
Epoch 43/10000

Epoch 43: val_loss did not improve from 0.27431
12/12 - 2s - loss: 0.2801 - mse: 0.2801 - mae: 0.4294 - val_loss: 0.2818 - val_mse: 0.2818 - val_mae: 0.4240 - 2s/epoch - 174ms/step
Epoch 44/10000

Epoch 44: val_loss did not improve from 0.27431
12/12 - 2s - loss: 0.2807 - mse: 0.2807 - mae: 0.4295 - val_loss: 0.2861 - val_mse: 0.2861 - val_mae: 0.4266 - 2s/epoch - 174ms/step
Epoch 45/10000

Epoch 45: val_loss improved from 0.27431 to 0.27379, saving model to ./results/NN_rms_regr/ResNet/recursion_35/ckpt_1
12/12 - 3s - loss: 0.2800 - mse: 0.2800 - mae: 0.4291 - val_loss: 0.2738 - val_mse: 0.2738 - val_mae: 0.4205 - 3s/epoch - 247ms/step
Epoch 46/10000

Epoch 46: val_loss did not improve from 0.27379
12/12 - 2s - loss: 0.2769 - mse: 0.2769 - mae: 0.4276 - val_loss: 0.2739 - val_mse: 0.2739 - val_mae: 0.4202 - 2s/epoch - 175ms/step
Epoch 47/10000

Epoch 47: val_loss did not improve from 0.27379
12/12 - 2s - loss: 0.2756 - mse: 0.2756 - mae: 0.4263 - val_loss: 0.2752 - val_mse: 0.2752 - val_mae: 0.4205 - 2s/epoch - 174ms/step
Epoch 48/10000

Epoch 48: val_loss did not improve from 0.27379
12/12 - 2s - loss: 0.2781 - mse: 0.2781 - mae: 0.4284 - val_loss: 0.2868 - val_mse: 0.2868 - val_mae: 0.4318 - 2s/epoch - 174ms/step
Epoch 49/10000

Epoch 49: val_loss did not improve from 0.27379
12/12 - 2s - loss: 0.2849 - mse: 0.2849 - mae: 0.4329 - val_loss: 0.2758 - val_mse: 0.2758 - val_mae: 0.4228 - 2s/epoch - 174ms/step
Epoch 50/10000

Epoch 50: val_loss did not improve from 0.27379
12/12 - 2s - loss: 0.2779 - mse: 0.2779 - mae: 0.4280 - val_loss: 0.2740 - val_mse: 0.2740 - val_mae: 0.4202 - 2s/epoch - 174ms/step
Epoch 51/10000

Epoch 51: val_loss did not improve from 0.27379
12/12 - 2s - loss: 0.2755 - mse: 0.2755 - mae: 0.4261 - val_loss: 0.2743 - val_mse: 0.2743 - val_mae: 0.4211 - 2s/epoch - 175ms/step
Epoch 52/10000

Epoch 52: val_loss did not improve from 0.27379
12/12 - 2s - loss: 0.2758 - mse: 0.2758 - mae: 0.4263 - val_loss: 0.2753 - val_mse: 0.2753 - val_mae: 0.4222 - 2s/epoch - 174ms/step
Epoch 53/10000

Epoch 53: val_loss improved from 0.27379 to 0.27371, saving model to ./results/NN_rms_regr/ResNet/recursion_35/ckpt_1
12/12 - 3s - loss: 0.2760 - mse: 0.2760 - mae: 0.4265 - val_loss: 0.2737 - val_mse: 0.2737 - val_mae: 0.4200 - 3s/epoch - 249ms/step
Epoch 54/10000

Epoch 54: val_loss did not improve from 0.27371
12/12 - 2s - loss: 0.2756 - mse: 0.2756 - mae: 0.4263 - val_loss: 0.2749 - val_mse: 0.2749 - val_mae: 0.4201 - 2s/epoch - 175ms/step
Epoch 55/10000

Epoch 55: val_loss did not improve from 0.27371
12/12 - 2s - loss: 0.2763 - mse: 0.2763 - mae: 0.4268 - val_loss: 0.2748 - val_mse: 0.2748 - val_mae: 0.4200 - 2s/epoch - 174ms/step
Epoch 56/10000

Epoch 56: val_loss did not improve from 0.27371
12/12 - 2s - loss: 0.2784 - mse: 0.2784 - mae: 0.4278 - val_loss: 0.2763 - val_mse: 0.2763 - val_mae: 0.4231 - 2s/epoch - 175ms/step
Epoch 57/10000

Epoch 57: val_loss improved from 0.27371 to 0.27358, saving model to ./results/NN_rms_regr/ResNet/recursion_35/ckpt_1
12/12 - 3s - loss: 0.2776 - mse: 0.2776 - mae: 0.4275 - val_loss: 0.2736 - val_mse: 0.2736 - val_mae: 0.4200 - 3s/epoch - 249ms/step
Epoch 58/10000

Epoch 58: val_loss did not improve from 0.27358
12/12 - 2s - loss: 0.2763 - mse: 0.2763 - mae: 0.4265 - val_loss: 0.2751 - val_mse: 0.2751 - val_mae: 0.4218 - 2s/epoch - 175ms/step
Epoch 59/10000

Epoch 59: val_loss did not improve from 0.27358
12/12 - 2s - loss: 0.2755 - mse: 0.2755 - mae: 0.4261 - val_loss: 0.2764 - val_mse: 0.2764 - val_mae: 0.4231 - 2s/epoch - 174ms/step
Epoch 60/10000

Epoch 60: val_loss did not improve from 0.27358
12/12 - 2s - loss: 0.2806 - mse: 0.2806 - mae: 0.4290 - val_loss: 0.2834 - val_mse: 0.2834 - val_mae: 0.4292 - 2s/epoch - 174ms/step
Epoch 61/10000

Epoch 61: val_loss did not improve from 0.27358
12/12 - 2s - loss: 0.2772 - mse: 0.2772 - mae: 0.4270 - val_loss: 0.2758 - val_mse: 0.2758 - val_mae: 0.4223 - 2s/epoch - 174ms/step
Epoch 62/10000

Epoch 62: val_loss did not improve from 0.27358
12/12 - 2s - loss: 0.2783 - mse: 0.2783 - mae: 0.4280 - val_loss: 0.2864 - val_mse: 0.2864 - val_mae: 0.4314 - 2s/epoch - 174ms/step
Epoch 63/10000

Epoch 63: val_loss did not improve from 0.27358
12/12 - 2s - loss: 0.2819 - mse: 0.2819 - mae: 0.4296 - val_loss: 0.2784 - val_mse: 0.2784 - val_mae: 0.4249 - 2s/epoch - 175ms/step
Epoch 64/10000

Epoch 64: val_loss did not improve from 0.27358
12/12 - 2s - loss: 0.2797 - mse: 0.2797 - mae: 0.4286 - val_loss: 0.2786 - val_mse: 0.2786 - val_mae: 0.4217 - 2s/epoch - 174ms/step
Epoch 65/10000

Epoch 65: val_loss did not improve from 0.27358
12/12 - 2s - loss: 0.2801 - mse: 0.2801 - mae: 0.4284 - val_loss: 0.2782 - val_mse: 0.2782 - val_mae: 0.4246 - 2s/epoch - 174ms/step
Epoch 66/10000

Epoch 66: val_loss did not improve from 0.27358
12/12 - 2s - loss: 0.2775 - mse: 0.2775 - mae: 0.4272 - val_loss: 0.2753 - val_mse: 0.2753 - val_mae: 0.4218 - 2s/epoch - 174ms/step
Epoch 67/10000

Epoch 67: val_loss did not improve from 0.27358
12/12 - 2s - loss: 0.2820 - mse: 0.2820 - mae: 0.4312 - val_loss: 0.2767 - val_mse: 0.2767 - val_mae: 0.4205 - 2s/epoch - 174ms/step
Epoch 68/10000

Epoch 68: val_loss did not improve from 0.27358
12/12 - 2s - loss: 0.2763 - mse: 0.2763 - mae: 0.4263 - val_loss: 0.2742 - val_mse: 0.2742 - val_mae: 0.4195 - 2s/epoch - 174ms/step
Epoch 69/10000

Epoch 69: val_loss did not improve from 0.27358
12/12 - 2s - loss: 0.2775 - mse: 0.2775 - mae: 0.4274 - val_loss: 0.2758 - val_mse: 0.2758 - val_mae: 0.4224 - 2s/epoch - 174ms/step
Epoch 70/10000

Epoch 70: val_loss did not improve from 0.27358
12/12 - 2s - loss: 0.2779 - mse: 0.2779 - mae: 0.4272 - val_loss: 0.2740 - val_mse: 0.2740 - val_mae: 0.4194 - 2s/epoch - 175ms/step
Epoch 71/10000

Epoch 71: val_loss did not improve from 0.27358
12/12 - 2s - loss: 0.2754 - mse: 0.2754 - mae: 0.4256 - val_loss: 0.2737 - val_mse: 0.2737 - val_mae: 0.4192 - 2s/epoch - 173ms/step
Epoch 72/10000

Epoch 72: val_loss did not improve from 0.27358
12/12 - 2s - loss: 0.2752 - mse: 0.2752 - mae: 0.4253 - val_loss: 0.2746 - val_mse: 0.2746 - val_mae: 0.4211 - 2s/epoch - 175ms/step
Epoch 73/10000

Epoch 73: val_loss did not improve from 0.27358
12/12 - 2s - loss: 0.2776 - mse: 0.2776 - mae: 0.4272 - val_loss: 0.2862 - val_mse: 0.2862 - val_mae: 0.4261 - 2s/epoch - 174ms/step
Epoch 74/10000

Epoch 74: val_loss did not improve from 0.27358
12/12 - 2s - loss: 0.2787 - mse: 0.2787 - mae: 0.4275 - val_loss: 0.2773 - val_mse: 0.2773 - val_mae: 0.4207 - 2s/epoch - 176ms/step
Epoch 75/10000

Epoch 75: val_loss did not improve from 0.27358
12/12 - 2s - loss: 0.2768 - mse: 0.2768 - mae: 0.4261 - val_loss: 0.2745 - val_mse: 0.2745 - val_mae: 0.4208 - 2s/epoch - 174ms/step
Epoch 76/10000

Epoch 76: val_loss improved from 0.27358 to 0.27356, saving model to ./results/NN_rms_regr/ResNet/recursion_35/ckpt_1
12/12 - 3s - loss: 0.2761 - mse: 0.2761 - mae: 0.4263 - val_loss: 0.2736 - val_mse: 0.2736 - val_mae: 0.4190 - 3s/epoch - 243ms/step
Epoch 77/10000

Epoch 77: val_loss did not improve from 0.27356
12/12 - 2s - loss: 0.2768 - mse: 0.2768 - mae: 0.4265 - val_loss: 0.2775 - val_mse: 0.2775 - val_mae: 0.4237 - 2s/epoch - 175ms/step
Epoch 78/10000

Epoch 78: val_loss did not improve from 0.27356
12/12 - 2s - loss: 0.2774 - mse: 0.2774 - mae: 0.4276 - val_loss: 0.2753 - val_mse: 0.2753 - val_mae: 0.4196 - 2s/epoch - 175ms/step
Epoch 79/10000

Epoch 79: val_loss did not improve from 0.27356
12/12 - 2s - loss: 0.2764 - mse: 0.2764 - mae: 0.4257 - val_loss: 0.2746 - val_mse: 0.2746 - val_mae: 0.4210 - 2s/epoch - 176ms/step
Epoch 80/10000

Epoch 80: val_loss did not improve from 0.27356
12/12 - 2s - loss: 0.2751 - mse: 0.2751 - mae: 0.4253 - val_loss: 0.2740 - val_mse: 0.2740 - val_mae: 0.4197 - 2s/epoch - 175ms/step
Epoch 81/10000

Epoch 81: val_loss did not improve from 0.27356
12/12 - 2s - loss: 0.2761 - mse: 0.2761 - mae: 0.4257 - val_loss: 0.2742 - val_mse: 0.2742 - val_mae: 0.4191 - 2s/epoch - 174ms/step
Epoch 82/10000

Epoch 82: val_loss did not improve from 0.27356
12/12 - 2s - loss: 0.2774 - mse: 0.2774 - mae: 0.4262 - val_loss: 0.2843 - val_mse: 0.2843 - val_mae: 0.4296 - 2s/epoch - 176ms/step
Epoch 83/10000

Epoch 83: val_loss did not improve from 0.27356
12/12 - 2s - loss: 0.2768 - mse: 0.2768 - mae: 0.4266 - val_loss: 0.2744 - val_mse: 0.2744 - val_mae: 0.4191 - 2s/epoch - 174ms/step
Epoch 84/10000

Epoch 84: val_loss improved from 0.27356 to 0.27348, saving model to ./results/NN_rms_regr/ResNet/recursion_35/ckpt_1
12/12 - 3s - loss: 0.2766 - mse: 0.2766 - mae: 0.4261 - val_loss: 0.2735 - val_mse: 0.2735 - val_mae: 0.4195 - 3s/epoch - 246ms/step
Epoch 85/10000

Epoch 85: val_loss did not improve from 0.27348
12/12 - 2s - loss: 0.2780 - mse: 0.2780 - mae: 0.4276 - val_loss: 0.2759 - val_mse: 0.2759 - val_mae: 0.4198 - 2s/epoch - 173ms/step
Epoch 86/10000

Epoch 86: val_loss did not improve from 0.27348
12/12 - 2s - loss: 0.2781 - mse: 0.2781 - mae: 0.4272 - val_loss: 0.2740 - val_mse: 0.2740 - val_mae: 0.4191 - 2s/epoch - 176ms/step
Epoch 87/10000

Epoch 87: val_loss did not improve from 0.27348
12/12 - 2s - loss: 0.2774 - mse: 0.2774 - mae: 0.4266 - val_loss: 0.2834 - val_mse: 0.2834 - val_mae: 0.4289 - 2s/epoch - 175ms/step
Epoch 88/10000

Epoch 88: val_loss did not improve from 0.27348
12/12 - 2s - loss: 0.2809 - mse: 0.2809 - mae: 0.4293 - val_loss: 0.2747 - val_mse: 0.2747 - val_mae: 0.4192 - 2s/epoch - 175ms/step
Epoch 89/10000

Epoch 89: val_loss improved from 0.27348 to 0.27338, saving model to ./results/NN_rms_regr/ResNet/recursion_35/ckpt_1
12/12 - 3s - loss: 0.2772 - mse: 0.2772 - mae: 0.4270 - val_loss: 0.2734 - val_mse: 0.2734 - val_mae: 0.4196 - 3s/epoch - 248ms/step
Epoch 90/10000

Epoch 90: val_loss improved from 0.27338 to 0.27307, saving model to ./results/NN_rms_regr/ResNet/recursion_35/ckpt_1
12/12 - 3s - loss: 0.2759 - mse: 0.2759 - mae: 0.4259 - val_loss: 0.2731 - val_mse: 0.2731 - val_mae: 0.4190 - 3s/epoch - 249ms/step
Epoch 91/10000

Epoch 91: val_loss did not improve from 0.27307
12/12 - 2s - loss: 0.2759 - mse: 0.2759 - mae: 0.4257 - val_loss: 0.2805 - val_mse: 0.2805 - val_mae: 0.4226 - 2s/epoch - 175ms/step
Epoch 92/10000

Epoch 92: val_loss did not improve from 0.27307
12/12 - 2s - loss: 0.2782 - mse: 0.2782 - mae: 0.4265 - val_loss: 0.2883 - val_mse: 0.2883 - val_mae: 0.4327 - 2s/epoch - 174ms/step
Epoch 93/10000

Epoch 93: val_loss did not improve from 0.27307
12/12 - 2s - loss: 0.2802 - mse: 0.2802 - mae: 0.4288 - val_loss: 0.2796 - val_mse: 0.2796 - val_mae: 0.4220 - 2s/epoch - 173ms/step
Epoch 94/10000

Epoch 94: val_loss did not improve from 0.27307
12/12 - 2s - loss: 0.2777 - mse: 0.2777 - mae: 0.4263 - val_loss: 0.2792 - val_mse: 0.2792 - val_mae: 0.4252 - 2s/epoch - 174ms/step
Epoch 95/10000

Epoch 95: val_loss did not improve from 0.27307
12/12 - 2s - loss: 0.2767 - mse: 0.2767 - mae: 0.4263 - val_loss: 0.2787 - val_mse: 0.2787 - val_mae: 0.4245 - 2s/epoch - 174ms/step
Epoch 96/10000

Epoch 96: val_loss did not improve from 0.27307
12/12 - 2s - loss: 0.2779 - mse: 0.2779 - mae: 0.4272 - val_loss: 0.2731 - val_mse: 0.2731 - val_mae: 0.4186 - 2s/epoch - 173ms/step
Epoch 97/10000

Epoch 97: val_loss did not improve from 0.27307
12/12 - 2s - loss: 0.2771 - mse: 0.2771 - mae: 0.4261 - val_loss: 0.2750 - val_mse: 0.2750 - val_mae: 0.4194 - 2s/epoch - 174ms/step
Epoch 98/10000

Epoch 98: val_loss did not improve from 0.27307
12/12 - 2s - loss: 0.2781 - mse: 0.2781 - mae: 0.4262 - val_loss: 0.2866 - val_mse: 0.2866 - val_mae: 0.4313 - 2s/epoch - 173ms/step
Epoch 99/10000

Epoch 99: val_loss did not improve from 0.27307
12/12 - 2s - loss: 0.2801 - mse: 0.2801 - mae: 0.4284 - val_loss: 0.2740 - val_mse: 0.2740 - val_mae: 0.4189 - 2s/epoch - 173ms/step
Epoch 100/10000

Epoch 100: val_loss did not improve from 0.27307
12/12 - 2s - loss: 0.2783 - mse: 0.2783 - mae: 0.4268 - val_loss: 0.2862 - val_mse: 0.2862 - val_mae: 0.4310 - 2s/epoch - 173ms/step
Epoch 101/10000

Epoch 101: val_loss did not improve from 0.27307
12/12 - 2s - loss: 0.2788 - mse: 0.2788 - mae: 0.4276 - val_loss: 0.2754 - val_mse: 0.2754 - val_mae: 0.4194 - 2s/epoch - 174ms/step
Epoch 102/10000

Epoch 102: val_loss did not improve from 0.27307
12/12 - 2s - loss: 0.2786 - mse: 0.2786 - mae: 0.4266 - val_loss: 0.2739 - val_mse: 0.2739 - val_mae: 0.4187 - 2s/epoch - 174ms/step
Epoch 103/10000

Epoch 103: val_loss did not improve from 0.27307
12/12 - 2s - loss: 0.2769 - mse: 0.2769 - mae: 0.4257 - val_loss: 0.2772 - val_mse: 0.2772 - val_mae: 0.4203 - 2s/epoch - 174ms/step
Epoch 104/10000

Epoch 104: val_loss did not improve from 0.27307
12/12 - 2s - loss: 0.2778 - mse: 0.2778 - mae: 0.4268 - val_loss: 0.2765 - val_mse: 0.2765 - val_mae: 0.4225 - 2s/epoch - 173ms/step
Epoch 105/10000

Epoch 105: val_loss did not improve from 0.27307
12/12 - 2s - loss: 0.2752 - mse: 0.2752 - mae: 0.4249 - val_loss: 0.2767 - val_mse: 0.2767 - val_mae: 0.4228 - 2s/epoch - 173ms/step
Epoch 106/10000

Epoch 106: val_loss did not improve from 0.27307
12/12 - 2s - loss: 0.2783 - mse: 0.2783 - mae: 0.4271 - val_loss: 0.2750 - val_mse: 0.2750 - val_mae: 0.4212 - 2s/epoch - 173ms/step
Epoch 107/10000

Epoch 107: val_loss did not improve from 0.27307
12/12 - 2s - loss: 0.2767 - mse: 0.2767 - mae: 0.4261 - val_loss: 0.2743 - val_mse: 0.2743 - val_mae: 0.4205 - 2s/epoch - 173ms/step
Epoch 108/10000

Epoch 108: val_loss did not improve from 0.27307
12/12 - 2s - loss: 0.2769 - mse: 0.2769 - mae: 0.4262 - val_loss: 0.2823 - val_mse: 0.2823 - val_mae: 0.4276 - 2s/epoch - 173ms/step
Epoch 109/10000

Epoch 109: val_loss improved from 0.27307 to 0.27299, saving model to ./results/NN_rms_regr/ResNet/recursion_35/ckpt_1
12/12 - 3s - loss: 0.2780 - mse: 0.2780 - mae: 0.4271 - val_loss: 0.2730 - val_mse: 0.2730 - val_mae: 0.4184 - 3s/epoch - 243ms/step
Epoch 110/10000

Epoch 110: val_loss did not improve from 0.27299
12/12 - 2s - loss: 0.2751 - mse: 0.2751 - mae: 0.4252 - val_loss: 0.2756 - val_mse: 0.2756 - val_mae: 0.4194 - 2s/epoch - 173ms/step
Epoch 111/10000

Epoch 111: val_loss did not improve from 0.27299
12/12 - 2s - loss: 0.2780 - mse: 0.2780 - mae: 0.4271 - val_loss: 0.2743 - val_mse: 0.2743 - val_mae: 0.4203 - 2s/epoch - 173ms/step
Epoch 112/10000

Epoch 112: val_loss did not improve from 0.27299
12/12 - 2s - loss: 0.2787 - mse: 0.2787 - mae: 0.4269 - val_loss: 0.2844 - val_mse: 0.2844 - val_mae: 0.4294 - 2s/epoch - 172ms/step
Epoch 113/10000

Epoch 113: val_loss did not improve from 0.27299
12/12 - 2s - loss: 0.2759 - mse: 0.2759 - mae: 0.4257 - val_loss: 0.2766 - val_mse: 0.2766 - val_mae: 0.4200 - 2s/epoch - 173ms/step
Epoch 114/10000

Epoch 114: val_loss did not improve from 0.27299
12/12 - 2s - loss: 0.2783 - mse: 0.2783 - mae: 0.4265 - val_loss: 0.2743 - val_mse: 0.2743 - val_mae: 0.4203 - 2s/epoch - 174ms/step
Epoch 115/10000

Epoch 115: val_loss improved from 0.27299 to 0.27287, saving model to ./results/NN_rms_regr/ResNet/recursion_35/ckpt_1
12/12 - 3s - loss: 0.2753 - mse: 0.2753 - mae: 0.4249 - val_loss: 0.2729 - val_mse: 0.2729 - val_mae: 0.4184 - 3s/epoch - 248ms/step
Epoch 116/10000

Epoch 116: val_loss did not improve from 0.27287
12/12 - 2s - loss: 0.2775 - mse: 0.2775 - mae: 0.4263 - val_loss: 0.2766 - val_mse: 0.2766 - val_mae: 0.4224 - 2s/epoch - 173ms/step
Epoch 117/10000

Epoch 117: val_loss did not improve from 0.27287
12/12 - 2s - loss: 0.2796 - mse: 0.2796 - mae: 0.4279 - val_loss: 0.2782 - val_mse: 0.2782 - val_mae: 0.4239 - 2s/epoch - 174ms/step
Epoch 118/10000

Epoch 118: val_loss did not improve from 0.27287
12/12 - 2s - loss: 0.2789 - mse: 0.2789 - mae: 0.4276 - val_loss: 0.2768 - val_mse: 0.2768 - val_mae: 0.4227 - 2s/epoch - 173ms/step
Epoch 119/10000

Epoch 119: val_loss did not improve from 0.27287
12/12 - 2s - loss: 0.2756 - mse: 0.2756 - mae: 0.4256 - val_loss: 0.2781 - val_mse: 0.2781 - val_mae: 0.4206 - 2s/epoch - 174ms/step
Epoch 120/10000

Epoch 120: val_loss did not improve from 0.27287
12/12 - 2s - loss: 0.2780 - mse: 0.2780 - mae: 0.4267 - val_loss: 0.2741 - val_mse: 0.2741 - val_mae: 0.4185 - 2s/epoch - 174ms/step
Epoch 121/10000

Epoch 121: val_loss improved from 0.27287 to 0.27285, saving model to ./results/NN_rms_regr/ResNet/recursion_35/ckpt_1
12/12 - 3s - loss: 0.2756 - mse: 0.2756 - mae: 0.4247 - val_loss: 0.2728 - val_mse: 0.2728 - val_mae: 0.4186 - 3s/epoch - 248ms/step
Epoch 122/10000

Epoch 122: val_loss did not improve from 0.27285
12/12 - 2s - loss: 0.2756 - mse: 0.2756 - mae: 0.4251 - val_loss: 0.2733 - val_mse: 0.2733 - val_mae: 0.4186 - 2s/epoch - 173ms/step
Epoch 123/10000

Epoch 123: val_loss did not improve from 0.27285
12/12 - 2s - loss: 0.2752 - mse: 0.2752 - mae: 0.4246 - val_loss: 0.2767 - val_mse: 0.2767 - val_mae: 0.4227 - 2s/epoch - 174ms/step
Epoch 124/10000

Epoch 124: val_loss did not improve from 0.27285
12/12 - 2s - loss: 0.2794 - mse: 0.2794 - mae: 0.4279 - val_loss: 0.2812 - val_mse: 0.2812 - val_mae: 0.4225 - 2s/epoch - 173ms/step
Epoch 125/10000

Epoch 125: val_loss did not improve from 0.27285
12/12 - 2s - loss: 0.2833 - mse: 0.2833 - mae: 0.4296 - val_loss: 0.2750 - val_mse: 0.2750 - val_mae: 0.4211 - 2s/epoch - 173ms/step
Epoch 126/10000

Epoch 126: val_loss did not improve from 0.27285
12/12 - 2s - loss: 0.2768 - mse: 0.2768 - mae: 0.4260 - val_loss: 0.2796 - val_mse: 0.2796 - val_mae: 0.4251 - 2s/epoch - 174ms/step
Epoch 127/10000

Epoch 127: val_loss did not improve from 0.27285
12/12 - 2s - loss: 0.2771 - mse: 0.2771 - mae: 0.4262 - val_loss: 0.2737 - val_mse: 0.2737 - val_mae: 0.4183 - 2s/epoch - 174ms/step
Epoch 128/10000

Epoch 128: val_loss did not improve from 0.27285
12/12 - 2s - loss: 0.2755 - mse: 0.2755 - mae: 0.4252 - val_loss: 0.2734 - val_mse: 0.2734 - val_mae: 0.4185 - 2s/epoch - 173ms/step
Epoch 129/10000

Epoch 129: val_loss did not improve from 0.27285
12/12 - 2s - loss: 0.2788 - mse: 0.2788 - mae: 0.4270 - val_loss: 0.2800 - val_mse: 0.2800 - val_mae: 0.4224 - 2s/epoch - 173ms/step
Epoch 130/10000

Epoch 130: val_loss did not improve from 0.27285
12/12 - 2s - loss: 0.2778 - mse: 0.2778 - mae: 0.4266 - val_loss: 0.2743 - val_mse: 0.2743 - val_mae: 0.4200 - 2s/epoch - 174ms/step
Epoch 131/10000

Epoch 131: val_loss did not improve from 0.27285
12/12 - 2s - loss: 0.2809 - mse: 0.2809 - mae: 0.4288 - val_loss: 0.2769 - val_mse: 0.2769 - val_mae: 0.4201 - 2s/epoch - 173ms/step
Epoch 132/10000

Epoch 132: val_loss did not improve from 0.27285
12/12 - 2s - loss: 0.2766 - mse: 0.2766 - mae: 0.4251 - val_loss: 0.2857 - val_mse: 0.2857 - val_mae: 0.4303 - 2s/epoch - 173ms/step
Epoch 133/10000

Epoch 133: val_loss did not improve from 0.27285
12/12 - 2s - loss: 0.2902 - mse: 0.2902 - mae: 0.4354 - val_loss: 0.2742 - val_mse: 0.2742 - val_mae: 0.4201 - 2s/epoch - 174ms/step
Epoch 134/10000

Epoch 134: val_loss did not improve from 0.27285
12/12 - 2s - loss: 0.2779 - mse: 0.2779 - mae: 0.4267 - val_loss: 0.2761 - val_mse: 0.2761 - val_mae: 0.4220 - 2s/epoch - 173ms/step
Epoch 135/10000

Epoch 135: val_loss did not improve from 0.27285
12/12 - 2s - loss: 0.2808 - mse: 0.2808 - mae: 0.4282 - val_loss: 0.2759 - val_mse: 0.2759 - val_mae: 0.4220 - 2s/epoch - 173ms/step
Epoch 136/10000

Epoch 136: val_loss did not improve from 0.27285
12/12 - 2s - loss: 0.2800 - mse: 0.2800 - mae: 0.4284 - val_loss: 0.2845 - val_mse: 0.2845 - val_mae: 0.4291 - 2s/epoch - 173ms/step
Epoch 137/10000

Epoch 137: val_loss did not improve from 0.27285
12/12 - 2s - loss: 0.2774 - mse: 0.2774 - mae: 0.4263 - val_loss: 0.2778 - val_mse: 0.2778 - val_mae: 0.4236 - 2s/epoch - 173ms/step
Epoch 138/10000

Epoch 138: val_loss improved from 0.27285 to 0.27268, saving model to ./results/NN_rms_regr/ResNet/recursion_35/ckpt_1
12/12 - 3s - loss: 0.2764 - mse: 0.2764 - mae: 0.4261 - val_loss: 0.2727 - val_mse: 0.2727 - val_mae: 0.4184 - 3s/epoch - 242ms/step
Epoch 139/10000

Epoch 139: val_loss did not improve from 0.27268
12/12 - 2s - loss: 0.2758 - mse: 0.2758 - mae: 0.4250 - val_loss: 0.2731 - val_mse: 0.2731 - val_mae: 0.4190 - 2s/epoch - 173ms/step
Epoch 140/10000

Epoch 140: val_loss did not improve from 0.27268
12/12 - 2s - loss: 0.2756 - mse: 0.2756 - mae: 0.4253 - val_loss: 0.2743 - val_mse: 0.2743 - val_mae: 0.4185 - 2s/epoch - 175ms/step
Epoch 141/10000

Epoch 141: val_loss did not improve from 0.27268
12/12 - 2s - loss: 0.2786 - mse: 0.2786 - mae: 0.4272 - val_loss: 0.2728 - val_mse: 0.2728 - val_mae: 0.4183 - 2s/epoch - 173ms/step
Epoch 142/10000

Epoch 142: val_loss did not improve from 0.27268
12/12 - 2s - loss: 0.2777 - mse: 0.2777 - mae: 0.4259 - val_loss: 0.3048 - val_mse: 0.3048 - val_mae: 0.4452 - 2s/epoch - 174ms/step
Epoch 143/10000

Epoch 143: val_loss did not improve from 0.27268
12/12 - 2s - loss: 0.2832 - mse: 0.2832 - mae: 0.4314 - val_loss: 0.2809 - val_mse: 0.2809 - val_mae: 0.4261 - 2s/epoch - 173ms/step
Epoch 144/10000

Epoch 144: val_loss did not improve from 0.27268
12/12 - 2s - loss: 0.2795 - mse: 0.2795 - mae: 0.4278 - val_loss: 0.2729 - val_mse: 0.2729 - val_mae: 0.4187 - 2s/epoch - 174ms/step
Epoch 145/10000

Epoch 145: val_loss did not improve from 0.27268
12/12 - 2s - loss: 0.2763 - mse: 0.2763 - mae: 0.4253 - val_loss: 0.2815 - val_mse: 0.2815 - val_mae: 0.4266 - 2s/epoch - 174ms/step
Epoch 146/10000

Epoch 146: val_loss did not improve from 0.27268
12/12 - 2s - loss: 0.2774 - mse: 0.2774 - mae: 0.4270 - val_loss: 0.2730 - val_mse: 0.2730 - val_mae: 0.4186 - 2s/epoch - 174ms/step
Epoch 147/10000

Epoch 147: val_loss did not improve from 0.27268
12/12 - 2s - loss: 0.2815 - mse: 0.2815 - mae: 0.4288 - val_loss: 0.2746 - val_mse: 0.2746 - val_mae: 0.4187 - 2s/epoch - 173ms/step
Epoch 148/10000

Epoch 148: val_loss did not improve from 0.27268
12/12 - 2s - loss: 0.2801 - mse: 0.2801 - mae: 0.4286 - val_loss: 0.2817 - val_mse: 0.2817 - val_mae: 0.4226 - 2s/epoch - 173ms/step
Epoch 149/10000

Epoch 149: val_loss did not improve from 0.27268
12/12 - 2s - loss: 0.2799 - mse: 0.2799 - mae: 0.4280 - val_loss: 0.2819 - val_mse: 0.2819 - val_mae: 0.4228 - 2s/epoch - 174ms/step
Epoch 150/10000

Epoch 150: val_loss did not improve from 0.27268
12/12 - 2s - loss: 0.2778 - mse: 0.2778 - mae: 0.4261 - val_loss: 0.2827 - val_mse: 0.2827 - val_mae: 0.4233 - 2s/epoch - 174ms/step
Epoch 151/10000

Epoch 151: val_loss did not improve from 0.27268
12/12 - 2s - loss: 0.2836 - mse: 0.2836 - mae: 0.4299 - val_loss: 0.2812 - val_mse: 0.2812 - val_mae: 0.4225 - 2s/epoch - 173ms/step
Epoch 152/10000

Epoch 152: val_loss did not improve from 0.27268
12/12 - 2s - loss: 0.2835 - mse: 0.2835 - mae: 0.4304 - val_loss: 0.2768 - val_mse: 0.2768 - val_mae: 0.4197 - 2s/epoch - 173ms/step
Epoch 153/10000

Epoch 153: val_loss did not improve from 0.27268
12/12 - 2s - loss: 0.2782 - mse: 0.2782 - mae: 0.4266 - val_loss: 0.2765 - val_mse: 0.2765 - val_mae: 0.4196 - 2s/epoch - 181ms/step
Epoch 154/10000

Epoch 154: val_loss did not improve from 0.27268
12/12 - 2s - loss: 0.2762 - mse: 0.2762 - mae: 0.4250 - val_loss: 0.2750 - val_mse: 0.2750 - val_mae: 0.4211 - 2s/epoch - 174ms/step
Epoch 155/10000

Epoch 155: val_loss did not improve from 0.27268
12/12 - 2s - loss: 0.2799 - mse: 0.2799 - mae: 0.4276 - val_loss: 0.2737 - val_mse: 0.2737 - val_mae: 0.4195 - 2s/epoch - 174ms/step
Epoch 156/10000

Epoch 156: val_loss did not improve from 0.27268
12/12 - 2s - loss: 0.2762 - mse: 0.2762 - mae: 0.4253 - val_loss: 0.2850 - val_mse: 0.2850 - val_mae: 0.4251 - 2s/epoch - 173ms/step
Epoch 157/10000

Epoch 157: val_loss did not improve from 0.27268
12/12 - 2s - loss: 0.2798 - mse: 0.2798 - mae: 0.4282 - val_loss: 0.2861 - val_mse: 0.2861 - val_mae: 0.4256 - 2s/epoch - 174ms/step
Epoch 158/10000

Epoch 158: val_loss did not improve from 0.27268
12/12 - 2s - loss: 0.2875 - mse: 0.2875 - mae: 0.4334 - val_loss: 0.2882 - val_mse: 0.2882 - val_mae: 0.4269 - 2s/epoch - 173ms/step
Epoch 159/10000

Epoch 159: val_loss did not improve from 0.27268
12/12 - 2s - loss: 0.2860 - mse: 0.2860 - mae: 0.4311 - val_loss: 0.2741 - val_mse: 0.2741 - val_mae: 0.4183 - 2s/epoch - 174ms/step
Epoch 160/10000

Epoch 160: val_loss did not improve from 0.27268
12/12 - 2s - loss: 0.2834 - mse: 0.2834 - mae: 0.4299 - val_loss: 0.2784 - val_mse: 0.2784 - val_mae: 0.4240 - 2s/epoch - 174ms/step
Epoch 161/10000

Epoch 161: val_loss improved from 0.27268 to 0.27266, saving model to ./results/NN_rms_regr/ResNet/recursion_35/ckpt_1
12/12 - 3s - loss: 0.2794 - mse: 0.2794 - mae: 0.4272 - val_loss: 0.2727 - val_mse: 0.2727 - val_mae: 0.4184 - 3s/epoch - 248ms/step
Epoch 162/10000

Epoch 162: val_loss did not improve from 0.27266
12/12 - 2s - loss: 0.2761 - mse: 0.2761 - mae: 0.4251 - val_loss: 0.2729 - val_mse: 0.2729 - val_mae: 0.4184 - 2s/epoch - 174ms/step
Epoch 163/10000

Epoch 163: val_loss did not improve from 0.27266
12/12 - 2s - loss: 0.2757 - mse: 0.2757 - mae: 0.4249 - val_loss: 0.2730 - val_mse: 0.2730 - val_mae: 0.4180 - 2s/epoch - 174ms/step
Epoch 164/10000

Epoch 164: val_loss did not improve from 0.27266
12/12 - 2s - loss: 0.2756 - mse: 0.2756 - mae: 0.4251 - val_loss: 0.2734 - val_mse: 0.2734 - val_mae: 0.4189 - 2s/epoch - 173ms/step
Epoch 165/10000

Epoch 165: val_loss did not improve from 0.27266
12/12 - 2s - loss: 0.2752 - mse: 0.2752 - mae: 0.4248 - val_loss: 0.2735 - val_mse: 0.2735 - val_mae: 0.4184 - 2s/epoch - 173ms/step
Epoch 166/10000

Epoch 166: val_loss did not improve from 0.27266
12/12 - 2s - loss: 0.2759 - mse: 0.2759 - mae: 0.4254 - val_loss: 0.2732 - val_mse: 0.2732 - val_mae: 0.4179 - 2s/epoch - 173ms/step
Epoch 167/10000

Epoch 167: val_loss did not improve from 0.27266
12/12 - 2s - loss: 0.2798 - mse: 0.2798 - mae: 0.4277 - val_loss: 0.2808 - val_mse: 0.2808 - val_mae: 0.4220 - 2s/epoch - 174ms/step
Epoch 168/10000

Epoch 168: val_loss did not improve from 0.27266
12/12 - 2s - loss: 0.2794 - mse: 0.2794 - mae: 0.4278 - val_loss: 0.2748 - val_mse: 0.2748 - val_mae: 0.4207 - 2s/epoch - 173ms/step
Epoch 169/10000

Epoch 169: val_loss did not improve from 0.27266
12/12 - 2s - loss: 0.2792 - mse: 0.2792 - mae: 0.4274 - val_loss: 0.2745 - val_mse: 0.2745 - val_mae: 0.4185 - 2s/epoch - 173ms/step
Epoch 170/10000

Epoch 170: val_loss did not improve from 0.27266
12/12 - 2s - loss: 0.2759 - mse: 0.2759 - mae: 0.4248 - val_loss: 0.2728 - val_mse: 0.2728 - val_mae: 0.4181 - 2s/epoch - 173ms/step
Epoch 171/10000

Epoch 171: val_loss did not improve from 0.27266
12/12 - 2s - loss: 0.2748 - mse: 0.2748 - mae: 0.4240 - val_loss: 0.2729 - val_mse: 0.2729 - val_mae: 0.4183 - 2s/epoch - 174ms/step
Epoch 172/10000

Epoch 172: val_loss improved from 0.27266 to 0.27260, saving model to ./results/NN_rms_regr/ResNet/recursion_35/ckpt_1
12/12 - 3s - loss: 0.2752 - mse: 0.2752 - mae: 0.4244 - val_loss: 0.2726 - val_mse: 0.2726 - val_mae: 0.4182 - 3s/epoch - 248ms/step
Epoch 173/10000

Epoch 173: val_loss did not improve from 0.27260
12/12 - 2s - loss: 0.2823 - mse: 0.2823 - mae: 0.4294 - val_loss: 0.2745 - val_mse: 0.2745 - val_mae: 0.4202 - 2s/epoch - 173ms/step
Epoch 174/10000

Epoch 174: val_loss did not improve from 0.27260
12/12 - 2s - loss: 0.2872 - mse: 0.2872 - mae: 0.4332 - val_loss: 0.2791 - val_mse: 0.2791 - val_mae: 0.4244 - 2s/epoch - 174ms/step
Epoch 175/10000

Epoch 175: val_loss did not improve from 0.27260
12/12 - 2s - loss: 0.2817 - mse: 0.2817 - mae: 0.4290 - val_loss: 0.2947 - val_mse: 0.2947 - val_mae: 0.4372 - 2s/epoch - 174ms/step
Epoch 176/10000

Epoch 176: val_loss did not improve from 0.27260
12/12 - 2s - loss: 0.2788 - mse: 0.2788 - mae: 0.4268 - val_loss: 0.2784 - val_mse: 0.2784 - val_mae: 0.4239 - 2s/epoch - 175ms/step
Epoch 177/10000

Epoch 177: val_loss did not improve from 0.27260
12/12 - 2s - loss: 0.2769 - mse: 0.2769 - mae: 0.4263 - val_loss: 0.2729 - val_mse: 0.2729 - val_mae: 0.4186 - 2s/epoch - 173ms/step
Epoch 178/10000

Epoch 178: val_loss did not improve from 0.27260
12/12 - 2s - loss: 0.2749 - mse: 0.2749 - mae: 0.4244 - val_loss: 0.2731 - val_mse: 0.2731 - val_mae: 0.4178 - 2s/epoch - 173ms/step
Epoch 179/10000

Epoch 179: val_loss did not improve from 0.27260
12/12 - 2s - loss: 0.2769 - mse: 0.2769 - mae: 0.4258 - val_loss: 0.2726 - val_mse: 0.2726 - val_mae: 0.4179 - 2s/epoch - 173ms/step
Epoch 180/10000

Epoch 180: val_loss did not improve from 0.27260
12/12 - 2s - loss: 0.2766 - mse: 0.2766 - mae: 0.4257 - val_loss: 0.2734 - val_mse: 0.2734 - val_mae: 0.4193 - 2s/epoch - 173ms/step
Epoch 181/10000

Epoch 181: val_loss did not improve from 0.27260
12/12 - 2s - loss: 0.2755 - mse: 0.2755 - mae: 0.4249 - val_loss: 0.2757 - val_mse: 0.2757 - val_mae: 0.4190 - 2s/epoch - 175ms/step
Epoch 182/10000

Epoch 182: val_loss did not improve from 0.27260
12/12 - 2s - loss: 0.2763 - mse: 0.2763 - mae: 0.4253 - val_loss: 0.2739 - val_mse: 0.2739 - val_mae: 0.4194 - 2s/epoch - 173ms/step
Epoch 183/10000

Epoch 183: val_loss did not improve from 0.27260
12/12 - 2s - loss: 0.2771 - mse: 0.2771 - mae: 0.4262 - val_loss: 0.2826 - val_mse: 0.2826 - val_mae: 0.4231 - 2s/epoch - 173ms/step
Epoch 184/10000

Epoch 184: val_loss improved from 0.27260 to 0.27248, saving model to ./results/NN_rms_regr/ResNet/recursion_35/ckpt_1
12/12 - 3s - loss: 0.2789 - mse: 0.2789 - mae: 0.4268 - val_loss: 0.2725 - val_mse: 0.2725 - val_mae: 0.4179 - 3s/epoch - 243ms/step
Epoch 185/10000

Epoch 185: val_loss did not improve from 0.27248
12/12 - 2s - loss: 0.2755 - mse: 0.2755 - mae: 0.4250 - val_loss: 0.2732 - val_mse: 0.2732 - val_mae: 0.4177 - 2s/epoch - 174ms/step
Epoch 186/10000

Epoch 186: val_loss did not improve from 0.27248
12/12 - 2s - loss: 0.2759 - mse: 0.2759 - mae: 0.4248 - val_loss: 0.2740 - val_mse: 0.2740 - val_mae: 0.4181 - 2s/epoch - 173ms/step
Epoch 187/10000

Epoch 187: val_loss did not improve from 0.27248
12/12 - 2s - loss: 0.2770 - mse: 0.2770 - mae: 0.4250 - val_loss: 0.2741 - val_mse: 0.2741 - val_mae: 0.4181 - 2s/epoch - 174ms/step
Epoch 188/10000

Epoch 188: val_loss did not improve from 0.27248
12/12 - 2s - loss: 0.2831 - mse: 0.2831 - mae: 0.4303 - val_loss: 0.2726 - val_mse: 0.2726 - val_mae: 0.4179 - 2s/epoch - 174ms/step
Epoch 189/10000

Epoch 189: val_loss did not improve from 0.27248
12/12 - 2s - loss: 0.2767 - mse: 0.2767 - mae: 0.4258 - val_loss: 0.2776 - val_mse: 0.2776 - val_mae: 0.4199 - 2s/epoch - 171ms/step
Epoch 190/10000

Epoch 190: val_loss did not improve from 0.27248
12/12 - 2s - loss: 0.2752 - mse: 0.2752 - mae: 0.4248 - val_loss: 0.2771 - val_mse: 0.2771 - val_mae: 0.4223 - 2s/epoch - 174ms/step
Epoch 191/10000

Epoch 191: val_loss did not improve from 0.27248
12/12 - 2s - loss: 0.2768 - mse: 0.2768 - mae: 0.4255 - val_loss: 0.2788 - val_mse: 0.2788 - val_mae: 0.4243 - 2s/epoch - 174ms/step
Epoch 192/10000

Epoch 192: val_loss did not improve from 0.27248
12/12 - 2s - loss: 0.2808 - mse: 0.2808 - mae: 0.4288 - val_loss: 0.2749 - val_mse: 0.2749 - val_mae: 0.4184 - 2s/epoch - 173ms/step
Epoch 193/10000

Epoch 193: val_loss did not improve from 0.27248
12/12 - 2s - loss: 0.2819 - mse: 0.2819 - mae: 0.4284 - val_loss: 0.2770 - val_mse: 0.2770 - val_mae: 0.4199 - 2s/epoch - 174ms/step
Epoch 194/10000

Epoch 194: val_loss did not improve from 0.27248
12/12 - 2s - loss: 0.2796 - mse: 0.2796 - mae: 0.4273 - val_loss: 0.2725 - val_mse: 0.2725 - val_mae: 0.4176 - 2s/epoch - 173ms/step
Epoch 195/10000

Epoch 195: val_loss did not improve from 0.27248
12/12 - 2s - loss: 0.2804 - mse: 0.2804 - mae: 0.4283 - val_loss: 0.2765 - val_mse: 0.2765 - val_mae: 0.4193 - 2s/epoch - 172ms/step
Epoch 196/10000

Epoch 196: val_loss did not improve from 0.27248
12/12 - 2s - loss: 0.2764 - mse: 0.2764 - mae: 0.4253 - val_loss: 0.2742 - val_mse: 0.2742 - val_mae: 0.4180 - 2s/epoch - 173ms/step
Epoch 197/10000

Epoch 197: val_loss did not improve from 0.27248
12/12 - 2s - loss: 0.2783 - mse: 0.2783 - mae: 0.4264 - val_loss: 0.2852 - val_mse: 0.2852 - val_mae: 0.4296 - 2s/epoch - 174ms/step
Epoch 198/10000

Epoch 198: val_loss did not improve from 0.27248
12/12 - 2s - loss: 0.2773 - mse: 0.2773 - mae: 0.4257 - val_loss: 0.2732 - val_mse: 0.2732 - val_mae: 0.4177 - 2s/epoch - 173ms/step
Epoch 199/10000

Epoch 199: val_loss did not improve from 0.27248
12/12 - 2s - loss: 0.2767 - mse: 0.2767 - mae: 0.4257 - val_loss: 0.2781 - val_mse: 0.2781 - val_mae: 0.4202 - 2s/epoch - 173ms/step
Epoch 200/10000

Epoch 200: val_loss did not improve from 0.27248
12/12 - 2s - loss: 0.2800 - mse: 0.2800 - mae: 0.4282 - val_loss: 0.2748 - val_mse: 0.2748 - val_mae: 0.4184 - 2s/epoch - 173ms/step
Epoch 201/10000

Epoch 201: val_loss did not improve from 0.27248
12/12 - 2s - loss: 0.2770 - mse: 0.2770 - mae: 0.4256 - val_loss: 0.2736 - val_mse: 0.2736 - val_mae: 0.4195 - 2s/epoch - 174ms/step
Epoch 202/10000

Epoch 202: val_loss did not improve from 0.27248
12/12 - 2s - loss: 0.2750 - mse: 0.2750 - mae: 0.4245 - val_loss: 0.2767 - val_mse: 0.2767 - val_mae: 0.4224 - 2s/epoch - 173ms/step
Epoch 203/10000

Epoch 203: val_loss did not improve from 0.27248
12/12 - 2s - loss: 0.2803 - mse: 0.2803 - mae: 0.4281 - val_loss: 0.2836 - val_mse: 0.2836 - val_mae: 0.4237 - 2s/epoch - 174ms/step
Epoch 204/10000

Epoch 204: val_loss did not improve from 0.27248
12/12 - 2s - loss: 0.2819 - mse: 0.2819 - mae: 0.4290 - val_loss: 0.2779 - val_mse: 0.2779 - val_mae: 0.4201 - 2s/epoch - 173ms/step
Epoch 205/10000

Epoch 205: val_loss did not improve from 0.27248
12/12 - 2s - loss: 0.2805 - mse: 0.2805 - mae: 0.4285 - val_loss: 0.2937 - val_mse: 0.2937 - val_mae: 0.4304 - 2s/epoch - 174ms/step
Epoch 206/10000

Epoch 206: val_loss did not improve from 0.27248
12/12 - 2s - loss: 0.2813 - mse: 0.2813 - mae: 0.4287 - val_loss: 0.2743 - val_mse: 0.2743 - val_mae: 0.4181 - 2s/epoch - 174ms/step
Epoch 207/10000

Epoch 207: val_loss did not improve from 0.27248
12/12 - 2s - loss: 0.2759 - mse: 0.2759 - mae: 0.4248 - val_loss: 0.2764 - val_mse: 0.2764 - val_mae: 0.4192 - 2s/epoch - 174ms/step
Epoch 208/10000

Epoch 208: val_loss did not improve from 0.27248
12/12 - 2s - loss: 0.2804 - mse: 0.2804 - mae: 0.4283 - val_loss: 0.2726 - val_mse: 0.2726 - val_mae: 0.4183 - 2s/epoch - 173ms/step
Epoch 209/10000

Epoch 209: val_loss did not improve from 0.27248
12/12 - 2s - loss: 0.2852 - mse: 0.2852 - mae: 0.4310 - val_loss: 0.2816 - val_mse: 0.2816 - val_mae: 0.4265 - 2s/epoch - 174ms/step
Epoch 210/10000

Epoch 210: val_loss did not improve from 0.27248
12/12 - 2s - loss: 0.2823 - mse: 0.2823 - mae: 0.4293 - val_loss: 0.2732 - val_mse: 0.2732 - val_mae: 0.4188 - 2s/epoch - 173ms/step
Epoch 211/10000

Epoch 211: val_loss did not improve from 0.27248
12/12 - 2s - loss: 0.2750 - mse: 0.2750 - mae: 0.4241 - val_loss: 0.2730 - val_mse: 0.2730 - val_mae: 0.4175 - 2s/epoch - 174ms/step
Epoch 212/10000

Epoch 212: val_loss did not improve from 0.27248
12/12 - 2s - loss: 0.2897 - mse: 0.2897 - mae: 0.4350 - val_loss: 0.2837 - val_mse: 0.2837 - val_mae: 0.4237 - 2s/epoch - 174ms/step
Epoch 213/10000

Epoch 213: val_loss did not improve from 0.27248
12/12 - 2s - loss: 0.2874 - mse: 0.2874 - mae: 0.4326 - val_loss: 0.2748 - val_mse: 0.2748 - val_mae: 0.4184 - 2s/epoch - 174ms/step
Epoch 214/10000

Epoch 214: val_loss did not improve from 0.27248
12/12 - 2s - loss: 0.2768 - mse: 0.2768 - mae: 0.4256 - val_loss: 0.2815 - val_mse: 0.2815 - val_mae: 0.4222 - 2s/epoch - 174ms/step
Epoch 215/10000

Epoch 215: val_loss did not improve from 0.27248
12/12 - 2s - loss: 0.2810 - mse: 0.2810 - mae: 0.4289 - val_loss: 0.2893 - val_mse: 0.2893 - val_mae: 0.4275 - 2s/epoch - 173ms/step
Epoch 216/10000

Epoch 216: val_loss did not improve from 0.27248
12/12 - 2s - loss: 0.2817 - mse: 0.2817 - mae: 0.4288 - val_loss: 0.2779 - val_mse: 0.2779 - val_mae: 0.4202 - 2s/epoch - 173ms/step
Epoch 217/10000

Epoch 217: val_loss improved from 0.27248 to 0.27246, saving model to ./results/NN_rms_regr/ResNet/recursion_35/ckpt_1
12/12 - 3s - loss: 0.2756 - mse: 0.2756 - mae: 0.4244 - val_loss: 0.2725 - val_mse: 0.2725 - val_mae: 0.4178 - 3s/epoch - 248ms/step
Epoch 218/10000

Epoch 218: val_loss did not improve from 0.27246
12/12 - 2s - loss: 0.2786 - mse: 0.2786 - mae: 0.4269 - val_loss: 0.2790 - val_mse: 0.2790 - val_mae: 0.4244 - 2s/epoch - 178ms/step
Epoch 219/10000

Epoch 219: val_loss did not improve from 0.27246
12/12 - 2s - loss: 0.2774 - mse: 0.2774 - mae: 0.4264 - val_loss: 0.2735 - val_mse: 0.2735 - val_mae: 0.4193 - 2s/epoch - 174ms/step
Epoch 220/10000

Epoch 220: val_loss did not improve from 0.27246
12/12 - 2s - loss: 0.2763 - mse: 0.2763 - mae: 0.4247 - val_loss: 0.2733 - val_mse: 0.2733 - val_mae: 0.4191 - 2s/epoch - 173ms/step
Epoch 221/10000

Epoch 221: val_loss did not improve from 0.27246
12/12 - 2s - loss: 0.2769 - mse: 0.2769 - mae: 0.4251 - val_loss: 0.2734 - val_mse: 0.2734 - val_mae: 0.4182 - 2s/epoch - 174ms/step
Epoch 222/10000

Epoch 222: val_loss did not improve from 0.27246
12/12 - 2s - loss: 0.2792 - mse: 0.2792 - mae: 0.4268 - val_loss: 0.2795 - val_mse: 0.2795 - val_mae: 0.4211 - 2s/epoch - 173ms/step
Epoch 223/10000

Epoch 223: val_loss did not improve from 0.27246
12/12 - 2s - loss: 0.2985 - mse: 0.2985 - mae: 0.4404 - val_loss: 0.3272 - val_mse: 0.3272 - val_mae: 0.4534 - 2s/epoch - 173ms/step
Epoch 224/10000

Epoch 224: val_loss did not improve from 0.27246
12/12 - 2s - loss: 0.2994 - mse: 0.2994 - mae: 0.4414 - val_loss: 0.2827 - val_mse: 0.2827 - val_mae: 0.4232 - 2s/epoch - 173ms/step
Epoch 225/10000

Epoch 225: val_loss did not improve from 0.27246
12/12 - 2s - loss: 0.2804 - mse: 0.2804 - mae: 0.4281 - val_loss: 0.2782 - val_mse: 0.2782 - val_mae: 0.4235 - 2s/epoch - 173ms/step
Epoch 226/10000

Epoch 226: val_loss did not improve from 0.27246
12/12 - 2s - loss: 0.2793 - mse: 0.2793 - mae: 0.4274 - val_loss: 0.2740 - val_mse: 0.2740 - val_mae: 0.4181 - 2s/epoch - 174ms/step
Epoch 227/10000

Epoch 227: val_loss did not improve from 0.27246
12/12 - 2s - loss: 0.2770 - mse: 0.2770 - mae: 0.4255 - val_loss: 0.2740 - val_mse: 0.2740 - val_mae: 0.4194 - 2s/epoch - 174ms/step
Epoch 228/10000

Epoch 228: val_loss did not improve from 0.27246
12/12 - 2s - loss: 0.2784 - mse: 0.2784 - mae: 0.4260 - val_loss: 0.2727 - val_mse: 0.2727 - val_mae: 0.4179 - 2s/epoch - 174ms/step
Epoch 229/10000

Epoch 229: val_loss did not improve from 0.27246
12/12 - 2s - loss: 0.2751 - mse: 0.2751 - mae: 0.4240 - val_loss: 0.2732 - val_mse: 0.2732 - val_mae: 0.4186 - 2s/epoch - 173ms/step
Epoch 230/10000

Epoch 230: val_loss did not improve from 0.27246
12/12 - 2s - loss: 0.2760 - mse: 0.2760 - mae: 0.4248 - val_loss: 0.2757 - val_mse: 0.2757 - val_mae: 0.4188 - 2s/epoch - 172ms/step
Epoch 231/10000

Epoch 231: val_loss improved from 0.27246 to 0.27234, saving model to ./results/NN_rms_regr/ResNet/recursion_35/ckpt_1
12/12 - 3s - loss: 0.2760 - mse: 0.2760 - mae: 0.4249 - val_loss: 0.2723 - val_mse: 0.2723 - val_mae: 0.4176 - 3s/epoch - 248ms/step
Epoch 232/10000

Epoch 232: val_loss did not improve from 0.27234
12/12 - 2s - loss: 0.2755 - mse: 0.2755 - mae: 0.4243 - val_loss: 0.2836 - val_mse: 0.2836 - val_mae: 0.4280 - 2s/epoch - 173ms/step
Epoch 233/10000

Epoch 233: val_loss did not improve from 0.27234
12/12 - 2s - loss: 0.2788 - mse: 0.2788 - mae: 0.4271 - val_loss: 0.2751 - val_mse: 0.2751 - val_mae: 0.4208 - 2s/epoch - 173ms/step
Epoch 234/10000

Epoch 234: val_loss did not improve from 0.27234
12/12 - 2s - loss: 0.2785 - mse: 0.2785 - mae: 0.4268 - val_loss: 0.2731 - val_mse: 0.2731 - val_mae: 0.4186 - 2s/epoch - 173ms/step
Epoch 235/10000

Epoch 235: val_loss did not improve from 0.27234
12/12 - 2s - loss: 0.2755 - mse: 0.2755 - mae: 0.4246 - val_loss: 0.2795 - val_mse: 0.2795 - val_mae: 0.4248 - 2s/epoch - 174ms/step
Epoch 236/10000

Epoch 236: val_loss did not improve from 0.27234
12/12 - 2s - loss: 0.2842 - mse: 0.2842 - mae: 0.4307 - val_loss: 0.2938 - val_mse: 0.2938 - val_mae: 0.4368 - 2s/epoch - 173ms/step
Epoch 237/10000

Epoch 237: val_loss did not improve from 0.27234
12/12 - 2s - loss: 0.2858 - mse: 0.2858 - mae: 0.4322 - val_loss: 0.2732 - val_mse: 0.2732 - val_mae: 0.4192 - 2s/epoch - 174ms/step
Epoch 238/10000

Epoch 238: val_loss did not improve from 0.27234
12/12 - 2s - loss: 0.2795 - mse: 0.2795 - mae: 0.4272 - val_loss: 0.2737 - val_mse: 0.2737 - val_mae: 0.4196 - 2s/epoch - 175ms/step
Epoch 239/10000

Epoch 239: val_loss did not improve from 0.27234
12/12 - 2s - loss: 0.2814 - mse: 0.2814 - mae: 0.4285 - val_loss: 0.3139 - val_mse: 0.3139 - val_mae: 0.4522 - 2s/epoch - 174ms/step
Epoch 240/10000

Epoch 240: val_loss did not improve from 0.27234
12/12 - 2s - loss: 0.2852 - mse: 0.2852 - mae: 0.4308 - val_loss: 0.2925 - val_mse: 0.2925 - val_mae: 0.4356 - 2s/epoch - 173ms/step
Epoch 241/10000

Epoch 241: val_loss did not improve from 0.27234
12/12 - 2s - loss: 0.2794 - mse: 0.2794 - mae: 0.4276 - val_loss: 0.2851 - val_mse: 0.2851 - val_mae: 0.4297 - 2s/epoch - 173ms/step
Epoch 242/10000

Epoch 242: val_loss did not improve from 0.27234
12/12 - 2s - loss: 0.2799 - mse: 0.2799 - mae: 0.4279 - val_loss: 0.3023 - val_mse: 0.3023 - val_mae: 0.4433 - 2s/epoch - 174ms/step
Epoch 243/10000

Epoch 243: val_loss did not improve from 0.27234
12/12 - 2s - loss: 0.2803 - mse: 0.2803 - mae: 0.4285 - val_loss: 0.2728 - val_mse: 0.2728 - val_mae: 0.4182 - 2s/epoch - 173ms/step
Epoch 244/10000

Epoch 244: val_loss did not improve from 0.27234
12/12 - 2s - loss: 0.2775 - mse: 0.2775 - mae: 0.4263 - val_loss: 0.2737 - val_mse: 0.2737 - val_mae: 0.4194 - 2s/epoch - 175ms/step
Epoch 245/10000

Epoch 245: val_loss did not improve from 0.27234
12/12 - 2s - loss: 0.2781 - mse: 0.2781 - mae: 0.4265 - val_loss: 0.2880 - val_mse: 0.2880 - val_mae: 0.4320 - 2s/epoch - 174ms/step
Epoch 246/10000

Epoch 246: val_loss did not improve from 0.27234
12/12 - 2s - loss: 0.2848 - mse: 0.2848 - mae: 0.4306 - val_loss: 0.2831 - val_mse: 0.2831 - val_mae: 0.4280 - 2s/epoch - 173ms/step
Epoch 247/10000

Epoch 247: val_loss did not improve from 0.27234
12/12 - 2s - loss: 0.2881 - mse: 0.2881 - mae: 0.4337 - val_loss: 0.2730 - val_mse: 0.2730 - val_mae: 0.4188 - 2s/epoch - 173ms/step
Epoch 248/10000

Epoch 248: val_loss did not improve from 0.27234
12/12 - 2s - loss: 0.2777 - mse: 0.2777 - mae: 0.4260 - val_loss: 0.2770 - val_mse: 0.2770 - val_mae: 0.4200 - 2s/epoch - 174ms/step
Epoch 249/10000

Epoch 249: val_loss did not improve from 0.27234
12/12 - 2s - loss: 0.2794 - mse: 0.2794 - mae: 0.4278 - val_loss: 0.2734 - val_mse: 0.2734 - val_mae: 0.4190 - 2s/epoch - 173ms/step
Epoch 250/10000

Epoch 250: val_loss did not improve from 0.27234
12/12 - 2s - loss: 0.2800 - mse: 0.2800 - mae: 0.4276 - val_loss: 0.2727 - val_mse: 0.2727 - val_mae: 0.4183 - 2s/epoch - 174ms/step
Epoch 251/10000

Epoch 251: val_loss did not improve from 0.27234
12/12 - 2s - loss: 0.2760 - mse: 0.2760 - mae: 0.4249 - val_loss: 0.2740 - val_mse: 0.2740 - val_mae: 0.4196 - 2s/epoch - 173ms/step
Epoch 252/10000

Epoch 252: val_loss did not improve from 0.27234
12/12 - 2s - loss: 0.2788 - mse: 0.2788 - mae: 0.4266 - val_loss: 0.2772 - val_mse: 0.2772 - val_mae: 0.4197 - 2s/epoch - 172ms/step
Epoch 253/10000

Epoch 253: val_loss did not improve from 0.27234
12/12 - 2s - loss: 0.2801 - mse: 0.2801 - mae: 0.4276 - val_loss: 0.2915 - val_mse: 0.2915 - val_mae: 0.4289 - 2s/epoch - 173ms/step
Epoch 254/10000

Epoch 254: val_loss did not improve from 0.27234
12/12 - 2s - loss: 0.2861 - mse: 0.2861 - mae: 0.4318 - val_loss: 0.2797 - val_mse: 0.2797 - val_mae: 0.4213 - 2s/epoch - 174ms/step
Epoch 255/10000

Epoch 255: val_loss did not improve from 0.27234
12/12 - 2s - loss: 0.2833 - mse: 0.2833 - mae: 0.4295 - val_loss: 0.2724 - val_mse: 0.2724 - val_mae: 0.4180 - 2s/epoch - 173ms/step
Epoch 256/10000

Epoch 256: val_loss did not improve from 0.27234
12/12 - 2s - loss: 0.2789 - mse: 0.2789 - mae: 0.4273 - val_loss: 0.2746 - val_mse: 0.2746 - val_mae: 0.4205 - 2s/epoch - 174ms/step
Epoch 257/10000

Epoch 257: val_loss did not improve from 0.27234
12/12 - 2s - loss: 0.2814 - mse: 0.2814 - mae: 0.4290 - val_loss: 0.2796 - val_mse: 0.2796 - val_mae: 0.4248 - 2s/epoch - 174ms/step
Epoch 258/10000

Epoch 258: val_loss did not improve from 0.27234
12/12 - 2s - loss: 0.2774 - mse: 0.2774 - mae: 0.4259 - val_loss: 0.2732 - val_mse: 0.2732 - val_mae: 0.4189 - 2s/epoch - 173ms/step
Epoch 259/10000

Epoch 259: val_loss did not improve from 0.27234
12/12 - 2s - loss: 0.2749 - mse: 0.2749 - mae: 0.4242 - val_loss: 0.2738 - val_mse: 0.2738 - val_mae: 0.4195 - 2s/epoch - 173ms/step
Epoch 260/10000

Epoch 260: val_loss did not improve from 0.27234
12/12 - 2s - loss: 0.2767 - mse: 0.2767 - mae: 0.4257 - val_loss: 0.2913 - val_mse: 0.2913 - val_mae: 0.4287 - 2s/epoch - 172ms/step
Epoch 261/10000

Epoch 261: val_loss did not improve from 0.27234
12/12 - 2s - loss: 0.2873 - mse: 0.2873 - mae: 0.4324 - val_loss: 0.3044 - val_mse: 0.3044 - val_mae: 0.4376 - 2s/epoch - 175ms/step
Epoch 262/10000

Epoch 262: val_loss did not improve from 0.27234
12/12 - 2s - loss: 0.2869 - mse: 0.2869 - mae: 0.4312 - val_loss: 0.2747 - val_mse: 0.2747 - val_mae: 0.4205 - 2s/epoch - 174ms/step
Epoch 263/10000

Epoch 263: val_loss did not improve from 0.27234
12/12 - 2s - loss: 0.2814 - mse: 0.2814 - mae: 0.4288 - val_loss: 0.2792 - val_mse: 0.2792 - val_mae: 0.4245 - 2s/epoch - 174ms/step
Epoch 264/10000

Epoch 264: val_loss did not improve from 0.27234
12/12 - 2s - loss: 0.2824 - mse: 0.2824 - mae: 0.4285 - val_loss: 0.2790 - val_mse: 0.2790 - val_mae: 0.4244 - 2s/epoch - 174ms/step
Epoch 265/10000

Epoch 265: val_loss did not improve from 0.27234
12/12 - 2s - loss: 0.2757 - mse: 0.2757 - mae: 0.4246 - val_loss: 0.2725 - val_mse: 0.2725 - val_mae: 0.4181 - 2s/epoch - 173ms/step
Epoch 266/10000

Epoch 266: val_loss did not improve from 0.27234
12/12 - 2s - loss: 0.2768 - mse: 0.2768 - mae: 0.4260 - val_loss: 0.2781 - val_mse: 0.2781 - val_mae: 0.4202 - 2s/epoch - 174ms/step
Epoch 267/10000

Epoch 267: val_loss did not improve from 0.27234
12/12 - 2s - loss: 0.2885 - mse: 0.2885 - mae: 0.4338 - val_loss: 0.2749 - val_mse: 0.2749 - val_mae: 0.4184 - 2s/epoch - 173ms/step
Epoch 268/10000

Epoch 268: val_loss did not improve from 0.27234
12/12 - 2s - loss: 0.2835 - mse: 0.2835 - mae: 0.4306 - val_loss: 0.2734 - val_mse: 0.2734 - val_mae: 0.4177 - 2s/epoch - 174ms/step
Epoch 269/10000

Epoch 269: val_loss did not improve from 0.27234
12/12 - 2s - loss: 0.2785 - mse: 0.2785 - mae: 0.4265 - val_loss: 0.2959 - val_mse: 0.2959 - val_mae: 0.4383 - 2s/epoch - 174ms/step
Epoch 270/10000

Epoch 270: val_loss did not improve from 0.27234
12/12 - 2s - loss: 0.2847 - mse: 0.2847 - mae: 0.4321 - val_loss: 0.2922 - val_mse: 0.2922 - val_mae: 0.4353 - 2s/epoch - 174ms/step
Epoch 271/10000

Epoch 271: val_loss did not improve from 0.27234
12/12 - 2s - loss: 0.2900 - mse: 0.2900 - mae: 0.4351 - val_loss: 0.2733 - val_mse: 0.2733 - val_mae: 0.4191 - 2s/epoch - 172ms/step
Epoch 272/10000

Epoch 272: val_loss did not improve from 0.27234
12/12 - 2s - loss: 0.2802 - mse: 0.2802 - mae: 0.4286 - val_loss: 0.2885 - val_mse: 0.2885 - val_mae: 0.4270 - 2s/epoch - 173ms/step
Epoch 273/10000

Epoch 273: val_loss did not improve from 0.27234
12/12 - 2s - loss: 0.2805 - mse: 0.2805 - mae: 0.4280 - val_loss: 0.2754 - val_mse: 0.2754 - val_mae: 0.4187 - 2s/epoch - 173ms/step
Epoch 274/10000

Epoch 274: val_loss did not improve from 0.27234
12/12 - 2s - loss: 0.2766 - mse: 0.2766 - mae: 0.4252 - val_loss: 0.2730 - val_mse: 0.2730 - val_mae: 0.4187 - 2s/epoch - 173ms/step
Epoch 275/10000

Epoch 275: val_loss did not improve from 0.27234
12/12 - 2s - loss: 0.2744 - mse: 0.2744 - mae: 0.4239 - val_loss: 0.2778 - val_mse: 0.2778 - val_mae: 0.4200 - 2s/epoch - 175ms/step
Epoch 276/10000

Epoch 276: val_loss did not improve from 0.27234
12/12 - 2s - loss: 0.2782 - mse: 0.2782 - mae: 0.4264 - val_loss: 0.2813 - val_mse: 0.2813 - val_mae: 0.4223 - 2s/epoch - 174ms/step
Epoch 277/10000

Epoch 277: val_loss did not improve from 0.27234
12/12 - 2s - loss: 0.2926 - mse: 0.2926 - mae: 0.4361 - val_loss: 0.2859 - val_mse: 0.2859 - val_mae: 0.4252 - 2s/epoch - 173ms/step
Epoch 278/10000

Epoch 278: val_loss did not improve from 0.27234
12/12 - 2s - loss: 0.2802 - mse: 0.2802 - mae: 0.4277 - val_loss: 0.2762 - val_mse: 0.2762 - val_mae: 0.4191 - 2s/epoch - 174ms/step
Epoch 279/10000

Epoch 279: val_loss did not improve from 0.27234
12/12 - 2s - loss: 0.2754 - mse: 0.2754 - mae: 0.4244 - val_loss: 0.2736 - val_mse: 0.2736 - val_mae: 0.4178 - 2s/epoch - 173ms/step
Epoch 280/10000

Epoch 280: val_loss did not improve from 0.27234
12/12 - 2s - loss: 0.2785 - mse: 0.2785 - mae: 0.4271 - val_loss: 0.2726 - val_mse: 0.2726 - val_mae: 0.4176 - 2s/epoch - 173ms/step
Epoch 281/10000

Epoch 281: val_loss did not improve from 0.27234
12/12 - 2s - loss: 0.2778 - mse: 0.2778 - mae: 0.4265 - val_loss: 0.2753 - val_mse: 0.2753 - val_mae: 0.4186 - 2s/epoch - 173ms/step
Epoch 281: early stopping
