[ 13.14088385  30.21795131  46.87850492  63.53905854  80.19961216
  96.86016577 113.52071939 130.181273   146.84182662 163.50238024
 180.16293385 196.82348747 213.48404109 230.1445947  246.80514832
 263.46570194 280.12625555 296.78680917 313.44736279 330.1079164
 346.76847002 363.42902363 380.08957725 396.75013087 413.41068448
 430.0712381 ]
Before undersampling: [(0, 379), (1, 843), (2, 3574), (3, 4722), (4, 3014), (5, 2364), (6, 2085), (7, 1796), (8, 1589), (9, 1446), (10, 1372), (11, 1271), (12, 1163), (13, 1050), (14, 878), (15, 802), (16, 678), (17, 642), (18, 453), (19, 423), (20, 312), (21, 282), (22, 244), (23, 187), (24, 211)]
After undersampling: [(0, 115), (1, 514), (2, 2699), (3, 3187), (4, 2053), (5, 1636), (6, 1492), (7, 1373), (8, 1114), (9, 1010), (10, 969), (11, 892), (12, 848), (13, 775), (14, 673), (15, 547), (16, 455), (17, 462), (18, 296), (19, 290), (20, 194), (21, 181), (22, 168), (23, 187), (24, 171)]
            label  HH_0_0_x  HV_0_0_x  IA_0_0_x       FYI      DFYI       MYI     rms_0     thk_1     rms_1     thk_2     rms_2     thk_3     rms_3  ...         3    4    5         6         7    8    9        10        11   12   13        14        15                                                CNN
0       23.928360  0.192157  0.050980  0.104634  0.679749  0.275333  0.044918  4.615167  1.207509  4.578740  1.141407  4.558673  1.203192  4.537183  ...  1.623337  0.0  0.0  1.688856  0.665535  0.0  0.0  1.364260  0.905143  0.0  0.0  1.221681  0.479161  [[[[0.1568627450980392], [0.1045940847957835],...
1       21.222241  0.219608  0.058824  0.108283  0.562250  0.366568  0.071183  4.640197  1.191884  4.592541  1.137551  4.581963  1.175464  4.578586  ...  0.767312  0.0  0.0  1.388135  0.343244  0.0  0.0  1.416283  0.962379  0.0  0.0  1.659406  0.586024  [[[[0.2509803921568627], [0.1082445705638212],...
2       22.318417  0.239216  0.054902  0.086934  0.543245  0.430078  0.026677  4.622436  1.165559  4.556112  1.136639  4.540085  1.132884  4.516944  ...  1.186485  0.0  0.0  1.683572  0.212982  0.0  0.0  2.167370  1.088113  0.0  0.0  1.660212  0.990926  [[[[0.2078431372549019], [0.0869757783179189],...
3       28.830799  0.196078  0.074510  0.150437  0.528406  0.089798  0.381796  4.992969  1.295592  4.964400  1.257850  4.962740  1.267646  4.931340  ...  1.471171  0.0  0.0  1.899013  0.088682  0.0  0.0  2.196170  1.292851  0.0  0.0  1.969208  1.196191  [[[[0.6745098039215687], [0.1504695967131969],...
4       25.358394  0.156863  0.035294  0.086389  0.808855  0.179222  0.011923  4.486395  1.124573  4.398247  1.084974  4.367086  1.073527  4.350109  ...  1.550588  0.0  0.0  1.636275  0.055779  0.0  0.0  2.395548  1.154416  0.0  0.0  2.072892  1.074397  [[[[0.2823529411764706], [0.0864312190635531],...
...           ...       ...       ...       ...       ...       ...       ...       ...       ...       ...       ...       ...       ...       ...  ...       ...  ...  ...       ...       ...  ...  ...       ...       ...  ...  ...       ...       ...                                                ...
22296  428.865028  0.349020  0.109804  0.081155  0.004640  0.000334  0.995026  4.950488  1.223903  4.848201  1.214065  4.903924  1.214935  4.890147  ...  1.710262  0.0  0.0  2.248280  0.666799  0.0  0.0  2.508874  1.536116  0.0  0.0  1.998454  1.064334  [[[[0.192156862745098], [0.0811967213948567], ...
22297  413.850629  0.239216  0.047059  0.081085  0.157408  0.002705  0.839887  4.881938  1.153872  4.776570  1.145578  4.845220  1.186378  4.824961  ...  1.399135  0.0  0.0  2.102352  1.346529  0.0  0.0  2.242782  1.332157  0.0  0.0  1.673444  0.672915  [[[[0.3411764705882353], [0.0811269049550972],...
22298  424.042418  0.282353  0.066667  0.149433  0.555378  0.061723  0.382898  4.731061  1.220450  4.833013  1.211024  4.808225  1.225502  4.756752  ...  1.048151  0.0  0.0  1.759950  0.344755  0.0  0.0  1.782739  1.367052  0.0  0.0  1.763050  1.095051  [[[[0.2], [0.1494652841605392], [0.06666666666...
22299  417.027580  0.505882  0.090196  0.152162  0.185910  0.031902  0.782188  4.486675  1.202497  4.531466  1.252972  4.593008  1.239219  4.510143  ...  1.035264  0.0  0.0  2.001448  1.379296  0.0  0.0  2.745631  1.093121  0.0  0.0  1.564485  0.810498  [[[[0.4196078431372549], [0.15219440834195], [...
22300  417.866263  0.392157  0.125490  0.152184  0.189279  0.051355  0.759366  4.590506  1.242536  4.658542  1.255140  4.682031  1.275536  4.639037  ...  1.124182  0.0  0.0  2.480716  1.210371  0.0  0.0  2.433277  1.084279  0.0  0.0  1.615430  0.530238  [[[[0.3490196078431372], [0.1522158155254289],...

[22301 rows x 127 columns]
Size of dataset: (22301, 126)
*************************** Fold #: 1 ***************************
Model: "model"
__________________________________________________________________________________________________
 Layer (type)                   Output Shape         Param #     Connected to                     
==================================================================================================
 conv (InputLayer)              [(None, 7, 7, 3, 1)  0           []                               
                                ]                                                                 
                                                                                                  
 zero_padding3d (ZeroPadding3D)  (None, 8, 8, 4, 1)  0           ['conv[0][0]']                   
                                                                                                  
 conv3d (Conv3D)                (None, 8, 8, 4, 8)   224         ['zero_padding3d[0][0]']         
                                                                                                  
 max_pooling3d (MaxPooling3D)   (None, 4, 4, 2, 8)   0           ['conv3d[0][0]']                 
                                                                                                  
 conv3d_1 (Conv3D)              (None, 4, 4, 2, 4)   868         ['max_pooling3d[0][0]']          
                                                                                                  
 max_pooling3d_1 (MaxPooling3D)  (None, 2, 2, 1, 4)  0           ['conv3d_1[0][0]']               
                                                                                                  
 cat (InputLayer)               [(None, 125)]        0           []                               
                                                                                                  
 flatten (Flatten)              (None, 16)           0           ['max_pooling3d_1[0][0]']        
                                                                                                  
 concatenate (Concatenate)      (None, 141)          0           ['cat[0][0]',                    
                                                                  'flatten[0][0]']                
                                                                                                  
 dense (Dense)                  (None, 200)          28400       ['concatenate[0][0]']            
                                                                                                  
 dense_1 (Dense)                (None, 200)          40200       ['dense[0][0]']                  
                                                                                                  
 dense_2 (Dense)                (None, 200)          40200       ['dense_1[0][0]']                
                                                                                                  
 dense_3 (Dense)                (None, 200)          40200       ['dense_2[0][0]']                
                                                                                                  
 dense_4 (Dense)                (None, 200)          40200       ['dense_3[0][0]']                
                                                                                                  
 dense_5 (Dense)                (None, 1)            201         ['dense_4[0][0]']                
                                                                                                  
==================================================================================================
Total params: 190,493
Trainable params: 190,493
Non-trainable params: 0
__________________________________________________________________________________________________
Epoch 1/10000

Epoch 1: val_loss improved from inf to 0.80715, saving model to ./results/NN_rms_regr/RNN/recursion_50/ckpt_1
11/11 - 3s - loss: 8.5697 - mse: 8.5697 - mae: 2.4788 - val_loss: 0.8071 - val_mse: 0.8071 - val_mae: 0.7569 - 3s/epoch - 298ms/step
Epoch 2/10000

Epoch 2: val_loss did not improve from 0.80715
11/11 - 2s - loss: 1.3215 - mse: 1.3215 - mae: 0.9802 - val_loss: 1.1745 - val_mse: 1.1745 - val_mae: 0.9597 - 2s/epoch - 180ms/step
Epoch 3/10000

Epoch 3: val_loss improved from 0.80715 to 0.28292, saving model to ./results/NN_rms_regr/RNN/recursion_50/ckpt_1
11/11 - 3s - loss: 0.5940 - mse: 0.5940 - mae: 0.6290 - val_loss: 0.2829 - val_mse: 0.2829 - val_mae: 0.4334 - 3s/epoch - 248ms/step
Epoch 4/10000

Epoch 4: val_loss did not improve from 0.28292
11/11 - 2s - loss: 0.3698 - mse: 0.3698 - mae: 0.4922 - val_loss: 0.3518 - val_mse: 0.3518 - val_mae: 0.4770 - 2s/epoch - 181ms/step
Epoch 5/10000

Epoch 5: val_loss did not improve from 0.28292
11/11 - 2s - loss: 0.3109 - mse: 0.3109 - mae: 0.4541 - val_loss: 0.3064 - val_mse: 0.3064 - val_mae: 0.4475 - 2s/epoch - 180ms/step
Epoch 6/10000

Epoch 6: val_loss improved from 0.28292 to 0.28171, saving model to ./results/NN_rms_regr/RNN/recursion_50/ckpt_1
11/11 - 3s - loss: 0.2910 - mse: 0.2910 - mae: 0.4392 - val_loss: 0.2817 - val_mse: 0.2817 - val_mae: 0.4314 - 3s/epoch - 248ms/step
Epoch 7/10000

Epoch 7: val_loss improved from 0.28171 to 0.28057, saving model to ./results/NN_rms_regr/RNN/recursion_50/ckpt_1
11/11 - 3s - loss: 0.2837 - mse: 0.2837 - mae: 0.4343 - val_loss: 0.2806 - val_mse: 0.2806 - val_mae: 0.4314 - 3s/epoch - 249ms/step
Epoch 8/10000

Epoch 8: val_loss improved from 0.28057 to 0.28034, saving model to ./results/NN_rms_regr/RNN/recursion_50/ckpt_1
11/11 - 3s - loss: 0.2819 - mse: 0.2819 - mae: 0.4330 - val_loss: 0.2803 - val_mse: 0.2803 - val_mae: 0.4312 - 3s/epoch - 248ms/step
Epoch 9/10000

Epoch 9: val_loss did not improve from 0.28034
11/11 - 2s - loss: 0.2816 - mse: 0.2816 - mae: 0.4329 - val_loss: 0.2814 - val_mse: 0.2814 - val_mae: 0.4321 - 2s/epoch - 181ms/step
Epoch 10/10000

Epoch 10: val_loss did not improve from 0.28034
11/11 - 2s - loss: 0.2812 - mse: 0.2812 - mae: 0.4323 - val_loss: 0.2805 - val_mse: 0.2805 - val_mae: 0.4314 - 2s/epoch - 182ms/step
Epoch 11/10000

Epoch 11: val_loss did not improve from 0.28034
11/11 - 2s - loss: 0.2810 - mse: 0.2810 - mae: 0.4322 - val_loss: 0.2804 - val_mse: 0.2804 - val_mae: 0.4312 - 2s/epoch - 180ms/step
Epoch 12/10000

Epoch 12: val_loss improved from 0.28034 to 0.27972, saving model to ./results/NN_rms_regr/RNN/recursion_50/ckpt_1
11/11 - 3s - loss: 0.2808 - mse: 0.2808 - mae: 0.4321 - val_loss: 0.2797 - val_mse: 0.2797 - val_mae: 0.4305 - 3s/epoch - 249ms/step
Epoch 13/10000

Epoch 13: val_loss improved from 0.27972 to 0.27945, saving model to ./results/NN_rms_regr/RNN/recursion_50/ckpt_1
11/11 - 3s - loss: 0.2812 - mse: 0.2812 - mae: 0.4325 - val_loss: 0.2794 - val_mse: 0.2794 - val_mae: 0.4302 - 3s/epoch - 265ms/step
Epoch 14/10000

Epoch 14: val_loss did not improve from 0.27945
11/11 - 2s - loss: 0.2806 - mse: 0.2806 - mae: 0.4320 - val_loss: 0.2797 - val_mse: 0.2797 - val_mae: 0.4300 - 2s/epoch - 184ms/step
Epoch 15/10000

Epoch 15: val_loss improved from 0.27945 to 0.27932, saving model to ./results/NN_rms_regr/RNN/recursion_50/ckpt_1
11/11 - 3s - loss: 0.2807 - mse: 0.2807 - mae: 0.4317 - val_loss: 0.2793 - val_mse: 0.2793 - val_mae: 0.4298 - 3s/epoch - 268ms/step
Epoch 16/10000

Epoch 16: val_loss did not improve from 0.27932
11/11 - 2s - loss: 0.2808 - mse: 0.2808 - mae: 0.4321 - val_loss: 0.2803 - val_mse: 0.2803 - val_mae: 0.4302 - 2s/epoch - 182ms/step
Epoch 17/10000

Epoch 17: val_loss improved from 0.27932 to 0.27910, saving model to ./results/NN_rms_regr/RNN/recursion_50/ckpt_1
11/11 - 3s - loss: 0.2805 - mse: 0.2805 - mae: 0.4318 - val_loss: 0.2791 - val_mse: 0.2791 - val_mae: 0.4297 - 3s/epoch - 257ms/step
Epoch 18/10000

Epoch 18: val_loss did not improve from 0.27910
11/11 - 2s - loss: 0.2802 - mse: 0.2802 - mae: 0.4315 - val_loss: 0.2791 - val_mse: 0.2791 - val_mae: 0.4298 - 2s/epoch - 182ms/step
Epoch 19/10000

Epoch 19: val_loss did not improve from 0.27910
11/11 - 2s - loss: 0.2803 - mse: 0.2803 - mae: 0.4317 - val_loss: 0.2794 - val_mse: 0.2794 - val_mae: 0.4296 - 2s/epoch - 182ms/step
Epoch 20/10000

Epoch 20: val_loss did not improve from 0.27910
11/11 - 2s - loss: 0.2800 - mse: 0.2800 - mae: 0.4314 - val_loss: 0.2795 - val_mse: 0.2795 - val_mae: 0.4296 - 2s/epoch - 184ms/step
Epoch 21/10000

Epoch 21: val_loss did not improve from 0.27910
11/11 - 2s - loss: 0.2807 - mse: 0.2807 - mae: 0.4317 - val_loss: 0.2794 - val_mse: 0.2794 - val_mae: 0.4301 - 2s/epoch - 182ms/step
Epoch 22/10000

Epoch 22: val_loss did not improve from 0.27910
11/11 - 2s - loss: 0.2834 - mse: 0.2834 - mae: 0.4336 - val_loss: 0.2808 - val_mse: 0.2808 - val_mae: 0.4302 - 2s/epoch - 182ms/step
Epoch 23/10000

Epoch 23: val_loss did not improve from 0.27910
11/11 - 2s - loss: 0.2819 - mse: 0.2819 - mae: 0.4321 - val_loss: 0.2799 - val_mse: 0.2799 - val_mae: 0.4296 - 2s/epoch - 182ms/step
Epoch 24/10000

Epoch 24: val_loss did not improve from 0.27910
11/11 - 2s - loss: 0.2834 - mse: 0.2834 - mae: 0.4334 - val_loss: 0.2837 - val_mse: 0.2837 - val_mae: 0.4335 - 2s/epoch - 187ms/step
Epoch 25/10000

Epoch 25: val_loss improved from 0.27910 to 0.27866, saving model to ./results/NN_rms_regr/RNN/recursion_50/ckpt_1
11/11 - 3s - loss: 0.2811 - mse: 0.2811 - mae: 0.4318 - val_loss: 0.2787 - val_mse: 0.2787 - val_mae: 0.4290 - 3s/epoch - 263ms/step
Epoch 26/10000

Epoch 26: val_loss did not improve from 0.27866
11/11 - 2s - loss: 0.2815 - mse: 0.2815 - mae: 0.4321 - val_loss: 0.2797 - val_mse: 0.2797 - val_mae: 0.4294 - 2s/epoch - 182ms/step
Epoch 27/10000

Epoch 27: val_loss did not improve from 0.27866
11/11 - 2s - loss: 0.2801 - mse: 0.2801 - mae: 0.4313 - val_loss: 0.2792 - val_mse: 0.2792 - val_mae: 0.4297 - 2s/epoch - 186ms/step
Epoch 28/10000

Epoch 28: val_loss improved from 0.27866 to 0.27852, saving model to ./results/NN_rms_regr/RNN/recursion_50/ckpt_1
11/11 - 3s - loss: 0.2798 - mse: 0.2798 - mae: 0.4311 - val_loss: 0.2785 - val_mse: 0.2785 - val_mae: 0.4288 - 3s/epoch - 264ms/step
Epoch 29/10000

Epoch 29: val_loss improved from 0.27852 to 0.27841, saving model to ./results/NN_rms_regr/RNN/recursion_50/ckpt_1
11/11 - 3s - loss: 0.2796 - mse: 0.2796 - mae: 0.4307 - val_loss: 0.2784 - val_mse: 0.2784 - val_mae: 0.4288 - 3s/epoch - 258ms/step
Epoch 30/10000

Epoch 30: val_loss did not improve from 0.27841
11/11 - 2s - loss: 0.2797 - mse: 0.2797 - mae: 0.4309 - val_loss: 0.2786 - val_mse: 0.2786 - val_mae: 0.4291 - 2s/epoch - 186ms/step
Epoch 31/10000

Epoch 31: val_loss did not improve from 0.27841
11/11 - 2s - loss: 0.2806 - mse: 0.2806 - mae: 0.4312 - val_loss: 0.2895 - val_mse: 0.2895 - val_mae: 0.4356 - 2s/epoch - 183ms/step
Epoch 32/10000

Epoch 32: val_loss did not improve from 0.27841
11/11 - 2s - loss: 0.2837 - mse: 0.2837 - mae: 0.4334 - val_loss: 0.2823 - val_mse: 0.2823 - val_mae: 0.4321 - 2s/epoch - 184ms/step
Epoch 33/10000

Epoch 33: val_loss did not improve from 0.27841
11/11 - 2s - loss: 0.2826 - mse: 0.2826 - mae: 0.4326 - val_loss: 0.2786 - val_mse: 0.2786 - val_mae: 0.4285 - 2s/epoch - 183ms/step
Epoch 34/10000

Epoch 34: val_loss did not improve from 0.27841
11/11 - 2s - loss: 0.2824 - mse: 0.2824 - mae: 0.4325 - val_loss: 0.2786 - val_mse: 0.2786 - val_mae: 0.4290 - 2s/epoch - 182ms/step
Epoch 35/10000

Epoch 35: val_loss did not improve from 0.27841
11/11 - 2s - loss: 0.2797 - mse: 0.2797 - mae: 0.4306 - val_loss: 0.2801 - val_mse: 0.2801 - val_mae: 0.4293 - 2s/epoch - 182ms/step
Epoch 36/10000

Epoch 36: val_loss improved from 0.27841 to 0.27819, saving model to ./results/NN_rms_regr/RNN/recursion_50/ckpt_1
11/11 - 3s - loss: 0.2796 - mse: 0.2796 - mae: 0.4306 - val_loss: 0.2782 - val_mse: 0.2782 - val_mae: 0.4283 - 3s/epoch - 261ms/step
Epoch 37/10000

Epoch 37: val_loss improved from 0.27819 to 0.27813, saving model to ./results/NN_rms_regr/RNN/recursion_50/ckpt_1
11/11 - 3s - loss: 0.2802 - mse: 0.2802 - mae: 0.4309 - val_loss: 0.2781 - val_mse: 0.2781 - val_mae: 0.4283 - 3s/epoch - 262ms/step
Epoch 38/10000

Epoch 38: val_loss did not improve from 0.27813
11/11 - 2s - loss: 0.2794 - mse: 0.2794 - mae: 0.4302 - val_loss: 0.2790 - val_mse: 0.2790 - val_mae: 0.4286 - 2s/epoch - 183ms/step
Epoch 39/10000

Epoch 39: val_loss did not improve from 0.27813
11/11 - 2s - loss: 0.2793 - mse: 0.2793 - mae: 0.4302 - val_loss: 0.2786 - val_mse: 0.2786 - val_mae: 0.4283 - 2s/epoch - 184ms/step
Epoch 40/10000

Epoch 40: val_loss did not improve from 0.27813
11/11 - 2s - loss: 0.2801 - mse: 0.2801 - mae: 0.4309 - val_loss: 0.2785 - val_mse: 0.2785 - val_mae: 0.4287 - 2s/epoch - 182ms/step
Epoch 41/10000

Epoch 41: val_loss did not improve from 0.27813
11/11 - 2s - loss: 0.2801 - mse: 0.2801 - mae: 0.4305 - val_loss: 0.2786 - val_mse: 0.2786 - val_mae: 0.4282 - 2s/epoch - 181ms/step
Epoch 42/10000

Epoch 42: val_loss did not improve from 0.27813
11/11 - 2s - loss: 0.2799 - mse: 0.2799 - mae: 0.4302 - val_loss: 0.2795 - val_mse: 0.2795 - val_mae: 0.4296 - 2s/epoch - 181ms/step
Epoch 43/10000

Epoch 43: val_loss improved from 0.27813 to 0.27813, saving model to ./results/NN_rms_regr/RNN/recursion_50/ckpt_1
11/11 - 3s - loss: 0.2814 - mse: 0.2814 - mae: 0.4314 - val_loss: 0.2781 - val_mse: 0.2781 - val_mae: 0.4280 - 3s/epoch - 263ms/step
Epoch 44/10000

Epoch 44: val_loss did not improve from 0.27813
11/11 - 2s - loss: 0.2803 - mse: 0.2803 - mae: 0.4310 - val_loss: 0.2786 - val_mse: 0.2786 - val_mae: 0.4281 - 2s/epoch - 182ms/step
Epoch 45/10000

Epoch 45: val_loss improved from 0.27813 to 0.27791, saving model to ./results/NN_rms_regr/RNN/recursion_50/ckpt_1
11/11 - 3s - loss: 0.2796 - mse: 0.2796 - mae: 0.4302 - val_loss: 0.2779 - val_mse: 0.2779 - val_mae: 0.4279 - 3s/epoch - 257ms/step
Epoch 46/10000

Epoch 46: val_loss improved from 0.27791 to 0.27789, saving model to ./results/NN_rms_regr/RNN/recursion_50/ckpt_1
11/11 - 3s - loss: 0.2791 - mse: 0.2791 - mae: 0.4298 - val_loss: 0.2779 - val_mse: 0.2779 - val_mae: 0.4279 - 3s/epoch - 269ms/step
Epoch 47/10000

Epoch 47: val_loss did not improve from 0.27789
11/11 - 2s - loss: 0.2795 - mse: 0.2795 - mae: 0.4299 - val_loss: 0.2788 - val_mse: 0.2788 - val_mae: 0.4282 - 2s/epoch - 182ms/step
Epoch 48/10000

Epoch 48: val_loss did not improve from 0.27789
11/11 - 2s - loss: 0.2803 - mse: 0.2803 - mae: 0.4306 - val_loss: 0.2780 - val_mse: 0.2780 - val_mae: 0.4281 - 2s/epoch - 182ms/step
Epoch 49/10000

Epoch 49: val_loss did not improve from 0.27789
11/11 - 2s - loss: 0.2793 - mse: 0.2793 - mae: 0.4298 - val_loss: 0.2780 - val_mse: 0.2780 - val_mae: 0.4277 - 2s/epoch - 183ms/step
Epoch 50/10000

Epoch 50: val_loss did not improve from 0.27789
11/11 - 2s - loss: 0.2816 - mse: 0.2816 - mae: 0.4316 - val_loss: 0.2840 - val_mse: 0.2840 - val_mae: 0.4314 - 2s/epoch - 183ms/step
Epoch 51/10000

Epoch 51: val_loss did not improve from 0.27789
11/11 - 2s - loss: 0.2830 - mse: 0.2830 - mae: 0.4319 - val_loss: 0.2806 - val_mse: 0.2806 - val_mae: 0.4302 - 2s/epoch - 183ms/step
Epoch 52/10000

Epoch 52: val_loss did not improve from 0.27789
11/11 - 2s - loss: 0.2803 - mse: 0.2803 - mae: 0.4309 - val_loss: 0.2785 - val_mse: 0.2785 - val_mae: 0.4279 - 2s/epoch - 182ms/step
Epoch 53/10000

Epoch 53: val_loss improved from 0.27789 to 0.27776, saving model to ./results/NN_rms_regr/RNN/recursion_50/ckpt_1
11/11 - 3s - loss: 0.2793 - mse: 0.2793 - mae: 0.4298 - val_loss: 0.2778 - val_mse: 0.2778 - val_mae: 0.4276 - 3s/epoch - 262ms/step
Epoch 54/10000

Epoch 54: val_loss did not improve from 0.27776
11/11 - 2s - loss: 0.2797 - mse: 0.2797 - mae: 0.4303 - val_loss: 0.2798 - val_mse: 0.2798 - val_mae: 0.4286 - 2s/epoch - 185ms/step
Epoch 55/10000

Epoch 55: val_loss did not improve from 0.27776
11/11 - 2s - loss: 0.2803 - mse: 0.2803 - mae: 0.4307 - val_loss: 0.2793 - val_mse: 0.2793 - val_mae: 0.4291 - 2s/epoch - 182ms/step
Epoch 56/10000

Epoch 56: val_loss did not improve from 0.27776
11/11 - 2s - loss: 0.2801 - mse: 0.2801 - mae: 0.4302 - val_loss: 0.2793 - val_mse: 0.2793 - val_mae: 0.4291 - 2s/epoch - 182ms/step
Epoch 57/10000

Epoch 57: val_loss improved from 0.27776 to 0.27773, saving model to ./results/NN_rms_regr/RNN/recursion_50/ckpt_1
11/11 - 3s - loss: 0.2800 - mse: 0.2800 - mae: 0.4303 - val_loss: 0.2777 - val_mse: 0.2777 - val_mae: 0.4275 - 3s/epoch - 263ms/step
Epoch 58/10000

Epoch 58: val_loss did not improve from 0.27773
11/11 - 2s - loss: 0.2790 - mse: 0.2790 - mae: 0.4294 - val_loss: 0.2808 - val_mse: 0.2808 - val_mae: 0.4292 - 2s/epoch - 182ms/step
Epoch 59/10000

Epoch 59: val_loss improved from 0.27773 to 0.27768, saving model to ./results/NN_rms_regr/RNN/recursion_50/ckpt_1
11/11 - 3s - loss: 0.2807 - mse: 0.2807 - mae: 0.4306 - val_loss: 0.2777 - val_mse: 0.2777 - val_mae: 0.4274 - 3s/epoch - 264ms/step
Epoch 60/10000

Epoch 60: val_loss did not improve from 0.27768
11/11 - 2s - loss: 0.2794 - mse: 0.2794 - mae: 0.4295 - val_loss: 0.2808 - val_mse: 0.2808 - val_mae: 0.4303 - 2s/epoch - 182ms/step
Epoch 61/10000

Epoch 61: val_loss did not improve from 0.27768
11/11 - 2s - loss: 0.2801 - mse: 0.2801 - mae: 0.4304 - val_loss: 0.2796 - val_mse: 0.2796 - val_mae: 0.4293 - 2s/epoch - 180ms/step
Epoch 62/10000

Epoch 62: val_loss improved from 0.27768 to 0.27768, saving model to ./results/NN_rms_regr/RNN/recursion_50/ckpt_1
11/11 - 3s - loss: 0.2797 - mse: 0.2797 - mae: 0.4298 - val_loss: 0.2777 - val_mse: 0.2777 - val_mae: 0.4274 - 3s/epoch - 256ms/step
Epoch 63/10000

Epoch 63: val_loss improved from 0.27768 to 0.27765, saving model to ./results/NN_rms_regr/RNN/recursion_50/ckpt_1
11/11 - 3s - loss: 0.2814 - mse: 0.2814 - mae: 0.4312 - val_loss: 0.2777 - val_mse: 0.2777 - val_mae: 0.4274 - 3s/epoch - 263ms/step
Epoch 64/10000

Epoch 64: val_loss did not improve from 0.27765
11/11 - 2s - loss: 0.2803 - mse: 0.2803 - mae: 0.4301 - val_loss: 0.2780 - val_mse: 0.2780 - val_mae: 0.4278 - 2s/epoch - 181ms/step
Epoch 65/10000

Epoch 65: val_loss did not improve from 0.27765
11/11 - 2s - loss: 0.2800 - mse: 0.2800 - mae: 0.4298 - val_loss: 0.2817 - val_mse: 0.2817 - val_mae: 0.4310 - 2s/epoch - 181ms/step
Epoch 66/10000

Epoch 66: val_loss did not improve from 0.27765
11/11 - 2s - loss: 0.2810 - mse: 0.2810 - mae: 0.4309 - val_loss: 0.2794 - val_mse: 0.2794 - val_mae: 0.4291 - 2s/epoch - 181ms/step
Epoch 67/10000

Epoch 67: val_loss did not improve from 0.27765
11/11 - 2s - loss: 0.2812 - mse: 0.2812 - mae: 0.4306 - val_loss: 0.2781 - val_mse: 0.2781 - val_mae: 0.4274 - 2s/epoch - 182ms/step
Epoch 68/10000

Epoch 68: val_loss did not improve from 0.27765
11/11 - 2s - loss: 0.2838 - mse: 0.2838 - mae: 0.4326 - val_loss: 0.2846 - val_mse: 0.2846 - val_mae: 0.4316 - 2s/epoch - 182ms/step
Epoch 69/10000

Epoch 69: val_loss did not improve from 0.27765
11/11 - 2s - loss: 0.2810 - mse: 0.2810 - mae: 0.4308 - val_loss: 0.2783 - val_mse: 0.2783 - val_mae: 0.4275 - 2s/epoch - 182ms/step
Epoch 70/10000

Epoch 70: val_loss did not improve from 0.27765
11/11 - 2s - loss: 0.2798 - mse: 0.2798 - mae: 0.4301 - val_loss: 0.2780 - val_mse: 0.2780 - val_mae: 0.4274 - 2s/epoch - 183ms/step
Epoch 71/10000

Epoch 71: val_loss improved from 0.27765 to 0.27758, saving model to ./results/NN_rms_regr/RNN/recursion_50/ckpt_1
11/11 - 3s - loss: 0.2790 - mse: 0.2790 - mae: 0.4293 - val_loss: 0.2776 - val_mse: 0.2776 - val_mae: 0.4273 - 3s/epoch - 257ms/step
Epoch 72/10000

Epoch 72: val_loss did not improve from 0.27758
11/11 - 2s - loss: 0.2794 - mse: 0.2794 - mae: 0.4295 - val_loss: 0.2797 - val_mse: 0.2797 - val_mae: 0.4284 - 2s/epoch - 182ms/step
Epoch 73/10000

Epoch 73: val_loss did not improve from 0.27758
11/11 - 2s - loss: 0.2789 - mse: 0.2789 - mae: 0.4290 - val_loss: 0.2785 - val_mse: 0.2785 - val_mae: 0.4276 - 2s/epoch - 183ms/step
Epoch 74/10000

Epoch 74: val_loss did not improve from 0.27758
11/11 - 2s - loss: 0.2804 - mse: 0.2804 - mae: 0.4302 - val_loss: 0.2834 - val_mse: 0.2834 - val_mae: 0.4322 - 2s/epoch - 181ms/step
Epoch 75/10000

Epoch 75: val_loss did not improve from 0.27758
11/11 - 2s - loss: 0.2805 - mse: 0.2805 - mae: 0.4305 - val_loss: 0.2784 - val_mse: 0.2784 - val_mae: 0.4281 - 2s/epoch - 181ms/step
Epoch 76/10000

Epoch 76: val_loss did not improve from 0.27758
11/11 - 2s - loss: 0.2802 - mse: 0.2802 - mae: 0.4300 - val_loss: 0.2826 - val_mse: 0.2826 - val_mae: 0.4316 - 2s/epoch - 181ms/step
Epoch 77/10000

Epoch 77: val_loss did not improve from 0.27758
11/11 - 2s - loss: 0.2819 - mse: 0.2819 - mae: 0.4310 - val_loss: 0.2817 - val_mse: 0.2817 - val_mae: 0.4309 - 2s/epoch - 181ms/step
Epoch 78/10000

Epoch 78: val_loss did not improve from 0.27758
11/11 - 2s - loss: 0.2805 - mse: 0.2805 - mae: 0.4303 - val_loss: 0.2776 - val_mse: 0.2776 - val_mae: 0.4272 - 2s/epoch - 182ms/step
Epoch 79/10000

Epoch 79: val_loss did not improve from 0.27758
11/11 - 2s - loss: 0.2793 - mse: 0.2793 - mae: 0.4294 - val_loss: 0.2785 - val_mse: 0.2785 - val_mae: 0.4276 - 2s/epoch - 182ms/step
Epoch 80/10000

Epoch 80: val_loss did not improve from 0.27758
11/11 - 2s - loss: 0.2797 - mse: 0.2797 - mae: 0.4297 - val_loss: 0.2784 - val_mse: 0.2784 - val_mae: 0.4275 - 2s/epoch - 182ms/step
Epoch 81/10000

Epoch 81: val_loss did not improve from 0.27758
11/11 - 2s - loss: 0.2789 - mse: 0.2789 - mae: 0.4289 - val_loss: 0.2799 - val_mse: 0.2799 - val_mae: 0.4284 - 2s/epoch - 182ms/step
Epoch 82/10000

Epoch 82: val_loss did not improve from 0.27758
11/11 - 2s - loss: 0.2817 - mse: 0.2817 - mae: 0.4310 - val_loss: 0.2872 - val_mse: 0.2872 - val_mae: 0.4333 - 2s/epoch - 182ms/step
Epoch 83/10000

Epoch 83: val_loss did not improve from 0.27758
11/11 - 2s - loss: 0.2805 - mse: 0.2805 - mae: 0.4296 - val_loss: 0.2798 - val_mse: 0.2798 - val_mae: 0.4284 - 2s/epoch - 182ms/step
Epoch 84/10000

Epoch 84: val_loss did not improve from 0.27758
11/11 - 2s - loss: 0.2823 - mse: 0.2823 - mae: 0.4313 - val_loss: 0.2881 - val_mse: 0.2881 - val_mae: 0.4339 - 2s/epoch - 181ms/step
Epoch 85/10000

Epoch 85: val_loss improved from 0.27758 to 0.27754, saving model to ./results/NN_rms_regr/RNN/recursion_50/ckpt_1
11/11 - 3s - loss: 0.2820 - mse: 0.2820 - mae: 0.4313 - val_loss: 0.2775 - val_mse: 0.2775 - val_mae: 0.4271 - 3s/epoch - 261ms/step
Epoch 86/10000

Epoch 86: val_loss improved from 0.27754 to 0.27753, saving model to ./results/NN_rms_regr/RNN/recursion_50/ckpt_1
11/11 - 3s - loss: 0.2806 - mse: 0.2806 - mae: 0.4302 - val_loss: 0.2775 - val_mse: 0.2775 - val_mae: 0.4271 - 3s/epoch - 262ms/step
Epoch 87/10000

Epoch 87: val_loss did not improve from 0.27753
11/11 - 2s - loss: 0.2791 - mse: 0.2791 - mae: 0.4293 - val_loss: 0.2791 - val_mse: 0.2791 - val_mae: 0.4287 - 2s/epoch - 182ms/step
Epoch 88/10000

Epoch 88: val_loss did not improve from 0.27753
11/11 - 2s - loss: 0.2813 - mse: 0.2813 - mae: 0.4311 - val_loss: 0.2781 - val_mse: 0.2781 - val_mae: 0.4274 - 2s/epoch - 182ms/step
Epoch 89/10000

Epoch 89: val_loss did not improve from 0.27753
11/11 - 2s - loss: 0.2802 - mse: 0.2802 - mae: 0.4302 - val_loss: 0.2783 - val_mse: 0.2783 - val_mae: 0.4275 - 2s/epoch - 182ms/step
Epoch 90/10000

Epoch 90: val_loss did not improve from 0.27753
11/11 - 2s - loss: 0.2792 - mse: 0.2792 - mae: 0.4290 - val_loss: 0.2775 - val_mse: 0.2775 - val_mae: 0.4271 - 2s/epoch - 181ms/step
Epoch 91/10000

Epoch 91: val_loss did not improve from 0.27753
11/11 - 2s - loss: 0.2794 - mse: 0.2794 - mae: 0.4293 - val_loss: 0.2784 - val_mse: 0.2784 - val_mae: 0.4275 - 2s/epoch - 182ms/step
Epoch 92/10000

Epoch 92: val_loss did not improve from 0.27753
11/11 - 2s - loss: 0.2792 - mse: 0.2792 - mae: 0.4295 - val_loss: 0.2843 - val_mse: 0.2843 - val_mae: 0.4314 - 2s/epoch - 181ms/step
Epoch 93/10000

Epoch 93: val_loss did not improve from 0.27753
11/11 - 2s - loss: 0.2835 - mse: 0.2835 - mae: 0.4321 - val_loss: 0.2839 - val_mse: 0.2839 - val_mae: 0.4311 - 2s/epoch - 181ms/step
Epoch 94/10000

Epoch 94: val_loss did not improve from 0.27753
11/11 - 2s - loss: 0.2812 - mse: 0.2812 - mae: 0.4306 - val_loss: 0.2782 - val_mse: 0.2782 - val_mae: 0.4279 - 2s/epoch - 181ms/step
Epoch 95/10000

Epoch 95: val_loss did not improve from 0.27753
11/11 - 2s - loss: 0.2795 - mse: 0.2795 - mae: 0.4293 - val_loss: 0.2780 - val_mse: 0.2780 - val_mae: 0.4273 - 2s/epoch - 181ms/step
Epoch 96/10000

Epoch 96: val_loss did not improve from 0.27753
11/11 - 2s - loss: 0.2790 - mse: 0.2790 - mae: 0.4292 - val_loss: 0.2812 - val_mse: 0.2812 - val_mae: 0.4292 - 2s/epoch - 182ms/step
Epoch 97/10000

Epoch 97: val_loss did not improve from 0.27753
11/11 - 2s - loss: 0.2808 - mse: 0.2808 - mae: 0.4301 - val_loss: 0.2777 - val_mse: 0.2777 - val_mae: 0.4271 - 2s/epoch - 181ms/step
Epoch 98/10000

Epoch 98: val_loss did not improve from 0.27753
11/11 - 2s - loss: 0.2787 - mse: 0.2787 - mae: 0.4289 - val_loss: 0.2784 - val_mse: 0.2784 - val_mae: 0.4280 - 2s/epoch - 181ms/step
Epoch 99/10000

Epoch 99: val_loss did not improve from 0.27753
11/11 - 2s - loss: 0.2797 - mse: 0.2797 - mae: 0.4298 - val_loss: 0.2777 - val_mse: 0.2777 - val_mae: 0.4274 - 2s/epoch - 181ms/step
Epoch 100/10000

Epoch 100: val_loss did not improve from 0.27753
11/11 - 2s - loss: 0.2798 - mse: 0.2798 - mae: 0.4297 - val_loss: 0.2781 - val_mse: 0.2781 - val_mae: 0.4273 - 2s/epoch - 182ms/step
Epoch 101/10000

Epoch 101: val_loss did not improve from 0.27753
11/11 - 2s - loss: 0.2813 - mse: 0.2813 - mae: 0.4308 - val_loss: 0.2825 - val_mse: 0.2825 - val_mae: 0.4301 - 2s/epoch - 182ms/step
Epoch 102/10000

Epoch 102: val_loss did not improve from 0.27753
11/11 - 2s - loss: 0.2794 - mse: 0.2794 - mae: 0.4293 - val_loss: 0.2789 - val_mse: 0.2789 - val_mae: 0.4278 - 2s/epoch - 182ms/step
Epoch 103/10000

Epoch 103: val_loss did not improve from 0.27753
11/11 - 2s - loss: 0.2808 - mse: 0.2808 - mae: 0.4304 - val_loss: 0.2974 - val_mse: 0.2974 - val_mae: 0.4402 - 2s/epoch - 182ms/step
Epoch 104/10000

Epoch 104: val_loss improved from 0.27753 to 0.27749, saving model to ./results/NN_rms_regr/RNN/recursion_50/ckpt_1
11/11 - 3s - loss: 0.2879 - mse: 0.2879 - mae: 0.4349 - val_loss: 0.2775 - val_mse: 0.2775 - val_mae: 0.4271 - 3s/epoch - 263ms/step
Epoch 105/10000

Epoch 105: val_loss did not improve from 0.27749
11/11 - 2s - loss: 0.2825 - mse: 0.2825 - mae: 0.4319 - val_loss: 0.2788 - val_mse: 0.2788 - val_mae: 0.4284 - 2s/epoch - 182ms/step
Epoch 106/10000

Epoch 106: val_loss did not improve from 0.27749
11/11 - 2s - loss: 0.2820 - mse: 0.2820 - mae: 0.4312 - val_loss: 0.2859 - val_mse: 0.2859 - val_mae: 0.4324 - 2s/epoch - 182ms/step
Epoch 107/10000

Epoch 107: val_loss did not improve from 0.27749
11/11 - 2s - loss: 0.2860 - mse: 0.2860 - mae: 0.4340 - val_loss: 0.2840 - val_mse: 0.2840 - val_mae: 0.4311 - 2s/epoch - 181ms/step
Epoch 108/10000

Epoch 108: val_loss did not improve from 0.27749
11/11 - 2s - loss: 0.2837 - mse: 0.2837 - mae: 0.4321 - val_loss: 0.2825 - val_mse: 0.2825 - val_mae: 0.4301 - 2s/epoch - 183ms/step
Epoch 109/10000

Epoch 109: val_loss improved from 0.27749 to 0.27748, saving model to ./results/NN_rms_regr/RNN/recursion_50/ckpt_1
11/11 - 3s - loss: 0.2794 - mse: 0.2794 - mae: 0.4290 - val_loss: 0.2775 - val_mse: 0.2775 - val_mae: 0.4271 - 3s/epoch - 263ms/step
Epoch 110/10000

Epoch 110: val_loss did not improve from 0.27748
11/11 - 2s - loss: 0.2791 - mse: 0.2791 - mae: 0.4290 - val_loss: 0.2779 - val_mse: 0.2779 - val_mae: 0.4276 - 2s/epoch - 179ms/step
Epoch 111/10000

Epoch 111: val_loss did not improve from 0.27748
11/11 - 2s - loss: 0.2791 - mse: 0.2791 - mae: 0.4291 - val_loss: 0.2778 - val_mse: 0.2778 - val_mae: 0.4272 - 2s/epoch - 182ms/step
Epoch 112/10000

Epoch 112: val_loss did not improve from 0.27748
11/11 - 2s - loss: 0.2788 - mse: 0.2788 - mae: 0.4289 - val_loss: 0.2777 - val_mse: 0.2777 - val_mae: 0.4271 - 2s/epoch - 181ms/step
Epoch 113/10000

Epoch 113: val_loss did not improve from 0.27748
11/11 - 2s - loss: 0.2796 - mse: 0.2796 - mae: 0.4295 - val_loss: 0.2823 - val_mse: 0.2823 - val_mae: 0.4300 - 2s/epoch - 182ms/step
Epoch 114/10000

Epoch 114: val_loss did not improve from 0.27748
11/11 - 2s - loss: 0.2803 - mse: 0.2803 - mae: 0.4297 - val_loss: 0.2790 - val_mse: 0.2790 - val_mae: 0.4278 - 2s/epoch - 181ms/step
Epoch 115/10000

Epoch 115: val_loss did not improve from 0.27748
11/11 - 2s - loss: 0.2794 - mse: 0.2794 - mae: 0.4293 - val_loss: 0.2787 - val_mse: 0.2787 - val_mae: 0.4282 - 2s/epoch - 181ms/step
Epoch 116/10000

Epoch 116: val_loss did not improve from 0.27748
11/11 - 2s - loss: 0.2806 - mse: 0.2806 - mae: 0.4304 - val_loss: 0.2791 - val_mse: 0.2791 - val_mae: 0.4279 - 2s/epoch - 182ms/step
Epoch 117/10000

Epoch 117: val_loss improved from 0.27748 to 0.27746, saving model to ./results/NN_rms_regr/RNN/recursion_50/ckpt_1
11/11 - 3s - loss: 0.2794 - mse: 0.2794 - mae: 0.4294 - val_loss: 0.2775 - val_mse: 0.2775 - val_mae: 0.4271 - 3s/epoch - 257ms/step
Epoch 118/10000

Epoch 118: val_loss did not improve from 0.27746
11/11 - 2s - loss: 0.2814 - mse: 0.2814 - mae: 0.4307 - val_loss: 0.2809 - val_mse: 0.2809 - val_mae: 0.4290 - 2s/epoch - 182ms/step
Epoch 119/10000

Epoch 119: val_loss did not improve from 0.27746
11/11 - 2s - loss: 0.2795 - mse: 0.2795 - mae: 0.4292 - val_loss: 0.2797 - val_mse: 0.2797 - val_mae: 0.4283 - 2s/epoch - 182ms/step
Epoch 120/10000

Epoch 120: val_loss did not improve from 0.27746
11/11 - 2s - loss: 0.2808 - mse: 0.2808 - mae: 0.4302 - val_loss: 0.2781 - val_mse: 0.2781 - val_mae: 0.4277 - 2s/epoch - 183ms/step
Epoch 121/10000

Epoch 121: val_loss did not improve from 0.27746
11/11 - 2s - loss: 0.2794 - mse: 0.2794 - mae: 0.4293 - val_loss: 0.2775 - val_mse: 0.2775 - val_mae: 0.4271 - 2s/epoch - 182ms/step
Epoch 122/10000

Epoch 122: val_loss did not improve from 0.27746
11/11 - 2s - loss: 0.2785 - mse: 0.2785 - mae: 0.4286 - val_loss: 0.2776 - val_mse: 0.2776 - val_mae: 0.4273 - 2s/epoch - 181ms/step
Epoch 123/10000

Epoch 123: val_loss did not improve from 0.27746
11/11 - 2s - loss: 0.2799 - mse: 0.2799 - mae: 0.4295 - val_loss: 0.2789 - val_mse: 0.2789 - val_mae: 0.4284 - 2s/epoch - 182ms/step
Epoch 124/10000

Epoch 124: val_loss did not improve from 0.27746
11/11 - 2s - loss: 0.2808 - mse: 0.2808 - mae: 0.4299 - val_loss: 0.2850 - val_mse: 0.2850 - val_mae: 0.4333 - 2s/epoch - 182ms/step
Epoch 125/10000

Epoch 125: val_loss did not improve from 0.27746
11/11 - 2s - loss: 0.2871 - mse: 0.2871 - mae: 0.4337 - val_loss: 0.2811 - val_mse: 0.2811 - val_mae: 0.4292 - 2s/epoch - 182ms/step
Epoch 126/10000

Epoch 126: val_loss did not improve from 0.27746
11/11 - 2s - loss: 0.2845 - mse: 0.2845 - mae: 0.4325 - val_loss: 0.2955 - val_mse: 0.2955 - val_mae: 0.4389 - 2s/epoch - 182ms/step
Epoch 127/10000

Epoch 127: val_loss did not improve from 0.27746
11/11 - 2s - loss: 0.2879 - mse: 0.2879 - mae: 0.4345 - val_loss: 0.2907 - val_mse: 0.2907 - val_mae: 0.4378 - 2s/epoch - 182ms/step
Epoch 128/10000

Epoch 128: val_loss did not improve from 0.27746
11/11 - 2s - loss: 0.2887 - mse: 0.2887 - mae: 0.4356 - val_loss: 0.2775 - val_mse: 0.2775 - val_mae: 0.4271 - 2s/epoch - 181ms/step
Epoch 129/10000

Epoch 129: val_loss did not improve from 0.27746
11/11 - 2s - loss: 0.2814 - mse: 0.2814 - mae: 0.4305 - val_loss: 0.2788 - val_mse: 0.2788 - val_mae: 0.4278 - 2s/epoch - 182ms/step
Epoch 130/10000

Epoch 130: val_loss did not improve from 0.27746
11/11 - 2s - loss: 0.2801 - mse: 0.2801 - mae: 0.4297 - val_loss: 0.2798 - val_mse: 0.2798 - val_mae: 0.4293 - 2s/epoch - 180ms/step
Epoch 131/10000

Epoch 131: val_loss did not improve from 0.27746
11/11 - 2s - loss: 0.2809 - mse: 0.2809 - mae: 0.4305 - val_loss: 0.2777 - val_mse: 0.2777 - val_mae: 0.4272 - 2s/epoch - 182ms/step
Epoch 132/10000

Epoch 132: val_loss did not improve from 0.27746
11/11 - 2s - loss: 0.2816 - mse: 0.2816 - mae: 0.4309 - val_loss: 0.2794 - val_mse: 0.2794 - val_mae: 0.4281 - 2s/epoch - 182ms/step
Epoch 133/10000

Epoch 133: val_loss did not improve from 0.27746
11/11 - 2s - loss: 0.2804 - mse: 0.2804 - mae: 0.4296 - val_loss: 0.2841 - val_mse: 0.2841 - val_mae: 0.4327 - 2s/epoch - 182ms/step
Epoch 134/10000

Epoch 134: val_loss did not improve from 0.27746
11/11 - 2s - loss: 0.2816 - mse: 0.2816 - mae: 0.4308 - val_loss: 0.2787 - val_mse: 0.2787 - val_mae: 0.4276 - 2s/epoch - 182ms/step
Epoch 135/10000

Epoch 135: val_loss did not improve from 0.27746
11/11 - 2s - loss: 0.2792 - mse: 0.2792 - mae: 0.4291 - val_loss: 0.2873 - val_mse: 0.2873 - val_mae: 0.4352 - 2s/epoch - 182ms/step
Epoch 136/10000

Epoch 136: val_loss did not improve from 0.27746
11/11 - 2s - loss: 0.2834 - mse: 0.2834 - mae: 0.4323 - val_loss: 0.2784 - val_mse: 0.2784 - val_mae: 0.4275 - 2s/epoch - 182ms/step
Epoch 137/10000

Epoch 137: val_loss did not improve from 0.27746
11/11 - 2s - loss: 0.2793 - mse: 0.2793 - mae: 0.4292 - val_loss: 0.2783 - val_mse: 0.2783 - val_mae: 0.4279 - 2s/epoch - 182ms/step
Epoch 138/10000

Epoch 138: val_loss did not improve from 0.27746
11/11 - 2s - loss: 0.2803 - mse: 0.2803 - mae: 0.4299 - val_loss: 0.2782 - val_mse: 0.2782 - val_mae: 0.4274 - 2s/epoch - 182ms/step
Epoch 139/10000

Epoch 139: val_loss improved from 0.27746 to 0.27745, saving model to ./results/NN_rms_regr/RNN/recursion_50/ckpt_1
11/11 - 3s - loss: 0.2799 - mse: 0.2799 - mae: 0.4293 - val_loss: 0.2775 - val_mse: 0.2775 - val_mae: 0.4270 - 3s/epoch - 262ms/step
Epoch 140/10000

Epoch 140: val_loss did not improve from 0.27745
11/11 - 2s - loss: 0.2825 - mse: 0.2825 - mae: 0.4315 - val_loss: 0.2843 - val_mse: 0.2843 - val_mae: 0.4314 - 2s/epoch - 182ms/step
Epoch 141/10000

Epoch 141: val_loss did not improve from 0.27745
11/11 - 2s - loss: 0.2810 - mse: 0.2810 - mae: 0.4306 - val_loss: 0.2792 - val_mse: 0.2792 - val_mae: 0.4287 - 2s/epoch - 180ms/step
Epoch 142/10000

Epoch 142: val_loss did not improve from 0.27745
11/11 - 2s - loss: 0.2808 - mse: 0.2808 - mae: 0.4303 - val_loss: 0.2796 - val_mse: 0.2796 - val_mae: 0.4282 - 2s/epoch - 182ms/step
Epoch 143/10000

Epoch 143: val_loss did not improve from 0.27745
11/11 - 2s - loss: 0.2792 - mse: 0.2792 - mae: 0.4289 - val_loss: 0.2796 - val_mse: 0.2796 - val_mae: 0.4282 - 2s/epoch - 182ms/step
Epoch 144/10000

Epoch 144: val_loss did not improve from 0.27745
11/11 - 2s - loss: 0.2797 - mse: 0.2797 - mae: 0.4297 - val_loss: 0.2815 - val_mse: 0.2815 - val_mae: 0.4305 - 2s/epoch - 182ms/step
Epoch 145/10000

Epoch 145: val_loss did not improve from 0.27745
11/11 - 2s - loss: 0.2799 - mse: 0.2799 - mae: 0.4296 - val_loss: 0.2779 - val_mse: 0.2779 - val_mae: 0.4276 - 2s/epoch - 182ms/step
Epoch 146/10000

Epoch 146: val_loss did not improve from 0.27745
11/11 - 2s - loss: 0.2791 - mse: 0.2791 - mae: 0.4289 - val_loss: 0.2789 - val_mse: 0.2789 - val_mae: 0.4278 - 2s/epoch - 182ms/step
Epoch 147/10000

Epoch 147: val_loss did not improve from 0.27745
11/11 - 2s - loss: 0.2785 - mse: 0.2785 - mae: 0.4284 - val_loss: 0.2781 - val_mse: 0.2781 - val_mae: 0.4273 - 2s/epoch - 181ms/step
Epoch 148/10000

Epoch 148: val_loss did not improve from 0.27745
11/11 - 2s - loss: 0.2795 - mse: 0.2795 - mae: 0.4292 - val_loss: 0.2776 - val_mse: 0.2776 - val_mae: 0.4270 - 2s/epoch - 182ms/step
Epoch 149/10000

Epoch 149: val_loss did not improve from 0.27745
11/11 - 2s - loss: 0.2800 - mse: 0.2800 - mae: 0.4301 - val_loss: 0.2778 - val_mse: 0.2778 - val_mae: 0.4275 - 2s/epoch - 181ms/step
Epoch 150/10000

Epoch 150: val_loss did not improve from 0.27745
11/11 - 2s - loss: 0.2797 - mse: 0.2797 - mae: 0.4294 - val_loss: 0.2798 - val_mse: 0.2798 - val_mae: 0.4292 - 2s/epoch - 181ms/step
Epoch 151/10000

Epoch 151: val_loss did not improve from 0.27745
11/11 - 2s - loss: 0.2803 - mse: 0.2803 - mae: 0.4300 - val_loss: 0.2779 - val_mse: 0.2779 - val_mae: 0.4272 - 2s/epoch - 181ms/step
Epoch 152/10000

Epoch 152: val_loss did not improve from 0.27745
11/11 - 2s - loss: 0.2803 - mse: 0.2803 - mae: 0.4297 - val_loss: 0.2779 - val_mse: 0.2779 - val_mae: 0.4271 - 2s/epoch - 183ms/step
Epoch 153/10000

Epoch 153: val_loss did not improve from 0.27745
11/11 - 2s - loss: 0.2795 - mse: 0.2795 - mae: 0.4291 - val_loss: 0.2775 - val_mse: 0.2775 - val_mae: 0.4272 - 2s/epoch - 181ms/step
Epoch 154/10000

Epoch 154: val_loss improved from 0.27745 to 0.27744, saving model to ./results/NN_rms_regr/RNN/recursion_50/ckpt_1
11/11 - 3s - loss: 0.2787 - mse: 0.2787 - mae: 0.4287 - val_loss: 0.2774 - val_mse: 0.2774 - val_mae: 0.4270 - 3s/epoch - 256ms/step
Epoch 155/10000

Epoch 155: val_loss did not improve from 0.27744
11/11 - 2s - loss: 0.2788 - mse: 0.2788 - mae: 0.4287 - val_loss: 0.2794 - val_mse: 0.2794 - val_mae: 0.4280 - 2s/epoch - 183ms/step
Epoch 156/10000

Epoch 156: val_loss did not improve from 0.27744
11/11 - 2s - loss: 0.2816 - mse: 0.2816 - mae: 0.4303 - val_loss: 0.2849 - val_mse: 0.2849 - val_mae: 0.4332 - 2s/epoch - 181ms/step
Epoch 157/10000

Epoch 157: val_loss did not improve from 0.27744
11/11 - 2s - loss: 0.2849 - mse: 0.2849 - mae: 0.4337 - val_loss: 0.2790 - val_mse: 0.2790 - val_mae: 0.4278 - 2s/epoch - 181ms/step
Epoch 158/10000

Epoch 158: val_loss did not improve from 0.27744
11/11 - 2s - loss: 0.2805 - mse: 0.2805 - mae: 0.4300 - val_loss: 0.2854 - val_mse: 0.2854 - val_mae: 0.4336 - 2s/epoch - 182ms/step
Epoch 159/10000

Epoch 159: val_loss did not improve from 0.27744
11/11 - 2s - loss: 0.2825 - mse: 0.2825 - mae: 0.4318 - val_loss: 0.2776 - val_mse: 0.2776 - val_mae: 0.4270 - 2s/epoch - 181ms/step
Epoch 160/10000

Epoch 160: val_loss did not improve from 0.27744
11/11 - 2s - loss: 0.2795 - mse: 0.2795 - mae: 0.4298 - val_loss: 0.2838 - val_mse: 0.2838 - val_mae: 0.4310 - 2s/epoch - 181ms/step
Epoch 161/10000

Epoch 161: val_loss improved from 0.27744 to 0.27743, saving model to ./results/NN_rms_regr/RNN/recursion_50/ckpt_1
11/11 - 3s - loss: 0.2823 - mse: 0.2823 - mae: 0.4310 - val_loss: 0.2774 - val_mse: 0.2774 - val_mae: 0.4270 - 3s/epoch - 263ms/step
Epoch 162/10000

Epoch 162: val_loss did not improve from 0.27743
11/11 - 2s - loss: 0.2785 - mse: 0.2785 - mae: 0.4285 - val_loss: 0.2779 - val_mse: 0.2779 - val_mae: 0.4272 - 2s/epoch - 182ms/step
Epoch 163/10000

Epoch 163: val_loss improved from 0.27743 to 0.27742, saving model to ./results/NN_rms_regr/RNN/recursion_50/ckpt_1
11/11 - 3s - loss: 0.2794 - mse: 0.2794 - mae: 0.4288 - val_loss: 0.2774 - val_mse: 0.2774 - val_mae: 0.4270 - 3s/epoch - 262ms/step
Epoch 164/10000

Epoch 164: val_loss did not improve from 0.27742
11/11 - 2s - loss: 0.2831 - mse: 0.2831 - mae: 0.4317 - val_loss: 0.2876 - val_mse: 0.2876 - val_mae: 0.4335 - 2s/epoch - 182ms/step
Epoch 165/10000

Epoch 165: val_loss did not improve from 0.27742
11/11 - 2s - loss: 0.2852 - mse: 0.2852 - mae: 0.4330 - val_loss: 0.2816 - val_mse: 0.2816 - val_mae: 0.4307 - 2s/epoch - 182ms/step
Epoch 166/10000

Epoch 166: val_loss did not improve from 0.27742
11/11 - 2s - loss: 0.2924 - mse: 0.2924 - mae: 0.4384 - val_loss: 0.2867 - val_mse: 0.2867 - val_mae: 0.4347 - 2s/epoch - 183ms/step
Epoch 167/10000

Epoch 167: val_loss did not improve from 0.27742
11/11 - 2s - loss: 0.2865 - mse: 0.2865 - mae: 0.4345 - val_loss: 0.2825 - val_mse: 0.2825 - val_mae: 0.4301 - 2s/epoch - 181ms/step
Epoch 168/10000

Epoch 168: val_loss did not improve from 0.27742
11/11 - 2s - loss: 0.2830 - mse: 0.2830 - mae: 0.4311 - val_loss: 0.2791 - val_mse: 0.2791 - val_mae: 0.4286 - 2s/epoch - 181ms/step
Epoch 169/10000

Epoch 169: val_loss did not improve from 0.27742
11/11 - 2s - loss: 0.2850 - mse: 0.2850 - mae: 0.4326 - val_loss: 0.2775 - val_mse: 0.2775 - val_mae: 0.4270 - 2s/epoch - 182ms/step
Epoch 170/10000

Epoch 170: val_loss did not improve from 0.27742
11/11 - 2s - loss: 0.2875 - mse: 0.2875 - mae: 0.4350 - val_loss: 0.2900 - val_mse: 0.2900 - val_mae: 0.4352 - 2s/epoch - 182ms/step
Epoch 171/10000

Epoch 171: val_loss did not improve from 0.27742
11/11 - 2s - loss: 0.2827 - mse: 0.2827 - mae: 0.4308 - val_loss: 0.2786 - val_mse: 0.2786 - val_mae: 0.4282 - 2s/epoch - 181ms/step
Epoch 172/10000

Epoch 172: val_loss did not improve from 0.27742
11/11 - 2s - loss: 0.2787 - mse: 0.2787 - mae: 0.4289 - val_loss: 0.2775 - val_mse: 0.2775 - val_mae: 0.4270 - 2s/epoch - 182ms/step
Epoch 173/10000

Epoch 173: val_loss did not improve from 0.27742
11/11 - 2s - loss: 0.2798 - mse: 0.2798 - mae: 0.4296 - val_loss: 0.2776 - val_mse: 0.2776 - val_mae: 0.4273 - 2s/epoch - 180ms/step
Epoch 174/10000

Epoch 174: val_loss did not improve from 0.27742
11/11 - 2s - loss: 0.2821 - mse: 0.2821 - mae: 0.4313 - val_loss: 0.2779 - val_mse: 0.2779 - val_mae: 0.4275 - 2s/epoch - 182ms/step
Epoch 175/10000

Epoch 175: val_loss did not improve from 0.27742
11/11 - 2s - loss: 0.2821 - mse: 0.2821 - mae: 0.4316 - val_loss: 0.2787 - val_mse: 0.2787 - val_mae: 0.4276 - 2s/epoch - 182ms/step
Epoch 176/10000

Epoch 176: val_loss did not improve from 0.27742
11/11 - 2s - loss: 0.2818 - mse: 0.2818 - mae: 0.4306 - val_loss: 0.2919 - val_mse: 0.2919 - val_mae: 0.4365 - 2s/epoch - 183ms/step
Epoch 177/10000

Epoch 177: val_loss did not improve from 0.27742
11/11 - 2s - loss: 0.2911 - mse: 0.2911 - mae: 0.4374 - val_loss: 0.3188 - val_mse: 0.3188 - val_mae: 0.4582 - 2s/epoch - 182ms/step
Epoch 178/10000

Epoch 178: val_loss did not improve from 0.27742
11/11 - 2s - loss: 0.2919 - mse: 0.2919 - mae: 0.4381 - val_loss: 0.3037 - val_mse: 0.3037 - val_mae: 0.4444 - 2s/epoch - 182ms/step
Epoch 179/10000

Epoch 179: val_loss did not improve from 0.27742
11/11 - 2s - loss: 0.2872 - mse: 0.2872 - mae: 0.4347 - val_loss: 0.2792 - val_mse: 0.2792 - val_mae: 0.4280 - 2s/epoch - 182ms/step
Epoch 180/10000

Epoch 180: val_loss did not improve from 0.27742
11/11 - 2s - loss: 0.2858 - mse: 0.2858 - mae: 0.4338 - val_loss: 0.2793 - val_mse: 0.2793 - val_mae: 0.4288 - 2s/epoch - 181ms/step
Epoch 181/10000

Epoch 181: val_loss did not improve from 0.27742
11/11 - 2s - loss: 0.2809 - mse: 0.2809 - mae: 0.4299 - val_loss: 0.2790 - val_mse: 0.2790 - val_mae: 0.4278 - 2s/epoch - 182ms/step
Epoch 182/10000

Epoch 182: val_loss did not improve from 0.27742
11/11 - 2s - loss: 0.2807 - mse: 0.2807 - mae: 0.4308 - val_loss: 0.2791 - val_mse: 0.2791 - val_mae: 0.4279 - 2s/epoch - 182ms/step
Epoch 183/10000

Epoch 183: val_loss did not improve from 0.27742
11/11 - 2s - loss: 0.2790 - mse: 0.2790 - mae: 0.4288 - val_loss: 0.2803 - val_mse: 0.2803 - val_mae: 0.4296 - 2s/epoch - 181ms/step
Epoch 184/10000

Epoch 184: val_loss did not improve from 0.27742
11/11 - 2s - loss: 0.2806 - mse: 0.2806 - mae: 0.4305 - val_loss: 0.2795 - val_mse: 0.2795 - val_mae: 0.4281 - 2s/epoch - 182ms/step
Epoch 185/10000

Epoch 185: val_loss did not improve from 0.27742
11/11 - 2s - loss: 0.2838 - mse: 0.2838 - mae: 0.4320 - val_loss: 0.2777 - val_mse: 0.2777 - val_mae: 0.4274 - 2s/epoch - 181ms/step
Epoch 186/10000

Epoch 186: val_loss did not improve from 0.27742
11/11 - 2s - loss: 0.2807 - mse: 0.2807 - mae: 0.4302 - val_loss: 0.2920 - val_mse: 0.2920 - val_mae: 0.4365 - 2s/epoch - 182ms/step
Epoch 187/10000

Epoch 187: val_loss did not improve from 0.27742
11/11 - 2s - loss: 0.2869 - mse: 0.2869 - mae: 0.4346 - val_loss: 0.2865 - val_mse: 0.2865 - val_mae: 0.4328 - 2s/epoch - 182ms/step
Epoch 188/10000

Epoch 188: val_loss did not improve from 0.27742
11/11 - 2s - loss: 0.2831 - mse: 0.2831 - mae: 0.4321 - val_loss: 0.2813 - val_mse: 0.2813 - val_mae: 0.4304 - 2s/epoch - 181ms/step
Epoch 189/10000

Epoch 189: val_loss did not improve from 0.27742
11/11 - 2s - loss: 0.2803 - mse: 0.2803 - mae: 0.4299 - val_loss: 0.2781 - val_mse: 0.2781 - val_mae: 0.4273 - 2s/epoch - 182ms/step
Epoch 190/10000

Epoch 190: val_loss did not improve from 0.27742
11/11 - 2s - loss: 0.2796 - mse: 0.2796 - mae: 0.4292 - val_loss: 0.2810 - val_mse: 0.2810 - val_mae: 0.4291 - 2s/epoch - 182ms/step
Epoch 191/10000

Epoch 191: val_loss did not improve from 0.27742
11/11 - 2s - loss: 0.2793 - mse: 0.2793 - mae: 0.4288 - val_loss: 0.2782 - val_mse: 0.2782 - val_mae: 0.4273 - 2s/epoch - 181ms/step
Epoch 192/10000

Epoch 192: val_loss did not improve from 0.27742
11/11 - 2s - loss: 0.2799 - mse: 0.2799 - mae: 0.4292 - val_loss: 0.2821 - val_mse: 0.2821 - val_mae: 0.4310 - 2s/epoch - 182ms/step
Epoch 193/10000

Epoch 193: val_loss did not improve from 0.27742
11/11 - 2s - loss: 0.2818 - mse: 0.2818 - mae: 0.4308 - val_loss: 0.2830 - val_mse: 0.2830 - val_mae: 0.4317 - 2s/epoch - 182ms/step
Epoch 194/10000

Epoch 194: val_loss did not improve from 0.27742
11/11 - 2s - loss: 0.2835 - mse: 0.2835 - mae: 0.4320 - val_loss: 0.2813 - val_mse: 0.2813 - val_mae: 0.4293 - 2s/epoch - 182ms/step
Epoch 195/10000

Epoch 195: val_loss did not improve from 0.27742
11/11 - 2s - loss: 0.2886 - mse: 0.2886 - mae: 0.4355 - val_loss: 0.2873 - val_mse: 0.2873 - val_mae: 0.4334 - 2s/epoch - 181ms/step
Epoch 196/10000

Epoch 196: val_loss did not improve from 0.27742
11/11 - 2s - loss: 0.2842 - mse: 0.2842 - mae: 0.4328 - val_loss: 0.2778 - val_mse: 0.2778 - val_mae: 0.4271 - 2s/epoch - 182ms/step
Epoch 197/10000

Epoch 197: val_loss did not improve from 0.27742
11/11 - 2s - loss: 0.2809 - mse: 0.2809 - mae: 0.4304 - val_loss: 0.2811 - val_mse: 0.2811 - val_mae: 0.4292 - 2s/epoch - 183ms/step
Epoch 198/10000

Epoch 198: val_loss did not improve from 0.27742
11/11 - 2s - loss: 0.2812 - mse: 0.2812 - mae: 0.4303 - val_loss: 0.2800 - val_mse: 0.2800 - val_mae: 0.4293 - 2s/epoch - 182ms/step
Epoch 199/10000

Epoch 199: val_loss did not improve from 0.27742
11/11 - 2s - loss: 0.2827 - mse: 0.2827 - mae: 0.4314 - val_loss: 0.2829 - val_mse: 0.2829 - val_mae: 0.4316 - 2s/epoch - 182ms/step
Epoch 200/10000

Epoch 200: val_loss did not improve from 0.27742
11/11 - 2s - loss: 0.2821 - mse: 0.2821 - mae: 0.4313 - val_loss: 0.2869 - val_mse: 0.2869 - val_mae: 0.4331 - 2s/epoch - 181ms/step
Epoch 201/10000

Epoch 201: val_loss did not improve from 0.27742
11/11 - 2s - loss: 0.2805 - mse: 0.2805 - mae: 0.4296 - val_loss: 0.2860 - val_mse: 0.2860 - val_mae: 0.4340 - 2s/epoch - 183ms/step
Epoch 202/10000

Epoch 202: val_loss did not improve from 0.27742
11/11 - 2s - loss: 0.2827 - mse: 0.2827 - mae: 0.4318 - val_loss: 0.2791 - val_mse: 0.2791 - val_mae: 0.4279 - 2s/epoch - 180ms/step
Epoch 203/10000

Epoch 203: val_loss did not improve from 0.27742
11/11 - 2s - loss: 0.2797 - mse: 0.2797 - mae: 0.4294 - val_loss: 0.2798 - val_mse: 0.2798 - val_mae: 0.4283 - 2s/epoch - 181ms/step
Epoch 204/10000

Epoch 204: val_loss did not improve from 0.27742
11/11 - 2s - loss: 0.2812 - mse: 0.2812 - mae: 0.4300 - val_loss: 0.2777 - val_mse: 0.2777 - val_mae: 0.4271 - 2s/epoch - 183ms/step
Epoch 205/10000

Epoch 205: val_loss did not improve from 0.27742
11/11 - 2s - loss: 0.2794 - mse: 0.2794 - mae: 0.4287 - val_loss: 0.2796 - val_mse: 0.2796 - val_mae: 0.4290 - 2s/epoch - 183ms/step
Epoch 206/10000

Epoch 206: val_loss did not improve from 0.27742
11/11 - 2s - loss: 0.2849 - mse: 0.2849 - mae: 0.4329 - val_loss: 0.2801 - val_mse: 0.2801 - val_mae: 0.4294 - 2s/epoch - 182ms/step
Epoch 207/10000

Epoch 207: val_loss did not improve from 0.27742
11/11 - 2s - loss: 0.2795 - mse: 0.2795 - mae: 0.4289 - val_loss: 0.2787 - val_mse: 0.2787 - val_mae: 0.4282 - 2s/epoch - 182ms/step
Epoch 208/10000

Epoch 208: val_loss did not improve from 0.27742
11/11 - 2s - loss: 0.2798 - mse: 0.2798 - mae: 0.4292 - val_loss: 0.2780 - val_mse: 0.2780 - val_mae: 0.4276 - 2s/epoch - 182ms/step
Epoch 209/10000

Epoch 209: val_loss did not improve from 0.27742
11/11 - 2s - loss: 0.2803 - mse: 0.2803 - mae: 0.4297 - val_loss: 0.2838 - val_mse: 0.2838 - val_mae: 0.4310 - 2s/epoch - 181ms/step
Epoch 210/10000

Epoch 210: val_loss did not improve from 0.27742
11/11 - 2s - loss: 0.2804 - mse: 0.2804 - mae: 0.4301 - val_loss: 0.2776 - val_mse: 0.2776 - val_mae: 0.4273 - 2s/epoch - 181ms/step
Epoch 211/10000

Epoch 211: val_loss did not improve from 0.27742
11/11 - 2s - loss: 0.2791 - mse: 0.2791 - mae: 0.4287 - val_loss: 0.2780 - val_mse: 0.2780 - val_mae: 0.4272 - 2s/epoch - 182ms/step
Epoch 212/10000

Epoch 212: val_loss did not improve from 0.27742
11/11 - 2s - loss: 0.2905 - mse: 0.2905 - mae: 0.4371 - val_loss: 0.3053 - val_mse: 0.3053 - val_mae: 0.4454 - 2s/epoch - 183ms/step
Epoch 213/10000

Epoch 213: val_loss did not improve from 0.27742
11/11 - 2s - loss: 0.2857 - mse: 0.2857 - mae: 0.4338 - val_loss: 0.2788 - val_mse: 0.2788 - val_mae: 0.4277 - 2s/epoch - 181ms/step
Epoch 214/10000

Epoch 214: val_loss improved from 0.27742 to 0.27740, saving model to ./results/NN_rms_regr/RNN/recursion_50/ckpt_1
11/11 - 3s - loss: 0.2799 - mse: 0.2799 - mae: 0.4296 - val_loss: 0.2774 - val_mse: 0.2774 - val_mae: 0.4270 - 3s/epoch - 264ms/step
Epoch 215/10000

Epoch 215: val_loss did not improve from 0.27740
11/11 - 2s - loss: 0.2836 - mse: 0.2836 - mae: 0.4322 - val_loss: 0.2797 - val_mse: 0.2797 - val_mae: 0.4291 - 2s/epoch - 185ms/step
Epoch 216/10000

Epoch 216: val_loss did not improve from 0.27740
11/11 - 2s - loss: 0.2823 - mse: 0.2823 - mae: 0.4307 - val_loss: 0.2809 - val_mse: 0.2809 - val_mae: 0.4290 - 2s/epoch - 183ms/step
Epoch 217/10000

Epoch 217: val_loss did not improve from 0.27740
11/11 - 2s - loss: 0.2818 - mse: 0.2818 - mae: 0.4311 - val_loss: 0.2811 - val_mse: 0.2811 - val_mae: 0.4292 - 2s/epoch - 182ms/step
Epoch 218/10000

Epoch 218: val_loss did not improve from 0.27740
11/11 - 2s - loss: 0.2808 - mse: 0.2808 - mae: 0.4301 - val_loss: 0.2842 - val_mse: 0.2842 - val_mae: 0.4312 - 2s/epoch - 182ms/step
Epoch 219/10000

Epoch 219: val_loss did not improve from 0.27740
11/11 - 2s - loss: 0.2873 - mse: 0.2873 - mae: 0.4349 - val_loss: 0.2855 - val_mse: 0.2855 - val_mae: 0.4322 - 2s/epoch - 182ms/step
Epoch 220/10000

Epoch 220: val_loss did not improve from 0.27740
11/11 - 2s - loss: 0.2805 - mse: 0.2805 - mae: 0.4298 - val_loss: 0.2883 - val_mse: 0.2883 - val_mae: 0.4359 - 2s/epoch - 181ms/step
Epoch 221/10000

Epoch 221: val_loss did not improve from 0.27740
11/11 - 2s - loss: 0.2899 - mse: 0.2899 - mae: 0.4367 - val_loss: 0.2808 - val_mse: 0.2808 - val_mae: 0.4300 - 2s/epoch - 182ms/step
Epoch 222/10000

Epoch 222: val_loss did not improve from 0.27740
11/11 - 2s - loss: 0.2836 - mse: 0.2836 - mae: 0.4323 - val_loss: 0.2778 - val_mse: 0.2778 - val_mae: 0.4271 - 2s/epoch - 181ms/step
Epoch 223/10000

Epoch 223: val_loss did not improve from 0.27740
11/11 - 2s - loss: 0.2788 - mse: 0.2788 - mae: 0.4286 - val_loss: 0.2775 - val_mse: 0.2775 - val_mae: 0.4270 - 2s/epoch - 182ms/step
Epoch 224/10000

Epoch 224: val_loss did not improve from 0.27740
11/11 - 2s - loss: 0.2789 - mse: 0.2789 - mae: 0.4289 - val_loss: 0.2774 - val_mse: 0.2774 - val_mae: 0.4271 - 2s/epoch - 183ms/step
Epoch 225/10000

Epoch 225: val_loss did not improve from 0.27740
11/11 - 2s - loss: 0.2805 - mse: 0.2805 - mae: 0.4300 - val_loss: 0.2806 - val_mse: 0.2806 - val_mae: 0.4288 - 2s/epoch - 182ms/step
Epoch 226/10000

Epoch 226: val_loss did not improve from 0.27740
11/11 - 2s - loss: 0.2842 - mse: 0.2842 - mae: 0.4319 - val_loss: 0.2819 - val_mse: 0.2819 - val_mae: 0.4297 - 2s/epoch - 182ms/step
Epoch 227/10000

Epoch 227: val_loss did not improve from 0.27740
11/11 - 2s - loss: 0.2817 - mse: 0.2817 - mae: 0.4306 - val_loss: 0.2783 - val_mse: 0.2783 - val_mae: 0.4278 - 2s/epoch - 182ms/step
Epoch 228/10000

Epoch 228: val_loss did not improve from 0.27740
11/11 - 2s - loss: 0.2822 - mse: 0.2822 - mae: 0.4310 - val_loss: 0.2976 - val_mse: 0.2976 - val_mae: 0.4428 - 2s/epoch - 183ms/step
Epoch 229/10000

Epoch 229: val_loss did not improve from 0.27740
11/11 - 2s - loss: 0.2983 - mse: 0.2983 - mae: 0.4437 - val_loss: 0.2774 - val_mse: 0.2774 - val_mae: 0.4270 - 2s/epoch - 183ms/step
Epoch 230/10000

Epoch 230: val_loss did not improve from 0.27740
11/11 - 2s - loss: 0.2973 - mse: 0.2973 - mae: 0.4421 - val_loss: 0.3187 - val_mse: 0.3187 - val_mae: 0.4544 - 2s/epoch - 182ms/step
Epoch 231/10000

Epoch 231: val_loss did not improve from 0.27740
11/11 - 2s - loss: 0.2867 - mse: 0.2867 - mae: 0.4348 - val_loss: 0.2953 - val_mse: 0.2953 - val_mae: 0.4412 - 2s/epoch - 183ms/step
Epoch 232/10000

Epoch 232: val_loss did not improve from 0.27740
11/11 - 2s - loss: 0.2860 - mse: 0.2860 - mae: 0.4338 - val_loss: 0.2833 - val_mse: 0.2833 - val_mae: 0.4320 - 2s/epoch - 181ms/step
Epoch 233/10000

Epoch 233: val_loss did not improve from 0.27740
11/11 - 2s - loss: 0.2818 - mse: 0.2818 - mae: 0.4305 - val_loss: 0.2804 - val_mse: 0.2804 - val_mae: 0.4287 - 2s/epoch - 182ms/step
Epoch 234/10000

Epoch 234: val_loss did not improve from 0.27740
11/11 - 2s - loss: 0.2820 - mse: 0.2820 - mae: 0.4309 - val_loss: 0.2792 - val_mse: 0.2792 - val_mae: 0.4280 - 2s/epoch - 182ms/step
Epoch 235/10000

Epoch 235: val_loss did not improve from 0.27740
11/11 - 2s - loss: 0.2823 - mse: 0.2823 - mae: 0.4307 - val_loss: 0.2798 - val_mse: 0.2798 - val_mae: 0.4283 - 2s/epoch - 182ms/step
Epoch 236/10000

Epoch 236: val_loss did not improve from 0.27740
11/11 - 2s - loss: 0.2843 - mse: 0.2843 - mae: 0.4327 - val_loss: 0.2921 - val_mse: 0.2921 - val_mae: 0.4388 - 2s/epoch - 182ms/step
Epoch 237/10000

Epoch 237: val_loss improved from 0.27740 to 0.27740, saving model to ./results/NN_rms_regr/RNN/recursion_50/ckpt_1
11/11 - 3s - loss: 0.2822 - mse: 0.2822 - mae: 0.4312 - val_loss: 0.2774 - val_mse: 0.2774 - val_mae: 0.4271 - 3s/epoch - 257ms/step
Epoch 238/10000

Epoch 238: val_loss did not improve from 0.27740
11/11 - 2s - loss: 0.2812 - mse: 0.2812 - mae: 0.4306 - val_loss: 0.2775 - val_mse: 0.2775 - val_mae: 0.4272 - 2s/epoch - 181ms/step
Epoch 239/10000

Epoch 239: val_loss did not improve from 0.27740
11/11 - 2s - loss: 0.2811 - mse: 0.2811 - mae: 0.4303 - val_loss: 0.2776 - val_mse: 0.2776 - val_mae: 0.4272 - 2s/epoch - 182ms/step
Epoch 240/10000

Epoch 240: val_loss did not improve from 0.27740
11/11 - 2s - loss: 0.2801 - mse: 0.2801 - mae: 0.4299 - val_loss: 0.2775 - val_mse: 0.2775 - val_mae: 0.4270 - 2s/epoch - 182ms/step
Epoch 241/10000

Epoch 241: val_loss did not improve from 0.27740
11/11 - 2s - loss: 0.2791 - mse: 0.2791 - mae: 0.4290 - val_loss: 0.2856 - val_mse: 0.2856 - val_mae: 0.4337 - 2s/epoch - 183ms/step
Epoch 242/10000

Epoch 242: val_loss did not improve from 0.27740
11/11 - 2s - loss: 0.2813 - mse: 0.2813 - mae: 0.4306 - val_loss: 0.2812 - val_mse: 0.2812 - val_mae: 0.4303 - 2s/epoch - 182ms/step
Epoch 243/10000

Epoch 243: val_loss did not improve from 0.27740
11/11 - 2s - loss: 0.2840 - mse: 0.2840 - mae: 0.4327 - val_loss: 0.2799 - val_mse: 0.2799 - val_mae: 0.4292 - 2s/epoch - 182ms/step
Epoch 244/10000

Epoch 244: val_loss did not improve from 0.27740
11/11 - 2s - loss: 0.2787 - mse: 0.2787 - mae: 0.4288 - val_loss: 0.2822 - val_mse: 0.2822 - val_mae: 0.4298 - 2s/epoch - 183ms/step
Epoch 245/10000

Epoch 245: val_loss did not improve from 0.27740
11/11 - 2s - loss: 0.2848 - mse: 0.2848 - mae: 0.4329 - val_loss: 0.2810 - val_mse: 0.2810 - val_mae: 0.4291 - 2s/epoch - 182ms/step
Epoch 246/10000

Epoch 246: val_loss did not improve from 0.27740
11/11 - 2s - loss: 0.2795 - mse: 0.2795 - mae: 0.4292 - val_loss: 0.2816 - val_mse: 0.2816 - val_mae: 0.4306 - 2s/epoch - 182ms/step
Epoch 247/10000

Epoch 247: val_loss did not improve from 0.27740
11/11 - 2s - loss: 0.2819 - mse: 0.2819 - mae: 0.4306 - val_loss: 0.2854 - val_mse: 0.2854 - val_mae: 0.4336 - 2s/epoch - 183ms/step
Epoch 248/10000

Epoch 248: val_loss did not improve from 0.27740
11/11 - 2s - loss: 0.2811 - mse: 0.2811 - mae: 0.4305 - val_loss: 0.2774 - val_mse: 0.2774 - val_mae: 0.4270 - 2s/epoch - 182ms/step
Epoch 249/10000

Epoch 249: val_loss did not improve from 0.27740
11/11 - 2s - loss: 0.2788 - mse: 0.2788 - mae: 0.4290 - val_loss: 0.2774 - val_mse: 0.2774 - val_mae: 0.4270 - 2s/epoch - 182ms/step
Epoch 250/10000

Epoch 250: val_loss improved from 0.27740 to 0.27738, saving model to ./results/NN_rms_regr/RNN/recursion_50/ckpt_1
11/11 - 3s - loss: 0.2834 - mse: 0.2834 - mae: 0.4320 - val_loss: 0.2774 - val_mse: 0.2774 - val_mae: 0.4270 - 3s/epoch - 262ms/step
Epoch 251/10000

Epoch 251: val_loss did not improve from 0.27738
11/11 - 2s - loss: 0.2810 - mse: 0.2810 - mae: 0.4301 - val_loss: 0.2789 - val_mse: 0.2789 - val_mae: 0.4277 - 2s/epoch - 183ms/step
Epoch 252/10000

Epoch 252: val_loss did not improve from 0.27738
11/11 - 2s - loss: 0.2819 - mse: 0.2819 - mae: 0.4309 - val_loss: 0.2780 - val_mse: 0.2780 - val_mae: 0.4276 - 2s/epoch - 182ms/step
Epoch 253/10000

Epoch 253: val_loss did not improve from 0.27738
11/11 - 2s - loss: 0.2823 - mse: 0.2823 - mae: 0.4310 - val_loss: 0.2819 - val_mse: 0.2819 - val_mae: 0.4296 - 2s/epoch - 183ms/step
Epoch 254/10000

Epoch 254: val_loss did not improve from 0.27738
11/11 - 2s - loss: 0.2848 - mse: 0.2848 - mae: 0.4328 - val_loss: 0.2986 - val_mse: 0.2986 - val_mae: 0.4409 - 2s/epoch - 182ms/step
Epoch 255/10000

Epoch 255: val_loss did not improve from 0.27738
11/11 - 2s - loss: 0.2873 - mse: 0.2873 - mae: 0.4348 - val_loss: 0.2778 - val_mse: 0.2778 - val_mae: 0.4274 - 2s/epoch - 183ms/step
Epoch 256/10000

Epoch 256: val_loss did not improve from 0.27738
11/11 - 2s - loss: 0.2852 - mse: 0.2852 - mae: 0.4332 - val_loss: 0.3143 - val_mse: 0.3143 - val_mae: 0.4549 - 2s/epoch - 182ms/step
Epoch 257/10000

Epoch 257: val_loss did not improve from 0.27738
11/11 - 2s - loss: 0.2854 - mse: 0.2854 - mae: 0.4334 - val_loss: 0.2774 - val_mse: 0.2774 - val_mae: 0.4270 - 2s/epoch - 182ms/step
Epoch 258/10000

Epoch 258: val_loss did not improve from 0.27738
11/11 - 2s - loss: 0.2806 - mse: 0.2806 - mae: 0.4301 - val_loss: 0.2860 - val_mse: 0.2860 - val_mae: 0.4325 - 2s/epoch - 182ms/step
Epoch 259/10000

Epoch 259: val_loss did not improve from 0.27738
11/11 - 2s - loss: 0.2817 - mse: 0.2817 - mae: 0.4307 - val_loss: 0.2789 - val_mse: 0.2789 - val_mae: 0.4277 - 2s/epoch - 182ms/step
Epoch 260/10000

Epoch 260: val_loss did not improve from 0.27738
11/11 - 2s - loss: 0.2808 - mse: 0.2808 - mae: 0.4303 - val_loss: 0.2841 - val_mse: 0.2841 - val_mae: 0.4312 - 2s/epoch - 183ms/step
Epoch 261/10000

Epoch 261: val_loss did not improve from 0.27738
11/11 - 2s - loss: 0.2808 - mse: 0.2808 - mae: 0.4303 - val_loss: 0.2816 - val_mse: 0.2816 - val_mae: 0.4306 - 2s/epoch - 181ms/step
Epoch 262/10000

Epoch 262: val_loss did not improve from 0.27738
11/11 - 2s - loss: 0.2808 - mse: 0.2808 - mae: 0.4304 - val_loss: 0.2865 - val_mse: 0.2865 - val_mae: 0.4345 - 2s/epoch - 183ms/step
Epoch 263/10000

Epoch 263: val_loss did not improve from 0.27738
11/11 - 2s - loss: 0.2803 - mse: 0.2803 - mae: 0.4300 - val_loss: 0.2780 - val_mse: 0.2780 - val_mae: 0.4272 - 2s/epoch - 182ms/step
Epoch 264/10000

Epoch 264: val_loss did not improve from 0.27738
11/11 - 2s - loss: 0.2791 - mse: 0.2791 - mae: 0.4287 - val_loss: 0.2774 - val_mse: 0.2774 - val_mae: 0.4271 - 2s/epoch - 182ms/step
Epoch 265/10000

Epoch 265: val_loss did not improve from 0.27738
11/11 - 2s - loss: 0.2802 - mse: 0.2802 - mae: 0.4298 - val_loss: 0.2797 - val_mse: 0.2797 - val_mae: 0.4282 - 2s/epoch - 182ms/step
Epoch 266/10000

Epoch 266: val_loss did not improve from 0.27738
11/11 - 2s - loss: 0.2825 - mse: 0.2825 - mae: 0.4319 - val_loss: 0.2832 - val_mse: 0.2832 - val_mae: 0.4306 - 2s/epoch - 183ms/step
Epoch 267/10000

Epoch 267: val_loss did not improve from 0.27738
11/11 - 2s - loss: 0.2799 - mse: 0.2799 - mae: 0.4292 - val_loss: 0.2777 - val_mse: 0.2777 - val_mae: 0.4271 - 2s/epoch - 182ms/step
Epoch 268/10000

Epoch 268: val_loss did not improve from 0.27738
11/11 - 2s - loss: 0.2824 - mse: 0.2824 - mae: 0.4316 - val_loss: 0.2798 - val_mse: 0.2798 - val_mae: 0.4291 - 2s/epoch - 183ms/step
Epoch 269/10000

Epoch 269: val_loss did not improve from 0.27738
11/11 - 2s - loss: 0.2795 - mse: 0.2795 - mae: 0.4294 - val_loss: 0.2782 - val_mse: 0.2782 - val_mae: 0.4273 - 2s/epoch - 184ms/step
Epoch 270/10000

Epoch 270: val_loss did not improve from 0.27738
11/11 - 2s - loss: 0.2796 - mse: 0.2796 - mae: 0.4294 - val_loss: 0.2774 - val_mse: 0.2774 - val_mae: 0.4269 - 2s/epoch - 182ms/step
Epoch 271/10000

Epoch 271: val_loss did not improve from 0.27738
11/11 - 2s - loss: 0.2796 - mse: 0.2796 - mae: 0.4291 - val_loss: 0.2812 - val_mse: 0.2812 - val_mae: 0.4291 - 2s/epoch - 182ms/step
Epoch 272/10000

Epoch 272: val_loss did not improve from 0.27738
11/11 - 2s - loss: 0.2808 - mse: 0.2808 - mae: 0.4303 - val_loss: 0.2780 - val_mse: 0.2780 - val_mae: 0.4272 - 2s/epoch - 182ms/step
Epoch 273/10000

Epoch 273: val_loss did not improve from 0.27738
11/11 - 2s - loss: 0.2787 - mse: 0.2787 - mae: 0.4285 - val_loss: 0.2817 - val_mse: 0.2817 - val_mae: 0.4295 - 2s/epoch - 183ms/step
Epoch 274/10000

Epoch 274: val_loss did not improve from 0.27738
11/11 - 2s - loss: 0.2830 - mse: 0.2830 - mae: 0.4318 - val_loss: 0.2788 - val_mse: 0.2788 - val_mae: 0.4276 - 2s/epoch - 182ms/step
Epoch 275/10000

Epoch 275: val_loss did not improve from 0.27738
11/11 - 2s - loss: 0.2791 - mse: 0.2791 - mae: 0.4289 - val_loss: 0.2848 - val_mse: 0.2848 - val_mae: 0.4331 - 2s/epoch - 182ms/step
Epoch 276/10000

Epoch 276: val_loss did not improve from 0.27738
11/11 - 2s - loss: 0.2807 - mse: 0.2807 - mae: 0.4300 - val_loss: 0.2802 - val_mse: 0.2802 - val_mae: 0.4285 - 2s/epoch - 181ms/step
Epoch 277/10000

Epoch 277: val_loss did not improve from 0.27738
11/11 - 2s - loss: 0.2807 - mse: 0.2807 - mae: 0.4301 - val_loss: 0.2779 - val_mse: 0.2779 - val_mae: 0.4274 - 2s/epoch - 181ms/step
Epoch 278/10000

Epoch 278: val_loss did not improve from 0.27738
11/11 - 2s - loss: 0.2828 - mse: 0.2828 - mae: 0.4316 - val_loss: 0.2892 - val_mse: 0.2892 - val_mae: 0.4365 - 2s/epoch - 183ms/step
Epoch 279/10000

Epoch 279: val_loss did not improve from 0.27738
11/11 - 2s - loss: 0.2850 - mse: 0.2850 - mae: 0.4329 - val_loss: 0.2778 - val_mse: 0.2778 - val_mae: 0.4271 - 2s/epoch - 183ms/step
Epoch 280/10000

Epoch 280: val_loss did not improve from 0.27738
11/11 - 2s - loss: 0.2834 - mse: 0.2834 - mae: 0.4324 - val_loss: 0.2793 - val_mse: 0.2793 - val_mae: 0.4280 - 2s/epoch - 182ms/step
Epoch 281/10000

Epoch 281: val_loss did not improve from 0.27738
11/11 - 2s - loss: 0.2899 - mse: 0.2899 - mae: 0.4364 - val_loss: 0.2917 - val_mse: 0.2917 - val_mae: 0.4363 - 2s/epoch - 183ms/step
Epoch 282/10000

Epoch 282: val_loss did not improve from 0.27738
11/11 - 2s - loss: 0.2825 - mse: 0.2825 - mae: 0.4311 - val_loss: 0.2859 - val_mse: 0.2859 - val_mae: 0.4324 - 2s/epoch - 182ms/step
Epoch 283/10000

Epoch 283: val_loss did not improve from 0.27738
11/11 - 2s - loss: 0.2862 - mse: 0.2862 - mae: 0.4340 - val_loss: 0.2794 - val_mse: 0.2794 - val_mae: 0.4287 - 2s/epoch - 182ms/step
Epoch 284/10000

Epoch 284: val_loss did not improve from 0.27738
11/11 - 2s - loss: 0.2818 - mse: 0.2818 - mae: 0.4312 - val_loss: 0.2779 - val_mse: 0.2779 - val_mae: 0.4271 - 2s/epoch - 182ms/step
Epoch 285/10000

Epoch 285: val_loss did not improve from 0.27738
11/11 - 2s - loss: 0.2827 - mse: 0.2827 - mae: 0.4315 - val_loss: 0.2783 - val_mse: 0.2783 - val_mae: 0.4274 - 2s/epoch - 182ms/step
Epoch 286/10000

Epoch 286: val_loss did not improve from 0.27738
11/11 - 2s - loss: 0.2830 - mse: 0.2830 - mae: 0.4315 - val_loss: 0.2867 - val_mse: 0.2867 - val_mae: 0.4329 - 2s/epoch - 182ms/step
Epoch 287/10000

Epoch 287: val_loss did not improve from 0.27738
11/11 - 2s - loss: 0.2803 - mse: 0.2803 - mae: 0.4301 - val_loss: 0.2868 - val_mse: 0.2868 - val_mae: 0.4330 - 2s/epoch - 182ms/step
Epoch 288/10000

Epoch 288: val_loss did not improve from 0.27738
11/11 - 2s - loss: 0.2825 - mse: 0.2825 - mae: 0.4314 - val_loss: 0.2805 - val_mse: 0.2805 - val_mae: 0.4297 - 2s/epoch - 182ms/step
Epoch 289/10000

Epoch 289: val_loss did not improve from 0.27738
11/11 - 2s - loss: 0.2803 - mse: 0.2803 - mae: 0.4301 - val_loss: 0.2804 - val_mse: 0.2804 - val_mae: 0.4296 - 2s/epoch - 182ms/step
Epoch 290/10000

Epoch 290: val_loss did not improve from 0.27738
11/11 - 2s - loss: 0.2795 - mse: 0.2795 - mae: 0.4290 - val_loss: 0.2774 - val_mse: 0.2774 - val_mae: 0.4271 - 2s/epoch - 182ms/step
Epoch 291/10000

Epoch 291: val_loss did not improve from 0.27738
11/11 - 2s - loss: 0.2809 - mse: 0.2809 - mae: 0.4305 - val_loss: 0.2816 - val_mse: 0.2816 - val_mae: 0.4305 - 2s/epoch - 183ms/step
Epoch 292/10000

Epoch 292: val_loss did not improve from 0.27738
11/11 - 2s - loss: 0.2809 - mse: 0.2809 - mae: 0.4304 - val_loss: 0.2873 - val_mse: 0.2873 - val_mae: 0.4351 - 2s/epoch - 183ms/step
Epoch 293/10000

Epoch 293: val_loss did not improve from 0.27738
11/11 - 2s - loss: 0.2796 - mse: 0.2796 - mae: 0.4295 - val_loss: 0.2798 - val_mse: 0.2798 - val_mae: 0.4283 - 2s/epoch - 182ms/step
Epoch 294/10000

Epoch 294: val_loss did not improve from 0.27738
11/11 - 2s - loss: 0.2820 - mse: 0.2820 - mae: 0.4314 - val_loss: 0.2790 - val_mse: 0.2790 - val_mae: 0.4278 - 2s/epoch - 182ms/step
Epoch 295/10000

Epoch 295: val_loss did not improve from 0.27738
11/11 - 2s - loss: 0.2804 - mse: 0.2804 - mae: 0.4298 - val_loss: 0.2973 - val_mse: 0.2973 - val_mae: 0.4426 - 2s/epoch - 182ms/step
Epoch 296/10000

Epoch 296: val_loss did not improve from 0.27738
11/11 - 2s - loss: 0.2935 - mse: 0.2935 - mae: 0.4396 - val_loss: 0.2806 - val_mse: 0.2806 - val_mae: 0.4298 - 2s/epoch - 182ms/step
Epoch 297/10000

Epoch 297: val_loss did not improve from 0.27738
11/11 - 2s - loss: 0.2884 - mse: 0.2884 - mae: 0.4353 - val_loss: 0.2870 - val_mse: 0.2870 - val_mae: 0.4332 - 2s/epoch - 182ms/step
Epoch 298/10000

Epoch 298: val_loss did not improve from 0.27738
11/11 - 2s - loss: 0.2811 - mse: 0.2811 - mae: 0.4306 - val_loss: 0.2789 - val_mse: 0.2789 - val_mae: 0.4278 - 2s/epoch - 182ms/step
Epoch 299/10000

Epoch 299: val_loss did not improve from 0.27738
11/11 - 2s - loss: 0.2797 - mse: 0.2797 - mae: 0.4292 - val_loss: 0.2847 - val_mse: 0.2847 - val_mae: 0.4331 - 2s/epoch - 182ms/step
Epoch 300/10000

Epoch 300: val_loss did not improve from 0.27738
11/11 - 2s - loss: 0.2825 - mse: 0.2825 - mae: 0.4315 - val_loss: 0.2808 - val_mse: 0.2808 - val_mae: 0.4300 - 2s/epoch - 182ms/step
Epoch 301/10000

Epoch 301: val_loss did not improve from 0.27738
11/11 - 2s - loss: 0.2808 - mse: 0.2808 - mae: 0.4306 - val_loss: 0.2804 - val_mse: 0.2804 - val_mae: 0.4287 - 2s/epoch - 183ms/step
Epoch 302/10000

Epoch 302: val_loss did not improve from 0.27738
11/11 - 2s - loss: 0.2799 - mse: 0.2799 - mae: 0.4297 - val_loss: 0.2781 - val_mse: 0.2781 - val_mae: 0.4273 - 2s/epoch - 182ms/step
Epoch 303/10000

Epoch 303: val_loss did not improve from 0.27738
11/11 - 2s - loss: 0.2792 - mse: 0.2792 - mae: 0.4290 - val_loss: 0.2816 - val_mse: 0.2816 - val_mae: 0.4306 - 2s/epoch - 181ms/step
Epoch 304/10000

Epoch 304: val_loss did not improve from 0.27738
11/11 - 2s - loss: 0.2794 - mse: 0.2794 - mae: 0.4290 - val_loss: 0.2782 - val_mse: 0.2782 - val_mae: 0.4273 - 2s/epoch - 183ms/step
Epoch 305/10000

Epoch 305: val_loss did not improve from 0.27738
11/11 - 2s - loss: 0.2814 - mse: 0.2814 - mae: 0.4307 - val_loss: 0.2883 - val_mse: 0.2883 - val_mae: 0.4358 - 2s/epoch - 182ms/step
Epoch 306/10000

Epoch 306: val_loss did not improve from 0.27738
11/11 - 2s - loss: 0.2804 - mse: 0.2804 - mae: 0.4300 - val_loss: 0.2811 - val_mse: 0.2811 - val_mae: 0.4302 - 2s/epoch - 182ms/step
Epoch 307/10000

Epoch 307: val_loss did not improve from 0.27738
11/11 - 2s - loss: 0.2867 - mse: 0.2867 - mae: 0.4343 - val_loss: 0.2794 - val_mse: 0.2794 - val_mae: 0.4280 - 2s/epoch - 183ms/step
Epoch 308/10000

Epoch 308: val_loss did not improve from 0.27738
11/11 - 2s - loss: 0.2825 - mse: 0.2825 - mae: 0.4311 - val_loss: 0.2893 - val_mse: 0.2893 - val_mae: 0.4347 - 2s/epoch - 182ms/step
Epoch 309/10000

Epoch 309: val_loss did not improve from 0.27738
11/11 - 2s - loss: 0.2903 - mse: 0.2903 - mae: 0.4370 - val_loss: 0.2932 - val_mse: 0.2932 - val_mae: 0.4373 - 2s/epoch - 182ms/step
Epoch 310/10000

Epoch 310: val_loss improved from 0.27738 to 0.27735, saving model to ./results/NN_rms_regr/RNN/recursion_50/ckpt_1
11/11 - 3s - loss: 0.2907 - mse: 0.2907 - mae: 0.4370 - val_loss: 0.2773 - val_mse: 0.2773 - val_mae: 0.4269 - 3s/epoch - 264ms/step
Epoch 311/10000

Epoch 311: val_loss did not improve from 0.27735
11/11 - 2s - loss: 0.2807 - mse: 0.2807 - mae: 0.4298 - val_loss: 0.2785 - val_mse: 0.2785 - val_mae: 0.4280 - 2s/epoch - 182ms/step
Epoch 312/10000

Epoch 312: val_loss did not improve from 0.27735
11/11 - 2s - loss: 0.2860 - mse: 0.2860 - mae: 0.4337 - val_loss: 0.2776 - val_mse: 0.2776 - val_mae: 0.4272 - 2s/epoch - 183ms/step
Epoch 313/10000

Epoch 313: val_loss did not improve from 0.27735
11/11 - 2s - loss: 0.2827 - mse: 0.2827 - mae: 0.4315 - val_loss: 0.2776 - val_mse: 0.2776 - val_mae: 0.4272 - 2s/epoch - 182ms/step
Epoch 314/10000

Epoch 314: val_loss did not improve from 0.27735
11/11 - 2s - loss: 0.2803 - mse: 0.2803 - mae: 0.4302 - val_loss: 0.2847 - val_mse: 0.2847 - val_mae: 0.4316 - 2s/epoch - 182ms/step
Epoch 315/10000

Epoch 315: val_loss did not improve from 0.27735
11/11 - 2s - loss: 0.2829 - mse: 0.2829 - mae: 0.4313 - val_loss: 0.2914 - val_mse: 0.2914 - val_mae: 0.4361 - 2s/epoch - 182ms/step
Epoch 316/10000

Epoch 316: val_loss did not improve from 0.27735
11/11 - 2s - loss: 0.2907 - mse: 0.2907 - mae: 0.4369 - val_loss: 0.2870 - val_mse: 0.2870 - val_mae: 0.4332 - 2s/epoch - 182ms/step
Epoch 317/10000

Epoch 317: val_loss did not improve from 0.27735
11/11 - 2s - loss: 0.2882 - mse: 0.2882 - mae: 0.4351 - val_loss: 0.2777 - val_mse: 0.2777 - val_mae: 0.4271 - 2s/epoch - 182ms/step
Epoch 318/10000

Epoch 318: val_loss did not improve from 0.27735
11/11 - 2s - loss: 0.2826 - mse: 0.2826 - mae: 0.4311 - val_loss: 0.2783 - val_mse: 0.2783 - val_mae: 0.4280 - 2s/epoch - 181ms/step
Epoch 319/10000

Epoch 319: val_loss did not improve from 0.27735
11/11 - 2s - loss: 0.2831 - mse: 0.2831 - mae: 0.4319 - val_loss: 0.2847 - val_mse: 0.2847 - val_mae: 0.4331 - 2s/epoch - 182ms/step
Epoch 320/10000

Epoch 320: val_loss did not improve from 0.27735
11/11 - 2s - loss: 0.2830 - mse: 0.2830 - mae: 0.4312 - val_loss: 0.2782 - val_mse: 0.2782 - val_mae: 0.4274 - 2s/epoch - 182ms/step
Epoch 321/10000

Epoch 321: val_loss did not improve from 0.27735
11/11 - 2s - loss: 0.2837 - mse: 0.2837 - mae: 0.4319 - val_loss: 0.2925 - val_mse: 0.2925 - val_mae: 0.4369 - 2s/epoch - 181ms/step
Epoch 322/10000

Epoch 322: val_loss did not improve from 0.27735
11/11 - 2s - loss: 0.2848 - mse: 0.2848 - mae: 0.4331 - val_loss: 0.2783 - val_mse: 0.2783 - val_mae: 0.4274 - 2s/epoch - 182ms/step
Epoch 323/10000

Epoch 323: val_loss did not improve from 0.27735
11/11 - 2s - loss: 0.2824 - mse: 0.2824 - mae: 0.4316 - val_loss: 0.2825 - val_mse: 0.2825 - val_mae: 0.4301 - 2s/epoch - 182ms/step
Epoch 324/10000

Epoch 324: val_loss did not improve from 0.27735
11/11 - 2s - loss: 0.2850 - mse: 0.2850 - mae: 0.4326 - val_loss: 0.2806 - val_mse: 0.2806 - val_mae: 0.4298 - 2s/epoch - 181ms/step
Epoch 325/10000

Epoch 325: val_loss did not improve from 0.27735
11/11 - 2s - loss: 0.2810 - mse: 0.2810 - mae: 0.4303 - val_loss: 0.2968 - val_mse: 0.2968 - val_mae: 0.4397 - 2s/epoch - 183ms/step
Epoch 326/10000

Epoch 326: val_loss did not improve from 0.27735
11/11 - 2s - loss: 0.2857 - mse: 0.2857 - mae: 0.4339 - val_loss: 0.2897 - val_mse: 0.2897 - val_mae: 0.4350 - 2s/epoch - 182ms/step
Epoch 327/10000

Epoch 327: val_loss did not improve from 0.27735
11/11 - 2s - loss: 0.2801 - mse: 0.2801 - mae: 0.4294 - val_loss: 0.2774 - val_mse: 0.2774 - val_mae: 0.4270 - 2s/epoch - 181ms/step
Epoch 328/10000

Epoch 328: val_loss did not improve from 0.27735
11/11 - 2s - loss: 0.2825 - mse: 0.2825 - mae: 0.4315 - val_loss: 0.2986 - val_mse: 0.2986 - val_mae: 0.4435 - 2s/epoch - 182ms/step
Epoch 329/10000

Epoch 329: val_loss did not improve from 0.27735
11/11 - 2s - loss: 0.2891 - mse: 0.2891 - mae: 0.4363 - val_loss: 0.2775 - val_mse: 0.2775 - val_mae: 0.4270 - 2s/epoch - 183ms/step
Epoch 330/10000

Epoch 330: val_loss did not improve from 0.27735
11/11 - 2s - loss: 0.2830 - mse: 0.2830 - mae: 0.4317 - val_loss: 0.2865 - val_mse: 0.2865 - val_mae: 0.4328 - 2s/epoch - 182ms/step
Epoch 331/10000

Epoch 331: val_loss did not improve from 0.27735
11/11 - 2s - loss: 0.2841 - mse: 0.2841 - mae: 0.4326 - val_loss: 0.2858 - val_mse: 0.2858 - val_mae: 0.4339 - 2s/epoch - 182ms/step
Epoch 332/10000

Epoch 332: val_loss did not improve from 0.27735
11/11 - 2s - loss: 0.2858 - mse: 0.2858 - mae: 0.4335 - val_loss: 0.2857 - val_mse: 0.2857 - val_mae: 0.4339 - 2s/epoch - 183ms/step
Epoch 333/10000

Epoch 333: val_loss did not improve from 0.27735
11/11 - 2s - loss: 0.2826 - mse: 0.2826 - mae: 0.4315 - val_loss: 0.2897 - val_mse: 0.2897 - val_mae: 0.4369 - 2s/epoch - 182ms/step
Epoch 334/10000

Epoch 334: val_loss did not improve from 0.27735
11/11 - 2s - loss: 0.2873 - mse: 0.2873 - mae: 0.4352 - val_loss: 0.2792 - val_mse: 0.2792 - val_mae: 0.4287 - 2s/epoch - 183ms/step
Epoch 335/10000

Epoch 335: val_loss did not improve from 0.27735
11/11 - 2s - loss: 0.2912 - mse: 0.2912 - mae: 0.4370 - val_loss: 0.2837 - val_mse: 0.2837 - val_mae: 0.4310 - 2s/epoch - 182ms/step
Epoch 336/10000

Epoch 336: val_loss did not improve from 0.27735
11/11 - 2s - loss: 0.2873 - mse: 0.2873 - mae: 0.4340 - val_loss: 0.2797 - val_mse: 0.2797 - val_mae: 0.4291 - 2s/epoch - 182ms/step
Epoch 337/10000

Epoch 337: val_loss did not improve from 0.27735
11/11 - 2s - loss: 0.2855 - mse: 0.2855 - mae: 0.4333 - val_loss: 0.2782 - val_mse: 0.2782 - val_mae: 0.4274 - 2s/epoch - 182ms/step
Epoch 338/10000

Epoch 338: val_loss did not improve from 0.27735
11/11 - 2s - loss: 0.2799 - mse: 0.2799 - mae: 0.4298 - val_loss: 0.2865 - val_mse: 0.2865 - val_mae: 0.4328 - 2s/epoch - 182ms/step
Epoch 339/10000

Epoch 339: val_loss did not improve from 0.27735
11/11 - 2s - loss: 0.2847 - mse: 0.2847 - mae: 0.4334 - val_loss: 0.2775 - val_mse: 0.2775 - val_mae: 0.4270 - 2s/epoch - 183ms/step
Epoch 340/10000

Epoch 340: val_loss did not improve from 0.27735
11/11 - 2s - loss: 0.2793 - mse: 0.2793 - mae: 0.4294 - val_loss: 0.2774 - val_mse: 0.2774 - val_mae: 0.4270 - 2s/epoch - 182ms/step
Epoch 341/10000

Epoch 341: val_loss did not improve from 0.27735
11/11 - 2s - loss: 0.2808 - mse: 0.2808 - mae: 0.4302 - val_loss: 0.2822 - val_mse: 0.2822 - val_mae: 0.4311 - 2s/epoch - 182ms/step
Epoch 342/10000

Epoch 342: val_loss did not improve from 0.27735
11/11 - 2s - loss: 0.2795 - mse: 0.2795 - mae: 0.4290 - val_loss: 0.2830 - val_mse: 0.2830 - val_mae: 0.4305 - 2s/epoch - 182ms/step
Epoch 343/10000

Epoch 343: val_loss did not improve from 0.27735
11/11 - 2s - loss: 0.2789 - mse: 0.2789 - mae: 0.4287 - val_loss: 0.2781 - val_mse: 0.2781 - val_mae: 0.4273 - 2s/epoch - 182ms/step
Epoch 344/10000

Epoch 344: val_loss did not improve from 0.27735
11/11 - 2s - loss: 0.2802 - mse: 0.2802 - mae: 0.4294 - val_loss: 0.2775 - val_mse: 0.2775 - val_mae: 0.4271 - 2s/epoch - 183ms/step
Epoch 345/10000

Epoch 345: val_loss did not improve from 0.27735
11/11 - 2s - loss: 0.2796 - mse: 0.2796 - mae: 0.4295 - val_loss: 0.2924 - val_mse: 0.2924 - val_mae: 0.4369 - 2s/epoch - 181ms/step
Epoch 346/10000

Epoch 346: val_loss did not improve from 0.27735
11/11 - 2s - loss: 0.2907 - mse: 0.2907 - mae: 0.4370 - val_loss: 0.2834 - val_mse: 0.2834 - val_mae: 0.4320 - 2s/epoch - 185ms/step
Epoch 347/10000

Epoch 347: val_loss did not improve from 0.27735
11/11 - 2s - loss: 0.2880 - mse: 0.2880 - mae: 0.4351 - val_loss: 0.2774 - val_mse: 0.2774 - val_mae: 0.4270 - 2s/epoch - 183ms/step
Epoch 348/10000

Epoch 348: val_loss did not improve from 0.27735
11/11 - 2s - loss: 0.2872 - mse: 0.2872 - mae: 0.4346 - val_loss: 0.2939 - val_mse: 0.2939 - val_mae: 0.4378 - 2s/epoch - 182ms/step
Epoch 349/10000

Epoch 349: val_loss did not improve from 0.27735
11/11 - 2s - loss: 0.2883 - mse: 0.2883 - mae: 0.4353 - val_loss: 0.2807 - val_mse: 0.2807 - val_mae: 0.4299 - 2s/epoch - 182ms/step
Epoch 350/10000

Epoch 350: val_loss did not improve from 0.27735
11/11 - 2s - loss: 0.2847 - mse: 0.2847 - mae: 0.4325 - val_loss: 0.2858 - val_mse: 0.2858 - val_mae: 0.4340 - 2s/epoch - 182ms/step
Epoch 351/10000

Epoch 351: val_loss did not improve from 0.27735
11/11 - 2s - loss: 0.2850 - mse: 0.2850 - mae: 0.4335 - val_loss: 0.2871 - val_mse: 0.2871 - val_mae: 0.4333 - 2s/epoch - 182ms/step
Epoch 352/10000

Epoch 352: val_loss did not improve from 0.27735
11/11 - 2s - loss: 0.2840 - mse: 0.2840 - mae: 0.4321 - val_loss: 0.2775 - val_mse: 0.2775 - val_mae: 0.4272 - 2s/epoch - 183ms/step
Epoch 353/10000

Epoch 353: val_loss did not improve from 0.27735
11/11 - 2s - loss: 0.2850 - mse: 0.2850 - mae: 0.4341 - val_loss: 0.2842 - val_mse: 0.2842 - val_mae: 0.4327 - 2s/epoch - 182ms/step
Epoch 354/10000

Epoch 354: val_loss did not improve from 0.27735
11/11 - 2s - loss: 0.2828 - mse: 0.2828 - mae: 0.4312 - val_loss: 0.2776 - val_mse: 0.2776 - val_mae: 0.4271 - 2s/epoch - 184ms/step
Epoch 355/10000

Epoch 355: val_loss did not improve from 0.27735
11/11 - 2s - loss: 0.2791 - mse: 0.2791 - mae: 0.4290 - val_loss: 0.2785 - val_mse: 0.2785 - val_mae: 0.4276 - 2s/epoch - 182ms/step
Epoch 356/10000

Epoch 356: val_loss did not improve from 0.27735
11/11 - 2s - loss: 0.2785 - mse: 0.2785 - mae: 0.4284 - val_loss: 0.2778 - val_mse: 0.2778 - val_mae: 0.4275 - 2s/epoch - 182ms/step
Epoch 357/10000

Epoch 357: val_loss did not improve from 0.27735
11/11 - 2s - loss: 0.2791 - mse: 0.2791 - mae: 0.4289 - val_loss: 0.2776 - val_mse: 0.2776 - val_mae: 0.4270 - 2s/epoch - 183ms/step
Epoch 358/10000

Epoch 358: val_loss did not improve from 0.27735
11/11 - 2s - loss: 0.2803 - mse: 0.2803 - mae: 0.4300 - val_loss: 0.2814 - val_mse: 0.2814 - val_mae: 0.4294 - 2s/epoch - 183ms/step
Epoch 359/10000

Epoch 359: val_loss did not improve from 0.27735
11/11 - 2s - loss: 0.2843 - mse: 0.2843 - mae: 0.4328 - val_loss: 0.2806 - val_mse: 0.2806 - val_mae: 0.4298 - 2s/epoch - 182ms/step
Epoch 360/10000

Epoch 360: val_loss did not improve from 0.27735
11/11 - 2s - loss: 0.2876 - mse: 0.2876 - mae: 0.4349 - val_loss: 0.2790 - val_mse: 0.2790 - val_mae: 0.4285 - 2s/epoch - 183ms/step
Epoch 361/10000

Epoch 361: val_loss did not improve from 0.27735
11/11 - 2s - loss: 0.2828 - mse: 0.2828 - mae: 0.4319 - val_loss: 0.2805 - val_mse: 0.2805 - val_mae: 0.4288 - 2s/epoch - 183ms/step
Epoch 362/10000

Epoch 362: val_loss did not improve from 0.27735
11/11 - 2s - loss: 0.2995 - mse: 0.2995 - mae: 0.4418 - val_loss: 0.3316 - val_mse: 0.3316 - val_mae: 0.4673 - 2s/epoch - 182ms/step
Epoch 363/10000

Epoch 363: val_loss did not improve from 0.27735
11/11 - 2s - loss: 0.2953 - mse: 0.2953 - mae: 0.4409 - val_loss: 0.3057 - val_mse: 0.3057 - val_mae: 0.4458 - 2s/epoch - 181ms/step
Epoch 364/10000

Epoch 364: val_loss did not improve from 0.27735
11/11 - 2s - loss: 0.2994 - mse: 0.2994 - mae: 0.4445 - val_loss: 0.2775 - val_mse: 0.2775 - val_mae: 0.4271 - 2s/epoch - 183ms/step
Epoch 365/10000

Epoch 365: val_loss did not improve from 0.27735
11/11 - 2s - loss: 0.3019 - mse: 0.3019 - mae: 0.4455 - val_loss: 0.3105 - val_mse: 0.3105 - val_mae: 0.4524 - 2s/epoch - 183ms/step
Epoch 366/10000

Epoch 366: val_loss did not improve from 0.27735
11/11 - 2s - loss: 0.2968 - mse: 0.2968 - mae: 0.4424 - val_loss: 0.2915 - val_mse: 0.2915 - val_mae: 0.4364 - 2s/epoch - 183ms/step
Epoch 367/10000

Epoch 367: val_loss did not improve from 0.27735
11/11 - 2s - loss: 0.2812 - mse: 0.2812 - mae: 0.4304 - val_loss: 0.2798 - val_mse: 0.2798 - val_mae: 0.4293 - 2s/epoch - 182ms/step
Epoch 368/10000

Epoch 368: val_loss did not improve from 0.27735
11/11 - 2s - loss: 0.2807 - mse: 0.2807 - mae: 0.4306 - val_loss: 0.2823 - val_mse: 0.2823 - val_mae: 0.4301 - 2s/epoch - 182ms/step
Epoch 369/10000

Epoch 369: val_loss did not improve from 0.27735
11/11 - 2s - loss: 0.2807 - mse: 0.2807 - mae: 0.4302 - val_loss: 0.2791 - val_mse: 0.2791 - val_mae: 0.4288 - 2s/epoch - 182ms/step
Epoch 370/10000

Epoch 370: val_loss did not improve from 0.27735
11/11 - 2s - loss: 0.2793 - mse: 0.2793 - mae: 0.4290 - val_loss: 0.2779 - val_mse: 0.2779 - val_mae: 0.4276 - 2s/epoch - 183ms/step
Epoch 371/10000

Epoch 371: val_loss did not improve from 0.27735
11/11 - 2s - loss: 0.2803 - mse: 0.2803 - mae: 0.4296 - val_loss: 0.2775 - val_mse: 0.2775 - val_mae: 0.4271 - 2s/epoch - 182ms/step
Epoch 372/10000

Epoch 372: val_loss did not improve from 0.27735
11/11 - 2s - loss: 0.2814 - mse: 0.2814 - mae: 0.4309 - val_loss: 0.2774 - val_mse: 0.2774 - val_mae: 0.4271 - 2s/epoch - 182ms/step
Epoch 373/10000

Epoch 373: val_loss did not improve from 0.27735
11/11 - 2s - loss: 0.2796 - mse: 0.2796 - mae: 0.4295 - val_loss: 0.2775 - val_mse: 0.2775 - val_mae: 0.4272 - 2s/epoch - 183ms/step
Epoch 374/10000

Epoch 374: val_loss did not improve from 0.27735
11/11 - 2s - loss: 0.2810 - mse: 0.2810 - mae: 0.4302 - val_loss: 0.2807 - val_mse: 0.2807 - val_mae: 0.4289 - 2s/epoch - 183ms/step
Epoch 375/10000

Epoch 375: val_loss did not improve from 0.27735
11/11 - 2s - loss: 0.2788 - mse: 0.2788 - mae: 0.4287 - val_loss: 0.2774 - val_mse: 0.2774 - val_mae: 0.4270 - 2s/epoch - 182ms/step
Epoch 376/10000

Epoch 376: val_loss did not improve from 0.27735
11/11 - 2s - loss: 0.2787 - mse: 0.2787 - mae: 0.4288 - val_loss: 0.2776 - val_mse: 0.2776 - val_mae: 0.4273 - 2s/epoch - 183ms/step
Epoch 377/10000

Epoch 377: val_loss did not improve from 0.27735
11/11 - 2s - loss: 0.2840 - mse: 0.2840 - mae: 0.4328 - val_loss: 0.2896 - val_mse: 0.2896 - val_mae: 0.4350 - 2s/epoch - 182ms/step
Epoch 378/10000

Epoch 378: val_loss did not improve from 0.27735
11/11 - 2s - loss: 0.2833 - mse: 0.2833 - mae: 0.4317 - val_loss: 0.2811 - val_mse: 0.2811 - val_mae: 0.4302 - 2s/epoch - 182ms/step
Epoch 379/10000

Epoch 379: val_loss did not improve from 0.27735
11/11 - 2s - loss: 0.2800 - mse: 0.2800 - mae: 0.4303 - val_loss: 0.2796 - val_mse: 0.2796 - val_mae: 0.4282 - 2s/epoch - 183ms/step
Epoch 380/10000

Epoch 380: val_loss did not improve from 0.27735
11/11 - 2s - loss: 0.2814 - mse: 0.2814 - mae: 0.4307 - val_loss: 0.2782 - val_mse: 0.2782 - val_mae: 0.4279 - 2s/epoch - 183ms/step
Epoch 381/10000

Epoch 381: val_loss did not improve from 0.27735
11/11 - 2s - loss: 0.2798 - mse: 0.2798 - mae: 0.4295 - val_loss: 0.2777 - val_mse: 0.2777 - val_mae: 0.4274 - 2s/epoch - 183ms/step
Epoch 382/10000

Epoch 382: val_loss did not improve from 0.27735
11/11 - 2s - loss: 0.2830 - mse: 0.2830 - mae: 0.4323 - val_loss: 0.3003 - val_mse: 0.3003 - val_mae: 0.4421 - 2s/epoch - 182ms/step
Epoch 383/10000

Epoch 383: val_loss did not improve from 0.27735
11/11 - 2s - loss: 0.2866 - mse: 0.2866 - mae: 0.4343 - val_loss: 0.2882 - val_mse: 0.2882 - val_mae: 0.4357 - 2s/epoch - 182ms/step
Epoch 384/10000

Epoch 384: val_loss did not improve from 0.27735
11/11 - 2s - loss: 0.2827 - mse: 0.2827 - mae: 0.4322 - val_loss: 0.2872 - val_mse: 0.2872 - val_mae: 0.4333 - 2s/epoch - 183ms/step
Epoch 385/10000

Epoch 385: val_loss did not improve from 0.27735
11/11 - 2s - loss: 0.2817 - mse: 0.2817 - mae: 0.4306 - val_loss: 0.2834 - val_mse: 0.2834 - val_mae: 0.4320 - 2s/epoch - 183ms/step
Epoch 386/10000

Epoch 386: val_loss did not improve from 0.27735
11/11 - 2s - loss: 0.2803 - mse: 0.2803 - mae: 0.4302 - val_loss: 0.2778 - val_mse: 0.2778 - val_mae: 0.4271 - 2s/epoch - 183ms/step
Epoch 387/10000

Epoch 387: val_loss did not improve from 0.27735
11/11 - 2s - loss: 0.2787 - mse: 0.2787 - mae: 0.4287 - val_loss: 0.2782 - val_mse: 0.2782 - val_mae: 0.4278 - 2s/epoch - 182ms/step
Epoch 388/10000

Epoch 388: val_loss did not improve from 0.27735
11/11 - 2s - loss: 0.2788 - mse: 0.2788 - mae: 0.4291 - val_loss: 0.2777 - val_mse: 0.2777 - val_mae: 0.4274 - 2s/epoch - 182ms/step
Epoch 389/10000

Epoch 389: val_loss did not improve from 0.27735
11/11 - 2s - loss: 0.2807 - mse: 0.2807 - mae: 0.4300 - val_loss: 0.2778 - val_mse: 0.2778 - val_mae: 0.4274 - 2s/epoch - 182ms/step
Epoch 390/10000

Epoch 390: val_loss did not improve from 0.27735
11/11 - 2s - loss: 0.2923 - mse: 0.2923 - mae: 0.4375 - val_loss: 0.2794 - val_mse: 0.2794 - val_mae: 0.4280 - 2s/epoch - 182ms/step
Epoch 391/10000

Epoch 391: val_loss did not improve from 0.27735
11/11 - 2s - loss: 0.2827 - mse: 0.2827 - mae: 0.4316 - val_loss: 0.2834 - val_mse: 0.2834 - val_mae: 0.4320 - 2s/epoch - 183ms/step
Epoch 392/10000

Epoch 392: val_loss did not improve from 0.27735
11/11 - 2s - loss: 0.2853 - mse: 0.2853 - mae: 0.4333 - val_loss: 0.2950 - val_mse: 0.2950 - val_mae: 0.4409 - 2s/epoch - 183ms/step
Epoch 393/10000

Epoch 393: val_loss did not improve from 0.27735
11/11 - 2s - loss: 0.2845 - mse: 0.2845 - mae: 0.4330 - val_loss: 0.2791 - val_mse: 0.2791 - val_mae: 0.4279 - 2s/epoch - 183ms/step
Epoch 394/10000

Epoch 394: val_loss did not improve from 0.27735
11/11 - 2s - loss: 0.2794 - mse: 0.2794 - mae: 0.4295 - val_loss: 0.2800 - val_mse: 0.2800 - val_mae: 0.4284 - 2s/epoch - 182ms/step
Epoch 395/10000

Epoch 395: val_loss did not improve from 0.27735
11/11 - 2s - loss: 0.2792 - mse: 0.2792 - mae: 0.4294 - val_loss: 0.2788 - val_mse: 0.2788 - val_mae: 0.4277 - 2s/epoch - 182ms/step
Epoch 396/10000

Epoch 396: val_loss did not improve from 0.27735
11/11 - 2s - loss: 0.2795 - mse: 0.2795 - mae: 0.4297 - val_loss: 0.2833 - val_mse: 0.2833 - val_mae: 0.4320 - 2s/epoch - 183ms/step
Epoch 397/10000

Epoch 397: val_loss did not improve from 0.27735
11/11 - 2s - loss: 0.2870 - mse: 0.2870 - mae: 0.4348 - val_loss: 0.2962 - val_mse: 0.2962 - val_mae: 0.4394 - 2s/epoch - 183ms/step
Epoch 398/10000

Epoch 398: val_loss did not improve from 0.27735
11/11 - 2s - loss: 0.3066 - mse: 0.3066 - mae: 0.4470 - val_loss: 0.2813 - val_mse: 0.2813 - val_mae: 0.4294 - 2s/epoch - 182ms/step
Epoch 399/10000

Epoch 399: val_loss did not improve from 0.27735
11/11 - 2s - loss: 0.2967 - mse: 0.2967 - mae: 0.4423 - val_loss: 0.2997 - val_mse: 0.2997 - val_mae: 0.4444 - 2s/epoch - 181ms/step
Epoch 400/10000

Epoch 400: val_loss did not improve from 0.27735
11/11 - 2s - loss: 0.2944 - mse: 0.2944 - mae: 0.4404 - val_loss: 0.2907 - val_mse: 0.2907 - val_mae: 0.4358 - 2s/epoch - 180ms/step
Epoch 401/10000

Epoch 401: val_loss did not improve from 0.27735
11/11 - 2s - loss: 0.2895 - mse: 0.2895 - mae: 0.4366 - val_loss: 0.2774 - val_mse: 0.2774 - val_mae: 0.4271 - 2s/epoch - 180ms/step
Epoch 402/10000

Epoch 402: val_loss did not improve from 0.27735
11/11 - 2s - loss: 0.2819 - mse: 0.2819 - mae: 0.4317 - val_loss: 0.2802 - val_mse: 0.2802 - val_mae: 0.4296 - 2s/epoch - 182ms/step
Epoch 403/10000

Epoch 403: val_loss did not improve from 0.27735
11/11 - 2s - loss: 0.2847 - mse: 0.2847 - mae: 0.4334 - val_loss: 0.2781 - val_mse: 0.2781 - val_mae: 0.4274 - 2s/epoch - 182ms/step
Epoch 404/10000

Epoch 404: val_loss did not improve from 0.27735
11/11 - 2s - loss: 0.2797 - mse: 0.2797 - mae: 0.4293 - val_loss: 0.2775 - val_mse: 0.2775 - val_mae: 0.4273 - 2s/epoch - 180ms/step
Epoch 405/10000

Epoch 405: val_loss did not improve from 0.27735
11/11 - 2s - loss: 0.2791 - mse: 0.2791 - mae: 0.4289 - val_loss: 0.2795 - val_mse: 0.2795 - val_mae: 0.4282 - 2s/epoch - 180ms/step
Epoch 406/10000

Epoch 406: val_loss did not improve from 0.27735
11/11 - 2s - loss: 0.2796 - mse: 0.2796 - mae: 0.4298 - val_loss: 0.2774 - val_mse: 0.2774 - val_mae: 0.4271 - 2s/epoch - 183ms/step
Epoch 407/10000

Epoch 407: val_loss did not improve from 0.27735
11/11 - 2s - loss: 0.2788 - mse: 0.2788 - mae: 0.4289 - val_loss: 0.2774 - val_mse: 0.2774 - val_mae: 0.4270 - 2s/epoch - 182ms/step
Epoch 408/10000

Epoch 408: val_loss did not improve from 0.27735
11/11 - 2s - loss: 0.2821 - mse: 0.2821 - mae: 0.4310 - val_loss: 0.2778 - val_mse: 0.2778 - val_mae: 0.4275 - 2s/epoch - 182ms/step
Epoch 409/10000

Epoch 409: val_loss did not improve from 0.27735
11/11 - 2s - loss: 0.2876 - mse: 0.2876 - mae: 0.4348 - val_loss: 0.2890 - val_mse: 0.2890 - val_mae: 0.4346 - 2s/epoch - 182ms/step
Epoch 410/10000

Epoch 410: val_loss did not improve from 0.27735
11/11 - 2s - loss: 0.2848 - mse: 0.2848 - mae: 0.4330 - val_loss: 0.2966 - val_mse: 0.2966 - val_mae: 0.4420 - 2s/epoch - 183ms/step
Epoch 410: early stopping
