[ 13.14519438  30.04553007  46.53366244  63.02179482  79.5099272
  95.99805957 112.48619195 128.97432432 145.4624567  161.95058908
 178.43872145 194.92685383 211.41498621 227.90311858 244.39125096
 260.87938334 277.36751571 293.85564809 310.34378047 326.83191284
 343.32004522 359.80817759 376.29630997 392.78444235 409.27257472
 425.7607071 ]
Before undersampling: [(0, 375), (1, 834), (2, 3661), (3, 4955), (4, 3156), (5, 2425), (6, 2195), (7, 1862), (8, 1648), (9, 1497), (10, 1418), (11, 1313), (12, 1182), (13, 1082), (14, 902), (15, 843), (16, 708), (17, 675), (18, 486), (19, 429), (20, 347), (21, 282), (22, 251), (23, 195), (24, 209)]
After undersampling: [(0, 147), (1, 546), (2, 2989), (3, 3417), (4, 2372), (5, 1642), (6, 1531), (7, 1259), (8, 1193), (9, 975), (10, 1031), (11, 884), (12, 843), (13, 777), (14, 605), (15, 625), (16, 453), (17, 451), (18, 331), (19, 288), (20, 224), (21, 181), (22, 164), (23, 195), (24, 167)]
            label  HH_0_0_x  HV_0_0_x  IA_0_0_x       FYI      DFYI       MYI     rms_0     thk_1     rms_1     thk_2     rms_2     thk_3     rms_3  ...    3         4    5         6         7         8         9        10   11        12   13        14        15                                                CNN
0       19.788947  0.172549  0.070588  0.103711  0.517348  0.406086  0.076566  4.668857  1.184153  4.608622  1.143960  4.577797  1.176814  4.592777  ...  0.0  1.073750  0.0  0.661685  0.572982  0.855979  0.269738  0.999215  0.0  0.785277  0.0  0.770494  0.515969  [[[[0.2039215686274509], [0.1036712870878331],...
1       25.688328  0.294118  0.039216  0.079035  0.879091  0.115399  0.005509  4.454038  1.105739  4.475229  1.101323  4.415478  1.115928  4.395709  ...  0.0  1.157087  0.0  0.739742  0.651308  0.959853  0.339508  1.095780  0.0  0.839156  0.0  0.845307  0.566664  [[[[0.1607843137254902], [0.0789925294763901],...
2       15.821038  0.098039  0.074510  0.141190  0.994301  0.001843  0.003856  4.170600  1.085061  3.999730  1.074666  4.068058  1.087618  4.017404  ...  0.0  1.025897  0.0  0.561721  0.680289  0.757523  0.194467  0.929989  0.0  0.743826  0.0  0.660301  0.584921  [[[[0.1294117647058823], [0.1411560656977634],...
3       24.461588  0.266667  0.050980  0.108906  0.495428  0.407108  0.097464  4.672650  1.175719  4.652512  1.149689  4.641431  1.166487  4.639482  ...  0.0  1.038072  0.0  0.629920  0.600762  0.836131  0.273031  0.968003  0.0  0.758591  0.0  0.730501  0.532312  [[[[0.192156862745098], [0.1088678621778301], ...
4       24.378526  0.192157  0.145098  0.086501  0.034432  0.027064  0.938504  5.046784  1.228460  4.828429  1.230587  4.964224  1.223842  4.913106  ...  0.0  1.092648  0.0  0.702036  0.532388  0.845423  0.298314  0.982230  0.0  0.770440  0.0  0.785854  0.436918  [[[[0.1137254901960784], [0.0865429223752489],...
...           ...       ...       ...       ...       ...       ...       ...       ...       ...       ...       ...       ...       ...       ...  ...  ...       ...  ...       ...       ...       ...       ...       ...  ...       ...  ...       ...       ...                                                ...
23285  410.150134  0.278431  0.105882  0.080638  0.271956  0.003331  0.724713  4.974597  1.193015  4.883787  1.184847  4.923381  1.187656  4.904520  ...  0.0  1.156851  0.0  0.728820  0.670855  0.950185  0.326065  1.093004  0.0  0.834129  0.0  0.829957  0.573284  [[[[0.3019607843137254], [0.0806800917083141],...
23286  424.042418  0.282353  0.066667  0.149433  0.555378  0.061723  0.382898  4.731061  1.220450  4.833013  1.211024  4.808225  1.225502  4.756752  ...  0.0  0.945098  0.0  0.528045  0.526673  0.715281  0.199913  0.853262  0.0  0.678457  0.0  0.622234  0.460721  [[[[0.2], [0.1494652841605392], [0.06666666666...
23287  421.196328  0.631373  0.466667  0.154089  0.004261  0.000064  0.995674  1.187829  0.197352  0.941815  0.203265  0.245285  0.157730  0.213412  ...  0.0  0.644292  0.0  0.466233  0.184014  0.544459  0.317551  0.496343  0.0  0.488684  0.0  0.521621  0.200857  [[[[0.596078431372549], [0.1541208603802849], ...
23288  416.289186  0.517647  0.160784  0.153404  0.011037  0.000341  0.988622  1.187829  0.197352  0.941815  0.203265  0.245285  0.157730  0.213412  ...  0.0  0.792541  0.0  0.518223  0.461039  0.679398  0.335284  0.699151  0.0  0.512142  0.0  0.532694  0.315921  [[[[0.4078431372549019], [0.1534358903473499],...
23289  423.194662  0.341176  0.274510  0.153307  0.003870  0.000024  0.996105  1.187829  0.197352  0.941815  0.203265  0.245285  0.157730  0.213412  ...  0.0  0.712026  0.0  0.452670  0.356484  0.560431  0.500874  0.445316  0.0  0.508642  0.0  0.462847  0.257479  [[[[0.5686274509803921], [0.1533395804610907],...

[23290 rows x 128 columns]
Size of dataset: (23290, 127)
*************************** Fold #: 1 ***************************
Model: "model"
__________________________________________________________________________________________________
 Layer (type)                   Output Shape         Param #     Connected to                     
==================================================================================================
 conv (InputLayer)              [(None, 7, 7, 3, 1)  0           []                               
                                ]                                                                 
                                                                                                  
 zero_padding3d (ZeroPadding3D)  (None, 8, 8, 4, 1)  0           ['conv[0][0]']                   
                                                                                                  
 conv3d (Conv3D)                (None, 8, 8, 4, 8)   224         ['zero_padding3d[0][0]']         
                                                                                                  
 max_pooling3d (MaxPooling3D)   (None, 4, 4, 2, 8)   0           ['conv3d[0][0]']                 
                                                                                                  
 conv3d_1 (Conv3D)              (None, 4, 4, 2, 4)   868         ['max_pooling3d[0][0]']          
                                                                                                  
 max_pooling3d_1 (MaxPooling3D)  (None, 2, 2, 1, 4)  0           ['conv3d_1[0][0]']               
                                                                                                  
 cat (InputLayer)               [(None, 126)]        0           []                               
                                                                                                  
 flatten (Flatten)              (None, 16)           0           ['max_pooling3d_1[0][0]']        
                                                                                                  
 concatenate (Concatenate)      (None, 142)          0           ['cat[0][0]',                    
                                                                  'flatten[0][0]']                
                                                                                                  
 dense (Dense)                  (None, 200)          28600       ['concatenate[0][0]']            
                                                                                                  
 dense_1 (Dense)                (None, 200)          40200       ['dense[0][0]']                  
                                                                                                  
 dense_2 (Dense)                (None, 200)          40200       ['dense_1[0][0]']                
                                                                                                  
 dense_3 (Dense)                (None, 200)          40200       ['dense_2[0][0]']                
                                                                                                  
 dense_4 (Dense)                (None, 200)          40200       ['dense_3[0][0]']                
                                                                                                  
 dense_5 (Dense)                (None, 1)            201         ['dense_4[0][0]']                
                                                                                                  
==================================================================================================
Total params: 190,693
Trainable params: 190,693
Non-trainable params: 0
__________________________________________________________________________________________________
Epoch 1/10000

Epoch 1: val_loss improved from inf to 1.86611, saving model to ./results/NN_rms_regr/ResNet/recursion_32/ckpt_1
12/12 - 3s - loss: 8.5209 - mse: 8.5209 - mae: 2.4499 - val_loss: 1.8661 - val_mse: 1.8661 - val_mae: 1.1487 - 3s/epoch - 284ms/step
Epoch 2/10000

Epoch 2: val_loss improved from 1.86611 to 0.88756, saving model to ./results/NN_rms_regr/ResNet/recursion_32/ckpt_1
12/12 - 3s - loss: 1.3653 - mse: 1.3653 - mae: 0.8857 - val_loss: 0.8876 - val_mse: 0.8876 - val_mae: 0.6315 - 3s/epoch - 237ms/step
Epoch 3/10000

Epoch 3: val_loss improved from 0.88756 to 0.69149, saving model to ./results/NN_rms_regr/ResNet/recursion_32/ckpt_1
12/12 - 3s - loss: 0.7861 - mse: 0.7861 - mae: 0.5910 - val_loss: 0.6915 - val_mse: 0.6915 - val_mae: 0.5537 - 3s/epoch - 238ms/step
Epoch 4/10000

Epoch 4: val_loss improved from 0.69149 to 0.37139, saving model to ./results/NN_rms_regr/ResNet/recursion_32/ckpt_1
12/12 - 3s - loss: 0.5515 - mse: 0.5515 - mae: 0.5161 - val_loss: 0.3714 - val_mse: 0.3714 - val_mae: 0.4778 - 3s/epoch - 238ms/step
Epoch 5/10000

Epoch 5: val_loss improved from 0.37139 to 0.30602, saving model to ./results/NN_rms_regr/ResNet/recursion_32/ckpt_1
12/12 - 3s - loss: 0.3184 - mse: 0.3184 - mae: 0.4549 - val_loss: 0.3060 - val_mse: 0.3060 - val_mae: 0.4463 - 3s/epoch - 239ms/step
Epoch 6/10000

Epoch 6: val_loss improved from 0.30602 to 0.29268, saving model to ./results/NN_rms_regr/ResNet/recursion_32/ckpt_1
12/12 - 3s - loss: 0.2906 - mse: 0.2906 - mae: 0.4399 - val_loss: 0.2927 - val_mse: 0.2927 - val_mae: 0.4403 - 3s/epoch - 238ms/step
Epoch 7/10000

Epoch 7: val_loss improved from 0.29268 to 0.28620, saving model to ./results/NN_rms_regr/ResNet/recursion_32/ckpt_1
12/12 - 3s - loss: 0.2844 - mse: 0.2844 - mae: 0.4360 - val_loss: 0.2862 - val_mse: 0.2862 - val_mae: 0.4356 - 3s/epoch - 250ms/step
Epoch 8/10000

Epoch 8: val_loss improved from 0.28620 to 0.28359, saving model to ./results/NN_rms_regr/ResNet/recursion_32/ckpt_1
12/12 - 3s - loss: 0.2838 - mse: 0.2838 - mae: 0.4357 - val_loss: 0.2836 - val_mse: 0.2836 - val_mae: 0.4335 - 3s/epoch - 252ms/step
Epoch 9/10000

Epoch 9: val_loss improved from 0.28359 to 0.28227, saving model to ./results/NN_rms_regr/ResNet/recursion_32/ckpt_1
12/12 - 3s - loss: 0.2811 - mse: 0.2811 - mae: 0.4336 - val_loss: 0.2823 - val_mse: 0.2823 - val_mae: 0.4310 - 3s/epoch - 244ms/step
Epoch 10/10000

Epoch 10: val_loss improved from 0.28227 to 0.28176, saving model to ./results/NN_rms_regr/ResNet/recursion_32/ckpt_1
12/12 - 3s - loss: 0.2804 - mse: 0.2804 - mae: 0.4330 - val_loss: 0.2818 - val_mse: 0.2818 - val_mae: 0.4309 - 3s/epoch - 251ms/step
Epoch 11/10000

Epoch 11: val_loss improved from 0.28176 to 0.28166, saving model to ./results/NN_rms_regr/ResNet/recursion_32/ckpt_1
12/12 - 3s - loss: 0.2824 - mse: 0.2824 - mae: 0.4343 - val_loss: 0.2817 - val_mse: 0.2817 - val_mae: 0.4302 - 3s/epoch - 250ms/step
Epoch 12/10000

Epoch 12: val_loss did not improve from 0.28166
12/12 - 2s - loss: 0.2813 - mse: 0.2813 - mae: 0.4330 - val_loss: 0.2833 - val_mse: 0.2833 - val_mae: 0.4306 - 2s/epoch - 175ms/step
Epoch 13/10000

Epoch 13: val_loss did not improve from 0.28166
12/12 - 2s - loss: 0.2799 - mse: 0.2799 - mae: 0.4322 - val_loss: 0.2824 - val_mse: 0.2824 - val_mae: 0.4300 - 2s/epoch - 177ms/step
Epoch 14/10000

Epoch 14: val_loss did not improve from 0.28166
12/12 - 2s - loss: 0.2801 - mse: 0.2801 - mae: 0.4323 - val_loss: 0.2847 - val_mse: 0.2847 - val_mae: 0.4310 - 2s/epoch - 176ms/step
Epoch 15/10000

Epoch 15: val_loss improved from 0.28166 to 0.28079, saving model to ./results/NN_rms_regr/ResNet/recursion_32/ckpt_1
12/12 - 3s - loss: 0.2793 - mse: 0.2793 - mae: 0.4312 - val_loss: 0.2808 - val_mse: 0.2808 - val_mae: 0.4291 - 3s/epoch - 251ms/step
Epoch 16/10000

Epoch 16: val_loss did not improve from 0.28079
12/12 - 2s - loss: 0.2790 - mse: 0.2790 - mae: 0.4310 - val_loss: 0.2832 - val_mse: 0.2832 - val_mae: 0.4299 - 2s/epoch - 176ms/step
Epoch 17/10000

Epoch 17: val_loss did not improve from 0.28079
12/12 - 2s - loss: 0.2808 - mse: 0.2808 - mae: 0.4318 - val_loss: 0.2834 - val_mse: 0.2834 - val_mae: 0.4328 - 2s/epoch - 175ms/step
Epoch 18/10000

Epoch 18: val_loss did not improve from 0.28079
12/12 - 2s - loss: 0.2824 - mse: 0.2824 - mae: 0.4328 - val_loss: 0.3013 - val_mse: 0.3013 - val_mae: 0.4472 - 2s/epoch - 177ms/step
Epoch 19/10000

Epoch 19: val_loss did not improve from 0.28079
12/12 - 2s - loss: 0.2838 - mse: 0.2838 - mae: 0.4349 - val_loss: 0.2863 - val_mse: 0.2863 - val_mae: 0.4355 - 2s/epoch - 176ms/step
Epoch 20/10000

Epoch 20: val_loss did not improve from 0.28079
12/12 - 2s - loss: 0.2818 - mse: 0.2818 - mae: 0.4325 - val_loss: 0.2917 - val_mse: 0.2917 - val_mae: 0.4397 - 2s/epoch - 175ms/step
Epoch 21/10000

Epoch 21: val_loss did not improve from 0.28079
12/12 - 2s - loss: 0.2850 - mse: 0.2850 - mae: 0.4344 - val_loss: 0.2841 - val_mse: 0.2841 - val_mae: 0.4335 - 2s/epoch - 176ms/step
Epoch 22/10000

Epoch 22: val_loss did not improve from 0.28079
12/12 - 2s - loss: 0.2820 - mse: 0.2820 - mae: 0.4327 - val_loss: 0.2844 - val_mse: 0.2844 - val_mae: 0.4334 - 2s/epoch - 176ms/step
Epoch 23/10000

Epoch 23: val_loss did not improve from 0.28079
12/12 - 2s - loss: 0.2807 - mse: 0.2807 - mae: 0.4321 - val_loss: 0.2877 - val_mse: 0.2877 - val_mae: 0.4364 - 2s/epoch - 176ms/step
Epoch 24/10000

Epoch 24: val_loss did not improve from 0.28079
12/12 - 2s - loss: 0.2828 - mse: 0.2828 - mae: 0.4334 - val_loss: 0.2872 - val_mse: 0.2872 - val_mae: 0.4359 - 2s/epoch - 175ms/step
Epoch 25/10000

Epoch 25: val_loss improved from 0.28079 to 0.27976, saving model to ./results/NN_rms_regr/ResNet/recursion_32/ckpt_1
12/12 - 3s - loss: 0.2791 - mse: 0.2791 - mae: 0.4304 - val_loss: 0.2798 - val_mse: 0.2798 - val_mae: 0.4288 - 3s/epoch - 246ms/step
Epoch 26/10000

Epoch 26: val_loss did not improve from 0.27976
12/12 - 2s - loss: 0.2780 - mse: 0.2780 - mae: 0.4298 - val_loss: 0.2808 - val_mse: 0.2808 - val_mae: 0.4301 - 2s/epoch - 177ms/step
Epoch 27/10000

Epoch 27: val_loss improved from 0.27976 to 0.27920, saving model to ./results/NN_rms_regr/ResNet/recursion_32/ckpt_1
12/12 - 3s - loss: 0.2783 - mse: 0.2783 - mae: 0.4296 - val_loss: 0.2792 - val_mse: 0.2792 - val_mae: 0.4274 - 3s/epoch - 251ms/step
Epoch 28/10000

Epoch 28: val_loss did not improve from 0.27920
12/12 - 2s - loss: 0.2772 - mse: 0.2772 - mae: 0.4287 - val_loss: 0.2820 - val_mse: 0.2820 - val_mae: 0.4284 - 2s/epoch - 177ms/step
Epoch 29/10000

Epoch 29: val_loss improved from 0.27920 to 0.27903, saving model to ./results/NN_rms_regr/ResNet/recursion_32/ckpt_1
12/12 - 3s - loss: 0.2775 - mse: 0.2775 - mae: 0.4292 - val_loss: 0.2790 - val_mse: 0.2790 - val_mae: 0.4272 - 3s/epoch - 253ms/step
Epoch 30/10000

Epoch 30: val_loss did not improve from 0.27903
12/12 - 2s - loss: 0.2777 - mse: 0.2777 - mae: 0.4293 - val_loss: 0.2798 - val_mse: 0.2798 - val_mae: 0.4272 - 2s/epoch - 177ms/step
Epoch 31/10000

Epoch 31: val_loss did not improve from 0.27903
12/12 - 2s - loss: 0.2768 - mse: 0.2768 - mae: 0.4281 - val_loss: 0.2791 - val_mse: 0.2791 - val_mae: 0.4269 - 2s/epoch - 175ms/step
Epoch 32/10000

Epoch 32: val_loss did not improve from 0.27903
12/12 - 2s - loss: 0.2765 - mse: 0.2765 - mae: 0.4281 - val_loss: 0.2792 - val_mse: 0.2792 - val_mae: 0.4270 - 2s/epoch - 176ms/step
Epoch 33/10000

Epoch 33: val_loss did not improve from 0.27903
12/12 - 2s - loss: 0.2769 - mse: 0.2769 - mae: 0.4283 - val_loss: 0.2798 - val_mse: 0.2798 - val_mae: 0.4269 - 2s/epoch - 176ms/step
Epoch 34/10000

Epoch 34: val_loss improved from 0.27903 to 0.27879, saving model to ./results/NN_rms_regr/ResNet/recursion_32/ckpt_1
12/12 - 3s - loss: 0.2772 - mse: 0.2772 - mae: 0.4282 - val_loss: 0.2788 - val_mse: 0.2788 - val_mae: 0.4267 - 3s/epoch - 246ms/step
Epoch 35/10000

Epoch 35: val_loss did not improve from 0.27879
12/12 - 2s - loss: 0.2762 - mse: 0.2762 - mae: 0.4277 - val_loss: 0.2824 - val_mse: 0.2824 - val_mae: 0.4281 - 2s/epoch - 176ms/step
Epoch 36/10000

Epoch 36: val_loss did not improve from 0.27879
12/12 - 2s - loss: 0.2770 - mse: 0.2770 - mae: 0.4279 - val_loss: 0.2801 - val_mse: 0.2801 - val_mae: 0.4268 - 2s/epoch - 176ms/step
Epoch 37/10000

Epoch 37: val_loss did not improve from 0.27879
12/12 - 2s - loss: 0.2770 - mse: 0.2770 - mae: 0.4281 - val_loss: 0.2800 - val_mse: 0.2800 - val_mae: 0.4286 - 2s/epoch - 177ms/step
Epoch 38/10000

Epoch 38: val_loss did not improve from 0.27879
12/12 - 2s - loss: 0.2765 - mse: 0.2765 - mae: 0.4278 - val_loss: 0.2795 - val_mse: 0.2795 - val_mae: 0.4265 - 2s/epoch - 176ms/step
Epoch 39/10000

Epoch 39: val_loss did not improve from 0.27879
12/12 - 2s - loss: 0.2772 - mse: 0.2772 - mae: 0.4277 - val_loss: 0.2889 - val_mse: 0.2889 - val_mae: 0.4364 - 2s/epoch - 175ms/step
Epoch 40/10000

Epoch 40: val_loss did not improve from 0.27879
12/12 - 2s - loss: 0.2851 - mse: 0.2851 - mae: 0.4337 - val_loss: 0.2812 - val_mse: 0.2812 - val_mae: 0.4277 - 2s/epoch - 175ms/step
Epoch 41/10000

Epoch 41: val_loss did not improve from 0.27879
12/12 - 2s - loss: 0.2782 - mse: 0.2782 - mae: 0.4289 - val_loss: 0.2810 - val_mse: 0.2810 - val_mae: 0.4269 - 2s/epoch - 176ms/step
Epoch 42/10000

Epoch 42: val_loss did not improve from 0.27879
12/12 - 2s - loss: 0.2773 - mse: 0.2773 - mae: 0.4279 - val_loss: 0.2795 - val_mse: 0.2795 - val_mae: 0.4281 - 2s/epoch - 175ms/step
Epoch 43/10000

Epoch 43: val_loss did not improve from 0.27879
12/12 - 2s - loss: 0.2770 - mse: 0.2770 - mae: 0.4282 - val_loss: 0.2814 - val_mse: 0.2814 - val_mae: 0.4277 - 2s/epoch - 176ms/step
Epoch 44/10000

Epoch 44: val_loss did not improve from 0.27879
12/12 - 2s - loss: 0.2781 - mse: 0.2781 - mae: 0.4287 - val_loss: 0.2792 - val_mse: 0.2792 - val_mae: 0.4265 - 2s/epoch - 177ms/step
Epoch 45/10000

Epoch 45: val_loss did not improve from 0.27879
12/12 - 2s - loss: 0.2772 - mse: 0.2772 - mae: 0.4278 - val_loss: 0.2808 - val_mse: 0.2808 - val_mae: 0.4291 - 2s/epoch - 176ms/step
Epoch 46/10000

Epoch 46: val_loss did not improve from 0.27879
12/12 - 2s - loss: 0.2771 - mse: 0.2771 - mae: 0.4279 - val_loss: 0.2909 - val_mse: 0.2909 - val_mae: 0.4323 - 2s/epoch - 176ms/step
Epoch 47/10000

Epoch 47: val_loss did not improve from 0.27879
12/12 - 2s - loss: 0.2842 - mse: 0.2842 - mae: 0.4328 - val_loss: 0.2804 - val_mse: 0.2804 - val_mae: 0.4265 - 2s/epoch - 176ms/step
Epoch 48/10000

Epoch 48: val_loss improved from 0.27879 to 0.27829, saving model to ./results/NN_rms_regr/ResNet/recursion_32/ckpt_1
12/12 - 3s - loss: 0.2778 - mse: 0.2778 - mae: 0.4285 - val_loss: 0.2783 - val_mse: 0.2783 - val_mae: 0.4265 - 3s/epoch - 250ms/step
Epoch 49/10000

Epoch 49: val_loss did not improve from 0.27829
12/12 - 2s - loss: 0.2770 - mse: 0.2770 - mae: 0.4279 - val_loss: 0.2817 - val_mse: 0.2817 - val_mae: 0.4300 - 2s/epoch - 177ms/step
Epoch 50/10000

Epoch 50: val_loss improved from 0.27829 to 0.27814, saving model to ./results/NN_rms_regr/ResNet/recursion_32/ckpt_1
12/12 - 3s - loss: 0.2779 - mse: 0.2779 - mae: 0.4284 - val_loss: 0.2781 - val_mse: 0.2781 - val_mae: 0.4260 - 3s/epoch - 251ms/step
Epoch 51/10000

Epoch 51: val_loss did not improve from 0.27814
12/12 - 2s - loss: 0.2792 - mse: 0.2792 - mae: 0.4288 - val_loss: 0.2831 - val_mse: 0.2831 - val_mae: 0.4280 - 2s/epoch - 176ms/step
Epoch 52/10000

Epoch 52: val_loss did not improve from 0.27814
12/12 - 2s - loss: 0.2784 - mse: 0.2784 - mae: 0.4284 - val_loss: 0.2843 - val_mse: 0.2843 - val_mae: 0.4325 - 2s/epoch - 176ms/step
Epoch 53/10000

Epoch 53: val_loss did not improve from 0.27814
12/12 - 2s - loss: 0.2803 - mse: 0.2803 - mae: 0.4299 - val_loss: 0.2864 - val_mse: 0.2864 - val_mae: 0.4339 - 2s/epoch - 175ms/step
Epoch 54/10000

Epoch 54: val_loss did not improve from 0.27814
12/12 - 2s - loss: 0.2808 - mse: 0.2808 - mae: 0.4298 - val_loss: 0.2782 - val_mse: 0.2782 - val_mae: 0.4256 - 2s/epoch - 176ms/step
Epoch 55/10000

Epoch 55: val_loss improved from 0.27814 to 0.27809, saving model to ./results/NN_rms_regr/ResNet/recursion_32/ckpt_1
12/12 - 3s - loss: 0.2805 - mse: 0.2805 - mae: 0.4300 - val_loss: 0.2781 - val_mse: 0.2781 - val_mae: 0.4260 - 3s/epoch - 244ms/step
Epoch 56/10000

Epoch 56: val_loss did not improve from 0.27809
12/12 - 2s - loss: 0.2773 - mse: 0.2773 - mae: 0.4281 - val_loss: 0.2810 - val_mse: 0.2810 - val_mae: 0.4292 - 2s/epoch - 176ms/step
Epoch 57/10000

Epoch 57: val_loss did not improve from 0.27809
12/12 - 2s - loss: 0.2757 - mse: 0.2757 - mae: 0.4266 - val_loss: 0.2781 - val_mse: 0.2781 - val_mae: 0.4258 - 2s/epoch - 175ms/step
Epoch 58/10000

Epoch 58: val_loss did not improve from 0.27809
12/12 - 2s - loss: 0.2772 - mse: 0.2772 - mae: 0.4276 - val_loss: 0.2794 - val_mse: 0.2794 - val_mae: 0.4273 - 2s/epoch - 176ms/step
Epoch 59/10000

Epoch 59: val_loss did not improve from 0.27809
12/12 - 2s - loss: 0.2766 - mse: 0.2766 - mae: 0.4266 - val_loss: 0.2787 - val_mse: 0.2787 - val_mae: 0.4255 - 2s/epoch - 175ms/step
Epoch 60/10000

Epoch 60: val_loss did not improve from 0.27809
12/12 - 2s - loss: 0.2765 - mse: 0.2765 - mae: 0.4270 - val_loss: 0.2787 - val_mse: 0.2787 - val_mae: 0.4267 - 2s/epoch - 178ms/step
Epoch 61/10000

Epoch 61: val_loss did not improve from 0.27809
12/12 - 2s - loss: 0.2779 - mse: 0.2779 - mae: 0.4278 - val_loss: 0.2813 - val_mse: 0.2813 - val_mae: 0.4266 - 2s/epoch - 176ms/step
Epoch 62/10000

Epoch 62: val_loss improved from 0.27809 to 0.27802, saving model to ./results/NN_rms_regr/ResNet/recursion_32/ckpt_1
12/12 - 3s - loss: 0.2772 - mse: 0.2772 - mae: 0.4272 - val_loss: 0.2780 - val_mse: 0.2780 - val_mae: 0.4257 - 3s/epoch - 249ms/step
Epoch 63/10000

Epoch 63: val_loss did not improve from 0.27802
12/12 - 2s - loss: 0.2759 - mse: 0.2759 - mae: 0.4267 - val_loss: 0.2888 - val_mse: 0.2888 - val_mae: 0.4356 - 2s/epoch - 177ms/step
Epoch 64/10000

Epoch 64: val_loss did not improve from 0.27802
12/12 - 2s - loss: 0.2786 - mse: 0.2786 - mae: 0.4286 - val_loss: 0.2802 - val_mse: 0.2802 - val_mae: 0.4259 - 2s/epoch - 176ms/step
Epoch 65/10000

Epoch 65: val_loss did not improve from 0.27802
12/12 - 2s - loss: 0.2788 - mse: 0.2788 - mae: 0.4282 - val_loss: 0.2782 - val_mse: 0.2782 - val_mae: 0.4253 - 2s/epoch - 174ms/step
Epoch 66/10000

Epoch 66: val_loss did not improve from 0.27802
12/12 - 2s - loss: 0.2764 - mse: 0.2764 - mae: 0.4267 - val_loss: 0.2844 - val_mse: 0.2844 - val_mae: 0.4321 - 2s/epoch - 175ms/step
Epoch 67/10000

Epoch 67: val_loss did not improve from 0.27802
12/12 - 2s - loss: 0.2805 - mse: 0.2805 - mae: 0.4295 - val_loss: 0.2811 - val_mse: 0.2811 - val_mae: 0.4263 - 2s/epoch - 178ms/step
Epoch 68/10000

Epoch 68: val_loss did not improve from 0.27802
12/12 - 2s - loss: 0.2762 - mse: 0.2762 - mae: 0.4265 - val_loss: 0.2815 - val_mse: 0.2815 - val_mae: 0.4294 - 2s/epoch - 177ms/step
Epoch 69/10000

Epoch 69: val_loss did not improve from 0.27802
12/12 - 2s - loss: 0.2806 - mse: 0.2806 - mae: 0.4295 - val_loss: 0.2806 - val_mse: 0.2806 - val_mae: 0.4260 - 2s/epoch - 176ms/step
Epoch 70/10000

Epoch 70: val_loss improved from 0.27802 to 0.27799, saving model to ./results/NN_rms_regr/ResNet/recursion_32/ckpt_1
12/12 - 3s - loss: 0.2803 - mse: 0.2803 - mae: 0.4292 - val_loss: 0.2780 - val_mse: 0.2780 - val_mae: 0.4256 - 3s/epoch - 250ms/step
Epoch 71/10000

Epoch 71: val_loss did not improve from 0.27799
12/12 - 2s - loss: 0.2818 - mse: 0.2818 - mae: 0.4310 - val_loss: 0.2796 - val_mse: 0.2796 - val_mae: 0.4257 - 2s/epoch - 176ms/step
Epoch 72/10000

Epoch 72: val_loss did not improve from 0.27799
12/12 - 2s - loss: 0.2816 - mse: 0.2816 - mae: 0.4299 - val_loss: 0.2791 - val_mse: 0.2791 - val_mae: 0.4257 - 2s/epoch - 175ms/step
Epoch 73/10000

Epoch 73: val_loss did not improve from 0.27799
12/12 - 2s - loss: 0.2783 - mse: 0.2783 - mae: 0.4281 - val_loss: 0.2917 - val_mse: 0.2917 - val_mae: 0.4377 - 2s/epoch - 176ms/step
Epoch 74/10000

Epoch 74: val_loss did not improve from 0.27799
12/12 - 2s - loss: 0.2827 - mse: 0.2827 - mae: 0.4317 - val_loss: 0.2947 - val_mse: 0.2947 - val_mae: 0.4343 - 2s/epoch - 176ms/step
Epoch 75/10000

Epoch 75: val_loss did not improve from 0.27799
12/12 - 2s - loss: 0.2886 - mse: 0.2886 - mae: 0.4353 - val_loss: 0.2790 - val_mse: 0.2790 - val_mae: 0.4271 - 2s/epoch - 175ms/step
Epoch 76/10000

Epoch 76: val_loss did not improve from 0.27799
12/12 - 2s - loss: 0.2792 - mse: 0.2792 - mae: 0.4288 - val_loss: 0.2780 - val_mse: 0.2780 - val_mae: 0.4254 - 2s/epoch - 176ms/step
Epoch 77/10000

Epoch 77: val_loss did not improve from 0.27799
12/12 - 2s - loss: 0.2760 - mse: 0.2760 - mae: 0.4262 - val_loss: 0.2791 - val_mse: 0.2791 - val_mae: 0.4268 - 2s/epoch - 176ms/step
Epoch 78/10000

Epoch 78: val_loss did not improve from 0.27799
12/12 - 2s - loss: 0.2787 - mse: 0.2787 - mae: 0.4279 - val_loss: 0.2835 - val_mse: 0.2835 - val_mae: 0.4275 - 2s/epoch - 176ms/step
Epoch 79/10000

Epoch 79: val_loss did not improve from 0.27799
12/12 - 2s - loss: 0.2772 - mse: 0.2772 - mae: 0.4276 - val_loss: 0.2791 - val_mse: 0.2791 - val_mae: 0.4271 - 2s/epoch - 175ms/step
Epoch 80/10000

Epoch 80: val_loss did not improve from 0.27799
12/12 - 2s - loss: 0.2754 - mse: 0.2754 - mae: 0.4262 - val_loss: 0.2781 - val_mse: 0.2781 - val_mae: 0.4249 - 2s/epoch - 175ms/step
Epoch 81/10000

Epoch 81: val_loss did not improve from 0.27799
12/12 - 2s - loss: 0.2769 - mse: 0.2769 - mae: 0.4268 - val_loss: 0.2783 - val_mse: 0.2783 - val_mae: 0.4260 - 2s/epoch - 176ms/step
Epoch 82/10000

Epoch 82: val_loss improved from 0.27799 to 0.27769, saving model to ./results/NN_rms_regr/ResNet/recursion_32/ckpt_1
12/12 - 3s - loss: 0.2760 - mse: 0.2760 - mae: 0.4264 - val_loss: 0.2777 - val_mse: 0.2777 - val_mae: 0.4249 - 3s/epoch - 252ms/step
Epoch 83/10000

Epoch 83: val_loss did not improve from 0.27769
12/12 - 2s - loss: 0.2769 - mse: 0.2769 - mae: 0.4268 - val_loss: 0.2778 - val_mse: 0.2778 - val_mae: 0.4253 - 2s/epoch - 176ms/step
Epoch 84/10000

Epoch 84: val_loss did not improve from 0.27769
12/12 - 2s - loss: 0.2769 - mse: 0.2769 - mae: 0.4268 - val_loss: 0.2808 - val_mse: 0.2808 - val_mae: 0.4260 - 2s/epoch - 176ms/step
Epoch 85/10000

Epoch 85: val_loss did not improve from 0.27769
12/12 - 2s - loss: 0.2770 - mse: 0.2770 - mae: 0.4266 - val_loss: 0.2777 - val_mse: 0.2777 - val_mae: 0.4249 - 2s/epoch - 177ms/step
Epoch 86/10000

Epoch 86: val_loss did not improve from 0.27769
12/12 - 2s - loss: 0.2756 - mse: 0.2756 - mae: 0.4256 - val_loss: 0.2813 - val_mse: 0.2813 - val_mae: 0.4267 - 2s/epoch - 176ms/step
Epoch 87/10000

Epoch 87: val_loss did not improve from 0.27769
12/12 - 2s - loss: 0.2818 - mse: 0.2818 - mae: 0.4302 - val_loss: 0.2886 - val_mse: 0.2886 - val_mae: 0.4351 - 2s/epoch - 176ms/step
Epoch 88/10000

Epoch 88: val_loss did not improve from 0.27769
12/12 - 2s - loss: 0.2817 - mse: 0.2817 - mae: 0.4303 - val_loss: 0.2884 - val_mse: 0.2884 - val_mae: 0.4302 - 2s/epoch - 176ms/step
Epoch 89/10000

Epoch 89: val_loss did not improve from 0.27769
12/12 - 2s - loss: 0.2802 - mse: 0.2802 - mae: 0.4286 - val_loss: 0.2879 - val_mse: 0.2879 - val_mae: 0.4345 - 2s/epoch - 175ms/step
Epoch 90/10000

Epoch 90: val_loss did not improve from 0.27769
12/12 - 2s - loss: 0.2808 - mse: 0.2808 - mae: 0.4291 - val_loss: 0.2792 - val_mse: 0.2792 - val_mae: 0.4250 - 2s/epoch - 176ms/step
Epoch 91/10000

Epoch 91: val_loss did not improve from 0.27769
12/12 - 2s - loss: 0.2773 - mse: 0.2773 - mae: 0.4270 - val_loss: 0.2780 - val_mse: 0.2780 - val_mae: 0.4252 - 2s/epoch - 176ms/step
Epoch 92/10000

Epoch 92: val_loss did not improve from 0.27769
12/12 - 2s - loss: 0.2765 - mse: 0.2765 - mae: 0.4265 - val_loss: 0.2801 - val_mse: 0.2801 - val_mae: 0.4277 - 2s/epoch - 176ms/step
Epoch 93/10000

Epoch 93: val_loss did not improve from 0.27769
12/12 - 2s - loss: 0.2751 - mse: 0.2751 - mae: 0.4251 - val_loss: 0.2843 - val_mse: 0.2843 - val_mae: 0.4316 - 2s/epoch - 177ms/step
Epoch 94/10000

Epoch 94: val_loss did not improve from 0.27769
12/12 - 2s - loss: 0.2800 - mse: 0.2800 - mae: 0.4293 - val_loss: 0.2795 - val_mse: 0.2795 - val_mae: 0.4259 - 2s/epoch - 176ms/step
Epoch 95/10000

Epoch 95: val_loss did not improve from 0.27769
12/12 - 2s - loss: 0.2794 - mse: 0.2794 - mae: 0.4283 - val_loss: 0.2783 - val_mse: 0.2783 - val_mae: 0.4259 - 2s/epoch - 177ms/step
Epoch 96/10000

Epoch 96: val_loss did not improve from 0.27769
12/12 - 2s - loss: 0.2804 - mse: 0.2804 - mae: 0.4286 - val_loss: 0.2783 - val_mse: 0.2783 - val_mae: 0.4246 - 2s/epoch - 177ms/step
Epoch 97/10000

Epoch 97: val_loss did not improve from 0.27769
12/12 - 2s - loss: 0.2771 - mse: 0.2771 - mae: 0.4266 - val_loss: 0.2854 - val_mse: 0.2854 - val_mae: 0.4325 - 2s/epoch - 177ms/step
Epoch 98/10000

Epoch 98: val_loss did not improve from 0.27769
12/12 - 2s - loss: 0.2777 - mse: 0.2777 - mae: 0.4271 - val_loss: 0.2783 - val_mse: 0.2783 - val_mae: 0.4252 - 2s/epoch - 177ms/step
Epoch 99/10000

Epoch 99: val_loss did not improve from 0.27769
12/12 - 2s - loss: 0.2751 - mse: 0.2751 - mae: 0.4252 - val_loss: 0.2849 - val_mse: 0.2849 - val_mae: 0.4279 - 2s/epoch - 176ms/step
Epoch 100/10000

Epoch 100: val_loss did not improve from 0.27769
12/12 - 2s - loss: 0.2829 - mse: 0.2829 - mae: 0.4303 - val_loss: 0.2823 - val_mse: 0.2823 - val_mae: 0.4296 - 2s/epoch - 175ms/step
Epoch 101/10000

Epoch 101: val_loss did not improve from 0.27769
12/12 - 2s - loss: 0.2775 - mse: 0.2775 - mae: 0.4268 - val_loss: 0.2802 - val_mse: 0.2802 - val_mae: 0.4260 - 2s/epoch - 177ms/step
Epoch 102/10000

Epoch 102: val_loss did not improve from 0.27769
12/12 - 2s - loss: 0.2761 - mse: 0.2761 - mae: 0.4262 - val_loss: 0.2788 - val_mse: 0.2788 - val_mae: 0.4263 - 2s/epoch - 176ms/step
Epoch 103/10000

Epoch 103: val_loss did not improve from 0.27769
12/12 - 2s - loss: 0.2757 - mse: 0.2757 - mae: 0.4257 - val_loss: 0.2794 - val_mse: 0.2794 - val_mae: 0.4251 - 2s/epoch - 176ms/step
Epoch 104/10000

Epoch 104: val_loss did not improve from 0.27769
12/12 - 2s - loss: 0.2779 - mse: 0.2779 - mae: 0.4269 - val_loss: 0.2778 - val_mse: 0.2778 - val_mae: 0.4244 - 2s/epoch - 175ms/step
Epoch 105/10000

Epoch 105: val_loss did not improve from 0.27769
12/12 - 2s - loss: 0.2797 - mse: 0.2797 - mae: 0.4283 - val_loss: 0.2918 - val_mse: 0.2918 - val_mae: 0.4373 - 2s/epoch - 176ms/step
Epoch 106/10000

Epoch 106: val_loss did not improve from 0.27769
12/12 - 2s - loss: 0.2833 - mse: 0.2833 - mae: 0.4305 - val_loss: 0.3414 - val_mse: 0.3414 - val_mae: 0.4650 - 2s/epoch - 177ms/step
Epoch 107/10000

Epoch 107: val_loss did not improve from 0.27769
12/12 - 2s - loss: 0.2960 - mse: 0.2960 - mae: 0.4392 - val_loss: 0.2922 - val_mse: 0.2922 - val_mae: 0.4376 - 2s/epoch - 175ms/step
Epoch 108/10000

Epoch 108: val_loss did not improve from 0.27769
12/12 - 2s - loss: 0.2803 - mse: 0.2803 - mae: 0.4287 - val_loss: 0.2852 - val_mse: 0.2852 - val_mae: 0.4321 - 2s/epoch - 176ms/step
Epoch 109/10000

Epoch 109: val_loss did not improve from 0.27769
12/12 - 2s - loss: 0.2845 - mse: 0.2845 - mae: 0.4313 - val_loss: 0.2799 - val_mse: 0.2799 - val_mae: 0.4251 - 2s/epoch - 176ms/step
Epoch 110/10000

Epoch 110: val_loss did not improve from 0.27769
12/12 - 2s - loss: 0.2857 - mse: 0.2857 - mae: 0.4326 - val_loss: 0.2893 - val_mse: 0.2893 - val_mae: 0.4355 - 2s/epoch - 176ms/step
Epoch 111/10000

Epoch 111: val_loss did not improve from 0.27769
12/12 - 2s - loss: 0.2799 - mse: 0.2799 - mae: 0.4287 - val_loss: 0.2779 - val_mse: 0.2779 - val_mae: 0.4251 - 2s/epoch - 177ms/step
Epoch 112/10000

Epoch 112: val_loss did not improve from 0.27769
12/12 - 2s - loss: 0.2755 - mse: 0.2755 - mae: 0.4255 - val_loss: 0.2787 - val_mse: 0.2787 - val_mae: 0.4246 - 2s/epoch - 177ms/step
Epoch 113/10000

Epoch 113: val_loss improved from 0.27769 to 0.27764, saving model to ./results/NN_rms_regr/ResNet/recursion_32/ckpt_1
12/12 - 3s - loss: 0.2764 - mse: 0.2764 - mae: 0.4262 - val_loss: 0.2776 - val_mse: 0.2776 - val_mae: 0.4243 - 3s/epoch - 253ms/step
Epoch 114/10000

Epoch 114: val_loss did not improve from 0.27764
12/12 - 2s - loss: 0.2773 - mse: 0.2773 - mae: 0.4270 - val_loss: 0.2890 - val_mse: 0.2890 - val_mae: 0.4307 - 2s/epoch - 176ms/step
Epoch 115/10000

Epoch 115: val_loss did not improve from 0.27764
12/12 - 2s - loss: 0.2837 - mse: 0.2837 - mae: 0.4301 - val_loss: 0.3007 - val_mse: 0.3007 - val_mae: 0.4442 - 2s/epoch - 176ms/step
Epoch 116/10000

Epoch 116: val_loss improved from 0.27764 to 0.27758, saving model to ./results/NN_rms_regr/ResNet/recursion_32/ckpt_1
12/12 - 3s - loss: 0.2798 - mse: 0.2798 - mae: 0.4287 - val_loss: 0.2776 - val_mse: 0.2776 - val_mae: 0.4247 - 3s/epoch - 246ms/step
Epoch 117/10000

Epoch 117: val_loss did not improve from 0.27758
12/12 - 2s - loss: 0.2772 - mse: 0.2772 - mae: 0.4260 - val_loss: 0.2954 - val_mse: 0.2954 - val_mae: 0.4343 - 2s/epoch - 177ms/step
Epoch 118/10000

Epoch 118: val_loss did not improve from 0.27758
12/12 - 2s - loss: 0.2886 - mse: 0.2886 - mae: 0.4345 - val_loss: 0.2844 - val_mse: 0.2844 - val_mae: 0.4314 - 2s/epoch - 176ms/step
Epoch 119/10000

Epoch 119: val_loss did not improve from 0.27758
12/12 - 2s - loss: 0.2812 - mse: 0.2812 - mae: 0.4295 - val_loss: 0.2836 - val_mse: 0.2836 - val_mae: 0.4272 - 2s/epoch - 178ms/step
Epoch 120/10000

Epoch 120: val_loss did not improve from 0.27758
12/12 - 2s - loss: 0.2762 - mse: 0.2762 - mae: 0.4258 - val_loss: 0.2803 - val_mse: 0.2803 - val_mae: 0.4278 - 2s/epoch - 177ms/step
Epoch 121/10000

Epoch 121: val_loss did not improve from 0.27758
12/12 - 2s - loss: 0.2776 - mse: 0.2776 - mae: 0.4269 - val_loss: 0.2861 - val_mse: 0.2861 - val_mae: 0.4327 - 2s/epoch - 176ms/step
Epoch 122/10000

Epoch 122: val_loss did not improve from 0.27758
12/12 - 2s - loss: 0.2783 - mse: 0.2783 - mae: 0.4271 - val_loss: 0.2798 - val_mse: 0.2798 - val_mae: 0.4271 - 2s/epoch - 177ms/step
Epoch 123/10000

Epoch 123: val_loss did not improve from 0.27758
12/12 - 2s - loss: 0.2760 - mse: 0.2760 - mae: 0.4257 - val_loss: 0.2793 - val_mse: 0.2793 - val_mae: 0.4253 - 2s/epoch - 176ms/step
Epoch 124/10000

Epoch 124: val_loss did not improve from 0.27758
12/12 - 2s - loss: 0.2799 - mse: 0.2799 - mae: 0.4289 - val_loss: 0.2811 - val_mse: 0.2811 - val_mae: 0.4284 - 2s/epoch - 178ms/step
Epoch 125/10000

Epoch 125: val_loss did not improve from 0.27758
12/12 - 2s - loss: 0.2792 - mse: 0.2792 - mae: 0.4276 - val_loss: 0.2918 - val_mse: 0.2918 - val_mae: 0.4373 - 2s/epoch - 176ms/step
Epoch 126/10000

Epoch 126: val_loss did not improve from 0.27758
12/12 - 2s - loss: 0.2828 - mse: 0.2828 - mae: 0.4309 - val_loss: 0.2871 - val_mse: 0.2871 - val_mae: 0.4292 - 2s/epoch - 177ms/step
Epoch 127/10000

Epoch 127: val_loss did not improve from 0.27758
12/12 - 2s - loss: 0.2850 - mse: 0.2850 - mae: 0.4315 - val_loss: 0.2817 - val_mse: 0.2817 - val_mae: 0.4259 - 2s/epoch - 177ms/step
Epoch 128/10000

Epoch 128: val_loss improved from 0.27758 to 0.27746, saving model to ./results/NN_rms_regr/ResNet/recursion_32/ckpt_1
12/12 - 3s - loss: 0.2764 - mse: 0.2764 - mae: 0.4257 - val_loss: 0.2775 - val_mse: 0.2775 - val_mae: 0.4243 - 3s/epoch - 252ms/step
Epoch 129/10000

Epoch 129: val_loss improved from 0.27746 to 0.27746, saving model to ./results/NN_rms_regr/ResNet/recursion_32/ckpt_1
12/12 - 3s - loss: 0.2763 - mse: 0.2763 - mae: 0.4262 - val_loss: 0.2775 - val_mse: 0.2775 - val_mae: 0.4244 - 3s/epoch - 246ms/step
Epoch 130/10000

Epoch 130: val_loss did not improve from 0.27746
12/12 - 2s - loss: 0.2760 - mse: 0.2760 - mae: 0.4256 - val_loss: 0.2785 - val_mse: 0.2785 - val_mae: 0.4244 - 2s/epoch - 178ms/step
Epoch 131/10000

Epoch 131: val_loss did not improve from 0.27746
12/12 - 2s - loss: 0.2829 - mse: 0.2829 - mae: 0.4300 - val_loss: 0.2795 - val_mse: 0.2795 - val_mae: 0.4247 - 2s/epoch - 177ms/step
Epoch 132/10000

Epoch 132: val_loss did not improve from 0.27746
12/12 - 2s - loss: 0.2797 - mse: 0.2797 - mae: 0.4278 - val_loss: 0.2849 - val_mse: 0.2849 - val_mae: 0.4317 - 2s/epoch - 177ms/step
Epoch 133/10000

Epoch 133: val_loss did not improve from 0.27746
12/12 - 2s - loss: 0.2768 - mse: 0.2768 - mae: 0.4261 - val_loss: 0.2781 - val_mse: 0.2781 - val_mae: 0.4252 - 2s/epoch - 175ms/step
Epoch 134/10000

Epoch 134: val_loss did not improve from 0.27746
12/12 - 2s - loss: 0.2771 - mse: 0.2771 - mae: 0.4261 - val_loss: 0.2817 - val_mse: 0.2817 - val_mae: 0.4288 - 2s/epoch - 176ms/step
Epoch 135/10000

Epoch 135: val_loss did not improve from 0.27746
12/12 - 2s - loss: 0.2813 - mse: 0.2813 - mae: 0.4288 - val_loss: 0.2789 - val_mse: 0.2789 - val_mae: 0.4243 - 2s/epoch - 177ms/step
Epoch 136/10000

Epoch 136: val_loss did not improve from 0.27746
12/12 - 2s - loss: 0.2804 - mse: 0.2804 - mae: 0.4289 - val_loss: 0.2782 - val_mse: 0.2782 - val_mae: 0.4247 - 2s/epoch - 177ms/step
Epoch 137/10000

Epoch 137: val_loss did not improve from 0.27746
12/12 - 2s - loss: 0.2757 - mse: 0.2757 - mae: 0.4259 - val_loss: 0.2812 - val_mse: 0.2812 - val_mae: 0.4255 - 2s/epoch - 177ms/step
Epoch 138/10000

Epoch 138: val_loss did not improve from 0.27746
12/12 - 2s - loss: 0.2759 - mse: 0.2759 - mae: 0.4252 - val_loss: 0.2894 - val_mse: 0.2894 - val_mae: 0.4354 - 2s/epoch - 176ms/step
Epoch 139/10000

Epoch 139: val_loss did not improve from 0.27746
12/12 - 2s - loss: 0.2772 - mse: 0.2772 - mae: 0.4267 - val_loss: 0.2819 - val_mse: 0.2819 - val_mae: 0.4259 - 2s/epoch - 176ms/step
Epoch 140/10000

Epoch 140: val_loss did not improve from 0.27746
12/12 - 2s - loss: 0.2780 - mse: 0.2780 - mae: 0.4269 - val_loss: 0.2803 - val_mse: 0.2803 - val_mae: 0.4251 - 2s/epoch - 177ms/step
Epoch 141/10000

Epoch 141: val_loss did not improve from 0.27746
12/12 - 2s - loss: 0.2789 - mse: 0.2789 - mae: 0.4272 - val_loss: 0.2869 - val_mse: 0.2869 - val_mae: 0.4332 - 2s/epoch - 177ms/step
Epoch 142/10000

Epoch 142: val_loss did not improve from 0.27746
12/12 - 2s - loss: 0.2774 - mse: 0.2774 - mae: 0.4265 - val_loss: 0.2817 - val_mse: 0.2817 - val_mae: 0.4257 - 2s/epoch - 177ms/step
Epoch 143/10000

Epoch 143: val_loss did not improve from 0.27746
12/12 - 2s - loss: 0.2763 - mse: 0.2763 - mae: 0.4251 - val_loss: 0.2919 - val_mse: 0.2919 - val_mae: 0.4372 - 2s/epoch - 176ms/step
Epoch 144/10000

Epoch 144: val_loss did not improve from 0.27746
12/12 - 2s - loss: 0.2779 - mse: 0.2779 - mae: 0.4269 - val_loss: 0.2830 - val_mse: 0.2830 - val_mae: 0.4300 - 2s/epoch - 176ms/step
Epoch 145/10000

Epoch 145: val_loss did not improve from 0.27746
12/12 - 2s - loss: 0.2775 - mse: 0.2775 - mae: 0.4266 - val_loss: 0.2780 - val_mse: 0.2780 - val_mae: 0.4246 - 2s/epoch - 180ms/step
Epoch 146/10000

Epoch 146: val_loss did not improve from 0.27746
12/12 - 2s - loss: 0.2758 - mse: 0.2758 - mae: 0.4256 - val_loss: 0.2832 - val_mse: 0.2832 - val_mae: 0.4300 - 2s/epoch - 178ms/step
Epoch 147/10000

Epoch 147: val_loss did not improve from 0.27746
12/12 - 2s - loss: 0.2766 - mse: 0.2766 - mae: 0.4259 - val_loss: 0.2798 - val_mse: 0.2798 - val_mae: 0.4267 - 2s/epoch - 176ms/step
Epoch 148/10000

Epoch 148: val_loss did not improve from 0.27746
12/12 - 2s - loss: 0.2785 - mse: 0.2785 - mae: 0.4275 - val_loss: 0.2827 - val_mse: 0.2827 - val_mae: 0.4272 - 2s/epoch - 176ms/step
Epoch 149/10000

Epoch 149: val_loss did not improve from 0.27746
12/12 - 2s - loss: 0.2777 - mse: 0.2777 - mae: 0.4267 - val_loss: 0.2889 - val_mse: 0.2889 - val_mae: 0.4301 - 2s/epoch - 176ms/step
Epoch 150/10000

Epoch 150: val_loss did not improve from 0.27746
12/12 - 2s - loss: 0.2788 - mse: 0.2788 - mae: 0.4269 - val_loss: 0.2903 - val_mse: 0.2903 - val_mae: 0.4309 - 2s/epoch - 175ms/step
Epoch 151/10000

Epoch 151: val_loss did not improve from 0.27746
12/12 - 2s - loss: 0.2809 - mse: 0.2809 - mae: 0.4281 - val_loss: 0.2890 - val_mse: 0.2890 - val_mae: 0.4300 - 2s/epoch - 177ms/step
Epoch 152/10000

Epoch 152: val_loss did not improve from 0.27746
12/12 - 2s - loss: 0.2872 - mse: 0.2872 - mae: 0.4331 - val_loss: 0.2822 - val_mse: 0.2822 - val_mae: 0.4260 - 2s/epoch - 176ms/step
Epoch 153/10000

Epoch 153: val_loss did not improve from 0.27746
12/12 - 2s - loss: 0.2814 - mse: 0.2814 - mae: 0.4285 - val_loss: 0.2784 - val_mse: 0.2784 - val_mae: 0.4252 - 2s/epoch - 175ms/step
Epoch 154/10000

Epoch 154: val_loss did not improve from 0.27746
12/12 - 2s - loss: 0.2772 - mse: 0.2772 - mae: 0.4258 - val_loss: 0.2845 - val_mse: 0.2845 - val_mae: 0.4311 - 2s/epoch - 178ms/step
Epoch 155/10000

Epoch 155: val_loss did not improve from 0.27746
12/12 - 2s - loss: 0.2823 - mse: 0.2823 - mae: 0.4297 - val_loss: 0.3077 - val_mse: 0.3077 - val_mae: 0.4492 - 2s/epoch - 176ms/step
Epoch 156/10000

Epoch 156: val_loss did not improve from 0.27746
12/12 - 2s - loss: 0.2849 - mse: 0.2849 - mae: 0.4322 - val_loss: 0.2983 - val_mse: 0.2983 - val_mae: 0.4420 - 2s/epoch - 177ms/step
Epoch 157/10000

Epoch 157: val_loss did not improve from 0.27746
12/12 - 2s - loss: 0.2805 - mse: 0.2805 - mae: 0.4279 - val_loss: 0.2787 - val_mse: 0.2787 - val_mae: 0.4257 - 2s/epoch - 177ms/step
Epoch 158/10000

Epoch 158: val_loss did not improve from 0.27746
12/12 - 2s - loss: 0.2751 - mse: 0.2751 - mae: 0.4246 - val_loss: 0.2780 - val_mse: 0.2780 - val_mae: 0.4252 - 2s/epoch - 177ms/step
Epoch 159/10000

Epoch 159: val_loss did not improve from 0.27746
12/12 - 2s - loss: 0.2766 - mse: 0.2766 - mae: 0.4259 - val_loss: 0.2778 - val_mse: 0.2778 - val_mae: 0.4247 - 2s/epoch - 177ms/step
Epoch 160/10000

Epoch 160: val_loss improved from 0.27746 to 0.27724, saving model to ./results/NN_rms_regr/ResNet/recursion_32/ckpt_1
12/12 - 3s - loss: 0.2754 - mse: 0.2754 - mae: 0.4250 - val_loss: 0.2772 - val_mse: 0.2772 - val_mae: 0.4239 - 3s/epoch - 251ms/step
Epoch 161/10000

Epoch 161: val_loss did not improve from 0.27724
12/12 - 2s - loss: 0.2743 - mse: 0.2743 - mae: 0.4238 - val_loss: 0.2836 - val_mse: 0.2836 - val_mae: 0.4303 - 2s/epoch - 176ms/step
Epoch 162/10000

Epoch 162: val_loss did not improve from 0.27724
12/12 - 2s - loss: 0.2779 - mse: 0.2779 - mae: 0.4266 - val_loss: 0.2786 - val_mse: 0.2786 - val_mae: 0.4242 - 2s/epoch - 177ms/step
Epoch 163/10000

Epoch 163: val_loss did not improve from 0.27724
12/12 - 2s - loss: 0.2853 - mse: 0.2853 - mae: 0.4319 - val_loss: 0.2781 - val_mse: 0.2781 - val_mae: 0.4250 - 2s/epoch - 176ms/step
Epoch 164/10000

Epoch 164: val_loss did not improve from 0.27724
12/12 - 2s - loss: 0.2786 - mse: 0.2786 - mae: 0.4265 - val_loss: 0.2916 - val_mse: 0.2916 - val_mae: 0.4368 - 2s/epoch - 176ms/step
Epoch 165/10000

Epoch 165: val_loss did not improve from 0.27724
12/12 - 2s - loss: 0.2843 - mse: 0.2843 - mae: 0.4311 - val_loss: 0.2820 - val_mse: 0.2820 - val_mae: 0.4289 - 2s/epoch - 176ms/step
Epoch 166/10000

Epoch 166: val_loss did not improve from 0.27724
12/12 - 2s - loss: 0.2772 - mse: 0.2772 - mae: 0.4271 - val_loss: 0.2826 - val_mse: 0.2826 - val_mae: 0.4261 - 2s/epoch - 176ms/step
Epoch 167/10000

Epoch 167: val_loss did not improve from 0.27724
12/12 - 2s - loss: 0.2759 - mse: 0.2759 - mae: 0.4253 - val_loss: 0.2782 - val_mse: 0.2782 - val_mae: 0.4252 - 2s/epoch - 177ms/step
Epoch 168/10000

Epoch 168: val_loss did not improve from 0.27724
12/12 - 2s - loss: 0.2759 - mse: 0.2759 - mae: 0.4253 - val_loss: 0.2775 - val_mse: 0.2775 - val_mae: 0.4238 - 2s/epoch - 175ms/step
Epoch 169/10000

Epoch 169: val_loss did not improve from 0.27724
12/12 - 2s - loss: 0.2839 - mse: 0.2839 - mae: 0.4306 - val_loss: 0.2851 - val_mse: 0.2851 - val_mae: 0.4316 - 2s/epoch - 178ms/step
Epoch 170/10000

Epoch 170: val_loss did not improve from 0.27724
12/12 - 2s - loss: 0.2756 - mse: 0.2756 - mae: 0.4252 - val_loss: 0.2776 - val_mse: 0.2776 - val_mae: 0.4237 - 2s/epoch - 176ms/step
Epoch 171/10000

Epoch 171: val_loss did not improve from 0.27724
12/12 - 2s - loss: 0.2752 - mse: 0.2752 - mae: 0.4249 - val_loss: 0.2794 - val_mse: 0.2794 - val_mae: 0.4243 - 2s/epoch - 176ms/step
Epoch 172/10000

Epoch 172: val_loss did not improve from 0.27724
12/12 - 2s - loss: 0.2794 - mse: 0.2794 - mae: 0.4269 - val_loss: 0.2793 - val_mse: 0.2793 - val_mae: 0.4263 - 2s/epoch - 177ms/step
Epoch 173/10000

Epoch 173: val_loss did not improve from 0.27724
12/12 - 2s - loss: 0.2798 - mse: 0.2798 - mae: 0.4278 - val_loss: 0.2775 - val_mse: 0.2775 - val_mae: 0.4235 - 2s/epoch - 177ms/step
Epoch 174/10000

Epoch 174: val_loss did not improve from 0.27724
12/12 - 2s - loss: 0.2748 - mse: 0.2748 - mae: 0.4241 - val_loss: 0.2775 - val_mse: 0.2775 - val_mae: 0.4235 - 2s/epoch - 176ms/step
Epoch 175/10000

Epoch 175: val_loss did not improve from 0.27724
12/12 - 2s - loss: 0.2786 - mse: 0.2786 - mae: 0.4267 - val_loss: 0.2788 - val_mse: 0.2788 - val_mae: 0.4257 - 2s/epoch - 176ms/step
Epoch 176/10000

Epoch 176: val_loss did not improve from 0.27724
12/12 - 2s - loss: 0.2770 - mse: 0.2770 - mae: 0.4259 - val_loss: 0.2774 - val_mse: 0.2774 - val_mae: 0.4236 - 2s/epoch - 177ms/step
Epoch 177/10000

Epoch 177: val_loss did not improve from 0.27724
12/12 - 2s - loss: 0.2746 - mse: 0.2746 - mae: 0.4239 - val_loss: 0.2822 - val_mse: 0.2822 - val_mae: 0.4260 - 2s/epoch - 177ms/step
Epoch 178/10000

Epoch 178: val_loss did not improve from 0.27724
12/12 - 2s - loss: 0.2763 - mse: 0.2763 - mae: 0.4249 - val_loss: 0.2835 - val_mse: 0.2835 - val_mae: 0.4301 - 2s/epoch - 176ms/step
Epoch 179/10000

Epoch 179: val_loss did not improve from 0.27724
12/12 - 2s - loss: 0.2766 - mse: 0.2766 - mae: 0.4252 - val_loss: 0.2774 - val_mse: 0.2774 - val_mae: 0.4236 - 2s/epoch - 177ms/step
Epoch 180/10000

Epoch 180: val_loss did not improve from 0.27724
12/12 - 2s - loss: 0.2769 - mse: 0.2769 - mae: 0.4256 - val_loss: 0.2824 - val_mse: 0.2824 - val_mae: 0.4261 - 2s/epoch - 176ms/step
Epoch 181/10000

Epoch 181: val_loss did not improve from 0.27724
12/12 - 2s - loss: 0.2798 - mse: 0.2798 - mae: 0.4282 - val_loss: 0.2840 - val_mse: 0.2840 - val_mae: 0.4268 - 2s/epoch - 177ms/step
Epoch 182/10000

Epoch 182: val_loss did not improve from 0.27724
12/12 - 2s - loss: 0.2756 - mse: 0.2756 - mae: 0.4243 - val_loss: 0.2836 - val_mse: 0.2836 - val_mae: 0.4301 - 2s/epoch - 177ms/step
Epoch 183/10000

Epoch 183: val_loss did not improve from 0.27724
12/12 - 2s - loss: 0.2764 - mse: 0.2764 - mae: 0.4255 - val_loss: 0.2848 - val_mse: 0.2848 - val_mae: 0.4272 - 2s/epoch - 176ms/step
Epoch 184/10000

Epoch 184: val_loss did not improve from 0.27724
12/12 - 2s - loss: 0.2829 - mse: 0.2829 - mae: 0.4292 - val_loss: 0.3037 - val_mse: 0.3037 - val_mae: 0.4394 - 2s/epoch - 177ms/step
Epoch 185/10000

Epoch 185: val_loss did not improve from 0.27724
12/12 - 2s - loss: 0.2797 - mse: 0.2797 - mae: 0.4276 - val_loss: 0.2809 - val_mse: 0.2809 - val_mae: 0.4250 - 2s/epoch - 177ms/step
Epoch 186/10000

Epoch 186: val_loss did not improve from 0.27724
12/12 - 2s - loss: 0.2759 - mse: 0.2759 - mae: 0.4252 - val_loss: 0.2820 - val_mse: 0.2820 - val_mae: 0.4256 - 2s/epoch - 176ms/step
Epoch 187/10000

Epoch 187: val_loss did not improve from 0.27724
12/12 - 2s - loss: 0.2801 - mse: 0.2801 - mae: 0.4275 - val_loss: 0.2840 - val_mse: 0.2840 - val_mae: 0.4269 - 2s/epoch - 176ms/step
Epoch 188/10000

Epoch 188: val_loss did not improve from 0.27724
12/12 - 2s - loss: 0.2754 - mse: 0.2754 - mae: 0.4249 - val_loss: 0.2832 - val_mse: 0.2832 - val_mae: 0.4264 - 2s/epoch - 176ms/step
Epoch 189/10000

Epoch 189: val_loss did not improve from 0.27724
12/12 - 2s - loss: 0.2749 - mse: 0.2749 - mae: 0.4244 - val_loss: 0.2811 - val_mse: 0.2811 - val_mae: 0.4251 - 2s/epoch - 176ms/step
Epoch 190/10000

Epoch 190: val_loss improved from 0.27724 to 0.27720, saving model to ./results/NN_rms_regr/ResNet/recursion_32/ckpt_1
12/12 - 3s - loss: 0.2761 - mse: 0.2761 - mae: 0.4249 - val_loss: 0.2772 - val_mse: 0.2772 - val_mae: 0.4234 - 3s/epoch - 251ms/step
Epoch 191/10000

Epoch 191: val_loss did not improve from 0.27720
12/12 - 2s - loss: 0.2765 - mse: 0.2765 - mae: 0.4251 - val_loss: 0.2929 - val_mse: 0.2929 - val_mae: 0.4376 - 2s/epoch - 177ms/step
Epoch 192/10000

Epoch 192: val_loss did not improve from 0.27720
12/12 - 2s - loss: 0.2898 - mse: 0.2898 - mae: 0.4344 - val_loss: 0.2969 - val_mse: 0.2969 - val_mae: 0.4409 - 2s/epoch - 176ms/step
Epoch 193/10000

Epoch 193: val_loss did not improve from 0.27720
12/12 - 2s - loss: 0.2808 - mse: 0.2808 - mae: 0.4296 - val_loss: 0.2956 - val_mse: 0.2956 - val_mae: 0.4347 - 2s/epoch - 181ms/step
Epoch 194/10000

Epoch 194: val_loss did not improve from 0.27720
12/12 - 2s - loss: 0.2793 - mse: 0.2793 - mae: 0.4276 - val_loss: 0.2818 - val_mse: 0.2818 - val_mae: 0.4286 - 2s/epoch - 177ms/step
Epoch 195/10000

Epoch 195: val_loss did not improve from 0.27720
12/12 - 2s - loss: 0.2802 - mse: 0.2802 - mae: 0.4286 - val_loss: 0.2775 - val_mse: 0.2775 - val_mae: 0.4243 - 2s/epoch - 176ms/step
Epoch 196/10000

Epoch 196: val_loss did not improve from 0.27720
12/12 - 2s - loss: 0.2813 - mse: 0.2813 - mae: 0.4280 - val_loss: 0.2803 - val_mse: 0.2803 - val_mae: 0.4274 - 2s/epoch - 176ms/step
Epoch 197/10000

Epoch 197: val_loss did not improve from 0.27720
12/12 - 2s - loss: 0.2815 - mse: 0.2815 - mae: 0.4289 - val_loss: 0.2827 - val_mse: 0.2827 - val_mae: 0.4297 - 2s/epoch - 177ms/step
Epoch 198/10000

Epoch 198: val_loss did not improve from 0.27720
12/12 - 2s - loss: 0.2829 - mse: 0.2829 - mae: 0.4290 - val_loss: 0.2785 - val_mse: 0.2785 - val_mae: 0.4254 - 2s/epoch - 181ms/step
Epoch 199/10000

Epoch 199: val_loss did not improve from 0.27720
12/12 - 2s - loss: 0.2837 - mse: 0.2837 - mae: 0.4305 - val_loss: 0.3149 - val_mse: 0.3149 - val_mae: 0.4546 - 2s/epoch - 176ms/step
Epoch 200/10000

Epoch 200: val_loss did not improve from 0.27720
12/12 - 2s - loss: 0.3005 - mse: 0.3005 - mae: 0.4428 - val_loss: 0.2881 - val_mse: 0.2881 - val_mae: 0.4340 - 2s/epoch - 176ms/step
Epoch 201/10000

Epoch 201: val_loss did not improve from 0.27720
12/12 - 2s - loss: 0.2814 - mse: 0.2814 - mae: 0.4287 - val_loss: 0.2963 - val_mse: 0.2963 - val_mae: 0.4402 - 2s/epoch - 177ms/step
Epoch 202/10000

Epoch 202: val_loss did not improve from 0.27720
12/12 - 2s - loss: 0.2785 - mse: 0.2785 - mae: 0.4264 - val_loss: 0.2774 - val_mse: 0.2774 - val_mae: 0.4235 - 2s/epoch - 178ms/step
Epoch 203/10000

Epoch 203: val_loss did not improve from 0.27720
12/12 - 2s - loss: 0.2763 - mse: 0.2763 - mae: 0.4253 - val_loss: 0.2912 - val_mse: 0.2912 - val_mae: 0.4310 - 2s/epoch - 177ms/step
Epoch 204/10000

Epoch 204: val_loss did not improve from 0.27720
12/12 - 2s - loss: 0.2804 - mse: 0.2804 - mae: 0.4279 - val_loss: 0.2859 - val_mse: 0.2859 - val_mae: 0.4282 - 2s/epoch - 177ms/step
Epoch 205/10000

Epoch 205: val_loss did not improve from 0.27720
12/12 - 2s - loss: 0.2764 - mse: 0.2764 - mae: 0.4251 - val_loss: 0.2800 - val_mse: 0.2800 - val_mae: 0.4244 - 2s/epoch - 178ms/step
Epoch 206/10000

Epoch 206: val_loss did not improve from 0.27720
12/12 - 2s - loss: 0.2745 - mse: 0.2745 - mae: 0.4236 - val_loss: 0.2794 - val_mse: 0.2794 - val_mae: 0.4241 - 2s/epoch - 178ms/step
Epoch 207/10000

Epoch 207: val_loss did not improve from 0.27720
12/12 - 2s - loss: 0.2817 - mse: 0.2817 - mae: 0.4280 - val_loss: 0.2976 - val_mse: 0.2976 - val_mae: 0.4353 - 2s/epoch - 177ms/step
Epoch 208/10000

Epoch 208: val_loss did not improve from 0.27720
12/12 - 2s - loss: 0.2924 - mse: 0.2924 - mae: 0.4372 - val_loss: 0.3212 - val_mse: 0.3212 - val_mae: 0.4513 - 2s/epoch - 180ms/step
Epoch 209/10000

Epoch 209: val_loss did not improve from 0.27720
12/12 - 2s - loss: 0.2936 - mse: 0.2936 - mae: 0.4378 - val_loss: 0.2954 - val_mse: 0.2954 - val_mae: 0.4340 - 2s/epoch - 177ms/step
Epoch 210/10000

Epoch 210: val_loss did not improve from 0.27720
12/12 - 2s - loss: 0.2821 - mse: 0.2821 - mae: 0.4292 - val_loss: 0.2886 - val_mse: 0.2886 - val_mae: 0.4296 - 2s/epoch - 178ms/step
Epoch 211/10000

Epoch 211: val_loss did not improve from 0.27720
12/12 - 2s - loss: 0.2832 - mse: 0.2832 - mae: 0.4297 - val_loss: 0.2810 - val_mse: 0.2810 - val_mae: 0.4254 - 2s/epoch - 178ms/step
Epoch 212/10000

Epoch 212: val_loss did not improve from 0.27720
12/12 - 2s - loss: 0.2766 - mse: 0.2766 - mae: 0.4253 - val_loss: 0.2790 - val_mse: 0.2790 - val_mae: 0.4240 - 2s/epoch - 176ms/step
Epoch 213/10000

Epoch 213: val_loss did not improve from 0.27720
12/12 - 2s - loss: 0.2754 - mse: 0.2754 - mae: 0.4241 - val_loss: 0.2787 - val_mse: 0.2787 - val_mae: 0.4256 - 2s/epoch - 177ms/step
Epoch 214/10000

Epoch 214: val_loss did not improve from 0.27720
12/12 - 2s - loss: 0.2820 - mse: 0.2820 - mae: 0.4288 - val_loss: 0.2905 - val_mse: 0.2905 - val_mae: 0.4360 - 2s/epoch - 176ms/step
Epoch 215/10000

Epoch 215: val_loss did not improve from 0.27720
12/12 - 2s - loss: 0.2781 - mse: 0.2781 - mae: 0.4269 - val_loss: 0.2774 - val_mse: 0.2774 - val_mae: 0.4236 - 2s/epoch - 176ms/step
Epoch 216/10000

Epoch 216: val_loss did not improve from 0.27720
12/12 - 2s - loss: 0.2820 - mse: 0.2820 - mae: 0.4290 - val_loss: 0.2936 - val_mse: 0.2936 - val_mae: 0.4331 - 2s/epoch - 176ms/step
Epoch 217/10000

Epoch 217: val_loss did not improve from 0.27720
12/12 - 2s - loss: 0.2889 - mse: 0.2889 - mae: 0.4343 - val_loss: 0.2785 - val_mse: 0.2785 - val_mae: 0.4255 - 2s/epoch - 176ms/step
Epoch 218/10000

Epoch 218: val_loss did not improve from 0.27720
12/12 - 2s - loss: 0.2771 - mse: 0.2771 - mae: 0.4257 - val_loss: 0.3041 - val_mse: 0.3041 - val_mae: 0.4461 - 2s/epoch - 177ms/step
Epoch 219/10000

Epoch 219: val_loss did not improve from 0.27720
12/12 - 2s - loss: 0.2841 - mse: 0.2841 - mae: 0.4309 - val_loss: 0.2783 - val_mse: 0.2783 - val_mae: 0.4253 - 2s/epoch - 175ms/step
Epoch 220/10000

Epoch 220: val_loss did not improve from 0.27720
12/12 - 2s - loss: 0.2748 - mse: 0.2748 - mae: 0.4240 - val_loss: 0.2777 - val_mse: 0.2777 - val_mae: 0.4233 - 2s/epoch - 176ms/step
Epoch 221/10000

Epoch 221: val_loss did not improve from 0.27720
12/12 - 2s - loss: 0.2739 - mse: 0.2739 - mae: 0.4231 - val_loss: 0.2826 - val_mse: 0.2826 - val_mae: 0.4292 - 2s/epoch - 176ms/step
Epoch 222/10000

Epoch 222: val_loss did not improve from 0.27720
12/12 - 2s - loss: 0.2749 - mse: 0.2749 - mae: 0.4241 - val_loss: 0.2775 - val_mse: 0.2775 - val_mae: 0.4232 - 2s/epoch - 177ms/step
Epoch 223/10000

Epoch 223: val_loss did not improve from 0.27720
12/12 - 2s - loss: 0.2807 - mse: 0.2807 - mae: 0.4278 - val_loss: 0.2791 - val_mse: 0.2791 - val_mae: 0.4245 - 2s/epoch - 177ms/step
Epoch 224/10000

Epoch 224: val_loss did not improve from 0.27720
12/12 - 2s - loss: 0.2770 - mse: 0.2770 - mae: 0.4259 - val_loss: 0.2831 - val_mse: 0.2831 - val_mae: 0.4263 - 2s/epoch - 177ms/step
Epoch 225/10000

Epoch 225: val_loss did not improve from 0.27720
12/12 - 2s - loss: 0.2770 - mse: 0.2770 - mae: 0.4255 - val_loss: 0.2890 - val_mse: 0.2890 - val_mae: 0.4344 - 2s/epoch - 177ms/step
Epoch 226/10000

Epoch 226: val_loss did not improve from 0.27720
12/12 - 2s - loss: 0.2841 - mse: 0.2841 - mae: 0.4308 - val_loss: 0.2777 - val_mse: 0.2777 - val_mae: 0.4243 - 2s/epoch - 177ms/step
Epoch 227/10000

Epoch 227: val_loss did not improve from 0.27720
12/12 - 2s - loss: 0.2785 - mse: 0.2785 - mae: 0.4261 - val_loss: 0.2822 - val_mse: 0.2822 - val_mae: 0.4257 - 2s/epoch - 178ms/step
Epoch 228/10000

Epoch 228: val_loss did not improve from 0.27720
12/12 - 2s - loss: 0.2782 - mse: 0.2782 - mae: 0.4261 - val_loss: 0.2961 - val_mse: 0.2961 - val_mae: 0.4349 - 2s/epoch - 177ms/step
Epoch 229/10000

Epoch 229: val_loss did not improve from 0.27720
12/12 - 2s - loss: 0.2838 - mse: 0.2838 - mae: 0.4308 - val_loss: 0.2884 - val_mse: 0.2884 - val_mae: 0.4298 - 2s/epoch - 176ms/step
Epoch 230/10000

Epoch 230: val_loss did not improve from 0.27720
12/12 - 2s - loss: 0.2799 - mse: 0.2799 - mae: 0.4272 - val_loss: 0.2799 - val_mse: 0.2799 - val_mae: 0.4243 - 2s/epoch - 175ms/step
Epoch 231/10000

Epoch 231: val_loss did not improve from 0.27720
12/12 - 2s - loss: 0.2828 - mse: 0.2828 - mae: 0.4298 - val_loss: 0.3106 - val_mse: 0.3106 - val_mae: 0.4439 - 2s/epoch - 176ms/step
Epoch 232/10000

Epoch 232: val_loss did not improve from 0.27720
12/12 - 2s - loss: 0.2850 - mse: 0.2850 - mae: 0.4310 - val_loss: 0.2794 - val_mse: 0.2794 - val_mae: 0.4262 - 2s/epoch - 178ms/step
Epoch 233/10000

Epoch 233: val_loss did not improve from 0.27720
12/12 - 2s - loss: 0.2769 - mse: 0.2769 - mae: 0.4251 - val_loss: 0.2776 - val_mse: 0.2776 - val_mae: 0.4240 - 2s/epoch - 177ms/step
Epoch 234/10000

Epoch 234: val_loss did not improve from 0.27720
12/12 - 2s - loss: 0.2754 - mse: 0.2754 - mae: 0.4246 - val_loss: 0.2793 - val_mse: 0.2793 - val_mae: 0.4262 - 2s/epoch - 176ms/step
Epoch 235/10000

Epoch 235: val_loss improved from 0.27720 to 0.27715, saving model to ./results/NN_rms_regr/ResNet/recursion_32/ckpt_1
12/12 - 3s - loss: 0.2773 - mse: 0.2773 - mae: 0.4261 - val_loss: 0.2771 - val_mse: 0.2771 - val_mae: 0.4236 - 3s/epoch - 253ms/step
Epoch 236/10000

Epoch 236: val_loss did not improve from 0.27715
12/12 - 2s - loss: 0.2741 - mse: 0.2741 - mae: 0.4234 - val_loss: 0.2792 - val_mse: 0.2792 - val_mae: 0.4260 - 2s/epoch - 176ms/step
Epoch 237/10000

Epoch 237: val_loss did not improve from 0.27715
12/12 - 2s - loss: 0.2801 - mse: 0.2801 - mae: 0.4275 - val_loss: 0.2898 - val_mse: 0.2898 - val_mae: 0.4354 - 2s/epoch - 176ms/step
Epoch 238/10000

Epoch 238: val_loss did not improve from 0.27715
12/12 - 2s - loss: 0.2764 - mse: 0.2764 - mae: 0.4255 - val_loss: 0.2978 - val_mse: 0.2978 - val_mae: 0.4357 - 2s/epoch - 176ms/step
Epoch 239/10000

Epoch 239: val_loss did not improve from 0.27715
12/12 - 2s - loss: 0.2815 - mse: 0.2815 - mae: 0.4287 - val_loss: 0.2774 - val_mse: 0.2774 - val_mae: 0.4234 - 2s/epoch - 177ms/step
Epoch 240/10000

Epoch 240: val_loss did not improve from 0.27715
12/12 - 2s - loss: 0.2773 - mse: 0.2773 - mae: 0.4258 - val_loss: 0.2788 - val_mse: 0.2788 - val_mae: 0.4258 - 2s/epoch - 177ms/step
Epoch 241/10000

Epoch 241: val_loss did not improve from 0.27715
12/12 - 2s - loss: 0.2760 - mse: 0.2760 - mae: 0.4248 - val_loss: 0.2837 - val_mse: 0.2837 - val_mae: 0.4273 - 2s/epoch - 178ms/step
Epoch 242/10000

Epoch 242: val_loss did not improve from 0.27715
12/12 - 2s - loss: 0.2782 - mse: 0.2782 - mae: 0.4268 - val_loss: 0.2822 - val_mse: 0.2822 - val_mae: 0.4258 - 2s/epoch - 177ms/step
Epoch 243/10000

Epoch 243: val_loss did not improve from 0.27715
12/12 - 2s - loss: 0.2838 - mse: 0.2838 - mae: 0.4305 - val_loss: 0.2832 - val_mse: 0.2832 - val_mae: 0.4264 - 2s/epoch - 177ms/step
Epoch 244/10000

Epoch 244: val_loss did not improve from 0.27715
12/12 - 2s - loss: 0.2779 - mse: 0.2779 - mae: 0.4265 - val_loss: 0.2797 - val_mse: 0.2797 - val_mae: 0.4251 - 2s/epoch - 176ms/step
Epoch 245/10000

Epoch 245: val_loss did not improve from 0.27715
12/12 - 2s - loss: 0.2767 - mse: 0.2767 - mae: 0.4260 - val_loss: 0.2846 - val_mse: 0.2846 - val_mae: 0.4271 - 2s/epoch - 176ms/step
Epoch 246/10000

Epoch 246: val_loss did not improve from 0.27715
12/12 - 2s - loss: 0.2781 - mse: 0.2781 - mae: 0.4259 - val_loss: 0.2783 - val_mse: 0.2783 - val_mae: 0.4252 - 2s/epoch - 176ms/step
Epoch 247/10000

Epoch 247: val_loss did not improve from 0.27715
12/12 - 2s - loss: 0.2758 - mse: 0.2758 - mae: 0.4254 - val_loss: 0.2795 - val_mse: 0.2795 - val_mae: 0.4264 - 2s/epoch - 177ms/step
Epoch 248/10000

Epoch 248: val_loss did not improve from 0.27715
12/12 - 2s - loss: 0.2760 - mse: 0.2760 - mae: 0.4251 - val_loss: 0.2772 - val_mse: 0.2772 - val_mae: 0.4236 - 2s/epoch - 178ms/step
Epoch 249/10000

Epoch 249: val_loss did not improve from 0.27715
12/12 - 2s - loss: 0.2758 - mse: 0.2758 - mae: 0.4247 - val_loss: 0.2793 - val_mse: 0.2793 - val_mae: 0.4240 - 2s/epoch - 178ms/step
Epoch 250/10000

Epoch 250: val_loss did not improve from 0.27715
12/12 - 2s - loss: 0.2773 - mse: 0.2773 - mae: 0.4255 - val_loss: 0.2778 - val_mse: 0.2778 - val_mae: 0.4243 - 2s/epoch - 177ms/step
Epoch 251/10000

Epoch 251: val_loss did not improve from 0.27715
12/12 - 2s - loss: 0.2799 - mse: 0.2799 - mae: 0.4285 - val_loss: 0.2852 - val_mse: 0.2852 - val_mae: 0.4277 - 2s/epoch - 177ms/step
Epoch 252/10000

Epoch 252: val_loss did not improve from 0.27715
12/12 - 2s - loss: 0.2765 - mse: 0.2765 - mae: 0.4248 - val_loss: 0.2773 - val_mse: 0.2773 - val_mae: 0.4239 - 2s/epoch - 176ms/step
Epoch 253/10000

Epoch 253: val_loss did not improve from 0.27715
12/12 - 2s - loss: 0.2754 - mse: 0.2754 - mae: 0.4241 - val_loss: 0.2780 - val_mse: 0.2780 - val_mae: 0.4244 - 2s/epoch - 178ms/step
Epoch 254/10000

Epoch 254: val_loss did not improve from 0.27715
12/12 - 2s - loss: 0.2838 - mse: 0.2838 - mae: 0.4310 - val_loss: 0.2817 - val_mse: 0.2817 - val_mae: 0.4283 - 2s/epoch - 177ms/step
Epoch 255/10000

Epoch 255: val_loss did not improve from 0.27715
12/12 - 2s - loss: 0.2802 - mse: 0.2802 - mae: 0.4273 - val_loss: 0.2800 - val_mse: 0.2800 - val_mae: 0.4268 - 2s/epoch - 177ms/step
Epoch 256/10000

Epoch 256: val_loss did not improve from 0.27715
12/12 - 2s - loss: 0.2746 - mse: 0.2746 - mae: 0.4237 - val_loss: 0.2845 - val_mse: 0.2845 - val_mae: 0.4269 - 2s/epoch - 176ms/step
Epoch 257/10000

Epoch 257: val_loss did not improve from 0.27715
12/12 - 2s - loss: 0.2794 - mse: 0.2794 - mae: 0.4269 - val_loss: 0.2776 - val_mse: 0.2776 - val_mae: 0.4234 - 2s/epoch - 177ms/step
Epoch 258/10000

Epoch 258: val_loss did not improve from 0.27715
12/12 - 2s - loss: 0.2765 - mse: 0.2765 - mae: 0.4249 - val_loss: 0.2918 - val_mse: 0.2918 - val_mae: 0.4315 - 2s/epoch - 176ms/step
Epoch 259/10000

Epoch 259: val_loss did not improve from 0.27715
12/12 - 2s - loss: 0.2777 - mse: 0.2777 - mae: 0.4257 - val_loss: 0.2800 - val_mse: 0.2800 - val_mae: 0.4246 - 2s/epoch - 176ms/step
Epoch 260/10000

Epoch 260: val_loss did not improve from 0.27715
12/12 - 2s - loss: 0.2782 - mse: 0.2782 - mae: 0.4261 - val_loss: 0.3018 - val_mse: 0.3018 - val_mae: 0.4380 - 2s/epoch - 177ms/step
Epoch 261/10000

Epoch 261: val_loss did not improve from 0.27715
12/12 - 2s - loss: 0.2910 - mse: 0.2910 - mae: 0.4341 - val_loss: 0.2930 - val_mse: 0.2930 - val_mae: 0.4323 - 2s/epoch - 177ms/step
Epoch 262/10000

Epoch 262: val_loss did not improve from 0.27715
12/12 - 2s - loss: 0.2851 - mse: 0.2851 - mae: 0.4309 - val_loss: 0.2803 - val_mse: 0.2803 - val_mae: 0.4248 - 2s/epoch - 177ms/step
Epoch 263/10000

Epoch 263: val_loss did not improve from 0.27715
12/12 - 2s - loss: 0.2771 - mse: 0.2771 - mae: 0.4249 - val_loss: 0.2795 - val_mse: 0.2795 - val_mae: 0.4244 - 2s/epoch - 176ms/step
Epoch 264/10000

Epoch 264: val_loss did not improve from 0.27715
12/12 - 2s - loss: 0.2773 - mse: 0.2773 - mae: 0.4260 - val_loss: 0.2801 - val_mse: 0.2801 - val_mae: 0.4269 - 2s/epoch - 177ms/step
Epoch 265/10000

Epoch 265: val_loss did not improve from 0.27715
12/12 - 2s - loss: 0.2747 - mse: 0.2747 - mae: 0.4239 - val_loss: 0.2778 - val_mse: 0.2778 - val_mae: 0.4245 - 2s/epoch - 177ms/step
Epoch 266/10000

Epoch 266: val_loss did not improve from 0.27715
12/12 - 2s - loss: 0.2755 - mse: 0.2755 - mae: 0.4245 - val_loss: 0.2892 - val_mse: 0.2892 - val_mae: 0.4346 - 2s/epoch - 177ms/step
Epoch 267/10000

Epoch 267: val_loss did not improve from 0.27715
12/12 - 2s - loss: 0.2808 - mse: 0.2808 - mae: 0.4288 - val_loss: 0.2874 - val_mse: 0.2874 - val_mae: 0.4332 - 2s/epoch - 178ms/step
Epoch 268/10000

Epoch 268: val_loss did not improve from 0.27715
12/12 - 2s - loss: 0.2875 - mse: 0.2875 - mae: 0.4336 - val_loss: 0.2853 - val_mse: 0.2853 - val_mae: 0.4317 - 2s/epoch - 177ms/step
Epoch 269/10000

Epoch 269: val_loss did not improve from 0.27715
12/12 - 2s - loss: 0.2835 - mse: 0.2835 - mae: 0.4298 - val_loss: 0.2810 - val_mse: 0.2810 - val_mae: 0.4278 - 2s/epoch - 177ms/step
Epoch 270/10000

Epoch 270: val_loss did not improve from 0.27715
12/12 - 2s - loss: 0.2806 - mse: 0.2806 - mae: 0.4285 - val_loss: 0.2868 - val_mse: 0.2868 - val_mae: 0.4283 - 2s/epoch - 176ms/step
Epoch 271/10000

Epoch 271: val_loss did not improve from 0.27715
12/12 - 2s - loss: 0.2765 - mse: 0.2765 - mae: 0.4253 - val_loss: 0.2824 - val_mse: 0.2824 - val_mae: 0.4258 - 2s/epoch - 175ms/step
Epoch 272/10000

Epoch 272: val_loss did not improve from 0.27715
12/12 - 2s - loss: 0.2783 - mse: 0.2783 - mae: 0.4262 - val_loss: 0.2813 - val_mse: 0.2813 - val_mae: 0.4280 - 2s/epoch - 177ms/step
Epoch 273/10000

Epoch 273: val_loss did not improve from 0.27715
12/12 - 2s - loss: 0.2830 - mse: 0.2830 - mae: 0.4301 - val_loss: 0.2844 - val_mse: 0.2844 - val_mae: 0.4308 - 2s/epoch - 176ms/step
Epoch 274/10000

Epoch 274: val_loss did not improve from 0.27715
12/12 - 2s - loss: 0.2759 - mse: 0.2759 - mae: 0.4246 - val_loss: 0.2949 - val_mse: 0.2949 - val_mae: 0.4391 - 2s/epoch - 178ms/step
Epoch 275/10000

Epoch 275: val_loss did not improve from 0.27715
12/12 - 2s - loss: 0.2819 - mse: 0.2819 - mae: 0.4290 - val_loss: 0.2801 - val_mse: 0.2801 - val_mae: 0.4271 - 2s/epoch - 176ms/step
Epoch 276/10000

Epoch 276: val_loss did not improve from 0.27715
12/12 - 2s - loss: 0.2761 - mse: 0.2761 - mae: 0.4254 - val_loss: 0.2870 - val_mse: 0.2870 - val_mae: 0.4286 - 2s/epoch - 176ms/step
Epoch 277/10000

Epoch 277: val_loss did not improve from 0.27715
12/12 - 2s - loss: 0.2759 - mse: 0.2759 - mae: 0.4246 - val_loss: 0.2774 - val_mse: 0.2774 - val_mae: 0.4239 - 2s/epoch - 176ms/step
Epoch 278/10000

Epoch 278: val_loss did not improve from 0.27715
12/12 - 2s - loss: 0.2779 - mse: 0.2779 - mae: 0.4263 - val_loss: 0.2809 - val_mse: 0.2809 - val_mae: 0.4275 - 2s/epoch - 176ms/step
Epoch 279/10000

Epoch 279: val_loss did not improve from 0.27715
12/12 - 2s - loss: 0.2763 - mse: 0.2763 - mae: 0.4251 - val_loss: 0.2821 - val_mse: 0.2821 - val_mae: 0.4287 - 2s/epoch - 176ms/step
Epoch 280/10000

Epoch 280: val_loss did not improve from 0.27715
12/12 - 2s - loss: 0.2746 - mse: 0.2746 - mae: 0.4235 - val_loss: 0.2833 - val_mse: 0.2833 - val_mae: 0.4297 - 2s/epoch - 176ms/step
Epoch 281/10000

Epoch 281: val_loss did not improve from 0.27715
12/12 - 2s - loss: 0.2756 - mse: 0.2756 - mae: 0.4245 - val_loss: 0.2777 - val_mse: 0.2777 - val_mae: 0.4232 - 2s/epoch - 177ms/step
Epoch 282/10000

Epoch 282: val_loss did not improve from 0.27715
12/12 - 2s - loss: 0.2756 - mse: 0.2756 - mae: 0.4245 - val_loss: 0.2924 - val_mse: 0.2924 - val_mae: 0.4318 - 2s/epoch - 176ms/step
Epoch 283/10000

Epoch 283: val_loss did not improve from 0.27715
12/12 - 2s - loss: 0.2843 - mse: 0.2843 - mae: 0.4302 - val_loss: 0.2785 - val_mse: 0.2785 - val_mae: 0.4239 - 2s/epoch - 177ms/step
Epoch 284/10000

Epoch 284: val_loss did not improve from 0.27715
12/12 - 2s - loss: 0.2782 - mse: 0.2782 - mae: 0.4266 - val_loss: 0.2791 - val_mse: 0.2791 - val_mae: 0.4247 - 2s/epoch - 177ms/step
Epoch 285/10000

Epoch 285: val_loss did not improve from 0.27715
12/12 - 2s - loss: 0.2760 - mse: 0.2760 - mae: 0.4252 - val_loss: 0.2869 - val_mse: 0.2869 - val_mae: 0.4291 - 2s/epoch - 178ms/step
Epoch 285: early stopping
