[0.772459 0.95864  1.14028  1.32192  1.50356  1.6852   1.86684  2.04848
 2.23012  2.41176  2.5934   2.77504  2.95668  3.13832  3.31996  3.5016
 3.68324  3.86488  4.04652  4.22816  4.4098   4.59144  4.77308  4.95472
 5.13636  5.318   ]
Before undersampling: [(0, 11), (1, 41), (2, 117), (3, 379), (4, 1164), (5, 3250), (6, 3633), (7, 2483), (8, 2349), (9, 2100), (10, 1892), (11, 1848), (12, 1641), (13, 1350), (14, 1181), (15, 900), (16, 782), (17, 646), (18, 511), (19, 434), (20, 358), (21, 314), (22, 290), (23, 233), (24, 198)]
After undersampling: [(0, 11), (1, 13), (2, 21), (3, 80), (4, 156), (5, 241), (6, 241), (7, 383), (8, 248), (9, 427), (10, 391), (11, 163), (12, 121), (13, 83), (14, 60), (15, 143), (16, 25), (17, 43), (18, 42), (19, 53), (20, 44), (21, 57), (22, 29), (23, 19), (24, 10)]
      label  HH_0_0_x  HV_0_0_x  IA_0_0_x       FYI      DFYI       MYI     rms_0     thk_1     rms_1     thk_2     rms_2     thk_3     rms_3  ...    3         4    5         6         7         8         9        10   11        12   13        14        15                                                CNN
0     0.858  0.184314  0.054902  0.108219  0.677054  0.244229  0.078717  4.574475  1.157741  4.598907  1.135613  4.568877  1.137049  4.555604  ...  0.0  0.976693  0.0  0.614157  0.580775  0.824165  0.316351  0.915441  0.0  0.687166  0.0  0.681156  0.467802  [[[[0.2274509803921568], [0.1081809698366651],...
1     0.922  0.219608  0.043137  0.095634  0.054778  0.917930  0.027292  4.928114  1.252795  4.933641  1.183038  4.945711  1.206833  4.951181  ...  0.0  1.014148  0.0  0.640144  0.557590  0.845430  0.301105  0.952926  0.0  0.730141  0.0  0.731394  0.484976  [[[[0.1215686274509803], [0.0955935010723039],...
2     0.934  0.192157  0.031373  0.097116  0.587126  0.332548  0.080326  4.575322  1.137139  4.539704  1.094642  4.548931  1.119177  4.518337  ...  0.0  1.141272  0.0  0.686991  0.657252  0.887173  0.262995  1.067364  0.0  0.828544  0.0  0.798359  0.574734  [[[[0.1215686274509803], [0.0971558065975413],...
3     0.895  0.188235  0.035294  0.097129  0.495887  0.419141  0.084972  4.582605  1.146608  4.565219  1.119833  4.570570  1.106200  4.542815  ...  0.0  1.152834  0.0  0.692828  0.669648  0.885035  0.259357  1.075103  0.0  0.840245  0.0  0.805713  0.586994  [[[[0.188235294117647], [0.0971691505581724], ...
4     0.944  0.325490  0.066667  0.096222  0.002803  0.962774  0.034423  5.199004  1.323369  5.165545  1.259931  5.168842  1.279109  5.193098  ...  0.0  0.968458  0.0  0.649656  0.502992  0.845221  0.351467  0.905719  0.0  0.705089  0.0  0.735994  0.453760  [[[[0.2745098039215686], [0.0962616415584788],...
...     ...       ...       ...       ...       ...       ...       ...       ...       ...       ...       ...       ...       ...       ...  ...  ...       ...  ...       ...       ...       ...       ...       ...  ...       ...  ...       ...       ...                                                ...
3099  5.193  0.372549  0.125490  0.100253  0.030798  0.279112  0.690090  5.024864  1.307618  5.153667  1.302266  5.128490  1.285796  5.126910  ...  0.0  0.965867  0.0  0.636680  0.512056  0.804496  0.320786  0.891385  0.0  0.689798  0.0  0.704472  0.423672  [[[[0.3254901960784314], [0.100293036068187], ...
3100  5.193  0.372549  0.125490  0.100253  0.030798  0.279112  0.690090  5.024864  1.307618  5.153667  1.302266  5.128490  1.285796  5.126910  ...  0.0  0.965867  0.0  0.636680  0.512056  0.804496  0.320786  0.891385  0.0  0.689798  0.0  0.704472  0.423672  [[[[0.3254901960784314], [0.100293036068187], ...
3101  5.211  0.282353  0.082353  0.094278  0.009922  0.897954  0.092123  5.385472  1.383922  5.420269  1.313742  5.394742  1.320181  5.397825  ...  0.0  0.929215  0.0  0.643391  0.428998  0.799440  0.320801  0.871616  0.0  0.678978  0.0  0.722937  0.387390  [[[[0.3215686274509804], [0.0943180607814414],...
3102  5.175  0.407843  0.133333  0.134660  0.055732  0.047280  0.896988  4.793373  1.294222  4.812825  1.297682  4.862136  1.315601  4.796375  ...  0.0  0.971690  0.0  0.506666  0.643481  0.706231  0.246252  0.776042  0.0  0.726572  0.0  0.606977  0.583483  [[[[0.4549019607843137], [0.1346939086914062],...
3103  5.170  0.258824  0.035294  0.090093  0.691879  0.287280  0.020842  4.489599  1.132821  4.543322  1.122601  4.510144  1.120885  4.459323  ...  0.0  1.101054  0.0  0.675508  0.654786  0.904350  0.322870  1.024127  0.0  0.800873  0.0  0.778182  0.571642  [[[[0.1803921568627451], [0.0901344000124463],...

[3104 rows x 128 columns]
Size of dataset: (3104, 127)
*************************** Fold #: 1 ***************************
Model: "model"
__________________________________________________________________________________________________
 Layer (type)                   Output Shape         Param #     Connected to                     
==================================================================================================
 conv (InputLayer)              [(None, 7, 7, 3, 1)  0           []                               
                                ]                                                                 
                                                                                                  
 zero_padding3d (ZeroPadding3D)  (None, 8, 8, 4, 1)  0           ['conv[0][0]']                   
                                                                                                  
 conv3d (Conv3D)                (None, 8, 8, 4, 8)   224         ['zero_padding3d[0][0]']         
                                                                                                  
 max_pooling3d (MaxPooling3D)   (None, 4, 4, 2, 8)   0           ['conv3d[0][0]']                 
                                                                                                  
 conv3d_1 (Conv3D)              (None, 4, 4, 2, 4)   868         ['max_pooling3d[0][0]']          
                                                                                                  
 max_pooling3d_1 (MaxPooling3D)  (None, 2, 2, 1, 4)  0           ['conv3d_1[0][0]']               
                                                                                                  
 cat (InputLayer)               [(None, 126)]        0           []                               
                                                                                                  
 flatten (Flatten)              (None, 16)           0           ['max_pooling3d_1[0][0]']        
                                                                                                  
 concatenate (Concatenate)      (None, 142)          0           ['cat[0][0]',                    
                                                                  'flatten[0][0]']                
                                                                                                  
 dense (Dense)                  (None, 200)          28600       ['concatenate[0][0]']            
                                                                                                  
 dense_1 (Dense)                (None, 200)          40200       ['dense[0][0]']                  
                                                                                                  
 dense_2 (Dense)                (None, 200)          40200       ['dense_1[0][0]']                
                                                                                                  
 dense_3 (Dense)                (None, 200)          40200       ['dense_2[0][0]']                
                                                                                                  
 dense_4 (Dense)                (None, 200)          40200       ['dense_3[0][0]']                
                                                                                                  
 dense_5 (Dense)                (None, 1)            201         ['dense_4[0][0]']                
                                                                                                  
==================================================================================================
Total params: 190,693
Trainable params: 190,693
Non-trainable params: 0
__________________________________________________________________________________________________
Epoch 1/10000

Epoch 1: val_loss improved from inf to 0.25749, saving model to ./results/NN_thk_regr/ResNet/recursion_20/ckpt_1
2/2 - 2s - loss: 1.2745 - mse: 1.2745 - mae: 1.0988 - val_loss: 0.2575 - val_mse: 0.2575 - val_mae: 0.4654 - 2s/epoch - 785ms/step
Epoch 2/10000

Epoch 2: val_loss did not improve from 0.25749
2/2 - 0s - loss: 0.1956 - mse: 0.1956 - mae: 0.3882 - val_loss: 0.4130 - val_mse: 0.4130 - val_mae: 0.6089 - 296ms/epoch - 148ms/step
Epoch 3/10000

Epoch 3: val_loss improved from 0.25749 to 0.04415, saving model to ./results/NN_thk_regr/ResNet/recursion_20/ckpt_1
2/2 - 1s - loss: 0.3511 - mse: 0.3511 - mae: 0.5451 - val_loss: 0.0441 - val_mse: 0.0441 - val_mae: 0.1638 - 1s/epoch - 517ms/step
Epoch 4/10000

Epoch 4: val_loss did not improve from 0.04415
2/2 - 0s - loss: 0.0628 - mse: 0.0628 - mae: 0.1919 - val_loss: 0.1568 - val_mse: 0.1568 - val_mae: 0.3445 - 297ms/epoch - 149ms/step
Epoch 5/10000

Epoch 5: val_loss did not improve from 0.04415
2/2 - 0s - loss: 0.1586 - mse: 0.1586 - mae: 0.3431 - val_loss: 0.1199 - val_mse: 0.1199 - val_mae: 0.2901 - 293ms/epoch - 147ms/step
Epoch 6/10000

Epoch 6: val_loss did not improve from 0.04415
2/2 - 0s - loss: 0.0989 - mse: 0.0989 - mae: 0.2499 - val_loss: 0.0456 - val_mse: 0.0456 - val_mae: 0.1681 - 297ms/epoch - 149ms/step
Epoch 7/10000

Epoch 7: val_loss did not improve from 0.04415
2/2 - 0s - loss: 0.0633 - mse: 0.0633 - mae: 0.1995 - val_loss: 0.0964 - val_mse: 0.0964 - val_mae: 0.2689 - 299ms/epoch - 150ms/step
Epoch 8/10000

Epoch 8: val_loss improved from 0.04415 to 0.04308, saving model to ./results/NN_thk_regr/ResNet/recursion_20/ckpt_1
2/2 - 1s - loss: 0.0936 - mse: 0.0936 - mae: 0.2593 - val_loss: 0.0431 - val_mse: 0.0431 - val_mae: 0.1605 - 1s/epoch - 516ms/step
Epoch 9/10000

Epoch 9: val_loss did not improve from 0.04308
2/2 - 0s - loss: 0.0504 - mse: 0.0504 - mae: 0.1691 - val_loss: 0.0668 - val_mse: 0.0668 - val_mae: 0.1980 - 297ms/epoch - 148ms/step
Epoch 10/10000

Epoch 10: val_loss did not improve from 0.04308
2/2 - 0s - loss: 0.0702 - mse: 0.0702 - mae: 0.2023 - val_loss: 0.0632 - val_mse: 0.0632 - val_mae: 0.1913 - 298ms/epoch - 149ms/step
Epoch 11/10000

Epoch 11: val_loss improved from 0.04308 to 0.04269, saving model to ./results/NN_thk_regr/ResNet/recursion_20/ckpt_1
2/2 - 1s - loss: 0.0603 - mse: 0.0603 - mae: 0.1839 - val_loss: 0.0427 - val_mse: 0.0427 - val_mae: 0.1591 - 1s/epoch - 572ms/step
Epoch 12/10000

Epoch 12: val_loss did not improve from 0.04269
2/2 - 0s - loss: 0.0499 - mse: 0.0499 - mae: 0.1713 - val_loss: 0.0544 - val_mse: 0.0544 - val_mae: 0.1910 - 298ms/epoch - 149ms/step
Epoch 13/10000

Epoch 13: val_loss improved from 0.04269 to 0.04243, saving model to ./results/NN_thk_regr/ResNet/recursion_20/ckpt_1
2/2 - 1s - loss: 0.0579 - mse: 0.0579 - mae: 0.1914 - val_loss: 0.0424 - val_mse: 0.0424 - val_mae: 0.1581 - 1s/epoch - 592ms/step
Epoch 14/10000

Epoch 14: val_loss did not improve from 0.04243
2/2 - 0s - loss: 0.0466 - mse: 0.0466 - mae: 0.1615 - val_loss: 0.0474 - val_mse: 0.0474 - val_mae: 0.1627 - 298ms/epoch - 149ms/step
Epoch 15/10000

Epoch 15: val_loss did not improve from 0.04243
2/2 - 0s - loss: 0.0508 - mse: 0.0508 - mae: 0.1669 - val_loss: 0.0460 - val_mse: 0.0460 - val_mae: 0.1605 - 296ms/epoch - 148ms/step
Epoch 16/10000

Epoch 16: val_loss did not improve from 0.04243
2/2 - 0s - loss: 0.0485 - mse: 0.0485 - mae: 0.1636 - val_loss: 0.0428 - val_mse: 0.0428 - val_mae: 0.1597 - 296ms/epoch - 148ms/step
Epoch 17/10000

Epoch 17: val_loss did not improve from 0.04243
2/2 - 0s - loss: 0.0478 - mse: 0.0478 - mae: 0.1667 - val_loss: 0.0430 - val_mse: 0.0430 - val_mae: 0.1605 - 294ms/epoch - 147ms/step
Epoch 18/10000

Epoch 18: val_loss did not improve from 0.04243
2/2 - 0s - loss: 0.0471 - mse: 0.0471 - mae: 0.1646 - val_loss: 0.0428 - val_mse: 0.0428 - val_mae: 0.1560 - 294ms/epoch - 147ms/step
Epoch 19/10000

Epoch 19: val_loss did not improve from 0.04243
2/2 - 0s - loss: 0.0465 - mse: 0.0465 - mae: 0.1605 - val_loss: 0.0435 - val_mse: 0.0435 - val_mae: 0.1569 - 297ms/epoch - 148ms/step
Epoch 20/10000

Epoch 20: val_loss improved from 0.04243 to 0.04231, saving model to ./results/NN_thk_regr/ResNet/recursion_20/ckpt_1
2/2 - 1s - loss: 0.0464 - mse: 0.0464 - mae: 0.1605 - val_loss: 0.0423 - val_mse: 0.0423 - val_mae: 0.1582 - 1s/epoch - 557ms/step
Epoch 21/10000

Epoch 21: val_loss improved from 0.04231 to 0.04191, saving model to ./results/NN_thk_regr/ResNet/recursion_20/ckpt_1
2/2 - 1s - loss: 0.0470 - mse: 0.0470 - mae: 0.1647 - val_loss: 0.0419 - val_mse: 0.0419 - val_mae: 0.1560 - 1s/epoch - 589ms/step
Epoch 22/10000

Epoch 22: val_loss did not improve from 0.04191
2/2 - 0s - loss: 0.0459 - mse: 0.0459 - mae: 0.1602 - val_loss: 0.0438 - val_mse: 0.0438 - val_mae: 0.1571 - 298ms/epoch - 149ms/step
Epoch 23/10000

Epoch 23: val_loss did not improve from 0.04191
2/2 - 0s - loss: 0.0467 - mse: 0.0467 - mae: 0.1609 - val_loss: 0.0420 - val_mse: 0.0420 - val_mae: 0.1554 - 298ms/epoch - 149ms/step
Epoch 24/10000

Epoch 24: val_loss did not improve from 0.04191
2/2 - 0s - loss: 0.0456 - mse: 0.0456 - mae: 0.1604 - val_loss: 0.0422 - val_mse: 0.0422 - val_mae: 0.1585 - 297ms/epoch - 148ms/step
Epoch 25/10000

Epoch 25: val_loss improved from 0.04191 to 0.04187, saving model to ./results/NN_thk_regr/ResNet/recursion_20/ckpt_1
2/2 - 1s - loss: 0.0462 - mse: 0.0462 - mae: 0.1631 - val_loss: 0.0419 - val_mse: 0.0419 - val_mae: 0.1553 - 1s/epoch - 591ms/step
Epoch 26/10000

Epoch 26: val_loss did not improve from 0.04187
2/2 - 0s - loss: 0.0455 - mse: 0.0455 - mae: 0.1598 - val_loss: 0.0425 - val_mse: 0.0425 - val_mae: 0.1555 - 298ms/epoch - 149ms/step
Epoch 27/10000

Epoch 27: val_loss improved from 0.04187 to 0.04164, saving model to ./results/NN_thk_regr/ResNet/recursion_20/ckpt_1
2/2 - 1s - loss: 0.0455 - mse: 0.0455 - mae: 0.1600 - val_loss: 0.0416 - val_mse: 0.0416 - val_mae: 0.1555 - 1s/epoch - 557ms/step
Epoch 28/10000

Epoch 28: val_loss improved from 0.04164 to 0.04152, saving model to ./results/NN_thk_regr/ResNet/recursion_20/ckpt_1
2/2 - 1s - loss: 0.0450 - mse: 0.0450 - mae: 0.1600 - val_loss: 0.0415 - val_mse: 0.0415 - val_mae: 0.1560 - 1s/epoch - 585ms/step
Epoch 29/10000

Epoch 29: val_loss did not improve from 0.04152
2/2 - 0s - loss: 0.0448 - mse: 0.0448 - mae: 0.1600 - val_loss: 0.0417 - val_mse: 0.0417 - val_mae: 0.1550 - 298ms/epoch - 149ms/step
Epoch 30/10000

Epoch 30: val_loss improved from 0.04152 to 0.04135, saving model to ./results/NN_thk_regr/ResNet/recursion_20/ckpt_1
2/2 - 1s - loss: 0.0445 - mse: 0.0445 - mae: 0.1591 - val_loss: 0.0413 - val_mse: 0.0413 - val_mae: 0.1560 - 1s/epoch - 587ms/step
Epoch 31/10000

Epoch 31: val_loss improved from 0.04135 to 0.04121, saving model to ./results/NN_thk_regr/ResNet/recursion_20/ckpt_1
2/2 - 1s - loss: 0.0443 - mse: 0.0443 - mae: 0.1600 - val_loss: 0.0412 - val_mse: 0.0412 - val_mae: 0.1545 - 1s/epoch - 590ms/step
Epoch 32/10000

Epoch 32: val_loss did not improve from 0.04121
2/2 - 0s - loss: 0.0438 - mse: 0.0438 - mae: 0.1590 - val_loss: 0.0412 - val_mse: 0.0412 - val_mae: 0.1542 - 296ms/epoch - 148ms/step
Epoch 33/10000

Epoch 33: val_loss improved from 0.04121 to 0.04086, saving model to ./results/NN_thk_regr/ResNet/recursion_20/ckpt_1
2/2 - 1s - loss: 0.0435 - mse: 0.0435 - mae: 0.1580 - val_loss: 0.0409 - val_mse: 0.0409 - val_mae: 0.1562 - 1s/epoch - 594ms/step
Epoch 34/10000

Epoch 34: val_loss did not improve from 0.04086
2/2 - 0s - loss: 0.0431 - mse: 0.0431 - mae: 0.1602 - val_loss: 0.0414 - val_mse: 0.0414 - val_mae: 0.1543 - 297ms/epoch - 148ms/step
Epoch 35/10000

Epoch 35: val_loss did not improve from 0.04086
2/2 - 0s - loss: 0.0426 - mse: 0.0426 - mae: 0.1572 - val_loss: 0.0411 - val_mse: 0.0411 - val_mae: 0.1587 - 297ms/epoch - 148ms/step
Epoch 36/10000

Epoch 36: val_loss did not improve from 0.04086
2/2 - 0s - loss: 0.0426 - mse: 0.0426 - mae: 0.1603 - val_loss: 0.0423 - val_mse: 0.0423 - val_mae: 0.1555 - 299ms/epoch - 149ms/step
Epoch 37/10000

Epoch 37: val_loss improved from 0.04086 to 0.04013, saving model to ./results/NN_thk_regr/ResNet/recursion_20/ckpt_1
2/2 - 1s - loss: 0.0427 - mse: 0.0427 - mae: 0.1574 - val_loss: 0.0401 - val_mse: 0.0401 - val_mae: 0.1550 - 1s/epoch - 560ms/step
Epoch 38/10000

Epoch 38: val_loss did not improve from 0.04013
2/2 - 0s - loss: 0.0417 - mse: 0.0417 - mae: 0.1576 - val_loss: 0.0402 - val_mse: 0.0402 - val_mae: 0.1530 - 296ms/epoch - 148ms/step
Epoch 39/10000

Epoch 39: val_loss did not improve from 0.04013
2/2 - 0s - loss: 0.0416 - mse: 0.0416 - mae: 0.1559 - val_loss: 0.0403 - val_mse: 0.0403 - val_mae: 0.1567 - 294ms/epoch - 147ms/step
Epoch 40/10000

Epoch 40: val_loss did not improve from 0.04013
2/2 - 0s - loss: 0.0426 - mse: 0.0426 - mae: 0.1590 - val_loss: 0.0402 - val_mse: 0.0402 - val_mae: 0.1528 - 296ms/epoch - 148ms/step
Epoch 41/10000

Epoch 41: val_loss improved from 0.04013 to 0.03991, saving model to ./results/NN_thk_regr/ResNet/recursion_20/ckpt_1
2/2 - 1s - loss: 0.0419 - mse: 0.0419 - mae: 0.1574 - val_loss: 0.0399 - val_mse: 0.0399 - val_mae: 0.1530 - 1s/epoch - 596ms/step
Epoch 42/10000

Epoch 42: val_loss did not improve from 0.03991
2/2 - 0s - loss: 0.0417 - mse: 0.0417 - mae: 0.1561 - val_loss: 0.0399 - val_mse: 0.0399 - val_mae: 0.1530 - 294ms/epoch - 147ms/step
Epoch 43/10000

Epoch 43: val_loss did not improve from 0.03991
2/2 - 0s - loss: 0.0416 - mse: 0.0416 - mae: 0.1571 - val_loss: 0.0399 - val_mse: 0.0399 - val_mae: 0.1529 - 295ms/epoch - 147ms/step
Epoch 44/10000

Epoch 44: val_loss did not improve from 0.03991
2/2 - 0s - loss: 0.0415 - mse: 0.0415 - mae: 0.1560 - val_loss: 0.0400 - val_mse: 0.0400 - val_mae: 0.1527 - 299ms/epoch - 150ms/step
Epoch 45/10000

Epoch 45: val_loss improved from 0.03991 to 0.03986, saving model to ./results/NN_thk_regr/ResNet/recursion_20/ckpt_1
2/2 - 1s - loss: 0.0413 - mse: 0.0413 - mae: 0.1561 - val_loss: 0.0399 - val_mse: 0.0399 - val_mae: 0.1542 - 1s/epoch - 557ms/step
Epoch 46/10000

Epoch 46: val_loss did not improve from 0.03986
2/2 - 0s - loss: 0.0415 - mse: 0.0415 - mae: 0.1567 - val_loss: 0.0401 - val_mse: 0.0401 - val_mae: 0.1525 - 296ms/epoch - 148ms/step
Epoch 47/10000

Epoch 47: val_loss did not improve from 0.03986
2/2 - 0s - loss: 0.0412 - mse: 0.0412 - mae: 0.1552 - val_loss: 0.0403 - val_mse: 0.0403 - val_mae: 0.1572 - 292ms/epoch - 146ms/step
Epoch 48/10000

Epoch 48: val_loss did not improve from 0.03986
2/2 - 0s - loss: 0.0418 - mse: 0.0418 - mae: 0.1592 - val_loss: 0.0427 - val_mse: 0.0427 - val_mae: 0.1555 - 295ms/epoch - 148ms/step
Epoch 49/10000

Epoch 49: val_loss did not improve from 0.03986
2/2 - 0s - loss: 0.0430 - mse: 0.0430 - mae: 0.1572 - val_loss: 0.0404 - val_mse: 0.0404 - val_mae: 0.1578 - 294ms/epoch - 147ms/step
Epoch 50/10000

Epoch 50: val_loss did not improve from 0.03986
2/2 - 0s - loss: 0.0429 - mse: 0.0429 - mae: 0.1627 - val_loss: 0.0409 - val_mse: 0.0409 - val_mae: 0.1529 - 294ms/epoch - 147ms/step
Epoch 51/10000

Epoch 51: val_loss did not improve from 0.03986
2/2 - 0s - loss: 0.0428 - mse: 0.0428 - mae: 0.1570 - val_loss: 0.0399 - val_mse: 0.0399 - val_mae: 0.1523 - 295ms/epoch - 147ms/step
Epoch 52/10000

Epoch 52: val_loss did not improve from 0.03986
2/2 - 0s - loss: 0.0420 - mse: 0.0420 - mae: 0.1580 - val_loss: 0.0403 - val_mse: 0.0403 - val_mae: 0.1570 - 296ms/epoch - 148ms/step
Epoch 53/10000

Epoch 53: val_loss did not improve from 0.03986
2/2 - 0s - loss: 0.0425 - mse: 0.0425 - mae: 0.1594 - val_loss: 0.0417 - val_mse: 0.0417 - val_mae: 0.1539 - 296ms/epoch - 148ms/step
Epoch 54/10000

Epoch 54: val_loss did not improve from 0.03986
2/2 - 0s - loss: 0.0418 - mse: 0.0418 - mae: 0.1556 - val_loss: 0.0410 - val_mse: 0.0410 - val_mae: 0.1602 - 299ms/epoch - 150ms/step
Epoch 55/10000

Epoch 55: val_loss did not improve from 0.03986
2/2 - 0s - loss: 0.0428 - mse: 0.0428 - mae: 0.1626 - val_loss: 0.0402 - val_mse: 0.0402 - val_mae: 0.1523 - 296ms/epoch - 148ms/step
Epoch 56/10000

Epoch 56: val_loss did not improve from 0.03986
2/2 - 0s - loss: 0.0417 - mse: 0.0417 - mae: 0.1555 - val_loss: 0.0402 - val_mse: 0.0402 - val_mae: 0.1522 - 298ms/epoch - 149ms/step
Epoch 57/10000

Epoch 57: val_loss did not improve from 0.03986
2/2 - 0s - loss: 0.0413 - mse: 0.0413 - mae: 0.1562 - val_loss: 0.0402 - val_mse: 0.0402 - val_mae: 0.1567 - 299ms/epoch - 149ms/step
Epoch 58/10000

Epoch 58: val_loss did not improve from 0.03986
2/2 - 0s - loss: 0.0420 - mse: 0.0420 - mae: 0.1590 - val_loss: 0.0404 - val_mse: 0.0404 - val_mae: 0.1524 - 295ms/epoch - 147ms/step
Epoch 59/10000

Epoch 59: val_loss improved from 0.03986 to 0.03972, saving model to ./results/NN_thk_regr/ResNet/recursion_20/ckpt_1
2/2 - 1s - loss: 0.0414 - mse: 0.0414 - mae: 0.1552 - val_loss: 0.0397 - val_mse: 0.0397 - val_mae: 0.1542 - 1s/epoch - 586ms/step
Epoch 60/10000

Epoch 60: val_loss did not improve from 0.03972
2/2 - 0s - loss: 0.0416 - mse: 0.0416 - mae: 0.1582 - val_loss: 0.0398 - val_mse: 0.0398 - val_mae: 0.1522 - 298ms/epoch - 149ms/step
Epoch 61/10000

Epoch 61: val_loss did not improve from 0.03972
2/2 - 0s - loss: 0.0414 - mse: 0.0414 - mae: 0.1553 - val_loss: 0.0402 - val_mse: 0.0402 - val_mae: 0.1522 - 295ms/epoch - 148ms/step
Epoch 62/10000

Epoch 62: val_loss did not improve from 0.03972
2/2 - 0s - loss: 0.0415 - mse: 0.0415 - mae: 0.1562 - val_loss: 0.0397 - val_mse: 0.0397 - val_mae: 0.1545 - 293ms/epoch - 147ms/step
Epoch 63/10000

Epoch 63: val_loss did not improve from 0.03972
2/2 - 0s - loss: 0.0413 - mse: 0.0413 - mae: 0.1567 - val_loss: 0.0406 - val_mse: 0.0406 - val_mae: 0.1524 - 294ms/epoch - 147ms/step
Epoch 64/10000

Epoch 64: val_loss improved from 0.03972 to 0.03956, saving model to ./results/NN_thk_regr/ResNet/recursion_20/ckpt_1
2/2 - 1s - loss: 0.0416 - mse: 0.0416 - mae: 0.1550 - val_loss: 0.0396 - val_mse: 0.0396 - val_mae: 0.1529 - 1s/epoch - 592ms/step
Epoch 65/10000

Epoch 65: val_loss did not improve from 0.03956
2/2 - 0s - loss: 0.0416 - mse: 0.0416 - mae: 0.1578 - val_loss: 0.0397 - val_mse: 0.0397 - val_mae: 0.1520 - 295ms/epoch - 148ms/step
Epoch 66/10000

Epoch 66: val_loss did not improve from 0.03956
2/2 - 0s - loss: 0.0414 - mse: 0.0414 - mae: 0.1554 - val_loss: 0.0401 - val_mse: 0.0401 - val_mae: 0.1519 - 359ms/epoch - 179ms/step
Epoch 67/10000

Epoch 67: val_loss improved from 0.03956 to 0.03954, saving model to ./results/NN_thk_regr/ResNet/recursion_20/ckpt_1
2/2 - 1s - loss: 0.0418 - mse: 0.0418 - mae: 0.1571 - val_loss: 0.0395 - val_mse: 0.0395 - val_mae: 0.1534 - 1s/epoch - 598ms/step
Epoch 68/10000

Epoch 68: val_loss did not improve from 0.03954
2/2 - 0s - loss: 0.0412 - mse: 0.0412 - mae: 0.1560 - val_loss: 0.0403 - val_mse: 0.0403 - val_mae: 0.1520 - 296ms/epoch - 148ms/step
Epoch 69/10000

Epoch 69: val_loss improved from 0.03954 to 0.03952, saving model to ./results/NN_thk_regr/ResNet/recursion_20/ckpt_1
2/2 - 1s - loss: 0.0414 - mse: 0.0414 - mae: 0.1554 - val_loss: 0.0395 - val_mse: 0.0395 - val_mae: 0.1535 - 1s/epoch - 560ms/step
Epoch 70/10000

Epoch 70: val_loss did not improve from 0.03952
2/2 - 0s - loss: 0.0414 - mse: 0.0414 - mae: 0.1573 - val_loss: 0.0413 - val_mse: 0.0413 - val_mae: 0.1530 - 337ms/epoch - 168ms/step
Epoch 71/10000

Epoch 71: val_loss improved from 0.03952 to 0.03947, saving model to ./results/NN_thk_regr/ResNet/recursion_20/ckpt_1
2/2 - 1s - loss: 0.0424 - mse: 0.0424 - mae: 0.1559 - val_loss: 0.0395 - val_mse: 0.0395 - val_mae: 0.1525 - 1s/epoch - 597ms/step
Epoch 72/10000

Epoch 72: val_loss improved from 0.03947 to 0.03946, saving model to ./results/NN_thk_regr/ResNet/recursion_20/ckpt_1
2/2 - 1s - loss: 0.0423 - mse: 0.0423 - mae: 0.1597 - val_loss: 0.0395 - val_mse: 0.0395 - val_mae: 0.1529 - 1s/epoch - 596ms/step
Epoch 73/10000

Epoch 73: val_loss did not improve from 0.03946
2/2 - 0s - loss: 0.0415 - mse: 0.0415 - mae: 0.1563 - val_loss: 0.0414 - val_mse: 0.0414 - val_mae: 0.1531 - 298ms/epoch - 149ms/step
Epoch 74/10000

Epoch 74: val_loss did not improve from 0.03946
2/2 - 0s - loss: 0.0414 - mse: 0.0414 - mae: 0.1545 - val_loss: 0.0414 - val_mse: 0.0414 - val_mae: 0.1620 - 298ms/epoch - 149ms/step
Epoch 75/10000

Epoch 75: val_loss did not improve from 0.03946
2/2 - 0s - loss: 0.0430 - mse: 0.0430 - mae: 0.1637 - val_loss: 0.0404 - val_mse: 0.0404 - val_mae: 0.1519 - 299ms/epoch - 149ms/step
Epoch 76/10000

Epoch 76: val_loss did not improve from 0.03946
2/2 - 0s - loss: 0.0418 - mse: 0.0418 - mae: 0.1553 - val_loss: 0.0396 - val_mse: 0.0396 - val_mae: 0.1518 - 298ms/epoch - 149ms/step
Epoch 77/10000

Epoch 77: val_loss did not improve from 0.03946
2/2 - 0s - loss: 0.0413 - mse: 0.0413 - mae: 0.1565 - val_loss: 0.0398 - val_mse: 0.0398 - val_mae: 0.1555 - 297ms/epoch - 148ms/step
Epoch 78/10000

Epoch 78: val_loss did not improve from 0.03946
2/2 - 0s - loss: 0.0413 - mse: 0.0413 - mae: 0.1572 - val_loss: 0.0413 - val_mse: 0.0413 - val_mae: 0.1530 - 306ms/epoch - 153ms/step
Epoch 79/10000

Epoch 79: val_loss improved from 0.03946 to 0.03938, saving model to ./results/NN_thk_regr/ResNet/recursion_20/ckpt_1
2/2 - 1s - loss: 0.0421 - mse: 0.0421 - mae: 0.1557 - val_loss: 0.0394 - val_mse: 0.0394 - val_mae: 0.1524 - 1s/epoch - 585ms/step
Epoch 80/10000

Epoch 80: val_loss improved from 0.03938 to 0.03934, saving model to ./results/NN_thk_regr/ResNet/recursion_20/ckpt_1
2/2 - 1s - loss: 0.0409 - mse: 0.0409 - mae: 0.1556 - val_loss: 0.0393 - val_mse: 0.0393 - val_mae: 0.1525 - 1s/epoch - 588ms/step
Epoch 81/10000

Epoch 81: val_loss did not improve from 0.03934
2/2 - 0s - loss: 0.0409 - mse: 0.0409 - mae: 0.1555 - val_loss: 0.0397 - val_mse: 0.0397 - val_mae: 0.1514 - 319ms/epoch - 160ms/step
Epoch 82/10000

Epoch 82: val_loss did not improve from 0.03934
2/2 - 0s - loss: 0.0411 - mse: 0.0411 - mae: 0.1544 - val_loss: 0.0395 - val_mse: 0.0395 - val_mae: 0.1547 - 299ms/epoch - 150ms/step
Epoch 83/10000

Epoch 83: val_loss did not improve from 0.03934
2/2 - 0s - loss: 0.0413 - mse: 0.0413 - mae: 0.1579 - val_loss: 0.0394 - val_mse: 0.0394 - val_mae: 0.1516 - 295ms/epoch - 147ms/step
Epoch 84/10000

Epoch 84: val_loss did not improve from 0.03934
2/2 - 0s - loss: 0.0408 - mse: 0.0408 - mae: 0.1545 - val_loss: 0.0398 - val_mse: 0.0398 - val_mae: 0.1513 - 294ms/epoch - 147ms/step
Epoch 85/10000

Epoch 85: val_loss did not improve from 0.03934
2/2 - 0s - loss: 0.0409 - mse: 0.0409 - mae: 0.1542 - val_loss: 0.0395 - val_mse: 0.0395 - val_mae: 0.1550 - 297ms/epoch - 149ms/step
Epoch 86/10000

Epoch 86: val_loss did not improve from 0.03934
2/2 - 0s - loss: 0.0411 - mse: 0.0411 - mae: 0.1571 - val_loss: 0.0404 - val_mse: 0.0404 - val_mae: 0.1516 - 301ms/epoch - 150ms/step
Epoch 87/10000

Epoch 87: val_loss improved from 0.03934 to 0.03926, saving model to ./results/NN_thk_regr/ResNet/recursion_20/ckpt_1
2/2 - 1s - loss: 0.0414 - mse: 0.0414 - mae: 0.1544 - val_loss: 0.0393 - val_mse: 0.0393 - val_mae: 0.1521 - 1s/epoch - 599ms/step
Epoch 88/10000

Epoch 88: val_loss did not improve from 0.03926
2/2 - 0s - loss: 0.0408 - mse: 0.0408 - mae: 0.1554 - val_loss: 0.0393 - val_mse: 0.0393 - val_mae: 0.1529 - 345ms/epoch - 173ms/step
Epoch 89/10000

Epoch 89: val_loss did not improve from 0.03926
2/2 - 0s - loss: 0.0408 - mse: 0.0408 - mae: 0.1557 - val_loss: 0.0403 - val_mse: 0.0403 - val_mae: 0.1515 - 300ms/epoch - 150ms/step
Epoch 90/10000

Epoch 90: val_loss improved from 0.03926 to 0.03921, saving model to ./results/NN_thk_regr/ResNet/recursion_20/ckpt_1
2/2 - 1s - loss: 0.0413 - mse: 0.0413 - mae: 0.1543 - val_loss: 0.0392 - val_mse: 0.0392 - val_mae: 0.1525 - 1s/epoch - 558ms/step
Epoch 91/10000

Epoch 91: val_loss did not improve from 0.03921
2/2 - 0s - loss: 0.0408 - mse: 0.0408 - mae: 0.1557 - val_loss: 0.0393 - val_mse: 0.0393 - val_mae: 0.1514 - 304ms/epoch - 152ms/step
Epoch 92/10000

Epoch 92: val_loss did not improve from 0.03921
2/2 - 0s - loss: 0.0407 - mse: 0.0407 - mae: 0.1544 - val_loss: 0.0395 - val_mse: 0.0395 - val_mae: 0.1511 - 301ms/epoch - 151ms/step
Epoch 93/10000

Epoch 93: val_loss improved from 0.03921 to 0.03918, saving model to ./results/NN_thk_regr/ResNet/recursion_20/ckpt_1
2/2 - 1s - loss: 0.0408 - mse: 0.0408 - mae: 0.1549 - val_loss: 0.0392 - val_mse: 0.0392 - val_mae: 0.1517 - 1s/epoch - 588ms/step
Epoch 94/10000

Epoch 94: val_loss did not improve from 0.03918
2/2 - 0s - loss: 0.0407 - mse: 0.0407 - mae: 0.1547 - val_loss: 0.0393 - val_mse: 0.0393 - val_mae: 0.1511 - 302ms/epoch - 151ms/step
Epoch 95/10000

Epoch 95: val_loss did not improve from 0.03918
2/2 - 0s - loss: 0.0407 - mse: 0.0407 - mae: 0.1542 - val_loss: 0.0392 - val_mse: 0.0392 - val_mae: 0.1533 - 344ms/epoch - 172ms/step
Epoch 96/10000

Epoch 96: val_loss did not improve from 0.03918
2/2 - 0s - loss: 0.0408 - mse: 0.0408 - mae: 0.1558 - val_loss: 0.0394 - val_mse: 0.0394 - val_mae: 0.1510 - 293ms/epoch - 147ms/step
Epoch 97/10000

Epoch 97: val_loss did not improve from 0.03918
2/2 - 0s - loss: 0.0410 - mse: 0.0410 - mae: 0.1543 - val_loss: 0.0398 - val_mse: 0.0398 - val_mae: 0.1571 - 296ms/epoch - 148ms/step
Epoch 98/10000

Epoch 98: val_loss did not improve from 0.03918
2/2 - 0s - loss: 0.0416 - mse: 0.0416 - mae: 0.1596 - val_loss: 0.0398 - val_mse: 0.0398 - val_mae: 0.1508 - 300ms/epoch - 150ms/step
Epoch 99/10000

Epoch 99: val_loss did not improve from 0.03918
2/2 - 0s - loss: 0.0409 - mse: 0.0409 - mae: 0.1540 - val_loss: 0.0393 - val_mse: 0.0393 - val_mae: 0.1510 - 297ms/epoch - 149ms/step
Epoch 100/10000

Epoch 100: val_loss improved from 0.03918 to 0.03906, saving model to ./results/NN_thk_regr/ResNet/recursion_20/ckpt_1
2/2 - 1s - loss: 0.0406 - mse: 0.0406 - mae: 0.1543 - val_loss: 0.0391 - val_mse: 0.0391 - val_mae: 0.1519 - 1s/epoch - 599ms/step
Epoch 101/10000

Epoch 101: val_loss did not improve from 0.03906
2/2 - 0s - loss: 0.0406 - mse: 0.0406 - mae: 0.1545 - val_loss: 0.0394 - val_mse: 0.0394 - val_mae: 0.1507 - 297ms/epoch - 149ms/step
Epoch 102/10000

Epoch 102: val_loss improved from 0.03906 to 0.03903, saving model to ./results/NN_thk_regr/ResNet/recursion_20/ckpt_1
2/2 - 1s - loss: 0.0406 - mse: 0.0406 - mae: 0.1538 - val_loss: 0.0390 - val_mse: 0.0390 - val_mae: 0.1523 - 1s/epoch - 593ms/step
Epoch 103/10000

Epoch 103: val_loss did not improve from 0.03903
2/2 - 0s - loss: 0.0406 - mse: 0.0406 - mae: 0.1550 - val_loss: 0.0391 - val_mse: 0.0391 - val_mae: 0.1509 - 297ms/epoch - 149ms/step
Epoch 104/10000

Epoch 104: val_loss improved from 0.03903 to 0.03899, saving model to ./results/NN_thk_regr/ResNet/recursion_20/ckpt_1
2/2 - 1s - loss: 0.0405 - mse: 0.0405 - mae: 0.1543 - val_loss: 0.0390 - val_mse: 0.0390 - val_mae: 0.1517 - 1s/epoch - 597ms/step
Epoch 105/10000

Epoch 105: val_loss improved from 0.03899 to 0.03898, saving model to ./results/NN_thk_regr/ResNet/recursion_20/ckpt_1
2/2 - 1s - loss: 0.0406 - mse: 0.0406 - mae: 0.1547 - val_loss: 0.0390 - val_mse: 0.0390 - val_mae: 0.1518 - 1s/epoch - 563ms/step
Epoch 106/10000

Epoch 106: val_loss did not improve from 0.03898
2/2 - 0s - loss: 0.0405 - mse: 0.0405 - mae: 0.1548 - val_loss: 0.0391 - val_mse: 0.0391 - val_mae: 0.1508 - 300ms/epoch - 150ms/step
Epoch 107/10000

Epoch 107: val_loss did not improve from 0.03898
2/2 - 0s - loss: 0.0405 - mse: 0.0405 - mae: 0.1540 - val_loss: 0.0392 - val_mse: 0.0392 - val_mae: 0.1506 - 299ms/epoch - 149ms/step
Epoch 108/10000

Epoch 108: val_loss did not improve from 0.03898
2/2 - 0s - loss: 0.0406 - mse: 0.0406 - mae: 0.1537 - val_loss: 0.0396 - val_mse: 0.0396 - val_mae: 0.1565 - 348ms/epoch - 174ms/step
Epoch 109/10000

Epoch 109: val_loss did not improve from 0.03898
2/2 - 0s - loss: 0.0412 - mse: 0.0412 - mae: 0.1581 - val_loss: 0.0397 - val_mse: 0.0397 - val_mae: 0.1505 - 299ms/epoch - 149ms/step
Epoch 110/10000

Epoch 110: val_loss did not improve from 0.03898
2/2 - 0s - loss: 0.0406 - mse: 0.0406 - mae: 0.1533 - val_loss: 0.0393 - val_mse: 0.0393 - val_mae: 0.1549 - 302ms/epoch - 151ms/step
Epoch 111/10000

Epoch 111: val_loss did not improve from 0.03898
2/2 - 0s - loss: 0.0408 - mse: 0.0408 - mae: 0.1567 - val_loss: 0.0405 - val_mse: 0.0405 - val_mae: 0.1512 - 297ms/epoch - 148ms/step
Epoch 112/10000

Epoch 112: val_loss did not improve from 0.03898
2/2 - 0s - loss: 0.0409 - mse: 0.0409 - mae: 0.1537 - val_loss: 0.0406 - val_mse: 0.0406 - val_mae: 0.1609 - 297ms/epoch - 149ms/step
Epoch 113/10000

Epoch 113: val_loss did not improve from 0.03898
2/2 - 0s - loss: 0.0420 - mse: 0.0420 - mae: 0.1600 - val_loss: 0.0416 - val_mse: 0.0416 - val_mae: 0.1527 - 298ms/epoch - 149ms/step
Epoch 114/10000

Epoch 114: val_loss did not improve from 0.03898
2/2 - 0s - loss: 0.0422 - mse: 0.0422 - mae: 0.1571 - val_loss: 0.0391 - val_mse: 0.0391 - val_mae: 0.1539 - 298ms/epoch - 149ms/step
Epoch 115/10000

Epoch 115: val_loss did not improve from 0.03898
2/2 - 0s - loss: 0.0405 - mse: 0.0405 - mae: 0.1551 - val_loss: 0.0408 - val_mse: 0.0408 - val_mae: 0.1515 - 313ms/epoch - 156ms/step
Epoch 116/10000

Epoch 116: val_loss did not improve from 0.03898
2/2 - 0s - loss: 0.0410 - mse: 0.0410 - mae: 0.1545 - val_loss: 0.0404 - val_mse: 0.0404 - val_mae: 0.1600 - 304ms/epoch - 152ms/step
Epoch 117/10000

Epoch 117: val_loss did not improve from 0.03898
2/2 - 0s - loss: 0.0414 - mse: 0.0414 - mae: 0.1592 - val_loss: 0.0437 - val_mse: 0.0437 - val_mae: 0.1561 - 296ms/epoch - 148ms/step
Epoch 118/10000

Epoch 118: val_loss did not improve from 0.03898
2/2 - 0s - loss: 0.0428 - mse: 0.0428 - mae: 0.1567 - val_loss: 0.0417 - val_mse: 0.0417 - val_mae: 0.1643 - 301ms/epoch - 151ms/step
Epoch 119/10000

Epoch 119: val_loss did not improve from 0.03898
2/2 - 0s - loss: 0.0430 - mse: 0.0430 - mae: 0.1625 - val_loss: 0.0416 - val_mse: 0.0416 - val_mae: 0.1527 - 297ms/epoch - 148ms/step
Epoch 120/10000

Epoch 120: val_loss did not improve from 0.03898
2/2 - 0s - loss: 0.0415 - mse: 0.0415 - mae: 0.1546 - val_loss: 0.0406 - val_mse: 0.0406 - val_mae: 0.1606 - 303ms/epoch - 151ms/step
Epoch 121/10000

Epoch 121: val_loss did not improve from 0.03898
2/2 - 0s - loss: 0.0418 - mse: 0.0418 - mae: 0.1605 - val_loss: 0.0429 - val_mse: 0.0429 - val_mae: 0.1547 - 293ms/epoch - 146ms/step
Epoch 122/10000

Epoch 122: val_loss did not improve from 0.03898
2/2 - 0s - loss: 0.0424 - mse: 0.0424 - mae: 0.1553 - val_loss: 0.0423 - val_mse: 0.0423 - val_mae: 0.1661 - 295ms/epoch - 147ms/step
Epoch 123/10000

Epoch 123: val_loss did not improve from 0.03898
2/2 - 0s - loss: 0.0436 - mse: 0.0436 - mae: 0.1664 - val_loss: 0.0441 - val_mse: 0.0441 - val_mae: 0.1568 - 294ms/epoch - 147ms/step
Epoch 124/10000

Epoch 124: val_loss did not improve from 0.03898
2/2 - 0s - loss: 0.0439 - mse: 0.0439 - mae: 0.1576 - val_loss: 0.0396 - val_mse: 0.0396 - val_mae: 0.1560 - 300ms/epoch - 150ms/step
Epoch 125/10000

Epoch 125: val_loss did not improve from 0.03898
2/2 - 0s - loss: 0.0425 - mse: 0.0425 - mae: 0.1622 - val_loss: 0.0403 - val_mse: 0.0403 - val_mae: 0.1511 - 298ms/epoch - 149ms/step
Epoch 126/10000

Epoch 126: val_loss did not improve from 0.03898
2/2 - 0s - loss: 0.0424 - mse: 0.0424 - mae: 0.1557 - val_loss: 0.0391 - val_mse: 0.0391 - val_mae: 0.1508 - 300ms/epoch - 150ms/step
Epoch 127/10000

Epoch 127: val_loss did not improve from 0.03898
2/2 - 0s - loss: 0.0416 - mse: 0.0416 - mae: 0.1585 - val_loss: 0.0392 - val_mse: 0.0392 - val_mae: 0.1538 - 297ms/epoch - 149ms/step
Epoch 128/10000

Epoch 128: val_loss did not improve from 0.03898
2/2 - 0s - loss: 0.0416 - mse: 0.0416 - mae: 0.1559 - val_loss: 0.0411 - val_mse: 0.0411 - val_mae: 0.1522 - 293ms/epoch - 146ms/step
Epoch 129/10000

Epoch 129: val_loss did not improve from 0.03898
2/2 - 0s - loss: 0.0412 - mse: 0.0412 - mae: 0.1540 - val_loss: 0.0411 - val_mse: 0.0411 - val_mae: 0.1616 - 297ms/epoch - 148ms/step
Epoch 130/10000

Epoch 130: val_loss did not improve from 0.03898
2/2 - 0s - loss: 0.0427 - mse: 0.0427 - mae: 0.1624 - val_loss: 0.0404 - val_mse: 0.0404 - val_mae: 0.1514 - 292ms/epoch - 146ms/step
Epoch 131/10000

Epoch 131: val_loss did not improve from 0.03898
2/2 - 0s - loss: 0.0413 - mse: 0.0413 - mae: 0.1539 - val_loss: 0.0393 - val_mse: 0.0393 - val_mae: 0.1543 - 300ms/epoch - 150ms/step
Epoch 132/10000

Epoch 132: val_loss did not improve from 0.03898
2/2 - 0s - loss: 0.0417 - mse: 0.0417 - mae: 0.1595 - val_loss: 0.0394 - val_mse: 0.0394 - val_mae: 0.1506 - 299ms/epoch - 149ms/step
Epoch 133/10000

Epoch 133: val_loss did not improve from 0.03898
2/2 - 0s - loss: 0.0412 - mse: 0.0412 - mae: 0.1542 - val_loss: 0.0398 - val_mse: 0.0398 - val_mae: 0.1508 - 303ms/epoch - 152ms/step
Epoch 134/10000

Epoch 134: val_loss did not improve from 0.03898
2/2 - 0s - loss: 0.0411 - mse: 0.0411 - mae: 0.1553 - val_loss: 0.0396 - val_mse: 0.0396 - val_mae: 0.1559 - 301ms/epoch - 150ms/step
Epoch 135/10000

Epoch 135: val_loss did not improve from 0.03898
2/2 - 0s - loss: 0.0409 - mse: 0.0409 - mae: 0.1568 - val_loss: 0.0419 - val_mse: 0.0419 - val_mae: 0.1535 - 320ms/epoch - 160ms/step
Epoch 136/10000

Epoch 136: val_loss did not improve from 0.03898
2/2 - 0s - loss: 0.0422 - mse: 0.0422 - mae: 0.1552 - val_loss: 0.0393 - val_mse: 0.0393 - val_mae: 0.1544 - 301ms/epoch - 151ms/step
Epoch 137/10000

Epoch 137: val_loss did not improve from 0.03898
2/2 - 0s - loss: 0.0418 - mse: 0.0418 - mae: 0.1600 - val_loss: 0.0392 - val_mse: 0.0392 - val_mae: 0.1506 - 301ms/epoch - 151ms/step
Epoch 138/10000

Epoch 138: val_loss did not improve from 0.03898
2/2 - 0s - loss: 0.0410 - mse: 0.0410 - mae: 0.1539 - val_loss: 0.0401 - val_mse: 0.0401 - val_mae: 0.1510 - 320ms/epoch - 160ms/step
Epoch 139/10000

Epoch 139: val_loss did not improve from 0.03898
2/2 - 0s - loss: 0.0409 - mse: 0.0409 - mae: 0.1545 - val_loss: 0.0400 - val_mse: 0.0400 - val_mae: 0.1577 - 300ms/epoch - 150ms/step
Epoch 140/10000

Epoch 140: val_loss did not improve from 0.03898
2/2 - 0s - loss: 0.0420 - mse: 0.0420 - mae: 0.1594 - val_loss: 0.0398 - val_mse: 0.0398 - val_mae: 0.1507 - 297ms/epoch - 149ms/step
Epoch 141/10000

Epoch 141: val_loss did not improve from 0.03898
2/2 - 0s - loss: 0.0408 - mse: 0.0408 - mae: 0.1533 - val_loss: 0.0390 - val_mse: 0.0390 - val_mae: 0.1524 - 293ms/epoch - 147ms/step
Epoch 142/10000

Epoch 142: val_loss did not improve from 0.03898
2/2 - 0s - loss: 0.0407 - mse: 0.0407 - mae: 0.1555 - val_loss: 0.0393 - val_mse: 0.0393 - val_mae: 0.1505 - 293ms/epoch - 147ms/step
Epoch 143/10000

Epoch 143: val_loss did not improve from 0.03898
2/2 - 0s - loss: 0.0405 - mse: 0.0405 - mae: 0.1534 - val_loss: 0.0393 - val_mse: 0.0393 - val_mae: 0.1504 - 301ms/epoch - 151ms/step
Epoch 144/10000

Epoch 144: val_loss did not improve from 0.03898
2/2 - 0s - loss: 0.0408 - mse: 0.0408 - mae: 0.1545 - val_loss: 0.0390 - val_mse: 0.0390 - val_mae: 0.1507 - 298ms/epoch - 149ms/step
Epoch 145/10000

Epoch 145: val_loss did not improve from 0.03898
2/2 - 0s - loss: 0.0407 - mse: 0.0407 - mae: 0.1539 - val_loss: 0.0390 - val_mse: 0.0390 - val_mae: 0.1507 - 303ms/epoch - 151ms/step
Epoch 146/10000

Epoch 146: val_loss improved from 0.03898 to 0.03893, saving model to ./results/NN_thk_regr/ResNet/recursion_20/ckpt_1
2/2 - 1s - loss: 0.0405 - mse: 0.0405 - mae: 0.1546 - val_loss: 0.0389 - val_mse: 0.0389 - val_mae: 0.1520 - 1s/epoch - 610ms/step
Epoch 147/10000

Epoch 147: val_loss did not improve from 0.03893
2/2 - 0s - loss: 0.0404 - mse: 0.0404 - mae: 0.1544 - val_loss: 0.0399 - val_mse: 0.0399 - val_mae: 0.1506 - 303ms/epoch - 152ms/step
Epoch 148/10000

Epoch 148: val_loss did not improve from 0.03893
2/2 - 0s - loss: 0.0407 - mse: 0.0407 - mae: 0.1534 - val_loss: 0.0391 - val_mse: 0.0391 - val_mae: 0.1538 - 302ms/epoch - 151ms/step
Epoch 149/10000

Epoch 149: val_loss did not improve from 0.03893
2/2 - 0s - loss: 0.0409 - mse: 0.0409 - mae: 0.1572 - val_loss: 0.0397 - val_mse: 0.0397 - val_mae: 0.1503 - 295ms/epoch - 147ms/step
Epoch 150/10000

Epoch 150: val_loss improved from 0.03893 to 0.03887, saving model to ./results/NN_thk_regr/ResNet/recursion_20/ckpt_1
2/2 - 1s - loss: 0.0410 - mse: 0.0410 - mae: 0.1533 - val_loss: 0.0389 - val_mse: 0.0389 - val_mae: 0.1510 - 1s/epoch - 559ms/step
Epoch 151/10000

Epoch 151: val_loss did not improve from 0.03887
2/2 - 0s - loss: 0.0406 - mse: 0.0406 - mae: 0.1555 - val_loss: 0.0389 - val_mse: 0.0389 - val_mae: 0.1522 - 296ms/epoch - 148ms/step
Epoch 152/10000

Epoch 152: val_loss did not improve from 0.03887
2/2 - 0s - loss: 0.0404 - mse: 0.0404 - mae: 0.1539 - val_loss: 0.0403 - val_mse: 0.0403 - val_mae: 0.1509 - 294ms/epoch - 147ms/step
Epoch 153/10000

Epoch 153: val_loss did not improve from 0.03887
2/2 - 0s - loss: 0.0410 - mse: 0.0410 - mae: 0.1538 - val_loss: 0.0390 - val_mse: 0.0390 - val_mae: 0.1536 - 297ms/epoch - 148ms/step
Epoch 154/10000

Epoch 154: val_loss did not improve from 0.03887
2/2 - 0s - loss: 0.0406 - mse: 0.0406 - mae: 0.1562 - val_loss: 0.0408 - val_mse: 0.0408 - val_mae: 0.1515 - 300ms/epoch - 150ms/step
Epoch 155/10000

Epoch 155: val_loss did not improve from 0.03887
2/2 - 0s - loss: 0.0416 - mse: 0.0416 - mae: 0.1538 - val_loss: 0.0392 - val_mse: 0.0392 - val_mae: 0.1548 - 298ms/epoch - 149ms/step
Epoch 156/10000

Epoch 156: val_loss did not improve from 0.03887
2/2 - 0s - loss: 0.0414 - mse: 0.0414 - mae: 0.1593 - val_loss: 0.0392 - val_mse: 0.0392 - val_mae: 0.1501 - 299ms/epoch - 149ms/step
Epoch 157/10000

Epoch 157: val_loss did not improve from 0.03887
2/2 - 0s - loss: 0.0407 - mse: 0.0407 - mae: 0.1529 - val_loss: 0.0394 - val_mse: 0.0394 - val_mae: 0.1501 - 303ms/epoch - 151ms/step
Epoch 158/10000

Epoch 158: val_loss did not improve from 0.03887
2/2 - 0s - loss: 0.0403 - mse: 0.0403 - mae: 0.1539 - val_loss: 0.0397 - val_mse: 0.0397 - val_mae: 0.1572 - 297ms/epoch - 148ms/step
Epoch 159/10000

Epoch 159: val_loss did not improve from 0.03887
2/2 - 0s - loss: 0.0413 - mse: 0.0413 - mae: 0.1579 - val_loss: 0.0403 - val_mse: 0.0403 - val_mae: 0.1508 - 298ms/epoch - 149ms/step
Epoch 160/10000

Epoch 160: val_loss did not improve from 0.03887
2/2 - 0s - loss: 0.0408 - mse: 0.0408 - mae: 0.1531 - val_loss: 0.0393 - val_mse: 0.0393 - val_mae: 0.1553 - 299ms/epoch - 149ms/step
Epoch 161/10000

Epoch 161: val_loss did not improve from 0.03887
2/2 - 0s - loss: 0.0410 - mse: 0.0410 - mae: 0.1576 - val_loss: 0.0392 - val_mse: 0.0392 - val_mae: 0.1500 - 299ms/epoch - 150ms/step
Epoch 162/10000

Epoch 162: val_loss improved from 0.03887 to 0.03882, saving model to ./results/NN_thk_regr/ResNet/recursion_20/ckpt_1
2/2 - 1s - loss: 0.0405 - mse: 0.0405 - mae: 0.1529 - val_loss: 0.0388 - val_mse: 0.0388 - val_mae: 0.1524 - 1s/epoch - 590ms/step
Epoch 163/10000

Epoch 163: val_loss did not improve from 0.03882
2/2 - 0s - loss: 0.0406 - mse: 0.0406 - mae: 0.1560 - val_loss: 0.0389 - val_mse: 0.0389 - val_mae: 0.1502 - 304ms/epoch - 152ms/step
Epoch 164/10000

Epoch 164: val_loss improved from 0.03882 to 0.03876, saving model to ./results/NN_thk_regr/ResNet/recursion_20/ckpt_1
2/2 - 1s - loss: 0.0406 - mse: 0.0406 - mae: 0.1531 - val_loss: 0.0388 - val_mse: 0.0388 - val_mae: 0.1507 - 1s/epoch - 591ms/step
Epoch 165/10000

Epoch 165: val_loss improved from 0.03876 to 0.03873, saving model to ./results/NN_thk_regr/ResNet/recursion_20/ckpt_1
2/2 - 1s - loss: 0.0404 - mse: 0.0404 - mae: 0.1547 - val_loss: 0.0387 - val_mse: 0.0387 - val_mae: 0.1510 - 1s/epoch - 597ms/step
Epoch 166/10000

Epoch 166: val_loss did not improve from 0.03873
2/2 - 0s - loss: 0.0405 - mse: 0.0405 - mae: 0.1539 - val_loss: 0.0389 - val_mse: 0.0389 - val_mae: 0.1500 - 300ms/epoch - 150ms/step
Epoch 167/10000

Epoch 167: val_loss did not improve from 0.03873
2/2 - 0s - loss: 0.0402 - mse: 0.0402 - mae: 0.1535 - val_loss: 0.0389 - val_mse: 0.0389 - val_mae: 0.1531 - 298ms/epoch - 149ms/step
Epoch 168/10000

Epoch 168: val_loss did not improve from 0.03873
2/2 - 0s - loss: 0.0404 - mse: 0.0404 - mae: 0.1550 - val_loss: 0.0397 - val_mse: 0.0397 - val_mae: 0.1501 - 298ms/epoch - 149ms/step
Epoch 169/10000

Epoch 169: val_loss did not improve from 0.03873
2/2 - 0s - loss: 0.0405 - mse: 0.0405 - mae: 0.1529 - val_loss: 0.0389 - val_mse: 0.0389 - val_mae: 0.1537 - 298ms/epoch - 149ms/step
Epoch 170/10000

Epoch 170: val_loss did not improve from 0.03873
2/2 - 0s - loss: 0.0405 - mse: 0.0405 - mae: 0.1558 - val_loss: 0.0393 - val_mse: 0.0393 - val_mae: 0.1499 - 297ms/epoch - 148ms/step
Epoch 171/10000

Epoch 171: val_loss did not improve from 0.03873
2/2 - 0s - loss: 0.0403 - mse: 0.0403 - mae: 0.1527 - val_loss: 0.0388 - val_mse: 0.0388 - val_mae: 0.1526 - 294ms/epoch - 147ms/step
Epoch 172/10000

Epoch 172: val_loss did not improve from 0.03873
2/2 - 0s - loss: 0.0404 - mse: 0.0404 - mae: 0.1552 - val_loss: 0.0389 - val_mse: 0.0389 - val_mae: 0.1499 - 300ms/epoch - 150ms/step
Epoch 173/10000

Epoch 173: val_loss improved from 0.03873 to 0.03872, saving model to ./results/NN_thk_regr/ResNet/recursion_20/ckpt_1
2/2 - 1s - loss: 0.0401 - mse: 0.0401 - mae: 0.1528 - val_loss: 0.0387 - val_mse: 0.0387 - val_mae: 0.1503 - 1s/epoch - 559ms/step
Epoch 174/10000

Epoch 174: val_loss did not improve from 0.03872
2/2 - 0s - loss: 0.0401 - mse: 0.0401 - mae: 0.1532 - val_loss: 0.0389 - val_mse: 0.0389 - val_mae: 0.1536 - 301ms/epoch - 151ms/step
Epoch 175/10000

Epoch 175: val_loss did not improve from 0.03872
2/2 - 0s - loss: 0.0404 - mse: 0.0404 - mae: 0.1560 - val_loss: 0.0405 - val_mse: 0.0405 - val_mae: 0.1509 - 297ms/epoch - 149ms/step
Epoch 176/10000

Epoch 176: val_loss did not improve from 0.03872
2/2 - 0s - loss: 0.0410 - mse: 0.0410 - mae: 0.1530 - val_loss: 0.0391 - val_mse: 0.0391 - val_mae: 0.1551 - 299ms/epoch - 150ms/step
Epoch 177/10000

Epoch 177: val_loss did not improve from 0.03872
2/2 - 0s - loss: 0.0408 - mse: 0.0408 - mae: 0.1576 - val_loss: 0.0405 - val_mse: 0.0405 - val_mae: 0.1508 - 301ms/epoch - 150ms/step
Epoch 178/10000

Epoch 178: val_loss did not improve from 0.03872
2/2 - 0s - loss: 0.0410 - mse: 0.0410 - mae: 0.1533 - val_loss: 0.0388 - val_mse: 0.0388 - val_mae: 0.1534 - 295ms/epoch - 148ms/step
Epoch 179/10000

Epoch 179: val_loss did not improve from 0.03872
2/2 - 0s - loss: 0.0405 - mse: 0.0405 - mae: 0.1561 - val_loss: 0.0392 - val_mse: 0.0392 - val_mae: 0.1497 - 301ms/epoch - 150ms/step
Epoch 180/10000

Epoch 180: val_loss did not improve from 0.03872
2/2 - 0s - loss: 0.0407 - mse: 0.0407 - mae: 0.1528 - val_loss: 0.0395 - val_mse: 0.0395 - val_mae: 0.1568 - 296ms/epoch - 148ms/step
Epoch 181/10000

Epoch 181: val_loss did not improve from 0.03872
2/2 - 0s - loss: 0.0414 - mse: 0.0414 - mae: 0.1601 - val_loss: 0.0413 - val_mse: 0.0413 - val_mae: 0.1520 - 297ms/epoch - 149ms/step
Epoch 182/10000

Epoch 182: val_loss did not improve from 0.03872
2/2 - 0s - loss: 0.0419 - mse: 0.0419 - mae: 0.1539 - val_loss: 0.0395 - val_mse: 0.0395 - val_mae: 0.1568 - 300ms/epoch - 150ms/step
Epoch 183/10000

Epoch 183: val_loss did not improve from 0.03872
2/2 - 0s - loss: 0.0414 - mse: 0.0414 - mae: 0.1600 - val_loss: 0.0394 - val_mse: 0.0394 - val_mae: 0.1498 - 300ms/epoch - 150ms/step
Epoch 184/10000

Epoch 184: val_loss did not improve from 0.03872
2/2 - 0s - loss: 0.0412 - mse: 0.0412 - mae: 0.1534 - val_loss: 0.0392 - val_mse: 0.0392 - val_mae: 0.1551 - 301ms/epoch - 150ms/step
Epoch 185/10000

Epoch 185: val_loss did not improve from 0.03872
2/2 - 0s - loss: 0.0412 - mse: 0.0412 - mae: 0.1593 - val_loss: 0.0393 - val_mse: 0.0393 - val_mae: 0.1497 - 298ms/epoch - 149ms/step
Epoch 186/10000

Epoch 186: val_loss improved from 0.03872 to 0.03862, saving model to ./results/NN_thk_regr/ResNet/recursion_20/ckpt_1
2/2 - 1s - loss: 0.0407 - mse: 0.0407 - mae: 0.1531 - val_loss: 0.0386 - val_mse: 0.0386 - val_mae: 0.1507 - 1s/epoch - 592ms/step
Epoch 187/10000

Epoch 187: val_loss did not improve from 0.03862
2/2 - 0s - loss: 0.0406 - mse: 0.0406 - mae: 0.1559 - val_loss: 0.0387 - val_mse: 0.0387 - val_mae: 0.1501 - 299ms/epoch - 150ms/step
Epoch 188/10000

Epoch 188: val_loss did not improve from 0.03862
2/2 - 0s - loss: 0.0404 - mse: 0.0404 - mae: 0.1530 - val_loss: 0.0389 - val_mse: 0.0389 - val_mae: 0.1498 - 299ms/epoch - 150ms/step
Epoch 189/10000

Epoch 189: val_loss improved from 0.03862 to 0.03862, saving model to ./results/NN_thk_regr/ResNet/recursion_20/ckpt_1
2/2 - 1s - loss: 0.0406 - mse: 0.0406 - mae: 0.1551 - val_loss: 0.0386 - val_mse: 0.0386 - val_mae: 0.1506 - 1s/epoch - 595ms/step
Epoch 190/10000

Epoch 190: val_loss did not improve from 0.03862
2/2 - 0s - loss: 0.0402 - mse: 0.0402 - mae: 0.1532 - val_loss: 0.0390 - val_mse: 0.0390 - val_mae: 0.1497 - 307ms/epoch - 154ms/step
Epoch 191/10000

Epoch 191: val_loss did not improve from 0.03862
2/2 - 0s - loss: 0.0401 - mse: 0.0401 - mae: 0.1532 - val_loss: 0.0389 - val_mse: 0.0389 - val_mae: 0.1538 - 293ms/epoch - 147ms/step
Epoch 192/10000

Epoch 192: val_loss did not improve from 0.03862
2/2 - 0s - loss: 0.0403 - mse: 0.0403 - mae: 0.1554 - val_loss: 0.0401 - val_mse: 0.0401 - val_mae: 0.1504 - 296ms/epoch - 148ms/step
Epoch 193/10000

Epoch 193: val_loss did not improve from 0.03862
2/2 - 0s - loss: 0.0406 - mse: 0.0406 - mae: 0.1527 - val_loss: 0.0391 - val_mse: 0.0391 - val_mae: 0.1551 - 295ms/epoch - 147ms/step
Epoch 194/10000

Epoch 194: val_loss did not improve from 0.03862
2/2 - 0s - loss: 0.0406 - mse: 0.0406 - mae: 0.1567 - val_loss: 0.0400 - val_mse: 0.0400 - val_mae: 0.1503 - 294ms/epoch - 147ms/step
Epoch 195/10000

Epoch 195: val_loss did not improve from 0.03862
2/2 - 0s - loss: 0.0407 - mse: 0.0407 - mae: 0.1530 - val_loss: 0.0386 - val_mse: 0.0386 - val_mae: 0.1522 - 296ms/epoch - 148ms/step
Epoch 196/10000

Epoch 196: val_loss did not improve from 0.03862
2/2 - 0s - loss: 0.0402 - mse: 0.0402 - mae: 0.1549 - val_loss: 0.0393 - val_mse: 0.0393 - val_mae: 0.1497 - 295ms/epoch - 147ms/step
Epoch 197/10000

Epoch 197: val_loss improved from 0.03862 to 0.03856, saving model to ./results/NN_thk_regr/ResNet/recursion_20/ckpt_1
2/2 - 1s - loss: 0.0403 - mse: 0.0403 - mae: 0.1523 - val_loss: 0.0386 - val_mse: 0.0386 - val_mae: 0.1513 - 1s/epoch - 558ms/step
Epoch 198/10000

Epoch 198: val_loss did not improve from 0.03856
2/2 - 0s - loss: 0.0401 - mse: 0.0401 - mae: 0.1546 - val_loss: 0.0393 - val_mse: 0.0393 - val_mae: 0.1496 - 296ms/epoch - 148ms/step
Epoch 199/10000

Epoch 199: val_loss did not improve from 0.03856
2/2 - 0s - loss: 0.0403 - mse: 0.0403 - mae: 0.1523 - val_loss: 0.0388 - val_mse: 0.0388 - val_mae: 0.1533 - 294ms/epoch - 147ms/step
Epoch 200/10000

Epoch 200: val_loss did not improve from 0.03856
2/2 - 0s - loss: 0.0404 - mse: 0.0404 - mae: 0.1561 - val_loss: 0.0390 - val_mse: 0.0390 - val_mae: 0.1496 - 293ms/epoch - 147ms/step
Epoch 201/10000

Epoch 201: val_loss did not improve from 0.03856
2/2 - 0s - loss: 0.0403 - mse: 0.0403 - mae: 0.1522 - val_loss: 0.0387 - val_mse: 0.0387 - val_mae: 0.1535 - 296ms/epoch - 148ms/step
Epoch 202/10000

Epoch 202: val_loss did not improve from 0.03856
2/2 - 0s - loss: 0.0404 - mse: 0.0404 - mae: 0.1562 - val_loss: 0.0391 - val_mse: 0.0391 - val_mae: 0.1495 - 298ms/epoch - 149ms/step
Epoch 203/10000

Epoch 203: val_loss improved from 0.03856 to 0.03854, saving model to ./results/NN_thk_regr/ResNet/recursion_20/ckpt_1
2/2 - 1s - loss: 0.0402 - mse: 0.0402 - mae: 0.1522 - val_loss: 0.0385 - val_mse: 0.0385 - val_mae: 0.1519 - 1s/epoch - 588ms/step
Epoch 204/10000

Epoch 204: val_loss did not improve from 0.03854
2/2 - 0s - loss: 0.0404 - mse: 0.0404 - mae: 0.1561 - val_loss: 0.0406 - val_mse: 0.0406 - val_mae: 0.1510 - 297ms/epoch - 149ms/step
Epoch 205/10000

Epoch 205: val_loss did not improve from 0.03854
2/2 - 0s - loss: 0.0411 - mse: 0.0411 - mae: 0.1528 - val_loss: 0.0392 - val_mse: 0.0392 - val_mae: 0.1556 - 298ms/epoch - 149ms/step
Epoch 206/10000

Epoch 206: val_loss did not improve from 0.03854
2/2 - 0s - loss: 0.0408 - mse: 0.0408 - mae: 0.1581 - val_loss: 0.0399 - val_mse: 0.0399 - val_mae: 0.1501 - 300ms/epoch - 150ms/step
Epoch 207/10000

Epoch 207: val_loss improved from 0.03854 to 0.03849, saving model to ./results/NN_thk_regr/ResNet/recursion_20/ckpt_1
2/2 - 1s - loss: 0.0406 - mse: 0.0406 - mae: 0.1525 - val_loss: 0.0385 - val_mse: 0.0385 - val_mae: 0.1509 - 1s/epoch - 591ms/step
Epoch 208/10000

Epoch 208: val_loss did not improve from 0.03849
2/2 - 0s - loss: 0.0400 - mse: 0.0400 - mae: 0.1540 - val_loss: 0.0387 - val_mse: 0.0387 - val_mae: 0.1497 - 302ms/epoch - 151ms/step
Epoch 209/10000

Epoch 209: val_loss did not improve from 0.03849
2/2 - 0s - loss: 0.0399 - mse: 0.0399 - mae: 0.1524 - val_loss: 0.0386 - val_mse: 0.0386 - val_mae: 0.1498 - 296ms/epoch - 148ms/step
Epoch 210/10000

Epoch 210: val_loss did not improve from 0.03849
2/2 - 0s - loss: 0.0398 - mse: 0.0398 - mae: 0.1527 - val_loss: 0.0385 - val_mse: 0.0385 - val_mae: 0.1518 - 293ms/epoch - 147ms/step
Epoch 211/10000

Epoch 211: val_loss did not improve from 0.03849
2/2 - 0s - loss: 0.0400 - mse: 0.0400 - mae: 0.1542 - val_loss: 0.0395 - val_mse: 0.0395 - val_mae: 0.1497 - 295ms/epoch - 148ms/step
Epoch 212/10000

Epoch 212: val_loss did not improve from 0.03849
2/2 - 0s - loss: 0.0402 - mse: 0.0402 - mae: 0.1522 - val_loss: 0.0388 - val_mse: 0.0388 - val_mae: 0.1537 - 296ms/epoch - 148ms/step
Epoch 213/10000

Epoch 213: val_loss did not improve from 0.03849
2/2 - 0s - loss: 0.0402 - mse: 0.0402 - mae: 0.1556 - val_loss: 0.0403 - val_mse: 0.0403 - val_mae: 0.1505 - 299ms/epoch - 149ms/step
Epoch 214/10000

Epoch 214: val_loss did not improve from 0.03849
2/2 - 0s - loss: 0.0406 - mse: 0.0406 - mae: 0.1526 - val_loss: 0.0390 - val_mse: 0.0390 - val_mae: 0.1553 - 295ms/epoch - 148ms/step
Epoch 215/10000

Epoch 215: val_loss improved from 0.03849 to 0.03845, saving model to ./results/NN_thk_regr/ResNet/recursion_20/ckpt_1
2/2 - 1s - loss: 0.0413 - mse: 0.0413 - mae: 0.1580 - val_loss: 0.0384 - val_mse: 0.0384 - val_mae: 0.1513 - 1s/epoch - 557ms/step
Epoch 216/10000

Epoch 216: val_loss did not improve from 0.03845
2/2 - 0s - loss: 0.0399 - mse: 0.0399 - mae: 0.1538 - val_loss: 0.0385 - val_mse: 0.0385 - val_mae: 0.1518 - 299ms/epoch - 150ms/step
Epoch 217/10000

Epoch 217: val_loss did not improve from 0.03845
2/2 - 0s - loss: 0.0400 - mse: 0.0400 - mae: 0.1539 - val_loss: 0.0385 - val_mse: 0.0385 - val_mae: 0.1498 - 296ms/epoch - 148ms/step
Epoch 218/10000

Epoch 218: val_loss did not improve from 0.03845
2/2 - 0s - loss: 0.0399 - mse: 0.0399 - mae: 0.1531 - val_loss: 0.0386 - val_mse: 0.0386 - val_mae: 0.1498 - 295ms/epoch - 148ms/step
Epoch 219/10000

Epoch 219: val_loss improved from 0.03845 to 0.03843, saving model to ./results/NN_thk_regr/ResNet/recursion_20/ckpt_1
2/2 - 1s - loss: 0.0398 - mse: 0.0398 - mae: 0.1523 - val_loss: 0.0384 - val_mse: 0.0384 - val_mae: 0.1504 - 1s/epoch - 585ms/step
Epoch 220/10000

Epoch 220: val_loss did not improve from 0.03843
2/2 - 0s - loss: 0.0399 - mse: 0.0399 - mae: 0.1532 - val_loss: 0.0389 - val_mse: 0.0389 - val_mae: 0.1547 - 297ms/epoch - 148ms/step
Epoch 221/10000

Epoch 221: val_loss did not improve from 0.03843
2/2 - 0s - loss: 0.0405 - mse: 0.0405 - mae: 0.1564 - val_loss: 0.0388 - val_mse: 0.0388 - val_mae: 0.1494 - 296ms/epoch - 148ms/step
Epoch 222/10000

Epoch 222: val_loss did not improve from 0.03843
2/2 - 0s - loss: 0.0399 - mse: 0.0399 - mae: 0.1528 - val_loss: 0.0385 - val_mse: 0.0385 - val_mae: 0.1501 - 296ms/epoch - 148ms/step
Epoch 223/10000

Epoch 223: val_loss improved from 0.03843 to 0.03841, saving model to ./results/NN_thk_regr/ResNet/recursion_20/ckpt_1
2/2 - 1s - loss: 0.0398 - mse: 0.0398 - mae: 0.1524 - val_loss: 0.0384 - val_mse: 0.0384 - val_mae: 0.1504 - 1s/epoch - 588ms/step
Epoch 224/10000

Epoch 224: val_loss improved from 0.03841 to 0.03839, saving model to ./results/NN_thk_regr/ResNet/recursion_20/ckpt_1
2/2 - 1s - loss: 0.0397 - mse: 0.0397 - mae: 0.1531 - val_loss: 0.0384 - val_mse: 0.0384 - val_mae: 0.1511 - 1s/epoch - 592ms/step
Epoch 225/10000

Epoch 225: val_loss did not improve from 0.03839
2/2 - 0s - loss: 0.0398 - mse: 0.0398 - mae: 0.1537 - val_loss: 0.0403 - val_mse: 0.0403 - val_mae: 0.1505 - 298ms/epoch - 149ms/step
Epoch 226/10000

Epoch 226: val_loss did not improve from 0.03839
2/2 - 0s - loss: 0.0404 - mse: 0.0404 - mae: 0.1520 - val_loss: 0.0402 - val_mse: 0.0402 - val_mae: 0.1602 - 300ms/epoch - 150ms/step
Epoch 227/10000

Epoch 227: val_loss did not improve from 0.03839
2/2 - 0s - loss: 0.0418 - mse: 0.0418 - mae: 0.1600 - val_loss: 0.0397 - val_mse: 0.0397 - val_mae: 0.1497 - 297ms/epoch - 148ms/step
Epoch 228/10000

Epoch 228: val_loss did not improve from 0.03839
2/2 - 0s - loss: 0.0401 - mse: 0.0401 - mae: 0.1523 - val_loss: 0.0392 - val_mse: 0.0392 - val_mae: 0.1562 - 293ms/epoch - 147ms/step
Epoch 229/10000

Epoch 229: val_loss did not improve from 0.03839
2/2 - 0s - loss: 0.0410 - mse: 0.0410 - mae: 0.1571 - val_loss: 0.0392 - val_mse: 0.0392 - val_mae: 0.1494 - 298ms/epoch - 149ms/step
Epoch 230/10000

Epoch 230: val_loss did not improve from 0.03839
2/2 - 0s - loss: 0.0408 - mse: 0.0408 - mae: 0.1554 - val_loss: 0.0386 - val_mse: 0.0386 - val_mae: 0.1494 - 300ms/epoch - 150ms/step
Epoch 231/10000

Epoch 231: val_loss improved from 0.03839 to 0.03837, saving model to ./results/NN_thk_regr/ResNet/recursion_20/ckpt_1
2/2 - 1s - loss: 0.0400 - mse: 0.0400 - mae: 0.1520 - val_loss: 0.0384 - val_mse: 0.0384 - val_mae: 0.1510 - 1s/epoch - 557ms/step
Epoch 232/10000

Epoch 232: val_loss did not improve from 0.03837
2/2 - 0s - loss: 0.0399 - mse: 0.0399 - mae: 0.1544 - val_loss: 0.0386 - val_mse: 0.0386 - val_mae: 0.1495 - 294ms/epoch - 147ms/step
Epoch 233/10000

Epoch 233: val_loss did not improve from 0.03837
2/2 - 0s - loss: 0.0399 - mse: 0.0399 - mae: 0.1519 - val_loss: 0.0386 - val_mse: 0.0386 - val_mae: 0.1530 - 297ms/epoch - 149ms/step
Epoch 234/10000

Epoch 234: val_loss did not improve from 0.03837
2/2 - 0s - loss: 0.0404 - mse: 0.0404 - mae: 0.1566 - val_loss: 0.0431 - val_mse: 0.0431 - val_mae: 0.1549 - 299ms/epoch - 150ms/step
Epoch 235/10000

Epoch 235: val_loss did not improve from 0.03837
2/2 - 0s - loss: 0.0421 - mse: 0.0421 - mae: 0.1539 - val_loss: 0.0437 - val_mse: 0.0437 - val_mae: 0.1709 - 294ms/epoch - 147ms/step
Epoch 236/10000

Epoch 236: val_loss did not improve from 0.03837
2/2 - 0s - loss: 0.0443 - mse: 0.0443 - mae: 0.1670 - val_loss: 0.0431 - val_mse: 0.0431 - val_mae: 0.1548 - 294ms/epoch - 147ms/step
Epoch 237/10000

Epoch 237: val_loss did not improve from 0.03837
2/2 - 0s - loss: 0.0419 - mse: 0.0419 - mae: 0.1543 - val_loss: 0.0413 - val_mse: 0.0413 - val_mae: 0.1636 - 296ms/epoch - 148ms/step
Epoch 238/10000

Epoch 238: val_loss did not improve from 0.03837
2/2 - 0s - loss: 0.0419 - mse: 0.0419 - mae: 0.1614 - val_loss: 0.0440 - val_mse: 0.0440 - val_mae: 0.1566 - 295ms/epoch - 148ms/step
Epoch 239/10000

Epoch 239: val_loss did not improve from 0.03837
2/2 - 0s - loss: 0.0425 - mse: 0.0425 - mae: 0.1558 - val_loss: 0.0418 - val_mse: 0.0418 - val_mae: 0.1651 - 299ms/epoch - 149ms/step
Epoch 240/10000

Epoch 240: val_loss did not improve from 0.03837
2/2 - 0s - loss: 0.0428 - mse: 0.0428 - mae: 0.1628 - val_loss: 0.0427 - val_mse: 0.0427 - val_mae: 0.1543 - 298ms/epoch - 149ms/step
Epoch 241/10000

Epoch 241: val_loss did not improve from 0.03837
2/2 - 0s - loss: 0.0417 - mse: 0.0417 - mae: 0.1542 - val_loss: 0.0410 - val_mse: 0.0410 - val_mae: 0.1624 - 301ms/epoch - 150ms/step
Epoch 242/10000

Epoch 242: val_loss did not improve from 0.03837
2/2 - 0s - loss: 0.0425 - mse: 0.0425 - mae: 0.1612 - val_loss: 0.0405 - val_mse: 0.0405 - val_mae: 0.1509 - 302ms/epoch - 151ms/step
Epoch 243/10000

Epoch 243: val_loss did not improve from 0.03837
2/2 - 0s - loss: 0.0407 - mse: 0.0407 - mae: 0.1527 - val_loss: 0.0390 - val_mse: 0.0390 - val_mae: 0.1545 - 297ms/epoch - 149ms/step
Epoch 244/10000

Epoch 244: val_loss did not improve from 0.03837
2/2 - 0s - loss: 0.0408 - mse: 0.0408 - mae: 0.1563 - val_loss: 0.0387 - val_mse: 0.0387 - val_mae: 0.1496 - 299ms/epoch - 149ms/step
Epoch 245/10000

Epoch 245: val_loss did not improve from 0.03837
2/2 - 0s - loss: 0.0406 - mse: 0.0406 - mae: 0.1551 - val_loss: 0.0399 - val_mse: 0.0399 - val_mae: 0.1502 - 298ms/epoch - 149ms/step
Epoch 246/10000

Epoch 246: val_loss did not improve from 0.03837
2/2 - 0s - loss: 0.0406 - mse: 0.0406 - mae: 0.1523 - val_loss: 0.0385 - val_mse: 0.0385 - val_mae: 0.1510 - 301ms/epoch - 151ms/step
Epoch 247/10000

Epoch 247: val_loss did not improve from 0.03837
2/2 - 0s - loss: 0.0401 - mse: 0.0401 - mae: 0.1546 - val_loss: 0.0387 - val_mse: 0.0387 - val_mae: 0.1497 - 297ms/epoch - 149ms/step
Epoch 248/10000

Epoch 248: val_loss did not improve from 0.03837
2/2 - 0s - loss: 0.0402 - mse: 0.0402 - mae: 0.1522 - val_loss: 0.0385 - val_mse: 0.0385 - val_mae: 0.1508 - 299ms/epoch - 149ms/step
Epoch 249/10000

Epoch 249: val_loss did not improve from 0.03837
2/2 - 0s - loss: 0.0403 - mse: 0.0403 - mae: 0.1553 - val_loss: 0.0390 - val_mse: 0.0390 - val_mae: 0.1495 - 295ms/epoch - 147ms/step
Epoch 250/10000

Epoch 250: val_loss did not improve from 0.03837
2/2 - 0s - loss: 0.0404 - mse: 0.0404 - mae: 0.1526 - val_loss: 0.0385 - val_mse: 0.0385 - val_mae: 0.1511 - 296ms/epoch - 148ms/step
Epoch 251/10000

Epoch 251: val_loss did not improve from 0.03837
2/2 - 0s - loss: 0.0406 - mse: 0.0406 - mae: 0.1565 - val_loss: 0.0391 - val_mse: 0.0391 - val_mae: 0.1495 - 300ms/epoch - 150ms/step
Epoch 252/10000

Epoch 252: val_loss did not improve from 0.03837
2/2 - 0s - loss: 0.0405 - mse: 0.0405 - mae: 0.1521 - val_loss: 0.0384 - val_mse: 0.0384 - val_mae: 0.1505 - 325ms/epoch - 163ms/step
Epoch 253/10000

Epoch 253: val_loss did not improve from 0.03837
2/2 - 0s - loss: 0.0406 - mse: 0.0406 - mae: 0.1562 - val_loss: 0.0389 - val_mse: 0.0389 - val_mae: 0.1494 - 300ms/epoch - 150ms/step
Epoch 254/10000

Epoch 254: val_loss did not improve from 0.03837
2/2 - 0s - loss: 0.0406 - mse: 0.0406 - mae: 0.1520 - val_loss: 0.0384 - val_mse: 0.0384 - val_mae: 0.1510 - 293ms/epoch - 146ms/step
Epoch 255/10000

Epoch 255: val_loss did not improve from 0.03837
2/2 - 0s - loss: 0.0400 - mse: 0.0400 - mae: 0.1551 - val_loss: 0.0384 - val_mse: 0.0384 - val_mae: 0.1511 - 296ms/epoch - 148ms/step
Epoch 256/10000

Epoch 256: val_loss did not improve from 0.03837
2/2 - 0s - loss: 0.0398 - mse: 0.0398 - mae: 0.1528 - val_loss: 0.0395 - val_mse: 0.0395 - val_mae: 0.1497 - 295ms/epoch - 147ms/step
Epoch 257/10000

Epoch 257: val_loss did not improve from 0.03837
2/2 - 0s - loss: 0.0403 - mse: 0.0403 - mae: 0.1528 - val_loss: 0.0386 - val_mse: 0.0386 - val_mae: 0.1525 - 295ms/epoch - 148ms/step
Epoch 258/10000

Epoch 258: val_loss did not improve from 0.03837
2/2 - 0s - loss: 0.0400 - mse: 0.0400 - mae: 0.1544 - val_loss: 0.0396 - val_mse: 0.0396 - val_mae: 0.1497 - 301ms/epoch - 150ms/step
Epoch 259/10000

Epoch 259: val_loss did not improve from 0.03837
2/2 - 0s - loss: 0.0401 - mse: 0.0401 - mae: 0.1522 - val_loss: 0.0388 - val_mse: 0.0388 - val_mae: 0.1543 - 300ms/epoch - 150ms/step
Epoch 260/10000

Epoch 260: val_loss did not improve from 0.03837
2/2 - 0s - loss: 0.0403 - mse: 0.0403 - mae: 0.1559 - val_loss: 0.0395 - val_mse: 0.0395 - val_mae: 0.1496 - 298ms/epoch - 149ms/step
Epoch 261/10000

Epoch 261: val_loss did not improve from 0.03837
2/2 - 0s - loss: 0.0401 - mse: 0.0401 - mae: 0.1520 - val_loss: 0.0387 - val_mse: 0.0387 - val_mae: 0.1536 - 295ms/epoch - 148ms/step
Epoch 262/10000

Epoch 262: val_loss did not improve from 0.03837
2/2 - 0s - loss: 0.0401 - mse: 0.0401 - mae: 0.1549 - val_loss: 0.0392 - val_mse: 0.0392 - val_mae: 0.1494 - 296ms/epoch - 148ms/step
Epoch 263/10000

Epoch 263: val_loss did not improve from 0.03837
2/2 - 0s - loss: 0.0399 - mse: 0.0399 - mae: 0.1519 - val_loss: 0.0385 - val_mse: 0.0385 - val_mae: 0.1527 - 300ms/epoch - 150ms/step
Epoch 264/10000

Epoch 264: val_loss improved from 0.03837 to 0.03835, saving model to ./results/NN_thk_regr/ResNet/recursion_20/ckpt_1
2/2 - 1s - loss: 0.0403 - mse: 0.0403 - mae: 0.1549 - val_loss: 0.0383 - val_mse: 0.0383 - val_mae: 0.1512 - 1s/epoch - 586ms/step
Epoch 265/10000

Epoch 265: val_loss did not improve from 0.03835
2/2 - 0s - loss: 0.0398 - mse: 0.0398 - mae: 0.1541 - val_loss: 0.0391 - val_mse: 0.0391 - val_mae: 0.1493 - 299ms/epoch - 149ms/step
Epoch 266/10000

Epoch 266: val_loss did not improve from 0.03835
2/2 - 0s - loss: 0.0400 - mse: 0.0400 - mae: 0.1523 - val_loss: 0.0385 - val_mse: 0.0385 - val_mae: 0.1496 - 296ms/epoch - 148ms/step
Epoch 267/10000

Epoch 267: val_loss did not improve from 0.03835
2/2 - 0s - loss: 0.0399 - mse: 0.0399 - mae: 0.1533 - val_loss: 0.0394 - val_mse: 0.0394 - val_mae: 0.1495 - 297ms/epoch - 148ms/step
Epoch 268/10000

Epoch 268: val_loss improved from 0.03835 to 0.03832, saving model to ./results/NN_thk_regr/ResNet/recursion_20/ckpt_1
2/2 - 1s - loss: 0.0402 - mse: 0.0402 - mae: 0.1523 - val_loss: 0.0383 - val_mse: 0.0383 - val_mae: 0.1504 - 1s/epoch - 591ms/step
Epoch 269/10000

Epoch 269: val_loss did not improve from 0.03832
2/2 - 0s - loss: 0.0397 - mse: 0.0397 - mae: 0.1532 - val_loss: 0.0392 - val_mse: 0.0392 - val_mae: 0.1493 - 301ms/epoch - 150ms/step
Epoch 270/10000

Epoch 270: val_loss did not improve from 0.03832
2/2 - 0s - loss: 0.0400 - mse: 0.0400 - mae: 0.1515 - val_loss: 0.0396 - val_mse: 0.0396 - val_mae: 0.1579 - 295ms/epoch - 147ms/step
Epoch 271/10000

Epoch 271: val_loss did not improve from 0.03832
2/2 - 0s - loss: 0.0407 - mse: 0.0407 - mae: 0.1584 - val_loss: 0.0421 - val_mse: 0.0421 - val_mae: 0.1530 - 298ms/epoch - 149ms/step
Epoch 272/10000

Epoch 272: val_loss did not improve from 0.03832
2/2 - 0s - loss: 0.0417 - mse: 0.0417 - mae: 0.1543 - val_loss: 0.0392 - val_mse: 0.0392 - val_mae: 0.1563 - 297ms/epoch - 148ms/step
Epoch 273/10000

Epoch 273: val_loss did not improve from 0.03832
2/2 - 0s - loss: 0.0409 - mse: 0.0409 - mae: 0.1572 - val_loss: 0.0388 - val_mse: 0.0388 - val_mae: 0.1492 - 323ms/epoch - 162ms/step
Epoch 274/10000

Epoch 274: val_loss did not improve from 0.03832
2/2 - 0s - loss: 0.0400 - mse: 0.0400 - mae: 0.1535 - val_loss: 0.0384 - val_mse: 0.0384 - val_mae: 0.1496 - 299ms/epoch - 150ms/step
Epoch 275/10000

Epoch 275: val_loss did not improve from 0.03832
2/2 - 0s - loss: 0.0401 - mse: 0.0401 - mae: 0.1522 - val_loss: 0.0386 - val_mse: 0.0386 - val_mae: 0.1536 - 322ms/epoch - 161ms/step
Epoch 276/10000

Epoch 276: val_loss did not improve from 0.03832
2/2 - 0s - loss: 0.0401 - mse: 0.0401 - mae: 0.1559 - val_loss: 0.0386 - val_mse: 0.0386 - val_mae: 0.1493 - 304ms/epoch - 152ms/step
Epoch 277/10000

Epoch 277: val_loss did not improve from 0.03832
2/2 - 0s - loss: 0.0397 - mse: 0.0397 - mae: 0.1516 - val_loss: 0.0385 - val_mse: 0.0385 - val_mae: 0.1530 - 298ms/epoch - 149ms/step
Epoch 278/10000

Epoch 278: val_loss did not improve from 0.03832
2/2 - 0s - loss: 0.0399 - mse: 0.0399 - mae: 0.1547 - val_loss: 0.0386 - val_mse: 0.0386 - val_mae: 0.1493 - 294ms/epoch - 147ms/step
Epoch 279/10000

Epoch 279: val_loss improved from 0.03832 to 0.03827, saving model to ./results/NN_thk_regr/ResNet/recursion_20/ckpt_1
2/2 - 1s - loss: 0.0396 - mse: 0.0396 - mae: 0.1519 - val_loss: 0.0383 - val_mse: 0.0383 - val_mae: 0.1509 - 1s/epoch - 594ms/step
Epoch 280/10000

Epoch 280: val_loss did not improve from 0.03827
2/2 - 0s - loss: 0.0401 - mse: 0.0401 - mae: 0.1535 - val_loss: 0.0389 - val_mse: 0.0389 - val_mae: 0.1553 - 300ms/epoch - 150ms/step
Epoch 281/10000

Epoch 281: val_loss did not improve from 0.03827
2/2 - 0s - loss: 0.0404 - mse: 0.0404 - mae: 0.1575 - val_loss: 0.0439 - val_mse: 0.0439 - val_mae: 0.1561 - 294ms/epoch - 147ms/step
Epoch 282/10000

Epoch 282: val_loss did not improve from 0.03827
2/2 - 0s - loss: 0.0425 - mse: 0.0425 - mae: 0.1552 - val_loss: 0.0417 - val_mse: 0.0417 - val_mae: 0.1654 - 293ms/epoch - 147ms/step
Epoch 283/10000

Epoch 283: val_loss did not improve from 0.03827
2/2 - 0s - loss: 0.0424 - mse: 0.0424 - mae: 0.1627 - val_loss: 0.0429 - val_mse: 0.0429 - val_mae: 0.1543 - 297ms/epoch - 148ms/step
Epoch 284/10000

Epoch 284: val_loss did not improve from 0.03827
2/2 - 0s - loss: 0.0416 - mse: 0.0416 - mae: 0.1539 - val_loss: 0.0416 - val_mse: 0.0416 - val_mae: 0.1648 - 296ms/epoch - 148ms/step
Epoch 285/10000

Epoch 285: val_loss did not improve from 0.03827
2/2 - 0s - loss: 0.0420 - mse: 0.0420 - mae: 0.1608 - val_loss: 0.0445 - val_mse: 0.0445 - val_mae: 0.1571 - 299ms/epoch - 149ms/step
Epoch 286/10000

Epoch 286: val_loss did not improve from 0.03827
2/2 - 0s - loss: 0.0424 - mse: 0.0424 - mae: 0.1556 - val_loss: 0.0436 - val_mse: 0.0436 - val_mae: 0.1707 - 298ms/epoch - 149ms/step
Epoch 287/10000

Epoch 287: val_loss did not improve from 0.03827
2/2 - 0s - loss: 0.0440 - mse: 0.0440 - mae: 0.1668 - val_loss: 0.0442 - val_mse: 0.0442 - val_mae: 0.1566 - 300ms/epoch - 150ms/step
Epoch 288/10000

Epoch 288: val_loss did not improve from 0.03827
2/2 - 0s - loss: 0.0426 - mse: 0.0426 - mae: 0.1557 - val_loss: 0.0414 - val_mse: 0.0414 - val_mae: 0.1639 - 294ms/epoch - 147ms/step
Epoch 289/10000

Epoch 289: val_loss did not improve from 0.03827
2/2 - 0s - loss: 0.0428 - mse: 0.0428 - mae: 0.1628 - val_loss: 0.0408 - val_mse: 0.0408 - val_mae: 0.1511 - 293ms/epoch - 147ms/step
Epoch 290/10000

Epoch 290: val_loss did not improve from 0.03827
2/2 - 0s - loss: 0.0412 - mse: 0.0412 - mae: 0.1539 - val_loss: 0.0385 - val_mse: 0.0385 - val_mae: 0.1524 - 297ms/epoch - 149ms/step
Epoch 291/10000

Epoch 291: val_loss did not improve from 0.03827
2/2 - 0s - loss: 0.0398 - mse: 0.0398 - mae: 0.1541 - val_loss: 0.0404 - val_mse: 0.0404 - val_mae: 0.1507 - 296ms/epoch - 148ms/step
Epoch 292/10000

Epoch 292: val_loss did not improve from 0.03827
2/2 - 0s - loss: 0.0405 - mse: 0.0405 - mae: 0.1519 - val_loss: 0.0408 - val_mse: 0.0408 - val_mae: 0.1616 - 298ms/epoch - 149ms/step
Epoch 293/10000

Epoch 293: val_loss did not improve from 0.03827
2/2 - 0s - loss: 0.0422 - mse: 0.0422 - mae: 0.1631 - val_loss: 0.0449 - val_mse: 0.0449 - val_mae: 0.1581 - 295ms/epoch - 147ms/step
Epoch 294/10000

Epoch 294: val_loss did not improve from 0.03827
2/2 - 0s - loss: 0.0443 - mse: 0.0443 - mae: 0.1574 - val_loss: 0.0405 - val_mse: 0.0405 - val_mae: 0.1605 - 298ms/epoch - 149ms/step
Epoch 295/10000

Epoch 295: val_loss did not improve from 0.03827
2/2 - 0s - loss: 0.0435 - mse: 0.0435 - mae: 0.1666 - val_loss: 0.0420 - val_mse: 0.0420 - val_mae: 0.1531 - 297ms/epoch - 149ms/step
Epoch 296/10000

Epoch 296: val_loss did not improve from 0.03827
2/2 - 0s - loss: 0.0431 - mse: 0.0431 - mae: 0.1557 - val_loss: 0.0385 - val_mse: 0.0385 - val_mae: 0.1501 - 305ms/epoch - 152ms/step
Epoch 297/10000

Epoch 297: val_loss did not improve from 0.03827
2/2 - 0s - loss: 0.0416 - mse: 0.0416 - mae: 0.1591 - val_loss: 0.0385 - val_mse: 0.0385 - val_mae: 0.1509 - 296ms/epoch - 148ms/step
Epoch 298/10000

Epoch 298: val_loss did not improve from 0.03827
2/2 - 0s - loss: 0.0413 - mse: 0.0413 - mae: 0.1551 - val_loss: 0.0399 - val_mse: 0.0399 - val_mae: 0.1502 - 301ms/epoch - 151ms/step
Epoch 299/10000

Epoch 299: val_loss did not improve from 0.03827
2/2 - 0s - loss: 0.0409 - mse: 0.0409 - mae: 0.1544 - val_loss: 0.0397 - val_mse: 0.0397 - val_mae: 0.1575 - 296ms/epoch - 148ms/step
Epoch 300/10000

Epoch 300: val_loss did not improve from 0.03827
2/2 - 0s - loss: 0.0406 - mse: 0.0406 - mae: 0.1571 - val_loss: 0.0433 - val_mse: 0.0433 - val_mae: 0.1555 - 295ms/epoch - 148ms/step
Epoch 301/10000

Epoch 301: val_loss did not improve from 0.03827
2/2 - 0s - loss: 0.0424 - mse: 0.0424 - mae: 0.1554 - val_loss: 0.0397 - val_mse: 0.0397 - val_mae: 0.1574 - 302ms/epoch - 151ms/step
Epoch 302/10000

Epoch 302: val_loss did not improve from 0.03827
2/2 - 0s - loss: 0.0413 - mse: 0.0413 - mae: 0.1594 - val_loss: 0.0394 - val_mse: 0.0394 - val_mae: 0.1497 - 299ms/epoch - 149ms/step
Epoch 303/10000

Epoch 303: val_loss did not improve from 0.03827
2/2 - 0s - loss: 0.0404 - mse: 0.0404 - mae: 0.1520 - val_loss: 0.0385 - val_mse: 0.0385 - val_mae: 0.1501 - 297ms/epoch - 149ms/step
Epoch 304/10000

Epoch 304: val_loss did not improve from 0.03827
2/2 - 0s - loss: 0.0400 - mse: 0.0400 - mae: 0.1540 - val_loss: 0.0385 - val_mse: 0.0385 - val_mae: 0.1514 - 299ms/epoch - 150ms/step
Epoch 305/10000

Epoch 305: val_loss did not improve from 0.03827
2/2 - 0s - loss: 0.0400 - mse: 0.0400 - mae: 0.1533 - val_loss: 0.0394 - val_mse: 0.0394 - val_mae: 0.1496 - 301ms/epoch - 150ms/step
Epoch 306/10000

Epoch 306: val_loss did not improve from 0.03827
2/2 - 0s - loss: 0.0399 - mse: 0.0399 - mae: 0.1517 - val_loss: 0.0392 - val_mse: 0.0392 - val_mae: 0.1554 - 299ms/epoch - 149ms/step
Epoch 307/10000

Epoch 307: val_loss did not improve from 0.03827
2/2 - 0s - loss: 0.0406 - mse: 0.0406 - mae: 0.1568 - val_loss: 0.0394 - val_mse: 0.0394 - val_mae: 0.1496 - 300ms/epoch - 150ms/step
Epoch 308/10000

Epoch 308: val_loss did not improve from 0.03827
2/2 - 0s - loss: 0.0401 - mse: 0.0401 - mae: 0.1517 - val_loss: 0.0384 - val_mse: 0.0384 - val_mae: 0.1511 - 298ms/epoch - 149ms/step
Epoch 309/10000

Epoch 309: val_loss did not improve from 0.03827
2/2 - 0s - loss: 0.0399 - mse: 0.0399 - mae: 0.1542 - val_loss: 0.0386 - val_mse: 0.0386 - val_mae: 0.1495 - 298ms/epoch - 149ms/step
Epoch 310/10000

Epoch 310: val_loss did not improve from 0.03827
2/2 - 0s - loss: 0.0402 - mse: 0.0402 - mae: 0.1523 - val_loss: 0.0384 - val_mse: 0.0384 - val_mae: 0.1514 - 295ms/epoch - 148ms/step
Epoch 311/10000

Epoch 311: val_loss did not improve from 0.03827
2/2 - 0s - loss: 0.0402 - mse: 0.0402 - mae: 0.1555 - val_loss: 0.0386 - val_mse: 0.0386 - val_mae: 0.1496 - 300ms/epoch - 150ms/step
Epoch 312/10000

Epoch 312: val_loss did not improve from 0.03827
2/2 - 0s - loss: 0.0399 - mse: 0.0399 - mae: 0.1519 - val_loss: 0.0387 - val_mse: 0.0387 - val_mae: 0.1493 - 303ms/epoch - 152ms/step
Epoch 313/10000

Epoch 313: val_loss did not improve from 0.03827
2/2 - 0s - loss: 0.0400 - mse: 0.0400 - mae: 0.1535 - val_loss: 0.0384 - val_mse: 0.0384 - val_mae: 0.1510 - 300ms/epoch - 150ms/step
Epoch 314/10000

Epoch 314: val_loss did not improve from 0.03827
2/2 - 0s - loss: 0.0397 - mse: 0.0397 - mae: 0.1530 - val_loss: 0.0395 - val_mse: 0.0395 - val_mae: 0.1495 - 298ms/epoch - 149ms/step
Epoch 315/10000

Epoch 315: val_loss did not improve from 0.03827
2/2 - 0s - loss: 0.0400 - mse: 0.0400 - mae: 0.1519 - val_loss: 0.0388 - val_mse: 0.0388 - val_mae: 0.1540 - 296ms/epoch - 148ms/step
Epoch 316/10000

Epoch 316: val_loss did not improve from 0.03827
2/2 - 0s - loss: 0.0402 - mse: 0.0402 - mae: 0.1555 - val_loss: 0.0390 - val_mse: 0.0390 - val_mae: 0.1492 - 294ms/epoch - 147ms/step
Epoch 317/10000

Epoch 317: val_loss did not improve from 0.03827
2/2 - 0s - loss: 0.0398 - mse: 0.0398 - mae: 0.1517 - val_loss: 0.0384 - val_mse: 0.0384 - val_mae: 0.1514 - 299ms/epoch - 150ms/step
Epoch 318/10000

Epoch 318: val_loss did not improve from 0.03827
2/2 - 0s - loss: 0.0397 - mse: 0.0397 - mae: 0.1537 - val_loss: 0.0386 - val_mse: 0.0386 - val_mae: 0.1493 - 298ms/epoch - 149ms/step
Epoch 319/10000

Epoch 319: val_loss did not improve from 0.03827
2/2 - 0s - loss: 0.0397 - mse: 0.0397 - mae: 0.1519 - val_loss: 0.0384 - val_mse: 0.0384 - val_mae: 0.1497 - 301ms/epoch - 150ms/step
Epoch 320/10000

Epoch 320: val_loss did not improve from 0.03827
2/2 - 0s - loss: 0.0396 - mse: 0.0396 - mae: 0.1521 - val_loss: 0.0383 - val_mse: 0.0383 - val_mae: 0.1508 - 300ms/epoch - 150ms/step
Epoch 321/10000

Epoch 321: val_loss did not improve from 0.03827
2/2 - 0s - loss: 0.0397 - mse: 0.0397 - mae: 0.1533 - val_loss: 0.0393 - val_mse: 0.0393 - val_mae: 0.1493 - 298ms/epoch - 149ms/step
Epoch 322/10000

Epoch 322: val_loss did not improve from 0.03827
2/2 - 0s - loss: 0.0400 - mse: 0.0400 - mae: 0.1513 - val_loss: 0.0387 - val_mse: 0.0387 - val_mae: 0.1540 - 293ms/epoch - 147ms/step
Epoch 323/10000

Epoch 323: val_loss did not improve from 0.03827
2/2 - 0s - loss: 0.0403 - mse: 0.0403 - mae: 0.1568 - val_loss: 0.0397 - val_mse: 0.0397 - val_mae: 0.1496 - 299ms/epoch - 149ms/step
Epoch 324/10000

Epoch 324: val_loss did not improve from 0.03827
2/2 - 0s - loss: 0.0404 - mse: 0.0404 - mae: 0.1515 - val_loss: 0.0385 - val_mse: 0.0385 - val_mae: 0.1528 - 299ms/epoch - 150ms/step
Epoch 325/10000

Epoch 325: val_loss did not improve from 0.03827
2/2 - 0s - loss: 0.0405 - mse: 0.0405 - mae: 0.1574 - val_loss: 0.0402 - val_mse: 0.0402 - val_mae: 0.1502 - 302ms/epoch - 151ms/step
Epoch 326/10000

Epoch 326: val_loss did not improve from 0.03827
2/2 - 0s - loss: 0.0408 - mse: 0.0408 - mae: 0.1519 - val_loss: 0.0383 - val_mse: 0.0383 - val_mae: 0.1514 - 295ms/epoch - 147ms/step
Epoch 327/10000

Epoch 327: val_loss did not improve from 0.03827
2/2 - 0s - loss: 0.0398 - mse: 0.0398 - mae: 0.1547 - val_loss: 0.0383 - val_mse: 0.0383 - val_mae: 0.1504 - 299ms/epoch - 150ms/step
Epoch 328/10000

Epoch 328: val_loss did not improve from 0.03827
2/2 - 0s - loss: 0.0404 - mse: 0.0404 - mae: 0.1533 - val_loss: 0.0383 - val_mse: 0.0383 - val_mae: 0.1516 - 296ms/epoch - 148ms/step
Epoch 329/10000

Epoch 329: val_loss did not improve from 0.03827
2/2 - 0s - loss: 0.0399 - mse: 0.0399 - mae: 0.1554 - val_loss: 0.0384 - val_mse: 0.0384 - val_mae: 0.1497 - 297ms/epoch - 149ms/step
Epoch 329: early stopping
