[ 13.14519438  30.04553007  46.53366244  63.02179482  79.5099272
  95.99805957 112.48619195 128.97432432 145.4624567  161.95058908
 178.43872145 194.92685383 211.41498621 227.90311858 244.39125096
 260.87938334 277.36751571 293.85564809 310.34378047 326.83191284
 343.32004522 359.80817759 376.29630997 392.78444235 409.27257472
 425.7607071 ]
Before undersampling: [(0, 375), (1, 834), (2, 3661), (3, 4955), (4, 3156), (5, 2425), (6, 2195), (7, 1862), (8, 1648), (9, 1497), (10, 1418), (11, 1313), (12, 1182), (13, 1082), (14, 902), (15, 843), (16, 708), (17, 675), (18, 486), (19, 429), (20, 347), (21, 282), (22, 251), (23, 195), (24, 209)]
After undersampling: [(0, 168), (1, 522), (2, 2664), (3, 3467), (4, 2159), (5, 1613), (6, 1599), (7, 1249), (8, 1147), (9, 1013), (10, 1027), (11, 905), (12, 839), (13, 797), (14, 628), (15, 620), (16, 483), (17, 466), (18, 328), (19, 297), (20, 232), (21, 178), (22, 161), (23, 195), (24, 169)]
            label  HH_0_0_x  HV_0_0_x  IA_0_0_x       FYI      DFYI       MYI     rms_0     thk_1     rms_1     thk_2     rms_2     thk_3     rms_3  ...    3         4    5         6         7         8         9        10   11        12   13        14        15                                                CNN
0       16.139592  0.219608  0.035294  0.088288  0.882676  0.108083  0.009241  4.432204  1.094384  4.425093  1.084232  4.392166  1.101596  4.360446  ...  0.0  1.134534  0.0  0.699116  0.670457  0.916544  0.300850  1.066648  0.0  0.821731  0.0  0.803037  0.578600  [[[[0.1294117647058823], [0.0883301903219784],...
1       26.230662  0.156863  0.047059  0.119165  0.961854  0.022821  0.015325  4.225914  1.075663  4.253072  1.065113  4.211414  1.065057  4.178884  ...  0.0  1.034368  0.0  0.601895  0.637338  0.815358  0.242091  0.964201  0.0  0.753941  0.0  0.705857  0.563963  [[[[0.1725490196078431], [0.1191287545596852],...
2       28.040659  0.211765  0.086275  0.152644  0.981291  0.004015  0.014693  4.395981  1.158768  4.468707  1.148045  4.454327  1.138040  4.406380  ...  0.0  0.915899  0.0  0.488425  0.582858  0.713237  0.197010  0.831129  0.0  0.663291  0.0  0.586402  0.519154  [[[[0.1764705882352941], [0.1526766309551164],...
3       21.815400  0.176471  0.047059  0.109033  0.909129  0.061746  0.029124  4.458025  1.136226  4.407183  1.111574  4.378206  1.147405  4.352475  ...  0.0  1.033357  0.0  0.626885  0.609676  0.849666  0.295397  0.963212  0.0  0.757014  0.0  0.727547  0.542999  [[[[0.3215686274509804], [0.1089950636321423],...
4       18.674049  0.184314  0.043137  0.115075  0.698632  0.235406  0.065962  4.542684  1.150180  4.536512  1.123120  4.530789  1.165942  4.506475  ...  0.0  1.028360  0.0  0.616413  0.615959  0.823596  0.270923  0.955457  0.0  0.748311  0.0  0.712028  0.538044  [[[[0.2509803921568627], [0.1150371925503599],...
...           ...       ...       ...       ...       ...       ...       ...       ...       ...       ...       ...       ...       ...       ...  ...  ...       ...  ...       ...       ...       ...       ...       ...  ...       ...  ...       ...       ...                                                ...
22921  417.027580  0.505882  0.090196  0.152162  0.185910  0.031902  0.782188  4.486675  1.202497  4.531466  1.252972  4.593008  1.239219  4.510143  ...  0.0  0.839703  0.0  0.468273  0.499118  0.650608  0.278814  0.681403  0.0  0.621146  0.0  0.548368  0.455899  [[[[0.4196078431372549], [0.15219440834195], [...
22922  417.866263  0.392157  0.125490  0.152184  0.189279  0.051355  0.759366  4.590506  1.242536  4.658542  1.255140  4.682031  1.275536  4.639037  ...  0.0  0.753041  0.0  0.432618  0.424933  0.606180  0.279904  0.615722  0.0  0.551801  0.0  0.504145  0.391604  [[[[0.3490196078431372], [0.1522158155254289],...
22923  421.196328  0.631373  0.466667  0.154089  0.004261  0.000064  0.995674  1.187829  0.197352  0.941815  0.203265  0.245285  0.157730  0.213412  ...  0.0  0.644292  0.0  0.466233  0.184014  0.544459  0.317551  0.496343  0.0  0.488684  0.0  0.521621  0.200857  [[[[0.596078431372549], [0.1541208603802849], ...
22924  416.289186  0.517647  0.160784  0.153404  0.011037  0.000341  0.988622  1.187829  0.197352  0.941815  0.203265  0.245285  0.157730  0.213412  ...  0.0  0.792541  0.0  0.518223  0.461039  0.679398  0.335284  0.699151  0.0  0.512142  0.0  0.532694  0.315921  [[[[0.4078431372549019], [0.1534358903473499],...
22925  423.194662  0.341176  0.274510  0.153307  0.003870  0.000024  0.996105  1.187829  0.197352  0.941815  0.203265  0.245285  0.157730  0.213412  ...  0.0  0.712026  0.0  0.452670  0.356484  0.560431  0.500874  0.445316  0.0  0.508642  0.0  0.462847  0.257479  [[[[0.5686274509803921], [0.1533395804610907],...

[22926 rows x 128 columns]
Size of dataset: (22926, 127)
*************************** Fold #: 1 ***************************
Model: "model"
__________________________________________________________________________________________________
 Layer (type)                   Output Shape         Param #     Connected to                     
==================================================================================================
 conv (InputLayer)              [(None, 7, 7, 3, 1)  0           []                               
                                ]                                                                 
                                                                                                  
 zero_padding3d (ZeroPadding3D)  (None, 8, 8, 4, 1)  0           ['conv[0][0]']                   
                                                                                                  
 conv3d (Conv3D)                (None, 8, 8, 4, 8)   224         ['zero_padding3d[0][0]']         
                                                                                                  
 max_pooling3d (MaxPooling3D)   (None, 4, 4, 2, 8)   0           ['conv3d[0][0]']                 
                                                                                                  
 conv3d_1 (Conv3D)              (None, 4, 4, 2, 4)   868         ['max_pooling3d[0][0]']          
                                                                                                  
 max_pooling3d_1 (MaxPooling3D)  (None, 2, 2, 1, 4)  0           ['conv3d_1[0][0]']               
                                                                                                  
 cat (InputLayer)               [(None, 126)]        0           []                               
                                                                                                  
 flatten (Flatten)              (None, 16)           0           ['max_pooling3d_1[0][0]']        
                                                                                                  
 concatenate (Concatenate)      (None, 142)          0           ['cat[0][0]',                    
                                                                  'flatten[0][0]']                
                                                                                                  
 dense (Dense)                  (None, 200)          28600       ['concatenate[0][0]']            
                                                                                                  
 dense_1 (Dense)                (None, 200)          40200       ['dense[0][0]']                  
                                                                                                  
 dense_2 (Dense)                (None, 200)          40200       ['dense_1[0][0]']                
                                                                                                  
 dense_3 (Dense)                (None, 200)          40200       ['dense_2[0][0]']                
                                                                                                  
 dense_4 (Dense)                (None, 200)          40200       ['dense_3[0][0]']                
                                                                                                  
 dense_5 (Dense)                (None, 1)            201         ['dense_4[0][0]']                
                                                                                                  
==================================================================================================
Total params: 190,693
Trainable params: 190,693
Non-trainable params: 0
__________________________________________________________________________________________________
Epoch 1/10000

Epoch 1: val_loss improved from inf to 1.78407, saving model to ./results/NN_rms_regr/ResNet/recursion_22/ckpt_1
12/12 - 3s - loss: 9.5021 - mse: 9.5021 - mae: 2.6394 - val_loss: 1.7841 - val_mse: 1.7841 - val_mae: 1.0713 - 3s/epoch - 279ms/step
Epoch 2/10000

Epoch 2: val_loss improved from 1.78407 to 0.88396, saving model to ./results/NN_rms_regr/ResNet/recursion_22/ckpt_1
12/12 - 3s - loss: 1.6992 - mse: 1.6992 - mae: 1.0044 - val_loss: 0.8840 - val_mse: 0.8840 - val_mae: 0.5743 - 3s/epoch - 232ms/step
Epoch 3/10000

Epoch 3: val_loss improved from 0.88396 to 0.79301, saving model to ./results/NN_rms_regr/ResNet/recursion_22/ckpt_1
12/12 - 3s - loss: 0.9897 - mse: 0.9897 - mae: 0.6542 - val_loss: 0.7930 - val_mse: 0.7930 - val_mae: 0.5718 - 3s/epoch - 232ms/step
Epoch 4/10000

Epoch 4: val_loss improved from 0.79301 to 0.53906, saving model to ./results/NN_rms_regr/ResNet/recursion_22/ckpt_1
12/12 - 3s - loss: 0.7223 - mse: 0.7223 - mae: 0.5626 - val_loss: 0.5391 - val_mse: 0.5391 - val_mae: 0.5257 - 3s/epoch - 232ms/step
Epoch 5/10000

Epoch 5: val_loss improved from 0.53906 to 0.31980, saving model to ./results/NN_rms_regr/ResNet/recursion_22/ckpt_1
12/12 - 3s - loss: 0.4132 - mse: 0.4132 - mae: 0.4895 - val_loss: 0.3198 - val_mse: 0.3198 - val_mae: 0.4572 - 3s/epoch - 232ms/step
Epoch 6/10000

Epoch 6: val_loss improved from 0.31980 to 0.28814, saving model to ./results/NN_rms_regr/ResNet/recursion_22/ckpt_1
12/12 - 3s - loss: 0.3198 - mse: 0.3198 - mae: 0.4591 - val_loss: 0.2881 - val_mse: 0.2881 - val_mae: 0.4387 - 3s/epoch - 233ms/step
Epoch 7/10000

Epoch 7: val_loss did not improve from 0.28814
12/12 - 2s - loss: 0.2945 - mse: 0.2945 - mae: 0.4419 - val_loss: 0.2884 - val_mse: 0.2884 - val_mae: 0.4370 - 2s/epoch - 171ms/step
Epoch 8/10000

Epoch 8: val_loss improved from 0.28814 to 0.28742, saving model to ./results/NN_rms_regr/ResNet/recursion_22/ckpt_1
12/12 - 3s - loss: 0.2898 - mse: 0.2898 - mae: 0.4397 - val_loss: 0.2874 - val_mse: 0.2874 - val_mae: 0.4368 - 3s/epoch - 246ms/step
Epoch 9/10000

Epoch 9: val_loss improved from 0.28742 to 0.28488, saving model to ./results/NN_rms_regr/ResNet/recursion_22/ckpt_1
12/12 - 3s - loss: 0.2890 - mse: 0.2890 - mae: 0.4396 - val_loss: 0.2849 - val_mse: 0.2849 - val_mae: 0.4353 - 3s/epoch - 246ms/step
Epoch 10/10000

Epoch 10: val_loss did not improve from 0.28488
12/12 - 2s - loss: 0.2879 - mse: 0.2879 - mae: 0.4379 - val_loss: 0.2938 - val_mse: 0.2938 - val_mae: 0.4388 - 2s/epoch - 173ms/step
Epoch 11/10000

Epoch 11: val_loss did not improve from 0.28488
12/12 - 2s - loss: 0.2888 - mse: 0.2888 - mae: 0.4385 - val_loss: 0.2849 - val_mse: 0.2849 - val_mae: 0.4352 - 2s/epoch - 172ms/step
Epoch 12/10000

Epoch 12: val_loss improved from 0.28488 to 0.28430, saving model to ./results/NN_rms_regr/ResNet/recursion_22/ckpt_1
12/12 - 3s - loss: 0.2865 - mse: 0.2865 - mae: 0.4365 - val_loss: 0.2843 - val_mse: 0.2843 - val_mae: 0.4335 - 3s/epoch - 241ms/step
Epoch 13/10000

Epoch 13: val_loss did not improve from 0.28430
12/12 - 2s - loss: 0.2865 - mse: 0.2865 - mae: 0.4369 - val_loss: 0.2846 - val_mse: 0.2846 - val_mae: 0.4333 - 2s/epoch - 173ms/step
Epoch 14/10000

Epoch 14: val_loss did not improve from 0.28430
12/12 - 2s - loss: 0.2862 - mse: 0.2862 - mae: 0.4363 - val_loss: 0.2904 - val_mse: 0.2904 - val_mae: 0.4359 - 2s/epoch - 172ms/step
Epoch 15/10000

Epoch 15: val_loss did not improve from 0.28430
12/12 - 2s - loss: 0.2876 - mse: 0.2876 - mae: 0.4371 - val_loss: 0.2846 - val_mse: 0.2846 - val_mae: 0.4327 - 2s/epoch - 172ms/step
Epoch 16/10000

Epoch 16: val_loss improved from 0.28430 to 0.28409, saving model to ./results/NN_rms_regr/ResNet/recursion_22/ckpt_1
12/12 - 3s - loss: 0.2859 - mse: 0.2859 - mae: 0.4355 - val_loss: 0.2841 - val_mse: 0.2841 - val_mae: 0.4323 - 3s/epoch - 246ms/step
Epoch 17/10000

Epoch 17: val_loss did not improve from 0.28409
12/12 - 2s - loss: 0.2863 - mse: 0.2863 - mae: 0.4354 - val_loss: 0.2925 - val_mse: 0.2925 - val_mae: 0.4403 - 2s/epoch - 171ms/step
Epoch 18/10000

Epoch 18: val_loss did not improve from 0.28409
12/12 - 2s - loss: 0.2902 - mse: 0.2902 - mae: 0.4386 - val_loss: 0.2849 - val_mse: 0.2849 - val_mae: 0.4342 - 2s/epoch - 172ms/step
Epoch 19/10000

Epoch 19: val_loss did not improve from 0.28409
12/12 - 2s - loss: 0.2906 - mse: 0.2906 - mae: 0.4382 - val_loss: 0.2879 - val_mse: 0.2879 - val_mae: 0.4338 - 2s/epoch - 171ms/step
Epoch 20/10000

Epoch 20: val_loss did not improve from 0.28409
12/12 - 2s - loss: 0.2868 - mse: 0.2868 - mae: 0.4358 - val_loss: 0.2858 - val_mse: 0.2858 - val_mae: 0.4325 - 2s/epoch - 172ms/step
Epoch 21/10000

Epoch 21: val_loss improved from 0.28409 to 0.28306, saving model to ./results/NN_rms_regr/ResNet/recursion_22/ckpt_1
12/12 - 3s - loss: 0.2845 - mse: 0.2845 - mae: 0.4340 - val_loss: 0.2831 - val_mse: 0.2831 - val_mae: 0.4325 - 3s/epoch - 246ms/step
Epoch 22/10000

Epoch 22: val_loss improved from 0.28306 to 0.28249, saving model to ./results/NN_rms_regr/ResNet/recursion_22/ckpt_1
12/12 - 3s - loss: 0.2866 - mse: 0.2866 - mae: 0.4357 - val_loss: 0.2825 - val_mse: 0.2825 - val_mae: 0.4318 - 3s/epoch - 245ms/step
Epoch 23/10000

Epoch 23: val_loss improved from 0.28249 to 0.28216, saving model to ./results/NN_rms_regr/ResNet/recursion_22/ckpt_1
12/12 - 3s - loss: 0.2847 - mse: 0.2847 - mae: 0.4343 - val_loss: 0.2822 - val_mse: 0.2822 - val_mae: 0.4306 - 3s/epoch - 240ms/step
Epoch 24/10000

Epoch 24: val_loss did not improve from 0.28216
12/12 - 2s - loss: 0.2843 - mse: 0.2843 - mae: 0.4338 - val_loss: 0.2823 - val_mse: 0.2823 - val_mae: 0.4308 - 2s/epoch - 172ms/step
Epoch 25/10000

Epoch 25: val_loss improved from 0.28216 to 0.28151, saving model to ./results/NN_rms_regr/ResNet/recursion_22/ckpt_1
12/12 - 3s - loss: 0.2837 - mse: 0.2837 - mae: 0.4336 - val_loss: 0.2815 - val_mse: 0.2815 - val_mae: 0.4305 - 3s/epoch - 246ms/step
Epoch 26/10000

Epoch 26: val_loss did not improve from 0.28151
12/12 - 2s - loss: 0.2860 - mse: 0.2860 - mae: 0.4348 - val_loss: 0.2853 - val_mse: 0.2853 - val_mae: 0.4341 - 2s/epoch - 172ms/step
Epoch 27/10000

Epoch 27: val_loss did not improve from 0.28151
12/12 - 2s - loss: 0.2847 - mse: 0.2847 - mae: 0.4342 - val_loss: 0.2835 - val_mse: 0.2835 - val_mae: 0.4310 - 2s/epoch - 171ms/step
Epoch 28/10000

Epoch 28: val_loss did not improve from 0.28151
12/12 - 2s - loss: 0.2853 - mse: 0.2853 - mae: 0.4345 - val_loss: 0.2897 - val_mse: 0.2897 - val_mae: 0.4339 - 2s/epoch - 172ms/step
Epoch 29/10000

Epoch 29: val_loss improved from 0.28151 to 0.28145, saving model to ./results/NN_rms_regr/ResNet/recursion_22/ckpt_1
12/12 - 3s - loss: 0.2853 - mse: 0.2853 - mae: 0.4346 - val_loss: 0.2815 - val_mse: 0.2815 - val_mae: 0.4306 - 3s/epoch - 246ms/step
Epoch 30/10000

Epoch 30: val_loss did not improve from 0.28145
12/12 - 2s - loss: 0.2856 - mse: 0.2856 - mae: 0.4346 - val_loss: 0.2828 - val_mse: 0.2828 - val_mae: 0.4307 - 2s/epoch - 173ms/step
Epoch 31/10000

Epoch 31: val_loss did not improve from 0.28145
12/12 - 2s - loss: 0.2839 - mse: 0.2839 - mae: 0.4334 - val_loss: 0.2836 - val_mse: 0.2836 - val_mae: 0.4325 - 2s/epoch - 172ms/step
Epoch 32/10000

Epoch 32: val_loss did not improve from 0.28145
12/12 - 2s - loss: 0.2845 - mse: 0.2845 - mae: 0.4336 - val_loss: 0.2823 - val_mse: 0.2823 - val_mae: 0.4315 - 2s/epoch - 176ms/step
Epoch 33/10000

Epoch 33: val_loss improved from 0.28145 to 0.28127, saving model to ./results/NN_rms_regr/ResNet/recursion_22/ckpt_1
12/12 - 3s - loss: 0.2837 - mse: 0.2837 - mae: 0.4330 - val_loss: 0.2813 - val_mse: 0.2813 - val_mae: 0.4297 - 3s/epoch - 241ms/step
Epoch 34/10000

Epoch 34: val_loss did not improve from 0.28127
12/12 - 2s - loss: 0.2861 - mse: 0.2861 - mae: 0.4347 - val_loss: 0.2901 - val_mse: 0.2901 - val_mae: 0.4340 - 2s/epoch - 171ms/step
Epoch 35/10000

Epoch 35: val_loss did not improve from 0.28127
12/12 - 2s - loss: 0.2858 - mse: 0.2858 - mae: 0.4342 - val_loss: 0.2857 - val_mse: 0.2857 - val_mae: 0.4314 - 2s/epoch - 172ms/step
Epoch 36/10000

Epoch 36: val_loss did not improve from 0.28127
12/12 - 2s - loss: 0.2865 - mse: 0.2865 - mae: 0.4350 - val_loss: 0.2982 - val_mse: 0.2982 - val_mae: 0.4387 - 2s/epoch - 172ms/step
Epoch 37/10000

Epoch 37: val_loss did not improve from 0.28127
12/12 - 2s - loss: 0.2883 - mse: 0.2883 - mae: 0.4363 - val_loss: 0.2861 - val_mse: 0.2861 - val_mae: 0.4316 - 2s/epoch - 172ms/step
Epoch 38/10000

Epoch 38: val_loss improved from 0.28127 to 0.28123, saving model to ./results/NN_rms_regr/ResNet/recursion_22/ckpt_1
12/12 - 3s - loss: 0.2861 - mse: 0.2861 - mae: 0.4349 - val_loss: 0.2812 - val_mse: 0.2812 - val_mae: 0.4297 - 3s/epoch - 246ms/step
Epoch 39/10000

Epoch 39: val_loss did not improve from 0.28123
12/12 - 2s - loss: 0.2886 - mse: 0.2886 - mae: 0.4368 - val_loss: 0.2867 - val_mse: 0.2867 - val_mae: 0.4348 - 2s/epoch - 173ms/step
Epoch 40/10000

Epoch 40: val_loss did not improve from 0.28123
12/12 - 2s - loss: 0.2884 - mse: 0.2884 - mae: 0.4364 - val_loss: 0.2813 - val_mse: 0.2813 - val_mae: 0.4302 - 2s/epoch - 172ms/step
Epoch 41/10000

Epoch 41: val_loss did not improve from 0.28123
12/12 - 2s - loss: 0.2843 - mse: 0.2843 - mae: 0.4331 - val_loss: 0.2815 - val_mse: 0.2815 - val_mae: 0.4305 - 2s/epoch - 172ms/step
Epoch 42/10000

Epoch 42: val_loss improved from 0.28123 to 0.28078, saving model to ./results/NN_rms_regr/ResNet/recursion_22/ckpt_1
12/12 - 3s - loss: 0.2842 - mse: 0.2842 - mae: 0.4332 - val_loss: 0.2808 - val_mse: 0.2808 - val_mae: 0.4293 - 3s/epoch - 246ms/step
Epoch 43/10000

Epoch 43: val_loss did not improve from 0.28078
12/12 - 2s - loss: 0.2865 - mse: 0.2865 - mae: 0.4345 - val_loss: 0.2809 - val_mse: 0.2809 - val_mae: 0.4296 - 2s/epoch - 176ms/step
Epoch 44/10000

Epoch 44: val_loss did not improve from 0.28078
12/12 - 2s - loss: 0.2852 - mse: 0.2852 - mae: 0.4334 - val_loss: 0.2898 - val_mse: 0.2898 - val_mae: 0.4372 - 2s/epoch - 174ms/step
Epoch 45/10000

Epoch 45: val_loss did not improve from 0.28078
12/12 - 2s - loss: 0.2866 - mse: 0.2866 - mae: 0.4347 - val_loss: 0.2809 - val_mse: 0.2809 - val_mae: 0.4297 - 2s/epoch - 171ms/step
Epoch 46/10000

Epoch 46: val_loss did not improve from 0.28078
12/12 - 2s - loss: 0.2852 - mse: 0.2852 - mae: 0.4339 - val_loss: 0.2911 - val_mse: 0.2911 - val_mae: 0.4342 - 2s/epoch - 171ms/step
Epoch 47/10000

Epoch 47: val_loss did not improve from 0.28078
12/12 - 2s - loss: 0.2873 - mse: 0.2873 - mae: 0.4351 - val_loss: 0.2832 - val_mse: 0.2832 - val_mae: 0.4301 - 2s/epoch - 171ms/step
Epoch 48/10000

Epoch 48: val_loss did not improve from 0.28078
12/12 - 2s - loss: 0.2845 - mse: 0.2845 - mae: 0.4333 - val_loss: 0.2830 - val_mse: 0.2830 - val_mae: 0.4299 - 2s/epoch - 171ms/step
Epoch 49/10000

Epoch 49: val_loss improved from 0.28078 to 0.28070, saving model to ./results/NN_rms_regr/ResNet/recursion_22/ckpt_1
12/12 - 3s - loss: 0.2870 - mse: 0.2870 - mae: 0.4349 - val_loss: 0.2807 - val_mse: 0.2807 - val_mae: 0.4290 - 3s/epoch - 240ms/step
Epoch 50/10000

Epoch 50: val_loss did not improve from 0.28070
12/12 - 2s - loss: 0.2847 - mse: 0.2847 - mae: 0.4333 - val_loss: 0.2948 - val_mse: 0.2948 - val_mae: 0.4412 - 2s/epoch - 171ms/step
Epoch 51/10000

Epoch 51: val_loss did not improve from 0.28070
12/12 - 2s - loss: 0.2881 - mse: 0.2881 - mae: 0.4354 - val_loss: 0.2807 - val_mse: 0.2807 - val_mae: 0.4295 - 2s/epoch - 172ms/step
Epoch 52/10000

Epoch 52: val_loss did not improve from 0.28070
12/12 - 2s - loss: 0.2882 - mse: 0.2882 - mae: 0.4353 - val_loss: 0.2824 - val_mse: 0.2824 - val_mae: 0.4293 - 2s/epoch - 171ms/step
Epoch 53/10000

Epoch 53: val_loss did not improve from 0.28070
12/12 - 2s - loss: 0.2847 - mse: 0.2847 - mae: 0.4331 - val_loss: 0.2831 - val_mse: 0.2831 - val_mae: 0.4301 - 2s/epoch - 172ms/step
Epoch 54/10000

Epoch 54: val_loss did not improve from 0.28070
12/12 - 2s - loss: 0.2852 - mse: 0.2852 - mae: 0.4333 - val_loss: 0.2822 - val_mse: 0.2822 - val_mae: 0.4307 - 2s/epoch - 171ms/step
Epoch 55/10000

Epoch 55: val_loss did not improve from 0.28070
12/12 - 2s - loss: 0.2852 - mse: 0.2852 - mae: 0.4338 - val_loss: 0.2890 - val_mse: 0.2890 - val_mae: 0.4364 - 2s/epoch - 172ms/step
Epoch 56/10000

Epoch 56: val_loss improved from 0.28070 to 0.28063, saving model to ./results/NN_rms_regr/ResNet/recursion_22/ckpt_1
12/12 - 3s - loss: 0.2853 - mse: 0.2853 - mae: 0.4335 - val_loss: 0.2806 - val_mse: 0.2806 - val_mae: 0.4292 - 3s/epoch - 244ms/step
Epoch 57/10000

Epoch 57: val_loss did not improve from 0.28063
12/12 - 2s - loss: 0.2829 - mse: 0.2829 - mae: 0.4319 - val_loss: 0.2814 - val_mse: 0.2814 - val_mae: 0.4292 - 2s/epoch - 171ms/step
Epoch 58/10000

Epoch 58: val_loss improved from 0.28063 to 0.28046, saving model to ./results/NN_rms_regr/ResNet/recursion_22/ckpt_1
12/12 - 3s - loss: 0.2831 - mse: 0.2831 - mae: 0.4320 - val_loss: 0.2805 - val_mse: 0.2805 - val_mae: 0.4286 - 3s/epoch - 244ms/step
Epoch 59/10000

Epoch 59: val_loss did not improve from 0.28046
12/12 - 2s - loss: 0.2837 - mse: 0.2837 - mae: 0.4322 - val_loss: 0.2810 - val_mse: 0.2810 - val_mae: 0.4297 - 2s/epoch - 172ms/step
Epoch 60/10000

Epoch 60: val_loss did not improve from 0.28046
12/12 - 2s - loss: 0.2839 - mse: 0.2839 - mae: 0.4326 - val_loss: 0.2827 - val_mse: 0.2827 - val_mae: 0.4293 - 2s/epoch - 172ms/step
Epoch 61/10000

Epoch 61: val_loss did not improve from 0.28046
12/12 - 2s - loss: 0.2858 - mse: 0.2858 - mae: 0.4338 - val_loss: 0.2867 - val_mse: 0.2867 - val_mae: 0.4343 - 2s/epoch - 171ms/step
Epoch 62/10000

Epoch 62: val_loss did not improve from 0.28046
12/12 - 2s - loss: 0.2837 - mse: 0.2837 - mae: 0.4324 - val_loss: 0.2827 - val_mse: 0.2827 - val_mae: 0.4310 - 2s/epoch - 171ms/step
Epoch 63/10000

Epoch 63: val_loss did not improve from 0.28046
12/12 - 2s - loss: 0.2858 - mse: 0.2858 - mae: 0.4338 - val_loss: 0.2810 - val_mse: 0.2810 - val_mae: 0.4285 - 2s/epoch - 171ms/step
Epoch 64/10000

Epoch 64: val_loss did not improve from 0.28046
12/12 - 2s - loss: 0.2844 - mse: 0.2844 - mae: 0.4325 - val_loss: 0.2819 - val_mse: 0.2819 - val_mae: 0.4305 - 2s/epoch - 171ms/step
Epoch 65/10000

Epoch 65: val_loss did not improve from 0.28046
12/12 - 2s - loss: 0.2867 - mse: 0.2867 - mae: 0.4348 - val_loss: 0.2826 - val_mse: 0.2826 - val_mae: 0.4309 - 2s/epoch - 171ms/step
Epoch 66/10000

Epoch 66: val_loss did not improve from 0.28046
12/12 - 2s - loss: 0.2856 - mse: 0.2856 - mae: 0.4335 - val_loss: 0.2827 - val_mse: 0.2827 - val_mae: 0.4290 - 2s/epoch - 171ms/step
Epoch 67/10000

Epoch 67: val_loss did not improve from 0.28046
12/12 - 2s - loss: 0.2857 - mse: 0.2857 - mae: 0.4335 - val_loss: 0.2822 - val_mse: 0.2822 - val_mae: 0.4308 - 2s/epoch - 172ms/step
Epoch 68/10000

Epoch 68: val_loss improved from 0.28046 to 0.28043, saving model to ./results/NN_rms_regr/ResNet/recursion_22/ckpt_1
12/12 - 3s - loss: 0.2840 - mse: 0.2840 - mae: 0.4323 - val_loss: 0.2804 - val_mse: 0.2804 - val_mae: 0.4285 - 3s/epoch - 247ms/step
Epoch 69/10000

Epoch 69: val_loss improved from 0.28043 to 0.28028, saving model to ./results/NN_rms_regr/ResNet/recursion_22/ckpt_1
12/12 - 3s - loss: 0.2826 - mse: 0.2826 - mae: 0.4314 - val_loss: 0.2803 - val_mse: 0.2803 - val_mae: 0.4285 - 3s/epoch - 249ms/step
Epoch 70/10000

Epoch 70: val_loss did not improve from 0.28028
12/12 - 2s - loss: 0.2832 - mse: 0.2832 - mae: 0.4317 - val_loss: 0.2901 - val_mse: 0.2901 - val_mae: 0.4330 - 2s/epoch - 173ms/step
Epoch 71/10000

Epoch 71: val_loss did not improve from 0.28028
12/12 - 2s - loss: 0.2869 - mse: 0.2869 - mae: 0.4346 - val_loss: 0.2885 - val_mse: 0.2885 - val_mae: 0.4356 - 2s/epoch - 173ms/step
Epoch 72/10000

Epoch 72: val_loss did not improve from 0.28028
12/12 - 2s - loss: 0.2860 - mse: 0.2860 - mae: 0.4339 - val_loss: 0.2807 - val_mse: 0.2807 - val_mae: 0.4291 - 2s/epoch - 173ms/step
Epoch 73/10000

Epoch 73: val_loss did not improve from 0.28028
12/12 - 2s - loss: 0.2844 - mse: 0.2844 - mae: 0.4324 - val_loss: 0.2956 - val_mse: 0.2956 - val_mae: 0.4362 - 2s/epoch - 174ms/step
Epoch 74/10000

Epoch 74: val_loss improved from 0.28028 to 0.28019, saving model to ./results/NN_rms_regr/ResNet/recursion_22/ckpt_1
12/12 - 3s - loss: 0.2877 - mse: 0.2877 - mae: 0.4343 - val_loss: 0.2802 - val_mse: 0.2802 - val_mae: 0.4283 - 3s/epoch - 241ms/step
Epoch 75/10000

Epoch 75: val_loss did not improve from 0.28019
12/12 - 2s - loss: 0.2831 - mse: 0.2831 - mae: 0.4318 - val_loss: 0.2817 - val_mse: 0.2817 - val_mae: 0.4283 - 2s/epoch - 172ms/step
Epoch 76/10000

Epoch 76: val_loss did not improve from 0.28019
12/12 - 2s - loss: 0.2835 - mse: 0.2835 - mae: 0.4318 - val_loss: 0.2817 - val_mse: 0.2817 - val_mae: 0.4288 - 2s/epoch - 174ms/step
Epoch 77/10000

Epoch 77: val_loss did not improve from 0.28019
12/12 - 2s - loss: 0.2838 - mse: 0.2838 - mae: 0.4316 - val_loss: 0.2813 - val_mse: 0.2813 - val_mae: 0.4295 - 2s/epoch - 171ms/step
Epoch 78/10000

Epoch 78: val_loss did not improve from 0.28019
12/12 - 2s - loss: 0.2847 - mse: 0.2847 - mae: 0.4327 - val_loss: 0.2809 - val_mse: 0.2809 - val_mae: 0.4282 - 2s/epoch - 172ms/step
Epoch 79/10000

Epoch 79: val_loss did not improve from 0.28019
12/12 - 2s - loss: 0.2831 - mse: 0.2831 - mae: 0.4316 - val_loss: 0.2872 - val_mse: 0.2872 - val_mae: 0.4311 - 2s/epoch - 177ms/step
Epoch 80/10000

Epoch 80: val_loss did not improve from 0.28019
12/12 - 2s - loss: 0.2846 - mse: 0.2846 - mae: 0.4326 - val_loss: 0.2811 - val_mse: 0.2811 - val_mae: 0.4294 - 2s/epoch - 172ms/step
Epoch 81/10000

Epoch 81: val_loss did not improve from 0.28019
12/12 - 2s - loss: 0.2836 - mse: 0.2836 - mae: 0.4320 - val_loss: 0.2920 - val_mse: 0.2920 - val_mae: 0.4339 - 2s/epoch - 173ms/step
Epoch 82/10000

Epoch 82: val_loss did not improve from 0.28019
12/12 - 2s - loss: 0.2852 - mse: 0.2852 - mae: 0.4328 - val_loss: 0.2807 - val_mse: 0.2807 - val_mae: 0.4290 - 2s/epoch - 173ms/step
Epoch 83/10000

Epoch 83: val_loss did not improve from 0.28019
12/12 - 2s - loss: 0.2834 - mse: 0.2834 - mae: 0.4318 - val_loss: 0.2944 - val_mse: 0.2944 - val_mae: 0.4354 - 2s/epoch - 178ms/step
Epoch 84/10000

Epoch 84: val_loss did not improve from 0.28019
12/12 - 2s - loss: 0.2853 - mse: 0.2853 - mae: 0.4336 - val_loss: 0.2825 - val_mse: 0.2825 - val_mae: 0.4292 - 2s/epoch - 172ms/step
Epoch 85/10000

Epoch 85: val_loss did not improve from 0.28019
12/12 - 2s - loss: 0.2848 - mse: 0.2848 - mae: 0.4326 - val_loss: 0.2843 - val_mse: 0.2843 - val_mae: 0.4296 - 2s/epoch - 173ms/step
Epoch 86/10000

Epoch 86: val_loss did not improve from 0.28019
12/12 - 2s - loss: 0.2845 - mse: 0.2845 - mae: 0.4323 - val_loss: 0.2819 - val_mse: 0.2819 - val_mae: 0.4300 - 2s/epoch - 172ms/step
Epoch 87/10000

Epoch 87: val_loss did not improve from 0.28019
12/12 - 2s - loss: 0.2914 - mse: 0.2914 - mae: 0.4377 - val_loss: 0.2868 - val_mse: 0.2868 - val_mae: 0.4309 - 2s/epoch - 177ms/step
Epoch 88/10000

Epoch 88: val_loss did not improve from 0.28019
12/12 - 2s - loss: 0.2860 - mse: 0.2860 - mae: 0.4335 - val_loss: 0.2899 - val_mse: 0.2899 - val_mae: 0.4365 - 2s/epoch - 172ms/step
Epoch 89/10000

Epoch 89: val_loss did not improve from 0.28019
12/12 - 2s - loss: 0.2879 - mse: 0.2879 - mae: 0.4341 - val_loss: 0.2866 - val_mse: 0.2866 - val_mae: 0.4312 - 2s/epoch - 177ms/step
Epoch 90/10000

Epoch 90: val_loss did not improve from 0.28019
12/12 - 2s - loss: 0.2843 - mse: 0.2843 - mae: 0.4319 - val_loss: 0.2813 - val_mse: 0.2813 - val_mae: 0.4293 - 2s/epoch - 177ms/step
Epoch 91/10000

Epoch 91: val_loss did not improve from 0.28019
12/12 - 2s - loss: 0.2828 - mse: 0.2828 - mae: 0.4313 - val_loss: 0.2808 - val_mse: 0.2808 - val_mae: 0.4288 - 2s/epoch - 172ms/step
Epoch 92/10000

Epoch 92: val_loss did not improve from 0.28019
12/12 - 2s - loss: 0.2887 - mse: 0.2887 - mae: 0.4356 - val_loss: 0.2839 - val_mse: 0.2839 - val_mae: 0.4296 - 2s/epoch - 172ms/step
Epoch 93/10000

Epoch 93: val_loss did not improve from 0.28019
12/12 - 2s - loss: 0.2845 - mse: 0.2845 - mae: 0.4325 - val_loss: 0.2807 - val_mse: 0.2807 - val_mae: 0.4289 - 2s/epoch - 172ms/step
Epoch 94/10000

Epoch 94: val_loss did not improve from 0.28019
12/12 - 2s - loss: 0.2871 - mse: 0.2871 - mae: 0.4340 - val_loss: 0.2915 - val_mse: 0.2915 - val_mae: 0.4379 - 2s/epoch - 171ms/step
Epoch 95/10000

Epoch 95: val_loss did not improve from 0.28019
12/12 - 2s - loss: 0.2900 - mse: 0.2900 - mae: 0.4366 - val_loss: 0.3125 - val_mse: 0.3125 - val_mae: 0.4466 - 2s/epoch - 174ms/step
Epoch 96/10000

Epoch 96: val_loss did not improve from 0.28019
12/12 - 2s - loss: 0.2965 - mse: 0.2965 - mae: 0.4407 - val_loss: 0.3029 - val_mse: 0.3029 - val_mae: 0.4460 - 2s/epoch - 171ms/step
Epoch 97/10000

Epoch 97: val_loss did not improve from 0.28019
12/12 - 2s - loss: 0.2900 - mse: 0.2900 - mae: 0.4368 - val_loss: 0.3007 - val_mse: 0.3007 - val_mae: 0.4392 - 2s/epoch - 172ms/step
Epoch 98/10000

Epoch 98: val_loss did not improve from 0.28019
12/12 - 2s - loss: 0.2911 - mse: 0.2911 - mae: 0.4368 - val_loss: 0.2857 - val_mse: 0.2857 - val_mae: 0.4303 - 2s/epoch - 172ms/step
Epoch 99/10000

Epoch 99: val_loss did not improve from 0.28019
12/12 - 2s - loss: 0.2878 - mse: 0.2878 - mae: 0.4340 - val_loss: 0.2804 - val_mse: 0.2804 - val_mae: 0.4285 - 2s/epoch - 173ms/step
Epoch 100/10000

Epoch 100: val_loss did not improve from 0.28019
12/12 - 2s - loss: 0.2852 - mse: 0.2852 - mae: 0.4330 - val_loss: 0.2907 - val_mse: 0.2907 - val_mae: 0.4332 - 2s/epoch - 171ms/step
Epoch 101/10000

Epoch 101: val_loss did not improve from 0.28019
12/12 - 2s - loss: 0.2855 - mse: 0.2855 - mae: 0.4327 - val_loss: 0.2803 - val_mse: 0.2803 - val_mae: 0.4283 - 2s/epoch - 171ms/step
Epoch 102/10000

Epoch 102: val_loss did not improve from 0.28019
12/12 - 2s - loss: 0.2836 - mse: 0.2836 - mae: 0.4317 - val_loss: 0.2859 - val_mse: 0.2859 - val_mae: 0.4304 - 2s/epoch - 172ms/step
Epoch 103/10000

Epoch 103: val_loss did not improve from 0.28019
12/12 - 2s - loss: 0.2915 - mse: 0.2915 - mae: 0.4364 - val_loss: 0.2878 - val_mse: 0.2878 - val_mae: 0.4346 - 2s/epoch - 172ms/step
Epoch 104/10000

Epoch 104: val_loss did not improve from 0.28019
12/12 - 2s - loss: 0.2845 - mse: 0.2845 - mae: 0.4321 - val_loss: 0.2807 - val_mse: 0.2807 - val_mae: 0.4284 - 2s/epoch - 172ms/step
Epoch 105/10000

Epoch 105: val_loss did not improve from 0.28019
12/12 - 2s - loss: 0.2845 - mse: 0.2845 - mae: 0.4325 - val_loss: 0.2941 - val_mse: 0.2941 - val_mae: 0.4350 - 2s/epoch - 172ms/step
Epoch 106/10000

Epoch 106: val_loss did not improve from 0.28019
12/12 - 2s - loss: 0.2931 - mse: 0.2931 - mae: 0.4377 - val_loss: 0.3198 - val_mse: 0.3198 - val_mae: 0.4583 - 2s/epoch - 171ms/step
Epoch 107/10000

Epoch 107: val_loss did not improve from 0.28019
12/12 - 2s - loss: 0.2984 - mse: 0.2984 - mae: 0.4412 - val_loss: 0.3250 - val_mse: 0.3250 - val_mae: 0.4549 - 2s/epoch - 172ms/step
Epoch 108/10000

Epoch 108: val_loss did not improve from 0.28019
12/12 - 2s - loss: 0.2938 - mse: 0.2938 - mae: 0.4390 - val_loss: 0.2860 - val_mse: 0.2860 - val_mae: 0.4334 - 2s/epoch - 171ms/step
Epoch 109/10000

Epoch 109: val_loss improved from 0.28019 to 0.27997, saving model to ./results/NN_rms_regr/ResNet/recursion_22/ckpt_1
12/12 - 3s - loss: 0.2853 - mse: 0.2853 - mae: 0.4324 - val_loss: 0.2800 - val_mse: 0.2800 - val_mae: 0.4277 - 3s/epoch - 246ms/step
Epoch 110/10000

Epoch 110: val_loss did not improve from 0.27997
12/12 - 2s - loss: 0.2833 - mse: 0.2833 - mae: 0.4313 - val_loss: 0.2808 - val_mse: 0.2808 - val_mae: 0.4280 - 2s/epoch - 172ms/step
Epoch 111/10000

Epoch 111: val_loss did not improve from 0.27997
12/12 - 2s - loss: 0.2837 - mse: 0.2837 - mae: 0.4318 - val_loss: 0.2861 - val_mse: 0.2861 - val_mae: 0.4334 - 2s/epoch - 171ms/step
Epoch 112/10000

Epoch 112: val_loss did not improve from 0.27997
12/12 - 2s - loss: 0.2849 - mse: 0.2849 - mae: 0.4325 - val_loss: 0.2875 - val_mse: 0.2875 - val_mae: 0.4348 - 2s/epoch - 171ms/step
Epoch 113/10000

Epoch 113: val_loss did not improve from 0.27997
12/12 - 2s - loss: 0.2874 - mse: 0.2874 - mae: 0.4347 - val_loss: 0.2805 - val_mse: 0.2805 - val_mae: 0.4277 - 2s/epoch - 172ms/step
Epoch 114/10000

Epoch 114: val_loss did not improve from 0.27997
12/12 - 2s - loss: 0.2838 - mse: 0.2838 - mae: 0.4322 - val_loss: 0.2853 - val_mse: 0.2853 - val_mae: 0.4327 - 2s/epoch - 172ms/step
Epoch 115/10000

Epoch 115: val_loss did not improve from 0.27997
12/12 - 2s - loss: 0.2862 - mse: 0.2862 - mae: 0.4335 - val_loss: 0.2809 - val_mse: 0.2809 - val_mae: 0.4288 - 2s/epoch - 172ms/step
Epoch 116/10000

Epoch 116: val_loss did not improve from 0.27997
12/12 - 2s - loss: 0.2837 - mse: 0.2837 - mae: 0.4323 - val_loss: 0.2860 - val_mse: 0.2860 - val_mae: 0.4303 - 2s/epoch - 172ms/step
Epoch 117/10000

Epoch 117: val_loss did not improve from 0.27997
12/12 - 2s - loss: 0.2839 - mse: 0.2839 - mae: 0.4311 - val_loss: 0.2803 - val_mse: 0.2803 - val_mae: 0.4283 - 2s/epoch - 171ms/step
Epoch 118/10000

Epoch 118: val_loss improved from 0.27997 to 0.27993, saving model to ./results/NN_rms_regr/ResNet/recursion_22/ckpt_1
12/12 - 3s - loss: 0.2834 - mse: 0.2834 - mae: 0.4317 - val_loss: 0.2799 - val_mse: 0.2799 - val_mae: 0.4276 - 3s/epoch - 240ms/step
Epoch 119/10000

Epoch 119: val_loss did not improve from 0.27993
12/12 - 2s - loss: 0.2841 - mse: 0.2841 - mae: 0.4322 - val_loss: 0.2828 - val_mse: 0.2828 - val_mae: 0.4305 - 2s/epoch - 172ms/step
Epoch 120/10000

Epoch 120: val_loss did not improve from 0.27993
12/12 - 2s - loss: 0.2883 - mse: 0.2883 - mae: 0.4347 - val_loss: 0.2813 - val_mse: 0.2813 - val_mae: 0.4278 - 2s/epoch - 172ms/step
Epoch 121/10000

Epoch 121: val_loss did not improve from 0.27993
12/12 - 2s - loss: 0.2925 - mse: 0.2925 - mae: 0.4382 - val_loss: 0.3043 - val_mse: 0.3043 - val_mae: 0.4413 - 2s/epoch - 172ms/step
Epoch 122/10000

Epoch 122: val_loss improved from 0.27993 to 0.27986, saving model to ./results/NN_rms_regr/ResNet/recursion_22/ckpt_1
12/12 - 3s - loss: 0.2897 - mse: 0.2897 - mae: 0.4360 - val_loss: 0.2799 - val_mse: 0.2799 - val_mae: 0.4278 - 3s/epoch - 247ms/step
Epoch 123/10000

Epoch 123: val_loss did not improve from 0.27986
12/12 - 2s - loss: 0.2830 - mse: 0.2830 - mae: 0.4310 - val_loss: 0.2912 - val_mse: 0.2912 - val_mae: 0.4331 - 2s/epoch - 171ms/step
Epoch 124/10000

Epoch 124: val_loss did not improve from 0.27986
12/12 - 2s - loss: 0.2875 - mse: 0.2875 - mae: 0.4333 - val_loss: 0.2961 - val_mse: 0.2961 - val_mae: 0.4411 - 2s/epoch - 172ms/step
Epoch 125/10000

Epoch 125: val_loss did not improve from 0.27986
12/12 - 2s - loss: 0.2892 - mse: 0.2892 - mae: 0.4353 - val_loss: 0.2934 - val_mse: 0.2934 - val_mae: 0.4344 - 2s/epoch - 172ms/step
Epoch 126/10000

Epoch 126: val_loss did not improve from 0.27986
12/12 - 2s - loss: 0.2872 - mse: 0.2872 - mae: 0.4352 - val_loss: 0.2964 - val_mse: 0.2964 - val_mae: 0.4365 - 2s/epoch - 171ms/step
Epoch 127/10000

Epoch 127: val_loss did not improve from 0.27986
12/12 - 2s - loss: 0.2867 - mse: 0.2867 - mae: 0.4341 - val_loss: 0.2819 - val_mse: 0.2819 - val_mae: 0.4284 - 2s/epoch - 171ms/step
Epoch 128/10000

Epoch 128: val_loss did not improve from 0.27986
12/12 - 2s - loss: 0.2825 - mse: 0.2825 - mae: 0.4308 - val_loss: 0.2863 - val_mse: 0.2863 - val_mae: 0.4309 - 2s/epoch - 172ms/step
Epoch 129/10000

Epoch 129: val_loss did not improve from 0.27986
12/12 - 2s - loss: 0.2846 - mse: 0.2846 - mae: 0.4325 - val_loss: 0.2804 - val_mse: 0.2804 - val_mae: 0.4284 - 2s/epoch - 172ms/step
Epoch 130/10000

Epoch 130: val_loss did not improve from 0.27986
12/12 - 2s - loss: 0.2865 - mse: 0.2865 - mae: 0.4335 - val_loss: 0.2839 - val_mse: 0.2839 - val_mae: 0.4292 - 2s/epoch - 173ms/step
Epoch 131/10000

Epoch 131: val_loss did not improve from 0.27986
12/12 - 2s - loss: 0.2874 - mse: 0.2874 - mae: 0.4345 - val_loss: 0.3049 - val_mse: 0.3049 - val_mae: 0.4416 - 2s/epoch - 172ms/step
Epoch 132/10000

Epoch 132: val_loss did not improve from 0.27986
12/12 - 2s - loss: 0.2969 - mse: 0.2969 - mae: 0.4401 - val_loss: 0.2807 - val_mse: 0.2807 - val_mae: 0.4288 - 2s/epoch - 172ms/step
Epoch 133/10000

Epoch 133: val_loss did not improve from 0.27986
12/12 - 2s - loss: 0.2867 - mse: 0.2867 - mae: 0.4341 - val_loss: 0.2846 - val_mse: 0.2846 - val_mae: 0.4321 - 2s/epoch - 171ms/step
Epoch 134/10000

Epoch 134: val_loss did not improve from 0.27986
12/12 - 2s - loss: 0.2855 - mse: 0.2855 - mae: 0.4330 - val_loss: 0.2885 - val_mse: 0.2885 - val_mae: 0.4354 - 2s/epoch - 172ms/step
Epoch 135/10000

Epoch 135: val_loss did not improve from 0.27986
12/12 - 2s - loss: 0.2844 - mse: 0.2844 - mae: 0.4322 - val_loss: 0.2799 - val_mse: 0.2799 - val_mae: 0.4274 - 2s/epoch - 171ms/step
Epoch 136/10000

Epoch 136: val_loss did not improve from 0.27986
12/12 - 2s - loss: 0.2839 - mse: 0.2839 - mae: 0.4325 - val_loss: 0.2801 - val_mse: 0.2801 - val_mae: 0.4277 - 2s/epoch - 172ms/step
Epoch 137/10000

Epoch 137: val_loss did not improve from 0.27986
12/12 - 2s - loss: 0.2830 - mse: 0.2830 - mae: 0.4310 - val_loss: 0.2807 - val_mse: 0.2807 - val_mae: 0.4286 - 2s/epoch - 172ms/step
Epoch 138/10000

Epoch 138: val_loss did not improve from 0.27986
12/12 - 2s - loss: 0.2840 - mse: 0.2840 - mae: 0.4318 - val_loss: 0.2861 - val_mse: 0.2861 - val_mae: 0.4334 - 2s/epoch - 172ms/step
Epoch 139/10000

Epoch 139: val_loss did not improve from 0.27986
12/12 - 2s - loss: 0.2870 - mse: 0.2870 - mae: 0.4339 - val_loss: 0.2838 - val_mse: 0.2838 - val_mae: 0.4316 - 2s/epoch - 173ms/step
Epoch 140/10000

Epoch 140: val_loss did not improve from 0.27986
12/12 - 2s - loss: 0.2866 - mse: 0.2866 - mae: 0.4333 - val_loss: 0.2812 - val_mse: 0.2812 - val_mae: 0.4278 - 2s/epoch - 172ms/step
Epoch 141/10000

Epoch 141: val_loss did not improve from 0.27986
12/12 - 2s - loss: 0.2841 - mse: 0.2841 - mae: 0.4321 - val_loss: 0.3046 - val_mse: 0.3046 - val_mae: 0.4413 - 2s/epoch - 172ms/step
Epoch 142/10000

Epoch 142: val_loss did not improve from 0.27986
12/12 - 2s - loss: 0.2928 - mse: 0.2928 - mae: 0.4375 - val_loss: 0.3070 - val_mse: 0.3070 - val_mae: 0.4487 - 2s/epoch - 171ms/step
Epoch 143/10000

Epoch 143: val_loss did not improve from 0.27986
12/12 - 2s - loss: 0.3000 - mse: 0.3000 - mae: 0.4425 - val_loss: 0.2947 - val_mse: 0.2947 - val_mae: 0.4398 - 2s/epoch - 172ms/step
Epoch 144/10000

Epoch 144: val_loss did not improve from 0.27986
12/12 - 2s - loss: 0.2940 - mse: 0.2940 - mae: 0.4389 - val_loss: 0.2881 - val_mse: 0.2881 - val_mae: 0.4317 - 2s/epoch - 171ms/step
Epoch 145/10000

Epoch 145: val_loss did not improve from 0.27986
12/12 - 2s - loss: 0.2910 - mse: 0.2910 - mae: 0.4367 - val_loss: 0.2957 - val_mse: 0.2957 - val_mae: 0.4362 - 2s/epoch - 172ms/step
Epoch 146/10000

Epoch 146: val_loss did not improve from 0.27986
12/12 - 2s - loss: 0.2988 - mse: 0.2988 - mae: 0.4410 - val_loss: 0.3303 - val_mse: 0.3303 - val_mae: 0.4660 - 2s/epoch - 172ms/step
Epoch 147/10000

Epoch 147: val_loss did not improve from 0.27986
12/12 - 2s - loss: 0.3139 - mse: 0.3139 - mae: 0.4523 - val_loss: 0.2809 - val_mse: 0.2809 - val_mae: 0.4276 - 2s/epoch - 173ms/step
Epoch 148/10000

Epoch 148: val_loss did not improve from 0.27986
12/12 - 2s - loss: 0.2887 - mse: 0.2887 - mae: 0.4351 - val_loss: 0.2831 - val_mse: 0.2831 - val_mae: 0.4308 - 2s/epoch - 172ms/step
Epoch 149/10000

Epoch 149: val_loss did not improve from 0.27986
12/12 - 2s - loss: 0.2842 - mse: 0.2842 - mae: 0.4321 - val_loss: 0.2937 - val_mse: 0.2937 - val_mae: 0.4350 - 2s/epoch - 172ms/step
Epoch 150/10000

Epoch 150: val_loss did not improve from 0.27986
12/12 - 2s - loss: 0.2874 - mse: 0.2874 - mae: 0.4332 - val_loss: 0.2867 - val_mse: 0.2867 - val_mae: 0.4337 - 2s/epoch - 173ms/step
Epoch 151/10000

Epoch 151: val_loss did not improve from 0.27986
12/12 - 2s - loss: 0.2855 - mse: 0.2855 - mae: 0.4334 - val_loss: 0.2803 - val_mse: 0.2803 - val_mae: 0.4279 - 2s/epoch - 172ms/step
Epoch 152/10000

Epoch 152: val_loss did not improve from 0.27986
12/12 - 2s - loss: 0.2826 - mse: 0.2826 - mae: 0.4309 - val_loss: 0.2851 - val_mse: 0.2851 - val_mae: 0.4296 - 2s/epoch - 171ms/step
Epoch 153/10000

Epoch 153: val_loss did not improve from 0.27986
12/12 - 2s - loss: 0.2899 - mse: 0.2899 - mae: 0.4358 - val_loss: 0.2887 - val_mse: 0.2887 - val_mae: 0.4316 - 2s/epoch - 172ms/step
Epoch 154/10000

Epoch 154: val_loss did not improve from 0.27986
12/12 - 2s - loss: 0.2894 - mse: 0.2894 - mae: 0.4350 - val_loss: 0.2802 - val_mse: 0.2802 - val_mae: 0.4281 - 2s/epoch - 172ms/step
Epoch 155/10000

Epoch 155: val_loss did not improve from 0.27986
12/12 - 2s - loss: 0.2838 - mse: 0.2838 - mae: 0.4311 - val_loss: 0.2978 - val_mse: 0.2978 - val_mae: 0.4419 - 2s/epoch - 172ms/step
Epoch 156/10000

Epoch 156: val_loss improved from 0.27986 to 0.27967, saving model to ./results/NN_rms_regr/ResNet/recursion_22/ckpt_1
12/12 - 3s - loss: 0.2988 - mse: 0.2988 - mae: 0.4417 - val_loss: 0.2797 - val_mse: 0.2797 - val_mae: 0.4273 - 3s/epoch - 245ms/step
Epoch 157/10000

Epoch 157: val_loss did not improve from 0.27967
12/12 - 2s - loss: 0.2908 - mse: 0.2908 - mae: 0.4373 - val_loss: 0.2895 - val_mse: 0.2895 - val_mae: 0.4320 - 2s/epoch - 173ms/step
Epoch 158/10000

Epoch 158: val_loss did not improve from 0.27967
12/12 - 2s - loss: 0.2890 - mse: 0.2890 - mae: 0.4358 - val_loss: 0.2805 - val_mse: 0.2805 - val_mae: 0.4284 - 2s/epoch - 172ms/step
Epoch 159/10000

Epoch 159: val_loss did not improve from 0.27967
12/12 - 2s - loss: 0.2890 - mse: 0.2890 - mae: 0.4347 - val_loss: 0.2961 - val_mse: 0.2961 - val_mae: 0.4414 - 2s/epoch - 172ms/step
Epoch 160/10000

Epoch 160: val_loss did not improve from 0.27967
12/12 - 2s - loss: 0.2902 - mse: 0.2902 - mae: 0.4357 - val_loss: 0.2845 - val_mse: 0.2845 - val_mae: 0.4322 - 2s/epoch - 172ms/step
Epoch 161/10000

Epoch 161: val_loss did not improve from 0.27967
12/12 - 2s - loss: 0.2917 - mse: 0.2917 - mae: 0.4383 - val_loss: 0.2949 - val_mse: 0.2949 - val_mae: 0.4355 - 2s/epoch - 172ms/step
Epoch 162/10000

Epoch 162: val_loss did not improve from 0.27967
12/12 - 2s - loss: 0.2868 - mse: 0.2868 - mae: 0.4335 - val_loss: 0.3001 - val_mse: 0.3001 - val_mae: 0.4385 - 2s/epoch - 172ms/step
Epoch 163/10000

Epoch 163: val_loss did not improve from 0.27967
12/12 - 2s - loss: 0.2912 - mse: 0.2912 - mae: 0.4367 - val_loss: 0.2831 - val_mse: 0.2831 - val_mae: 0.4309 - 2s/epoch - 172ms/step
Epoch 164/10000

Epoch 164: val_loss did not improve from 0.27967
12/12 - 2s - loss: 0.2883 - mse: 0.2883 - mae: 0.4345 - val_loss: 0.2825 - val_mse: 0.2825 - val_mae: 0.4302 - 2s/epoch - 172ms/step
Epoch 165/10000

Epoch 165: val_loss did not improve from 0.27967
12/12 - 2s - loss: 0.2835 - mse: 0.2835 - mae: 0.4319 - val_loss: 0.2824 - val_mse: 0.2824 - val_mae: 0.4281 - 2s/epoch - 171ms/step
Epoch 166/10000

Epoch 166: val_loss did not improve from 0.27967
12/12 - 2s - loss: 0.2829 - mse: 0.2829 - mae: 0.4308 - val_loss: 0.2845 - val_mse: 0.2845 - val_mae: 0.4317 - 2s/epoch - 172ms/step
Epoch 167/10000

Epoch 167: val_loss did not improve from 0.27967
12/12 - 2s - loss: 0.2881 - mse: 0.2881 - mae: 0.4351 - val_loss: 0.2895 - val_mse: 0.2895 - val_mae: 0.4320 - 2s/epoch - 171ms/step
Epoch 168/10000

Epoch 168: val_loss did not improve from 0.27967
12/12 - 2s - loss: 0.2867 - mse: 0.2867 - mae: 0.4338 - val_loss: 0.2924 - val_mse: 0.2924 - val_mae: 0.4342 - 2s/epoch - 171ms/step
Epoch 169/10000

Epoch 169: val_loss did not improve from 0.27967
12/12 - 2s - loss: 0.2885 - mse: 0.2885 - mae: 0.4345 - val_loss: 0.2995 - val_mse: 0.2995 - val_mae: 0.4435 - 2s/epoch - 172ms/step
Epoch 170/10000

Epoch 170: val_loss did not improve from 0.27967
12/12 - 2s - loss: 0.2928 - mse: 0.2928 - mae: 0.4385 - val_loss: 0.2804 - val_mse: 0.2804 - val_mae: 0.4277 - 2s/epoch - 173ms/step
Epoch 171/10000

Epoch 171: val_loss did not improve from 0.27967
12/12 - 2s - loss: 0.2843 - mse: 0.2843 - mae: 0.4317 - val_loss: 0.2868 - val_mse: 0.2868 - val_mae: 0.4336 - 2s/epoch - 172ms/step
Epoch 172/10000

Epoch 172: val_loss did not improve from 0.27967
12/12 - 2s - loss: 0.2856 - mse: 0.2856 - mae: 0.4335 - val_loss: 0.2827 - val_mse: 0.2827 - val_mae: 0.4301 - 2s/epoch - 172ms/step
Epoch 173/10000

Epoch 173: val_loss did not improve from 0.27967
12/12 - 2s - loss: 0.2831 - mse: 0.2831 - mae: 0.4307 - val_loss: 0.2798 - val_mse: 0.2798 - val_mae: 0.4275 - 2s/epoch - 173ms/step
Epoch 174/10000

Epoch 174: val_loss did not improve from 0.27967
12/12 - 2s - loss: 0.2855 - mse: 0.2855 - mae: 0.4328 - val_loss: 0.2822 - val_mse: 0.2822 - val_mae: 0.4279 - 2s/epoch - 172ms/step
Epoch 175/10000

Epoch 175: val_loss did not improve from 0.27967
12/12 - 2s - loss: 0.2890 - mse: 0.2890 - mae: 0.4353 - val_loss: 0.2887 - val_mse: 0.2887 - val_mae: 0.4350 - 2s/epoch - 172ms/step
Epoch 176/10000

Epoch 176: val_loss did not improve from 0.27967
12/12 - 2s - loss: 0.2879 - mse: 0.2879 - mae: 0.4340 - val_loss: 0.2859 - val_mse: 0.2859 - val_mae: 0.4327 - 2s/epoch - 174ms/step
Epoch 177/10000

Epoch 177: val_loss did not improve from 0.27967
12/12 - 2s - loss: 0.2917 - mse: 0.2917 - mae: 0.4375 - val_loss: 0.2809 - val_mse: 0.2809 - val_mae: 0.4286 - 2s/epoch - 173ms/step
Epoch 178/10000

Epoch 178: val_loss did not improve from 0.27967
12/12 - 2s - loss: 0.2902 - mse: 0.2902 - mae: 0.4366 - val_loss: 0.2818 - val_mse: 0.2818 - val_mae: 0.4297 - 2s/epoch - 172ms/step
Epoch 179/10000

Epoch 179: val_loss did not improve from 0.27967
12/12 - 2s - loss: 0.2852 - mse: 0.2852 - mae: 0.4327 - val_loss: 0.2803 - val_mse: 0.2803 - val_mae: 0.4282 - 2s/epoch - 172ms/step
Epoch 180/10000

Epoch 180: val_loss did not improve from 0.27967
12/12 - 2s - loss: 0.2849 - mse: 0.2849 - mae: 0.4322 - val_loss: 0.2816 - val_mse: 0.2816 - val_mae: 0.4281 - 2s/epoch - 172ms/step
Epoch 181/10000

Epoch 181: val_loss did not improve from 0.27967
12/12 - 2s - loss: 0.2839 - mse: 0.2839 - mae: 0.4319 - val_loss: 0.2814 - val_mse: 0.2814 - val_mae: 0.4278 - 2s/epoch - 173ms/step
Epoch 182/10000

Epoch 182: val_loss did not improve from 0.27967
12/12 - 2s - loss: 0.2821 - mse: 0.2821 - mae: 0.4300 - val_loss: 0.2809 - val_mse: 0.2809 - val_mae: 0.4287 - 2s/epoch - 173ms/step
Epoch 183/10000

Epoch 183: val_loss improved from 0.27967 to 0.27954, saving model to ./results/NN_rms_regr/ResNet/recursion_22/ckpt_1
12/12 - 3s - loss: 0.2886 - mse: 0.2886 - mae: 0.4345 - val_loss: 0.2795 - val_mse: 0.2795 - val_mae: 0.4270 - 3s/epoch - 247ms/step
Epoch 184/10000

Epoch 184: val_loss did not improve from 0.27954
12/12 - 2s - loss: 0.2924 - mse: 0.2924 - mae: 0.4375 - val_loss: 0.3114 - val_mse: 0.3114 - val_mae: 0.4457 - 2s/epoch - 172ms/step
Epoch 185/10000

Epoch 185: val_loss did not improve from 0.27954
12/12 - 2s - loss: 0.2932 - mse: 0.2932 - mae: 0.4374 - val_loss: 0.2816 - val_mse: 0.2816 - val_mae: 0.4294 - 2s/epoch - 172ms/step
Epoch 186/10000

Epoch 186: val_loss did not improve from 0.27954
12/12 - 2s - loss: 0.2854 - mse: 0.2854 - mae: 0.4325 - val_loss: 0.2870 - val_mse: 0.2870 - val_mae: 0.4341 - 2s/epoch - 172ms/step
Epoch 187/10000

Epoch 187: val_loss did not improve from 0.27954
12/12 - 2s - loss: 0.2882 - mse: 0.2882 - mae: 0.4348 - val_loss: 0.3063 - val_mse: 0.3063 - val_mae: 0.4428 - 2s/epoch - 173ms/step
Epoch 188/10000

Epoch 188: val_loss did not improve from 0.27954
12/12 - 2s - loss: 0.2980 - mse: 0.2980 - mae: 0.4398 - val_loss: 0.2800 - val_mse: 0.2800 - val_mae: 0.4276 - 2s/epoch - 173ms/step
Epoch 189/10000

Epoch 189: val_loss did not improve from 0.27954
12/12 - 2s - loss: 0.2883 - mse: 0.2883 - mae: 0.4338 - val_loss: 0.2875 - val_mse: 0.2875 - val_mae: 0.4340 - 2s/epoch - 173ms/step
Epoch 190/10000

Epoch 190: val_loss did not improve from 0.27954
12/12 - 2s - loss: 0.2870 - mse: 0.2870 - mae: 0.4339 - val_loss: 0.2820 - val_mse: 0.2820 - val_mae: 0.4278 - 2s/epoch - 172ms/step
Epoch 191/10000

Epoch 191: val_loss did not improve from 0.27954
12/12 - 2s - loss: 0.2868 - mse: 0.2868 - mae: 0.4335 - val_loss: 0.2808 - val_mse: 0.2808 - val_mae: 0.4272 - 2s/epoch - 172ms/step
Epoch 192/10000

Epoch 192: val_loss did not improve from 0.27954
12/12 - 2s - loss: 0.2825 - mse: 0.2825 - mae: 0.4304 - val_loss: 0.2797 - val_mse: 0.2797 - val_mae: 0.4269 - 2s/epoch - 172ms/step
Epoch 193/10000

Epoch 193: val_loss did not improve from 0.27954
12/12 - 2s - loss: 0.2849 - mse: 0.2849 - mae: 0.4319 - val_loss: 0.2850 - val_mse: 0.2850 - val_mae: 0.4319 - 2s/epoch - 172ms/step
Epoch 194/10000

Epoch 194: val_loss did not improve from 0.27954
12/12 - 2s - loss: 0.2857 - mse: 0.2857 - mae: 0.4333 - val_loss: 0.2798 - val_mse: 0.2798 - val_mae: 0.4269 - 2s/epoch - 173ms/step
Epoch 195/10000

Epoch 195: val_loss did not improve from 0.27954
12/12 - 2s - loss: 0.2889 - mse: 0.2889 - mae: 0.4349 - val_loss: 0.2797 - val_mse: 0.2797 - val_mae: 0.4271 - 2s/epoch - 171ms/step
Epoch 196/10000

Epoch 196: val_loss did not improve from 0.27954
12/12 - 2s - loss: 0.2860 - mse: 0.2860 - mae: 0.4326 - val_loss: 0.2805 - val_mse: 0.2805 - val_mae: 0.4275 - 2s/epoch - 172ms/step
Epoch 197/10000

Epoch 197: val_loss did not improve from 0.27954
12/12 - 2s - loss: 0.2869 - mse: 0.2869 - mae: 0.4337 - val_loss: 0.2834 - val_mse: 0.2834 - val_mae: 0.4286 - 2s/epoch - 172ms/step
Epoch 198/10000

Epoch 198: val_loss did not improve from 0.27954
12/12 - 2s - loss: 0.2878 - mse: 0.2878 - mae: 0.4346 - val_loss: 0.2811 - val_mse: 0.2811 - val_mae: 0.4290 - 2s/epoch - 172ms/step
Epoch 199/10000

Epoch 199: val_loss did not improve from 0.27954
12/12 - 2s - loss: 0.2866 - mse: 0.2866 - mae: 0.4336 - val_loss: 0.2822 - val_mse: 0.2822 - val_mae: 0.4300 - 2s/epoch - 172ms/step
Epoch 200/10000

Epoch 200: val_loss did not improve from 0.27954
12/12 - 2s - loss: 0.2830 - mse: 0.2830 - mae: 0.4311 - val_loss: 0.2808 - val_mse: 0.2808 - val_mae: 0.4272 - 2s/epoch - 173ms/step
Epoch 201/10000

Epoch 201: val_loss did not improve from 0.27954
12/12 - 2s - loss: 0.2841 - mse: 0.2841 - mae: 0.4314 - val_loss: 0.2850 - val_mse: 0.2850 - val_mae: 0.4321 - 2s/epoch - 173ms/step
Epoch 202/10000

Epoch 202: val_loss did not improve from 0.27954
12/12 - 2s - loss: 0.2938 - mse: 0.2938 - mae: 0.4376 - val_loss: 0.2849 - val_mse: 0.2849 - val_mae: 0.4322 - 2s/epoch - 172ms/step
Epoch 203/10000

Epoch 203: val_loss did not improve from 0.27954
12/12 - 2s - loss: 0.2834 - mse: 0.2834 - mae: 0.4317 - val_loss: 0.2804 - val_mse: 0.2804 - val_mae: 0.4270 - 2s/epoch - 172ms/step
Epoch 204/10000

Epoch 204: val_loss did not improve from 0.27954
12/12 - 2s - loss: 0.2822 - mse: 0.2822 - mae: 0.4302 - val_loss: 0.2803 - val_mse: 0.2803 - val_mae: 0.4270 - 2s/epoch - 172ms/step
Epoch 205/10000

Epoch 205: val_loss did not improve from 0.27954
12/12 - 2s - loss: 0.2827 - mse: 0.2827 - mae: 0.4309 - val_loss: 0.2875 - val_mse: 0.2875 - val_mae: 0.4307 - 2s/epoch - 172ms/step
Epoch 206/10000

Epoch 206: val_loss did not improve from 0.27954
12/12 - 2s - loss: 0.2870 - mse: 0.2870 - mae: 0.4331 - val_loss: 0.2796 - val_mse: 0.2796 - val_mae: 0.4270 - 2s/epoch - 172ms/step
Epoch 207/10000

Epoch 207: val_loss did not improve from 0.27954
12/12 - 2s - loss: 0.2839 - mse: 0.2839 - mae: 0.4310 - val_loss: 0.2854 - val_mse: 0.2854 - val_mae: 0.4326 - 2s/epoch - 172ms/step
Epoch 208/10000

Epoch 208: val_loss did not improve from 0.27954
12/12 - 2s - loss: 0.2823 - mse: 0.2823 - mae: 0.4306 - val_loss: 0.2810 - val_mse: 0.2810 - val_mae: 0.4278 - 2s/epoch - 172ms/step
Epoch 209/10000

Epoch 209: val_loss did not improve from 0.27954
12/12 - 2s - loss: 0.2833 - mse: 0.2833 - mae: 0.4312 - val_loss: 0.2803 - val_mse: 0.2803 - val_mae: 0.4277 - 2s/epoch - 172ms/step
Epoch 210/10000

Epoch 210: val_loss did not improve from 0.27954
12/12 - 2s - loss: 0.2827 - mse: 0.2827 - mae: 0.4305 - val_loss: 0.3015 - val_mse: 0.3015 - val_mae: 0.4447 - 2s/epoch - 172ms/step
Epoch 211/10000

Epoch 211: val_loss did not improve from 0.27954
12/12 - 2s - loss: 0.2979 - mse: 0.2979 - mae: 0.4407 - val_loss: 0.2814 - val_mse: 0.2814 - val_mae: 0.4291 - 2s/epoch - 172ms/step
Epoch 212/10000

Epoch 212: val_loss did not improve from 0.27954
12/12 - 2s - loss: 0.2839 - mse: 0.2839 - mae: 0.4314 - val_loss: 0.2797 - val_mse: 0.2797 - val_mae: 0.4272 - 2s/epoch - 172ms/step
Epoch 213/10000

Epoch 213: val_loss did not improve from 0.27954
12/12 - 2s - loss: 0.2829 - mse: 0.2829 - mae: 0.4308 - val_loss: 0.2803 - val_mse: 0.2803 - val_mae: 0.4275 - 2s/epoch - 173ms/step
Epoch 214/10000

Epoch 214: val_loss did not improve from 0.27954
12/12 - 2s - loss: 0.2846 - mse: 0.2846 - mae: 0.4315 - val_loss: 0.2798 - val_mse: 0.2798 - val_mae: 0.4270 - 2s/epoch - 172ms/step
Epoch 215/10000

Epoch 215: val_loss did not improve from 0.27954
12/12 - 2s - loss: 0.2828 - mse: 0.2828 - mae: 0.4306 - val_loss: 0.2931 - val_mse: 0.2931 - val_mae: 0.4384 - 2s/epoch - 172ms/step
Epoch 216/10000

Epoch 216: val_loss did not improve from 0.27954
12/12 - 2s - loss: 0.2870 - mse: 0.2870 - mae: 0.4336 - val_loss: 0.2971 - val_mse: 0.2971 - val_mae: 0.4413 - 2s/epoch - 172ms/step
Epoch 217/10000

Epoch 217: val_loss did not improve from 0.27954
12/12 - 2s - loss: 0.2864 - mse: 0.2864 - mae: 0.4329 - val_loss: 0.2836 - val_mse: 0.2836 - val_mae: 0.4284 - 2s/epoch - 172ms/step
Epoch 218/10000

Epoch 218: val_loss did not improve from 0.27954
12/12 - 2s - loss: 0.2867 - mse: 0.2867 - mae: 0.4339 - val_loss: 0.2837 - val_mse: 0.2837 - val_mae: 0.4292 - 2s/epoch - 172ms/step
Epoch 219/10000

Epoch 219: val_loss did not improve from 0.27954
12/12 - 2s - loss: 0.2846 - mse: 0.2846 - mae: 0.4324 - val_loss: 0.2855 - val_mse: 0.2855 - val_mae: 0.4295 - 2s/epoch - 171ms/step
Epoch 220/10000

Epoch 220: val_loss did not improve from 0.27954
12/12 - 2s - loss: 0.2829 - mse: 0.2829 - mae: 0.4306 - val_loss: 0.3143 - val_mse: 0.3143 - val_mae: 0.4540 - 2s/epoch - 172ms/step
Epoch 221/10000

Epoch 221: val_loss did not improve from 0.27954
12/12 - 2s - loss: 0.3039 - mse: 0.3039 - mae: 0.4443 - val_loss: 0.3047 - val_mse: 0.3047 - val_mae: 0.4469 - 2s/epoch - 172ms/step
Epoch 222/10000

Epoch 222: val_loss did not improve from 0.27954
12/12 - 2s - loss: 0.2923 - mse: 0.2923 - mae: 0.4379 - val_loss: 0.2819 - val_mse: 0.2819 - val_mae: 0.4292 - 2s/epoch - 172ms/step
Epoch 223/10000

Epoch 223: val_loss did not improve from 0.27954
12/12 - 2s - loss: 0.2856 - mse: 0.2856 - mae: 0.4326 - val_loss: 0.2796 - val_mse: 0.2796 - val_mae: 0.4267 - 2s/epoch - 172ms/step
Epoch 224/10000

Epoch 224: val_loss did not improve from 0.27954
12/12 - 2s - loss: 0.2912 - mse: 0.2912 - mae: 0.4368 - val_loss: 0.2871 - val_mse: 0.2871 - val_mae: 0.4304 - 2s/epoch - 171ms/step
Epoch 225/10000

Epoch 225: val_loss did not improve from 0.27954
12/12 - 2s - loss: 0.2857 - mse: 0.2857 - mae: 0.4328 - val_loss: 0.2800 - val_mse: 0.2800 - val_mae: 0.4272 - 2s/epoch - 171ms/step
Epoch 226/10000

Epoch 226: val_loss did not improve from 0.27954
12/12 - 2s - loss: 0.2825 - mse: 0.2825 - mae: 0.4304 - val_loss: 0.2830 - val_mse: 0.2830 - val_mae: 0.4303 - 2s/epoch - 172ms/step
Epoch 227/10000

Epoch 227: val_loss did not improve from 0.27954
12/12 - 2s - loss: 0.2862 - mse: 0.2862 - mae: 0.4335 - val_loss: 0.2839 - val_mse: 0.2839 - val_mae: 0.4310 - 2s/epoch - 172ms/step
Epoch 228/10000

Epoch 228: val_loss did not improve from 0.27954
12/12 - 2s - loss: 0.2844 - mse: 0.2844 - mae: 0.4320 - val_loss: 0.2830 - val_mse: 0.2830 - val_mae: 0.4280 - 2s/epoch - 173ms/step
Epoch 229/10000

Epoch 229: val_loss did not improve from 0.27954
12/12 - 2s - loss: 0.2875 - mse: 0.2875 - mae: 0.4339 - val_loss: 0.2834 - val_mse: 0.2834 - val_mae: 0.4282 - 2s/epoch - 173ms/step
Epoch 230/10000

Epoch 230: val_loss did not improve from 0.27954
12/12 - 2s - loss: 0.2864 - mse: 0.2864 - mae: 0.4333 - val_loss: 0.2809 - val_mse: 0.2809 - val_mae: 0.4274 - 2s/epoch - 172ms/step
Epoch 231/10000

Epoch 231: val_loss did not improve from 0.27954
12/12 - 2s - loss: 0.2856 - mse: 0.2856 - mae: 0.4326 - val_loss: 0.2797 - val_mse: 0.2797 - val_mae: 0.4271 - 2s/epoch - 172ms/step
Epoch 232/10000

Epoch 232: val_loss did not improve from 0.27954
12/12 - 2s - loss: 0.2846 - mse: 0.2846 - mae: 0.4316 - val_loss: 0.2802 - val_mse: 0.2802 - val_mae: 0.4279 - 2s/epoch - 172ms/step
Epoch 233/10000

Epoch 233: val_loss did not improve from 0.27954
12/12 - 2s - loss: 0.2868 - mse: 0.2868 - mae: 0.4338 - val_loss: 0.2815 - val_mse: 0.2815 - val_mae: 0.4286 - 2s/epoch - 172ms/step
Epoch 233: early stopping
