[ 13.14519438  30.04553007  46.53366244  63.02179482  79.5099272
  95.99805957 112.48619195 128.97432432 145.4624567  161.95058908
 178.43872145 194.92685383 211.41498621 227.90311858 244.39125096
 260.87938334 277.36751571 293.85564809 310.34378047 326.83191284
 343.32004522 359.80817759 376.29630997 392.78444235 409.27257472
 425.7607071 ]
Before undersampling: [(0, 375), (1, 834), (2, 3661), (3, 4955), (4, 3156), (5, 2425), (6, 2195), (7, 1862), (8, 1648), (9, 1497), (10, 1418), (11, 1313), (12, 1182), (13, 1082), (14, 902), (15, 843), (16, 708), (17, 675), (18, 486), (19, 429), (20, 347), (21, 282), (22, 251), (23, 195), (24, 209)]
After undersampling: [(0, 182), (1, 498), (2, 2860), (3, 3577), (4, 2164), (5, 1770), (6, 1539), (7, 1324), (8, 1190), (9, 1059), (10, 1007), (11, 945), (12, 838), (13, 761), (14, 616), (15, 571), (16, 490), (17, 474), (18, 329), (19, 316), (20, 224), (21, 175), (22, 171), (23, 195), (24, 170)]
            label  HH_0_0_x  HV_0_0_x  IA_0_0_x       FYI      DFYI       MYI     rms_0     thk_1     rms_1     thk_2     rms_2     thk_3     rms_3  ...    3         4    5         6         7         8         9        10   11        12   13        14        15                                                CNN
0       19.895921  0.203922  0.043137  0.077817  0.652628  0.009887  0.337485  5.001954  1.192152  4.877652  1.158471  4.875031  1.175514  4.851342  ...  0.0  1.120948  0.0  0.743090  0.587870  0.948885  0.352816  1.066303  0.0  0.814884  0.0  0.844757  0.518665  [[[[0.2352941176470588], [0.0777753418567133],...
1       23.780497  0.200000  0.043137  0.098255  0.206323  0.749602  0.044075  4.866682  1.236573  4.793832  1.162593  4.800952  1.198363  4.828513  ...  0.0  1.029109  0.0  0.672157  0.560012  0.862348  0.335949  0.962414  0.0  0.732736  0.0  0.749002  0.465802  [[[[0.3098039215686274], [0.0982147665584788],...
2       29.620795  0.250980  0.039216  0.113295  0.972618  0.015166  0.012215  4.313414  1.094075  4.426333  1.112767  4.375062  1.103587  4.317420  ...  0.0  1.047484  0.0  0.629486  0.579557  0.821901  0.250789  0.966964  0.0  0.756207  0.0  0.730525  0.508264  [[[[0.1294117647058823], [0.1132563497505936],...
3       22.907068  0.168627  0.070588  0.148777  0.971287  0.006675  0.022037  4.366760  1.155686  4.417400  1.133742  4.383090  1.141724  4.345513  ...  0.0  0.841440  0.0  0.478733  0.519260  0.668379  0.242026  0.741518  0.0  0.603948  0.0  0.550406  0.446947  [[[[0.2], [0.148808946796492], [0.066666666666...
4       24.974093  0.188235  0.050980  0.102628  0.785806  0.175785  0.038409  4.504712  1.160089  4.538021  1.111977  4.467990  1.118230  4.459793  ...  0.0  1.057055  0.0  0.649680  0.628294  0.868561  0.316053  0.980241  0.0  0.765629  0.0  0.744886  0.546426  [[[[0.2], [0.1025880103017769], [0.06666666666...
...           ...       ...       ...       ...       ...       ...       ...       ...       ...       ...       ...       ...       ...       ...  ...  ...       ...  ...       ...       ...       ...       ...       ...  ...       ...  ...       ...       ...                                                ...
23440  417.027580  0.505882  0.090196  0.152162  0.185910  0.031902  0.782188  4.486675  1.202497  4.531466  1.252972  4.593008  1.239219  4.510143  ...  0.0  0.839703  0.0  0.468273  0.499118  0.650608  0.278814  0.681403  0.0  0.621146  0.0  0.548368  0.455899  [[[[0.4196078431372549], [0.15219440834195], [...
23441  417.866263  0.392157  0.125490  0.152184  0.189279  0.051355  0.759366  4.590506  1.242536  4.658542  1.255140  4.682031  1.275536  4.639037  ...  0.0  0.753041  0.0  0.432618  0.424933  0.606180  0.279904  0.615722  0.0  0.551801  0.0  0.504145  0.391604  [[[[0.3490196078431372], [0.1522158155254289],...
23442  421.196328  0.631373  0.466667  0.154089  0.004261  0.000064  0.995674  1.187829  0.197352  0.941815  0.203265  0.245285  0.157730  0.213412  ...  0.0  0.644292  0.0  0.466233  0.184014  0.544459  0.317551  0.496343  0.0  0.488684  0.0  0.521621  0.200857  [[[[0.596078431372549], [0.1541208603802849], ...
23443  416.289186  0.517647  0.160784  0.153404  0.011037  0.000341  0.988622  1.187829  0.197352  0.941815  0.203265  0.245285  0.157730  0.213412  ...  0.0  0.792541  0.0  0.518223  0.461039  0.679398  0.335284  0.699151  0.0  0.512142  0.0  0.532694  0.315921  [[[[0.4078431372549019], [0.1534358903473499],...
23444  423.194662  0.341176  0.274510  0.153307  0.003870  0.000024  0.996105  1.187829  0.197352  0.941815  0.203265  0.245285  0.157730  0.213412  ...  0.0  0.712026  0.0  0.452670  0.356484  0.560431  0.500874  0.445316  0.0  0.508642  0.0  0.462847  0.257479  [[[[0.5686274509803921], [0.1533395804610907],...

[23445 rows x 128 columns]
Size of dataset: (23445, 127)
*************************** Fold #: 1 ***************************
Model: "model"
__________________________________________________________________________________________________
 Layer (type)                   Output Shape         Param #     Connected to                     
==================================================================================================
 conv (InputLayer)              [(None, 7, 7, 3, 1)  0           []                               
                                ]                                                                 
                                                                                                  
 zero_padding3d (ZeroPadding3D)  (None, 8, 8, 4, 1)  0           ['conv[0][0]']                   
                                                                                                  
 conv3d (Conv3D)                (None, 8, 8, 4, 8)   224         ['zero_padding3d[0][0]']         
                                                                                                  
 max_pooling3d (MaxPooling3D)   (None, 4, 4, 2, 8)   0           ['conv3d[0][0]']                 
                                                                                                  
 conv3d_1 (Conv3D)              (None, 4, 4, 2, 4)   868         ['max_pooling3d[0][0]']          
                                                                                                  
 max_pooling3d_1 (MaxPooling3D)  (None, 2, 2, 1, 4)  0           ['conv3d_1[0][0]']               
                                                                                                  
 cat (InputLayer)               [(None, 126)]        0           []                               
                                                                                                  
 flatten (Flatten)              (None, 16)           0           ['max_pooling3d_1[0][0]']        
                                                                                                  
 concatenate (Concatenate)      (None, 142)          0           ['cat[0][0]',                    
                                                                  'flatten[0][0]']                
                                                                                                  
 dense (Dense)                  (None, 200)          28600       ['concatenate[0][0]']            
                                                                                                  
 dense_1 (Dense)                (None, 200)          40200       ['dense[0][0]']                  
                                                                                                  
 dense_2 (Dense)                (None, 200)          40200       ['dense_1[0][0]']                
                                                                                                  
 dense_3 (Dense)                (None, 200)          40200       ['dense_2[0][0]']                
                                                                                                  
 dense_4 (Dense)                (None, 200)          40200       ['dense_3[0][0]']                
                                                                                                  
 dense_5 (Dense)                (None, 1)            201         ['dense_4[0][0]']                
                                                                                                  
==================================================================================================
Total params: 190,693
Trainable params: 190,693
Non-trainable params: 0
__________________________________________________________________________________________________
Epoch 1/10000

Epoch 1: val_loss improved from inf to 1.98776, saving model to ./results/NN_rms_regr/ResNet/recursion_29/ckpt_1
12/12 - 3s - loss: 9.5925 - mse: 9.5925 - mae: 2.6375 - val_loss: 1.9878 - val_mse: 1.9878 - val_mae: 1.1674 - 3s/epoch - 280ms/step
Epoch 2/10000

Epoch 2: val_loss improved from 1.98776 to 0.86020, saving model to ./results/NN_rms_regr/ResNet/recursion_29/ckpt_1
12/12 - 3s - loss: 1.8470 - mse: 1.8470 - mae: 1.0893 - val_loss: 0.8602 - val_mse: 0.8602 - val_mae: 0.5718 - 3s/epoch - 233ms/step
Epoch 3/10000

Epoch 3: val_loss improved from 0.86020 to 0.66683, saving model to ./results/NN_rms_regr/ResNet/recursion_29/ckpt_1
12/12 - 3s - loss: 0.9192 - mse: 0.9192 - mae: 0.6492 - val_loss: 0.6668 - val_mse: 0.6668 - val_mae: 0.5380 - 3s/epoch - 234ms/step
Epoch 4/10000

Epoch 4: val_loss improved from 0.66683 to 0.32573, saving model to ./results/NN_rms_regr/ResNet/recursion_29/ckpt_1
12/12 - 3s - loss: 0.5256 - mse: 0.5256 - mae: 0.5186 - val_loss: 0.3257 - val_mse: 0.3257 - val_mae: 0.4564 - 3s/epoch - 233ms/step
Epoch 5/10000

Epoch 5: val_loss improved from 0.32573 to 0.29752, saving model to ./results/NN_rms_regr/ResNet/recursion_29/ckpt_1
12/12 - 3s - loss: 0.3069 - mse: 0.3069 - mae: 0.4495 - val_loss: 0.2975 - val_mse: 0.2975 - val_mae: 0.4418 - 3s/epoch - 235ms/step
Epoch 6/10000

Epoch 6: val_loss did not improve from 0.29752
12/12 - 2s - loss: 0.2863 - mse: 0.2863 - mae: 0.4353 - val_loss: 0.2993 - val_mse: 0.2993 - val_mae: 0.4399 - 2s/epoch - 173ms/step
Epoch 7/10000

Epoch 7: val_loss improved from 0.29752 to 0.28966, saving model to ./results/NN_rms_regr/ResNet/recursion_29/ckpt_1
12/12 - 3s - loss: 0.2841 - mse: 0.2841 - mae: 0.4341 - val_loss: 0.2897 - val_mse: 0.2897 - val_mae: 0.4365 - 3s/epoch - 233ms/step
Epoch 8/10000

Epoch 8: val_loss improved from 0.28966 to 0.28810, saving model to ./results/NN_rms_regr/ResNet/recursion_29/ckpt_1
12/12 - 3s - loss: 0.2806 - mse: 0.2806 - mae: 0.4322 - val_loss: 0.2881 - val_mse: 0.2881 - val_mae: 0.4341 - 3s/epoch - 246ms/step
Epoch 9/10000

Epoch 9: val_loss improved from 0.28810 to 0.28714, saving model to ./results/NN_rms_regr/ResNet/recursion_29/ckpt_1
12/12 - 3s - loss: 0.2799 - mse: 0.2799 - mae: 0.4307 - val_loss: 0.2871 - val_mse: 0.2871 - val_mae: 0.4345 - 3s/epoch - 247ms/step
Epoch 10/10000

Epoch 10: val_loss improved from 0.28714 to 0.28574, saving model to ./results/NN_rms_regr/ResNet/recursion_29/ckpt_1
12/12 - 3s - loss: 0.2794 - mse: 0.2794 - mae: 0.4307 - val_loss: 0.2857 - val_mse: 0.2857 - val_mae: 0.4328 - 3s/epoch - 241ms/step
Epoch 11/10000

Epoch 11: val_loss did not improve from 0.28574
12/12 - 2s - loss: 0.2786 - mse: 0.2786 - mae: 0.4298 - val_loss: 0.2871 - val_mse: 0.2871 - val_mae: 0.4340 - 2s/epoch - 173ms/step
Epoch 12/10000

Epoch 12: val_loss improved from 0.28574 to 0.28504, saving model to ./results/NN_rms_regr/ResNet/recursion_29/ckpt_1
12/12 - 3s - loss: 0.2804 - mse: 0.2804 - mae: 0.4308 - val_loss: 0.2850 - val_mse: 0.2850 - val_mae: 0.4319 - 3s/epoch - 246ms/step
Epoch 13/10000

Epoch 13: val_loss did not improve from 0.28504
12/12 - 2s - loss: 0.2785 - mse: 0.2785 - mae: 0.4297 - val_loss: 0.2860 - val_mse: 0.2860 - val_mae: 0.4317 - 2s/epoch - 173ms/step
Epoch 14/10000

Epoch 14: val_loss did not improve from 0.28504
12/12 - 2s - loss: 0.2775 - mse: 0.2775 - mae: 0.4285 - val_loss: 0.2855 - val_mse: 0.2855 - val_mae: 0.4324 - 2s/epoch - 173ms/step
Epoch 15/10000

Epoch 15: val_loss improved from 0.28504 to 0.28429, saving model to ./results/NN_rms_regr/ResNet/recursion_29/ckpt_1
12/12 - 3s - loss: 0.2793 - mse: 0.2793 - mae: 0.4298 - val_loss: 0.2843 - val_mse: 0.2843 - val_mae: 0.4306 - 3s/epoch - 246ms/step
Epoch 16/10000

Epoch 16: val_loss did not improve from 0.28429
12/12 - 2s - loss: 0.2809 - mse: 0.2809 - mae: 0.4311 - val_loss: 0.2884 - val_mse: 0.2884 - val_mae: 0.4329 - 2s/epoch - 172ms/step
Epoch 17/10000

Epoch 17: val_loss improved from 0.28429 to 0.28382, saving model to ./results/NN_rms_regr/ResNet/recursion_29/ckpt_1
12/12 - 3s - loss: 0.2780 - mse: 0.2780 - mae: 0.4288 - val_loss: 0.2838 - val_mse: 0.2838 - val_mae: 0.4302 - 3s/epoch - 247ms/step
Epoch 18/10000

Epoch 18: val_loss did not improve from 0.28382
12/12 - 2s - loss: 0.2796 - mse: 0.2796 - mae: 0.4294 - val_loss: 0.2841 - val_mse: 0.2841 - val_mae: 0.4308 - 2s/epoch - 173ms/step
Epoch 19/10000

Epoch 19: val_loss did not improve from 0.28382
12/12 - 2s - loss: 0.2795 - mse: 0.2795 - mae: 0.4293 - val_loss: 0.2946 - val_mse: 0.2946 - val_mae: 0.4360 - 2s/epoch - 173ms/step
Epoch 20/10000

Epoch 20: val_loss improved from 0.28382 to 0.28322, saving model to ./results/NN_rms_regr/ResNet/recursion_29/ckpt_1
12/12 - 3s - loss: 0.2796 - mse: 0.2796 - mae: 0.4287 - val_loss: 0.2832 - val_mse: 0.2832 - val_mae: 0.4295 - 3s/epoch - 243ms/step
Epoch 21/10000

Epoch 21: val_loss did not improve from 0.28322
12/12 - 2s - loss: 0.2787 - mse: 0.2787 - mae: 0.4280 - val_loss: 0.2851 - val_mse: 0.2851 - val_mae: 0.4303 - 2s/epoch - 173ms/step
Epoch 22/10000

Epoch 22: val_loss improved from 0.28322 to 0.28301, saving model to ./results/NN_rms_regr/ResNet/recursion_29/ckpt_1
12/12 - 3s - loss: 0.2765 - mse: 0.2765 - mae: 0.4270 - val_loss: 0.2830 - val_mse: 0.2830 - val_mae: 0.4290 - 3s/epoch - 246ms/step
Epoch 23/10000

Epoch 23: val_loss did not improve from 0.28301
12/12 - 2s - loss: 0.2761 - mse: 0.2761 - mae: 0.4266 - val_loss: 0.2834 - val_mse: 0.2834 - val_mae: 0.4297 - 2s/epoch - 173ms/step
Epoch 24/10000

Epoch 24: val_loss improved from 0.28301 to 0.28269, saving model to ./results/NN_rms_regr/ResNet/recursion_29/ckpt_1
12/12 - 3s - loss: 0.2762 - mse: 0.2762 - mae: 0.4265 - val_loss: 0.2827 - val_mse: 0.2827 - val_mae: 0.4288 - 3s/epoch - 247ms/step
Epoch 25/10000

Epoch 25: val_loss did not improve from 0.28269
12/12 - 2s - loss: 0.2765 - mse: 0.2765 - mae: 0.4268 - val_loss: 0.2837 - val_mse: 0.2837 - val_mae: 0.4298 - 2s/epoch - 173ms/step
Epoch 26/10000

Epoch 26: val_loss did not improve from 0.28269
12/12 - 2s - loss: 0.2769 - mse: 0.2769 - mae: 0.4270 - val_loss: 0.2827 - val_mse: 0.2827 - val_mae: 0.4285 - 2s/epoch - 173ms/step
Epoch 27/10000

Epoch 27: val_loss did not improve from 0.28269
12/12 - 2s - loss: 0.2788 - mse: 0.2788 - mae: 0.4281 - val_loss: 0.2872 - val_mse: 0.2872 - val_mae: 0.4313 - 2s/epoch - 173ms/step
Epoch 28/10000

Epoch 28: val_loss improved from 0.28269 to 0.28267, saving model to ./results/NN_rms_regr/ResNet/recursion_29/ckpt_1
12/12 - 3s - loss: 0.2773 - mse: 0.2773 - mae: 0.4268 - val_loss: 0.2827 - val_mse: 0.2827 - val_mae: 0.4286 - 3s/epoch - 241ms/step
Epoch 29/10000

Epoch 29: val_loss improved from 0.28267 to 0.28265, saving model to ./results/NN_rms_regr/ResNet/recursion_29/ckpt_1
12/12 - 3s - loss: 0.2760 - mse: 0.2760 - mae: 0.4262 - val_loss: 0.2826 - val_mse: 0.2826 - val_mae: 0.4286 - 3s/epoch - 246ms/step
Epoch 30/10000

Epoch 30: val_loss improved from 0.28265 to 0.28243, saving model to ./results/NN_rms_regr/ResNet/recursion_29/ckpt_1
12/12 - 3s - loss: 0.2760 - mse: 0.2760 - mae: 0.4261 - val_loss: 0.2824 - val_mse: 0.2824 - val_mae: 0.4287 - 3s/epoch - 248ms/step
Epoch 31/10000

Epoch 31: val_loss improved from 0.28243 to 0.28207, saving model to ./results/NN_rms_regr/ResNet/recursion_29/ckpt_1
12/12 - 3s - loss: 0.2756 - mse: 0.2756 - mae: 0.4260 - val_loss: 0.2821 - val_mse: 0.2821 - val_mae: 0.4279 - 3s/epoch - 240ms/step
Epoch 32/10000

Epoch 32: val_loss did not improve from 0.28207
12/12 - 2s - loss: 0.2755 - mse: 0.2755 - mae: 0.4259 - val_loss: 0.2823 - val_mse: 0.2823 - val_mae: 0.4278 - 2s/epoch - 173ms/step
Epoch 33/10000

Epoch 33: val_loss did not improve from 0.28207
12/12 - 2s - loss: 0.2757 - mse: 0.2757 - mae: 0.4256 - val_loss: 0.2825 - val_mse: 0.2825 - val_mae: 0.4285 - 2s/epoch - 173ms/step
Epoch 34/10000

Epoch 34: val_loss improved from 0.28207 to 0.28175, saving model to ./results/NN_rms_regr/ResNet/recursion_29/ckpt_1
12/12 - 3s - loss: 0.2758 - mse: 0.2758 - mae: 0.4261 - val_loss: 0.2817 - val_mse: 0.2817 - val_mae: 0.4277 - 3s/epoch - 246ms/step
Epoch 35/10000

Epoch 35: val_loss did not improve from 0.28175
12/12 - 2s - loss: 0.2752 - mse: 0.2752 - mae: 0.4253 - val_loss: 0.2818 - val_mse: 0.2818 - val_mae: 0.4280 - 2s/epoch - 173ms/step
Epoch 36/10000

Epoch 36: val_loss did not improve from 0.28175
12/12 - 2s - loss: 0.2753 - mse: 0.2753 - mae: 0.4256 - val_loss: 0.2823 - val_mse: 0.2823 - val_mae: 0.4276 - 2s/epoch - 173ms/step
Epoch 37/10000

Epoch 37: val_loss improved from 0.28175 to 0.28156, saving model to ./results/NN_rms_regr/ResNet/recursion_29/ckpt_1
12/12 - 3s - loss: 0.2751 - mse: 0.2751 - mae: 0.4253 - val_loss: 0.2816 - val_mse: 0.2816 - val_mae: 0.4276 - 3s/epoch - 246ms/step
Epoch 38/10000

Epoch 38: val_loss did not improve from 0.28156
12/12 - 2s - loss: 0.2767 - mse: 0.2767 - mae: 0.4264 - val_loss: 0.2820 - val_mse: 0.2820 - val_mae: 0.4274 - 2s/epoch - 173ms/step
Epoch 39/10000

Epoch 39: val_loss did not improve from 0.28156
12/12 - 2s - loss: 0.2778 - mse: 0.2778 - mae: 0.4269 - val_loss: 0.2859 - val_mse: 0.2859 - val_mae: 0.4297 - 2s/epoch - 173ms/step
Epoch 40/10000

Epoch 40: val_loss did not improve from 0.28156
12/12 - 2s - loss: 0.2773 - mse: 0.2773 - mae: 0.4264 - val_loss: 0.2834 - val_mse: 0.2834 - val_mae: 0.4284 - 2s/epoch - 173ms/step
Epoch 41/10000

Epoch 41: val_loss improved from 0.28156 to 0.28154, saving model to ./results/NN_rms_regr/ResNet/recursion_29/ckpt_1
12/12 - 3s - loss: 0.2764 - mse: 0.2764 - mae: 0.4258 - val_loss: 0.2815 - val_mse: 0.2815 - val_mae: 0.4271 - 3s/epoch - 248ms/step
Epoch 42/10000

Epoch 42: val_loss did not improve from 0.28154
12/12 - 2s - loss: 0.2763 - mse: 0.2763 - mae: 0.4260 - val_loss: 0.2816 - val_mse: 0.2816 - val_mae: 0.4275 - 2s/epoch - 173ms/step
Epoch 43/10000

Epoch 43: val_loss improved from 0.28154 to 0.28153, saving model to ./results/NN_rms_regr/ResNet/recursion_29/ckpt_1
12/12 - 3s - loss: 0.2758 - mse: 0.2758 - mae: 0.4257 - val_loss: 0.2815 - val_mse: 0.2815 - val_mae: 0.4272 - 3s/epoch - 247ms/step
Epoch 44/10000

Epoch 44: val_loss did not improve from 0.28153
12/12 - 2s - loss: 0.2765 - mse: 0.2765 - mae: 0.4260 - val_loss: 0.2837 - val_mse: 0.2837 - val_mae: 0.4296 - 2s/epoch - 173ms/step
Epoch 45/10000

Epoch 45: val_loss did not improve from 0.28153
12/12 - 2s - loss: 0.2757 - mse: 0.2757 - mae: 0.4255 - val_loss: 0.2819 - val_mse: 0.2819 - val_mae: 0.4281 - 2s/epoch - 173ms/step
Epoch 46/10000

Epoch 46: val_loss did not improve from 0.28153
12/12 - 2s - loss: 0.2763 - mse: 0.2763 - mae: 0.4261 - val_loss: 0.2830 - val_mse: 0.2830 - val_mae: 0.4275 - 2s/epoch - 173ms/step
Epoch 47/10000

Epoch 47: val_loss did not improve from 0.28153
12/12 - 2s - loss: 0.2757 - mse: 0.2757 - mae: 0.4254 - val_loss: 0.2827 - val_mse: 0.2827 - val_mae: 0.4273 - 2s/epoch - 176ms/step
Epoch 48/10000

Epoch 48: val_loss improved from 0.28153 to 0.28147, saving model to ./results/NN_rms_regr/ResNet/recursion_29/ckpt_1
12/12 - 3s - loss: 0.2762 - mse: 0.2762 - mae: 0.4254 - val_loss: 0.2815 - val_mse: 0.2815 - val_mae: 0.4271 - 3s/epoch - 244ms/step
Epoch 49/10000

Epoch 49: val_loss improved from 0.28147 to 0.28100, saving model to ./results/NN_rms_regr/ResNet/recursion_29/ckpt_1
12/12 - 3s - loss: 0.2757 - mse: 0.2757 - mae: 0.4252 - val_loss: 0.2810 - val_mse: 0.2810 - val_mae: 0.4267 - 3s/epoch - 247ms/step
Epoch 50/10000

Epoch 50: val_loss did not improve from 0.28100
12/12 - 2s - loss: 0.2767 - mse: 0.2767 - mae: 0.4259 - val_loss: 0.2819 - val_mse: 0.2819 - val_mae: 0.4275 - 2s/epoch - 174ms/step
Epoch 51/10000

Epoch 51: val_loss did not improve from 0.28100
12/12 - 2s - loss: 0.2750 - mse: 0.2750 - mae: 0.4246 - val_loss: 0.2822 - val_mse: 0.2822 - val_mae: 0.4279 - 2s/epoch - 173ms/step
Epoch 52/10000

Epoch 52: val_loss did not improve from 0.28100
12/12 - 2s - loss: 0.2782 - mse: 0.2782 - mae: 0.4274 - val_loss: 0.2874 - val_mse: 0.2874 - val_mae: 0.4302 - 2s/epoch - 172ms/step
Epoch 53/10000

Epoch 53: val_loss did not improve from 0.28100
12/12 - 2s - loss: 0.2794 - mse: 0.2794 - mae: 0.4277 - val_loss: 0.2813 - val_mse: 0.2813 - val_mae: 0.4270 - 2s/epoch - 173ms/step
Epoch 54/10000

Epoch 54: val_loss did not improve from 0.28100
12/12 - 2s - loss: 0.2755 - mse: 0.2755 - mae: 0.4255 - val_loss: 0.2821 - val_mse: 0.2821 - val_mae: 0.4275 - 2s/epoch - 173ms/step
Epoch 55/10000

Epoch 55: val_loss did not improve from 0.28100
12/12 - 2s - loss: 0.2760 - mse: 0.2760 - mae: 0.4253 - val_loss: 0.2850 - val_mse: 0.2850 - val_mae: 0.4304 - 2s/epoch - 173ms/step
Epoch 56/10000

Epoch 56: val_loss did not improve from 0.28100
12/12 - 2s - loss: 0.2761 - mse: 0.2761 - mae: 0.4259 - val_loss: 0.2934 - val_mse: 0.2934 - val_mae: 0.4339 - 2s/epoch - 174ms/step
Epoch 57/10000

Epoch 57: val_loss did not improve from 0.28100
12/12 - 2s - loss: 0.2793 - mse: 0.2793 - mae: 0.4275 - val_loss: 0.2826 - val_mse: 0.2826 - val_mae: 0.4273 - 2s/epoch - 173ms/step
Epoch 58/10000

Epoch 58: val_loss improved from 0.28100 to 0.28075, saving model to ./results/NN_rms_regr/ResNet/recursion_29/ckpt_1
12/12 - 3s - loss: 0.2762 - mse: 0.2762 - mae: 0.4255 - val_loss: 0.2807 - val_mse: 0.2807 - val_mae: 0.4268 - 3s/epoch - 242ms/step
Epoch 59/10000

Epoch 59: val_loss did not improve from 0.28075
12/12 - 2s - loss: 0.2778 - mse: 0.2778 - mae: 0.4265 - val_loss: 0.2809 - val_mse: 0.2809 - val_mae: 0.4266 - 2s/epoch - 173ms/step
Epoch 60/10000

Epoch 60: val_loss did not improve from 0.28075
12/12 - 2s - loss: 0.2753 - mse: 0.2753 - mae: 0.4248 - val_loss: 0.2827 - val_mse: 0.2827 - val_mae: 0.4277 - 2s/epoch - 174ms/step
Epoch 61/10000

Epoch 61: val_loss improved from 0.28075 to 0.28069, saving model to ./results/NN_rms_regr/ResNet/recursion_29/ckpt_1
12/12 - 3s - loss: 0.2780 - mse: 0.2780 - mae: 0.4271 - val_loss: 0.2807 - val_mse: 0.2807 - val_mae: 0.4264 - 3s/epoch - 246ms/step
Epoch 62/10000

Epoch 62: val_loss did not improve from 0.28069
12/12 - 2s - loss: 0.2780 - mse: 0.2780 - mae: 0.4267 - val_loss: 0.2833 - val_mse: 0.2833 - val_mae: 0.4276 - 2s/epoch - 173ms/step
Epoch 63/10000

Epoch 63: val_loss did not improve from 0.28069
12/12 - 2s - loss: 0.2748 - mse: 0.2748 - mae: 0.4244 - val_loss: 0.2811 - val_mse: 0.2811 - val_mae: 0.4273 - 2s/epoch - 173ms/step
Epoch 64/10000

Epoch 64: val_loss did not improve from 0.28069
12/12 - 2s - loss: 0.2741 - mse: 0.2741 - mae: 0.4240 - val_loss: 0.2827 - val_mse: 0.2827 - val_mae: 0.4268 - 2s/epoch - 173ms/step
Epoch 65/10000

Epoch 65: val_loss improved from 0.28069 to 0.28055, saving model to ./results/NN_rms_regr/ResNet/recursion_29/ckpt_1
12/12 - 3s - loss: 0.2756 - mse: 0.2756 - mae: 0.4250 - val_loss: 0.2805 - val_mse: 0.2805 - val_mae: 0.4259 - 3s/epoch - 247ms/step
Epoch 66/10000

Epoch 66: val_loss did not improve from 0.28055
12/12 - 2s - loss: 0.2749 - mse: 0.2749 - mae: 0.4242 - val_loss: 0.2813 - val_mse: 0.2813 - val_mae: 0.4261 - 2s/epoch - 175ms/step
Epoch 67/10000

Epoch 67: val_loss did not improve from 0.28055
12/12 - 2s - loss: 0.2746 - mse: 0.2746 - mae: 0.4240 - val_loss: 0.2828 - val_mse: 0.2828 - val_mae: 0.4283 - 2s/epoch - 173ms/step
Epoch 68/10000

Epoch 68: val_loss did not improve from 0.28055
12/12 - 2s - loss: 0.2746 - mse: 0.2746 - mae: 0.4245 - val_loss: 0.2834 - val_mse: 0.2834 - val_mae: 0.4280 - 2s/epoch - 174ms/step
Epoch 69/10000

Epoch 69: val_loss did not improve from 0.28055
12/12 - 2s - loss: 0.2775 - mse: 0.2775 - mae: 0.4267 - val_loss: 0.2818 - val_mse: 0.2818 - val_mae: 0.4266 - 2s/epoch - 174ms/step
Epoch 70/10000

Epoch 70: val_loss did not improve from 0.28055
12/12 - 2s - loss: 0.2775 - mse: 0.2775 - mae: 0.4256 - val_loss: 0.2930 - val_mse: 0.2930 - val_mae: 0.4335 - 2s/epoch - 176ms/step
Epoch 71/10000

Epoch 71: val_loss did not improve from 0.28055
12/12 - 2s - loss: 0.2774 - mse: 0.2774 - mae: 0.4256 - val_loss: 0.2817 - val_mse: 0.2817 - val_mae: 0.4276 - 2s/epoch - 173ms/step
Epoch 72/10000

Epoch 72: val_loss improved from 0.28055 to 0.28034, saving model to ./results/NN_rms_regr/ResNet/recursion_29/ckpt_1
12/12 - 3s - loss: 0.2749 - mse: 0.2749 - mae: 0.4243 - val_loss: 0.2803 - val_mse: 0.2803 - val_mae: 0.4258 - 3s/epoch - 248ms/step
Epoch 73/10000

Epoch 73: val_loss did not improve from 0.28034
12/12 - 2s - loss: 0.2760 - mse: 0.2760 - mae: 0.4252 - val_loss: 0.2869 - val_mse: 0.2869 - val_mae: 0.4297 - 2s/epoch - 174ms/step
Epoch 74/10000

Epoch 74: val_loss did not improve from 0.28034
12/12 - 2s - loss: 0.2760 - mse: 0.2760 - mae: 0.4247 - val_loss: 0.2877 - val_mse: 0.2877 - val_mae: 0.4326 - 2s/epoch - 174ms/step
Epoch 75/10000

Epoch 75: val_loss did not improve from 0.28034
12/12 - 2s - loss: 0.2842 - mse: 0.2842 - mae: 0.4315 - val_loss: 0.2987 - val_mse: 0.2987 - val_mae: 0.4373 - 2s/epoch - 172ms/step
Epoch 76/10000

Epoch 76: val_loss did not improve from 0.28034
12/12 - 2s - loss: 0.2836 - mse: 0.2836 - mae: 0.4305 - val_loss: 0.2813 - val_mse: 0.2813 - val_mae: 0.4274 - 2s/epoch - 174ms/step
Epoch 77/10000

Epoch 77: val_loss did not improve from 0.28034
12/12 - 2s - loss: 0.2766 - mse: 0.2766 - mae: 0.4256 - val_loss: 0.2809 - val_mse: 0.2809 - val_mae: 0.4261 - 2s/epoch - 174ms/step
Epoch 78/10000

Epoch 78: val_loss did not improve from 0.28034
12/12 - 2s - loss: 0.2752 - mse: 0.2752 - mae: 0.4243 - val_loss: 0.2807 - val_mse: 0.2807 - val_mae: 0.4257 - 2s/epoch - 173ms/step
Epoch 79/10000

Epoch 79: val_loss did not improve from 0.28034
12/12 - 2s - loss: 0.2753 - mse: 0.2753 - mae: 0.4244 - val_loss: 0.2943 - val_mse: 0.2943 - val_mae: 0.4367 - 2s/epoch - 174ms/step
Epoch 80/10000

Epoch 80: val_loss did not improve from 0.28034
12/12 - 2s - loss: 0.2801 - mse: 0.2801 - mae: 0.4284 - val_loss: 0.2822 - val_mse: 0.2822 - val_mae: 0.4262 - 2s/epoch - 175ms/step
Epoch 81/10000

Epoch 81: val_loss did not improve from 0.28034
12/12 - 2s - loss: 0.2748 - mse: 0.2748 - mae: 0.4241 - val_loss: 0.2836 - val_mse: 0.2836 - val_mae: 0.4273 - 2s/epoch - 174ms/step
Epoch 82/10000

Epoch 82: val_loss did not improve from 0.28034
12/12 - 2s - loss: 0.2749 - mse: 0.2749 - mae: 0.4240 - val_loss: 0.2824 - val_mse: 0.2824 - val_mae: 0.4279 - 2s/epoch - 174ms/step
Epoch 83/10000

Epoch 83: val_loss did not improve from 0.28034
12/12 - 2s - loss: 0.2752 - mse: 0.2752 - mae: 0.4242 - val_loss: 0.2874 - val_mse: 0.2874 - val_mae: 0.4318 - 2s/epoch - 174ms/step
Epoch 84/10000

Epoch 84: val_loss did not improve from 0.28034
12/12 - 2s - loss: 0.2755 - mse: 0.2755 - mae: 0.4249 - val_loss: 0.2811 - val_mse: 0.2811 - val_mae: 0.4261 - 2s/epoch - 174ms/step
Epoch 85/10000

Epoch 85: val_loss did not improve from 0.28034
12/12 - 2s - loss: 0.2763 - mse: 0.2763 - mae: 0.4252 - val_loss: 0.2811 - val_mse: 0.2811 - val_mae: 0.4256 - 2s/epoch - 173ms/step
Epoch 86/10000

Epoch 86: val_loss did not improve from 0.28034
12/12 - 2s - loss: 0.2794 - mse: 0.2794 - mae: 0.4271 - val_loss: 0.2882 - val_mse: 0.2882 - val_mae: 0.4303 - 2s/epoch - 175ms/step
Epoch 87/10000

Epoch 87: val_loss did not improve from 0.28034
12/12 - 2s - loss: 0.2826 - mse: 0.2826 - mae: 0.4292 - val_loss: 0.2983 - val_mse: 0.2983 - val_mae: 0.4402 - 2s/epoch - 174ms/step
Epoch 88/10000

Epoch 88: val_loss did not improve from 0.28034
12/12 - 2s - loss: 0.2833 - mse: 0.2833 - mae: 0.4306 - val_loss: 0.2944 - val_mse: 0.2944 - val_mae: 0.4346 - 2s/epoch - 173ms/step
Epoch 89/10000

Epoch 89: val_loss did not improve from 0.28034
12/12 - 2s - loss: 0.2802 - mse: 0.2802 - mae: 0.4279 - val_loss: 0.2864 - val_mse: 0.2864 - val_mae: 0.4315 - 2s/epoch - 174ms/step
Epoch 90/10000

Epoch 90: val_loss improved from 0.28034 to 0.28021, saving model to ./results/NN_rms_regr/ResNet/recursion_29/ckpt_1
12/12 - 3s - loss: 0.2757 - mse: 0.2757 - mae: 0.4247 - val_loss: 0.2802 - val_mse: 0.2802 - val_mae: 0.4260 - 3s/epoch - 242ms/step
Epoch 91/10000

Epoch 91: val_loss did not improve from 0.28021
12/12 - 2s - loss: 0.2739 - mse: 0.2739 - mae: 0.4236 - val_loss: 0.2814 - val_mse: 0.2814 - val_mae: 0.4259 - 2s/epoch - 173ms/step
Epoch 92/10000

Epoch 92: val_loss did not improve from 0.28021
12/12 - 2s - loss: 0.2812 - mse: 0.2812 - mae: 0.4281 - val_loss: 0.2945 - val_mse: 0.2945 - val_mae: 0.4371 - 2s/epoch - 173ms/step
Epoch 93/10000

Epoch 93: val_loss did not improve from 0.28021
12/12 - 2s - loss: 0.2848 - mse: 0.2848 - mae: 0.4317 - val_loss: 0.2939 - val_mse: 0.2939 - val_mae: 0.4339 - 2s/epoch - 174ms/step
Epoch 94/10000

Epoch 94: val_loss did not improve from 0.28021
12/12 - 2s - loss: 0.2830 - mse: 0.2830 - mae: 0.4293 - val_loss: 0.2841 - val_mse: 0.2841 - val_mae: 0.4292 - 2s/epoch - 174ms/step
Epoch 95/10000

Epoch 95: val_loss did not improve from 0.28021
12/12 - 2s - loss: 0.2764 - mse: 0.2764 - mae: 0.4256 - val_loss: 0.2831 - val_mse: 0.2831 - val_mae: 0.4271 - 2s/epoch - 173ms/step
Epoch 96/10000

Epoch 96: val_loss did not improve from 0.28021
12/12 - 2s - loss: 0.2750 - mse: 0.2750 - mae: 0.4243 - val_loss: 0.2811 - val_mse: 0.2811 - val_mae: 0.4271 - 2s/epoch - 174ms/step
Epoch 97/10000

Epoch 97: val_loss did not improve from 0.28021
12/12 - 2s - loss: 0.2760 - mse: 0.2760 - mae: 0.4246 - val_loss: 0.2834 - val_mse: 0.2834 - val_mae: 0.4290 - 2s/epoch - 174ms/step
Epoch 98/10000

Epoch 98: val_loss did not improve from 0.28021
12/12 - 2s - loss: 0.2774 - mse: 0.2774 - mae: 0.4261 - val_loss: 0.2870 - val_mse: 0.2870 - val_mae: 0.4300 - 2s/epoch - 173ms/step
Epoch 99/10000

Epoch 99: val_loss did not improve from 0.28021
12/12 - 2s - loss: 0.2754 - mse: 0.2754 - mae: 0.4244 - val_loss: 0.2833 - val_mse: 0.2833 - val_mae: 0.4286 - 2s/epoch - 174ms/step
Epoch 100/10000

Epoch 100: val_loss did not improve from 0.28021
12/12 - 2s - loss: 0.2758 - mse: 0.2758 - mae: 0.4246 - val_loss: 0.2820 - val_mse: 0.2820 - val_mae: 0.4264 - 2s/epoch - 173ms/step
Epoch 101/10000

Epoch 101: val_loss did not improve from 0.28021
12/12 - 2s - loss: 0.2750 - mse: 0.2750 - mae: 0.4240 - val_loss: 0.2827 - val_mse: 0.2827 - val_mae: 0.4279 - 2s/epoch - 173ms/step
Epoch 102/10000

Epoch 102: val_loss did not improve from 0.28021
12/12 - 2s - loss: 0.2776 - mse: 0.2776 - mae: 0.4259 - val_loss: 0.2871 - val_mse: 0.2871 - val_mae: 0.4294 - 2s/epoch - 173ms/step
Epoch 103/10000

Epoch 103: val_loss did not improve from 0.28021
12/12 - 2s - loss: 0.2829 - mse: 0.2829 - mae: 0.4287 - val_loss: 0.2886 - val_mse: 0.2886 - val_mae: 0.4325 - 2s/epoch - 173ms/step
Epoch 104/10000

Epoch 104: val_loss did not improve from 0.28021
12/12 - 2s - loss: 0.2798 - mse: 0.2798 - mae: 0.4273 - val_loss: 0.2810 - val_mse: 0.2810 - val_mae: 0.4256 - 2s/epoch - 173ms/step
Epoch 105/10000

Epoch 105: val_loss improved from 0.28021 to 0.28020, saving model to ./results/NN_rms_regr/ResNet/recursion_29/ckpt_1
12/12 - 3s - loss: 0.2761 - mse: 0.2761 - mae: 0.4247 - val_loss: 0.2802 - val_mse: 0.2802 - val_mae: 0.4252 - 3s/epoch - 247ms/step
Epoch 106/10000

Epoch 106: val_loss improved from 0.28020 to 0.27990, saving model to ./results/NN_rms_regr/ResNet/recursion_29/ckpt_1
12/12 - 3s - loss: 0.2831 - mse: 0.2831 - mae: 0.4300 - val_loss: 0.2799 - val_mse: 0.2799 - val_mae: 0.4256 - 3s/epoch - 248ms/step
Epoch 107/10000

Epoch 107: val_loss did not improve from 0.27990
12/12 - 2s - loss: 0.2797 - mse: 0.2797 - mae: 0.4274 - val_loss: 0.2813 - val_mse: 0.2813 - val_mae: 0.4273 - 2s/epoch - 173ms/step
Epoch 108/10000

Epoch 108: val_loss did not improve from 0.27990
12/12 - 2s - loss: 0.2757 - mse: 0.2757 - mae: 0.4251 - val_loss: 0.2815 - val_mse: 0.2815 - val_mae: 0.4274 - 2s/epoch - 173ms/step
Epoch 109/10000

Epoch 109: val_loss did not improve from 0.27990
12/12 - 2s - loss: 0.2772 - mse: 0.2772 - mae: 0.4251 - val_loss: 0.2812 - val_mse: 0.2812 - val_mae: 0.4268 - 2s/epoch - 173ms/step
Epoch 110/10000

Epoch 110: val_loss did not improve from 0.27990
12/12 - 2s - loss: 0.2776 - mse: 0.2776 - mae: 0.4264 - val_loss: 0.2818 - val_mse: 0.2818 - val_mae: 0.4278 - 2s/epoch - 173ms/step
Epoch 111/10000

Epoch 111: val_loss did not improve from 0.27990
12/12 - 2s - loss: 0.2802 - mse: 0.2802 - mae: 0.4279 - val_loss: 0.2817 - val_mse: 0.2817 - val_mae: 0.4276 - 2s/epoch - 173ms/step
Epoch 112/10000

Epoch 112: val_loss did not improve from 0.27990
12/12 - 2s - loss: 0.2744 - mse: 0.2744 - mae: 0.4239 - val_loss: 0.2845 - val_mse: 0.2845 - val_mae: 0.4293 - 2s/epoch - 173ms/step
Epoch 113/10000

Epoch 113: val_loss did not improve from 0.27990
12/12 - 2s - loss: 0.2797 - mse: 0.2797 - mae: 0.4277 - val_loss: 0.2800 - val_mse: 0.2800 - val_mae: 0.4258 - 2s/epoch - 174ms/step
Epoch 114/10000

Epoch 114: val_loss did not improve from 0.27990
12/12 - 2s - loss: 0.2757 - mse: 0.2757 - mae: 0.4250 - val_loss: 0.2814 - val_mse: 0.2814 - val_mae: 0.4257 - 2s/epoch - 173ms/step
Epoch 115/10000

Epoch 115: val_loss did not improve from 0.27990
12/12 - 2s - loss: 0.2747 - mse: 0.2747 - mae: 0.4236 - val_loss: 0.2857 - val_mse: 0.2857 - val_mae: 0.4305 - 2s/epoch - 173ms/step
Epoch 116/10000

Epoch 116: val_loss did not improve from 0.27990
12/12 - 2s - loss: 0.2771 - mse: 0.2771 - mae: 0.4258 - val_loss: 0.2916 - val_mse: 0.2916 - val_mae: 0.4322 - 2s/epoch - 173ms/step
Epoch 117/10000

Epoch 117: val_loss improved from 0.27990 to 0.27977, saving model to ./results/NN_rms_regr/ResNet/recursion_29/ckpt_1
12/12 - 3s - loss: 0.2752 - mse: 0.2752 - mae: 0.4242 - val_loss: 0.2798 - val_mse: 0.2798 - val_mae: 0.4254 - 3s/epoch - 242ms/step
Epoch 118/10000

Epoch 118: val_loss did not improve from 0.27977
12/12 - 2s - loss: 0.2747 - mse: 0.2747 - mae: 0.4236 - val_loss: 0.2798 - val_mse: 0.2798 - val_mae: 0.4256 - 2s/epoch - 173ms/step
Epoch 119/10000

Epoch 119: val_loss did not improve from 0.27977
12/12 - 2s - loss: 0.2764 - mse: 0.2764 - mae: 0.4253 - val_loss: 0.2799 - val_mse: 0.2799 - val_mae: 0.4257 - 2s/epoch - 174ms/step
Epoch 120/10000

Epoch 120: val_loss did not improve from 0.27977
12/12 - 2s - loss: 0.2746 - mse: 0.2746 - mae: 0.4235 - val_loss: 0.2805 - val_mse: 0.2805 - val_mae: 0.4258 - 2s/epoch - 173ms/step
Epoch 121/10000

Epoch 121: val_loss did not improve from 0.27977
12/12 - 2s - loss: 0.2749 - mse: 0.2749 - mae: 0.4240 - val_loss: 0.2817 - val_mse: 0.2817 - val_mae: 0.4270 - 2s/epoch - 174ms/step
Epoch 122/10000

Epoch 122: val_loss did not improve from 0.27977
12/12 - 2s - loss: 0.2778 - mse: 0.2778 - mae: 0.4269 - val_loss: 0.2839 - val_mse: 0.2839 - val_mae: 0.4272 - 2s/epoch - 173ms/step
Epoch 123/10000

Epoch 123: val_loss did not improve from 0.27977
12/12 - 2s - loss: 0.2761 - mse: 0.2761 - mae: 0.4247 - val_loss: 0.2823 - val_mse: 0.2823 - val_mae: 0.4279 - 2s/epoch - 175ms/step
Epoch 124/10000

Epoch 124: val_loss did not improve from 0.27977
12/12 - 2s - loss: 0.2751 - mse: 0.2751 - mae: 0.4240 - val_loss: 0.2799 - val_mse: 0.2799 - val_mae: 0.4256 - 2s/epoch - 173ms/step
Epoch 125/10000

Epoch 125: val_loss did not improve from 0.27977
12/12 - 2s - loss: 0.2743 - mse: 0.2743 - mae: 0.4236 - val_loss: 0.2903 - val_mse: 0.2903 - val_mae: 0.4319 - 2s/epoch - 174ms/step
Epoch 126/10000

Epoch 126: val_loss did not improve from 0.27977
12/12 - 2s - loss: 0.2804 - mse: 0.2804 - mae: 0.4282 - val_loss: 0.2853 - val_mse: 0.2853 - val_mae: 0.4287 - 2s/epoch - 173ms/step
Epoch 127/10000

Epoch 127: val_loss did not improve from 0.27977
12/12 - 2s - loss: 0.2812 - mse: 0.2812 - mae: 0.4282 - val_loss: 0.2830 - val_mse: 0.2830 - val_mae: 0.4286 - 2s/epoch - 173ms/step
Epoch 128/10000

Epoch 128: val_loss did not improve from 0.27977
12/12 - 2s - loss: 0.2752 - mse: 0.2752 - mae: 0.4240 - val_loss: 0.2805 - val_mse: 0.2805 - val_mae: 0.4256 - 2s/epoch - 174ms/step
Epoch 129/10000

Epoch 129: val_loss did not improve from 0.27977
12/12 - 2s - loss: 0.2745 - mse: 0.2745 - mae: 0.4235 - val_loss: 0.2800 - val_mse: 0.2800 - val_mae: 0.4255 - 2s/epoch - 174ms/step
Epoch 130/10000

Epoch 130: val_loss did not improve from 0.27977
12/12 - 2s - loss: 0.2753 - mse: 0.2753 - mae: 0.4245 - val_loss: 0.2798 - val_mse: 0.2798 - val_mae: 0.4256 - 2s/epoch - 173ms/step
Epoch 131/10000

Epoch 131: val_loss did not improve from 0.27977
12/12 - 2s - loss: 0.2771 - mse: 0.2771 - mae: 0.4256 - val_loss: 0.2809 - val_mse: 0.2809 - val_mae: 0.4264 - 2s/epoch - 174ms/step
Epoch 132/10000

Epoch 132: val_loss did not improve from 0.27977
12/12 - 2s - loss: 0.2766 - mse: 0.2766 - mae: 0.4247 - val_loss: 0.2849 - val_mse: 0.2849 - val_mae: 0.4300 - 2s/epoch - 172ms/step
Epoch 133/10000

Epoch 133: val_loss did not improve from 0.27977
12/12 - 2s - loss: 0.2842 - mse: 0.2842 - mae: 0.4306 - val_loss: 0.3045 - val_mse: 0.3045 - val_mae: 0.4410 - 2s/epoch - 174ms/step
Epoch 134/10000

Epoch 134: val_loss did not improve from 0.27977
12/12 - 2s - loss: 0.2827 - mse: 0.2827 - mae: 0.4293 - val_loss: 0.2815 - val_mse: 0.2815 - val_mae: 0.4266 - 2s/epoch - 174ms/step
Epoch 135/10000

Epoch 135: val_loss did not improve from 0.27977
12/12 - 2s - loss: 0.2751 - mse: 0.2751 - mae: 0.4238 - val_loss: 0.2856 - val_mse: 0.2856 - val_mae: 0.4303 - 2s/epoch - 173ms/step
Epoch 136/10000

Epoch 136: val_loss did not improve from 0.27977
12/12 - 2s - loss: 0.2791 - mse: 0.2791 - mae: 0.4267 - val_loss: 0.2800 - val_mse: 0.2800 - val_mae: 0.4258 - 2s/epoch - 174ms/step
Epoch 137/10000

Epoch 137: val_loss did not improve from 0.27977
12/12 - 2s - loss: 0.2736 - mse: 0.2736 - mae: 0.4230 - val_loss: 0.2859 - val_mse: 0.2859 - val_mae: 0.4287 - 2s/epoch - 173ms/step
Epoch 138/10000

Epoch 138: val_loss did not improve from 0.27977
12/12 - 2s - loss: 0.2785 - mse: 0.2785 - mae: 0.4267 - val_loss: 0.2804 - val_mse: 0.2804 - val_mae: 0.4260 - 2s/epoch - 173ms/step
Epoch 139/10000

Epoch 139: val_loss did not improve from 0.27977
12/12 - 2s - loss: 0.2777 - mse: 0.2777 - mae: 0.4262 - val_loss: 0.2806 - val_mse: 0.2806 - val_mae: 0.4266 - 2s/epoch - 173ms/step
Epoch 140/10000

Epoch 140: val_loss did not improve from 0.27977
12/12 - 2s - loss: 0.2750 - mse: 0.2750 - mae: 0.4236 - val_loss: 0.2802 - val_mse: 0.2802 - val_mae: 0.4261 - 2s/epoch - 174ms/step
Epoch 141/10000

Epoch 141: val_loss did not improve from 0.27977
12/12 - 2s - loss: 0.2760 - mse: 0.2760 - mae: 0.4251 - val_loss: 0.2799 - val_mse: 0.2799 - val_mae: 0.4256 - 2s/epoch - 173ms/step
Epoch 142/10000

Epoch 142: val_loss improved from 0.27977 to 0.27969, saving model to ./results/NN_rms_regr/ResNet/recursion_29/ckpt_1
12/12 - 3s - loss: 0.2745 - mse: 0.2745 - mae: 0.4234 - val_loss: 0.2797 - val_mse: 0.2797 - val_mae: 0.4252 - 3s/epoch - 247ms/step
Epoch 143/10000

Epoch 143: val_loss did not improve from 0.27969
12/12 - 2s - loss: 0.2754 - mse: 0.2754 - mae: 0.4244 - val_loss: 0.2813 - val_mse: 0.2813 - val_mae: 0.4267 - 2s/epoch - 174ms/step
Epoch 144/10000

Epoch 144: val_loss did not improve from 0.27969
12/12 - 2s - loss: 0.2742 - mse: 0.2742 - mae: 0.4233 - val_loss: 0.2797 - val_mse: 0.2797 - val_mae: 0.4250 - 2s/epoch - 173ms/step
Epoch 145/10000

Epoch 145: val_loss did not improve from 0.27969
12/12 - 2s - loss: 0.2739 - mse: 0.2739 - mae: 0.4233 - val_loss: 0.2877 - val_mse: 0.2877 - val_mae: 0.4300 - 2s/epoch - 173ms/step
Epoch 146/10000

Epoch 146: val_loss did not improve from 0.27969
12/12 - 2s - loss: 0.2811 - mse: 0.2811 - mae: 0.4281 - val_loss: 0.2801 - val_mse: 0.2801 - val_mae: 0.4254 - 2s/epoch - 174ms/step
Epoch 147/10000

Epoch 147: val_loss did not improve from 0.27969
12/12 - 2s - loss: 0.2805 - mse: 0.2805 - mae: 0.4272 - val_loss: 0.3012 - val_mse: 0.3012 - val_mae: 0.4424 - 2s/epoch - 173ms/step
Epoch 148/10000

Epoch 148: val_loss improved from 0.27969 to 0.27956, saving model to ./results/NN_rms_regr/ResNet/recursion_29/ckpt_1
12/12 - 3s - loss: 0.2826 - mse: 0.2826 - mae: 0.4290 - val_loss: 0.2796 - val_mse: 0.2796 - val_mae: 0.4251 - 3s/epoch - 249ms/step
Epoch 149/10000

Epoch 149: val_loss did not improve from 0.27956
12/12 - 2s - loss: 0.2786 - mse: 0.2786 - mae: 0.4264 - val_loss: 0.2876 - val_mse: 0.2876 - val_mae: 0.4300 - 2s/epoch - 173ms/step
Epoch 150/10000

Epoch 150: val_loss did not improve from 0.27956
12/12 - 2s - loss: 0.2770 - mse: 0.2770 - mae: 0.4252 - val_loss: 0.2796 - val_mse: 0.2796 - val_mae: 0.4252 - 2s/epoch - 173ms/step
Epoch 151/10000

Epoch 151: val_loss did not improve from 0.27956
12/12 - 2s - loss: 0.2758 - mse: 0.2758 - mae: 0.4251 - val_loss: 0.2810 - val_mse: 0.2810 - val_mae: 0.4258 - 2s/epoch - 173ms/step
Epoch 152/10000

Epoch 152: val_loss did not improve from 0.27956
12/12 - 2s - loss: 0.2787 - mse: 0.2787 - mae: 0.4268 - val_loss: 0.2836 - val_mse: 0.2836 - val_mae: 0.4276 - 2s/epoch - 173ms/step
Epoch 153/10000

Epoch 153: val_loss did not improve from 0.27956
12/12 - 2s - loss: 0.2788 - mse: 0.2788 - mae: 0.4259 - val_loss: 0.2805 - val_mse: 0.2805 - val_mae: 0.4251 - 2s/epoch - 174ms/step
Epoch 154/10000

Epoch 154: val_loss did not improve from 0.27956
12/12 - 2s - loss: 0.2874 - mse: 0.2874 - mae: 0.4318 - val_loss: 0.3184 - val_mse: 0.3184 - val_mae: 0.4549 - 2s/epoch - 172ms/step
Epoch 155/10000

Epoch 155: val_loss did not improve from 0.27956
12/12 - 2s - loss: 0.2927 - mse: 0.2927 - mae: 0.4361 - val_loss: 0.2847 - val_mse: 0.2847 - val_mae: 0.4298 - 2s/epoch - 174ms/step
Epoch 156/10000

Epoch 156: val_loss did not improve from 0.27956
12/12 - 2s - loss: 0.2879 - mse: 0.2879 - mae: 0.4330 - val_loss: 0.2822 - val_mse: 0.2822 - val_mae: 0.4266 - 2s/epoch - 173ms/step
Epoch 157/10000

Epoch 157: val_loss did not improve from 0.27956
12/12 - 2s - loss: 0.2792 - mse: 0.2792 - mae: 0.4270 - val_loss: 0.2821 - val_mse: 0.2821 - val_mae: 0.4261 - 2s/epoch - 173ms/step
Epoch 158/10000

Epoch 158: val_loss did not improve from 0.27956
12/12 - 2s - loss: 0.2744 - mse: 0.2744 - mae: 0.4232 - val_loss: 0.2823 - val_mse: 0.2823 - val_mae: 0.4280 - 2s/epoch - 174ms/step
Epoch 159/10000

Epoch 159: val_loss did not improve from 0.27956
12/12 - 2s - loss: 0.2753 - mse: 0.2753 - mae: 0.4243 - val_loss: 0.2800 - val_mse: 0.2800 - val_mae: 0.4251 - 2s/epoch - 174ms/step
Epoch 160/10000

Epoch 160: val_loss did not improve from 0.27956
12/12 - 2s - loss: 0.2743 - mse: 0.2743 - mae: 0.4234 - val_loss: 0.2809 - val_mse: 0.2809 - val_mae: 0.4252 - 2s/epoch - 173ms/step
Epoch 161/10000

Epoch 161: val_loss did not improve from 0.27956
12/12 - 2s - loss: 0.2752 - mse: 0.2752 - mae: 0.4232 - val_loss: 0.2811 - val_mse: 0.2811 - val_mae: 0.4257 - 2s/epoch - 174ms/step
Epoch 162/10000

Epoch 162: val_loss did not improve from 0.27956
12/12 - 2s - loss: 0.2754 - mse: 0.2754 - mae: 0.4240 - val_loss: 0.2967 - val_mse: 0.2967 - val_mae: 0.4363 - 2s/epoch - 173ms/step
Epoch 163/10000

Epoch 163: val_loss did not improve from 0.27956
12/12 - 2s - loss: 0.2792 - mse: 0.2792 - mae: 0.4268 - val_loss: 0.2913 - val_mse: 0.2913 - val_mae: 0.4351 - 2s/epoch - 173ms/step
Epoch 164/10000

Epoch 164: val_loss did not improve from 0.27956
12/12 - 2s - loss: 0.2791 - mse: 0.2791 - mae: 0.4269 - val_loss: 0.2796 - val_mse: 0.2796 - val_mae: 0.4253 - 2s/epoch - 174ms/step
Epoch 165/10000

Epoch 165: val_loss did not improve from 0.27956
12/12 - 2s - loss: 0.2741 - mse: 0.2741 - mae: 0.4233 - val_loss: 0.3036 - val_mse: 0.3036 - val_mae: 0.4411 - 2s/epoch - 173ms/step
Epoch 166/10000

Epoch 166: val_loss did not improve from 0.27956
12/12 - 2s - loss: 0.2814 - mse: 0.2814 - mae: 0.4273 - val_loss: 0.2817 - val_mse: 0.2817 - val_mae: 0.4272 - 2s/epoch - 174ms/step
Epoch 167/10000

Epoch 167: val_loss did not improve from 0.27956
12/12 - 2s - loss: 0.2785 - mse: 0.2785 - mae: 0.4261 - val_loss: 0.2832 - val_mse: 0.2832 - val_mae: 0.4278 - 2s/epoch - 173ms/step
Epoch 168/10000

Epoch 168: val_loss did not improve from 0.27956
12/12 - 2s - loss: 0.2752 - mse: 0.2752 - mae: 0.4240 - val_loss: 0.2864 - val_mse: 0.2864 - val_mae: 0.4316 - 2s/epoch - 174ms/step
Epoch 169/10000

Epoch 169: val_loss did not improve from 0.27956
12/12 - 2s - loss: 0.2783 - mse: 0.2783 - mae: 0.4259 - val_loss: 0.2830 - val_mse: 0.2830 - val_mae: 0.4280 - 2s/epoch - 174ms/step
Epoch 170/10000

Epoch 170: val_loss improved from 0.27956 to 0.27950, saving model to ./results/NN_rms_regr/ResNet/recursion_29/ckpt_1
12/12 - 3s - loss: 0.2772 - mse: 0.2772 - mae: 0.4252 - val_loss: 0.2795 - val_mse: 0.2795 - val_mae: 0.4249 - 3s/epoch - 242ms/step
Epoch 171/10000

Epoch 171: val_loss did not improve from 0.27950
12/12 - 2s - loss: 0.2772 - mse: 0.2772 - mae: 0.4255 - val_loss: 0.2816 - val_mse: 0.2816 - val_mae: 0.4264 - 2s/epoch - 174ms/step
Epoch 172/10000

Epoch 172: val_loss did not improve from 0.27950
12/12 - 2s - loss: 0.2768 - mse: 0.2768 - mae: 0.4255 - val_loss: 0.2868 - val_mse: 0.2868 - val_mae: 0.4295 - 2s/epoch - 173ms/step
Epoch 173/10000

Epoch 173: val_loss did not improve from 0.27950
12/12 - 2s - loss: 0.2770 - mse: 0.2770 - mae: 0.4250 - val_loss: 0.2837 - val_mse: 0.2837 - val_mae: 0.4276 - 2s/epoch - 174ms/step
Epoch 174/10000

Epoch 174: val_loss did not improve from 0.27950
12/12 - 2s - loss: 0.2783 - mse: 0.2783 - mae: 0.4260 - val_loss: 0.2976 - val_mse: 0.2976 - val_mae: 0.4368 - 2s/epoch - 173ms/step
Epoch 175/10000

Epoch 175: val_loss did not improve from 0.27950
12/12 - 2s - loss: 0.2783 - mse: 0.2783 - mae: 0.4263 - val_loss: 0.2854 - val_mse: 0.2854 - val_mae: 0.4290 - 2s/epoch - 179ms/step
Epoch 176/10000

Epoch 176: val_loss did not improve from 0.27950
12/12 - 2s - loss: 0.2804 - mse: 0.2804 - mae: 0.4276 - val_loss: 0.3009 - val_mse: 0.3009 - val_mae: 0.4390 - 2s/epoch - 174ms/step
Epoch 177/10000

Epoch 177: val_loss did not improve from 0.27950
12/12 - 2s - loss: 0.2869 - mse: 0.2869 - mae: 0.4328 - val_loss: 0.2816 - val_mse: 0.2816 - val_mae: 0.4259 - 2s/epoch - 173ms/step
Epoch 178/10000

Epoch 178: val_loss did not improve from 0.27950
12/12 - 2s - loss: 0.2911 - mse: 0.2911 - mae: 0.4346 - val_loss: 0.2992 - val_mse: 0.2992 - val_mae: 0.4409 - 2s/epoch - 173ms/step
Epoch 179/10000

Epoch 179: val_loss did not improve from 0.27950
12/12 - 2s - loss: 0.2789 - mse: 0.2789 - mae: 0.4268 - val_loss: 0.2809 - val_mse: 0.2809 - val_mae: 0.4260 - 2s/epoch - 175ms/step
Epoch 180/10000

Epoch 180: val_loss did not improve from 0.27950
12/12 - 2s - loss: 0.2737 - mse: 0.2737 - mae: 0.4228 - val_loss: 0.2799 - val_mse: 0.2799 - val_mae: 0.4255 - 2s/epoch - 175ms/step
Epoch 181/10000

Epoch 181: val_loss did not improve from 0.27950
12/12 - 2s - loss: 0.2750 - mse: 0.2750 - mae: 0.4239 - val_loss: 0.2801 - val_mse: 0.2801 - val_mae: 0.4252 - 2s/epoch - 175ms/step
Epoch 182/10000

Epoch 182: val_loss did not improve from 0.27950
12/12 - 2s - loss: 0.2739 - mse: 0.2739 - mae: 0.4229 - val_loss: 0.2865 - val_mse: 0.2865 - val_mae: 0.4288 - 2s/epoch - 175ms/step
Epoch 183/10000

Epoch 183: val_loss did not improve from 0.27950
12/12 - 2s - loss: 0.2813 - mse: 0.2813 - mae: 0.4278 - val_loss: 0.2836 - val_mse: 0.2836 - val_mae: 0.4270 - 2s/epoch - 173ms/step
Epoch 184/10000

Epoch 184: val_loss did not improve from 0.27950
12/12 - 2s - loss: 0.2804 - mse: 0.2804 - mae: 0.4277 - val_loss: 0.2814 - val_mse: 0.2814 - val_mae: 0.4259 - 2s/epoch - 173ms/step
Epoch 185/10000

Epoch 185: val_loss did not improve from 0.27950
12/12 - 2s - loss: 0.2757 - mse: 0.2757 - mae: 0.4242 - val_loss: 0.2850 - val_mse: 0.2850 - val_mae: 0.4285 - 2s/epoch - 173ms/step
Epoch 186/10000

Epoch 186: val_loss did not improve from 0.27950
12/12 - 2s - loss: 0.2750 - mse: 0.2750 - mae: 0.4236 - val_loss: 0.2815 - val_mse: 0.2815 - val_mae: 0.4259 - 2s/epoch - 173ms/step
Epoch 187/10000

Epoch 187: val_loss did not improve from 0.27950
12/12 - 2s - loss: 0.2743 - mse: 0.2743 - mae: 0.4230 - val_loss: 0.2799 - val_mse: 0.2799 - val_mae: 0.4254 - 2s/epoch - 173ms/step
Epoch 188/10000

Epoch 188: val_loss did not improve from 0.27950
12/12 - 2s - loss: 0.2741 - mse: 0.2741 - mae: 0.4232 - val_loss: 0.2828 - val_mse: 0.2828 - val_mae: 0.4272 - 2s/epoch - 173ms/step
Epoch 189/10000

Epoch 189: val_loss did not improve from 0.27950
12/12 - 2s - loss: 0.2739 - mse: 0.2739 - mae: 0.4227 - val_loss: 0.2799 - val_mse: 0.2799 - val_mae: 0.4251 - 2s/epoch - 174ms/step
Epoch 190/10000

Epoch 190: val_loss did not improve from 0.27950
12/12 - 2s - loss: 0.2746 - mse: 0.2746 - mae: 0.4233 - val_loss: 0.2823 - val_mse: 0.2823 - val_mae: 0.4261 - 2s/epoch - 173ms/step
Epoch 191/10000

Epoch 191: val_loss improved from 0.27950 to 0.27936, saving model to ./results/NN_rms_regr/ResNet/recursion_29/ckpt_1
12/12 - 3s - loss: 0.2772 - mse: 0.2772 - mae: 0.4249 - val_loss: 0.2794 - val_mse: 0.2794 - val_mae: 0.4248 - 3s/epoch - 247ms/step
Epoch 192/10000

Epoch 192: val_loss did not improve from 0.27936
12/12 - 2s - loss: 0.2771 - mse: 0.2771 - mae: 0.4255 - val_loss: 0.2806 - val_mse: 0.2806 - val_mae: 0.4252 - 2s/epoch - 173ms/step
Epoch 193/10000

Epoch 193: val_loss did not improve from 0.27936
12/12 - 2s - loss: 0.2744 - mse: 0.2744 - mae: 0.4231 - val_loss: 0.2797 - val_mse: 0.2797 - val_mae: 0.4248 - 2s/epoch - 174ms/step
Epoch 194/10000

Epoch 194: val_loss did not improve from 0.27936
12/12 - 2s - loss: 0.2761 - mse: 0.2761 - mae: 0.4249 - val_loss: 0.2858 - val_mse: 0.2858 - val_mae: 0.4302 - 2s/epoch - 174ms/step
Epoch 195/10000

Epoch 195: val_loss did not improve from 0.27936
12/12 - 2s - loss: 0.2795 - mse: 0.2795 - mae: 0.4268 - val_loss: 0.2799 - val_mse: 0.2799 - val_mae: 0.4246 - 2s/epoch - 173ms/step
Epoch 196/10000

Epoch 196: val_loss did not improve from 0.27936
12/12 - 2s - loss: 0.2758 - mse: 0.2758 - mae: 0.4242 - val_loss: 0.2830 - val_mse: 0.2830 - val_mae: 0.4271 - 2s/epoch - 173ms/step
Epoch 197/10000

Epoch 197: val_loss did not improve from 0.27936
12/12 - 2s - loss: 0.2754 - mse: 0.2754 - mae: 0.4236 - val_loss: 0.2811 - val_mse: 0.2811 - val_mae: 0.4263 - 2s/epoch - 174ms/step
Epoch 198/10000

Epoch 198: val_loss did not improve from 0.27936
12/12 - 2s - loss: 0.2764 - mse: 0.2764 - mae: 0.4241 - val_loss: 0.2812 - val_mse: 0.2812 - val_mae: 0.4262 - 2s/epoch - 173ms/step
Epoch 199/10000

Epoch 199: val_loss did not improve from 0.27936
12/12 - 2s - loss: 0.2763 - mse: 0.2763 - mae: 0.4243 - val_loss: 0.2796 - val_mse: 0.2796 - val_mae: 0.4252 - 2s/epoch - 172ms/step
Epoch 200/10000

Epoch 200: val_loss did not improve from 0.27936
12/12 - 2s - loss: 0.2773 - mse: 0.2773 - mae: 0.4243 - val_loss: 0.2828 - val_mse: 0.2828 - val_mae: 0.4277 - 2s/epoch - 174ms/step
Epoch 201/10000

Epoch 201: val_loss did not improve from 0.27936
12/12 - 2s - loss: 0.2760 - mse: 0.2760 - mae: 0.4242 - val_loss: 0.2805 - val_mse: 0.2805 - val_mae: 0.4262 - 2s/epoch - 173ms/step
Epoch 202/10000

Epoch 202: val_loss did not improve from 0.27936
12/12 - 2s - loss: 0.2738 - mse: 0.2738 - mae: 0.4228 - val_loss: 0.2821 - val_mse: 0.2821 - val_mae: 0.4265 - 2s/epoch - 173ms/step
Epoch 203/10000

Epoch 203: val_loss did not improve from 0.27936
12/12 - 2s - loss: 0.2779 - mse: 0.2779 - mae: 0.4260 - val_loss: 0.2818 - val_mse: 0.2818 - val_mae: 0.4261 - 2s/epoch - 174ms/step
Epoch 204/10000

Epoch 204: val_loss improved from 0.27936 to 0.27935, saving model to ./results/NN_rms_regr/ResNet/recursion_29/ckpt_1
12/12 - 3s - loss: 0.2736 - mse: 0.2736 - mae: 0.4228 - val_loss: 0.2793 - val_mse: 0.2793 - val_mae: 0.4247 - 3s/epoch - 248ms/step
Epoch 205/10000

Epoch 205: val_loss did not improve from 0.27935
12/12 - 2s - loss: 0.2755 - mse: 0.2755 - mae: 0.4243 - val_loss: 0.2824 - val_mse: 0.2824 - val_mae: 0.4277 - 2s/epoch - 174ms/step
Epoch 206/10000

Epoch 206: val_loss did not improve from 0.27935
12/12 - 2s - loss: 0.2788 - mse: 0.2788 - mae: 0.4271 - val_loss: 0.2814 - val_mse: 0.2814 - val_mae: 0.4257 - 2s/epoch - 174ms/step
Epoch 207/10000

Epoch 207: val_loss did not improve from 0.27935
12/12 - 2s - loss: 0.2756 - mse: 0.2756 - mae: 0.4234 - val_loss: 0.2834 - val_mse: 0.2834 - val_mae: 0.4268 - 2s/epoch - 174ms/step
Epoch 208/10000

Epoch 208: val_loss did not improve from 0.27935
12/12 - 2s - loss: 0.2744 - mse: 0.2744 - mae: 0.4231 - val_loss: 0.2798 - val_mse: 0.2798 - val_mae: 0.4255 - 2s/epoch - 173ms/step
Epoch 209/10000

Epoch 209: val_loss did not improve from 0.27935
12/12 - 2s - loss: 0.2762 - mse: 0.2762 - mae: 0.4243 - val_loss: 0.2885 - val_mse: 0.2885 - val_mae: 0.4305 - 2s/epoch - 173ms/step
Epoch 210/10000

Epoch 210: val_loss did not improve from 0.27935
12/12 - 2s - loss: 0.2789 - mse: 0.2789 - mae: 0.4266 - val_loss: 0.3033 - val_mse: 0.3033 - val_mae: 0.4400 - 2s/epoch - 173ms/step
Epoch 211/10000

Epoch 211: val_loss did not improve from 0.27935
12/12 - 2s - loss: 0.2825 - mse: 0.2825 - mae: 0.4290 - val_loss: 0.2870 - val_mse: 0.2870 - val_mae: 0.4292 - 2s/epoch - 172ms/step
Epoch 212/10000

Epoch 212: val_loss did not improve from 0.27935
12/12 - 2s - loss: 0.2773 - mse: 0.2773 - mae: 0.4258 - val_loss: 0.2900 - val_mse: 0.2900 - val_mae: 0.4310 - 2s/epoch - 173ms/step
Epoch 213/10000

Epoch 213: val_loss did not improve from 0.27935
12/12 - 2s - loss: 0.2775 - mse: 0.2775 - mae: 0.4259 - val_loss: 0.2801 - val_mse: 0.2801 - val_mae: 0.4253 - 2s/epoch - 173ms/step
Epoch 214/10000

Epoch 214: val_loss did not improve from 0.27935
12/12 - 2s - loss: 0.2787 - mse: 0.2787 - mae: 0.4265 - val_loss: 0.3107 - val_mse: 0.3107 - val_mae: 0.4491 - 2s/epoch - 173ms/step
Epoch 215/10000

Epoch 215: val_loss did not improve from 0.27935
12/12 - 2s - loss: 0.2919 - mse: 0.2919 - mae: 0.4347 - val_loss: 0.3157 - val_mse: 0.3157 - val_mae: 0.4528 - 2s/epoch - 173ms/step
Epoch 216/10000

Epoch 216: val_loss did not improve from 0.27935
12/12 - 2s - loss: 0.2816 - mse: 0.2816 - mae: 0.4287 - val_loss: 0.2832 - val_mse: 0.2832 - val_mae: 0.4267 - 2s/epoch - 173ms/step
Epoch 217/10000

Epoch 217: val_loss did not improve from 0.27935
12/12 - 2s - loss: 0.2765 - mse: 0.2765 - mae: 0.4246 - val_loss: 0.2981 - val_mse: 0.2981 - val_mae: 0.4392 - 2s/epoch - 173ms/step
Epoch 218/10000

Epoch 218: val_loss did not improve from 0.27935
12/12 - 2s - loss: 0.2829 - mse: 0.2829 - mae: 0.4301 - val_loss: 0.2847 - val_mse: 0.2847 - val_mae: 0.4295 - 2s/epoch - 174ms/step
Epoch 219/10000

Epoch 219: val_loss did not improve from 0.27935
12/12 - 2s - loss: 0.2783 - mse: 0.2783 - mae: 0.4254 - val_loss: 0.2867 - val_mse: 0.2867 - val_mae: 0.4314 - 2s/epoch - 174ms/step
Epoch 220/10000

Epoch 220: val_loss did not improve from 0.27935
12/12 - 2s - loss: 0.2777 - mse: 0.2777 - mae: 0.4251 - val_loss: 0.3160 - val_mse: 0.3160 - val_mae: 0.4524 - 2s/epoch - 173ms/step
Epoch 221/10000

Epoch 221: val_loss did not improve from 0.27935
12/12 - 2s - loss: 0.2837 - mse: 0.2837 - mae: 0.4297 - val_loss: 0.2827 - val_mse: 0.2827 - val_mae: 0.4274 - 2s/epoch - 174ms/step
Epoch 222/10000

Epoch 222: val_loss did not improve from 0.27935
12/12 - 2s - loss: 0.2772 - mse: 0.2772 - mae: 0.4253 - val_loss: 0.2812 - val_mse: 0.2812 - val_mae: 0.4263 - 2s/epoch - 174ms/step
Epoch 223/10000

Epoch 223: val_loss did not improve from 0.27935
12/12 - 2s - loss: 0.2827 - mse: 0.2827 - mae: 0.4299 - val_loss: 0.2832 - val_mse: 0.2832 - val_mae: 0.4274 - 2s/epoch - 174ms/step
Epoch 224/10000

Epoch 224: val_loss did not improve from 0.27935
12/12 - 2s - loss: 0.2764 - mse: 0.2764 - mae: 0.4248 - val_loss: 0.2829 - val_mse: 0.2829 - val_mae: 0.4262 - 2s/epoch - 175ms/step
Epoch 225/10000

Epoch 225: val_loss did not improve from 0.27935
12/12 - 2s - loss: 0.2747 - mse: 0.2747 - mae: 0.4235 - val_loss: 0.2827 - val_mse: 0.2827 - val_mae: 0.4281 - 2s/epoch - 174ms/step
Epoch 226/10000

Epoch 226: val_loss did not improve from 0.27935
12/12 - 2s - loss: 0.2751 - mse: 0.2751 - mae: 0.4241 - val_loss: 0.2909 - val_mse: 0.2909 - val_mae: 0.4348 - 2s/epoch - 173ms/step
Epoch 227/10000

Epoch 227: val_loss did not improve from 0.27935
12/12 - 2s - loss: 0.2768 - mse: 0.2768 - mae: 0.4256 - val_loss: 0.2801 - val_mse: 0.2801 - val_mae: 0.4254 - 2s/epoch - 173ms/step
Epoch 228/10000

Epoch 228: val_loss did not improve from 0.27935
12/12 - 2s - loss: 0.2735 - mse: 0.2735 - mae: 0.4226 - val_loss: 0.2804 - val_mse: 0.2804 - val_mae: 0.4255 - 2s/epoch - 173ms/step
Epoch 229/10000

Epoch 229: val_loss did not improve from 0.27935
12/12 - 2s - loss: 0.2743 - mse: 0.2743 - mae: 0.4232 - val_loss: 0.2877 - val_mse: 0.2877 - val_mae: 0.4296 - 2s/epoch - 173ms/step
Epoch 230/10000

Epoch 230: val_loss did not improve from 0.27935
12/12 - 2s - loss: 0.2756 - mse: 0.2756 - mae: 0.4242 - val_loss: 0.2877 - val_mse: 0.2877 - val_mae: 0.4317 - 2s/epoch - 173ms/step
Epoch 231/10000

Epoch 231: val_loss did not improve from 0.27935
12/12 - 2s - loss: 0.2771 - mse: 0.2771 - mae: 0.4251 - val_loss: 0.2813 - val_mse: 0.2813 - val_mae: 0.4254 - 2s/epoch - 173ms/step
Epoch 232/10000

Epoch 232: val_loss did not improve from 0.27935
12/12 - 2s - loss: 0.2742 - mse: 0.2742 - mae: 0.4227 - val_loss: 0.2869 - val_mse: 0.2869 - val_mae: 0.4287 - 2s/epoch - 174ms/step
Epoch 233/10000

Epoch 233: val_loss did not improve from 0.27935
12/12 - 2s - loss: 0.2779 - mse: 0.2779 - mae: 0.4260 - val_loss: 0.2814 - val_mse: 0.2814 - val_mae: 0.4253 - 2s/epoch - 174ms/step
Epoch 234/10000

Epoch 234: val_loss improved from 0.27935 to 0.27921, saving model to ./results/NN_rms_regr/ResNet/recursion_29/ckpt_1
12/12 - 3s - loss: 0.2743 - mse: 0.2743 - mae: 0.4229 - val_loss: 0.2792 - val_mse: 0.2792 - val_mae: 0.4246 - 3s/epoch - 242ms/step
Epoch 235/10000

Epoch 235: val_loss did not improve from 0.27921
12/12 - 2s - loss: 0.2748 - mse: 0.2748 - mae: 0.4234 - val_loss: 0.2794 - val_mse: 0.2794 - val_mae: 0.4251 - 2s/epoch - 174ms/step
Epoch 236/10000

Epoch 236: val_loss did not improve from 0.27921
12/12 - 2s - loss: 0.2766 - mse: 0.2766 - mae: 0.4250 - val_loss: 0.2849 - val_mse: 0.2849 - val_mae: 0.4302 - 2s/epoch - 173ms/step
Epoch 237/10000

Epoch 237: val_loss did not improve from 0.27921
12/12 - 2s - loss: 0.2774 - mse: 0.2774 - mae: 0.4253 - val_loss: 0.2802 - val_mse: 0.2802 - val_mae: 0.4258 - 2s/epoch - 173ms/step
Epoch 238/10000

Epoch 238: val_loss did not improve from 0.27921
12/12 - 2s - loss: 0.2748 - mse: 0.2748 - mae: 0.4228 - val_loss: 0.2804 - val_mse: 0.2804 - val_mae: 0.4254 - 2s/epoch - 173ms/step
Epoch 239/10000

Epoch 239: val_loss did not improve from 0.27921
12/12 - 2s - loss: 0.2766 - mse: 0.2766 - mae: 0.4249 - val_loss: 0.2800 - val_mse: 0.2800 - val_mae: 0.4253 - 2s/epoch - 174ms/step
Epoch 240/10000

Epoch 240: val_loss did not improve from 0.27921
12/12 - 2s - loss: 0.2746 - mse: 0.2746 - mae: 0.4228 - val_loss: 0.2793 - val_mse: 0.2793 - val_mae: 0.4249 - 2s/epoch - 172ms/step
Epoch 241/10000

Epoch 241: val_loss did not improve from 0.27921
12/12 - 2s - loss: 0.2739 - mse: 0.2739 - mae: 0.4227 - val_loss: 0.2892 - val_mse: 0.2892 - val_mae: 0.4304 - 2s/epoch - 174ms/step
Epoch 242/10000

Epoch 242: val_loss did not improve from 0.27921
12/12 - 2s - loss: 0.2817 - mse: 0.2817 - mae: 0.4286 - val_loss: 0.2839 - val_mse: 0.2839 - val_mae: 0.4284 - 2s/epoch - 174ms/step
Epoch 243/10000

Epoch 243: val_loss did not improve from 0.27921
12/12 - 2s - loss: 0.2746 - mse: 0.2746 - mae: 0.4233 - val_loss: 0.2795 - val_mse: 0.2795 - val_mae: 0.4245 - 2s/epoch - 173ms/step
Epoch 244/10000

Epoch 244: val_loss did not improve from 0.27921
12/12 - 2s - loss: 0.2759 - mse: 0.2759 - mae: 0.4241 - val_loss: 0.2858 - val_mse: 0.2858 - val_mae: 0.4304 - 2s/epoch - 173ms/step
Epoch 245/10000

Epoch 245: val_loss did not improve from 0.27921
12/12 - 2s - loss: 0.2831 - mse: 0.2831 - mae: 0.4296 - val_loss: 0.2824 - val_mse: 0.2824 - val_mae: 0.4279 - 2s/epoch - 174ms/step
Epoch 246/10000

Epoch 246: val_loss did not improve from 0.27921
12/12 - 2s - loss: 0.2785 - mse: 0.2785 - mae: 0.4260 - val_loss: 0.2794 - val_mse: 0.2794 - val_mae: 0.4244 - 2s/epoch - 173ms/step
Epoch 247/10000

Epoch 247: val_loss did not improve from 0.27921
12/12 - 2s - loss: 0.2752 - mse: 0.2752 - mae: 0.4240 - val_loss: 0.2798 - val_mse: 0.2798 - val_mae: 0.4244 - 2s/epoch - 174ms/step
Epoch 248/10000

Epoch 248: val_loss did not improve from 0.27921
12/12 - 2s - loss: 0.2775 - mse: 0.2775 - mae: 0.4253 - val_loss: 0.2803 - val_mse: 0.2803 - val_mae: 0.4259 - 2s/epoch - 173ms/step
Epoch 249/10000

Epoch 249: val_loss did not improve from 0.27921
12/12 - 2s - loss: 0.2752 - mse: 0.2752 - mae: 0.4236 - val_loss: 0.2857 - val_mse: 0.2857 - val_mae: 0.4290 - 2s/epoch - 173ms/step
Epoch 250/10000

Epoch 250: val_loss did not improve from 0.27921
12/12 - 2s - loss: 0.2841 - mse: 0.2841 - mae: 0.4304 - val_loss: 0.3053 - val_mse: 0.3053 - val_mae: 0.4415 - 2s/epoch - 174ms/step
Epoch 251/10000

Epoch 251: val_loss did not improve from 0.27921
12/12 - 2s - loss: 0.2802 - mse: 0.2802 - mae: 0.4263 - val_loss: 0.2895 - val_mse: 0.2895 - val_mae: 0.4313 - 2s/epoch - 174ms/step
Epoch 252/10000

Epoch 252: val_loss did not improve from 0.27921
12/12 - 2s - loss: 0.2754 - mse: 0.2754 - mae: 0.4236 - val_loss: 0.2820 - val_mse: 0.2820 - val_mae: 0.4266 - 2s/epoch - 173ms/step
Epoch 253/10000

Epoch 253: val_loss did not improve from 0.27921
12/12 - 2s - loss: 0.2743 - mse: 0.2743 - mae: 0.4231 - val_loss: 0.2916 - val_mse: 0.2916 - val_mae: 0.4344 - 2s/epoch - 174ms/step
Epoch 254/10000

Epoch 254: val_loss did not improve from 0.27921
12/12 - 2s - loss: 0.2797 - mse: 0.2797 - mae: 0.4266 - val_loss: 0.2819 - val_mse: 0.2819 - val_mae: 0.4272 - 2s/epoch - 173ms/step
Epoch 255/10000

Epoch 255: val_loss did not improve from 0.27921
12/12 - 2s - loss: 0.2758 - mse: 0.2758 - mae: 0.4241 - val_loss: 0.2836 - val_mse: 0.2836 - val_mae: 0.4288 - 2s/epoch - 173ms/step
Epoch 256/10000

Epoch 256: val_loss did not improve from 0.27921
12/12 - 2s - loss: 0.2819 - mse: 0.2819 - mae: 0.4283 - val_loss: 0.2907 - val_mse: 0.2907 - val_mae: 0.4344 - 2s/epoch - 173ms/step
Epoch 257/10000

Epoch 257: val_loss did not improve from 0.27921
12/12 - 2s - loss: 0.2780 - mse: 0.2780 - mae: 0.4261 - val_loss: 0.2807 - val_mse: 0.2807 - val_mae: 0.4252 - 2s/epoch - 173ms/step
Epoch 258/10000

Epoch 258: val_loss did not improve from 0.27921
12/12 - 2s - loss: 0.2805 - mse: 0.2805 - mae: 0.4276 - val_loss: 0.2794 - val_mse: 0.2794 - val_mae: 0.4246 - 2s/epoch - 173ms/step
Epoch 259/10000

Epoch 259: val_loss did not improve from 0.27921
12/12 - 2s - loss: 0.2841 - mse: 0.2841 - mae: 0.4296 - val_loss: 0.2853 - val_mse: 0.2853 - val_mae: 0.4285 - 2s/epoch - 174ms/step
Epoch 260/10000

Epoch 260: val_loss did not improve from 0.27921
12/12 - 2s - loss: 0.2831 - mse: 0.2831 - mae: 0.4291 - val_loss: 0.2794 - val_mse: 0.2794 - val_mae: 0.4247 - 2s/epoch - 173ms/step
Epoch 261/10000

Epoch 261: val_loss did not improve from 0.27921
12/12 - 2s - loss: 0.2931 - mse: 0.2931 - mae: 0.4352 - val_loss: 0.2806 - val_mse: 0.2806 - val_mae: 0.4252 - 2s/epoch - 173ms/step
Epoch 262/10000

Epoch 262: val_loss did not improve from 0.27921
12/12 - 2s - loss: 0.2817 - mse: 0.2817 - mae: 0.4284 - val_loss: 0.2939 - val_mse: 0.2939 - val_mae: 0.4345 - 2s/epoch - 173ms/step
Epoch 263/10000

Epoch 263: val_loss did not improve from 0.27921
12/12 - 2s - loss: 0.2791 - mse: 0.2791 - mae: 0.4269 - val_loss: 0.2863 - val_mse: 0.2863 - val_mae: 0.4293 - 2s/epoch - 173ms/step
Epoch 264/10000

Epoch 264: val_loss did not improve from 0.27921
12/12 - 2s - loss: 0.2746 - mse: 0.2746 - mae: 0.4228 - val_loss: 0.2808 - val_mse: 0.2808 - val_mae: 0.4266 - 2s/epoch - 173ms/step
Epoch 265/10000

Epoch 265: val_loss did not improve from 0.27921
12/12 - 2s - loss: 0.2749 - mse: 0.2749 - mae: 0.4234 - val_loss: 0.2817 - val_mse: 0.2817 - val_mae: 0.4272 - 2s/epoch - 174ms/step
Epoch 266/10000

Epoch 266: val_loss did not improve from 0.27921
12/12 - 2s - loss: 0.2785 - mse: 0.2785 - mae: 0.4260 - val_loss: 0.2902 - val_mse: 0.2902 - val_mae: 0.4345 - 2s/epoch - 174ms/step
Epoch 267/10000

Epoch 267: val_loss did not improve from 0.27921
12/12 - 2s - loss: 0.2797 - mse: 0.2797 - mae: 0.4268 - val_loss: 0.2807 - val_mse: 0.2807 - val_mae: 0.4263 - 2s/epoch - 173ms/step
Epoch 268/10000

Epoch 268: val_loss did not improve from 0.27921
12/12 - 2s - loss: 0.2778 - mse: 0.2778 - mae: 0.4252 - val_loss: 0.2828 - val_mse: 0.2828 - val_mae: 0.4262 - 2s/epoch - 173ms/step
Epoch 269/10000

Epoch 269: val_loss did not improve from 0.27921
12/12 - 2s - loss: 0.2757 - mse: 0.2757 - mae: 0.4235 - val_loss: 0.2814 - val_mse: 0.2814 - val_mae: 0.4256 - 2s/epoch - 174ms/step
Epoch 270/10000

Epoch 270: val_loss did not improve from 0.27921
12/12 - 2s - loss: 0.2755 - mse: 0.2755 - mae: 0.4239 - val_loss: 0.2836 - val_mse: 0.2836 - val_mae: 0.4267 - 2s/epoch - 173ms/step
Epoch 271/10000

Epoch 271: val_loss did not improve from 0.27921
12/12 - 2s - loss: 0.2743 - mse: 0.2743 - mae: 0.4228 - val_loss: 0.2803 - val_mse: 0.2803 - val_mae: 0.4256 - 2s/epoch - 173ms/step
Epoch 272/10000

Epoch 272: val_loss did not improve from 0.27921
12/12 - 2s - loss: 0.2759 - mse: 0.2759 - mae: 0.4247 - val_loss: 0.2834 - val_mse: 0.2834 - val_mae: 0.4271 - 2s/epoch - 174ms/step
Epoch 273/10000

Epoch 273: val_loss did not improve from 0.27921
12/12 - 2s - loss: 0.2789 - mse: 0.2789 - mae: 0.4257 - val_loss: 0.2824 - val_mse: 0.2824 - val_mae: 0.4274 - 2s/epoch - 173ms/step
Epoch 274/10000

Epoch 274: val_loss did not improve from 0.27921
12/12 - 2s - loss: 0.2742 - mse: 0.2742 - mae: 0.4229 - val_loss: 0.2798 - val_mse: 0.2798 - val_mae: 0.4254 - 2s/epoch - 174ms/step
Epoch 275/10000

Epoch 275: val_loss did not improve from 0.27921
12/12 - 2s - loss: 0.2756 - mse: 0.2756 - mae: 0.4244 - val_loss: 0.2894 - val_mse: 0.2894 - val_mae: 0.4310 - 2s/epoch - 173ms/step
Epoch 276/10000

Epoch 276: val_loss did not improve from 0.27921
12/12 - 2s - loss: 0.2873 - mse: 0.2873 - mae: 0.4319 - val_loss: 0.2970 - val_mse: 0.2970 - val_mae: 0.4364 - 2s/epoch - 174ms/step
Epoch 277/10000

Epoch 277: val_loss did not improve from 0.27921
12/12 - 2s - loss: 0.2843 - mse: 0.2843 - mae: 0.4308 - val_loss: 0.3142 - val_mse: 0.3142 - val_mae: 0.4483 - 2s/epoch - 174ms/step
Epoch 278/10000

Epoch 278: val_loss did not improve from 0.27921
12/12 - 2s - loss: 0.2826 - mse: 0.2826 - mae: 0.4291 - val_loss: 0.2835 - val_mse: 0.2835 - val_mae: 0.4272 - 2s/epoch - 173ms/step
Epoch 279/10000

Epoch 279: val_loss improved from 0.27921 to 0.27911, saving model to ./results/NN_rms_regr/ResNet/recursion_29/ckpt_1
12/12 - 3s - loss: 0.2737 - mse: 0.2737 - mae: 0.4224 - val_loss: 0.2791 - val_mse: 0.2791 - val_mae: 0.4247 - 3s/epoch - 246ms/step
Epoch 280/10000

Epoch 280: val_loss did not improve from 0.27911
12/12 - 2s - loss: 0.2769 - mse: 0.2769 - mae: 0.4251 - val_loss: 0.2972 - val_mse: 0.2972 - val_mae: 0.4390 - 2s/epoch - 173ms/step
Epoch 281/10000

Epoch 281: val_loss did not improve from 0.27911
12/12 - 2s - loss: 0.2795 - mse: 0.2795 - mae: 0.4273 - val_loss: 0.2807 - val_mse: 0.2807 - val_mae: 0.4255 - 2s/epoch - 174ms/step
Epoch 282/10000

Epoch 282: val_loss did not improve from 0.27911
12/12 - 2s - loss: 0.2734 - mse: 0.2734 - mae: 0.4220 - val_loss: 0.2817 - val_mse: 0.2817 - val_mae: 0.4271 - 2s/epoch - 173ms/step
Epoch 283/10000

Epoch 283: val_loss did not improve from 0.27911
12/12 - 2s - loss: 0.2731 - mse: 0.2731 - mae: 0.4222 - val_loss: 0.2791 - val_mse: 0.2791 - val_mae: 0.4247 - 2s/epoch - 173ms/step
Epoch 284/10000

Epoch 284: val_loss did not improve from 0.27911
12/12 - 2s - loss: 0.2750 - mse: 0.2750 - mae: 0.4233 - val_loss: 0.2792 - val_mse: 0.2792 - val_mae: 0.4246 - 2s/epoch - 173ms/step
Epoch 285/10000

Epoch 285: val_loss did not improve from 0.27911
12/12 - 2s - loss: 0.2765 - mse: 0.2765 - mae: 0.4241 - val_loss: 0.2838 - val_mse: 0.2838 - val_mae: 0.4272 - 2s/epoch - 173ms/step
Epoch 286/10000

Epoch 286: val_loss did not improve from 0.27911
12/12 - 2s - loss: 0.2867 - mse: 0.2867 - mae: 0.4324 - val_loss: 0.3068 - val_mse: 0.3068 - val_mae: 0.4424 - 2s/epoch - 173ms/step
Epoch 287/10000

Epoch 287: val_loss did not improve from 0.27911
12/12 - 2s - loss: 0.2811 - mse: 0.2811 - mae: 0.4272 - val_loss: 0.2836 - val_mse: 0.2836 - val_mae: 0.4266 - 2s/epoch - 173ms/step
Epoch 288/10000

Epoch 288: val_loss did not improve from 0.27911
12/12 - 2s - loss: 0.2758 - mse: 0.2758 - mae: 0.4235 - val_loss: 0.2821 - val_mse: 0.2821 - val_mae: 0.4264 - 2s/epoch - 173ms/step
Epoch 289/10000

Epoch 289: val_loss did not improve from 0.27911
12/12 - 2s - loss: 0.2863 - mse: 0.2863 - mae: 0.4317 - val_loss: 0.2793 - val_mse: 0.2793 - val_mae: 0.4246 - 2s/epoch - 173ms/step
Epoch 290/10000

Epoch 290: val_loss did not improve from 0.27911
12/12 - 2s - loss: 0.2790 - mse: 0.2790 - mae: 0.4271 - val_loss: 0.2841 - val_mse: 0.2841 - val_mae: 0.4290 - 2s/epoch - 173ms/step
Epoch 291/10000

Epoch 291: val_loss did not improve from 0.27911
12/12 - 2s - loss: 0.2841 - mse: 0.2841 - mae: 0.4301 - val_loss: 0.2810 - val_mse: 0.2810 - val_mae: 0.4250 - 2s/epoch - 175ms/step
Epoch 292/10000

Epoch 292: val_loss did not improve from 0.27911
12/12 - 2s - loss: 0.2770 - mse: 0.2770 - mae: 0.4247 - val_loss: 0.2920 - val_mse: 0.2920 - val_mae: 0.4323 - 2s/epoch - 173ms/step
Epoch 293/10000

Epoch 293: val_loss did not improve from 0.27911
12/12 - 2s - loss: 0.2783 - mse: 0.2783 - mae: 0.4269 - val_loss: 0.2916 - val_mse: 0.2916 - val_mae: 0.4321 - 2s/epoch - 173ms/step
Epoch 294/10000

Epoch 294: val_loss did not improve from 0.27911
12/12 - 2s - loss: 0.2833 - mse: 0.2833 - mae: 0.4298 - val_loss: 0.2950 - val_mse: 0.2950 - val_mae: 0.4344 - 2s/epoch - 174ms/step
Epoch 295/10000

Epoch 295: val_loss did not improve from 0.27911
12/12 - 2s - loss: 0.2785 - mse: 0.2785 - mae: 0.4265 - val_loss: 0.2925 - val_mse: 0.2925 - val_mae: 0.4326 - 2s/epoch - 173ms/step
Epoch 296/10000

Epoch 296: val_loss did not improve from 0.27911
12/12 - 2s - loss: 0.2758 - mse: 0.2758 - mae: 0.4244 - val_loss: 0.2815 - val_mse: 0.2815 - val_mae: 0.4266 - 2s/epoch - 173ms/step
Epoch 297/10000

Epoch 297: val_loss did not improve from 0.27911
12/12 - 2s - loss: 0.2739 - mse: 0.2739 - mae: 0.4235 - val_loss: 0.2831 - val_mse: 0.2831 - val_mae: 0.4284 - 2s/epoch - 173ms/step
Epoch 298/10000

Epoch 298: val_loss did not improve from 0.27911
12/12 - 2s - loss: 0.2775 - mse: 0.2775 - mae: 0.4257 - val_loss: 0.2798 - val_mse: 0.2798 - val_mae: 0.4255 - 2s/epoch - 173ms/step
Epoch 299/10000

Epoch 299: val_loss did not improve from 0.27911
12/12 - 2s - loss: 0.2750 - mse: 0.2750 - mae: 0.4236 - val_loss: 0.2801 - val_mse: 0.2801 - val_mae: 0.4251 - 2s/epoch - 173ms/step
Epoch 300/10000

Epoch 300: val_loss did not improve from 0.27911
12/12 - 2s - loss: 0.2768 - mse: 0.2768 - mae: 0.4254 - val_loss: 0.2803 - val_mse: 0.2803 - val_mae: 0.4251 - 2s/epoch - 174ms/step
Epoch 301/10000

Epoch 301: val_loss did not improve from 0.27911
12/12 - 2s - loss: 0.2751 - mse: 0.2751 - mae: 0.4235 - val_loss: 0.2791 - val_mse: 0.2791 - val_mae: 0.4242 - 2s/epoch - 173ms/step
Epoch 302/10000

Epoch 302: val_loss did not improve from 0.27911
12/12 - 2s - loss: 0.2738 - mse: 0.2738 - mae: 0.4227 - val_loss: 0.2799 - val_mse: 0.2799 - val_mae: 0.4251 - 2s/epoch - 173ms/step
Epoch 303/10000

Epoch 303: val_loss did not improve from 0.27911
12/12 - 2s - loss: 0.2742 - mse: 0.2742 - mae: 0.4228 - val_loss: 0.2795 - val_mse: 0.2795 - val_mae: 0.4249 - 2s/epoch - 174ms/step
Epoch 304/10000

Epoch 304: val_loss did not improve from 0.27911
12/12 - 2s - loss: 0.2744 - mse: 0.2744 - mae: 0.4230 - val_loss: 0.2823 - val_mse: 0.2823 - val_mae: 0.4272 - 2s/epoch - 174ms/step
Epoch 305/10000

Epoch 305: val_loss did not improve from 0.27911
12/12 - 2s - loss: 0.2753 - mse: 0.2753 - mae: 0.4239 - val_loss: 0.2802 - val_mse: 0.2802 - val_mae: 0.4250 - 2s/epoch - 173ms/step
Epoch 306/10000

Epoch 306: val_loss did not improve from 0.27911
12/12 - 2s - loss: 0.2757 - mse: 0.2757 - mae: 0.4241 - val_loss: 0.2904 - val_mse: 0.2904 - val_mae: 0.4315 - 2s/epoch - 173ms/step
Epoch 307/10000

Epoch 307: val_loss did not improve from 0.27911
12/12 - 2s - loss: 0.2842 - mse: 0.2842 - mae: 0.4292 - val_loss: 0.2803 - val_mse: 0.2803 - val_mae: 0.4258 - 2s/epoch - 174ms/step
Epoch 308/10000

Epoch 308: val_loss did not improve from 0.27911
12/12 - 2s - loss: 0.2795 - mse: 0.2795 - mae: 0.4269 - val_loss: 0.2798 - val_mse: 0.2798 - val_mae: 0.4256 - 2s/epoch - 174ms/step
Epoch 309/10000

Epoch 309: val_loss did not improve from 0.27911
12/12 - 2s - loss: 0.2797 - mse: 0.2797 - mae: 0.4278 - val_loss: 0.2849 - val_mse: 0.2849 - val_mae: 0.4280 - 2s/epoch - 173ms/step
Epoch 310/10000

Epoch 310: val_loss did not improve from 0.27911
12/12 - 2s - loss: 0.2802 - mse: 0.2802 - mae: 0.4268 - val_loss: 0.2839 - val_mse: 0.2839 - val_mae: 0.4271 - 2s/epoch - 173ms/step
Epoch 311/10000

Epoch 311: val_loss did not improve from 0.27911
12/12 - 2s - loss: 0.2740 - mse: 0.2740 - mae: 0.4227 - val_loss: 0.2798 - val_mse: 0.2798 - val_mae: 0.4246 - 2s/epoch - 174ms/step
Epoch 312/10000

Epoch 312: val_loss did not improve from 0.27911
12/12 - 2s - loss: 0.2787 - mse: 0.2787 - mae: 0.4259 - val_loss: 0.2803 - val_mse: 0.2803 - val_mae: 0.4255 - 2s/epoch - 174ms/step
Epoch 313/10000

Epoch 313: val_loss did not improve from 0.27911
12/12 - 2s - loss: 0.2756 - mse: 0.2756 - mae: 0.4238 - val_loss: 0.2799 - val_mse: 0.2799 - val_mae: 0.4245 - 2s/epoch - 174ms/step
Epoch 314/10000

Epoch 314: val_loss did not improve from 0.27911
12/12 - 2s - loss: 0.2754 - mse: 0.2754 - mae: 0.4239 - val_loss: 0.2830 - val_mse: 0.2830 - val_mae: 0.4280 - 2s/epoch - 173ms/step
Epoch 315/10000

Epoch 315: val_loss did not improve from 0.27911
12/12 - 2s - loss: 0.2767 - mse: 0.2767 - mae: 0.4250 - val_loss: 0.2809 - val_mse: 0.2809 - val_mae: 0.4255 - 2s/epoch - 175ms/step
Epoch 316/10000

Epoch 316: val_loss did not improve from 0.27911
12/12 - 2s - loss: 0.2745 - mse: 0.2745 - mae: 0.4233 - val_loss: 0.2943 - val_mse: 0.2943 - val_mae: 0.4342 - 2s/epoch - 173ms/step
Epoch 317/10000

Epoch 317: val_loss did not improve from 0.27911
12/12 - 2s - loss: 0.2797 - mse: 0.2797 - mae: 0.4265 - val_loss: 0.2810 - val_mse: 0.2810 - val_mae: 0.4254 - 2s/epoch - 174ms/step
Epoch 318/10000

Epoch 318: val_loss did not improve from 0.27911
12/12 - 2s - loss: 0.2762 - mse: 0.2762 - mae: 0.4244 - val_loss: 0.2889 - val_mse: 0.2889 - val_mae: 0.4309 - 2s/epoch - 174ms/step
Epoch 319/10000

Epoch 319: val_loss did not improve from 0.27911
12/12 - 2s - loss: 0.2762 - mse: 0.2762 - mae: 0.4245 - val_loss: 0.2853 - val_mse: 0.2853 - val_mae: 0.4280 - 2s/epoch - 174ms/step
Epoch 320/10000

Epoch 320: val_loss did not improve from 0.27911
12/12 - 2s - loss: 0.2855 - mse: 0.2855 - mae: 0.4305 - val_loss: 0.3106 - val_mse: 0.3106 - val_mae: 0.4449 - 2s/epoch - 173ms/step
Epoch 321/10000

Epoch 321: val_loss did not improve from 0.27911
12/12 - 2s - loss: 0.2815 - mse: 0.2815 - mae: 0.4283 - val_loss: 0.2871 - val_mse: 0.2871 - val_mae: 0.4291 - 2s/epoch - 174ms/step
Epoch 322/10000

Epoch 322: val_loss improved from 0.27911 to 0.27903, saving model to ./results/NN_rms_regr/ResNet/recursion_29/ckpt_1
12/12 - 3s - loss: 0.2748 - mse: 0.2748 - mae: 0.4230 - val_loss: 0.2790 - val_mse: 0.2790 - val_mae: 0.4244 - 3s/epoch - 246ms/step
Epoch 323/10000

Epoch 323: val_loss did not improve from 0.27903
12/12 - 2s - loss: 0.2759 - mse: 0.2759 - mae: 0.4241 - val_loss: 0.2859 - val_mse: 0.2859 - val_mae: 0.4281 - 2s/epoch - 174ms/step
Epoch 324/10000

Epoch 324: val_loss did not improve from 0.27903
12/12 - 2s - loss: 0.2738 - mse: 0.2738 - mae: 0.4226 - val_loss: 0.2836 - val_mse: 0.2836 - val_mae: 0.4281 - 2s/epoch - 174ms/step
Epoch 325/10000

Epoch 325: val_loss did not improve from 0.27903
12/12 - 2s - loss: 0.2749 - mse: 0.2749 - mae: 0.4229 - val_loss: 0.2805 - val_mse: 0.2805 - val_mae: 0.4247 - 2s/epoch - 174ms/step
Epoch 326/10000

Epoch 326: val_loss did not improve from 0.27903
12/12 - 2s - loss: 0.2850 - mse: 0.2850 - mae: 0.4306 - val_loss: 0.3058 - val_mse: 0.3058 - val_mae: 0.4447 - 2s/epoch - 174ms/step
Epoch 327/10000

Epoch 327: val_loss did not improve from 0.27903
12/12 - 2s - loss: 0.2860 - mse: 0.2860 - mae: 0.4315 - val_loss: 0.2808 - val_mse: 0.2808 - val_mae: 0.4265 - 2s/epoch - 173ms/step
Epoch 328/10000

Epoch 328: val_loss did not improve from 0.27903
12/12 - 2s - loss: 0.2767 - mse: 0.2767 - mae: 0.4237 - val_loss: 0.2845 - val_mse: 0.2845 - val_mae: 0.4293 - 2s/epoch - 173ms/step
Epoch 329/10000

Epoch 329: val_loss did not improve from 0.27903
12/12 - 2s - loss: 0.2751 - mse: 0.2751 - mae: 0.4235 - val_loss: 0.2804 - val_mse: 0.2804 - val_mae: 0.4261 - 2s/epoch - 173ms/step
Epoch 330/10000

Epoch 330: val_loss did not improve from 0.27903
12/12 - 2s - loss: 0.2741 - mse: 0.2741 - mae: 0.4230 - val_loss: 0.2796 - val_mse: 0.2796 - val_mae: 0.4250 - 2s/epoch - 173ms/step
Epoch 331/10000

Epoch 331: val_loss did not improve from 0.27903
12/12 - 2s - loss: 0.2747 - mse: 0.2747 - mae: 0.4229 - val_loss: 0.2807 - val_mse: 0.2807 - val_mae: 0.4250 - 2s/epoch - 174ms/step
Epoch 332/10000

Epoch 332: val_loss did not improve from 0.27903
12/12 - 2s - loss: 0.2737 - mse: 0.2737 - mae: 0.4223 - val_loss: 0.2884 - val_mse: 0.2884 - val_mae: 0.4316 - 2s/epoch - 174ms/step
Epoch 333/10000

Epoch 333: val_loss did not improve from 0.27903
12/12 - 2s - loss: 0.2761 - mse: 0.2761 - mae: 0.4242 - val_loss: 0.2794 - val_mse: 0.2794 - val_mae: 0.4246 - 2s/epoch - 175ms/step
Epoch 334/10000

Epoch 334: val_loss did not improve from 0.27903
12/12 - 2s - loss: 0.2778 - mse: 0.2778 - mae: 0.4257 - val_loss: 0.2794 - val_mse: 0.2794 - val_mae: 0.4244 - 2s/epoch - 174ms/step
Epoch 335/10000

Epoch 335: val_loss did not improve from 0.27903
12/12 - 2s - loss: 0.2837 - mse: 0.2837 - mae: 0.4294 - val_loss: 0.2853 - val_mse: 0.2853 - val_mae: 0.4282 - 2s/epoch - 174ms/step
Epoch 336/10000

Epoch 336: val_loss did not improve from 0.27903
12/12 - 2s - loss: 0.2743 - mse: 0.2743 - mae: 0.4227 - val_loss: 0.2868 - val_mse: 0.2868 - val_mae: 0.4291 - 2s/epoch - 174ms/step
Epoch 337/10000

Epoch 337: val_loss did not improve from 0.27903
12/12 - 2s - loss: 0.2778 - mse: 0.2778 - mae: 0.4255 - val_loss: 0.2798 - val_mse: 0.2798 - val_mae: 0.4248 - 2s/epoch - 174ms/step
Epoch 338/10000

Epoch 338: val_loss did not improve from 0.27903
12/12 - 2s - loss: 0.2735 - mse: 0.2735 - mae: 0.4224 - val_loss: 0.2839 - val_mse: 0.2839 - val_mae: 0.4290 - 2s/epoch - 173ms/step
Epoch 339/10000

Epoch 339: val_loss improved from 0.27903 to 0.27897, saving model to ./results/NN_rms_regr/ResNet/recursion_29/ckpt_1
12/12 - 3s - loss: 0.2742 - mse: 0.2742 - mae: 0.4230 - val_loss: 0.2790 - val_mse: 0.2790 - val_mae: 0.4243 - 3s/epoch - 249ms/step
Epoch 340/10000

Epoch 340: val_loss did not improve from 0.27897
12/12 - 2s - loss: 0.2772 - mse: 0.2772 - mae: 0.4251 - val_loss: 0.2802 - val_mse: 0.2802 - val_mae: 0.4253 - 2s/epoch - 175ms/step
Epoch 341/10000

Epoch 341: val_loss did not improve from 0.27897
12/12 - 2s - loss: 0.2745 - mse: 0.2745 - mae: 0.4235 - val_loss: 0.2867 - val_mse: 0.2867 - val_mae: 0.4291 - 2s/epoch - 174ms/step
Epoch 342/10000

Epoch 342: val_loss did not improve from 0.27897
12/12 - 2s - loss: 0.2757 - mse: 0.2757 - mae: 0.4243 - val_loss: 0.2823 - val_mse: 0.2823 - val_mae: 0.4258 - 2s/epoch - 175ms/step
Epoch 343/10000

Epoch 343: val_loss did not improve from 0.27897
12/12 - 2s - loss: 0.2742 - mse: 0.2742 - mae: 0.4228 - val_loss: 0.2796 - val_mse: 0.2796 - val_mae: 0.4243 - 2s/epoch - 176ms/step
Epoch 344/10000

Epoch 344: val_loss did not improve from 0.27897
12/12 - 2s - loss: 0.2777 - mse: 0.2777 - mae: 0.4257 - val_loss: 0.2796 - val_mse: 0.2796 - val_mae: 0.4242 - 2s/epoch - 180ms/step
Epoch 345/10000

Epoch 345: val_loss did not improve from 0.27897
12/12 - 2s - loss: 0.2779 - mse: 0.2779 - mae: 0.4258 - val_loss: 0.2816 - val_mse: 0.2816 - val_mae: 0.4269 - 2s/epoch - 182ms/step
Epoch 346/10000

Epoch 346: val_loss did not improve from 0.27897
12/12 - 2s - loss: 0.2764 - mse: 0.2764 - mae: 0.4248 - val_loss: 0.2800 - val_mse: 0.2800 - val_mae: 0.4257 - 2s/epoch - 173ms/step
Epoch 347/10000

Epoch 347: val_loss did not improve from 0.27897
12/12 - 2s - loss: 0.2773 - mse: 0.2773 - mae: 0.4248 - val_loss: 0.2960 - val_mse: 0.2960 - val_mae: 0.4385 - 2s/epoch - 173ms/step
Epoch 348/10000

Epoch 348: val_loss did not improve from 0.27897
12/12 - 2s - loss: 0.2915 - mse: 0.2915 - mae: 0.4353 - val_loss: 0.3008 - val_mse: 0.3008 - val_mae: 0.4410 - 2s/epoch - 174ms/step
Epoch 349/10000

Epoch 349: val_loss did not improve from 0.27897
12/12 - 2s - loss: 0.2904 - mse: 0.2904 - mae: 0.4344 - val_loss: 0.3098 - val_mse: 0.3098 - val_mae: 0.4479 - 2s/epoch - 174ms/step
Epoch 350/10000

Epoch 350: val_loss did not improve from 0.27897
12/12 - 2s - loss: 0.2844 - mse: 0.2844 - mae: 0.4298 - val_loss: 0.2798 - val_mse: 0.2798 - val_mae: 0.4249 - 2s/epoch - 174ms/step
Epoch 351/10000

Epoch 351: val_loss did not improve from 0.27897
12/12 - 2s - loss: 0.2748 - mse: 0.2748 - mae: 0.4231 - val_loss: 0.3078 - val_mse: 0.3078 - val_mae: 0.4468 - 2s/epoch - 177ms/step
Epoch 352/10000

Epoch 352: val_loss did not improve from 0.27897
12/12 - 2s - loss: 0.2790 - mse: 0.2790 - mae: 0.4261 - val_loss: 0.2875 - val_mse: 0.2875 - val_mae: 0.4318 - 2s/epoch - 175ms/step
Epoch 353/10000

Epoch 353: val_loss did not improve from 0.27897
12/12 - 2s - loss: 0.2862 - mse: 0.2862 - mae: 0.4319 - val_loss: 0.3050 - val_mse: 0.3050 - val_mae: 0.4452 - 2s/epoch - 174ms/step
Epoch 354/10000

Epoch 354: val_loss did not improve from 0.27897
12/12 - 2s - loss: 0.2807 - mse: 0.2807 - mae: 0.4274 - val_loss: 0.2893 - val_mse: 0.2893 - val_mae: 0.4334 - 2s/epoch - 174ms/step
Epoch 355/10000

Epoch 355: val_loss did not improve from 0.27897
12/12 - 2s - loss: 0.2741 - mse: 0.2741 - mae: 0.4226 - val_loss: 0.2930 - val_mse: 0.2930 - val_mae: 0.4332 - 2s/epoch - 174ms/step
Epoch 356/10000

Epoch 356: val_loss did not improve from 0.27897
12/12 - 2s - loss: 0.2792 - mse: 0.2792 - mae: 0.4271 - val_loss: 0.2897 - val_mse: 0.2897 - val_mae: 0.4309 - 2s/epoch - 175ms/step
Epoch 357/10000

Epoch 357: val_loss did not improve from 0.27897
12/12 - 2s - loss: 0.2774 - mse: 0.2774 - mae: 0.4254 - val_loss: 0.2804 - val_mse: 0.2804 - val_mae: 0.4248 - 2s/epoch - 174ms/step
Epoch 358/10000

Epoch 358: val_loss did not improve from 0.27897
12/12 - 2s - loss: 0.2735 - mse: 0.2735 - mae: 0.4221 - val_loss: 0.2793 - val_mse: 0.2793 - val_mae: 0.4242 - 2s/epoch - 174ms/step
Epoch 359/10000

Epoch 359: val_loss did not improve from 0.27897
12/12 - 2s - loss: 0.2739 - mse: 0.2739 - mae: 0.4227 - val_loss: 0.2798 - val_mse: 0.2798 - val_mae: 0.4245 - 2s/epoch - 173ms/step
Epoch 360/10000

Epoch 360: val_loss did not improve from 0.27897
12/12 - 2s - loss: 0.2750 - mse: 0.2750 - mae: 0.4235 - val_loss: 0.2843 - val_mse: 0.2843 - val_mae: 0.4278 - 2s/epoch - 173ms/step
Epoch 361/10000

Epoch 361: val_loss did not improve from 0.27897
12/12 - 2s - loss: 0.2766 - mse: 0.2766 - mae: 0.4246 - val_loss: 0.2800 - val_mse: 0.2800 - val_mae: 0.4244 - 2s/epoch - 173ms/step
Epoch 362/10000

Epoch 362: val_loss did not improve from 0.27897
12/12 - 2s - loss: 0.2742 - mse: 0.2742 - mae: 0.4228 - val_loss: 0.2877 - val_mse: 0.2877 - val_mae: 0.4295 - 2s/epoch - 173ms/step
Epoch 363/10000

Epoch 363: val_loss did not improve from 0.27897
12/12 - 2s - loss: 0.2779 - mse: 0.2779 - mae: 0.4255 - val_loss: 0.2905 - val_mse: 0.2905 - val_mae: 0.4313 - 2s/epoch - 173ms/step
Epoch 364/10000

Epoch 364: val_loss did not improve from 0.27897
12/12 - 2s - loss: 0.2786 - mse: 0.2786 - mae: 0.4266 - val_loss: 0.2951 - val_mse: 0.2951 - val_mae: 0.4352 - 2s/epoch - 174ms/step
Epoch 365/10000

Epoch 365: val_loss did not improve from 0.27897
12/12 - 2s - loss: 0.2765 - mse: 0.2765 - mae: 0.4245 - val_loss: 0.2791 - val_mse: 0.2791 - val_mae: 0.4246 - 2s/epoch - 174ms/step
Epoch 366/10000

Epoch 366: val_loss did not improve from 0.27897
12/12 - 2s - loss: 0.2777 - mse: 0.2777 - mae: 0.4252 - val_loss: 0.2807 - val_mse: 0.2807 - val_mae: 0.4253 - 2s/epoch - 175ms/step
Epoch 367/10000

Epoch 367: val_loss did not improve from 0.27897
12/12 - 2s - loss: 0.2822 - mse: 0.2822 - mae: 0.4284 - val_loss: 0.2842 - val_mse: 0.2842 - val_mae: 0.4276 - 2s/epoch - 173ms/step
Epoch 368/10000

Epoch 368: val_loss did not improve from 0.27897
12/12 - 2s - loss: 0.2750 - mse: 0.2750 - mae: 0.4231 - val_loss: 0.2942 - val_mse: 0.2942 - val_mae: 0.4345 - 2s/epoch - 173ms/step
Epoch 369/10000

Epoch 369: val_loss did not improve from 0.27897
12/12 - 2s - loss: 0.2779 - mse: 0.2779 - mae: 0.4258 - val_loss: 0.2800 - val_mse: 0.2800 - val_mae: 0.4256 - 2s/epoch - 173ms/step
Epoch 370/10000

Epoch 370: val_loss did not improve from 0.27897
12/12 - 2s - loss: 0.2824 - mse: 0.2824 - mae: 0.4283 - val_loss: 0.2868 - val_mse: 0.2868 - val_mae: 0.4309 - 2s/epoch - 173ms/step
Epoch 371/10000

Epoch 371: val_loss did not improve from 0.27897
12/12 - 2s - loss: 0.2746 - mse: 0.2746 - mae: 0.4230 - val_loss: 0.2798 - val_mse: 0.2798 - val_mae: 0.4251 - 2s/epoch - 173ms/step
Epoch 372/10000

Epoch 372: val_loss did not improve from 0.27897
12/12 - 2s - loss: 0.2744 - mse: 0.2744 - mae: 0.4233 - val_loss: 0.2845 - val_mse: 0.2845 - val_mae: 0.4280 - 2s/epoch - 173ms/step
Epoch 373/10000

Epoch 373: val_loss did not improve from 0.27897
12/12 - 2s - loss: 0.2777 - mse: 0.2777 - mae: 0.4259 - val_loss: 0.2918 - val_mse: 0.2918 - val_mae: 0.4325 - 2s/epoch - 173ms/step
Epoch 374/10000

Epoch 374: val_loss did not improve from 0.27897
12/12 - 2s - loss: 0.2751 - mse: 0.2751 - mae: 0.4235 - val_loss: 0.2832 - val_mse: 0.2832 - val_mae: 0.4281 - 2s/epoch - 174ms/step
Epoch 375/10000

Epoch 375: val_loss did not improve from 0.27897
12/12 - 2s - loss: 0.2756 - mse: 0.2756 - mae: 0.4236 - val_loss: 0.2809 - val_mse: 0.2809 - val_mae: 0.4249 - 2s/epoch - 173ms/step
Epoch 376/10000

Epoch 376: val_loss did not improve from 0.27897
12/12 - 2s - loss: 0.2785 - mse: 0.2785 - mae: 0.4267 - val_loss: 0.2806 - val_mse: 0.2806 - val_mae: 0.4248 - 2s/epoch - 174ms/step
Epoch 377/10000

Epoch 377: val_loss did not improve from 0.27897
12/12 - 2s - loss: 0.2745 - mse: 0.2745 - mae: 0.4234 - val_loss: 0.2932 - val_mse: 0.2932 - val_mae: 0.4333 - 2s/epoch - 173ms/step
Epoch 378/10000

Epoch 378: val_loss did not improve from 0.27897
12/12 - 2s - loss: 0.2833 - mse: 0.2833 - mae: 0.4296 - val_loss: 0.3076 - val_mse: 0.3076 - val_mae: 0.4429 - 2s/epoch - 173ms/step
Epoch 379/10000

Epoch 379: val_loss did not improve from 0.27897
12/12 - 2s - loss: 0.2866 - mse: 0.2866 - mae: 0.4316 - val_loss: 0.3089 - val_mse: 0.3089 - val_mae: 0.4437 - 2s/epoch - 173ms/step
Epoch 380/10000

Epoch 380: val_loss did not improve from 0.27897
12/12 - 2s - loss: 0.2844 - mse: 0.2844 - mae: 0.4300 - val_loss: 0.2797 - val_mse: 0.2797 - val_mae: 0.4244 - 2s/epoch - 174ms/step
Epoch 381/10000

Epoch 381: val_loss did not improve from 0.27897
12/12 - 2s - loss: 0.2756 - mse: 0.2756 - mae: 0.4232 - val_loss: 0.2804 - val_mse: 0.2804 - val_mae: 0.4254 - 2s/epoch - 173ms/step
Epoch 382/10000

Epoch 382: val_loss did not improve from 0.27897
12/12 - 2s - loss: 0.2765 - mse: 0.2765 - mae: 0.4244 - val_loss: 0.2843 - val_mse: 0.2843 - val_mae: 0.4290 - 2s/epoch - 173ms/step
Epoch 383/10000

Epoch 383: val_loss did not improve from 0.27897
12/12 - 2s - loss: 0.2756 - mse: 0.2756 - mae: 0.4236 - val_loss: 0.2811 - val_mse: 0.2811 - val_mae: 0.4264 - 2s/epoch - 173ms/step
Epoch 384/10000

Epoch 384: val_loss did not improve from 0.27897
12/12 - 2s - loss: 0.2740 - mse: 0.2740 - mae: 0.4228 - val_loss: 0.2910 - val_mse: 0.2910 - val_mae: 0.4321 - 2s/epoch - 173ms/step
Epoch 385/10000

Epoch 385: val_loss did not improve from 0.27897
12/12 - 2s - loss: 0.2756 - mse: 0.2756 - mae: 0.4242 - val_loss: 0.2796 - val_mse: 0.2796 - val_mae: 0.4246 - 2s/epoch - 173ms/step
Epoch 386/10000

Epoch 386: val_loss did not improve from 0.27897
12/12 - 2s - loss: 0.2766 - mse: 0.2766 - mae: 0.4247 - val_loss: 0.2793 - val_mse: 0.2793 - val_mae: 0.4250 - 2s/epoch - 173ms/step
Epoch 387/10000

Epoch 387: val_loss did not improve from 0.27897
12/12 - 2s - loss: 0.2749 - mse: 0.2749 - mae: 0.4231 - val_loss: 0.2792 - val_mse: 0.2792 - val_mae: 0.4247 - 2s/epoch - 173ms/step
Epoch 388/10000

Epoch 388: val_loss did not improve from 0.27897
12/12 - 2s - loss: 0.2751 - mse: 0.2751 - mae: 0.4234 - val_loss: 0.2947 - val_mse: 0.2947 - val_mae: 0.4342 - 2s/epoch - 173ms/step
Epoch 389/10000

Epoch 389: val_loss did not improve from 0.27897
12/12 - 2s - loss: 0.2777 - mse: 0.2777 - mae: 0.4252 - val_loss: 0.2820 - val_mse: 0.2820 - val_mae: 0.4274 - 2s/epoch - 173ms/step
Epoch 389: early stopping
