Model: "sequential_3"
_________________________________________________________________
Layer (type)                 Output Shape              Param #   
=================================================================
zero_padding3d_1 (ZeroPaddin (None, 8, 8, 8, 1)        0         
_________________________________________________________________
conv3d_6 (Conv3D)            (None, 8, 8, 8, 8)        224       
_________________________________________________________________
max_pooling3d_2 (MaxPooling3 (None, 4, 4, 4, 8)        0         
_________________________________________________________________
conv3d_7 (Conv3D)            (None, 4, 4, 4, 4)        868       
_________________________________________________________________
max_pooling3d_3 (MaxPooling3 (None, 2, 2, 2, 4)        0         
_________________________________________________________________
conv3d_8 (Conv3D)            (None, 2, 2, 2, 4)        436       
_________________________________________________________________
up_sampling3d_2 (UpSampling3 (None, 4, 4, 4, 4)        0         
_________________________________________________________________
conv3d_9 (Conv3D)            (None, 4, 4, 4, 4)        436       
_________________________________________________________________
up_sampling3d_3 (UpSampling3 (None, 8, 8, 8, 4)        0         
_________________________________________________________________
conv3d_10 (Conv3D)           (None, 8, 8, 8, 8)        872       
_________________________________________________________________
conv3d_11 (Conv3D)           (None, 8, 8, 8, 1)        217       
_________________________________________________________________
cropping3d_1 (Cropping3D)    (None, 7, 7, 6, 1)        0         
=================================================================
Total params: 3,053
Trainable params: 3,053
Non-trainable params: 0
_________________________________________________________________
Epoch 1/10000
13/13 - 6s - loss: 0.0231 - val_loss: 0.1192

Epoch 00001: val_loss improved from inf to 0.11917, saving model to ./CAE_models/rms_SOBEL/ckpt
Epoch 2/10000
13/13 - 6s - loss: 0.0218 - val_loss: 0.1109

Epoch 00002: val_loss improved from 0.11917 to 0.11091, saving model to ./CAE_models/rms_SOBEL/ckpt
Epoch 3/10000
13/13 - 6s - loss: 0.0206 - val_loss: 0.1239

Epoch 00003: val_loss did not improve from 0.11091
Epoch 4/10000
13/13 - 6s - loss: 0.0174 - val_loss: 0.1605

Epoch 00004: val_loss did not improve from 0.11091
Epoch 5/10000
13/13 - 6s - loss: 0.0135 - val_loss: 0.1287

Epoch 00005: val_loss did not improve from 0.11091
Epoch 6/10000
13/13 - 6s - loss: 0.0088 - val_loss: 0.0864

Epoch 00006: val_loss improved from 0.11091 to 0.08637, saving model to ./CAE_models/rms_SOBEL/ckpt
Epoch 7/10000
13/13 - 6s - loss: 0.0071 - val_loss: 0.0798

Epoch 00007: val_loss improved from 0.08637 to 0.07978, saving model to ./CAE_models/rms_SOBEL/ckpt
Epoch 8/10000
13/13 - 6s - loss: 0.0066 - val_loss: 0.0731

Epoch 00008: val_loss improved from 0.07978 to 0.07311, saving model to ./CAE_models/rms_SOBEL/ckpt
Epoch 9/10000
13/13 - 6s - loss: 0.0063 - val_loss: 0.0680

Epoch 00009: val_loss improved from 0.07311 to 0.06801, saving model to ./CAE_models/rms_SOBEL/ckpt
Epoch 10/10000
13/13 - 6s - loss: 0.0060 - val_loss: 0.0629

Epoch 00010: val_loss improved from 0.06801 to 0.06289, saving model to ./CAE_models/rms_SOBEL/ckpt
Epoch 11/10000
13/13 - 6s - loss: 0.0058 - val_loss: 0.0590

Epoch 00011: val_loss improved from 0.06289 to 0.05899, saving model to ./CAE_models/rms_SOBEL/ckpt
Epoch 12/10000
13/13 - 6s - loss: 0.0056 - val_loss: 0.0523

Epoch 00012: val_loss improved from 0.05899 to 0.05233, saving model to ./CAE_models/rms_SOBEL/ckpt
Epoch 13/10000
13/13 - 6s - loss: 0.0052 - val_loss: 0.0497

Epoch 00013: val_loss improved from 0.05233 to 0.04970, saving model to ./CAE_models/rms_SOBEL/ckpt
Epoch 14/10000
13/13 - 6s - loss: 0.0048 - val_loss: 0.0465

Epoch 00014: val_loss improved from 0.04970 to 0.04654, saving model to ./CAE_models/rms_SOBEL/ckpt
Epoch 15/10000
13/13 - 6s - loss: 0.0042 - val_loss: 0.0450

Epoch 00015: val_loss improved from 0.04654 to 0.04501, saving model to ./CAE_models/rms_SOBEL/ckpt
Epoch 16/10000
13/13 - 6s - loss: 0.0036 - val_loss: 0.0435

Epoch 00016: val_loss improved from 0.04501 to 0.04352, saving model to ./CAE_models/rms_SOBEL/ckpt
Epoch 17/10000
13/13 - 6s - loss: 0.0032 - val_loss: 0.0399

Epoch 00017: val_loss improved from 0.04352 to 0.03986, saving model to ./CAE_models/rms_SOBEL/ckpt
Epoch 18/10000
13/13 - 6s - loss: 0.0029 - val_loss: 0.0371

Epoch 00018: val_loss improved from 0.03986 to 0.03713, saving model to ./CAE_models/rms_SOBEL/ckpt
Epoch 19/10000
13/13 - 6s - loss: 0.0027 - val_loss: 0.0329

Epoch 00019: val_loss improved from 0.03713 to 0.03286, saving model to ./CAE_models/rms_SOBEL/ckpt
Epoch 20/10000
13/13 - 6s - loss: 0.0025 - val_loss: 0.0296

Epoch 00020: val_loss improved from 0.03286 to 0.02956, saving model to ./CAE_models/rms_SOBEL/ckpt
Epoch 21/10000
13/13 - 6s - loss: 0.0024 - val_loss: 0.0278

Epoch 00021: val_loss improved from 0.02956 to 0.02778, saving model to ./CAE_models/rms_SOBEL/ckpt
Epoch 22/10000
13/13 - 6s - loss: 0.0023 - val_loss: 0.0259

Epoch 00022: val_loss improved from 0.02778 to 0.02592, saving model to ./CAE_models/rms_SOBEL/ckpt
Epoch 23/10000
13/13 - 6s - loss: 0.0022 - val_loss: 0.0249

Epoch 00023: val_loss improved from 0.02592 to 0.02491, saving model to ./CAE_models/rms_SOBEL/ckpt
Epoch 24/10000
13/13 - 6s - loss: 0.0022 - val_loss: 0.0252

Epoch 00024: val_loss did not improve from 0.02491
Epoch 25/10000
13/13 - 6s - loss: 0.0021 - val_loss: 0.0254

Epoch 00025: val_loss did not improve from 0.02491
Epoch 26/10000
13/13 - 6s - loss: 0.0021 - val_loss: 0.0244

Epoch 00026: val_loss improved from 0.02491 to 0.02443, saving model to ./CAE_models/rms_SOBEL/ckpt
Epoch 27/10000
13/13 - 6s - loss: 0.0020 - val_loss: 0.0237

Epoch 00027: val_loss improved from 0.02443 to 0.02367, saving model to ./CAE_models/rms_SOBEL/ckpt
Epoch 28/10000
13/13 - 6s - loss: 0.0020 - val_loss: 0.0238

Epoch 00028: val_loss did not improve from 0.02367
Epoch 29/10000
13/13 - 6s - loss: 0.0019 - val_loss: 0.0227

Epoch 00029: val_loss improved from 0.02367 to 0.02273, saving model to ./CAE_models/rms_SOBEL/ckpt
Epoch 30/10000
13/13 - 6s - loss: 0.0019 - val_loss: 0.0223

Epoch 00030: val_loss improved from 0.02273 to 0.02229, saving model to ./CAE_models/rms_SOBEL/ckpt
Epoch 31/10000
13/13 - 6s - loss: 0.0019 - val_loss: 0.0216

Epoch 00031: val_loss improved from 0.02229 to 0.02162, saving model to ./CAE_models/rms_SOBEL/ckpt
Epoch 32/10000
13/13 - 6s - loss: 0.0019 - val_loss: 0.0225

Epoch 00032: val_loss did not improve from 0.02162
Epoch 33/10000
13/13 - 6s - loss: 0.0018 - val_loss: 0.0224

Epoch 00033: val_loss did not improve from 0.02162
Epoch 34/10000
13/13 - 6s - loss: 0.0018 - val_loss: 0.0211

Epoch 00034: val_loss improved from 0.02162 to 0.02107, saving model to ./CAE_models/rms_SOBEL/ckpt
Epoch 35/10000
13/13 - 6s - loss: 0.0018 - val_loss: 0.0206

Epoch 00035: val_loss improved from 0.02107 to 0.02060, saving model to ./CAE_models/rms_SOBEL/ckpt
Epoch 36/10000
13/13 - 6s - loss: 0.0018 - val_loss: 0.0208

Epoch 00036: val_loss did not improve from 0.02060
Epoch 37/10000
13/13 - 6s - loss: 0.0017 - val_loss: 0.0197

Epoch 00037: val_loss improved from 0.02060 to 0.01970, saving model to ./CAE_models/rms_SOBEL/ckpt
Epoch 38/10000
13/13 - 6s - loss: 0.0017 - val_loss: 0.0203

Epoch 00038: val_loss did not improve from 0.01970
Epoch 39/10000
13/13 - 6s - loss: 0.0017 - val_loss: 0.0186

Epoch 00039: val_loss improved from 0.01970 to 0.01862, saving model to ./CAE_models/rms_SOBEL/ckpt
Epoch 40/10000
13/13 - 6s - loss: 0.0017 - val_loss: 0.0195

Epoch 00040: val_loss did not improve from 0.01862
Epoch 41/10000
13/13 - 6s - loss: 0.0016 - val_loss: 0.0195

Epoch 00041: val_loss did not improve from 0.01862
Epoch 42/10000
13/13 - 6s - loss: 0.0016 - val_loss: 0.0191

Epoch 00042: val_loss did not improve from 0.01862
Epoch 43/10000
13/13 - 6s - loss: 0.0016 - val_loss: 0.0186

Epoch 00043: val_loss did not improve from 0.01862
Epoch 44/10000
13/13 - 6s - loss: 0.0016 - val_loss: 0.0180

Epoch 00044: val_loss improved from 0.01862 to 0.01796, saving model to ./CAE_models/rms_SOBEL/ckpt
Epoch 45/10000
13/13 - 6s - loss: 0.0016 - val_loss: 0.0195

Epoch 00045: val_loss did not improve from 0.01796
Epoch 46/10000
13/13 - 6s - loss: 0.0016 - val_loss: 0.0179

Epoch 00046: val_loss improved from 0.01796 to 0.01785, saving model to ./CAE_models/rms_SOBEL/ckpt
Epoch 47/10000
13/13 - 6s - loss: 0.0015 - val_loss: 0.0186

Epoch 00047: val_loss did not improve from 0.01785
Epoch 48/10000
13/13 - 6s - loss: 0.0015 - val_loss: 0.0187

Epoch 00048: val_loss did not improve from 0.01785
Epoch 49/10000
13/13 - 6s - loss: 0.0015 - val_loss: 0.0182

Epoch 00049: val_loss did not improve from 0.01785
Epoch 50/10000
13/13 - 6s - loss: 0.0015 - val_loss: 0.0184

Epoch 00050: val_loss did not improve from 0.01785
Epoch 51/10000
13/13 - 6s - loss: 0.0015 - val_loss: 0.0187

Epoch 00051: val_loss did not improve from 0.01785
Epoch 52/10000
13/13 - 6s - loss: 0.0015 - val_loss: 0.0188

Epoch 00052: val_loss did not improve from 0.01785
Epoch 53/10000
13/13 - 6s - loss: 0.0014 - val_loss: 0.0180

Epoch 00053: val_loss did not improve from 0.01785
Epoch 54/10000
13/13 - 6s - loss: 0.0014 - val_loss: 0.0177

Epoch 00054: val_loss improved from 0.01785 to 0.01769, saving model to ./CAE_models/rms_SOBEL/ckpt
Epoch 55/10000
13/13 - 6s - loss: 0.0014 - val_loss: 0.0180

Epoch 00055: val_loss did not improve from 0.01769
Epoch 56/10000
13/13 - 6s - loss: 0.0014 - val_loss: 0.0184

Epoch 00056: val_loss did not improve from 0.01769
Epoch 57/10000
13/13 - 6s - loss: 0.0014 - val_loss: 0.0172

Epoch 00057: val_loss improved from 0.01769 to 0.01717, saving model to ./CAE_models/rms_SOBEL/ckpt
Epoch 58/10000
13/13 - 6s - loss: 0.0014 - val_loss: 0.0176

Epoch 00058: val_loss did not improve from 0.01717
Epoch 59/10000
13/13 - 6s - loss: 0.0014 - val_loss: 0.0175

Epoch 00059: val_loss did not improve from 0.01717
Epoch 60/10000
13/13 - 6s - loss: 0.0013 - val_loss: 0.0171

Epoch 00060: val_loss improved from 0.01717 to 0.01706, saving model to ./CAE_models/rms_SOBEL/ckpt
Epoch 61/10000
13/13 - 6s - loss: 0.0013 - val_loss: 0.0173

Epoch 00061: val_loss did not improve from 0.01706
Epoch 62/10000
13/13 - 6s - loss: 0.0013 - val_loss: 0.0174

Epoch 00062: val_loss did not improve from 0.01706
Epoch 63/10000
13/13 - 6s - loss: 0.0013 - val_loss: 0.0175

Epoch 00063: val_loss did not improve from 0.01706
Epoch 64/10000
13/13 - 6s - loss: 0.0013 - val_loss: 0.0164

Epoch 00064: val_loss improved from 0.01706 to 0.01635, saving model to ./CAE_models/rms_SOBEL/ckpt
Epoch 65/10000
13/13 - 6s - loss: 0.0013 - val_loss: 0.0172

Epoch 00065: val_loss did not improve from 0.01635
Epoch 66/10000
13/13 - 6s - loss: 0.0013 - val_loss: 0.0161

Epoch 00066: val_loss improved from 0.01635 to 0.01612, saving model to ./CAE_models/rms_SOBEL/ckpt
Epoch 67/10000
13/13 - 6s - loss: 0.0013 - val_loss: 0.0161

Epoch 00067: val_loss improved from 0.01612 to 0.01610, saving model to ./CAE_models/rms_SOBEL/ckpt
Epoch 68/10000
13/13 - 6s - loss: 0.0013 - val_loss: 0.0169

Epoch 00068: val_loss did not improve from 0.01610
Epoch 69/10000
13/13 - 6s - loss: 0.0012 - val_loss: 0.0165

Epoch 00069: val_loss did not improve from 0.01610
Epoch 70/10000
13/13 - 6s - loss: 0.0012 - val_loss: 0.0164

Epoch 00070: val_loss did not improve from 0.01610
Epoch 71/10000
13/13 - 6s - loss: 0.0012 - val_loss: 0.0161

Epoch 00071: val_loss improved from 0.01610 to 0.01607, saving model to ./CAE_models/rms_SOBEL/ckpt
Epoch 72/10000
13/13 - 6s - loss: 0.0012 - val_loss: 0.0157

Epoch 00072: val_loss improved from 0.01607 to 0.01570, saving model to ./CAE_models/rms_SOBEL/ckpt
Epoch 73/10000
13/13 - 6s - loss: 0.0012 - val_loss: 0.0152

Epoch 00073: val_loss improved from 0.01570 to 0.01521, saving model to ./CAE_models/rms_SOBEL/ckpt
Epoch 74/10000
13/13 - 6s - loss: 0.0012 - val_loss: 0.0159

Epoch 00074: val_loss did not improve from 0.01521
Epoch 75/10000
13/13 - 6s - loss: 0.0012 - val_loss: 0.0157

Epoch 00075: val_loss did not improve from 0.01521
Epoch 76/10000
13/13 - 6s - loss: 0.0012 - val_loss: 0.0158

Epoch 00076: val_loss did not improve from 0.01521
Epoch 77/10000
13/13 - 6s - loss: 0.0012 - val_loss: 0.0161

Epoch 00077: val_loss did not improve from 0.01521
Epoch 78/10000
13/13 - 6s - loss: 0.0012 - val_loss: 0.0156

Epoch 00078: val_loss did not improve from 0.01521
Epoch 79/10000
13/13 - 6s - loss: 0.0012 - val_loss: 0.0152

Epoch 00079: val_loss improved from 0.01521 to 0.01517, saving model to ./CAE_models/rms_SOBEL/ckpt
Epoch 80/10000
13/13 - 6s - loss: 0.0011 - val_loss: 0.0156

Epoch 00080: val_loss did not improve from 0.01517
Epoch 81/10000
13/13 - 6s - loss: 0.0011 - val_loss: 0.0156

Epoch 00081: val_loss did not improve from 0.01517
Epoch 82/10000
13/13 - 6s - loss: 0.0011 - val_loss: 0.0154

Epoch 00082: val_loss did not improve from 0.01517
Epoch 83/10000
13/13 - 6s - loss: 0.0011 - val_loss: 0.0151

Epoch 00083: val_loss improved from 0.01517 to 0.01514, saving model to ./CAE_models/rms_SOBEL/ckpt
Epoch 84/10000
13/13 - 6s - loss: 0.0011 - val_loss: 0.0150

Epoch 00084: val_loss improved from 0.01514 to 0.01503, saving model to ./CAE_models/rms_SOBEL/ckpt
Epoch 85/10000
13/13 - 6s - loss: 0.0011 - val_loss: 0.0152

Epoch 00085: val_loss did not improve from 0.01503
Epoch 86/10000
13/13 - 6s - loss: 0.0011 - val_loss: 0.0150

Epoch 00086: val_loss improved from 0.01503 to 0.01495, saving model to ./CAE_models/rms_SOBEL/ckpt
Epoch 87/10000
13/13 - 6s - loss: 0.0011 - val_loss: 0.0154

Epoch 00087: val_loss did not improve from 0.01495
Epoch 88/10000
13/13 - 6s - loss: 0.0011 - val_loss: 0.0160

Epoch 00088: val_loss did not improve from 0.01495
Epoch 89/10000
13/13 - 6s - loss: 0.0011 - val_loss: 0.0147

Epoch 00089: val_loss improved from 0.01495 to 0.01469, saving model to ./CAE_models/rms_SOBEL/ckpt
Epoch 90/10000
13/13 - 6s - loss: 0.0011 - val_loss: 0.0153

Epoch 00090: val_loss did not improve from 0.01469
Epoch 91/10000
13/13 - 6s - loss: 0.0011 - val_loss: 0.0150

Epoch 00091: val_loss did not improve from 0.01469
Epoch 92/10000
13/13 - 6s - loss: 0.0011 - val_loss: 0.0156

Epoch 00092: val_loss did not improve from 0.01469
Epoch 93/10000
13/13 - 6s - loss: 0.0011 - val_loss: 0.0155

Epoch 00093: val_loss did not improve from 0.01469
Epoch 94/10000
13/13 - 6s - loss: 0.0011 - val_loss: 0.0150

Epoch 00094: val_loss did not improve from 0.01469
Epoch 95/10000
13/13 - 6s - loss: 0.0011 - val_loss: 0.0159

Epoch 00095: val_loss did not improve from 0.01469
Epoch 96/10000
13/13 - 6s - loss: 0.0010 - val_loss: 0.0150

Epoch 00096: val_loss did not improve from 0.01469
Epoch 97/10000
13/13 - 6s - loss: 0.0010 - val_loss: 0.0147

Epoch 00097: val_loss did not improve from 0.01469
Epoch 98/10000
13/13 - 6s - loss: 0.0010 - val_loss: 0.0157

Epoch 00098: val_loss did not improve from 0.01469
Epoch 99/10000
13/13 - 6s - loss: 0.0010 - val_loss: 0.0147

Epoch 00099: val_loss did not improve from 0.01469
Epoch 100/10000
13/13 - 6s - loss: 0.0010 - val_loss: 0.0150

Epoch 00100: val_loss did not improve from 0.01469
Epoch 101/10000
13/13 - 6s - loss: 0.0010 - val_loss: 0.0153

Epoch 00101: val_loss did not improve from 0.01469
Epoch 102/10000
13/13 - 6s - loss: 0.0010 - val_loss: 0.0146

Epoch 00102: val_loss improved from 0.01469 to 0.01460, saving model to ./CAE_models/rms_SOBEL/ckpt
Epoch 103/10000
13/13 - 6s - loss: 0.0010 - val_loss: 0.0146

Epoch 00103: val_loss improved from 0.01460 to 0.01457, saving model to ./CAE_models/rms_SOBEL/ckpt
Epoch 104/10000
13/13 - 6s - loss: 0.0010 - val_loss: 0.0149

Epoch 00104: val_loss did not improve from 0.01457
Epoch 105/10000
13/13 - 6s - loss: 9.9603e-04 - val_loss: 0.0149

Epoch 00105: val_loss did not improve from 0.01457
Epoch 106/10000
13/13 - 6s - loss: 9.9532e-04 - val_loss: 0.0152

Epoch 00106: val_loss did not improve from 0.01457
Epoch 107/10000
13/13 - 6s - loss: 9.9321e-04 - val_loss: 0.0151

Epoch 00107: val_loss did not improve from 0.01457
Epoch 108/10000
13/13 - 6s - loss: 9.8948e-04 - val_loss: 0.0151

Epoch 00108: val_loss did not improve from 0.01457
Epoch 109/10000
13/13 - 6s - loss: 9.8342e-04 - val_loss: 0.0152

Epoch 00109: val_loss did not improve from 0.01457
Epoch 110/10000
13/13 - 6s - loss: 9.8155e-04 - val_loss: 0.0151

Epoch 00110: val_loss did not improve from 0.01457
Epoch 111/10000
13/13 - 6s - loss: 9.7269e-04 - val_loss: 0.0148

Epoch 00111: val_loss did not improve from 0.01457
Epoch 112/10000
13/13 - 6s - loss: 9.7281e-04 - val_loss: 0.0155

Epoch 00112: val_loss did not improve from 0.01457
Epoch 113/10000
13/13 - 6s - loss: 9.7743e-04 - val_loss: 0.0146

Epoch 00113: val_loss did not improve from 0.01457
Epoch 114/10000
13/13 - 6s - loss: 9.6509e-04 - val_loss: 0.0152

Epoch 00114: val_loss did not improve from 0.01457
Epoch 115/10000
13/13 - 6s - loss: 9.5865e-04 - val_loss: 0.0153

Epoch 00115: val_loss did not improve from 0.01457
Epoch 116/10000
13/13 - 6s - loss: 9.5488e-04 - val_loss: 0.0147

Epoch 00116: val_loss did not improve from 0.01457
Epoch 117/10000
13/13 - 6s - loss: 9.4921e-04 - val_loss: 0.0152

Epoch 00117: val_loss did not improve from 0.01457
Epoch 118/10000
13/13 - 6s - loss: 9.4825e-04 - val_loss: 0.0149

Epoch 00118: val_loss did not improve from 0.01457
Epoch 119/10000
13/13 - 6s - loss: 9.4358e-04 - val_loss: 0.0152

Epoch 00119: val_loss did not improve from 0.01457
Epoch 120/10000
13/13 - 6s - loss: 9.4001e-04 - val_loss: 0.0157

Epoch 00120: val_loss did not improve from 0.01457
Epoch 121/10000
13/13 - 6s - loss: 9.5365e-04 - val_loss: 0.0155

Epoch 00121: val_loss did not improve from 0.01457
Epoch 122/10000
13/13 - 6s - loss: 9.2684e-04 - val_loss: 0.0148

Epoch 00122: val_loss did not improve from 0.01457
Epoch 123/10000
13/13 - 6s - loss: 9.3180e-04 - val_loss: 0.0157

Epoch 00123: val_loss did not improve from 0.01457
Epoch 124/10000
13/13 - 6s - loss: 9.3864e-04 - val_loss: 0.0152

Epoch 00124: val_loss did not improve from 0.01457
Epoch 125/10000
13/13 - 6s - loss: 9.1653e-04 - val_loss: 0.0158

Epoch 00125: val_loss did not improve from 0.01457
Epoch 126/10000
13/13 - 6s - loss: 9.1241e-04 - val_loss: 0.0146

Epoch 00126: val_loss did not improve from 0.01457
Epoch 127/10000
13/13 - 6s - loss: 9.0570e-04 - val_loss: 0.0152

Epoch 00127: val_loss did not improve from 0.01457
Epoch 128/10000
13/13 - 6s - loss: 9.0375e-04 - val_loss: 0.0154

Epoch 00128: val_loss did not improve from 0.01457
Epoch 129/10000
13/13 - 6s - loss: 9.1129e-04 - val_loss: 0.0158

Epoch 00129: val_loss did not improve from 0.01457
Epoch 130/10000
13/13 - 6s - loss: 9.0660e-04 - val_loss: 0.0156

Epoch 00130: val_loss did not improve from 0.01457
Epoch 131/10000
13/13 - 6s - loss: 9.0215e-04 - val_loss: 0.0145

Epoch 00131: val_loss improved from 0.01457 to 0.01453, saving model to ./CAE_models/rms_SOBEL/ckpt
Epoch 132/10000
13/13 - 6s - loss: 8.9877e-04 - val_loss: 0.0156

Epoch 00132: val_loss did not improve from 0.01453
Epoch 133/10000
13/13 - 6s - loss: 8.8507e-04 - val_loss: 0.0154

Epoch 00133: val_loss did not improve from 0.01453
Epoch 134/10000
13/13 - 6s - loss: 8.7884e-04 - val_loss: 0.0150

Epoch 00134: val_loss did not improve from 0.01453
Epoch 135/10000
13/13 - 6s - loss: 8.7702e-04 - val_loss: 0.0150

Epoch 00135: val_loss did not improve from 0.01453
Epoch 136/10000
13/13 - 6s - loss: 8.8025e-04 - val_loss: 0.0158

Epoch 00136: val_loss did not improve from 0.01453
Epoch 137/10000
13/13 - 6s - loss: 8.6758e-04 - val_loss: 0.0145

Epoch 00137: val_loss improved from 0.01453 to 0.01445, saving model to ./CAE_models/rms_SOBEL/ckpt
Epoch 138/10000
13/13 - 6s - loss: 8.6417e-04 - val_loss: 0.0149

Epoch 00138: val_loss did not improve from 0.01445
Epoch 139/10000
13/13 - 6s - loss: 8.6606e-04 - val_loss: 0.0145

Epoch 00139: val_loss did not improve from 0.01445
Epoch 140/10000
13/13 - 6s - loss: 8.6498e-04 - val_loss: 0.0157

Epoch 00140: val_loss did not improve from 0.01445
Epoch 141/10000
13/13 - 6s - loss: 8.4907e-04 - val_loss: 0.0155

Epoch 00141: val_loss did not improve from 0.01445
Epoch 142/10000
13/13 - 6s - loss: 8.4993e-04 - val_loss: 0.0154

Epoch 00142: val_loss did not improve from 0.01445
Epoch 143/10000
13/13 - 6s - loss: 8.4941e-04 - val_loss: 0.0153

Epoch 00143: val_loss did not improve from 0.01445
Epoch 144/10000
13/13 - 6s - loss: 8.4746e-04 - val_loss: 0.0151

Epoch 00144: val_loss did not improve from 0.01445
Epoch 145/10000
13/13 - 6s - loss: 8.3898e-04 - val_loss: 0.0148

Epoch 00145: val_loss did not improve from 0.01445
Epoch 146/10000
13/13 - 6s - loss: 8.3598e-04 - val_loss: 0.0154

Epoch 00146: val_loss did not improve from 0.01445
Epoch 147/10000
13/13 - 6s - loss: 8.3630e-04 - val_loss: 0.0151

Epoch 00147: val_loss did not improve from 0.01445
Epoch 148/10000
13/13 - 6s - loss: 8.4415e-04 - val_loss: 0.0154

Epoch 00148: val_loss did not improve from 0.01445
Epoch 149/10000
13/13 - 6s - loss: 8.3758e-04 - val_loss: 0.0153

Epoch 00149: val_loss did not improve from 0.01445
Epoch 150/10000
13/13 - 6s - loss: 8.3083e-04 - val_loss: 0.0149

Epoch 00150: val_loss did not improve from 0.01445
Epoch 151/10000
13/13 - 6s - loss: 8.3424e-04 - val_loss: 0.0161

Epoch 00151: val_loss did not improve from 0.01445
Epoch 152/10000
13/13 - 6s - loss: 8.2574e-04 - val_loss: 0.0159

Epoch 00152: val_loss did not improve from 0.01445
Epoch 153/10000
13/13 - 6s - loss: 8.1738e-04 - val_loss: 0.0149

Epoch 00153: val_loss did not improve from 0.01445
Epoch 154/10000
13/13 - 6s - loss: 8.1187e-04 - val_loss: 0.0158

Epoch 00154: val_loss did not improve from 0.01445
Epoch 155/10000
13/13 - 6s - loss: 8.1111e-04 - val_loss: 0.0158

Epoch 00155: val_loss did not improve from 0.01445
Epoch 156/10000
13/13 - 6s - loss: 8.1051e-04 - val_loss: 0.0158

Epoch 00156: val_loss did not improve from 0.01445
Epoch 157/10000
13/13 - 6s - loss: 8.0624e-04 - val_loss: 0.0155

Epoch 00157: val_loss did not improve from 0.01445
Epoch 158/10000
13/13 - 6s - loss: 8.0369e-04 - val_loss: 0.0155

Epoch 00158: val_loss did not improve from 0.01445
Epoch 159/10000
13/13 - 6s - loss: 8.0960e-04 - val_loss: 0.0157

Epoch 00159: val_loss did not improve from 0.01445
Epoch 160/10000
13/13 - 6s - loss: 8.5022e-04 - val_loss: 0.0152

Epoch 00160: val_loss did not improve from 0.01445
Epoch 161/10000
13/13 - 6s - loss: 8.2285e-04 - val_loss: 0.0155

Epoch 00161: val_loss did not improve from 0.01445
Epoch 162/10000
13/13 - 6s - loss: 8.0114e-04 - val_loss: 0.0157

Epoch 00162: val_loss did not improve from 0.01445
Epoch 163/10000
13/13 - 6s - loss: 7.9440e-04 - val_loss: 0.0159

Epoch 00163: val_loss did not improve from 0.01445
Epoch 164/10000
13/13 - 6s - loss: 7.9229e-04 - val_loss: 0.0161

Epoch 00164: val_loss did not improve from 0.01445
Epoch 165/10000
13/13 - 6s - loss: 7.9775e-04 - val_loss: 0.0152

Epoch 00165: val_loss did not improve from 0.01445
Epoch 166/10000
13/13 - 6s - loss: 7.9408e-04 - val_loss: 0.0158

Epoch 00166: val_loss did not improve from 0.01445
Epoch 167/10000
13/13 - 6s - loss: 7.8614e-04 - val_loss: 0.0156

Epoch 00167: val_loss did not improve from 0.01445
Epoch 168/10000
13/13 - 6s - loss: 7.8403e-04 - val_loss: 0.0155

Epoch 00168: val_loss did not improve from 0.01445
Epoch 169/10000
13/13 - 6s - loss: 7.8347e-04 - val_loss: 0.0157

Epoch 00169: val_loss did not improve from 0.01445
Epoch 170/10000
13/13 - 6s - loss: 7.8254e-04 - val_loss: 0.0150

Epoch 00170: val_loss did not improve from 0.01445
Epoch 171/10000
13/13 - 6s - loss: 7.9211e-04 - val_loss: 0.0158

Epoch 00171: val_loss did not improve from 0.01445
Epoch 172/10000
13/13 - 6s - loss: 7.7656e-04 - val_loss: 0.0160

Epoch 00172: val_loss did not improve from 0.01445
Epoch 173/10000
13/13 - 6s - loss: 7.7708e-04 - val_loss: 0.0154

Epoch 00173: val_loss did not improve from 0.01445
Epoch 174/10000
13/13 - 6s - loss: 7.7531e-04 - val_loss: 0.0151

Epoch 00174: val_loss did not improve from 0.01445
Epoch 175/10000
13/13 - 6s - loss: 7.7730e-04 - val_loss: 0.0156

Epoch 00175: val_loss did not improve from 0.01445
Epoch 176/10000
13/13 - 6s - loss: 7.7276e-04 - val_loss: 0.0151

Epoch 00176: val_loss did not improve from 0.01445
Epoch 177/10000
13/13 - 6s - loss: 7.7217e-04 - val_loss: 0.0152

Epoch 00177: val_loss did not improve from 0.01445
Epoch 178/10000
13/13 - 6s - loss: 7.6699e-04 - val_loss: 0.0154

Epoch 00178: val_loss did not improve from 0.01445
Epoch 179/10000
13/13 - 6s - loss: 7.6597e-04 - val_loss: 0.0157

Epoch 00179: val_loss did not improve from 0.01445
Epoch 180/10000
13/13 - 6s - loss: 7.7201e-04 - val_loss: 0.0156

Epoch 00180: val_loss did not improve from 0.01445
Epoch 181/10000
13/13 - 6s - loss: 7.7105e-04 - val_loss: 0.0159

Epoch 00181: val_loss did not improve from 0.01445
Epoch 182/10000
13/13 - 6s - loss: 7.6138e-04 - val_loss: 0.0152

Epoch 00182: val_loss did not improve from 0.01445
Epoch 183/10000
13/13 - 6s - loss: 7.6732e-04 - val_loss: 0.0163

Epoch 00183: val_loss did not improve from 0.01445
Epoch 184/10000
13/13 - 6s - loss: 7.7074e-04 - val_loss: 0.0155

Epoch 00184: val_loss did not improve from 0.01445
Epoch 185/10000
13/13 - 6s - loss: 7.6761e-04 - val_loss: 0.0162

Epoch 00185: val_loss did not improve from 0.01445
Epoch 186/10000
13/13 - 6s - loss: 7.5884e-04 - val_loss: 0.0158

Epoch 00186: val_loss did not improve from 0.01445
Epoch 187/10000
13/13 - 6s - loss: 7.5823e-04 - val_loss: 0.0159

Epoch 00187: val_loss did not improve from 0.01445
Epoch 00187: early stopping
Model: "model_2"
_________________________________________________________________
Layer (type)                 Output Shape              Param #   
=================================================================
input_4 (InputLayer)         [(None, 7, 7, 6, 1)]      0         
_________________________________________________________________
zero_padding3d_1 (ZeroPaddin (None, 8, 8, 8, 1)        0         
_________________________________________________________________
conv3d_6 (Conv3D)            (None, 8, 8, 8, 8)        224       
_________________________________________________________________
max_pooling3d_2 (MaxPooling3 (None, 4, 4, 4, 8)        0         
_________________________________________________________________
conv3d_7 (Conv3D)            (None, 4, 4, 4, 4)        868       
_________________________________________________________________
max_pooling3d_3 (MaxPooling3 (None, 2, 2, 2, 4)        0         
_________________________________________________________________
conv3d_8 (Conv3D)            (None, 2, 2, 2, 4)        436       
=================================================================
Total params: 1,528
Trainable params: 1,528
Non-trainable params: 0
_________________________________________________________________
Performance on train dataset (mean error): 0.0013744313037022948
Model: "model_3"
_________________________________________________________________
Layer (type)                 Output Shape              Param #   
=================================================================
input_4 (InputLayer)         [(None, 7, 7, 6, 1)]      0         
_________________________________________________________________
zero_padding3d_1 (ZeroPaddin (None, 8, 8, 8, 1)        0         
_________________________________________________________________
conv3d_6 (Conv3D)            (None, 8, 8, 8, 8)        224       
_________________________________________________________________
max_pooling3d_2 (MaxPooling3 (None, 4, 4, 4, 8)        0         
_________________________________________________________________
conv3d_7 (Conv3D)            (None, 4, 4, 4, 4)        868       
_________________________________________________________________
max_pooling3d_3 (MaxPooling3 (None, 2, 2, 2, 4)        0         
_________________________________________________________________
conv3d_8 (Conv3D)            (None, 2, 2, 2, 4)        436       
=================================================================
Total params: 1,528
Trainable params: 1,528
Non-trainable params: 0
_________________________________________________________________
Performance on test dataset (mean error): 0.06769116967916489
