[ 13.14519438  30.04553007  46.53366244  63.02179482  79.5099272
  95.99805957 112.48619195 128.97432432 145.4624567  161.95058908
 178.43872145 194.92685383 211.41498621 227.90311858 244.39125096
 260.87938334 277.36751571 293.85564809 310.34378047 326.83191284
 343.32004522 359.80817759 376.29630997 392.78444235 409.27257472
 425.7607071 ]
Before undersampling: [(0, 375), (1, 834), (2, 3661), (3, 4955), (4, 3156), (5, 2425), (6, 2195), (7, 1862), (8, 1648), (9, 1497), (10, 1418), (11, 1313), (12, 1182), (13, 1082), (14, 902), (15, 843), (16, 708), (17, 675), (18, 486), (19, 429), (20, 347), (21, 282), (22, 251), (23, 195), (24, 209)]
After undersampling: [(0, 151), (1, 463), (2, 2451), (3, 3238), (4, 2353), (5, 1687), (6, 1583), (7, 1374), (8, 1209), (9, 1029), (10, 1032), (11, 931), (12, 839), (13, 750), (14, 631), (15, 582), (16, 484), (17, 477), (18, 337), (19, 310), (20, 217), (21, 177), (22, 172), (23, 195), (24, 167)]
            label  HH_0_0_x  HV_0_0_x  IA_0_0_x       FYI      DFYI       MYI     rms_0     thk_1     rms_1     thk_2     rms_2     thk_3     rms_3  ...    3         4    5         6         7         8         9        10   11        12   13        14        15                                                CNN
0       26.343891  0.129412  0.043137  0.116805  0.995277  0.001395  0.003328  4.283411  1.076946  4.250292  1.053705  4.260735  1.092221  4.217714  ...  0.0  1.081110  0.0  0.615017  0.690427  0.811320  0.215019  0.999015  0.0  0.793575  0.0  0.725644  0.610050  [[[[0.1764705882352941], [0.1167671428007238],...
1       25.121198  0.121569  0.074510  0.150416  0.459552  0.105872  0.434576  4.905298  1.280073  4.885018  1.213287  4.873958  1.241845  4.880463  ...  0.0  0.716333  0.0  0.424477  0.365133  0.577178  0.389077  0.499268  0.0  0.579164  0.0  0.507912  0.394418  [[[[0.5568627450980392], [0.1504481596105239],...
2       21.349077  0.219608  0.050980  0.096570  0.180013  0.775309  0.044678  4.918424  1.236005  4.929675  1.178902  4.921399  1.206036  4.923068  ...  0.0  1.067228  0.0  0.662801  0.619003  0.874814  0.332973  0.974513  0.0  0.781794  0.0  0.761258  0.549313  [[[[0.2274509803921568], [0.0965296651802811],...
3       27.147303  0.211765  0.090196  0.150427  0.716158  0.068668  0.215174  4.850675  1.273609  4.821092  1.242142  4.818366  1.247508  4.753560  ...  0.0  0.685531  0.0  0.423319  0.320537  0.560372  0.401992  0.469555  0.0  0.563550  0.0  0.504173  0.364208  [[[[0.5568627450980392], [0.1504588706820618],...
4       26.546052  0.152941  0.066667  0.116640  0.980370  0.008739  0.010891  4.293495  1.091964  4.287599  1.074878  4.260117  1.100223  4.255220  ...  0.0  1.077467  0.0  0.620866  0.676591  0.824165  0.227535  1.001745  0.0  0.787316  0.0  0.729038  0.595012  [[[[0.2039215686274509], [0.1166017794141582],...
...           ...       ...       ...       ...       ...       ...       ...       ...       ...       ...       ...       ...       ...       ...  ...  ...       ...  ...       ...       ...       ...       ...       ...  ...       ...  ...       ...       ...                                                ...
22834  417.027580  0.505882  0.090196  0.152162  0.185910  0.031902  0.782188  4.486675  1.202497  4.531466  1.252972  4.593008  1.239219  4.510143  ...  0.0  0.839703  0.0  0.468273  0.499118  0.650608  0.278814  0.681403  0.0  0.621146  0.0  0.548368  0.455899  [[[[0.4196078431372549], [0.15219440834195], [...
22835  417.866263  0.392157  0.125490  0.152184  0.189279  0.051355  0.759366  4.590506  1.242536  4.658542  1.255140  4.682031  1.275536  4.639037  ...  0.0  0.753041  0.0  0.432618  0.424933  0.606180  0.279904  0.615722  0.0  0.551801  0.0  0.504145  0.391604  [[[[0.3490196078431372], [0.1522158155254289],...
22836  421.196328  0.631373  0.466667  0.154089  0.004261  0.000064  0.995674  1.187829  0.197352  0.941815  0.203265  0.245285  0.157730  0.213412  ...  0.0  0.644292  0.0  0.466233  0.184014  0.544459  0.317551  0.496343  0.0  0.488684  0.0  0.521621  0.200857  [[[[0.596078431372549], [0.1541208603802849], ...
22837  416.289186  0.517647  0.160784  0.153404  0.011037  0.000341  0.988622  1.187829  0.197352  0.941815  0.203265  0.245285  0.157730  0.213412  ...  0.0  0.792541  0.0  0.518223  0.461039  0.679398  0.335284  0.699151  0.0  0.512142  0.0  0.532694  0.315921  [[[[0.4078431372549019], [0.1534358903473499],...
22838  423.194662  0.341176  0.274510  0.153307  0.003870  0.000024  0.996105  1.187829  0.197352  0.941815  0.203265  0.245285  0.157730  0.213412  ...  0.0  0.712026  0.0  0.452670  0.356484  0.560431  0.500874  0.445316  0.0  0.508642  0.0  0.462847  0.257479  [[[[0.5686274509803921], [0.1533395804610907],...

[22839 rows x 128 columns]
Size of dataset: (22839, 127)
*************************** Fold #: 1 ***************************
Model: "model"
__________________________________________________________________________________________________
 Layer (type)                   Output Shape         Param #     Connected to                     
==================================================================================================
 conv (InputLayer)              [(None, 7, 7, 3, 1)  0           []                               
                                ]                                                                 
                                                                                                  
 zero_padding3d (ZeroPadding3D)  (None, 8, 8, 4, 1)  0           ['conv[0][0]']                   
                                                                                                  
 conv3d (Conv3D)                (None, 8, 8, 4, 8)   224         ['zero_padding3d[0][0]']         
                                                                                                  
 max_pooling3d (MaxPooling3D)   (None, 4, 4, 2, 8)   0           ['conv3d[0][0]']                 
                                                                                                  
 conv3d_1 (Conv3D)              (None, 4, 4, 2, 4)   868         ['max_pooling3d[0][0]']          
                                                                                                  
 max_pooling3d_1 (MaxPooling3D)  (None, 2, 2, 1, 4)  0           ['conv3d_1[0][0]']               
                                                                                                  
 cat (InputLayer)               [(None, 126)]        0           []                               
                                                                                                  
 flatten (Flatten)              (None, 16)           0           ['max_pooling3d_1[0][0]']        
                                                                                                  
 concatenate (Concatenate)      (None, 142)          0           ['cat[0][0]',                    
                                                                  'flatten[0][0]']                
                                                                                                  
 dense (Dense)                  (None, 200)          28600       ['concatenate[0][0]']            
                                                                                                  
 dense_1 (Dense)                (None, 200)          40200       ['dense[0][0]']                  
                                                                                                  
 dense_2 (Dense)                (None, 200)          40200       ['dense_1[0][0]']                
                                                                                                  
 dense_3 (Dense)                (None, 200)          40200       ['dense_2[0][0]']                
                                                                                                  
 dense_4 (Dense)                (None, 200)          40200       ['dense_3[0][0]']                
                                                                                                  
 dense_5 (Dense)                (None, 1)            201         ['dense_4[0][0]']                
                                                                                                  
==================================================================================================
Total params: 190,693
Trainable params: 190,693
Non-trainable params: 0
__________________________________________________________________________________________________
Epoch 1/10000

Epoch 1: val_loss improved from inf to 1.79622, saving model to ./results/NN_rms_regr/ResNet/recursion_25/ckpt_1
12/12 - 3s - loss: 9.9430 - mse: 9.9430 - mae: 2.7196 - val_loss: 1.7962 - val_mse: 1.7962 - val_mae: 1.0897 - 3s/epoch - 279ms/step
Epoch 2/10000

Epoch 2: val_loss improved from 1.79622 to 0.81033, saving model to ./results/NN_rms_regr/ResNet/recursion_25/ckpt_1
12/12 - 3s - loss: 1.6704 - mse: 1.6704 - mae: 1.0285 - val_loss: 0.8103 - val_mse: 0.8103 - val_mae: 0.5559 - 3s/epoch - 233ms/step
Epoch 3/10000

Epoch 3: val_loss improved from 0.81033 to 0.70784, saving model to ./results/NN_rms_regr/ResNet/recursion_25/ckpt_1
12/12 - 3s - loss: 0.8057 - mse: 0.8057 - mae: 0.5986 - val_loss: 0.7078 - val_mse: 0.7078 - val_mae: 0.5512 - 3s/epoch - 231ms/step
Epoch 4/10000

Epoch 4: val_loss improved from 0.70784 to 0.39347, saving model to ./results/NN_rms_regr/ResNet/recursion_25/ckpt_1
12/12 - 3s - loss: 0.5434 - mse: 0.5434 - mae: 0.5113 - val_loss: 0.3935 - val_mse: 0.3935 - val_mae: 0.4760 - 3s/epoch - 231ms/step
Epoch 5/10000

Epoch 5: val_loss improved from 0.39347 to 0.30640, saving model to ./results/NN_rms_regr/ResNet/recursion_25/ckpt_1
12/12 - 3s - loss: 0.3151 - mse: 0.3151 - mae: 0.4481 - val_loss: 0.3064 - val_mse: 0.3064 - val_mae: 0.4467 - 3s/epoch - 231ms/step
Epoch 6/10000

Epoch 6: val_loss improved from 0.30640 to 0.28581, saving model to ./results/NN_rms_regr/ResNet/recursion_25/ckpt_1
12/12 - 3s - loss: 0.2910 - mse: 0.2910 - mae: 0.4362 - val_loss: 0.2858 - val_mse: 0.2858 - val_mae: 0.4328 - 3s/epoch - 231ms/step
Epoch 7/10000

Epoch 7: val_loss improved from 0.28581 to 0.28576, saving model to ./results/NN_rms_regr/ResNet/recursion_25/ckpt_1
12/12 - 3s - loss: 0.2826 - mse: 0.2826 - mae: 0.4295 - val_loss: 0.2858 - val_mse: 0.2858 - val_mae: 0.4313 - 3s/epoch - 245ms/step
Epoch 8/10000

Epoch 8: val_loss did not improve from 0.28576
12/12 - 2s - loss: 0.2848 - mse: 0.2848 - mae: 0.4324 - val_loss: 0.2973 - val_mse: 0.2973 - val_mae: 0.4385 - 2s/epoch - 171ms/step
Epoch 9/10000

Epoch 9: val_loss improved from 0.28576 to 0.27855, saving model to ./results/NN_rms_regr/ResNet/recursion_25/ckpt_1
12/12 - 3s - loss: 0.2896 - mse: 0.2896 - mae: 0.4352 - val_loss: 0.2786 - val_mse: 0.2786 - val_mae: 0.4263 - 3s/epoch - 245ms/step
Epoch 10/10000

Epoch 10: val_loss improved from 0.27855 to 0.27588, saving model to ./results/NN_rms_regr/ResNet/recursion_25/ckpt_1
12/12 - 3s - loss: 0.2790 - mse: 0.2790 - mae: 0.4272 - val_loss: 0.2759 - val_mse: 0.2759 - val_mae: 0.4252 - 3s/epoch - 239ms/step
Epoch 11/10000

Epoch 11: val_loss did not improve from 0.27588
12/12 - 2s - loss: 0.2771 - mse: 0.2771 - mae: 0.4263 - val_loss: 0.2784 - val_mse: 0.2784 - val_mae: 0.4260 - 2s/epoch - 170ms/step
Epoch 12/10000

Epoch 12: val_loss did not improve from 0.27588
12/12 - 2s - loss: 0.2802 - mse: 0.2802 - mae: 0.4277 - val_loss: 0.2762 - val_mse: 0.2762 - val_mae: 0.4247 - 2s/epoch - 169ms/step
Epoch 13/10000

Epoch 13: val_loss did not improve from 0.27588
12/12 - 2s - loss: 0.2776 - mse: 0.2776 - mae: 0.4260 - val_loss: 0.2763 - val_mse: 0.2763 - val_mae: 0.4246 - 2s/epoch - 170ms/step
Epoch 14/10000

Epoch 14: val_loss improved from 0.27588 to 0.27559, saving model to ./results/NN_rms_regr/ResNet/recursion_25/ckpt_1
12/12 - 3s - loss: 0.2775 - mse: 0.2775 - mae: 0.4260 - val_loss: 0.2756 - val_mse: 0.2756 - val_mae: 0.4250 - 3s/epoch - 244ms/step
Epoch 15/10000

Epoch 15: val_loss did not improve from 0.27559
12/12 - 2s - loss: 0.2768 - mse: 0.2768 - mae: 0.4254 - val_loss: 0.2825 - val_mse: 0.2825 - val_mae: 0.4307 - 2s/epoch - 171ms/step
Epoch 16/10000

Epoch 16: val_loss improved from 0.27559 to 0.27460, saving model to ./results/NN_rms_regr/ResNet/recursion_25/ckpt_1
12/12 - 3s - loss: 0.2772 - mse: 0.2772 - mae: 0.4252 - val_loss: 0.2746 - val_mse: 0.2746 - val_mae: 0.4232 - 3s/epoch - 245ms/step
Epoch 17/10000

Epoch 17: val_loss did not improve from 0.27460
12/12 - 2s - loss: 0.2758 - mse: 0.2758 - mae: 0.4245 - val_loss: 0.2750 - val_mse: 0.2750 - val_mae: 0.4231 - 2s/epoch - 170ms/step
Epoch 18/10000

Epoch 18: val_loss improved from 0.27460 to 0.27398, saving model to ./results/NN_rms_regr/ResNet/recursion_25/ckpt_1
12/12 - 3s - loss: 0.2756 - mse: 0.2756 - mae: 0.4241 - val_loss: 0.2740 - val_mse: 0.2740 - val_mae: 0.4228 - 3s/epoch - 246ms/step
Epoch 19/10000

Epoch 19: val_loss did not improve from 0.27398
12/12 - 2s - loss: 0.2758 - mse: 0.2758 - mae: 0.4244 - val_loss: 0.2819 - val_mse: 0.2819 - val_mae: 0.4297 - 2s/epoch - 172ms/step
Epoch 20/10000

Epoch 20: val_loss did not improve from 0.27398
12/12 - 2s - loss: 0.2790 - mse: 0.2790 - mae: 0.4260 - val_loss: 0.2794 - val_mse: 0.2794 - val_mae: 0.4278 - 2s/epoch - 172ms/step
Epoch 21/10000

Epoch 21: val_loss did not improve from 0.27398
12/12 - 2s - loss: 0.2775 - mse: 0.2775 - mae: 0.4254 - val_loss: 0.2772 - val_mse: 0.2772 - val_mae: 0.4259 - 2s/epoch - 169ms/step
Epoch 22/10000

Epoch 22: val_loss did not improve from 0.27398
12/12 - 2s - loss: 0.2785 - mse: 0.2785 - mae: 0.4262 - val_loss: 0.2786 - val_mse: 0.2786 - val_mae: 0.4271 - 2s/epoch - 170ms/step
Epoch 23/10000

Epoch 23: val_loss did not improve from 0.27398
12/12 - 2s - loss: 0.2763 - mse: 0.2763 - mae: 0.4242 - val_loss: 0.2749 - val_mse: 0.2749 - val_mae: 0.4227 - 2s/epoch - 171ms/step
Epoch 24/10000

Epoch 24: val_loss improved from 0.27398 to 0.27365, saving model to ./results/NN_rms_regr/ResNet/recursion_25/ckpt_1
12/12 - 3s - loss: 0.2778 - mse: 0.2778 - mae: 0.4254 - val_loss: 0.2737 - val_mse: 0.2737 - val_mae: 0.4220 - 3s/epoch - 245ms/step
Epoch 25/10000

Epoch 25: val_loss improved from 0.27365 to 0.27337, saving model to ./results/NN_rms_regr/ResNet/recursion_25/ckpt_1
12/12 - 3s - loss: 0.2772 - mse: 0.2772 - mae: 0.4247 - val_loss: 0.2734 - val_mse: 0.2734 - val_mae: 0.4220 - 3s/epoch - 246ms/step
Epoch 26/10000

Epoch 26: val_loss did not improve from 0.27337
12/12 - 2s - loss: 0.2758 - mse: 0.2758 - mae: 0.4242 - val_loss: 0.2807 - val_mse: 0.2807 - val_mae: 0.4284 - 2s/epoch - 170ms/step
Epoch 27/10000

Epoch 27: val_loss improved from 0.27337 to 0.27311, saving model to ./results/NN_rms_regr/ResNet/recursion_25/ckpt_1
12/12 - 3s - loss: 0.2755 - mse: 0.2755 - mae: 0.4236 - val_loss: 0.2731 - val_mse: 0.2731 - val_mae: 0.4218 - 3s/epoch - 245ms/step
Epoch 28/10000

Epoch 28: val_loss did not improve from 0.27311
12/12 - 2s - loss: 0.2745 - mse: 0.2745 - mae: 0.4231 - val_loss: 0.2735 - val_mse: 0.2735 - val_mae: 0.4221 - 2s/epoch - 171ms/step
Epoch 29/10000

Epoch 29: val_loss did not improve from 0.27311
12/12 - 2s - loss: 0.2760 - mse: 0.2760 - mae: 0.4239 - val_loss: 0.2733 - val_mse: 0.2733 - val_mae: 0.4221 - 2s/epoch - 170ms/step
Epoch 30/10000

Epoch 30: val_loss did not improve from 0.27311
12/12 - 2s - loss: 0.2750 - mse: 0.2750 - mae: 0.4229 - val_loss: 0.2735 - val_mse: 0.2735 - val_mae: 0.4216 - 2s/epoch - 171ms/step
Epoch 31/10000

Epoch 31: val_loss did not improve from 0.27311
12/12 - 2s - loss: 0.2753 - mse: 0.2753 - mae: 0.4238 - val_loss: 0.2751 - val_mse: 0.2751 - val_mae: 0.4235 - 2s/epoch - 172ms/step
Epoch 32/10000

Epoch 32: val_loss did not improve from 0.27311
12/12 - 2s - loss: 0.2744 - mse: 0.2744 - mae: 0.4229 - val_loss: 0.2750 - val_mse: 0.2750 - val_mae: 0.4237 - 2s/epoch - 171ms/step
Epoch 33/10000

Epoch 33: val_loss did not improve from 0.27311
12/12 - 2s - loss: 0.2742 - mse: 0.2742 - mae: 0.4228 - val_loss: 0.2733 - val_mse: 0.2733 - val_mae: 0.4219 - 2s/epoch - 171ms/step
Epoch 34/10000

Epoch 34: val_loss improved from 0.27311 to 0.27308, saving model to ./results/NN_rms_regr/ResNet/recursion_25/ckpt_1
12/12 - 3s - loss: 0.2741 - mse: 0.2741 - mae: 0.4226 - val_loss: 0.2731 - val_mse: 0.2731 - val_mae: 0.4215 - 3s/epoch - 240ms/step
Epoch 35/10000

Epoch 35: val_loss did not improve from 0.27308
12/12 - 2s - loss: 0.2745 - mse: 0.2745 - mae: 0.4227 - val_loss: 0.2732 - val_mse: 0.2732 - val_mae: 0.4218 - 2s/epoch - 172ms/step
Epoch 36/10000

Epoch 36: val_loss did not improve from 0.27308
12/12 - 2s - loss: 0.2743 - mse: 0.2743 - mae: 0.4225 - val_loss: 0.2781 - val_mse: 0.2781 - val_mae: 0.4237 - 2s/epoch - 171ms/step
Epoch 37/10000

Epoch 37: val_loss did not improve from 0.27308
12/12 - 2s - loss: 0.2784 - mse: 0.2784 - mae: 0.4261 - val_loss: 0.2766 - val_mse: 0.2766 - val_mae: 0.4230 - 2s/epoch - 170ms/step
Epoch 38/10000

Epoch 38: val_loss did not improve from 0.27308
12/12 - 2s - loss: 0.2782 - mse: 0.2782 - mae: 0.4256 - val_loss: 0.2870 - val_mse: 0.2870 - val_mae: 0.4330 - 2s/epoch - 171ms/step
Epoch 39/10000

Epoch 39: val_loss improved from 0.27308 to 0.27252, saving model to ./results/NN_rms_regr/ResNet/recursion_25/ckpt_1
12/12 - 3s - loss: 0.2824 - mse: 0.2824 - mae: 0.4288 - val_loss: 0.2725 - val_mse: 0.2725 - val_mae: 0.4211 - 3s/epoch - 245ms/step
Epoch 40/10000

Epoch 40: val_loss did not improve from 0.27252
12/12 - 2s - loss: 0.2763 - mse: 0.2763 - mae: 0.4240 - val_loss: 0.2743 - val_mse: 0.2743 - val_mae: 0.4228 - 2s/epoch - 171ms/step
Epoch 41/10000

Epoch 41: val_loss did not improve from 0.27252
12/12 - 2s - loss: 0.2767 - mse: 0.2767 - mae: 0.4236 - val_loss: 0.2729 - val_mse: 0.2729 - val_mae: 0.4216 - 2s/epoch - 171ms/step
Epoch 42/10000

Epoch 42: val_loss did not improve from 0.27252
12/12 - 2s - loss: 0.2743 - mse: 0.2743 - mae: 0.4224 - val_loss: 0.2740 - val_mse: 0.2740 - val_mae: 0.4224 - 2s/epoch - 171ms/step
Epoch 43/10000

Epoch 43: val_loss did not improve from 0.27252
12/12 - 2s - loss: 0.2758 - mse: 0.2758 - mae: 0.4239 - val_loss: 0.2728 - val_mse: 0.2728 - val_mae: 0.4219 - 2s/epoch - 171ms/step
Epoch 44/10000

Epoch 44: val_loss did not improve from 0.27252
12/12 - 2s - loss: 0.2768 - mse: 0.2768 - mae: 0.4244 - val_loss: 0.2745 - val_mse: 0.2745 - val_mae: 0.4228 - 2s/epoch - 171ms/step
Epoch 45/10000

Epoch 45: val_loss did not improve from 0.27252
12/12 - 2s - loss: 0.2757 - mse: 0.2757 - mae: 0.4235 - val_loss: 0.2742 - val_mse: 0.2742 - val_mae: 0.4233 - 2s/epoch - 170ms/step
Epoch 46/10000

Epoch 46: val_loss did not improve from 0.27252
12/12 - 2s - loss: 0.2755 - mse: 0.2755 - mae: 0.4235 - val_loss: 0.2771 - val_mse: 0.2771 - val_mae: 0.4230 - 2s/epoch - 172ms/step
Epoch 47/10000

Epoch 47: val_loss improved from 0.27252 to 0.27239, saving model to ./results/NN_rms_regr/ResNet/recursion_25/ckpt_1
12/12 - 3s - loss: 0.2794 - mse: 0.2794 - mae: 0.4255 - val_loss: 0.2724 - val_mse: 0.2724 - val_mae: 0.4206 - 3s/epoch - 245ms/step
Epoch 48/10000

Epoch 48: val_loss did not improve from 0.27239
12/12 - 2s - loss: 0.2740 - mse: 0.2740 - mae: 0.4224 - val_loss: 0.2733 - val_mse: 0.2733 - val_mae: 0.4218 - 2s/epoch - 170ms/step
Epoch 49/10000

Epoch 49: val_loss did not improve from 0.27239
12/12 - 2s - loss: 0.2738 - mse: 0.2738 - mae: 0.4224 - val_loss: 0.2725 - val_mse: 0.2725 - val_mae: 0.4211 - 2s/epoch - 170ms/step
Epoch 50/10000

Epoch 50: val_loss did not improve from 0.27239
12/12 - 2s - loss: 0.2755 - mse: 0.2755 - mae: 0.4233 - val_loss: 0.2800 - val_mse: 0.2800 - val_mae: 0.4277 - 2s/epoch - 172ms/step
Epoch 51/10000

Epoch 51: val_loss did not improve from 0.27239
12/12 - 2s - loss: 0.2772 - mse: 0.2772 - mae: 0.4243 - val_loss: 0.2733 - val_mse: 0.2733 - val_mae: 0.4209 - 2s/epoch - 171ms/step
Epoch 52/10000

Epoch 52: val_loss improved from 0.27239 to 0.27200, saving model to ./results/NN_rms_regr/ResNet/recursion_25/ckpt_1
12/12 - 3s - loss: 0.2761 - mse: 0.2761 - mae: 0.4236 - val_loss: 0.2720 - val_mse: 0.2720 - val_mae: 0.4207 - 3s/epoch - 240ms/step
Epoch 53/10000

Epoch 53: val_loss did not improve from 0.27200
12/12 - 2s - loss: 0.2767 - mse: 0.2767 - mae: 0.4243 - val_loss: 0.2778 - val_mse: 0.2778 - val_mae: 0.4258 - 2s/epoch - 171ms/step
Epoch 54/10000

Epoch 54: val_loss did not improve from 0.27200
12/12 - 2s - loss: 0.2854 - mse: 0.2854 - mae: 0.4304 - val_loss: 0.2767 - val_mse: 0.2767 - val_mae: 0.4227 - 2s/epoch - 171ms/step
Epoch 55/10000

Epoch 55: val_loss did not improve from 0.27200
12/12 - 2s - loss: 0.2821 - mse: 0.2821 - mae: 0.4284 - val_loss: 0.2737 - val_mse: 0.2737 - val_mae: 0.4217 - 2s/epoch - 171ms/step
Epoch 56/10000

Epoch 56: val_loss did not improve from 0.27200
12/12 - 2s - loss: 0.2762 - mse: 0.2762 - mae: 0.4240 - val_loss: 0.2737 - val_mse: 0.2737 - val_mae: 0.4230 - 2s/epoch - 171ms/step
Epoch 57/10000

Epoch 57: val_loss did not improve from 0.27200
12/12 - 2s - loss: 0.2758 - mse: 0.2758 - mae: 0.4232 - val_loss: 0.2751 - val_mse: 0.2751 - val_mae: 0.4233 - 2s/epoch - 170ms/step
Epoch 58/10000

Epoch 58: val_loss did not improve from 0.27200
12/12 - 2s - loss: 0.2777 - mse: 0.2777 - mae: 0.4250 - val_loss: 0.2779 - val_mse: 0.2779 - val_mae: 0.4260 - 2s/epoch - 171ms/step
Epoch 59/10000

Epoch 59: val_loss did not improve from 0.27200
12/12 - 2s - loss: 0.2754 - mse: 0.2754 - mae: 0.4232 - val_loss: 0.2728 - val_mse: 0.2728 - val_mae: 0.4206 - 2s/epoch - 172ms/step
Epoch 60/10000

Epoch 60: val_loss did not improve from 0.27200
12/12 - 2s - loss: 0.2745 - mse: 0.2745 - mae: 0.4225 - val_loss: 0.2738 - val_mse: 0.2738 - val_mae: 0.4225 - 2s/epoch - 171ms/step
Epoch 61/10000

Epoch 61: val_loss did not improve from 0.27200
12/12 - 2s - loss: 0.2744 - mse: 0.2744 - mae: 0.4225 - val_loss: 0.2722 - val_mse: 0.2722 - val_mae: 0.4203 - 2s/epoch - 170ms/step
Epoch 62/10000

Epoch 62: val_loss improved from 0.27200 to 0.27177, saving model to ./results/NN_rms_regr/ResNet/recursion_25/ckpt_1
12/12 - 3s - loss: 0.2747 - mse: 0.2747 - mae: 0.4228 - val_loss: 0.2718 - val_mse: 0.2718 - val_mae: 0.4203 - 3s/epoch - 246ms/step
Epoch 63/10000

Epoch 63: val_loss did not improve from 0.27177
12/12 - 2s - loss: 0.2750 - mse: 0.2750 - mae: 0.4234 - val_loss: 0.2729 - val_mse: 0.2729 - val_mae: 0.4205 - 2s/epoch - 177ms/step
Epoch 64/10000

Epoch 64: val_loss did not improve from 0.27177
12/12 - 2s - loss: 0.2753 - mse: 0.2753 - mae: 0.4232 - val_loss: 0.2779 - val_mse: 0.2779 - val_mae: 0.4266 - 2s/epoch - 177ms/step
Epoch 65/10000

Epoch 65: val_loss did not improve from 0.27177
12/12 - 2s - loss: 0.2767 - mse: 0.2767 - mae: 0.4241 - val_loss: 0.2719 - val_mse: 0.2719 - val_mae: 0.4202 - 2s/epoch - 177ms/step
Epoch 66/10000

Epoch 66: val_loss did not improve from 0.27177
12/12 - 2s - loss: 0.2741 - mse: 0.2741 - mae: 0.4227 - val_loss: 0.2866 - val_mse: 0.2866 - val_mae: 0.4329 - 2s/epoch - 176ms/step
Epoch 67/10000

Epoch 67: val_loss did not improve from 0.27177
12/12 - 2s - loss: 0.2774 - mse: 0.2774 - mae: 0.4247 - val_loss: 0.2835 - val_mse: 0.2835 - val_mae: 0.4268 - 2s/epoch - 177ms/step
Epoch 68/10000

Epoch 68: val_loss did not improve from 0.27177
12/12 - 2s - loss: 0.2766 - mse: 0.2766 - mae: 0.4242 - val_loss: 0.2729 - val_mse: 0.2729 - val_mae: 0.4204 - 2s/epoch - 178ms/step
Epoch 69/10000

Epoch 69: val_loss did not improve from 0.27177
12/12 - 2s - loss: 0.2747 - mse: 0.2747 - mae: 0.4226 - val_loss: 0.2721 - val_mse: 0.2721 - val_mae: 0.4206 - 2s/epoch - 169ms/step
Epoch 70/10000

Epoch 70: val_loss did not improve from 0.27177
12/12 - 2s - loss: 0.2740 - mse: 0.2740 - mae: 0.4220 - val_loss: 0.2724 - val_mse: 0.2724 - val_mae: 0.4207 - 2s/epoch - 170ms/step
Epoch 71/10000

Epoch 71: val_loss did not improve from 0.27177
12/12 - 2s - loss: 0.2736 - mse: 0.2736 - mae: 0.4219 - val_loss: 0.2885 - val_mse: 0.2885 - val_mae: 0.4342 - 2s/epoch - 171ms/step
Epoch 72/10000

Epoch 72: val_loss did not improve from 0.27177
12/12 - 2s - loss: 0.2839 - mse: 0.2839 - mae: 0.4290 - val_loss: 0.2763 - val_mse: 0.2763 - val_mae: 0.4224 - 2s/epoch - 171ms/step
Epoch 73/10000

Epoch 73: val_loss did not improve from 0.27177
12/12 - 2s - loss: 0.2755 - mse: 0.2755 - mae: 0.4231 - val_loss: 0.2724 - val_mse: 0.2724 - val_mae: 0.4202 - 2s/epoch - 170ms/step
Epoch 74/10000

Epoch 74: val_loss did not improve from 0.27177
12/12 - 2s - loss: 0.2733 - mse: 0.2733 - mae: 0.4213 - val_loss: 0.2737 - val_mse: 0.2737 - val_mae: 0.4226 - 2s/epoch - 169ms/step
Epoch 75/10000

Epoch 75: val_loss did not improve from 0.27177
12/12 - 2s - loss: 0.2744 - mse: 0.2744 - mae: 0.4223 - val_loss: 0.2822 - val_mse: 0.2822 - val_mae: 0.4291 - 2s/epoch - 168ms/step
Epoch 76/10000

Epoch 76: val_loss did not improve from 0.27177
12/12 - 2s - loss: 0.2780 - mse: 0.2780 - mae: 0.4251 - val_loss: 0.3080 - val_mse: 0.3080 - val_mae: 0.4492 - 2s/epoch - 171ms/step
Epoch 77/10000

Epoch 77: val_loss did not improve from 0.27177
12/12 - 2s - loss: 0.2848 - mse: 0.2848 - mae: 0.4302 - val_loss: 0.2734 - val_mse: 0.2734 - val_mae: 0.4206 - 2s/epoch - 170ms/step
Epoch 78/10000

Epoch 78: val_loss improved from 0.27177 to 0.27176, saving model to ./results/NN_rms_regr/ResNet/recursion_25/ckpt_1
12/12 - 3s - loss: 0.2805 - mse: 0.2805 - mae: 0.4259 - val_loss: 0.2718 - val_mse: 0.2718 - val_mae: 0.4199 - 3s/epoch - 245ms/step
Epoch 79/10000

Epoch 79: val_loss improved from 0.27176 to 0.27171, saving model to ./results/NN_rms_regr/ResNet/recursion_25/ckpt_1
12/12 - 3s - loss: 0.2752 - mse: 0.2752 - mae: 0.4231 - val_loss: 0.2717 - val_mse: 0.2717 - val_mae: 0.4199 - 3s/epoch - 251ms/step
Epoch 80/10000

Epoch 80: val_loss did not improve from 0.27171
12/12 - 2s - loss: 0.2749 - mse: 0.2749 - mae: 0.4229 - val_loss: 0.2738 - val_mse: 0.2738 - val_mae: 0.4219 - 2s/epoch - 171ms/step
Epoch 81/10000

Epoch 81: val_loss did not improve from 0.27171
12/12 - 2s - loss: 0.2770 - mse: 0.2770 - mae: 0.4241 - val_loss: 0.2728 - val_mse: 0.2728 - val_mae: 0.4220 - 2s/epoch - 172ms/step
Epoch 82/10000

Epoch 82: val_loss did not improve from 0.27171
12/12 - 2s - loss: 0.2750 - mse: 0.2750 - mae: 0.4226 - val_loss: 0.2967 - val_mse: 0.2967 - val_mae: 0.4353 - 2s/epoch - 169ms/step
Epoch 83/10000

Epoch 83: val_loss did not improve from 0.27171
12/12 - 2s - loss: 0.2832 - mse: 0.2832 - mae: 0.4284 - val_loss: 0.2832 - val_mse: 0.2832 - val_mae: 0.4303 - 2s/epoch - 169ms/step
Epoch 84/10000

Epoch 84: val_loss did not improve from 0.27171
12/12 - 2s - loss: 0.2777 - mse: 0.2777 - mae: 0.4245 - val_loss: 0.2888 - val_mse: 0.2888 - val_mae: 0.4300 - 2s/epoch - 169ms/step
Epoch 85/10000

Epoch 85: val_loss did not improve from 0.27171
12/12 - 2s - loss: 0.2798 - mse: 0.2798 - mae: 0.4262 - val_loss: 0.2828 - val_mse: 0.2828 - val_mae: 0.4300 - 2s/epoch - 171ms/step
Epoch 86/10000

Epoch 86: val_loss did not improve from 0.27171
12/12 - 2s - loss: 0.2784 - mse: 0.2784 - mae: 0.4252 - val_loss: 0.3053 - val_mse: 0.3053 - val_mae: 0.4410 - 2s/epoch - 171ms/step
Epoch 87/10000

Epoch 87: val_loss did not improve from 0.27171
12/12 - 2s - loss: 0.2865 - mse: 0.2865 - mae: 0.4312 - val_loss: 0.2875 - val_mse: 0.2875 - val_mae: 0.4331 - 2s/epoch - 169ms/step
Epoch 88/10000

Epoch 88: val_loss did not improve from 0.27171
12/12 - 2s - loss: 0.2790 - mse: 0.2790 - mae: 0.4260 - val_loss: 0.2829 - val_mse: 0.2829 - val_mae: 0.4264 - 2s/epoch - 172ms/step
Epoch 89/10000

Epoch 89: val_loss did not improve from 0.27171
12/12 - 2s - loss: 0.2787 - mse: 0.2787 - mae: 0.4249 - val_loss: 0.2718 - val_mse: 0.2718 - val_mae: 0.4201 - 2s/epoch - 169ms/step
Epoch 90/10000

Epoch 90: val_loss did not improve from 0.27171
12/12 - 2s - loss: 0.2736 - mse: 0.2736 - mae: 0.4215 - val_loss: 0.2810 - val_mse: 0.2810 - val_mae: 0.4285 - 2s/epoch - 169ms/step
Epoch 91/10000

Epoch 91: val_loss did not improve from 0.27171
12/12 - 2s - loss: 0.2759 - mse: 0.2759 - mae: 0.4235 - val_loss: 0.2730 - val_mse: 0.2730 - val_mae: 0.4215 - 2s/epoch - 170ms/step
Epoch 92/10000

Epoch 92: val_loss did not improve from 0.27171
12/12 - 2s - loss: 0.2784 - mse: 0.2784 - mae: 0.4251 - val_loss: 0.2908 - val_mse: 0.2908 - val_mae: 0.4312 - 2s/epoch - 176ms/step
Epoch 93/10000

Epoch 93: val_loss did not improve from 0.27171
12/12 - 2s - loss: 0.2824 - mse: 0.2824 - mae: 0.4267 - val_loss: 0.2880 - val_mse: 0.2880 - val_mae: 0.4339 - 2s/epoch - 171ms/step
Epoch 94/10000

Epoch 94: val_loss improved from 0.27171 to 0.27167, saving model to ./results/NN_rms_regr/ResNet/recursion_25/ckpt_1
12/12 - 3s - loss: 0.2834 - mse: 0.2834 - mae: 0.4291 - val_loss: 0.2717 - val_mse: 0.2717 - val_mae: 0.4201 - 3s/epoch - 241ms/step
Epoch 95/10000

Epoch 95: val_loss did not improve from 0.27167
12/12 - 2s - loss: 0.2749 - mse: 0.2749 - mae: 0.4223 - val_loss: 0.2738 - val_mse: 0.2738 - val_mae: 0.4205 - 2s/epoch - 169ms/step
Epoch 96/10000

Epoch 96: val_loss did not improve from 0.27167
12/12 - 2s - loss: 0.2750 - mse: 0.2750 - mae: 0.4227 - val_loss: 0.2725 - val_mse: 0.2725 - val_mae: 0.4207 - 2s/epoch - 171ms/step
Epoch 97/10000

Epoch 97: val_loss did not improve from 0.27167
12/12 - 2s - loss: 0.2737 - mse: 0.2737 - mae: 0.4215 - val_loss: 0.2868 - val_mse: 0.2868 - val_mae: 0.4325 - 2s/epoch - 175ms/step
Epoch 98/10000

Epoch 98: val_loss did not improve from 0.27167
12/12 - 2s - loss: 0.2758 - mse: 0.2758 - mae: 0.4235 - val_loss: 0.2770 - val_mse: 0.2770 - val_mae: 0.4254 - 2s/epoch - 170ms/step
Epoch 99/10000

Epoch 99: val_loss did not improve from 0.27167
12/12 - 2s - loss: 0.2749 - mse: 0.2749 - mae: 0.4226 - val_loss: 0.2739 - val_mse: 0.2739 - val_mae: 0.4224 - 2s/epoch - 169ms/step
Epoch 100/10000

Epoch 100: val_loss did not improve from 0.27167
12/12 - 2s - loss: 0.2758 - mse: 0.2758 - mae: 0.4229 - val_loss: 0.2724 - val_mse: 0.2724 - val_mae: 0.4204 - 2s/epoch - 170ms/step
Epoch 101/10000

Epoch 101: val_loss did not improve from 0.27167
12/12 - 2s - loss: 0.2757 - mse: 0.2757 - mae: 0.4233 - val_loss: 0.2827 - val_mse: 0.2827 - val_mae: 0.4258 - 2s/epoch - 173ms/step
Epoch 102/10000

Epoch 102: val_loss did not improve from 0.27167
12/12 - 2s - loss: 0.2842 - mse: 0.2842 - mae: 0.4280 - val_loss: 0.2983 - val_mse: 0.2983 - val_mae: 0.4410 - 2s/epoch - 169ms/step
Epoch 103/10000

Epoch 103: val_loss did not improve from 0.27167
12/12 - 2s - loss: 0.2813 - mse: 0.2813 - mae: 0.4266 - val_loss: 0.2725 - val_mse: 0.2725 - val_mae: 0.4214 - 2s/epoch - 169ms/step
Epoch 104/10000

Epoch 104: val_loss did not improve from 0.27167
12/12 - 2s - loss: 0.2740 - mse: 0.2740 - mae: 0.4214 - val_loss: 0.2730 - val_mse: 0.2730 - val_mae: 0.4212 - 2s/epoch - 169ms/step
Epoch 105/10000

Epoch 105: val_loss did not improve from 0.27167
12/12 - 2s - loss: 0.2749 - mse: 0.2749 - mae: 0.4223 - val_loss: 0.2858 - val_mse: 0.2858 - val_mae: 0.4319 - 2s/epoch - 169ms/step
Epoch 106/10000

Epoch 106: val_loss did not improve from 0.27167
12/12 - 2s - loss: 0.2778 - mse: 0.2778 - mae: 0.4246 - val_loss: 0.2725 - val_mse: 0.2725 - val_mae: 0.4207 - 2s/epoch - 170ms/step
Epoch 107/10000

Epoch 107: val_loss did not improve from 0.27167
12/12 - 2s - loss: 0.2743 - mse: 0.2743 - mae: 0.4219 - val_loss: 0.2731 - val_mse: 0.2731 - val_mae: 0.4201 - 2s/epoch - 170ms/step
Epoch 108/10000

Epoch 108: val_loss did not improve from 0.27167
12/12 - 2s - loss: 0.2759 - mse: 0.2759 - mae: 0.4237 - val_loss: 0.2717 - val_mse: 0.2717 - val_mae: 0.4193 - 2s/epoch - 172ms/step
Epoch 109/10000

Epoch 109: val_loss did not improve from 0.27167
12/12 - 2s - loss: 0.2741 - mse: 0.2741 - mae: 0.4220 - val_loss: 0.2761 - val_mse: 0.2761 - val_mae: 0.4216 - 2s/epoch - 171ms/step
Epoch 110/10000

Epoch 110: val_loss improved from 0.27167 to 0.27134, saving model to ./results/NN_rms_regr/ResNet/recursion_25/ckpt_1
12/12 - 3s - loss: 0.2761 - mse: 0.2761 - mae: 0.4230 - val_loss: 0.2713 - val_mse: 0.2713 - val_mae: 0.4193 - 3s/epoch - 243ms/step
Epoch 111/10000

Epoch 111: val_loss did not improve from 0.27134
12/12 - 2s - loss: 0.2744 - mse: 0.2744 - mae: 0.4216 - val_loss: 0.2826 - val_mse: 0.2826 - val_mae: 0.4289 - 2s/epoch - 175ms/step
Epoch 112/10000

Epoch 112: val_loss did not improve from 0.27134
12/12 - 2s - loss: 0.2809 - mse: 0.2809 - mae: 0.4265 - val_loss: 0.3250 - val_mse: 0.3250 - val_mae: 0.4612 - 2s/epoch - 169ms/step
Epoch 113/10000

Epoch 113: val_loss did not improve from 0.27134
12/12 - 2s - loss: 0.2989 - mse: 0.2989 - mae: 0.4408 - val_loss: 0.2715 - val_mse: 0.2715 - val_mae: 0.4194 - 2s/epoch - 170ms/step
Epoch 114/10000

Epoch 114: val_loss did not improve from 0.27134
12/12 - 2s - loss: 0.2750 - mse: 0.2750 - mae: 0.4223 - val_loss: 0.2801 - val_mse: 0.2801 - val_mae: 0.4271 - 2s/epoch - 173ms/step
Epoch 115/10000

Epoch 115: val_loss did not improve from 0.27134
12/12 - 2s - loss: 0.2794 - mse: 0.2794 - mae: 0.4256 - val_loss: 0.2729 - val_mse: 0.2729 - val_mae: 0.4218 - 2s/epoch - 169ms/step
Epoch 116/10000

Epoch 116: val_loss did not improve from 0.27134
12/12 - 2s - loss: 0.2824 - mse: 0.2824 - mae: 0.4280 - val_loss: 0.3024 - val_mse: 0.3024 - val_mae: 0.4390 - 2s/epoch - 171ms/step
Epoch 117/10000

Epoch 117: val_loss did not improve from 0.27134
12/12 - 2s - loss: 0.2882 - mse: 0.2882 - mae: 0.4314 - val_loss: 0.2762 - val_mse: 0.2762 - val_mae: 0.4242 - 2s/epoch - 170ms/step
Epoch 118/10000

Epoch 118: val_loss did not improve from 0.27134
12/12 - 2s - loss: 0.2784 - mse: 0.2784 - mae: 0.4248 - val_loss: 0.2827 - val_mse: 0.2827 - val_mae: 0.4260 - 2s/epoch - 173ms/step
Epoch 119/10000

Epoch 119: val_loss did not improve from 0.27134
12/12 - 2s - loss: 0.2836 - mse: 0.2836 - mae: 0.4282 - val_loss: 0.2820 - val_mse: 0.2820 - val_mae: 0.4287 - 2s/epoch - 169ms/step
Epoch 120/10000

Epoch 120: val_loss did not improve from 0.27134
12/12 - 2s - loss: 0.2781 - mse: 0.2781 - mae: 0.4246 - val_loss: 0.2792 - val_mse: 0.2792 - val_mae: 0.4235 - 2s/epoch - 169ms/step
Epoch 121/10000

Epoch 121: val_loss did not improve from 0.27134
12/12 - 2s - loss: 0.2751 - mse: 0.2751 - mae: 0.4229 - val_loss: 0.2759 - val_mse: 0.2759 - val_mae: 0.4214 - 2s/epoch - 171ms/step
Epoch 122/10000

Epoch 122: val_loss did not improve from 0.27134
12/12 - 2s - loss: 0.2771 - mse: 0.2771 - mae: 0.4228 - val_loss: 0.2715 - val_mse: 0.2715 - val_mae: 0.4197 - 2s/epoch - 169ms/step
Epoch 123/10000

Epoch 123: val_loss did not improve from 0.27134
12/12 - 2s - loss: 0.2745 - mse: 0.2745 - mae: 0.4219 - val_loss: 0.2748 - val_mse: 0.2748 - val_mae: 0.4225 - 2s/epoch - 171ms/step
Epoch 124/10000

Epoch 124: val_loss did not improve from 0.27134
12/12 - 2s - loss: 0.2761 - mse: 0.2761 - mae: 0.4236 - val_loss: 0.2931 - val_mse: 0.2931 - val_mae: 0.4325 - 2s/epoch - 173ms/step
Epoch 125/10000

Epoch 125: val_loss did not improve from 0.27134
12/12 - 2s - loss: 0.2820 - mse: 0.2820 - mae: 0.4266 - val_loss: 0.2752 - val_mse: 0.2752 - val_mae: 0.4232 - 2s/epoch - 172ms/step
Epoch 126/10000

Epoch 126: val_loss did not improve from 0.27134
12/12 - 2s - loss: 0.2756 - mse: 0.2756 - mae: 0.4229 - val_loss: 0.2740 - val_mse: 0.2740 - val_mae: 0.4216 - 2s/epoch - 171ms/step
Epoch 127/10000

Epoch 127: val_loss did not improve from 0.27134
12/12 - 2s - loss: 0.2757 - mse: 0.2757 - mae: 0.4229 - val_loss: 0.2900 - val_mse: 0.2900 - val_mae: 0.4353 - 2s/epoch - 170ms/step
Epoch 128/10000

Epoch 128: val_loss did not improve from 0.27134
12/12 - 2s - loss: 0.2822 - mse: 0.2822 - mae: 0.4274 - val_loss: 0.2762 - val_mse: 0.2762 - val_mae: 0.4237 - 2s/epoch - 170ms/step
Epoch 129/10000

Epoch 129: val_loss did not improve from 0.27134
12/12 - 2s - loss: 0.2745 - mse: 0.2745 - mae: 0.4216 - val_loss: 0.2744 - val_mse: 0.2744 - val_mae: 0.4222 - 2s/epoch - 174ms/step
Epoch 130/10000

Epoch 130: val_loss did not improve from 0.27134
12/12 - 2s - loss: 0.2747 - mse: 0.2747 - mae: 0.4218 - val_loss: 0.2742 - val_mse: 0.2742 - val_mae: 0.4205 - 2s/epoch - 170ms/step
Epoch 131/10000

Epoch 131: val_loss did not improve from 0.27134
12/12 - 2s - loss: 0.2782 - mse: 0.2782 - mae: 0.4242 - val_loss: 0.2991 - val_mse: 0.2991 - val_mae: 0.4418 - 2s/epoch - 172ms/step
Epoch 132/10000

Epoch 132: val_loss did not improve from 0.27134
12/12 - 2s - loss: 0.2852 - mse: 0.2852 - mae: 0.4297 - val_loss: 0.2719 - val_mse: 0.2719 - val_mae: 0.4201 - 2s/epoch - 169ms/step
Epoch 133/10000

Epoch 133: val_loss did not improve from 0.27134
12/12 - 2s - loss: 0.2753 - mse: 0.2753 - mae: 0.4227 - val_loss: 0.2772 - val_mse: 0.2772 - val_mae: 0.4224 - 2s/epoch - 171ms/step
Epoch 134/10000

Epoch 134: val_loss did not improve from 0.27134
12/12 - 2s - loss: 0.2812 - mse: 0.2812 - mae: 0.4269 - val_loss: 0.2737 - val_mse: 0.2737 - val_mae: 0.4209 - 2s/epoch - 171ms/step
Epoch 135/10000

Epoch 135: val_loss improved from 0.27134 to 0.27123, saving model to ./results/NN_rms_regr/ResNet/recursion_25/ckpt_1
12/12 - 3s - loss: 0.2743 - mse: 0.2743 - mae: 0.4219 - val_loss: 0.2712 - val_mse: 0.2712 - val_mae: 0.4193 - 3s/epoch - 247ms/step
Epoch 136/10000

Epoch 136: val_loss did not improve from 0.27123
12/12 - 2s - loss: 0.2744 - mse: 0.2744 - mae: 0.4221 - val_loss: 0.2732 - val_mse: 0.2732 - val_mae: 0.4206 - 2s/epoch - 170ms/step
Epoch 137/10000

Epoch 137: val_loss did not improve from 0.27123
12/12 - 2s - loss: 0.2747 - mse: 0.2747 - mae: 0.4222 - val_loss: 0.2786 - val_mse: 0.2786 - val_mae: 0.4254 - 2s/epoch - 173ms/step
Epoch 138/10000

Epoch 138: val_loss did not improve from 0.27123
12/12 - 2s - loss: 0.2752 - mse: 0.2752 - mae: 0.4226 - val_loss: 0.2830 - val_mse: 0.2830 - val_mae: 0.4287 - 2s/epoch - 169ms/step
Epoch 139/10000

Epoch 139: val_loss did not improve from 0.27123
12/12 - 2s - loss: 0.2772 - mse: 0.2772 - mae: 0.4242 - val_loss: 0.2740 - val_mse: 0.2740 - val_mae: 0.4201 - 2s/epoch - 170ms/step
Epoch 140/10000

Epoch 140: val_loss improved from 0.27123 to 0.27119, saving model to ./results/NN_rms_regr/ResNet/recursion_25/ckpt_1
12/12 - 3s - loss: 0.2784 - mse: 0.2784 - mae: 0.4239 - val_loss: 0.2712 - val_mse: 0.2712 - val_mae: 0.4195 - 3s/epoch - 248ms/step
Epoch 141/10000

Epoch 141: val_loss did not improve from 0.27119
12/12 - 2s - loss: 0.2747 - mse: 0.2747 - mae: 0.4221 - val_loss: 0.2741 - val_mse: 0.2741 - val_mae: 0.4219 - 2s/epoch - 169ms/step
Epoch 142/10000

Epoch 142: val_loss did not improve from 0.27119
12/12 - 2s - loss: 0.2746 - mse: 0.2746 - mae: 0.4221 - val_loss: 0.2931 - val_mse: 0.2931 - val_mae: 0.4374 - 2s/epoch - 173ms/step
Epoch 143/10000

Epoch 143: val_loss did not improve from 0.27119
12/12 - 2s - loss: 0.2785 - mse: 0.2785 - mae: 0.4247 - val_loss: 0.2743 - val_mse: 0.2743 - val_mae: 0.4226 - 2s/epoch - 168ms/step
Epoch 144/10000

Epoch 144: val_loss did not improve from 0.27119
12/12 - 2s - loss: 0.2774 - mse: 0.2774 - mae: 0.4239 - val_loss: 0.2773 - val_mse: 0.2773 - val_mae: 0.4221 - 2s/epoch - 171ms/step
Epoch 145/10000

Epoch 145: val_loss did not improve from 0.27119
12/12 - 2s - loss: 0.2783 - mse: 0.2783 - mae: 0.4245 - val_loss: 0.2720 - val_mse: 0.2720 - val_mae: 0.4192 - 2s/epoch - 174ms/step
Epoch 146/10000

Epoch 146: val_loss did not improve from 0.27119
12/12 - 2s - loss: 0.2751 - mse: 0.2751 - mae: 0.4220 - val_loss: 0.2741 - val_mse: 0.2741 - val_mae: 0.4206 - 2s/epoch - 170ms/step
Epoch 147/10000

Epoch 147: val_loss did not improve from 0.27119
12/12 - 2s - loss: 0.2756 - mse: 0.2756 - mae: 0.4226 - val_loss: 0.2747 - val_mse: 0.2747 - val_mae: 0.4224 - 2s/epoch - 169ms/step
Epoch 148/10000

Epoch 148: val_loss did not improve from 0.27119
12/12 - 2s - loss: 0.2757 - mse: 0.2757 - mae: 0.4227 - val_loss: 0.2786 - val_mse: 0.2786 - val_mae: 0.4266 - 2s/epoch - 169ms/step
Epoch 149/10000

Epoch 149: val_loss did not improve from 0.27119
12/12 - 2s - loss: 0.2778 - mse: 0.2778 - mae: 0.4243 - val_loss: 0.2723 - val_mse: 0.2723 - val_mae: 0.4193 - 2s/epoch - 174ms/step
Epoch 150/10000

Epoch 150: val_loss did not improve from 0.27119
12/12 - 2s - loss: 0.2731 - mse: 0.2731 - mae: 0.4208 - val_loss: 0.2770 - val_mse: 0.2770 - val_mae: 0.4248 - 2s/epoch - 171ms/step
Epoch 151/10000

Epoch 151: val_loss did not improve from 0.27119
12/12 - 2s - loss: 0.2753 - mse: 0.2753 - mae: 0.4227 - val_loss: 0.2722 - val_mse: 0.2722 - val_mae: 0.4192 - 2s/epoch - 169ms/step
Epoch 152/10000

Epoch 152: val_loss did not improve from 0.27119
12/12 - 2s - loss: 0.2766 - mse: 0.2766 - mae: 0.4231 - val_loss: 0.2754 - val_mse: 0.2754 - val_mae: 0.4235 - 2s/epoch - 170ms/step
Epoch 153/10000

Epoch 153: val_loss did not improve from 0.27119
12/12 - 2s - loss: 0.2751 - mse: 0.2751 - mae: 0.4225 - val_loss: 0.2722 - val_mse: 0.2722 - val_mae: 0.4203 - 2s/epoch - 169ms/step
Epoch 154/10000

Epoch 154: val_loss did not improve from 0.27119
12/12 - 2s - loss: 0.2778 - mse: 0.2778 - mae: 0.4248 - val_loss: 0.2767 - val_mse: 0.2767 - val_mae: 0.4223 - 2s/epoch - 172ms/step
Epoch 155/10000

Epoch 155: val_loss did not improve from 0.27119
12/12 - 2s - loss: 0.2787 - mse: 0.2787 - mae: 0.4253 - val_loss: 0.2726 - val_mse: 0.2726 - val_mae: 0.4196 - 2s/epoch - 170ms/step
Epoch 156/10000

Epoch 156: val_loss did not improve from 0.27119
12/12 - 2s - loss: 0.2756 - mse: 0.2756 - mae: 0.4228 - val_loss: 0.2724 - val_mse: 0.2724 - val_mae: 0.4206 - 2s/epoch - 171ms/step
Epoch 157/10000

Epoch 157: val_loss did not improve from 0.27119
12/12 - 2s - loss: 0.2748 - mse: 0.2748 - mae: 0.4221 - val_loss: 0.2729 - val_mse: 0.2729 - val_mae: 0.4210 - 2s/epoch - 169ms/step
Epoch 158/10000

Epoch 158: val_loss did not improve from 0.27119
12/12 - 2s - loss: 0.2730 - mse: 0.2730 - mae: 0.4209 - val_loss: 0.2716 - val_mse: 0.2716 - val_mae: 0.4192 - 2s/epoch - 173ms/step
Epoch 159/10000

Epoch 159: val_loss did not improve from 0.27119
12/12 - 2s - loss: 0.2734 - mse: 0.2734 - mae: 0.4210 - val_loss: 0.2721 - val_mse: 0.2721 - val_mae: 0.4201 - 2s/epoch - 172ms/step
Epoch 160/10000

Epoch 160: val_loss did not improve from 0.27119
12/12 - 2s - loss: 0.2742 - mse: 0.2742 - mae: 0.4215 - val_loss: 0.2843 - val_mse: 0.2843 - val_mae: 0.4304 - 2s/epoch - 174ms/step
Epoch 161/10000

Epoch 161: val_loss did not improve from 0.27119
12/12 - 2s - loss: 0.2778 - mse: 0.2778 - mae: 0.4237 - val_loss: 0.2749 - val_mse: 0.2749 - val_mae: 0.4224 - 2s/epoch - 170ms/step
Epoch 162/10000

Epoch 162: val_loss did not improve from 0.27119
12/12 - 2s - loss: 0.2743 - mse: 0.2743 - mae: 0.4220 - val_loss: 0.2952 - val_mse: 0.2952 - val_mae: 0.4385 - 2s/epoch - 169ms/step
Epoch 163/10000

Epoch 163: val_loss did not improve from 0.27119
12/12 - 2s - loss: 0.2796 - mse: 0.2796 - mae: 0.4254 - val_loss: 0.2727 - val_mse: 0.2727 - val_mae: 0.4196 - 2s/epoch - 170ms/step
Epoch 164/10000

Epoch 164: val_loss did not improve from 0.27119
12/12 - 2s - loss: 0.2783 - mse: 0.2783 - mae: 0.4246 - val_loss: 0.2832 - val_mse: 0.2832 - val_mae: 0.4261 - 2s/epoch - 172ms/step
Epoch 165/10000

Epoch 165: val_loss did not improve from 0.27119
12/12 - 2s - loss: 0.2794 - mse: 0.2794 - mae: 0.4258 - val_loss: 0.2770 - val_mse: 0.2770 - val_mae: 0.4219 - 2s/epoch - 169ms/step
Epoch 166/10000

Epoch 166: val_loss did not improve from 0.27119
12/12 - 2s - loss: 0.2753 - mse: 0.2753 - mae: 0.4226 - val_loss: 0.2723 - val_mse: 0.2723 - val_mae: 0.4203 - 2s/epoch - 170ms/step
Epoch 167/10000

Epoch 167: val_loss did not improve from 0.27119
12/12 - 2s - loss: 0.2740 - mse: 0.2740 - mae: 0.4211 - val_loss: 0.2722 - val_mse: 0.2722 - val_mae: 0.4191 - 2s/epoch - 171ms/step
Epoch 168/10000

Epoch 168: val_loss did not improve from 0.27119
12/12 - 2s - loss: 0.2814 - mse: 0.2814 - mae: 0.4269 - val_loss: 0.2723 - val_mse: 0.2723 - val_mae: 0.4192 - 2s/epoch - 169ms/step
Epoch 169/10000

Epoch 169: val_loss did not improve from 0.27119
12/12 - 2s - loss: 0.2744 - mse: 0.2744 - mae: 0.4216 - val_loss: 0.3054 - val_mse: 0.3054 - val_mae: 0.4464 - 2s/epoch - 169ms/step
Epoch 170/10000

Epoch 170: val_loss did not improve from 0.27119
12/12 - 2s - loss: 0.2825 - mse: 0.2825 - mae: 0.4283 - val_loss: 0.2759 - val_mse: 0.2759 - val_mae: 0.4238 - 2s/epoch - 173ms/step
Epoch 171/10000

Epoch 171: val_loss did not improve from 0.27119
12/12 - 2s - loss: 0.2772 - mse: 0.2772 - mae: 0.4237 - val_loss: 0.3275 - val_mse: 0.3275 - val_mae: 0.4628 - 2s/epoch - 169ms/step
Epoch 172/10000

Epoch 172: val_loss did not improve from 0.27119
12/12 - 2s - loss: 0.3060 - mse: 0.3060 - mae: 0.4449 - val_loss: 0.3089 - val_mse: 0.3089 - val_mae: 0.4488 - 2s/epoch - 169ms/step
Epoch 173/10000

Epoch 173: val_loss did not improve from 0.27119
12/12 - 2s - loss: 0.2891 - mse: 0.2891 - mae: 0.4316 - val_loss: 0.2823 - val_mse: 0.2823 - val_mae: 0.4283 - 2s/epoch - 173ms/step
Epoch 174/10000

Epoch 174: val_loss did not improve from 0.27119
12/12 - 2s - loss: 0.2805 - mse: 0.2805 - mae: 0.4267 - val_loss: 0.2741 - val_mse: 0.2741 - val_mae: 0.4201 - 2s/epoch - 169ms/step
Epoch 175/10000

Epoch 175: val_loss did not improve from 0.27119
12/12 - 2s - loss: 0.2778 - mse: 0.2778 - mae: 0.4245 - val_loss: 0.2747 - val_mse: 0.2747 - val_mae: 0.4226 - 2s/epoch - 176ms/step
Epoch 176/10000

Epoch 176: val_loss did not improve from 0.27119
12/12 - 2s - loss: 0.2786 - mse: 0.2786 - mae: 0.4250 - val_loss: 0.2730 - val_mse: 0.2730 - val_mae: 0.4203 - 2s/epoch - 183ms/step
Epoch 177/10000

Epoch 177: val_loss did not improve from 0.27119
12/12 - 2s - loss: 0.2766 - mse: 0.2766 - mae: 0.4239 - val_loss: 0.2740 - val_mse: 0.2740 - val_mae: 0.4218 - 2s/epoch - 172ms/step
Epoch 178/10000

Epoch 178: val_loss did not improve from 0.27119
12/12 - 2s - loss: 0.2753 - mse: 0.2753 - mae: 0.4221 - val_loss: 0.2958 - val_mse: 0.2958 - val_mae: 0.4391 - 2s/epoch - 169ms/step
Epoch 179/10000

Epoch 179: val_loss did not improve from 0.27119
12/12 - 2s - loss: 0.2768 - mse: 0.2768 - mae: 0.4232 - val_loss: 0.2742 - val_mse: 0.2742 - val_mae: 0.4202 - 2s/epoch - 170ms/step
Epoch 180/10000

Epoch 180: val_loss did not improve from 0.27119
12/12 - 2s - loss: 0.2759 - mse: 0.2759 - mae: 0.4226 - val_loss: 0.2732 - val_mse: 0.2732 - val_mae: 0.4195 - 2s/epoch - 170ms/step
Epoch 181/10000

Epoch 181: val_loss did not improve from 0.27119
12/12 - 2s - loss: 0.2792 - mse: 0.2792 - mae: 0.4249 - val_loss: 0.2713 - val_mse: 0.2713 - val_mae: 0.4190 - 2s/epoch - 169ms/step
Epoch 182/10000

Epoch 182: val_loss did not improve from 0.27119
12/12 - 2s - loss: 0.2799 - mse: 0.2799 - mae: 0.4255 - val_loss: 0.2868 - val_mse: 0.2868 - val_mae: 0.4333 - 2s/epoch - 170ms/step
Epoch 183/10000

Epoch 183: val_loss did not improve from 0.27119
12/12 - 2s - loss: 0.2762 - mse: 0.2762 - mae: 0.4231 - val_loss: 0.2749 - val_mse: 0.2749 - val_mae: 0.4225 - 2s/epoch - 169ms/step
Epoch 184/10000

Epoch 184: val_loss did not improve from 0.27119
12/12 - 2s - loss: 0.2738 - mse: 0.2738 - mae: 0.4215 - val_loss: 0.2718 - val_mse: 0.2718 - val_mae: 0.4190 - 2s/epoch - 169ms/step
Epoch 185/10000

Epoch 185: val_loss did not improve from 0.27119
12/12 - 2s - loss: 0.2730 - mse: 0.2730 - mae: 0.4208 - val_loss: 0.2744 - val_mse: 0.2744 - val_mae: 0.4202 - 2s/epoch - 173ms/step
Epoch 186/10000

Epoch 186: val_loss did not improve from 0.27119
12/12 - 2s - loss: 0.2747 - mse: 0.2747 - mae: 0.4214 - val_loss: 0.2725 - val_mse: 0.2725 - val_mae: 0.4191 - 2s/epoch - 171ms/step
Epoch 187/10000

Epoch 187: val_loss did not improve from 0.27119
12/12 - 2s - loss: 0.2853 - mse: 0.2853 - mae: 0.4295 - val_loss: 0.2772 - val_mse: 0.2772 - val_mae: 0.4220 - 2s/epoch - 169ms/step
Epoch 188/10000

Epoch 188: val_loss did not improve from 0.27119
12/12 - 2s - loss: 0.2909 - mse: 0.2909 - mae: 0.4331 - val_loss: 0.2930 - val_mse: 0.2930 - val_mae: 0.4369 - 2s/epoch - 170ms/step
Epoch 189/10000

Epoch 189: val_loss did not improve from 0.27119
12/12 - 2s - loss: 0.3014 - mse: 0.3014 - mae: 0.4406 - val_loss: 0.2945 - val_mse: 0.2945 - val_mae: 0.4378 - 2s/epoch - 175ms/step
Epoch 190/10000

Epoch 190: val_loss did not improve from 0.27119
12/12 - 2s - loss: 0.2870 - mse: 0.2870 - mae: 0.4307 - val_loss: 0.2770 - val_mse: 0.2770 - val_mae: 0.4248 - 2s/epoch - 172ms/step
Epoch 190: early stopping
