[ 13.14519438  30.04553007  46.53366244  63.02179482  79.5099272
  95.99805957 112.48619195 128.97432432 145.4624567  161.95058908
 178.43872145 194.92685383 211.41498621 227.90311858 244.39125096
 260.87938334 277.36751571 293.85564809 310.34378047 326.83191284
 343.32004522 359.80817759 376.29630997 392.78444235 409.27257472
 425.7607071 ]
Before undersampling: [(0, 375), (1, 834), (2, 3661), (3, 4955), (4, 3156), (5, 2425), (6, 2195), (7, 1862), (8, 1648), (9, 1497), (10, 1418), (11, 1313), (12, 1182), (13, 1082), (14, 902), (15, 843), (16, 708), (17, 675), (18, 486), (19, 429), (20, 347), (21, 282), (22, 251), (23, 195), (24, 209)]
After undersampling: [(0, 142), (1, 508), (2, 2371), (3, 3347), (4, 2283), (5, 1745), (6, 1595), (7, 1365), (8, 1202), (9, 1020), (10, 955), (11, 928), (12, 840), (13, 759), (14, 621), (15, 604), (16, 481), (17, 489), (18, 326), (19, 308), (20, 230), (21, 180), (22, 168), (23, 195), (24, 172)]
            label  HH_0_0_x  HV_0_0_x  IA_0_0_x       FYI      DFYI       MYI     rms_0     thk_1     rms_1     thk_2     rms_2     thk_3     rms_3  ...    3         4    5         6         7         8         9        10   11        12   13        14        15                                                CNN
0       15.087388  0.239216  0.062745  0.098656  0.020962  0.946071  0.032967  5.013793  1.295486  5.037004  1.226269  5.012775  1.235889  5.020339  ...  0.0  1.022124  0.0  0.667337  0.536300  0.860541  0.319598  0.962423  0.0  0.741329  0.0  0.758822  0.471895  [[[[0.2039215686274509], [0.0986159829532399],...
1       25.472267  0.203922  0.047059  0.088456  0.928402  0.065517  0.006082  4.352731  1.075376  4.377515  1.072734  4.334206  1.067566  4.309570  ...  0.0  1.138737  0.0  0.697803  0.666555  0.913310  0.286667  1.073911  0.0  0.829894  0.0  0.809379  0.586924  [[[[0.2117647058823529], [0.088497745289522], ...
2       28.830799  0.196078  0.074510  0.150437  0.528406  0.089798  0.381796  4.992969  1.295592  4.964400  1.257850  4.962740  1.267646  4.931340  ...  0.0  0.667858  0.0  0.426380  0.271509  0.543152  0.418337  0.441235  0.0  0.540838  0.0  0.501495  0.316717  [[[[0.6745098039215687], [0.1504695967131969],...
3       15.582790  0.172549  0.054902  0.097591  0.773558  0.160912  0.065530  4.469598  1.107079  4.452665  1.088996  4.437120  1.056398  4.385373  ...  0.0  1.102157  0.0  0.655993  0.677223  0.860348  0.254370  1.034854  0.0  0.803913  0.0  0.762677  0.591519  [[[[0.1294117647058823], [0.0976314993465648],...
4       16.899340  0.305882  0.094118  0.153384  0.959774  0.011161  0.029064  4.381252  1.167324  4.489059  1.170233  4.474576  1.179312  4.412249  ...  0.0  0.916602  0.0  0.478197  0.620282  0.688687  0.188595  0.814675  0.0  0.664791  0.0  0.568367  0.540043  [[[[0.2], [0.1534158744064032], [0.07450980392...
...           ...       ...       ...       ...       ...       ...       ...       ...       ...       ...       ...       ...       ...       ...  ...  ...       ...  ...       ...       ...       ...       ...       ...  ...       ...  ...       ...       ...                                                ...
22829  417.027580  0.505882  0.090196  0.152162  0.185910  0.031902  0.782188  4.486675  1.202497  4.531466  1.252972  4.593008  1.239219  4.510143  ...  0.0  0.839703  0.0  0.468273  0.499118  0.650608  0.278814  0.681403  0.0  0.621146  0.0  0.548368  0.455899  [[[[0.4196078431372549], [0.15219440834195], [...
22830  417.866263  0.392157  0.125490  0.152184  0.189279  0.051355  0.759366  4.590506  1.242536  4.658542  1.255140  4.682031  1.275536  4.639037  ...  0.0  0.753041  0.0  0.432618  0.424933  0.606180  0.279904  0.615722  0.0  0.551801  0.0  0.504145  0.391604  [[[[0.3490196078431372], [0.1522158155254289],...
22831  421.196328  0.631373  0.466667  0.154089  0.004261  0.000064  0.995674  1.187829  0.197352  0.941815  0.203265  0.245285  0.157730  0.213412  ...  0.0  0.644292  0.0  0.466233  0.184014  0.544459  0.317551  0.496343  0.0  0.488684  0.0  0.521621  0.200857  [[[[0.596078431372549], [0.1541208603802849], ...
22832  416.289186  0.517647  0.160784  0.153404  0.011037  0.000341  0.988622  1.187829  0.197352  0.941815  0.203265  0.245285  0.157730  0.213412  ...  0.0  0.792541  0.0  0.518223  0.461039  0.679398  0.335284  0.699151  0.0  0.512142  0.0  0.532694  0.315921  [[[[0.4078431372549019], [0.1534358903473499],...
22833  423.194662  0.341176  0.274510  0.153307  0.003870  0.000024  0.996105  1.187829  0.197352  0.941815  0.203265  0.245285  0.157730  0.213412  ...  0.0  0.712026  0.0  0.452670  0.356484  0.560431  0.500874  0.445316  0.0  0.508642  0.0  0.462847  0.257479  [[[[0.5686274509803921], [0.1533395804610907],...

[22834 rows x 128 columns]
Size of dataset: (22834, 127)
*************************** Fold #: 1 ***************************
Model: "model"
__________________________________________________________________________________________________
 Layer (type)                   Output Shape         Param #     Connected to                     
==================================================================================================
 conv (InputLayer)              [(None, 7, 7, 3, 1)  0           []                               
                                ]                                                                 
                                                                                                  
 zero_padding3d (ZeroPadding3D)  (None, 8, 8, 4, 1)  0           ['conv[0][0]']                   
                                                                                                  
 conv3d (Conv3D)                (None, 8, 8, 4, 8)   224         ['zero_padding3d[0][0]']         
                                                                                                  
 max_pooling3d (MaxPooling3D)   (None, 4, 4, 2, 8)   0           ['conv3d[0][0]']                 
                                                                                                  
 conv3d_1 (Conv3D)              (None, 4, 4, 2, 4)   868         ['max_pooling3d[0][0]']          
                                                                                                  
 max_pooling3d_1 (MaxPooling3D)  (None, 2, 2, 1, 4)  0           ['conv3d_1[0][0]']               
                                                                                                  
 cat (InputLayer)               [(None, 126)]        0           []                               
                                                                                                  
 flatten (Flatten)              (None, 16)           0           ['max_pooling3d_1[0][0]']        
                                                                                                  
 concatenate (Concatenate)      (None, 142)          0           ['cat[0][0]',                    
                                                                  'flatten[0][0]']                
                                                                                                  
 dense (Dense)                  (None, 200)          28600       ['concatenate[0][0]']            
                                                                                                  
 dense_1 (Dense)                (None, 200)          40200       ['dense[0][0]']                  
                                                                                                  
 dense_2 (Dense)                (None, 200)          40200       ['dense_1[0][0]']                
                                                                                                  
 dense_3 (Dense)                (None, 200)          40200       ['dense_2[0][0]']                
                                                                                                  
 dense_4 (Dense)                (None, 200)          40200       ['dense_3[0][0]']                
                                                                                                  
 dense_5 (Dense)                (None, 1)            201         ['dense_4[0][0]']                
                                                                                                  
==================================================================================================
Total params: 190,693
Trainable params: 190,693
Non-trainable params: 0
__________________________________________________________________________________________________
Epoch 1/10000

Epoch 1: val_loss improved from inf to 1.53197, saving model to ./results/NN_rms_regr/ResNet/recursion_39/ckpt_1
12/12 - 3s - loss: 13.0801 - mse: 13.0801 - mae: 3.2845 - val_loss: 1.5320 - val_mse: 1.5320 - val_mae: 0.9590 - 3s/epoch - 277ms/step
Epoch 2/10000

Epoch 2: val_loss improved from 1.53197 to 1.22223, saving model to ./results/NN_rms_regr/ResNet/recursion_39/ckpt_1
12/12 - 3s - loss: 1.5181 - mse: 1.5181 - mae: 0.9289 - val_loss: 1.2222 - val_mse: 1.2222 - val_mae: 0.8061 - 3s/epoch - 230ms/step
Epoch 3/10000

Epoch 3: val_loss improved from 1.22223 to 0.88160, saving model to ./results/NN_rms_regr/ResNet/recursion_39/ckpt_1
12/12 - 3s - loss: 0.9463 - mse: 0.9463 - mae: 0.6387 - val_loss: 0.8816 - val_mse: 0.8816 - val_mae: 0.6294 - 3s/epoch - 230ms/step
Epoch 4/10000

Epoch 4: val_loss improved from 0.88160 to 0.56040, saving model to ./results/NN_rms_regr/ResNet/recursion_39/ckpt_1
12/12 - 3s - loss: 0.7092 - mse: 0.7092 - mae: 0.5546 - val_loss: 0.5604 - val_mse: 0.5604 - val_mae: 0.5201 - 3s/epoch - 231ms/step
Epoch 5/10000

Epoch 5: val_loss improved from 0.56040 to 0.30323, saving model to ./results/NN_rms_regr/ResNet/recursion_39/ckpt_1
12/12 - 3s - loss: 0.3914 - mse: 0.3914 - mae: 0.4730 - val_loss: 0.3032 - val_mse: 0.3032 - val_mae: 0.4462 - 3s/epoch - 230ms/step
Epoch 6/10000

Epoch 6: val_loss improved from 0.30323 to 0.28035, saving model to ./results/NN_rms_regr/ResNet/recursion_39/ckpt_1
12/12 - 3s - loss: 0.3002 - mse: 0.3002 - mae: 0.4421 - val_loss: 0.2804 - val_mse: 0.2804 - val_mae: 0.4288 - 3s/epoch - 230ms/step
Epoch 7/10000

Epoch 7: val_loss improved from 0.28035 to 0.27619, saving model to ./results/NN_rms_regr/ResNet/recursion_39/ckpt_1
12/12 - 3s - loss: 0.2828 - mse: 0.2828 - mae: 0.4293 - val_loss: 0.2762 - val_mse: 0.2762 - val_mae: 0.4271 - 3s/epoch - 244ms/step
Epoch 8/10000

Epoch 8: val_loss did not improve from 0.27619
12/12 - 2s - loss: 0.2787 - mse: 0.2787 - mae: 0.4288 - val_loss: 0.2781 - val_mse: 0.2781 - val_mae: 0.4298 - 2s/epoch - 169ms/step
Epoch 9/10000

Epoch 9: val_loss did not improve from 0.27619
12/12 - 2s - loss: 0.2772 - mse: 0.2772 - mae: 0.4268 - val_loss: 0.2817 - val_mse: 0.2817 - val_mae: 0.4324 - 2s/epoch - 168ms/step
Epoch 10/10000

Epoch 10: val_loss improved from 0.27619 to 0.27503, saving model to ./results/NN_rms_regr/ResNet/recursion_39/ckpt_1
12/12 - 3s - loss: 0.2763 - mse: 0.2763 - mae: 0.4264 - val_loss: 0.2750 - val_mse: 0.2750 - val_mae: 0.4263 - 3s/epoch - 246ms/step
Epoch 11/10000

Epoch 11: val_loss did not improve from 0.27503
12/12 - 2s - loss: 0.2752 - mse: 0.2752 - mae: 0.4253 - val_loss: 0.2765 - val_mse: 0.2765 - val_mae: 0.4261 - 2s/epoch - 168ms/step
Epoch 12/10000

Epoch 12: val_loss improved from 0.27503 to 0.27476, saving model to ./results/NN_rms_regr/ResNet/recursion_39/ckpt_1
12/12 - 3s - loss: 0.2754 - mse: 0.2754 - mae: 0.4253 - val_loss: 0.2748 - val_mse: 0.2748 - val_mae: 0.4253 - 3s/epoch - 238ms/step
Epoch 13/10000

Epoch 13: val_loss did not improve from 0.27476
12/12 - 2s - loss: 0.2742 - mse: 0.2742 - mae: 0.4238 - val_loss: 0.2748 - val_mse: 0.2748 - val_mae: 0.4251 - 2s/epoch - 169ms/step
Epoch 14/10000

Epoch 14: val_loss did not improve from 0.27476
12/12 - 2s - loss: 0.2748 - mse: 0.2748 - mae: 0.4247 - val_loss: 0.2750 - val_mse: 0.2750 - val_mae: 0.4260 - 2s/epoch - 169ms/step
Epoch 15/10000

Epoch 15: val_loss did not improve from 0.27476
12/12 - 2s - loss: 0.2731 - mse: 0.2731 - mae: 0.4233 - val_loss: 0.2749 - val_mse: 0.2749 - val_mae: 0.4247 - 2s/epoch - 168ms/step
Epoch 16/10000

Epoch 16: val_loss did not improve from 0.27476
12/12 - 2s - loss: 0.2738 - mse: 0.2738 - mae: 0.4239 - val_loss: 0.2789 - val_mse: 0.2789 - val_mae: 0.4265 - 2s/epoch - 169ms/step
Epoch 17/10000

Epoch 17: val_loss did not improve from 0.27476
12/12 - 2s - loss: 0.2743 - mse: 0.2743 - mae: 0.4230 - val_loss: 0.2774 - val_mse: 0.2774 - val_mae: 0.4281 - 2s/epoch - 169ms/step
Epoch 18/10000

Epoch 18: val_loss improved from 0.27476 to 0.27326, saving model to ./results/NN_rms_regr/ResNet/recursion_39/ckpt_1
12/12 - 3s - loss: 0.2733 - mse: 0.2733 - mae: 0.4228 - val_loss: 0.2733 - val_mse: 0.2733 - val_mae: 0.4237 - 3s/epoch - 243ms/step
Epoch 19/10000

Epoch 19: val_loss did not improve from 0.27326
12/12 - 2s - loss: 0.2728 - mse: 0.2728 - mae: 0.4224 - val_loss: 0.2765 - val_mse: 0.2765 - val_mae: 0.4270 - 2s/epoch - 170ms/step
Epoch 20/10000

Epoch 20: val_loss did not improve from 0.27326
12/12 - 2s - loss: 0.2730 - mse: 0.2730 - mae: 0.4224 - val_loss: 0.2767 - val_mse: 0.2767 - val_mae: 0.4272 - 2s/epoch - 168ms/step
Epoch 21/10000

Epoch 21: val_loss did not improve from 0.27326
12/12 - 2s - loss: 0.2749 - mse: 0.2749 - mae: 0.4245 - val_loss: 0.2892 - val_mse: 0.2892 - val_mae: 0.4371 - 2s/epoch - 168ms/step
Epoch 22/10000

Epoch 22: val_loss improved from 0.27326 to 0.27283, saving model to ./results/NN_rms_regr/ResNet/recursion_39/ckpt_1
12/12 - 3s - loss: 0.2771 - mse: 0.2771 - mae: 0.4256 - val_loss: 0.2728 - val_mse: 0.2728 - val_mae: 0.4232 - 3s/epoch - 243ms/step
Epoch 23/10000

Epoch 23: val_loss did not improve from 0.27283
12/12 - 2s - loss: 0.2736 - mse: 0.2736 - mae: 0.4232 - val_loss: 0.2770 - val_mse: 0.2770 - val_mae: 0.4249 - 2s/epoch - 170ms/step
Epoch 24/10000

Epoch 24: val_loss did not improve from 0.27283
12/12 - 2s - loss: 0.2733 - mse: 0.2733 - mae: 0.4227 - val_loss: 0.2739 - val_mse: 0.2739 - val_mae: 0.4231 - 2s/epoch - 169ms/step
Epoch 25/10000

Epoch 25: val_loss did not improve from 0.27283
12/12 - 2s - loss: 0.2737 - mse: 0.2737 - mae: 0.4220 - val_loss: 0.2844 - val_mse: 0.2844 - val_mae: 0.4291 - 2s/epoch - 170ms/step
Epoch 26/10000

Epoch 26: val_loss improved from 0.27283 to 0.27254, saving model to ./results/NN_rms_regr/ResNet/recursion_39/ckpt_1
12/12 - 3s - loss: 0.2768 - mse: 0.2768 - mae: 0.4249 - val_loss: 0.2725 - val_mse: 0.2725 - val_mae: 0.4227 - 3s/epoch - 244ms/step
Epoch 27/10000

Epoch 27: val_loss did not improve from 0.27254
12/12 - 2s - loss: 0.2718 - mse: 0.2718 - mae: 0.4209 - val_loss: 0.2735 - val_mse: 0.2735 - val_mae: 0.4234 - 2s/epoch - 170ms/step
Epoch 28/10000

Epoch 28: val_loss did not improve from 0.27254
12/12 - 2s - loss: 0.2723 - mse: 0.2723 - mae: 0.4223 - val_loss: 0.2953 - val_mse: 0.2953 - val_mae: 0.4360 - 2s/epoch - 169ms/step
Epoch 29/10000

Epoch 29: val_loss did not improve from 0.27254
12/12 - 2s - loss: 0.2808 - mse: 0.2808 - mae: 0.4272 - val_loss: 0.2823 - val_mse: 0.2823 - val_mae: 0.4276 - 2s/epoch - 168ms/step
Epoch 30/10000

Epoch 30: val_loss did not improve from 0.27254
12/12 - 2s - loss: 0.2747 - mse: 0.2747 - mae: 0.4225 - val_loss: 0.2786 - val_mse: 0.2786 - val_mae: 0.4253 - 2s/epoch - 169ms/step
Epoch 31/10000

Epoch 31: val_loss did not improve from 0.27254
12/12 - 2s - loss: 0.2744 - mse: 0.2744 - mae: 0.4224 - val_loss: 0.2747 - val_mse: 0.2747 - val_mae: 0.4247 - 2s/epoch - 169ms/step
Epoch 32/10000

Epoch 32: val_loss did not improve from 0.27254
12/12 - 2s - loss: 0.2729 - mse: 0.2729 - mae: 0.4213 - val_loss: 0.2742 - val_mse: 0.2742 - val_mae: 0.4229 - 2s/epoch - 169ms/step
Epoch 33/10000

Epoch 33: val_loss did not improve from 0.27254
12/12 - 2s - loss: 0.2732 - mse: 0.2732 - mae: 0.4219 - val_loss: 0.2734 - val_mse: 0.2734 - val_mae: 0.4236 - 2s/epoch - 168ms/step
Epoch 34/10000

Epoch 34: val_loss improved from 0.27254 to 0.27195, saving model to ./results/NN_rms_regr/ResNet/recursion_39/ckpt_1
12/12 - 3s - loss: 0.2749 - mse: 0.2749 - mae: 0.4237 - val_loss: 0.2719 - val_mse: 0.2719 - val_mae: 0.4215 - 3s/epoch - 239ms/step
Epoch 35/10000

Epoch 35: val_loss improved from 0.27195 to 0.27177, saving model to ./results/NN_rms_regr/ResNet/recursion_39/ckpt_1
12/12 - 3s - loss: 0.2743 - mse: 0.2743 - mae: 0.4227 - val_loss: 0.2718 - val_mse: 0.2718 - val_mae: 0.4218 - 3s/epoch - 243ms/step
Epoch 36/10000

Epoch 36: val_loss did not improve from 0.27177
12/12 - 2s - loss: 0.2727 - mse: 0.2727 - mae: 0.4213 - val_loss: 0.2723 - val_mse: 0.2723 - val_mae: 0.4225 - 2s/epoch - 170ms/step
Epoch 37/10000

Epoch 37: val_loss did not improve from 0.27177
12/12 - 2s - loss: 0.2742 - mse: 0.2742 - mae: 0.4227 - val_loss: 0.2728 - val_mse: 0.2728 - val_mae: 0.4216 - 2s/epoch - 169ms/step
Epoch 38/10000

Epoch 38: val_loss did not improve from 0.27177
12/12 - 2s - loss: 0.2739 - mse: 0.2739 - mae: 0.4217 - val_loss: 0.2746 - val_mse: 0.2746 - val_mae: 0.4228 - 2s/epoch - 169ms/step
Epoch 39/10000

Epoch 39: val_loss did not improve from 0.27177
12/12 - 2s - loss: 0.2729 - mse: 0.2729 - mae: 0.4213 - val_loss: 0.2753 - val_mse: 0.2753 - val_mae: 0.4252 - 2s/epoch - 169ms/step
Epoch 40/10000

Epoch 40: val_loss did not improve from 0.27177
12/12 - 2s - loss: 0.2750 - mse: 0.2750 - mae: 0.4231 - val_loss: 0.2739 - val_mse: 0.2739 - val_mae: 0.4220 - 2s/epoch - 169ms/step
Epoch 41/10000

Epoch 41: val_loss did not improve from 0.27177
12/12 - 2s - loss: 0.2734 - mse: 0.2734 - mae: 0.4214 - val_loss: 0.2777 - val_mse: 0.2777 - val_mae: 0.4245 - 2s/epoch - 169ms/step
Epoch 42/10000

Epoch 42: val_loss did not improve from 0.27177
12/12 - 2s - loss: 0.2748 - mse: 0.2748 - mae: 0.4215 - val_loss: 0.2759 - val_mse: 0.2759 - val_mae: 0.4232 - 2s/epoch - 170ms/step
Epoch 43/10000

Epoch 43: val_loss did not improve from 0.27177
12/12 - 2s - loss: 0.2745 - mse: 0.2745 - mae: 0.4223 - val_loss: 0.2815 - val_mse: 0.2815 - val_mae: 0.4265 - 2s/epoch - 169ms/step
Epoch 44/10000

Epoch 44: val_loss did not improve from 0.27177
12/12 - 2s - loss: 0.2722 - mse: 0.2722 - mae: 0.4211 - val_loss: 0.2785 - val_mse: 0.2785 - val_mae: 0.4250 - 2s/epoch - 169ms/step
Epoch 45/10000

Epoch 45: val_loss did not improve from 0.27177
12/12 - 2s - loss: 0.2741 - mse: 0.2741 - mae: 0.4222 - val_loss: 0.2728 - val_mse: 0.2728 - val_mae: 0.4213 - 2s/epoch - 168ms/step
Epoch 46/10000

Epoch 46: val_loss did not improve from 0.27177
12/12 - 2s - loss: 0.2711 - mse: 0.2711 - mae: 0.4198 - val_loss: 0.2718 - val_mse: 0.2718 - val_mae: 0.4210 - 2s/epoch - 169ms/step
Epoch 47/10000

Epoch 47: val_loss did not improve from 0.27177
12/12 - 2s - loss: 0.2715 - mse: 0.2715 - mae: 0.4205 - val_loss: 0.2728 - val_mse: 0.2728 - val_mae: 0.4221 - 2s/epoch - 169ms/step
Epoch 48/10000

Epoch 48: val_loss did not improve from 0.27177
12/12 - 2s - loss: 0.2718 - mse: 0.2718 - mae: 0.4202 - val_loss: 0.2800 - val_mse: 0.2800 - val_mae: 0.4288 - 2s/epoch - 169ms/step
Epoch 49/10000

Epoch 49: val_loss did not improve from 0.27177
12/12 - 2s - loss: 0.2736 - mse: 0.2736 - mae: 0.4214 - val_loss: 0.2794 - val_mse: 0.2794 - val_mae: 0.4286 - 2s/epoch - 169ms/step
Epoch 50/10000

Epoch 50: val_loss did not improve from 0.27177
12/12 - 2s - loss: 0.2723 - mse: 0.2723 - mae: 0.4207 - val_loss: 0.2751 - val_mse: 0.2751 - val_mae: 0.4247 - 2s/epoch - 169ms/step
Epoch 51/10000

Epoch 51: val_loss improved from 0.27177 to 0.27162, saving model to ./results/NN_rms_regr/ResNet/recursion_39/ckpt_1
12/12 - 3s - loss: 0.2734 - mse: 0.2734 - mae: 0.4217 - val_loss: 0.2716 - val_mse: 0.2716 - val_mae: 0.4212 - 3s/epoch - 244ms/step
Epoch 52/10000

Epoch 52: val_loss did not improve from 0.27162
12/12 - 2s - loss: 0.2710 - mse: 0.2710 - mae: 0.4192 - val_loss: 0.2718 - val_mse: 0.2718 - val_mae: 0.4216 - 2s/epoch - 170ms/step
Epoch 53/10000

Epoch 53: val_loss did not improve from 0.27162
12/12 - 2s - loss: 0.2700 - mse: 0.2700 - mae: 0.4188 - val_loss: 0.2731 - val_mse: 0.2731 - val_mae: 0.4212 - 2s/epoch - 169ms/step
Epoch 54/10000

Epoch 54: val_loss did not improve from 0.27162
12/12 - 2s - loss: 0.2718 - mse: 0.2718 - mae: 0.4197 - val_loss: 0.2748 - val_mse: 0.2748 - val_mae: 0.4238 - 2s/epoch - 169ms/step
Epoch 55/10000

Epoch 55: val_loss did not improve from 0.27162
12/12 - 2s - loss: 0.2729 - mse: 0.2729 - mae: 0.4209 - val_loss: 0.2805 - val_mse: 0.2805 - val_mae: 0.4286 - 2s/epoch - 169ms/step
Epoch 56/10000

Epoch 56: val_loss did not improve from 0.27162
12/12 - 2s - loss: 0.2725 - mse: 0.2725 - mae: 0.4205 - val_loss: 0.2870 - val_mse: 0.2870 - val_mae: 0.4339 - 2s/epoch - 169ms/step
Epoch 57/10000

Epoch 57: val_loss did not improve from 0.27162
12/12 - 2s - loss: 0.2739 - mse: 0.2739 - mae: 0.4212 - val_loss: 0.2764 - val_mse: 0.2764 - val_mae: 0.4254 - 2s/epoch - 169ms/step
Epoch 58/10000

Epoch 58: val_loss improved from 0.27162 to 0.27143, saving model to ./results/NN_rms_regr/ResNet/recursion_39/ckpt_1
12/12 - 3s - loss: 0.2723 - mse: 0.2723 - mae: 0.4208 - val_loss: 0.2714 - val_mse: 0.2714 - val_mae: 0.4202 - 3s/epoch - 239ms/step
Epoch 59/10000

Epoch 59: val_loss improved from 0.27143 to 0.27141, saving model to ./results/NN_rms_regr/ResNet/recursion_39/ckpt_1
12/12 - 3s - loss: 0.2711 - mse: 0.2711 - mae: 0.4191 - val_loss: 0.2714 - val_mse: 0.2714 - val_mae: 0.4210 - 3s/epoch - 243ms/step
Epoch 60/10000

Epoch 60: val_loss did not improve from 0.27141
12/12 - 2s - loss: 0.2700 - mse: 0.2700 - mae: 0.4187 - val_loss: 0.2734 - val_mse: 0.2734 - val_mae: 0.4229 - 2s/epoch - 169ms/step
Epoch 61/10000

Epoch 61: val_loss did not improve from 0.27141
12/12 - 2s - loss: 0.2710 - mse: 0.2710 - mae: 0.4193 - val_loss: 0.2717 - val_mse: 0.2717 - val_mae: 0.4213 - 2s/epoch - 170ms/step
Epoch 62/10000

Epoch 62: val_loss did not improve from 0.27141
12/12 - 2s - loss: 0.2704 - mse: 0.2704 - mae: 0.4187 - val_loss: 0.2717 - val_mse: 0.2717 - val_mae: 0.4207 - 2s/epoch - 169ms/step
Epoch 63/10000

Epoch 63: val_loss improved from 0.27141 to 0.27114, saving model to ./results/NN_rms_regr/ResNet/recursion_39/ckpt_1
12/12 - 3s - loss: 0.2708 - mse: 0.2708 - mae: 0.4192 - val_loss: 0.2711 - val_mse: 0.2711 - val_mae: 0.4201 - 3s/epoch - 244ms/step
Epoch 64/10000

Epoch 64: val_loss did not improve from 0.27114
12/12 - 2s - loss: 0.2695 - mse: 0.2695 - mae: 0.4181 - val_loss: 0.2725 - val_mse: 0.2725 - val_mae: 0.4209 - 2s/epoch - 169ms/step
Epoch 65/10000

Epoch 65: val_loss did not improve from 0.27114
12/12 - 2s - loss: 0.2700 - mse: 0.2700 - mae: 0.4183 - val_loss: 0.2736 - val_mse: 0.2736 - val_mae: 0.4225 - 2s/epoch - 169ms/step
Epoch 66/10000

Epoch 66: val_loss improved from 0.27114 to 0.27105, saving model to ./results/NN_rms_regr/ResNet/recursion_39/ckpt_1
12/12 - 3s - loss: 0.2705 - mse: 0.2705 - mae: 0.4188 - val_loss: 0.2711 - val_mse: 0.2711 - val_mae: 0.4200 - 3s/epoch - 237ms/step
Epoch 67/10000

Epoch 67: val_loss did not improve from 0.27105
12/12 - 2s - loss: 0.2723 - mse: 0.2723 - mae: 0.4201 - val_loss: 0.2753 - val_mse: 0.2753 - val_mae: 0.4220 - 2s/epoch - 169ms/step
Epoch 68/10000

Epoch 68: val_loss did not improve from 0.27105
12/12 - 2s - loss: 0.2744 - mse: 0.2744 - mae: 0.4215 - val_loss: 0.2735 - val_mse: 0.2735 - val_mae: 0.4213 - 2s/epoch - 169ms/step
Epoch 69/10000

Epoch 69: val_loss did not improve from 0.27105
12/12 - 2s - loss: 0.2729 - mse: 0.2729 - mae: 0.4206 - val_loss: 0.2754 - val_mse: 0.2754 - val_mae: 0.4242 - 2s/epoch - 169ms/step
Epoch 70/10000

Epoch 70: val_loss did not improve from 0.27105
12/12 - 2s - loss: 0.2718 - mse: 0.2718 - mae: 0.4199 - val_loss: 0.2718 - val_mse: 0.2718 - val_mae: 0.4200 - 2s/epoch - 170ms/step
Epoch 71/10000

Epoch 71: val_loss did not improve from 0.27105
12/12 - 2s - loss: 0.2693 - mse: 0.2693 - mae: 0.4174 - val_loss: 0.2720 - val_mse: 0.2720 - val_mae: 0.4214 - 2s/epoch - 170ms/step
Epoch 72/10000

Epoch 72: val_loss did not improve from 0.27105
12/12 - 2s - loss: 0.2732 - mse: 0.2732 - mae: 0.4211 - val_loss: 0.3019 - val_mse: 0.3019 - val_mae: 0.4399 - 2s/epoch - 169ms/step
Epoch 73/10000

Epoch 73: val_loss did not improve from 0.27105
12/12 - 2s - loss: 0.2797 - mse: 0.2797 - mae: 0.4264 - val_loss: 0.2964 - val_mse: 0.2964 - val_mae: 0.4360 - 2s/epoch - 169ms/step
Epoch 74/10000

Epoch 74: val_loss did not improve from 0.27105
12/12 - 2s - loss: 0.2796 - mse: 0.2796 - mae: 0.4243 - val_loss: 0.3010 - val_mse: 0.3010 - val_mae: 0.4447 - 2s/epoch - 169ms/step
Epoch 75/10000

Epoch 75: val_loss did not improve from 0.27105
12/12 - 2s - loss: 0.2869 - mse: 0.2869 - mae: 0.4309 - val_loss: 0.2752 - val_mse: 0.2752 - val_mae: 0.4230 - 2s/epoch - 167ms/step
Epoch 76/10000

Epoch 76: val_loss did not improve from 0.27105
12/12 - 2s - loss: 0.2758 - mse: 0.2758 - mae: 0.4215 - val_loss: 0.2744 - val_mse: 0.2744 - val_mae: 0.4213 - 2s/epoch - 170ms/step
Epoch 77/10000

Epoch 77: val_loss improved from 0.27105 to 0.27102, saving model to ./results/NN_rms_regr/ResNet/recursion_39/ckpt_1
12/12 - 3s - loss: 0.2736 - mse: 0.2736 - mae: 0.4212 - val_loss: 0.2710 - val_mse: 0.2710 - val_mae: 0.4199 - 3s/epoch - 243ms/step
Epoch 78/10000

Epoch 78: val_loss did not improve from 0.27102
12/12 - 2s - loss: 0.2695 - mse: 0.2695 - mae: 0.4179 - val_loss: 0.2717 - val_mse: 0.2717 - val_mae: 0.4210 - 2s/epoch - 169ms/step
Epoch 79/10000

Epoch 79: val_loss did not improve from 0.27102
12/12 - 2s - loss: 0.2700 - mse: 0.2700 - mae: 0.4180 - val_loss: 0.2713 - val_mse: 0.2713 - val_mae: 0.4206 - 2s/epoch - 169ms/step
Epoch 80/10000

Epoch 80: val_loss did not improve from 0.27102
12/12 - 2s - loss: 0.2715 - mse: 0.2715 - mae: 0.4195 - val_loss: 0.2712 - val_mse: 0.2712 - val_mae: 0.4197 - 2s/epoch - 170ms/step
Epoch 81/10000

Epoch 81: val_loss did not improve from 0.27102
12/12 - 2s - loss: 0.2708 - mse: 0.2708 - mae: 0.4188 - val_loss: 0.2743 - val_mse: 0.2743 - val_mae: 0.4214 - 2s/epoch - 169ms/step
Epoch 82/10000

Epoch 82: val_loss did not improve from 0.27102
12/12 - 2s - loss: 0.2701 - mse: 0.2701 - mae: 0.4179 - val_loss: 0.2792 - val_mse: 0.2792 - val_mae: 0.4274 - 2s/epoch - 169ms/step
Epoch 83/10000

Epoch 83: val_loss did not improve from 0.27102
12/12 - 2s - loss: 0.2715 - mse: 0.2715 - mae: 0.4195 - val_loss: 0.2711 - val_mse: 0.2711 - val_mae: 0.4199 - 2s/epoch - 170ms/step
Epoch 84/10000

Epoch 84: val_loss did not improve from 0.27102
12/12 - 2s - loss: 0.2708 - mse: 0.2708 - mae: 0.4186 - val_loss: 0.2710 - val_mse: 0.2710 - val_mae: 0.4200 - 2s/epoch - 169ms/step
Epoch 85/10000

Epoch 85: val_loss did not improve from 0.27102
12/12 - 2s - loss: 0.2701 - mse: 0.2701 - mae: 0.4182 - val_loss: 0.2792 - val_mse: 0.2792 - val_mae: 0.4247 - 2s/epoch - 169ms/step
Epoch 86/10000

Epoch 86: val_loss did not improve from 0.27102
12/12 - 2s - loss: 0.2731 - mse: 0.2731 - mae: 0.4198 - val_loss: 0.2792 - val_mse: 0.2792 - val_mae: 0.4274 - 2s/epoch - 169ms/step
Epoch 87/10000

Epoch 87: val_loss did not improve from 0.27102
12/12 - 2s - loss: 0.2738 - mse: 0.2738 - mae: 0.4207 - val_loss: 0.2731 - val_mse: 0.2731 - val_mae: 0.4219 - 2s/epoch - 170ms/step
Epoch 88/10000

Epoch 88: val_loss did not improve from 0.27102
12/12 - 2s - loss: 0.2730 - mse: 0.2730 - mae: 0.4204 - val_loss: 0.2808 - val_mse: 0.2808 - val_mae: 0.4253 - 2s/epoch - 170ms/step
Epoch 89/10000

Epoch 89: val_loss did not improve from 0.27102
12/12 - 2s - loss: 0.2731 - mse: 0.2731 - mae: 0.4199 - val_loss: 0.2726 - val_mse: 0.2726 - val_mae: 0.4218 - 2s/epoch - 169ms/step
Epoch 90/10000

Epoch 90: val_loss did not improve from 0.27102
12/12 - 2s - loss: 0.2703 - mse: 0.2703 - mae: 0.4184 - val_loss: 0.2750 - val_mse: 0.2750 - val_mae: 0.4237 - 2s/epoch - 169ms/step
Epoch 91/10000

Epoch 91: val_loss did not improve from 0.27102
12/12 - 2s - loss: 0.2712 - mse: 0.2712 - mae: 0.4193 - val_loss: 0.2722 - val_mse: 0.2722 - val_mae: 0.4208 - 2s/epoch - 169ms/step
Epoch 92/10000

Epoch 92: val_loss did not improve from 0.27102
12/12 - 2s - loss: 0.2702 - mse: 0.2702 - mae: 0.4184 - val_loss: 0.2727 - val_mse: 0.2727 - val_mae: 0.4201 - 2s/epoch - 170ms/step
Epoch 93/10000

Epoch 93: val_loss did not improve from 0.27102
12/12 - 2s - loss: 0.2698 - mse: 0.2698 - mae: 0.4177 - val_loss: 0.2799 - val_mse: 0.2799 - val_mae: 0.4247 - 2s/epoch - 169ms/step
Epoch 94/10000

Epoch 94: val_loss did not improve from 0.27102
12/12 - 2s - loss: 0.2769 - mse: 0.2769 - mae: 0.4226 - val_loss: 0.2759 - val_mse: 0.2759 - val_mae: 0.4224 - 2s/epoch - 170ms/step
Epoch 95/10000

Epoch 95: val_loss did not improve from 0.27102
12/12 - 2s - loss: 0.2709 - mse: 0.2709 - mae: 0.4188 - val_loss: 0.2757 - val_mse: 0.2757 - val_mae: 0.4222 - 2s/epoch - 169ms/step
Epoch 96/10000

Epoch 96: val_loss did not improve from 0.27102
12/12 - 2s - loss: 0.2720 - mse: 0.2720 - mae: 0.4195 - val_loss: 0.3068 - val_mse: 0.3068 - val_mae: 0.4482 - 2s/epoch - 169ms/step
Epoch 97/10000

Epoch 97: val_loss did not improve from 0.27102
12/12 - 2s - loss: 0.2807 - mse: 0.2807 - mae: 0.4271 - val_loss: 0.2717 - val_mse: 0.2717 - val_mae: 0.4201 - 2s/epoch - 170ms/step
Epoch 98/10000

Epoch 98: val_loss improved from 0.27102 to 0.27099, saving model to ./results/NN_rms_regr/ResNet/recursion_39/ckpt_1
12/12 - 3s - loss: 0.2715 - mse: 0.2715 - mae: 0.4192 - val_loss: 0.2710 - val_mse: 0.2710 - val_mae: 0.4198 - 3s/epoch - 242ms/step
Epoch 99/10000

Epoch 99: val_loss did not improve from 0.27099
12/12 - 2s - loss: 0.2699 - mse: 0.2699 - mae: 0.4180 - val_loss: 0.2721 - val_mse: 0.2721 - val_mae: 0.4201 - 2s/epoch - 169ms/step
Epoch 100/10000

Epoch 100: val_loss did not improve from 0.27099
12/12 - 2s - loss: 0.2698 - mse: 0.2698 - mae: 0.4179 - val_loss: 0.2715 - val_mse: 0.2715 - val_mae: 0.4205 - 2s/epoch - 170ms/step
Epoch 101/10000

Epoch 101: val_loss did not improve from 0.27099
12/12 - 2s - loss: 0.2718 - mse: 0.2718 - mae: 0.4194 - val_loss: 0.2747 - val_mse: 0.2747 - val_mae: 0.4233 - 2s/epoch - 168ms/step
Epoch 102/10000

Epoch 102: val_loss did not improve from 0.27099
12/12 - 2s - loss: 0.2752 - mse: 0.2752 - mae: 0.4222 - val_loss: 0.2719 - val_mse: 0.2719 - val_mae: 0.4202 - 2s/epoch - 169ms/step
Epoch 103/10000

Epoch 103: val_loss did not improve from 0.27099
12/12 - 2s - loss: 0.2708 - mse: 0.2708 - mae: 0.4183 - val_loss: 0.2813 - val_mse: 0.2813 - val_mae: 0.4289 - 2s/epoch - 170ms/step
Epoch 104/10000

Epoch 104: val_loss did not improve from 0.27099
12/12 - 2s - loss: 0.2738 - mse: 0.2738 - mae: 0.4210 - val_loss: 0.2742 - val_mse: 0.2742 - val_mae: 0.4211 - 2s/epoch - 170ms/step
Epoch 105/10000

Epoch 105: val_loss did not improve from 0.27099
12/12 - 2s - loss: 0.2744 - mse: 0.2744 - mae: 0.4204 - val_loss: 0.2718 - val_mse: 0.2718 - val_mae: 0.4204 - 2s/epoch - 169ms/step
Epoch 106/10000

Epoch 106: val_loss did not improve from 0.27099
12/12 - 2s - loss: 0.2730 - mse: 0.2730 - mae: 0.4198 - val_loss: 0.2714 - val_mse: 0.2714 - val_mae: 0.4200 - 2s/epoch - 170ms/step
Epoch 107/10000

Epoch 107: val_loss did not improve from 0.27099
12/12 - 2s - loss: 0.2726 - mse: 0.2726 - mae: 0.4201 - val_loss: 0.2711 - val_mse: 0.2711 - val_mae: 0.4195 - 2s/epoch - 169ms/step
Epoch 108/10000

Epoch 108: val_loss did not improve from 0.27099
12/12 - 2s - loss: 0.2832 - mse: 0.2832 - mae: 0.4270 - val_loss: 0.3337 - val_mse: 0.3337 - val_mae: 0.4674 - 2s/epoch - 169ms/step
Epoch 109/10000

Epoch 109: val_loss did not improve from 0.27099
12/12 - 2s - loss: 0.3016 - mse: 0.3016 - mae: 0.4427 - val_loss: 0.3083 - val_mse: 0.3083 - val_mae: 0.4445 - 2s/epoch - 169ms/step
Epoch 110/10000

Epoch 110: val_loss did not improve from 0.27099
12/12 - 2s - loss: 0.2882 - mse: 0.2882 - mae: 0.4296 - val_loss: 0.2836 - val_mse: 0.2836 - val_mae: 0.4302 - 2s/epoch - 169ms/step
Epoch 111/10000

Epoch 111: val_loss did not improve from 0.27099
12/12 - 2s - loss: 0.2750 - mse: 0.2750 - mae: 0.4228 - val_loss: 0.3000 - val_mse: 0.3000 - val_mae: 0.4390 - 2s/epoch - 170ms/step
Epoch 112/10000

Epoch 112: val_loss did not improve from 0.27099
12/12 - 2s - loss: 0.2789 - mse: 0.2789 - mae: 0.4245 - val_loss: 0.3054 - val_mse: 0.3054 - val_mae: 0.4475 - 2s/epoch - 169ms/step
Epoch 113/10000

Epoch 113: val_loss did not improve from 0.27099
12/12 - 2s - loss: 0.2798 - mse: 0.2798 - mae: 0.4247 - val_loss: 0.2826 - val_mse: 0.2826 - val_mae: 0.4266 - 2s/epoch - 169ms/step
Epoch 114/10000

Epoch 114: val_loss did not improve from 0.27099
12/12 - 2s - loss: 0.2762 - mse: 0.2762 - mae: 0.4221 - val_loss: 0.2778 - val_mse: 0.2778 - val_mae: 0.4257 - 2s/epoch - 169ms/step
Epoch 115/10000

Epoch 115: val_loss did not improve from 0.27099
12/12 - 2s - loss: 0.2700 - mse: 0.2700 - mae: 0.4181 - val_loss: 0.2848 - val_mse: 0.2848 - val_mae: 0.4316 - 2s/epoch - 169ms/step
Epoch 116/10000

Epoch 116: val_loss did not improve from 0.27099
12/12 - 2s - loss: 0.2739 - mse: 0.2739 - mae: 0.4205 - val_loss: 0.2942 - val_mse: 0.2942 - val_mae: 0.4349 - 2s/epoch - 169ms/step
Epoch 117/10000

Epoch 117: val_loss did not improve from 0.27099
12/12 - 2s - loss: 0.2780 - mse: 0.2780 - mae: 0.4231 - val_loss: 0.2989 - val_mse: 0.2989 - val_mae: 0.4419 - 2s/epoch - 169ms/step
Epoch 118/10000

Epoch 118: val_loss did not improve from 0.27099
12/12 - 2s - loss: 0.2777 - mse: 0.2777 - mae: 0.4236 - val_loss: 0.2711 - val_mse: 0.2711 - val_mae: 0.4199 - 2s/epoch - 168ms/step
Epoch 119/10000

Epoch 119: val_loss did not improve from 0.27099
12/12 - 2s - loss: 0.2717 - mse: 0.2717 - mae: 0.4189 - val_loss: 0.2919 - val_mse: 0.2919 - val_mae: 0.4373 - 2s/epoch - 169ms/step
Epoch 120/10000

Epoch 120: val_loss did not improve from 0.27099
12/12 - 2s - loss: 0.2755 - mse: 0.2755 - mae: 0.4219 - val_loss: 0.2737 - val_mse: 0.2737 - val_mae: 0.4212 - 2s/epoch - 169ms/step
Epoch 121/10000

Epoch 121: val_loss did not improve from 0.27099
12/12 - 2s - loss: 0.2706 - mse: 0.2706 - mae: 0.4179 - val_loss: 0.2716 - val_mse: 0.2716 - val_mae: 0.4205 - 2s/epoch - 169ms/step
Epoch 122/10000

Epoch 122: val_loss did not improve from 0.27099
12/12 - 2s - loss: 0.2749 - mse: 0.2749 - mae: 0.4208 - val_loss: 0.2758 - val_mse: 0.2758 - val_mae: 0.4238 - 2s/epoch - 169ms/step
Epoch 123/10000

Epoch 123: val_loss did not improve from 0.27099
12/12 - 2s - loss: 0.2717 - mse: 0.2717 - mae: 0.4192 - val_loss: 0.2723 - val_mse: 0.2723 - val_mae: 0.4200 - 2s/epoch - 170ms/step
Epoch 124/10000

Epoch 124: val_loss did not improve from 0.27099
12/12 - 2s - loss: 0.2714 - mse: 0.2714 - mae: 0.4184 - val_loss: 0.2710 - val_mse: 0.2710 - val_mae: 0.4192 - 2s/epoch - 169ms/step
Epoch 125/10000

Epoch 125: val_loss did not improve from 0.27099
12/12 - 2s - loss: 0.2724 - mse: 0.2724 - mae: 0.4196 - val_loss: 0.2741 - val_mse: 0.2741 - val_mae: 0.4206 - 2s/epoch - 169ms/step
Epoch 126/10000

Epoch 126: val_loss improved from 0.27099 to 0.27099, saving model to ./results/NN_rms_regr/ResNet/recursion_39/ckpt_1
12/12 - 3s - loss: 0.2698 - mse: 0.2698 - mae: 0.4174 - val_loss: 0.2710 - val_mse: 0.2710 - val_mae: 0.4192 - 3s/epoch - 244ms/step
Epoch 127/10000

Epoch 127: val_loss did not improve from 0.27099
12/12 - 2s - loss: 0.2704 - mse: 0.2704 - mae: 0.4179 - val_loss: 0.2712 - val_mse: 0.2712 - val_mae: 0.4198 - 2s/epoch - 169ms/step
Epoch 128/10000

Epoch 128: val_loss did not improve from 0.27099
12/12 - 2s - loss: 0.2692 - mse: 0.2692 - mae: 0.4173 - val_loss: 0.2739 - val_mse: 0.2739 - val_mae: 0.4204 - 2s/epoch - 169ms/step
Epoch 129/10000

Epoch 129: val_loss did not improve from 0.27099
12/12 - 2s - loss: 0.2719 - mse: 0.2719 - mae: 0.4190 - val_loss: 0.2719 - val_mse: 0.2719 - val_mae: 0.4206 - 2s/epoch - 170ms/step
Epoch 130/10000

Epoch 130: val_loss did not improve from 0.27099
12/12 - 2s - loss: 0.2745 - mse: 0.2745 - mae: 0.4210 - val_loss: 0.2784 - val_mse: 0.2784 - val_mae: 0.4239 - 2s/epoch - 170ms/step
Epoch 131/10000

Epoch 131: val_loss did not improve from 0.27099
12/12 - 2s - loss: 0.2801 - mse: 0.2801 - mae: 0.4251 - val_loss: 0.2711 - val_mse: 0.2711 - val_mae: 0.4191 - 2s/epoch - 170ms/step
Epoch 132/10000

Epoch 132: val_loss did not improve from 0.27099
12/12 - 2s - loss: 0.2800 - mse: 0.2800 - mae: 0.4253 - val_loss: 0.2724 - val_mse: 0.2724 - val_mae: 0.4209 - 2s/epoch - 169ms/step
Epoch 133/10000

Epoch 133: val_loss did not improve from 0.27099
12/12 - 2s - loss: 0.2729 - mse: 0.2729 - mae: 0.4203 - val_loss: 0.2988 - val_mse: 0.2988 - val_mae: 0.4381 - 2s/epoch - 169ms/step
Epoch 134/10000

Epoch 134: val_loss did not improve from 0.27099
12/12 - 2s - loss: 0.2824 - mse: 0.2824 - mae: 0.4263 - val_loss: 0.2821 - val_mse: 0.2821 - val_mae: 0.4292 - 2s/epoch - 169ms/step
Epoch 135/10000

Epoch 135: val_loss did not improve from 0.27099
12/12 - 2s - loss: 0.2726 - mse: 0.2726 - mae: 0.4198 - val_loss: 0.2833 - val_mse: 0.2833 - val_mae: 0.4271 - 2s/epoch - 169ms/step
Epoch 136/10000

Epoch 136: val_loss did not improve from 0.27099
12/12 - 2s - loss: 0.2718 - mse: 0.2718 - mae: 0.4184 - val_loss: 0.2716 - val_mse: 0.2716 - val_mae: 0.4193 - 2s/epoch - 169ms/step
Epoch 137/10000

Epoch 137: val_loss did not improve from 0.27099
12/12 - 2s - loss: 0.2705 - mse: 0.2705 - mae: 0.4183 - val_loss: 0.2742 - val_mse: 0.2742 - val_mae: 0.4223 - 2s/epoch - 169ms/step
Epoch 138/10000

Epoch 138: val_loss did not improve from 0.27099
12/12 - 2s - loss: 0.2692 - mse: 0.2692 - mae: 0.4173 - val_loss: 0.2731 - val_mse: 0.2731 - val_mae: 0.4204 - 2s/epoch - 168ms/step
Epoch 139/10000

Epoch 139: val_loss did not improve from 0.27099
12/12 - 2s - loss: 0.2706 - mse: 0.2706 - mae: 0.4176 - val_loss: 0.2926 - val_mse: 0.2926 - val_mae: 0.4375 - 2s/epoch - 169ms/step
Epoch 140/10000

Epoch 140: val_loss did not improve from 0.27099
12/12 - 2s - loss: 0.2745 - mse: 0.2745 - mae: 0.4208 - val_loss: 0.2714 - val_mse: 0.2714 - val_mae: 0.4203 - 2s/epoch - 169ms/step
Epoch 141/10000

Epoch 141: val_loss did not improve from 0.27099
12/12 - 2s - loss: 0.2694 - mse: 0.2694 - mae: 0.4174 - val_loss: 0.2737 - val_mse: 0.2737 - val_mae: 0.4210 - 2s/epoch - 170ms/step
Epoch 142/10000

Epoch 142: val_loss did not improve from 0.27099
12/12 - 2s - loss: 0.2738 - mse: 0.2738 - mae: 0.4200 - val_loss: 0.3245 - val_mse: 0.3245 - val_mae: 0.4607 - 2s/epoch - 170ms/step
Epoch 143/10000

Epoch 143: val_loss did not improve from 0.27099
12/12 - 2s - loss: 0.2845 - mse: 0.2845 - mae: 0.4285 - val_loss: 0.2739 - val_mse: 0.2739 - val_mae: 0.4208 - 2s/epoch - 170ms/step
Epoch 144/10000

Epoch 144: val_loss did not improve from 0.27099
12/12 - 2s - loss: 0.2689 - mse: 0.2689 - mae: 0.4164 - val_loss: 0.2766 - val_mse: 0.2766 - val_mae: 0.4248 - 2s/epoch - 169ms/step
Epoch 145/10000

Epoch 145: val_loss did not improve from 0.27099
12/12 - 2s - loss: 0.2712 - mse: 0.2712 - mae: 0.4185 - val_loss: 0.2941 - val_mse: 0.2941 - val_mae: 0.4342 - 2s/epoch - 170ms/step
Epoch 146/10000

Epoch 146: val_loss did not improve from 0.27099
12/12 - 2s - loss: 0.2798 - mse: 0.2798 - mae: 0.4244 - val_loss: 0.2778 - val_mse: 0.2778 - val_mae: 0.4249 - 2s/epoch - 169ms/step
Epoch 147/10000

Epoch 147: val_loss did not improve from 0.27099
12/12 - 2s - loss: 0.2743 - mse: 0.2743 - mae: 0.4210 - val_loss: 0.2755 - val_mse: 0.2755 - val_mae: 0.4216 - 2s/epoch - 170ms/step
Epoch 148/10000

Epoch 148: val_loss did not improve from 0.27099
12/12 - 2s - loss: 0.2714 - mse: 0.2714 - mae: 0.4184 - val_loss: 0.2859 - val_mse: 0.2859 - val_mae: 0.4293 - 2s/epoch - 171ms/step
Epoch 149/10000

Epoch 149: val_loss did not improve from 0.27099
12/12 - 2s - loss: 0.2784 - mse: 0.2784 - mae: 0.4230 - val_loss: 0.2727 - val_mse: 0.2727 - val_mae: 0.4201 - 2s/epoch - 171ms/step
Epoch 150/10000

Epoch 150: val_loss did not improve from 0.27099
12/12 - 2s - loss: 0.2695 - mse: 0.2695 - mae: 0.4169 - val_loss: 0.2790 - val_mse: 0.2790 - val_mae: 0.4261 - 2s/epoch - 169ms/step
Epoch 151/10000

Epoch 151: val_loss did not improve from 0.27099
12/12 - 2s - loss: 0.2719 - mse: 0.2719 - mae: 0.4186 - val_loss: 0.2726 - val_mse: 0.2726 - val_mae: 0.4208 - 2s/epoch - 171ms/step
Epoch 152/10000

Epoch 152: val_loss did not improve from 0.27099
12/12 - 2s - loss: 0.2745 - mse: 0.2745 - mae: 0.4209 - val_loss: 0.2879 - val_mse: 0.2879 - val_mae: 0.4297 - 2s/epoch - 169ms/step
Epoch 153/10000

Epoch 153: val_loss did not improve from 0.27099
12/12 - 2s - loss: 0.2815 - mse: 0.2815 - mae: 0.4253 - val_loss: 0.2711 - val_mse: 0.2711 - val_mae: 0.4190 - 2s/epoch - 168ms/step
Epoch 154/10000

Epoch 154: val_loss did not improve from 0.27099
12/12 - 2s - loss: 0.2723 - mse: 0.2723 - mae: 0.4194 - val_loss: 0.2767 - val_mse: 0.2767 - val_mae: 0.4242 - 2s/epoch - 170ms/step
Epoch 155/10000

Epoch 155: val_loss did not improve from 0.27099
12/12 - 2s - loss: 0.2775 - mse: 0.2775 - mae: 0.4237 - val_loss: 0.2989 - val_mse: 0.2989 - val_mae: 0.4376 - 2s/epoch - 169ms/step
Epoch 156/10000

Epoch 156: val_loss did not improve from 0.27099
12/12 - 2s - loss: 0.2802 - mse: 0.2802 - mae: 0.4243 - val_loss: 0.2809 - val_mse: 0.2809 - val_mae: 0.4273 - 2s/epoch - 170ms/step
Epoch 157/10000

Epoch 157: val_loss did not improve from 0.27099
12/12 - 2s - loss: 0.2752 - mse: 0.2752 - mae: 0.4211 - val_loss: 0.2728 - val_mse: 0.2728 - val_mae: 0.4196 - 2s/epoch - 169ms/step
Epoch 158/10000

Epoch 158: val_loss improved from 0.27099 to 0.27092, saving model to ./results/NN_rms_regr/ResNet/recursion_39/ckpt_1
12/12 - 3s - loss: 0.2749 - mse: 0.2749 - mae: 0.4206 - val_loss: 0.2709 - val_mse: 0.2709 - val_mae: 0.4187 - 3s/epoch - 244ms/step
Epoch 159/10000

Epoch 159: val_loss did not improve from 0.27092
12/12 - 2s - loss: 0.2804 - mse: 0.2804 - mae: 0.4245 - val_loss: 0.2798 - val_mse: 0.2798 - val_mae: 0.4271 - 2s/epoch - 170ms/step
Epoch 160/10000

Epoch 160: val_loss did not improve from 0.27092
12/12 - 2s - loss: 0.2706 - mse: 0.2706 - mae: 0.4181 - val_loss: 0.2830 - val_mse: 0.2830 - val_mae: 0.4264 - 2s/epoch - 169ms/step
Epoch 161/10000

Epoch 161: val_loss did not improve from 0.27092
12/12 - 2s - loss: 0.2759 - mse: 0.2759 - mae: 0.4214 - val_loss: 0.2715 - val_mse: 0.2715 - val_mae: 0.4191 - 2s/epoch - 169ms/step
Epoch 162/10000

Epoch 162: val_loss improved from 0.27092 to 0.27078, saving model to ./results/NN_rms_regr/ResNet/recursion_39/ckpt_1
12/12 - 3s - loss: 0.2725 - mse: 0.2725 - mae: 0.4192 - val_loss: 0.2708 - val_mse: 0.2708 - val_mae: 0.4191 - 3s/epoch - 238ms/step
Epoch 163/10000

Epoch 163: val_loss did not improve from 0.27078
12/12 - 2s - loss: 0.2689 - mse: 0.2689 - mae: 0.4165 - val_loss: 0.2812 - val_mse: 0.2812 - val_mae: 0.4282 - 2s/epoch - 169ms/step
Epoch 164/10000

Epoch 164: val_loss did not improve from 0.27078
12/12 - 2s - loss: 0.2779 - mse: 0.2779 - mae: 0.4234 - val_loss: 0.2795 - val_mse: 0.2795 - val_mae: 0.4243 - 2s/epoch - 170ms/step
Epoch 165/10000

Epoch 165: val_loss did not improve from 0.27078
12/12 - 2s - loss: 0.2745 - mse: 0.2745 - mae: 0.4209 - val_loss: 0.2766 - val_mse: 0.2766 - val_mae: 0.4247 - 2s/epoch - 169ms/step
Epoch 166/10000

Epoch 166: val_loss did not improve from 0.27078
12/12 - 2s - loss: 0.2741 - mse: 0.2741 - mae: 0.4200 - val_loss: 0.2764 - val_mse: 0.2764 - val_mae: 0.4228 - 2s/epoch - 169ms/step
Epoch 167/10000

Epoch 167: val_loss did not improve from 0.27078
12/12 - 2s - loss: 0.2732 - mse: 0.2732 - mae: 0.4197 - val_loss: 0.2749 - val_mse: 0.2749 - val_mae: 0.4217 - 2s/epoch - 169ms/step
Epoch 168/10000

Epoch 168: val_loss did not improve from 0.27078
12/12 - 2s - loss: 0.2718 - mse: 0.2718 - mae: 0.4192 - val_loss: 0.2849 - val_mse: 0.2849 - val_mae: 0.4309 - 2s/epoch - 170ms/step
Epoch 169/10000

Epoch 169: val_loss did not improve from 0.27078
12/12 - 2s - loss: 0.2735 - mse: 0.2735 - mae: 0.4199 - val_loss: 0.2769 - val_mse: 0.2769 - val_mae: 0.4226 - 2s/epoch - 169ms/step
Epoch 170/10000

Epoch 170: val_loss did not improve from 0.27078
12/12 - 2s - loss: 0.2703 - mse: 0.2703 - mae: 0.4173 - val_loss: 0.2828 - val_mse: 0.2828 - val_mae: 0.4268 - 2s/epoch - 170ms/step
Epoch 171/10000

Epoch 171: val_loss did not improve from 0.27078
12/12 - 2s - loss: 0.2731 - mse: 0.2731 - mae: 0.4189 - val_loss: 0.2777 - val_mse: 0.2777 - val_mae: 0.4252 - 2s/epoch - 169ms/step
Epoch 172/10000

Epoch 172: val_loss did not improve from 0.27078
12/12 - 2s - loss: 0.2698 - mse: 0.2698 - mae: 0.4172 - val_loss: 0.2728 - val_mse: 0.2728 - val_mae: 0.4212 - 2s/epoch - 168ms/step
Epoch 173/10000

Epoch 173: val_loss did not improve from 0.27078
12/12 - 2s - loss: 0.2720 - mse: 0.2720 - mae: 0.4190 - val_loss: 0.2725 - val_mse: 0.2725 - val_mae: 0.4212 - 2s/epoch - 169ms/step
Epoch 174/10000

Epoch 174: val_loss did not improve from 0.27078
12/12 - 2s - loss: 0.2723 - mse: 0.2723 - mae: 0.4197 - val_loss: 0.2719 - val_mse: 0.2719 - val_mae: 0.4192 - 2s/epoch - 169ms/step
Epoch 175/10000

Epoch 175: val_loss did not improve from 0.27078
12/12 - 2s - loss: 0.2685 - mse: 0.2685 - mae: 0.4164 - val_loss: 0.2713 - val_mse: 0.2713 - val_mae: 0.4188 - 2s/epoch - 169ms/step
Epoch 176/10000

Epoch 176: val_loss did not improve from 0.27078
12/12 - 2s - loss: 0.2696 - mse: 0.2696 - mae: 0.4171 - val_loss: 0.2934 - val_mse: 0.2934 - val_mae: 0.4337 - 2s/epoch - 169ms/step
Epoch 177/10000

Epoch 177: val_loss did not improve from 0.27078
12/12 - 2s - loss: 0.2765 - mse: 0.2765 - mae: 0.4221 - val_loss: 0.2797 - val_mse: 0.2797 - val_mae: 0.4272 - 2s/epoch - 169ms/step
Epoch 178/10000

Epoch 178: val_loss did not improve from 0.27078
12/12 - 2s - loss: 0.2754 - mse: 0.2754 - mae: 0.4211 - val_loss: 0.2717 - val_mse: 0.2717 - val_mae: 0.4201 - 2s/epoch - 170ms/step
Epoch 179/10000

Epoch 179: val_loss did not improve from 0.27078
12/12 - 2s - loss: 0.2740 - mse: 0.2740 - mae: 0.4201 - val_loss: 0.2809 - val_mse: 0.2809 - val_mae: 0.4253 - 2s/epoch - 170ms/step
Epoch 180/10000

Epoch 180: val_loss did not improve from 0.27078
12/12 - 2s - loss: 0.2732 - mse: 0.2732 - mae: 0.4195 - val_loss: 0.2946 - val_mse: 0.2946 - val_mae: 0.4382 - 2s/epoch - 170ms/step
Epoch 181/10000

Epoch 181: val_loss did not improve from 0.27078
12/12 - 2s - loss: 0.2743 - mse: 0.2743 - mae: 0.4199 - val_loss: 0.2787 - val_mse: 0.2787 - val_mae: 0.4243 - 2s/epoch - 171ms/step
Epoch 182/10000

Epoch 182: val_loss did not improve from 0.27078
12/12 - 2s - loss: 0.2719 - mse: 0.2719 - mae: 0.4186 - val_loss: 0.2717 - val_mse: 0.2717 - val_mae: 0.4202 - 2s/epoch - 170ms/step
Epoch 183/10000

Epoch 183: val_loss did not improve from 0.27078
12/12 - 2s - loss: 0.2711 - mse: 0.2711 - mae: 0.4181 - val_loss: 0.2812 - val_mse: 0.2812 - val_mae: 0.4259 - 2s/epoch - 170ms/step
Epoch 184/10000

Epoch 184: val_loss did not improve from 0.27078
12/12 - 2s - loss: 0.2749 - mse: 0.2749 - mae: 0.4213 - val_loss: 0.2777 - val_mse: 0.2777 - val_mae: 0.4255 - 2s/epoch - 169ms/step
Epoch 185/10000

Epoch 185: val_loss did not improve from 0.27078
12/12 - 2s - loss: 0.2865 - mse: 0.2865 - mae: 0.4295 - val_loss: 0.2844 - val_mse: 0.2844 - val_mae: 0.4302 - 2s/epoch - 169ms/step
Epoch 186/10000

Epoch 186: val_loss did not improve from 0.27078
12/12 - 2s - loss: 0.2760 - mse: 0.2760 - mae: 0.4223 - val_loss: 0.2717 - val_mse: 0.2717 - val_mae: 0.4190 - 2s/epoch - 170ms/step
Epoch 187/10000

Epoch 187: val_loss did not improve from 0.27078
12/12 - 2s - loss: 0.2711 - mse: 0.2711 - mae: 0.4181 - val_loss: 0.2736 - val_mse: 0.2736 - val_mae: 0.4223 - 2s/epoch - 169ms/step
Epoch 188/10000

Epoch 188: val_loss did not improve from 0.27078
12/12 - 2s - loss: 0.2718 - mse: 0.2718 - mae: 0.4185 - val_loss: 0.2719 - val_mse: 0.2719 - val_mae: 0.4205 - 2s/epoch - 171ms/step
Epoch 189/10000

Epoch 189: val_loss did not improve from 0.27078
12/12 - 2s - loss: 0.2708 - mse: 0.2708 - mae: 0.4183 - val_loss: 0.2722 - val_mse: 0.2722 - val_mae: 0.4208 - 2s/epoch - 170ms/step
Epoch 190/10000

Epoch 190: val_loss did not improve from 0.27078
12/12 - 2s - loss: 0.2719 - mse: 0.2719 - mae: 0.4193 - val_loss: 0.2827 - val_mse: 0.2827 - val_mae: 0.4292 - 2s/epoch - 169ms/step
Epoch 191/10000

Epoch 191: val_loss did not improve from 0.27078
12/12 - 2s - loss: 0.2841 - mse: 0.2841 - mae: 0.4279 - val_loss: 0.3199 - val_mse: 0.3199 - val_mae: 0.4530 - 2s/epoch - 169ms/step
Epoch 192/10000

Epoch 192: val_loss did not improve from 0.27078
12/12 - 2s - loss: 0.2925 - mse: 0.2925 - mae: 0.4346 - val_loss: 0.2947 - val_mse: 0.2947 - val_mae: 0.4347 - 2s/epoch - 169ms/step
Epoch 193/10000

Epoch 193: val_loss did not improve from 0.27078
12/12 - 2s - loss: 0.2856 - mse: 0.2856 - mae: 0.4284 - val_loss: 0.2913 - val_mse: 0.2913 - val_mae: 0.4354 - 2s/epoch - 169ms/step
Epoch 194/10000

Epoch 194: val_loss did not improve from 0.27078
12/12 - 2s - loss: 0.2763 - mse: 0.2763 - mae: 0.4220 - val_loss: 0.2708 - val_mse: 0.2708 - val_mae: 0.4187 - 2s/epoch - 169ms/step
Epoch 195/10000

Epoch 195: val_loss did not improve from 0.27078
12/12 - 2s - loss: 0.2709 - mse: 0.2709 - mae: 0.4182 - val_loss: 0.2805 - val_mse: 0.2805 - val_mae: 0.4267 - 2s/epoch - 169ms/step
Epoch 196/10000

Epoch 196: val_loss did not improve from 0.27078
12/12 - 2s - loss: 0.2727 - mse: 0.2727 - mae: 0.4197 - val_loss: 0.2912 - val_mse: 0.2912 - val_mae: 0.4327 - 2s/epoch - 171ms/step
Epoch 197/10000

Epoch 197: val_loss did not improve from 0.27078
12/12 - 2s - loss: 0.2744 - mse: 0.2744 - mae: 0.4208 - val_loss: 0.2730 - val_mse: 0.2730 - val_mae: 0.4211 - 2s/epoch - 171ms/step
Epoch 198/10000

Epoch 198: val_loss did not improve from 0.27078
12/12 - 2s - loss: 0.2712 - mse: 0.2712 - mae: 0.4185 - val_loss: 0.2748 - val_mse: 0.2748 - val_mae: 0.4209 - 2s/epoch - 168ms/step
Epoch 199/10000

Epoch 199: val_loss did not improve from 0.27078
12/12 - 2s - loss: 0.2702 - mse: 0.2702 - mae: 0.4175 - val_loss: 0.2712 - val_mse: 0.2712 - val_mae: 0.4198 - 2s/epoch - 170ms/step
Epoch 200/10000

Epoch 200: val_loss did not improve from 0.27078
12/12 - 2s - loss: 0.2734 - mse: 0.2734 - mae: 0.4192 - val_loss: 0.2728 - val_mse: 0.2728 - val_mae: 0.4213 - 2s/epoch - 169ms/step
Epoch 201/10000

Epoch 201: val_loss did not improve from 0.27078
12/12 - 2s - loss: 0.2711 - mse: 0.2711 - mae: 0.4183 - val_loss: 0.2714 - val_mse: 0.2714 - val_mae: 0.4198 - 2s/epoch - 170ms/step
Epoch 202/10000

Epoch 202: val_loss did not improve from 0.27078
12/12 - 2s - loss: 0.2703 - mse: 0.2703 - mae: 0.4178 - val_loss: 0.2720 - val_mse: 0.2720 - val_mae: 0.4204 - 2s/epoch - 170ms/step
Epoch 203/10000

Epoch 203: val_loss did not improve from 0.27078
12/12 - 2s - loss: 0.2705 - mse: 0.2705 - mae: 0.4178 - val_loss: 0.2725 - val_mse: 0.2725 - val_mae: 0.4207 - 2s/epoch - 169ms/step
Epoch 204/10000

Epoch 204: val_loss did not improve from 0.27078
12/12 - 2s - loss: 0.2705 - mse: 0.2705 - mae: 0.4180 - val_loss: 0.2760 - val_mse: 0.2760 - val_mae: 0.4239 - 2s/epoch - 170ms/step
Epoch 205/10000

Epoch 205: val_loss did not improve from 0.27078
12/12 - 2s - loss: 0.2752 - mse: 0.2752 - mae: 0.4214 - val_loss: 0.2709 - val_mse: 0.2709 - val_mae: 0.4189 - 2s/epoch - 170ms/step
Epoch 206/10000

Epoch 206: val_loss did not improve from 0.27078
12/12 - 2s - loss: 0.2758 - mse: 0.2758 - mae: 0.4213 - val_loss: 0.2714 - val_mse: 0.2714 - val_mae: 0.4191 - 2s/epoch - 169ms/step
Epoch 207/10000

Epoch 207: val_loss did not improve from 0.27078
12/12 - 2s - loss: 0.2697 - mse: 0.2697 - mae: 0.4168 - val_loss: 0.2713 - val_mse: 0.2713 - val_mae: 0.4186 - 2s/epoch - 168ms/step
Epoch 208/10000

Epoch 208: val_loss did not improve from 0.27078
12/12 - 2s - loss: 0.2734 - mse: 0.2734 - mae: 0.4193 - val_loss: 0.2748 - val_mse: 0.2748 - val_mae: 0.4229 - 2s/epoch - 169ms/step
Epoch 209/10000

Epoch 209: val_loss did not improve from 0.27078
12/12 - 2s - loss: 0.2727 - mse: 0.2727 - mae: 0.4194 - val_loss: 0.2805 - val_mse: 0.2805 - val_mae: 0.4275 - 2s/epoch - 170ms/step
Epoch 210/10000

Epoch 210: val_loss did not improve from 0.27078
12/12 - 2s - loss: 0.2706 - mse: 0.2706 - mae: 0.4182 - val_loss: 0.2713 - val_mse: 0.2713 - val_mae: 0.4189 - 2s/epoch - 170ms/step
Epoch 211/10000

Epoch 211: val_loss did not improve from 0.27078
12/12 - 2s - loss: 0.2693 - mse: 0.2693 - mae: 0.4165 - val_loss: 0.2890 - val_mse: 0.2890 - val_mae: 0.4342 - 2s/epoch - 170ms/step
Epoch 212/10000

Epoch 212: val_loss did not improve from 0.27078
12/12 - 2s - loss: 0.2771 - mse: 0.2771 - mae: 0.4224 - val_loss: 0.2736 - val_mse: 0.2736 - val_mae: 0.4202 - 2s/epoch - 169ms/step
Epoch 212: early stopping
