[ 13.14088385  30.21795131  46.87850492  63.53905854  80.19961216
  96.86016577 113.52071939 130.181273   146.84182662 163.50238024
 180.16293385 196.82348747 213.48404109 230.1445947  246.80514832
 263.46570194 280.12625555 296.78680917 313.44736279 330.1079164
 346.76847002 363.42902363 380.08957725 396.75013087 413.41068448
 430.0712381 ]
Before undersampling: [(0, 379), (1, 843), (2, 3574), (3, 4722), (4, 3014), (5, 2364), (6, 2085), (7, 1796), (8, 1589), (9, 1446), (10, 1372), (11, 1271), (12, 1163), (13, 1050), (14, 878), (15, 802), (16, 678), (17, 642), (18, 453), (19, 423), (20, 312), (21, 282), (22, 244), (23, 187), (24, 211)]
After undersampling: [(0, 148), (1, 439), (2, 2490), (3, 3485), (4, 1856), (5, 1684), (6, 1431), (7, 1295), (8, 1097), (9, 1010), (10, 961), (11, 885), (12, 805), (13, 801), (14, 614), (15, 545), (16, 459), (17, 449), (18, 301), (19, 287), (20, 192), (21, 177), (22, 165), (23, 187), (24, 168)]
            label  HH_0_0_x  HV_0_0_x  IA_0_0_x       FYI      DFYI       MYI     rms_4     thk_0     rms_0     thk_1     rms_1     thk_2     rms_2  ...         3    4    5         6         7    8    9        10        11   12   13        14        15                                                CNN
0       14.954110  0.160784  0.039216  0.095420  0.020222  0.965426  0.014352  4.937144  1.148137  4.869055  1.242931  4.889625  1.174438  4.844776  ...  1.358025  0.0  0.0  1.417322  0.756851  0.0  0.0  2.041713  1.370784  0.0  0.0  1.484828  1.047032  [[[[0.2666666666666666], [0.095379518995098], ...
1       28.685049  0.133333  0.043137  0.089238  0.964769  0.030525  0.004706  4.293684  1.033033  4.289936  1.069717  4.256288  1.080235  4.313909  ...  0.934345  0.0  0.0  1.505573  0.444417  0.0  0.0  1.739218  1.100969  0.0  0.0  1.760818  0.709757  [[[[0.1254901960784313], [0.0892796684713924],...
2       25.546459  0.239216  0.129412  0.143193  0.561189  0.111823  0.326988  4.861358  1.296557  4.885522  1.086509  4.842299  1.080101  4.918478  ...  1.533853  0.0  0.0  1.509499  0.572890  0.0  0.0  1.495688  0.667867  0.0  0.0  1.581308  0.689690  [[[[0.2039215686274509], [0.1431587219238281],...
3       23.928360  0.192157  0.050980  0.104634  0.679749  0.275333  0.044918  4.656986  1.143509  4.627567  1.178540  4.611771  1.170401  4.679069  ...  1.623337  0.0  0.0  1.688856  0.665535  0.0  0.0  1.364260  0.905143  0.0  0.0  1.221681  0.479161  [[[[0.1568627450980392], [0.1045940847957835],...
4       14.315963  0.125490  0.054902  0.114732  0.983127  0.006677  0.010196  4.333243  1.048473  4.337625  1.058483  4.292519  1.086133  4.373374  ...  1.326000  0.0  0.0  1.350077  0.057433  0.0  0.0  1.597495  0.929273  0.0  0.0  1.788121  0.976967  [[[[0.1333333333333333], [0.1146937426398782],...
...           ...       ...       ...       ...       ...       ...       ...       ...       ...       ...       ...       ...       ...       ...  ...       ...  ...  ...       ...       ...  ...  ...       ...       ...  ...  ...       ...       ...                                                ...
21926  428.865028  0.349020  0.109804  0.081155  0.004640  0.000334  0.995026  4.788424  1.239560  4.825852  1.210715  4.809516  1.235946  4.858653  ...  1.710262  0.0  0.0  2.248280  0.666799  0.0  0.0  2.508874  1.536116  0.0  0.0  1.998454  1.064334  [[[[0.192156862745098], [0.0811967213948567], ...
21927  413.850629  0.239216  0.047059  0.081085  0.157408  0.002705  0.839887  4.847728  1.184231  4.867227  1.083960  4.872700  1.149023  4.887947  ...  1.399135  0.0  0.0  2.102352  1.346529  0.0  0.0  2.242782  1.332157  0.0  0.0  1.673444  0.672915  [[[[0.3411764705882353], [0.0811269049550972],...
21928  424.042418  0.282353  0.066667  0.149433  0.555378  0.061723  0.382898  4.688012  1.258673  4.743035  1.016727  4.767494  1.010674  4.744702  ...  1.048151  0.0  0.0  1.759950  0.344755  0.0  0.0  1.782739  1.367052  0.0  0.0  1.763050  1.095051  [[[[0.2], [0.1494652841605392], [0.06666666666...
21929  417.027580  0.505882  0.090196  0.152162  0.185910  0.031902  0.782188  4.533069  1.285978  4.561111  1.078744  4.612333  1.111985  4.550348  ...  1.035264  0.0  0.0  2.001448  1.379296  0.0  0.0  2.745631  1.093121  0.0  0.0  1.564485  0.810498  [[[[0.4196078431372549], [0.15219440834195], [...
21930  417.866263  0.392157  0.125490  0.152184  0.189279  0.051355  0.759366  4.660120  1.297405  4.687316  1.108060  4.690803  1.137967  4.681725  ...  1.124182  0.0  0.0  2.480716  1.210371  0.0  0.0  2.433277  1.084279  0.0  0.0  1.615430  0.530238  [[[[0.3490196078431372], [0.1522158155254289],...

[21931 rows x 37 columns]
Size of dataset: (21931, 36)
*************************** Fold #: 1 ***************************
Model: "model"
__________________________________________________________________________________________________
 Layer (type)                   Output Shape         Param #     Connected to                     
==================================================================================================
 conv (InputLayer)              [(None, 7, 7, 3, 1)  0           []                               
                                ]                                                                 
                                                                                                  
 zero_padding3d (ZeroPadding3D)  (None, 8, 8, 4, 1)  0           ['conv[0][0]']                   
                                                                                                  
 conv3d (Conv3D)                (None, 8, 8, 4, 8)   224         ['zero_padding3d[0][0]']         
                                                                                                  
 max_pooling3d (MaxPooling3D)   (None, 4, 4, 2, 8)   0           ['conv3d[0][0]']                 
                                                                                                  
 conv3d_1 (Conv3D)              (None, 4, 4, 2, 4)   868         ['max_pooling3d[0][0]']          
                                                                                                  
 max_pooling3d_1 (MaxPooling3D)  (None, 2, 2, 1, 4)  0           ['conv3d_1[0][0]']               
                                                                                                  
 cat (InputLayer)               [(None, 35)]         0           []                               
                                                                                                  
 flatten (Flatten)              (None, 16)           0           ['max_pooling3d_1[0][0]']        
                                                                                                  
 concatenate (Concatenate)      (None, 51)           0           ['cat[0][0]',                    
                                                                  'flatten[0][0]']                
                                                                                                  
 dense (Dense)                  (None, 102)          5304        ['concatenate[0][0]']            
                                                                                                  
 dense_1 (Dense)                (None, 102)          10506       ['dense[0][0]']                  
                                                                                                  
 dense_2 (Dense)                (None, 102)          10506       ['dense_1[0][0]']                
                                                                                                  
 dense_3 (Dense)                (None, 102)          10506       ['dense_2[0][0]']                
                                                                                                  
 dense_4 (Dense)                (None, 102)          10506       ['dense_3[0][0]']                
                                                                                                  
 dense_5 (Dense)                (None, 1)            103         ['dense_4[0][0]']                
                                                                                                  
==================================================================================================
Total params: 48,523
Trainable params: 48,523
Non-trainable params: 0
__________________________________________________________________________________________________
Epoch 1/10000

Epoch 1: val_loss improved from inf to 19.92294, saving model to ./results/NN_rms_regr/RNN/recursion_39/ckpt_1
11/11 - 3s - loss: 22.8000 - mse: 22.8000 - mae: 4.7363 - val_loss: 19.9229 - val_mse: 19.9229 - val_mae: 4.4234 - 3s/epoch - 290ms/step
Epoch 2/10000

Epoch 2: val_loss improved from 19.92294 to 1.83240, saving model to ./results/NN_rms_regr/RNN/recursion_39/ckpt_1
11/11 - 3s - loss: 10.8024 - mse: 10.8024 - mae: 2.9729 - val_loss: 1.8324 - val_mse: 1.8324 - val_mae: 1.2311 - 3s/epoch - 240ms/step
Epoch 3/10000

Epoch 3: val_loss improved from 1.83240 to 1.73552, saving model to ./results/NN_rms_regr/RNN/recursion_39/ckpt_1
11/11 - 3s - loss: 1.9638 - mse: 1.9638 - mae: 1.1829 - val_loss: 1.7355 - val_mse: 1.7355 - val_mae: 1.1971 - 3s/epoch - 238ms/step
Epoch 4/10000

Epoch 4: val_loss improved from 1.73552 to 0.75300, saving model to ./results/NN_rms_regr/RNN/recursion_39/ckpt_1
11/11 - 3s - loss: 0.9688 - mse: 0.9688 - mae: 0.8154 - val_loss: 0.7530 - val_mse: 0.7530 - val_mae: 0.7274 - 3s/epoch - 241ms/step
Epoch 5/10000

Epoch 5: val_loss improved from 0.75300 to 0.48756, saving model to ./results/NN_rms_regr/RNN/recursion_39/ckpt_1
11/11 - 3s - loss: 0.5077 - mse: 0.5077 - mae: 0.5775 - val_loss: 0.4876 - val_mse: 0.4876 - val_mae: 0.5598 - 3s/epoch - 238ms/step
Epoch 6/10000

Epoch 6: val_loss improved from 0.48756 to 0.35723, saving model to ./results/NN_rms_regr/RNN/recursion_39/ckpt_1
11/11 - 3s - loss: 0.3645 - mse: 0.3645 - mae: 0.4934 - val_loss: 0.3572 - val_mse: 0.3572 - val_mae: 0.4919 - 3s/epoch - 244ms/step
Epoch 7/10000

Epoch 7: val_loss improved from 0.35723 to 0.31681, saving model to ./results/NN_rms_regr/RNN/recursion_39/ckpt_1
11/11 - 3s - loss: 0.3200 - mse: 0.3200 - mae: 0.4646 - val_loss: 0.3168 - val_mse: 0.3168 - val_mae: 0.4617 - 3s/epoch - 254ms/step
Epoch 8/10000

Epoch 8: val_loss improved from 0.31681 to 0.31057, saving model to ./results/NN_rms_regr/RNN/recursion_39/ckpt_1
11/11 - 3s - loss: 0.3059 - mse: 0.3059 - mae: 0.4583 - val_loss: 0.3106 - val_mse: 0.3106 - val_mae: 0.4585 - 3s/epoch - 254ms/step
Epoch 9/10000

Epoch 9: val_loss improved from 0.31057 to 0.30907, saving model to ./results/NN_rms_regr/RNN/recursion_39/ckpt_1
11/11 - 3s - loss: 0.2999 - mse: 0.2999 - mae: 0.4525 - val_loss: 0.3091 - val_mse: 0.3091 - val_mae: 0.4583 - 3s/epoch - 255ms/step
Epoch 10/10000

Epoch 10: val_loss improved from 0.30907 to 0.30831, saving model to ./results/NN_rms_regr/RNN/recursion_39/ckpt_1
11/11 - 3s - loss: 0.2985 - mse: 0.2985 - mae: 0.4522 - val_loss: 0.3083 - val_mse: 0.3083 - val_mae: 0.4567 - 3s/epoch - 249ms/step
Epoch 11/10000

Epoch 11: val_loss improved from 0.30831 to 0.30647, saving model to ./results/NN_rms_regr/RNN/recursion_39/ckpt_1
11/11 - 3s - loss: 0.2971 - mse: 0.2971 - mae: 0.4508 - val_loss: 0.3065 - val_mse: 0.3065 - val_mae: 0.4560 - 3s/epoch - 254ms/step
Epoch 12/10000

Epoch 12: val_loss improved from 0.30647 to 0.30535, saving model to ./results/NN_rms_regr/RNN/recursion_39/ckpt_1
11/11 - 3s - loss: 0.2962 - mse: 0.2962 - mae: 0.4500 - val_loss: 0.3054 - val_mse: 0.3054 - val_mae: 0.4548 - 3s/epoch - 247ms/step
Epoch 13/10000

Epoch 13: val_loss improved from 0.30535 to 0.30446, saving model to ./results/NN_rms_regr/RNN/recursion_39/ckpt_1
11/11 - 3s - loss: 0.2951 - mse: 0.2951 - mae: 0.4492 - val_loss: 0.3045 - val_mse: 0.3045 - val_mae: 0.4538 - 3s/epoch - 253ms/step
Epoch 14/10000

Epoch 14: val_loss improved from 0.30446 to 0.30318, saving model to ./results/NN_rms_regr/RNN/recursion_39/ckpt_1
11/11 - 3s - loss: 0.2944 - mse: 0.2944 - mae: 0.4484 - val_loss: 0.3032 - val_mse: 0.3032 - val_mae: 0.4530 - 3s/epoch - 254ms/step
Epoch 15/10000

Epoch 15: val_loss improved from 0.30318 to 0.30220, saving model to ./results/NN_rms_regr/RNN/recursion_39/ckpt_1
11/11 - 3s - loss: 0.2932 - mse: 0.2932 - mae: 0.4472 - val_loss: 0.3022 - val_mse: 0.3022 - val_mae: 0.4520 - 3s/epoch - 254ms/step
Epoch 16/10000

Epoch 16: val_loss did not improve from 0.30220
11/11 - 2s - loss: 0.2925 - mse: 0.2925 - mae: 0.4467 - val_loss: 0.3024 - val_mse: 0.3024 - val_mae: 0.4514 - 2s/epoch - 174ms/step
Epoch 17/10000

Epoch 17: val_loss improved from 0.30220 to 0.30060, saving model to ./results/NN_rms_regr/RNN/recursion_39/ckpt_1
11/11 - 3s - loss: 0.2915 - mse: 0.2915 - mae: 0.4454 - val_loss: 0.3006 - val_mse: 0.3006 - val_mae: 0.4510 - 3s/epoch - 248ms/step
Epoch 18/10000

Epoch 18: val_loss improved from 0.30060 to 0.29917, saving model to ./results/NN_rms_regr/RNN/recursion_39/ckpt_1
11/11 - 3s - loss: 0.2904 - mse: 0.2904 - mae: 0.4446 - val_loss: 0.2992 - val_mse: 0.2992 - val_mae: 0.4494 - 3s/epoch - 253ms/step
Epoch 19/10000

Epoch 19: val_loss improved from 0.29917 to 0.29831, saving model to ./results/NN_rms_regr/RNN/recursion_39/ckpt_1
11/11 - 3s - loss: 0.2895 - mse: 0.2895 - mae: 0.4440 - val_loss: 0.2983 - val_mse: 0.2983 - val_mae: 0.4485 - 3s/epoch - 254ms/step
Epoch 20/10000

Epoch 20: val_loss improved from 0.29831 to 0.29733, saving model to ./results/NN_rms_regr/RNN/recursion_39/ckpt_1
11/11 - 3s - loss: 0.2890 - mse: 0.2890 - mae: 0.4432 - val_loss: 0.2973 - val_mse: 0.2973 - val_mae: 0.4479 - 3s/epoch - 248ms/step
Epoch 21/10000

Epoch 21: val_loss improved from 0.29733 to 0.29671, saving model to ./results/NN_rms_regr/RNN/recursion_39/ckpt_1
11/11 - 3s - loss: 0.2876 - mse: 0.2876 - mae: 0.4421 - val_loss: 0.2967 - val_mse: 0.2967 - val_mae: 0.4468 - 3s/epoch - 253ms/step
Epoch 22/10000

Epoch 22: val_loss improved from 0.29671 to 0.29561, saving model to ./results/NN_rms_regr/RNN/recursion_39/ckpt_1
11/11 - 3s - loss: 0.2869 - mse: 0.2869 - mae: 0.4414 - val_loss: 0.2956 - val_mse: 0.2956 - val_mae: 0.4460 - 3s/epoch - 253ms/step
Epoch 23/10000

Epoch 23: val_loss improved from 0.29561 to 0.29536, saving model to ./results/NN_rms_regr/RNN/recursion_39/ckpt_1
11/11 - 3s - loss: 0.2862 - mse: 0.2862 - mae: 0.4405 - val_loss: 0.2954 - val_mse: 0.2954 - val_mae: 0.4453 - 3s/epoch - 255ms/step
Epoch 24/10000

Epoch 24: val_loss improved from 0.29536 to 0.29525, saving model to ./results/NN_rms_regr/RNN/recursion_39/ckpt_1
11/11 - 3s - loss: 0.2857 - mse: 0.2857 - mae: 0.4400 - val_loss: 0.2952 - val_mse: 0.2952 - val_mae: 0.4449 - 3s/epoch - 255ms/step
Epoch 25/10000

Epoch 25: val_loss improved from 0.29525 to 0.29320, saving model to ./results/NN_rms_regr/RNN/recursion_39/ckpt_1
11/11 - 3s - loss: 0.2849 - mse: 0.2849 - mae: 0.4390 - val_loss: 0.2932 - val_mse: 0.2932 - val_mae: 0.4438 - 3s/epoch - 247ms/step
Epoch 26/10000

Epoch 26: val_loss improved from 0.29320 to 0.29246, saving model to ./results/NN_rms_regr/RNN/recursion_39/ckpt_1
11/11 - 3s - loss: 0.2843 - mse: 0.2843 - mae: 0.4385 - val_loss: 0.2925 - val_mse: 0.2925 - val_mae: 0.4431 - 3s/epoch - 254ms/step
Epoch 27/10000

Epoch 27: val_loss improved from 0.29246 to 0.29202, saving model to ./results/NN_rms_regr/RNN/recursion_39/ckpt_1
11/11 - 3s - loss: 0.2834 - mse: 0.2834 - mae: 0.4378 - val_loss: 0.2920 - val_mse: 0.2920 - val_mae: 0.4424 - 3s/epoch - 248ms/step
Epoch 28/10000

Epoch 28: val_loss did not improve from 0.29202
11/11 - 2s - loss: 0.2827 - mse: 0.2827 - mae: 0.4372 - val_loss: 0.2925 - val_mse: 0.2925 - val_mae: 0.4422 - 2s/epoch - 173ms/step
Epoch 29/10000

Epoch 29: val_loss improved from 0.29202 to 0.29033, saving model to ./results/NN_rms_regr/RNN/recursion_39/ckpt_1
11/11 - 3s - loss: 0.2825 - mse: 0.2825 - mae: 0.4364 - val_loss: 0.2903 - val_mse: 0.2903 - val_mae: 0.4411 - 3s/epoch - 253ms/step
Epoch 30/10000

Epoch 30: val_loss improved from 0.29033 to 0.28969, saving model to ./results/NN_rms_regr/RNN/recursion_39/ckpt_1
11/11 - 3s - loss: 0.2815 - mse: 0.2815 - mae: 0.4358 - val_loss: 0.2897 - val_mse: 0.2897 - val_mae: 0.4405 - 3s/epoch - 253ms/step
Epoch 31/10000

Epoch 31: val_loss improved from 0.28969 to 0.28952, saving model to ./results/NN_rms_regr/RNN/recursion_39/ckpt_1
11/11 - 3s - loss: 0.2817 - mse: 0.2817 - mae: 0.4356 - val_loss: 0.2895 - val_mse: 0.2895 - val_mae: 0.4404 - 3s/epoch - 254ms/step
Epoch 32/10000

Epoch 32: val_loss improved from 0.28952 to 0.28878, saving model to ./results/NN_rms_regr/RNN/recursion_39/ckpt_1
11/11 - 3s - loss: 0.2811 - mse: 0.2811 - mae: 0.4352 - val_loss: 0.2888 - val_mse: 0.2888 - val_mae: 0.4392 - 3s/epoch - 248ms/step
Epoch 33/10000

Epoch 33: val_loss improved from 0.28878 to 0.28823, saving model to ./results/NN_rms_regr/RNN/recursion_39/ckpt_1
11/11 - 3s - loss: 0.2800 - mse: 0.2800 - mae: 0.4343 - val_loss: 0.2882 - val_mse: 0.2882 - val_mae: 0.4386 - 3s/epoch - 254ms/step
Epoch 34/10000

Epoch 34: val_loss did not improve from 0.28823
11/11 - 2s - loss: 0.2794 - mse: 0.2794 - mae: 0.4337 - val_loss: 0.2883 - val_mse: 0.2883 - val_mae: 0.4384 - 2s/epoch - 175ms/step
Epoch 35/10000

Epoch 35: val_loss improved from 0.28823 to 0.28787, saving model to ./results/NN_rms_regr/RNN/recursion_39/ckpt_1
11/11 - 3s - loss: 0.2800 - mse: 0.2800 - mae: 0.4341 - val_loss: 0.2879 - val_mse: 0.2879 - val_mae: 0.4379 - 3s/epoch - 255ms/step
Epoch 36/10000

Epoch 36: val_loss improved from 0.28787 to 0.28653, saving model to ./results/NN_rms_regr/RNN/recursion_39/ckpt_1
11/11 - 3s - loss: 0.2791 - mse: 0.2791 - mae: 0.4330 - val_loss: 0.2865 - val_mse: 0.2865 - val_mae: 0.4370 - 3s/epoch - 248ms/step
Epoch 37/10000

Epoch 37: val_loss improved from 0.28653 to 0.28601, saving model to ./results/NN_rms_regr/RNN/recursion_39/ckpt_1
11/11 - 3s - loss: 0.2782 - mse: 0.2782 - mae: 0.4322 - val_loss: 0.2860 - val_mse: 0.2860 - val_mae: 0.4367 - 3s/epoch - 253ms/step
Epoch 38/10000

Epoch 38: val_loss improved from 0.28601 to 0.28600, saving model to ./results/NN_rms_regr/RNN/recursion_39/ckpt_1
11/11 - 3s - loss: 0.2780 - mse: 0.2780 - mae: 0.4320 - val_loss: 0.2860 - val_mse: 0.2860 - val_mae: 0.4362 - 3s/epoch - 255ms/step
Epoch 39/10000

Epoch 39: val_loss improved from 0.28600 to 0.28535, saving model to ./results/NN_rms_regr/RNN/recursion_39/ckpt_1
11/11 - 3s - loss: 0.2775 - mse: 0.2775 - mae: 0.4314 - val_loss: 0.2854 - val_mse: 0.2854 - val_mae: 0.4357 - 3s/epoch - 247ms/step
Epoch 40/10000

Epoch 40: val_loss improved from 0.28535 to 0.28528, saving model to ./results/NN_rms_regr/RNN/recursion_39/ckpt_1
11/11 - 3s - loss: 0.2774 - mse: 0.2774 - mae: 0.4312 - val_loss: 0.2853 - val_mse: 0.2853 - val_mae: 0.4354 - 3s/epoch - 252ms/step
Epoch 41/10000

Epoch 41: val_loss improved from 0.28528 to 0.28449, saving model to ./results/NN_rms_regr/RNN/recursion_39/ckpt_1
11/11 - 3s - loss: 0.2770 - mse: 0.2770 - mae: 0.4308 - val_loss: 0.2845 - val_mse: 0.2845 - val_mae: 0.4349 - 3s/epoch - 254ms/step
Epoch 42/10000

Epoch 42: val_loss improved from 0.28449 to 0.28412, saving model to ./results/NN_rms_regr/RNN/recursion_39/ckpt_1
11/11 - 3s - loss: 0.2766 - mse: 0.2766 - mae: 0.4305 - val_loss: 0.2841 - val_mse: 0.2841 - val_mae: 0.4345 - 3s/epoch - 254ms/step
Epoch 43/10000

Epoch 43: val_loss improved from 0.28412 to 0.28404, saving model to ./results/NN_rms_regr/RNN/recursion_39/ckpt_1
11/11 - 3s - loss: 0.2768 - mse: 0.2768 - mae: 0.4304 - val_loss: 0.2840 - val_mse: 0.2840 - val_mae: 0.4342 - 3s/epoch - 255ms/step
Epoch 44/10000

Epoch 44: val_loss did not improve from 0.28404
11/11 - 2s - loss: 0.2760 - mse: 0.2760 - mae: 0.4296 - val_loss: 0.2849 - val_mse: 0.2849 - val_mae: 0.4344 - 2s/epoch - 174ms/step
Epoch 45/10000

Epoch 45: val_loss did not improve from 0.28404
11/11 - 2s - loss: 0.2761 - mse: 0.2761 - mae: 0.4296 - val_loss: 0.2862 - val_mse: 0.2862 - val_mae: 0.4349 - 2s/epoch - 180ms/step
Epoch 46/10000

Epoch 46: val_loss did not improve from 0.28404
11/11 - 2s - loss: 0.2759 - mse: 0.2759 - mae: 0.4298 - val_loss: 0.2869 - val_mse: 0.2869 - val_mae: 0.4352 - 2s/epoch - 174ms/step
Epoch 47/10000

Epoch 47: val_loss did not improve from 0.28404
11/11 - 2s - loss: 0.2769 - mse: 0.2769 - mae: 0.4301 - val_loss: 0.2842 - val_mse: 0.2842 - val_mae: 0.4336 - 2s/epoch - 174ms/step
Epoch 48/10000

Epoch 48: val_loss improved from 0.28404 to 0.28235, saving model to ./results/NN_rms_regr/RNN/recursion_39/ckpt_1
11/11 - 3s - loss: 0.2753 - mse: 0.2753 - mae: 0.4288 - val_loss: 0.2824 - val_mse: 0.2824 - val_mae: 0.4325 - 3s/epoch - 248ms/step
Epoch 49/10000

Epoch 49: val_loss improved from 0.28235 to 0.28188, saving model to ./results/NN_rms_regr/RNN/recursion_39/ckpt_1
11/11 - 3s - loss: 0.2749 - mse: 0.2749 - mae: 0.4285 - val_loss: 0.2819 - val_mse: 0.2819 - val_mae: 0.4323 - 3s/epoch - 253ms/step
Epoch 50/10000

Epoch 50: val_loss did not improve from 0.28188
11/11 - 2s - loss: 0.2749 - mse: 0.2749 - mae: 0.4284 - val_loss: 0.2819 - val_mse: 0.2819 - val_mae: 0.4324 - 2s/epoch - 174ms/step
Epoch 51/10000

Epoch 51: val_loss improved from 0.28188 to 0.28145, saving model to ./results/NN_rms_regr/RNN/recursion_39/ckpt_1
11/11 - 3s - loss: 0.2747 - mse: 0.2747 - mae: 0.4283 - val_loss: 0.2815 - val_mse: 0.2815 - val_mae: 0.4317 - 3s/epoch - 248ms/step
Epoch 52/10000

Epoch 52: val_loss improved from 0.28145 to 0.28131, saving model to ./results/NN_rms_regr/RNN/recursion_39/ckpt_1
11/11 - 3s - loss: 0.2743 - mse: 0.2743 - mae: 0.4278 - val_loss: 0.2813 - val_mse: 0.2813 - val_mae: 0.4315 - 3s/epoch - 253ms/step
Epoch 53/10000

Epoch 53: val_loss did not improve from 0.28131
11/11 - 2s - loss: 0.2745 - mse: 0.2745 - mae: 0.4278 - val_loss: 0.2816 - val_mse: 0.2816 - val_mae: 0.4314 - 2s/epoch - 173ms/step
Epoch 54/10000

Epoch 54: val_loss improved from 0.28131 to 0.28091, saving model to ./results/NN_rms_regr/RNN/recursion_39/ckpt_1
11/11 - 3s - loss: 0.2739 - mse: 0.2739 - mae: 0.4272 - val_loss: 0.2809 - val_mse: 0.2809 - val_mae: 0.4313 - 3s/epoch - 255ms/step
Epoch 55/10000

Epoch 55: val_loss did not improve from 0.28091
11/11 - 2s - loss: 0.2740 - mse: 0.2740 - mae: 0.4277 - val_loss: 0.2812 - val_mse: 0.2812 - val_mae: 0.4310 - 2s/epoch - 175ms/step
Epoch 56/10000

Epoch 56: val_loss did not improve from 0.28091
11/11 - 2s - loss: 0.2739 - mse: 0.2739 - mae: 0.4271 - val_loss: 0.2824 - val_mse: 0.2824 - val_mae: 0.4315 - 2s/epoch - 174ms/step
Epoch 57/10000

Epoch 57: val_loss did not improve from 0.28091
11/11 - 2s - loss: 0.2746 - mse: 0.2746 - mae: 0.4275 - val_loss: 0.2813 - val_mse: 0.2813 - val_mae: 0.4308 - 2s/epoch - 174ms/step
Epoch 58/10000

Epoch 58: val_loss did not improve from 0.28091
11/11 - 2s - loss: 0.2735 - mse: 0.2735 - mae: 0.4266 - val_loss: 0.2813 - val_mse: 0.2813 - val_mae: 0.4307 - 2s/epoch - 175ms/step
Epoch 59/10000

Epoch 59: val_loss improved from 0.28091 to 0.28025, saving model to ./results/NN_rms_regr/RNN/recursion_39/ckpt_1
11/11 - 3s - loss: 0.2736 - mse: 0.2736 - mae: 0.4270 - val_loss: 0.2803 - val_mse: 0.2803 - val_mae: 0.4306 - 3s/epoch - 254ms/step
Epoch 60/10000

Epoch 60: val_loss improved from 0.28025 to 0.27977, saving model to ./results/NN_rms_regr/RNN/recursion_39/ckpt_1
11/11 - 3s - loss: 0.2742 - mse: 0.2742 - mae: 0.4271 - val_loss: 0.2798 - val_mse: 0.2798 - val_mae: 0.4298 - 3s/epoch - 249ms/step
Epoch 61/10000

Epoch 61: val_loss improved from 0.27977 to 0.27951, saving model to ./results/NN_rms_regr/RNN/recursion_39/ckpt_1
11/11 - 3s - loss: 0.2729 - mse: 0.2729 - mae: 0.4262 - val_loss: 0.2795 - val_mse: 0.2795 - val_mae: 0.4297 - 3s/epoch - 254ms/step
Epoch 62/10000

Epoch 62: val_loss improved from 0.27951 to 0.27943, saving model to ./results/NN_rms_regr/RNN/recursion_39/ckpt_1
11/11 - 3s - loss: 0.2728 - mse: 0.2728 - mae: 0.4262 - val_loss: 0.2794 - val_mse: 0.2794 - val_mae: 0.4297 - 3s/epoch - 255ms/step
Epoch 63/10000

Epoch 63: val_loss improved from 0.27943 to 0.27921, saving model to ./results/NN_rms_regr/RNN/recursion_39/ckpt_1
11/11 - 3s - loss: 0.2726 - mse: 0.2726 - mae: 0.4261 - val_loss: 0.2792 - val_mse: 0.2792 - val_mae: 0.4294 - 3s/epoch - 247ms/step
Epoch 64/10000

Epoch 64: val_loss improved from 0.27921 to 0.27906, saving model to ./results/NN_rms_regr/RNN/recursion_39/ckpt_1
11/11 - 3s - loss: 0.2724 - mse: 0.2724 - mae: 0.4260 - val_loss: 0.2791 - val_mse: 0.2791 - val_mae: 0.4292 - 3s/epoch - 253ms/step
Epoch 65/10000

Epoch 65: val_loss did not improve from 0.27906
11/11 - 2s - loss: 0.2725 - mse: 0.2725 - mae: 0.4259 - val_loss: 0.2796 - val_mse: 0.2796 - val_mae: 0.4292 - 2s/epoch - 173ms/step
Epoch 66/10000

Epoch 66: val_loss did not improve from 0.27906
11/11 - 2s - loss: 0.2727 - mse: 0.2727 - mae: 0.4261 - val_loss: 0.2812 - val_mse: 0.2812 - val_mae: 0.4300 - 2s/epoch - 174ms/step
Epoch 67/10000

Epoch 67: val_loss improved from 0.27906 to 0.27868, saving model to ./results/NN_rms_regr/RNN/recursion_39/ckpt_1
11/11 - 3s - loss: 0.2728 - mse: 0.2728 - mae: 0.4260 - val_loss: 0.2787 - val_mse: 0.2787 - val_mae: 0.4288 - 3s/epoch - 255ms/step
Epoch 68/10000

Epoch 68: val_loss improved from 0.27868 to 0.27859, saving model to ./results/NN_rms_regr/RNN/recursion_39/ckpt_1
11/11 - 3s - loss: 0.2721 - mse: 0.2721 - mae: 0.4255 - val_loss: 0.2786 - val_mse: 0.2786 - val_mae: 0.4286 - 3s/epoch - 248ms/step
Epoch 69/10000

Epoch 69: val_loss did not improve from 0.27859
11/11 - 2s - loss: 0.2721 - mse: 0.2721 - mae: 0.4255 - val_loss: 0.2787 - val_mse: 0.2787 - val_mae: 0.4285 - 2s/epoch - 175ms/step
Epoch 70/10000

Epoch 70: val_loss did not improve from 0.27859
11/11 - 2s - loss: 0.2730 - mse: 0.2730 - mae: 0.4262 - val_loss: 0.2806 - val_mse: 0.2806 - val_mae: 0.4294 - 2s/epoch - 175ms/step
Epoch 71/10000

Epoch 71: val_loss improved from 0.27859 to 0.27829, saving model to ./results/NN_rms_regr/RNN/recursion_39/ckpt_1
11/11 - 3s - loss: 0.2723 - mse: 0.2723 - mae: 0.4254 - val_loss: 0.2783 - val_mse: 0.2783 - val_mae: 0.4284 - 3s/epoch - 254ms/step
Epoch 72/10000

Epoch 72: val_loss improved from 0.27829 to 0.27821, saving model to ./results/NN_rms_regr/RNN/recursion_39/ckpt_1
11/11 - 3s - loss: 0.2718 - mse: 0.2718 - mae: 0.4250 - val_loss: 0.2782 - val_mse: 0.2782 - val_mae: 0.4283 - 3s/epoch - 255ms/step
Epoch 73/10000

Epoch 73: val_loss improved from 0.27821 to 0.27818, saving model to ./results/NN_rms_regr/RNN/recursion_39/ckpt_1
11/11 - 3s - loss: 0.2721 - mse: 0.2721 - mae: 0.4255 - val_loss: 0.2782 - val_mse: 0.2782 - val_mae: 0.4283 - 3s/epoch - 248ms/step
Epoch 74/10000

Epoch 74: val_loss did not improve from 0.27818
11/11 - 2s - loss: 0.2720 - mse: 0.2720 - mae: 0.4253 - val_loss: 0.2782 - val_mse: 0.2782 - val_mae: 0.4279 - 2s/epoch - 174ms/step
Epoch 75/10000

Epoch 75: val_loss did not improve from 0.27818
11/11 - 2s - loss: 0.2716 - mse: 0.2716 - mae: 0.4248 - val_loss: 0.2784 - val_mse: 0.2784 - val_mae: 0.4279 - 2s/epoch - 174ms/step
Epoch 76/10000

Epoch 76: val_loss improved from 0.27818 to 0.27777, saving model to ./results/NN_rms_regr/RNN/recursion_39/ckpt_1
11/11 - 3s - loss: 0.2723 - mse: 0.2723 - mae: 0.4252 - val_loss: 0.2778 - val_mse: 0.2778 - val_mae: 0.4278 - 3s/epoch - 255ms/step
Epoch 77/10000

Epoch 77: val_loss improved from 0.27777 to 0.27770, saving model to ./results/NN_rms_regr/RNN/recursion_39/ckpt_1
11/11 - 3s - loss: 0.2715 - mse: 0.2715 - mae: 0.4249 - val_loss: 0.2777 - val_mse: 0.2777 - val_mae: 0.4277 - 3s/epoch - 248ms/step
Epoch 78/10000

Epoch 78: val_loss did not improve from 0.27770
11/11 - 2s - loss: 0.2716 - mse: 0.2716 - mae: 0.4249 - val_loss: 0.2780 - val_mse: 0.2780 - val_mae: 0.4276 - 2s/epoch - 174ms/step
Epoch 79/10000

Epoch 79: val_loss did not improve from 0.27770
11/11 - 2s - loss: 0.2713 - mse: 0.2713 - mae: 0.4246 - val_loss: 0.2780 - val_mse: 0.2780 - val_mae: 0.4275 - 2s/epoch - 174ms/step
Epoch 80/10000

Epoch 80: val_loss did not improve from 0.27770
11/11 - 2s - loss: 0.2712 - mse: 0.2712 - mae: 0.4245 - val_loss: 0.2778 - val_mse: 0.2778 - val_mae: 0.4274 - 2s/epoch - 174ms/step
Epoch 81/10000

Epoch 81: val_loss improved from 0.27770 to 0.27735, saving model to ./results/NN_rms_regr/RNN/recursion_39/ckpt_1
11/11 - 3s - loss: 0.2720 - mse: 0.2720 - mae: 0.4250 - val_loss: 0.2773 - val_mse: 0.2773 - val_mae: 0.4272 - 3s/epoch - 253ms/step
Epoch 82/10000

Epoch 82: val_loss did not improve from 0.27735
11/11 - 2s - loss: 0.2711 - mse: 0.2711 - mae: 0.4244 - val_loss: 0.2776 - val_mse: 0.2776 - val_mae: 0.4272 - 2s/epoch - 175ms/step
Epoch 83/10000

Epoch 83: val_loss did not improve from 0.27735
11/11 - 2s - loss: 0.2720 - mse: 0.2720 - mae: 0.4248 - val_loss: 0.2800 - val_mse: 0.2800 - val_mae: 0.4296 - 2s/epoch - 175ms/step
Epoch 84/10000

Epoch 84: val_loss did not improve from 0.27735
11/11 - 2s - loss: 0.2716 - mse: 0.2716 - mae: 0.4247 - val_loss: 0.2804 - val_mse: 0.2804 - val_mae: 0.4285 - 2s/epoch - 175ms/step
Epoch 85/10000

Epoch 85: val_loss did not improve from 0.27735
11/11 - 2s - loss: 0.2715 - mse: 0.2715 - mae: 0.4247 - val_loss: 0.2774 - val_mse: 0.2774 - val_mae: 0.4269 - 2s/epoch - 175ms/step
Epoch 86/10000

Epoch 86: val_loss improved from 0.27735 to 0.27716, saving model to ./results/NN_rms_regr/RNN/recursion_39/ckpt_1
11/11 - 3s - loss: 0.2716 - mse: 0.2716 - mae: 0.4245 - val_loss: 0.2772 - val_mse: 0.2772 - val_mae: 0.4271 - 3s/epoch - 254ms/step
Epoch 87/10000

Epoch 87: val_loss did not improve from 0.27716
11/11 - 2s - loss: 0.2716 - mse: 0.2716 - mae: 0.4245 - val_loss: 0.2779 - val_mse: 0.2779 - val_mae: 0.4270 - 2s/epoch - 174ms/step
Epoch 88/10000

Epoch 88: val_loss did not improve from 0.27716
11/11 - 2s - loss: 0.2715 - mse: 0.2715 - mae: 0.4241 - val_loss: 0.2778 - val_mse: 0.2778 - val_mae: 0.4276 - 2s/epoch - 174ms/step
Epoch 89/10000

Epoch 89: val_loss improved from 0.27716 to 0.27683, saving model to ./results/NN_rms_regr/RNN/recursion_39/ckpt_1
11/11 - 3s - loss: 0.2708 - mse: 0.2708 - mae: 0.4237 - val_loss: 0.2768 - val_mse: 0.2768 - val_mae: 0.4266 - 3s/epoch - 255ms/step
Epoch 90/10000

Epoch 90: val_loss did not improve from 0.27683
11/11 - 2s - loss: 0.2708 - mse: 0.2708 - mae: 0.4240 - val_loss: 0.2771 - val_mse: 0.2771 - val_mae: 0.4265 - 2s/epoch - 173ms/step
Epoch 91/10000

Epoch 91: val_loss did not improve from 0.27683
11/11 - 2s - loss: 0.2710 - mse: 0.2710 - mae: 0.4239 - val_loss: 0.2768 - val_mse: 0.2768 - val_mae: 0.4264 - 2s/epoch - 174ms/step
Epoch 92/10000

Epoch 92: val_loss improved from 0.27683 to 0.27671, saving model to ./results/NN_rms_regr/RNN/recursion_39/ckpt_1
11/11 - 3s - loss: 0.2710 - mse: 0.2710 - mae: 0.4241 - val_loss: 0.2767 - val_mse: 0.2767 - val_mae: 0.4263 - 3s/epoch - 248ms/step
Epoch 93/10000

Epoch 93: val_loss improved from 0.27671 to 0.27660, saving model to ./results/NN_rms_regr/RNN/recursion_39/ckpt_1
11/11 - 3s - loss: 0.2709 - mse: 0.2709 - mae: 0.4237 - val_loss: 0.2766 - val_mse: 0.2766 - val_mae: 0.4263 - 3s/epoch - 254ms/step
Epoch 94/10000

Epoch 94: val_loss did not improve from 0.27660
11/11 - 2s - loss: 0.2710 - mse: 0.2710 - mae: 0.4240 - val_loss: 0.2768 - val_mse: 0.2768 - val_mae: 0.4262 - 2s/epoch - 174ms/step
Epoch 95/10000

Epoch 95: val_loss improved from 0.27660 to 0.27660, saving model to ./results/NN_rms_regr/RNN/recursion_39/ckpt_1
11/11 - 3s - loss: 0.2714 - mse: 0.2714 - mae: 0.4240 - val_loss: 0.2766 - val_mse: 0.2766 - val_mae: 0.4263 - 3s/epoch - 248ms/step
Epoch 96/10000

Epoch 96: val_loss did not improve from 0.27660
11/11 - 2s - loss: 0.2722 - mse: 0.2722 - mae: 0.4251 - val_loss: 0.2800 - val_mse: 0.2800 - val_mae: 0.4277 - 2s/epoch - 174ms/step
Epoch 97/10000

Epoch 97: val_loss did not improve from 0.27660
11/11 - 2s - loss: 0.2718 - mse: 0.2718 - mae: 0.4245 - val_loss: 0.2771 - val_mse: 0.2771 - val_mae: 0.4268 - 2s/epoch - 175ms/step
Epoch 98/10000

Epoch 98: val_loss did not improve from 0.27660
11/11 - 2s - loss: 0.2720 - mse: 0.2720 - mae: 0.4249 - val_loss: 0.2810 - val_mse: 0.2810 - val_mae: 0.4282 - 2s/epoch - 175ms/step
Epoch 99/10000

Epoch 99: val_loss improved from 0.27660 to 0.27631, saving model to ./results/NN_rms_regr/RNN/recursion_39/ckpt_1
11/11 - 3s - loss: 0.2734 - mse: 0.2734 - mae: 0.4250 - val_loss: 0.2763 - val_mse: 0.2763 - val_mae: 0.4259 - 3s/epoch - 253ms/step
Epoch 100/10000

Epoch 100: val_loss did not improve from 0.27631
11/11 - 2s - loss: 0.2722 - mse: 0.2722 - mae: 0.4250 - val_loss: 0.2764 - val_mse: 0.2764 - val_mae: 0.4261 - 2s/epoch - 174ms/step
Epoch 101/10000

Epoch 101: val_loss did not improve from 0.27631
11/11 - 2s - loss: 0.2709 - mse: 0.2709 - mae: 0.4234 - val_loss: 0.2803 - val_mse: 0.2803 - val_mae: 0.4277 - 2s/epoch - 174ms/step
Epoch 102/10000

Epoch 102: val_loss did not improve from 0.27631
11/11 - 2s - loss: 0.2723 - mse: 0.2723 - mae: 0.4242 - val_loss: 0.2794 - val_mse: 0.2794 - val_mae: 0.4288 - 2s/epoch - 174ms/step
Epoch 103/10000

Epoch 103: val_loss did not improve from 0.27631
11/11 - 2s - loss: 0.2730 - mse: 0.2730 - mae: 0.4255 - val_loss: 0.2789 - val_mse: 0.2789 - val_mae: 0.4269 - 2s/epoch - 173ms/step
Epoch 104/10000

Epoch 104: val_loss did not improve from 0.27631
11/11 - 2s - loss: 0.2725 - mse: 0.2725 - mae: 0.4246 - val_loss: 0.2776 - val_mse: 0.2776 - val_mae: 0.4272 - 2s/epoch - 174ms/step
Epoch 105/10000

Epoch 105: val_loss improved from 0.27631 to 0.27606, saving model to ./results/NN_rms_regr/RNN/recursion_39/ckpt_1
11/11 - 3s - loss: 0.2709 - mse: 0.2709 - mae: 0.4237 - val_loss: 0.2761 - val_mse: 0.2761 - val_mae: 0.4255 - 3s/epoch - 254ms/step
Epoch 106/10000

Epoch 106: val_loss did not improve from 0.27606
11/11 - 2s - loss: 0.2703 - mse: 0.2703 - mae: 0.4231 - val_loss: 0.2768 - val_mse: 0.2768 - val_mae: 0.4257 - 2s/epoch - 174ms/step
Epoch 107/10000

Epoch 107: val_loss did not improve from 0.27606
11/11 - 2s - loss: 0.2709 - mse: 0.2709 - mae: 0.4232 - val_loss: 0.2786 - val_mse: 0.2786 - val_mae: 0.4279 - 2s/epoch - 174ms/step
Epoch 108/10000

Epoch 108: val_loss did not improve from 0.27606
11/11 - 2s - loss: 0.2723 - mse: 0.2723 - mae: 0.4246 - val_loss: 0.2781 - val_mse: 0.2781 - val_mae: 0.4262 - 2s/epoch - 174ms/step
Epoch 109/10000

Epoch 109: val_loss did not improve from 0.27606
11/11 - 2s - loss: 0.2709 - mse: 0.2709 - mae: 0.4231 - val_loss: 0.2797 - val_mse: 0.2797 - val_mae: 0.4289 - 2s/epoch - 174ms/step
Epoch 110/10000

Epoch 110: val_loss did not improve from 0.27606
11/11 - 2s - loss: 0.2752 - mse: 0.2752 - mae: 0.4271 - val_loss: 0.2797 - val_mse: 0.2797 - val_mae: 0.4271 - 2s/epoch - 174ms/step
Epoch 111/10000

Epoch 111: val_loss did not improve from 0.27606
11/11 - 2s - loss: 0.2719 - mse: 0.2719 - mae: 0.4239 - val_loss: 0.2762 - val_mse: 0.2762 - val_mae: 0.4256 - 2s/epoch - 173ms/step
Epoch 112/10000

Epoch 112: val_loss improved from 0.27606 to 0.27583, saving model to ./results/NN_rms_regr/RNN/recursion_39/ckpt_1
11/11 - 3s - loss: 0.2703 - mse: 0.2703 - mae: 0.4229 - val_loss: 0.2758 - val_mse: 0.2758 - val_mae: 0.4251 - 3s/epoch - 254ms/step
Epoch 113/10000

Epoch 113: val_loss improved from 0.27583 to 0.27582, saving model to ./results/NN_rms_regr/RNN/recursion_39/ckpt_1
11/11 - 3s - loss: 0.2700 - mse: 0.2700 - mae: 0.4225 - val_loss: 0.2758 - val_mse: 0.2758 - val_mae: 0.4250 - 3s/epoch - 248ms/step
Epoch 114/10000

Epoch 114: val_loss did not improve from 0.27582
11/11 - 2s - loss: 0.2703 - mse: 0.2703 - mae: 0.4228 - val_loss: 0.2784 - val_mse: 0.2784 - val_mae: 0.4262 - 2s/epoch - 174ms/step
Epoch 115/10000

Epoch 115: val_loss did not improve from 0.27582
11/11 - 2s - loss: 0.2703 - mse: 0.2703 - mae: 0.4226 - val_loss: 0.2767 - val_mse: 0.2767 - val_mae: 0.4261 - 2s/epoch - 174ms/step
Epoch 116/10000

Epoch 116: val_loss improved from 0.27582 to 0.27578, saving model to ./results/NN_rms_regr/RNN/recursion_39/ckpt_1
11/11 - 3s - loss: 0.2702 - mse: 0.2702 - mae: 0.4226 - val_loss: 0.2758 - val_mse: 0.2758 - val_mae: 0.4251 - 3s/epoch - 252ms/step
Epoch 117/10000

Epoch 117: val_loss did not improve from 0.27578
11/11 - 2s - loss: 0.2703 - mse: 0.2703 - mae: 0.4227 - val_loss: 0.2769 - val_mse: 0.2769 - val_mae: 0.4253 - 2s/epoch - 173ms/step
Epoch 118/10000

Epoch 118: val_loss improved from 0.27578 to 0.27565, saving model to ./results/NN_rms_regr/RNN/recursion_39/ckpt_1
11/11 - 3s - loss: 0.2704 - mse: 0.2704 - mae: 0.4227 - val_loss: 0.2757 - val_mse: 0.2757 - val_mae: 0.4248 - 3s/epoch - 253ms/step
Epoch 119/10000

Epoch 119: val_loss did not improve from 0.27565
11/11 - 2s - loss: 0.2699 - mse: 0.2699 - mae: 0.4222 - val_loss: 0.2758 - val_mse: 0.2758 - val_mae: 0.4247 - 2s/epoch - 174ms/step
Epoch 120/10000

Epoch 120: val_loss did not improve from 0.27565
11/11 - 2s - loss: 0.2701 - mse: 0.2701 - mae: 0.4225 - val_loss: 0.2764 - val_mse: 0.2764 - val_mae: 0.4249 - 2s/epoch - 174ms/step
Epoch 121/10000

Epoch 121: val_loss did not improve from 0.27565
11/11 - 2s - loss: 0.2701 - mse: 0.2701 - mae: 0.4223 - val_loss: 0.2765 - val_mse: 0.2765 - val_mae: 0.4258 - 2s/epoch - 174ms/step
Epoch 122/10000

Epoch 122: val_loss did not improve from 0.27565
11/11 - 2s - loss: 0.2723 - mse: 0.2723 - mae: 0.4245 - val_loss: 0.2793 - val_mse: 0.2793 - val_mae: 0.4265 - 2s/epoch - 176ms/step
Epoch 123/10000

Epoch 123: val_loss improved from 0.27565 to 0.27553, saving model to ./results/NN_rms_regr/RNN/recursion_39/ckpt_1
11/11 - 3s - loss: 0.2709 - mse: 0.2709 - mae: 0.4228 - val_loss: 0.2755 - val_mse: 0.2755 - val_mae: 0.4247 - 3s/epoch - 254ms/step
Epoch 124/10000

Epoch 124: val_loss improved from 0.27553 to 0.27551, saving model to ./results/NN_rms_regr/RNN/recursion_39/ckpt_1
11/11 - 3s - loss: 0.2702 - mse: 0.2702 - mae: 0.4225 - val_loss: 0.2755 - val_mse: 0.2755 - val_mae: 0.4245 - 3s/epoch - 248ms/step
Epoch 125/10000

Epoch 125: val_loss did not improve from 0.27551
11/11 - 2s - loss: 0.2698 - mse: 0.2698 - mae: 0.4221 - val_loss: 0.2756 - val_mse: 0.2756 - val_mae: 0.4245 - 2s/epoch - 174ms/step
Epoch 126/10000

Epoch 126: val_loss did not improve from 0.27551
11/11 - 2s - loss: 0.2697 - mse: 0.2697 - mae: 0.4220 - val_loss: 0.2773 - val_mse: 0.2773 - val_mae: 0.4264 - 2s/epoch - 175ms/step
Epoch 127/10000

Epoch 127: val_loss did not improve from 0.27551
11/11 - 2s - loss: 0.2704 - mse: 0.2704 - mae: 0.4228 - val_loss: 0.2767 - val_mse: 0.2767 - val_mae: 0.4249 - 2s/epoch - 175ms/step
Epoch 128/10000

Epoch 128: val_loss did not improve from 0.27551
11/11 - 2s - loss: 0.2701 - mse: 0.2701 - mae: 0.4222 - val_loss: 0.2776 - val_mse: 0.2776 - val_mae: 0.4267 - 2s/epoch - 175ms/step
Epoch 129/10000

Epoch 129: val_loss did not improve from 0.27551
11/11 - 2s - loss: 0.2720 - mse: 0.2720 - mae: 0.4239 - val_loss: 0.2872 - val_mse: 0.2872 - val_mae: 0.4312 - 2s/epoch - 174ms/step
Epoch 130/10000

Epoch 130: val_loss did not improve from 0.27551
11/11 - 2s - loss: 0.2747 - mse: 0.2747 - mae: 0.4255 - val_loss: 0.2834 - val_mse: 0.2834 - val_mae: 0.4315 - 2s/epoch - 178ms/step
Epoch 131/10000

Epoch 131: val_loss did not improve from 0.27551
11/11 - 2s - loss: 0.2722 - mse: 0.2722 - mae: 0.4241 - val_loss: 0.2764 - val_mse: 0.2764 - val_mae: 0.4246 - 2s/epoch - 174ms/step
Epoch 132/10000

Epoch 132: val_loss did not improve from 0.27551
11/11 - 2s - loss: 0.2715 - mse: 0.2715 - mae: 0.4231 - val_loss: 0.2782 - val_mse: 0.2782 - val_mae: 0.4255 - 2s/epoch - 174ms/step
Epoch 133/10000

Epoch 133: val_loss did not improve from 0.27551
11/11 - 2s - loss: 0.2699 - mse: 0.2699 - mae: 0.4215 - val_loss: 0.2766 - val_mse: 0.2766 - val_mae: 0.4257 - 2s/epoch - 174ms/step
Epoch 134/10000

Epoch 134: val_loss did not improve from 0.27551
11/11 - 2s - loss: 0.2703 - mse: 0.2703 - mae: 0.4227 - val_loss: 0.2767 - val_mse: 0.2767 - val_mae: 0.4247 - 2s/epoch - 174ms/step
Epoch 135/10000

Epoch 135: val_loss did not improve from 0.27551
11/11 - 2s - loss: 0.2714 - mse: 0.2714 - mae: 0.4227 - val_loss: 0.2761 - val_mse: 0.2761 - val_mae: 0.4252 - 2s/epoch - 174ms/step
Epoch 136/10000

Epoch 136: val_loss did not improve from 0.27551
11/11 - 2s - loss: 0.2711 - mse: 0.2711 - mae: 0.4228 - val_loss: 0.2785 - val_mse: 0.2785 - val_mae: 0.4273 - 2s/epoch - 174ms/step
Epoch 137/10000

Epoch 137: val_loss did not improve from 0.27551
11/11 - 2s - loss: 0.2712 - mse: 0.2712 - mae: 0.4232 - val_loss: 0.2755 - val_mse: 0.2755 - val_mae: 0.4241 - 2s/epoch - 174ms/step
Epoch 138/10000

Epoch 138: val_loss improved from 0.27551 to 0.27526, saving model to ./results/NN_rms_regr/RNN/recursion_39/ckpt_1
11/11 - 3s - loss: 0.2697 - mse: 0.2697 - mae: 0.4218 - val_loss: 0.2753 - val_mse: 0.2753 - val_mae: 0.4242 - 3s/epoch - 254ms/step
Epoch 139/10000

Epoch 139: val_loss did not improve from 0.27526
11/11 - 2s - loss: 0.2695 - mse: 0.2695 - mae: 0.4215 - val_loss: 0.2754 - val_mse: 0.2754 - val_mae: 0.4243 - 2s/epoch - 174ms/step
Epoch 140/10000

Epoch 140: val_loss improved from 0.27526 to 0.27525, saving model to ./results/NN_rms_regr/RNN/recursion_39/ckpt_1
11/11 - 3s - loss: 0.2694 - mse: 0.2694 - mae: 0.4216 - val_loss: 0.2753 - val_mse: 0.2753 - val_mae: 0.4240 - 3s/epoch - 253ms/step
Epoch 141/10000

Epoch 141: val_loss did not improve from 0.27525
11/11 - 2s - loss: 0.2703 - mse: 0.2703 - mae: 0.4224 - val_loss: 0.2775 - val_mse: 0.2775 - val_mae: 0.4250 - 2s/epoch - 174ms/step
Epoch 142/10000

Epoch 142: val_loss improved from 0.27525 to 0.27525, saving model to ./results/NN_rms_regr/RNN/recursion_39/ckpt_1
11/11 - 3s - loss: 0.2694 - mse: 0.2694 - mae: 0.4214 - val_loss: 0.2753 - val_mse: 0.2753 - val_mae: 0.4239 - 3s/epoch - 254ms/step
Epoch 143/10000

Epoch 143: val_loss did not improve from 0.27525
11/11 - 2s - loss: 0.2697 - mse: 0.2697 - mae: 0.4215 - val_loss: 0.2755 - val_mse: 0.2755 - val_mae: 0.4239 - 2s/epoch - 175ms/step
Epoch 144/10000

Epoch 144: val_loss did not improve from 0.27525
11/11 - 2s - loss: 0.2709 - mse: 0.2709 - mae: 0.4224 - val_loss: 0.2756 - val_mse: 0.2756 - val_mae: 0.4239 - 2s/epoch - 174ms/step
Epoch 145/10000

Epoch 145: val_loss did not improve from 0.27525
11/11 - 2s - loss: 0.2697 - mse: 0.2697 - mae: 0.4213 - val_loss: 0.2759 - val_mse: 0.2759 - val_mae: 0.4248 - 2s/epoch - 173ms/step
Epoch 146/10000

Epoch 146: val_loss did not improve from 0.27525
11/11 - 2s - loss: 0.2696 - mse: 0.2696 - mae: 0.4218 - val_loss: 0.2779 - val_mse: 0.2779 - val_mae: 0.4251 - 2s/epoch - 174ms/step
Epoch 147/10000

Epoch 147: val_loss did not improve from 0.27525
11/11 - 2s - loss: 0.2703 - mse: 0.2703 - mae: 0.4220 - val_loss: 0.2773 - val_mse: 0.2773 - val_mae: 0.4247 - 2s/epoch - 174ms/step
Epoch 148/10000

Epoch 148: val_loss did not improve from 0.27525
11/11 - 2s - loss: 0.2694 - mse: 0.2694 - mae: 0.4212 - val_loss: 0.2760 - val_mse: 0.2760 - val_mae: 0.4249 - 2s/epoch - 173ms/step
Epoch 149/10000

Epoch 149: val_loss improved from 0.27525 to 0.27515, saving model to ./results/NN_rms_regr/RNN/recursion_39/ckpt_1
11/11 - 3s - loss: 0.2698 - mse: 0.2698 - mae: 0.4216 - val_loss: 0.2751 - val_mse: 0.2751 - val_mae: 0.4239 - 3s/epoch - 248ms/step
Epoch 150/10000

Epoch 150: val_loss did not improve from 0.27515
11/11 - 2s - loss: 0.2694 - mse: 0.2694 - mae: 0.4214 - val_loss: 0.2752 - val_mse: 0.2752 - val_mae: 0.4236 - 2s/epoch - 174ms/step
Epoch 151/10000

Epoch 151: val_loss did not improve from 0.27515
11/11 - 2s - loss: 0.2694 - mse: 0.2694 - mae: 0.4213 - val_loss: 0.2752 - val_mse: 0.2752 - val_mae: 0.4237 - 2s/epoch - 175ms/step
Epoch 152/10000

Epoch 152: val_loss did not improve from 0.27515
11/11 - 2s - loss: 0.2708 - mse: 0.2708 - mae: 0.4221 - val_loss: 0.2755 - val_mse: 0.2755 - val_mae: 0.4244 - 2s/epoch - 174ms/step
Epoch 153/10000

Epoch 153: val_loss did not improve from 0.27515
11/11 - 2s - loss: 0.2705 - mse: 0.2705 - mae: 0.4221 - val_loss: 0.2759 - val_mse: 0.2759 - val_mae: 0.4248 - 2s/epoch - 174ms/step
Epoch 154/10000

Epoch 154: val_loss did not improve from 0.27515
11/11 - 2s - loss: 0.2695 - mse: 0.2695 - mae: 0.4214 - val_loss: 0.2761 - val_mse: 0.2761 - val_mae: 0.4240 - 2s/epoch - 174ms/step
Epoch 155/10000

Epoch 155: val_loss did not improve from 0.27515
11/11 - 2s - loss: 0.2714 - mse: 0.2714 - mae: 0.4227 - val_loss: 0.2855 - val_mse: 0.2855 - val_mae: 0.4296 - 2s/epoch - 175ms/step
Epoch 156/10000

Epoch 156: val_loss did not improve from 0.27515
11/11 - 2s - loss: 0.2744 - mse: 0.2744 - mae: 0.4253 - val_loss: 0.2807 - val_mse: 0.2807 - val_mae: 0.4265 - 2s/epoch - 173ms/step
Epoch 157/10000

Epoch 157: val_loss improved from 0.27515 to 0.27505, saving model to ./results/NN_rms_regr/RNN/recursion_39/ckpt_1
11/11 - 3s - loss: 0.2713 - mse: 0.2713 - mae: 0.4224 - val_loss: 0.2750 - val_mse: 0.2750 - val_mae: 0.4237 - 3s/epoch - 251ms/step
Epoch 158/10000

Epoch 158: val_loss did not improve from 0.27505
11/11 - 2s - loss: 0.2694 - mse: 0.2694 - mae: 0.4214 - val_loss: 0.2762 - val_mse: 0.2762 - val_mae: 0.4240 - 2s/epoch - 172ms/step
Epoch 159/10000

Epoch 159: val_loss did not improve from 0.27505
11/11 - 2s - loss: 0.2693 - mse: 0.2693 - mae: 0.4212 - val_loss: 0.2760 - val_mse: 0.2760 - val_mae: 0.4249 - 2s/epoch - 172ms/step
Epoch 160/10000

Epoch 160: val_loss did not improve from 0.27505
11/11 - 2s - loss: 0.2714 - mse: 0.2714 - mae: 0.4228 - val_loss: 0.2751 - val_mse: 0.2751 - val_mae: 0.4239 - 2s/epoch - 172ms/step
Epoch 161/10000

Epoch 161: val_loss did not improve from 0.27505
11/11 - 2s - loss: 0.2697 - mse: 0.2697 - mae: 0.4215 - val_loss: 0.2758 - val_mse: 0.2758 - val_mae: 0.4237 - 2s/epoch - 172ms/step
Epoch 162/10000

Epoch 162: val_loss did not improve from 0.27505
11/11 - 2s - loss: 0.2694 - mse: 0.2694 - mae: 0.4213 - val_loss: 0.2765 - val_mse: 0.2765 - val_mae: 0.4241 - 2s/epoch - 173ms/step
Epoch 163/10000

Epoch 163: val_loss did not improve from 0.27505
11/11 - 2s - loss: 0.2695 - mse: 0.2695 - mae: 0.4209 - val_loss: 0.2752 - val_mse: 0.2752 - val_mae: 0.4239 - 2s/epoch - 174ms/step
Epoch 164/10000

Epoch 164: val_loss did not improve from 0.27505
11/11 - 2s - loss: 0.2712 - mse: 0.2712 - mae: 0.4223 - val_loss: 0.2759 - val_mse: 0.2759 - val_mae: 0.4246 - 2s/epoch - 172ms/step
Epoch 165/10000

Epoch 165: val_loss did not improve from 0.27505
11/11 - 2s - loss: 0.2696 - mse: 0.2696 - mae: 0.4211 - val_loss: 0.2765 - val_mse: 0.2765 - val_mae: 0.4239 - 2s/epoch - 174ms/step
Epoch 166/10000

Epoch 166: val_loss did not improve from 0.27505
11/11 - 2s - loss: 0.2699 - mse: 0.2699 - mae: 0.4214 - val_loss: 0.2754 - val_mse: 0.2754 - val_mae: 0.4234 - 2s/epoch - 174ms/step
Epoch 167/10000

Epoch 167: val_loss improved from 0.27505 to 0.27496, saving model to ./results/NN_rms_regr/RNN/recursion_39/ckpt_1
11/11 - 3s - loss: 0.2692 - mse: 0.2692 - mae: 0.4207 - val_loss: 0.2750 - val_mse: 0.2750 - val_mae: 0.4233 - 3s/epoch - 253ms/step
Epoch 168/10000

Epoch 168: val_loss did not improve from 0.27496
11/11 - 2s - loss: 0.2698 - mse: 0.2698 - mae: 0.4213 - val_loss: 0.2754 - val_mse: 0.2754 - val_mae: 0.4241 - 2s/epoch - 174ms/step
Epoch 169/10000

Epoch 169: val_loss improved from 0.27496 to 0.27491, saving model to ./results/NN_rms_regr/RNN/recursion_39/ckpt_1
11/11 - 3s - loss: 0.2703 - mse: 0.2703 - mae: 0.4220 - val_loss: 0.2749 - val_mse: 0.2749 - val_mae: 0.4233 - 3s/epoch - 254ms/step
Epoch 170/10000

Epoch 170: val_loss did not improve from 0.27491
11/11 - 2s - loss: 0.2693 - mse: 0.2693 - mae: 0.4210 - val_loss: 0.2749 - val_mse: 0.2749 - val_mae: 0.4233 - 2s/epoch - 174ms/step
Epoch 171/10000

Epoch 171: val_loss did not improve from 0.27491
11/11 - 2s - loss: 0.2692 - mse: 0.2692 - mae: 0.4208 - val_loss: 0.2750 - val_mse: 0.2750 - val_mae: 0.4232 - 2s/epoch - 175ms/step
Epoch 172/10000

Epoch 172: val_loss did not improve from 0.27491
11/11 - 2s - loss: 0.2695 - mse: 0.2695 - mae: 0.4212 - val_loss: 0.2755 - val_mse: 0.2755 - val_mae: 0.4242 - 2s/epoch - 174ms/step
Epoch 173/10000

Epoch 173: val_loss did not improve from 0.27491
11/11 - 2s - loss: 0.2698 - mse: 0.2698 - mae: 0.4212 - val_loss: 0.2752 - val_mse: 0.2752 - val_mae: 0.4232 - 2s/epoch - 174ms/step
Epoch 174/10000

Epoch 174: val_loss did not improve from 0.27491
11/11 - 2s - loss: 0.2698 - mse: 0.2698 - mae: 0.4214 - val_loss: 0.2755 - val_mse: 0.2755 - val_mae: 0.4233 - 2s/epoch - 173ms/step
Epoch 175/10000

Epoch 175: val_loss did not improve from 0.27491
11/11 - 2s - loss: 0.2691 - mse: 0.2691 - mae: 0.4205 - val_loss: 0.2750 - val_mse: 0.2750 - val_mae: 0.4236 - 2s/epoch - 174ms/step
Epoch 176/10000

Epoch 176: val_loss did not improve from 0.27491
11/11 - 2s - loss: 0.2690 - mse: 0.2690 - mae: 0.4207 - val_loss: 0.2749 - val_mse: 0.2749 - val_mae: 0.4231 - 2s/epoch - 173ms/step
Epoch 177/10000

Epoch 177: val_loss did not improve from 0.27491
11/11 - 2s - loss: 0.2700 - mse: 0.2700 - mae: 0.4215 - val_loss: 0.2766 - val_mse: 0.2766 - val_mae: 0.4238 - 2s/epoch - 174ms/step
Epoch 178/10000

Epoch 178: val_loss did not improve from 0.27491
11/11 - 2s - loss: 0.2703 - mse: 0.2703 - mae: 0.4214 - val_loss: 0.2756 - val_mse: 0.2756 - val_mae: 0.4233 - 2s/epoch - 174ms/step
Epoch 179/10000

Epoch 179: val_loss did not improve from 0.27491
11/11 - 2s - loss: 0.2702 - mse: 0.2702 - mae: 0.4217 - val_loss: 0.2797 - val_mse: 0.2797 - val_mae: 0.4256 - 2s/epoch - 174ms/step
Epoch 180/10000

Epoch 180: val_loss did not improve from 0.27491
11/11 - 2s - loss: 0.2721 - mse: 0.2721 - mae: 0.4232 - val_loss: 0.2803 - val_mse: 0.2803 - val_mae: 0.4260 - 2s/epoch - 174ms/step
Epoch 181/10000

Epoch 181: val_loss improved from 0.27491 to 0.27489, saving model to ./results/NN_rms_regr/RNN/recursion_39/ckpt_1
11/11 - 3s - loss: 0.2709 - mse: 0.2709 - mae: 0.4219 - val_loss: 0.2749 - val_mse: 0.2749 - val_mae: 0.4231 - 3s/epoch - 248ms/step
Epoch 182/10000

Epoch 182: val_loss improved from 0.27489 to 0.27484, saving model to ./results/NN_rms_regr/RNN/recursion_39/ckpt_1
11/11 - 3s - loss: 0.2694 - mse: 0.2694 - mae: 0.4207 - val_loss: 0.2748 - val_mse: 0.2748 - val_mae: 0.4230 - 3s/epoch - 253ms/step
Epoch 183/10000

Epoch 183: val_loss did not improve from 0.27484
11/11 - 2s - loss: 0.2700 - mse: 0.2700 - mae: 0.4215 - val_loss: 0.2769 - val_mse: 0.2769 - val_mae: 0.4239 - 2s/epoch - 174ms/step
Epoch 184/10000

Epoch 184: val_loss did not improve from 0.27484
11/11 - 2s - loss: 0.2702 - mse: 0.2702 - mae: 0.4214 - val_loss: 0.2789 - val_mse: 0.2789 - val_mae: 0.4250 - 2s/epoch - 174ms/step
Epoch 185/10000

Epoch 185: val_loss did not improve from 0.27484
11/11 - 2s - loss: 0.2703 - mse: 0.2703 - mae: 0.4210 - val_loss: 0.2749 - val_mse: 0.2749 - val_mae: 0.4233 - 2s/epoch - 174ms/step
Epoch 186/10000

Epoch 186: val_loss did not improve from 0.27484
11/11 - 2s - loss: 0.2698 - mse: 0.2698 - mae: 0.4211 - val_loss: 0.2822 - val_mse: 0.2822 - val_mae: 0.4298 - 2s/epoch - 174ms/step
Epoch 187/10000

Epoch 187: val_loss did not improve from 0.27484
11/11 - 2s - loss: 0.2715 - mse: 0.2715 - mae: 0.4229 - val_loss: 0.2749 - val_mse: 0.2749 - val_mae: 0.4233 - 2s/epoch - 174ms/step
Epoch 188/10000

Epoch 188: val_loss did not improve from 0.27484
11/11 - 2s - loss: 0.2700 - mse: 0.2700 - mae: 0.4213 - val_loss: 0.2773 - val_mse: 0.2773 - val_mae: 0.4241 - 2s/epoch - 174ms/step
Epoch 189/10000

Epoch 189: val_loss did not improve from 0.27484
11/11 - 2s - loss: 0.2695 - mse: 0.2695 - mae: 0.4209 - val_loss: 0.2778 - val_mse: 0.2778 - val_mae: 0.4243 - 2s/epoch - 173ms/step
Epoch 190/10000

Epoch 190: val_loss did not improve from 0.27484
11/11 - 2s - loss: 0.2705 - mse: 0.2705 - mae: 0.4216 - val_loss: 0.2763 - val_mse: 0.2763 - val_mae: 0.4234 - 2s/epoch - 174ms/step
Epoch 191/10000

Epoch 191: val_loss did not improve from 0.27484
11/11 - 2s - loss: 0.2695 - mse: 0.2695 - mae: 0.4206 - val_loss: 0.2757 - val_mse: 0.2757 - val_mae: 0.4241 - 2s/epoch - 174ms/step
Epoch 192/10000

Epoch 192: val_loss improved from 0.27484 to 0.27482, saving model to ./results/NN_rms_regr/RNN/recursion_39/ckpt_1
11/11 - 3s - loss: 0.2693 - mse: 0.2693 - mae: 0.4206 - val_loss: 0.2748 - val_mse: 0.2748 - val_mae: 0.4232 - 3s/epoch - 254ms/step
Epoch 193/10000

Epoch 193: val_loss did not improve from 0.27482
11/11 - 2s - loss: 0.2694 - mse: 0.2694 - mae: 0.4206 - val_loss: 0.2749 - val_mse: 0.2749 - val_mae: 0.4233 - 2s/epoch - 175ms/step
Epoch 194/10000

Epoch 194: val_loss did not improve from 0.27482
11/11 - 2s - loss: 0.2698 - mse: 0.2698 - mae: 0.4211 - val_loss: 0.2765 - val_mse: 0.2765 - val_mae: 0.4235 - 2s/epoch - 174ms/step
Epoch 195/10000

Epoch 195: val_loss did not improve from 0.27482
11/11 - 2s - loss: 0.2696 - mse: 0.2696 - mae: 0.4205 - val_loss: 0.2754 - val_mse: 0.2754 - val_mae: 0.4230 - 2s/epoch - 174ms/step
Epoch 196/10000

Epoch 196: val_loss did not improve from 0.27482
11/11 - 2s - loss: 0.2706 - mse: 0.2706 - mae: 0.4216 - val_loss: 0.2778 - val_mse: 0.2778 - val_mae: 0.4243 - 2s/epoch - 174ms/step
Epoch 197/10000

Epoch 197: val_loss did not improve from 0.27482
11/11 - 2s - loss: 0.2696 - mse: 0.2696 - mae: 0.4206 - val_loss: 0.2788 - val_mse: 0.2788 - val_mae: 0.4248 - 2s/epoch - 174ms/step
Epoch 198/10000

Epoch 198: val_loss did not improve from 0.27482
11/11 - 2s - loss: 0.2701 - mse: 0.2701 - mae: 0.4213 - val_loss: 0.2785 - val_mse: 0.2785 - val_mae: 0.4246 - 2s/epoch - 174ms/step
Epoch 199/10000

Epoch 199: val_loss did not improve from 0.27482
11/11 - 2s - loss: 0.2718 - mse: 0.2718 - mae: 0.4227 - val_loss: 0.2851 - val_mse: 0.2851 - val_mae: 0.4287 - 2s/epoch - 174ms/step
Epoch 200/10000

Epoch 200: val_loss did not improve from 0.27482
11/11 - 2s - loss: 0.2762 - mse: 0.2762 - mae: 0.4254 - val_loss: 0.2895 - val_mse: 0.2895 - val_mae: 0.4315 - 2s/epoch - 174ms/step
Epoch 201/10000

Epoch 201: val_loss did not improve from 0.27482
11/11 - 2s - loss: 0.2732 - mse: 0.2732 - mae: 0.4230 - val_loss: 0.2780 - val_mse: 0.2780 - val_mae: 0.4243 - 2s/epoch - 174ms/step
Epoch 202/10000

Epoch 202: val_loss did not improve from 0.27482
11/11 - 2s - loss: 0.2721 - mse: 0.2721 - mae: 0.4227 - val_loss: 0.2810 - val_mse: 0.2810 - val_mae: 0.4261 - 2s/epoch - 175ms/step
Epoch 203/10000

Epoch 203: val_loss did not improve from 0.27482
11/11 - 2s - loss: 0.2713 - mse: 0.2713 - mae: 0.4220 - val_loss: 0.2784 - val_mse: 0.2784 - val_mae: 0.4245 - 2s/epoch - 174ms/step
Epoch 204/10000

Epoch 204: val_loss did not improve from 0.27482
11/11 - 2s - loss: 0.2706 - mse: 0.2706 - mae: 0.4214 - val_loss: 0.2763 - val_mse: 0.2763 - val_mae: 0.4233 - 2s/epoch - 174ms/step
Epoch 205/10000

Epoch 205: val_loss did not improve from 0.27482
11/11 - 2s - loss: 0.2709 - mse: 0.2709 - mae: 0.4214 - val_loss: 0.2749 - val_mse: 0.2749 - val_mae: 0.4233 - 2s/epoch - 174ms/step
Epoch 206/10000

Epoch 206: val_loss did not improve from 0.27482
11/11 - 2s - loss: 0.2705 - mse: 0.2705 - mae: 0.4215 - val_loss: 0.2791 - val_mse: 0.2791 - val_mae: 0.4270 - 2s/epoch - 175ms/step
Epoch 207/10000

Epoch 207: val_loss improved from 0.27482 to 0.27470, saving model to ./results/NN_rms_regr/RNN/recursion_39/ckpt_1
11/11 - 3s - loss: 0.2710 - mse: 0.2710 - mae: 0.4217 - val_loss: 0.2747 - val_mse: 0.2747 - val_mae: 0.4227 - 3s/epoch - 254ms/step
Epoch 208/10000

Epoch 208: val_loss did not improve from 0.27470
11/11 - 2s - loss: 0.2712 - mse: 0.2712 - mae: 0.4222 - val_loss: 0.2772 - val_mse: 0.2772 - val_mae: 0.4253 - 2s/epoch - 173ms/step
Epoch 209/10000

Epoch 209: val_loss did not improve from 0.27470
11/11 - 2s - loss: 0.2698 - mse: 0.2698 - mae: 0.4208 - val_loss: 0.2760 - val_mse: 0.2760 - val_mae: 0.4243 - 2s/epoch - 173ms/step
Epoch 210/10000

Epoch 210: val_loss did not improve from 0.27470
11/11 - 2s - loss: 0.2700 - mse: 0.2700 - mae: 0.4213 - val_loss: 0.2762 - val_mse: 0.2762 - val_mae: 0.4245 - 2s/epoch - 174ms/step
Epoch 211/10000

Epoch 211: val_loss did not improve from 0.27470
11/11 - 2s - loss: 0.2720 - mse: 0.2720 - mae: 0.4228 - val_loss: 0.2753 - val_mse: 0.2753 - val_mae: 0.4237 - 2s/epoch - 173ms/step
Epoch 212/10000

Epoch 212: val_loss did not improve from 0.27470
11/11 - 2s - loss: 0.2692 - mse: 0.2692 - mae: 0.4204 - val_loss: 0.2756 - val_mse: 0.2756 - val_mae: 0.4229 - 2s/epoch - 174ms/step
Epoch 213/10000

Epoch 213: val_loss did not improve from 0.27470
11/11 - 2s - loss: 0.2701 - mse: 0.2701 - mae: 0.4207 - val_loss: 0.2777 - val_mse: 0.2777 - val_mae: 0.4258 - 2s/epoch - 174ms/step
Epoch 214/10000

Epoch 214: val_loss did not improve from 0.27470
11/11 - 2s - loss: 0.2702 - mse: 0.2702 - mae: 0.4214 - val_loss: 0.2784 - val_mse: 0.2784 - val_mae: 0.4263 - 2s/epoch - 174ms/step
Epoch 215/10000

Epoch 215: val_loss did not improve from 0.27470
11/11 - 2s - loss: 0.2736 - mse: 0.2736 - mae: 0.4240 - val_loss: 0.2782 - val_mse: 0.2782 - val_mae: 0.4262 - 2s/epoch - 174ms/step
Epoch 216/10000

Epoch 216: val_loss did not improve from 0.27470
11/11 - 2s - loss: 0.2711 - mse: 0.2711 - mae: 0.4212 - val_loss: 0.2789 - val_mse: 0.2789 - val_mae: 0.4268 - 2s/epoch - 174ms/step
Epoch 217/10000

Epoch 217: val_loss did not improve from 0.27470
11/11 - 2s - loss: 0.2696 - mse: 0.2696 - mae: 0.4210 - val_loss: 0.2797 - val_mse: 0.2797 - val_mae: 0.4252 - 2s/epoch - 174ms/step
Epoch 218/10000

Epoch 218: val_loss did not improve from 0.27470
11/11 - 2s - loss: 0.2699 - mse: 0.2699 - mae: 0.4208 - val_loss: 0.2747 - val_mse: 0.2747 - val_mae: 0.4226 - 2s/epoch - 174ms/step
Epoch 219/10000

Epoch 219: val_loss did not improve from 0.27470
11/11 - 2s - loss: 0.2718 - mse: 0.2718 - mae: 0.4223 - val_loss: 0.2779 - val_mse: 0.2779 - val_mae: 0.4241 - 2s/epoch - 174ms/step
Epoch 220/10000

Epoch 220: val_loss did not improve from 0.27470
11/11 - 2s - loss: 0.2698 - mse: 0.2698 - mae: 0.4208 - val_loss: 0.2776 - val_mse: 0.2776 - val_mae: 0.4239 - 2s/epoch - 173ms/step
Epoch 221/10000

Epoch 221: val_loss did not improve from 0.27470
11/11 - 2s - loss: 0.2697 - mse: 0.2697 - mae: 0.4209 - val_loss: 0.2889 - val_mse: 0.2889 - val_mae: 0.4309 - 2s/epoch - 174ms/step
Epoch 222/10000

Epoch 222: val_loss did not improve from 0.27470
11/11 - 2s - loss: 0.2782 - mse: 0.2782 - mae: 0.4276 - val_loss: 0.2880 - val_mse: 0.2880 - val_mae: 0.4303 - 2s/epoch - 173ms/step
Epoch 223/10000

Epoch 223: val_loss did not improve from 0.27470
11/11 - 2s - loss: 0.2715 - mse: 0.2715 - mae: 0.4214 - val_loss: 0.2815 - val_mse: 0.2815 - val_mae: 0.4262 - 2s/epoch - 174ms/step
Epoch 224/10000

Epoch 224: val_loss did not improve from 0.27470
11/11 - 2s - loss: 0.2713 - mse: 0.2713 - mae: 0.4214 - val_loss: 0.2776 - val_mse: 0.2776 - val_mae: 0.4255 - 2s/epoch - 173ms/step
Epoch 225/10000

Epoch 225: val_loss did not improve from 0.27470
11/11 - 2s - loss: 0.2746 - mse: 0.2746 - mae: 0.4240 - val_loss: 0.2798 - val_mse: 0.2798 - val_mae: 0.4275 - 2s/epoch - 174ms/step
Epoch 226/10000

Epoch 226: val_loss did not improve from 0.27470
11/11 - 2s - loss: 0.2713 - mse: 0.2713 - mae: 0.4219 - val_loss: 0.2756 - val_mse: 0.2756 - val_mae: 0.4228 - 2s/epoch - 173ms/step
Epoch 227/10000

Epoch 227: val_loss did not improve from 0.27470
11/11 - 2s - loss: 0.2698 - mse: 0.2698 - mae: 0.4205 - val_loss: 0.2753 - val_mse: 0.2753 - val_mae: 0.4235 - 2s/epoch - 174ms/step
Epoch 228/10000

Epoch 228: val_loss did not improve from 0.27470
11/11 - 2s - loss: 0.2723 - mse: 0.2723 - mae: 0.4225 - val_loss: 0.2757 - val_mse: 0.2757 - val_mae: 0.4239 - 2s/epoch - 173ms/step
Epoch 229/10000

Epoch 229: val_loss did not improve from 0.27470
11/11 - 2s - loss: 0.2713 - mse: 0.2713 - mae: 0.4218 - val_loss: 0.2751 - val_mse: 0.2751 - val_mae: 0.4226 - 2s/epoch - 174ms/step
Epoch 230/10000

Epoch 230: val_loss did not improve from 0.27470
11/11 - 2s - loss: 0.2724 - mse: 0.2724 - mae: 0.4225 - val_loss: 0.2774 - val_mse: 0.2774 - val_mae: 0.4238 - 2s/epoch - 174ms/step
Epoch 231/10000

Epoch 231: val_loss did not improve from 0.27470
11/11 - 2s - loss: 0.2689 - mse: 0.2689 - mae: 0.4199 - val_loss: 0.2750 - val_mse: 0.2750 - val_mae: 0.4232 - 2s/epoch - 173ms/step
Epoch 232/10000

Epoch 232: val_loss did not improve from 0.27470
11/11 - 2s - loss: 0.2693 - mse: 0.2693 - mae: 0.4203 - val_loss: 0.2748 - val_mse: 0.2748 - val_mae: 0.4224 - 2s/epoch - 173ms/step
Epoch 233/10000

Epoch 233: val_loss did not improve from 0.27470
11/11 - 2s - loss: 0.2713 - mse: 0.2713 - mae: 0.4214 - val_loss: 0.2767 - val_mse: 0.2767 - val_mae: 0.4247 - 2s/epoch - 174ms/step
Epoch 234/10000

Epoch 234: val_loss did not improve from 0.27470
11/11 - 2s - loss: 0.2708 - mse: 0.2708 - mae: 0.4211 - val_loss: 0.2749 - val_mse: 0.2749 - val_mae: 0.4231 - 2s/epoch - 174ms/step
Epoch 235/10000

Epoch 235: val_loss did not improve from 0.27470
11/11 - 2s - loss: 0.2725 - mse: 0.2725 - mae: 0.4226 - val_loss: 0.2826 - val_mse: 0.2826 - val_mae: 0.4269 - 2s/epoch - 173ms/step
Epoch 236/10000

Epoch 236: val_loss did not improve from 0.27470
11/11 - 2s - loss: 0.2714 - mse: 0.2714 - mae: 0.4219 - val_loss: 0.2748 - val_mse: 0.2748 - val_mae: 0.4224 - 2s/epoch - 173ms/step
Epoch 237/10000

Epoch 237: val_loss did not improve from 0.27470
11/11 - 2s - loss: 0.2699 - mse: 0.2699 - mae: 0.4206 - val_loss: 0.2801 - val_mse: 0.2801 - val_mae: 0.4254 - 2s/epoch - 173ms/step
Epoch 238/10000

Epoch 238: val_loss did not improve from 0.27470
11/11 - 2s - loss: 0.2749 - mse: 0.2749 - mae: 0.4240 - val_loss: 0.2780 - val_mse: 0.2780 - val_mae: 0.4260 - 2s/epoch - 174ms/step
Epoch 239/10000

Epoch 239: val_loss did not improve from 0.27470
11/11 - 2s - loss: 0.2741 - mse: 0.2741 - mae: 0.4241 - val_loss: 0.2893 - val_mse: 0.2893 - val_mae: 0.4352 - 2s/epoch - 174ms/step
Epoch 240/10000

Epoch 240: val_loss did not improve from 0.27470
11/11 - 2s - loss: 0.2726 - mse: 0.2726 - mae: 0.4225 - val_loss: 0.2775 - val_mse: 0.2775 - val_mae: 0.4255 - 2s/epoch - 174ms/step
Epoch 241/10000

Epoch 241: val_loss did not improve from 0.27470
11/11 - 2s - loss: 0.2721 - mse: 0.2721 - mae: 0.4224 - val_loss: 0.2761 - val_mse: 0.2761 - val_mae: 0.4229 - 2s/epoch - 174ms/step
Epoch 242/10000

Epoch 242: val_loss did not improve from 0.27470
11/11 - 2s - loss: 0.2691 - mse: 0.2691 - mae: 0.4197 - val_loss: 0.2754 - val_mse: 0.2754 - val_mae: 0.4235 - 2s/epoch - 174ms/step
Epoch 243/10000

Epoch 243: val_loss did not improve from 0.27470
11/11 - 2s - loss: 0.2689 - mse: 0.2689 - mae: 0.4200 - val_loss: 0.2762 - val_mse: 0.2762 - val_mae: 0.4230 - 2s/epoch - 174ms/step
Epoch 244/10000

Epoch 244: val_loss did not improve from 0.27470
11/11 - 2s - loss: 0.2693 - mse: 0.2693 - mae: 0.4201 - val_loss: 0.2753 - val_mse: 0.2753 - val_mae: 0.4226 - 2s/epoch - 174ms/step
Epoch 245/10000

Epoch 245: val_loss did not improve from 0.27470
11/11 - 2s - loss: 0.2692 - mse: 0.2692 - mae: 0.4199 - val_loss: 0.2748 - val_mse: 0.2748 - val_mae: 0.4228 - 2s/epoch - 174ms/step
Epoch 246/10000

Epoch 246: val_loss did not improve from 0.27470
11/11 - 2s - loss: 0.2694 - mse: 0.2694 - mae: 0.4203 - val_loss: 0.2747 - val_mse: 0.2747 - val_mae: 0.4228 - 2s/epoch - 174ms/step
Epoch 247/10000

Epoch 247: val_loss did not improve from 0.27470
11/11 - 2s - loss: 0.2697 - mse: 0.2697 - mae: 0.4205 - val_loss: 0.2855 - val_mse: 0.2855 - val_mae: 0.4286 - 2s/epoch - 174ms/step
Epoch 248/10000

Epoch 248: val_loss did not improve from 0.27470
11/11 - 2s - loss: 0.2763 - mse: 0.2763 - mae: 0.4247 - val_loss: 0.2825 - val_mse: 0.2825 - val_mae: 0.4267 - 2s/epoch - 174ms/step
Epoch 249/10000

Epoch 249: val_loss did not improve from 0.27470
11/11 - 2s - loss: 0.2723 - mse: 0.2723 - mae: 0.4222 - val_loss: 0.2747 - val_mse: 0.2747 - val_mae: 0.4223 - 2s/epoch - 173ms/step
Epoch 250/10000

Epoch 250: val_loss did not improve from 0.27470
11/11 - 2s - loss: 0.2688 - mse: 0.2688 - mae: 0.4197 - val_loss: 0.2755 - val_mse: 0.2755 - val_mae: 0.4236 - 2s/epoch - 174ms/step
Epoch 251/10000

Epoch 251: val_loss did not improve from 0.27470
11/11 - 2s - loss: 0.2697 - mse: 0.2697 - mae: 0.4205 - val_loss: 0.2760 - val_mse: 0.2760 - val_mae: 0.4228 - 2s/epoch - 174ms/step
Epoch 252/10000

Epoch 252: val_loss improved from 0.27470 to 0.27468, saving model to ./results/NN_rms_regr/RNN/recursion_39/ckpt_1
11/11 - 3s - loss: 0.2704 - mse: 0.2704 - mae: 0.4209 - val_loss: 0.2747 - val_mse: 0.2747 - val_mae: 0.4227 - 3s/epoch - 249ms/step
Epoch 253/10000

Epoch 253: val_loss improved from 0.27468 to 0.27463, saving model to ./results/NN_rms_regr/RNN/recursion_39/ckpt_1
11/11 - 3s - loss: 0.2696 - mse: 0.2696 - mae: 0.4205 - val_loss: 0.2746 - val_mse: 0.2746 - val_mae: 0.4226 - 3s/epoch - 254ms/step
Epoch 254/10000

Epoch 254: val_loss did not improve from 0.27463
11/11 - 2s - loss: 0.2686 - mse: 0.2686 - mae: 0.4194 - val_loss: 0.2768 - val_mse: 0.2768 - val_mae: 0.4247 - 2s/epoch - 174ms/step
Epoch 255/10000

Epoch 255: val_loss did not improve from 0.27463
11/11 - 2s - loss: 0.2699 - mse: 0.2699 - mae: 0.4201 - val_loss: 0.2765 - val_mse: 0.2765 - val_mae: 0.4244 - 2s/epoch - 175ms/step
Epoch 256/10000

Epoch 256: val_loss did not improve from 0.27463
11/11 - 2s - loss: 0.2696 - mse: 0.2696 - mae: 0.4201 - val_loss: 0.2757 - val_mse: 0.2757 - val_mae: 0.4237 - 2s/epoch - 174ms/step
Epoch 257/10000

Epoch 257: val_loss did not improve from 0.27463
11/11 - 2s - loss: 0.2689 - mse: 0.2689 - mae: 0.4197 - val_loss: 0.2779 - val_mse: 0.2779 - val_mae: 0.4256 - 2s/epoch - 173ms/step
Epoch 258/10000

Epoch 258: val_loss did not improve from 0.27463
11/11 - 2s - loss: 0.2696 - mse: 0.2696 - mae: 0.4202 - val_loss: 0.2760 - val_mse: 0.2760 - val_mae: 0.4227 - 2s/epoch - 175ms/step
Epoch 259/10000

Epoch 259: val_loss did not improve from 0.27463
11/11 - 2s - loss: 0.2689 - mse: 0.2689 - mae: 0.4197 - val_loss: 0.2757 - val_mse: 0.2757 - val_mae: 0.4236 - 2s/epoch - 174ms/step
Epoch 260/10000

Epoch 260: val_loss did not improve from 0.27463
11/11 - 2s - loss: 0.2703 - mse: 0.2703 - mae: 0.4214 - val_loss: 0.2761 - val_mse: 0.2761 - val_mae: 0.4228 - 2s/epoch - 174ms/step
Epoch 261/10000

Epoch 261: val_loss did not improve from 0.27463
11/11 - 2s - loss: 0.2700 - mse: 0.2700 - mae: 0.4204 - val_loss: 0.2752 - val_mse: 0.2752 - val_mae: 0.4232 - 2s/epoch - 173ms/step
Epoch 262/10000

Epoch 262: val_loss did not improve from 0.27463
11/11 - 2s - loss: 0.2713 - mse: 0.2713 - mae: 0.4218 - val_loss: 0.2760 - val_mse: 0.2760 - val_mae: 0.4227 - 2s/epoch - 174ms/step
Epoch 263/10000

Epoch 263: val_loss did not improve from 0.27463
11/11 - 2s - loss: 0.2726 - mse: 0.2726 - mae: 0.4219 - val_loss: 0.2784 - val_mse: 0.2784 - val_mae: 0.4241 - 2s/epoch - 174ms/step
Epoch 264/10000

Epoch 264: val_loss did not improve from 0.27463
11/11 - 2s - loss: 0.2714 - mse: 0.2714 - mae: 0.4212 - val_loss: 0.2759 - val_mse: 0.2759 - val_mae: 0.4238 - 2s/epoch - 174ms/step
Epoch 265/10000

Epoch 265: val_loss improved from 0.27463 to 0.27462, saving model to ./results/NN_rms_regr/RNN/recursion_39/ckpt_1
11/11 - 3s - loss: 0.2730 - mse: 0.2730 - mae: 0.4235 - val_loss: 0.2746 - val_mse: 0.2746 - val_mae: 0.4225 - 3s/epoch - 254ms/step
Epoch 266/10000

Epoch 266: val_loss did not improve from 0.27462
11/11 - 2s - loss: 0.2706 - mse: 0.2706 - mae: 0.4210 - val_loss: 0.2751 - val_mse: 0.2751 - val_mae: 0.4223 - 2s/epoch - 174ms/step
Epoch 267/10000

Epoch 267: val_loss did not improve from 0.27462
11/11 - 2s - loss: 0.2716 - mse: 0.2716 - mae: 0.4217 - val_loss: 0.2781 - val_mse: 0.2781 - val_mae: 0.4258 - 2s/epoch - 174ms/step
Epoch 268/10000

Epoch 268: val_loss did not improve from 0.27462
11/11 - 2s - loss: 0.2726 - mse: 0.2726 - mae: 0.4223 - val_loss: 0.2825 - val_mse: 0.2825 - val_mae: 0.4266 - 2s/epoch - 175ms/step
Epoch 269/10000

Epoch 269: val_loss did not improve from 0.27462
11/11 - 2s - loss: 0.2698 - mse: 0.2698 - mae: 0.4204 - val_loss: 0.2764 - val_mse: 0.2764 - val_mae: 0.4229 - 2s/epoch - 174ms/step
Epoch 270/10000

Epoch 270: val_loss did not improve from 0.27462
11/11 - 2s - loss: 0.2697 - mse: 0.2697 - mae: 0.4198 - val_loss: 0.2770 - val_mse: 0.2770 - val_mae: 0.4232 - 2s/epoch - 173ms/step
Epoch 271/10000

Epoch 271: val_loss did not improve from 0.27462
11/11 - 2s - loss: 0.2699 - mse: 0.2699 - mae: 0.4204 - val_loss: 0.2751 - val_mse: 0.2751 - val_mae: 0.4230 - 2s/epoch - 174ms/step
Epoch 272/10000

Epoch 272: val_loss did not improve from 0.27462
11/11 - 2s - loss: 0.2687 - mse: 0.2687 - mae: 0.4195 - val_loss: 0.2749 - val_mse: 0.2749 - val_mae: 0.4222 - 2s/epoch - 176ms/step
Epoch 273/10000

Epoch 273: val_loss improved from 0.27462 to 0.27456, saving model to ./results/NN_rms_regr/RNN/recursion_39/ckpt_1
11/11 - 3s - loss: 0.2708 - mse: 0.2708 - mae: 0.4210 - val_loss: 0.2746 - val_mse: 0.2746 - val_mae: 0.4222 - 3s/epoch - 254ms/step
Epoch 274/10000

Epoch 274: val_loss did not improve from 0.27456
11/11 - 2s - loss: 0.2706 - mse: 0.2706 - mae: 0.4215 - val_loss: 0.2794 - val_mse: 0.2794 - val_mae: 0.4247 - 2s/epoch - 173ms/step
Epoch 275/10000

Epoch 275: val_loss did not improve from 0.27456
11/11 - 2s - loss: 0.2704 - mse: 0.2704 - mae: 0.4207 - val_loss: 0.2759 - val_mse: 0.2759 - val_mae: 0.4238 - 2s/epoch - 175ms/step
Epoch 276/10000

Epoch 276: val_loss did not improve from 0.27456
11/11 - 2s - loss: 0.2707 - mse: 0.2707 - mae: 0.4211 - val_loss: 0.2760 - val_mse: 0.2760 - val_mae: 0.4239 - 2s/epoch - 175ms/step
Epoch 277/10000

Epoch 277: val_loss did not improve from 0.27456
11/11 - 2s - loss: 0.2713 - mse: 0.2713 - mae: 0.4215 - val_loss: 0.2754 - val_mse: 0.2754 - val_mae: 0.4234 - 2s/epoch - 175ms/step
Epoch 278/10000

Epoch 278: val_loss did not improve from 0.27456
11/11 - 2s - loss: 0.2727 - mse: 0.2727 - mae: 0.4224 - val_loss: 0.2779 - val_mse: 0.2779 - val_mae: 0.4238 - 2s/epoch - 174ms/step
Epoch 279/10000

Epoch 279: val_loss did not improve from 0.27456
11/11 - 2s - loss: 0.2744 - mse: 0.2744 - mae: 0.4225 - val_loss: 0.2879 - val_mse: 0.2879 - val_mae: 0.4337 - 2s/epoch - 174ms/step
Epoch 280/10000

Epoch 280: val_loss did not improve from 0.27456
11/11 - 2s - loss: 0.2729 - mse: 0.2729 - mae: 0.4230 - val_loss: 0.2797 - val_mse: 0.2797 - val_mae: 0.4248 - 2s/epoch - 174ms/step
Epoch 281/10000

Epoch 281: val_loss did not improve from 0.27456
11/11 - 2s - loss: 0.2701 - mse: 0.2701 - mae: 0.4201 - val_loss: 0.2759 - val_mse: 0.2759 - val_mae: 0.4226 - 2s/epoch - 175ms/step
Epoch 282/10000

Epoch 282: val_loss did not improve from 0.27456
11/11 - 2s - loss: 0.2701 - mse: 0.2701 - mae: 0.4205 - val_loss: 0.2746 - val_mse: 0.2746 - val_mae: 0.4223 - 2s/epoch - 173ms/step
Epoch 283/10000

Epoch 283: val_loss did not improve from 0.27456
11/11 - 2s - loss: 0.2704 - mse: 0.2704 - mae: 0.4209 - val_loss: 0.2790 - val_mse: 0.2790 - val_mae: 0.4244 - 2s/epoch - 175ms/step
Epoch 284/10000

Epoch 284: val_loss did not improve from 0.27456
11/11 - 2s - loss: 0.2736 - mse: 0.2736 - mae: 0.4228 - val_loss: 0.2944 - val_mse: 0.2944 - val_mae: 0.4389 - 2s/epoch - 174ms/step
Epoch 285/10000

Epoch 285: val_loss did not improve from 0.27456
11/11 - 2s - loss: 0.2789 - mse: 0.2789 - mae: 0.4267 - val_loss: 0.2746 - val_mse: 0.2746 - val_mae: 0.4222 - 2s/epoch - 174ms/step
Epoch 286/10000

Epoch 286: val_loss did not improve from 0.27456
11/11 - 2s - loss: 0.2695 - mse: 0.2695 - mae: 0.4200 - val_loss: 0.2885 - val_mse: 0.2885 - val_mae: 0.4304 - 2s/epoch - 175ms/step
Epoch 287/10000

Epoch 287: val_loss did not improve from 0.27456
11/11 - 2s - loss: 0.2727 - mse: 0.2727 - mae: 0.4222 - val_loss: 0.2755 - val_mse: 0.2755 - val_mae: 0.4233 - 2s/epoch - 175ms/step
Epoch 288/10000

Epoch 288: val_loss did not improve from 0.27456
11/11 - 2s - loss: 0.2701 - mse: 0.2701 - mae: 0.4206 - val_loss: 0.2746 - val_mse: 0.2746 - val_mae: 0.4224 - 2s/epoch - 177ms/step
Epoch 289/10000

Epoch 289: val_loss did not improve from 0.27456
11/11 - 2s - loss: 0.2701 - mse: 0.2701 - mae: 0.4207 - val_loss: 0.2759 - val_mse: 0.2759 - val_mae: 0.4226 - 2s/epoch - 174ms/step
Epoch 290/10000

Epoch 290: val_loss did not improve from 0.27456
11/11 - 2s - loss: 0.2737 - mse: 0.2737 - mae: 0.4230 - val_loss: 0.2757 - val_mse: 0.2757 - val_mae: 0.4225 - 2s/epoch - 174ms/step
Epoch 291/10000

Epoch 291: val_loss did not improve from 0.27456
11/11 - 2s - loss: 0.2722 - mse: 0.2722 - mae: 0.4225 - val_loss: 0.2746 - val_mse: 0.2746 - val_mae: 0.4222 - 2s/epoch - 177ms/step
Epoch 292/10000

Epoch 292: val_loss did not improve from 0.27456
11/11 - 2s - loss: 0.2696 - mse: 0.2696 - mae: 0.4201 - val_loss: 0.2747 - val_mse: 0.2747 - val_mae: 0.4226 - 2s/epoch - 177ms/step
Epoch 293/10000

Epoch 293: val_loss did not improve from 0.27456
11/11 - 2s - loss: 0.2693 - mse: 0.2693 - mae: 0.4199 - val_loss: 0.2765 - val_mse: 0.2765 - val_mae: 0.4229 - 2s/epoch - 174ms/step
Epoch 294/10000

Epoch 294: val_loss did not improve from 0.27456
11/11 - 2s - loss: 0.2692 - mse: 0.2692 - mae: 0.4197 - val_loss: 0.2748 - val_mse: 0.2748 - val_mae: 0.4227 - 2s/epoch - 175ms/step
Epoch 295/10000

Epoch 295: val_loss did not improve from 0.27456
11/11 - 2s - loss: 0.2713 - mse: 0.2713 - mae: 0.4218 - val_loss: 0.2746 - val_mse: 0.2746 - val_mae: 0.4220 - 2s/epoch - 174ms/step
Epoch 296/10000

Epoch 296: val_loss did not improve from 0.27456
11/11 - 2s - loss: 0.2718 - mse: 0.2718 - mae: 0.4214 - val_loss: 0.2752 - val_mse: 0.2752 - val_mae: 0.4221 - 2s/epoch - 174ms/step
Epoch 297/10000

Epoch 297: val_loss did not improve from 0.27456
11/11 - 2s - loss: 0.2694 - mse: 0.2694 - mae: 0.4199 - val_loss: 0.2777 - val_mse: 0.2777 - val_mae: 0.4235 - 2s/epoch - 175ms/step
Epoch 298/10000

Epoch 298: val_loss did not improve from 0.27456
11/11 - 2s - loss: 0.2694 - mse: 0.2694 - mae: 0.4198 - val_loss: 0.2748 - val_mse: 0.2748 - val_mae: 0.4221 - 2s/epoch - 175ms/step
Epoch 299/10000

Epoch 299: val_loss did not improve from 0.27456
11/11 - 2s - loss: 0.2703 - mse: 0.2703 - mae: 0.4203 - val_loss: 0.2778 - val_mse: 0.2778 - val_mae: 0.4254 - 2s/epoch - 176ms/step
Epoch 300/10000

Epoch 300: val_loss did not improve from 0.27456
11/11 - 2s - loss: 0.2733 - mse: 0.2733 - mae: 0.4228 - val_loss: 0.2752 - val_mse: 0.2752 - val_mae: 0.4230 - 2s/epoch - 174ms/step
Epoch 301/10000

Epoch 301: val_loss did not improve from 0.27456
11/11 - 2s - loss: 0.2710 - mse: 0.2710 - mae: 0.4209 - val_loss: 0.2756 - val_mse: 0.2756 - val_mae: 0.4223 - 2s/epoch - 175ms/step
Epoch 302/10000

Epoch 302: val_loss did not improve from 0.27456
11/11 - 2s - loss: 0.2687 - mse: 0.2687 - mae: 0.4193 - val_loss: 0.2746 - val_mse: 0.2746 - val_mae: 0.4223 - 2s/epoch - 176ms/step
Epoch 303/10000

Epoch 303: val_loss did not improve from 0.27456
11/11 - 2s - loss: 0.2690 - mse: 0.2690 - mae: 0.4194 - val_loss: 0.2746 - val_mse: 0.2746 - val_mae: 0.4221 - 2s/epoch - 176ms/step
Epoch 304/10000

Epoch 304: val_loss did not improve from 0.27456
11/11 - 2s - loss: 0.2688 - mse: 0.2688 - mae: 0.4196 - val_loss: 0.2761 - val_mse: 0.2761 - val_mae: 0.4239 - 2s/epoch - 175ms/step
Epoch 305/10000

Epoch 305: val_loss did not improve from 0.27456
11/11 - 2s - loss: 0.2713 - mse: 0.2713 - mae: 0.4217 - val_loss: 0.2755 - val_mse: 0.2755 - val_mae: 0.4233 - 2s/epoch - 175ms/step
Epoch 306/10000

Epoch 306: val_loss did not improve from 0.27456
11/11 - 2s - loss: 0.2725 - mse: 0.2725 - mae: 0.4226 - val_loss: 0.2841 - val_mse: 0.2841 - val_mae: 0.4274 - 2s/epoch - 174ms/step
Epoch 307/10000

Epoch 307: val_loss did not improve from 0.27456
11/11 - 2s - loss: 0.2705 - mse: 0.2705 - mae: 0.4206 - val_loss: 0.2746 - val_mse: 0.2746 - val_mae: 0.4223 - 2s/epoch - 175ms/step
Epoch 308/10000

Epoch 308: val_loss improved from 0.27456 to 0.27455, saving model to ./results/NN_rms_regr/RNN/recursion_39/ckpt_1
11/11 - 3s - loss: 0.2688 - mse: 0.2688 - mae: 0.4195 - val_loss: 0.2746 - val_mse: 0.2746 - val_mae: 0.4221 - 3s/epoch - 248ms/step
Epoch 309/10000

Epoch 309: val_loss did not improve from 0.27455
11/11 - 2s - loss: 0.2716 - mse: 0.2716 - mae: 0.4218 - val_loss: 0.2757 - val_mse: 0.2757 - val_mae: 0.4224 - 2s/epoch - 175ms/step
Epoch 310/10000

Epoch 310: val_loss did not improve from 0.27455
11/11 - 2s - loss: 0.2712 - mse: 0.2712 - mae: 0.4207 - val_loss: 0.2746 - val_mse: 0.2746 - val_mae: 0.4219 - 2s/epoch - 175ms/step
Epoch 311/10000

Epoch 311: val_loss did not improve from 0.27455
11/11 - 2s - loss: 0.2711 - mse: 0.2711 - mae: 0.4214 - val_loss: 0.2922 - val_mse: 0.2922 - val_mae: 0.4370 - 2s/epoch - 174ms/step
Epoch 312/10000

Epoch 312: val_loss did not improve from 0.27455
11/11 - 2s - loss: 0.2781 - mse: 0.2781 - mae: 0.4263 - val_loss: 0.2863 - val_mse: 0.2863 - val_mae: 0.4288 - 2s/epoch - 175ms/step
Epoch 313/10000

Epoch 313: val_loss did not improve from 0.27455
11/11 - 2s - loss: 0.2797 - mse: 0.2797 - mae: 0.4271 - val_loss: 0.2751 - val_mse: 0.2751 - val_mae: 0.4222 - 2s/epoch - 176ms/step
Epoch 314/10000

Epoch 314: val_loss did not improve from 0.27455
11/11 - 2s - loss: 0.2742 - mse: 0.2742 - mae: 0.4239 - val_loss: 0.2835 - val_mse: 0.2835 - val_mae: 0.4301 - 2s/epoch - 176ms/step
Epoch 315/10000

Epoch 315: val_loss did not improve from 0.27455
11/11 - 2s - loss: 0.2717 - mse: 0.2717 - mae: 0.4219 - val_loss: 0.2930 - val_mse: 0.2930 - val_mae: 0.4332 - 2s/epoch - 175ms/step
Epoch 316/10000

Epoch 316: val_loss did not improve from 0.27455
11/11 - 2s - loss: 0.2741 - mse: 0.2741 - mae: 0.4230 - val_loss: 0.2791 - val_mse: 0.2791 - val_mae: 0.4267 - 2s/epoch - 175ms/step
Epoch 317/10000

Epoch 317: val_loss did not improve from 0.27455
11/11 - 2s - loss: 0.2712 - mse: 0.2712 - mae: 0.4217 - val_loss: 0.2758 - val_mse: 0.2758 - val_mae: 0.4225 - 2s/epoch - 174ms/step
Epoch 318/10000

Epoch 318: val_loss did not improve from 0.27455
11/11 - 2s - loss: 0.2710 - mse: 0.2710 - mae: 0.4211 - val_loss: 0.2806 - val_mse: 0.2806 - val_mae: 0.4253 - 2s/epoch - 176ms/step
Epoch 319/10000

Epoch 319: val_loss did not improve from 0.27455
11/11 - 2s - loss: 0.2715 - mse: 0.2715 - mae: 0.4213 - val_loss: 0.2748 - val_mse: 0.2748 - val_mae: 0.4220 - 2s/epoch - 175ms/step
Epoch 320/10000

Epoch 320: val_loss did not improve from 0.27455
11/11 - 2s - loss: 0.2691 - mse: 0.2691 - mae: 0.4198 - val_loss: 0.2803 - val_mse: 0.2803 - val_mae: 0.4250 - 2s/epoch - 174ms/step
Epoch 321/10000

Epoch 321: val_loss did not improve from 0.27455
11/11 - 2s - loss: 0.2709 - mse: 0.2709 - mae: 0.4208 - val_loss: 0.2750 - val_mse: 0.2750 - val_mae: 0.4221 - 2s/epoch - 174ms/step
Epoch 322/10000

Epoch 322: val_loss did not improve from 0.27455
11/11 - 2s - loss: 0.2702 - mse: 0.2702 - mae: 0.4207 - val_loss: 0.2835 - val_mse: 0.2835 - val_mae: 0.4301 - 2s/epoch - 174ms/step
Epoch 323/10000

Epoch 323: val_loss did not improve from 0.27455
11/11 - 2s - loss: 0.2725 - mse: 0.2725 - mae: 0.4229 - val_loss: 0.2749 - val_mse: 0.2749 - val_mae: 0.4221 - 2s/epoch - 174ms/step
Epoch 324/10000

Epoch 324: val_loss did not improve from 0.27455
11/11 - 2s - loss: 0.2688 - mse: 0.2688 - mae: 0.4196 - val_loss: 0.2757 - val_mse: 0.2757 - val_mae: 0.4225 - 2s/epoch - 175ms/step
Epoch 325/10000

Epoch 325: val_loss did not improve from 0.27455
11/11 - 2s - loss: 0.2736 - mse: 0.2736 - mae: 0.4228 - val_loss: 0.2747 - val_mse: 0.2747 - val_mae: 0.4221 - 2s/epoch - 174ms/step
Epoch 326/10000

Epoch 326: val_loss did not improve from 0.27455
11/11 - 2s - loss: 0.2756 - mse: 0.2756 - mae: 0.4245 - val_loss: 0.2749 - val_mse: 0.2749 - val_mae: 0.4221 - 2s/epoch - 174ms/step
Epoch 327/10000

Epoch 327: val_loss did not improve from 0.27455
11/11 - 2s - loss: 0.2707 - mse: 0.2707 - mae: 0.4207 - val_loss: 0.2800 - val_mse: 0.2800 - val_mae: 0.4250 - 2s/epoch - 175ms/step
Epoch 328/10000

Epoch 328: val_loss did not improve from 0.27455
11/11 - 2s - loss: 0.2721 - mse: 0.2721 - mae: 0.4215 - val_loss: 0.2810 - val_mse: 0.2810 - val_mae: 0.4280 - 2s/epoch - 175ms/step
Epoch 329/10000

Epoch 329: val_loss did not improve from 0.27455
11/11 - 2s - loss: 0.2763 - mse: 0.2763 - mae: 0.4255 - val_loss: 0.2793 - val_mse: 0.2793 - val_mae: 0.4245 - 2s/epoch - 175ms/step
Epoch 330/10000

Epoch 330: val_loss did not improve from 0.27455
11/11 - 2s - loss: 0.2697 - mse: 0.2697 - mae: 0.4198 - val_loss: 0.2750 - val_mse: 0.2750 - val_mae: 0.4227 - 2s/epoch - 174ms/step
Epoch 331/10000

Epoch 331: val_loss did not improve from 0.27455
11/11 - 2s - loss: 0.2687 - mse: 0.2687 - mae: 0.4194 - val_loss: 0.2747 - val_mse: 0.2747 - val_mae: 0.4221 - 2s/epoch - 174ms/step
Epoch 332/10000

Epoch 332: val_loss did not improve from 0.27455
11/11 - 2s - loss: 0.2697 - mse: 0.2697 - mae: 0.4200 - val_loss: 0.2748 - val_mse: 0.2748 - val_mae: 0.4220 - 2s/epoch - 175ms/step
Epoch 333/10000

Epoch 333: val_loss did not improve from 0.27455
11/11 - 2s - loss: 0.2691 - mse: 0.2691 - mae: 0.4195 - val_loss: 0.2752 - val_mse: 0.2752 - val_mae: 0.4229 - 2s/epoch - 174ms/step
Epoch 334/10000

Epoch 334: val_loss did not improve from 0.27455
11/11 - 2s - loss: 0.2732 - mse: 0.2732 - mae: 0.4232 - val_loss: 0.2781 - val_mse: 0.2781 - val_mae: 0.4237 - 2s/epoch - 175ms/step
Epoch 335/10000

Epoch 335: val_loss did not improve from 0.27455
11/11 - 2s - loss: 0.2745 - mse: 0.2745 - mae: 0.4231 - val_loss: 0.2761 - val_mse: 0.2761 - val_mae: 0.4227 - 2s/epoch - 175ms/step
Epoch 336/10000

Epoch 336: val_loss did not improve from 0.27455
11/11 - 2s - loss: 0.2715 - mse: 0.2715 - mae: 0.4216 - val_loss: 0.2852 - val_mse: 0.2852 - val_mae: 0.4315 - 2s/epoch - 174ms/step
Epoch 337/10000

Epoch 337: val_loss did not improve from 0.27455
11/11 - 2s - loss: 0.2765 - mse: 0.2765 - mae: 0.4249 - val_loss: 0.2845 - val_mse: 0.2845 - val_mae: 0.4277 - 2s/epoch - 176ms/step
Epoch 338/10000

Epoch 338: val_loss did not improve from 0.27455
11/11 - 2s - loss: 0.2743 - mse: 0.2743 - mae: 0.4232 - val_loss: 0.2766 - val_mse: 0.2766 - val_mae: 0.4229 - 2s/epoch - 173ms/step
Epoch 339/10000

Epoch 339: val_loss did not improve from 0.27455
11/11 - 2s - loss: 0.2686 - mse: 0.2686 - mae: 0.4192 - val_loss: 0.2748 - val_mse: 0.2748 - val_mae: 0.4220 - 2s/epoch - 176ms/step
Epoch 340/10000

Epoch 340: val_loss did not improve from 0.27455
11/11 - 2s - loss: 0.2691 - mse: 0.2691 - mae: 0.4196 - val_loss: 0.2746 - val_mse: 0.2746 - val_mae: 0.4221 - 2s/epoch - 174ms/step
Epoch 341/10000

Epoch 341: val_loss did not improve from 0.27455
11/11 - 2s - loss: 0.2693 - mse: 0.2693 - mae: 0.4198 - val_loss: 0.2748 - val_mse: 0.2748 - val_mae: 0.4219 - 2s/epoch - 175ms/step
Epoch 342/10000

Epoch 342: val_loss did not improve from 0.27455
11/11 - 2s - loss: 0.2683 - mse: 0.2683 - mae: 0.4189 - val_loss: 0.2749 - val_mse: 0.2749 - val_mae: 0.4220 - 2s/epoch - 174ms/step
Epoch 343/10000

Epoch 343: val_loss did not improve from 0.27455
11/11 - 2s - loss: 0.2706 - mse: 0.2706 - mae: 0.4208 - val_loss: 0.2746 - val_mse: 0.2746 - val_mae: 0.4219 - 2s/epoch - 175ms/step
Epoch 344/10000

Epoch 344: val_loss did not improve from 0.27455
11/11 - 2s - loss: 0.2686 - mse: 0.2686 - mae: 0.4190 - val_loss: 0.2746 - val_mse: 0.2746 - val_mae: 0.4220 - 2s/epoch - 175ms/step
Epoch 345/10000

Epoch 345: val_loss did not improve from 0.27455
11/11 - 2s - loss: 0.2719 - mse: 0.2719 - mae: 0.4218 - val_loss: 0.2755 - val_mse: 0.2755 - val_mae: 0.4232 - 2s/epoch - 171ms/step
Epoch 346/10000

Epoch 346: val_loss did not improve from 0.27455
11/11 - 2s - loss: 0.2707 - mse: 0.2707 - mae: 0.4212 - val_loss: 0.2750 - val_mse: 0.2750 - val_mae: 0.4227 - 2s/epoch - 175ms/step
Epoch 347/10000

Epoch 347: val_loss did not improve from 0.27455
11/11 - 2s - loss: 0.2688 - mse: 0.2688 - mae: 0.4194 - val_loss: 0.2765 - val_mse: 0.2765 - val_mae: 0.4240 - 2s/epoch - 175ms/step
Epoch 348/10000

Epoch 348: val_loss did not improve from 0.27455
11/11 - 2s - loss: 0.2693 - mse: 0.2693 - mae: 0.4201 - val_loss: 0.2870 - val_mse: 0.2870 - val_mae: 0.4291 - 2s/epoch - 174ms/step
Epoch 349/10000

Epoch 349: val_loss did not improve from 0.27455
11/11 - 2s - loss: 0.2719 - mse: 0.2719 - mae: 0.4217 - val_loss: 0.2748 - val_mse: 0.2748 - val_mae: 0.4219 - 2s/epoch - 175ms/step
Epoch 350/10000

Epoch 350: val_loss did not improve from 0.27455
11/11 - 2s - loss: 0.2695 - mse: 0.2695 - mae: 0.4199 - val_loss: 0.2751 - val_mse: 0.2751 - val_mae: 0.4228 - 2s/epoch - 175ms/step
Epoch 351/10000

Epoch 351: val_loss did not improve from 0.27455
11/11 - 2s - loss: 0.2698 - mse: 0.2698 - mae: 0.4201 - val_loss: 0.2746 - val_mse: 0.2746 - val_mae: 0.4221 - 2s/epoch - 174ms/step
Epoch 352/10000

Epoch 352: val_loss did not improve from 0.27455
11/11 - 2s - loss: 0.2709 - mse: 0.2709 - mae: 0.4206 - val_loss: 0.2845 - val_mse: 0.2845 - val_mae: 0.4276 - 2s/epoch - 174ms/step
Epoch 353/10000

Epoch 353: val_loss did not improve from 0.27455
11/11 - 2s - loss: 0.2731 - mse: 0.2731 - mae: 0.4230 - val_loss: 0.2760 - val_mse: 0.2760 - val_mae: 0.4237 - 2s/epoch - 175ms/step
Epoch 354/10000

Epoch 354: val_loss did not improve from 0.27455
11/11 - 2s - loss: 0.2695 - mse: 0.2695 - mae: 0.4200 - val_loss: 0.2780 - val_mse: 0.2780 - val_mae: 0.4235 - 2s/epoch - 174ms/step
Epoch 355/10000

Epoch 355: val_loss did not improve from 0.27455
11/11 - 2s - loss: 0.2688 - mse: 0.2688 - mae: 0.4194 - val_loss: 0.2761 - val_mse: 0.2761 - val_mae: 0.4225 - 2s/epoch - 173ms/step
Epoch 356/10000

Epoch 356: val_loss did not improve from 0.27455
11/11 - 2s - loss: 0.2689 - mse: 0.2689 - mae: 0.4195 - val_loss: 0.2784 - val_mse: 0.2784 - val_mae: 0.4238 - 2s/epoch - 174ms/step
Epoch 357/10000

Epoch 357: val_loss did not improve from 0.27455
11/11 - 2s - loss: 0.2692 - mse: 0.2692 - mae: 0.4198 - val_loss: 0.2755 - val_mse: 0.2755 - val_mae: 0.4222 - 2s/epoch - 174ms/step
Epoch 358/10000

Epoch 358: val_loss did not improve from 0.27455
11/11 - 2s - loss: 0.2700 - mse: 0.2700 - mae: 0.4200 - val_loss: 0.2788 - val_mse: 0.2788 - val_mae: 0.4260 - 2s/epoch - 175ms/step
Epoch 359/10000

Epoch 359: val_loss did not improve from 0.27455
11/11 - 2s - loss: 0.2729 - mse: 0.2729 - mae: 0.4226 - val_loss: 0.2757 - val_mse: 0.2757 - val_mae: 0.4224 - 2s/epoch - 175ms/step
Epoch 360/10000

Epoch 360: val_loss did not improve from 0.27455
11/11 - 2s - loss: 0.2716 - mse: 0.2716 - mae: 0.4211 - val_loss: 0.2848 - val_mse: 0.2848 - val_mae: 0.4310 - 2s/epoch - 174ms/step
Epoch 361/10000

Epoch 361: val_loss did not improve from 0.27455
11/11 - 2s - loss: 0.2766 - mse: 0.2766 - mae: 0.4252 - val_loss: 0.2949 - val_mse: 0.2949 - val_mae: 0.4343 - 2s/epoch - 174ms/step
Epoch 362/10000

Epoch 362: val_loss did not improve from 0.27455
11/11 - 2s - loss: 0.2760 - mse: 0.2760 - mae: 0.4241 - val_loss: 0.2752 - val_mse: 0.2752 - val_mae: 0.4228 - 2s/epoch - 175ms/step
Epoch 363/10000

Epoch 363: val_loss did not improve from 0.27455
11/11 - 2s - loss: 0.2706 - mse: 0.2706 - mae: 0.4201 - val_loss: 0.2849 - val_mse: 0.2849 - val_mae: 0.4310 - 2s/epoch - 174ms/step
Epoch 364/10000

Epoch 364: val_loss did not improve from 0.27455
11/11 - 2s - loss: 0.2779 - mse: 0.2779 - mae: 0.4270 - val_loss: 0.2859 - val_mse: 0.2859 - val_mae: 0.4285 - 2s/epoch - 175ms/step
Epoch 365/10000

Epoch 365: val_loss did not improve from 0.27455
11/11 - 2s - loss: 0.2699 - mse: 0.2699 - mae: 0.4196 - val_loss: 0.2747 - val_mse: 0.2747 - val_mae: 0.4222 - 2s/epoch - 175ms/step
Epoch 366/10000

Epoch 366: val_loss did not improve from 0.27455
11/11 - 2s - loss: 0.2683 - mse: 0.2683 - mae: 0.4189 - val_loss: 0.2747 - val_mse: 0.2747 - val_mae: 0.4218 - 2s/epoch - 175ms/step
Epoch 367/10000

Epoch 367: val_loss did not improve from 0.27455
11/11 - 2s - loss: 0.2700 - mse: 0.2700 - mae: 0.4202 - val_loss: 0.2815 - val_mse: 0.2815 - val_mae: 0.4257 - 2s/epoch - 174ms/step
Epoch 368/10000

Epoch 368: val_loss did not improve from 0.27455
11/11 - 2s - loss: 0.2739 - mse: 0.2739 - mae: 0.4228 - val_loss: 0.2764 - val_mse: 0.2764 - val_mae: 0.4240 - 2s/epoch - 174ms/step
Epoch 369/10000

Epoch 369: val_loss did not improve from 0.27455
11/11 - 2s - loss: 0.2762 - mse: 0.2762 - mae: 0.4260 - val_loss: 0.2748 - val_mse: 0.2748 - val_mae: 0.4224 - 2s/epoch - 175ms/step
Epoch 370/10000

Epoch 370: val_loss did not improve from 0.27455
11/11 - 2s - loss: 0.2698 - mse: 0.2698 - mae: 0.4199 - val_loss: 0.2765 - val_mse: 0.2765 - val_mae: 0.4226 - 2s/epoch - 175ms/step
Epoch 371/10000

Epoch 371: val_loss did not improve from 0.27455
11/11 - 2s - loss: 0.2759 - mse: 0.2759 - mae: 0.4239 - val_loss: 0.2827 - val_mse: 0.2827 - val_mae: 0.4265 - 2s/epoch - 173ms/step
Epoch 372/10000

Epoch 372: val_loss did not improve from 0.27455
11/11 - 2s - loss: 0.2737 - mse: 0.2737 - mae: 0.4226 - val_loss: 0.2762 - val_mse: 0.2762 - val_mae: 0.4239 - 2s/epoch - 175ms/step
Epoch 373/10000

Epoch 373: val_loss did not improve from 0.27455
11/11 - 2s - loss: 0.2709 - mse: 0.2709 - mae: 0.4216 - val_loss: 0.2775 - val_mse: 0.2775 - val_mae: 0.4249 - 2s/epoch - 174ms/step
Epoch 374/10000

Epoch 374: val_loss did not improve from 0.27455
11/11 - 2s - loss: 0.2686 - mse: 0.2686 - mae: 0.4188 - val_loss: 0.2746 - val_mse: 0.2746 - val_mae: 0.4219 - 2s/epoch - 174ms/step
Epoch 375/10000

Epoch 375: val_loss did not improve from 0.27455
11/11 - 2s - loss: 0.2689 - mse: 0.2689 - mae: 0.4193 - val_loss: 0.2746 - val_mse: 0.2746 - val_mae: 0.4219 - 2s/epoch - 174ms/step
Epoch 376/10000

Epoch 376: val_loss did not improve from 0.27455
11/11 - 2s - loss: 0.2719 - mse: 0.2719 - mae: 0.4215 - val_loss: 0.2746 - val_mse: 0.2746 - val_mae: 0.4219 - 2s/epoch - 175ms/step
Epoch 377/10000

Epoch 377: val_loss did not improve from 0.27455
11/11 - 2s - loss: 0.2705 - mse: 0.2705 - mae: 0.4206 - val_loss: 0.2826 - val_mse: 0.2826 - val_mae: 0.4292 - 2s/epoch - 174ms/step
Epoch 378/10000

Epoch 378: val_loss did not improve from 0.27455
11/11 - 2s - loss: 0.2707 - mse: 0.2707 - mae: 0.4207 - val_loss: 0.2788 - val_mse: 0.2788 - val_mae: 0.4241 - 2s/epoch - 174ms/step
Epoch 379/10000

Epoch 379: val_loss did not improve from 0.27455
11/11 - 2s - loss: 0.2686 - mse: 0.2686 - mae: 0.4191 - val_loss: 0.2782 - val_mse: 0.2782 - val_mae: 0.4236 - 2s/epoch - 174ms/step
Epoch 380/10000

Epoch 380: val_loss did not improve from 0.27455
11/11 - 2s - loss: 0.2689 - mse: 0.2689 - mae: 0.4192 - val_loss: 0.2756 - val_mse: 0.2756 - val_mae: 0.4222 - 2s/epoch - 175ms/step
Epoch 381/10000

Epoch 381: val_loss did not improve from 0.27455
11/11 - 2s - loss: 0.2693 - mse: 0.2693 - mae: 0.4197 - val_loss: 0.2773 - val_mse: 0.2773 - val_mae: 0.4231 - 2s/epoch - 175ms/step
Epoch 382/10000

Epoch 382: val_loss did not improve from 0.27455
11/11 - 2s - loss: 0.2704 - mse: 0.2704 - mae: 0.4201 - val_loss: 0.2750 - val_mse: 0.2750 - val_mae: 0.4226 - 2s/epoch - 175ms/step
Epoch 383/10000

Epoch 383: val_loss did not improve from 0.27455
11/11 - 2s - loss: 0.2698 - mse: 0.2698 - mae: 0.4204 - val_loss: 0.2785 - val_mse: 0.2785 - val_mae: 0.4238 - 2s/epoch - 173ms/step
Epoch 384/10000

Epoch 384: val_loss did not improve from 0.27455
11/11 - 2s - loss: 0.2698 - mse: 0.2698 - mae: 0.4199 - val_loss: 0.2775 - val_mse: 0.2775 - val_mae: 0.4249 - 2s/epoch - 174ms/step
Epoch 385/10000

Epoch 385: val_loss did not improve from 0.27455
11/11 - 2s - loss: 0.2716 - mse: 0.2716 - mae: 0.4208 - val_loss: 0.2782 - val_mse: 0.2782 - val_mae: 0.4236 - 2s/epoch - 175ms/step
Epoch 386/10000

Epoch 386: val_loss did not improve from 0.27455
11/11 - 2s - loss: 0.2700 - mse: 0.2700 - mae: 0.4207 - val_loss: 0.2753 - val_mse: 0.2753 - val_mae: 0.4220 - 2s/epoch - 175ms/step
Epoch 387/10000

Epoch 387: val_loss did not improve from 0.27455
11/11 - 2s - loss: 0.2721 - mse: 0.2721 - mae: 0.4220 - val_loss: 0.2747 - val_mse: 0.2747 - val_mae: 0.4220 - 2s/epoch - 174ms/step
Epoch 388/10000

Epoch 388: val_loss did not improve from 0.27455
11/11 - 2s - loss: 0.2709 - mse: 0.2709 - mae: 0.4210 - val_loss: 0.2749 - val_mse: 0.2749 - val_mae: 0.4219 - 2s/epoch - 175ms/step
Epoch 389/10000

Epoch 389: val_loss did not improve from 0.27455
11/11 - 2s - loss: 0.2734 - mse: 0.2734 - mae: 0.4228 - val_loss: 0.2750 - val_mse: 0.2750 - val_mae: 0.4224 - 2s/epoch - 175ms/step
Epoch 390/10000

Epoch 390: val_loss did not improve from 0.27455
11/11 - 2s - loss: 0.2730 - mse: 0.2730 - mae: 0.4227 - val_loss: 0.2747 - val_mse: 0.2747 - val_mae: 0.4221 - 2s/epoch - 174ms/step
Epoch 391/10000

Epoch 391: val_loss did not improve from 0.27455
11/11 - 2s - loss: 0.2698 - mse: 0.2698 - mae: 0.4199 - val_loss: 0.2750 - val_mse: 0.2750 - val_mae: 0.4225 - 2s/epoch - 174ms/step
Epoch 392/10000

Epoch 392: val_loss did not improve from 0.27455
11/11 - 2s - loss: 0.2715 - mse: 0.2715 - mae: 0.4212 - val_loss: 0.2778 - val_mse: 0.2778 - val_mae: 0.4234 - 2s/epoch - 174ms/step
Epoch 393/10000

Epoch 393: val_loss did not improve from 0.27455
11/11 - 2s - loss: 0.2687 - mse: 0.2687 - mae: 0.4193 - val_loss: 0.2760 - val_mse: 0.2760 - val_mae: 0.4224 - 2s/epoch - 175ms/step
Epoch 394/10000

Epoch 394: val_loss did not improve from 0.27455
11/11 - 2s - loss: 0.2696 - mse: 0.2696 - mae: 0.4199 - val_loss: 0.2779 - val_mse: 0.2779 - val_mae: 0.4252 - 2s/epoch - 175ms/step
Epoch 395/10000

Epoch 395: val_loss did not improve from 0.27455
11/11 - 2s - loss: 0.2713 - mse: 0.2713 - mae: 0.4211 - val_loss: 0.2759 - val_mse: 0.2759 - val_mae: 0.4223 - 2s/epoch - 174ms/step
Epoch 396/10000

Epoch 396: val_loss did not improve from 0.27455
11/11 - 2s - loss: 0.2747 - mse: 0.2747 - mae: 0.4232 - val_loss: 0.2789 - val_mse: 0.2789 - val_mae: 0.4260 - 2s/epoch - 174ms/step
Epoch 397/10000

Epoch 397: val_loss did not improve from 0.27455
11/11 - 2s - loss: 0.2742 - mse: 0.2742 - mae: 0.4239 - val_loss: 0.2747 - val_mse: 0.2747 - val_mae: 0.4220 - 2s/epoch - 173ms/step
Epoch 398/10000

Epoch 398: val_loss did not improve from 0.27455
11/11 - 2s - loss: 0.2708 - mse: 0.2708 - mae: 0.4206 - val_loss: 0.2766 - val_mse: 0.2766 - val_mae: 0.4228 - 2s/epoch - 175ms/step
Epoch 399/10000

Epoch 399: val_loss did not improve from 0.27455
11/11 - 2s - loss: 0.2697 - mse: 0.2697 - mae: 0.4201 - val_loss: 0.2817 - val_mse: 0.2817 - val_mae: 0.4285 - 2s/epoch - 174ms/step
Epoch 400/10000

Epoch 400: val_loss did not improve from 0.27455
11/11 - 2s - loss: 0.2700 - mse: 0.2700 - mae: 0.4204 - val_loss: 0.2747 - val_mse: 0.2747 - val_mae: 0.4221 - 2s/epoch - 174ms/step
Epoch 401/10000

Epoch 401: val_loss did not improve from 0.27455
11/11 - 2s - loss: 0.2707 - mse: 0.2707 - mae: 0.4207 - val_loss: 0.2748 - val_mse: 0.2748 - val_mae: 0.4218 - 2s/epoch - 175ms/step
Epoch 402/10000

Epoch 402: val_loss did not improve from 0.27455
11/11 - 2s - loss: 0.2693 - mse: 0.2693 - mae: 0.4194 - val_loss: 0.2747 - val_mse: 0.2747 - val_mae: 0.4218 - 2s/epoch - 174ms/step
Epoch 403/10000

Epoch 403: val_loss did not improve from 0.27455
11/11 - 2s - loss: 0.2709 - mse: 0.2709 - mae: 0.4210 - val_loss: 0.2753 - val_mse: 0.2753 - val_mae: 0.4228 - 2s/epoch - 174ms/step
Epoch 404/10000

Epoch 404: val_loss did not improve from 0.27455
11/11 - 2s - loss: 0.2703 - mse: 0.2703 - mae: 0.4202 - val_loss: 0.2747 - val_mse: 0.2747 - val_mae: 0.4222 - 2s/epoch - 174ms/step
Epoch 405/10000

Epoch 405: val_loss did not improve from 0.27455
11/11 - 2s - loss: 0.2692 - mse: 0.2692 - mae: 0.4196 - val_loss: 0.2758 - val_mse: 0.2758 - val_mae: 0.4233 - 2s/epoch - 174ms/step
Epoch 406/10000

Epoch 406: val_loss did not improve from 0.27455
11/11 - 2s - loss: 0.2731 - mse: 0.2731 - mae: 0.4219 - val_loss: 0.2859 - val_mse: 0.2859 - val_mae: 0.4283 - 2s/epoch - 175ms/step
Epoch 407/10000

Epoch 407: val_loss did not improve from 0.27455
11/11 - 2s - loss: 0.2726 - mse: 0.2726 - mae: 0.4217 - val_loss: 0.2752 - val_mse: 0.2752 - val_mae: 0.4220 - 2s/epoch - 174ms/step
Epoch 408/10000

Epoch 408: val_loss did not improve from 0.27455
11/11 - 2s - loss: 0.2690 - mse: 0.2690 - mae: 0.4194 - val_loss: 0.2758 - val_mse: 0.2758 - val_mae: 0.4222 - 2s/epoch - 173ms/step
Epoch 408: early stopping
