[ 13.14519438  30.04553007  46.53366244  63.02179482  79.5099272
  95.99805957 112.48619195 128.97432432 145.4624567  161.95058908
 178.43872145 194.92685383 211.41498621 227.90311858 244.39125096
 260.87938334 277.36751571 293.85564809 310.34378047 326.83191284
 343.32004522 359.80817759 376.29630997 392.78444235 409.27257472
 425.7607071 ]
Before undersampling: [(0, 375), (1, 834), (2, 3661), (3, 4955), (4, 3156), (5, 2425), (6, 2195), (7, 1862), (8, 1648), (9, 1497), (10, 1418), (11, 1313), (12, 1182), (13, 1082), (14, 902), (15, 843), (16, 708), (17, 675), (18, 486), (19, 429), (20, 347), (21, 282), (22, 251), (23, 195), (24, 209)]
After undersampling: [(0, 125), (1, 380), (2, 2583), (3, 3118), (4, 2049), (5, 1689), (6, 1517), (7, 1386), (8, 1214), (9, 993), (10, 1049), (11, 913), (12, 837), (13, 737), (14, 625), (15, 605), (16, 478), (17, 475), (18, 322), (19, 305), (20, 220), (21, 184), (22, 165), (23, 195), (24, 172)]
            label  HH_0_0_x  HV_0_0_x  IA_0_0_x       FYI      DFYI       MYI     rms_0     thk_1     rms_1     thk_2     rms_2     thk_3     rms_3  ...    3         4    5         6         7         8         9        10   11        12   13        14        15                                                CNN
0       24.000382  0.294118  0.050980  0.108372  0.509180  0.417192  0.073628  4.719799  1.202311  4.629459  1.143686  4.642410  1.122556  4.646636  ...  0.0  1.043925  0.0  0.639033  0.600860  0.845133  0.291136  0.967377  0.0  0.752463  0.0  0.733573  0.519867  [[[[0.1803921568627451], [0.10833361008588], [...
1       16.479719  0.215686  0.054902  0.098683  0.037399  0.918977  0.043624  5.049065  1.306884  5.080013  1.220014  5.053459  1.242636  5.065473  ...  0.0  1.018929  0.0  0.662544  0.544116  0.861484  0.323384  0.958455  0.0  0.739964  0.0  0.755782  0.482822  [[[[0.2235294117647059], [0.0986427307128906],...
2       26.546052  0.152941  0.066667  0.116640  0.980370  0.008739  0.010891  4.293495  1.091964  4.287599  1.074878  4.260117  1.100223  4.255220  ...  0.0  1.077467  0.0  0.620866  0.676591  0.824165  0.227535  1.001745  0.0  0.787316  0.0  0.729038  0.595012  [[[[0.2039215686274509], [0.1166017794141582],...
3       23.707120  0.235294  0.070588  0.114617  0.310790  0.231765  0.457444  4.837789  1.225802  4.851786  1.213487  4.863079  1.215474  4.813930  ...  0.0  0.747436  0.0  0.514964  0.331265  0.654572  0.345215  0.631706  0.0  0.584643  0.0  0.593426  0.357397  [[[[0.2509803921568627], [0.1145792568431181],...
4       17.436141  0.152941  0.047059  0.097645  0.862881  0.089357  0.047762  4.116029  1.055558  4.215597  1.031824  4.176466  1.080477  4.164559  ...  0.0  1.090934  0.0  0.647628  0.683062  0.866254  0.272624  1.018083  0.0  0.797712  0.0  0.753451  0.599416  [[[[0.1607843137254902], [0.0976848826688878],...
...           ...       ...       ...       ...       ...       ...       ...       ...       ...       ...       ...       ...       ...       ...  ...  ...       ...  ...       ...       ...       ...       ...       ...  ...       ...  ...       ...       ...                                                ...
22331  417.027580  0.505882  0.090196  0.152162  0.185910  0.031902  0.782188  4.486675  1.202497  4.531466  1.252972  4.593008  1.239219  4.510143  ...  0.0  0.839703  0.0  0.468273  0.499118  0.650608  0.278814  0.681403  0.0  0.621146  0.0  0.548368  0.455899  [[[[0.4196078431372549], [0.15219440834195], [...
22332  417.866263  0.392157  0.125490  0.152184  0.189279  0.051355  0.759366  4.590506  1.242536  4.658542  1.255140  4.682031  1.275536  4.639037  ...  0.0  0.753041  0.0  0.432618  0.424933  0.606180  0.279904  0.615722  0.0  0.551801  0.0  0.504145  0.391604  [[[[0.3490196078431372], [0.1522158155254289],...
22333  421.196328  0.631373  0.466667  0.154089  0.004261  0.000064  0.995674  1.187829  0.197352  0.941815  0.203265  0.245285  0.157730  0.213412  ...  0.0  0.644292  0.0  0.466233  0.184014  0.544459  0.317551  0.496343  0.0  0.488684  0.0  0.521621  0.200857  [[[[0.596078431372549], [0.1541208603802849], ...
22334  416.289186  0.517647  0.160784  0.153404  0.011037  0.000341  0.988622  1.187829  0.197352  0.941815  0.203265  0.245285  0.157730  0.213412  ...  0.0  0.792541  0.0  0.518223  0.461039  0.679398  0.335284  0.699151  0.0  0.512142  0.0  0.532694  0.315921  [[[[0.4078431372549019], [0.1534358903473499],...
22335  423.194662  0.341176  0.274510  0.153307  0.003870  0.000024  0.996105  1.187829  0.197352  0.941815  0.203265  0.245285  0.157730  0.213412  ...  0.0  0.712026  0.0  0.452670  0.356484  0.560431  0.500874  0.445316  0.0  0.508642  0.0  0.462847  0.257479  [[[[0.5686274509803921], [0.1533395804610907],...

[22336 rows x 128 columns]
Size of dataset: (22336, 127)
*************************** Fold #: 1 ***************************
Model: "model"
__________________________________________________________________________________________________
 Layer (type)                   Output Shape         Param #     Connected to                     
==================================================================================================
 conv (InputLayer)              [(None, 7, 7, 3, 1)  0           []                               
                                ]                                                                 
                                                                                                  
 zero_padding3d (ZeroPadding3D)  (None, 8, 8, 4, 1)  0           ['conv[0][0]']                   
                                                                                                  
 conv3d (Conv3D)                (None, 8, 8, 4, 8)   224         ['zero_padding3d[0][0]']         
                                                                                                  
 max_pooling3d (MaxPooling3D)   (None, 4, 4, 2, 8)   0           ['conv3d[0][0]']                 
                                                                                                  
 conv3d_1 (Conv3D)              (None, 4, 4, 2, 4)   868         ['max_pooling3d[0][0]']          
                                                                                                  
 max_pooling3d_1 (MaxPooling3D)  (None, 2, 2, 1, 4)  0           ['conv3d_1[0][0]']               
                                                                                                  
 cat (InputLayer)               [(None, 126)]        0           []                               
                                                                                                  
 flatten (Flatten)              (None, 16)           0           ['max_pooling3d_1[0][0]']        
                                                                                                  
 concatenate (Concatenate)      (None, 142)          0           ['cat[0][0]',                    
                                                                  'flatten[0][0]']                
                                                                                                  
 dense (Dense)                  (None, 200)          28600       ['concatenate[0][0]']            
                                                                                                  
 dense_1 (Dense)                (None, 200)          40200       ['dense[0][0]']                  
                                                                                                  
 dense_2 (Dense)                (None, 200)          40200       ['dense_1[0][0]']                
                                                                                                  
 dense_3 (Dense)                (None, 200)          40200       ['dense_2[0][0]']                
                                                                                                  
 dense_4 (Dense)                (None, 200)          40200       ['dense_3[0][0]']                
                                                                                                  
 dense_5 (Dense)                (None, 1)            201         ['dense_4[0][0]']                
                                                                                                  
==================================================================================================
Total params: 190,693
Trainable params: 190,693
Non-trainable params: 0
__________________________________________________________________________________________________
Epoch 1/10000

Epoch 1: val_loss improved from inf to 2.28018, saving model to ./results/NN_rms_regr/ResNet/recursion_10/ckpt_1
11/11 - 3s - loss: 7.8975 - mse: 7.8975 - mae: 2.3339 - val_loss: 2.2802 - val_mse: 2.2802 - val_mae: 1.2916 - 3s/epoch - 298ms/step
Epoch 2/10000

Epoch 2: val_loss improved from 2.28018 to 0.88571, saving model to ./results/NN_rms_regr/ResNet/recursion_10/ckpt_1
11/11 - 3s - loss: 1.7375 - mse: 1.7375 - mae: 1.0185 - val_loss: 0.8857 - val_mse: 0.8857 - val_mae: 0.5733 - 3s/epoch - 249ms/step
Epoch 3/10000

Epoch 3: val_loss improved from 0.88571 to 0.78043, saving model to ./results/NN_rms_regr/ResNet/recursion_10/ckpt_1
11/11 - 3s - loss: 1.0243 - mse: 1.0243 - mae: 0.6695 - val_loss: 0.7804 - val_mse: 0.7804 - val_mae: 0.5553 - 3s/epoch - 249ms/step
Epoch 4/10000

Epoch 4: val_loss improved from 0.78043 to 0.59294, saving model to ./results/NN_rms_regr/ResNet/recursion_10/ckpt_1
11/11 - 3s - loss: 0.7613 - mse: 0.7613 - mae: 0.5722 - val_loss: 0.5929 - val_mse: 0.5929 - val_mae: 0.5300 - 3s/epoch - 249ms/step
Epoch 5/10000

Epoch 5: val_loss improved from 0.59294 to 0.29118, saving model to ./results/NN_rms_regr/ResNet/recursion_10/ckpt_1
11/11 - 3s - loss: 0.4513 - mse: 0.4513 - mae: 0.4998 - val_loss: 0.2912 - val_mse: 0.2912 - val_mae: 0.4396 - 3s/epoch - 249ms/step
Epoch 6/10000

Epoch 6: val_loss improved from 0.29118 to 0.28869, saving model to ./results/NN_rms_regr/ResNet/recursion_10/ckpt_1
11/11 - 3s - loss: 0.2975 - mse: 0.2975 - mae: 0.4444 - val_loss: 0.2887 - val_mse: 0.2887 - val_mae: 0.4386 - 3s/epoch - 249ms/step
Epoch 7/10000

Epoch 7: val_loss improved from 0.28869 to 0.28770, saving model to ./results/NN_rms_regr/ResNet/recursion_10/ckpt_1
11/11 - 3s - loss: 0.2816 - mse: 0.2816 - mae: 0.4334 - val_loss: 0.2877 - val_mse: 0.2877 - val_mae: 0.4351 - 3s/epoch - 263ms/step
Epoch 8/10000

Epoch 8: val_loss improved from 0.28770 to 0.28237, saving model to ./results/NN_rms_regr/ResNet/recursion_10/ckpt_1
11/11 - 3s - loss: 0.2784 - mse: 0.2784 - mae: 0.4324 - val_loss: 0.2824 - val_mse: 0.2824 - val_mae: 0.4338 - 3s/epoch - 263ms/step
Epoch 9/10000

Epoch 9: val_loss improved from 0.28237 to 0.28136, saving model to ./results/NN_rms_regr/ResNet/recursion_10/ckpt_1
11/11 - 3s - loss: 0.2754 - mse: 0.2754 - mae: 0.4302 - val_loss: 0.2814 - val_mse: 0.2814 - val_mae: 0.4318 - 3s/epoch - 256ms/step
Epoch 10/10000

Epoch 10: val_loss did not improve from 0.28136
11/11 - 2s - loss: 0.2746 - mse: 0.2746 - mae: 0.4290 - val_loss: 0.2830 - val_mse: 0.2830 - val_mae: 0.4332 - 2s/epoch - 182ms/step
Epoch 11/10000

Epoch 11: val_loss did not improve from 0.28136
11/11 - 2s - loss: 0.2746 - mse: 0.2746 - mae: 0.4291 - val_loss: 0.2838 - val_mse: 0.2838 - val_mae: 0.4340 - 2s/epoch - 182ms/step
Epoch 12/10000

Epoch 12: val_loss improved from 0.28136 to 0.28090, saving model to ./results/NN_rms_regr/ResNet/recursion_10/ckpt_1
11/11 - 3s - loss: 0.2766 - mse: 0.2766 - mae: 0.4308 - val_loss: 0.2809 - val_mse: 0.2809 - val_mae: 0.4312 - 3s/epoch - 261ms/step
Epoch 13/10000

Epoch 13: val_loss improved from 0.28090 to 0.27880, saving model to ./results/NN_rms_regr/ResNet/recursion_10/ckpt_1
11/11 - 3s - loss: 0.2727 - mse: 0.2727 - mae: 0.4276 - val_loss: 0.2788 - val_mse: 0.2788 - val_mae: 0.4299 - 3s/epoch - 262ms/step
Epoch 14/10000

Epoch 14: val_loss improved from 0.27880 to 0.27875, saving model to ./results/NN_rms_regr/ResNet/recursion_10/ckpt_1
11/11 - 3s - loss: 0.2725 - mse: 0.2725 - mae: 0.4271 - val_loss: 0.2788 - val_mse: 0.2788 - val_mae: 0.4296 - 3s/epoch - 264ms/step
Epoch 15/10000

Epoch 15: val_loss did not improve from 0.27875
11/11 - 2s - loss: 0.2725 - mse: 0.2725 - mae: 0.4272 - val_loss: 0.2791 - val_mse: 0.2791 - val_mae: 0.4298 - 2s/epoch - 185ms/step
Epoch 16/10000

Epoch 16: val_loss did not improve from 0.27875
11/11 - 2s - loss: 0.2723 - mse: 0.2723 - mae: 0.4272 - val_loss: 0.2793 - val_mse: 0.2793 - val_mae: 0.4295 - 2s/epoch - 182ms/step
Epoch 17/10000

Epoch 17: val_loss improved from 0.27875 to 0.27873, saving model to ./results/NN_rms_regr/ResNet/recursion_10/ckpt_1
11/11 - 3s - loss: 0.2725 - mse: 0.2725 - mae: 0.4273 - val_loss: 0.2787 - val_mse: 0.2787 - val_mae: 0.4292 - 3s/epoch - 258ms/step
Epoch 18/10000

Epoch 18: val_loss improved from 0.27873 to 0.27839, saving model to ./results/NN_rms_regr/ResNet/recursion_10/ckpt_1
11/11 - 3s - loss: 0.2714 - mse: 0.2714 - mae: 0.4263 - val_loss: 0.2784 - val_mse: 0.2784 - val_mae: 0.4287 - 3s/epoch - 272ms/step
Epoch 19/10000

Epoch 19: val_loss improved from 0.27839 to 0.27704, saving model to ./results/NN_rms_regr/ResNet/recursion_10/ckpt_1
11/11 - 3s - loss: 0.2715 - mse: 0.2715 - mae: 0.4261 - val_loss: 0.2770 - val_mse: 0.2770 - val_mae: 0.4281 - 3s/epoch - 265ms/step
Epoch 20/10000

Epoch 20: val_loss did not improve from 0.27704
11/11 - 2s - loss: 0.2712 - mse: 0.2712 - mae: 0.4260 - val_loss: 0.2780 - val_mse: 0.2780 - val_mae: 0.4283 - 2s/epoch - 183ms/step
Epoch 21/10000

Epoch 21: val_loss did not improve from 0.27704
11/11 - 2s - loss: 0.2712 - mse: 0.2712 - mae: 0.4259 - val_loss: 0.2787 - val_mse: 0.2787 - val_mae: 0.4287 - 2s/epoch - 187ms/step
Epoch 22/10000

Epoch 22: val_loss did not improve from 0.27704
11/11 - 2s - loss: 0.2710 - mse: 0.2710 - mae: 0.4254 - val_loss: 0.2826 - val_mse: 0.2826 - val_mae: 0.4313 - 2s/epoch - 183ms/step
Epoch 23/10000

Epoch 23: val_loss improved from 0.27704 to 0.27684, saving model to ./results/NN_rms_regr/ResNet/recursion_10/ckpt_1
11/11 - 3s - loss: 0.2712 - mse: 0.2712 - mae: 0.4256 - val_loss: 0.2768 - val_mse: 0.2768 - val_mae: 0.4275 - 3s/epoch - 257ms/step
Epoch 24/10000

Epoch 24: val_loss improved from 0.27684 to 0.27655, saving model to ./results/NN_rms_regr/ResNet/recursion_10/ckpt_1
11/11 - 3s - loss: 0.2706 - mse: 0.2706 - mae: 0.4253 - val_loss: 0.2765 - val_mse: 0.2765 - val_mae: 0.4271 - 3s/epoch - 265ms/step
Epoch 25/10000

Epoch 25: val_loss did not improve from 0.27655
11/11 - 2s - loss: 0.2717 - mse: 0.2717 - mae: 0.4263 - val_loss: 0.2870 - val_mse: 0.2870 - val_mae: 0.4341 - 2s/epoch - 184ms/step
Epoch 26/10000

Epoch 26: val_loss improved from 0.27655 to 0.27643, saving model to ./results/NN_rms_regr/ResNet/recursion_10/ckpt_1
11/11 - 3s - loss: 0.2749 - mse: 0.2749 - mae: 0.4282 - val_loss: 0.2764 - val_mse: 0.2764 - val_mae: 0.4269 - 3s/epoch - 263ms/step
Epoch 27/10000

Epoch 27: val_loss did not improve from 0.27643
11/11 - 2s - loss: 0.2715 - mse: 0.2715 - mae: 0.4255 - val_loss: 0.2765 - val_mse: 0.2765 - val_mae: 0.4268 - 2s/epoch - 184ms/step
Epoch 28/10000

Epoch 28: val_loss improved from 0.27643 to 0.27592, saving model to ./results/NN_rms_regr/ResNet/recursion_10/ckpt_1
11/11 - 3s - loss: 0.2704 - mse: 0.2704 - mae: 0.4247 - val_loss: 0.2759 - val_mse: 0.2759 - val_mae: 0.4267 - 3s/epoch - 257ms/step
Epoch 29/10000

Epoch 29: val_loss did not improve from 0.27592
11/11 - 2s - loss: 0.2704 - mse: 0.2704 - mae: 0.4248 - val_loss: 0.2763 - val_mse: 0.2763 - val_mae: 0.4266 - 2s/epoch - 186ms/step
Epoch 30/10000

Epoch 30: val_loss did not improve from 0.27592
11/11 - 2s - loss: 0.2704 - mse: 0.2704 - mae: 0.4248 - val_loss: 0.2764 - val_mse: 0.2764 - val_mae: 0.4267 - 2s/epoch - 184ms/step
Epoch 31/10000

Epoch 31: val_loss did not improve from 0.27592
11/11 - 2s - loss: 0.2709 - mse: 0.2709 - mae: 0.4252 - val_loss: 0.2775 - val_mse: 0.2775 - val_mae: 0.4274 - 2s/epoch - 185ms/step
Epoch 32/10000

Epoch 32: val_loss did not improve from 0.27592
11/11 - 2s - loss: 0.2697 - mse: 0.2697 - mae: 0.4240 - val_loss: 0.2768 - val_mse: 0.2768 - val_mae: 0.4271 - 2s/epoch - 183ms/step
Epoch 33/10000

Epoch 33: val_loss did not improve from 0.27592
11/11 - 2s - loss: 0.2700 - mse: 0.2700 - mae: 0.4245 - val_loss: 0.2766 - val_mse: 0.2766 - val_mae: 0.4266 - 2s/epoch - 182ms/step
Epoch 34/10000

Epoch 34: val_loss improved from 0.27592 to 0.27576, saving model to ./results/NN_rms_regr/ResNet/recursion_10/ckpt_1
11/11 - 3s - loss: 0.2701 - mse: 0.2701 - mae: 0.4242 - val_loss: 0.2758 - val_mse: 0.2758 - val_mae: 0.4266 - 3s/epoch - 260ms/step
Epoch 35/10000

Epoch 35: val_loss improved from 0.27576 to 0.27574, saving model to ./results/NN_rms_regr/ResNet/recursion_10/ckpt_1
11/11 - 3s - loss: 0.2696 - mse: 0.2696 - mae: 0.4239 - val_loss: 0.2757 - val_mse: 0.2757 - val_mae: 0.4261 - 3s/epoch - 261ms/step
Epoch 36/10000

Epoch 36: val_loss did not improve from 0.27574
11/11 - 2s - loss: 0.2697 - mse: 0.2697 - mae: 0.4244 - val_loss: 0.2771 - val_mse: 0.2771 - val_mae: 0.4270 - 2s/epoch - 183ms/step
Epoch 37/10000

Epoch 37: val_loss improved from 0.27574 to 0.27533, saving model to ./results/NN_rms_regr/ResNet/recursion_10/ckpt_1
11/11 - 3s - loss: 0.2709 - mse: 0.2709 - mae: 0.4252 - val_loss: 0.2753 - val_mse: 0.2753 - val_mae: 0.4260 - 3s/epoch - 263ms/step
Epoch 38/10000

Epoch 38: val_loss did not improve from 0.27533
11/11 - 2s - loss: 0.2695 - mse: 0.2695 - mae: 0.4239 - val_loss: 0.2760 - val_mse: 0.2760 - val_mae: 0.4263 - 2s/epoch - 182ms/step
Epoch 39/10000

Epoch 39: val_loss improved from 0.27533 to 0.27518, saving model to ./results/NN_rms_regr/ResNet/recursion_10/ckpt_1
11/11 - 3s - loss: 0.2697 - mse: 0.2697 - mae: 0.4238 - val_loss: 0.2752 - val_mse: 0.2752 - val_mae: 0.4258 - 3s/epoch - 264ms/step
Epoch 40/10000

Epoch 40: val_loss did not improve from 0.27518
11/11 - 2s - loss: 0.2695 - mse: 0.2695 - mae: 0.4240 - val_loss: 0.2753 - val_mse: 0.2753 - val_mae: 0.4258 - 2s/epoch - 183ms/step
Epoch 41/10000

Epoch 41: val_loss did not improve from 0.27518
11/11 - 2s - loss: 0.2707 - mse: 0.2707 - mae: 0.4246 - val_loss: 0.2759 - val_mse: 0.2759 - val_mae: 0.4263 - 2s/epoch - 186ms/step
Epoch 42/10000

Epoch 42: val_loss did not improve from 0.27518
11/11 - 2s - loss: 0.2709 - mse: 0.2709 - mae: 0.4244 - val_loss: 0.2762 - val_mse: 0.2762 - val_mae: 0.4263 - 2s/epoch - 182ms/step
Epoch 43/10000

Epoch 43: val_loss did not improve from 0.27518
11/11 - 2s - loss: 0.2692 - mse: 0.2692 - mae: 0.4236 - val_loss: 0.2759 - val_mse: 0.2759 - val_mae: 0.4259 - 2s/epoch - 185ms/step
Epoch 44/10000

Epoch 44: val_loss did not improve from 0.27518
11/11 - 2s - loss: 0.2693 - mse: 0.2693 - mae: 0.4236 - val_loss: 0.2760 - val_mse: 0.2760 - val_mae: 0.4265 - 2s/epoch - 183ms/step
Epoch 45/10000

Epoch 45: val_loss did not improve from 0.27518
11/11 - 2s - loss: 0.2720 - mse: 0.2720 - mae: 0.4251 - val_loss: 0.2766 - val_mse: 0.2766 - val_mae: 0.4269 - 2s/epoch - 182ms/step
Epoch 46/10000

Epoch 46: val_loss did not improve from 0.27518
11/11 - 2s - loss: 0.2739 - mse: 0.2739 - mae: 0.4272 - val_loss: 0.2771 - val_mse: 0.2771 - val_mae: 0.4271 - 2s/epoch - 182ms/step
Epoch 47/10000

Epoch 47: val_loss did not improve from 0.27518
11/11 - 2s - loss: 0.2745 - mse: 0.2745 - mae: 0.4264 - val_loss: 0.2752 - val_mse: 0.2752 - val_mae: 0.4254 - 2s/epoch - 182ms/step
Epoch 48/10000

Epoch 48: val_loss did not improve from 0.27518
11/11 - 2s - loss: 0.2717 - mse: 0.2717 - mae: 0.4258 - val_loss: 0.2778 - val_mse: 0.2778 - val_mae: 0.4270 - 2s/epoch - 183ms/step
Epoch 49/10000

Epoch 49: val_loss did not improve from 0.27518
11/11 - 2s - loss: 0.2719 - mse: 0.2719 - mae: 0.4254 - val_loss: 0.2757 - val_mse: 0.2757 - val_mae: 0.4261 - 2s/epoch - 182ms/step
Epoch 50/10000

Epoch 50: val_loss improved from 0.27518 to 0.27508, saving model to ./results/NN_rms_regr/ResNet/recursion_10/ckpt_1
11/11 - 3s - loss: 0.2705 - mse: 0.2705 - mae: 0.4243 - val_loss: 0.2751 - val_mse: 0.2751 - val_mae: 0.4258 - 3s/epoch - 257ms/step
Epoch 51/10000

Epoch 51: val_loss did not improve from 0.27508
11/11 - 2s - loss: 0.2698 - mse: 0.2698 - mae: 0.4240 - val_loss: 0.2760 - val_mse: 0.2760 - val_mae: 0.4257 - 2s/epoch - 183ms/step
Epoch 52/10000

Epoch 52: val_loss improved from 0.27508 to 0.27465, saving model to ./results/NN_rms_regr/ResNet/recursion_10/ckpt_1
11/11 - 3s - loss: 0.2701 - mse: 0.2701 - mae: 0.4244 - val_loss: 0.2747 - val_mse: 0.2747 - val_mae: 0.4253 - 3s/epoch - 263ms/step
Epoch 53/10000

Epoch 53: val_loss did not improve from 0.27465
11/11 - 2s - loss: 0.2712 - mse: 0.2712 - mae: 0.4249 - val_loss: 0.2756 - val_mse: 0.2756 - val_mae: 0.4256 - 2s/epoch - 183ms/step
Epoch 54/10000

Epoch 54: val_loss improved from 0.27465 to 0.27465, saving model to ./results/NN_rms_regr/ResNet/recursion_10/ckpt_1
11/11 - 3s - loss: 0.2691 - mse: 0.2691 - mae: 0.4235 - val_loss: 0.2746 - val_mse: 0.2746 - val_mae: 0.4251 - 3s/epoch - 258ms/step
Epoch 55/10000

Epoch 55: val_loss did not improve from 0.27465
11/11 - 2s - loss: 0.2693 - mse: 0.2693 - mae: 0.4233 - val_loss: 0.2748 - val_mse: 0.2748 - val_mae: 0.4251 - 2s/epoch - 183ms/step
Epoch 56/10000

Epoch 56: val_loss did not improve from 0.27465
11/11 - 2s - loss: 0.2696 - mse: 0.2696 - mae: 0.4237 - val_loss: 0.2828 - val_mse: 0.2828 - val_mae: 0.4307 - 2s/epoch - 184ms/step
Epoch 57/10000

Epoch 57: val_loss did not improve from 0.27465
11/11 - 2s - loss: 0.2700 - mse: 0.2700 - mae: 0.4237 - val_loss: 0.2773 - val_mse: 0.2773 - val_mae: 0.4272 - 2s/epoch - 182ms/step
Epoch 58/10000

Epoch 58: val_loss did not improve from 0.27465
11/11 - 2s - loss: 0.2710 - mse: 0.2710 - mae: 0.4250 - val_loss: 0.2791 - val_mse: 0.2791 - val_mae: 0.4278 - 2s/epoch - 183ms/step
Epoch 59/10000

Epoch 59: val_loss did not improve from 0.27465
11/11 - 2s - loss: 0.2703 - mse: 0.2703 - mae: 0.4240 - val_loss: 0.2827 - val_mse: 0.2827 - val_mae: 0.4304 - 2s/epoch - 182ms/step
Epoch 60/10000

Epoch 60: val_loss did not improve from 0.27465
11/11 - 2s - loss: 0.2723 - mse: 0.2723 - mae: 0.4254 - val_loss: 0.2777 - val_mse: 0.2777 - val_mae: 0.4271 - 2s/epoch - 182ms/step
Epoch 61/10000

Epoch 61: val_loss did not improve from 0.27465
11/11 - 2s - loss: 0.2722 - mse: 0.2722 - mae: 0.4251 - val_loss: 0.2802 - val_mse: 0.2802 - val_mae: 0.4292 - 2s/epoch - 187ms/step
Epoch 62/10000

Epoch 62: val_loss did not improve from 0.27465
11/11 - 2s - loss: 0.2713 - mse: 0.2713 - mae: 0.4249 - val_loss: 0.2754 - val_mse: 0.2754 - val_mae: 0.4251 - 2s/epoch - 190ms/step
Epoch 63/10000

Epoch 63: val_loss did not improve from 0.27465
11/11 - 2s - loss: 0.2692 - mse: 0.2692 - mae: 0.4230 - val_loss: 0.2750 - val_mse: 0.2750 - val_mae: 0.4257 - 2s/epoch - 188ms/step
Epoch 64/10000

Epoch 64: val_loss did not improve from 0.27465
11/11 - 2s - loss: 0.2709 - mse: 0.2709 - mae: 0.4244 - val_loss: 0.2783 - val_mse: 0.2783 - val_mae: 0.4275 - 2s/epoch - 185ms/step
Epoch 65/10000

Epoch 65: val_loss did not improve from 0.27465
11/11 - 2s - loss: 0.2742 - mse: 0.2742 - mae: 0.4269 - val_loss: 0.2868 - val_mse: 0.2868 - val_mae: 0.4338 - 2s/epoch - 183ms/step
Epoch 66/10000

Epoch 66: val_loss did not improve from 0.27465
11/11 - 2s - loss: 0.2759 - mse: 0.2759 - mae: 0.4286 - val_loss: 0.2805 - val_mse: 0.2805 - val_mae: 0.4296 - 2s/epoch - 183ms/step
Epoch 67/10000

Epoch 67: val_loss did not improve from 0.27465
11/11 - 2s - loss: 0.2704 - mse: 0.2704 - mae: 0.4238 - val_loss: 0.2755 - val_mse: 0.2755 - val_mae: 0.4254 - 2s/epoch - 185ms/step
Epoch 68/10000

Epoch 68: val_loss did not improve from 0.27465
11/11 - 2s - loss: 0.2690 - mse: 0.2690 - mae: 0.4232 - val_loss: 0.2757 - val_mse: 0.2757 - val_mae: 0.4252 - 2s/epoch - 189ms/step
Epoch 69/10000

Epoch 69: val_loss improved from 0.27465 to 0.27421, saving model to ./results/NN_rms_regr/ResNet/recursion_10/ckpt_1
11/11 - 3s - loss: 0.2694 - mse: 0.2694 - mae: 0.4232 - val_loss: 0.2742 - val_mse: 0.2742 - val_mae: 0.4246 - 3s/epoch - 263ms/step
Epoch 70/10000

Epoch 70: val_loss did not improve from 0.27421
11/11 - 2s - loss: 0.2689 - mse: 0.2689 - mae: 0.4227 - val_loss: 0.2788 - val_mse: 0.2788 - val_mae: 0.4289 - 2s/epoch - 183ms/step
Epoch 71/10000

Epoch 71: val_loss did not improve from 0.27421
11/11 - 2s - loss: 0.2763 - mse: 0.2763 - mae: 0.4277 - val_loss: 0.2820 - val_mse: 0.2820 - val_mae: 0.4303 - 2s/epoch - 187ms/step
Epoch 72/10000

Epoch 72: val_loss did not improve from 0.27421
11/11 - 2s - loss: 0.2734 - mse: 0.2734 - mae: 0.4265 - val_loss: 0.2793 - val_mse: 0.2793 - val_mae: 0.4278 - 2s/epoch - 183ms/step
Epoch 73/10000

Epoch 73: val_loss did not improve from 0.27421
11/11 - 2s - loss: 0.2701 - mse: 0.2701 - mae: 0.4238 - val_loss: 0.2744 - val_mse: 0.2744 - val_mae: 0.4248 - 2s/epoch - 184ms/step
Epoch 74/10000

Epoch 74: val_loss did not improve from 0.27421
11/11 - 2s - loss: 0.2698 - mse: 0.2698 - mae: 0.4237 - val_loss: 0.2828 - val_mse: 0.2828 - val_mae: 0.4300 - 2s/epoch - 183ms/step
Epoch 75/10000

Epoch 75: val_loss did not improve from 0.27421
11/11 - 2s - loss: 0.2723 - mse: 0.2723 - mae: 0.4250 - val_loss: 0.2742 - val_mse: 0.2742 - val_mae: 0.4247 - 2s/epoch - 183ms/step
Epoch 76/10000

Epoch 76: val_loss improved from 0.27421 to 0.27411, saving model to ./results/NN_rms_regr/ResNet/recursion_10/ckpt_1
11/11 - 3s - loss: 0.2689 - mse: 0.2689 - mae: 0.4229 - val_loss: 0.2741 - val_mse: 0.2741 - val_mae: 0.4245 - 3s/epoch - 267ms/step
Epoch 77/10000

Epoch 77: val_loss did not improve from 0.27411
11/11 - 2s - loss: 0.2707 - mse: 0.2707 - mae: 0.4242 - val_loss: 0.2887 - val_mse: 0.2887 - val_mae: 0.4356 - 2s/epoch - 182ms/step
Epoch 78/10000

Epoch 78: val_loss did not improve from 0.27411
11/11 - 2s - loss: 0.2746 - mse: 0.2746 - mae: 0.4268 - val_loss: 0.2778 - val_mse: 0.2778 - val_mae: 0.4266 - 2s/epoch - 188ms/step
Epoch 79/10000

Epoch 79: val_loss did not improve from 0.27411
11/11 - 2s - loss: 0.2724 - mse: 0.2724 - mae: 0.4257 - val_loss: 0.2875 - val_mse: 0.2875 - val_mae: 0.4332 - 2s/epoch - 184ms/step
Epoch 80/10000

Epoch 80: val_loss did not improve from 0.27411
11/11 - 2s - loss: 0.2704 - mse: 0.2704 - mae: 0.4239 - val_loss: 0.2744 - val_mse: 0.2744 - val_mae: 0.4252 - 2s/epoch - 182ms/step
Epoch 81/10000

Epoch 81: val_loss did not improve from 0.27411
11/11 - 2s - loss: 0.2689 - mse: 0.2689 - mae: 0.4230 - val_loss: 0.2750 - val_mse: 0.2750 - val_mae: 0.4249 - 2s/epoch - 182ms/step
Epoch 82/10000

Epoch 82: val_loss did not improve from 0.27411
11/11 - 2s - loss: 0.2734 - mse: 0.2734 - mae: 0.4267 - val_loss: 0.2756 - val_mse: 0.2756 - val_mae: 0.4249 - 2s/epoch - 182ms/step
Epoch 83/10000

Epoch 83: val_loss did not improve from 0.27411
11/11 - 2s - loss: 0.2735 - mse: 0.2735 - mae: 0.4266 - val_loss: 0.2760 - val_mse: 0.2760 - val_mae: 0.4252 - 2s/epoch - 181ms/step
Epoch 84/10000

Epoch 84: val_loss did not improve from 0.27411
11/11 - 2s - loss: 0.2722 - mse: 0.2722 - mae: 0.4245 - val_loss: 0.2830 - val_mse: 0.2830 - val_mae: 0.4321 - 2s/epoch - 183ms/step
Epoch 85/10000

Epoch 85: val_loss improved from 0.27411 to 0.27402, saving model to ./results/NN_rms_regr/ResNet/recursion_10/ckpt_1
11/11 - 3s - loss: 0.2730 - mse: 0.2730 - mae: 0.4255 - val_loss: 0.2740 - val_mse: 0.2740 - val_mae: 0.4246 - 3s/epoch - 266ms/step
Epoch 86/10000

Epoch 86: val_loss did not improve from 0.27402
11/11 - 2s - loss: 0.2729 - mse: 0.2729 - mae: 0.4251 - val_loss: 0.2761 - val_mse: 0.2761 - val_mae: 0.4256 - 2s/epoch - 182ms/step
Epoch 87/10000

Epoch 87: val_loss improved from 0.27402 to 0.27400, saving model to ./results/NN_rms_regr/ResNet/recursion_10/ckpt_1
11/11 - 3s - loss: 0.2712 - mse: 0.2712 - mae: 0.4244 - val_loss: 0.2740 - val_mse: 0.2740 - val_mae: 0.4243 - 3s/epoch - 257ms/step
Epoch 88/10000

Epoch 88: val_loss did not improve from 0.27400
11/11 - 2s - loss: 0.2705 - mse: 0.2705 - mae: 0.4246 - val_loss: 0.2758 - val_mse: 0.2758 - val_mae: 0.4257 - 2s/epoch - 182ms/step
Epoch 89/10000

Epoch 89: val_loss did not improve from 0.27400
11/11 - 2s - loss: 0.2689 - mse: 0.2689 - mae: 0.4231 - val_loss: 0.2758 - val_mse: 0.2758 - val_mae: 0.4257 - 2s/epoch - 189ms/step
Epoch 90/10000

Epoch 90: val_loss did not improve from 0.27400
11/11 - 2s - loss: 0.2738 - mse: 0.2738 - mae: 0.4263 - val_loss: 0.2782 - val_mse: 0.2782 - val_mae: 0.4269 - 2s/epoch - 182ms/step
Epoch 91/10000

Epoch 91: val_loss did not improve from 0.27400
11/11 - 2s - loss: 0.2717 - mse: 0.2717 - mae: 0.4247 - val_loss: 0.2815 - val_mse: 0.2815 - val_mae: 0.4300 - 2s/epoch - 184ms/step
Epoch 92/10000

Epoch 92: val_loss did not improve from 0.27400
11/11 - 2s - loss: 0.2815 - mse: 0.2815 - mae: 0.4320 - val_loss: 0.2750 - val_mse: 0.2750 - val_mae: 0.4249 - 2s/epoch - 183ms/step
Epoch 93/10000

Epoch 93: val_loss did not improve from 0.27400
11/11 - 2s - loss: 0.2791 - mse: 0.2791 - mae: 0.4296 - val_loss: 0.3013 - val_mse: 0.3013 - val_mae: 0.4426 - 2s/epoch - 183ms/step
Epoch 94/10000

Epoch 94: val_loss did not improve from 0.27400
11/11 - 2s - loss: 0.2771 - mse: 0.2771 - mae: 0.4284 - val_loss: 0.2795 - val_mse: 0.2795 - val_mae: 0.4287 - 2s/epoch - 184ms/step
Epoch 95/10000

Epoch 95: val_loss did not improve from 0.27400
11/11 - 2s - loss: 0.2826 - mse: 0.2826 - mae: 0.4325 - val_loss: 0.2773 - val_mse: 0.2773 - val_mae: 0.4271 - 2s/epoch - 182ms/step
Epoch 96/10000

Epoch 96: val_loss did not improve from 0.27400
11/11 - 2s - loss: 0.2792 - mse: 0.2792 - mae: 0.4294 - val_loss: 0.2841 - val_mse: 0.2841 - val_mae: 0.4314 - 2s/epoch - 183ms/step
Epoch 97/10000

Epoch 97: val_loss did not improve from 0.27400
11/11 - 2s - loss: 0.2722 - mse: 0.2722 - mae: 0.4252 - val_loss: 0.2900 - val_mse: 0.2900 - val_mae: 0.4364 - 2s/epoch - 183ms/step
Epoch 98/10000

Epoch 98: val_loss did not improve from 0.27400
11/11 - 2s - loss: 0.2747 - mse: 0.2747 - mae: 0.4268 - val_loss: 0.2758 - val_mse: 0.2758 - val_mae: 0.4259 - 2s/epoch - 182ms/step
Epoch 99/10000

Epoch 99: val_loss did not improve from 0.27400
11/11 - 2s - loss: 0.2730 - mse: 0.2730 - mae: 0.4262 - val_loss: 0.2863 - val_mse: 0.2863 - val_mae: 0.4322 - 2s/epoch - 182ms/step
Epoch 100/10000

Epoch 100: val_loss did not improve from 0.27400
11/11 - 2s - loss: 0.2784 - mse: 0.2784 - mae: 0.4297 - val_loss: 0.2797 - val_mse: 0.2797 - val_mae: 0.4277 - 2s/epoch - 182ms/step
Epoch 101/10000

Epoch 101: val_loss did not improve from 0.27400
11/11 - 2s - loss: 0.2714 - mse: 0.2714 - mae: 0.4244 - val_loss: 0.2758 - val_mse: 0.2758 - val_mae: 0.4262 - 2s/epoch - 181ms/step
Epoch 102/10000

Epoch 102: val_loss improved from 0.27400 to 0.27389, saving model to ./results/NN_rms_regr/ResNet/recursion_10/ckpt_1
11/11 - 3s - loss: 0.2699 - mse: 0.2699 - mae: 0.4238 - val_loss: 0.2739 - val_mse: 0.2739 - val_mae: 0.4247 - 3s/epoch - 262ms/step
Epoch 103/10000

Epoch 103: val_loss did not improve from 0.27389
11/11 - 2s - loss: 0.2696 - mse: 0.2696 - mae: 0.4233 - val_loss: 0.2789 - val_mse: 0.2789 - val_mae: 0.4275 - 2s/epoch - 183ms/step
Epoch 104/10000

Epoch 104: val_loss did not improve from 0.27389
11/11 - 2s - loss: 0.2702 - mse: 0.2702 - mae: 0.4237 - val_loss: 0.2761 - val_mse: 0.2761 - val_mae: 0.4253 - 2s/epoch - 182ms/step
Epoch 105/10000

Epoch 105: val_loss did not improve from 0.27389
11/11 - 2s - loss: 0.2756 - mse: 0.2756 - mae: 0.4266 - val_loss: 0.2909 - val_mse: 0.2909 - val_mae: 0.4369 - 2s/epoch - 182ms/step
Epoch 106/10000

Epoch 106: val_loss did not improve from 0.27389
11/11 - 2s - loss: 0.2748 - mse: 0.2748 - mae: 0.4263 - val_loss: 0.2761 - val_mse: 0.2761 - val_mae: 0.4262 - 2s/epoch - 183ms/step
Epoch 107/10000

Epoch 107: val_loss did not improve from 0.27389
11/11 - 2s - loss: 0.2688 - mse: 0.2688 - mae: 0.4224 - val_loss: 0.2775 - val_mse: 0.2775 - val_mae: 0.4266 - 2s/epoch - 182ms/step
Epoch 108/10000

Epoch 108: val_loss did not improve from 0.27389
11/11 - 2s - loss: 0.2701 - mse: 0.2701 - mae: 0.4236 - val_loss: 0.2801 - val_mse: 0.2801 - val_mae: 0.4290 - 2s/epoch - 182ms/step
Epoch 109/10000

Epoch 109: val_loss did not improve from 0.27389
11/11 - 2s - loss: 0.2734 - mse: 0.2734 - mae: 0.4258 - val_loss: 0.2751 - val_mse: 0.2751 - val_mae: 0.4252 - 2s/epoch - 182ms/step
Epoch 110/10000

Epoch 110: val_loss did not improve from 0.27389
11/11 - 2s - loss: 0.2730 - mse: 0.2730 - mae: 0.4258 - val_loss: 0.2748 - val_mse: 0.2748 - val_mae: 0.4248 - 2s/epoch - 183ms/step
Epoch 111/10000

Epoch 111: val_loss improved from 0.27389 to 0.27387, saving model to ./results/NN_rms_regr/ResNet/recursion_10/ckpt_1
11/11 - 3s - loss: 0.2697 - mse: 0.2697 - mae: 0.4230 - val_loss: 0.2739 - val_mse: 0.2739 - val_mae: 0.4244 - 3s/epoch - 264ms/step
Epoch 112/10000

Epoch 112: val_loss did not improve from 0.27387
11/11 - 2s - loss: 0.2694 - mse: 0.2694 - mae: 0.4231 - val_loss: 0.2862 - val_mse: 0.2862 - val_mae: 0.4324 - 2s/epoch - 183ms/step
Epoch 113/10000

Epoch 113: val_loss did not improve from 0.27387
11/11 - 2s - loss: 0.2745 - mse: 0.2745 - mae: 0.4265 - val_loss: 0.2785 - val_mse: 0.2785 - val_mae: 0.4278 - 2s/epoch - 183ms/step
Epoch 114/10000

Epoch 114: val_loss did not improve from 0.27387
11/11 - 2s - loss: 0.2756 - mse: 0.2756 - mae: 0.4272 - val_loss: 0.2745 - val_mse: 0.2745 - val_mae: 0.4243 - 2s/epoch - 186ms/step
Epoch 115/10000

Epoch 115: val_loss did not improve from 0.27387
11/11 - 2s - loss: 0.2684 - mse: 0.2684 - mae: 0.4221 - val_loss: 0.2777 - val_mse: 0.2777 - val_mae: 0.4273 - 2s/epoch - 183ms/step
Epoch 116/10000

Epoch 116: val_loss did not improve from 0.27387
11/11 - 2s - loss: 0.2712 - mse: 0.2712 - mae: 0.4242 - val_loss: 0.2771 - val_mse: 0.2771 - val_mae: 0.4264 - 2s/epoch - 183ms/step
Epoch 117/10000

Epoch 117: val_loss did not improve from 0.27387
11/11 - 2s - loss: 0.2696 - mse: 0.2696 - mae: 0.4227 - val_loss: 0.2767 - val_mse: 0.2767 - val_mae: 0.4259 - 2s/epoch - 181ms/step
Epoch 118/10000

Epoch 118: val_loss did not improve from 0.27387
11/11 - 2s - loss: 0.2742 - mse: 0.2742 - mae: 0.4266 - val_loss: 0.2762 - val_mse: 0.2762 - val_mae: 0.4251 - 2s/epoch - 185ms/step
Epoch 119/10000

Epoch 119: val_loss improved from 0.27387 to 0.27372, saving model to ./results/NN_rms_regr/ResNet/recursion_10/ckpt_1
11/11 - 3s - loss: 0.2700 - mse: 0.2700 - mae: 0.4231 - val_loss: 0.2737 - val_mse: 0.2737 - val_mae: 0.4240 - 3s/epoch - 257ms/step
Epoch 120/10000

Epoch 120: val_loss did not improve from 0.27372
11/11 - 2s - loss: 0.2714 - mse: 0.2714 - mae: 0.4244 - val_loss: 0.2740 - val_mse: 0.2740 - val_mae: 0.4242 - 2s/epoch - 183ms/step
Epoch 121/10000

Epoch 121: val_loss did not improve from 0.27372
11/11 - 2s - loss: 0.2696 - mse: 0.2696 - mae: 0.4231 - val_loss: 0.2837 - val_mse: 0.2837 - val_mae: 0.4306 - 2s/epoch - 182ms/step
Epoch 122/10000

Epoch 122: val_loss did not improve from 0.27372
11/11 - 2s - loss: 0.2720 - mse: 0.2720 - mae: 0.4247 - val_loss: 0.2748 - val_mse: 0.2748 - val_mae: 0.4246 - 2s/epoch - 181ms/step
Epoch 123/10000

Epoch 123: val_loss did not improve from 0.27372
11/11 - 2s - loss: 0.2689 - mse: 0.2689 - mae: 0.4226 - val_loss: 0.2741 - val_mse: 0.2741 - val_mae: 0.4239 - 2s/epoch - 182ms/step
Epoch 124/10000

Epoch 124: val_loss did not improve from 0.27372
11/11 - 2s - loss: 0.2702 - mse: 0.2702 - mae: 0.4233 - val_loss: 0.2777 - val_mse: 0.2777 - val_mae: 0.4270 - 2s/epoch - 182ms/step
Epoch 125/10000

Epoch 125: val_loss improved from 0.27372 to 0.27370, saving model to ./results/NN_rms_regr/ResNet/recursion_10/ckpt_1
11/11 - 3s - loss: 0.2684 - mse: 0.2684 - mae: 0.4222 - val_loss: 0.2737 - val_mse: 0.2737 - val_mae: 0.4241 - 3s/epoch - 262ms/step
Epoch 126/10000

Epoch 126: val_loss did not improve from 0.27370
11/11 - 2s - loss: 0.2683 - mse: 0.2683 - mae: 0.4220 - val_loss: 0.2804 - val_mse: 0.2804 - val_mae: 0.4283 - 2s/epoch - 182ms/step
Epoch 127/10000

Epoch 127: val_loss did not improve from 0.27370
11/11 - 2s - loss: 0.2732 - mse: 0.2732 - mae: 0.4255 - val_loss: 0.2748 - val_mse: 0.2748 - val_mae: 0.4247 - 2s/epoch - 183ms/step
Epoch 128/10000

Epoch 128: val_loss did not improve from 0.27370
11/11 - 2s - loss: 0.2748 - mse: 0.2748 - mae: 0.4265 - val_loss: 0.2814 - val_mse: 0.2814 - val_mae: 0.4294 - 2s/epoch - 182ms/step
Epoch 129/10000

Epoch 129: val_loss did not improve from 0.27370
11/11 - 2s - loss: 0.2744 - mse: 0.2744 - mae: 0.4265 - val_loss: 0.2753 - val_mse: 0.2753 - val_mae: 0.4248 - 2s/epoch - 182ms/step
Epoch 130/10000

Epoch 130: val_loss did not improve from 0.27370
11/11 - 2s - loss: 0.2684 - mse: 0.2684 - mae: 0.4221 - val_loss: 0.2767 - val_mse: 0.2767 - val_mae: 0.4256 - 2s/epoch - 182ms/step
Epoch 131/10000

Epoch 131: val_loss did not improve from 0.27370
11/11 - 2s - loss: 0.2707 - mse: 0.2707 - mae: 0.4235 - val_loss: 0.2750 - val_mse: 0.2750 - val_mae: 0.4249 - 2s/epoch - 181ms/step
Epoch 132/10000

Epoch 132: val_loss improved from 0.27370 to 0.27368, saving model to ./results/NN_rms_regr/ResNet/recursion_10/ckpt_1
11/11 - 3s - loss: 0.2692 - mse: 0.2692 - mae: 0.4230 - val_loss: 0.2737 - val_mse: 0.2737 - val_mae: 0.4239 - 3s/epoch - 262ms/step
Epoch 133/10000

Epoch 133: val_loss did not improve from 0.27368
11/11 - 2s - loss: 0.2685 - mse: 0.2685 - mae: 0.4222 - val_loss: 0.2744 - val_mse: 0.2744 - val_mae: 0.4246 - 2s/epoch - 182ms/step
Epoch 134/10000

Epoch 134: val_loss did not improve from 0.27368
11/11 - 2s - loss: 0.2695 - mse: 0.2695 - mae: 0.4231 - val_loss: 0.2757 - val_mse: 0.2757 - val_mae: 0.4254 - 2s/epoch - 182ms/step
Epoch 135/10000

Epoch 135: val_loss did not improve from 0.27368
11/11 - 2s - loss: 0.2734 - mse: 0.2734 - mae: 0.4256 - val_loss: 0.2842 - val_mse: 0.2842 - val_mae: 0.4310 - 2s/epoch - 182ms/step
Epoch 136/10000

Epoch 136: val_loss did not improve from 0.27368
11/11 - 2s - loss: 0.2692 - mse: 0.2692 - mae: 0.4226 - val_loss: 0.2740 - val_mse: 0.2740 - val_mae: 0.4238 - 2s/epoch - 182ms/step
Epoch 137/10000

Epoch 137: val_loss did not improve from 0.27368
11/11 - 2s - loss: 0.2687 - mse: 0.2687 - mae: 0.4221 - val_loss: 0.2749 - val_mse: 0.2749 - val_mae: 0.4245 - 2s/epoch - 182ms/step
Epoch 138/10000

Epoch 138: val_loss did not improve from 0.27368
11/11 - 2s - loss: 0.2687 - mse: 0.2687 - mae: 0.4223 - val_loss: 0.2811 - val_mse: 0.2811 - val_mae: 0.4290 - 2s/epoch - 183ms/step
Epoch 139/10000

Epoch 139: val_loss did not improve from 0.27368
11/11 - 2s - loss: 0.2718 - mse: 0.2718 - mae: 0.4246 - val_loss: 0.2754 - val_mse: 0.2754 - val_mae: 0.4243 - 2s/epoch - 181ms/step
Epoch 140/10000

Epoch 140: val_loss did not improve from 0.27368
11/11 - 2s - loss: 0.2741 - mse: 0.2741 - mae: 0.4274 - val_loss: 0.2746 - val_mse: 0.2746 - val_mae: 0.4239 - 2s/epoch - 182ms/step
Epoch 141/10000

Epoch 141: val_loss did not improve from 0.27368
11/11 - 2s - loss: 0.2723 - mse: 0.2723 - mae: 0.4250 - val_loss: 0.2741 - val_mse: 0.2741 - val_mae: 0.4241 - 2s/epoch - 183ms/step
Epoch 142/10000

Epoch 142: val_loss did not improve from 0.27368
11/11 - 2s - loss: 0.2719 - mse: 0.2719 - mae: 0.4246 - val_loss: 0.2766 - val_mse: 0.2766 - val_mae: 0.4265 - 2s/epoch - 182ms/step
Epoch 143/10000

Epoch 143: val_loss did not improve from 0.27368
11/11 - 2s - loss: 0.2733 - mse: 0.2733 - mae: 0.4254 - val_loss: 0.2806 - val_mse: 0.2806 - val_mae: 0.4290 - 2s/epoch - 183ms/step
Epoch 144/10000

Epoch 144: val_loss did not improve from 0.27368
11/11 - 2s - loss: 0.2731 - mse: 0.2731 - mae: 0.4262 - val_loss: 0.2923 - val_mse: 0.2923 - val_mae: 0.4362 - 2s/epoch - 182ms/step
Epoch 145/10000

Epoch 145: val_loss did not improve from 0.27368
11/11 - 2s - loss: 0.2802 - mse: 0.2802 - mae: 0.4309 - val_loss: 0.2772 - val_mse: 0.2772 - val_mae: 0.4270 - 2s/epoch - 183ms/step
Epoch 146/10000

Epoch 146: val_loss did not improve from 0.27368
11/11 - 2s - loss: 0.2704 - mse: 0.2704 - mae: 0.4234 - val_loss: 0.2762 - val_mse: 0.2762 - val_mae: 0.4258 - 2s/epoch - 182ms/step
Epoch 147/10000

Epoch 147: val_loss did not improve from 0.27368
11/11 - 2s - loss: 0.2709 - mse: 0.2709 - mae: 0.4238 - val_loss: 0.2890 - val_mse: 0.2890 - val_mae: 0.4338 - 2s/epoch - 181ms/step
Epoch 148/10000

Epoch 148: val_loss improved from 0.27368 to 0.27352, saving model to ./results/NN_rms_regr/ResNet/recursion_10/ckpt_1
11/11 - 3s - loss: 0.2713 - mse: 0.2713 - mae: 0.4242 - val_loss: 0.2735 - val_mse: 0.2735 - val_mae: 0.4238 - 3s/epoch - 264ms/step
Epoch 149/10000

Epoch 149: val_loss did not improve from 0.27352
11/11 - 2s - loss: 0.2713 - mse: 0.2713 - mae: 0.4241 - val_loss: 0.2786 - val_mse: 0.2786 - val_mae: 0.4269 - 2s/epoch - 184ms/step
Epoch 150/10000

Epoch 150: val_loss did not improve from 0.27352
11/11 - 2s - loss: 0.2727 - mse: 0.2727 - mae: 0.4263 - val_loss: 0.2830 - val_mse: 0.2830 - val_mae: 0.4301 - 2s/epoch - 182ms/step
Epoch 151/10000

Epoch 151: val_loss did not improve from 0.27352
11/11 - 2s - loss: 0.2704 - mse: 0.2704 - mae: 0.4240 - val_loss: 0.2741 - val_mse: 0.2741 - val_mae: 0.4238 - 2s/epoch - 181ms/step
Epoch 152/10000

Epoch 152: val_loss did not improve from 0.27352
11/11 - 2s - loss: 0.2680 - mse: 0.2680 - mae: 0.4217 - val_loss: 0.2780 - val_mse: 0.2780 - val_mae: 0.4271 - 2s/epoch - 183ms/step
Epoch 153/10000

Epoch 153: val_loss improved from 0.27352 to 0.27352, saving model to ./results/NN_rms_regr/ResNet/recursion_10/ckpt_1
11/11 - 3s - loss: 0.2707 - mse: 0.2707 - mae: 0.4236 - val_loss: 0.2735 - val_mse: 0.2735 - val_mae: 0.4237 - 3s/epoch - 262ms/step
Epoch 154/10000

Epoch 154: val_loss did not improve from 0.27352
11/11 - 2s - loss: 0.2678 - mse: 0.2678 - mae: 0.4215 - val_loss: 0.2744 - val_mse: 0.2744 - val_mae: 0.4241 - 2s/epoch - 182ms/step
Epoch 155/10000

Epoch 155: val_loss did not improve from 0.27352
11/11 - 2s - loss: 0.2684 - mse: 0.2684 - mae: 0.4220 - val_loss: 0.2794 - val_mse: 0.2794 - val_mae: 0.4270 - 2s/epoch - 182ms/step
Epoch 156/10000

Epoch 156: val_loss did not improve from 0.27352
11/11 - 2s - loss: 0.2693 - mse: 0.2693 - mae: 0.4226 - val_loss: 0.2760 - val_mse: 0.2760 - val_mae: 0.4247 - 2s/epoch - 183ms/step
Epoch 157/10000

Epoch 157: val_loss did not improve from 0.27352
11/11 - 2s - loss: 0.2697 - mse: 0.2697 - mae: 0.4229 - val_loss: 0.2756 - val_mse: 0.2756 - val_mae: 0.4247 - 2s/epoch - 183ms/step
Epoch 158/10000

Epoch 158: val_loss did not improve from 0.27352
11/11 - 2s - loss: 0.2686 - mse: 0.2686 - mae: 0.4219 - val_loss: 0.2739 - val_mse: 0.2739 - val_mae: 0.4236 - 2s/epoch - 183ms/step
Epoch 159/10000

Epoch 159: val_loss did not improve from 0.27352
11/11 - 2s - loss: 0.2726 - mse: 0.2726 - mae: 0.4243 - val_loss: 0.2738 - val_mse: 0.2738 - val_mae: 0.4242 - 2s/epoch - 182ms/step
Epoch 160/10000

Epoch 160: val_loss did not improve from 0.27352
11/11 - 2s - loss: 0.2692 - mse: 0.2692 - mae: 0.4226 - val_loss: 0.2812 - val_mse: 0.2812 - val_mae: 0.4287 - 2s/epoch - 183ms/step
Epoch 161/10000

Epoch 161: val_loss did not improve from 0.27352
11/11 - 2s - loss: 0.2730 - mse: 0.2730 - mae: 0.4249 - val_loss: 0.2739 - val_mse: 0.2739 - val_mae: 0.4236 - 2s/epoch - 183ms/step
Epoch 162/10000

Epoch 162: val_loss did not improve from 0.27352
11/11 - 2s - loss: 0.2709 - mse: 0.2709 - mae: 0.4239 - val_loss: 0.2808 - val_mse: 0.2808 - val_mae: 0.4284 - 2s/epoch - 182ms/step
Epoch 163/10000

Epoch 163: val_loss did not improve from 0.27352
11/11 - 2s - loss: 0.2697 - mse: 0.2697 - mae: 0.4227 - val_loss: 0.2753 - val_mse: 0.2753 - val_mae: 0.4244 - 2s/epoch - 183ms/step
Epoch 164/10000

Epoch 164: val_loss did not improve from 0.27352
11/11 - 2s - loss: 0.2693 - mse: 0.2693 - mae: 0.4228 - val_loss: 0.2743 - val_mse: 0.2743 - val_mae: 0.4241 - 2s/epoch - 182ms/step
Epoch 165/10000

Epoch 165: val_loss did not improve from 0.27352
11/11 - 2s - loss: 0.2682 - mse: 0.2682 - mae: 0.4221 - val_loss: 0.2813 - val_mse: 0.2813 - val_mae: 0.4283 - 2s/epoch - 183ms/step
Epoch 166/10000

Epoch 166: val_loss did not improve from 0.27352
11/11 - 2s - loss: 0.2721 - mse: 0.2721 - mae: 0.4243 - val_loss: 0.2824 - val_mse: 0.2824 - val_mae: 0.4304 - 2s/epoch - 182ms/step
Epoch 167/10000

Epoch 167: val_loss did not improve from 0.27352
11/11 - 2s - loss: 0.2817 - mse: 0.2817 - mae: 0.4313 - val_loss: 0.2778 - val_mse: 0.2778 - val_mae: 0.4274 - 2s/epoch - 183ms/step
Epoch 168/10000

Epoch 168: val_loss did not improve from 0.27352
11/11 - 2s - loss: 0.2790 - mse: 0.2790 - mae: 0.4300 - val_loss: 0.2826 - val_mse: 0.2826 - val_mae: 0.4301 - 2s/epoch - 183ms/step
Epoch 169/10000

Epoch 169: val_loss did not improve from 0.27352
11/11 - 2s - loss: 0.2733 - mse: 0.2733 - mae: 0.4257 - val_loss: 0.2755 - val_mse: 0.2755 - val_mae: 0.4252 - 2s/epoch - 182ms/step
Epoch 170/10000

Epoch 170: val_loss did not improve from 0.27352
11/11 - 2s - loss: 0.2718 - mse: 0.2718 - mae: 0.4243 - val_loss: 0.2743 - val_mse: 0.2743 - val_mae: 0.4241 - 2s/epoch - 184ms/step
Epoch 171/10000

Epoch 171: val_loss did not improve from 0.27352
11/11 - 2s - loss: 0.2698 - mse: 0.2698 - mae: 0.4230 - val_loss: 0.2737 - val_mse: 0.2737 - val_mae: 0.4238 - 2s/epoch - 183ms/step
Epoch 172/10000

Epoch 172: val_loss did not improve from 0.27352
11/11 - 2s - loss: 0.2740 - mse: 0.2740 - mae: 0.4263 - val_loss: 0.2841 - val_mse: 0.2841 - val_mae: 0.4308 - 2s/epoch - 184ms/step
Epoch 173/10000

Epoch 173: val_loss did not improve from 0.27352
11/11 - 2s - loss: 0.2747 - mse: 0.2747 - mae: 0.4267 - val_loss: 0.2757 - val_mse: 0.2757 - val_mae: 0.4255 - 2s/epoch - 182ms/step
Epoch 174/10000

Epoch 174: val_loss improved from 0.27352 to 0.27343, saving model to ./results/NN_rms_regr/ResNet/recursion_10/ckpt_1
11/11 - 3s - loss: 0.2721 - mse: 0.2721 - mae: 0.4243 - val_loss: 0.2734 - val_mse: 0.2734 - val_mae: 0.4236 - 3s/epoch - 262ms/step
Epoch 175/10000

Epoch 175: val_loss did not improve from 0.27343
11/11 - 2s - loss: 0.2702 - mse: 0.2702 - mae: 0.4237 - val_loss: 0.2881 - val_mse: 0.2881 - val_mae: 0.4339 - 2s/epoch - 183ms/step
Epoch 176/10000

Epoch 176: val_loss did not improve from 0.27343
11/11 - 2s - loss: 0.2759 - mse: 0.2759 - mae: 0.4274 - val_loss: 0.2782 - val_mse: 0.2782 - val_mae: 0.4272 - 2s/epoch - 182ms/step
Epoch 177/10000

Epoch 177: val_loss did not improve from 0.27343
11/11 - 2s - loss: 0.2757 - mse: 0.2757 - mae: 0.4277 - val_loss: 0.2738 - val_mse: 0.2738 - val_mae: 0.4234 - 2s/epoch - 182ms/step
Epoch 178/10000

Epoch 178: val_loss did not improve from 0.27343
11/11 - 2s - loss: 0.2690 - mse: 0.2690 - mae: 0.4219 - val_loss: 0.2748 - val_mse: 0.2748 - val_mae: 0.4239 - 2s/epoch - 183ms/step
Epoch 179/10000

Epoch 179: val_loss did not improve from 0.27343
11/11 - 2s - loss: 0.2694 - mse: 0.2694 - mae: 0.4229 - val_loss: 0.2753 - val_mse: 0.2753 - val_mae: 0.4242 - 2s/epoch - 182ms/step
Epoch 180/10000

Epoch 180: val_loss did not improve from 0.27343
11/11 - 2s - loss: 0.2709 - mse: 0.2709 - mae: 0.4244 - val_loss: 0.2785 - val_mse: 0.2785 - val_mae: 0.4263 - 2s/epoch - 182ms/step
Epoch 181/10000

Epoch 181: val_loss did not improve from 0.27343
11/11 - 2s - loss: 0.2733 - mse: 0.2733 - mae: 0.4254 - val_loss: 0.2814 - val_mse: 0.2814 - val_mae: 0.4288 - 2s/epoch - 182ms/step
Epoch 182/10000

Epoch 182: val_loss did not improve from 0.27343
11/11 - 2s - loss: 0.2698 - mse: 0.2698 - mae: 0.4227 - val_loss: 0.2735 - val_mse: 0.2735 - val_mae: 0.4233 - 2s/epoch - 183ms/step
Epoch 183/10000

Epoch 183: val_loss did not improve from 0.27343
11/11 - 2s - loss: 0.2694 - mse: 0.2694 - mae: 0.4226 - val_loss: 0.2785 - val_mse: 0.2785 - val_mae: 0.4272 - 2s/epoch - 182ms/step
Epoch 184/10000

Epoch 184: val_loss did not improve from 0.27343
11/11 - 2s - loss: 0.2704 - mse: 0.2704 - mae: 0.4229 - val_loss: 0.2773 - val_mse: 0.2773 - val_mae: 0.4265 - 2s/epoch - 182ms/step
Epoch 185/10000

Epoch 185: val_loss did not improve from 0.27343
11/11 - 2s - loss: 0.2720 - mse: 0.2720 - mae: 0.4247 - val_loss: 0.2763 - val_mse: 0.2763 - val_mae: 0.4256 - 2s/epoch - 183ms/step
Epoch 186/10000

Epoch 186: val_loss improved from 0.27343 to 0.27335, saving model to ./results/NN_rms_regr/ResNet/recursion_10/ckpt_1
11/11 - 3s - loss: 0.2729 - mse: 0.2729 - mae: 0.4245 - val_loss: 0.2734 - val_mse: 0.2734 - val_mae: 0.4235 - 3s/epoch - 264ms/step
Epoch 187/10000

Epoch 187: val_loss did not improve from 0.27335
11/11 - 2s - loss: 0.2778 - mse: 0.2778 - mae: 0.4284 - val_loss: 0.2735 - val_mse: 0.2735 - val_mae: 0.4236 - 2s/epoch - 182ms/step
Epoch 188/10000

Epoch 188: val_loss did not improve from 0.27335
11/11 - 2s - loss: 0.2710 - mse: 0.2710 - mae: 0.4237 - val_loss: 0.2896 - val_mse: 0.2896 - val_mae: 0.4344 - 2s/epoch - 183ms/step
Epoch 189/10000

Epoch 189: val_loss did not improve from 0.27335
11/11 - 2s - loss: 0.2714 - mse: 0.2714 - mae: 0.4240 - val_loss: 0.2737 - val_mse: 0.2737 - val_mae: 0.4237 - 2s/epoch - 182ms/step
Epoch 190/10000

Epoch 190: val_loss did not improve from 0.27335
11/11 - 2s - loss: 0.2687 - mse: 0.2687 - mae: 0.4217 - val_loss: 0.2736 - val_mse: 0.2736 - val_mae: 0.4237 - 2s/epoch - 183ms/step
Epoch 191/10000

Epoch 191: val_loss did not improve from 0.27335
11/11 - 2s - loss: 0.2681 - mse: 0.2681 - mae: 0.4216 - val_loss: 0.2737 - val_mse: 0.2737 - val_mae: 0.4235 - 2s/epoch - 182ms/step
Epoch 192/10000

Epoch 192: val_loss did not improve from 0.27335
11/11 - 2s - loss: 0.2685 - mse: 0.2685 - mae: 0.4217 - val_loss: 0.2739 - val_mse: 0.2739 - val_mae: 0.4237 - 2s/epoch - 184ms/step
Epoch 193/10000

Epoch 193: val_loss did not improve from 0.27335
11/11 - 2s - loss: 0.2700 - mse: 0.2700 - mae: 0.4229 - val_loss: 0.2776 - val_mse: 0.2776 - val_mae: 0.4263 - 2s/epoch - 183ms/step
Epoch 194/10000

Epoch 194: val_loss did not improve from 0.27335
11/11 - 2s - loss: 0.2712 - mse: 0.2712 - mae: 0.4233 - val_loss: 0.2747 - val_mse: 0.2747 - val_mae: 0.4242 - 2s/epoch - 181ms/step
Epoch 195/10000

Epoch 195: val_loss did not improve from 0.27335
11/11 - 2s - loss: 0.2735 - mse: 0.2735 - mae: 0.4251 - val_loss: 0.2749 - val_mse: 0.2749 - val_mae: 0.4242 - 2s/epoch - 182ms/step
Epoch 196/10000

Epoch 196: val_loss did not improve from 0.27335
11/11 - 2s - loss: 0.2718 - mse: 0.2718 - mae: 0.4240 - val_loss: 0.2737 - val_mse: 0.2737 - val_mae: 0.4240 - 2s/epoch - 183ms/step
Epoch 197/10000

Epoch 197: val_loss did not improve from 0.27335
11/11 - 2s - loss: 0.2750 - mse: 0.2750 - mae: 0.4268 - val_loss: 0.2891 - val_mse: 0.2891 - val_mae: 0.4349 - 2s/epoch - 182ms/step
Epoch 198/10000

Epoch 198: val_loss did not improve from 0.27335
11/11 - 2s - loss: 0.2801 - mse: 0.2801 - mae: 0.4302 - val_loss: 0.2741 - val_mse: 0.2741 - val_mae: 0.4235 - 2s/epoch - 182ms/step
Epoch 199/10000

Epoch 199: val_loss did not improve from 0.27335
11/11 - 2s - loss: 0.2721 - mse: 0.2721 - mae: 0.4244 - val_loss: 0.2765 - val_mse: 0.2765 - val_mae: 0.4254 - 2s/epoch - 182ms/step
Epoch 200/10000

Epoch 200: val_loss did not improve from 0.27335
11/11 - 2s - loss: 0.2687 - mse: 0.2687 - mae: 0.4222 - val_loss: 0.2734 - val_mse: 0.2734 - val_mae: 0.4233 - 2s/epoch - 182ms/step
Epoch 201/10000

Epoch 201: val_loss did not improve from 0.27335
11/11 - 2s - loss: 0.2678 - mse: 0.2678 - mae: 0.4216 - val_loss: 0.2736 - val_mse: 0.2736 - val_mae: 0.4234 - 2s/epoch - 182ms/step
Epoch 202/10000

Epoch 202: val_loss did not improve from 0.27335
11/11 - 2s - loss: 0.2680 - mse: 0.2680 - mae: 0.4215 - val_loss: 0.2757 - val_mse: 0.2757 - val_mae: 0.4248 - 2s/epoch - 182ms/step
Epoch 203/10000

Epoch 203: val_loss did not improve from 0.27335
11/11 - 2s - loss: 0.2697 - mse: 0.2697 - mae: 0.4223 - val_loss: 0.2744 - val_mse: 0.2744 - val_mae: 0.4244 - 2s/epoch - 182ms/step
Epoch 204/10000

Epoch 204: val_loss did not improve from 0.27335
11/11 - 2s - loss: 0.2688 - mse: 0.2688 - mae: 0.4222 - val_loss: 0.2742 - val_mse: 0.2742 - val_mae: 0.4236 - 2s/epoch - 187ms/step
Epoch 205/10000

Epoch 205: val_loss did not improve from 0.27335
11/11 - 2s - loss: 0.2697 - mse: 0.2697 - mae: 0.4226 - val_loss: 0.2736 - val_mse: 0.2736 - val_mae: 0.4232 - 2s/epoch - 183ms/step
Epoch 206/10000

Epoch 206: val_loss did not improve from 0.27335
11/11 - 2s - loss: 0.2678 - mse: 0.2678 - mae: 0.4215 - val_loss: 0.2794 - val_mse: 0.2794 - val_mae: 0.4272 - 2s/epoch - 183ms/step
Epoch 207/10000

Epoch 207: val_loss did not improve from 0.27335
11/11 - 2s - loss: 0.2698 - mse: 0.2698 - mae: 0.4223 - val_loss: 0.2735 - val_mse: 0.2735 - val_mae: 0.4232 - 2s/epoch - 182ms/step
Epoch 208/10000

Epoch 208: val_loss did not improve from 0.27335
11/11 - 2s - loss: 0.2679 - mse: 0.2679 - mae: 0.4211 - val_loss: 0.2754 - val_mse: 0.2754 - val_mae: 0.4243 - 2s/epoch - 182ms/step
Epoch 209/10000

Epoch 209: val_loss did not improve from 0.27335
11/11 - 2s - loss: 0.2743 - mse: 0.2743 - mae: 0.4252 - val_loss: 0.2800 - val_mse: 0.2800 - val_mae: 0.4277 - 2s/epoch - 182ms/step
Epoch 210/10000

Epoch 210: val_loss did not improve from 0.27335
11/11 - 2s - loss: 0.2766 - mse: 0.2766 - mae: 0.4272 - val_loss: 0.2927 - val_mse: 0.2927 - val_mae: 0.4372 - 2s/epoch - 183ms/step
Epoch 211/10000

Epoch 211: val_loss did not improve from 0.27335
11/11 - 2s - loss: 0.2766 - mse: 0.2766 - mae: 0.4269 - val_loss: 0.2861 - val_mse: 0.2861 - val_mae: 0.4329 - 2s/epoch - 182ms/step
Epoch 212/10000

Epoch 212: val_loss did not improve from 0.27335
11/11 - 2s - loss: 0.2750 - mse: 0.2750 - mae: 0.4268 - val_loss: 0.2904 - val_mse: 0.2904 - val_mae: 0.4365 - 2s/epoch - 181ms/step
Epoch 213/10000

Epoch 213: val_loss did not improve from 0.27335
11/11 - 2s - loss: 0.2727 - mse: 0.2727 - mae: 0.4247 - val_loss: 0.2736 - val_mse: 0.2736 - val_mae: 0.4239 - 2s/epoch - 182ms/step
Epoch 214/10000

Epoch 214: val_loss did not improve from 0.27335
11/11 - 2s - loss: 0.2693 - mse: 0.2693 - mae: 0.4222 - val_loss: 0.2782 - val_mse: 0.2782 - val_mae: 0.4267 - 2s/epoch - 182ms/step
Epoch 215/10000

Epoch 215: val_loss did not improve from 0.27335
11/11 - 2s - loss: 0.2710 - mse: 0.2710 - mae: 0.4238 - val_loss: 0.2810 - val_mse: 0.2810 - val_mae: 0.4286 - 2s/epoch - 182ms/step
Epoch 216/10000

Epoch 216: val_loss did not improve from 0.27335
11/11 - 2s - loss: 0.2731 - mse: 0.2731 - mae: 0.4252 - val_loss: 0.2874 - val_mse: 0.2874 - val_mae: 0.4329 - 2s/epoch - 182ms/step
Epoch 217/10000

Epoch 217: val_loss did not improve from 0.27335
11/11 - 2s - loss: 0.2723 - mse: 0.2723 - mae: 0.4242 - val_loss: 0.2764 - val_mse: 0.2764 - val_mae: 0.4263 - 2s/epoch - 183ms/step
Epoch 218/10000

Epoch 218: val_loss did not improve from 0.27335
11/11 - 2s - loss: 0.2731 - mse: 0.2731 - mae: 0.4245 - val_loss: 0.2780 - val_mse: 0.2780 - val_mae: 0.4271 - 2s/epoch - 182ms/step
Epoch 219/10000

Epoch 219: val_loss did not improve from 0.27335
11/11 - 2s - loss: 0.2692 - mse: 0.2692 - mae: 0.4227 - val_loss: 0.2746 - val_mse: 0.2746 - val_mae: 0.4239 - 2s/epoch - 183ms/step
Epoch 220/10000

Epoch 220: val_loss did not improve from 0.27335
11/11 - 2s - loss: 0.2703 - mse: 0.2703 - mae: 0.4232 - val_loss: 0.2823 - val_mse: 0.2823 - val_mae: 0.4292 - 2s/epoch - 182ms/step
Epoch 221/10000

Epoch 221: val_loss improved from 0.27335 to 0.27330, saving model to ./results/NN_rms_regr/ResNet/recursion_10/ckpt_1
11/11 - 3s - loss: 0.2716 - mse: 0.2716 - mae: 0.4244 - val_loss: 0.2733 - val_mse: 0.2733 - val_mae: 0.4234 - 3s/epoch - 264ms/step
Epoch 222/10000

Epoch 222: val_loss did not improve from 0.27330
11/11 - 2s - loss: 0.2714 - mse: 0.2714 - mae: 0.4236 - val_loss: 0.2874 - val_mse: 0.2874 - val_mae: 0.4341 - 2s/epoch - 183ms/step
Epoch 223/10000

Epoch 223: val_loss did not improve from 0.27330
11/11 - 2s - loss: 0.2776 - mse: 0.2776 - mae: 0.4287 - val_loss: 0.2821 - val_mse: 0.2821 - val_mae: 0.4288 - 2s/epoch - 182ms/step
Epoch 224/10000

Epoch 224: val_loss did not improve from 0.27330
11/11 - 2s - loss: 0.2739 - mse: 0.2739 - mae: 0.4258 - val_loss: 0.2816 - val_mse: 0.2816 - val_mae: 0.4286 - 2s/epoch - 182ms/step
Epoch 225/10000

Epoch 225: val_loss did not improve from 0.27330
11/11 - 2s - loss: 0.2693 - mse: 0.2693 - mae: 0.4221 - val_loss: 0.2779 - val_mse: 0.2779 - val_mae: 0.4265 - 2s/epoch - 182ms/step
Epoch 226/10000

Epoch 226: val_loss did not improve from 0.27330
11/11 - 2s - loss: 0.2698 - mse: 0.2698 - mae: 0.4230 - val_loss: 0.2738 - val_mse: 0.2738 - val_mae: 0.4231 - 2s/epoch - 182ms/step
Epoch 227/10000

Epoch 227: val_loss did not improve from 0.27330
11/11 - 2s - loss: 0.2688 - mse: 0.2688 - mae: 0.4222 - val_loss: 0.2772 - val_mse: 0.2772 - val_mae: 0.4255 - 2s/epoch - 182ms/step
Epoch 228/10000

Epoch 228: val_loss did not improve from 0.27330
11/11 - 2s - loss: 0.2684 - mse: 0.2684 - mae: 0.4215 - val_loss: 0.2735 - val_mse: 0.2735 - val_mae: 0.4231 - 2s/epoch - 182ms/step
Epoch 229/10000

Epoch 229: val_loss did not improve from 0.27330
11/11 - 2s - loss: 0.2676 - mse: 0.2676 - mae: 0.4213 - val_loss: 0.2733 - val_mse: 0.2733 - val_mae: 0.4230 - 2s/epoch - 182ms/step
Epoch 230/10000

Epoch 230: val_loss did not improve from 0.27330
11/11 - 2s - loss: 0.2702 - mse: 0.2702 - mae: 0.4230 - val_loss: 0.2745 - val_mse: 0.2745 - val_mae: 0.4239 - 2s/epoch - 182ms/step
Epoch 231/10000

Epoch 231: val_loss did not improve from 0.27330
11/11 - 2s - loss: 0.2711 - mse: 0.2711 - mae: 0.4231 - val_loss: 0.2773 - val_mse: 0.2773 - val_mae: 0.4267 - 2s/epoch - 182ms/step
Epoch 232/10000

Epoch 232: val_loss improved from 0.27330 to 0.27323, saving model to ./results/NN_rms_regr/ResNet/recursion_10/ckpt_1
11/11 - 3s - loss: 0.2701 - mse: 0.2701 - mae: 0.4229 - val_loss: 0.2732 - val_mse: 0.2732 - val_mae: 0.4234 - 3s/epoch - 258ms/step
Epoch 233/10000

Epoch 233: val_loss did not improve from 0.27323
11/11 - 2s - loss: 0.2683 - mse: 0.2683 - mae: 0.4213 - val_loss: 0.2739 - val_mse: 0.2739 - val_mae: 0.4237 - 2s/epoch - 183ms/step
Epoch 234/10000

Epoch 234: val_loss did not improve from 0.27323
11/11 - 2s - loss: 0.2709 - mse: 0.2709 - mae: 0.4232 - val_loss: 0.2764 - val_mse: 0.2764 - val_mae: 0.4252 - 2s/epoch - 183ms/step
Epoch 235/10000

Epoch 235: val_loss did not improve from 0.27323
11/11 - 2s - loss: 0.2706 - mse: 0.2706 - mae: 0.4233 - val_loss: 0.2746 - val_mse: 0.2746 - val_mae: 0.4242 - 2s/epoch - 181ms/step
Epoch 236/10000

Epoch 236: val_loss did not improve from 0.27323
11/11 - 2s - loss: 0.2712 - mse: 0.2712 - mae: 0.4240 - val_loss: 0.2772 - val_mse: 0.2772 - val_mae: 0.4263 - 2s/epoch - 182ms/step
Epoch 237/10000

Epoch 237: val_loss did not improve from 0.27323
11/11 - 2s - loss: 0.2696 - mse: 0.2696 - mae: 0.4217 - val_loss: 0.2741 - val_mse: 0.2741 - val_mae: 0.4238 - 2s/epoch - 183ms/step
Epoch 238/10000

Epoch 238: val_loss improved from 0.27323 to 0.27312, saving model to ./results/NN_rms_regr/ResNet/recursion_10/ckpt_1
11/11 - 3s - loss: 0.2716 - mse: 0.2716 - mae: 0.4239 - val_loss: 0.2731 - val_mse: 0.2731 - val_mae: 0.4231 - 3s/epoch - 265ms/step
Epoch 239/10000

Epoch 239: val_loss did not improve from 0.27312
11/11 - 2s - loss: 0.2680 - mse: 0.2680 - mae: 0.4215 - val_loss: 0.2733 - val_mse: 0.2733 - val_mae: 0.4230 - 2s/epoch - 183ms/step
Epoch 240/10000

Epoch 240: val_loss did not improve from 0.27312
11/11 - 2s - loss: 0.2697 - mse: 0.2697 - mae: 0.4222 - val_loss: 0.2808 - val_mse: 0.2808 - val_mae: 0.4284 - 2s/epoch - 183ms/step
Epoch 241/10000

Epoch 241: val_loss did not improve from 0.27312
11/11 - 2s - loss: 0.2716 - mse: 0.2716 - mae: 0.4239 - val_loss: 0.2740 - val_mse: 0.2740 - val_mae: 0.4233 - 2s/epoch - 182ms/step
Epoch 242/10000

Epoch 242: val_loss did not improve from 0.27312
11/11 - 2s - loss: 0.2728 - mse: 0.2728 - mae: 0.4244 - val_loss: 0.3086 - val_mse: 0.3086 - val_mae: 0.4469 - 2s/epoch - 183ms/step
Epoch 243/10000

Epoch 243: val_loss did not improve from 0.27312
11/11 - 2s - loss: 0.2838 - mse: 0.2838 - mae: 0.4326 - val_loss: 0.2755 - val_mse: 0.2755 - val_mae: 0.4240 - 2s/epoch - 182ms/step
Epoch 244/10000

Epoch 244: val_loss did not improve from 0.27312
11/11 - 2s - loss: 0.2812 - mse: 0.2812 - mae: 0.4315 - val_loss: 0.2866 - val_mse: 0.2866 - val_mae: 0.4329 - 2s/epoch - 182ms/step
Epoch 245/10000

Epoch 245: val_loss did not improve from 0.27312
11/11 - 2s - loss: 0.2792 - mse: 0.2792 - mae: 0.4296 - val_loss: 0.2866 - val_mse: 0.2866 - val_mae: 0.4333 - 2s/epoch - 182ms/step
Epoch 246/10000

Epoch 246: val_loss did not improve from 0.27312
11/11 - 2s - loss: 0.2736 - mse: 0.2736 - mae: 0.4256 - val_loss: 0.2772 - val_mse: 0.2772 - val_mae: 0.4263 - 2s/epoch - 182ms/step
Epoch 247/10000

Epoch 247: val_loss did not improve from 0.27312
11/11 - 2s - loss: 0.2696 - mse: 0.2696 - mae: 0.4224 - val_loss: 0.2765 - val_mse: 0.2765 - val_mae: 0.4254 - 2s/epoch - 182ms/step
Epoch 248/10000

Epoch 248: val_loss did not improve from 0.27312
11/11 - 2s - loss: 0.2674 - mse: 0.2674 - mae: 0.4208 - val_loss: 0.2788 - val_mse: 0.2788 - val_mae: 0.4274 - 2s/epoch - 182ms/step
Epoch 249/10000

Epoch 249: val_loss did not improve from 0.27312
11/11 - 2s - loss: 0.2715 - mse: 0.2715 - mae: 0.4244 - val_loss: 0.2781 - val_mse: 0.2781 - val_mae: 0.4265 - 2s/epoch - 183ms/step
Epoch 250/10000

Epoch 250: val_loss did not improve from 0.27312
11/11 - 2s - loss: 0.2748 - mse: 0.2748 - mae: 0.4263 - val_loss: 0.2795 - val_mse: 0.2795 - val_mae: 0.4269 - 2s/epoch - 183ms/step
Epoch 251/10000

Epoch 251: val_loss did not improve from 0.27312
11/11 - 2s - loss: 0.2768 - mse: 0.2768 - mae: 0.4279 - val_loss: 0.2806 - val_mse: 0.2806 - val_mae: 0.4287 - 2s/epoch - 183ms/step
Epoch 252/10000

Epoch 252: val_loss did not improve from 0.27312
11/11 - 2s - loss: 0.2686 - mse: 0.2686 - mae: 0.4217 - val_loss: 0.2737 - val_mse: 0.2737 - val_mae: 0.4231 - 2s/epoch - 182ms/step
Epoch 253/10000

Epoch 253: val_loss did not improve from 0.27312
11/11 - 2s - loss: 0.2695 - mse: 0.2695 - mae: 0.4220 - val_loss: 0.2826 - val_mse: 0.2826 - val_mae: 0.4299 - 2s/epoch - 183ms/step
Epoch 254/10000

Epoch 254: val_loss did not improve from 0.27312
11/11 - 2s - loss: 0.2766 - mse: 0.2766 - mae: 0.4268 - val_loss: 0.2815 - val_mse: 0.2815 - val_mae: 0.4287 - 2s/epoch - 182ms/step
Epoch 255/10000

Epoch 255: val_loss did not improve from 0.27312
11/11 - 2s - loss: 0.2788 - mse: 0.2788 - mae: 0.4288 - val_loss: 0.2759 - val_mse: 0.2759 - val_mae: 0.4243 - 2s/epoch - 182ms/step
Epoch 256/10000

Epoch 256: val_loss did not improve from 0.27312
11/11 - 2s - loss: 0.2737 - mse: 0.2737 - mae: 0.4247 - val_loss: 0.2862 - val_mse: 0.2862 - val_mae: 0.4329 - 2s/epoch - 183ms/step
Epoch 257/10000

Epoch 257: val_loss did not improve from 0.27312
11/11 - 2s - loss: 0.2712 - mse: 0.2712 - mae: 0.4236 - val_loss: 0.2738 - val_mse: 0.2738 - val_mae: 0.4232 - 2s/epoch - 183ms/step
Epoch 258/10000

Epoch 258: val_loss did not improve from 0.27312
11/11 - 2s - loss: 0.2688 - mse: 0.2688 - mae: 0.4219 - val_loss: 0.2741 - val_mse: 0.2741 - val_mae: 0.4231 - 2s/epoch - 182ms/step
Epoch 259/10000

Epoch 259: val_loss did not improve from 0.27312
11/11 - 2s - loss: 0.2719 - mse: 0.2719 - mae: 0.4240 - val_loss: 0.2857 - val_mse: 0.2857 - val_mae: 0.4314 - 2s/epoch - 181ms/step
Epoch 260/10000

Epoch 260: val_loss did not improve from 0.27312
11/11 - 2s - loss: 0.2750 - mse: 0.2750 - mae: 0.4266 - val_loss: 0.2731 - val_mse: 0.2731 - val_mae: 0.4229 - 2s/epoch - 183ms/step
Epoch 261/10000

Epoch 261: val_loss did not improve from 0.27312
11/11 - 2s - loss: 0.2733 - mse: 0.2733 - mae: 0.4251 - val_loss: 0.2846 - val_mse: 0.2846 - val_mae: 0.4318 - 2s/epoch - 182ms/step
Epoch 262/10000

Epoch 262: val_loss did not improve from 0.27312
11/11 - 2s - loss: 0.2711 - mse: 0.2711 - mae: 0.4232 - val_loss: 0.2767 - val_mse: 0.2767 - val_mae: 0.4252 - 2s/epoch - 182ms/step
Epoch 263/10000

Epoch 263: val_loss did not improve from 0.27312
11/11 - 2s - loss: 0.2693 - mse: 0.2693 - mae: 0.4220 - val_loss: 0.2732 - val_mse: 0.2732 - val_mae: 0.4228 - 2s/epoch - 182ms/step
Epoch 264/10000

Epoch 264: val_loss did not improve from 0.27312
11/11 - 2s - loss: 0.2693 - mse: 0.2693 - mae: 0.4225 - val_loss: 0.2733 - val_mse: 0.2733 - val_mae: 0.4229 - 2s/epoch - 183ms/step
Epoch 265/10000

Epoch 265: val_loss did not improve from 0.27312
11/11 - 2s - loss: 0.2726 - mse: 0.2726 - mae: 0.4244 - val_loss: 0.2738 - val_mse: 0.2738 - val_mae: 0.4234 - 2s/epoch - 182ms/step
Epoch 266/10000

Epoch 266: val_loss did not improve from 0.27312
11/11 - 2s - loss: 0.2694 - mse: 0.2694 - mae: 0.4226 - val_loss: 0.2878 - val_mse: 0.2878 - val_mae: 0.4331 - 2s/epoch - 182ms/step
Epoch 267/10000

Epoch 267: val_loss did not improve from 0.27312
11/11 - 2s - loss: 0.2682 - mse: 0.2682 - mae: 0.4211 - val_loss: 0.2739 - val_mse: 0.2739 - val_mae: 0.4233 - 2s/epoch - 182ms/step
Epoch 268/10000

Epoch 268: val_loss did not improve from 0.27312
11/11 - 2s - loss: 0.2683 - mse: 0.2683 - mae: 0.4215 - val_loss: 0.2742 - val_mse: 0.2742 - val_mae: 0.4237 - 2s/epoch - 182ms/step
Epoch 269/10000

Epoch 269: val_loss did not improve from 0.27312
11/11 - 2s - loss: 0.2683 - mse: 0.2683 - mae: 0.4215 - val_loss: 0.2802 - val_mse: 0.2802 - val_mae: 0.4275 - 2s/epoch - 182ms/step
Epoch 270/10000

Epoch 270: val_loss did not improve from 0.27312
11/11 - 2s - loss: 0.2824 - mse: 0.2824 - mae: 0.4311 - val_loss: 0.3165 - val_mse: 0.3165 - val_mae: 0.4527 - 2s/epoch - 183ms/step
Epoch 271/10000

Epoch 271: val_loss did not improve from 0.27312
11/11 - 2s - loss: 0.2767 - mse: 0.2767 - mae: 0.4279 - val_loss: 0.2735 - val_mse: 0.2735 - val_mae: 0.4231 - 2s/epoch - 183ms/step
Epoch 272/10000

Epoch 272: val_loss did not improve from 0.27312
11/11 - 2s - loss: 0.2720 - mse: 0.2720 - mae: 0.4236 - val_loss: 0.2789 - val_mse: 0.2789 - val_mae: 0.4281 - 2s/epoch - 182ms/step
Epoch 273/10000

Epoch 273: val_loss did not improve from 0.27312
11/11 - 2s - loss: 0.2739 - mse: 0.2739 - mae: 0.4250 - val_loss: 0.2733 - val_mse: 0.2733 - val_mae: 0.4231 - 2s/epoch - 182ms/step
Epoch 274/10000

Epoch 274: val_loss did not improve from 0.27312
11/11 - 2s - loss: 0.2704 - mse: 0.2704 - mae: 0.4223 - val_loss: 0.2772 - val_mse: 0.2772 - val_mae: 0.4263 - 2s/epoch - 182ms/step
Epoch 275/10000

Epoch 275: val_loss did not improve from 0.27312
11/11 - 2s - loss: 0.2723 - mse: 0.2723 - mae: 0.4240 - val_loss: 0.2777 - val_mse: 0.2777 - val_mae: 0.4264 - 2s/epoch - 182ms/step
Epoch 276/10000

Epoch 276: val_loss did not improve from 0.27312
11/11 - 2s - loss: 0.2708 - mse: 0.2708 - mae: 0.4237 - val_loss: 0.2774 - val_mse: 0.2774 - val_mae: 0.4253 - 2s/epoch - 182ms/step
Epoch 277/10000

Epoch 277: val_loss did not improve from 0.27312
11/11 - 2s - loss: 0.2689 - mse: 0.2689 - mae: 0.4216 - val_loss: 0.2784 - val_mse: 0.2784 - val_mae: 0.4261 - 2s/epoch - 182ms/step
Epoch 278/10000

Epoch 278: val_loss did not improve from 0.27312
11/11 - 2s - loss: 0.2694 - mse: 0.2694 - mae: 0.4221 - val_loss: 0.2817 - val_mse: 0.2817 - val_mae: 0.4293 - 2s/epoch - 182ms/step
Epoch 279/10000

Epoch 279: val_loss did not improve from 0.27312
11/11 - 2s - loss: 0.2727 - mse: 0.2727 - mae: 0.4244 - val_loss: 0.2805 - val_mse: 0.2805 - val_mae: 0.4289 - 2s/epoch - 183ms/step
Epoch 280/10000

Epoch 280: val_loss did not improve from 0.27312
11/11 - 2s - loss: 0.2762 - mse: 0.2762 - mae: 0.4279 - val_loss: 0.2851 - val_mse: 0.2851 - val_mae: 0.4324 - 2s/epoch - 182ms/step
Epoch 281/10000

Epoch 281: val_loss did not improve from 0.27312
11/11 - 2s - loss: 0.2748 - mse: 0.2748 - mae: 0.4257 - val_loss: 0.2753 - val_mse: 0.2753 - val_mae: 0.4243 - 2s/epoch - 182ms/step
Epoch 282/10000

Epoch 282: val_loss did not improve from 0.27312
11/11 - 2s - loss: 0.2712 - mse: 0.2712 - mae: 0.4238 - val_loss: 0.2760 - val_mse: 0.2760 - val_mae: 0.4247 - 2s/epoch - 182ms/step
Epoch 283/10000

Epoch 283: val_loss did not improve from 0.27312
11/11 - 2s - loss: 0.2685 - mse: 0.2685 - mae: 0.4214 - val_loss: 0.2814 - val_mse: 0.2814 - val_mae: 0.4280 - 2s/epoch - 184ms/step
Epoch 284/10000

Epoch 284: val_loss did not improve from 0.27312
11/11 - 2s - loss: 0.2691 - mse: 0.2691 - mae: 0.4216 - val_loss: 0.2766 - val_mse: 0.2766 - val_mae: 0.4252 - 2s/epoch - 183ms/step
Epoch 285/10000

Epoch 285: val_loss did not improve from 0.27312
11/11 - 2s - loss: 0.2779 - mse: 0.2779 - mae: 0.4278 - val_loss: 0.2848 - val_mse: 0.2848 - val_mae: 0.4319 - 2s/epoch - 182ms/step
Epoch 286/10000

Epoch 286: val_loss did not improve from 0.27312
11/11 - 2s - loss: 0.2704 - mse: 0.2704 - mae: 0.4225 - val_loss: 0.2738 - val_mse: 0.2738 - val_mae: 0.4229 - 2s/epoch - 183ms/step
Epoch 287/10000

Epoch 287: val_loss did not improve from 0.27312
11/11 - 2s - loss: 0.2707 - mse: 0.2707 - mae: 0.4235 - val_loss: 0.2792 - val_mse: 0.2792 - val_mae: 0.4264 - 2s/epoch - 183ms/step
Epoch 288/10000

Epoch 288: val_loss did not improve from 0.27312
11/11 - 2s - loss: 0.2696 - mse: 0.2696 - mae: 0.4220 - val_loss: 0.2769 - val_mse: 0.2769 - val_mae: 0.4248 - 2s/epoch - 183ms/step
Epoch 288: early stopping
