[ 13.14519438  30.04553007  46.53366244  63.02179482  79.5099272
  95.99805957 112.48619195 128.97432432 145.4624567  161.95058908
 178.43872145 194.92685383 211.41498621 227.90311858 244.39125096
 260.87938334 277.36751571 293.85564809 310.34378047 326.83191284
 343.32004522 359.80817759 376.29630997 392.78444235 409.27257472
 425.7607071 ]
Before undersampling: [(0, 375), (1, 834), (2, 3661), (3, 4955), (4, 3156), (5, 2425), (6, 2195), (7, 1862), (8, 1648), (9, 1497), (10, 1418), (11, 1313), (12, 1182), (13, 1082), (14, 902), (15, 843), (16, 708), (17, 675), (18, 486), (19, 429), (20, 347), (21, 282), (22, 251), (23, 195), (24, 209)]
After undersampling: [(0, 127), (1, 427), (2, 2491), (3, 3170), (4, 2219), (5, 1720), (6, 1581), (7, 1388), (8, 1223), (9, 1022), (10, 1039), (11, 878), (12, 803), (13, 742), (14, 629), (15, 583), (16, 464), (17, 451), (18, 320), (19, 309), (20, 209), (21, 180), (22, 168), (23, 195), (24, 169)]
            label  HH_0_0_x  HV_0_0_x  IA_0_0_x       FYI      DFYI       MYI     rms_0     thk_1     rms_1     thk_2     rms_2     thk_3     rms_3  ...    3         4    5         6         7         8         9        10   11        12   13        14        15                                                CNN
0       14.315963  0.125490  0.054902  0.114732  0.983127  0.006677  0.010196  4.375247  1.120706  4.369860  1.083821  4.339561  1.104304  4.300324  ...  0.0  1.088001  0.0  0.626989  0.676717  0.827304  0.226456  1.009606  0.0  0.798301  0.0  0.738400  0.599015  [[[[0.1333333333333333], [0.1146937426398782],...
1       20.784693  0.254902  0.050980  0.102802  0.799571  0.159922  0.040507  4.546479  1.170220  4.510676  1.132931  4.471668  1.148192  4.445548  ...  0.0  1.051414  0.0  0.656819  0.601200  0.864399  0.322219  0.968792  0.0  0.759688  0.0  0.748599  0.519816  [[[[0.2470588235294117], [0.1027618707395067],...
2       23.190857  0.133333  0.027451  0.085901  0.976364  0.021168  0.002468  4.370016  1.090724  4.336851  1.065339  4.314400  1.106541  4.252408  ...  0.0  1.144394  0.0  0.702867  0.700815  0.917391  0.303004  1.079232  0.0  0.823813  0.0  0.800832  0.591474  [[[[0.1254901960784313], [0.0859425189448337],...
3       22.536278  0.192157  0.062745  0.115317  0.869304  0.090145  0.040551  4.451254  1.132862  4.428457  1.122375  4.414860  1.151846  4.378890  ...  0.0  1.035665  0.0  0.607927  0.622990  0.818323  0.243324  0.964156  0.0  0.753191  0.0  0.710953  0.549319  [[[[0.2352941176470588], [0.1152788723216337],...
4       15.821038  0.098039  0.074510  0.141190  0.994301  0.001843  0.003856  4.170600  1.085061  3.999730  1.074666  4.068058  1.087618  4.017404  ...  0.0  1.025897  0.0  0.561721  0.680289  0.757523  0.194467  0.929989  0.0  0.743826  0.0  0.660301  0.584921  [[[[0.1294117647058823], [0.1411560656977634],...
...           ...       ...       ...       ...       ...       ...       ...       ...       ...       ...       ...       ...       ...       ...  ...  ...       ...  ...       ...       ...       ...       ...       ...  ...       ...  ...       ...       ...                                                ...
22502  410.150134  0.278431  0.105882  0.080638  0.271956  0.003331  0.724713  4.974597  1.193015  4.883787  1.184847  4.923381  1.187656  4.904520  ...  0.0  1.156851  0.0  0.728820  0.670855  0.950185  0.326065  1.093004  0.0  0.834129  0.0  0.829957  0.573284  [[[[0.3019607843137254], [0.0806800917083141],...
22503  424.042418  0.282353  0.066667  0.149433  0.555378  0.061723  0.382898  4.731061  1.220450  4.833013  1.211024  4.808225  1.225502  4.756752  ...  0.0  0.945098  0.0  0.528045  0.526673  0.715281  0.199913  0.853262  0.0  0.678457  0.0  0.622234  0.460721  [[[[0.2], [0.1494652841605392], [0.06666666666...
22504  409.478997  0.254902  0.109804  0.152152  0.151170  0.144892  0.703938  4.573126  1.227058  4.598210  1.233458  4.632991  1.266591  4.594760  ...  0.0  0.823388  0.0  0.462971  0.478230  0.644500  0.249410  0.696049  0.0  0.610202  0.0  0.546544  0.445169  [[[[0.4549019607843137], [0.1521837122300092],...
22505  417.027580  0.505882  0.090196  0.152162  0.185910  0.031902  0.782188  4.486675  1.202497  4.531466  1.252972  4.593008  1.239219  4.510143  ...  0.0  0.839703  0.0  0.468273  0.499118  0.650608  0.278814  0.681403  0.0  0.621146  0.0  0.548368  0.455899  [[[[0.4196078431372549], [0.15219440834195], [...
22506  417.866263  0.392157  0.125490  0.152184  0.189279  0.051355  0.759366  4.590506  1.242536  4.658542  1.255140  4.682031  1.275536  4.639037  ...  0.0  0.753041  0.0  0.432618  0.424933  0.606180  0.279904  0.615722  0.0  0.551801  0.0  0.504145  0.391604  [[[[0.3490196078431372], [0.1522158155254289],...

[22507 rows x 128 columns]
Size of dataset: (22507, 127)
*************************** Fold #: 1 ***************************
Model: "model"
__________________________________________________________________________________________________
 Layer (type)                   Output Shape         Param #     Connected to                     
==================================================================================================
 conv (InputLayer)              [(None, 7, 7, 3, 1)  0           []                               
                                ]                                                                 
                                                                                                  
 zero_padding3d (ZeroPadding3D)  (None, 8, 8, 4, 1)  0           ['conv[0][0]']                   
                                                                                                  
 conv3d (Conv3D)                (None, 8, 8, 4, 8)   224         ['zero_padding3d[0][0]']         
                                                                                                  
 max_pooling3d (MaxPooling3D)   (None, 4, 4, 2, 8)   0           ['conv3d[0][0]']                 
                                                                                                  
 conv3d_1 (Conv3D)              (None, 4, 4, 2, 4)   868         ['max_pooling3d[0][0]']          
                                                                                                  
 max_pooling3d_1 (MaxPooling3D)  (None, 2, 2, 1, 4)  0           ['conv3d_1[0][0]']               
                                                                                                  
 cat (InputLayer)               [(None, 126)]        0           []                               
                                                                                                  
 flatten (Flatten)              (None, 16)           0           ['max_pooling3d_1[0][0]']        
                                                                                                  
 concatenate (Concatenate)      (None, 142)          0           ['cat[0][0]',                    
                                                                  'flatten[0][0]']                
                                                                                                  
 dense (Dense)                  (None, 200)          28600       ['concatenate[0][0]']            
                                                                                                  
 dense_1 (Dense)                (None, 200)          40200       ['dense[0][0]']                  
                                                                                                  
 dense_2 (Dense)                (None, 200)          40200       ['dense_1[0][0]']                
                                                                                                  
 dense_3 (Dense)                (None, 200)          40200       ['dense_2[0][0]']                
                                                                                                  
 dense_4 (Dense)                (None, 200)          40200       ['dense_3[0][0]']                
                                                                                                  
 dense_5 (Dense)                (None, 1)            201         ['dense_4[0][0]']                
                                                                                                  
==================================================================================================
Total params: 190,693
Trainable params: 190,693
Non-trainable params: 0
__________________________________________________________________________________________________
Epoch 1/10000

Epoch 1: val_loss improved from inf to 1.10696, saving model to ./results/NN_rms_regr/ResNet/recursion_34/ckpt_1
11/11 - 3s - loss: 11.3533 - mse: 11.3533 - mae: 3.0070 - val_loss: 1.1070 - val_mse: 1.1070 - val_mae: 0.7026 - 3s/epoch - 298ms/step
Epoch 2/10000

Epoch 2: val_loss did not improve from 1.10696
11/11 - 2s - loss: 1.6723 - mse: 1.6723 - mae: 1.0047 - val_loss: 1.6608 - val_mse: 1.6608 - val_mae: 1.0537 - 2s/epoch - 183ms/step
Epoch 3/10000

Epoch 3: val_loss improved from 1.10696 to 0.92845, saving model to ./results/NN_rms_regr/ResNet/recursion_34/ckpt_1
11/11 - 3s - loss: 1.0110 - mse: 1.0110 - mae: 0.6868 - val_loss: 0.9284 - val_mse: 0.9284 - val_mae: 0.6616 - 3s/epoch - 252ms/step
Epoch 4/10000

Epoch 4: val_loss improved from 0.92845 to 0.63867, saving model to ./results/NN_rms_regr/ResNet/recursion_34/ckpt_1
11/11 - 3s - loss: 0.7366 - mse: 0.7366 - mae: 0.5744 - val_loss: 0.6387 - val_mse: 0.6387 - val_mae: 0.5536 - 3s/epoch - 251ms/step
Epoch 5/10000

Epoch 5: val_loss improved from 0.63867 to 0.32918, saving model to ./results/NN_rms_regr/ResNet/recursion_34/ckpt_1
11/11 - 3s - loss: 0.4617 - mse: 0.4617 - mae: 0.4949 - val_loss: 0.3292 - val_mse: 0.3292 - val_mae: 0.4578 - 3s/epoch - 250ms/step
Epoch 6/10000

Epoch 6: val_loss improved from 0.32918 to 0.31206, saving model to ./results/NN_rms_regr/ResNet/recursion_34/ckpt_1
11/11 - 3s - loss: 0.2975 - mse: 0.2975 - mae: 0.4418 - val_loss: 0.3121 - val_mse: 0.3121 - val_mae: 0.4506 - 3s/epoch - 250ms/step
Epoch 7/10000

Epoch 7: val_loss improved from 0.31206 to 0.28904, saving model to ./results/NN_rms_regr/ResNet/recursion_34/ckpt_1
11/11 - 3s - loss: 0.2862 - mse: 0.2862 - mae: 0.4353 - val_loss: 0.2890 - val_mse: 0.2890 - val_mae: 0.4381 - 3s/epoch - 251ms/step
Epoch 8/10000

Epoch 8: val_loss improved from 0.28904 to 0.28160, saving model to ./results/NN_rms_regr/ResNet/recursion_34/ckpt_1
11/11 - 3s - loss: 0.2810 - mse: 0.2810 - mae: 0.4314 - val_loss: 0.2816 - val_mse: 0.2816 - val_mae: 0.4334 - 3s/epoch - 265ms/step
Epoch 9/10000

Epoch 9: val_loss improved from 0.28160 to 0.28128, saving model to ./results/NN_rms_regr/ResNet/recursion_34/ckpt_1
11/11 - 3s - loss: 0.2766 - mse: 0.2766 - mae: 0.4293 - val_loss: 0.2813 - val_mse: 0.2813 - val_mae: 0.4334 - 3s/epoch - 263ms/step
Epoch 10/10000

Epoch 10: val_loss did not improve from 0.28128
11/11 - 2s - loss: 0.2757 - mse: 0.2757 - mae: 0.4279 - val_loss: 0.2821 - val_mse: 0.2821 - val_mae: 0.4340 - 2s/epoch - 183ms/step
Epoch 11/10000

Epoch 11: val_loss did not improve from 0.28128
11/11 - 2s - loss: 0.2762 - mse: 0.2762 - mae: 0.4279 - val_loss: 0.2891 - val_mse: 0.2891 - val_mae: 0.4401 - 2s/epoch - 183ms/step
Epoch 12/10000

Epoch 12: val_loss did not improve from 0.28128
11/11 - 2s - loss: 0.2762 - mse: 0.2762 - mae: 0.4276 - val_loss: 0.2852 - val_mse: 0.2852 - val_mae: 0.4366 - 2s/epoch - 185ms/step
Epoch 13/10000

Epoch 13: val_loss did not improve from 0.28128
11/11 - 2s - loss: 0.2773 - mse: 0.2773 - mae: 0.4283 - val_loss: 0.2880 - val_mse: 0.2880 - val_mae: 0.4388 - 2s/epoch - 182ms/step
Epoch 14/10000

Epoch 14: val_loss improved from 0.28128 to 0.27937, saving model to ./results/NN_rms_regr/ResNet/recursion_34/ckpt_1
11/11 - 3s - loss: 0.2767 - mse: 0.2767 - mae: 0.4281 - val_loss: 0.2794 - val_mse: 0.2794 - val_mae: 0.4317 - 3s/epoch - 265ms/step
Epoch 15/10000

Epoch 15: val_loss improved from 0.27937 to 0.27831, saving model to ./results/NN_rms_regr/ResNet/recursion_34/ckpt_1
11/11 - 3s - loss: 0.2751 - mse: 0.2751 - mae: 0.4260 - val_loss: 0.2783 - val_mse: 0.2783 - val_mae: 0.4305 - 3s/epoch - 265ms/step
Epoch 16/10000

Epoch 16: val_loss improved from 0.27831 to 0.27718, saving model to ./results/NN_rms_regr/ResNet/recursion_34/ckpt_1
11/11 - 3s - loss: 0.2723 - mse: 0.2723 - mae: 0.4244 - val_loss: 0.2772 - val_mse: 0.2772 - val_mae: 0.4294 - 3s/epoch - 264ms/step
Epoch 17/10000

Epoch 17: val_loss did not improve from 0.27718
11/11 - 2s - loss: 0.2726 - mse: 0.2726 - mae: 0.4244 - val_loss: 0.2883 - val_mse: 0.2883 - val_mae: 0.4383 - 2s/epoch - 184ms/step
Epoch 18/10000

Epoch 18: val_loss did not improve from 0.27718
11/11 - 2s - loss: 0.2758 - mse: 0.2758 - mae: 0.4261 - val_loss: 0.2812 - val_mse: 0.2812 - val_mae: 0.4329 - 2s/epoch - 184ms/step
Epoch 19/10000

Epoch 19: val_loss improved from 0.27718 to 0.27665, saving model to ./results/NN_rms_regr/ResNet/recursion_34/ckpt_1
11/11 - 3s - loss: 0.2729 - mse: 0.2729 - mae: 0.4244 - val_loss: 0.2767 - val_mse: 0.2767 - val_mae: 0.4288 - 3s/epoch - 266ms/step
Epoch 20/10000

Epoch 20: val_loss did not improve from 0.27665
11/11 - 2s - loss: 0.2757 - mse: 0.2757 - mae: 0.4260 - val_loss: 0.2811 - val_mse: 0.2811 - val_mae: 0.4326 - 2s/epoch - 184ms/step
Epoch 21/10000

Epoch 21: val_loss improved from 0.27665 to 0.27660, saving model to ./results/NN_rms_regr/ResNet/recursion_34/ckpt_1
11/11 - 3s - loss: 0.2740 - mse: 0.2740 - mae: 0.4250 - val_loss: 0.2766 - val_mse: 0.2766 - val_mae: 0.4287 - 3s/epoch - 258ms/step
Epoch 22/10000

Epoch 22: val_loss did not improve from 0.27660
11/11 - 2s - loss: 0.2727 - mse: 0.2727 - mae: 0.4237 - val_loss: 0.2786 - val_mse: 0.2786 - val_mae: 0.4304 - 2s/epoch - 184ms/step
Epoch 23/10000

Epoch 23: val_loss improved from 0.27660 to 0.27624, saving model to ./results/NN_rms_regr/ResNet/recursion_34/ckpt_1
11/11 - 3s - loss: 0.2720 - mse: 0.2720 - mae: 0.4234 - val_loss: 0.2762 - val_mse: 0.2762 - val_mae: 0.4282 - 3s/epoch - 265ms/step
Epoch 24/10000

Epoch 24: val_loss improved from 0.27624 to 0.27594, saving model to ./results/NN_rms_regr/ResNet/recursion_34/ckpt_1
11/11 - 3s - loss: 0.2712 - mse: 0.2712 - mae: 0.4226 - val_loss: 0.2759 - val_mse: 0.2759 - val_mae: 0.4279 - 3s/epoch - 267ms/step
Epoch 25/10000

Epoch 25: val_loss improved from 0.27594 to 0.27579, saving model to ./results/NN_rms_regr/ResNet/recursion_34/ckpt_1
11/11 - 3s - loss: 0.2708 - mse: 0.2708 - mae: 0.4223 - val_loss: 0.2758 - val_mse: 0.2758 - val_mae: 0.4276 - 3s/epoch - 258ms/step
Epoch 26/10000

Epoch 26: val_loss did not improve from 0.27579
11/11 - 2s - loss: 0.2707 - mse: 0.2707 - mae: 0.4221 - val_loss: 0.2787 - val_mse: 0.2787 - val_mae: 0.4303 - 2s/epoch - 183ms/step
Epoch 27/10000

Epoch 27: val_loss did not improve from 0.27579
11/11 - 2s - loss: 0.2740 - mse: 0.2740 - mae: 0.4242 - val_loss: 0.2817 - val_mse: 0.2817 - val_mae: 0.4326 - 2s/epoch - 181ms/step
Epoch 28/10000

Epoch 28: val_loss improved from 0.27579 to 0.27565, saving model to ./results/NN_rms_regr/ResNet/recursion_34/ckpt_1
11/11 - 3s - loss: 0.2720 - mse: 0.2720 - mae: 0.4228 - val_loss: 0.2756 - val_mse: 0.2756 - val_mae: 0.4268 - 3s/epoch - 262ms/step
Epoch 29/10000

Epoch 29: val_loss did not improve from 0.27565
11/11 - 2s - loss: 0.2746 - mse: 0.2746 - mae: 0.4241 - val_loss: 0.2866 - val_mse: 0.2866 - val_mae: 0.4324 - 2s/epoch - 183ms/step
Epoch 30/10000

Epoch 30: val_loss did not improve from 0.27565
11/11 - 2s - loss: 0.2752 - mse: 0.2752 - mae: 0.4249 - val_loss: 0.2784 - val_mse: 0.2784 - val_mae: 0.4279 - 2s/epoch - 182ms/step
Epoch 31/10000

Epoch 31: val_loss did not improve from 0.27565
11/11 - 2s - loss: 0.2726 - mse: 0.2726 - mae: 0.4232 - val_loss: 0.2773 - val_mse: 0.2773 - val_mae: 0.4272 - 2s/epoch - 180ms/step
Epoch 32/10000

Epoch 32: val_loss improved from 0.27565 to 0.27493, saving model to ./results/NN_rms_regr/ResNet/recursion_34/ckpt_1
11/11 - 3s - loss: 0.2708 - mse: 0.2708 - mae: 0.4217 - val_loss: 0.2749 - val_mse: 0.2749 - val_mae: 0.4266 - 3s/epoch - 264ms/step
Epoch 33/10000

Epoch 33: val_loss did not improve from 0.27493
11/11 - 2s - loss: 0.2698 - mse: 0.2698 - mae: 0.4210 - val_loss: 0.2754 - val_mse: 0.2754 - val_mae: 0.4271 - 2s/epoch - 182ms/step
Epoch 34/10000

Epoch 34: val_loss did not improve from 0.27493
11/11 - 2s - loss: 0.2703 - mse: 0.2703 - mae: 0.4214 - val_loss: 0.2771 - val_mse: 0.2771 - val_mae: 0.4286 - 2s/epoch - 181ms/step
Epoch 35/10000

Epoch 35: val_loss improved from 0.27493 to 0.27485, saving model to ./results/NN_rms_regr/ResNet/recursion_34/ckpt_1
11/11 - 3s - loss: 0.2712 - mse: 0.2712 - mae: 0.4221 - val_loss: 0.2749 - val_mse: 0.2749 - val_mae: 0.4265 - 3s/epoch - 257ms/step
Epoch 36/10000

Epoch 36: val_loss did not improve from 0.27485
11/11 - 2s - loss: 0.2707 - mse: 0.2707 - mae: 0.4218 - val_loss: 0.2760 - val_mse: 0.2760 - val_mae: 0.4264 - 2s/epoch - 182ms/step
Epoch 37/10000

Epoch 37: val_loss did not improve from 0.27485
11/11 - 2s - loss: 0.2707 - mse: 0.2707 - mae: 0.4215 - val_loss: 0.2756 - val_mse: 0.2756 - val_mae: 0.4262 - 2s/epoch - 181ms/step
Epoch 38/10000

Epoch 38: val_loss did not improve from 0.27485
11/11 - 2s - loss: 0.2714 - mse: 0.2714 - mae: 0.4216 - val_loss: 0.2757 - val_mse: 0.2757 - val_mae: 0.4262 - 2s/epoch - 182ms/step
Epoch 39/10000

Epoch 39: val_loss did not improve from 0.27485
11/11 - 2s - loss: 0.2727 - mse: 0.2727 - mae: 0.4230 - val_loss: 0.2793 - val_mse: 0.2793 - val_mae: 0.4279 - 2s/epoch - 181ms/step
Epoch 40/10000

Epoch 40: val_loss did not improve from 0.27485
11/11 - 2s - loss: 0.2752 - mse: 0.2752 - mae: 0.4237 - val_loss: 0.2770 - val_mse: 0.2770 - val_mae: 0.4267 - 2s/epoch - 181ms/step
Epoch 41/10000

Epoch 41: val_loss did not improve from 0.27485
11/11 - 2s - loss: 0.2726 - mse: 0.2726 - mae: 0.4226 - val_loss: 0.2762 - val_mse: 0.2762 - val_mae: 0.4263 - 2s/epoch - 183ms/step
Epoch 42/10000

Epoch 42: val_loss did not improve from 0.27485
11/11 - 2s - loss: 0.2712 - mse: 0.2712 - mae: 0.4218 - val_loss: 0.2762 - val_mse: 0.2762 - val_mae: 0.4263 - 2s/epoch - 183ms/step
Epoch 43/10000

Epoch 43: val_loss improved from 0.27485 to 0.27465, saving model to ./results/NN_rms_regr/ResNet/recursion_34/ckpt_1
11/11 - 3s - loss: 0.2702 - mse: 0.2702 - mae: 0.4210 - val_loss: 0.2747 - val_mse: 0.2747 - val_mae: 0.4262 - 3s/epoch - 262ms/step
Epoch 44/10000

Epoch 44: val_loss did not improve from 0.27465
11/11 - 2s - loss: 0.2693 - mse: 0.2693 - mae: 0.4204 - val_loss: 0.2747 - val_mse: 0.2747 - val_mae: 0.4257 - 2s/epoch - 184ms/step
Epoch 45/10000

Epoch 45: val_loss improved from 0.27465 to 0.27445, saving model to ./results/NN_rms_regr/ResNet/recursion_34/ckpt_1
11/11 - 3s - loss: 0.2705 - mse: 0.2705 - mae: 0.4208 - val_loss: 0.2745 - val_mse: 0.2745 - val_mae: 0.4258 - 3s/epoch - 263ms/step
Epoch 46/10000

Epoch 46: val_loss improved from 0.27445 to 0.27441, saving model to ./results/NN_rms_regr/ResNet/recursion_34/ckpt_1
11/11 - 3s - loss: 0.2703 - mse: 0.2703 - mae: 0.4210 - val_loss: 0.2744 - val_mse: 0.2744 - val_mae: 0.4258 - 3s/epoch - 265ms/step
Epoch 47/10000

Epoch 47: val_loss did not improve from 0.27441
11/11 - 2s - loss: 0.2705 - mse: 0.2705 - mae: 0.4212 - val_loss: 0.2769 - val_mse: 0.2769 - val_mae: 0.4265 - 2s/epoch - 183ms/step
Epoch 48/10000

Epoch 48: val_loss did not improve from 0.27441
11/11 - 2s - loss: 0.2695 - mse: 0.2695 - mae: 0.4206 - val_loss: 0.2745 - val_mse: 0.2745 - val_mae: 0.4255 - 2s/epoch - 182ms/step
Epoch 49/10000

Epoch 49: val_loss did not improve from 0.27441
11/11 - 2s - loss: 0.2698 - mse: 0.2698 - mae: 0.4206 - val_loss: 0.2781 - val_mse: 0.2781 - val_mae: 0.4270 - 2s/epoch - 183ms/step
Epoch 50/10000

Epoch 50: val_loss did not improve from 0.27441
11/11 - 2s - loss: 0.2723 - mse: 0.2723 - mae: 0.4221 - val_loss: 0.2755 - val_mse: 0.2755 - val_mae: 0.4258 - 2s/epoch - 183ms/step
Epoch 51/10000

Epoch 51: val_loss did not improve from 0.27441
11/11 - 2s - loss: 0.2713 - mse: 0.2713 - mae: 0.4217 - val_loss: 0.2748 - val_mse: 0.2748 - val_mae: 0.4263 - 2s/epoch - 181ms/step
Epoch 52/10000

Epoch 52: val_loss did not improve from 0.27441
11/11 - 2s - loss: 0.2723 - mse: 0.2723 - mae: 0.4222 - val_loss: 0.2843 - val_mse: 0.2843 - val_mae: 0.4339 - 2s/epoch - 183ms/step
Epoch 53/10000

Epoch 53: val_loss did not improve from 0.27441
11/11 - 2s - loss: 0.2729 - mse: 0.2729 - mae: 0.4229 - val_loss: 0.2811 - val_mse: 0.2811 - val_mae: 0.4315 - 2s/epoch - 182ms/step
Epoch 54/10000

Epoch 54: val_loss did not improve from 0.27441
11/11 - 2s - loss: 0.2718 - mse: 0.2718 - mae: 0.4222 - val_loss: 0.2760 - val_mse: 0.2760 - val_mae: 0.4272 - 2s/epoch - 182ms/step
Epoch 55/10000

Epoch 55: val_loss did not improve from 0.27441
11/11 - 2s - loss: 0.2717 - mse: 0.2717 - mae: 0.4216 - val_loss: 0.2786 - val_mse: 0.2786 - val_mae: 0.4294 - 2s/epoch - 182ms/step
Epoch 56/10000

Epoch 56: val_loss did not improve from 0.27441
11/11 - 2s - loss: 0.2725 - mse: 0.2725 - mae: 0.4227 - val_loss: 0.2769 - val_mse: 0.2769 - val_mae: 0.4280 - 2s/epoch - 181ms/step
Epoch 57/10000

Epoch 57: val_loss did not improve from 0.27441
11/11 - 2s - loss: 0.2708 - mse: 0.2708 - mae: 0.4209 - val_loss: 0.2807 - val_mse: 0.2807 - val_mae: 0.4311 - 2s/epoch - 183ms/step
Epoch 58/10000

Epoch 58: val_loss did not improve from 0.27441
11/11 - 2s - loss: 0.2692 - mse: 0.2692 - mae: 0.4199 - val_loss: 0.2754 - val_mse: 0.2754 - val_mae: 0.4267 - 2s/epoch - 182ms/step
Epoch 59/10000

Epoch 59: val_loss did not improve from 0.27441
11/11 - 2s - loss: 0.2689 - mse: 0.2689 - mae: 0.4199 - val_loss: 0.2755 - val_mse: 0.2755 - val_mae: 0.4266 - 2s/epoch - 183ms/step
Epoch 60/10000

Epoch 60: val_loss improved from 0.27441 to 0.27410, saving model to ./results/NN_rms_regr/ResNet/recursion_34/ckpt_1
11/11 - 3s - loss: 0.2686 - mse: 0.2686 - mae: 0.4195 - val_loss: 0.2741 - val_mse: 0.2741 - val_mae: 0.4252 - 3s/epoch - 258ms/step
Epoch 61/10000

Epoch 61: val_loss did not improve from 0.27410
11/11 - 2s - loss: 0.2701 - mse: 0.2701 - mae: 0.4208 - val_loss: 0.2748 - val_mse: 0.2748 - val_mae: 0.4252 - 2s/epoch - 182ms/step
Epoch 62/10000

Epoch 62: val_loss did not improve from 0.27410
11/11 - 2s - loss: 0.2705 - mse: 0.2705 - mae: 0.4211 - val_loss: 0.2743 - val_mse: 0.2743 - val_mae: 0.4256 - 2s/epoch - 183ms/step
Epoch 63/10000

Epoch 63: val_loss improved from 0.27410 to 0.27407, saving model to ./results/NN_rms_regr/ResNet/recursion_34/ckpt_1
11/11 - 3s - loss: 0.2695 - mse: 0.2695 - mae: 0.4197 - val_loss: 0.2741 - val_mse: 0.2741 - val_mae: 0.4251 - 3s/epoch - 263ms/step
Epoch 64/10000

Epoch 64: val_loss did not improve from 0.27407
11/11 - 2s - loss: 0.2702 - mse: 0.2702 - mae: 0.4206 - val_loss: 0.2743 - val_mse: 0.2743 - val_mae: 0.4251 - 2s/epoch - 182ms/step
Epoch 65/10000

Epoch 65: val_loss did not improve from 0.27407
11/11 - 2s - loss: 0.2694 - mse: 0.2694 - mae: 0.4201 - val_loss: 0.2789 - val_mse: 0.2789 - val_mae: 0.4295 - 2s/epoch - 181ms/step
Epoch 66/10000

Epoch 66: val_loss did not improve from 0.27407
11/11 - 2s - loss: 0.2696 - mse: 0.2696 - mae: 0.4202 - val_loss: 0.2779 - val_mse: 0.2779 - val_mae: 0.4287 - 2s/epoch - 182ms/step
Epoch 67/10000

Epoch 67: val_loss did not improve from 0.27407
11/11 - 2s - loss: 0.2709 - mse: 0.2709 - mae: 0.4209 - val_loss: 0.2755 - val_mse: 0.2755 - val_mae: 0.4266 - 2s/epoch - 183ms/step
Epoch 68/10000

Epoch 68: val_loss did not improve from 0.27407
11/11 - 2s - loss: 0.2700 - mse: 0.2700 - mae: 0.4201 - val_loss: 0.2787 - val_mse: 0.2787 - val_mae: 0.4293 - 2s/epoch - 183ms/step
Epoch 69/10000

Epoch 69: val_loss did not improve from 0.27407
11/11 - 2s - loss: 0.2690 - mse: 0.2690 - mae: 0.4196 - val_loss: 0.2753 - val_mse: 0.2753 - val_mae: 0.4264 - 2s/epoch - 183ms/step
Epoch 70/10000

Epoch 70: val_loss did not improve from 0.27407
11/11 - 2s - loss: 0.2689 - mse: 0.2689 - mae: 0.4194 - val_loss: 0.2747 - val_mse: 0.2747 - val_mae: 0.4252 - 2s/epoch - 182ms/step
Epoch 71/10000

Epoch 71: val_loss did not improve from 0.27407
11/11 - 2s - loss: 0.2708 - mse: 0.2708 - mae: 0.4210 - val_loss: 0.2867 - val_mse: 0.2867 - val_mae: 0.4355 - 2s/epoch - 182ms/step
Epoch 72/10000

Epoch 72: val_loss improved from 0.27407 to 0.27397, saving model to ./results/NN_rms_regr/ResNet/recursion_34/ckpt_1
11/11 - 3s - loss: 0.2769 - mse: 0.2769 - mae: 0.4257 - val_loss: 0.2740 - val_mse: 0.2740 - val_mae: 0.4250 - 3s/epoch - 262ms/step
Epoch 73/10000

Epoch 73: val_loss did not improve from 0.27397
11/11 - 2s - loss: 0.2709 - mse: 0.2709 - mae: 0.4205 - val_loss: 0.2741 - val_mse: 0.2741 - val_mae: 0.4247 - 2s/epoch - 181ms/step
Epoch 74/10000

Epoch 74: val_loss did not improve from 0.27397
11/11 - 2s - loss: 0.2690 - mse: 0.2690 - mae: 0.4196 - val_loss: 0.2745 - val_mse: 0.2745 - val_mae: 0.4248 - 2s/epoch - 181ms/step
Epoch 75/10000

Epoch 75: val_loss did not improve from 0.27397
11/11 - 2s - loss: 0.2722 - mse: 0.2722 - mae: 0.4215 - val_loss: 0.2905 - val_mse: 0.2905 - val_mae: 0.4383 - 2s/epoch - 184ms/step
Epoch 76/10000

Epoch 76: val_loss did not improve from 0.27397
11/11 - 2s - loss: 0.2722 - mse: 0.2722 - mae: 0.4212 - val_loss: 0.2747 - val_mse: 0.2747 - val_mae: 0.4250 - 2s/epoch - 182ms/step
Epoch 77/10000

Epoch 77: val_loss did not improve from 0.27397
11/11 - 2s - loss: 0.2695 - mse: 0.2695 - mae: 0.4198 - val_loss: 0.2746 - val_mse: 0.2746 - val_mae: 0.4257 - 2s/epoch - 181ms/step
Epoch 78/10000

Epoch 78: val_loss did not improve from 0.27397
11/11 - 2s - loss: 0.2716 - mse: 0.2716 - mae: 0.4215 - val_loss: 0.2760 - val_mse: 0.2760 - val_mae: 0.4266 - 2s/epoch - 182ms/step
Epoch 79/10000

Epoch 79: val_loss did not improve from 0.27397
11/11 - 2s - loss: 0.2719 - mse: 0.2719 - mae: 0.4216 - val_loss: 0.2783 - val_mse: 0.2783 - val_mae: 0.4265 - 2s/epoch - 184ms/step
Epoch 80/10000

Epoch 80: val_loss did not improve from 0.27397
11/11 - 2s - loss: 0.2695 - mse: 0.2695 - mae: 0.4199 - val_loss: 0.2740 - val_mse: 0.2740 - val_mae: 0.4250 - 2s/epoch - 183ms/step
Epoch 81/10000

Epoch 81: val_loss did not improve from 0.27397
11/11 - 2s - loss: 0.2710 - mse: 0.2710 - mae: 0.4210 - val_loss: 0.2757 - val_mse: 0.2757 - val_mae: 0.4252 - 2s/epoch - 182ms/step
Epoch 82/10000

Epoch 82: val_loss did not improve from 0.27397
11/11 - 2s - loss: 0.2716 - mse: 0.2716 - mae: 0.4215 - val_loss: 0.2741 - val_mse: 0.2741 - val_mae: 0.4251 - 2s/epoch - 183ms/step
Epoch 83/10000

Epoch 83: val_loss did not improve from 0.27397
11/11 - 2s - loss: 0.2746 - mse: 0.2746 - mae: 0.4239 - val_loss: 0.2859 - val_mse: 0.2859 - val_mae: 0.4347 - 2s/epoch - 182ms/step
Epoch 84/10000

Epoch 84: val_loss did not improve from 0.27397
11/11 - 2s - loss: 0.2717 - mse: 0.2717 - mae: 0.4213 - val_loss: 0.2749 - val_mse: 0.2749 - val_mae: 0.4259 - 2s/epoch - 183ms/step
Epoch 85/10000

Epoch 85: val_loss did not improve from 0.27397
11/11 - 2s - loss: 0.2720 - mse: 0.2720 - mae: 0.4213 - val_loss: 0.2794 - val_mse: 0.2794 - val_mae: 0.4270 - 2s/epoch - 181ms/step
Epoch 86/10000

Epoch 86: val_loss did not improve from 0.27397
11/11 - 2s - loss: 0.2702 - mse: 0.2702 - mae: 0.4203 - val_loss: 0.2741 - val_mse: 0.2741 - val_mae: 0.4248 - 2s/epoch - 182ms/step
Epoch 87/10000

Epoch 87: val_loss did not improve from 0.27397
11/11 - 2s - loss: 0.2684 - mse: 0.2684 - mae: 0.4188 - val_loss: 0.2741 - val_mse: 0.2741 - val_mae: 0.4249 - 2s/epoch - 183ms/step
Epoch 88/10000

Epoch 88: val_loss did not improve from 0.27397
11/11 - 2s - loss: 0.2704 - mse: 0.2704 - mae: 0.4203 - val_loss: 0.2808 - val_mse: 0.2808 - val_mae: 0.4307 - 2s/epoch - 183ms/step
Epoch 89/10000

Epoch 89: val_loss improved from 0.27397 to 0.27377, saving model to ./results/NN_rms_regr/ResNet/recursion_34/ckpt_1
11/11 - 3s - loss: 0.2698 - mse: 0.2698 - mae: 0.4199 - val_loss: 0.2738 - val_mse: 0.2738 - val_mae: 0.4246 - 3s/epoch - 264ms/step
Epoch 90/10000

Epoch 90: val_loss did not improve from 0.27377
11/11 - 2s - loss: 0.2692 - mse: 0.2692 - mae: 0.4193 - val_loss: 0.2738 - val_mse: 0.2738 - val_mae: 0.4244 - 2s/epoch - 181ms/step
Epoch 91/10000

Epoch 91: val_loss did not improve from 0.27377
11/11 - 2s - loss: 0.2696 - mse: 0.2696 - mae: 0.4195 - val_loss: 0.2789 - val_mse: 0.2789 - val_mae: 0.4293 - 2s/epoch - 183ms/step
Epoch 92/10000

Epoch 92: val_loss did not improve from 0.27377
11/11 - 2s - loss: 0.2735 - mse: 0.2735 - mae: 0.4229 - val_loss: 0.2898 - val_mse: 0.2898 - val_mae: 0.4330 - 2s/epoch - 182ms/step
Epoch 93/10000

Epoch 93: val_loss improved from 0.27377 to 0.27376, saving model to ./results/NN_rms_regr/ResNet/recursion_34/ckpt_1
11/11 - 3s - loss: 0.2761 - mse: 0.2761 - mae: 0.4242 - val_loss: 0.2738 - val_mse: 0.2738 - val_mae: 0.4245 - 3s/epoch - 258ms/step
Epoch 94/10000

Epoch 94: val_loss did not improve from 0.27376
11/11 - 2s - loss: 0.2696 - mse: 0.2696 - mae: 0.4201 - val_loss: 0.2775 - val_mse: 0.2775 - val_mae: 0.4275 - 2s/epoch - 181ms/step
Epoch 95/10000

Epoch 95: val_loss improved from 0.27376 to 0.27366, saving model to ./results/NN_rms_regr/ResNet/recursion_34/ckpt_1
11/11 - 3s - loss: 0.2703 - mse: 0.2703 - mae: 0.4207 - val_loss: 0.2737 - val_mse: 0.2737 - val_mae: 0.4244 - 3s/epoch - 264ms/step
Epoch 96/10000

Epoch 96: val_loss did not improve from 0.27366
11/11 - 2s - loss: 0.2689 - mse: 0.2689 - mae: 0.4192 - val_loss: 0.2756 - val_mse: 0.2756 - val_mae: 0.4264 - 2s/epoch - 183ms/step
Epoch 97/10000

Epoch 97: val_loss did not improve from 0.27366
11/11 - 2s - loss: 0.2684 - mse: 0.2684 - mae: 0.4188 - val_loss: 0.2740 - val_mse: 0.2740 - val_mae: 0.4243 - 2s/epoch - 182ms/step
Epoch 98/10000

Epoch 98: val_loss did not improve from 0.27366
11/11 - 2s - loss: 0.2697 - mse: 0.2697 - mae: 0.4197 - val_loss: 0.2751 - val_mse: 0.2751 - val_mae: 0.4259 - 2s/epoch - 182ms/step
Epoch 99/10000

Epoch 99: val_loss did not improve from 0.27366
11/11 - 2s - loss: 0.2716 - mse: 0.2716 - mae: 0.4209 - val_loss: 0.2762 - val_mse: 0.2762 - val_mae: 0.4269 - 2s/epoch - 183ms/step
Epoch 100/10000

Epoch 100: val_loss did not improve from 0.27366
11/11 - 2s - loss: 0.2711 - mse: 0.2711 - mae: 0.4209 - val_loss: 0.2796 - val_mse: 0.2796 - val_mae: 0.4269 - 2s/epoch - 181ms/step
Epoch 101/10000

Epoch 101: val_loss did not improve from 0.27366
11/11 - 2s - loss: 0.2707 - mse: 0.2707 - mae: 0.4204 - val_loss: 0.2739 - val_mse: 0.2739 - val_mae: 0.4245 - 2s/epoch - 182ms/step
Epoch 102/10000

Epoch 102: val_loss did not improve from 0.27366
11/11 - 2s - loss: 0.2700 - mse: 0.2700 - mae: 0.4200 - val_loss: 0.2810 - val_mse: 0.2810 - val_mae: 0.4307 - 2s/epoch - 182ms/step
Epoch 103/10000

Epoch 103: val_loss did not improve from 0.27366
11/11 - 2s - loss: 0.2711 - mse: 0.2711 - mae: 0.4212 - val_loss: 0.2787 - val_mse: 0.2787 - val_mae: 0.4264 - 2s/epoch - 180ms/step
Epoch 104/10000

Epoch 104: val_loss did not improve from 0.27366
11/11 - 2s - loss: 0.2711 - mse: 0.2711 - mae: 0.4203 - val_loss: 0.2739 - val_mse: 0.2739 - val_mae: 0.4242 - 2s/epoch - 182ms/step
Epoch 105/10000

Epoch 105: val_loss did not improve from 0.27366
11/11 - 2s - loss: 0.2685 - mse: 0.2685 - mae: 0.4191 - val_loss: 0.2744 - val_mse: 0.2744 - val_mae: 0.4251 - 2s/epoch - 183ms/step
Epoch 106/10000

Epoch 106: val_loss did not improve from 0.27366
11/11 - 2s - loss: 0.2700 - mse: 0.2700 - mae: 0.4197 - val_loss: 0.2744 - val_mse: 0.2744 - val_mae: 0.4252 - 2s/epoch - 182ms/step
Epoch 107/10000

Epoch 107: val_loss did not improve from 0.27366
11/11 - 2s - loss: 0.2684 - mse: 0.2684 - mae: 0.4188 - val_loss: 0.2739 - val_mse: 0.2739 - val_mae: 0.4243 - 2s/epoch - 182ms/step
Epoch 108/10000

Epoch 108: val_loss did not improve from 0.27366
11/11 - 2s - loss: 0.2711 - mse: 0.2711 - mae: 0.4207 - val_loss: 0.2755 - val_mse: 0.2755 - val_mae: 0.4262 - 2s/epoch - 182ms/step
Epoch 109/10000

Epoch 109: val_loss did not improve from 0.27366
11/11 - 2s - loss: 0.2689 - mse: 0.2689 - mae: 0.4195 - val_loss: 0.2752 - val_mse: 0.2752 - val_mae: 0.4256 - 2s/epoch - 182ms/step
Epoch 110/10000

Epoch 110: val_loss did not improve from 0.27366
11/11 - 2s - loss: 0.2702 - mse: 0.2702 - mae: 0.4204 - val_loss: 0.2761 - val_mse: 0.2761 - val_mae: 0.4250 - 2s/epoch - 181ms/step
Epoch 111/10000

Epoch 111: val_loss improved from 0.27366 to 0.27365, saving model to ./results/NN_rms_regr/ResNet/recursion_34/ckpt_1
11/11 - 3s - loss: 0.2716 - mse: 0.2716 - mae: 0.4210 - val_loss: 0.2736 - val_mse: 0.2736 - val_mae: 0.4240 - 3s/epoch - 266ms/step
Epoch 112/10000

Epoch 112: val_loss did not improve from 0.27365
11/11 - 2s - loss: 0.2718 - mse: 0.2718 - mae: 0.4213 - val_loss: 0.2759 - val_mse: 0.2759 - val_mae: 0.4263 - 2s/epoch - 182ms/step
Epoch 113/10000

Epoch 113: val_loss improved from 0.27365 to 0.27357, saving model to ./results/NN_rms_regr/ResNet/recursion_34/ckpt_1
11/11 - 3s - loss: 0.2703 - mse: 0.2703 - mae: 0.4198 - val_loss: 0.2736 - val_mse: 0.2736 - val_mae: 0.4240 - 3s/epoch - 257ms/step
Epoch 114/10000

Epoch 114: val_loss did not improve from 0.27357
11/11 - 2s - loss: 0.2713 - mse: 0.2713 - mae: 0.4203 - val_loss: 0.2861 - val_mse: 0.2861 - val_mae: 0.4347 - 2s/epoch - 183ms/step
Epoch 115/10000

Epoch 115: val_loss did not improve from 0.27357
11/11 - 2s - loss: 0.2696 - mse: 0.2696 - mae: 0.4195 - val_loss: 0.2738 - val_mse: 0.2738 - val_mae: 0.4240 - 2s/epoch - 182ms/step
Epoch 116/10000

Epoch 116: val_loss did not improve from 0.27357
11/11 - 2s - loss: 0.2689 - mse: 0.2689 - mae: 0.4188 - val_loss: 0.2752 - val_mse: 0.2752 - val_mae: 0.4258 - 2s/epoch - 183ms/step
Epoch 117/10000

Epoch 117: val_loss did not improve from 0.27357
11/11 - 2s - loss: 0.2684 - mse: 0.2684 - mae: 0.4186 - val_loss: 0.2757 - val_mse: 0.2757 - val_mae: 0.4247 - 2s/epoch - 182ms/step
Epoch 118/10000

Epoch 118: val_loss did not improve from 0.27357
11/11 - 2s - loss: 0.2718 - mse: 0.2718 - mae: 0.4211 - val_loss: 0.2916 - val_mse: 0.2916 - val_mae: 0.4387 - 2s/epoch - 181ms/step
Epoch 119/10000

Epoch 119: val_loss did not improve from 0.27357
11/11 - 2s - loss: 0.2695 - mse: 0.2695 - mae: 0.4194 - val_loss: 0.2742 - val_mse: 0.2742 - val_mae: 0.4248 - 2s/epoch - 182ms/step
Epoch 120/10000

Epoch 120: val_loss did not improve from 0.27357
11/11 - 2s - loss: 0.2684 - mse: 0.2684 - mae: 0.4184 - val_loss: 0.2749 - val_mse: 0.2749 - val_mae: 0.4242 - 2s/epoch - 182ms/step
Epoch 121/10000

Epoch 121: val_loss did not improve from 0.27357
11/11 - 2s - loss: 0.2710 - mse: 0.2710 - mae: 0.4204 - val_loss: 0.2765 - val_mse: 0.2765 - val_mae: 0.4267 - 2s/epoch - 182ms/step
Epoch 122/10000

Epoch 122: val_loss did not improve from 0.27357
11/11 - 2s - loss: 0.2695 - mse: 0.2695 - mae: 0.4194 - val_loss: 0.2868 - val_mse: 0.2868 - val_mae: 0.4308 - 2s/epoch - 183ms/step
Epoch 123/10000

Epoch 123: val_loss did not improve from 0.27357
11/11 - 2s - loss: 0.2790 - mse: 0.2790 - mae: 0.4254 - val_loss: 0.2891 - val_mse: 0.2891 - val_mae: 0.4369 - 2s/epoch - 183ms/step
Epoch 124/10000

Epoch 124: val_loss did not improve from 0.27357
11/11 - 2s - loss: 0.2719 - mse: 0.2719 - mae: 0.4208 - val_loss: 0.2767 - val_mse: 0.2767 - val_mae: 0.4270 - 2s/epoch - 181ms/step
Epoch 125/10000

Epoch 125: val_loss did not improve from 0.27357
11/11 - 2s - loss: 0.2711 - mse: 0.2711 - mae: 0.4203 - val_loss: 0.2755 - val_mse: 0.2755 - val_mae: 0.4245 - 2s/epoch - 183ms/step
Epoch 126/10000

Epoch 126: val_loss did not improve from 0.27357
11/11 - 2s - loss: 0.2738 - mse: 0.2738 - mae: 0.4222 - val_loss: 0.2736 - val_mse: 0.2736 - val_mae: 0.4239 - 2s/epoch - 182ms/step
Epoch 127/10000

Epoch 127: val_loss did not improve from 0.27357
11/11 - 2s - loss: 0.2723 - mse: 0.2723 - mae: 0.4213 - val_loss: 0.2775 - val_mse: 0.2775 - val_mae: 0.4275 - 2s/epoch - 182ms/step
Epoch 128/10000

Epoch 128: val_loss did not improve from 0.27357
11/11 - 2s - loss: 0.2737 - mse: 0.2737 - mae: 0.4224 - val_loss: 0.2767 - val_mse: 0.2767 - val_mae: 0.4251 - 2s/epoch - 182ms/step
Epoch 129/10000

Epoch 129: val_loss did not improve from 0.27357
11/11 - 2s - loss: 0.2690 - mse: 0.2690 - mae: 0.4189 - val_loss: 0.2768 - val_mse: 0.2768 - val_mae: 0.4251 - 2s/epoch - 183ms/step
Epoch 130/10000

Epoch 130: val_loss did not improve from 0.27357
11/11 - 2s - loss: 0.2742 - mse: 0.2742 - mae: 0.4226 - val_loss: 0.3049 - val_mse: 0.3049 - val_mae: 0.4484 - 2s/epoch - 182ms/step
Epoch 131/10000

Epoch 131: val_loss did not improve from 0.27357
11/11 - 2s - loss: 0.2776 - mse: 0.2776 - mae: 0.4263 - val_loss: 0.2870 - val_mse: 0.2870 - val_mae: 0.4311 - 2s/epoch - 181ms/step
Epoch 132/10000

Epoch 132: val_loss did not improve from 0.27357
11/11 - 2s - loss: 0.2743 - mse: 0.2743 - mae: 0.4219 - val_loss: 0.2736 - val_mse: 0.2736 - val_mae: 0.4241 - 2s/epoch - 184ms/step
Epoch 133/10000

Epoch 133: val_loss did not improve from 0.27357
11/11 - 2s - loss: 0.2685 - mse: 0.2685 - mae: 0.4188 - val_loss: 0.2736 - val_mse: 0.2736 - val_mae: 0.4239 - 2s/epoch - 182ms/step
Epoch 134/10000

Epoch 134: val_loss did not improve from 0.27357
11/11 - 2s - loss: 0.2688 - mse: 0.2688 - mae: 0.4190 - val_loss: 0.2750 - val_mse: 0.2750 - val_mae: 0.4254 - 2s/epoch - 187ms/step
Epoch 135/10000

Epoch 135: val_loss did not improve from 0.27357
11/11 - 2s - loss: 0.2683 - mse: 0.2683 - mae: 0.4186 - val_loss: 0.2738 - val_mse: 0.2738 - val_mae: 0.4244 - 2s/epoch - 183ms/step
Epoch 136/10000

Epoch 136: val_loss did not improve from 0.27357
11/11 - 2s - loss: 0.2698 - mse: 0.2698 - mae: 0.4194 - val_loss: 0.2749 - val_mse: 0.2749 - val_mae: 0.4241 - 2s/epoch - 183ms/step
Epoch 137/10000

Epoch 137: val_loss did not improve from 0.27357
11/11 - 2s - loss: 0.2687 - mse: 0.2687 - mae: 0.4187 - val_loss: 0.2736 - val_mse: 0.2736 - val_mae: 0.4240 - 2s/epoch - 181ms/step
Epoch 138/10000

Epoch 138: val_loss did not improve from 0.27357
11/11 - 2s - loss: 0.2710 - mse: 0.2710 - mae: 0.4207 - val_loss: 0.2739 - val_mse: 0.2739 - val_mae: 0.4239 - 2s/epoch - 182ms/step
Epoch 139/10000

Epoch 139: val_loss did not improve from 0.27357
11/11 - 2s - loss: 0.2698 - mse: 0.2698 - mae: 0.4199 - val_loss: 0.2753 - val_mse: 0.2753 - val_mae: 0.4243 - 2s/epoch - 182ms/step
Epoch 140/10000

Epoch 140: val_loss did not improve from 0.27357
11/11 - 2s - loss: 0.2732 - mse: 0.2732 - mae: 0.4215 - val_loss: 0.3006 - val_mse: 0.3006 - val_mae: 0.4453 - 2s/epoch - 186ms/step
Epoch 141/10000

Epoch 141: val_loss did not improve from 0.27357
11/11 - 2s - loss: 0.2814 - mse: 0.2814 - mae: 0.4289 - val_loss: 0.3181 - val_mse: 0.3181 - val_mae: 0.4509 - 2s/epoch - 183ms/step
Epoch 142/10000

Epoch 142: val_loss did not improve from 0.27357
11/11 - 2s - loss: 0.2883 - mse: 0.2883 - mae: 0.4320 - val_loss: 0.3119 - val_mse: 0.3119 - val_mae: 0.4537 - 2s/epoch - 182ms/step
Epoch 143/10000

Epoch 143: val_loss did not improve from 0.27357
11/11 - 2s - loss: 0.2740 - mse: 0.2740 - mae: 0.4225 - val_loss: 0.2743 - val_mse: 0.2743 - val_mae: 0.4249 - 2s/epoch - 182ms/step
Epoch 144/10000

Epoch 144: val_loss did not improve from 0.27357
11/11 - 2s - loss: 0.2717 - mse: 0.2717 - mae: 0.4212 - val_loss: 0.2781 - val_mse: 0.2781 - val_mae: 0.4279 - 2s/epoch - 181ms/step
Epoch 145/10000

Epoch 145: val_loss did not improve from 0.27357
11/11 - 2s - loss: 0.2692 - mse: 0.2692 - mae: 0.4186 - val_loss: 0.2751 - val_mse: 0.2751 - val_mae: 0.4242 - 2s/epoch - 182ms/step
Epoch 146/10000

Epoch 146: val_loss did not improve from 0.27357
11/11 - 2s - loss: 0.2732 - mse: 0.2732 - mae: 0.4216 - val_loss: 0.2768 - val_mse: 0.2768 - val_mae: 0.4269 - 2s/epoch - 184ms/step
Epoch 147/10000

Epoch 147: val_loss did not improve from 0.27357
11/11 - 2s - loss: 0.2685 - mse: 0.2685 - mae: 0.4186 - val_loss: 0.2740 - val_mse: 0.2740 - val_mae: 0.4245 - 2s/epoch - 182ms/step
Epoch 148/10000

Epoch 148: val_loss did not improve from 0.27357
11/11 - 2s - loss: 0.2702 - mse: 0.2702 - mae: 0.4199 - val_loss: 0.2751 - val_mse: 0.2751 - val_mae: 0.4252 - 2s/epoch - 182ms/step
Epoch 149/10000

Epoch 149: val_loss did not improve from 0.27357
11/11 - 2s - loss: 0.2697 - mse: 0.2697 - mae: 0.4195 - val_loss: 0.2742 - val_mse: 0.2742 - val_mae: 0.4239 - 2s/epoch - 182ms/step
Epoch 150/10000

Epoch 150: val_loss did not improve from 0.27357
11/11 - 2s - loss: 0.2703 - mse: 0.2703 - mae: 0.4203 - val_loss: 0.2771 - val_mse: 0.2771 - val_mae: 0.4252 - 2s/epoch - 183ms/step
Epoch 151/10000

Epoch 151: val_loss did not improve from 0.27357
11/11 - 2s - loss: 0.2722 - mse: 0.2722 - mae: 0.4215 - val_loss: 0.2765 - val_mse: 0.2765 - val_mae: 0.4267 - 2s/epoch - 181ms/step
Epoch 152/10000

Epoch 152: val_loss did not improve from 0.27357
11/11 - 2s - loss: 0.2728 - mse: 0.2728 - mae: 0.4211 - val_loss: 0.2741 - val_mse: 0.2741 - val_mae: 0.4237 - 2s/epoch - 182ms/step
Epoch 153/10000

Epoch 153: val_loss did not improve from 0.27357
11/11 - 2s - loss: 0.2710 - mse: 0.2710 - mae: 0.4206 - val_loss: 0.2760 - val_mse: 0.2760 - val_mae: 0.4261 - 2s/epoch - 181ms/step
Epoch 154/10000

Epoch 154: val_loss did not improve from 0.27357
11/11 - 2s - loss: 0.2688 - mse: 0.2688 - mae: 0.4190 - val_loss: 0.2736 - val_mse: 0.2736 - val_mae: 0.4238 - 2s/epoch - 183ms/step
Epoch 155/10000

Epoch 155: val_loss did not improve from 0.27357
11/11 - 2s - loss: 0.2690 - mse: 0.2690 - mae: 0.4189 - val_loss: 0.2740 - val_mse: 0.2740 - val_mae: 0.4236 - 2s/epoch - 184ms/step
Epoch 156/10000

Epoch 156: val_loss did not improve from 0.27357
11/11 - 2s - loss: 0.2709 - mse: 0.2709 - mae: 0.4199 - val_loss: 0.2767 - val_mse: 0.2767 - val_mae: 0.4268 - 2s/epoch - 182ms/step
Epoch 157/10000

Epoch 157: val_loss did not improve from 0.27357
11/11 - 2s - loss: 0.2697 - mse: 0.2697 - mae: 0.4192 - val_loss: 0.2767 - val_mse: 0.2767 - val_mae: 0.4262 - 2s/epoch - 183ms/step
Epoch 158/10000

Epoch 158: val_loss did not improve from 0.27357
11/11 - 2s - loss: 0.2700 - mse: 0.2700 - mae: 0.4197 - val_loss: 0.2786 - val_mse: 0.2786 - val_mae: 0.4257 - 2s/epoch - 182ms/step
Epoch 159/10000

Epoch 159: val_loss did not improve from 0.27357
11/11 - 2s - loss: 0.2717 - mse: 0.2717 - mae: 0.4207 - val_loss: 0.2747 - val_mse: 0.2747 - val_mae: 0.4240 - 2s/epoch - 182ms/step
Epoch 160/10000

Epoch 160: val_loss did not improve from 0.27357
11/11 - 2s - loss: 0.2684 - mse: 0.2684 - mae: 0.4185 - val_loss: 0.2764 - val_mse: 0.2764 - val_mae: 0.4249 - 2s/epoch - 184ms/step
Epoch 161/10000

Epoch 161: val_loss did not improve from 0.27357
11/11 - 2s - loss: 0.2705 - mse: 0.2705 - mae: 0.4200 - val_loss: 0.2791 - val_mse: 0.2791 - val_mae: 0.4288 - 2s/epoch - 181ms/step
Epoch 162/10000

Epoch 162: val_loss did not improve from 0.27357
11/11 - 2s - loss: 0.2684 - mse: 0.2684 - mae: 0.4187 - val_loss: 0.2742 - val_mse: 0.2742 - val_mae: 0.4244 - 2s/epoch - 182ms/step
Epoch 163/10000

Epoch 163: val_loss did not improve from 0.27357
11/11 - 2s - loss: 0.2692 - mse: 0.2692 - mae: 0.4185 - val_loss: 0.2737 - val_mse: 0.2737 - val_mae: 0.4240 - 2s/epoch - 182ms/step
Epoch 163: early stopping
