[ 13.14088385  30.21795131  46.87850492  63.53905854  80.19961216
  96.86016577 113.52071939 130.181273   146.84182662 163.50238024
 180.16293385 196.82348747 213.48404109 230.1445947  246.80514832
 263.46570194 280.12625555 296.78680917 313.44736279 330.1079164
 346.76847002 363.42902363 380.08957725 396.75013087 413.41068448
 430.0712381 ]
Before undersampling: [(0, 379), (1, 843), (2, 3574), (3, 4722), (4, 3014), (5, 2364), (6, 2085), (7, 1796), (8, 1589), (9, 1446), (10, 1372), (11, 1271), (12, 1163), (13, 1050), (14, 878), (15, 802), (16, 678), (17, 642), (18, 453), (19, 423), (20, 312), (21, 282), (22, 244), (23, 187), (24, 211)]
After undersampling: [(0, 141), (1, 461), (2, 2528), (3, 3094), (4, 2116), (5, 1564), (6, 1445), (7, 1325), (8, 1156), (9, 1017), (10, 951), (11, 902), (12, 822), (13, 753), (14, 605), (15, 567), (16, 454), (17, 443), (18, 305), (19, 289), (20, 192), (21, 179), (22, 164), (23, 187), (24, 166)]
            label  HH_0_0_x  HV_0_0_x  IA_0_0_x       FYI      DFYI       MYI     rms_0     thk_1     rms_1     thk_2     rms_2     thk_3     rms_3  ...         3    4    5         6         7    8    9        10        11   12   13        14        15                                                CNN
0       23.459989  0.172549  0.066667  0.111870  0.467550  0.427298  0.105153  4.661374  1.187186  4.669404  1.155473  4.653951  1.170162  4.620679  ...  0.795657  0.0  0.0  1.782802  0.390418  0.0  0.0  1.800298  1.133008  0.0  0.0  1.606532  1.083288  [[[[0.2352941176470588], [0.1118316799986596],...
1       18.412952  0.274510  0.047059  0.108537  0.335958  0.555960  0.108083  4.836725  1.233820  4.767445  1.188718  4.770308  1.223310  4.767372  ...  1.105704  0.0  0.0  1.945977  0.657943  0.0  0.0  1.916835  1.021098  0.0  0.0  1.435755  0.506395  [[[[0.2313725490196078], [0.1084989734724456],...
2       15.821038  0.098039  0.074510  0.141190  0.994301  0.001843  0.003856  4.170600  1.085061  3.999730  1.074666  4.068058  1.087618  4.017404  ...  0.193342  0.0  0.0  1.902028  0.458758  0.0  0.0  2.390916  1.137553  0.0  0.0  1.224323  0.821590  [[[[0.1294117647058823], [0.1411560656977634],...
3       24.552035  0.203922  0.035294  0.123322  0.878062  0.089378  0.032560  4.369502  1.116117  4.460418  1.110722  4.416908  1.120165  4.367209  ...  1.090539  0.0  0.0  1.407928  0.456146  0.0  0.0  1.889078  1.077486  0.0  0.0  1.672940  0.904420  [[[[0.392156862745098], [0.123285914402382], [...
4       23.459989  0.121569  0.031373  0.084476  0.979997  0.017746  0.002257  4.301809  1.044861  4.300939  1.027843  4.255925  1.031425  4.253077  ...  1.175803  0.0  0.0  1.793024  0.614770  0.0  0.0  2.637084  1.857572  0.0  0.0  2.317918  1.015884  [[[[0.1450980392156863], [0.0845182905010148],...
...           ...       ...       ...       ...       ...       ...       ...       ...       ...       ...       ...       ...       ...       ...  ...       ...  ...  ...       ...       ...  ...  ...       ...       ...  ...  ...       ...       ...                                                ...
21821  428.865028  0.349020  0.109804  0.081155  0.004640  0.000334  0.995026  4.950488  1.223903  4.848201  1.214065  4.903924  1.214935  4.890147  ...  1.710262  0.0  0.0  2.248280  0.666799  0.0  0.0  2.508874  1.536116  0.0  0.0  1.998454  1.064334  [[[[0.192156862745098], [0.0811967213948567], ...
21822  413.850629  0.239216  0.047059  0.081085  0.157408  0.002705  0.839887  4.881938  1.153872  4.776570  1.145578  4.845220  1.186378  4.824961  ...  1.399135  0.0  0.0  2.102352  1.346529  0.0  0.0  2.242782  1.332157  0.0  0.0  1.673444  0.672915  [[[[0.3411764705882353], [0.0811269049550972],...
21823  424.042418  0.282353  0.066667  0.149433  0.555378  0.061723  0.382898  4.731061  1.220450  4.833013  1.211024  4.808225  1.225502  4.756752  ...  1.048151  0.0  0.0  1.759950  0.344755  0.0  0.0  1.782739  1.367052  0.0  0.0  1.763050  1.095051  [[[[0.2], [0.1494652841605392], [0.06666666666...
21824  417.027580  0.505882  0.090196  0.152162  0.185910  0.031902  0.782188  4.486675  1.202497  4.531466  1.252972  4.593008  1.239219  4.510143  ...  1.035264  0.0  0.0  2.001448  1.379296  0.0  0.0  2.745631  1.093121  0.0  0.0  1.564485  0.810498  [[[[0.4196078431372549], [0.15219440834195], [...
21825  417.866263  0.392157  0.125490  0.152184  0.189279  0.051355  0.759366  4.590506  1.242536  4.658542  1.255140  4.682031  1.275536  4.639037  ...  1.124182  0.0  0.0  2.480716  1.210371  0.0  0.0  2.433277  1.084279  0.0  0.0  1.615430  0.530238  [[[[0.3490196078431372], [0.1522158155254289],...

[21826 rows x 79 columns]
Size of dataset: (21826, 78)
*************************** Fold #: 1 ***************************
Model: "model"
__________________________________________________________________________________________________
 Layer (type)                   Output Shape         Param #     Connected to                     
==================================================================================================
 conv (InputLayer)              [(None, 7, 7, 3, 1)  0           []                               
                                ]                                                                 
                                                                                                  
 zero_padding3d (ZeroPadding3D)  (None, 8, 8, 4, 1)  0           ['conv[0][0]']                   
                                                                                                  
 conv3d (Conv3D)                (None, 8, 8, 4, 8)   224         ['zero_padding3d[0][0]']         
                                                                                                  
 max_pooling3d (MaxPooling3D)   (None, 4, 4, 2, 8)   0           ['conv3d[0][0]']                 
                                                                                                  
 conv3d_1 (Conv3D)              (None, 4, 4, 2, 4)   868         ['max_pooling3d[0][0]']          
                                                                                                  
 max_pooling3d_1 (MaxPooling3D)  (None, 2, 2, 1, 4)  0           ['conv3d_1[0][0]']               
                                                                                                  
 cat (InputLayer)               [(None, 77)]         0           []                               
                                                                                                  
 flatten (Flatten)              (None, 16)           0           ['max_pooling3d_1[0][0]']        
                                                                                                  
 concatenate (Concatenate)      (None, 93)           0           ['cat[0][0]',                    
                                                                  'flatten[0][0]']                
                                                                                                  
 dense (Dense)                  (None, 186)          17484       ['concatenate[0][0]']            
                                                                                                  
 dense_1 (Dense)                (None, 186)          34782       ['dense[0][0]']                  
                                                                                                  
 dense_2 (Dense)                (None, 186)          34782       ['dense_1[0][0]']                
                                                                                                  
 dense_3 (Dense)                (None, 186)          34782       ['dense_2[0][0]']                
                                                                                                  
 dense_4 (Dense)                (None, 186)          34782       ['dense_3[0][0]']                
                                                                                                  
 dense_5 (Dense)                (None, 1)            187         ['dense_4[0][0]']                
                                                                                                  
==================================================================================================
Total params: 157,891
Trainable params: 157,891
Non-trainable params: 0
__________________________________________________________________________________________________
Epoch 1/10000

Epoch 1: val_loss improved from inf to 2.02294, saving model to ./results/NN_rms_regr/RNN/recursion_26/ckpt_1
11/11 - 3s - loss: 11.1693 - mse: 11.1693 - mae: 2.9980 - val_loss: 2.0229 - val_mse: 2.0229 - val_mae: 1.3214 - 3s/epoch - 294ms/step
Epoch 2/10000

Epoch 2: val_loss improved from 2.02294 to 0.27563, saving model to ./results/NN_rms_regr/RNN/recursion_26/ckpt_1
11/11 - 3s - loss: 1.3577 - mse: 1.3577 - mae: 1.0061 - val_loss: 0.2756 - val_mse: 0.2756 - val_mae: 0.4266 - 3s/epoch - 242ms/step
Epoch 3/10000

Epoch 3: val_loss did not improve from 0.27563
11/11 - 2s - loss: 0.5948 - mse: 0.5948 - mae: 0.6288 - val_loss: 0.6456 - val_mse: 0.6456 - val_mae: 0.6637 - 2s/epoch - 176ms/step
Epoch 4/10000

Epoch 4: val_loss did not improve from 0.27563
11/11 - 2s - loss: 0.4246 - mse: 0.4246 - mae: 0.5254 - val_loss: 0.2820 - val_mse: 0.2820 - val_mae: 0.4327 - 2s/epoch - 176ms/step
Epoch 5/10000

Epoch 5: val_loss did not improve from 0.27563
11/11 - 2s - loss: 0.3121 - mse: 0.3121 - mae: 0.4492 - val_loss: 0.3232 - val_mse: 0.3232 - val_mae: 0.4631 - 2s/epoch - 175ms/step
Epoch 6/10000

Epoch 6: val_loss did not improve from 0.27563
11/11 - 2s - loss: 0.2987 - mse: 0.2987 - mae: 0.4423 - val_loss: 0.2758 - val_mse: 0.2758 - val_mae: 0.4268 - 2s/epoch - 176ms/step
Epoch 7/10000

Epoch 7: val_loss did not improve from 0.27563
11/11 - 2s - loss: 0.2840 - mse: 0.2840 - mae: 0.4325 - val_loss: 0.2787 - val_mse: 0.2787 - val_mae: 0.4282 - 2s/epoch - 178ms/step
Epoch 8/10000

Epoch 8: val_loss did not improve from 0.27563
11/11 - 2s - loss: 0.2819 - mse: 0.2819 - mae: 0.4313 - val_loss: 0.2787 - val_mse: 0.2787 - val_mae: 0.4282 - 2s/epoch - 176ms/step
Epoch 9/10000

Epoch 9: val_loss did not improve from 0.27563
11/11 - 2s - loss: 0.2817 - mse: 0.2817 - mae: 0.4306 - val_loss: 0.2775 - val_mse: 0.2775 - val_mae: 0.4275 - 2s/epoch - 176ms/step
Epoch 10/10000

Epoch 10: val_loss did not improve from 0.27563
11/11 - 2s - loss: 0.2816 - mse: 0.2816 - mae: 0.4308 - val_loss: 0.2765 - val_mse: 0.2765 - val_mae: 0.4270 - 2s/epoch - 176ms/step
Epoch 11/10000

Epoch 11: val_loss improved from 0.27563 to 0.27542, saving model to ./results/NN_rms_regr/RNN/recursion_26/ckpt_1
11/11 - 3s - loss: 0.2807 - mse: 0.2807 - mae: 0.4303 - val_loss: 0.2754 - val_mse: 0.2754 - val_mae: 0.4266 - 3s/epoch - 243ms/step
Epoch 12/10000

Epoch 12: val_loss did not improve from 0.27542
11/11 - 2s - loss: 0.2807 - mse: 0.2807 - mae: 0.4302 - val_loss: 0.2757 - val_mse: 0.2757 - val_mae: 0.4266 - 2s/epoch - 176ms/step
Epoch 13/10000

Epoch 13: val_loss improved from 0.27542 to 0.27541, saving model to ./results/NN_rms_regr/RNN/recursion_26/ckpt_1
11/11 - 3s - loss: 0.2803 - mse: 0.2803 - mae: 0.4296 - val_loss: 0.2754 - val_mse: 0.2754 - val_mae: 0.4267 - 3s/epoch - 243ms/step
Epoch 14/10000

Epoch 14: val_loss improved from 0.27541 to 0.27537, saving model to ./results/NN_rms_regr/RNN/recursion_26/ckpt_1
11/11 - 3s - loss: 0.2802 - mse: 0.2802 - mae: 0.4299 - val_loss: 0.2754 - val_mse: 0.2754 - val_mae: 0.4264 - 3s/epoch - 244ms/step
Epoch 15/10000

Epoch 15: val_loss improved from 0.27537 to 0.27528, saving model to ./results/NN_rms_regr/RNN/recursion_26/ckpt_1
11/11 - 3s - loss: 0.2804 - mse: 0.2804 - mae: 0.4298 - val_loss: 0.2753 - val_mse: 0.2753 - val_mae: 0.4265 - 3s/epoch - 244ms/step
Epoch 16/10000

Epoch 16: val_loss improved from 0.27528 to 0.27525, saving model to ./results/NN_rms_regr/RNN/recursion_26/ckpt_1
11/11 - 3s - loss: 0.2800 - mse: 0.2800 - mae: 0.4296 - val_loss: 0.2753 - val_mse: 0.2753 - val_mae: 0.4264 - 3s/epoch - 257ms/step
Epoch 17/10000

Epoch 17: val_loss improved from 0.27525 to 0.27522, saving model to ./results/NN_rms_regr/RNN/recursion_26/ckpt_1
11/11 - 3s - loss: 0.2800 - mse: 0.2800 - mae: 0.4295 - val_loss: 0.2752 - val_mse: 0.2752 - val_mae: 0.4263 - 3s/epoch - 258ms/step
Epoch 18/10000

Epoch 18: val_loss improved from 0.27522 to 0.27519, saving model to ./results/NN_rms_regr/RNN/recursion_26/ckpt_1
11/11 - 3s - loss: 0.2798 - mse: 0.2798 - mae: 0.4294 - val_loss: 0.2752 - val_mse: 0.2752 - val_mae: 0.4264 - 3s/epoch - 252ms/step
Epoch 19/10000

Epoch 19: val_loss did not improve from 0.27519
11/11 - 2s - loss: 0.2800 - mse: 0.2800 - mae: 0.4295 - val_loss: 0.2753 - val_mse: 0.2753 - val_mae: 0.4265 - 2s/epoch - 176ms/step
Epoch 20/10000

Epoch 20: val_loss improved from 0.27519 to 0.27512, saving model to ./results/NN_rms_regr/RNN/recursion_26/ckpt_1
11/11 - 3s - loss: 0.2798 - mse: 0.2798 - mae: 0.4294 - val_loss: 0.2751 - val_mse: 0.2751 - val_mae: 0.4262 - 3s/epoch - 257ms/step
Epoch 21/10000

Epoch 21: val_loss did not improve from 0.27512
11/11 - 2s - loss: 0.2797 - mse: 0.2797 - mae: 0.4292 - val_loss: 0.2755 - val_mse: 0.2755 - val_mae: 0.4263 - 2s/epoch - 175ms/step
Epoch 22/10000

Epoch 22: val_loss did not improve from 0.27512
11/11 - 2s - loss: 0.2799 - mse: 0.2799 - mae: 0.4294 - val_loss: 0.2752 - val_mse: 0.2752 - val_mae: 0.4264 - 2s/epoch - 175ms/step
Epoch 23/10000

Epoch 23: val_loss improved from 0.27512 to 0.27503, saving model to ./results/NN_rms_regr/RNN/recursion_26/ckpt_1
11/11 - 3s - loss: 0.2799 - mse: 0.2799 - mae: 0.4293 - val_loss: 0.2750 - val_mse: 0.2750 - val_mae: 0.4261 - 3s/epoch - 257ms/step
Epoch 24/10000

Epoch 24: val_loss did not improve from 0.27503
11/11 - 2s - loss: 0.2800 - mse: 0.2800 - mae: 0.4294 - val_loss: 0.2756 - val_mse: 0.2756 - val_mae: 0.4268 - 2s/epoch - 176ms/step
Epoch 25/10000

Epoch 25: val_loss did not improve from 0.27503
11/11 - 2s - loss: 0.2806 - mse: 0.2806 - mae: 0.4298 - val_loss: 0.2757 - val_mse: 0.2757 - val_mae: 0.4262 - 2s/epoch - 174ms/step
Epoch 26/10000

Epoch 26: val_loss did not improve from 0.27503
11/11 - 2s - loss: 0.2802 - mse: 0.2802 - mae: 0.4293 - val_loss: 0.2759 - val_mse: 0.2759 - val_mae: 0.4263 - 2s/epoch - 176ms/step
Epoch 27/10000

Epoch 27: val_loss did not improve from 0.27503
11/11 - 2s - loss: 0.2800 - mse: 0.2800 - mae: 0.4293 - val_loss: 0.2751 - val_mse: 0.2751 - val_mae: 0.4263 - 2s/epoch - 176ms/step
Epoch 28/10000

Epoch 28: val_loss did not improve from 0.27503
11/11 - 2s - loss: 0.2799 - mse: 0.2799 - mae: 0.4294 - val_loss: 0.2753 - val_mse: 0.2753 - val_mae: 0.4260 - 2s/epoch - 176ms/step
Epoch 29/10000

Epoch 29: val_loss did not improve from 0.27503
11/11 - 2s - loss: 0.2798 - mse: 0.2798 - mae: 0.4290 - val_loss: 0.2754 - val_mse: 0.2754 - val_mae: 0.4260 - 2s/epoch - 176ms/step
Epoch 30/10000

Epoch 30: val_loss did not improve from 0.27503
11/11 - 2s - loss: 0.2797 - mse: 0.2797 - mae: 0.4290 - val_loss: 0.2752 - val_mse: 0.2752 - val_mae: 0.4259 - 2s/epoch - 176ms/step
Epoch 31/10000

Epoch 31: val_loss did not improve from 0.27503
11/11 - 2s - loss: 0.2810 - mse: 0.2810 - mae: 0.4302 - val_loss: 0.2756 - val_mse: 0.2756 - val_mae: 0.4268 - 2s/epoch - 177ms/step
Epoch 32/10000

Epoch 32: val_loss did not improve from 0.27503
11/11 - 2s - loss: 0.2798 - mse: 0.2798 - mae: 0.4289 - val_loss: 0.2751 - val_mse: 0.2751 - val_mae: 0.4258 - 2s/epoch - 176ms/step
Epoch 33/10000

Epoch 33: val_loss did not improve from 0.27503
11/11 - 2s - loss: 0.2816 - mse: 0.2816 - mae: 0.4301 - val_loss: 0.2752 - val_mse: 0.2752 - val_mae: 0.4258 - 2s/epoch - 177ms/step
Epoch 34/10000

Epoch 34: val_loss did not improve from 0.27503
11/11 - 2s - loss: 0.2801 - mse: 0.2801 - mae: 0.4292 - val_loss: 0.2779 - val_mse: 0.2779 - val_mae: 0.4288 - 2s/epoch - 176ms/step
Epoch 35/10000

Epoch 35: val_loss did not improve from 0.27503
11/11 - 2s - loss: 0.2827 - mse: 0.2827 - mae: 0.4311 - val_loss: 0.2794 - val_mse: 0.2794 - val_mae: 0.4281 - 2s/epoch - 176ms/step
Epoch 36/10000

Epoch 36: val_loss did not improve from 0.27503
11/11 - 2s - loss: 0.2808 - mse: 0.2808 - mae: 0.4291 - val_loss: 0.2756 - val_mse: 0.2756 - val_mae: 0.4267 - 2s/epoch - 177ms/step
Epoch 37/10000

Epoch 37: val_loss improved from 0.27503 to 0.27496, saving model to ./results/NN_rms_regr/RNN/recursion_26/ckpt_1
11/11 - 3s - loss: 0.2806 - mse: 0.2806 - mae: 0.4294 - val_loss: 0.2750 - val_mse: 0.2750 - val_mae: 0.4256 - 3s/epoch - 252ms/step
Epoch 38/10000

Epoch 38: val_loss improved from 0.27496 to 0.27467, saving model to ./results/NN_rms_regr/RNN/recursion_26/ckpt_1
11/11 - 3s - loss: 0.2822 - mse: 0.2822 - mae: 0.4307 - val_loss: 0.2747 - val_mse: 0.2747 - val_mae: 0.4255 - 3s/epoch - 256ms/step
Epoch 39/10000

Epoch 39: val_loss did not improve from 0.27467
11/11 - 2s - loss: 0.2831 - mse: 0.2831 - mae: 0.4316 - val_loss: 0.2760 - val_mse: 0.2760 - val_mae: 0.4270 - 2s/epoch - 176ms/step
Epoch 40/10000

Epoch 40: val_loss did not improve from 0.27467
11/11 - 2s - loss: 0.2805 - mse: 0.2805 - mae: 0.4291 - val_loss: 0.2749 - val_mse: 0.2749 - val_mae: 0.4255 - 2s/epoch - 176ms/step
Epoch 41/10000

Epoch 41: val_loss improved from 0.27467 to 0.27465, saving model to ./results/NN_rms_regr/RNN/recursion_26/ckpt_1
11/11 - 3s - loss: 0.2801 - mse: 0.2801 - mae: 0.4287 - val_loss: 0.2746 - val_mse: 0.2746 - val_mae: 0.4254 - 3s/epoch - 250ms/step
Epoch 42/10000

Epoch 42: val_loss did not improve from 0.27465
11/11 - 2s - loss: 0.2799 - mse: 0.2799 - mae: 0.4286 - val_loss: 0.2747 - val_mse: 0.2747 - val_mae: 0.4256 - 2s/epoch - 176ms/step
Epoch 43/10000

Epoch 43: val_loss did not improve from 0.27465
11/11 - 2s - loss: 0.2813 - mse: 0.2813 - mae: 0.4301 - val_loss: 0.2747 - val_mse: 0.2747 - val_mae: 0.4254 - 2s/epoch - 176ms/step
Epoch 44/10000

Epoch 44: val_loss improved from 0.27465 to 0.27461, saving model to ./results/NN_rms_regr/RNN/recursion_26/ckpt_1
11/11 - 3s - loss: 0.2796 - mse: 0.2796 - mae: 0.4284 - val_loss: 0.2746 - val_mse: 0.2746 - val_mae: 0.4253 - 3s/epoch - 256ms/step
Epoch 45/10000

Epoch 45: val_loss improved from 0.27461 to 0.27458, saving model to ./results/NN_rms_regr/RNN/recursion_26/ckpt_1
11/11 - 3s - loss: 0.2814 - mse: 0.2814 - mae: 0.4301 - val_loss: 0.2746 - val_mse: 0.2746 - val_mae: 0.4253 - 3s/epoch - 256ms/step
Epoch 46/10000

Epoch 46: val_loss did not improve from 0.27458
11/11 - 2s - loss: 0.2790 - mse: 0.2790 - mae: 0.4280 - val_loss: 0.2746 - val_mse: 0.2746 - val_mae: 0.4255 - 2s/epoch - 175ms/step
Epoch 47/10000

Epoch 47: val_loss did not improve from 0.27458
11/11 - 2s - loss: 0.2795 - mse: 0.2795 - mae: 0.4285 - val_loss: 0.2750 - val_mse: 0.2750 - val_mae: 0.4254 - 2s/epoch - 175ms/step
Epoch 48/10000

Epoch 48: val_loss did not improve from 0.27458
11/11 - 2s - loss: 0.2790 - mse: 0.2790 - mae: 0.4281 - val_loss: 0.2749 - val_mse: 0.2749 - val_mae: 0.4258 - 2s/epoch - 176ms/step
Epoch 49/10000

Epoch 49: val_loss did not improve from 0.27458
11/11 - 2s - loss: 0.2799 - mse: 0.2799 - mae: 0.4284 - val_loss: 0.2760 - val_mse: 0.2760 - val_mae: 0.4259 - 2s/epoch - 177ms/step
Epoch 50/10000

Epoch 50: val_loss improved from 0.27458 to 0.27447, saving model to ./results/NN_rms_regr/RNN/recursion_26/ckpt_1
11/11 - 3s - loss: 0.2801 - mse: 0.2801 - mae: 0.4285 - val_loss: 0.2745 - val_mse: 0.2745 - val_mae: 0.4252 - 3s/epoch - 257ms/step
Epoch 51/10000

Epoch 51: val_loss did not improve from 0.27447
11/11 - 2s - loss: 0.2787 - mse: 0.2787 - mae: 0.4278 - val_loss: 0.2748 - val_mse: 0.2748 - val_mae: 0.4256 - 2s/epoch - 176ms/step
Epoch 52/10000

Epoch 52: val_loss did not improve from 0.27447
11/11 - 2s - loss: 0.2790 - mse: 0.2790 - mae: 0.4280 - val_loss: 0.2747 - val_mse: 0.2747 - val_mae: 0.4252 - 2s/epoch - 175ms/step
Epoch 53/10000

Epoch 53: val_loss did not improve from 0.27447
11/11 - 2s - loss: 0.2791 - mse: 0.2791 - mae: 0.4281 - val_loss: 0.2762 - val_mse: 0.2762 - val_mae: 0.4270 - 2s/epoch - 176ms/step
Epoch 54/10000

Epoch 54: val_loss improved from 0.27447 to 0.27441, saving model to ./results/NN_rms_regr/RNN/recursion_26/ckpt_1
11/11 - 3s - loss: 0.2797 - mse: 0.2797 - mae: 0.4285 - val_loss: 0.2744 - val_mse: 0.2744 - val_mae: 0.4251 - 3s/epoch - 252ms/step
Epoch 55/10000

Epoch 55: val_loss did not improve from 0.27441
11/11 - 2s - loss: 0.2804 - mse: 0.2804 - mae: 0.4287 - val_loss: 0.2761 - val_mse: 0.2761 - val_mae: 0.4258 - 2s/epoch - 176ms/step
Epoch 56/10000

Epoch 56: val_loss did not improve from 0.27441
11/11 - 2s - loss: 0.2815 - mse: 0.2815 - mae: 0.4294 - val_loss: 0.2753 - val_mse: 0.2753 - val_mae: 0.4262 - 2s/epoch - 176ms/step
Epoch 57/10000

Epoch 57: val_loss did not improve from 0.27441
11/11 - 2s - loss: 0.2810 - mse: 0.2810 - mae: 0.4296 - val_loss: 0.2751 - val_mse: 0.2751 - val_mae: 0.4252 - 2s/epoch - 181ms/step
Epoch 58/10000

Epoch 58: val_loss did not improve from 0.27441
11/11 - 2s - loss: 0.2789 - mse: 0.2789 - mae: 0.4278 - val_loss: 0.2755 - val_mse: 0.2755 - val_mae: 0.4263 - 2s/epoch - 177ms/step
Epoch 59/10000

Epoch 59: val_loss did not improve from 0.27441
11/11 - 2s - loss: 0.2803 - mse: 0.2803 - mae: 0.4292 - val_loss: 0.2792 - val_mse: 0.2792 - val_mae: 0.4276 - 2s/epoch - 176ms/step
Epoch 60/10000

Epoch 60: val_loss did not improve from 0.27441
11/11 - 2s - loss: 0.2797 - mse: 0.2797 - mae: 0.4282 - val_loss: 0.2750 - val_mse: 0.2750 - val_mae: 0.4258 - 2s/epoch - 176ms/step
Epoch 61/10000

Epoch 61: val_loss did not improve from 0.27441
11/11 - 2s - loss: 0.2798 - mse: 0.2798 - mae: 0.4282 - val_loss: 0.2749 - val_mse: 0.2749 - val_mae: 0.4251 - 2s/epoch - 176ms/step
Epoch 62/10000

Epoch 62: val_loss did not improve from 0.27441
11/11 - 2s - loss: 0.2794 - mse: 0.2794 - mae: 0.4281 - val_loss: 0.2785 - val_mse: 0.2785 - val_mae: 0.4271 - 2s/epoch - 176ms/step
Epoch 63/10000

Epoch 63: val_loss did not improve from 0.27441
11/11 - 2s - loss: 0.2811 - mse: 0.2811 - mae: 0.4295 - val_loss: 0.2757 - val_mse: 0.2757 - val_mae: 0.4264 - 2s/epoch - 176ms/step
Epoch 64/10000

Epoch 64: val_loss improved from 0.27441 to 0.27440, saving model to ./results/NN_rms_regr/RNN/recursion_26/ckpt_1
11/11 - 3s - loss: 0.2792 - mse: 0.2792 - mae: 0.4280 - val_loss: 0.2744 - val_mse: 0.2744 - val_mae: 0.4249 - 3s/epoch - 257ms/step
Epoch 65/10000

Epoch 65: val_loss improved from 0.27440 to 0.27437, saving model to ./results/NN_rms_regr/RNN/recursion_26/ckpt_1
11/11 - 3s - loss: 0.2796 - mse: 0.2796 - mae: 0.4284 - val_loss: 0.2744 - val_mse: 0.2744 - val_mae: 0.4249 - 3s/epoch - 258ms/step
Epoch 66/10000

Epoch 66: val_loss did not improve from 0.27437
11/11 - 2s - loss: 0.2792 - mse: 0.2792 - mae: 0.4278 - val_loss: 0.2764 - val_mse: 0.2764 - val_mae: 0.4271 - 2s/epoch - 175ms/step
Epoch 67/10000

Epoch 67: val_loss did not improve from 0.27437
11/11 - 2s - loss: 0.2804 - mse: 0.2804 - mae: 0.4287 - val_loss: 0.2776 - val_mse: 0.2776 - val_mae: 0.4265 - 2s/epoch - 178ms/step
Epoch 68/10000

Epoch 68: val_loss improved from 0.27437 to 0.27436, saving model to ./results/NN_rms_regr/RNN/recursion_26/ckpt_1
11/11 - 3s - loss: 0.2806 - mse: 0.2806 - mae: 0.4286 - val_loss: 0.2744 - val_mse: 0.2744 - val_mae: 0.4250 - 3s/epoch - 251ms/step
Epoch 69/10000

Epoch 69: val_loss did not improve from 0.27436
11/11 - 2s - loss: 0.2814 - mse: 0.2814 - mae: 0.4293 - val_loss: 0.2760 - val_mse: 0.2760 - val_mae: 0.4268 - 2s/epoch - 176ms/step
Epoch 70/10000

Epoch 70: val_loss did not improve from 0.27436
11/11 - 2s - loss: 0.2793 - mse: 0.2793 - mae: 0.4280 - val_loss: 0.2752 - val_mse: 0.2752 - val_mae: 0.4252 - 2s/epoch - 176ms/step
Epoch 71/10000

Epoch 71: val_loss did not improve from 0.27436
11/11 - 2s - loss: 0.2793 - mse: 0.2793 - mae: 0.4280 - val_loss: 0.2746 - val_mse: 0.2746 - val_mae: 0.4249 - 2s/epoch - 177ms/step
Epoch 72/10000

Epoch 72: val_loss did not improve from 0.27436
11/11 - 2s - loss: 0.2787 - mse: 0.2787 - mae: 0.4276 - val_loss: 0.2744 - val_mse: 0.2744 - val_mae: 0.4248 - 2s/epoch - 176ms/step
Epoch 73/10000

Epoch 73: val_loss did not improve from 0.27436
11/11 - 2s - loss: 0.2788 - mse: 0.2788 - mae: 0.4277 - val_loss: 0.2745 - val_mse: 0.2745 - val_mae: 0.4249 - 2s/epoch - 177ms/step
Epoch 74/10000

Epoch 74: val_loss did not improve from 0.27436
11/11 - 2s - loss: 0.2791 - mse: 0.2791 - mae: 0.4278 - val_loss: 0.2747 - val_mse: 0.2747 - val_mae: 0.4249 - 2s/epoch - 177ms/step
Epoch 75/10000

Epoch 75: val_loss did not improve from 0.27436
11/11 - 2s - loss: 0.2789 - mse: 0.2789 - mae: 0.4276 - val_loss: 0.2747 - val_mse: 0.2747 - val_mae: 0.4254 - 2s/epoch - 177ms/step
Epoch 76/10000

Epoch 76: val_loss improved from 0.27436 to 0.27425, saving model to ./results/NN_rms_regr/RNN/recursion_26/ckpt_1
11/11 - 3s - loss: 0.2785 - mse: 0.2785 - mae: 0.4275 - val_loss: 0.2743 - val_mse: 0.2743 - val_mae: 0.4248 - 3s/epoch - 257ms/step
Epoch 77/10000

Epoch 77: val_loss did not improve from 0.27425
11/11 - 2s - loss: 0.2788 - mse: 0.2788 - mae: 0.4274 - val_loss: 0.2744 - val_mse: 0.2744 - val_mae: 0.4248 - 2s/epoch - 176ms/step
Epoch 78/10000

Epoch 78: val_loss did not improve from 0.27425
11/11 - 2s - loss: 0.2787 - mse: 0.2787 - mae: 0.4274 - val_loss: 0.2755 - val_mse: 0.2755 - val_mae: 0.4252 - 2s/epoch - 176ms/step
Epoch 79/10000

Epoch 79: val_loss did not improve from 0.27425
11/11 - 2s - loss: 0.2805 - mse: 0.2805 - mae: 0.4290 - val_loss: 0.2767 - val_mse: 0.2767 - val_mae: 0.4259 - 2s/epoch - 176ms/step
Epoch 80/10000

Epoch 80: val_loss did not improve from 0.27425
11/11 - 2s - loss: 0.2845 - mse: 0.2845 - mae: 0.4311 - val_loss: 0.2749 - val_mse: 0.2749 - val_mae: 0.4256 - 2s/epoch - 176ms/step
Epoch 81/10000

Epoch 81: val_loss did not improve from 0.27425
11/11 - 2s - loss: 0.2795 - mse: 0.2795 - mae: 0.4279 - val_loss: 0.2743 - val_mse: 0.2743 - val_mae: 0.4250 - 2s/epoch - 176ms/step
Epoch 82/10000

Epoch 82: val_loss did not improve from 0.27425
11/11 - 2s - loss: 0.2804 - mse: 0.2804 - mae: 0.4282 - val_loss: 0.2807 - val_mse: 0.2807 - val_mae: 0.4307 - 2s/epoch - 176ms/step
Epoch 83/10000

Epoch 83: val_loss did not improve from 0.27425
11/11 - 2s - loss: 0.2823 - mse: 0.2823 - mae: 0.4301 - val_loss: 0.2752 - val_mse: 0.2752 - val_mae: 0.4260 - 2s/epoch - 176ms/step
Epoch 84/10000

Epoch 84: val_loss did not improve from 0.27425
11/11 - 2s - loss: 0.2800 - mse: 0.2800 - mae: 0.4285 - val_loss: 0.2755 - val_mse: 0.2755 - val_mae: 0.4252 - 2s/epoch - 177ms/step
Epoch 85/10000

Epoch 85: val_loss did not improve from 0.27425
11/11 - 2s - loss: 0.2785 - mse: 0.2785 - mae: 0.4273 - val_loss: 0.2758 - val_mse: 0.2758 - val_mae: 0.4254 - 2s/epoch - 177ms/step
Epoch 86/10000

Epoch 86: val_loss did not improve from 0.27425
11/11 - 2s - loss: 0.2796 - mse: 0.2796 - mae: 0.4282 - val_loss: 0.2811 - val_mse: 0.2811 - val_mae: 0.4286 - 2s/epoch - 176ms/step
Epoch 87/10000

Epoch 87: val_loss did not improve from 0.27425
11/11 - 2s - loss: 0.2825 - mse: 0.2825 - mae: 0.4299 - val_loss: 0.2771 - val_mse: 0.2771 - val_mae: 0.4261 - 2s/epoch - 176ms/step
Epoch 88/10000

Epoch 88: val_loss did not improve from 0.27425
11/11 - 2s - loss: 0.2795 - mse: 0.2795 - mae: 0.4278 - val_loss: 0.2748 - val_mse: 0.2748 - val_mae: 0.4255 - 2s/epoch - 177ms/step
Epoch 89/10000

Epoch 89: val_loss did not improve from 0.27425
11/11 - 2s - loss: 0.2803 - mse: 0.2803 - mae: 0.4290 - val_loss: 0.2768 - val_mse: 0.2768 - val_mae: 0.4259 - 2s/epoch - 176ms/step
Epoch 90/10000

Epoch 90: val_loss did not improve from 0.27425
11/11 - 2s - loss: 0.2797 - mse: 0.2797 - mae: 0.4280 - val_loss: 0.2775 - val_mse: 0.2775 - val_mae: 0.4263 - 2s/epoch - 176ms/step
Epoch 91/10000

Epoch 91: val_loss did not improve from 0.27425
11/11 - 2s - loss: 0.2811 - mse: 0.2811 - mae: 0.4290 - val_loss: 0.2808 - val_mse: 0.2808 - val_mae: 0.4283 - 2s/epoch - 176ms/step
Epoch 92/10000

Epoch 92: val_loss did not improve from 0.27425
11/11 - 2s - loss: 0.2810 - mse: 0.2810 - mae: 0.4286 - val_loss: 0.2746 - val_mse: 0.2746 - val_mae: 0.4248 - 2s/epoch - 176ms/step
Epoch 93/10000

Epoch 93: val_loss did not improve from 0.27425
11/11 - 2s - loss: 0.2793 - mse: 0.2793 - mae: 0.4279 - val_loss: 0.2779 - val_mse: 0.2779 - val_mae: 0.4283 - 2s/epoch - 176ms/step
Epoch 94/10000

Epoch 94: val_loss did not improve from 0.27425
11/11 - 2s - loss: 0.2837 - mse: 0.2837 - mae: 0.4310 - val_loss: 0.2811 - val_mse: 0.2811 - val_mae: 0.4310 - 2s/epoch - 177ms/step
Epoch 95/10000

Epoch 95: val_loss did not improve from 0.27425
11/11 - 2s - loss: 0.2841 - mse: 0.2841 - mae: 0.4312 - val_loss: 0.2747 - val_mse: 0.2747 - val_mae: 0.4253 - 2s/epoch - 175ms/step
Epoch 96/10000

Epoch 96: val_loss did not improve from 0.27425
11/11 - 2s - loss: 0.2798 - mse: 0.2798 - mae: 0.4284 - val_loss: 0.2743 - val_mse: 0.2743 - val_mae: 0.4247 - 2s/epoch - 177ms/step
Epoch 97/10000

Epoch 97: val_loss did not improve from 0.27425
11/11 - 2s - loss: 0.2803 - mse: 0.2803 - mae: 0.4286 - val_loss: 0.2747 - val_mse: 0.2747 - val_mae: 0.4248 - 2s/epoch - 176ms/step
Epoch 98/10000

Epoch 98: val_loss did not improve from 0.27425
11/11 - 2s - loss: 0.2788 - mse: 0.2788 - mae: 0.4275 - val_loss: 0.2744 - val_mse: 0.2744 - val_mae: 0.4250 - 2s/epoch - 176ms/step
Epoch 99/10000

Epoch 99: val_loss improved from 0.27425 to 0.27424, saving model to ./results/NN_rms_regr/RNN/recursion_26/ckpt_1
11/11 - 3s - loss: 0.2784 - mse: 0.2784 - mae: 0.4272 - val_loss: 0.2742 - val_mse: 0.2742 - val_mae: 0.4246 - 3s/epoch - 258ms/step
Epoch 100/10000

Epoch 100: val_loss did not improve from 0.27424
11/11 - 2s - loss: 0.2787 - mse: 0.2787 - mae: 0.4272 - val_loss: 0.2753 - val_mse: 0.2753 - val_mae: 0.4260 - 2s/epoch - 176ms/step
Epoch 101/10000

Epoch 101: val_loss did not improve from 0.27424
11/11 - 2s - loss: 0.2787 - mse: 0.2787 - mae: 0.4275 - val_loss: 0.2755 - val_mse: 0.2755 - val_mae: 0.4261 - 2s/epoch - 176ms/step
Epoch 102/10000

Epoch 102: val_loss did not improve from 0.27424
11/11 - 2s - loss: 0.2805 - mse: 0.2805 - mae: 0.4288 - val_loss: 0.2743 - val_mse: 0.2743 - val_mae: 0.4247 - 2s/epoch - 176ms/step
Epoch 103/10000

Epoch 103: val_loss did not improve from 0.27424
11/11 - 2s - loss: 0.2792 - mse: 0.2792 - mae: 0.4279 - val_loss: 0.2749 - val_mse: 0.2749 - val_mae: 0.4248 - 2s/epoch - 176ms/step
Epoch 104/10000

Epoch 104: val_loss did not improve from 0.27424
11/11 - 2s - loss: 0.2795 - mse: 0.2795 - mae: 0.4280 - val_loss: 0.2746 - val_mse: 0.2746 - val_mae: 0.4252 - 2s/epoch - 176ms/step
Epoch 105/10000

Epoch 105: val_loss did not improve from 0.27424
11/11 - 2s - loss: 0.2784 - mse: 0.2784 - mae: 0.4269 - val_loss: 0.2742 - val_mse: 0.2742 - val_mae: 0.4248 - 2s/epoch - 176ms/step
Epoch 106/10000

Epoch 106: val_loss improved from 0.27424 to 0.27423, saving model to ./results/NN_rms_regr/RNN/recursion_26/ckpt_1
11/11 - 3s - loss: 0.2785 - mse: 0.2785 - mae: 0.4273 - val_loss: 0.2742 - val_mse: 0.2742 - val_mae: 0.4247 - 3s/epoch - 251ms/step
Epoch 107/10000

Epoch 107: val_loss improved from 0.27423 to 0.27421, saving model to ./results/NN_rms_regr/RNN/recursion_26/ckpt_1
11/11 - 3s - loss: 0.2784 - mse: 0.2784 - mae: 0.4272 - val_loss: 0.2742 - val_mse: 0.2742 - val_mae: 0.4247 - 3s/epoch - 257ms/step
Epoch 108/10000

Epoch 108: val_loss did not improve from 0.27421
11/11 - 2s - loss: 0.2794 - mse: 0.2794 - mae: 0.4279 - val_loss: 0.2749 - val_mse: 0.2749 - val_mae: 0.4249 - 2s/epoch - 176ms/step
Epoch 109/10000

Epoch 109: val_loss did not improve from 0.27421
11/11 - 2s - loss: 0.2799 - mse: 0.2799 - mae: 0.4283 - val_loss: 0.2775 - val_mse: 0.2775 - val_mae: 0.4263 - 2s/epoch - 176ms/step
Epoch 110/10000

Epoch 110: val_loss did not improve from 0.27421
11/11 - 2s - loss: 0.2852 - mse: 0.2852 - mae: 0.4313 - val_loss: 0.2854 - val_mse: 0.2854 - val_mae: 0.4312 - 2s/epoch - 176ms/step
Epoch 111/10000

Epoch 111: val_loss did not improve from 0.27421
11/11 - 2s - loss: 0.2820 - mse: 0.2820 - mae: 0.4293 - val_loss: 0.2745 - val_mse: 0.2745 - val_mae: 0.4251 - 2s/epoch - 177ms/step
Epoch 112/10000

Epoch 112: val_loss did not improve from 0.27421
11/11 - 2s - loss: 0.2800 - mse: 0.2800 - mae: 0.4280 - val_loss: 0.2812 - val_mse: 0.2812 - val_mae: 0.4285 - 2s/epoch - 177ms/step
Epoch 113/10000

Epoch 113: val_loss did not improve from 0.27421
11/11 - 2s - loss: 0.2793 - mse: 0.2793 - mae: 0.4277 - val_loss: 0.2770 - val_mse: 0.2770 - val_mae: 0.4275 - 2s/epoch - 176ms/step
Epoch 114/10000

Epoch 114: val_loss did not improve from 0.27421
11/11 - 2s - loss: 0.2792 - mse: 0.2792 - mae: 0.4274 - val_loss: 0.2765 - val_mse: 0.2765 - val_mae: 0.4271 - 2s/epoch - 176ms/step
Epoch 115/10000

Epoch 115: val_loss did not improve from 0.27421
11/11 - 2s - loss: 0.2788 - mse: 0.2788 - mae: 0.4275 - val_loss: 0.2766 - val_mse: 0.2766 - val_mae: 0.4271 - 2s/epoch - 176ms/step
Epoch 116/10000

Epoch 116: val_loss did not improve from 0.27421
11/11 - 2s - loss: 0.2802 - mse: 0.2802 - mae: 0.4285 - val_loss: 0.2756 - val_mse: 0.2756 - val_mae: 0.4262 - 2s/epoch - 177ms/step
Epoch 117/10000

Epoch 117: val_loss did not improve from 0.27421
11/11 - 2s - loss: 0.2804 - mse: 0.2804 - mae: 0.4285 - val_loss: 0.2753 - val_mse: 0.2753 - val_mae: 0.4260 - 2s/epoch - 178ms/step
Epoch 118/10000

Epoch 118: val_loss did not improve from 0.27421
11/11 - 2s - loss: 0.2811 - mse: 0.2811 - mae: 0.4287 - val_loss: 0.2776 - val_mse: 0.2776 - val_mae: 0.4280 - 2s/epoch - 176ms/step
Epoch 119/10000

Epoch 119: val_loss did not improve from 0.27421
11/11 - 2s - loss: 0.2833 - mse: 0.2833 - mae: 0.4305 - val_loss: 0.2766 - val_mse: 0.2766 - val_mae: 0.4272 - 2s/epoch - 176ms/step
Epoch 120/10000

Epoch 120: val_loss did not improve from 0.27421
11/11 - 2s - loss: 0.2812 - mse: 0.2812 - mae: 0.4288 - val_loss: 0.2742 - val_mse: 0.2742 - val_mae: 0.4247 - 2s/epoch - 176ms/step
Epoch 121/10000

Epoch 121: val_loss did not improve from 0.27421
11/11 - 2s - loss: 0.2795 - mse: 0.2795 - mae: 0.4276 - val_loss: 0.2744 - val_mse: 0.2744 - val_mae: 0.4246 - 2s/epoch - 176ms/step
Epoch 122/10000

Epoch 122: val_loss did not improve from 0.27421
11/11 - 2s - loss: 0.2788 - mse: 0.2788 - mae: 0.4274 - val_loss: 0.2743 - val_mse: 0.2743 - val_mae: 0.4248 - 2s/epoch - 176ms/step
Epoch 123/10000

Epoch 123: val_loss did not improve from 0.27421
11/11 - 2s - loss: 0.2785 - mse: 0.2785 - mae: 0.4272 - val_loss: 0.2747 - val_mse: 0.2747 - val_mae: 0.4247 - 2s/epoch - 176ms/step
Epoch 124/10000

Epoch 124: val_loss did not improve from 0.27421
11/11 - 2s - loss: 0.2791 - mse: 0.2791 - mae: 0.4274 - val_loss: 0.2820 - val_mse: 0.2820 - val_mae: 0.4290 - 2s/epoch - 177ms/step
Epoch 125/10000

Epoch 125: val_loss did not improve from 0.27421
11/11 - 2s - loss: 0.2790 - mse: 0.2790 - mae: 0.4274 - val_loss: 0.2758 - val_mse: 0.2758 - val_mae: 0.4264 - 2s/epoch - 176ms/step
Epoch 126/10000

Epoch 126: val_loss did not improve from 0.27421
11/11 - 2s - loss: 0.2826 - mse: 0.2826 - mae: 0.4303 - val_loss: 0.2848 - val_mse: 0.2848 - val_mae: 0.4308 - 2s/epoch - 177ms/step
Epoch 127/10000

Epoch 127: val_loss did not improve from 0.27421
11/11 - 2s - loss: 0.2859 - mse: 0.2859 - mae: 0.4324 - val_loss: 0.2854 - val_mse: 0.2854 - val_mae: 0.4311 - 2s/epoch - 177ms/step
Epoch 128/10000

Epoch 128: val_loss did not improve from 0.27421
11/11 - 2s - loss: 0.2822 - mse: 0.2822 - mae: 0.4299 - val_loss: 0.2756 - val_mse: 0.2756 - val_mae: 0.4263 - 2s/epoch - 176ms/step
Epoch 129/10000

Epoch 129: val_loss did not improve from 0.27421
11/11 - 2s - loss: 0.2795 - mse: 0.2795 - mae: 0.4280 - val_loss: 0.2742 - val_mse: 0.2742 - val_mae: 0.4246 - 2s/epoch - 177ms/step
Epoch 130/10000

Epoch 130: val_loss did not improve from 0.27421
11/11 - 2s - loss: 0.2783 - mse: 0.2783 - mae: 0.4272 - val_loss: 0.2747 - val_mse: 0.2747 - val_mae: 0.4247 - 2s/epoch - 176ms/step
Epoch 131/10000

Epoch 131: val_loss did not improve from 0.27421
11/11 - 2s - loss: 0.2787 - mse: 0.2787 - mae: 0.4273 - val_loss: 0.2746 - val_mse: 0.2746 - val_mae: 0.4247 - 2s/epoch - 177ms/step
Epoch 132/10000

Epoch 132: val_loss did not improve from 0.27421
11/11 - 2s - loss: 0.2787 - mse: 0.2787 - mae: 0.4273 - val_loss: 0.2759 - val_mse: 0.2759 - val_mae: 0.4265 - 2s/epoch - 176ms/step
Epoch 133/10000

Epoch 133: val_loss did not improve from 0.27421
11/11 - 2s - loss: 0.2854 - mse: 0.2854 - mae: 0.4322 - val_loss: 0.2793 - val_mse: 0.2793 - val_mae: 0.4273 - 2s/epoch - 177ms/step
Epoch 134/10000

Epoch 134: val_loss did not improve from 0.27421
11/11 - 2s - loss: 0.2890 - mse: 0.2890 - mae: 0.4343 - val_loss: 0.2858 - val_mse: 0.2858 - val_mae: 0.4314 - 2s/epoch - 176ms/step
Epoch 135/10000

Epoch 135: val_loss did not improve from 0.27421
11/11 - 2s - loss: 0.2809 - mse: 0.2809 - mae: 0.4282 - val_loss: 0.2751 - val_mse: 0.2751 - val_mae: 0.4249 - 2s/epoch - 176ms/step
Epoch 136/10000

Epoch 136: val_loss did not improve from 0.27421
11/11 - 2s - loss: 0.2789 - mse: 0.2789 - mae: 0.4276 - val_loss: 0.2754 - val_mse: 0.2754 - val_mae: 0.4260 - 2s/epoch - 175ms/step
Epoch 137/10000

Epoch 137: val_loss did not improve from 0.27421
11/11 - 2s - loss: 0.2787 - mse: 0.2787 - mae: 0.4271 - val_loss: 0.2755 - val_mse: 0.2755 - val_mae: 0.4262 - 2s/epoch - 177ms/step
Epoch 138/10000

Epoch 138: val_loss did not improve from 0.27421
11/11 - 2s - loss: 0.2787 - mse: 0.2787 - mae: 0.4274 - val_loss: 0.2783 - val_mse: 0.2783 - val_mae: 0.4267 - 2s/epoch - 176ms/step
Epoch 139/10000

Epoch 139: val_loss did not improve from 0.27421
11/11 - 2s - loss: 0.2791 - mse: 0.2791 - mae: 0.4272 - val_loss: 0.2748 - val_mse: 0.2748 - val_mae: 0.4255 - 2s/epoch - 176ms/step
Epoch 140/10000

Epoch 140: val_loss did not improve from 0.27421
11/11 - 2s - loss: 0.2798 - mse: 0.2798 - mae: 0.4275 - val_loss: 0.2779 - val_mse: 0.2779 - val_mae: 0.4282 - 2s/epoch - 177ms/step
Epoch 141/10000

Epoch 141: val_loss did not improve from 0.27421
11/11 - 2s - loss: 0.2797 - mse: 0.2797 - mae: 0.4281 - val_loss: 0.2743 - val_mse: 0.2743 - val_mae: 0.4247 - 2s/epoch - 177ms/step
Epoch 142/10000

Epoch 142: val_loss did not improve from 0.27421
11/11 - 2s - loss: 0.2790 - mse: 0.2790 - mae: 0.4274 - val_loss: 0.2749 - val_mse: 0.2749 - val_mae: 0.4255 - 2s/epoch - 175ms/step
Epoch 143/10000

Epoch 143: val_loss did not improve from 0.27421
11/11 - 2s - loss: 0.2792 - mse: 0.2792 - mae: 0.4277 - val_loss: 0.2744 - val_mse: 0.2744 - val_mae: 0.4246 - 2s/epoch - 176ms/step
Epoch 144/10000

Epoch 144: val_loss did not improve from 0.27421
11/11 - 2s - loss: 0.2789 - mse: 0.2789 - mae: 0.4274 - val_loss: 0.2808 - val_mse: 0.2808 - val_mae: 0.4282 - 2s/epoch - 176ms/step
Epoch 145/10000

Epoch 145: val_loss did not improve from 0.27421
11/11 - 2s - loss: 0.2797 - mse: 0.2797 - mae: 0.4280 - val_loss: 0.2742 - val_mse: 0.2742 - val_mae: 0.4246 - 2s/epoch - 177ms/step
Epoch 146/10000

Epoch 146: val_loss did not improve from 0.27421
11/11 - 2s - loss: 0.2795 - mse: 0.2795 - mae: 0.4281 - val_loss: 0.2767 - val_mse: 0.2767 - val_mae: 0.4257 - 2s/epoch - 177ms/step
Epoch 147/10000

Epoch 147: val_loss did not improve from 0.27421
11/11 - 2s - loss: 0.2807 - mse: 0.2807 - mae: 0.4286 - val_loss: 0.2753 - val_mse: 0.2753 - val_mae: 0.4250 - 2s/epoch - 177ms/step
Epoch 148/10000

Epoch 148: val_loss did not improve from 0.27421
11/11 - 2s - loss: 0.2793 - mse: 0.2793 - mae: 0.4277 - val_loss: 0.2819 - val_mse: 0.2819 - val_mae: 0.4315 - 2s/epoch - 178ms/step
Epoch 149/10000

Epoch 149: val_loss did not improve from 0.27421
11/11 - 2s - loss: 0.2823 - mse: 0.2823 - mae: 0.4294 - val_loss: 0.2755 - val_mse: 0.2755 - val_mae: 0.4260 - 2s/epoch - 177ms/step
Epoch 150/10000

Epoch 150: val_loss did not improve from 0.27421
11/11 - 2s - loss: 0.2787 - mse: 0.2787 - mae: 0.4270 - val_loss: 0.2747 - val_mse: 0.2747 - val_mae: 0.4246 - 2s/epoch - 176ms/step
Epoch 151/10000

Epoch 151: val_loss did not improve from 0.27421
11/11 - 2s - loss: 0.2808 - mse: 0.2808 - mae: 0.4286 - val_loss: 0.2812 - val_mse: 0.2812 - val_mae: 0.4309 - 2s/epoch - 176ms/step
Epoch 152/10000

Epoch 152: val_loss did not improve from 0.27421
11/11 - 2s - loss: 0.2806 - mse: 0.2806 - mae: 0.4283 - val_loss: 0.2749 - val_mse: 0.2749 - val_mae: 0.4255 - 2s/epoch - 176ms/step
Epoch 153/10000

Epoch 153: val_loss did not improve from 0.27421
11/11 - 2s - loss: 0.2800 - mse: 0.2800 - mae: 0.4279 - val_loss: 0.2780 - val_mse: 0.2780 - val_mae: 0.4264 - 2s/epoch - 176ms/step
Epoch 154/10000

Epoch 154: val_loss did not improve from 0.27421
11/11 - 2s - loss: 0.2792 - mse: 0.2792 - mae: 0.4270 - val_loss: 0.2784 - val_mse: 0.2784 - val_mae: 0.4266 - 2s/epoch - 177ms/step
Epoch 155/10000

Epoch 155: val_loss did not improve from 0.27421
11/11 - 2s - loss: 0.2801 - mse: 0.2801 - mae: 0.4284 - val_loss: 0.2769 - val_mse: 0.2769 - val_mae: 0.4274 - 2s/epoch - 175ms/step
Epoch 156/10000

Epoch 156: val_loss did not improve from 0.27421
11/11 - 2s - loss: 0.2822 - mse: 0.2822 - mae: 0.4297 - val_loss: 0.2863 - val_mse: 0.2863 - val_mae: 0.4316 - 2s/epoch - 175ms/step
Epoch 157/10000

Epoch 157: val_loss did not improve from 0.27421
11/11 - 2s - loss: 0.2833 - mse: 0.2833 - mae: 0.4304 - val_loss: 0.2756 - val_mse: 0.2756 - val_mae: 0.4262 - 2s/epoch - 176ms/step
Epoch 158/10000

Epoch 158: val_loss did not improve from 0.27421
11/11 - 2s - loss: 0.2821 - mse: 0.2821 - mae: 0.4293 - val_loss: 0.2749 - val_mse: 0.2749 - val_mae: 0.4247 - 2s/epoch - 176ms/step
Epoch 159/10000

Epoch 159: val_loss did not improve from 0.27421
11/11 - 2s - loss: 0.2791 - mse: 0.2791 - mae: 0.4277 - val_loss: 0.2770 - val_mse: 0.2770 - val_mae: 0.4258 - 2s/epoch - 175ms/step
Epoch 160/10000

Epoch 160: val_loss did not improve from 0.27421
11/11 - 2s - loss: 0.2800 - mse: 0.2800 - mae: 0.4282 - val_loss: 0.2759 - val_mse: 0.2759 - val_mae: 0.4264 - 2s/epoch - 176ms/step
Epoch 161/10000

Epoch 161: val_loss did not improve from 0.27421
11/11 - 2s - loss: 0.2836 - mse: 0.2836 - mae: 0.4311 - val_loss: 0.2746 - val_mse: 0.2746 - val_mae: 0.4245 - 2s/epoch - 176ms/step
Epoch 162/10000

Epoch 162: val_loss did not improve from 0.27421
11/11 - 2s - loss: 0.2794 - mse: 0.2794 - mae: 0.4279 - val_loss: 0.2766 - val_mse: 0.2766 - val_mae: 0.4255 - 2s/epoch - 176ms/step
Epoch 163/10000

Epoch 163: val_loss did not improve from 0.27421
11/11 - 2s - loss: 0.2812 - mse: 0.2812 - mae: 0.4286 - val_loss: 0.2965 - val_mse: 0.2965 - val_mae: 0.4426 - 2s/epoch - 175ms/step
Epoch 164/10000

Epoch 164: val_loss did not improve from 0.27421
11/11 - 2s - loss: 0.2892 - mse: 0.2892 - mae: 0.4342 - val_loss: 0.2804 - val_mse: 0.2804 - val_mae: 0.4278 - 2s/epoch - 175ms/step
Epoch 165/10000

Epoch 165: val_loss did not improve from 0.27421
11/11 - 2s - loss: 0.2819 - mse: 0.2819 - mae: 0.4288 - val_loss: 0.2853 - val_mse: 0.2853 - val_mae: 0.4342 - 2s/epoch - 176ms/step
Epoch 166/10000

Epoch 166: val_loss did not improve from 0.27421
11/11 - 2s - loss: 0.2802 - mse: 0.2802 - mae: 0.4282 - val_loss: 0.2745 - val_mse: 0.2745 - val_mae: 0.4246 - 2s/epoch - 176ms/step
Epoch 167/10000

Epoch 167: val_loss did not improve from 0.27421
11/11 - 2s - loss: 0.2841 - mse: 0.2841 - mae: 0.4309 - val_loss: 0.2780 - val_mse: 0.2780 - val_mae: 0.4264 - 2s/epoch - 177ms/step
Epoch 168/10000

Epoch 168: val_loss did not improve from 0.27421
11/11 - 2s - loss: 0.2854 - mse: 0.2854 - mae: 0.4318 - val_loss: 0.2742 - val_mse: 0.2742 - val_mae: 0.4246 - 2s/epoch - 176ms/step
Epoch 169/10000

Epoch 169: val_loss did not improve from 0.27421
11/11 - 2s - loss: 0.2814 - mse: 0.2814 - mae: 0.4294 - val_loss: 0.2775 - val_mse: 0.2775 - val_mae: 0.4278 - 2s/epoch - 176ms/step
Epoch 170/10000

Epoch 170: val_loss did not improve from 0.27421
11/11 - 2s - loss: 0.2832 - mse: 0.2832 - mae: 0.4305 - val_loss: 0.2746 - val_mse: 0.2746 - val_mae: 0.4246 - 2s/epoch - 176ms/step
Epoch 171/10000

Epoch 171: val_loss did not improve from 0.27421
11/11 - 2s - loss: 0.2860 - mse: 0.2860 - mae: 0.4327 - val_loss: 0.2771 - val_mse: 0.2771 - val_mae: 0.4275 - 2s/epoch - 176ms/step
Epoch 172/10000

Epoch 172: val_loss did not improve from 0.27421
11/11 - 2s - loss: 0.2788 - mse: 0.2788 - mae: 0.4271 - val_loss: 0.2746 - val_mse: 0.2746 - val_mae: 0.4245 - 2s/epoch - 175ms/step
Epoch 173/10000

Epoch 173: val_loss did not improve from 0.27421
11/11 - 2s - loss: 0.2782 - mse: 0.2782 - mae: 0.4266 - val_loss: 0.2742 - val_mse: 0.2742 - val_mae: 0.4245 - 2s/epoch - 176ms/step
Epoch 174/10000

Epoch 174: val_loss did not improve from 0.27421
11/11 - 2s - loss: 0.2786 - mse: 0.2786 - mae: 0.4271 - val_loss: 0.2758 - val_mse: 0.2758 - val_mae: 0.4263 - 2s/epoch - 179ms/step
Epoch 175/10000

Epoch 175: val_loss did not improve from 0.27421
11/11 - 2s - loss: 0.2793 - mse: 0.2793 - mae: 0.4273 - val_loss: 0.2745 - val_mse: 0.2745 - val_mae: 0.4245 - 2s/epoch - 176ms/step
Epoch 176/10000

Epoch 176: val_loss did not improve from 0.27421
11/11 - 2s - loss: 0.2790 - mse: 0.2790 - mae: 0.4275 - val_loss: 0.2834 - val_mse: 0.2834 - val_mae: 0.4297 - 2s/epoch - 176ms/step
Epoch 177/10000

Epoch 177: val_loss did not improve from 0.27421
11/11 - 2s - loss: 0.2817 - mse: 0.2817 - mae: 0.4293 - val_loss: 0.2751 - val_mse: 0.2751 - val_mae: 0.4256 - 2s/epoch - 177ms/step
Epoch 178/10000

Epoch 178: val_loss did not improve from 0.27421
11/11 - 2s - loss: 0.2802 - mse: 0.2802 - mae: 0.4275 - val_loss: 0.2750 - val_mse: 0.2750 - val_mae: 0.4247 - 2s/epoch - 176ms/step
Epoch 179/10000

Epoch 179: val_loss did not improve from 0.27421
11/11 - 2s - loss: 0.2819 - mse: 0.2819 - mae: 0.4297 - val_loss: 0.2772 - val_mse: 0.2772 - val_mae: 0.4275 - 2s/epoch - 176ms/step
Epoch 180/10000

Epoch 180: val_loss did not improve from 0.27421
11/11 - 2s - loss: 0.2794 - mse: 0.2794 - mae: 0.4272 - val_loss: 0.2748 - val_mse: 0.2748 - val_mae: 0.4246 - 2s/epoch - 176ms/step
Epoch 181/10000

Epoch 181: val_loss did not improve from 0.27421
11/11 - 2s - loss: 0.2785 - mse: 0.2785 - mae: 0.4268 - val_loss: 0.2746 - val_mse: 0.2746 - val_mae: 0.4251 - 2s/epoch - 176ms/step
Epoch 182/10000

Epoch 182: val_loss did not improve from 0.27421
11/11 - 2s - loss: 0.2795 - mse: 0.2795 - mae: 0.4280 - val_loss: 0.2804 - val_mse: 0.2804 - val_mae: 0.4278 - 2s/epoch - 176ms/step
Epoch 183/10000

Epoch 183: val_loss did not improve from 0.27421
11/11 - 2s - loss: 0.2828 - mse: 0.2828 - mae: 0.4298 - val_loss: 0.2745 - val_mse: 0.2745 - val_mae: 0.4249 - 2s/epoch - 176ms/step
Epoch 184/10000

Epoch 184: val_loss did not improve from 0.27421
11/11 - 2s - loss: 0.2836 - mse: 0.2836 - mae: 0.4309 - val_loss: 0.2745 - val_mse: 0.2745 - val_mae: 0.4249 - 2s/epoch - 176ms/step
Epoch 185/10000

Epoch 185: val_loss did not improve from 0.27421
11/11 - 2s - loss: 0.2800 - mse: 0.2800 - mae: 0.4282 - val_loss: 0.2773 - val_mse: 0.2773 - val_mae: 0.4259 - 2s/epoch - 176ms/step
Epoch 186/10000

Epoch 186: val_loss did not improve from 0.27421
11/11 - 2s - loss: 0.2810 - mse: 0.2810 - mae: 0.4283 - val_loss: 0.2743 - val_mse: 0.2743 - val_mae: 0.4246 - 2s/epoch - 176ms/step
Epoch 187/10000

Epoch 187: val_loss did not improve from 0.27421
11/11 - 2s - loss: 0.2813 - mse: 0.2813 - mae: 0.4287 - val_loss: 0.2803 - val_mse: 0.2803 - val_mae: 0.4278 - 2s/epoch - 176ms/step
Epoch 188/10000

Epoch 188: val_loss did not improve from 0.27421
11/11 - 2s - loss: 0.2810 - mse: 0.2810 - mae: 0.4283 - val_loss: 0.2745 - val_mse: 0.2745 - val_mae: 0.4245 - 2s/epoch - 175ms/step
Epoch 189/10000

Epoch 189: val_loss did not improve from 0.27421
11/11 - 2s - loss: 0.2791 - mse: 0.2791 - mae: 0.4266 - val_loss: 0.2784 - val_mse: 0.2784 - val_mae: 0.4286 - 2s/epoch - 177ms/step
Epoch 190/10000

Epoch 190: val_loss did not improve from 0.27421
11/11 - 2s - loss: 0.2792 - mse: 0.2792 - mae: 0.4276 - val_loss: 0.2765 - val_mse: 0.2765 - val_mae: 0.4255 - 2s/epoch - 178ms/step
Epoch 191/10000

Epoch 191: val_loss did not improve from 0.27421
11/11 - 2s - loss: 0.2798 - mse: 0.2798 - mae: 0.4280 - val_loss: 0.2782 - val_mse: 0.2782 - val_mae: 0.4265 - 2s/epoch - 176ms/step
Epoch 192/10000

Epoch 192: val_loss did not improve from 0.27421
11/11 - 2s - loss: 0.2810 - mse: 0.2810 - mae: 0.4285 - val_loss: 0.2768 - val_mse: 0.2768 - val_mae: 0.4272 - 2s/epoch - 176ms/step
Epoch 193/10000

Epoch 193: val_loss did not improve from 0.27421
11/11 - 2s - loss: 0.2800 - mse: 0.2800 - mae: 0.4276 - val_loss: 0.2746 - val_mse: 0.2746 - val_mae: 0.4251 - 2s/epoch - 176ms/step
Epoch 194/10000

Epoch 194: val_loss did not improve from 0.27421
11/11 - 2s - loss: 0.2806 - mse: 0.2806 - mae: 0.4286 - val_loss: 0.2747 - val_mse: 0.2747 - val_mae: 0.4251 - 2s/epoch - 177ms/step
Epoch 195/10000

Epoch 195: val_loss did not improve from 0.27421
11/11 - 2s - loss: 0.2804 - mse: 0.2804 - mae: 0.4282 - val_loss: 0.2763 - val_mse: 0.2763 - val_mae: 0.4253 - 2s/epoch - 177ms/step
Epoch 196/10000

Epoch 196: val_loss did not improve from 0.27421
11/11 - 2s - loss: 0.2791 - mse: 0.2791 - mae: 0.4273 - val_loss: 0.2743 - val_mse: 0.2743 - val_mae: 0.4246 - 2s/epoch - 176ms/step
Epoch 197/10000

Epoch 197: val_loss did not improve from 0.27421
11/11 - 2s - loss: 0.2809 - mse: 0.2809 - mae: 0.4289 - val_loss: 0.2743 - val_mse: 0.2743 - val_mae: 0.4244 - 2s/epoch - 176ms/step
Epoch 198/10000

Epoch 198: val_loss did not improve from 0.27421
11/11 - 2s - loss: 0.2803 - mse: 0.2803 - mae: 0.4278 - val_loss: 0.2742 - val_mse: 0.2742 - val_mae: 0.4245 - 2s/epoch - 176ms/step
Epoch 199/10000

Epoch 199: val_loss did not improve from 0.27421
11/11 - 2s - loss: 0.2793 - mse: 0.2793 - mae: 0.4276 - val_loss: 0.2824 - val_mse: 0.2824 - val_mae: 0.4318 - 2s/epoch - 176ms/step
Epoch 200/10000

Epoch 200: val_loss did not improve from 0.27421
11/11 - 2s - loss: 0.2801 - mse: 0.2801 - mae: 0.4280 - val_loss: 0.2786 - val_mse: 0.2786 - val_mae: 0.4267 - 2s/epoch - 176ms/step
Epoch 201/10000

Epoch 201: val_loss did not improve from 0.27421
11/11 - 2s - loss: 0.2788 - mse: 0.2788 - mae: 0.4273 - val_loss: 0.2796 - val_mse: 0.2796 - val_mae: 0.4295 - 2s/epoch - 177ms/step
Epoch 202/10000

Epoch 202: val_loss did not improve from 0.27421
11/11 - 2s - loss: 0.2826 - mse: 0.2826 - mae: 0.4296 - val_loss: 0.2744 - val_mse: 0.2744 - val_mae: 0.4244 - 2s/epoch - 176ms/step
Epoch 203/10000

Epoch 203: val_loss did not improve from 0.27421
11/11 - 2s - loss: 0.2862 - mse: 0.2862 - mae: 0.4326 - val_loss: 0.2793 - val_mse: 0.2793 - val_mae: 0.4271 - 2s/epoch - 177ms/step
Epoch 204/10000

Epoch 204: val_loss did not improve from 0.27421
11/11 - 2s - loss: 0.2824 - mse: 0.2824 - mae: 0.4292 - val_loss: 0.2749 - val_mse: 0.2749 - val_mae: 0.4254 - 2s/epoch - 177ms/step
Epoch 205/10000

Epoch 205: val_loss did not improve from 0.27421
11/11 - 2s - loss: 0.2805 - mse: 0.2805 - mae: 0.4282 - val_loss: 0.2767 - val_mse: 0.2767 - val_mae: 0.4255 - 2s/epoch - 176ms/step
Epoch 206/10000

Epoch 206: val_loss did not improve from 0.27421
11/11 - 2s - loss: 0.2813 - mse: 0.2813 - mae: 0.4290 - val_loss: 0.2794 - val_mse: 0.2794 - val_mae: 0.4293 - 2s/epoch - 176ms/step
Epoch 207/10000

Epoch 207: val_loss did not improve from 0.27421
11/11 - 2s - loss: 0.2877 - mse: 0.2877 - mae: 0.4344 - val_loss: 0.3140 - val_mse: 0.3140 - val_mae: 0.4502 - 2s/epoch - 177ms/step
Epoch 207: early stopping
