[0.772459 0.95864  1.14028  1.32192  1.50356  1.6852   1.86684  2.04848
 2.23012  2.41176  2.5934   2.77504  2.95668  3.13832  3.31996  3.5016
 3.68324  3.86488  4.04652  4.22816  4.4098   4.59144  4.77308  4.95472
 5.13636  5.318   ]
Before undersampling: [(0, 11), (1, 41), (2, 117), (3, 379), (4, 1164), (5, 3250), (6, 3633), (7, 2483), (8, 2349), (9, 2100), (10, 1892), (11, 1848), (12, 1641), (13, 1350), (14, 1181), (15, 900), (16, 782), (17, 646), (18, 511), (19, 434), (20, 358), (21, 314), (22, 290), (23, 233), (24, 198)]
After undersampling: [(0, 11), (1, 8), (2, 22), (3, 63), (4, 105), (5, 238), (6, 163), (7, 498), (8, 88), (9, 487), (10, 163), (11, 298), (12, 139), (13, 57), (14, 153), (15, 13), (16, 141), (17, 49), (18, 19), (19, 39), (20, 47), (21, 12), (22, 19), (23, 85), (24, 26)]
      label  HH_0_0_x  HV_0_0_x  IA_0_0_x       FYI      DFYI       MYI     rms_0     thk_1     rms_1     thk_2     rms_2     thk_3     rms_3  ...    3         4    5         6         7         8         9        10   11        12   13        14        15                                                CNN
0     0.858  0.184314  0.054902  0.108219  0.677054  0.244229  0.078717  4.574475  1.157741  4.598907  1.135613  4.568877  1.137049  4.555604  ...  0.0  0.976693  0.0  0.614157  0.580775  0.824165  0.316351  0.915441  0.0  0.687166  0.0  0.681156  0.467802  [[[[0.2274509803921568], [0.1081809698366651],...
1     0.922  0.219608  0.043137  0.095634  0.054778  0.917930  0.027292  4.928114  1.252795  4.933641  1.183038  4.945711  1.206833  4.951181  ...  0.0  1.014148  0.0  0.640144  0.557590  0.845430  0.301105  0.952926  0.0  0.730141  0.0  0.731394  0.484976  [[[[0.1215686274509803], [0.0955935010723039],...
2     0.934  0.192157  0.031373  0.097116  0.587126  0.332548  0.080326  4.575322  1.137139  4.539704  1.094642  4.548931  1.119177  4.518337  ...  0.0  1.141272  0.0  0.686991  0.657252  0.887173  0.262995  1.067364  0.0  0.828544  0.0  0.798359  0.574734  [[[[0.1215686274509803], [0.0971558065975413],...
3     0.895  0.188235  0.035294  0.097129  0.495887  0.419141  0.084972  4.582605  1.146608  4.565219  1.119833  4.570570  1.106200  4.542815  ...  0.0  1.152834  0.0  0.692828  0.669648  0.885035  0.259357  1.075103  0.0  0.840245  0.0  0.805713  0.586994  [[[[0.188235294117647], [0.0971691505581724], ...
4     0.944  0.325490  0.066667  0.096222  0.002803  0.962774  0.034423  5.199004  1.323369  5.165545  1.259931  5.168842  1.279109  5.193098  ...  0.0  0.968458  0.0  0.649656  0.502992  0.845221  0.351467  0.905719  0.0  0.705089  0.0  0.735994  0.453760  [[[[0.2745098039215686], [0.0962616415584788],...
...     ...       ...       ...       ...       ...       ...       ...       ...       ...       ...       ...       ...       ...       ...  ...  ...       ...  ...       ...       ...       ...       ...       ...  ...       ...  ...       ...       ...                                                ...
2938  5.318  0.168627  0.062745  0.098783  0.458621  0.435877  0.105501  4.754972  1.204909  4.635722  1.146723  4.660666  1.174329  4.643777  ...  0.0  0.979510  0.0  0.627572  0.528929  0.811496  0.313218  0.894952  0.0  0.712177  0.0  0.714454  0.468289  [[[[0.188235294117647], [0.0988235099642884], ...
2939  5.219  0.309804  0.082353  0.103342  0.124594  0.635667  0.239738  5.077540  1.298683  5.054685  1.253455  5.053246  1.232401  5.042140  ...  0.0  1.053828  0.0  0.616554  0.646754  0.829501  0.302260  0.926759  0.0  0.773706  0.0  0.717839  0.574578  [[[[0.2352941176470588], [0.1033824397068397],...
2940  5.199  0.333333  0.105882  0.102660  0.009398  0.932165  0.058437  5.250414  1.390209  5.277098  1.313081  5.265432  1.334829  5.268679  ...  0.0  0.950746  0.0  0.617129  0.485025  0.792954  0.295746  0.879311  0.0  0.700010  0.0  0.708692  0.445816  [[[[0.3294117647058823], [0.1027006037095013],...
2941  5.296  0.141176  0.062745  0.098222  0.205953  0.695521  0.098526  4.946615  1.240870  4.851842  1.168257  4.891227  1.177781  4.907921  ...  0.0  0.984687  0.0  0.642988  0.514528  0.826945  0.314569  0.917654  0.0  0.710454  0.0  0.728843  0.451362  [[[[0.1607843137254902], [0.0982620014863855],...
2942  5.217  0.184314  0.058824  0.098182  0.002173  0.979793  0.018034  5.201130  1.356229  5.167213  1.249914  5.136282  1.239049  5.198049  ...  0.0  0.993869  0.0  0.663641  0.523270  0.863561  0.345452  0.939904  0.0  0.705943  0.0  0.742360  0.443999  [[[[0.2470588235294117], [0.098221887326708], ...

[2943 rows x 128 columns]
Size of dataset: (2943, 127)
*************************** Fold #: 1 ***************************
Model: "model"
__________________________________________________________________________________________________
 Layer (type)                   Output Shape         Param #     Connected to                     
==================================================================================================
 conv (InputLayer)              [(None, 7, 7, 3, 1)  0           []                               
                                ]                                                                 
                                                                                                  
 zero_padding3d (ZeroPadding3D)  (None, 8, 8, 4, 1)  0           ['conv[0][0]']                   
                                                                                                  
 conv3d (Conv3D)                (None, 8, 8, 4, 8)   224         ['zero_padding3d[0][0]']         
                                                                                                  
 max_pooling3d (MaxPooling3D)   (None, 4, 4, 2, 8)   0           ['conv3d[0][0]']                 
                                                                                                  
 conv3d_1 (Conv3D)              (None, 4, 4, 2, 4)   868         ['max_pooling3d[0][0]']          
                                                                                                  
 max_pooling3d_1 (MaxPooling3D)  (None, 2, 2, 1, 4)  0           ['conv3d_1[0][0]']               
                                                                                                  
 cat (InputLayer)               [(None, 126)]        0           []                               
                                                                                                  
 flatten (Flatten)              (None, 16)           0           ['max_pooling3d_1[0][0]']        
                                                                                                  
 concatenate (Concatenate)      (None, 142)          0           ['cat[0][0]',                    
                                                                  'flatten[0][0]']                
                                                                                                  
 dense (Dense)                  (None, 200)          28600       ['concatenate[0][0]']            
                                                                                                  
 dense_1 (Dense)                (None, 200)          40200       ['dense[0][0]']                  
                                                                                                  
 dense_2 (Dense)                (None, 200)          40200       ['dense_1[0][0]']                
                                                                                                  
 dense_3 (Dense)                (None, 200)          40200       ['dense_2[0][0]']                
                                                                                                  
 dense_4 (Dense)                (None, 200)          40200       ['dense_3[0][0]']                
                                                                                                  
 dense_5 (Dense)                (None, 1)            201         ['dense_4[0][0]']                
                                                                                                  
==================================================================================================
Total params: 190,693
Trainable params: 190,693
Non-trainable params: 0
__________________________________________________________________________________________________
Epoch 1/10000

Epoch 1: val_loss improved from inf to 0.04803, saving model to ./results/NN_thk_regr/ResNet/recursion_36/ckpt_1
2/2 - 2s - loss: 1.1178 - mse: 1.1178 - mae: 1.0073 - val_loss: 0.0480 - val_mse: 0.0480 - val_mae: 0.1722 - 2s/epoch - 784ms/step
Epoch 2/10000

Epoch 2: val_loss did not improve from 0.04803
2/2 - 0s - loss: 0.1647 - mse: 0.1647 - mae: 0.3075 - val_loss: 0.1695 - val_mse: 0.1695 - val_mae: 0.3691 - 284ms/epoch - 142ms/step
Epoch 3/10000

Epoch 3: val_loss did not improve from 0.04803
2/2 - 0s - loss: 0.1366 - mse: 0.1366 - mae: 0.3090 - val_loss: 0.1142 - val_mse: 0.1142 - val_mae: 0.2783 - 284ms/epoch - 142ms/step
Epoch 4/10000

Epoch 4: val_loss did not improve from 0.04803
2/2 - 0s - loss: 0.1350 - mse: 0.1350 - mae: 0.3052 - val_loss: 0.1303 - val_mse: 0.1303 - val_mae: 0.3029 - 288ms/epoch - 144ms/step
Epoch 5/10000

Epoch 5: val_loss improved from 0.04803 to 0.04628, saving model to ./results/NN_thk_regr/ResNet/recursion_36/ckpt_1
2/2 - 1s - loss: 0.1186 - mse: 0.1186 - mae: 0.2780 - val_loss: 0.0463 - val_mse: 0.0463 - val_mae: 0.1678 - 1s/epoch - 513ms/step
Epoch 6/10000

Epoch 6: val_loss did not improve from 0.04628
2/2 - 0s - loss: 0.0650 - mse: 0.0650 - mae: 0.1986 - val_loss: 0.1006 - val_mse: 0.1006 - val_mae: 0.2744 - 283ms/epoch - 141ms/step
Epoch 7/10000

Epoch 7: val_loss improved from 0.04628 to 0.04447, saving model to ./results/NN_thk_regr/ResNet/recursion_36/ckpt_1
2/2 - 1s - loss: 0.0947 - mse: 0.0947 - mae: 0.2583 - val_loss: 0.0445 - val_mse: 0.0445 - val_mae: 0.1615 - 1s/epoch - 515ms/step
Epoch 8/10000

Epoch 8: val_loss did not improve from 0.04447
2/2 - 0s - loss: 0.0530 - mse: 0.0530 - mae: 0.1731 - val_loss: 0.0693 - val_mse: 0.0693 - val_mae: 0.2020 - 288ms/epoch - 144ms/step
Epoch 9/10000

Epoch 9: val_loss did not improve from 0.04447
2/2 - 0s - loss: 0.0751 - mse: 0.0751 - mae: 0.2091 - val_loss: 0.0529 - val_mse: 0.0529 - val_mae: 0.1717 - 284ms/epoch - 142ms/step
Epoch 10/10000

Epoch 10: val_loss did not improve from 0.04447
2/2 - 0s - loss: 0.0560 - mse: 0.0560 - mae: 0.1757 - val_loss: 0.0523 - val_mse: 0.0523 - val_mae: 0.1829 - 281ms/epoch - 141ms/step
Epoch 11/10000

Epoch 11: val_loss did not improve from 0.04447
2/2 - 0s - loss: 0.0595 - mse: 0.0595 - mae: 0.1927 - val_loss: 0.0530 - val_mse: 0.0530 - val_mae: 0.1845 - 280ms/epoch - 140ms/step
Epoch 12/10000

Epoch 12: val_loss did not improve from 0.04447
2/2 - 0s - loss: 0.0557 - mse: 0.0557 - mae: 0.1843 - val_loss: 0.0453 - val_mse: 0.0453 - val_mae: 0.1589 - 283ms/epoch - 142ms/step
Epoch 13/10000

Epoch 13: val_loss did not improve from 0.04447
2/2 - 0s - loss: 0.0531 - mse: 0.0531 - mae: 0.1708 - val_loss: 0.0505 - val_mse: 0.0505 - val_mae: 0.1677 - 287ms/epoch - 144ms/step
Epoch 14/10000

Epoch 14: val_loss improved from 0.04447 to 0.04370, saving model to ./results/NN_thk_regr/ResNet/recursion_36/ckpt_1
2/2 - 1s - loss: 0.0548 - mse: 0.0548 - mae: 0.1729 - val_loss: 0.0437 - val_mse: 0.0437 - val_mae: 0.1600 - 1s/epoch - 567ms/step
Epoch 15/10000

Epoch 15: val_loss did not improve from 0.04370
2/2 - 0s - loss: 0.0501 - mse: 0.0501 - mae: 0.1704 - val_loss: 0.0489 - val_mse: 0.0489 - val_mae: 0.1753 - 287ms/epoch - 143ms/step
Epoch 16/10000

Epoch 16: val_loss improved from 0.04370 to 0.04340, saving model to ./results/NN_thk_regr/ResNet/recursion_36/ckpt_1
2/2 - 1s - loss: 0.0532 - mse: 0.0532 - mae: 0.1794 - val_loss: 0.0434 - val_mse: 0.0434 - val_mae: 0.1581 - 1s/epoch - 589ms/step
Epoch 17/10000

Epoch 17: val_loss did not improve from 0.04340
2/2 - 0s - loss: 0.0494 - mse: 0.0494 - mae: 0.1663 - val_loss: 0.0467 - val_mse: 0.0467 - val_mae: 0.1612 - 285ms/epoch - 143ms/step
Epoch 18/10000

Epoch 18: val_loss improved from 0.04340 to 0.04326, saving model to ./results/NN_thk_regr/ResNet/recursion_36/ckpt_1
2/2 - 1s - loss: 0.0519 - mse: 0.0519 - mae: 0.1690 - val_loss: 0.0433 - val_mse: 0.0433 - val_mae: 0.1571 - 1s/epoch - 556ms/step
Epoch 19/10000

Epoch 19: val_loss did not improve from 0.04326
2/2 - 0s - loss: 0.0490 - mse: 0.0490 - mae: 0.1669 - val_loss: 0.0447 - val_mse: 0.0447 - val_mae: 0.1648 - 277ms/epoch - 139ms/step
Epoch 20/10000

Epoch 20: val_loss improved from 0.04326 to 0.04304, saving model to ./results/NN_thk_regr/ResNet/recursion_36/ckpt_1
2/2 - 1s - loss: 0.0495 - mse: 0.0495 - mae: 0.1707 - val_loss: 0.0430 - val_mse: 0.0430 - val_mae: 0.1576 - 1s/epoch - 589ms/step
Epoch 21/10000

Epoch 21: val_loss did not improve from 0.04304
2/2 - 0s - loss: 0.0483 - mse: 0.0483 - mae: 0.1653 - val_loss: 0.0436 - val_mse: 0.0436 - val_mae: 0.1567 - 283ms/epoch - 141ms/step
Epoch 22/10000

Epoch 22: val_loss improved from 0.04304 to 0.04285, saving model to ./results/NN_thk_regr/ResNet/recursion_36/ckpt_1
2/2 - 1s - loss: 0.0486 - mse: 0.0486 - mae: 0.1647 - val_loss: 0.0429 - val_mse: 0.0429 - val_mae: 0.1580 - 1s/epoch - 596ms/step
Epoch 23/10000

Epoch 23: val_loss did not improve from 0.04285
2/2 - 0s - loss: 0.0477 - mse: 0.0477 - mae: 0.1655 - val_loss: 0.0442 - val_mse: 0.0442 - val_mae: 0.1642 - 284ms/epoch - 142ms/step
Epoch 24/10000

Epoch 24: val_loss improved from 0.04285 to 0.04252, saving model to ./results/NN_thk_regr/ResNet/recursion_36/ckpt_1
2/2 - 1s - loss: 0.0486 - mse: 0.0486 - mae: 0.1698 - val_loss: 0.0425 - val_mse: 0.0425 - val_mae: 0.1571 - 1s/epoch - 557ms/step
Epoch 25/10000

Epoch 25: val_loss improved from 0.04252 to 0.04237, saving model to ./results/NN_thk_regr/ResNet/recursion_36/ckpt_1
2/2 - 1s - loss: 0.0471 - mse: 0.0471 - mae: 0.1643 - val_loss: 0.0424 - val_mse: 0.0424 - val_mae: 0.1556 - 1s/epoch - 587ms/step
Epoch 26/10000

Epoch 26: val_loss did not improve from 0.04237
2/2 - 0s - loss: 0.0468 - mse: 0.0468 - mae: 0.1636 - val_loss: 0.0425 - val_mse: 0.0425 - val_mae: 0.1594 - 284ms/epoch - 142ms/step
Epoch 27/10000

Epoch 27: val_loss improved from 0.04237 to 0.04186, saving model to ./results/NN_thk_regr/ResNet/recursion_36/ckpt_1
2/2 - 1s - loss: 0.0465 - mse: 0.0465 - mae: 0.1658 - val_loss: 0.0419 - val_mse: 0.0419 - val_mae: 0.1556 - 1s/epoch - 595ms/step
Epoch 28/10000

Epoch 28: val_loss improved from 0.04186 to 0.04158, saving model to ./results/NN_thk_regr/ResNet/recursion_36/ckpt_1
2/2 - 1s - loss: 0.0460 - mse: 0.0460 - mae: 0.1629 - val_loss: 0.0416 - val_mse: 0.0416 - val_mae: 0.1557 - 1s/epoch - 557ms/step
Epoch 29/10000

Epoch 29: val_loss improved from 0.04158 to 0.04137, saving model to ./results/NN_thk_regr/ResNet/recursion_36/ckpt_1
2/2 - 1s - loss: 0.0453 - mse: 0.0453 - mae: 0.1629 - val_loss: 0.0414 - val_mse: 0.0414 - val_mae: 0.1567 - 1s/epoch - 588ms/step
Epoch 30/10000

Epoch 30: val_loss did not improve from 0.04137
2/2 - 0s - loss: 0.0449 - mse: 0.0449 - mae: 0.1630 - val_loss: 0.0416 - val_mse: 0.0416 - val_mae: 0.1542 - 282ms/epoch - 141ms/step
Epoch 31/10000

Epoch 31: val_loss improved from 0.04137 to 0.04088, saving model to ./results/NN_thk_regr/ResNet/recursion_36/ckpt_1
2/2 - 1s - loss: 0.0449 - mse: 0.0449 - mae: 0.1616 - val_loss: 0.0409 - val_mse: 0.0409 - val_mae: 0.1575 - 1s/epoch - 551ms/step
Epoch 32/10000

Epoch 32: val_loss improved from 0.04088 to 0.03997, saving model to ./results/NN_thk_regr/ResNet/recursion_36/ckpt_1
2/2 - 1s - loss: 0.0442 - mse: 0.0442 - mae: 0.1627 - val_loss: 0.0400 - val_mse: 0.0400 - val_mae: 0.1524 - 1s/epoch - 583ms/step
Epoch 33/10000

Epoch 33: val_loss improved from 0.03997 to 0.03966, saving model to ./results/NN_thk_regr/ResNet/recursion_36/ckpt_1
2/2 - 1s - loss: 0.0437 - mse: 0.0437 - mae: 0.1604 - val_loss: 0.0397 - val_mse: 0.0397 - val_mae: 0.1523 - 1s/epoch - 588ms/step
Epoch 34/10000

Epoch 34: val_loss did not improve from 0.03966
2/2 - 0s - loss: 0.0437 - mse: 0.0437 - mae: 0.1596 - val_loss: 0.0418 - val_mse: 0.0418 - val_mae: 0.1612 - 287ms/epoch - 144ms/step
Epoch 35/10000

Epoch 35: val_loss improved from 0.03966 to 0.03943, saving model to ./results/NN_thk_regr/ResNet/recursion_36/ckpt_1
2/2 - 1s - loss: 0.0462 - mse: 0.0462 - mae: 0.1665 - val_loss: 0.0394 - val_mse: 0.0394 - val_mae: 0.1518 - 1s/epoch - 588ms/step
Epoch 36/10000

Epoch 36: val_loss did not improve from 0.03943
2/2 - 0s - loss: 0.0438 - mse: 0.0438 - mae: 0.1614 - val_loss: 0.0395 - val_mse: 0.0395 - val_mae: 0.1512 - 284ms/epoch - 142ms/step
Epoch 37/10000

Epoch 37: val_loss did not improve from 0.03943
2/2 - 0s - loss: 0.0434 - mse: 0.0434 - mae: 0.1586 - val_loss: 0.0394 - val_mse: 0.0394 - val_mae: 0.1513 - 287ms/epoch - 144ms/step
Epoch 38/10000

Epoch 38: val_loss did not improve from 0.03943
2/2 - 0s - loss: 0.0431 - mse: 0.0431 - mae: 0.1594 - val_loss: 0.0399 - val_mse: 0.0399 - val_mae: 0.1545 - 287ms/epoch - 143ms/step
Epoch 39/10000

Epoch 39: val_loss did not improve from 0.03943
2/2 - 0s - loss: 0.0432 - mse: 0.0432 - mae: 0.1599 - val_loss: 0.0396 - val_mse: 0.0396 - val_mae: 0.1508 - 284ms/epoch - 142ms/step
Epoch 40/10000

Epoch 40: val_loss did not improve from 0.03943
2/2 - 0s - loss: 0.0432 - mse: 0.0432 - mae: 0.1590 - val_loss: 0.0397 - val_mse: 0.0397 - val_mae: 0.1539 - 286ms/epoch - 143ms/step
Epoch 41/10000

Epoch 41: val_loss improved from 0.03943 to 0.03912, saving model to ./results/NN_thk_regr/ResNet/recursion_36/ckpt_1
2/2 - 1s - loss: 0.0433 - mse: 0.0433 - mae: 0.1599 - val_loss: 0.0391 - val_mse: 0.0391 - val_mae: 0.1507 - 1s/epoch - 553ms/step
Epoch 42/10000

Epoch 42: val_loss did not improve from 0.03912
2/2 - 0s - loss: 0.0427 - mse: 0.0427 - mae: 0.1582 - val_loss: 0.0392 - val_mse: 0.0392 - val_mae: 0.1520 - 285ms/epoch - 142ms/step
Epoch 43/10000

Epoch 43: val_loss improved from 0.03912 to 0.03893, saving model to ./results/NN_thk_regr/ResNet/recursion_36/ckpt_1
2/2 - 1s - loss: 0.0427 - mse: 0.0427 - mae: 0.1581 - val_loss: 0.0389 - val_mse: 0.0389 - val_mae: 0.1500 - 1s/epoch - 581ms/step
Epoch 44/10000

Epoch 44: val_loss did not improve from 0.03893
2/2 - 0s - loss: 0.0424 - mse: 0.0424 - mae: 0.1571 - val_loss: 0.0398 - val_mse: 0.0398 - val_mae: 0.1547 - 284ms/epoch - 142ms/step
Epoch 45/10000

Epoch 45: val_loss did not improve from 0.03893
2/2 - 0s - loss: 0.0428 - mse: 0.0428 - mae: 0.1596 - val_loss: 0.0401 - val_mse: 0.0401 - val_mae: 0.1509 - 288ms/epoch - 144ms/step
Epoch 46/10000

Epoch 46: val_loss improved from 0.03893 to 0.03878, saving model to ./results/NN_thk_regr/ResNet/recursion_36/ckpt_1
2/2 - 1s - loss: 0.0438 - mse: 0.0438 - mae: 0.1592 - val_loss: 0.0388 - val_mse: 0.0388 - val_mae: 0.1507 - 1s/epoch - 586ms/step
Epoch 47/10000

Epoch 47: val_loss did not improve from 0.03878
2/2 - 0s - loss: 0.0422 - mse: 0.0422 - mae: 0.1572 - val_loss: 0.0390 - val_mse: 0.0390 - val_mae: 0.1494 - 283ms/epoch - 141ms/step
Epoch 48/10000

Epoch 48: val_loss did not improve from 0.03878
2/2 - 0s - loss: 0.0424 - mse: 0.0424 - mae: 0.1569 - val_loss: 0.0399 - val_mse: 0.0399 - val_mae: 0.1553 - 287ms/epoch - 144ms/step
Epoch 49/10000

Epoch 49: val_loss did not improve from 0.03878
2/2 - 0s - loss: 0.0429 - mse: 0.0429 - mae: 0.1594 - val_loss: 0.0391 - val_mse: 0.0391 - val_mae: 0.1493 - 283ms/epoch - 142ms/step
Epoch 50/10000

Epoch 50: val_loss did not improve from 0.03878
2/2 - 0s - loss: 0.0424 - mse: 0.0424 - mae: 0.1562 - val_loss: 0.0395 - val_mse: 0.0395 - val_mae: 0.1539 - 287ms/epoch - 144ms/step
Epoch 51/10000

Epoch 51: val_loss improved from 0.03878 to 0.03839, saving model to ./results/NN_thk_regr/ResNet/recursion_36/ckpt_1
2/2 - 1s - loss: 0.0430 - mse: 0.0430 - mae: 0.1595 - val_loss: 0.0384 - val_mse: 0.0384 - val_mae: 0.1488 - 1s/epoch - 591ms/step
Epoch 52/10000

Epoch 52: val_loss improved from 0.03839 to 0.03834, saving model to ./results/NN_thk_regr/ResNet/recursion_36/ckpt_1
2/2 - 1s - loss: 0.0421 - mse: 0.0421 - mae: 0.1567 - val_loss: 0.0383 - val_mse: 0.0383 - val_mae: 0.1491 - 1s/epoch - 552ms/step
Epoch 53/10000

Epoch 53: val_loss improved from 0.03834 to 0.03833, saving model to ./results/NN_thk_regr/ResNet/recursion_36/ckpt_1
2/2 - 1s - loss: 0.0420 - mse: 0.0420 - mae: 0.1562 - val_loss: 0.0383 - val_mse: 0.0383 - val_mae: 0.1493 - 1s/epoch - 582ms/step
Epoch 54/10000

Epoch 54: val_loss improved from 0.03833 to 0.03824, saving model to ./results/NN_thk_regr/ResNet/recursion_36/ckpt_1
2/2 - 1s - loss: 0.0419 - mse: 0.0419 - mae: 0.1565 - val_loss: 0.0382 - val_mse: 0.0382 - val_mae: 0.1484 - 1s/epoch - 585ms/step
Epoch 55/10000

Epoch 55: val_loss did not improve from 0.03824
2/2 - 0s - loss: 0.0417 - mse: 0.0417 - mae: 0.1555 - val_loss: 0.0383 - val_mse: 0.0383 - val_mae: 0.1492 - 288ms/epoch - 144ms/step
Epoch 56/10000

Epoch 56: val_loss improved from 0.03824 to 0.03813, saving model to ./results/NN_thk_regr/ResNet/recursion_36/ckpt_1
2/2 - 1s - loss: 0.0416 - mse: 0.0416 - mae: 0.1561 - val_loss: 0.0381 - val_mse: 0.0381 - val_mae: 0.1485 - 1s/epoch - 590ms/step
Epoch 57/10000

Epoch 57: val_loss did not improve from 0.03813
2/2 - 0s - loss: 0.0416 - mse: 0.0416 - mae: 0.1555 - val_loss: 0.0382 - val_mse: 0.0382 - val_mae: 0.1494 - 283ms/epoch - 141ms/step
Epoch 58/10000

Epoch 58: val_loss did not improve from 0.03813
2/2 - 0s - loss: 0.0416 - mse: 0.0416 - mae: 0.1560 - val_loss: 0.0382 - val_mse: 0.0382 - val_mae: 0.1479 - 286ms/epoch - 143ms/step
Epoch 59/10000

Epoch 59: val_loss did not improve from 0.03813
2/2 - 0s - loss: 0.0418 - mse: 0.0418 - mae: 0.1557 - val_loss: 0.0382 - val_mse: 0.0382 - val_mae: 0.1479 - 278ms/epoch - 139ms/step
Epoch 60/10000

Epoch 60: val_loss did not improve from 0.03813
2/2 - 0s - loss: 0.0416 - mse: 0.0416 - mae: 0.1550 - val_loss: 0.0400 - val_mse: 0.0400 - val_mae: 0.1563 - 279ms/epoch - 140ms/step
Epoch 61/10000

Epoch 61: val_loss did not improve from 0.03813
2/2 - 0s - loss: 0.0422 - mse: 0.0422 - mae: 0.1591 - val_loss: 0.0453 - val_mse: 0.0453 - val_mae: 0.1604 - 285ms/epoch - 143ms/step
Epoch 62/10000

Epoch 62: val_loss did not improve from 0.03813
2/2 - 0s - loss: 0.0463 - mse: 0.0463 - mae: 0.1623 - val_loss: 0.0502 - val_mse: 0.0502 - val_mae: 0.1834 - 287ms/epoch - 144ms/step
Epoch 63/10000

Epoch 63: val_loss did not improve from 0.03813
2/2 - 0s - loss: 0.0499 - mse: 0.0499 - mae: 0.1796 - val_loss: 0.0443 - val_mse: 0.0443 - val_mae: 0.1583 - 281ms/epoch - 140ms/step
Epoch 64/10000

Epoch 64: val_loss did not improve from 0.03813
2/2 - 0s - loss: 0.0453 - mse: 0.0453 - mae: 0.1605 - val_loss: 0.0489 - val_mse: 0.0489 - val_mae: 0.1800 - 287ms/epoch - 143ms/step
Epoch 65/10000

Epoch 65: val_loss did not improve from 0.03813
2/2 - 0s - loss: 0.0479 - mse: 0.0479 - mae: 0.1746 - val_loss: 0.0467 - val_mse: 0.0467 - val_mae: 0.1628 - 281ms/epoch - 141ms/step
Epoch 66/10000

Epoch 66: val_loss did not improve from 0.03813
2/2 - 0s - loss: 0.0490 - mse: 0.0490 - mae: 0.1669 - val_loss: 0.0407 - val_mse: 0.0407 - val_mae: 0.1579 - 283ms/epoch - 142ms/step
Epoch 67/10000

Epoch 67: val_loss did not improve from 0.03813
2/2 - 0s - loss: 0.0448 - mse: 0.0448 - mae: 0.1656 - val_loss: 0.0384 - val_mse: 0.0384 - val_mae: 0.1495 - 288ms/epoch - 144ms/step
Epoch 68/10000

Epoch 68: val_loss did not improve from 0.03813
2/2 - 0s - loss: 0.0432 - mse: 0.0432 - mae: 0.1589 - val_loss: 0.0399 - val_mse: 0.0399 - val_mae: 0.1505 - 283ms/epoch - 141ms/step
Epoch 69/10000

Epoch 69: val_loss did not improve from 0.03813
2/2 - 0s - loss: 0.0425 - mse: 0.0425 - mae: 0.1572 - val_loss: 0.0438 - val_mse: 0.0438 - val_mae: 0.1668 - 286ms/epoch - 143ms/step
Epoch 70/10000

Epoch 70: val_loss did not improve from 0.03813
2/2 - 0s - loss: 0.0450 - mse: 0.0450 - mae: 0.1670 - val_loss: 0.0412 - val_mse: 0.0412 - val_mae: 0.1527 - 281ms/epoch - 141ms/step
Epoch 71/10000

Epoch 71: val_loss did not improve from 0.03813
2/2 - 0s - loss: 0.0445 - mse: 0.0445 - mae: 0.1592 - val_loss: 0.0385 - val_mse: 0.0385 - val_mae: 0.1496 - 286ms/epoch - 143ms/step
Epoch 72/10000

Epoch 72: val_loss did not improve from 0.03813
2/2 - 0s - loss: 0.0429 - mse: 0.0429 - mae: 0.1594 - val_loss: 0.0389 - val_mse: 0.0389 - val_mae: 0.1516 - 287ms/epoch - 143ms/step
Epoch 73/10000

Epoch 73: val_loss did not improve from 0.03813
2/2 - 0s - loss: 0.0427 - mse: 0.0427 - mae: 0.1587 - val_loss: 0.0396 - val_mse: 0.0396 - val_mae: 0.1498 - 287ms/epoch - 143ms/step
Epoch 74/10000

Epoch 74: val_loss did not improve from 0.03813
2/2 - 0s - loss: 0.0425 - mse: 0.0425 - mae: 0.1563 - val_loss: 0.0403 - val_mse: 0.0403 - val_mae: 0.1568 - 287ms/epoch - 143ms/step
Epoch 75/10000

Epoch 75: val_loss did not improve from 0.03813
2/2 - 0s - loss: 0.0429 - mse: 0.0429 - mae: 0.1605 - val_loss: 0.0386 - val_mse: 0.0386 - val_mae: 0.1484 - 285ms/epoch - 143ms/step
Epoch 76/10000

Epoch 76: val_loss did not improve from 0.03813
2/2 - 0s - loss: 0.0419 - mse: 0.0419 - mae: 0.1551 - val_loss: 0.0383 - val_mse: 0.0383 - val_mae: 0.1491 - 287ms/epoch - 143ms/step
Epoch 77/10000

Epoch 77: val_loss did not improve from 0.03813
2/2 - 0s - loss: 0.0416 - mse: 0.0416 - mae: 0.1562 - val_loss: 0.0385 - val_mse: 0.0385 - val_mae: 0.1506 - 279ms/epoch - 139ms/step
Epoch 78/10000

Epoch 78: val_loss did not improve from 0.03813
2/2 - 0s - loss: 0.0415 - mse: 0.0415 - mae: 0.1557 - val_loss: 0.0387 - val_mse: 0.0387 - val_mae: 0.1485 - 279ms/epoch - 140ms/step
Epoch 79/10000

Epoch 79: val_loss did not improve from 0.03813
2/2 - 0s - loss: 0.0418 - mse: 0.0418 - mae: 0.1554 - val_loss: 0.0384 - val_mse: 0.0384 - val_mae: 0.1502 - 286ms/epoch - 143ms/step
Epoch 80/10000

Epoch 80: val_loss did not improve from 0.03813
2/2 - 0s - loss: 0.0416 - mse: 0.0416 - mae: 0.1566 - val_loss: 0.0384 - val_mse: 0.0384 - val_mae: 0.1481 - 288ms/epoch - 144ms/step
Epoch 81/10000

Epoch 81: val_loss improved from 0.03813 to 0.03805, saving model to ./results/NN_thk_regr/ResNet/recursion_36/ckpt_1
2/2 - 1s - loss: 0.0417 - mse: 0.0417 - mae: 0.1546 - val_loss: 0.0381 - val_mse: 0.0381 - val_mae: 0.1479 - 1s/epoch - 555ms/step
Epoch 82/10000

Epoch 82: val_loss did not improve from 0.03805
2/2 - 0s - loss: 0.0412 - mse: 0.0412 - mae: 0.1549 - val_loss: 0.0388 - val_mse: 0.0388 - val_mae: 0.1521 - 288ms/epoch - 144ms/step
Epoch 83/10000

Epoch 83: val_loss did not improve from 0.03805
2/2 - 0s - loss: 0.0415 - mse: 0.0415 - mae: 0.1565 - val_loss: 0.0386 - val_mse: 0.0386 - val_mae: 0.1481 - 286ms/epoch - 143ms/step
Epoch 84/10000

Epoch 84: val_loss did not improve from 0.03805
2/2 - 0s - loss: 0.0417 - mse: 0.0417 - mae: 0.1546 - val_loss: 0.0385 - val_mse: 0.0385 - val_mae: 0.1507 - 287ms/epoch - 144ms/step
Epoch 85/10000

Epoch 85: val_loss improved from 0.03805 to 0.03788, saving model to ./results/NN_thk_regr/ResNet/recursion_36/ckpt_1
2/2 - 1s - loss: 0.0414 - mse: 0.0414 - mae: 0.1567 - val_loss: 0.0379 - val_mse: 0.0379 - val_mae: 0.1484 - 1s/epoch - 583ms/step
Epoch 86/10000

Epoch 86: val_loss did not improve from 0.03788
2/2 - 0s - loss: 0.0421 - mse: 0.0421 - mae: 0.1563 - val_loss: 0.0385 - val_mse: 0.0385 - val_mae: 0.1511 - 285ms/epoch - 143ms/step
Epoch 87/10000

Epoch 87: val_loss did not improve from 0.03788
2/2 - 0s - loss: 0.0417 - mse: 0.0417 - mae: 0.1575 - val_loss: 0.0379 - val_mse: 0.0379 - val_mae: 0.1473 - 289ms/epoch - 144ms/step
Epoch 88/10000

Epoch 88: val_loss improved from 0.03788 to 0.03775, saving model to ./results/NN_thk_regr/ResNet/recursion_36/ckpt_1
2/2 - 1s - loss: 0.0414 - mse: 0.0414 - mae: 0.1542 - val_loss: 0.0377 - val_mse: 0.0377 - val_mae: 0.1476 - 1s/epoch - 586ms/step
Epoch 89/10000

Epoch 89: val_loss did not improve from 0.03775
2/2 - 0s - loss: 0.0407 - mse: 0.0407 - mae: 0.1542 - val_loss: 0.0393 - val_mse: 0.0393 - val_mae: 0.1539 - 284ms/epoch - 142ms/step
Epoch 90/10000

Epoch 90: val_loss did not improve from 0.03775
2/2 - 0s - loss: 0.0416 - mse: 0.0416 - mae: 0.1569 - val_loss: 0.0388 - val_mse: 0.0388 - val_mae: 0.1484 - 285ms/epoch - 142ms/step
Epoch 91/10000

Epoch 91: val_loss did not improve from 0.03775
2/2 - 0s - loss: 0.0417 - mse: 0.0417 - mae: 0.1547 - val_loss: 0.0388 - val_mse: 0.0388 - val_mae: 0.1524 - 282ms/epoch - 141ms/step
Epoch 92/10000

Epoch 92: val_loss did not improve from 0.03775
2/2 - 0s - loss: 0.0417 - mse: 0.0417 - mae: 0.1578 - val_loss: 0.0380 - val_mse: 0.0380 - val_mae: 0.1473 - 282ms/epoch - 141ms/step
Epoch 93/10000

Epoch 93: val_loss improved from 0.03775 to 0.03765, saving model to ./results/NN_thk_regr/ResNet/recursion_36/ckpt_1
2/2 - 1s - loss: 0.0415 - mse: 0.0415 - mae: 0.1543 - val_loss: 0.0377 - val_mse: 0.0377 - val_mae: 0.1477 - 1s/epoch - 590ms/step
Epoch 94/10000

Epoch 94: val_loss did not improve from 0.03765
2/2 - 0s - loss: 0.0421 - mse: 0.0421 - mae: 0.1579 - val_loss: 0.0378 - val_mse: 0.0378 - val_mae: 0.1470 - 283ms/epoch - 141ms/step
Epoch 95/10000

Epoch 95: val_loss improved from 0.03765 to 0.03759, saving model to ./results/NN_thk_regr/ResNet/recursion_36/ckpt_1
2/2 - 1s - loss: 0.0418 - mse: 0.0418 - mae: 0.1544 - val_loss: 0.0376 - val_mse: 0.0376 - val_mae: 0.1470 - 1s/epoch - 554ms/step
Epoch 96/10000

Epoch 96: val_loss did not improve from 0.03759
2/2 - 0s - loss: 0.0416 - mse: 0.0416 - mae: 0.1570 - val_loss: 0.0379 - val_mse: 0.0379 - val_mae: 0.1491 - 282ms/epoch - 141ms/step
Epoch 97/10000

Epoch 97: val_loss did not improve from 0.03759
2/2 - 0s - loss: 0.0406 - mse: 0.0406 - mae: 0.1539 - val_loss: 0.0395 - val_mse: 0.0395 - val_mae: 0.1494 - 285ms/epoch - 143ms/step
Epoch 98/10000

Epoch 98: val_loss did not improve from 0.03759
2/2 - 0s - loss: 0.0421 - mse: 0.0421 - mae: 0.1560 - val_loss: 0.0400 - val_mse: 0.0400 - val_mae: 0.1564 - 287ms/epoch - 144ms/step
Epoch 99/10000

Epoch 99: val_loss did not improve from 0.03759
2/2 - 0s - loss: 0.0420 - mse: 0.0420 - mae: 0.1589 - val_loss: 0.0391 - val_mse: 0.0391 - val_mae: 0.1488 - 284ms/epoch - 142ms/step
Epoch 100/10000

Epoch 100: val_loss did not improve from 0.03759
2/2 - 0s - loss: 0.0421 - mse: 0.0421 - mae: 0.1553 - val_loss: 0.0383 - val_mse: 0.0383 - val_mae: 0.1507 - 288ms/epoch - 144ms/step
Epoch 101/10000

Epoch 101: val_loss did not improve from 0.03759
2/2 - 0s - loss: 0.0412 - mse: 0.0412 - mae: 0.1567 - val_loss: 0.0377 - val_mse: 0.0377 - val_mae: 0.1482 - 287ms/epoch - 144ms/step
Epoch 102/10000

Epoch 102: val_loss did not improve from 0.03759
2/2 - 0s - loss: 0.0406 - mse: 0.0406 - mae: 0.1538 - val_loss: 0.0380 - val_mse: 0.0380 - val_mae: 0.1471 - 279ms/epoch - 140ms/step
Epoch 103/10000

Epoch 103: val_loss did not improve from 0.03759
2/2 - 0s - loss: 0.0410 - mse: 0.0410 - mae: 0.1537 - val_loss: 0.0383 - val_mse: 0.0383 - val_mae: 0.1506 - 289ms/epoch - 144ms/step
Epoch 104/10000

Epoch 104: val_loss did not improve from 0.03759
2/2 - 0s - loss: 0.0408 - mse: 0.0408 - mae: 0.1549 - val_loss: 0.0387 - val_mse: 0.0387 - val_mae: 0.1480 - 286ms/epoch - 143ms/step
Epoch 105/10000

Epoch 105: val_loss did not improve from 0.03759
2/2 - 0s - loss: 0.0416 - mse: 0.0416 - mae: 0.1542 - val_loss: 0.0388 - val_mse: 0.0388 - val_mae: 0.1527 - 284ms/epoch - 142ms/step
Epoch 106/10000

Epoch 106: val_loss did not improve from 0.03759
2/2 - 0s - loss: 0.0416 - mse: 0.0416 - mae: 0.1578 - val_loss: 0.0376 - val_mse: 0.0376 - val_mae: 0.1466 - 280ms/epoch - 140ms/step
Epoch 107/10000

Epoch 107: val_loss improved from 0.03759 to 0.03743, saving model to ./results/NN_thk_regr/ResNet/recursion_36/ckpt_1
2/2 - 1s - loss: 0.0410 - mse: 0.0410 - mae: 0.1535 - val_loss: 0.0374 - val_mse: 0.0374 - val_mae: 0.1471 - 1s/epoch - 582ms/step
Epoch 108/10000

Epoch 108: val_loss did not improve from 0.03743
2/2 - 0s - loss: 0.0404 - mse: 0.0404 - mae: 0.1537 - val_loss: 0.0383 - val_mse: 0.0383 - val_mae: 0.1510 - 284ms/epoch - 142ms/step
Epoch 109/10000

Epoch 109: val_loss did not improve from 0.03743
2/2 - 0s - loss: 0.0408 - mse: 0.0408 - mae: 0.1550 - val_loss: 0.0385 - val_mse: 0.0385 - val_mae: 0.1477 - 284ms/epoch - 142ms/step
Epoch 110/10000

Epoch 110: val_loss did not improve from 0.03743
2/2 - 0s - loss: 0.0411 - mse: 0.0411 - mae: 0.1533 - val_loss: 0.0393 - val_mse: 0.0393 - val_mae: 0.1545 - 284ms/epoch - 142ms/step
Epoch 111/10000

Epoch 111: val_loss did not improve from 0.03743
2/2 - 0s - loss: 0.0415 - mse: 0.0415 - mae: 0.1579 - val_loss: 0.0387 - val_mse: 0.0387 - val_mae: 0.1482 - 287ms/epoch - 144ms/step
Epoch 112/10000

Epoch 112: val_loss did not improve from 0.03743
2/2 - 0s - loss: 0.0417 - mse: 0.0417 - mae: 0.1543 - val_loss: 0.0378 - val_mse: 0.0378 - val_mae: 0.1491 - 290ms/epoch - 145ms/step
Epoch 113/10000

Epoch 113: val_loss did not improve from 0.03743
2/2 - 0s - loss: 0.0410 - mse: 0.0410 - mae: 0.1561 - val_loss: 0.0375 - val_mse: 0.0375 - val_mae: 0.1465 - 283ms/epoch - 141ms/step
Epoch 114/10000

Epoch 114: val_loss improved from 0.03743 to 0.03739, saving model to ./results/NN_thk_regr/ResNet/recursion_36/ckpt_1
2/2 - 1s - loss: 0.0406 - mse: 0.0406 - mae: 0.1528 - val_loss: 0.0374 - val_mse: 0.0374 - val_mae: 0.1465 - 1s/epoch - 587ms/step
Epoch 115/10000

Epoch 115: val_loss did not improve from 0.03739
2/2 - 0s - loss: 0.0407 - mse: 0.0407 - mae: 0.1542 - val_loss: 0.0375 - val_mse: 0.0375 - val_mae: 0.1477 - 287ms/epoch - 144ms/step
Epoch 116/10000

Epoch 116: val_loss did not improve from 0.03739
2/2 - 0s - loss: 0.0405 - mse: 0.0405 - mae: 0.1536 - val_loss: 0.0375 - val_mse: 0.0375 - val_mae: 0.1464 - 288ms/epoch - 144ms/step
Epoch 117/10000

Epoch 117: val_loss did not improve from 0.03739
2/2 - 0s - loss: 0.0405 - mse: 0.0405 - mae: 0.1538 - val_loss: 0.0377 - val_mse: 0.0377 - val_mae: 0.1489 - 281ms/epoch - 140ms/step
Epoch 118/10000

Epoch 118: val_loss improved from 0.03739 to 0.03735, saving model to ./results/NN_thk_regr/ResNet/recursion_36/ckpt_1
2/2 - 1s - loss: 0.0406 - mse: 0.0406 - mae: 0.1537 - val_loss: 0.0373 - val_mse: 0.0373 - val_mae: 0.1463 - 1s/epoch - 592ms/step
Epoch 119/10000

Epoch 119: val_loss did not improve from 0.03735
2/2 - 0s - loss: 0.0402 - mse: 0.0402 - mae: 0.1525 - val_loss: 0.0377 - val_mse: 0.0377 - val_mae: 0.1490 - 279ms/epoch - 140ms/step
Epoch 120/10000

Epoch 120: val_loss did not improve from 0.03735
2/2 - 0s - loss: 0.0403 - mse: 0.0403 - mae: 0.1538 - val_loss: 0.0376 - val_mse: 0.0376 - val_mae: 0.1464 - 279ms/epoch - 140ms/step
Epoch 121/10000

Epoch 121: val_loss did not improve from 0.03735
2/2 - 0s - loss: 0.0404 - mse: 0.0404 - mae: 0.1527 - val_loss: 0.0376 - val_mse: 0.0376 - val_mae: 0.1484 - 282ms/epoch - 141ms/step
Epoch 122/10000

Epoch 122: val_loss did not improve from 0.03735
2/2 - 0s - loss: 0.0401 - mse: 0.0401 - mae: 0.1535 - val_loss: 0.0374 - val_mse: 0.0374 - val_mae: 0.1462 - 287ms/epoch - 144ms/step
Epoch 123/10000

Epoch 123: val_loss did not improve from 0.03735
2/2 - 0s - loss: 0.0402 - mse: 0.0402 - mae: 0.1520 - val_loss: 0.0378 - val_mse: 0.0378 - val_mae: 0.1495 - 286ms/epoch - 143ms/step
Epoch 124/10000

Epoch 124: val_loss did not improve from 0.03735
2/2 - 0s - loss: 0.0403 - mse: 0.0403 - mae: 0.1543 - val_loss: 0.0379 - val_mse: 0.0379 - val_mae: 0.1468 - 287ms/epoch - 144ms/step
Epoch 125/10000

Epoch 125: val_loss did not improve from 0.03735
2/2 - 0s - loss: 0.0406 - mse: 0.0406 - mae: 0.1527 - val_loss: 0.0377 - val_mse: 0.0377 - val_mae: 0.1492 - 285ms/epoch - 142ms/step
Epoch 126/10000

Epoch 126: val_loss improved from 0.03735 to 0.03712, saving model to ./results/NN_thk_regr/ResNet/recursion_36/ckpt_1
2/2 - 1s - loss: 0.0403 - mse: 0.0403 - mae: 0.1540 - val_loss: 0.0371 - val_mse: 0.0371 - val_mae: 0.1462 - 1s/epoch - 554ms/step
Epoch 127/10000

Epoch 127: val_loss did not improve from 0.03712
2/2 - 0s - loss: 0.0399 - mse: 0.0399 - mae: 0.1520 - val_loss: 0.0373 - val_mse: 0.0373 - val_mae: 0.1476 - 282ms/epoch - 141ms/step
Epoch 128/10000

Epoch 128: val_loss did not improve from 0.03712
2/2 - 0s - loss: 0.0400 - mse: 0.0400 - mae: 0.1529 - val_loss: 0.0377 - val_mse: 0.0377 - val_mae: 0.1493 - 281ms/epoch - 141ms/step
Epoch 129/10000

Epoch 129: val_loss did not improve from 0.03712
2/2 - 0s - loss: 0.0401 - mse: 0.0401 - mae: 0.1536 - val_loss: 0.0373 - val_mse: 0.0373 - val_mae: 0.1461 - 286ms/epoch - 143ms/step
Epoch 130/10000

Epoch 130: val_loss did not improve from 0.03712
2/2 - 0s - loss: 0.0400 - mse: 0.0400 - mae: 0.1520 - val_loss: 0.0375 - val_mse: 0.0375 - val_mae: 0.1484 - 281ms/epoch - 141ms/step
Epoch 131/10000

Epoch 131: val_loss did not improve from 0.03712
2/2 - 0s - loss: 0.0399 - mse: 0.0399 - mae: 0.1531 - val_loss: 0.0379 - val_mse: 0.0379 - val_mae: 0.1468 - 283ms/epoch - 141ms/step
Epoch 132/10000

Epoch 132: val_loss did not improve from 0.03712
2/2 - 0s - loss: 0.0406 - mse: 0.0406 - mae: 0.1528 - val_loss: 0.0374 - val_mse: 0.0374 - val_mae: 0.1479 - 281ms/epoch - 141ms/step
Epoch 133/10000

Epoch 133: val_loss improved from 0.03712 to 0.03710, saving model to ./results/NN_thk_regr/ResNet/recursion_36/ckpt_1
2/2 - 1s - loss: 0.0400 - mse: 0.0400 - mae: 0.1529 - val_loss: 0.0371 - val_mse: 0.0371 - val_mae: 0.1466 - 1s/epoch - 594ms/step
Epoch 134/10000

Epoch 134: val_loss did not improve from 0.03710
2/2 - 0s - loss: 0.0397 - mse: 0.0397 - mae: 0.1521 - val_loss: 0.0371 - val_mse: 0.0371 - val_mae: 0.1458 - 287ms/epoch - 144ms/step
Epoch 135/10000

Epoch 135: val_loss did not improve from 0.03710
2/2 - 0s - loss: 0.0398 - mse: 0.0398 - mae: 0.1514 - val_loss: 0.0373 - val_mse: 0.0373 - val_mae: 0.1477 - 286ms/epoch - 143ms/step
Epoch 136/10000

Epoch 136: val_loss did not improve from 0.03710
2/2 - 0s - loss: 0.0400 - mse: 0.0400 - mae: 0.1529 - val_loss: 0.0379 - val_mse: 0.0379 - val_mae: 0.1502 - 285ms/epoch - 143ms/step
Epoch 137/10000

Epoch 137: val_loss did not improve from 0.03710
2/2 - 0s - loss: 0.0402 - mse: 0.0402 - mae: 0.1545 - val_loss: 0.0409 - val_mse: 0.0409 - val_mae: 0.1521 - 284ms/epoch - 142ms/step
Epoch 138/10000

Epoch 138: val_loss did not improve from 0.03710
2/2 - 0s - loss: 0.0430 - mse: 0.0430 - mae: 0.1563 - val_loss: 0.0390 - val_mse: 0.0390 - val_mae: 0.1539 - 283ms/epoch - 141ms/step
Epoch 139/10000

Epoch 139: val_loss did not improve from 0.03710
2/2 - 0s - loss: 0.0411 - mse: 0.0411 - mae: 0.1571 - val_loss: 0.0371 - val_mse: 0.0371 - val_mae: 0.1459 - 288ms/epoch - 144ms/step
Epoch 140/10000

Epoch 140: val_loss improved from 0.03710 to 0.03705, saving model to ./results/NN_thk_regr/ResNet/recursion_36/ckpt_1
2/2 - 1s - loss: 0.0398 - mse: 0.0398 - mae: 0.1514 - val_loss: 0.0371 - val_mse: 0.0371 - val_mae: 0.1465 - 1s/epoch - 554ms/step
Epoch 141/10000

Epoch 141: val_loss did not improve from 0.03705
2/2 - 0s - loss: 0.0395 - mse: 0.0395 - mae: 0.1516 - val_loss: 0.0373 - val_mse: 0.0373 - val_mae: 0.1460 - 286ms/epoch - 143ms/step
Epoch 142/10000

Epoch 142: val_loss did not improve from 0.03705
2/2 - 0s - loss: 0.0397 - mse: 0.0397 - mae: 0.1516 - val_loss: 0.0385 - val_mse: 0.0385 - val_mae: 0.1521 - 287ms/epoch - 144ms/step
Epoch 143/10000

Epoch 143: val_loss did not improve from 0.03705
2/2 - 0s - loss: 0.0402 - mse: 0.0402 - mae: 0.1545 - val_loss: 0.0386 - val_mse: 0.0386 - val_mae: 0.1480 - 288ms/epoch - 144ms/step
Epoch 144/10000

Epoch 144: val_loss did not improve from 0.03705
2/2 - 0s - loss: 0.0408 - mse: 0.0408 - mae: 0.1532 - val_loss: 0.0389 - val_mse: 0.0389 - val_mae: 0.1535 - 284ms/epoch - 142ms/step
Epoch 145/10000

Epoch 145: val_loss did not improve from 0.03705
2/2 - 0s - loss: 0.0408 - mse: 0.0408 - mae: 0.1568 - val_loss: 0.0374 - val_mse: 0.0374 - val_mae: 0.1460 - 289ms/epoch - 145ms/step
Epoch 146/10000

Epoch 146: val_loss did not improve from 0.03705
2/2 - 0s - loss: 0.0398 - mse: 0.0398 - mae: 0.1518 - val_loss: 0.0378 - val_mse: 0.0378 - val_mae: 0.1498 - 285ms/epoch - 142ms/step
Epoch 147/10000

Epoch 147: val_loss did not improve from 0.03705
2/2 - 0s - loss: 0.0398 - mse: 0.0398 - mae: 0.1530 - val_loss: 0.0378 - val_mse: 0.0378 - val_mae: 0.1465 - 286ms/epoch - 143ms/step
Epoch 148/10000

Epoch 148: val_loss did not improve from 0.03705
2/2 - 0s - loss: 0.0399 - mse: 0.0399 - mae: 0.1510 - val_loss: 0.0394 - val_mse: 0.0394 - val_mae: 0.1554 - 289ms/epoch - 144ms/step
Epoch 149/10000

Epoch 149: val_loss did not improve from 0.03705
2/2 - 0s - loss: 0.0409 - mse: 0.0409 - mae: 0.1557 - val_loss: 0.0386 - val_mse: 0.0386 - val_mae: 0.1479 - 286ms/epoch - 143ms/step
Epoch 150/10000

Epoch 150: val_loss did not improve from 0.03705
2/2 - 0s - loss: 0.0410 - mse: 0.0410 - mae: 0.1537 - val_loss: 0.0379 - val_mse: 0.0379 - val_mae: 0.1501 - 285ms/epoch - 143ms/step
Epoch 151/10000

Epoch 151: val_loss improved from 0.03705 to 0.03698, saving model to ./results/NN_thk_regr/ResNet/recursion_36/ckpt_1
2/2 - 1s - loss: 0.0409 - mse: 0.0409 - mae: 0.1548 - val_loss: 0.0370 - val_mse: 0.0370 - val_mae: 0.1465 - 1s/epoch - 585ms/step
Epoch 152/10000

Epoch 152: val_loss did not improve from 0.03698
2/2 - 0s - loss: 0.0398 - mse: 0.0398 - mae: 0.1527 - val_loss: 0.0371 - val_mse: 0.0371 - val_mae: 0.1457 - 283ms/epoch - 141ms/step
Epoch 153/10000

Epoch 153: val_loss did not improve from 0.03698
2/2 - 0s - loss: 0.0397 - mse: 0.0397 - mae: 0.1511 - val_loss: 0.0371 - val_mse: 0.0371 - val_mae: 0.1474 - 286ms/epoch - 143ms/step
Epoch 154/10000

Epoch 154: val_loss improved from 0.03698 to 0.03691, saving model to ./results/NN_thk_regr/ResNet/recursion_36/ckpt_1
2/2 - 1s - loss: 0.0394 - mse: 0.0394 - mae: 0.1521 - val_loss: 0.0369 - val_mse: 0.0369 - val_mae: 0.1459 - 1s/epoch - 586ms/step
Epoch 155/10000

Epoch 155: val_loss did not improve from 0.03691
2/2 - 0s - loss: 0.0393 - mse: 0.0393 - mae: 0.1507 - val_loss: 0.0370 - val_mse: 0.0370 - val_mae: 0.1463 - 283ms/epoch - 141ms/step
Epoch 156/10000

Epoch 156: val_loss did not improve from 0.03691
2/2 - 0s - loss: 0.0393 - mse: 0.0393 - mae: 0.1514 - val_loss: 0.0371 - val_mse: 0.0371 - val_mae: 0.1456 - 289ms/epoch - 145ms/step
Epoch 157/10000

Epoch 157: val_loss did not improve from 0.03691
2/2 - 0s - loss: 0.0394 - mse: 0.0394 - mae: 0.1508 - val_loss: 0.0374 - val_mse: 0.0374 - val_mae: 0.1483 - 284ms/epoch - 142ms/step
Epoch 158/10000

Epoch 158: val_loss did not improve from 0.03691
2/2 - 0s - loss: 0.0394 - mse: 0.0394 - mae: 0.1523 - val_loss: 0.0379 - val_mse: 0.0379 - val_mae: 0.1467 - 288ms/epoch - 144ms/step
Epoch 159/10000

Epoch 159: val_loss did not improve from 0.03691
2/2 - 0s - loss: 0.0406 - mse: 0.0406 - mae: 0.1542 - val_loss: 0.0369 - val_mse: 0.0369 - val_mae: 0.1455 - 285ms/epoch - 142ms/step
Epoch 160/10000

Epoch 160: val_loss did not improve from 0.03691
2/2 - 0s - loss: 0.0393 - mse: 0.0393 - mae: 0.1505 - val_loss: 0.0370 - val_mse: 0.0370 - val_mae: 0.1466 - 279ms/epoch - 140ms/step
Epoch 161/10000

Epoch 161: val_loss improved from 0.03691 to 0.03686, saving model to ./results/NN_thk_regr/ResNet/recursion_36/ckpt_1
2/2 - 1s - loss: 0.0392 - mse: 0.0392 - mae: 0.1512 - val_loss: 0.0369 - val_mse: 0.0369 - val_mae: 0.1456 - 1s/epoch - 592ms/step
Epoch 162/10000

Epoch 162: val_loss improved from 0.03686 to 0.03684, saving model to ./results/NN_thk_regr/ResNet/recursion_36/ckpt_1
2/2 - 1s - loss: 0.0392 - mse: 0.0392 - mae: 0.1506 - val_loss: 0.0368 - val_mse: 0.0368 - val_mae: 0.1457 - 1s/epoch - 558ms/step
Epoch 163/10000

Epoch 163: val_loss did not improve from 0.03684
2/2 - 0s - loss: 0.0394 - mse: 0.0394 - mae: 0.1512 - val_loss: 0.0384 - val_mse: 0.0384 - val_mae: 0.1475 - 287ms/epoch - 144ms/step
Epoch 164/10000

Epoch 164: val_loss did not improve from 0.03684
2/2 - 0s - loss: 0.0402 - mse: 0.0402 - mae: 0.1520 - val_loss: 0.0394 - val_mse: 0.0394 - val_mae: 0.1555 - 287ms/epoch - 144ms/step
Epoch 165/10000

Epoch 165: val_loss did not improve from 0.03684
2/2 - 0s - loss: 0.0407 - mse: 0.0407 - mae: 0.1566 - val_loss: 0.0380 - val_mse: 0.0380 - val_mae: 0.1469 - 287ms/epoch - 143ms/step
Epoch 166/10000

Epoch 166: val_loss did not improve from 0.03684
2/2 - 0s - loss: 0.0411 - mse: 0.0411 - mae: 0.1545 - val_loss: 0.0370 - val_mse: 0.0370 - val_mae: 0.1456 - 285ms/epoch - 142ms/step
Epoch 167/10000

Epoch 167: val_loss did not improve from 0.03684
2/2 - 0s - loss: 0.0394 - mse: 0.0394 - mae: 0.1503 - val_loss: 0.0372 - val_mse: 0.0372 - val_mae: 0.1477 - 282ms/epoch - 141ms/step
Epoch 168/10000

Epoch 168: val_loss did not improve from 0.03684
2/2 - 0s - loss: 0.0393 - mse: 0.0393 - mae: 0.1520 - val_loss: 0.0372 - val_mse: 0.0372 - val_mae: 0.1457 - 284ms/epoch - 142ms/step
Epoch 169/10000

Epoch 169: val_loss did not improve from 0.03684
2/2 - 0s - loss: 0.0393 - mse: 0.0393 - mae: 0.1505 - val_loss: 0.0377 - val_mse: 0.0377 - val_mae: 0.1495 - 288ms/epoch - 144ms/step
Epoch 170/10000

Epoch 170: val_loss did not improve from 0.03684
2/2 - 0s - loss: 0.0397 - mse: 0.0397 - mae: 0.1530 - val_loss: 0.0369 - val_mse: 0.0369 - val_mae: 0.1462 - 286ms/epoch - 143ms/step
Epoch 171/10000

Epoch 171: val_loss did not improve from 0.03684
2/2 - 0s - loss: 0.0390 - mse: 0.0390 - mae: 0.1507 - val_loss: 0.0369 - val_mse: 0.0369 - val_mae: 0.1460 - 285ms/epoch - 142ms/step
Epoch 172/10000

Epoch 172: val_loss did not improve from 0.03684
2/2 - 0s - loss: 0.0390 - mse: 0.0390 - mae: 0.1504 - val_loss: 0.0370 - val_mse: 0.0370 - val_mae: 0.1469 - 288ms/epoch - 144ms/step
Epoch 173/10000

Epoch 173: val_loss did not improve from 0.03684
2/2 - 0s - loss: 0.0392 - mse: 0.0392 - mae: 0.1508 - val_loss: 0.0376 - val_mse: 0.0376 - val_mae: 0.1492 - 287ms/epoch - 144ms/step
Epoch 174/10000

Epoch 174: val_loss did not improve from 0.03684
2/2 - 0s - loss: 0.0393 - mse: 0.0393 - mae: 0.1525 - val_loss: 0.0397 - val_mse: 0.0397 - val_mae: 0.1500 - 285ms/epoch - 142ms/step
Epoch 175/10000

Epoch 175: val_loss did not improve from 0.03684
2/2 - 0s - loss: 0.0407 - mse: 0.0407 - mae: 0.1529 - val_loss: 0.0449 - val_mse: 0.0449 - val_mae: 0.1714 - 288ms/epoch - 144ms/step
Epoch 176/10000

Epoch 176: val_loss did not improve from 0.03684
2/2 - 0s - loss: 0.0453 - mse: 0.0453 - mae: 0.1674 - val_loss: 0.0396 - val_mse: 0.0396 - val_mae: 0.1499 - 285ms/epoch - 143ms/step
Epoch 177/10000

Epoch 177: val_loss did not improve from 0.03684
2/2 - 0s - loss: 0.0413 - mse: 0.0413 - mae: 0.1557 - val_loss: 0.0400 - val_mse: 0.0400 - val_mae: 0.1574 - 289ms/epoch - 144ms/step
Epoch 178/10000

Epoch 178: val_loss did not improve from 0.03684
2/2 - 0s - loss: 0.0411 - mse: 0.0411 - mae: 0.1579 - val_loss: 0.0405 - val_mse: 0.0405 - val_mae: 0.1514 - 287ms/epoch - 143ms/step
Epoch 179/10000

Epoch 179: val_loss did not improve from 0.03684
2/2 - 0s - loss: 0.0417 - mse: 0.0417 - mae: 0.1547 - val_loss: 0.0422 - val_mse: 0.0422 - val_mae: 0.1638 - 286ms/epoch - 143ms/step
Epoch 180/10000

Epoch 180: val_loss did not improve from 0.03684
2/2 - 0s - loss: 0.0426 - mse: 0.0426 - mae: 0.1623 - val_loss: 0.0411 - val_mse: 0.0411 - val_mae: 0.1524 - 286ms/epoch - 143ms/step
Epoch 181/10000

Epoch 181: val_loss did not improve from 0.03684
2/2 - 0s - loss: 0.0426 - mse: 0.0426 - mae: 0.1561 - val_loss: 0.0397 - val_mse: 0.0397 - val_mae: 0.1559 - 283ms/epoch - 141ms/step
Epoch 182/10000

Epoch 182: val_loss did not improve from 0.03684
2/2 - 0s - loss: 0.0408 - mse: 0.0408 - mae: 0.1571 - val_loss: 0.0386 - val_mse: 0.0386 - val_mae: 0.1482 - 283ms/epoch - 142ms/step
Epoch 183/10000

Epoch 183: val_loss did not improve from 0.03684
2/2 - 0s - loss: 0.0404 - mse: 0.0404 - mae: 0.1519 - val_loss: 0.0388 - val_mse: 0.0388 - val_mae: 0.1534 - 288ms/epoch - 144ms/step
Epoch 184/10000

Epoch 184: val_loss did not improve from 0.03684
2/2 - 0s - loss: 0.0401 - mse: 0.0401 - mae: 0.1552 - val_loss: 0.0384 - val_mse: 0.0384 - val_mae: 0.1478 - 286ms/epoch - 143ms/step
Epoch 185/10000

Epoch 185: val_loss did not improve from 0.03684
2/2 - 0s - loss: 0.0403 - mse: 0.0403 - mae: 0.1523 - val_loss: 0.0382 - val_mse: 0.0382 - val_mae: 0.1515 - 285ms/epoch - 143ms/step
Epoch 186/10000

Epoch 186: val_loss did not improve from 0.03684
2/2 - 0s - loss: 0.0398 - mse: 0.0398 - mae: 0.1539 - val_loss: 0.0374 - val_mse: 0.0374 - val_mae: 0.1461 - 287ms/epoch - 143ms/step
Epoch 187/10000

Epoch 187: val_loss did not improve from 0.03684
2/2 - 0s - loss: 0.0398 - mse: 0.0398 - mae: 0.1520 - val_loss: 0.0369 - val_mse: 0.0369 - val_mae: 0.1460 - 286ms/epoch - 143ms/step
Epoch 188/10000

Epoch 188: val_loss did not improve from 0.03684
2/2 - 0s - loss: 0.0391 - mse: 0.0391 - mae: 0.1504 - val_loss: 0.0370 - val_mse: 0.0370 - val_mae: 0.1466 - 286ms/epoch - 143ms/step
Epoch 189/10000

Epoch 189: val_loss did not improve from 0.03684
2/2 - 0s - loss: 0.0391 - mse: 0.0391 - mae: 0.1511 - val_loss: 0.0371 - val_mse: 0.0371 - val_mae: 0.1458 - 289ms/epoch - 145ms/step
Epoch 190/10000

Epoch 190: val_loss did not improve from 0.03684
2/2 - 0s - loss: 0.0394 - mse: 0.0394 - mae: 0.1510 - val_loss: 0.0380 - val_mse: 0.0380 - val_mae: 0.1469 - 285ms/epoch - 143ms/step
Epoch 191/10000

Epoch 191: val_loss did not improve from 0.03684
2/2 - 0s - loss: 0.0399 - mse: 0.0399 - mae: 0.1517 - val_loss: 0.0377 - val_mse: 0.0377 - val_mae: 0.1494 - 286ms/epoch - 143ms/step
Epoch 192/10000

Epoch 192: val_loss did not improve from 0.03684
2/2 - 0s - loss: 0.0394 - mse: 0.0394 - mae: 0.1521 - val_loss: 0.0371 - val_mse: 0.0371 - val_mae: 0.1458 - 287ms/epoch - 143ms/step
Epoch 193/10000

Epoch 193: val_loss did not improve from 0.03684
2/2 - 0s - loss: 0.0395 - mse: 0.0395 - mae: 0.1513 - val_loss: 0.0369 - val_mse: 0.0369 - val_mae: 0.1457 - 279ms/epoch - 140ms/step
Epoch 194/10000

Epoch 194: val_loss did not improve from 0.03684
2/2 - 0s - loss: 0.0394 - mse: 0.0394 - mae: 0.1506 - val_loss: 0.0390 - val_mse: 0.0390 - val_mae: 0.1541 - 287ms/epoch - 144ms/step
Epoch 195/10000

Epoch 195: val_loss did not improve from 0.03684
2/2 - 0s - loss: 0.0403 - mse: 0.0403 - mae: 0.1556 - val_loss: 0.0374 - val_mse: 0.0374 - val_mae: 0.1461 - 286ms/epoch - 143ms/step
Epoch 196/10000

Epoch 196: val_loss did not improve from 0.03684
2/2 - 0s - loss: 0.0396 - mse: 0.0396 - mae: 0.1511 - val_loss: 0.0368 - val_mse: 0.0368 - val_mae: 0.1460 - 285ms/epoch - 142ms/step
Epoch 197/10000

Epoch 197: val_loss did not improve from 0.03684
2/2 - 0s - loss: 0.0389 - mse: 0.0389 - mae: 0.1500 - val_loss: 0.0370 - val_mse: 0.0370 - val_mae: 0.1468 - 288ms/epoch - 144ms/step
Epoch 198/10000

Epoch 198: val_loss did not improve from 0.03684
2/2 - 0s - loss: 0.0390 - mse: 0.0390 - mae: 0.1510 - val_loss: 0.0374 - val_mse: 0.0374 - val_mae: 0.1461 - 282ms/epoch - 141ms/step
Epoch 199/10000

Epoch 199: val_loss did not improve from 0.03684
2/2 - 0s - loss: 0.0393 - mse: 0.0393 - mae: 0.1502 - val_loss: 0.0374 - val_mse: 0.0374 - val_mae: 0.1484 - 286ms/epoch - 143ms/step
Epoch 200/10000

Epoch 200: val_loss did not improve from 0.03684
2/2 - 0s - loss: 0.0391 - mse: 0.0391 - mae: 0.1516 - val_loss: 0.0401 - val_mse: 0.0401 - val_mae: 0.1507 - 278ms/epoch - 139ms/step
Epoch 201/10000

Epoch 201: val_loss did not improve from 0.03684
2/2 - 0s - loss: 0.0412 - mse: 0.0412 - mae: 0.1538 - val_loss: 0.0407 - val_mse: 0.0407 - val_mae: 0.1597 - 286ms/epoch - 143ms/step
Epoch 202/10000

Epoch 202: val_loss did not improve from 0.03684
2/2 - 0s - loss: 0.0416 - mse: 0.0416 - mae: 0.1586 - val_loss: 0.0385 - val_mse: 0.0385 - val_mae: 0.1478 - 286ms/epoch - 143ms/step
Epoch 203/10000

Epoch 203: val_loss did not improve from 0.03684
2/2 - 0s - loss: 0.0399 - mse: 0.0399 - mae: 0.1512 - val_loss: 0.0402 - val_mse: 0.0402 - val_mae: 0.1582 - 282ms/epoch - 141ms/step
Epoch 204/10000

Epoch 204: val_loss did not improve from 0.03684
2/2 - 0s - loss: 0.0423 - mse: 0.0423 - mae: 0.1599 - val_loss: 0.0373 - val_mse: 0.0373 - val_mae: 0.1461 - 278ms/epoch - 139ms/step
Epoch 205/10000

Epoch 205: val_loss did not improve from 0.03684
2/2 - 0s - loss: 0.0407 - mse: 0.0407 - mae: 0.1550 - val_loss: 0.0371 - val_mse: 0.0371 - val_mae: 0.1460 - 284ms/epoch - 142ms/step
Epoch 206/10000

Epoch 206: val_loss did not improve from 0.03684
2/2 - 0s - loss: 0.0398 - mse: 0.0398 - mae: 0.1512 - val_loss: 0.0372 - val_mse: 0.0372 - val_mae: 0.1478 - 289ms/epoch - 144ms/step
Epoch 207/10000

Epoch 207: val_loss did not improve from 0.03684
2/2 - 0s - loss: 0.0393 - mse: 0.0393 - mae: 0.1525 - val_loss: 0.0370 - val_mse: 0.0370 - val_mae: 0.1466 - 284ms/epoch - 142ms/step
Epoch 208/10000

Epoch 208: val_loss did not improve from 0.03684
2/2 - 0s - loss: 0.0394 - mse: 0.0394 - mae: 0.1508 - val_loss: 0.0370 - val_mse: 0.0370 - val_mae: 0.1466 - 284ms/epoch - 142ms/step
Epoch 209/10000

Epoch 209: val_loss did not improve from 0.03684
2/2 - 0s - loss: 0.0392 - mse: 0.0392 - mae: 0.1519 - val_loss: 0.0370 - val_mse: 0.0370 - val_mae: 0.1461 - 292ms/epoch - 146ms/step
Epoch 210/10000

Epoch 210: val_loss did not improve from 0.03684
2/2 - 0s - loss: 0.0391 - mse: 0.0391 - mae: 0.1501 - val_loss: 0.0370 - val_mse: 0.0370 - val_mae: 0.1465 - 277ms/epoch - 138ms/step
Epoch 211/10000

Epoch 211: val_loss did not improve from 0.03684
2/2 - 0s - loss: 0.0389 - mse: 0.0389 - mae: 0.1508 - val_loss: 0.0373 - val_mse: 0.0373 - val_mae: 0.1480 - 286ms/epoch - 143ms/step
Epoch 212/10000

Epoch 212: val_loss did not improve from 0.03684
2/2 - 0s - loss: 0.0394 - mse: 0.0394 - mae: 0.1522 - val_loss: 0.0370 - val_mse: 0.0370 - val_mae: 0.1467 - 280ms/epoch - 140ms/step
Epoch 212: early stopping
