[0.772459 0.95864  1.14028  1.32192  1.50356  1.6852   1.86684  2.04848
 2.23012  2.41176  2.5934   2.77504  2.95668  3.13832  3.31996  3.5016
 3.68324  3.86488  4.04652  4.22816  4.4098   4.59144  4.77308  4.95472
 5.13636  5.318   ]
Before undersampling: [(0, 11), (1, 41), (2, 117), (3, 379), (4, 1164), (5, 3250), (6, 3633), (7, 2483), (8, 2349), (9, 2100), (10, 1892), (11, 1848), (12, 1641), (13, 1350), (14, 1181), (15, 900), (16, 782), (17, 646), (18, 511), (19, 434), (20, 358), (21, 314), (22, 290), (23, 233), (24, 198)]
After undersampling: [(0, 11), (1, 14), (2, 16), (3, 80), (4, 120), (5, 226), (6, 394), (7, 332), (8, 663), (9, 155), (10, 190), (11, 51), (12, 161), (13, 109), (14, 12), (15, 122), (16, 88), (17, 70), (18, 72), (19, 14), (20, 24), (21, 39), (22, 52), (23, 12), (24, 22)]
      label  HH_0_0_x  HV_0_0_x  IA_0_0_x       FYI      DFYI       MYI     rms_0     thk_1     rms_1     thk_2     rms_2     thk_3     rms_3  ...    3         4    5         6         7         8         9        10   11        12   13        14        15                                                CNN
0     0.858  0.184314  0.054902  0.108219  0.677054  0.244229  0.078717  4.574475  1.157741  4.598907  1.135613  4.568877  1.137049  4.555604  ...  0.0  0.976693  0.0  0.614157  0.580775  0.824165  0.316351  0.915441  0.0  0.687166  0.0  0.681156  0.467802  [[[[0.2274509803921568], [0.1081809698366651],...
1     0.922  0.219608  0.043137  0.095634  0.054778  0.917930  0.027292  4.928114  1.252795  4.933641  1.183038  4.945711  1.206833  4.951181  ...  0.0  1.014148  0.0  0.640144  0.557590  0.845430  0.301105  0.952926  0.0  0.730141  0.0  0.731394  0.484976  [[[[0.1215686274509803], [0.0955935010723039],...
2     0.934  0.192157  0.031373  0.097116  0.587126  0.332548  0.080326  4.575322  1.137139  4.539704  1.094642  4.548931  1.119177  4.518337  ...  0.0  1.141272  0.0  0.686991  0.657252  0.887173  0.262995  1.067364  0.0  0.828544  0.0  0.798359  0.574734  [[[[0.1215686274509803], [0.0971558065975413],...
3     0.895  0.188235  0.035294  0.097129  0.495887  0.419141  0.084972  4.582605  1.146608  4.565219  1.119833  4.570570  1.106200  4.542815  ...  0.0  1.152834  0.0  0.692828  0.669648  0.885035  0.259357  1.075103  0.0  0.840245  0.0  0.805713  0.586994  [[[[0.188235294117647], [0.0971691505581724], ...
4     0.944  0.325490  0.066667  0.096222  0.002803  0.962774  0.034423  5.199004  1.323369  5.165545  1.259931  5.168842  1.279109  5.193098  ...  0.0  0.968458  0.0  0.649656  0.502992  0.845221  0.351467  0.905719  0.0  0.705089  0.0  0.735994  0.453760  [[[[0.2745098039215686], [0.0962616415584788],...
...     ...       ...       ...       ...       ...       ...       ...       ...       ...       ...       ...       ...       ...       ...  ...  ...       ...  ...       ...       ...       ...       ...       ...  ...       ...  ...       ...       ...                                                ...
3044  5.238  0.384314  0.082353  0.093837  0.005954  0.869802  0.124244  5.331694  1.355532  5.268072  1.292127  5.276193  1.279811  5.297715  ...  0.0  0.986183  0.0  0.645263  0.491224  0.814094  0.288891  0.917448  0.0  0.716836  0.0  0.734300  0.435126  [[[[0.2823529411764706], [0.0938768723431755],...
3045  5.199  0.274510  0.090196  0.093369  0.006926  0.799138  0.193936  5.377112  1.370235  5.352029  1.282032  5.337650  1.314092  5.390152  ...  0.0  1.024998  0.0  0.661399  0.533815  0.837317  0.302710  0.948978  0.0  0.743495  0.0  0.751934  0.467024  [[[[0.3294117647058823], [0.0934089436250574],...
3046  5.176  0.278431  0.086275  0.093342  0.016353  0.812066  0.171581  5.361443  1.355022  5.304595  1.276898  5.295056  1.272287  5.343263  ...  0.0  1.020177  0.0  0.661947  0.530186  0.840365  0.307862  0.948081  0.0  0.737600  0.0  0.749344  0.458473  [[[[0.2784313725490196], [0.0933822108250038],...
3047  5.266  0.227451  0.058824  0.093275  0.064507  0.875498  0.059994  5.121909  1.273320  4.973655  1.202230  5.007440  1.246945  5.039929  ...  0.0  1.034474  0.0  0.650712  0.575604  0.837686  0.315289  0.932384  0.0  0.759809  0.0  0.744740  0.512102  [[[[0.2470588235294117], [0.0933153638652726],...
3048  5.163  0.313725  0.082353  0.093222  0.028550  0.764735  0.206715  5.190975  1.296560  5.121880  1.264090  5.138516  1.239793  5.142396  ...  0.0  0.975660  0.0  0.651870  0.513676  0.843849  0.348302  0.911619  0.0  0.702193  0.0  0.732623  0.448503  [[[[0.2588235294117647], [0.0932618833055683],...

[3049 rows x 128 columns]
Size of dataset: (3049, 127)
*************************** Fold #: 1 ***************************
Model: "model"
__________________________________________________________________________________________________
 Layer (type)                   Output Shape         Param #     Connected to                     
==================================================================================================
 conv (InputLayer)              [(None, 7, 7, 3, 1)  0           []                               
                                ]                                                                 
                                                                                                  
 zero_padding3d (ZeroPadding3D)  (None, 8, 8, 4, 1)  0           ['conv[0][0]']                   
                                                                                                  
 conv3d (Conv3D)                (None, 8, 8, 4, 8)   224         ['zero_padding3d[0][0]']         
                                                                                                  
 max_pooling3d (MaxPooling3D)   (None, 4, 4, 2, 8)   0           ['conv3d[0][0]']                 
                                                                                                  
 conv3d_1 (Conv3D)              (None, 4, 4, 2, 4)   868         ['max_pooling3d[0][0]']          
                                                                                                  
 max_pooling3d_1 (MaxPooling3D)  (None, 2, 2, 1, 4)  0           ['conv3d_1[0][0]']               
                                                                                                  
 cat (InputLayer)               [(None, 126)]        0           []                               
                                                                                                  
 flatten (Flatten)              (None, 16)           0           ['max_pooling3d_1[0][0]']        
                                                                                                  
 concatenate (Concatenate)      (None, 142)          0           ['cat[0][0]',                    
                                                                  'flatten[0][0]']                
                                                                                                  
 dense (Dense)                  (None, 200)          28600       ['concatenate[0][0]']            
                                                                                                  
 dense_1 (Dense)                (None, 200)          40200       ['dense[0][0]']                  
                                                                                                  
 dense_2 (Dense)                (None, 200)          40200       ['dense_1[0][0]']                
                                                                                                  
 dense_3 (Dense)                (None, 200)          40200       ['dense_2[0][0]']                
                                                                                                  
 dense_4 (Dense)                (None, 200)          40200       ['dense_3[0][0]']                
                                                                                                  
 dense_5 (Dense)                (None, 1)            201         ['dense_4[0][0]']                
                                                                                                  
==================================================================================================
Total params: 190,693
Trainable params: 190,693
Non-trainable params: 0
__________________________________________________________________________________________________
Epoch 1/10000

Epoch 1: val_loss improved from inf to 0.77788, saving model to ./results/NN_thk_regr/ResNet/recursion_1/ckpt_1
2/2 - 2s - loss: 1.5199 - mse: 1.5199 - mae: 1.2099 - val_loss: 0.7779 - val_mse: 0.7779 - val_mae: 0.8554 - 2s/epoch - 784ms/step
Epoch 2/10000

Epoch 2: val_loss improved from 0.77788 to 0.04315, saving model to ./results/NN_thk_regr/ResNet/recursion_1/ckpt_1
2/2 - 1s - loss: 0.5906 - mse: 0.5906 - mae: 0.7216 - val_loss: 0.0431 - val_mse: 0.0431 - val_mae: 0.1669 - 1s/epoch - 513ms/step
Epoch 3/10000

Epoch 3: val_loss did not improve from 0.04315
2/2 - 0s - loss: 0.1494 - mse: 0.1494 - mae: 0.2976 - val_loss: 0.3087 - val_mse: 0.3087 - val_mae: 0.5178 - 287ms/epoch - 144ms/step
Epoch 4/10000

Epoch 4: val_loss did not improve from 0.04315
2/2 - 0s - loss: 0.2486 - mse: 0.2486 - mae: 0.4517 - val_loss: 0.0443 - val_mse: 0.0443 - val_mae: 0.1531 - 288ms/epoch - 144ms/step
Epoch 5/10000

Epoch 5: val_loss did not improve from 0.04315
2/2 - 0s - loss: 0.0634 - mse: 0.0634 - mae: 0.1881 - val_loss: 0.1743 - val_mse: 0.1743 - val_mae: 0.3673 - 285ms/epoch - 142ms/step
Epoch 6/10000

Epoch 6: val_loss did not improve from 0.04315
2/2 - 0s - loss: 0.1686 - mse: 0.1686 - mae: 0.3620 - val_loss: 0.1699 - val_mse: 0.1699 - val_mae: 0.3615 - 287ms/epoch - 143ms/step
Epoch 7/10000

Epoch 7: val_loss did not improve from 0.04315
2/2 - 0s - loss: 0.1405 - mse: 0.1405 - mae: 0.3209 - val_loss: 0.0598 - val_mse: 0.0598 - val_mae: 0.1804 - 287ms/epoch - 144ms/step
Epoch 8/10000

Epoch 8: val_loss did not improve from 0.04315
2/2 - 0s - loss: 0.0502 - mse: 0.0502 - mae: 0.1669 - val_loss: 0.0762 - val_mse: 0.0762 - val_mae: 0.2395 - 291ms/epoch - 146ms/step
Epoch 9/10000

Epoch 9: val_loss did not improve from 0.04315
2/2 - 0s - loss: 0.0881 - mse: 0.0881 - mae: 0.2578 - val_loss: 0.0848 - val_mse: 0.0848 - val_mae: 0.2535 - 286ms/epoch - 143ms/step
Epoch 10/10000

Epoch 10: val_loss improved from 0.04315 to 0.04177, saving model to ./results/NN_thk_regr/ResNet/recursion_1/ckpt_1
2/2 - 1s - loss: 0.0779 - mse: 0.0779 - mae: 0.2401 - val_loss: 0.0418 - val_mse: 0.0418 - val_mae: 0.1558 - 1s/epoch - 512ms/step
Epoch 11/10000

Epoch 11: val_loss did not improve from 0.04177
2/2 - 0s - loss: 0.0425 - mse: 0.0425 - mae: 0.1525 - val_loss: 0.0664 - val_mse: 0.0664 - val_mae: 0.1937 - 288ms/epoch - 144ms/step
Epoch 12/10000

Epoch 12: val_loss did not improve from 0.04177
2/2 - 0s - loss: 0.0631 - mse: 0.0631 - mae: 0.1886 - val_loss: 0.0682 - val_mse: 0.0682 - val_mae: 0.1971 - 286ms/epoch - 143ms/step
Epoch 13/10000

Epoch 13: val_loss did not improve from 0.04177
2/2 - 0s - loss: 0.0588 - mse: 0.0588 - mae: 0.1790 - val_loss: 0.0435 - val_mse: 0.0435 - val_mae: 0.1523 - 288ms/epoch - 144ms/step
Epoch 14/10000

Epoch 14: val_loss did not improve from 0.04177
2/2 - 0s - loss: 0.0415 - mse: 0.0415 - mae: 0.1524 - val_loss: 0.0496 - val_mse: 0.0496 - val_mae: 0.1870 - 285ms/epoch - 143ms/step
Epoch 15/10000

Epoch 15: val_loss did not improve from 0.04177
2/2 - 0s - loss: 0.0519 - mse: 0.0519 - mae: 0.1900 - val_loss: 0.0479 - val_mse: 0.0479 - val_mae: 0.1826 - 287ms/epoch - 143ms/step
Epoch 16/10000

Epoch 16: val_loss did not improve from 0.04177
2/2 - 0s - loss: 0.0464 - mse: 0.0464 - mae: 0.1748 - val_loss: 0.0424 - val_mse: 0.0424 - val_mae: 0.1525 - 286ms/epoch - 143ms/step
Epoch 17/10000

Epoch 17: val_loss did not improve from 0.04177
2/2 - 0s - loss: 0.0412 - mse: 0.0412 - mae: 0.1477 - val_loss: 0.0509 - val_mse: 0.0509 - val_mae: 0.1629 - 289ms/epoch - 144ms/step
Epoch 18/10000

Epoch 18: val_loss did not improve from 0.04177
2/2 - 0s - loss: 0.0470 - mse: 0.0470 - mae: 0.1547 - val_loss: 0.0464 - val_mse: 0.0464 - val_mae: 0.1555 - 286ms/epoch - 143ms/step
Epoch 19/10000

Epoch 19: val_loss did not improve from 0.04177
2/2 - 0s - loss: 0.0422 - mse: 0.0422 - mae: 0.1480 - val_loss: 0.0419 - val_mse: 0.0419 - val_mae: 0.1607 - 286ms/epoch - 143ms/step
Epoch 20/10000

Epoch 20: val_loss did not improve from 0.04177
2/2 - 0s - loss: 0.0422 - mse: 0.0422 - mae: 0.1618 - val_loss: 0.0442 - val_mse: 0.0442 - val_mae: 0.1715 - 288ms/epoch - 144ms/step
Epoch 21/10000

Epoch 21: val_loss improved from 0.04177 to 0.04163, saving model to ./results/NN_thk_regr/ResNet/recursion_1/ckpt_1
2/2 - 1s - loss: 0.0435 - mse: 0.0435 - mae: 0.1669 - val_loss: 0.0416 - val_mse: 0.0416 - val_mae: 0.1550 - 1s/epoch - 567ms/step
Epoch 22/10000

Epoch 22: val_loss did not improve from 0.04163
2/2 - 0s - loss: 0.0404 - mse: 0.0404 - mae: 0.1494 - val_loss: 0.0453 - val_mse: 0.0453 - val_mae: 0.1539 - 289ms/epoch - 144ms/step
Epoch 23/10000

Epoch 23: val_loss did not improve from 0.04163
2/2 - 0s - loss: 0.0424 - mse: 0.0424 - mae: 0.1473 - val_loss: 0.0443 - val_mse: 0.0443 - val_mae: 0.1527 - 287ms/epoch - 143ms/step
Epoch 24/10000

Epoch 24: val_loss improved from 0.04163 to 0.04151, saving model to ./results/NN_thk_regr/ResNet/recursion_1/ckpt_1
2/2 - 1s - loss: 0.0412 - mse: 0.0412 - mae: 0.1469 - val_loss: 0.0415 - val_mse: 0.0415 - val_mae: 0.1557 - 1s/epoch - 590ms/step
Epoch 25/10000

Epoch 25: val_loss did not improve from 0.04151
2/2 - 0s - loss: 0.0404 - mse: 0.0404 - mae: 0.1537 - val_loss: 0.0421 - val_mse: 0.0421 - val_mae: 0.1628 - 288ms/epoch - 144ms/step
Epoch 26/10000

Epoch 26: val_loss improved from 0.04151 to 0.04147, saving model to ./results/NN_thk_regr/ResNet/recursion_1/ckpt_1
2/2 - 1s - loss: 0.0413 - mse: 0.0413 - mae: 0.1590 - val_loss: 0.0415 - val_mse: 0.0415 - val_mae: 0.1560 - 1s/epoch - 554ms/step
Epoch 27/10000

Epoch 27: val_loss did not improve from 0.04147
2/2 - 0s - loss: 0.0401 - mse: 0.0401 - mae: 0.1512 - val_loss: 0.0427 - val_mse: 0.0427 - val_mae: 0.1518 - 296ms/epoch - 148ms/step
Epoch 28/10000

Epoch 28: val_loss did not improve from 0.04147
2/2 - 0s - loss: 0.0404 - mse: 0.0404 - mae: 0.1464 - val_loss: 0.0427 - val_mse: 0.0427 - val_mae: 0.1518 - 289ms/epoch - 144ms/step
Epoch 29/10000

Epoch 29: val_loss did not improve from 0.04147
2/2 - 0s - loss: 0.0403 - mse: 0.0403 - mae: 0.1475 - val_loss: 0.0415 - val_mse: 0.0415 - val_mae: 0.1540 - 286ms/epoch - 143ms/step
Epoch 30/10000

Epoch 30: val_loss improved from 0.04147 to 0.04136, saving model to ./results/NN_thk_regr/ResNet/recursion_1/ckpt_1
2/2 - 1s - loss: 0.0397 - mse: 0.0397 - mae: 0.1503 - val_loss: 0.0414 - val_mse: 0.0414 - val_mae: 0.1561 - 1s/epoch - 583ms/step
Epoch 31/10000

Epoch 31: val_loss did not improve from 0.04136
2/2 - 0s - loss: 0.0399 - mse: 0.0399 - mae: 0.1524 - val_loss: 0.0414 - val_mse: 0.0414 - val_mae: 0.1541 - 295ms/epoch - 147ms/step
Epoch 32/10000

Epoch 32: val_loss did not improve from 0.04136
2/2 - 0s - loss: 0.0397 - mse: 0.0397 - mae: 0.1493 - val_loss: 0.0420 - val_mse: 0.0420 - val_mae: 0.1520 - 287ms/epoch - 144ms/step
Epoch 33/10000

Epoch 33: val_loss did not improve from 0.04136
2/2 - 0s - loss: 0.0397 - mse: 0.0397 - mae: 0.1470 - val_loss: 0.0417 - val_mse: 0.0417 - val_mae: 0.1527 - 286ms/epoch - 143ms/step
Epoch 34/10000

Epoch 34: val_loss improved from 0.04136 to 0.04131, saving model to ./results/NN_thk_regr/ResNet/recursion_1/ckpt_1
2/2 - 1s - loss: 0.0394 - mse: 0.0394 - mae: 0.1482 - val_loss: 0.0413 - val_mse: 0.0413 - val_mae: 0.1546 - 1s/epoch - 588ms/step
Epoch 35/10000

Epoch 35: val_loss improved from 0.04131 to 0.04127, saving model to ./results/NN_thk_regr/ResNet/recursion_1/ckpt_1
2/2 - 1s - loss: 0.0394 - mse: 0.0394 - mae: 0.1506 - val_loss: 0.0413 - val_mse: 0.0413 - val_mae: 0.1549 - 1s/epoch - 553ms/step
Epoch 36/10000

Epoch 36: val_loss did not improve from 0.04127
2/2 - 0s - loss: 0.0393 - mse: 0.0393 - mae: 0.1505 - val_loss: 0.0415 - val_mse: 0.0415 - val_mae: 0.1529 - 288ms/epoch - 144ms/step
Epoch 37/10000

Epoch 37: val_loss did not improve from 0.04127
2/2 - 0s - loss: 0.0391 - mse: 0.0391 - mae: 0.1477 - val_loss: 0.0419 - val_mse: 0.0419 - val_mae: 0.1517 - 287ms/epoch - 143ms/step
Epoch 38/10000

Epoch 38: val_loss did not improve from 0.04127
2/2 - 0s - loss: 0.0392 - mse: 0.0392 - mae: 0.1469 - val_loss: 0.0414 - val_mse: 0.0414 - val_mae: 0.1528 - 287ms/epoch - 144ms/step
Epoch 39/10000

Epoch 39: val_loss did not improve from 0.04127
2/2 - 0s - loss: 0.0390 - mse: 0.0390 - mae: 0.1492 - val_loss: 0.0415 - val_mse: 0.0415 - val_mae: 0.1524 - 286ms/epoch - 143ms/step
Epoch 40/10000

Epoch 40: val_loss did not improve from 0.04127
2/2 - 0s - loss: 0.0389 - mse: 0.0389 - mae: 0.1468 - val_loss: 0.0414 - val_mse: 0.0414 - val_mae: 0.1523 - 287ms/epoch - 144ms/step
Epoch 41/10000

Epoch 41: val_loss improved from 0.04127 to 0.04102, saving model to ./results/NN_thk_regr/ResNet/recursion_1/ckpt_1
2/2 - 1s - loss: 0.0386 - mse: 0.0386 - mae: 0.1480 - val_loss: 0.0410 - val_mse: 0.0410 - val_mae: 0.1546 - 1s/epoch - 580ms/step
Epoch 42/10000

Epoch 42: val_loss did not improve from 0.04102
2/2 - 0s - loss: 0.0385 - mse: 0.0385 - mae: 0.1493 - val_loss: 0.0413 - val_mse: 0.0413 - val_mae: 0.1524 - 289ms/epoch - 144ms/step
Epoch 43/10000

Epoch 43: val_loss improved from 0.04102 to 0.04096, saving model to ./results/NN_thk_regr/ResNet/recursion_1/ckpt_1
2/2 - 1s - loss: 0.0383 - mse: 0.0383 - mae: 0.1472 - val_loss: 0.0410 - val_mse: 0.0410 - val_mae: 0.1540 - 1s/epoch - 582ms/step
Epoch 44/10000

Epoch 44: val_loss did not improve from 0.04096
2/2 - 0s - loss: 0.0382 - mse: 0.0382 - mae: 0.1483 - val_loss: 0.0410 - val_mse: 0.0410 - val_mae: 0.1525 - 288ms/epoch - 144ms/step
Epoch 45/10000

Epoch 45: val_loss did not improve from 0.04096
2/2 - 0s - loss: 0.0381 - mse: 0.0381 - mae: 0.1489 - val_loss: 0.0414 - val_mse: 0.0414 - val_mae: 0.1513 - 288ms/epoch - 144ms/step
Epoch 46/10000

Epoch 46: val_loss did not improve from 0.04096
2/2 - 0s - loss: 0.0381 - mse: 0.0381 - mae: 0.1448 - val_loss: 0.0412 - val_mse: 0.0412 - val_mae: 0.1515 - 288ms/epoch - 144ms/step
Epoch 47/10000

Epoch 47: val_loss improved from 0.04096 to 0.04087, saving model to ./results/NN_thk_regr/ResNet/recursion_1/ckpt_1
2/2 - 1s - loss: 0.0377 - mse: 0.0377 - mae: 0.1466 - val_loss: 0.0409 - val_mse: 0.0409 - val_mae: 0.1569 - 1s/epoch - 587ms/step
Epoch 48/10000

Epoch 48: val_loss did not improve from 0.04087
2/2 - 0s - loss: 0.0380 - mse: 0.0380 - mae: 0.1501 - val_loss: 0.0418 - val_mse: 0.0418 - val_mae: 0.1503 - 289ms/epoch - 144ms/step
Epoch 49/10000

Epoch 49: val_loss improved from 0.04087 to 0.04067, saving model to ./results/NN_thk_regr/ResNet/recursion_1/ckpt_1
2/2 - 1s - loss: 0.0379 - mse: 0.0379 - mae: 0.1440 - val_loss: 0.0407 - val_mse: 0.0407 - val_mae: 0.1539 - 1s/epoch - 591ms/step
Epoch 50/10000

Epoch 50: val_loss improved from 0.04067 to 0.04063, saving model to ./results/NN_thk_regr/ResNet/recursion_1/ckpt_1
2/2 - 1s - loss: 0.0378 - mse: 0.0378 - mae: 0.1497 - val_loss: 0.0406 - val_mse: 0.0406 - val_mae: 0.1534 - 1s/epoch - 552ms/step
Epoch 51/10000

Epoch 51: val_loss did not improve from 0.04063
2/2 - 0s - loss: 0.0377 - mse: 0.0377 - mae: 0.1470 - val_loss: 0.0414 - val_mse: 0.0414 - val_mae: 0.1502 - 286ms/epoch - 143ms/step
Epoch 52/10000

Epoch 52: val_loss improved from 0.04063 to 0.04052, saving model to ./results/NN_thk_regr/ResNet/recursion_1/ckpt_1
2/2 - 1s - loss: 0.0377 - mse: 0.0377 - mae: 0.1448 - val_loss: 0.0405 - val_mse: 0.0405 - val_mae: 0.1538 - 1s/epoch - 587ms/step
Epoch 53/10000

Epoch 53: val_loss did not improve from 0.04052
2/2 - 0s - loss: 0.0376 - mse: 0.0376 - mae: 0.1479 - val_loss: 0.0405 - val_mse: 0.0405 - val_mae: 0.1521 - 286ms/epoch - 143ms/step
Epoch 54/10000

Epoch 54: val_loss did not improve from 0.04052
2/2 - 0s - loss: 0.0373 - mse: 0.0373 - mae: 0.1462 - val_loss: 0.0406 - val_mse: 0.0406 - val_mae: 0.1511 - 290ms/epoch - 145ms/step
Epoch 55/10000

Epoch 55: val_loss improved from 0.04052 to 0.04038, saving model to ./results/NN_thk_regr/ResNet/recursion_1/ckpt_1
2/2 - 1s - loss: 0.0373 - mse: 0.0373 - mae: 0.1450 - val_loss: 0.0404 - val_mse: 0.0404 - val_mae: 0.1523 - 1s/epoch - 551ms/step
Epoch 56/10000

Epoch 56: val_loss did not improve from 0.04038
2/2 - 0s - loss: 0.0373 - mse: 0.0373 - mae: 0.1469 - val_loss: 0.0404 - val_mse: 0.0404 - val_mae: 0.1514 - 285ms/epoch - 142ms/step
Epoch 57/10000

Epoch 57: val_loss did not improve from 0.04038
2/2 - 0s - loss: 0.0373 - mse: 0.0373 - mae: 0.1451 - val_loss: 0.0405 - val_mse: 0.0405 - val_mae: 0.1506 - 286ms/epoch - 143ms/step
Epoch 58/10000

Epoch 58: val_loss improved from 0.04038 to 0.04019, saving model to ./results/NN_thk_regr/ResNet/recursion_1/ckpt_1
2/2 - 1s - loss: 0.0370 - mse: 0.0370 - mae: 0.1451 - val_loss: 0.0402 - val_mse: 0.0402 - val_mae: 0.1537 - 1s/epoch - 580ms/step
Epoch 59/10000

Epoch 59: val_loss did not improve from 0.04019
2/2 - 0s - loss: 0.0373 - mse: 0.0373 - mae: 0.1471 - val_loss: 0.0405 - val_mse: 0.0405 - val_mae: 0.1501 - 286ms/epoch - 143ms/step
Epoch 60/10000

Epoch 60: val_loss did not improve from 0.04019
2/2 - 0s - loss: 0.0373 - mse: 0.0373 - mae: 0.1456 - val_loss: 0.0407 - val_mse: 0.0407 - val_mae: 0.1494 - 286ms/epoch - 143ms/step
Epoch 61/10000

Epoch 61: val_loss improved from 0.04019 to 0.04018, saving model to ./results/NN_thk_regr/ResNet/recursion_1/ckpt_1
2/2 - 1s - loss: 0.0371 - mse: 0.0371 - mae: 0.1430 - val_loss: 0.0402 - val_mse: 0.0402 - val_mae: 0.1501 - 1s/epoch - 582ms/step
Epoch 62/10000

Epoch 62: val_loss improved from 0.04018 to 0.04000, saving model to ./results/NN_thk_regr/ResNet/recursion_1/ckpt_1
2/2 - 1s - loss: 0.0373 - mse: 0.0373 - mae: 0.1470 - val_loss: 0.0400 - val_mse: 0.0400 - val_mae: 0.1505 - 1s/epoch - 587ms/step
Epoch 63/10000

Epoch 63: val_loss did not improve from 0.04000
2/2 - 0s - loss: 0.0368 - mse: 0.0368 - mae: 0.1435 - val_loss: 0.0408 - val_mse: 0.0408 - val_mae: 0.1486 - 291ms/epoch - 145ms/step
Epoch 64/10000

Epoch 64: val_loss did not improve from 0.04000
2/2 - 0s - loss: 0.0368 - mse: 0.0368 - mae: 0.1431 - val_loss: 0.0400 - val_mse: 0.0400 - val_mae: 0.1552 - 288ms/epoch - 144ms/step
Epoch 65/10000

Epoch 65: val_loss did not improve from 0.04000
2/2 - 0s - loss: 0.0370 - mse: 0.0370 - mae: 0.1481 - val_loss: 0.0409 - val_mse: 0.0409 - val_mae: 0.1482 - 285ms/epoch - 143ms/step
Epoch 66/10000

Epoch 66: val_loss improved from 0.04000 to 0.03967, saving model to ./results/NN_thk_regr/ResNet/recursion_1/ckpt_1
2/2 - 1s - loss: 0.0368 - mse: 0.0368 - mae: 0.1417 - val_loss: 0.0397 - val_mse: 0.0397 - val_mae: 0.1514 - 1s/epoch - 591ms/step
Epoch 67/10000

Epoch 67: val_loss did not improve from 0.03967
2/2 - 0s - loss: 0.0365 - mse: 0.0365 - mae: 0.1459 - val_loss: 0.0398 - val_mse: 0.0398 - val_mae: 0.1492 - 289ms/epoch - 144ms/step
Epoch 68/10000

Epoch 68: val_loss did not improve from 0.03967
2/2 - 0s - loss: 0.0364 - mse: 0.0364 - mae: 0.1423 - val_loss: 0.0398 - val_mse: 0.0398 - val_mae: 0.1488 - 291ms/epoch - 145ms/step
Epoch 69/10000

Epoch 69: val_loss improved from 0.03967 to 0.03961, saving model to ./results/NN_thk_regr/ResNet/recursion_1/ckpt_1
2/2 - 1s - loss: 0.0364 - mse: 0.0364 - mae: 0.1438 - val_loss: 0.0396 - val_mse: 0.0396 - val_mae: 0.1492 - 1s/epoch - 553ms/step
Epoch 70/10000

Epoch 70: val_loss did not improve from 0.03961
2/2 - 0s - loss: 0.0362 - mse: 0.0362 - mae: 0.1420 - val_loss: 0.0398 - val_mse: 0.0398 - val_mae: 0.1481 - 290ms/epoch - 145ms/step
Epoch 71/10000

Epoch 71: val_loss improved from 0.03961 to 0.03935, saving model to ./results/NN_thk_regr/ResNet/recursion_1/ckpt_1
2/2 - 1s - loss: 0.0361 - mse: 0.0361 - mae: 0.1426 - val_loss: 0.0394 - val_mse: 0.0394 - val_mae: 0.1507 - 1s/epoch - 588ms/step
Epoch 72/10000

Epoch 72: val_loss did not improve from 0.03935
2/2 - 0s - loss: 0.0360 - mse: 0.0360 - mae: 0.1436 - val_loss: 0.0402 - val_mse: 0.0402 - val_mae: 0.1474 - 287ms/epoch - 144ms/step
Epoch 73/10000

Epoch 73: val_loss improved from 0.03935 to 0.03923, saving model to ./results/NN_thk_regr/ResNet/recursion_1/ckpt_1
2/2 - 1s - loss: 0.0362 - mse: 0.0362 - mae: 0.1413 - val_loss: 0.0392 - val_mse: 0.0392 - val_mae: 0.1501 - 1s/epoch - 552ms/step
Epoch 74/10000

Epoch 74: val_loss did not improve from 0.03923
2/2 - 0s - loss: 0.0360 - mse: 0.0360 - mae: 0.1430 - val_loss: 0.0393 - val_mse: 0.0393 - val_mae: 0.1483 - 289ms/epoch - 145ms/step
Epoch 75/10000

Epoch 75: val_loss improved from 0.03923 to 0.03911, saving model to ./results/NN_thk_regr/ResNet/recursion_1/ckpt_1
2/2 - 1s - loss: 0.0357 - mse: 0.0357 - mae: 0.1418 - val_loss: 0.0391 - val_mse: 0.0391 - val_mae: 0.1503 - 1s/epoch - 584ms/step
Epoch 76/10000

Epoch 76: val_loss did not improve from 0.03911
2/2 - 0s - loss: 0.0357 - mse: 0.0357 - mae: 0.1432 - val_loss: 0.0408 - val_mse: 0.0408 - val_mae: 0.1473 - 287ms/epoch - 143ms/step
Epoch 77/10000

Epoch 77: val_loss did not improve from 0.03911
2/2 - 0s - loss: 0.0362 - mse: 0.0362 - mae: 0.1400 - val_loss: 0.0399 - val_mse: 0.0399 - val_mae: 0.1563 - 288ms/epoch - 144ms/step
Epoch 78/10000

Epoch 78: val_loss did not improve from 0.03911
2/2 - 0s - loss: 0.0366 - mse: 0.0366 - mae: 0.1477 - val_loss: 0.0403 - val_mse: 0.0403 - val_mae: 0.1468 - 287ms/epoch - 143ms/step
Epoch 79/10000

Epoch 79: val_loss improved from 0.03911 to 0.03907, saving model to ./results/NN_thk_regr/ResNet/recursion_1/ckpt_1
2/2 - 1s - loss: 0.0361 - mse: 0.0361 - mae: 0.1399 - val_loss: 0.0391 - val_mse: 0.0391 - val_mae: 0.1500 - 1s/epoch - 583ms/step
Epoch 80/10000

Epoch 80: val_loss did not improve from 0.03907
2/2 - 0s - loss: 0.0358 - mse: 0.0358 - mae: 0.1442 - val_loss: 0.0393 - val_mse: 0.0393 - val_mae: 0.1472 - 290ms/epoch - 145ms/step
Epoch 81/10000

Epoch 81: val_loss improved from 0.03907 to 0.03885, saving model to ./results/NN_thk_regr/ResNet/recursion_1/ckpt_1
2/2 - 1s - loss: 0.0357 - mse: 0.0357 - mae: 0.1400 - val_loss: 0.0388 - val_mse: 0.0388 - val_mae: 0.1494 - 1s/epoch - 591ms/step
Epoch 82/10000

Epoch 82: val_loss did not improve from 0.03885
2/2 - 0s - loss: 0.0355 - mse: 0.0355 - mae: 0.1430 - val_loss: 0.0397 - val_mse: 0.0397 - val_mae: 0.1464 - 285ms/epoch - 142ms/step
Epoch 83/10000

Epoch 83: val_loss did not improve from 0.03885
2/2 - 0s - loss: 0.0355 - mse: 0.0355 - mae: 0.1393 - val_loss: 0.0390 - val_mse: 0.0390 - val_mae: 0.1512 - 288ms/epoch - 144ms/step
Epoch 84/10000

Epoch 84: val_loss did not improve from 0.03885
2/2 - 0s - loss: 0.0355 - mse: 0.0355 - mae: 0.1432 - val_loss: 0.0416 - val_mse: 0.0416 - val_mae: 0.1480 - 284ms/epoch - 142ms/step
Epoch 85/10000

Epoch 85: val_loss did not improve from 0.03885
2/2 - 0s - loss: 0.0362 - mse: 0.0362 - mae: 0.1397 - val_loss: 0.0417 - val_mse: 0.0417 - val_mae: 0.1632 - 287ms/epoch - 143ms/step
Epoch 86/10000

Epoch 86: val_loss did not improve from 0.03885
2/2 - 0s - loss: 0.0383 - mse: 0.0383 - mae: 0.1513 - val_loss: 0.0418 - val_mse: 0.0418 - val_mae: 0.1483 - 287ms/epoch - 143ms/step
Epoch 87/10000

Epoch 87: val_loss did not improve from 0.03885
2/2 - 0s - loss: 0.0369 - mse: 0.0369 - mae: 0.1424 - val_loss: 0.0394 - val_mse: 0.0394 - val_mae: 0.1540 - 286ms/epoch - 143ms/step
Epoch 88/10000

Epoch 88: val_loss did not improve from 0.03885
2/2 - 0s - loss: 0.0361 - mse: 0.0361 - mae: 0.1453 - val_loss: 0.0408 - val_mse: 0.0408 - val_mae: 0.1470 - 286ms/epoch - 143ms/step
Epoch 89/10000

Epoch 89: val_loss improved from 0.03885 to 0.03881, saving model to ./results/NN_thk_regr/ResNet/recursion_1/ckpt_1
2/2 - 1s - loss: 0.0365 - mse: 0.0365 - mae: 0.1424 - val_loss: 0.0388 - val_mse: 0.0388 - val_mae: 0.1508 - 1s/epoch - 554ms/step
Epoch 90/10000

Epoch 90: val_loss did not improve from 0.03881
2/2 - 0s - loss: 0.0358 - mse: 0.0358 - mae: 0.1426 - val_loss: 0.0394 - val_mse: 0.0394 - val_mae: 0.1459 - 291ms/epoch - 145ms/step
Epoch 91/10000

Epoch 91: val_loss did not improve from 0.03881
2/2 - 0s - loss: 0.0353 - mse: 0.0353 - mae: 0.1397 - val_loss: 0.0390 - val_mse: 0.0390 - val_mae: 0.1526 - 286ms/epoch - 143ms/step
Epoch 92/10000

Epoch 92: val_loss did not improve from 0.03881
2/2 - 0s - loss: 0.0357 - mse: 0.0357 - mae: 0.1440 - val_loss: 0.0403 - val_mse: 0.0403 - val_mae: 0.1463 - 286ms/epoch - 143ms/step
Epoch 93/10000

Epoch 93: val_loss did not improve from 0.03881
2/2 - 0s - loss: 0.0357 - mse: 0.0357 - mae: 0.1395 - val_loss: 0.0390 - val_mse: 0.0390 - val_mae: 0.1524 - 287ms/epoch - 143ms/step
Epoch 94/10000

Epoch 94: val_loss did not improve from 0.03881
2/2 - 0s - loss: 0.0356 - mse: 0.0356 - mae: 0.1443 - val_loss: 0.0407 - val_mse: 0.0407 - val_mae: 0.1466 - 286ms/epoch - 143ms/step
Epoch 95/10000

Epoch 95: val_loss did not improve from 0.03881
2/2 - 0s - loss: 0.0360 - mse: 0.0360 - mae: 0.1390 - val_loss: 0.0390 - val_mse: 0.0390 - val_mae: 0.1525 - 288ms/epoch - 144ms/step
Epoch 96/10000

Epoch 96: val_loss did not improve from 0.03881
2/2 - 0s - loss: 0.0357 - mse: 0.0357 - mae: 0.1453 - val_loss: 0.0419 - val_mse: 0.0419 - val_mae: 0.1480 - 286ms/epoch - 143ms/step
Epoch 97/10000

Epoch 97: val_loss improved from 0.03881 to 0.03862, saving model to ./results/NN_thk_regr/ResNet/recursion_1/ckpt_1
2/2 - 1s - loss: 0.0369 - mse: 0.0369 - mae: 0.1397 - val_loss: 0.0386 - val_mse: 0.0386 - val_mae: 0.1504 - 1s/epoch - 582ms/step
Epoch 98/10000

Epoch 98: val_loss did not improve from 0.03862
2/2 - 0s - loss: 0.0356 - mse: 0.0356 - mae: 0.1447 - val_loss: 0.0386 - val_mse: 0.0386 - val_mae: 0.1470 - 290ms/epoch - 145ms/step
Epoch 99/10000

Epoch 99: val_loss did not improve from 0.03862
2/2 - 0s - loss: 0.0352 - mse: 0.0352 - mae: 0.1397 - val_loss: 0.0392 - val_mse: 0.0392 - val_mae: 0.1456 - 286ms/epoch - 143ms/step
Epoch 100/10000

Epoch 100: val_loss did not improve from 0.03862
2/2 - 0s - loss: 0.0351 - mse: 0.0351 - mae: 0.1387 - val_loss: 0.0394 - val_mse: 0.0394 - val_mae: 0.1543 - 287ms/epoch - 143ms/step
Epoch 101/10000

Epoch 101: val_loss did not improve from 0.03862
2/2 - 0s - loss: 0.0360 - mse: 0.0360 - mae: 0.1465 - val_loss: 0.0407 - val_mse: 0.0407 - val_mae: 0.1460 - 288ms/epoch - 144ms/step
Epoch 102/10000

Epoch 102: val_loss improved from 0.03862 to 0.03847, saving model to ./results/NN_thk_regr/ResNet/recursion_1/ckpt_1
2/2 - 1s - loss: 0.0365 - mse: 0.0365 - mae: 0.1388 - val_loss: 0.0385 - val_mse: 0.0385 - val_mae: 0.1469 - 1s/epoch - 590ms/step
Epoch 103/10000

Epoch 103: val_loss did not improve from 0.03847
2/2 - 0s - loss: 0.0358 - mse: 0.0358 - mae: 0.1446 - val_loss: 0.0388 - val_mse: 0.0388 - val_mae: 0.1458 - 287ms/epoch - 143ms/step
Epoch 104/10000

Epoch 104: val_loss did not improve from 0.03847
2/2 - 0s - loss: 0.0352 - mse: 0.0352 - mae: 0.1387 - val_loss: 0.0402 - val_mse: 0.0402 - val_mae: 0.1456 - 287ms/epoch - 144ms/step
Epoch 105/10000

Epoch 105: val_loss did not improve from 0.03847
2/2 - 0s - loss: 0.0358 - mse: 0.0358 - mae: 0.1392 - val_loss: 0.0391 - val_mse: 0.0391 - val_mae: 0.1533 - 287ms/epoch - 143ms/step
Epoch 106/10000

Epoch 106: val_loss did not improve from 0.03847
2/2 - 0s - loss: 0.0359 - mse: 0.0359 - mae: 0.1459 - val_loss: 0.0393 - val_mse: 0.0393 - val_mae: 0.1451 - 286ms/epoch - 143ms/step
Epoch 107/10000

Epoch 107: val_loss did not improve from 0.03847
2/2 - 0s - loss: 0.0354 - mse: 0.0354 - mae: 0.1378 - val_loss: 0.0385 - val_mse: 0.0385 - val_mae: 0.1458 - 288ms/epoch - 144ms/step
Epoch 108/10000

Epoch 108: val_loss did not improve from 0.03847
2/2 - 0s - loss: 0.0352 - mse: 0.0352 - mae: 0.1407 - val_loss: 0.0385 - val_mse: 0.0385 - val_mae: 0.1454 - 288ms/epoch - 144ms/step
Epoch 109/10000

Epoch 109: val_loss improved from 0.03847 to 0.03844, saving model to ./results/NN_thk_regr/ResNet/recursion_1/ckpt_1
2/2 - 1s - loss: 0.0349 - mse: 0.0349 - mae: 0.1378 - val_loss: 0.0384 - val_mse: 0.0384 - val_mae: 0.1453 - 1s/epoch - 554ms/step
Epoch 110/10000

Epoch 110: val_loss did not improve from 0.03844
2/2 - 0s - loss: 0.0345 - mse: 0.0345 - mae: 0.1381 - val_loss: 0.0394 - val_mse: 0.0394 - val_mae: 0.1548 - 287ms/epoch - 144ms/step
Epoch 111/10000

Epoch 111: val_loss did not improve from 0.03844
2/2 - 0s - loss: 0.0359 - mse: 0.0359 - mae: 0.1453 - val_loss: 0.0408 - val_mse: 0.0408 - val_mae: 0.1465 - 286ms/epoch - 143ms/step
Epoch 112/10000

Epoch 112: val_loss improved from 0.03844 to 0.03808, saving model to ./results/NN_thk_regr/ResNet/recursion_1/ckpt_1
2/2 - 1s - loss: 0.0362 - mse: 0.0362 - mae: 0.1401 - val_loss: 0.0381 - val_mse: 0.0381 - val_mae: 0.1474 - 1s/epoch - 579ms/step
Epoch 113/10000

Epoch 113: val_loss did not improve from 0.03808
2/2 - 0s - loss: 0.0347 - mse: 0.0347 - mae: 0.1397 - val_loss: 0.0387 - val_mse: 0.0387 - val_mae: 0.1446 - 287ms/epoch - 143ms/step
Epoch 114/10000

Epoch 114: val_loss improved from 0.03808 to 0.03799, saving model to ./results/NN_thk_regr/ResNet/recursion_1/ckpt_1
2/2 - 1s - loss: 0.0349 - mse: 0.0349 - mae: 0.1385 - val_loss: 0.0380 - val_mse: 0.0380 - val_mae: 0.1458 - 1s/epoch - 589ms/step
Epoch 115/10000

Epoch 115: val_loss did not improve from 0.03799
2/2 - 0s - loss: 0.0345 - mse: 0.0345 - mae: 0.1386 - val_loss: 0.0385 - val_mse: 0.0385 - val_mae: 0.1444 - 291ms/epoch - 146ms/step
Epoch 116/10000

Epoch 116: val_loss did not improve from 0.03799
2/2 - 0s - loss: 0.0345 - mse: 0.0345 - mae: 0.1370 - val_loss: 0.0389 - val_mse: 0.0389 - val_mae: 0.1529 - 292ms/epoch - 146ms/step
Epoch 117/10000

Epoch 117: val_loss did not improve from 0.03799
2/2 - 0s - loss: 0.0359 - mse: 0.0359 - mae: 0.1440 - val_loss: 0.0386 - val_mse: 0.0386 - val_mae: 0.1441 - 290ms/epoch - 145ms/step
Epoch 118/10000

Epoch 118: val_loss improved from 0.03799 to 0.03798, saving model to ./results/NN_thk_regr/ResNet/recursion_1/ckpt_1
2/2 - 1s - loss: 0.0346 - mse: 0.0346 - mae: 0.1379 - val_loss: 0.0380 - val_mse: 0.0380 - val_mae: 0.1475 - 1s/epoch - 588ms/step
Epoch 119/10000

Epoch 119: val_loss did not improve from 0.03798
2/2 - 0s - loss: 0.0348 - mse: 0.0348 - mae: 0.1396 - val_loss: 0.0380 - val_mse: 0.0380 - val_mae: 0.1442 - 294ms/epoch - 147ms/step
Epoch 120/10000

Epoch 120: val_loss improved from 0.03798 to 0.03783, saving model to ./results/NN_thk_regr/ResNet/recursion_1/ckpt_1
2/2 - 1s - loss: 0.0343 - mse: 0.0343 - mae: 0.1378 - val_loss: 0.0378 - val_mse: 0.0378 - val_mae: 0.1467 - 1s/epoch - 552ms/step
Epoch 121/10000

Epoch 121: val_loss did not improve from 0.03783
2/2 - 0s - loss: 0.0345 - mse: 0.0345 - mae: 0.1390 - val_loss: 0.0386 - val_mse: 0.0386 - val_mae: 0.1437 - 291ms/epoch - 145ms/step
Epoch 122/10000

Epoch 122: val_loss did not improve from 0.03783
2/2 - 0s - loss: 0.0344 - mse: 0.0344 - mae: 0.1365 - val_loss: 0.0385 - val_mse: 0.0385 - val_mae: 0.1514 - 287ms/epoch - 144ms/step
Epoch 123/10000

Epoch 123: val_loss did not improve from 0.03783
2/2 - 0s - loss: 0.0351 - mse: 0.0351 - mae: 0.1416 - val_loss: 0.0393 - val_mse: 0.0393 - val_mae: 0.1440 - 285ms/epoch - 143ms/step
Epoch 124/10000

Epoch 124: val_loss did not improve from 0.03783
2/2 - 0s - loss: 0.0356 - mse: 0.0356 - mae: 0.1396 - val_loss: 0.0380 - val_mse: 0.0380 - val_mae: 0.1435 - 288ms/epoch - 144ms/step
Epoch 125/10000

Epoch 125: val_loss did not improve from 0.03783
2/2 - 0s - loss: 0.0346 - mse: 0.0346 - mae: 0.1364 - val_loss: 0.0379 - val_mse: 0.0379 - val_mae: 0.1483 - 285ms/epoch - 142ms/step
Epoch 126/10000

Epoch 126: val_loss did not improve from 0.03783
2/2 - 0s - loss: 0.0349 - mse: 0.0349 - mae: 0.1424 - val_loss: 0.0408 - val_mse: 0.0408 - val_mae: 0.1459 - 289ms/epoch - 144ms/step
Epoch 127/10000

Epoch 127: val_loss did not improve from 0.03783
2/2 - 0s - loss: 0.0362 - mse: 0.0362 - mae: 0.1378 - val_loss: 0.0389 - val_mse: 0.0389 - val_mae: 0.1542 - 286ms/epoch - 143ms/step
Epoch 128/10000

Epoch 128: val_loss did not improve from 0.03783
2/2 - 0s - loss: 0.0359 - mse: 0.0359 - mae: 0.1471 - val_loss: 0.0389 - val_mse: 0.0389 - val_mae: 0.1440 - 287ms/epoch - 144ms/step
Epoch 129/10000

Epoch 129: val_loss did not improve from 0.03783
2/2 - 0s - loss: 0.0352 - mse: 0.0352 - mae: 0.1368 - val_loss: 0.0382 - val_mse: 0.0382 - val_mae: 0.1455 - 286ms/epoch - 143ms/step
Epoch 130/10000

Epoch 130: val_loss did not improve from 0.03783
2/2 - 0s - loss: 0.0349 - mse: 0.0349 - mae: 0.1408 - val_loss: 0.0382 - val_mse: 0.0382 - val_mae: 0.1489 - 287ms/epoch - 143ms/step
Epoch 131/10000

Epoch 131: val_loss did not improve from 0.03783
2/2 - 0s - loss: 0.0347 - mse: 0.0347 - mae: 0.1406 - val_loss: 0.0396 - val_mse: 0.0396 - val_mae: 0.1442 - 285ms/epoch - 143ms/step
Epoch 132/10000

Epoch 132: val_loss did not improve from 0.03783
2/2 - 0s - loss: 0.0350 - mse: 0.0350 - mae: 0.1362 - val_loss: 0.0385 - val_mse: 0.0385 - val_mae: 0.1522 - 286ms/epoch - 143ms/step
Epoch 133/10000

Epoch 133: val_loss did not improve from 0.03783
2/2 - 0s - loss: 0.0355 - mse: 0.0355 - mae: 0.1436 - val_loss: 0.0382 - val_mse: 0.0382 - val_mae: 0.1429 - 290ms/epoch - 145ms/step
Epoch 134/10000

Epoch 134: val_loss improved from 0.03783 to 0.03757, saving model to ./results/NN_thk_regr/ResNet/recursion_1/ckpt_1
2/2 - 1s - loss: 0.0343 - mse: 0.0343 - mae: 0.1364 - val_loss: 0.0376 - val_mse: 0.0376 - val_mae: 0.1466 - 1s/epoch - 582ms/step
Epoch 135/10000

Epoch 135: val_loss did not improve from 0.03757
2/2 - 0s - loss: 0.0345 - mse: 0.0345 - mae: 0.1390 - val_loss: 0.0378 - val_mse: 0.0378 - val_mae: 0.1428 - 287ms/epoch - 143ms/step
Epoch 136/10000

Epoch 136: val_loss did not improve from 0.03757
2/2 - 0s - loss: 0.0340 - mse: 0.0340 - mae: 0.1365 - val_loss: 0.0377 - val_mse: 0.0377 - val_mae: 0.1482 - 286ms/epoch - 143ms/step
Epoch 137/10000

Epoch 137: val_loss improved from 0.03757 to 0.03740, saving model to ./results/NN_thk_regr/ResNet/recursion_1/ckpt_1
2/2 - 1s - loss: 0.0352 - mse: 0.0352 - mae: 0.1408 - val_loss: 0.0374 - val_mse: 0.0374 - val_mae: 0.1436 - 1s/epoch - 586ms/step
Epoch 138/10000

Epoch 138: val_loss did not improve from 0.03740
2/2 - 0s - loss: 0.0345 - mse: 0.0345 - mae: 0.1396 - val_loss: 0.0389 - val_mse: 0.0389 - val_mae: 0.1432 - 296ms/epoch - 148ms/step
Epoch 139/10000

Epoch 139: val_loss improved from 0.03740 to 0.03728, saving model to ./results/NN_thk_regr/ResNet/recursion_1/ckpt_1
2/2 - 1s - loss: 0.0348 - mse: 0.0348 - mae: 0.1364 - val_loss: 0.0373 - val_mse: 0.0373 - val_mae: 0.1444 - 1s/epoch - 589ms/step
Epoch 140/10000

Epoch 140: val_loss did not improve from 0.03728
2/2 - 0s - loss: 0.0341 - mse: 0.0341 - mae: 0.1377 - val_loss: 0.0375 - val_mse: 0.0375 - val_mae: 0.1426 - 288ms/epoch - 144ms/step
Epoch 141/10000

Epoch 141: val_loss did not improve from 0.03728
2/2 - 0s - loss: 0.0343 - mse: 0.0343 - mae: 0.1375 - val_loss: 0.0391 - val_mse: 0.0391 - val_mae: 0.1433 - 292ms/epoch - 146ms/step
Epoch 142/10000

Epoch 142: val_loss did not improve from 0.03728
2/2 - 0s - loss: 0.0347 - mse: 0.0347 - mae: 0.1358 - val_loss: 0.0382 - val_mse: 0.0382 - val_mae: 0.1514 - 292ms/epoch - 146ms/step
Epoch 143/10000

Epoch 143: val_loss did not improve from 0.03728
2/2 - 0s - loss: 0.0349 - mse: 0.0349 - mae: 0.1428 - val_loss: 0.0397 - val_mse: 0.0397 - val_mae: 0.1440 - 289ms/epoch - 144ms/step
Epoch 144/10000

Epoch 144: val_loss did not improve from 0.03728
2/2 - 0s - loss: 0.0346 - mse: 0.0346 - mae: 0.1353 - val_loss: 0.0439 - val_mse: 0.0439 - val_mae: 0.1712 - 287ms/epoch - 144ms/step
Epoch 145/10000

Epoch 145: val_loss did not improve from 0.03728
2/2 - 0s - loss: 0.0400 - mse: 0.0400 - mae: 0.1585 - val_loss: 0.0430 - val_mse: 0.0430 - val_mae: 0.1491 - 288ms/epoch - 144ms/step
Epoch 146/10000

Epoch 146: val_loss did not improve from 0.03728
2/2 - 0s - loss: 0.0371 - mse: 0.0371 - mae: 0.1394 - val_loss: 0.0397 - val_mse: 0.0397 - val_mae: 0.1578 - 287ms/epoch - 144ms/step
Epoch 147/10000

Epoch 147: val_loss did not improve from 0.03728
2/2 - 0s - loss: 0.0372 - mse: 0.0372 - mae: 0.1527 - val_loss: 0.0389 - val_mse: 0.0389 - val_mae: 0.1438 - 291ms/epoch - 145ms/step
Epoch 148/10000

Epoch 148: val_loss did not improve from 0.03728
2/2 - 0s - loss: 0.0358 - mse: 0.0358 - mae: 0.1382 - val_loss: 0.0392 - val_mse: 0.0392 - val_mae: 0.1436 - 288ms/epoch - 144ms/step
Epoch 149/10000

Epoch 149: val_loss did not improve from 0.03728
2/2 - 0s - loss: 0.0356 - mse: 0.0356 - mae: 0.1403 - val_loss: 0.0378 - val_mse: 0.0378 - val_mae: 0.1502 - 284ms/epoch - 142ms/step
Epoch 150/10000

Epoch 150: val_loss did not improve from 0.03728
2/2 - 0s - loss: 0.0347 - mse: 0.0347 - mae: 0.1408 - val_loss: 0.0413 - val_mse: 0.0413 - val_mae: 0.1461 - 288ms/epoch - 144ms/step
Epoch 151/10000

Epoch 151: val_loss did not improve from 0.03728
2/2 - 0s - loss: 0.0362 - mse: 0.0362 - mae: 0.1375 - val_loss: 0.0381 - val_mse: 0.0381 - val_mae: 0.1515 - 286ms/epoch - 143ms/step
Epoch 152/10000

Epoch 152: val_loss did not improve from 0.03728
2/2 - 0s - loss: 0.0353 - mse: 0.0353 - mae: 0.1442 - val_loss: 0.0382 - val_mse: 0.0382 - val_mae: 0.1432 - 289ms/epoch - 144ms/step
Epoch 153/10000

Epoch 153: val_loss did not improve from 0.03728
2/2 - 0s - loss: 0.0345 - mse: 0.0345 - mae: 0.1361 - val_loss: 0.0374 - val_mse: 0.0374 - val_mae: 0.1454 - 287ms/epoch - 143ms/step
Epoch 154/10000

Epoch 154: val_loss did not improve from 0.03728
2/2 - 0s - loss: 0.0344 - mse: 0.0344 - mae: 0.1403 - val_loss: 0.0376 - val_mse: 0.0376 - val_mae: 0.1430 - 285ms/epoch - 142ms/step
Epoch 155/10000

Epoch 155: val_loss improved from 0.03728 to 0.03715, saving model to ./results/NN_thk_regr/ResNet/recursion_1/ckpt_1
2/2 - 1s - loss: 0.0343 - mse: 0.0343 - mae: 0.1362 - val_loss: 0.0372 - val_mse: 0.0372 - val_mae: 0.1433 - 1s/epoch - 555ms/step
Epoch 156/10000

Epoch 156: val_loss improved from 0.03715 to 0.03708, saving model to ./results/NN_thk_regr/ResNet/recursion_1/ckpt_1
2/2 - 1s - loss: 0.0340 - mse: 0.0340 - mae: 0.1380 - val_loss: 0.0371 - val_mse: 0.0371 - val_mae: 0.1439 - 1s/epoch - 584ms/step
Epoch 157/10000

Epoch 157: val_loss did not improve from 0.03708
2/2 - 0s - loss: 0.0343 - mse: 0.0343 - mae: 0.1377 - val_loss: 0.0371 - val_mse: 0.0371 - val_mae: 0.1432 - 287ms/epoch - 143ms/step
Epoch 158/10000

Epoch 158: val_loss did not improve from 0.03708
2/2 - 0s - loss: 0.0341 - mse: 0.0341 - mae: 0.1379 - val_loss: 0.0371 - val_mse: 0.0371 - val_mae: 0.1428 - 286ms/epoch - 143ms/step
Epoch 159/10000

Epoch 159: val_loss did not improve from 0.03708
2/2 - 0s - loss: 0.0345 - mse: 0.0345 - mae: 0.1360 - val_loss: 0.0373 - val_mse: 0.0373 - val_mae: 0.1474 - 287ms/epoch - 143ms/step
Epoch 160/10000

Epoch 160: val_loss improved from 0.03708 to 0.03703, saving model to ./results/NN_thk_regr/ResNet/recursion_1/ckpt_1
2/2 - 1s - loss: 0.0346 - mse: 0.0346 - mae: 0.1410 - val_loss: 0.0370 - val_mse: 0.0370 - val_mae: 0.1433 - 1s/epoch - 590ms/step
Epoch 161/10000

Epoch 161: val_loss improved from 0.03703 to 0.03702, saving model to ./results/NN_thk_regr/ResNet/recursion_1/ckpt_1
2/2 - 1s - loss: 0.0340 - mse: 0.0340 - mae: 0.1368 - val_loss: 0.0370 - val_mse: 0.0370 - val_mae: 0.1430 - 1s/epoch - 556ms/step
Epoch 162/10000

Epoch 162: val_loss improved from 0.03702 to 0.03698, saving model to ./results/NN_thk_regr/ResNet/recursion_1/ckpt_1
2/2 - 1s - loss: 0.0339 - mse: 0.0339 - mae: 0.1370 - val_loss: 0.0370 - val_mse: 0.0370 - val_mae: 0.1431 - 1s/epoch - 589ms/step
Epoch 163/10000

Epoch 163: val_loss improved from 0.03698 to 0.03693, saving model to ./results/NN_thk_regr/ResNet/recursion_1/ckpt_1
2/2 - 1s - loss: 0.0340 - mse: 0.0340 - mae: 0.1365 - val_loss: 0.0369 - val_mse: 0.0369 - val_mae: 0.1439 - 1s/epoch - 591ms/step
Epoch 164/10000

Epoch 164: val_loss did not improve from 0.03693
2/2 - 0s - loss: 0.0341 - mse: 0.0341 - mae: 0.1377 - val_loss: 0.0372 - val_mse: 0.0372 - val_mae: 0.1470 - 290ms/epoch - 145ms/step
Epoch 165/10000

Epoch 165: val_loss did not improve from 0.03693
2/2 - 0s - loss: 0.0343 - mse: 0.0343 - mae: 0.1397 - val_loss: 0.0377 - val_mse: 0.0377 - val_mae: 0.1416 - 290ms/epoch - 145ms/step
Epoch 166/10000

Epoch 166: val_loss did not improve from 0.03693
2/2 - 0s - loss: 0.0340 - mse: 0.0340 - mae: 0.1353 - val_loss: 0.0370 - val_mse: 0.0370 - val_mae: 0.1452 - 290ms/epoch - 145ms/step
Epoch 167/10000

Epoch 167: val_loss did not improve from 0.03693
2/2 - 0s - loss: 0.0340 - mse: 0.0340 - mae: 0.1381 - val_loss: 0.0374 - val_mse: 0.0374 - val_mae: 0.1416 - 292ms/epoch - 146ms/step
Epoch 168/10000

Epoch 168: val_loss did not improve from 0.03693
2/2 - 0s - loss: 0.0342 - mse: 0.0342 - mae: 0.1366 - val_loss: 0.0372 - val_mse: 0.0372 - val_mae: 0.1417 - 286ms/epoch - 143ms/step
Epoch 169/10000

Epoch 169: val_loss improved from 0.03693 to 0.03681, saving model to ./results/NN_thk_regr/ResNet/recursion_1/ckpt_1
2/2 - 1s - loss: 0.0339 - mse: 0.0339 - mae: 0.1351 - val_loss: 0.0368 - val_mse: 0.0368 - val_mae: 0.1441 - 1s/epoch - 555ms/step
Epoch 170/10000

Epoch 170: val_loss did not improve from 0.03681
2/2 - 0s - loss: 0.0342 - mse: 0.0342 - mae: 0.1377 - val_loss: 0.0371 - val_mse: 0.0371 - val_mae: 0.1471 - 290ms/epoch - 145ms/step
Epoch 171/10000

Epoch 171: val_loss did not improve from 0.03681
2/2 - 0s - loss: 0.0341 - mse: 0.0341 - mae: 0.1401 - val_loss: 0.0394 - val_mse: 0.0394 - val_mae: 0.1433 - 290ms/epoch - 145ms/step
Epoch 172/10000

Epoch 172: val_loss did not improve from 0.03681
2/2 - 0s - loss: 0.0349 - mse: 0.0349 - mae: 0.1356 - val_loss: 0.0379 - val_mse: 0.0379 - val_mae: 0.1515 - 289ms/epoch - 144ms/step
Epoch 173/10000

Epoch 173: val_loss did not improve from 0.03681
2/2 - 0s - loss: 0.0354 - mse: 0.0354 - mae: 0.1429 - val_loss: 0.0376 - val_mse: 0.0376 - val_mae: 0.1413 - 285ms/epoch - 142ms/step
Epoch 174/10000

Epoch 174: val_loss improved from 0.03681 to 0.03675, saving model to ./results/NN_thk_regr/ResNet/recursion_1/ckpt_1
2/2 - 1s - loss: 0.0342 - mse: 0.0342 - mae: 0.1365 - val_loss: 0.0367 - val_mse: 0.0367 - val_mae: 0.1426 - 1s/epoch - 581ms/step
Epoch 175/10000

Epoch 175: val_loss did not improve from 0.03675
2/2 - 0s - loss: 0.0338 - mse: 0.0338 - mae: 0.1359 - val_loss: 0.0371 - val_mse: 0.0371 - val_mae: 0.1415 - 289ms/epoch - 144ms/step
Epoch 176/10000

Epoch 176: val_loss improved from 0.03675 to 0.03675, saving model to ./results/NN_thk_regr/ResNet/recursion_1/ckpt_1
2/2 - 1s - loss: 0.0339 - mse: 0.0339 - mae: 0.1366 - val_loss: 0.0367 - val_mse: 0.0367 - val_mae: 0.1423 - 1s/epoch - 587ms/step
Epoch 177/10000

Epoch 177: val_loss did not improve from 0.03675
2/2 - 0s - loss: 0.0337 - mse: 0.0337 - mae: 0.1357 - val_loss: 0.0368 - val_mse: 0.0368 - val_mae: 0.1415 - 294ms/epoch - 147ms/step
Epoch 178/10000

Epoch 178: val_loss did not improve from 0.03675
2/2 - 0s - loss: 0.0336 - mse: 0.0336 - mae: 0.1355 - val_loss: 0.0371 - val_mse: 0.0371 - val_mae: 0.1475 - 288ms/epoch - 144ms/step
Epoch 179/10000

Epoch 179: val_loss did not improve from 0.03675
2/2 - 0s - loss: 0.0341 - mse: 0.0341 - mae: 0.1395 - val_loss: 0.0392 - val_mse: 0.0392 - val_mae: 0.1428 - 286ms/epoch - 143ms/step
Epoch 180/10000

Epoch 180: val_loss did not improve from 0.03675
2/2 - 0s - loss: 0.0345 - mse: 0.0345 - mae: 0.1356 - val_loss: 0.0387 - val_mse: 0.0387 - val_mae: 0.1548 - 288ms/epoch - 144ms/step
Epoch 181/10000

Epoch 181: val_loss did not improve from 0.03675
2/2 - 0s - loss: 0.0365 - mse: 0.0365 - mae: 0.1462 - val_loss: 0.0379 - val_mse: 0.0379 - val_mae: 0.1411 - 285ms/epoch - 143ms/step
Epoch 182/10000

Epoch 182: val_loss improved from 0.03675 to 0.03658, saving model to ./results/NN_thk_regr/ResNet/recursion_1/ckpt_1
2/2 - 1s - loss: 0.0348 - mse: 0.0348 - mae: 0.1379 - val_loss: 0.0366 - val_mse: 0.0366 - val_mae: 0.1421 - 1s/epoch - 552ms/step
Epoch 183/10000

Epoch 183: val_loss improved from 0.03658 to 0.03657, saving model to ./results/NN_thk_regr/ResNet/recursion_1/ckpt_1
2/2 - 1s - loss: 0.0348 - mse: 0.0348 - mae: 0.1377 - val_loss: 0.0366 - val_mse: 0.0366 - val_mae: 0.1430 - 1s/epoch - 580ms/step
Epoch 184/10000

Epoch 184: val_loss did not improve from 0.03657
2/2 - 0s - loss: 0.0340 - mse: 0.0340 - mae: 0.1392 - val_loss: 0.0369 - val_mse: 0.0369 - val_mae: 0.1415 - 291ms/epoch - 145ms/step
Epoch 185/10000

Epoch 185: val_loss did not improve from 0.03657
2/2 - 0s - loss: 0.0343 - mse: 0.0343 - mae: 0.1355 - val_loss: 0.0368 - val_mse: 0.0368 - val_mae: 0.1430 - 288ms/epoch - 144ms/step
Epoch 186/10000

Epoch 186: val_loss did not improve from 0.03657
2/2 - 0s - loss: 0.0347 - mse: 0.0347 - mae: 0.1404 - val_loss: 0.0383 - val_mse: 0.0383 - val_mae: 0.1419 - 286ms/epoch - 143ms/step
Epoch 187/10000

Epoch 187: val_loss did not improve from 0.03657
2/2 - 0s - loss: 0.0351 - mse: 0.0351 - mae: 0.1359 - val_loss: 0.0377 - val_mse: 0.0377 - val_mae: 0.1432 - 286ms/epoch - 143ms/step
Epoch 188/10000

Epoch 188: val_loss did not improve from 0.03657
2/2 - 0s - loss: 0.0348 - mse: 0.0348 - mae: 0.1409 - val_loss: 0.0376 - val_mse: 0.0376 - val_mae: 0.1482 - 288ms/epoch - 144ms/step
Epoch 189/10000

Epoch 189: val_loss did not improve from 0.03657
2/2 - 0s - loss: 0.0349 - mse: 0.0349 - mae: 0.1402 - val_loss: 0.0388 - val_mse: 0.0388 - val_mae: 0.1421 - 287ms/epoch - 143ms/step
Epoch 190/10000

Epoch 190: val_loss did not improve from 0.03657
2/2 - 0s - loss: 0.0344 - mse: 0.0344 - mae: 0.1360 - val_loss: 0.0375 - val_mse: 0.0375 - val_mae: 0.1498 - 287ms/epoch - 143ms/step
Epoch 191/10000

Epoch 191: val_loss did not improve from 0.03657
2/2 - 0s - loss: 0.0346 - mse: 0.0346 - mae: 0.1415 - val_loss: 0.0391 - val_mse: 0.0391 - val_mae: 0.1426 - 286ms/epoch - 143ms/step
Epoch 192/10000

Epoch 192: val_loss did not improve from 0.03657
2/2 - 0s - loss: 0.0346 - mse: 0.0346 - mae: 0.1353 - val_loss: 0.0372 - val_mse: 0.0372 - val_mae: 0.1480 - 287ms/epoch - 143ms/step
Epoch 193/10000

Epoch 193: val_loss did not improve from 0.03657
2/2 - 0s - loss: 0.0341 - mse: 0.0341 - mae: 0.1394 - val_loss: 0.0398 - val_mse: 0.0398 - val_mae: 0.1437 - 285ms/epoch - 142ms/step
Epoch 194/10000

Epoch 194: val_loss did not improve from 0.03657
2/2 - 0s - loss: 0.0347 - mse: 0.0347 - mae: 0.1344 - val_loss: 0.0409 - val_mse: 0.0409 - val_mae: 0.1627 - 290ms/epoch - 145ms/step
Epoch 195/10000

Epoch 195: val_loss did not improve from 0.03657
2/2 - 0s - loss: 0.0375 - mse: 0.0375 - mae: 0.1506 - val_loss: 0.0418 - val_mse: 0.0418 - val_mae: 0.1469 - 293ms/epoch - 147ms/step
Epoch 196/10000

Epoch 196: val_loss did not improve from 0.03657
2/2 - 0s - loss: 0.0362 - mse: 0.0362 - mae: 0.1382 - val_loss: 0.0392 - val_mse: 0.0392 - val_mae: 0.1565 - 288ms/epoch - 144ms/step
Epoch 197/10000

Epoch 197: val_loss did not improve from 0.03657
2/2 - 0s - loss: 0.0362 - mse: 0.0362 - mae: 0.1484 - val_loss: 0.0393 - val_mse: 0.0393 - val_mae: 0.1426 - 285ms/epoch - 143ms/step
Epoch 198/10000

Epoch 198: val_loss did not improve from 0.03657
2/2 - 0s - loss: 0.0357 - mse: 0.0357 - mae: 0.1362 - val_loss: 0.0372 - val_mse: 0.0372 - val_mae: 0.1469 - 288ms/epoch - 144ms/step
Epoch 199/10000

Epoch 199: val_loss did not improve from 0.03657
2/2 - 0s - loss: 0.0352 - mse: 0.0352 - mae: 0.1444 - val_loss: 0.0377 - val_mse: 0.0377 - val_mae: 0.1414 - 291ms/epoch - 146ms/step
Epoch 200/10000

Epoch 200: val_loss did not improve from 0.03657
2/2 - 0s - loss: 0.0347 - mse: 0.0347 - mae: 0.1350 - val_loss: 0.0380 - val_mse: 0.0380 - val_mae: 0.1415 - 293ms/epoch - 146ms/step
Epoch 201/10000

Epoch 201: val_loss did not improve from 0.03657
2/2 - 0s - loss: 0.0350 - mse: 0.0350 - mae: 0.1379 - val_loss: 0.0372 - val_mse: 0.0372 - val_mae: 0.1468 - 290ms/epoch - 145ms/step
Epoch 202/10000

Epoch 202: val_loss did not improve from 0.03657
2/2 - 0s - loss: 0.0346 - mse: 0.0346 - mae: 0.1385 - val_loss: 0.0386 - val_mse: 0.0386 - val_mae: 0.1418 - 288ms/epoch - 144ms/step
Epoch 203/10000

Epoch 203: val_loss did not improve from 0.03657
2/2 - 0s - loss: 0.0346 - mse: 0.0346 - mae: 0.1362 - val_loss: 0.0372 - val_mse: 0.0372 - val_mae: 0.1478 - 286ms/epoch - 143ms/step
Epoch 204/10000

Epoch 204: val_loss did not improve from 0.03657
2/2 - 0s - loss: 0.0345 - mse: 0.0345 - mae: 0.1402 - val_loss: 0.0375 - val_mse: 0.0375 - val_mae: 0.1411 - 286ms/epoch - 143ms/step
Epoch 205/10000

Epoch 205: val_loss improved from 0.03657 to 0.03652, saving model to ./results/NN_thk_regr/ResNet/recursion_1/ckpt_1
2/2 - 1s - loss: 0.0339 - mse: 0.0339 - mae: 0.1349 - val_loss: 0.0365 - val_mse: 0.0365 - val_mae: 0.1431 - 1s/epoch - 582ms/step
Epoch 206/10000

Epoch 206: val_loss did not improve from 0.03652
2/2 - 0s - loss: 0.0337 - mse: 0.0337 - mae: 0.1364 - val_loss: 0.0369 - val_mse: 0.0369 - val_mae: 0.1406 - 291ms/epoch - 145ms/step
Epoch 207/10000

Epoch 207: val_loss improved from 0.03652 to 0.03648, saving model to ./results/NN_thk_regr/ResNet/recursion_1/ckpt_1
2/2 - 1s - loss: 0.0336 - mse: 0.0336 - mae: 0.1351 - val_loss: 0.0365 - val_mse: 0.0365 - val_mae: 0.1432 - 1s/epoch - 585ms/step
Epoch 208/10000

Epoch 208: val_loss did not improve from 0.03648
2/2 - 0s - loss: 0.0338 - mse: 0.0338 - mae: 0.1367 - val_loss: 0.0365 - val_mse: 0.0365 - val_mae: 0.1409 - 291ms/epoch - 146ms/step
Epoch 209/10000

Epoch 209: val_loss did not improve from 0.03648
2/2 - 0s - loss: 0.0338 - mse: 0.0338 - mae: 0.1369 - val_loss: 0.0376 - val_mse: 0.0376 - val_mae: 0.1407 - 292ms/epoch - 146ms/step
Epoch 210/10000

Epoch 210: val_loss did not improve from 0.03648
2/2 - 0s - loss: 0.0340 - mse: 0.0340 - mae: 0.1340 - val_loss: 0.0371 - val_mse: 0.0371 - val_mae: 0.1478 - 289ms/epoch - 145ms/step
Epoch 211/10000

Epoch 211: val_loss did not improve from 0.03648
2/2 - 0s - loss: 0.0342 - mse: 0.0342 - mae: 0.1404 - val_loss: 0.0395 - val_mse: 0.0395 - val_mae: 0.1434 - 290ms/epoch - 145ms/step
Epoch 212/10000

Epoch 212: val_loss did not improve from 0.03648
2/2 - 0s - loss: 0.0347 - mse: 0.0347 - mae: 0.1347 - val_loss: 0.0392 - val_mse: 0.0392 - val_mae: 0.1570 - 289ms/epoch - 145ms/step
Epoch 213/10000

Epoch 213: val_loss did not improve from 0.03648
2/2 - 0s - loss: 0.0364 - mse: 0.0364 - mae: 0.1468 - val_loss: 0.0393 - val_mse: 0.0393 - val_mae: 0.1429 - 288ms/epoch - 144ms/step
Epoch 214/10000

Epoch 214: val_loss did not improve from 0.03648
2/2 - 0s - loss: 0.0352 - mse: 0.0352 - mae: 0.1388 - val_loss: 0.0367 - val_mse: 0.0367 - val_mae: 0.1458 - 289ms/epoch - 145ms/step
Epoch 215/10000

Epoch 215: val_loss did not improve from 0.03648
2/2 - 0s - loss: 0.0345 - mse: 0.0345 - mae: 0.1389 - val_loss: 0.0372 - val_mse: 0.0372 - val_mae: 0.1404 - 288ms/epoch - 144ms/step
Epoch 216/10000

Epoch 216: val_loss improved from 0.03648 to 0.03638, saving model to ./results/NN_thk_regr/ResNet/recursion_1/ckpt_1
2/2 - 1s - loss: 0.0341 - mse: 0.0341 - mae: 0.1371 - val_loss: 0.0364 - val_mse: 0.0364 - val_mae: 0.1424 - 1s/epoch - 552ms/step
Epoch 217/10000

Epoch 217: val_loss did not improve from 0.03638
2/2 - 0s - loss: 0.0333 - mse: 0.0333 - mae: 0.1356 - val_loss: 0.0389 - val_mse: 0.0389 - val_mae: 0.1422 - 286ms/epoch - 143ms/step
Epoch 218/10000

Epoch 218: val_loss did not improve from 0.03638
2/2 - 0s - loss: 0.0344 - mse: 0.0344 - mae: 0.1345 - val_loss: 0.0396 - val_mse: 0.0396 - val_mae: 0.1590 - 288ms/epoch - 144ms/step
Epoch 219/10000

Epoch 219: val_loss did not improve from 0.03638
2/2 - 0s - loss: 0.0364 - mse: 0.0364 - mae: 0.1490 - val_loss: 0.0402 - val_mse: 0.0402 - val_mae: 0.1439 - 286ms/epoch - 143ms/step
Epoch 220/10000

Epoch 220: val_loss did not improve from 0.03638
2/2 - 0s - loss: 0.0354 - mse: 0.0354 - mae: 0.1357 - val_loss: 0.0378 - val_mse: 0.0378 - val_mae: 0.1517 - 287ms/epoch - 144ms/step
Epoch 221/10000

Epoch 221: val_loss did not improve from 0.03638
2/2 - 0s - loss: 0.0354 - mse: 0.0354 - mae: 0.1461 - val_loss: 0.0385 - val_mse: 0.0385 - val_mae: 0.1417 - 288ms/epoch - 144ms/step
Epoch 222/10000

Epoch 222: val_loss did not improve from 0.03638
2/2 - 0s - loss: 0.0350 - mse: 0.0350 - mae: 0.1353 - val_loss: 0.0379 - val_mse: 0.0379 - val_mae: 0.1420 - 286ms/epoch - 143ms/step
Epoch 223/10000

Epoch 223: val_loss did not improve from 0.03638
2/2 - 0s - loss: 0.0344 - mse: 0.0344 - mae: 0.1369 - val_loss: 0.0375 - val_mse: 0.0375 - val_mae: 0.1491 - 285ms/epoch - 143ms/step
Epoch 224/10000

Epoch 224: val_loss did not improve from 0.03638
2/2 - 0s - loss: 0.0347 - mse: 0.0347 - mae: 0.1413 - val_loss: 0.0378 - val_mse: 0.0378 - val_mae: 0.1410 - 292ms/epoch - 146ms/step
Epoch 225/10000

Epoch 225: val_loss did not improve from 0.03638
2/2 - 0s - loss: 0.0339 - mse: 0.0339 - mae: 0.1350 - val_loss: 0.0365 - val_mse: 0.0365 - val_mae: 0.1446 - 289ms/epoch - 145ms/step
Epoch 226/10000

Epoch 226: val_loss improved from 0.03638 to 0.03637, saving model to ./results/NN_thk_regr/ResNet/recursion_1/ckpt_1
2/2 - 1s - loss: 0.0341 - mse: 0.0341 - mae: 0.1383 - val_loss: 0.0364 - val_mse: 0.0364 - val_mae: 0.1407 - 1s/epoch - 582ms/step
Epoch 227/10000

Epoch 227: val_loss did not improve from 0.03637
2/2 - 0s - loss: 0.0340 - mse: 0.0340 - mae: 0.1373 - val_loss: 0.0381 - val_mse: 0.0381 - val_mae: 0.1411 - 292ms/epoch - 146ms/step
Epoch 228/10000

Epoch 228: val_loss improved from 0.03637 to 0.03632, saving model to ./results/NN_thk_regr/ResNet/recursion_1/ckpt_1
2/2 - 1s - loss: 0.0344 - mse: 0.0344 - mae: 0.1343 - val_loss: 0.0363 - val_mse: 0.0363 - val_mae: 0.1426 - 1s/epoch - 584ms/step
Epoch 229/10000

Epoch 229: val_loss did not improve from 0.03632
2/2 - 0s - loss: 0.0336 - mse: 0.0336 - mae: 0.1368 - val_loss: 0.0366 - val_mse: 0.0366 - val_mae: 0.1402 - 290ms/epoch - 145ms/step
Epoch 230/10000

Epoch 230: val_loss did not improve from 0.03632
2/2 - 0s - loss: 0.0337 - mse: 0.0337 - mae: 0.1353 - val_loss: 0.0369 - val_mse: 0.0369 - val_mae: 0.1400 - 292ms/epoch - 146ms/step
Epoch 231/10000

Epoch 231: val_loss did not improve from 0.03632
2/2 - 0s - loss: 0.0337 - mse: 0.0337 - mae: 0.1339 - val_loss: 0.0368 - val_mse: 0.0368 - val_mae: 0.1469 - 288ms/epoch - 144ms/step
Epoch 232/10000

Epoch 232: val_loss did not improve from 0.03632
2/2 - 0s - loss: 0.0341 - mse: 0.0341 - mae: 0.1400 - val_loss: 0.0398 - val_mse: 0.0398 - val_mae: 0.1436 - 288ms/epoch - 144ms/step
Epoch 233/10000

Epoch 233: val_loss did not improve from 0.03632
2/2 - 0s - loss: 0.0352 - mse: 0.0352 - mae: 0.1369 - val_loss: 0.0372 - val_mse: 0.0372 - val_mae: 0.1491 - 292ms/epoch - 146ms/step
Epoch 234/10000

Epoch 234: val_loss did not improve from 0.03632
2/2 - 0s - loss: 0.0353 - mse: 0.0353 - mae: 0.1418 - val_loss: 0.0364 - val_mse: 0.0364 - val_mae: 0.1402 - 291ms/epoch - 145ms/step
Epoch 235/10000

Epoch 235: val_loss improved from 0.03632 to 0.03620, saving model to ./results/NN_thk_regr/ResNet/recursion_1/ckpt_1
2/2 - 1s - loss: 0.0335 - mse: 0.0335 - mae: 0.1356 - val_loss: 0.0362 - val_mse: 0.0362 - val_mae: 0.1414 - 1s/epoch - 589ms/step
Epoch 236/10000

Epoch 236: val_loss did not improve from 0.03620
2/2 - 0s - loss: 0.0336 - mse: 0.0336 - mae: 0.1354 - val_loss: 0.0364 - val_mse: 0.0364 - val_mae: 0.1402 - 299ms/epoch - 149ms/step
Epoch 237/10000

Epoch 237: val_loss did not improve from 0.03620
2/2 - 0s - loss: 0.0339 - mse: 0.0339 - mae: 0.1369 - val_loss: 0.0373 - val_mse: 0.0373 - val_mae: 0.1400 - 287ms/epoch - 143ms/step
Epoch 238/10000

Epoch 238: val_loss did not improve from 0.03620
2/2 - 0s - loss: 0.0339 - mse: 0.0339 - mae: 0.1337 - val_loss: 0.0366 - val_mse: 0.0366 - val_mae: 0.1458 - 286ms/epoch - 143ms/step
Epoch 239/10000

Epoch 239: val_loss did not improve from 0.03620
2/2 - 0s - loss: 0.0340 - mse: 0.0340 - mae: 0.1393 - val_loss: 0.0372 - val_mse: 0.0372 - val_mae: 0.1400 - 286ms/epoch - 143ms/step
Epoch 240/10000

Epoch 240: val_loss did not improve from 0.03620
2/2 - 0s - loss: 0.0338 - mse: 0.0338 - mae: 0.1343 - val_loss: 0.0364 - val_mse: 0.0364 - val_mae: 0.1403 - 291ms/epoch - 146ms/step
Epoch 241/10000

Epoch 241: val_loss did not improve from 0.03620
2/2 - 0s - loss: 0.0334 - mse: 0.0334 - mae: 0.1350 - val_loss: 0.0365 - val_mse: 0.0365 - val_mae: 0.1400 - 290ms/epoch - 145ms/step
Epoch 242/10000

Epoch 242: val_loss did not improve from 0.03620
2/2 - 0s - loss: 0.0334 - mse: 0.0334 - mae: 0.1340 - val_loss: 0.0363 - val_mse: 0.0363 - val_mae: 0.1439 - 288ms/epoch - 144ms/step
Epoch 243/10000

Epoch 243: val_loss did not improve from 0.03620
2/2 - 0s - loss: 0.0336 - mse: 0.0336 - mae: 0.1373 - val_loss: 0.0370 - val_mse: 0.0370 - val_mae: 0.1398 - 291ms/epoch - 145ms/step
Epoch 244/10000

Epoch 244: val_loss did not improve from 0.03620
2/2 - 0s - loss: 0.0335 - mse: 0.0335 - mae: 0.1340 - val_loss: 0.0365 - val_mse: 0.0365 - val_mae: 0.1456 - 291ms/epoch - 145ms/step
Epoch 245/10000

Epoch 245: val_loss did not improve from 0.03620
2/2 - 0s - loss: 0.0339 - mse: 0.0339 - mae: 0.1389 - val_loss: 0.0375 - val_mse: 0.0375 - val_mae: 0.1402 - 287ms/epoch - 144ms/step
Epoch 246/10000

Epoch 246: val_loss improved from 0.03620 to 0.03609, saving model to ./results/NN_thk_regr/ResNet/recursion_1/ckpt_1
2/2 - 1s - loss: 0.0340 - mse: 0.0340 - mae: 0.1359 - val_loss: 0.0361 - val_mse: 0.0361 - val_mae: 0.1421 - 1s/epoch - 554ms/step
Epoch 247/10000

Epoch 247: val_loss did not improve from 0.03609
2/2 - 0s - loss: 0.0335 - mse: 0.0335 - mae: 0.1359 - val_loss: 0.0364 - val_mse: 0.0364 - val_mae: 0.1398 - 290ms/epoch - 145ms/step
Epoch 248/10000

Epoch 248: val_loss did not improve from 0.03609
2/2 - 0s - loss: 0.0339 - mse: 0.0339 - mae: 0.1365 - val_loss: 0.0374 - val_mse: 0.0374 - val_mae: 0.1401 - 290ms/epoch - 145ms/step
Epoch 249/10000

Epoch 249: val_loss did not improve from 0.03609
2/2 - 0s - loss: 0.0339 - mse: 0.0339 - mae: 0.1336 - val_loss: 0.0363 - val_mse: 0.0363 - val_mae: 0.1445 - 290ms/epoch - 145ms/step
Epoch 250/10000

Epoch 250: val_loss did not improve from 0.03609
2/2 - 0s - loss: 0.0337 - mse: 0.0337 - mae: 0.1381 - val_loss: 0.0373 - val_mse: 0.0373 - val_mae: 0.1400 - 287ms/epoch - 144ms/step
Epoch 251/10000

Epoch 251: val_loss improved from 0.03609 to 0.03608, saving model to ./results/NN_thk_regr/ResNet/recursion_1/ckpt_1
2/2 - 1s - loss: 0.0338 - mse: 0.0338 - mae: 0.1343 - val_loss: 0.0361 - val_mse: 0.0361 - val_mae: 0.1415 - 1s/epoch - 589ms/step
Epoch 252/10000

Epoch 252: val_loss did not improve from 0.03608
2/2 - 0s - loss: 0.0333 - mse: 0.0333 - mae: 0.1357 - val_loss: 0.0366 - val_mse: 0.0366 - val_mae: 0.1397 - 292ms/epoch - 146ms/step
Epoch 253/10000

Epoch 253: val_loss did not improve from 0.03608
2/2 - 0s - loss: 0.0336 - mse: 0.0336 - mae: 0.1352 - val_loss: 0.0366 - val_mse: 0.0366 - val_mae: 0.1397 - 288ms/epoch - 144ms/step
Epoch 254/10000

Epoch 254: val_loss did not improve from 0.03608
2/2 - 0s - loss: 0.0335 - mse: 0.0335 - mae: 0.1336 - val_loss: 0.0368 - val_mse: 0.0368 - val_mae: 0.1477 - 290ms/epoch - 145ms/step
Epoch 255/10000

Epoch 255: val_loss did not improve from 0.03608
2/2 - 0s - loss: 0.0345 - mse: 0.0345 - mae: 0.1414 - val_loss: 0.0365 - val_mse: 0.0365 - val_mae: 0.1396 - 287ms/epoch - 144ms/step
Epoch 256/10000

Epoch 256: val_loss did not improve from 0.03608
2/2 - 0s - loss: 0.0335 - mse: 0.0335 - mae: 0.1349 - val_loss: 0.0361 - val_mse: 0.0361 - val_mae: 0.1400 - 285ms/epoch - 143ms/step
Epoch 257/10000

Epoch 257: val_loss did not improve from 0.03608
2/2 - 0s - loss: 0.0333 - mse: 0.0333 - mae: 0.1344 - val_loss: 0.0372 - val_mse: 0.0372 - val_mae: 0.1397 - 288ms/epoch - 144ms/step
Epoch 258/10000

Epoch 258: val_loss improved from 0.03608 to 0.03603, saving model to ./results/NN_thk_regr/ResNet/recursion_1/ckpt_1
2/2 - 1s - loss: 0.0337 - mse: 0.0337 - mae: 0.1340 - val_loss: 0.0360 - val_mse: 0.0360 - val_mae: 0.1425 - 1s/epoch - 590ms/step
Epoch 259/10000

Epoch 259: val_loss did not improve from 0.03603
2/2 - 0s - loss: 0.0335 - mse: 0.0335 - mae: 0.1359 - val_loss: 0.0363 - val_mse: 0.0363 - val_mae: 0.1394 - 289ms/epoch - 144ms/step
Epoch 260/10000

Epoch 260: val_loss did not improve from 0.03603
2/2 - 0s - loss: 0.0336 - mse: 0.0336 - mae: 0.1354 - val_loss: 0.0365 - val_mse: 0.0365 - val_mae: 0.1392 - 286ms/epoch - 143ms/step
Epoch 261/10000

Epoch 261: val_loss improved from 0.03603 to 0.03596, saving model to ./results/NN_thk_regr/ResNet/recursion_1/ckpt_1
2/2 - 1s - loss: 0.0334 - mse: 0.0334 - mae: 0.1333 - val_loss: 0.0360 - val_mse: 0.0360 - val_mae: 0.1419 - 1s/epoch - 551ms/step
Epoch 262/10000

Epoch 262: val_loss did not improve from 0.03596
2/2 - 0s - loss: 0.0334 - mse: 0.0334 - mae: 0.1362 - val_loss: 0.0360 - val_mse: 0.0360 - val_mae: 0.1401 - 288ms/epoch - 144ms/step
Epoch 263/10000

Epoch 263: val_loss did not improve from 0.03596
2/2 - 0s - loss: 0.0333 - mse: 0.0333 - mae: 0.1354 - val_loss: 0.0376 - val_mse: 0.0376 - val_mae: 0.1400 - 286ms/epoch - 143ms/step
Epoch 264/10000

Epoch 264: val_loss did not improve from 0.03596
2/2 - 0s - loss: 0.0338 - mse: 0.0338 - mae: 0.1340 - val_loss: 0.0362 - val_mse: 0.0362 - val_mae: 0.1444 - 285ms/epoch - 142ms/step
Epoch 265/10000

Epoch 265: val_loss did not improve from 0.03596
2/2 - 0s - loss: 0.0335 - mse: 0.0335 - mae: 0.1372 - val_loss: 0.0386 - val_mse: 0.0386 - val_mae: 0.1415 - 292ms/epoch - 146ms/step
Epoch 266/10000

Epoch 266: val_loss did not improve from 0.03596
2/2 - 0s - loss: 0.0346 - mse: 0.0346 - mae: 0.1362 - val_loss: 0.0361 - val_mse: 0.0361 - val_mae: 0.1435 - 290ms/epoch - 145ms/step
Epoch 267/10000

Epoch 267: val_loss did not improve from 0.03596
2/2 - 0s - loss: 0.0336 - mse: 0.0336 - mae: 0.1370 - val_loss: 0.0368 - val_mse: 0.0368 - val_mae: 0.1393 - 288ms/epoch - 144ms/step
Epoch 268/10000

Epoch 268: val_loss did not improve from 0.03596
2/2 - 0s - loss: 0.0339 - mse: 0.0339 - mae: 0.1358 - val_loss: 0.0363 - val_mse: 0.0363 - val_mae: 0.1395 - 287ms/epoch - 144ms/step
Epoch 269/10000

Epoch 269: val_loss did not improve from 0.03596
2/2 - 0s - loss: 0.0335 - mse: 0.0335 - mae: 0.1338 - val_loss: 0.0360 - val_mse: 0.0360 - val_mae: 0.1427 - 293ms/epoch - 147ms/step
Epoch 270/10000

Epoch 270: val_loss did not improve from 0.03596
2/2 - 0s - loss: 0.0335 - mse: 0.0335 - mae: 0.1374 - val_loss: 0.0367 - val_mse: 0.0367 - val_mae: 0.1393 - 288ms/epoch - 144ms/step
Epoch 271/10000

Epoch 271: val_loss improved from 0.03596 to 0.03589, saving model to ./results/NN_thk_regr/ResNet/recursion_1/ckpt_1
2/2 - 1s - loss: 0.0335 - mse: 0.0335 - mae: 0.1336 - val_loss: 0.0359 - val_mse: 0.0359 - val_mae: 0.1411 - 1s/epoch - 589ms/step
Epoch 272/10000

Epoch 272: val_loss did not improve from 0.03589
2/2 - 0s - loss: 0.0333 - mse: 0.0333 - mae: 0.1358 - val_loss: 0.0382 - val_mse: 0.0382 - val_mae: 0.1409 - 290ms/epoch - 145ms/step
Epoch 273/10000

Epoch 273: val_loss did not improve from 0.03589
2/2 - 0s - loss: 0.0346 - mse: 0.0346 - mae: 0.1358 - val_loss: 0.0359 - val_mse: 0.0359 - val_mae: 0.1400 - 287ms/epoch - 143ms/step
Epoch 274/10000

Epoch 274: val_loss did not improve from 0.03589
2/2 - 0s - loss: 0.0336 - mse: 0.0336 - mae: 0.1347 - val_loss: 0.0365 - val_mse: 0.0365 - val_mae: 0.1462 - 289ms/epoch - 145ms/step
Epoch 275/10000

Epoch 275: val_loss did not improve from 0.03589
2/2 - 0s - loss: 0.0339 - mse: 0.0339 - mae: 0.1398 - val_loss: 0.0379 - val_mse: 0.0379 - val_mae: 0.1403 - 289ms/epoch - 145ms/step
Epoch 276/10000

Epoch 276: val_loss did not improve from 0.03589
2/2 - 0s - loss: 0.0340 - mse: 0.0340 - mae: 0.1338 - val_loss: 0.0363 - val_mse: 0.0363 - val_mae: 0.1449 - 289ms/epoch - 144ms/step
Epoch 277/10000

Epoch 277: val_loss did not improve from 0.03589
2/2 - 0s - loss: 0.0344 - mse: 0.0344 - mae: 0.1389 - val_loss: 0.0359 - val_mse: 0.0359 - val_mae: 0.1407 - 287ms/epoch - 144ms/step
Epoch 278/10000

Epoch 278: val_loss did not improve from 0.03589
2/2 - 0s - loss: 0.0332 - mse: 0.0332 - mae: 0.1358 - val_loss: 0.0359 - val_mse: 0.0359 - val_mae: 0.1412 - 287ms/epoch - 143ms/step
Epoch 279/10000

Epoch 279: val_loss improved from 0.03589 to 0.03589, saving model to ./results/NN_thk_regr/ResNet/recursion_1/ckpt_1
2/2 - 1s - loss: 0.0335 - mse: 0.0335 - mae: 0.1354 - val_loss: 0.0359 - val_mse: 0.0359 - val_mae: 0.1406 - 1s/epoch - 591ms/step
Epoch 280/10000

Epoch 280: val_loss did not improve from 0.03589
2/2 - 0s - loss: 0.0334 - mse: 0.0334 - mae: 0.1363 - val_loss: 0.0371 - val_mse: 0.0371 - val_mae: 0.1394 - 289ms/epoch - 144ms/step
Epoch 281/10000

Epoch 281: val_loss did not improve from 0.03589
2/2 - 0s - loss: 0.0337 - mse: 0.0337 - mae: 0.1331 - val_loss: 0.0382 - val_mse: 0.0382 - val_mae: 0.1539 - 291ms/epoch - 146ms/step
Epoch 282/10000

Epoch 282: val_loss did not improve from 0.03589
2/2 - 0s - loss: 0.0364 - mse: 0.0364 - mae: 0.1466 - val_loss: 0.0366 - val_mse: 0.0366 - val_mae: 0.1392 - 290ms/epoch - 145ms/step
Epoch 283/10000

Epoch 283: val_loss did not improve from 0.03589
2/2 - 0s - loss: 0.0337 - mse: 0.0337 - mae: 0.1364 - val_loss: 0.0361 - val_mse: 0.0361 - val_mae: 0.1399 - 286ms/epoch - 143ms/step
Epoch 284/10000

Epoch 284: val_loss did not improve from 0.03589
2/2 - 0s - loss: 0.0336 - mse: 0.0336 - mae: 0.1340 - val_loss: 0.0360 - val_mse: 0.0360 - val_mae: 0.1413 - 286ms/epoch - 143ms/step
Epoch 285/10000

Epoch 285: val_loss did not improve from 0.03589
2/2 - 0s - loss: 0.0339 - mse: 0.0339 - mae: 0.1384 - val_loss: 0.0385 - val_mse: 0.0385 - val_mae: 0.1412 - 287ms/epoch - 144ms/step
Epoch 286/10000

Epoch 286: val_loss did not improve from 0.03589
2/2 - 0s - loss: 0.0348 - mse: 0.0348 - mae: 0.1344 - val_loss: 0.0369 - val_mse: 0.0369 - val_mae: 0.1483 - 285ms/epoch - 143ms/step
Epoch 287/10000

Epoch 287: val_loss did not improve from 0.03589
2/2 - 0s - loss: 0.0347 - mse: 0.0347 - mae: 0.1434 - val_loss: 0.0393 - val_mse: 0.0393 - val_mae: 0.1422 - 289ms/epoch - 144ms/step
Epoch 288/10000

Epoch 288: val_loss did not improve from 0.03589
2/2 - 0s - loss: 0.0356 - mse: 0.0356 - mae: 0.1355 - val_loss: 0.0369 - val_mse: 0.0369 - val_mae: 0.1448 - 290ms/epoch - 145ms/step
Epoch 289/10000

Epoch 289: val_loss did not improve from 0.03589
2/2 - 0s - loss: 0.0348 - mse: 0.0348 - mae: 0.1429 - val_loss: 0.0367 - val_mse: 0.0367 - val_mae: 0.1427 - 291ms/epoch - 145ms/step
Epoch 290/10000

Epoch 290: val_loss did not improve from 0.03589
2/2 - 0s - loss: 0.0343 - mse: 0.0343 - mae: 0.1361 - val_loss: 0.0375 - val_mse: 0.0375 - val_mae: 0.1403 - 285ms/epoch - 142ms/step
Epoch 291/10000

Epoch 291: val_loss did not improve from 0.03589
2/2 - 0s - loss: 0.0341 - mse: 0.0341 - mae: 0.1371 - val_loss: 0.0360 - val_mse: 0.0360 - val_mae: 0.1422 - 291ms/epoch - 146ms/step
Epoch 292/10000

Epoch 292: val_loss did not improve from 0.03589
2/2 - 0s - loss: 0.0343 - mse: 0.0343 - mae: 0.1374 - val_loss: 0.0364 - val_mse: 0.0364 - val_mae: 0.1396 - 291ms/epoch - 145ms/step
Epoch 293/10000

Epoch 293: val_loss did not improve from 0.03589
2/2 - 0s - loss: 0.0340 - mse: 0.0340 - mae: 0.1387 - val_loss: 0.0368 - val_mse: 0.0368 - val_mae: 0.1398 - 286ms/epoch - 143ms/step
Epoch 294/10000

Epoch 294: val_loss did not improve from 0.03589
2/2 - 0s - loss: 0.0338 - mse: 0.0338 - mae: 0.1335 - val_loss: 0.0362 - val_mse: 0.0362 - val_mae: 0.1412 - 287ms/epoch - 144ms/step
Epoch 295/10000

Epoch 295: val_loss did not improve from 0.03589
2/2 - 0s - loss: 0.0343 - mse: 0.0343 - mae: 0.1390 - val_loss: 0.0383 - val_mse: 0.0383 - val_mae: 0.1410 - 287ms/epoch - 144ms/step
Epoch 296/10000

Epoch 296: val_loss did not improve from 0.03589
2/2 - 0s - loss: 0.0348 - mse: 0.0348 - mae: 0.1343 - val_loss: 0.0366 - val_mse: 0.0366 - val_mae: 0.1420 - 289ms/epoch - 145ms/step
Epoch 297/10000

Epoch 297: val_loss did not improve from 0.03589
2/2 - 0s - loss: 0.0341 - mse: 0.0341 - mae: 0.1389 - val_loss: 0.0365 - val_mse: 0.0365 - val_mae: 0.1424 - 291ms/epoch - 146ms/step
Epoch 298/10000

Epoch 298: val_loss did not improve from 0.03589
2/2 - 0s - loss: 0.0336 - mse: 0.0336 - mae: 0.1354 - val_loss: 0.0376 - val_mse: 0.0376 - val_mae: 0.1404 - 287ms/epoch - 144ms/step
Epoch 299/10000

Epoch 299: val_loss did not improve from 0.03589
2/2 - 0s - loss: 0.0339 - mse: 0.0339 - mae: 0.1352 - val_loss: 0.0360 - val_mse: 0.0360 - val_mae: 0.1425 - 286ms/epoch - 143ms/step
Epoch 300/10000

Epoch 300: val_loss did not improve from 0.03589
2/2 - 0s - loss: 0.0341 - mse: 0.0341 - mae: 0.1370 - val_loss: 0.0360 - val_mse: 0.0360 - val_mae: 0.1401 - 287ms/epoch - 144ms/step
Epoch 301/10000

Epoch 301: val_loss did not improve from 0.03589
2/2 - 0s - loss: 0.0338 - mse: 0.0338 - mae: 0.1379 - val_loss: 0.0378 - val_mse: 0.0378 - val_mae: 0.1405 - 292ms/epoch - 146ms/step
Epoch 302/10000

Epoch 302: val_loss did not improve from 0.03589
2/2 - 0s - loss: 0.0342 - mse: 0.0342 - mae: 0.1338 - val_loss: 0.0369 - val_mse: 0.0369 - val_mae: 0.1480 - 288ms/epoch - 144ms/step
Epoch 303/10000

Epoch 303: val_loss did not improve from 0.03589
2/2 - 0s - loss: 0.0344 - mse: 0.0344 - mae: 0.1411 - val_loss: 0.0367 - val_mse: 0.0367 - val_mae: 0.1397 - 292ms/epoch - 146ms/step
Epoch 304/10000

Epoch 304: val_loss did not improve from 0.03589
2/2 - 0s - loss: 0.0333 - mse: 0.0333 - mae: 0.1333 - val_loss: 0.0368 - val_mse: 0.0368 - val_mae: 0.1476 - 289ms/epoch - 145ms/step
Epoch 305/10000

Epoch 305: val_loss did not improve from 0.03589
2/2 - 0s - loss: 0.0341 - mse: 0.0341 - mae: 0.1397 - val_loss: 0.0382 - val_mse: 0.0382 - val_mae: 0.1409 - 288ms/epoch - 144ms/step
Epoch 306/10000

Epoch 306: val_loss did not improve from 0.03589
2/2 - 0s - loss: 0.0340 - mse: 0.0340 - mae: 0.1337 - val_loss: 0.0367 - val_mse: 0.0367 - val_mae: 0.1470 - 287ms/epoch - 144ms/step
Epoch 307/10000

Epoch 307: val_loss did not improve from 0.03589
2/2 - 0s - loss: 0.0341 - mse: 0.0341 - mae: 0.1400 - val_loss: 0.0373 - val_mse: 0.0373 - val_mae: 0.1401 - 286ms/epoch - 143ms/step
Epoch 308/10000

Epoch 308: val_loss did not improve from 0.03589
2/2 - 0s - loss: 0.0335 - mse: 0.0335 - mae: 0.1336 - val_loss: 0.0366 - val_mse: 0.0366 - val_mae: 0.1465 - 288ms/epoch - 144ms/step
Epoch 309/10000

Epoch 309: val_loss did not improve from 0.03589
2/2 - 0s - loss: 0.0339 - mse: 0.0339 - mae: 0.1395 - val_loss: 0.0377 - val_mse: 0.0377 - val_mae: 0.1404 - 287ms/epoch - 143ms/step
Epoch 310/10000

Epoch 310: val_loss did not improve from 0.03589
2/2 - 0s - loss: 0.0338 - mse: 0.0338 - mae: 0.1336 - val_loss: 0.0363 - val_mse: 0.0363 - val_mae: 0.1446 - 285ms/epoch - 143ms/step
Epoch 311/10000

Epoch 311: val_loss did not improve from 0.03589
2/2 - 0s - loss: 0.0336 - mse: 0.0336 - mae: 0.1380 - val_loss: 0.0382 - val_mse: 0.0382 - val_mae: 0.1409 - 288ms/epoch - 144ms/step
Epoch 312/10000

Epoch 312: val_loss did not improve from 0.03589
2/2 - 0s - loss: 0.0341 - mse: 0.0341 - mae: 0.1341 - val_loss: 0.0366 - val_mse: 0.0366 - val_mae: 0.1465 - 287ms/epoch - 143ms/step
Epoch 313/10000

Epoch 313: val_loss did not improve from 0.03589
2/2 - 0s - loss: 0.0340 - mse: 0.0340 - mae: 0.1391 - val_loss: 0.0372 - val_mse: 0.0372 - val_mae: 0.1400 - 287ms/epoch - 143ms/step
Epoch 314/10000

Epoch 314: val_loss did not improve from 0.03589
2/2 - 0s - loss: 0.0336 - mse: 0.0336 - mae: 0.1340 - val_loss: 0.0361 - val_mse: 0.0361 - val_mae: 0.1429 - 286ms/epoch - 143ms/step
Epoch 315/10000

Epoch 315: val_loss did not improve from 0.03589
2/2 - 0s - loss: 0.0339 - mse: 0.0339 - mae: 0.1369 - val_loss: 0.0361 - val_mse: 0.0361 - val_mae: 0.1413 - 295ms/epoch - 147ms/step
Epoch 316/10000

Epoch 316: val_loss did not improve from 0.03589
2/2 - 0s - loss: 0.0333 - mse: 0.0333 - mae: 0.1359 - val_loss: 0.0360 - val_mse: 0.0360 - val_mae: 0.1410 - 288ms/epoch - 144ms/step
Epoch 317/10000

Epoch 317: val_loss did not improve from 0.03589
2/2 - 0s - loss: 0.0332 - mse: 0.0332 - mae: 0.1348 - val_loss: 0.0370 - val_mse: 0.0370 - val_mae: 0.1396 - 287ms/epoch - 143ms/step
Epoch 318/10000

Epoch 318: val_loss did not improve from 0.03589
2/2 - 0s - loss: 0.0335 - mse: 0.0335 - mae: 0.1338 - val_loss: 0.0360 - val_mse: 0.0360 - val_mae: 0.1424 - 290ms/epoch - 145ms/step
Epoch 319/10000

Epoch 319: val_loss did not improve from 0.03589
2/2 - 0s - loss: 0.0332 - mse: 0.0332 - mae: 0.1359 - val_loss: 0.0373 - val_mse: 0.0373 - val_mae: 0.1397 - 291ms/epoch - 145ms/step
Epoch 320/10000

Epoch 320: val_loss improved from 0.03589 to 0.03584, saving model to ./results/NN_thk_regr/ResNet/recursion_1/ckpt_1
2/2 - 1s - loss: 0.0338 - mse: 0.0338 - mae: 0.1343 - val_loss: 0.0358 - val_mse: 0.0358 - val_mae: 0.1404 - 1s/epoch - 555ms/step
Epoch 321/10000

Epoch 321: val_loss did not improve from 0.03584
2/2 - 0s - loss: 0.0341 - mse: 0.0341 - mae: 0.1362 - val_loss: 0.0370 - val_mse: 0.0370 - val_mae: 0.1489 - 287ms/epoch - 143ms/step
Epoch 322/10000

Epoch 322: val_loss did not improve from 0.03584
2/2 - 0s - loss: 0.0344 - mse: 0.0344 - mae: 0.1420 - val_loss: 0.0397 - val_mse: 0.0397 - val_mae: 0.1432 - 285ms/epoch - 143ms/step
Epoch 323/10000

Epoch 323: val_loss did not improve from 0.03584
2/2 - 0s - loss: 0.0348 - mse: 0.0348 - mae: 0.1351 - val_loss: 0.0384 - val_mse: 0.0384 - val_mae: 0.1548 - 289ms/epoch - 145ms/step
Epoch 324/10000

Epoch 324: val_loss did not improve from 0.03584
2/2 - 0s - loss: 0.0352 - mse: 0.0352 - mae: 0.1440 - val_loss: 0.0407 - val_mse: 0.0407 - val_mae: 0.1448 - 286ms/epoch - 143ms/step
Epoch 325/10000

Epoch 325: val_loss did not improve from 0.03584
2/2 - 0s - loss: 0.0356 - mse: 0.0356 - mae: 0.1366 - val_loss: 0.0375 - val_mse: 0.0375 - val_mae: 0.1511 - 287ms/epoch - 144ms/step
Epoch 326/10000

Epoch 326: val_loss did not improve from 0.03584
2/2 - 0s - loss: 0.0346 - mse: 0.0346 - mae: 0.1421 - val_loss: 0.0396 - val_mse: 0.0396 - val_mae: 0.1427 - 284ms/epoch - 142ms/step
Epoch 327/10000

Epoch 327: val_loss did not improve from 0.03584
2/2 - 0s - loss: 0.0353 - mse: 0.0353 - mae: 0.1353 - val_loss: 0.0371 - val_mse: 0.0371 - val_mae: 0.1467 - 286ms/epoch - 143ms/step
Epoch 328/10000

Epoch 328: val_loss did not improve from 0.03584
2/2 - 0s - loss: 0.0347 - mse: 0.0347 - mae: 0.1426 - val_loss: 0.0368 - val_mse: 0.0368 - val_mae: 0.1410 - 289ms/epoch - 144ms/step
Epoch 329/10000

Epoch 329: val_loss did not improve from 0.03584
2/2 - 0s - loss: 0.0340 - mse: 0.0340 - mae: 0.1347 - val_loss: 0.0359 - val_mse: 0.0359 - val_mae: 0.1407 - 286ms/epoch - 143ms/step
Epoch 330/10000

Epoch 330: val_loss did not improve from 0.03584
2/2 - 0s - loss: 0.0351 - mse: 0.0351 - mae: 0.1421 - val_loss: 0.0440 - val_mse: 0.0440 - val_mae: 0.1520 - 290ms/epoch - 145ms/step
Epoch 331/10000

Epoch 331: val_loss did not improve from 0.03584
2/2 - 0s - loss: 0.0382 - mse: 0.0382 - mae: 0.1414 - val_loss: 0.0435 - val_mse: 0.0435 - val_mae: 0.1713 - 291ms/epoch - 145ms/step
Epoch 332/10000

Epoch 332: val_loss did not improve from 0.03584
2/2 - 0s - loss: 0.0393 - mse: 0.0393 - mae: 0.1563 - val_loss: 0.0454 - val_mse: 0.0454 - val_mae: 0.1552 - 287ms/epoch - 143ms/step
Epoch 333/10000

Epoch 333: val_loss did not improve from 0.03584
2/2 - 0s - loss: 0.0381 - mse: 0.0381 - mae: 0.1425 - val_loss: 0.0435 - val_mse: 0.0435 - val_mae: 0.1715 - 287ms/epoch - 144ms/step
Epoch 334/10000

Epoch 334: val_loss did not improve from 0.03584
2/2 - 0s - loss: 0.0392 - mse: 0.0392 - mae: 0.1571 - val_loss: 0.0455 - val_mse: 0.0455 - val_mae: 0.1551 - 291ms/epoch - 145ms/step
Epoch 335/10000

Epoch 335: val_loss did not improve from 0.03584
2/2 - 0s - loss: 0.0383 - mse: 0.0383 - mae: 0.1417 - val_loss: 0.0424 - val_mse: 0.0424 - val_mae: 0.1688 - 289ms/epoch - 145ms/step
Epoch 336/10000

Epoch 336: val_loss did not improve from 0.03584
2/2 - 0s - loss: 0.0388 - mse: 0.0388 - mae: 0.1560 - val_loss: 0.0437 - val_mse: 0.0437 - val_mae: 0.1511 - 287ms/epoch - 143ms/step
Epoch 337/10000

Epoch 337: val_loss did not improve from 0.03584
2/2 - 0s - loss: 0.0381 - mse: 0.0381 - mae: 0.1416 - val_loss: 0.0371 - val_mse: 0.0371 - val_mae: 0.1496 - 287ms/epoch - 144ms/step
Epoch 338/10000

Epoch 338: val_loss did not improve from 0.03584
2/2 - 0s - loss: 0.0348 - mse: 0.0348 - mae: 0.1438 - val_loss: 0.0379 - val_mse: 0.0379 - val_mae: 0.1404 - 288ms/epoch - 144ms/step
Epoch 339/10000

Epoch 339: val_loss did not improve from 0.03584
2/2 - 0s - loss: 0.0349 - mse: 0.0349 - mae: 0.1347 - val_loss: 0.0371 - val_mse: 0.0371 - val_mae: 0.1498 - 286ms/epoch - 143ms/step
Epoch 340/10000

Epoch 340: val_loss did not improve from 0.03584
2/2 - 0s - loss: 0.0358 - mse: 0.0358 - mae: 0.1475 - val_loss: 0.0388 - val_mse: 0.0388 - val_mae: 0.1415 - 287ms/epoch - 144ms/step
Epoch 341/10000

Epoch 341: val_loss did not improve from 0.03584
2/2 - 0s - loss: 0.0360 - mse: 0.0360 - mae: 0.1365 - val_loss: 0.0363 - val_mse: 0.0363 - val_mae: 0.1444 - 286ms/epoch - 143ms/step
Epoch 342/10000

Epoch 342: val_loss did not improve from 0.03584
2/2 - 0s - loss: 0.0353 - mse: 0.0353 - mae: 0.1446 - val_loss: 0.0366 - val_mse: 0.0366 - val_mae: 0.1401 - 286ms/epoch - 143ms/step
Epoch 343/10000

Epoch 343: val_loss did not improve from 0.03584
2/2 - 0s - loss: 0.0349 - mse: 0.0349 - mae: 0.1367 - val_loss: 0.0365 - val_mse: 0.0365 - val_mae: 0.1401 - 288ms/epoch - 144ms/step
Epoch 344/10000

Epoch 344: val_loss did not improve from 0.03584
2/2 - 0s - loss: 0.0354 - mse: 0.0354 - mae: 0.1417 - val_loss: 0.0362 - val_mse: 0.0362 - val_mae: 0.1410 - 288ms/epoch - 144ms/step
Epoch 345/10000

Epoch 345: val_loss did not improve from 0.03584
2/2 - 0s - loss: 0.0346 - mse: 0.0346 - mae: 0.1356 - val_loss: 0.0370 - val_mse: 0.0370 - val_mae: 0.1398 - 290ms/epoch - 145ms/step
Epoch 346/10000

Epoch 346: val_loss did not improve from 0.03584
2/2 - 0s - loss: 0.0342 - mse: 0.0342 - mae: 0.1368 - val_loss: 0.0366 - val_mse: 0.0366 - val_mae: 0.1471 - 288ms/epoch - 144ms/step
Epoch 347/10000

Epoch 347: val_loss did not improve from 0.03584
2/2 - 0s - loss: 0.0344 - mse: 0.0344 - mae: 0.1400 - val_loss: 0.0387 - val_mse: 0.0387 - val_mae: 0.1415 - 288ms/epoch - 144ms/step
Epoch 348/10000

Epoch 348: val_loss did not improve from 0.03584
2/2 - 0s - loss: 0.0344 - mse: 0.0344 - mae: 0.1350 - val_loss: 0.0373 - val_mse: 0.0373 - val_mae: 0.1507 - 288ms/epoch - 144ms/step
Epoch 349/10000

Epoch 349: val_loss did not improve from 0.03584
2/2 - 0s - loss: 0.0347 - mse: 0.0347 - mae: 0.1425 - val_loss: 0.0389 - val_mse: 0.0389 - val_mae: 0.1418 - 288ms/epoch - 144ms/step
Epoch 350/10000

Epoch 350: val_loss did not improve from 0.03584
2/2 - 0s - loss: 0.0346 - mse: 0.0346 - mae: 0.1346 - val_loss: 0.0368 - val_mse: 0.0368 - val_mae: 0.1477 - 291ms/epoch - 146ms/step
Epoch 351/10000

Epoch 351: val_loss did not improve from 0.03584
2/2 - 0s - loss: 0.0343 - mse: 0.0343 - mae: 0.1418 - val_loss: 0.0377 - val_mse: 0.0377 - val_mae: 0.1405 - 286ms/epoch - 143ms/step
Epoch 352/10000

Epoch 352: val_loss did not improve from 0.03584
2/2 - 0s - loss: 0.0343 - mse: 0.0343 - mae: 0.1342 - val_loss: 0.0363 - val_mse: 0.0363 - val_mae: 0.1437 - 292ms/epoch - 146ms/step
Epoch 353/10000

Epoch 353: val_loss did not improve from 0.03584
2/2 - 0s - loss: 0.0342 - mse: 0.0342 - mae: 0.1410 - val_loss: 0.0368 - val_mse: 0.0368 - val_mae: 0.1406 - 289ms/epoch - 145ms/step
Epoch 354/10000

Epoch 354: val_loss did not improve from 0.03584
2/2 - 0s - loss: 0.0340 - mse: 0.0340 - mae: 0.1345 - val_loss: 0.0369 - val_mse: 0.0369 - val_mae: 0.1405 - 286ms/epoch - 143ms/step
Epoch 355/10000

Epoch 355: val_loss did not improve from 0.03584
2/2 - 0s - loss: 0.0338 - mse: 0.0338 - mae: 0.1361 - val_loss: 0.0364 - val_mse: 0.0364 - val_mae: 0.1450 - 286ms/epoch - 143ms/step
Epoch 356/10000

Epoch 356: val_loss did not improve from 0.03584
2/2 - 0s - loss: 0.0338 - mse: 0.0338 - mae: 0.1379 - val_loss: 0.0377 - val_mse: 0.0377 - val_mae: 0.1405 - 288ms/epoch - 144ms/step
Epoch 357/10000

Epoch 357: val_loss did not improve from 0.03584
2/2 - 0s - loss: 0.0338 - mse: 0.0338 - mae: 0.1343 - val_loss: 0.0366 - val_mse: 0.0366 - val_mae: 0.1468 - 287ms/epoch - 144ms/step
Epoch 358/10000

Epoch 358: val_loss did not improve from 0.03584
2/2 - 0s - loss: 0.0340 - mse: 0.0340 - mae: 0.1391 - val_loss: 0.0374 - val_mse: 0.0374 - val_mae: 0.1400 - 288ms/epoch - 144ms/step
Epoch 359/10000

Epoch 359: val_loss did not improve from 0.03584
2/2 - 0s - loss: 0.0337 - mse: 0.0337 - mae: 0.1335 - val_loss: 0.0363 - val_mse: 0.0363 - val_mae: 0.1448 - 289ms/epoch - 144ms/step
Epoch 360/10000

Epoch 360: val_loss did not improve from 0.03584
2/2 - 0s - loss: 0.0337 - mse: 0.0337 - mae: 0.1385 - val_loss: 0.0369 - val_mse: 0.0369 - val_mae: 0.1396 - 290ms/epoch - 145ms/step
Epoch 361/10000

Epoch 361: val_loss did not improve from 0.03584
2/2 - 0s - loss: 0.0335 - mse: 0.0335 - mae: 0.1332 - val_loss: 0.0361 - val_mse: 0.0361 - val_mae: 0.1427 - 287ms/epoch - 143ms/step
Epoch 362/10000

Epoch 362: val_loss did not improve from 0.03584
2/2 - 0s - loss: 0.0335 - mse: 0.0335 - mae: 0.1369 - val_loss: 0.0360 - val_mse: 0.0360 - val_mae: 0.1408 - 287ms/epoch - 144ms/step
Epoch 363/10000

Epoch 363: val_loss did not improve from 0.03584
2/2 - 0s - loss: 0.0333 - mse: 0.0333 - mae: 0.1359 - val_loss: 0.0374 - val_mse: 0.0374 - val_mae: 0.1400 - 286ms/epoch - 143ms/step
Epoch 364/10000

Epoch 364: val_loss did not improve from 0.03584
2/2 - 0s - loss: 0.0338 - mse: 0.0338 - mae: 0.1339 - val_loss: 0.0360 - val_mse: 0.0360 - val_mae: 0.1414 - 287ms/epoch - 144ms/step
Epoch 365/10000

Epoch 365: val_loss did not improve from 0.03584
2/2 - 0s - loss: 0.0334 - mse: 0.0334 - mae: 0.1367 - val_loss: 0.0374 - val_mse: 0.0374 - val_mae: 0.1401 - 288ms/epoch - 144ms/step
Epoch 366/10000

Epoch 366: val_loss did not improve from 0.03584
2/2 - 0s - loss: 0.0338 - mse: 0.0338 - mae: 0.1337 - val_loss: 0.0360 - val_mse: 0.0360 - val_mae: 0.1424 - 286ms/epoch - 143ms/step
Epoch 367/10000

Epoch 367: val_loss did not improve from 0.03584
2/2 - 0s - loss: 0.0334 - mse: 0.0334 - mae: 0.1373 - val_loss: 0.0367 - val_mse: 0.0367 - val_mae: 0.1395 - 284ms/epoch - 142ms/step
Epoch 368/10000

Epoch 368: val_loss did not improve from 0.03584
2/2 - 0s - loss: 0.0334 - mse: 0.0334 - mae: 0.1332 - val_loss: 0.0360 - val_mse: 0.0360 - val_mae: 0.1417 - 290ms/epoch - 145ms/step
Epoch 369/10000

Epoch 369: val_loss did not improve from 0.03584
2/2 - 0s - loss: 0.0333 - mse: 0.0333 - mae: 0.1362 - val_loss: 0.0360 - val_mse: 0.0360 - val_mae: 0.1411 - 284ms/epoch - 142ms/step
Epoch 370/10000

Epoch 370: val_loss did not improve from 0.03584
2/2 - 0s - loss: 0.0332 - mse: 0.0332 - mae: 0.1353 - val_loss: 0.0369 - val_mse: 0.0369 - val_mae: 0.1395 - 288ms/epoch - 144ms/step
Epoch 370: early stopping
