[ 13.14519438  30.04553007  46.53366244  63.02179482  79.5099272
  95.99805957 112.48619195 128.97432432 145.4624567  161.95058908
 178.43872145 194.92685383 211.41498621 227.90311858 244.39125096
 260.87938334 277.36751571 293.85564809 310.34378047 326.83191284
 343.32004522 359.80817759 376.29630997 392.78444235 409.27257472
 425.7607071 ]
Before undersampling: [(0, 375), (1, 834), (2, 3661), (3, 4955), (4, 3156), (5, 2425), (6, 2195), (7, 1862), (8, 1648), (9, 1497), (10, 1418), (11, 1313), (12, 1182), (13, 1082), (14, 902), (15, 843), (16, 708), (17, 675), (18, 486), (19, 429), (20, 347), (21, 282), (22, 251), (23, 195), (24, 209)]
After undersampling: [(0, 104), (1, 535), (2, 2566), (3, 3375), (4, 2055), (5, 1692), (6, 1609), (7, 1275), (8, 1178), (9, 1084), (10, 987), (11, 957), (12, 841), (13, 792), (14, 678), (15, 585), (16, 474), (17, 462), (18, 332), (19, 305), (20, 221), (21, 178), (22, 164), (23, 195), (24, 173)]
            label  HH_0_0_x  HV_0_0_x  IA_0_0_x       FYI      DFYI       MYI     rms_0     thk_1     rms_1     thk_2     rms_2     thk_3     rms_3  ...    3         4    5         6         7         8         9        10   11        12   13        14        15                                                CNN
0       28.040659  0.211765  0.086275  0.152644  0.981291  0.004015  0.014693  4.395981  1.158768  4.468707  1.148045  4.454327  1.138040  4.406380  ...  0.0  0.915899  0.0  0.488425  0.582858  0.713237  0.197010  0.831129  0.0  0.663291  0.0  0.586402  0.519154  [[[[0.1764705882352941], [0.1526766309551164],...
1       20.464663  0.168627  0.078431  0.115241  0.930368  0.042426  0.027205  4.429282  1.128085  4.446170  1.105257  4.417200  1.136122  4.372982  ...  0.0  1.022012  0.0  0.598904  0.626545  0.814180  0.252526  0.949606  0.0  0.744798  0.0  0.698972  0.551633  [[[[0.1372549019607843], [0.1152025559369255],...
2       24.552035  0.203922  0.035294  0.123322  0.878062  0.089378  0.032560  4.369502  1.116117  4.460418  1.110722  4.416908  1.120165  4.367209  ...  0.0  1.024048  0.0  0.626745  0.518569  0.793847  0.263273  0.929668  0.0  0.711680  0.0  0.704192  0.417202  [[[[0.392156862745098], [0.123285914402382], [...
3       16.321466  0.290196  0.082353  0.099646  0.035857  0.910827  0.053316  5.067267  1.308477  5.101328  1.248597  5.069172  1.245925  5.088227  ...  0.0  1.041828  0.0  0.674834  0.528291  0.859636  0.309494  0.972089  0.0  0.748262  0.0  0.766159  0.457157  [[[[0.2078431372549019], [0.0996056425805185],...
4       18.663122  0.266667  0.054902  0.101572  0.224285  0.695175  0.080540  4.923046  1.267186  4.753947  1.167819  4.766191  1.178054  4.825945  ...  0.0  1.011696  0.0  0.659173  0.553031  0.865301  0.371492  0.928308  0.0  0.724757  0.0  0.739392  0.473165  [[[[0.2392156862745098], [0.1015314737955729],...
...           ...       ...       ...       ...       ...       ...       ...       ...       ...       ...       ...       ...       ...       ...  ...  ...       ...  ...       ...       ...       ...       ...       ...  ...       ...  ...       ...       ...                                                ...
22812  417.027580  0.505882  0.090196  0.152162  0.185910  0.031902  0.782188  4.486675  1.202497  4.531466  1.252972  4.593008  1.239219  4.510143  ...  0.0  0.839703  0.0  0.468273  0.499118  0.650608  0.278814  0.681403  0.0  0.621146  0.0  0.548368  0.455899  [[[[0.4196078431372549], [0.15219440834195], [...
22813  417.866263  0.392157  0.125490  0.152184  0.189279  0.051355  0.759366  4.590506  1.242536  4.658542  1.255140  4.682031  1.275536  4.639037  ...  0.0  0.753041  0.0  0.432618  0.424933  0.606180  0.279904  0.615722  0.0  0.551801  0.0  0.504145  0.391604  [[[[0.3490196078431372], [0.1522158155254289],...
22814  421.196328  0.631373  0.466667  0.154089  0.004261  0.000064  0.995674  1.187829  0.197352  0.941815  0.203265  0.245285  0.157730  0.213412  ...  0.0  0.644292  0.0  0.466233  0.184014  0.544459  0.317551  0.496343  0.0  0.488684  0.0  0.521621  0.200857  [[[[0.596078431372549], [0.1541208603802849], ...
22815  416.289186  0.517647  0.160784  0.153404  0.011037  0.000341  0.988622  1.187829  0.197352  0.941815  0.203265  0.245285  0.157730  0.213412  ...  0.0  0.792541  0.0  0.518223  0.461039  0.679398  0.335284  0.699151  0.0  0.512142  0.0  0.532694  0.315921  [[[[0.4078431372549019], [0.1534358903473499],...
22816  423.194662  0.341176  0.274510  0.153307  0.003870  0.000024  0.996105  1.187829  0.197352  0.941815  0.203265  0.245285  0.157730  0.213412  ...  0.0  0.712026  0.0  0.452670  0.356484  0.560431  0.500874  0.445316  0.0  0.508642  0.0  0.462847  0.257479  [[[[0.5686274509803921], [0.1533395804610907],...

[22817 rows x 128 columns]
Size of dataset: (22817, 127)
*************************** Fold #: 1 ***************************
Model: "model"
__________________________________________________________________________________________________
 Layer (type)                   Output Shape         Param #     Connected to                     
==================================================================================================
 conv (InputLayer)              [(None, 7, 7, 3, 1)  0           []                               
                                ]                                                                 
                                                                                                  
 zero_padding3d (ZeroPadding3D)  (None, 8, 8, 4, 1)  0           ['conv[0][0]']                   
                                                                                                  
 conv3d (Conv3D)                (None, 8, 8, 4, 8)   224         ['zero_padding3d[0][0]']         
                                                                                                  
 max_pooling3d (MaxPooling3D)   (None, 4, 4, 2, 8)   0           ['conv3d[0][0]']                 
                                                                                                  
 conv3d_1 (Conv3D)              (None, 4, 4, 2, 4)   868         ['max_pooling3d[0][0]']          
                                                                                                  
 max_pooling3d_1 (MaxPooling3D)  (None, 2, 2, 1, 4)  0           ['conv3d_1[0][0]']               
                                                                                                  
 cat (InputLayer)               [(None, 126)]        0           []                               
                                                                                                  
 flatten (Flatten)              (None, 16)           0           ['max_pooling3d_1[0][0]']        
                                                                                                  
 concatenate (Concatenate)      (None, 142)          0           ['cat[0][0]',                    
                                                                  'flatten[0][0]']                
                                                                                                  
 dense (Dense)                  (None, 200)          28600       ['concatenate[0][0]']            
                                                                                                  
 dense_1 (Dense)                (None, 200)          40200       ['dense[0][0]']                  
                                                                                                  
 dense_2 (Dense)                (None, 200)          40200       ['dense_1[0][0]']                
                                                                                                  
 dense_3 (Dense)                (None, 200)          40200       ['dense_2[0][0]']                
                                                                                                  
 dense_4 (Dense)                (None, 200)          40200       ['dense_3[0][0]']                
                                                                                                  
 dense_5 (Dense)                (None, 1)            201         ['dense_4[0][0]']                
                                                                                                  
==================================================================================================
Total params: 190,693
Trainable params: 190,693
Non-trainable params: 0
__________________________________________________________________________________________________
Epoch 1/10000

Epoch 1: val_loss improved from inf to 1.44313, saving model to ./results/NN_rms_regr/ResNet/recursion_14/ckpt_1
12/12 - 3s - loss: 10.1765 - mse: 10.1765 - mae: 2.7668 - val_loss: 1.4431 - val_mse: 1.4431 - val_mae: 0.9051 - 3s/epoch - 275ms/step
Epoch 2/10000

Epoch 2: val_loss improved from 1.44313 to 0.80766, saving model to ./results/NN_rms_regr/ResNet/recursion_14/ckpt_1
12/12 - 3s - loss: 1.6633 - mse: 1.6633 - mae: 1.0065 - val_loss: 0.8077 - val_mse: 0.8077 - val_mae: 0.5529 - 3s/epoch - 229ms/step
Epoch 3/10000

Epoch 3: val_loss improved from 0.80766 to 0.68735, saving model to ./results/NN_rms_regr/ResNet/recursion_14/ckpt_1
12/12 - 3s - loss: 0.9366 - mse: 0.9366 - mae: 0.6435 - val_loss: 0.6873 - val_mse: 0.6873 - val_mae: 0.5325 - 3s/epoch - 229ms/step
Epoch 4/10000

Epoch 4: val_loss improved from 0.68735 to 0.47334, saving model to ./results/NN_rms_regr/ResNet/recursion_14/ckpt_1
12/12 - 3s - loss: 0.6544 - mse: 0.6544 - mae: 0.5424 - val_loss: 0.4733 - val_mse: 0.4733 - val_mae: 0.4975 - 3s/epoch - 229ms/step
Epoch 5/10000

Epoch 5: val_loss improved from 0.47334 to 0.28286, saving model to ./results/NN_rms_regr/ResNet/recursion_14/ckpt_1
12/12 - 3s - loss: 0.3729 - mse: 0.3729 - mae: 0.4727 - val_loss: 0.2829 - val_mse: 0.2829 - val_mae: 0.4361 - 3s/epoch - 230ms/step
Epoch 6/10000

Epoch 6: val_loss did not improve from 0.28286
12/12 - 2s - loss: 0.2969 - mse: 0.2969 - mae: 0.4423 - val_loss: 0.2840 - val_mse: 0.2840 - val_mae: 0.4331 - 2s/epoch - 169ms/step
Epoch 7/10000

Epoch 7: val_loss improved from 0.28286 to 0.28025, saving model to ./results/NN_rms_regr/ResNet/recursion_14/ckpt_1
12/12 - 3s - loss: 0.2881 - mse: 0.2881 - mae: 0.4357 - val_loss: 0.2803 - val_mse: 0.2803 - val_mae: 0.4299 - 3s/epoch - 229ms/step
Epoch 8/10000

Epoch 8: val_loss did not improve from 0.28025
12/12 - 2s - loss: 0.2828 - mse: 0.2828 - mae: 0.4326 - val_loss: 0.2861 - val_mse: 0.2861 - val_mae: 0.4368 - 2s/epoch - 168ms/step
Epoch 9/10000

Epoch 9: val_loss improved from 0.28025 to 0.27892, saving model to ./results/NN_rms_regr/ResNet/recursion_14/ckpt_1
12/12 - 3s - loss: 0.2822 - mse: 0.2822 - mae: 0.4328 - val_loss: 0.2789 - val_mse: 0.2789 - val_mae: 0.4288 - 3s/epoch - 242ms/step
Epoch 10/10000

Epoch 10: val_loss improved from 0.27892 to 0.27572, saving model to ./results/NN_rms_regr/ResNet/recursion_14/ckpt_1
12/12 - 3s - loss: 0.2792 - mse: 0.2792 - mae: 0.4298 - val_loss: 0.2757 - val_mse: 0.2757 - val_mae: 0.4271 - 3s/epoch - 243ms/step
Epoch 11/10000

Epoch 11: val_loss did not improve from 0.27572
12/12 - 2s - loss: 0.2827 - mse: 0.2827 - mae: 0.4313 - val_loss: 0.2783 - val_mse: 0.2783 - val_mae: 0.4301 - 2s/epoch - 168ms/step
Epoch 12/10000

Epoch 12: val_loss improved from 0.27572 to 0.27494, saving model to ./results/NN_rms_regr/ResNet/recursion_14/ckpt_1
12/12 - 3s - loss: 0.2785 - mse: 0.2785 - mae: 0.4289 - val_loss: 0.2749 - val_mse: 0.2749 - val_mae: 0.4269 - 3s/epoch - 236ms/step
Epoch 13/10000

Epoch 13: val_loss improved from 0.27494 to 0.27400, saving model to ./results/NN_rms_regr/ResNet/recursion_14/ckpt_1
12/12 - 3s - loss: 0.2780 - mse: 0.2780 - mae: 0.4289 - val_loss: 0.2740 - val_mse: 0.2740 - val_mae: 0.4256 - 3s/epoch - 241ms/step
Epoch 14/10000

Epoch 14: val_loss improved from 0.27400 to 0.27378, saving model to ./results/NN_rms_regr/ResNet/recursion_14/ckpt_1
12/12 - 3s - loss: 0.2770 - mse: 0.2770 - mae: 0.4280 - val_loss: 0.2738 - val_mse: 0.2738 - val_mae: 0.4253 - 3s/epoch - 241ms/step
Epoch 15/10000

Epoch 15: val_loss did not improve from 0.27378
12/12 - 2s - loss: 0.2764 - mse: 0.2764 - mae: 0.4269 - val_loss: 0.2756 - val_mse: 0.2756 - val_mae: 0.4272 - 2s/epoch - 169ms/step
Epoch 16/10000

Epoch 16: val_loss did not improve from 0.27378
12/12 - 2s - loss: 0.2769 - mse: 0.2769 - mae: 0.4273 - val_loss: 0.2742 - val_mse: 0.2742 - val_mae: 0.4249 - 2s/epoch - 168ms/step
Epoch 17/10000

Epoch 17: val_loss did not improve from 0.27378
12/12 - 2s - loss: 0.2780 - mse: 0.2780 - mae: 0.4279 - val_loss: 0.2836 - val_mse: 0.2836 - val_mae: 0.4334 - 2s/epoch - 168ms/step
Epoch 18/10000

Epoch 18: val_loss did not improve from 0.27378
12/12 - 2s - loss: 0.2785 - mse: 0.2785 - mae: 0.4283 - val_loss: 0.2882 - val_mse: 0.2882 - val_mae: 0.4371 - 2s/epoch - 167ms/step
Epoch 19/10000

Epoch 19: val_loss improved from 0.27378 to 0.27292, saving model to ./results/NN_rms_regr/ResNet/recursion_14/ckpt_1
12/12 - 3s - loss: 0.2776 - mse: 0.2776 - mae: 0.4278 - val_loss: 0.2729 - val_mse: 0.2729 - val_mae: 0.4242 - 3s/epoch - 242ms/step
Epoch 20/10000

Epoch 20: val_loss did not improve from 0.27292
12/12 - 2s - loss: 0.2750 - mse: 0.2750 - mae: 0.4256 - val_loss: 0.2754 - val_mse: 0.2754 - val_mae: 0.4267 - 2s/epoch - 169ms/step
Epoch 21/10000

Epoch 21: val_loss improved from 0.27292 to 0.27270, saving model to ./results/NN_rms_regr/ResNet/recursion_14/ckpt_1
12/12 - 3s - loss: 0.2758 - mse: 0.2758 - mae: 0.4263 - val_loss: 0.2727 - val_mse: 0.2727 - val_mae: 0.4236 - 3s/epoch - 237ms/step
Epoch 22/10000

Epoch 22: val_loss did not improve from 0.27270
12/12 - 2s - loss: 0.2766 - mse: 0.2766 - mae: 0.4267 - val_loss: 0.2730 - val_mse: 0.2730 - val_mae: 0.4242 - 2s/epoch - 168ms/step
Epoch 23/10000

Epoch 23: val_loss did not improve from 0.27270
12/12 - 2s - loss: 0.2748 - mse: 0.2748 - mae: 0.4250 - val_loss: 0.2728 - val_mse: 0.2728 - val_mae: 0.4239 - 2s/epoch - 168ms/step
Epoch 24/10000

Epoch 24: val_loss improved from 0.27270 to 0.27245, saving model to ./results/NN_rms_regr/ResNet/recursion_14/ckpt_1
12/12 - 3s - loss: 0.2752 - mse: 0.2752 - mae: 0.4253 - val_loss: 0.2724 - val_mse: 0.2724 - val_mae: 0.4233 - 3s/epoch - 241ms/step
Epoch 25/10000

Epoch 25: val_loss did not improve from 0.27245
12/12 - 2s - loss: 0.2755 - mse: 0.2755 - mae: 0.4252 - val_loss: 0.2915 - val_mse: 0.2915 - val_mae: 0.4390 - 2s/epoch - 172ms/step
Epoch 26/10000

Epoch 26: val_loss did not improve from 0.27245
12/12 - 2s - loss: 0.2783 - mse: 0.2783 - mae: 0.4279 - val_loss: 0.2840 - val_mse: 0.2840 - val_mae: 0.4332 - 2s/epoch - 168ms/step
Epoch 27/10000

Epoch 27: val_loss did not improve from 0.27245
12/12 - 2s - loss: 0.2823 - mse: 0.2823 - mae: 0.4291 - val_loss: 0.2802 - val_mse: 0.2802 - val_mae: 0.4301 - 2s/epoch - 168ms/step
Epoch 28/10000

Epoch 28: val_loss did not improve from 0.27245
12/12 - 2s - loss: 0.2754 - mse: 0.2754 - mae: 0.4253 - val_loss: 0.2738 - val_mse: 0.2738 - val_mae: 0.4248 - 2s/epoch - 168ms/step
Epoch 29/10000

Epoch 29: val_loss did not improve from 0.27245
12/12 - 2s - loss: 0.2740 - mse: 0.2740 - mae: 0.4241 - val_loss: 0.2746 - val_mse: 0.2746 - val_mae: 0.4254 - 2s/epoch - 168ms/step
Epoch 30/10000

Epoch 30: val_loss did not improve from 0.27245
12/12 - 2s - loss: 0.2770 - mse: 0.2770 - mae: 0.4265 - val_loss: 0.2776 - val_mse: 0.2776 - val_mae: 0.4279 - 2s/epoch - 169ms/step
Epoch 31/10000

Epoch 31: val_loss did not improve from 0.27245
12/12 - 2s - loss: 0.2742 - mse: 0.2742 - mae: 0.4242 - val_loss: 0.2728 - val_mse: 0.2728 - val_mae: 0.4237 - 2s/epoch - 168ms/step
Epoch 32/10000

Epoch 32: val_loss did not improve from 0.27245
12/12 - 2s - loss: 0.2749 - mse: 0.2749 - mae: 0.4246 - val_loss: 0.2726 - val_mse: 0.2726 - val_mae: 0.4232 - 2s/epoch - 168ms/step
Epoch 33/10000

Epoch 33: val_loss did not improve from 0.27245
12/12 - 2s - loss: 0.2740 - mse: 0.2740 - mae: 0.4239 - val_loss: 0.2733 - val_mse: 0.2733 - val_mae: 0.4230 - 2s/epoch - 168ms/step
Epoch 34/10000

Epoch 34: val_loss improved from 0.27245 to 0.27192, saving model to ./results/NN_rms_regr/ResNet/recursion_14/ckpt_1
12/12 - 3s - loss: 0.2749 - mse: 0.2749 - mae: 0.4246 - val_loss: 0.2719 - val_mse: 0.2719 - val_mae: 0.4220 - 3s/epoch - 243ms/step
Epoch 35/10000

Epoch 35: val_loss did not improve from 0.27192
12/12 - 2s - loss: 0.2754 - mse: 0.2754 - mae: 0.4252 - val_loss: 0.2722 - val_mse: 0.2722 - val_mae: 0.4222 - 2s/epoch - 169ms/step
Epoch 36/10000

Epoch 36: val_loss did not improve from 0.27192
12/12 - 2s - loss: 0.2751 - mse: 0.2751 - mae: 0.4247 - val_loss: 0.2750 - val_mse: 0.2750 - val_mae: 0.4255 - 2s/epoch - 168ms/step
Epoch 37/10000

Epoch 37: val_loss did not improve from 0.27192
12/12 - 2s - loss: 0.2745 - mse: 0.2745 - mae: 0.4238 - val_loss: 0.2784 - val_mse: 0.2784 - val_mae: 0.4257 - 2s/epoch - 169ms/step
Epoch 38/10000

Epoch 38: val_loss did not improve from 0.27192
12/12 - 2s - loss: 0.2789 - mse: 0.2789 - mae: 0.4280 - val_loss: 0.2901 - val_mse: 0.2901 - val_mae: 0.4329 - 2s/epoch - 168ms/step
Epoch 39/10000

Epoch 39: val_loss did not improve from 0.27192
12/12 - 2s - loss: 0.2880 - mse: 0.2880 - mae: 0.4343 - val_loss: 0.3137 - val_mse: 0.3137 - val_mae: 0.4492 - 2s/epoch - 169ms/step
Epoch 40/10000

Epoch 40: val_loss did not improve from 0.27192
12/12 - 2s - loss: 0.3016 - mse: 0.3016 - mae: 0.4442 - val_loss: 0.2862 - val_mse: 0.2862 - val_mae: 0.4304 - 2s/epoch - 169ms/step
Epoch 41/10000

Epoch 41: val_loss did not improve from 0.27192
12/12 - 2s - loss: 0.2784 - mse: 0.2784 - mae: 0.4276 - val_loss: 0.2775 - val_mse: 0.2775 - val_mae: 0.4278 - 2s/epoch - 169ms/step
Epoch 42/10000

Epoch 42: val_loss did not improve from 0.27192
12/12 - 2s - loss: 0.2753 - mse: 0.2753 - mae: 0.4246 - val_loss: 0.2771 - val_mse: 0.2771 - val_mae: 0.4274 - 2s/epoch - 168ms/step
Epoch 43/10000

Epoch 43: val_loss did not improve from 0.27192
12/12 - 2s - loss: 0.2780 - mse: 0.2780 - mae: 0.4268 - val_loss: 0.2847 - val_mse: 0.2847 - val_mae: 0.4331 - 2s/epoch - 169ms/step
Epoch 44/10000

Epoch 44: val_loss did not improve from 0.27192
12/12 - 2s - loss: 0.2787 - mse: 0.2787 - mae: 0.4268 - val_loss: 0.2740 - val_mse: 0.2740 - val_mae: 0.4250 - 2s/epoch - 169ms/step
Epoch 45/10000

Epoch 45: val_loss did not improve from 0.27192
12/12 - 2s - loss: 0.2736 - mse: 0.2736 - mae: 0.4234 - val_loss: 0.2889 - val_mse: 0.2889 - val_mae: 0.4362 - 2s/epoch - 170ms/step
Epoch 46/10000

Epoch 46: val_loss did not improve from 0.27192
12/12 - 2s - loss: 0.2782 - mse: 0.2782 - mae: 0.4273 - val_loss: 0.2934 - val_mse: 0.2934 - val_mae: 0.4402 - 2s/epoch - 170ms/step
Epoch 47/10000

Epoch 47: val_loss did not improve from 0.27192
12/12 - 2s - loss: 0.2845 - mse: 0.2845 - mae: 0.4317 - val_loss: 0.2723 - val_mse: 0.2723 - val_mae: 0.4230 - 2s/epoch - 170ms/step
Epoch 48/10000

Epoch 48: val_loss did not improve from 0.27192
12/12 - 2s - loss: 0.2755 - mse: 0.2755 - mae: 0.4241 - val_loss: 0.2756 - val_mse: 0.2756 - val_mae: 0.4256 - 2s/epoch - 169ms/step
Epoch 49/10000

Epoch 49: val_loss did not improve from 0.27192
12/12 - 2s - loss: 0.2746 - mse: 0.2746 - mae: 0.4242 - val_loss: 0.2723 - val_mse: 0.2723 - val_mae: 0.4222 - 2s/epoch - 168ms/step
Epoch 50/10000

Epoch 50: val_loss improved from 0.27192 to 0.27128, saving model to ./results/NN_rms_regr/ResNet/recursion_14/ckpt_1
12/12 - 3s - loss: 0.2742 - mse: 0.2742 - mae: 0.4239 - val_loss: 0.2713 - val_mse: 0.2713 - val_mae: 0.4213 - 3s/epoch - 238ms/step
Epoch 51/10000

Epoch 51: val_loss did not improve from 0.27128
12/12 - 2s - loss: 0.2728 - mse: 0.2728 - mae: 0.4228 - val_loss: 0.2718 - val_mse: 0.2718 - val_mae: 0.4223 - 2s/epoch - 169ms/step
Epoch 52/10000

Epoch 52: val_loss did not improve from 0.27128
12/12 - 2s - loss: 0.2741 - mse: 0.2741 - mae: 0.4235 - val_loss: 0.2718 - val_mse: 0.2718 - val_mae: 0.4224 - 2s/epoch - 174ms/step
Epoch 53/10000

Epoch 53: val_loss did not improve from 0.27128
12/12 - 2s - loss: 0.2758 - mse: 0.2758 - mae: 0.4248 - val_loss: 0.2827 - val_mse: 0.2827 - val_mae: 0.4278 - 2s/epoch - 168ms/step
Epoch 54/10000

Epoch 54: val_loss did not improve from 0.27128
12/12 - 2s - loss: 0.2818 - mse: 0.2818 - mae: 0.4296 - val_loss: 0.2879 - val_mse: 0.2879 - val_mae: 0.4312 - 2s/epoch - 168ms/step
Epoch 55/10000

Epoch 55: val_loss did not improve from 0.27128
12/12 - 2s - loss: 0.2830 - mse: 0.2830 - mae: 0.4293 - val_loss: 0.2718 - val_mse: 0.2718 - val_mae: 0.4217 - 2s/epoch - 169ms/step
Epoch 56/10000

Epoch 56: val_loss did not improve from 0.27128
12/12 - 2s - loss: 0.2790 - mse: 0.2790 - mae: 0.4272 - val_loss: 0.2839 - val_mse: 0.2839 - val_mae: 0.4323 - 2s/epoch - 169ms/step
Epoch 57/10000

Epoch 57: val_loss did not improve from 0.27128
12/12 - 2s - loss: 0.2791 - mse: 0.2791 - mae: 0.4274 - val_loss: 0.3025 - val_mse: 0.3025 - val_mae: 0.4467 - 2s/epoch - 171ms/step
Epoch 58/10000

Epoch 58: val_loss did not improve from 0.27128
12/12 - 2s - loss: 0.2854 - mse: 0.2854 - mae: 0.4323 - val_loss: 0.2760 - val_mse: 0.2760 - val_mae: 0.4260 - 2s/epoch - 168ms/step
Epoch 59/10000

Epoch 59: val_loss did not improve from 0.27128
12/12 - 2s - loss: 0.2753 - mse: 0.2753 - mae: 0.4242 - val_loss: 0.2886 - val_mse: 0.2886 - val_mae: 0.4322 - 2s/epoch - 169ms/step
Epoch 60/10000

Epoch 60: val_loss improved from 0.27128 to 0.27123, saving model to ./results/NN_rms_regr/ResNet/recursion_14/ckpt_1
12/12 - 3s - loss: 0.2813 - mse: 0.2813 - mae: 0.4294 - val_loss: 0.2712 - val_mse: 0.2712 - val_mae: 0.4209 - 3s/epoch - 241ms/step
Epoch 61/10000

Epoch 61: val_loss did not improve from 0.27123
12/12 - 2s - loss: 0.2725 - mse: 0.2725 - mae: 0.4220 - val_loss: 0.2714 - val_mse: 0.2714 - val_mae: 0.4214 - 2s/epoch - 168ms/step
Epoch 62/10000

Epoch 62: val_loss did not improve from 0.27123
12/12 - 2s - loss: 0.2732 - mse: 0.2732 - mae: 0.4225 - val_loss: 0.2733 - val_mse: 0.2733 - val_mae: 0.4238 - 2s/epoch - 168ms/step
Epoch 63/10000

Epoch 63: val_loss did not improve from 0.27123
12/12 - 2s - loss: 0.2733 - mse: 0.2733 - mae: 0.4232 - val_loss: 0.2743 - val_mse: 0.2743 - val_mae: 0.4247 - 2s/epoch - 168ms/step
Epoch 64/10000

Epoch 64: val_loss did not improve from 0.27123
12/12 - 2s - loss: 0.2732 - mse: 0.2732 - mae: 0.4225 - val_loss: 0.2725 - val_mse: 0.2725 - val_mae: 0.4214 - 2s/epoch - 168ms/step
Epoch 65/10000

Epoch 65: val_loss did not improve from 0.27123
12/12 - 2s - loss: 0.2728 - mse: 0.2728 - mae: 0.4225 - val_loss: 0.2735 - val_mse: 0.2735 - val_mae: 0.4224 - 2s/epoch - 169ms/step
Epoch 66/10000

Epoch 66: val_loss improved from 0.27123 to 0.27095, saving model to ./results/NN_rms_regr/ResNet/recursion_14/ckpt_1
12/12 - 3s - loss: 0.2754 - mse: 0.2754 - mae: 0.4244 - val_loss: 0.2709 - val_mse: 0.2709 - val_mae: 0.4212 - 3s/epoch - 243ms/step
Epoch 67/10000

Epoch 67: val_loss did not improve from 0.27095
12/12 - 2s - loss: 0.2738 - mse: 0.2738 - mae: 0.4229 - val_loss: 0.2719 - val_mse: 0.2719 - val_mae: 0.4222 - 2s/epoch - 168ms/step
Epoch 68/10000

Epoch 68: val_loss did not improve from 0.27095
12/12 - 2s - loss: 0.2730 - mse: 0.2730 - mae: 0.4220 - val_loss: 0.2719 - val_mse: 0.2719 - val_mae: 0.4225 - 2s/epoch - 169ms/step
Epoch 69/10000

Epoch 69: val_loss did not improve from 0.27095
12/12 - 2s - loss: 0.2728 - mse: 0.2728 - mae: 0.4224 - val_loss: 0.2830 - val_mse: 0.2830 - val_mae: 0.4281 - 2s/epoch - 169ms/step
Epoch 70/10000

Epoch 70: val_loss did not improve from 0.27095
12/12 - 2s - loss: 0.2783 - mse: 0.2783 - mae: 0.4265 - val_loss: 0.2832 - val_mse: 0.2832 - val_mae: 0.4282 - 2s/epoch - 169ms/step
Epoch 71/10000

Epoch 71: val_loss did not improve from 0.27095
12/12 - 2s - loss: 0.2775 - mse: 0.2775 - mae: 0.4257 - val_loss: 0.2833 - val_mse: 0.2833 - val_mae: 0.4317 - 2s/epoch - 169ms/step
Epoch 72/10000

Epoch 72: val_loss did not improve from 0.27095
12/12 - 2s - loss: 0.2778 - mse: 0.2778 - mae: 0.4257 - val_loss: 0.2792 - val_mse: 0.2792 - val_mae: 0.4286 - 2s/epoch - 169ms/step
Epoch 73/10000

Epoch 73: val_loss did not improve from 0.27095
12/12 - 2s - loss: 0.2742 - mse: 0.2742 - mae: 0.4236 - val_loss: 0.2816 - val_mse: 0.2816 - val_mae: 0.4306 - 2s/epoch - 167ms/step
Epoch 74/10000

Epoch 74: val_loss did not improve from 0.27095
12/12 - 2s - loss: 0.2803 - mse: 0.2803 - mae: 0.4271 - val_loss: 0.2765 - val_mse: 0.2765 - val_mae: 0.4237 - 2s/epoch - 170ms/step
Epoch 75/10000

Epoch 75: val_loss did not improve from 0.27095
12/12 - 2s - loss: 0.2757 - mse: 0.2757 - mae: 0.4242 - val_loss: 0.2712 - val_mse: 0.2712 - val_mae: 0.4207 - 2s/epoch - 170ms/step
Epoch 76/10000

Epoch 76: val_loss did not improve from 0.27095
12/12 - 2s - loss: 0.2725 - mse: 0.2725 - mae: 0.4219 - val_loss: 0.2732 - val_mse: 0.2732 - val_mae: 0.4236 - 2s/epoch - 169ms/step
Epoch 77/10000

Epoch 77: val_loss did not improve from 0.27095
12/12 - 2s - loss: 0.2729 - mse: 0.2729 - mae: 0.4222 - val_loss: 0.2751 - val_mse: 0.2751 - val_mae: 0.4249 - 2s/epoch - 168ms/step
Epoch 78/10000

Epoch 78: val_loss did not improve from 0.27095
12/12 - 2s - loss: 0.2736 - mse: 0.2736 - mae: 0.4224 - val_loss: 0.2715 - val_mse: 0.2715 - val_mae: 0.4219 - 2s/epoch - 168ms/step
Epoch 79/10000

Epoch 79: val_loss improved from 0.27095 to 0.27072, saving model to ./results/NN_rms_regr/ResNet/recursion_14/ckpt_1
12/12 - 3s - loss: 0.2729 - mse: 0.2729 - mae: 0.4218 - val_loss: 0.2707 - val_mse: 0.2707 - val_mae: 0.4208 - 3s/epoch - 241ms/step
Epoch 80/10000

Epoch 80: val_loss did not improve from 0.27072
12/12 - 2s - loss: 0.2718 - mse: 0.2718 - mae: 0.4211 - val_loss: 0.2804 - val_mse: 0.2804 - val_mae: 0.4260 - 2s/epoch - 169ms/step
Epoch 81/10000

Epoch 81: val_loss did not improve from 0.27072
12/12 - 2s - loss: 0.2756 - mse: 0.2756 - mae: 0.4245 - val_loss: 0.2731 - val_mse: 0.2731 - val_mae: 0.4235 - 2s/epoch - 168ms/step
Epoch 82/10000

Epoch 82: val_loss did not improve from 0.27072
12/12 - 2s - loss: 0.2735 - mse: 0.2735 - mae: 0.4227 - val_loss: 0.2768 - val_mse: 0.2768 - val_mae: 0.4263 - 2s/epoch - 168ms/step
Epoch 83/10000

Epoch 83: val_loss did not improve from 0.27072
12/12 - 2s - loss: 0.2742 - mse: 0.2742 - mae: 0.4228 - val_loss: 0.2712 - val_mse: 0.2712 - val_mae: 0.4212 - 2s/epoch - 168ms/step
Epoch 84/10000

Epoch 84: val_loss did not improve from 0.27072
12/12 - 2s - loss: 0.2828 - mse: 0.2828 - mae: 0.4288 - val_loss: 0.2743 - val_mse: 0.2743 - val_mae: 0.4239 - 2s/epoch - 169ms/step
Epoch 85/10000

Epoch 85: val_loss did not improve from 0.27072
12/12 - 2s - loss: 0.2869 - mse: 0.2869 - mae: 0.4325 - val_loss: 0.2911 - val_mse: 0.2911 - val_mae: 0.4379 - 2s/epoch - 169ms/step
Epoch 86/10000

Epoch 86: val_loss did not improve from 0.27072
12/12 - 2s - loss: 0.2898 - mse: 0.2898 - mae: 0.4340 - val_loss: 0.2820 - val_mse: 0.2820 - val_mae: 0.4269 - 2s/epoch - 169ms/step
Epoch 87/10000

Epoch 87: val_loss did not improve from 0.27072
12/12 - 2s - loss: 0.2757 - mse: 0.2757 - mae: 0.4242 - val_loss: 0.2733 - val_mse: 0.2733 - val_mae: 0.4236 - 2s/epoch - 168ms/step
Epoch 88/10000

Epoch 88: val_loss improved from 0.27072 to 0.27063, saving model to ./results/NN_rms_regr/ResNet/recursion_14/ckpt_1
12/12 - 3s - loss: 0.2741 - mse: 0.2741 - mae: 0.4236 - val_loss: 0.2706 - val_mse: 0.2706 - val_mae: 0.4206 - 3s/epoch - 242ms/step
Epoch 89/10000

Epoch 89: val_loss did not improve from 0.27063
12/12 - 2s - loss: 0.2778 - mse: 0.2778 - mae: 0.4259 - val_loss: 0.2853 - val_mse: 0.2853 - val_mae: 0.4296 - 2s/epoch - 168ms/step
Epoch 90/10000

Epoch 90: val_loss did not improve from 0.27063
12/12 - 2s - loss: 0.2841 - mse: 0.2841 - mae: 0.4300 - val_loss: 0.3059 - val_mse: 0.3059 - val_mae: 0.4491 - 2s/epoch - 169ms/step
Epoch 91/10000

Epoch 91: val_loss did not improve from 0.27063
12/12 - 2s - loss: 0.2898 - mse: 0.2898 - mae: 0.4348 - val_loss: 0.2799 - val_mse: 0.2799 - val_mae: 0.4255 - 2s/epoch - 168ms/step
Epoch 92/10000

Epoch 92: val_loss did not improve from 0.27063
12/12 - 2s - loss: 0.2823 - mse: 0.2823 - mae: 0.4288 - val_loss: 0.2707 - val_mse: 0.2707 - val_mae: 0.4207 - 2s/epoch - 168ms/step
Epoch 93/10000

Epoch 93: val_loss did not improve from 0.27063
12/12 - 2s - loss: 0.2741 - mse: 0.2741 - mae: 0.4233 - val_loss: 0.2793 - val_mse: 0.2793 - val_mae: 0.4285 - 2s/epoch - 168ms/step
Epoch 94/10000

Epoch 94: val_loss did not improve from 0.27063
12/12 - 2s - loss: 0.2766 - mse: 0.2766 - mae: 0.4240 - val_loss: 0.2712 - val_mse: 0.2712 - val_mae: 0.4215 - 2s/epoch - 169ms/step
Epoch 95/10000

Epoch 95: val_loss did not improve from 0.27063
12/12 - 2s - loss: 0.2755 - mse: 0.2755 - mae: 0.4238 - val_loss: 0.2708 - val_mse: 0.2708 - val_mae: 0.4211 - 2s/epoch - 169ms/step
Epoch 96/10000

Epoch 96: val_loss did not improve from 0.27063
12/12 - 2s - loss: 0.2724 - mse: 0.2724 - mae: 0.4216 - val_loss: 0.2709 - val_mse: 0.2709 - val_mae: 0.4211 - 2s/epoch - 168ms/step
Epoch 97/10000

Epoch 97: val_loss did not improve from 0.27063
12/12 - 2s - loss: 0.2740 - mse: 0.2740 - mae: 0.4229 - val_loss: 0.2732 - val_mse: 0.2732 - val_mae: 0.4212 - 2s/epoch - 168ms/step
Epoch 98/10000

Epoch 98: val_loss did not improve from 0.27063
12/12 - 2s - loss: 0.2729 - mse: 0.2729 - mae: 0.4221 - val_loss: 0.2728 - val_mse: 0.2728 - val_mae: 0.4228 - 2s/epoch - 168ms/step
Epoch 99/10000

Epoch 99: val_loss improved from 0.27063 to 0.27055, saving model to ./results/NN_rms_regr/ResNet/recursion_14/ckpt_1
12/12 - 3s - loss: 0.2765 - mse: 0.2765 - mae: 0.4244 - val_loss: 0.2706 - val_mse: 0.2706 - val_mae: 0.4206 - 3s/epoch - 241ms/step
Epoch 100/10000

Epoch 100: val_loss did not improve from 0.27055
12/12 - 2s - loss: 0.2754 - mse: 0.2754 - mae: 0.4239 - val_loss: 0.2716 - val_mse: 0.2716 - val_mae: 0.4206 - 2s/epoch - 168ms/step
Epoch 101/10000

Epoch 101: val_loss did not improve from 0.27055
12/12 - 2s - loss: 0.2725 - mse: 0.2725 - mae: 0.4213 - val_loss: 0.2762 - val_mse: 0.2762 - val_mae: 0.4237 - 2s/epoch - 169ms/step
Epoch 102/10000

Epoch 102: val_loss did not improve from 0.27055
12/12 - 2s - loss: 0.2778 - mse: 0.2778 - mae: 0.4250 - val_loss: 0.2709 - val_mse: 0.2709 - val_mae: 0.4204 - 2s/epoch - 170ms/step
Epoch 103/10000

Epoch 103: val_loss did not improve from 0.27055
12/12 - 2s - loss: 0.2764 - mse: 0.2764 - mae: 0.4242 - val_loss: 0.2706 - val_mse: 0.2706 - val_mae: 0.4205 - 2s/epoch - 168ms/step
Epoch 104/10000

Epoch 104: val_loss did not improve from 0.27055
12/12 - 2s - loss: 0.2728 - mse: 0.2728 - mae: 0.4217 - val_loss: 0.2892 - val_mse: 0.2892 - val_mae: 0.4363 - 2s/epoch - 168ms/step
Epoch 105/10000

Epoch 105: val_loss did not improve from 0.27055
12/12 - 2s - loss: 0.2769 - mse: 0.2769 - mae: 0.4245 - val_loss: 0.2801 - val_mse: 0.2801 - val_mae: 0.4285 - 2s/epoch - 168ms/step
Epoch 106/10000

Epoch 106: val_loss did not improve from 0.27055
12/12 - 2s - loss: 0.2771 - mse: 0.2771 - mae: 0.4247 - val_loss: 0.2884 - val_mse: 0.2884 - val_mae: 0.4353 - 2s/epoch - 168ms/step
Epoch 107/10000

Epoch 107: val_loss did not improve from 0.27055
12/12 - 2s - loss: 0.2803 - mse: 0.2803 - mae: 0.4278 - val_loss: 0.2709 - val_mse: 0.2709 - val_mae: 0.4206 - 2s/epoch - 168ms/step
Epoch 108/10000

Epoch 108: val_loss did not improve from 0.27055
12/12 - 2s - loss: 0.2719 - mse: 0.2719 - mae: 0.4210 - val_loss: 0.3032 - val_mse: 0.3032 - val_mae: 0.4469 - 2s/epoch - 169ms/step
Epoch 109/10000

Epoch 109: val_loss did not improve from 0.27055
12/12 - 2s - loss: 0.2884 - mse: 0.2884 - mae: 0.4325 - val_loss: 0.2936 - val_mse: 0.2936 - val_mae: 0.4351 - 2s/epoch - 169ms/step
Epoch 110/10000

Epoch 110: val_loss did not improve from 0.27055
12/12 - 2s - loss: 0.2832 - mse: 0.2832 - mae: 0.4290 - val_loss: 0.2794 - val_mse: 0.2794 - val_mae: 0.4285 - 2s/epoch - 168ms/step
Epoch 111/10000

Epoch 111: val_loss did not improve from 0.27055
12/12 - 2s - loss: 0.2752 - mse: 0.2752 - mae: 0.4235 - val_loss: 0.2819 - val_mse: 0.2819 - val_mae: 0.4264 - 2s/epoch - 169ms/step
Epoch 112/10000

Epoch 112: val_loss did not improve from 0.27055
12/12 - 2s - loss: 0.2767 - mse: 0.2767 - mae: 0.4239 - val_loss: 0.3108 - val_mse: 0.3108 - val_mae: 0.4527 - 2s/epoch - 169ms/step
Epoch 113/10000

Epoch 113: val_loss did not improve from 0.27055
12/12 - 2s - loss: 0.2848 - mse: 0.2848 - mae: 0.4306 - val_loss: 0.2964 - val_mse: 0.2964 - val_mae: 0.4367 - 2s/epoch - 169ms/step
Epoch 114/10000

Epoch 114: val_loss did not improve from 0.27055
12/12 - 2s - loss: 0.2820 - mse: 0.2820 - mae: 0.4287 - val_loss: 0.3318 - val_mse: 0.3318 - val_mae: 0.4675 - 2s/epoch - 168ms/step
Epoch 115/10000

Epoch 115: val_loss did not improve from 0.27055
12/12 - 2s - loss: 0.2867 - mse: 0.2867 - mae: 0.4328 - val_loss: 0.2925 - val_mse: 0.2925 - val_mae: 0.4337 - 2s/epoch - 168ms/step
Epoch 116/10000

Epoch 116: val_loss did not improve from 0.27055
12/12 - 2s - loss: 0.2822 - mse: 0.2822 - mae: 0.4283 - val_loss: 0.2714 - val_mse: 0.2714 - val_mae: 0.4216 - 2s/epoch - 169ms/step
Epoch 117/10000

Epoch 117: val_loss did not improve from 0.27055
12/12 - 2s - loss: 0.2735 - mse: 0.2735 - mae: 0.4226 - val_loss: 0.2709 - val_mse: 0.2709 - val_mae: 0.4199 - 2s/epoch - 169ms/step
Epoch 118/10000

Epoch 118: val_loss did not improve from 0.27055
12/12 - 2s - loss: 0.2732 - mse: 0.2732 - mae: 0.4218 - val_loss: 0.2744 - val_mse: 0.2744 - val_mae: 0.4244 - 2s/epoch - 168ms/step
Epoch 119/10000

Epoch 119: val_loss did not improve from 0.27055
12/12 - 2s - loss: 0.2750 - mse: 0.2750 - mae: 0.4241 - val_loss: 0.2707 - val_mse: 0.2707 - val_mae: 0.4202 - 2s/epoch - 169ms/step
Epoch 120/10000

Epoch 120: val_loss did not improve from 0.27055
12/12 - 2s - loss: 0.2727 - mse: 0.2727 - mae: 0.4215 - val_loss: 0.2743 - val_mse: 0.2743 - val_mae: 0.4221 - 2s/epoch - 169ms/step
Epoch 121/10000

Epoch 121: val_loss did not improve from 0.27055
12/12 - 2s - loss: 0.2743 - mse: 0.2743 - mae: 0.4225 - val_loss: 0.2868 - val_mse: 0.2868 - val_mae: 0.4333 - 2s/epoch - 168ms/step
Epoch 122/10000

Epoch 122: val_loss improved from 0.27055 to 0.27044, saving model to ./results/NN_rms_regr/ResNet/recursion_14/ckpt_1
12/12 - 3s - loss: 0.2807 - mse: 0.2807 - mae: 0.4276 - val_loss: 0.2704 - val_mse: 0.2704 - val_mae: 0.4204 - 3s/epoch - 243ms/step
Epoch 123/10000

Epoch 123: val_loss did not improve from 0.27044
12/12 - 2s - loss: 0.2732 - mse: 0.2732 - mae: 0.4220 - val_loss: 0.2730 - val_mse: 0.2730 - val_mae: 0.4224 - 2s/epoch - 169ms/step
Epoch 124/10000

Epoch 124: val_loss did not improve from 0.27044
12/12 - 2s - loss: 0.2743 - mse: 0.2743 - mae: 0.4231 - val_loss: 0.2708 - val_mse: 0.2708 - val_mae: 0.4208 - 2s/epoch - 168ms/step
Epoch 125/10000

Epoch 125: val_loss did not improve from 0.27044
12/12 - 2s - loss: 0.2736 - mse: 0.2736 - mae: 0.4226 - val_loss: 0.2725 - val_mse: 0.2725 - val_mae: 0.4212 - 2s/epoch - 169ms/step
Epoch 126/10000

Epoch 126: val_loss did not improve from 0.27044
12/12 - 2s - loss: 0.2728 - mse: 0.2728 - mae: 0.4218 - val_loss: 0.2713 - val_mse: 0.2713 - val_mae: 0.4205 - 2s/epoch - 169ms/step
Epoch 127/10000

Epoch 127: val_loss did not improve from 0.27044
12/12 - 2s - loss: 0.2733 - mse: 0.2733 - mae: 0.4216 - val_loss: 0.2767 - val_mse: 0.2767 - val_mae: 0.4262 - 2s/epoch - 169ms/step
Epoch 128/10000

Epoch 128: val_loss did not improve from 0.27044
12/12 - 2s - loss: 0.2771 - mse: 0.2771 - mae: 0.4253 - val_loss: 0.2726 - val_mse: 0.2726 - val_mae: 0.4207 - 2s/epoch - 168ms/step
Epoch 129/10000

Epoch 129: val_loss did not improve from 0.27044
12/12 - 2s - loss: 0.2768 - mse: 0.2768 - mae: 0.4247 - val_loss: 0.2783 - val_mse: 0.2783 - val_mae: 0.4244 - 2s/epoch - 169ms/step
Epoch 130/10000

Epoch 130: val_loss did not improve from 0.27044
12/12 - 2s - loss: 0.2788 - mse: 0.2788 - mae: 0.4255 - val_loss: 0.2735 - val_mse: 0.2735 - val_mae: 0.4233 - 2s/epoch - 169ms/step
Epoch 131/10000

Epoch 131: val_loss did not improve from 0.27044
12/12 - 2s - loss: 0.2752 - mse: 0.2752 - mae: 0.4230 - val_loss: 0.2821 - val_mse: 0.2821 - val_mae: 0.4264 - 2s/epoch - 169ms/step
Epoch 132/10000

Epoch 132: val_loss did not improve from 0.27044
12/12 - 2s - loss: 0.2779 - mse: 0.2779 - mae: 0.4255 - val_loss: 0.2833 - val_mse: 0.2833 - val_mae: 0.4314 - 2s/epoch - 168ms/step
Epoch 133/10000

Epoch 133: val_loss did not improve from 0.27044
12/12 - 2s - loss: 0.2756 - mse: 0.2756 - mae: 0.4241 - val_loss: 0.2871 - val_mse: 0.2871 - val_mae: 0.4306 - 2s/epoch - 169ms/step
Epoch 134/10000

Epoch 134: val_loss did not improve from 0.27044
12/12 - 2s - loss: 0.2802 - mse: 0.2802 - mae: 0.4266 - val_loss: 0.2706 - val_mse: 0.2706 - val_mae: 0.4197 - 2s/epoch - 169ms/step
Epoch 135/10000

Epoch 135: val_loss did not improve from 0.27044
12/12 - 2s - loss: 0.2740 - mse: 0.2740 - mae: 0.4221 - val_loss: 0.2717 - val_mse: 0.2717 - val_mae: 0.4217 - 2s/epoch - 168ms/step
Epoch 136/10000

Epoch 136: val_loss did not improve from 0.27044
12/12 - 2s - loss: 0.2725 - mse: 0.2725 - mae: 0.4215 - val_loss: 0.2707 - val_mse: 0.2707 - val_mae: 0.4197 - 2s/epoch - 168ms/step
Epoch 137/10000

Epoch 137: val_loss did not improve from 0.27044
12/12 - 2s - loss: 0.2771 - mse: 0.2771 - mae: 0.4246 - val_loss: 0.2755 - val_mse: 0.2755 - val_mae: 0.4226 - 2s/epoch - 171ms/step
Epoch 138/10000

Epoch 138: val_loss did not improve from 0.27044
12/12 - 2s - loss: 0.2758 - mse: 0.2758 - mae: 0.4236 - val_loss: 0.3413 - val_mse: 0.3413 - val_mae: 0.4740 - 2s/epoch - 171ms/step
Epoch 139/10000

Epoch 139: val_loss did not improve from 0.27044
12/12 - 2s - loss: 0.2924 - mse: 0.2924 - mae: 0.4362 - val_loss: 0.2742 - val_mse: 0.2742 - val_mae: 0.4215 - 2s/epoch - 167ms/step
Epoch 140/10000

Epoch 140: val_loss did not improve from 0.27044
12/12 - 2s - loss: 0.2783 - mse: 0.2783 - mae: 0.4254 - val_loss: 0.2722 - val_mse: 0.2722 - val_mae: 0.4220 - 2s/epoch - 169ms/step
Epoch 141/10000

Epoch 141: val_loss improved from 0.27044 to 0.27026, saving model to ./results/NN_rms_regr/ResNet/recursion_14/ckpt_1
12/12 - 3s - loss: 0.2738 - mse: 0.2738 - mae: 0.4220 - val_loss: 0.2703 - val_mse: 0.2703 - val_mae: 0.4200 - 3s/epoch - 237ms/step
Epoch 142/10000

Epoch 142: val_loss did not improve from 0.27026
12/12 - 2s - loss: 0.2723 - mse: 0.2723 - mae: 0.4212 - val_loss: 0.2739 - val_mse: 0.2739 - val_mae: 0.4239 - 2s/epoch - 169ms/step
Epoch 143/10000

Epoch 143: val_loss did not improve from 0.27026
12/12 - 2s - loss: 0.2754 - mse: 0.2754 - mae: 0.4238 - val_loss: 0.2704 - val_mse: 0.2704 - val_mae: 0.4199 - 2s/epoch - 172ms/step
Epoch 144/10000

Epoch 144: val_loss did not improve from 0.27026
12/12 - 2s - loss: 0.2763 - mse: 0.2763 - mae: 0.4246 - val_loss: 0.2714 - val_mse: 0.2714 - val_mae: 0.4215 - 2s/epoch - 169ms/step
Epoch 145/10000

Epoch 145: val_loss did not improve from 0.27026
12/12 - 2s - loss: 0.2724 - mse: 0.2724 - mae: 0.4215 - val_loss: 0.2790 - val_mse: 0.2790 - val_mae: 0.4272 - 2s/epoch - 168ms/step
Epoch 146/10000

Epoch 146: val_loss did not improve from 0.27026
12/12 - 2s - loss: 0.2760 - mse: 0.2760 - mae: 0.4238 - val_loss: 0.2904 - val_mse: 0.2904 - val_mae: 0.4324 - 2s/epoch - 168ms/step
Epoch 147/10000

Epoch 147: val_loss did not improve from 0.27026
12/12 - 2s - loss: 0.2812 - mse: 0.2812 - mae: 0.4276 - val_loss: 0.2881 - val_mse: 0.2881 - val_mae: 0.4349 - 2s/epoch - 169ms/step
Epoch 148/10000

Epoch 148: val_loss did not improve from 0.27026
12/12 - 2s - loss: 0.2773 - mse: 0.2773 - mae: 0.4251 - val_loss: 0.2802 - val_mse: 0.2802 - val_mae: 0.4290 - 2s/epoch - 168ms/step
Epoch 149/10000

Epoch 149: val_loss did not improve from 0.27026
12/12 - 2s - loss: 0.2866 - mse: 0.2866 - mae: 0.4308 - val_loss: 0.2810 - val_mse: 0.2810 - val_mae: 0.4261 - 2s/epoch - 168ms/step
Epoch 150/10000

Epoch 150: val_loss did not improve from 0.27026
12/12 - 2s - loss: 0.2766 - mse: 0.2766 - mae: 0.4241 - val_loss: 0.2717 - val_mse: 0.2717 - val_mae: 0.4217 - 2s/epoch - 169ms/step
Epoch 151/10000

Epoch 151: val_loss did not improve from 0.27026
12/12 - 2s - loss: 0.2769 - mse: 0.2769 - mae: 0.4240 - val_loss: 0.2710 - val_mse: 0.2710 - val_mae: 0.4210 - 2s/epoch - 168ms/step
Epoch 152/10000

Epoch 152: val_loss did not improve from 0.27026
12/12 - 2s - loss: 0.2735 - mse: 0.2735 - mae: 0.4222 - val_loss: 0.2711 - val_mse: 0.2711 - val_mae: 0.4201 - 2s/epoch - 168ms/step
Epoch 153/10000

Epoch 153: val_loss did not improve from 0.27026
12/12 - 2s - loss: 0.2745 - mse: 0.2745 - mae: 0.4224 - val_loss: 0.2724 - val_mse: 0.2724 - val_mae: 0.4223 - 2s/epoch - 169ms/step
Epoch 154/10000

Epoch 154: val_loss did not improve from 0.27026
12/12 - 2s - loss: 0.2749 - mse: 0.2749 - mae: 0.4230 - val_loss: 0.2712 - val_mse: 0.2712 - val_mae: 0.4199 - 2s/epoch - 169ms/step
Epoch 155/10000

Epoch 155: val_loss did not improve from 0.27026
12/12 - 2s - loss: 0.2744 - mse: 0.2744 - mae: 0.4229 - val_loss: 0.2782 - val_mse: 0.2782 - val_mae: 0.4274 - 2s/epoch - 169ms/step
Epoch 156/10000

Epoch 156: val_loss did not improve from 0.27026
12/12 - 2s - loss: 0.2736 - mse: 0.2736 - mae: 0.4218 - val_loss: 0.2742 - val_mse: 0.2742 - val_mae: 0.4240 - 2s/epoch - 168ms/step
Epoch 157/10000

Epoch 157: val_loss did not improve from 0.27026
12/12 - 2s - loss: 0.2730 - mse: 0.2730 - mae: 0.4216 - val_loss: 0.2726 - val_mse: 0.2726 - val_mae: 0.4226 - 2s/epoch - 168ms/step
Epoch 158/10000

Epoch 158: val_loss did not improve from 0.27026
12/12 - 2s - loss: 0.2782 - mse: 0.2782 - mae: 0.4256 - val_loss: 0.2828 - val_mse: 0.2828 - val_mae: 0.4267 - 2s/epoch - 168ms/step
Epoch 159/10000

Epoch 159: val_loss did not improve from 0.27026
12/12 - 2s - loss: 0.2783 - mse: 0.2783 - mae: 0.4257 - val_loss: 0.2721 - val_mse: 0.2721 - val_mae: 0.4218 - 2s/epoch - 169ms/step
Epoch 160/10000

Epoch 160: val_loss did not improve from 0.27026
12/12 - 2s - loss: 0.2730 - mse: 0.2730 - mae: 0.4217 - val_loss: 0.2733 - val_mse: 0.2733 - val_mae: 0.4207 - 2s/epoch - 168ms/step
Epoch 161/10000

Epoch 161: val_loss did not improve from 0.27026
12/12 - 2s - loss: 0.2726 - mse: 0.2726 - mae: 0.4212 - val_loss: 0.2717 - val_mse: 0.2717 - val_mae: 0.4213 - 2s/epoch - 169ms/step
Epoch 162/10000

Epoch 162: val_loss did not improve from 0.27026
12/12 - 2s - loss: 0.2726 - mse: 0.2726 - mae: 0.4213 - val_loss: 0.2943 - val_mse: 0.2943 - val_mae: 0.4395 - 2s/epoch - 169ms/step
Epoch 163/10000

Epoch 163: val_loss did not improve from 0.27026
12/12 - 2s - loss: 0.2821 - mse: 0.2821 - mae: 0.4284 - val_loss: 0.2718 - val_mse: 0.2718 - val_mae: 0.4195 - 2s/epoch - 172ms/step
Epoch 164/10000

Epoch 164: val_loss did not improve from 0.27026
12/12 - 2s - loss: 0.2753 - mse: 0.2753 - mae: 0.4233 - val_loss: 0.2740 - val_mse: 0.2740 - val_mae: 0.4228 - 2s/epoch - 169ms/step
Epoch 165/10000

Epoch 165: val_loss improved from 0.27026 to 0.27022, saving model to ./results/NN_rms_regr/ResNet/recursion_14/ckpt_1
12/12 - 3s - loss: 0.2734 - mse: 0.2734 - mae: 0.4221 - val_loss: 0.2702 - val_mse: 0.2702 - val_mae: 0.4196 - 3s/epoch - 241ms/step
Epoch 166/10000

Epoch 166: val_loss did not improve from 0.27022
12/12 - 2s - loss: 0.2816 - mse: 0.2816 - mae: 0.4276 - val_loss: 0.2802 - val_mse: 0.2802 - val_mae: 0.4248 - 2s/epoch - 168ms/step
Epoch 167/10000

Epoch 167: val_loss did not improve from 0.27022
12/12 - 2s - loss: 0.2799 - mse: 0.2799 - mae: 0.4265 - val_loss: 0.2768 - val_mse: 0.2768 - val_mae: 0.4255 - 2s/epoch - 171ms/step
Epoch 168/10000

Epoch 168: val_loss did not improve from 0.27022
12/12 - 2s - loss: 0.2756 - mse: 0.2756 - mae: 0.4231 - val_loss: 0.2711 - val_mse: 0.2711 - val_mae: 0.4205 - 2s/epoch - 168ms/step
Epoch 169/10000

Epoch 169: val_loss did not improve from 0.27022
12/12 - 2s - loss: 0.2782 - mse: 0.2782 - mae: 0.4251 - val_loss: 0.2789 - val_mse: 0.2789 - val_mae: 0.4247 - 2s/epoch - 169ms/step
Epoch 170/10000

Epoch 170: val_loss did not improve from 0.27022
12/12 - 2s - loss: 0.2759 - mse: 0.2759 - mae: 0.4240 - val_loss: 0.2706 - val_mse: 0.2706 - val_mae: 0.4194 - 2s/epoch - 168ms/step
Epoch 171/10000

Epoch 171: val_loss did not improve from 0.27022
12/12 - 2s - loss: 0.2734 - mse: 0.2734 - mae: 0.4212 - val_loss: 0.2715 - val_mse: 0.2715 - val_mae: 0.4203 - 2s/epoch - 168ms/step
Epoch 172/10000

Epoch 172: val_loss did not improve from 0.27022
12/12 - 2s - loss: 0.2732 - mse: 0.2732 - mae: 0.4221 - val_loss: 0.2770 - val_mse: 0.2770 - val_mae: 0.4231 - 2s/epoch - 168ms/step
Epoch 173/10000

Epoch 173: val_loss did not improve from 0.27022
12/12 - 2s - loss: 0.2752 - mse: 0.2752 - mae: 0.4228 - val_loss: 0.2714 - val_mse: 0.2714 - val_mae: 0.4197 - 2s/epoch - 168ms/step
Epoch 174/10000

Epoch 174: val_loss did not improve from 0.27022
12/12 - 2s - loss: 0.2762 - mse: 0.2762 - mae: 0.4237 - val_loss: 0.2707 - val_mse: 0.2707 - val_mae: 0.4192 - 2s/epoch - 169ms/step
Epoch 175/10000

Epoch 175: val_loss did not improve from 0.27022
12/12 - 2s - loss: 0.2736 - mse: 0.2736 - mae: 0.4216 - val_loss: 0.2711 - val_mse: 0.2711 - val_mae: 0.4203 - 2s/epoch - 169ms/step
Epoch 176/10000

Epoch 176: val_loss did not improve from 0.27022
12/12 - 2s - loss: 0.2725 - mse: 0.2725 - mae: 0.4214 - val_loss: 0.2716 - val_mse: 0.2716 - val_mae: 0.4203 - 2s/epoch - 169ms/step
Epoch 177/10000

Epoch 177: val_loss did not improve from 0.27022
12/12 - 2s - loss: 0.2735 - mse: 0.2735 - mae: 0.4216 - val_loss: 0.2708 - val_mse: 0.2708 - val_mae: 0.4201 - 2s/epoch - 168ms/step
Epoch 178/10000

Epoch 178: val_loss did not improve from 0.27022
12/12 - 2s - loss: 0.2742 - mse: 0.2742 - mae: 0.4225 - val_loss: 0.2713 - val_mse: 0.2713 - val_mae: 0.4207 - 2s/epoch - 169ms/step
Epoch 179/10000

Epoch 179: val_loss did not improve from 0.27022
12/12 - 2s - loss: 0.2768 - mse: 0.2768 - mae: 0.4242 - val_loss: 0.2704 - val_mse: 0.2704 - val_mae: 0.4195 - 2s/epoch - 168ms/step
Epoch 180/10000

Epoch 180: val_loss did not improve from 0.27022
12/12 - 2s - loss: 0.2729 - mse: 0.2729 - mae: 0.4217 - val_loss: 0.2716 - val_mse: 0.2716 - val_mae: 0.4203 - 2s/epoch - 169ms/step
Epoch 181/10000

Epoch 181: val_loss did not improve from 0.27022
12/12 - 2s - loss: 0.2738 - mse: 0.2738 - mae: 0.4222 - val_loss: 0.2744 - val_mse: 0.2744 - val_mae: 0.4239 - 2s/epoch - 169ms/step
Epoch 182/10000

Epoch 182: val_loss did not improve from 0.27022
12/12 - 2s - loss: 0.2774 - mse: 0.2774 - mae: 0.4246 - val_loss: 0.2963 - val_mse: 0.2963 - val_mae: 0.4411 - 2s/epoch - 170ms/step
Epoch 183/10000

Epoch 183: val_loss did not improve from 0.27022
12/12 - 2s - loss: 0.2848 - mse: 0.2848 - mae: 0.4305 - val_loss: 0.2757 - val_mse: 0.2757 - val_mae: 0.4222 - 2s/epoch - 169ms/step
Epoch 184/10000

Epoch 184: val_loss did not improve from 0.27022
12/12 - 2s - loss: 0.2772 - mse: 0.2772 - mae: 0.4246 - val_loss: 0.2806 - val_mse: 0.2806 - val_mae: 0.4258 - 2s/epoch - 169ms/step
Epoch 185/10000

Epoch 185: val_loss did not improve from 0.27022
12/12 - 2s - loss: 0.2791 - mse: 0.2791 - mae: 0.4254 - val_loss: 0.2869 - val_mse: 0.2869 - val_mae: 0.4304 - 2s/epoch - 169ms/step
Epoch 186/10000

Epoch 186: val_loss did not improve from 0.27022
12/12 - 2s - loss: 0.2839 - mse: 0.2839 - mae: 0.4290 - val_loss: 0.2721 - val_mse: 0.2721 - val_mae: 0.4219 - 2s/epoch - 169ms/step
Epoch 187/10000

Epoch 187: val_loss did not improve from 0.27022
12/12 - 2s - loss: 0.2737 - mse: 0.2737 - mae: 0.4223 - val_loss: 0.2818 - val_mse: 0.2818 - val_mae: 0.4293 - 2s/epoch - 169ms/step
Epoch 188/10000

Epoch 188: val_loss did not improve from 0.27022
12/12 - 2s - loss: 0.2738 - mse: 0.2738 - mae: 0.4223 - val_loss: 0.2831 - val_mse: 0.2831 - val_mae: 0.4275 - 2s/epoch - 169ms/step
Epoch 189/10000

Epoch 189: val_loss did not improve from 0.27022
12/12 - 2s - loss: 0.2778 - mse: 0.2778 - mae: 0.4248 - val_loss: 0.2719 - val_mse: 0.2719 - val_mae: 0.4203 - 2s/epoch - 169ms/step
Epoch 190/10000

Epoch 190: val_loss did not improve from 0.27022
12/12 - 2s - loss: 0.2730 - mse: 0.2730 - mae: 0.4216 - val_loss: 0.2872 - val_mse: 0.2872 - val_mae: 0.4304 - 2s/epoch - 169ms/step
Epoch 191/10000

Epoch 191: val_loss did not improve from 0.27022
12/12 - 2s - loss: 0.2769 - mse: 0.2769 - mae: 0.4251 - val_loss: 0.2829 - val_mse: 0.2829 - val_mae: 0.4272 - 2s/epoch - 168ms/step
Epoch 192/10000

Epoch 192: val_loss did not improve from 0.27022
12/12 - 2s - loss: 0.2804 - mse: 0.2804 - mae: 0.4266 - val_loss: 0.2707 - val_mse: 0.2707 - val_mae: 0.4204 - 2s/epoch - 168ms/step
Epoch 193/10000

Epoch 193: val_loss did not improve from 0.27022
12/12 - 2s - loss: 0.2786 - mse: 0.2786 - mae: 0.4247 - val_loss: 0.2833 - val_mse: 0.2833 - val_mae: 0.4314 - 2s/epoch - 169ms/step
Epoch 194/10000

Epoch 194: val_loss did not improve from 0.27022
12/12 - 2s - loss: 0.2913 - mse: 0.2913 - mae: 0.4342 - val_loss: 0.3033 - val_mse: 0.3033 - val_mae: 0.4470 - 2s/epoch - 168ms/step
Epoch 195/10000

Epoch 195: val_loss did not improve from 0.27022
12/12 - 2s - loss: 0.2857 - mse: 0.2857 - mae: 0.4309 - val_loss: 0.2959 - val_mse: 0.2959 - val_mae: 0.4413 - 2s/epoch - 169ms/step
Epoch 196/10000

Epoch 196: val_loss did not improve from 0.27022
12/12 - 2s - loss: 0.2864 - mse: 0.2864 - mae: 0.4319 - val_loss: 0.2712 - val_mse: 0.2712 - val_mae: 0.4210 - 2s/epoch - 168ms/step
Epoch 197/10000

Epoch 197: val_loss did not improve from 0.27022
12/12 - 2s - loss: 0.2748 - mse: 0.2748 - mae: 0.4236 - val_loss: 0.2774 - val_mse: 0.2774 - val_mae: 0.4233 - 2s/epoch - 169ms/step
Epoch 198/10000

Epoch 198: val_loss did not improve from 0.27022
12/12 - 2s - loss: 0.2739 - mse: 0.2739 - mae: 0.4222 - val_loss: 0.2728 - val_mse: 0.2728 - val_mae: 0.4228 - 2s/epoch - 168ms/step
Epoch 199/10000

Epoch 199: val_loss did not improve from 0.27022
12/12 - 2s - loss: 0.2748 - mse: 0.2748 - mae: 0.4230 - val_loss: 0.2798 - val_mse: 0.2798 - val_mae: 0.4287 - 2s/epoch - 169ms/step
Epoch 200/10000

Epoch 200: val_loss did not improve from 0.27022
12/12 - 2s - loss: 0.2748 - mse: 0.2748 - mae: 0.4226 - val_loss: 0.2703 - val_mse: 0.2703 - val_mae: 0.4200 - 2s/epoch - 169ms/step
Epoch 201/10000

Epoch 201: val_loss did not improve from 0.27022
12/12 - 2s - loss: 0.2722 - mse: 0.2722 - mae: 0.4210 - val_loss: 0.2914 - val_mse: 0.2914 - val_mae: 0.4376 - 2s/epoch - 168ms/step
Epoch 202/10000

Epoch 202: val_loss did not improve from 0.27022
12/12 - 2s - loss: 0.2866 - mse: 0.2866 - mae: 0.4315 - val_loss: 0.2740 - val_mse: 0.2740 - val_mae: 0.4209 - 2s/epoch - 169ms/step
Epoch 203/10000

Epoch 203: val_loss did not improve from 0.27022
12/12 - 2s - loss: 0.2729 - mse: 0.2729 - mae: 0.4216 - val_loss: 0.2793 - val_mse: 0.2793 - val_mae: 0.4251 - 2s/epoch - 169ms/step
Epoch 204/10000

Epoch 204: val_loss did not improve from 0.27022
12/12 - 2s - loss: 0.2796 - mse: 0.2796 - mae: 0.4269 - val_loss: 0.3433 - val_mse: 0.3433 - val_mae: 0.4761 - 2s/epoch - 168ms/step
Epoch 205/10000

Epoch 205: val_loss did not improve from 0.27022
12/12 - 2s - loss: 0.2975 - mse: 0.2975 - mae: 0.4385 - val_loss: 0.2793 - val_mse: 0.2793 - val_mae: 0.4280 - 2s/epoch - 169ms/step
Epoch 206/10000

Epoch 206: val_loss did not improve from 0.27022
12/12 - 2s - loss: 0.2725 - mse: 0.2725 - mae: 0.4213 - val_loss: 0.2721 - val_mse: 0.2721 - val_mae: 0.4203 - 2s/epoch - 169ms/step
Epoch 207/10000

Epoch 207: val_loss did not improve from 0.27022
12/12 - 2s - loss: 0.2770 - mse: 0.2770 - mae: 0.4241 - val_loss: 0.2847 - val_mse: 0.2847 - val_mae: 0.4325 - 2s/epoch - 168ms/step
Epoch 208/10000

Epoch 208: val_loss did not improve from 0.27022
12/12 - 2s - loss: 0.2811 - mse: 0.2811 - mae: 0.4271 - val_loss: 0.2878 - val_mse: 0.2878 - val_mae: 0.4347 - 2s/epoch - 169ms/step
Epoch 209/10000

Epoch 209: val_loss improved from 0.27022 to 0.27017, saving model to ./results/NN_rms_regr/ResNet/recursion_14/ckpt_1
12/12 - 3s - loss: 0.2778 - mse: 0.2778 - mae: 0.4256 - val_loss: 0.2702 - val_mse: 0.2702 - val_mae: 0.4197 - 3s/epoch - 242ms/step
Epoch 210/10000

Epoch 210: val_loss did not improve from 0.27017
12/12 - 2s - loss: 0.2745 - mse: 0.2745 - mae: 0.4227 - val_loss: 0.2706 - val_mse: 0.2706 - val_mae: 0.4204 - 2s/epoch - 170ms/step
Epoch 211/10000

Epoch 211: val_loss did not improve from 0.27017
12/12 - 2s - loss: 0.2756 - mse: 0.2756 - mae: 0.4234 - val_loss: 0.2741 - val_mse: 0.2741 - val_mae: 0.4217 - 2s/epoch - 168ms/step
Epoch 212/10000

Epoch 212: val_loss did not improve from 0.27017
12/12 - 2s - loss: 0.2736 - mse: 0.2736 - mae: 0.4222 - val_loss: 0.2879 - val_mse: 0.2879 - val_mae: 0.4350 - 2s/epoch - 169ms/step
Epoch 213/10000

Epoch 213: val_loss did not improve from 0.27017
12/12 - 2s - loss: 0.2755 - mse: 0.2755 - mae: 0.4226 - val_loss: 0.2717 - val_mse: 0.2717 - val_mae: 0.4212 - 2s/epoch - 169ms/step
Epoch 214/10000

Epoch 214: val_loss did not improve from 0.27017
12/12 - 2s - loss: 0.2772 - mse: 0.2772 - mae: 0.4252 - val_loss: 0.2804 - val_mse: 0.2804 - val_mae: 0.4250 - 2s/epoch - 169ms/step
Epoch 215/10000

Epoch 215: val_loss did not improve from 0.27017
12/12 - 2s - loss: 0.2751 - mse: 0.2751 - mae: 0.4231 - val_loss: 0.2764 - val_mse: 0.2764 - val_mae: 0.4230 - 2s/epoch - 169ms/step
Epoch 216/10000

Epoch 216: val_loss did not improve from 0.27017
12/12 - 2s - loss: 0.2784 - mse: 0.2784 - mae: 0.4260 - val_loss: 0.2751 - val_mse: 0.2751 - val_mae: 0.4248 - 2s/epoch - 168ms/step
Epoch 217/10000

Epoch 217: val_loss did not improve from 0.27017
12/12 - 2s - loss: 0.2815 - mse: 0.2815 - mae: 0.4268 - val_loss: 0.2706 - val_mse: 0.2706 - val_mae: 0.4203 - 2s/epoch - 169ms/step
Epoch 218/10000

Epoch 218: val_loss did not improve from 0.27017
12/12 - 2s - loss: 0.2736 - mse: 0.2736 - mae: 0.4220 - val_loss: 0.2759 - val_mse: 0.2759 - val_mae: 0.4224 - 2s/epoch - 168ms/step
Epoch 219/10000

Epoch 219: val_loss did not improve from 0.27017
12/12 - 2s - loss: 0.2731 - mse: 0.2731 - mae: 0.4214 - val_loss: 0.2707 - val_mse: 0.2707 - val_mae: 0.4204 - 2s/epoch - 168ms/step
Epoch 220/10000

Epoch 220: val_loss did not improve from 0.27017
12/12 - 2s - loss: 0.2737 - mse: 0.2737 - mae: 0.4221 - val_loss: 0.2712 - val_mse: 0.2712 - val_mae: 0.4211 - 2s/epoch - 169ms/step
Epoch 221/10000

Epoch 221: val_loss did not improve from 0.27017
12/12 - 2s - loss: 0.2719 - mse: 0.2719 - mae: 0.4207 - val_loss: 0.2779 - val_mse: 0.2779 - val_mae: 0.4239 - 2s/epoch - 168ms/step
Epoch 222/10000

Epoch 222: val_loss did not improve from 0.27017
12/12 - 2s - loss: 0.2787 - mse: 0.2787 - mae: 0.4256 - val_loss: 0.3309 - val_mse: 0.3309 - val_mae: 0.4598 - 2s/epoch - 169ms/step
Epoch 223/10000

Epoch 223: val_loss did not improve from 0.27017
12/12 - 2s - loss: 0.2918 - mse: 0.2918 - mae: 0.4352 - val_loss: 0.2735 - val_mse: 0.2735 - val_mae: 0.4206 - 2s/epoch - 168ms/step
Epoch 224/10000

Epoch 224: val_loss did not improve from 0.27017
12/12 - 2s - loss: 0.2769 - mse: 0.2769 - mae: 0.4243 - val_loss: 0.2849 - val_mse: 0.2849 - val_mae: 0.4284 - 2s/epoch - 168ms/step
Epoch 225/10000

Epoch 225: val_loss did not improve from 0.27017
12/12 - 2s - loss: 0.2808 - mse: 0.2808 - mae: 0.4274 - val_loss: 0.2746 - val_mse: 0.2746 - val_mae: 0.4241 - 2s/epoch - 169ms/step
Epoch 226/10000

Epoch 226: val_loss did not improve from 0.27017
12/12 - 2s - loss: 0.2769 - mse: 0.2769 - mae: 0.4244 - val_loss: 0.2719 - val_mse: 0.2719 - val_mae: 0.4218 - 2s/epoch - 169ms/step
Epoch 227/10000

Epoch 227: val_loss did not improve from 0.27017
12/12 - 2s - loss: 0.2762 - mse: 0.2762 - mae: 0.4234 - val_loss: 0.2820 - val_mse: 0.2820 - val_mae: 0.4303 - 2s/epoch - 169ms/step
Epoch 228/10000

Epoch 228: val_loss did not improve from 0.27017
12/12 - 2s - loss: 0.2748 - mse: 0.2748 - mae: 0.4232 - val_loss: 0.2817 - val_mse: 0.2817 - val_mae: 0.4260 - 2s/epoch - 169ms/step
Epoch 229/10000

Epoch 229: val_loss did not improve from 0.27017
12/12 - 2s - loss: 0.2760 - mse: 0.2760 - mae: 0.4235 - val_loss: 0.2704 - val_mse: 0.2704 - val_mae: 0.4196 - 2s/epoch - 168ms/step
Epoch 230/10000

Epoch 230: val_loss did not improve from 0.27017
12/12 - 2s - loss: 0.2767 - mse: 0.2767 - mae: 0.4244 - val_loss: 0.3062 - val_mse: 0.3062 - val_mae: 0.4487 - 2s/epoch - 169ms/step
Epoch 231/10000

Epoch 231: val_loss did not improve from 0.27017
12/12 - 2s - loss: 0.2825 - mse: 0.2825 - mae: 0.4280 - val_loss: 0.2723 - val_mse: 0.2723 - val_mae: 0.4199 - 2s/epoch - 168ms/step
Epoch 232/10000

Epoch 232: val_loss did not improve from 0.27017
12/12 - 2s - loss: 0.2755 - mse: 0.2755 - mae: 0.4236 - val_loss: 0.2825 - val_mse: 0.2825 - val_mae: 0.4270 - 2s/epoch - 169ms/step
Epoch 233/10000

Epoch 233: val_loss did not improve from 0.27017
12/12 - 2s - loss: 0.2828 - mse: 0.2828 - mae: 0.4276 - val_loss: 0.3084 - val_mse: 0.3084 - val_mae: 0.4502 - 2s/epoch - 168ms/step
Epoch 234/10000

Epoch 234: val_loss did not improve from 0.27017
12/12 - 2s - loss: 0.2834 - mse: 0.2834 - mae: 0.4292 - val_loss: 0.2873 - val_mse: 0.2873 - val_mae: 0.4343 - 2s/epoch - 168ms/step
Epoch 235/10000

Epoch 235: val_loss improved from 0.27017 to 0.27005, saving model to ./results/NN_rms_regr/ResNet/recursion_14/ckpt_1
12/12 - 3s - loss: 0.2868 - mse: 0.2868 - mae: 0.4310 - val_loss: 0.2701 - val_mse: 0.2701 - val_mae: 0.4195 - 3s/epoch - 243ms/step
Epoch 236/10000

Epoch 236: val_loss did not improve from 0.27005
12/12 - 2s - loss: 0.2751 - mse: 0.2751 - mae: 0.4227 - val_loss: 0.2753 - val_mse: 0.2753 - val_mae: 0.4222 - 2s/epoch - 168ms/step
Epoch 237/10000

Epoch 237: val_loss did not improve from 0.27005
12/12 - 2s - loss: 0.2801 - mse: 0.2801 - mae: 0.4273 - val_loss: 0.3195 - val_mse: 0.3195 - val_mae: 0.4525 - 2s/epoch - 170ms/step
Epoch 238/10000

Epoch 238: val_loss did not improve from 0.27005
12/12 - 2s - loss: 0.2805 - mse: 0.2805 - mae: 0.4264 - val_loss: 0.2732 - val_mse: 0.2732 - val_mae: 0.4224 - 2s/epoch - 169ms/step
Epoch 239/10000

Epoch 239: val_loss did not improve from 0.27005
12/12 - 2s - loss: 0.2729 - mse: 0.2729 - mae: 0.4211 - val_loss: 0.2825 - val_mse: 0.2825 - val_mae: 0.4263 - 2s/epoch - 168ms/step
Epoch 240/10000

Epoch 240: val_loss did not improve from 0.27005
12/12 - 2s - loss: 0.2787 - mse: 0.2787 - mae: 0.4262 - val_loss: 0.2701 - val_mse: 0.2701 - val_mae: 0.4196 - 2s/epoch - 168ms/step
Epoch 241/10000

Epoch 241: val_loss did not improve from 0.27005
12/12 - 2s - loss: 0.2737 - mse: 0.2737 - mae: 0.4223 - val_loss: 0.2701 - val_mse: 0.2701 - val_mae: 0.4197 - 2s/epoch - 168ms/step
Epoch 242/10000

Epoch 242: val_loss did not improve from 0.27005
12/12 - 2s - loss: 0.2725 - mse: 0.2725 - mae: 0.4212 - val_loss: 0.2708 - val_mse: 0.2708 - val_mae: 0.4206 - 2s/epoch - 168ms/step
Epoch 243/10000

Epoch 243: val_loss did not improve from 0.27005
12/12 - 2s - loss: 0.2734 - mse: 0.2734 - mae: 0.4217 - val_loss: 0.2729 - val_mse: 0.2729 - val_mae: 0.4226 - 2s/epoch - 168ms/step
Epoch 244/10000

Epoch 244: val_loss did not improve from 0.27005
12/12 - 2s - loss: 0.2761 - mse: 0.2761 - mae: 0.4243 - val_loss: 0.3061 - val_mse: 0.3061 - val_mae: 0.4484 - 2s/epoch - 169ms/step
Epoch 245/10000

Epoch 245: val_loss did not improve from 0.27005
12/12 - 2s - loss: 0.2802 - mse: 0.2802 - mae: 0.4263 - val_loss: 0.2794 - val_mse: 0.2794 - val_mae: 0.4280 - 2s/epoch - 168ms/step
Epoch 246/10000

Epoch 246: val_loss did not improve from 0.27005
12/12 - 2s - loss: 0.2716 - mse: 0.2716 - mae: 0.4203 - val_loss: 0.2718 - val_mse: 0.2718 - val_mae: 0.4215 - 2s/epoch - 168ms/step
Epoch 247/10000

Epoch 247: val_loss did not improve from 0.27005
12/12 - 2s - loss: 0.2738 - mse: 0.2738 - mae: 0.4225 - val_loss: 0.2728 - val_mse: 0.2728 - val_mae: 0.4220 - 2s/epoch - 168ms/step
Epoch 248/10000

Epoch 248: val_loss did not improve from 0.27005
12/12 - 2s - loss: 0.2728 - mse: 0.2728 - mae: 0.4218 - val_loss: 0.2736 - val_mse: 0.2736 - val_mae: 0.4213 - 2s/epoch - 169ms/step
Epoch 249/10000

Epoch 249: val_loss did not improve from 0.27005
12/12 - 2s - loss: 0.2725 - mse: 0.2725 - mae: 0.4210 - val_loss: 0.2893 - val_mse: 0.2893 - val_mae: 0.4314 - 2s/epoch - 169ms/step
Epoch 250/10000

Epoch 250: val_loss improved from 0.27005 to 0.26989, saving model to ./results/NN_rms_regr/ResNet/recursion_14/ckpt_1
12/12 - 3s - loss: 0.2828 - mse: 0.2828 - mae: 0.4283 - val_loss: 0.2699 - val_mse: 0.2699 - val_mae: 0.4191 - 3s/epoch - 237ms/step
Epoch 251/10000

Epoch 251: val_loss did not improve from 0.26989
12/12 - 2s - loss: 0.2747 - mse: 0.2747 - mae: 0.4228 - val_loss: 0.2766 - val_mse: 0.2766 - val_mae: 0.4226 - 2s/epoch - 168ms/step
Epoch 252/10000

Epoch 252: val_loss did not improve from 0.26989
12/12 - 2s - loss: 0.2755 - mse: 0.2755 - mae: 0.4234 - val_loss: 0.2729 - val_mse: 0.2729 - val_mae: 0.4226 - 2s/epoch - 168ms/step
Epoch 253/10000

Epoch 253: val_loss did not improve from 0.26989
12/12 - 2s - loss: 0.2731 - mse: 0.2731 - mae: 0.4213 - val_loss: 0.2742 - val_mse: 0.2742 - val_mae: 0.4213 - 2s/epoch - 168ms/step
Epoch 254/10000

Epoch 254: val_loss did not improve from 0.26989
12/12 - 2s - loss: 0.2723 - mse: 0.2723 - mae: 0.4206 - val_loss: 0.2788 - val_mse: 0.2788 - val_mae: 0.4246 - 2s/epoch - 168ms/step
Epoch 255/10000

Epoch 255: val_loss did not improve from 0.26989
12/12 - 2s - loss: 0.2762 - mse: 0.2762 - mae: 0.4234 - val_loss: 0.2731 - val_mse: 0.2731 - val_mae: 0.4201 - 2s/epoch - 168ms/step
Epoch 256/10000

Epoch 256: val_loss did not improve from 0.26989
12/12 - 2s - loss: 0.2741 - mse: 0.2741 - mae: 0.4217 - val_loss: 0.2721 - val_mse: 0.2721 - val_mae: 0.4214 - 2s/epoch - 168ms/step
Epoch 257/10000

Epoch 257: val_loss did not improve from 0.26989
12/12 - 2s - loss: 0.2753 - mse: 0.2753 - mae: 0.4229 - val_loss: 0.3072 - val_mse: 0.3072 - val_mae: 0.4481 - 2s/epoch - 169ms/step
Epoch 258/10000

Epoch 258: val_loss did not improve from 0.26989
12/12 - 2s - loss: 0.2804 - mse: 0.2804 - mae: 0.4268 - val_loss: 0.2812 - val_mse: 0.2812 - val_mae: 0.4295 - 2s/epoch - 168ms/step
Epoch 259/10000

Epoch 259: val_loss did not improve from 0.26989
12/12 - 2s - loss: 0.2749 - mse: 0.2749 - mae: 0.4230 - val_loss: 0.2871 - val_mse: 0.2871 - val_mae: 0.4342 - 2s/epoch - 168ms/step
Epoch 260/10000

Epoch 260: val_loss did not improve from 0.26989
12/12 - 2s - loss: 0.2767 - mse: 0.2767 - mae: 0.4241 - val_loss: 0.2782 - val_mse: 0.2782 - val_mae: 0.4271 - 2s/epoch - 169ms/step
Epoch 261/10000

Epoch 261: val_loss did not improve from 0.26989
12/12 - 2s - loss: 0.2806 - mse: 0.2806 - mae: 0.4282 - val_loss: 0.2781 - val_mse: 0.2781 - val_mae: 0.4273 - 2s/epoch - 169ms/step
Epoch 262/10000

Epoch 262: val_loss did not improve from 0.26989
12/12 - 2s - loss: 0.2763 - mse: 0.2763 - mae: 0.4238 - val_loss: 0.2703 - val_mse: 0.2703 - val_mae: 0.4191 - 2s/epoch - 169ms/step
Epoch 263/10000

Epoch 263: val_loss did not improve from 0.26989
12/12 - 2s - loss: 0.2738 - mse: 0.2738 - mae: 0.4222 - val_loss: 0.2737 - val_mse: 0.2737 - val_mae: 0.4215 - 2s/epoch - 169ms/step
Epoch 264/10000

Epoch 264: val_loss did not improve from 0.26989
12/12 - 2s - loss: 0.2746 - mse: 0.2746 - mae: 0.4227 - val_loss: 0.2922 - val_mse: 0.2922 - val_mae: 0.4331 - 2s/epoch - 169ms/step
Epoch 265/10000

Epoch 265: val_loss did not improve from 0.26989
12/12 - 2s - loss: 0.2860 - mse: 0.2860 - mae: 0.4303 - val_loss: 0.2714 - val_mse: 0.2714 - val_mae: 0.4210 - 2s/epoch - 169ms/step
Epoch 266/10000

Epoch 266: val_loss did not improve from 0.26989
12/12 - 2s - loss: 0.2769 - mse: 0.2769 - mae: 0.4243 - val_loss: 0.2787 - val_mse: 0.2787 - val_mae: 0.4272 - 2s/epoch - 169ms/step
Epoch 267/10000

Epoch 267: val_loss did not improve from 0.26989
12/12 - 2s - loss: 0.2806 - mse: 0.2806 - mae: 0.4274 - val_loss: 0.3117 - val_mse: 0.3117 - val_mae: 0.4528 - 2s/epoch - 168ms/step
Epoch 268/10000

Epoch 268: val_loss did not improve from 0.26989
12/12 - 2s - loss: 0.2895 - mse: 0.2895 - mae: 0.4334 - val_loss: 0.2720 - val_mse: 0.2720 - val_mae: 0.4216 - 2s/epoch - 168ms/step
Epoch 269/10000

Epoch 269: val_loss did not improve from 0.26989
12/12 - 2s - loss: 0.2833 - mse: 0.2833 - mae: 0.4292 - val_loss: 0.2727 - val_mse: 0.2727 - val_mae: 0.4203 - 2s/epoch - 168ms/step
Epoch 270/10000

Epoch 270: val_loss did not improve from 0.26989
12/12 - 2s - loss: 0.2760 - mse: 0.2760 - mae: 0.4235 - val_loss: 0.2868 - val_mse: 0.2868 - val_mae: 0.4295 - 2s/epoch - 168ms/step
Epoch 271/10000

Epoch 271: val_loss did not improve from 0.26989
12/12 - 2s - loss: 0.2863 - mse: 0.2863 - mae: 0.4311 - val_loss: 0.2925 - val_mse: 0.2925 - val_mae: 0.4331 - 2s/epoch - 168ms/step
Epoch 272/10000

Epoch 272: val_loss did not improve from 0.26989
12/12 - 2s - loss: 0.2808 - mse: 0.2808 - mae: 0.4269 - val_loss: 0.2737 - val_mse: 0.2737 - val_mae: 0.4229 - 2s/epoch - 169ms/step
Epoch 273/10000

Epoch 273: val_loss did not improve from 0.26989
12/12 - 2s - loss: 0.2737 - mse: 0.2737 - mae: 0.4216 - val_loss: 0.2723 - val_mse: 0.2723 - val_mae: 0.4223 - 2s/epoch - 169ms/step
Epoch 274/10000

Epoch 274: val_loss did not improve from 0.26989
12/12 - 2s - loss: 0.2722 - mse: 0.2722 - mae: 0.4209 - val_loss: 0.2699 - val_mse: 0.2699 - val_mae: 0.4191 - 2s/epoch - 168ms/step
Epoch 275/10000

Epoch 275: val_loss did not improve from 0.26989
12/12 - 2s - loss: 0.2728 - mse: 0.2728 - mae: 0.4213 - val_loss: 0.2715 - val_mse: 0.2715 - val_mae: 0.4207 - 2s/epoch - 169ms/step
Epoch 276/10000

Epoch 276: val_loss did not improve from 0.26989
12/12 - 2s - loss: 0.2740 - mse: 0.2740 - mae: 0.4226 - val_loss: 0.2796 - val_mse: 0.2796 - val_mae: 0.4254 - 2s/epoch - 169ms/step
Epoch 277/10000

Epoch 277: val_loss did not improve from 0.26989
12/12 - 2s - loss: 0.2744 - mse: 0.2744 - mae: 0.4225 - val_loss: 0.2699 - val_mse: 0.2699 - val_mae: 0.4191 - 2s/epoch - 169ms/step
Epoch 278/10000

Epoch 278: val_loss did not improve from 0.26989
12/12 - 2s - loss: 0.2715 - mse: 0.2715 - mae: 0.4200 - val_loss: 0.2858 - val_mse: 0.2858 - val_mae: 0.4285 - 2s/epoch - 168ms/step
Epoch 279/10000

Epoch 279: val_loss did not improve from 0.26989
12/12 - 2s - loss: 0.2764 - mse: 0.2764 - mae: 0.4244 - val_loss: 0.2701 - val_mse: 0.2701 - val_mae: 0.4189 - 2s/epoch - 170ms/step
Epoch 280/10000

Epoch 280: val_loss did not improve from 0.26989
12/12 - 2s - loss: 0.2748 - mse: 0.2748 - mae: 0.4225 - val_loss: 0.2802 - val_mse: 0.2802 - val_mae: 0.4284 - 2s/epoch - 169ms/step
Epoch 281/10000

Epoch 281: val_loss did not improve from 0.26989
12/12 - 2s - loss: 0.2728 - mse: 0.2728 - mae: 0.4205 - val_loss: 0.2729 - val_mse: 0.2729 - val_mae: 0.4214 - 2s/epoch - 169ms/step
Epoch 282/10000

Epoch 282: val_loss did not improve from 0.26989
12/12 - 2s - loss: 0.2737 - mse: 0.2737 - mae: 0.4224 - val_loss: 0.2997 - val_mse: 0.2997 - val_mae: 0.4433 - 2s/epoch - 168ms/step
Epoch 283/10000

Epoch 283: val_loss did not improve from 0.26989
12/12 - 2s - loss: 0.2831 - mse: 0.2831 - mae: 0.4283 - val_loss: 0.2935 - val_mse: 0.2935 - val_mae: 0.4388 - 2s/epoch - 170ms/step
Epoch 284/10000

Epoch 284: val_loss did not improve from 0.26989
12/12 - 2s - loss: 0.2814 - mse: 0.2814 - mae: 0.4276 - val_loss: 0.2987 - val_mse: 0.2987 - val_mae: 0.4429 - 2s/epoch - 169ms/step
Epoch 285/10000

Epoch 285: val_loss did not improve from 0.26989
12/12 - 2s - loss: 0.2783 - mse: 0.2783 - mae: 0.4245 - val_loss: 0.2813 - val_mse: 0.2813 - val_mae: 0.4296 - 2s/epoch - 168ms/step
Epoch 286/10000

Epoch 286: val_loss did not improve from 0.26989
12/12 - 2s - loss: 0.2764 - mse: 0.2764 - mae: 0.4236 - val_loss: 0.3175 - val_mse: 0.3175 - val_mae: 0.4569 - 2s/epoch - 169ms/step
Epoch 287/10000

Epoch 287: val_loss did not improve from 0.26989
12/12 - 2s - loss: 0.2829 - mse: 0.2829 - mae: 0.4287 - val_loss: 0.2770 - val_mse: 0.2770 - val_mae: 0.4261 - 2s/epoch - 169ms/step
Epoch 288/10000

Epoch 288: val_loss did not improve from 0.26989
12/12 - 2s - loss: 0.2779 - mse: 0.2779 - mae: 0.4245 - val_loss: 0.2959 - val_mse: 0.2959 - val_mae: 0.4405 - 2s/epoch - 168ms/step
Epoch 289/10000

Epoch 289: val_loss did not improve from 0.26989
12/12 - 2s - loss: 0.2817 - mse: 0.2817 - mae: 0.4274 - val_loss: 0.2831 - val_mse: 0.2831 - val_mae: 0.4311 - 2s/epoch - 168ms/step
Epoch 290/10000

Epoch 290: val_loss did not improve from 0.26989
12/12 - 2s - loss: 0.2841 - mse: 0.2841 - mae: 0.4294 - val_loss: 0.2738 - val_mse: 0.2738 - val_mae: 0.4214 - 2s/epoch - 169ms/step
Epoch 291/10000

Epoch 291: val_loss did not improve from 0.26989
12/12 - 2s - loss: 0.2770 - mse: 0.2770 - mae: 0.4250 - val_loss: 0.2853 - val_mse: 0.2853 - val_mae: 0.4289 - 2s/epoch - 168ms/step
Epoch 292/10000

Epoch 292: val_loss did not improve from 0.26989
12/12 - 2s - loss: 0.2804 - mse: 0.2804 - mae: 0.4265 - val_loss: 0.2720 - val_mse: 0.2720 - val_mae: 0.4197 - 2s/epoch - 169ms/step
Epoch 293/10000

Epoch 293: val_loss did not improve from 0.26989
12/12 - 2s - loss: 0.2808 - mse: 0.2808 - mae: 0.4270 - val_loss: 0.2741 - val_mse: 0.2741 - val_mae: 0.4234 - 2s/epoch - 169ms/step
Epoch 294/10000

Epoch 294: val_loss did not improve from 0.26989
12/12 - 2s - loss: 0.2749 - mse: 0.2749 - mae: 0.4231 - val_loss: 0.2870 - val_mse: 0.2870 - val_mae: 0.4337 - 2s/epoch - 168ms/step
Epoch 295/10000

Epoch 295: val_loss did not improve from 0.26989
12/12 - 2s - loss: 0.2752 - mse: 0.2752 - mae: 0.4229 - val_loss: 0.2707 - val_mse: 0.2707 - val_mae: 0.4203 - 2s/epoch - 169ms/step
Epoch 296/10000

Epoch 296: val_loss did not improve from 0.26989
12/12 - 2s - loss: 0.2800 - mse: 0.2800 - mae: 0.4269 - val_loss: 0.3137 - val_mse: 0.3137 - val_mae: 0.4485 - 2s/epoch - 169ms/step
Epoch 297/10000

Epoch 297: val_loss did not improve from 0.26989
12/12 - 2s - loss: 0.2867 - mse: 0.2867 - mae: 0.4306 - val_loss: 0.2718 - val_mse: 0.2718 - val_mae: 0.4216 - 2s/epoch - 170ms/step
Epoch 298/10000

Epoch 298: val_loss did not improve from 0.26989
12/12 - 2s - loss: 0.2751 - mse: 0.2751 - mae: 0.4232 - val_loss: 0.3561 - val_mse: 0.3561 - val_mae: 0.4844 - 2s/epoch - 178ms/step
Epoch 299/10000

Epoch 299: val_loss did not improve from 0.26989
12/12 - 2s - loss: 0.2927 - mse: 0.2927 - mae: 0.4350 - val_loss: 0.3174 - val_mse: 0.3174 - val_mae: 0.4506 - 2s/epoch - 170ms/step
Epoch 300/10000

Epoch 300: val_loss did not improve from 0.26989
12/12 - 2s - loss: 0.2976 - mse: 0.2976 - mae: 0.4389 - val_loss: 0.2709 - val_mse: 0.2709 - val_mae: 0.4192 - 2s/epoch - 168ms/step
Epoch 300: early stopping
