[ 13.14519438  30.04553007  46.53366244  63.02179482  79.5099272
  95.99805957 112.48619195 128.97432432 145.4624567  161.95058908
 178.43872145 194.92685383 211.41498621 227.90311858 244.39125096
 260.87938334 277.36751571 293.85564809 310.34378047 326.83191284
 343.32004522 359.80817759 376.29630997 392.78444235 409.27257472
 425.7607071 ]
Before undersampling: [(0, 375), (1, 834), (2, 3661), (3, 4955), (4, 3156), (5, 2425), (6, 2195), (7, 1862), (8, 1648), (9, 1497), (10, 1418), (11, 1313), (12, 1182), (13, 1082), (14, 902), (15, 843), (16, 708), (17, 675), (18, 486), (19, 429), (20, 347), (21, 282), (22, 251), (23, 195), (24, 209)]
After undersampling: [(0, 111), (1, 454), (2, 2503), (3, 3503), (4, 2160), (5, 1770), (6, 1580), (7, 1373), (8, 1177), (9, 1030), (10, 991), (11, 891), (12, 840), (13, 766), (14, 651), (15, 577), (16, 515), (17, 457), (18, 358), (19, 291), (20, 234), (21, 188), (22, 162), (23, 195), (24, 176)]
            label  HH_0_0_x  HV_0_0_x  IA_0_0_x       FYI      DFYI       MYI     rms_0     thk_1     rms_1     thk_2     rms_2     rms_3     thk_4  ...    3         4    5         6         7         8         9        10   11        12   13        14        15                                                CNN
0       19.293353  0.298039  0.058824  0.091765  0.012408  0.418799  0.568793  5.047273  1.236762  5.029162  1.227479  5.041078  5.047962  1.271759  ...  0.0  1.014970  0.0  0.663129  0.559884  0.850089  0.365312  0.917473  0.0  0.742269  0.0  0.742839  0.486984  [[[[0.2549019607843137], [0.091806972728056], ...
1       23.322373  0.149020  0.062745  0.150405  0.348034  0.126276  0.525690  4.737795  1.244807  4.871473  1.208939  4.840796  4.818927  1.211181  ...  0.0  0.732221  0.0  0.417718  0.381501  0.580136  0.377508  0.504181  0.0  0.590154  0.0  0.505349  0.407859  [[[[0.5019607843137255], [0.1504374485389859],...
2       14.039909  0.160784  0.078431  0.115253  0.922707  0.048004  0.029289  4.437454  1.133478  4.444763  1.115369  4.417615  4.365278  1.083797  ...  0.0  1.023840  0.0  0.600139  0.626748  0.814469  0.250480  0.951324  0.0  0.748985  0.0  0.701584  0.554306  [[[[0.1607843137254902], [0.1152152715944776],...
3       19.788947  0.164706  0.058824  0.152173  0.982257  0.004465  0.013278  4.272322  1.128983  4.365763  1.101701  4.299730  4.292183  1.071363  ...  0.0  0.917627  0.0  0.495226  0.580455  0.709639  0.198684  0.823984  0.0  0.657112  0.0  0.585542  0.503974  [[[[0.2235294117647059], [0.1522052241306679],...
4       28.040659  0.211765  0.086275  0.152644  0.981291  0.004015  0.014693  4.395981  1.158768  4.468707  1.148045  4.454327  4.406380  1.083639  ...  0.0  0.915899  0.0  0.488425  0.582858  0.713237  0.197010  0.831129  0.0  0.663291  0.0  0.586402  0.519154  [[[[0.1764705882352941], [0.1526766309551164],...
...           ...       ...       ...       ...       ...       ...       ...       ...       ...       ...       ...       ...       ...       ...  ...  ...       ...  ...       ...       ...       ...       ...       ...  ...       ...  ...       ...       ...                                                ...
22948  417.027580  0.505882  0.090196  0.152162  0.185910  0.031902  0.782188  4.486675  1.202497  4.531466  1.252972  4.593008  4.510143  1.240265  ...  0.0  0.839703  0.0  0.468273  0.499118  0.650608  0.278814  0.681403  0.0  0.621146  0.0  0.548368  0.455899  [[[[0.4196078431372549], [0.15219440834195], [...
22949  417.866263  0.392157  0.125490  0.152184  0.189279  0.051355  0.759366  4.590506  1.242536  4.658542  1.255140  4.682031  4.639037  1.244471  ...  0.0  0.753041  0.0  0.432618  0.424933  0.606180  0.279904  0.615722  0.0  0.551801  0.0  0.504145  0.391604  [[[[0.3490196078431372], [0.1522158155254289],...
22950  421.196328  0.631373  0.466667  0.154089  0.004261  0.000064  0.995674  1.187829  0.197352  0.941815  0.203265  0.245285  0.213412  0.143029  ...  0.0  0.644292  0.0  0.466233  0.184014  0.544459  0.317551  0.496343  0.0  0.488684  0.0  0.521621  0.200857  [[[[0.596078431372549], [0.1541208603802849], ...
22951  416.289186  0.517647  0.160784  0.153404  0.011037  0.000341  0.988622  1.187829  0.197352  0.941815  0.203265  0.245285  0.213412  0.143029  ...  0.0  0.792541  0.0  0.518223  0.461039  0.679398  0.335284  0.699151  0.0  0.512142  0.0  0.532694  0.315921  [[[[0.4078431372549019], [0.1534358903473499],...
22952  423.194662  0.341176  0.274510  0.153307  0.003870  0.000024  0.996105  1.187829  0.197352  0.941815  0.203265  0.245285  0.213412  0.143029  ...  0.0  0.712026  0.0  0.452670  0.356484  0.560431  0.500874  0.445316  0.0  0.508642  0.0  0.462847  0.257479  [[[[0.5686274509803921], [0.1533395804610907],...

[22953 rows x 128 columns]
Size of dataset: (22953, 127)
*************************** Fold #: 1 ***************************
Model: "model"
__________________________________________________________________________________________________
 Layer (type)                   Output Shape         Param #     Connected to                     
==================================================================================================
 conv (InputLayer)              [(None, 7, 7, 3, 1)  0           []                               
                                ]                                                                 
                                                                                                  
 zero_padding3d (ZeroPadding3D)  (None, 8, 8, 4, 1)  0           ['conv[0][0]']                   
                                                                                                  
 conv3d (Conv3D)                (None, 8, 8, 4, 8)   224         ['zero_padding3d[0][0]']         
                                                                                                  
 max_pooling3d (MaxPooling3D)   (None, 4, 4, 2, 8)   0           ['conv3d[0][0]']                 
                                                                                                  
 conv3d_1 (Conv3D)              (None, 4, 4, 2, 4)   868         ['max_pooling3d[0][0]']          
                                                                                                  
 max_pooling3d_1 (MaxPooling3D)  (None, 2, 2, 1, 4)  0           ['conv3d_1[0][0]']               
                                                                                                  
 cat (InputLayer)               [(None, 126)]        0           []                               
                                                                                                  
 flatten (Flatten)              (None, 16)           0           ['max_pooling3d_1[0][0]']        
                                                                                                  
 concatenate (Concatenate)      (None, 142)          0           ['cat[0][0]',                    
                                                                  'flatten[0][0]']                
                                                                                                  
 dense (Dense)                  (None, 200)          28600       ['concatenate[0][0]']            
                                                                                                  
 dense_1 (Dense)                (None, 200)          40200       ['dense[0][0]']                  
                                                                                                  
 dense_2 (Dense)                (None, 200)          40200       ['dense_1[0][0]']                
                                                                                                  
 dense_3 (Dense)                (None, 200)          40200       ['dense_2[0][0]']                
                                                                                                  
 dense_4 (Dense)                (None, 200)          40200       ['dense_3[0][0]']                
                                                                                                  
 dense_5 (Dense)                (None, 1)            201         ['dense_4[0][0]']                
                                                                                                  
==================================================================================================
Total params: 190,693
Trainable params: 190,693
Non-trainable params: 0
__________________________________________________________________________________________________
Epoch 1/10000

Epoch 1: val_loss improved from inf to 2.61390, saving model to ./results/NN_rms_regr/ResNet/recursion_3/ckpt_1
12/12 - 3s - loss: 7.9673 - mse: 7.9673 - mae: 2.3264 - val_loss: 2.6139 - val_mse: 2.6139 - val_mae: 1.4236 - 3s/epoch - 283ms/step
Epoch 2/10000

Epoch 2: val_loss improved from 2.61390 to 1.11419, saving model to ./results/NN_rms_regr/ResNet/recursion_3/ckpt_1
12/12 - 3s - loss: 1.5149 - mse: 1.5149 - mae: 0.9375 - val_loss: 1.1142 - val_mse: 1.1142 - val_mae: 0.7065 - 3s/epoch - 236ms/step
Epoch 3/10000

Epoch 3: val_loss improved from 1.11419 to 0.84250, saving model to ./results/NN_rms_regr/ResNet/recursion_3/ckpt_1
12/12 - 3s - loss: 0.9015 - mse: 0.9015 - mae: 0.6307 - val_loss: 0.8425 - val_mse: 0.8425 - val_mae: 0.5890 - 3s/epoch - 235ms/step
Epoch 4/10000

Epoch 4: val_loss improved from 0.84250 to 0.54021, saving model to ./results/NN_rms_regr/ResNet/recursion_3/ckpt_1
12/12 - 3s - loss: 0.6434 - mse: 0.6434 - mae: 0.5349 - val_loss: 0.5402 - val_mse: 0.5402 - val_mae: 0.5298 - 3s/epoch - 236ms/step
Epoch 5/10000

Epoch 5: val_loss improved from 0.54021 to 0.28397, saving model to ./results/NN_rms_regr/ResNet/recursion_3/ckpt_1
12/12 - 3s - loss: 0.3645 - mse: 0.3645 - mae: 0.4638 - val_loss: 0.2840 - val_mse: 0.2840 - val_mae: 0.4366 - 3s/epoch - 235ms/step
Epoch 6/10000

Epoch 6: val_loss improved from 0.28397 to 0.27201, saving model to ./results/NN_rms_regr/ResNet/recursion_3/ckpt_1
12/12 - 3s - loss: 0.2906 - mse: 0.2906 - mae: 0.4375 - val_loss: 0.2720 - val_mse: 0.2720 - val_mae: 0.4266 - 3s/epoch - 235ms/step
Epoch 7/10000

Epoch 7: val_loss did not improve from 0.27201
12/12 - 2s - loss: 0.2744 - mse: 0.2744 - mae: 0.4270 - val_loss: 0.2723 - val_mse: 0.2723 - val_mae: 0.4257 - 2s/epoch - 175ms/step
Epoch 8/10000

Epoch 8: val_loss did not improve from 0.27201
12/12 - 2s - loss: 0.2686 - mse: 0.2686 - mae: 0.4230 - val_loss: 0.2723 - val_mse: 0.2723 - val_mae: 0.4253 - 2s/epoch - 174ms/step
Epoch 9/10000

Epoch 9: val_loss improved from 0.27201 to 0.26919, saving model to ./results/NN_rms_regr/ResNet/recursion_3/ckpt_1
12/12 - 3s - loss: 0.2689 - mse: 0.2689 - mae: 0.4224 - val_loss: 0.2692 - val_mse: 0.2692 - val_mae: 0.4233 - 3s/epoch - 249ms/step
Epoch 10/10000

Epoch 10: val_loss did not improve from 0.26919
12/12 - 2s - loss: 0.2663 - mse: 0.2663 - mae: 0.4205 - val_loss: 0.2693 - val_mse: 0.2693 - val_mae: 0.4227 - 2s/epoch - 175ms/step
Epoch 11/10000

Epoch 11: val_loss improved from 0.26919 to 0.26862, saving model to ./results/NN_rms_regr/ResNet/recursion_3/ckpt_1
12/12 - 3s - loss: 0.2660 - mse: 0.2660 - mae: 0.4199 - val_loss: 0.2686 - val_mse: 0.2686 - val_mae: 0.4217 - 3s/epoch - 249ms/step
Epoch 12/10000

Epoch 12: val_loss improved from 0.26862 to 0.26740, saving model to ./results/NN_rms_regr/ResNet/recursion_3/ckpt_1
12/12 - 3s - loss: 0.2664 - mse: 0.2664 - mae: 0.4200 - val_loss: 0.2674 - val_mse: 0.2674 - val_mae: 0.4209 - 3s/epoch - 244ms/step
Epoch 13/10000

Epoch 13: val_loss did not improve from 0.26740
12/12 - 2s - loss: 0.2657 - mse: 0.2657 - mae: 0.4189 - val_loss: 0.2677 - val_mse: 0.2677 - val_mae: 0.4220 - 2s/epoch - 174ms/step
Epoch 14/10000

Epoch 14: val_loss improved from 0.26740 to 0.26615, saving model to ./results/NN_rms_regr/ResNet/recursion_3/ckpt_1
12/12 - 3s - loss: 0.2661 - mse: 0.2661 - mae: 0.4194 - val_loss: 0.2662 - val_mse: 0.2662 - val_mae: 0.4196 - 3s/epoch - 248ms/step
Epoch 15/10000

Epoch 15: val_loss improved from 0.26615 to 0.26542, saving model to ./results/NN_rms_regr/ResNet/recursion_3/ckpt_1
12/12 - 3s - loss: 0.2658 - mse: 0.2658 - mae: 0.4187 - val_loss: 0.2654 - val_mse: 0.2654 - val_mae: 0.4191 - 3s/epoch - 249ms/step
Epoch 16/10000

Epoch 16: val_loss did not improve from 0.26542
12/12 - 2s - loss: 0.2644 - mse: 0.2644 - mae: 0.4174 - val_loss: 0.2658 - val_mse: 0.2658 - val_mae: 0.4200 - 2s/epoch - 173ms/step
Epoch 17/10000

Epoch 17: val_loss improved from 0.26542 to 0.26478, saving model to ./results/NN_rms_regr/ResNet/recursion_3/ckpt_1
12/12 - 3s - loss: 0.2634 - mse: 0.2634 - mae: 0.4165 - val_loss: 0.2648 - val_mse: 0.2648 - val_mae: 0.4187 - 3s/epoch - 249ms/step
Epoch 18/10000

Epoch 18: val_loss did not improve from 0.26478
12/12 - 2s - loss: 0.2631 - mse: 0.2631 - mae: 0.4166 - val_loss: 0.2649 - val_mse: 0.2649 - val_mae: 0.4185 - 2s/epoch - 175ms/step
Epoch 19/10000

Epoch 19: val_loss improved from 0.26478 to 0.26446, saving model to ./results/NN_rms_regr/ResNet/recursion_3/ckpt_1
12/12 - 3s - loss: 0.2641 - mse: 0.2641 - mae: 0.4164 - val_loss: 0.2645 - val_mse: 0.2645 - val_mae: 0.4181 - 3s/epoch - 243ms/step
Epoch 20/10000

Epoch 20: val_loss did not improve from 0.26446
12/12 - 2s - loss: 0.2625 - mse: 0.2625 - mae: 0.4156 - val_loss: 0.2651 - val_mse: 0.2651 - val_mae: 0.4190 - 2s/epoch - 175ms/step
Epoch 21/10000

Epoch 21: val_loss did not improve from 0.26446
12/12 - 2s - loss: 0.2641 - mse: 0.2641 - mae: 0.4166 - val_loss: 0.2708 - val_mse: 0.2708 - val_mae: 0.4241 - 2s/epoch - 174ms/step
Epoch 22/10000

Epoch 22: val_loss did not improve from 0.26446
12/12 - 2s - loss: 0.2633 - mse: 0.2633 - mae: 0.4158 - val_loss: 0.2669 - val_mse: 0.2669 - val_mae: 0.4206 - 2s/epoch - 175ms/step
Epoch 23/10000

Epoch 23: val_loss did not improve from 0.26446
12/12 - 2s - loss: 0.2634 - mse: 0.2634 - mae: 0.4164 - val_loss: 0.2655 - val_mse: 0.2655 - val_mae: 0.4193 - 2s/epoch - 174ms/step
Epoch 24/10000

Epoch 24: val_loss did not improve from 0.26446
12/12 - 2s - loss: 0.2649 - mse: 0.2649 - mae: 0.4167 - val_loss: 0.2850 - val_mse: 0.2850 - val_mae: 0.4350 - 2s/epoch - 174ms/step
Epoch 25/10000

Epoch 25: val_loss did not improve from 0.26446
12/12 - 2s - loss: 0.2683 - mse: 0.2683 - mae: 0.4193 - val_loss: 0.2646 - val_mse: 0.2646 - val_mae: 0.4185 - 2s/epoch - 175ms/step
Epoch 26/10000

Epoch 26: val_loss did not improve from 0.26446
12/12 - 2s - loss: 0.2659 - mse: 0.2659 - mae: 0.4168 - val_loss: 0.2652 - val_mse: 0.2652 - val_mae: 0.4190 - 2s/epoch - 174ms/step
Epoch 27/10000

Epoch 27: val_loss improved from 0.26446 to 0.26320, saving model to ./results/NN_rms_regr/ResNet/recursion_3/ckpt_1
12/12 - 3s - loss: 0.2634 - mse: 0.2634 - mae: 0.4153 - val_loss: 0.2632 - val_mse: 0.2632 - val_mae: 0.4168 - 3s/epoch - 249ms/step
Epoch 28/10000

Epoch 28: val_loss did not improve from 0.26320
12/12 - 2s - loss: 0.2644 - mse: 0.2644 - mae: 0.4155 - val_loss: 0.2638 - val_mse: 0.2638 - val_mae: 0.4164 - 2s/epoch - 175ms/step
Epoch 29/10000

Epoch 29: val_loss improved from 0.26320 to 0.26306, saving model to ./results/NN_rms_regr/ResNet/recursion_3/ckpt_1
12/12 - 3s - loss: 0.2631 - mse: 0.2631 - mae: 0.4154 - val_loss: 0.2631 - val_mse: 0.2631 - val_mae: 0.4166 - 3s/epoch - 249ms/step
Epoch 30/10000

Epoch 30: val_loss did not improve from 0.26306
12/12 - 2s - loss: 0.2613 - mse: 0.2613 - mae: 0.4139 - val_loss: 0.2642 - val_mse: 0.2642 - val_mae: 0.4165 - 2s/epoch - 175ms/step
Epoch 31/10000

Epoch 31: val_loss did not improve from 0.26306
12/12 - 2s - loss: 0.2625 - mse: 0.2625 - mae: 0.4149 - val_loss: 0.2636 - val_mse: 0.2636 - val_mae: 0.4172 - 2s/epoch - 175ms/step
Epoch 32/10000

Epoch 32: val_loss did not improve from 0.26306
12/12 - 2s - loss: 0.2621 - mse: 0.2621 - mae: 0.4139 - val_loss: 0.2680 - val_mse: 0.2680 - val_mae: 0.4214 - 2s/epoch - 175ms/step
Epoch 33/10000

Epoch 33: val_loss did not improve from 0.26306
12/12 - 2s - loss: 0.2638 - mse: 0.2638 - mae: 0.4159 - val_loss: 0.2679 - val_mse: 0.2679 - val_mae: 0.4211 - 2s/epoch - 174ms/step
Epoch 34/10000

Epoch 34: val_loss did not improve from 0.26306
12/12 - 2s - loss: 0.2659 - mse: 0.2659 - mae: 0.4173 - val_loss: 0.2772 - val_mse: 0.2772 - val_mae: 0.4238 - 2s/epoch - 175ms/step
Epoch 35/10000

Epoch 35: val_loss did not improve from 0.26306
12/12 - 2s - loss: 0.2675 - mse: 0.2675 - mae: 0.4186 - val_loss: 0.2716 - val_mse: 0.2716 - val_mae: 0.4205 - 2s/epoch - 175ms/step
Epoch 36/10000

Epoch 36: val_loss did not improve from 0.26306
12/12 - 2s - loss: 0.2630 - mse: 0.2630 - mae: 0.4146 - val_loss: 0.2689 - val_mse: 0.2689 - val_mae: 0.4187 - 2s/epoch - 175ms/step
Epoch 37/10000

Epoch 37: val_loss did not improve from 0.26306
12/12 - 2s - loss: 0.2651 - mse: 0.2651 - mae: 0.4161 - val_loss: 0.2640 - val_mse: 0.2640 - val_mae: 0.4161 - 2s/epoch - 174ms/step
Epoch 38/10000

Epoch 38: val_loss improved from 0.26306 to 0.26303, saving model to ./results/NN_rms_regr/ResNet/recursion_3/ckpt_1
12/12 - 3s - loss: 0.2615 - mse: 0.2615 - mae: 0.4140 - val_loss: 0.2630 - val_mse: 0.2630 - val_mae: 0.4156 - 3s/epoch - 244ms/step
Epoch 39/10000

Epoch 39: val_loss did not improve from 0.26303
12/12 - 2s - loss: 0.2635 - mse: 0.2635 - mae: 0.4150 - val_loss: 0.2664 - val_mse: 0.2664 - val_mae: 0.4172 - 2s/epoch - 175ms/step
Epoch 40/10000

Epoch 40: val_loss did not improve from 0.26303
12/12 - 2s - loss: 0.2647 - mse: 0.2647 - mae: 0.4162 - val_loss: 0.2678 - val_mse: 0.2678 - val_mae: 0.4209 - 2s/epoch - 174ms/step
Epoch 41/10000

Epoch 41: val_loss did not improve from 0.26303
12/12 - 2s - loss: 0.2621 - mse: 0.2621 - mae: 0.4141 - val_loss: 0.2650 - val_mse: 0.2650 - val_mae: 0.4163 - 2s/epoch - 173ms/step
Epoch 42/10000

Epoch 42: val_loss did not improve from 0.26303
12/12 - 2s - loss: 0.2647 - mse: 0.2647 - mae: 0.4156 - val_loss: 0.2658 - val_mse: 0.2658 - val_mae: 0.4191 - 2s/epoch - 174ms/step
Epoch 43/10000

Epoch 43: val_loss did not improve from 0.26303
12/12 - 2s - loss: 0.2622 - mse: 0.2622 - mae: 0.4137 - val_loss: 0.2644 - val_mse: 0.2644 - val_mae: 0.4178 - 2s/epoch - 175ms/step
Epoch 44/10000

Epoch 44: val_loss did not improve from 0.26303
12/12 - 2s - loss: 0.2641 - mse: 0.2641 - mae: 0.4157 - val_loss: 0.2657 - val_mse: 0.2657 - val_mae: 0.4189 - 2s/epoch - 175ms/step
Epoch 45/10000

Epoch 45: val_loss did not improve from 0.26303
12/12 - 2s - loss: 0.2638 - mse: 0.2638 - mae: 0.4153 - val_loss: 0.2640 - val_mse: 0.2640 - val_mae: 0.4158 - 2s/epoch - 175ms/step
Epoch 46/10000

Epoch 46: val_loss did not improve from 0.26303
12/12 - 2s - loss: 0.2614 - mse: 0.2614 - mae: 0.4131 - val_loss: 0.2702 - val_mse: 0.2702 - val_mae: 0.4191 - 2s/epoch - 176ms/step
Epoch 47/10000

Epoch 47: val_loss did not improve from 0.26303
12/12 - 2s - loss: 0.2615 - mse: 0.2615 - mae: 0.4134 - val_loss: 0.2662 - val_mse: 0.2662 - val_mae: 0.4168 - 2s/epoch - 174ms/step
Epoch 48/10000

Epoch 48: val_loss did not improve from 0.26303
12/12 - 2s - loss: 0.2633 - mse: 0.2633 - mae: 0.4141 - val_loss: 0.2667 - val_mse: 0.2667 - val_mae: 0.4171 - 2s/epoch - 175ms/step
Epoch 49/10000

Epoch 49: val_loss did not improve from 0.26303
12/12 - 2s - loss: 0.2635 - mse: 0.2635 - mae: 0.4149 - val_loss: 0.2638 - val_mse: 0.2638 - val_mae: 0.4171 - 2s/epoch - 174ms/step
Epoch 50/10000

Epoch 50: val_loss did not improve from 0.26303
12/12 - 2s - loss: 0.2635 - mse: 0.2635 - mae: 0.4145 - val_loss: 0.2656 - val_mse: 0.2656 - val_mae: 0.4187 - 2s/epoch - 175ms/step
Epoch 51/10000

Epoch 51: val_loss did not improve from 0.26303
12/12 - 2s - loss: 0.2619 - mse: 0.2619 - mae: 0.4134 - val_loss: 0.2668 - val_mse: 0.2668 - val_mae: 0.4171 - 2s/epoch - 175ms/step
Epoch 52/10000

Epoch 52: val_loss did not improve from 0.26303
12/12 - 2s - loss: 0.2696 - mse: 0.2696 - mae: 0.4193 - val_loss: 0.2886 - val_mse: 0.2886 - val_mae: 0.4308 - 2s/epoch - 173ms/step
Epoch 53/10000

Epoch 53: val_loss improved from 0.26303 to 0.26247, saving model to ./results/NN_rms_regr/ResNet/recursion_3/ckpt_1
12/12 - 3s - loss: 0.2725 - mse: 0.2725 - mae: 0.4205 - val_loss: 0.2625 - val_mse: 0.2625 - val_mae: 0.4153 - 3s/epoch - 249ms/step
Epoch 54/10000

Epoch 54: val_loss did not improve from 0.26247
12/12 - 2s - loss: 0.2629 - mse: 0.2629 - mae: 0.4139 - val_loss: 0.2649 - val_mse: 0.2649 - val_mae: 0.4181 - 2s/epoch - 175ms/step
Epoch 55/10000

Epoch 55: val_loss did not improve from 0.26247
12/12 - 2s - loss: 0.2627 - mse: 0.2627 - mae: 0.4141 - val_loss: 0.2640 - val_mse: 0.2640 - val_mae: 0.4172 - 2s/epoch - 174ms/step
Epoch 56/10000

Epoch 56: val_loss improved from 0.26247 to 0.26229, saving model to ./results/NN_rms_regr/ResNet/recursion_3/ckpt_1
12/12 - 3s - loss: 0.2611 - mse: 0.2611 - mae: 0.4127 - val_loss: 0.2623 - val_mse: 0.2623 - val_mae: 0.4147 - 3s/epoch - 250ms/step
Epoch 57/10000

Epoch 57: val_loss improved from 0.26229 to 0.26227, saving model to ./results/NN_rms_regr/ResNet/recursion_3/ckpt_1
12/12 - 3s - loss: 0.2611 - mse: 0.2611 - mae: 0.4124 - val_loss: 0.2623 - val_mse: 0.2623 - val_mae: 0.4152 - 3s/epoch - 244ms/step
Epoch 58/10000

Epoch 58: val_loss improved from 0.26227 to 0.26210, saving model to ./results/NN_rms_regr/ResNet/recursion_3/ckpt_1
12/12 - 3s - loss: 0.2611 - mse: 0.2611 - mae: 0.4127 - val_loss: 0.2621 - val_mse: 0.2621 - val_mae: 0.4147 - 3s/epoch - 248ms/step
Epoch 59/10000

Epoch 59: val_loss did not improve from 0.26210
12/12 - 2s - loss: 0.2610 - mse: 0.2610 - mae: 0.4126 - val_loss: 0.2626 - val_mse: 0.2626 - val_mae: 0.4149 - 2s/epoch - 175ms/step
Epoch 60/10000

Epoch 60: val_loss did not improve from 0.26210
12/12 - 2s - loss: 0.2613 - mse: 0.2613 - mae: 0.4127 - val_loss: 0.2715 - val_mse: 0.2715 - val_mae: 0.4235 - 2s/epoch - 175ms/step
Epoch 61/10000

Epoch 61: val_loss did not improve from 0.26210
12/12 - 2s - loss: 0.2675 - mse: 0.2675 - mae: 0.4177 - val_loss: 0.2638 - val_mse: 0.2638 - val_mae: 0.4169 - 2s/epoch - 173ms/step
Epoch 62/10000

Epoch 62: val_loss did not improve from 0.26210
12/12 - 2s - loss: 0.2651 - mse: 0.2651 - mae: 0.4159 - val_loss: 0.2784 - val_mse: 0.2784 - val_mae: 0.4240 - 2s/epoch - 173ms/step
Epoch 63/10000

Epoch 63: val_loss did not improve from 0.26210
12/12 - 2s - loss: 0.2686 - mse: 0.2686 - mae: 0.4185 - val_loss: 0.2632 - val_mse: 0.2632 - val_mae: 0.4164 - 2s/epoch - 175ms/step
Epoch 64/10000

Epoch 64: val_loss did not improve from 0.26210
12/12 - 2s - loss: 0.2653 - mse: 0.2653 - mae: 0.4152 - val_loss: 0.2659 - val_mse: 0.2659 - val_mae: 0.4188 - 2s/epoch - 175ms/step
Epoch 65/10000

Epoch 65: val_loss did not improve from 0.26210
12/12 - 2s - loss: 0.2653 - mse: 0.2653 - mae: 0.4155 - val_loss: 0.2748 - val_mse: 0.2748 - val_mae: 0.4217 - 2s/epoch - 174ms/step
Epoch 66/10000

Epoch 66: val_loss did not improve from 0.26210
12/12 - 2s - loss: 0.2711 - mse: 0.2711 - mae: 0.4191 - val_loss: 0.2646 - val_mse: 0.2646 - val_mae: 0.4170 - 2s/epoch - 175ms/step
Epoch 67/10000

Epoch 67: val_loss did not improve from 0.26210
12/12 - 2s - loss: 0.2649 - mse: 0.2649 - mae: 0.4154 - val_loss: 0.2624 - val_mse: 0.2624 - val_mae: 0.4154 - 2s/epoch - 173ms/step
Epoch 68/10000

Epoch 68: val_loss did not improve from 0.26210
12/12 - 2s - loss: 0.2627 - mse: 0.2627 - mae: 0.4142 - val_loss: 0.2624 - val_mse: 0.2624 - val_mae: 0.4149 - 2s/epoch - 175ms/step
Epoch 69/10000

Epoch 69: val_loss did not improve from 0.26210
12/12 - 2s - loss: 0.2625 - mse: 0.2625 - mae: 0.4137 - val_loss: 0.2623 - val_mse: 0.2623 - val_mae: 0.4153 - 2s/epoch - 175ms/step
Epoch 70/10000

Epoch 70: val_loss did not improve from 0.26210
12/12 - 2s - loss: 0.2616 - mse: 0.2616 - mae: 0.4132 - val_loss: 0.2624 - val_mse: 0.2624 - val_mae: 0.4150 - 2s/epoch - 175ms/step
Epoch 71/10000

Epoch 71: val_loss did not improve from 0.26210
12/12 - 2s - loss: 0.2611 - mse: 0.2611 - mae: 0.4127 - val_loss: 0.2636 - val_mse: 0.2636 - val_mae: 0.4149 - 2s/epoch - 175ms/step
Epoch 72/10000

Epoch 72: val_loss did not improve from 0.26210
12/12 - 2s - loss: 0.2668 - mse: 0.2668 - mae: 0.4163 - val_loss: 0.2819 - val_mse: 0.2819 - val_mae: 0.4315 - 2s/epoch - 175ms/step
Epoch 73/10000

Epoch 73: val_loss improved from 0.26210 to 0.26202, saving model to ./results/NN_rms_regr/ResNet/recursion_3/ckpt_1
12/12 - 3s - loss: 0.2656 - mse: 0.2656 - mae: 0.4159 - val_loss: 0.2620 - val_mse: 0.2620 - val_mae: 0.4149 - 3s/epoch - 249ms/step
Epoch 74/10000

Epoch 74: val_loss did not improve from 0.26202
12/12 - 2s - loss: 0.2608 - mse: 0.2608 - mae: 0.4120 - val_loss: 0.2634 - val_mse: 0.2634 - val_mae: 0.4163 - 2s/epoch - 174ms/step
Epoch 75/10000

Epoch 75: val_loss did not improve from 0.26202
12/12 - 2s - loss: 0.2614 - mse: 0.2614 - mae: 0.4127 - val_loss: 0.2765 - val_mse: 0.2765 - val_mae: 0.4273 - 2s/epoch - 176ms/step
Epoch 76/10000

Epoch 76: val_loss did not improve from 0.26202
12/12 - 2s - loss: 0.2668 - mse: 0.2668 - mae: 0.4174 - val_loss: 0.2639 - val_mse: 0.2639 - val_mae: 0.4152 - 2s/epoch - 174ms/step
Epoch 77/10000

Epoch 77: val_loss did not improve from 0.26202
12/12 - 2s - loss: 0.2617 - mse: 0.2617 - mae: 0.4129 - val_loss: 0.2686 - val_mse: 0.2686 - val_mae: 0.4210 - 2s/epoch - 174ms/step
Epoch 78/10000

Epoch 78: val_loss did not improve from 0.26202
12/12 - 2s - loss: 0.2628 - mse: 0.2628 - mae: 0.4131 - val_loss: 0.2624 - val_mse: 0.2624 - val_mae: 0.4153 - 2s/epoch - 174ms/step
Epoch 79/10000

Epoch 79: val_loss did not improve from 0.26202
12/12 - 2s - loss: 0.2641 - mse: 0.2641 - mae: 0.4145 - val_loss: 0.2644 - val_mse: 0.2644 - val_mae: 0.4171 - 2s/epoch - 175ms/step
Epoch 80/10000

Epoch 80: val_loss did not improve from 0.26202
12/12 - 2s - loss: 0.2622 - mse: 0.2622 - mae: 0.4128 - val_loss: 0.2628 - val_mse: 0.2628 - val_mae: 0.4144 - 2s/epoch - 174ms/step
Epoch 81/10000

Epoch 81: val_loss did not improve from 0.26202
12/12 - 2s - loss: 0.2615 - mse: 0.2615 - mae: 0.4126 - val_loss: 0.2650 - val_mse: 0.2650 - val_mae: 0.4154 - 2s/epoch - 174ms/step
Epoch 82/10000

Epoch 82: val_loss did not improve from 0.26202
12/12 - 2s - loss: 0.2609 - mse: 0.2609 - mae: 0.4117 - val_loss: 0.2678 - val_mse: 0.2678 - val_mae: 0.4171 - 2s/epoch - 174ms/step
Epoch 83/10000

Epoch 83: val_loss did not improve from 0.26202
12/12 - 2s - loss: 0.2643 - mse: 0.2643 - mae: 0.4148 - val_loss: 0.2748 - val_mse: 0.2748 - val_mae: 0.4257 - 2s/epoch - 175ms/step
Epoch 84/10000

Epoch 84: val_loss did not improve from 0.26202
12/12 - 2s - loss: 0.2682 - mse: 0.2682 - mae: 0.4182 - val_loss: 0.2826 - val_mse: 0.2826 - val_mae: 0.4265 - 2s/epoch - 175ms/step
Epoch 85/10000

Epoch 85: val_loss did not improve from 0.26202
12/12 - 2s - loss: 0.2685 - mse: 0.2685 - mae: 0.4174 - val_loss: 0.2692 - val_mse: 0.2692 - val_mae: 0.4213 - 2s/epoch - 175ms/step
Epoch 86/10000

Epoch 86: val_loss did not improve from 0.26202
12/12 - 2s - loss: 0.2671 - mse: 0.2671 - mae: 0.4167 - val_loss: 0.2654 - val_mse: 0.2654 - val_mae: 0.4157 - 2s/epoch - 173ms/step
Epoch 87/10000

Epoch 87: val_loss did not improve from 0.26202
12/12 - 2s - loss: 0.2644 - mse: 0.2644 - mae: 0.4146 - val_loss: 0.2675 - val_mse: 0.2675 - val_mae: 0.4171 - 2s/epoch - 175ms/step
Epoch 88/10000

Epoch 88: val_loss did not improve from 0.26202
12/12 - 2s - loss: 0.2638 - mse: 0.2638 - mae: 0.4147 - val_loss: 0.2727 - val_mse: 0.2727 - val_mae: 0.4243 - 2s/epoch - 174ms/step
Epoch 89/10000

Epoch 89: val_loss did not improve from 0.26202
12/12 - 2s - loss: 0.2646 - mse: 0.2646 - mae: 0.4156 - val_loss: 0.2694 - val_mse: 0.2694 - val_mae: 0.4179 - 2s/epoch - 173ms/step
Epoch 90/10000

Epoch 90: val_loss did not improve from 0.26202
12/12 - 2s - loss: 0.2646 - mse: 0.2646 - mae: 0.4150 - val_loss: 0.2621 - val_mse: 0.2621 - val_mae: 0.4140 - 2s/epoch - 175ms/step
Epoch 91/10000

Epoch 91: val_loss did not improve from 0.26202
12/12 - 2s - loss: 0.2618 - mse: 0.2618 - mae: 0.4127 - val_loss: 0.2679 - val_mse: 0.2679 - val_mae: 0.4203 - 2s/epoch - 175ms/step
Epoch 92/10000

Epoch 92: val_loss did not improve from 0.26202
12/12 - 2s - loss: 0.2648 - mse: 0.2648 - mae: 0.4157 - val_loss: 0.2690 - val_mse: 0.2690 - val_mae: 0.4212 - 2s/epoch - 174ms/step
Epoch 93/10000

Epoch 93: val_loss did not improve from 0.26202
12/12 - 2s - loss: 0.2656 - mse: 0.2656 - mae: 0.4160 - val_loss: 0.2863 - val_mse: 0.2863 - val_mae: 0.4289 - 2s/epoch - 175ms/step
Epoch 94/10000

Epoch 94: val_loss did not improve from 0.26202
12/12 - 2s - loss: 0.2662 - mse: 0.2662 - mae: 0.4166 - val_loss: 0.2620 - val_mse: 0.2620 - val_mae: 0.4143 - 2s/epoch - 175ms/step
Epoch 95/10000

Epoch 95: val_loss did not improve from 0.26202
12/12 - 2s - loss: 0.2611 - mse: 0.2611 - mae: 0.4121 - val_loss: 0.2626 - val_mse: 0.2626 - val_mae: 0.4141 - 2s/epoch - 176ms/step
Epoch 96/10000

Epoch 96: val_loss did not improve from 0.26202
12/12 - 2s - loss: 0.2614 - mse: 0.2614 - mae: 0.4126 - val_loss: 0.2620 - val_mse: 0.2620 - val_mae: 0.4142 - 2s/epoch - 175ms/step
Epoch 97/10000

Epoch 97: val_loss did not improve from 0.26202
12/12 - 2s - loss: 0.2633 - mse: 0.2633 - mae: 0.4137 - val_loss: 0.2664 - val_mse: 0.2664 - val_mae: 0.4188 - 2s/epoch - 173ms/step
Epoch 98/10000

Epoch 98: val_loss did not improve from 0.26202
12/12 - 2s - loss: 0.2630 - mse: 0.2630 - mae: 0.4134 - val_loss: 0.2746 - val_mse: 0.2746 - val_mae: 0.4255 - 2s/epoch - 173ms/step
Epoch 99/10000

Epoch 99: val_loss did not improve from 0.26202
12/12 - 2s - loss: 0.2649 - mse: 0.2649 - mae: 0.4149 - val_loss: 0.2914 - val_mse: 0.2914 - val_mae: 0.4322 - 2s/epoch - 174ms/step
Epoch 100/10000

Epoch 100: val_loss did not improve from 0.26202
12/12 - 2s - loss: 0.2739 - mse: 0.2739 - mae: 0.4203 - val_loss: 0.2656 - val_mse: 0.2656 - val_mae: 0.4182 - 2s/epoch - 174ms/step
Epoch 101/10000

Epoch 101: val_loss did not improve from 0.26202
12/12 - 2s - loss: 0.2619 - mse: 0.2619 - mae: 0.4125 - val_loss: 0.2649 - val_mse: 0.2649 - val_mae: 0.4151 - 2s/epoch - 175ms/step
Epoch 102/10000

Epoch 102: val_loss improved from 0.26202 to 0.26167, saving model to ./results/NN_rms_regr/ResNet/recursion_3/ckpt_1
12/12 - 3s - loss: 0.2613 - mse: 0.2613 - mae: 0.4121 - val_loss: 0.2617 - val_mse: 0.2617 - val_mae: 0.4141 - 3s/epoch - 249ms/step
Epoch 103/10000

Epoch 103: val_loss improved from 0.26167 to 0.26156, saving model to ./results/NN_rms_regr/ResNet/recursion_3/ckpt_1
12/12 - 3s - loss: 0.2619 - mse: 0.2619 - mae: 0.4128 - val_loss: 0.2616 - val_mse: 0.2616 - val_mae: 0.4138 - 3s/epoch - 250ms/step
Epoch 104/10000

Epoch 104: val_loss did not improve from 0.26156
12/12 - 2s - loss: 0.2638 - mse: 0.2638 - mae: 0.4144 - val_loss: 0.2837 - val_mse: 0.2837 - val_mae: 0.4272 - 2s/epoch - 179ms/step
Epoch 105/10000

Epoch 105: val_loss did not improve from 0.26156
12/12 - 2s - loss: 0.2671 - mse: 0.2671 - mae: 0.4163 - val_loss: 0.2650 - val_mse: 0.2650 - val_mae: 0.4152 - 2s/epoch - 175ms/step
Epoch 106/10000

Epoch 106: val_loss did not improve from 0.26156
12/12 - 2s - loss: 0.2663 - mse: 0.2663 - mae: 0.4153 - val_loss: 0.2832 - val_mse: 0.2832 - val_mae: 0.4323 - 2s/epoch - 175ms/step
Epoch 107/10000

Epoch 107: val_loss did not improve from 0.26156
12/12 - 2s - loss: 0.2709 - mse: 0.2709 - mae: 0.4192 - val_loss: 0.2911 - val_mse: 0.2911 - val_mae: 0.4318 - 2s/epoch - 174ms/step
Epoch 108/10000

Epoch 108: val_loss did not improve from 0.26156
12/12 - 2s - loss: 0.2810 - mse: 0.2810 - mae: 0.4260 - val_loss: 0.2622 - val_mse: 0.2622 - val_mae: 0.4139 - 2s/epoch - 174ms/step
Epoch 109/10000

Epoch 109: val_loss did not improve from 0.26156
12/12 - 2s - loss: 0.2683 - mse: 0.2683 - mae: 0.4170 - val_loss: 0.2936 - val_mse: 0.2936 - val_mae: 0.4404 - 2s/epoch - 175ms/step
Epoch 110/10000

Epoch 110: val_loss did not improve from 0.26156
12/12 - 2s - loss: 0.2700 - mse: 0.2700 - mae: 0.4187 - val_loss: 0.2733 - val_mse: 0.2733 - val_mae: 0.4202 - 2s/epoch - 173ms/step
Epoch 111/10000

Epoch 111: val_loss did not improve from 0.26156
12/12 - 2s - loss: 0.2644 - mse: 0.2644 - mae: 0.4140 - val_loss: 0.2668 - val_mse: 0.2668 - val_mae: 0.4192 - 2s/epoch - 174ms/step
Epoch 112/10000

Epoch 112: val_loss did not improve from 0.26156
12/12 - 2s - loss: 0.2625 - mse: 0.2625 - mae: 0.4130 - val_loss: 0.2626 - val_mse: 0.2626 - val_mae: 0.4152 - 2s/epoch - 175ms/step
Epoch 113/10000

Epoch 113: val_loss did not improve from 0.26156
12/12 - 2s - loss: 0.2618 - mse: 0.2618 - mae: 0.4126 - val_loss: 0.2804 - val_mse: 0.2804 - val_mae: 0.4247 - 2s/epoch - 174ms/step
Epoch 114/10000

Epoch 114: val_loss did not improve from 0.26156
12/12 - 2s - loss: 0.2658 - mse: 0.2658 - mae: 0.4152 - val_loss: 0.2786 - val_mse: 0.2786 - val_mae: 0.4287 - 2s/epoch - 175ms/step
Epoch 115/10000

Epoch 115: val_loss did not improve from 0.26156
12/12 - 2s - loss: 0.2667 - mse: 0.2667 - mae: 0.4160 - val_loss: 0.2631 - val_mse: 0.2631 - val_mae: 0.4142 - 2s/epoch - 175ms/step
Epoch 116/10000

Epoch 116: val_loss did not improve from 0.26156
12/12 - 2s - loss: 0.2609 - mse: 0.2609 - mae: 0.4115 - val_loss: 0.2628 - val_mse: 0.2628 - val_mae: 0.4155 - 2s/epoch - 174ms/step
Epoch 117/10000

Epoch 117: val_loss did not improve from 0.26156
12/12 - 2s - loss: 0.2652 - mse: 0.2652 - mae: 0.4151 - val_loss: 0.3121 - val_mse: 0.3121 - val_mae: 0.4457 - 2s/epoch - 176ms/step
Epoch 118/10000

Epoch 118: val_loss did not improve from 0.26156
12/12 - 2s - loss: 0.2808 - mse: 0.2808 - mae: 0.4263 - val_loss: 0.2814 - val_mse: 0.2814 - val_mae: 0.4308 - 2s/epoch - 174ms/step
Epoch 119/10000

Epoch 119: val_loss did not improve from 0.26156
12/12 - 2s - loss: 0.2693 - mse: 0.2693 - mae: 0.4179 - val_loss: 0.2618 - val_mse: 0.2618 - val_mae: 0.4142 - 2s/epoch - 175ms/step
Epoch 120/10000

Epoch 120: val_loss did not improve from 0.26156
12/12 - 2s - loss: 0.2688 - mse: 0.2688 - mae: 0.4182 - val_loss: 0.2695 - val_mse: 0.2695 - val_mae: 0.4178 - 2s/epoch - 175ms/step
Epoch 121/10000

Epoch 121: val_loss did not improve from 0.26156
12/12 - 2s - loss: 0.2692 - mse: 0.2692 - mae: 0.4170 - val_loss: 0.2688 - val_mse: 0.2688 - val_mae: 0.4208 - 2s/epoch - 174ms/step
Epoch 122/10000

Epoch 122: val_loss did not improve from 0.26156
12/12 - 2s - loss: 0.2637 - mse: 0.2637 - mae: 0.4139 - val_loss: 0.2656 - val_mse: 0.2656 - val_mae: 0.4154 - 2s/epoch - 176ms/step
Epoch 123/10000

Epoch 123: val_loss did not improve from 0.26156
12/12 - 2s - loss: 0.2634 - mse: 0.2634 - mae: 0.4138 - val_loss: 0.2625 - val_mse: 0.2625 - val_mae: 0.4139 - 2s/epoch - 175ms/step
Epoch 124/10000

Epoch 124: val_loss did not improve from 0.26156
12/12 - 2s - loss: 0.2621 - mse: 0.2621 - mae: 0.4126 - val_loss: 0.2623 - val_mse: 0.2623 - val_mae: 0.4148 - 2s/epoch - 174ms/step
Epoch 125/10000

Epoch 125: val_loss did not improve from 0.26156
12/12 - 2s - loss: 0.2607 - mse: 0.2607 - mae: 0.4115 - val_loss: 0.2640 - val_mse: 0.2640 - val_mae: 0.4166 - 2s/epoch - 175ms/step
Epoch 126/10000

Epoch 126: val_loss did not improve from 0.26156
12/12 - 2s - loss: 0.2616 - mse: 0.2616 - mae: 0.4119 - val_loss: 0.2620 - val_mse: 0.2620 - val_mae: 0.4144 - 2s/epoch - 174ms/step
Epoch 127/10000

Epoch 127: val_loss did not improve from 0.26156
12/12 - 2s - loss: 0.2605 - mse: 0.2605 - mae: 0.4112 - val_loss: 0.2725 - val_mse: 0.2725 - val_mae: 0.4196 - 2s/epoch - 175ms/step
Epoch 128/10000

Epoch 128: val_loss did not improve from 0.26156
12/12 - 2s - loss: 0.2670 - mse: 0.2670 - mae: 0.4159 - val_loss: 0.2620 - val_mse: 0.2620 - val_mae: 0.4139 - 2s/epoch - 176ms/step
Epoch 129/10000

Epoch 129: val_loss did not improve from 0.26156
12/12 - 2s - loss: 0.2605 - mse: 0.2605 - mae: 0.4114 - val_loss: 0.2644 - val_mse: 0.2644 - val_mae: 0.4146 - 2s/epoch - 175ms/step
Epoch 130/10000

Epoch 130: val_loss did not improve from 0.26156
12/12 - 2s - loss: 0.2622 - mse: 0.2622 - mae: 0.4126 - val_loss: 0.2651 - val_mse: 0.2651 - val_mae: 0.4150 - 2s/epoch - 176ms/step
Epoch 131/10000

Epoch 131: val_loss did not improve from 0.26156
12/12 - 2s - loss: 0.2642 - mse: 0.2642 - mae: 0.4136 - val_loss: 0.2663 - val_mse: 0.2663 - val_mae: 0.4186 - 2s/epoch - 175ms/step
Epoch 132/10000

Epoch 132: val_loss improved from 0.26156 to 0.26150, saving model to ./results/NN_rms_regr/ResNet/recursion_3/ckpt_1
12/12 - 3s - loss: 0.2670 - mse: 0.2670 - mae: 0.4161 - val_loss: 0.2615 - val_mse: 0.2615 - val_mae: 0.4138 - 3s/epoch - 244ms/step
Epoch 133/10000

Epoch 133: val_loss did not improve from 0.26150
12/12 - 2s - loss: 0.2630 - mse: 0.2630 - mae: 0.4134 - val_loss: 0.2824 - val_mse: 0.2824 - val_mae: 0.4259 - 2s/epoch - 175ms/step
Epoch 134/10000

Epoch 134: val_loss did not improve from 0.26150
12/12 - 2s - loss: 0.2694 - mse: 0.2694 - mae: 0.4166 - val_loss: 0.2675 - val_mse: 0.2675 - val_mae: 0.4196 - 2s/epoch - 178ms/step
Epoch 135/10000

Epoch 135: val_loss did not improve from 0.26150
12/12 - 2s - loss: 0.2690 - mse: 0.2690 - mae: 0.4177 - val_loss: 0.2745 - val_mse: 0.2745 - val_mae: 0.4208 - 2s/epoch - 179ms/step
Epoch 136/10000

Epoch 136: val_loss did not improve from 0.26150
12/12 - 2s - loss: 0.2728 - mse: 0.2728 - mae: 0.4218 - val_loss: 0.2677 - val_mse: 0.2677 - val_mae: 0.4166 - 2s/epoch - 175ms/step
Epoch 137/10000

Epoch 137: val_loss did not improve from 0.26150
12/12 - 2s - loss: 0.2651 - mse: 0.2651 - mae: 0.4144 - val_loss: 0.2881 - val_mse: 0.2881 - val_mae: 0.4360 - 2s/epoch - 180ms/step
Epoch 138/10000

Epoch 138: val_loss did not improve from 0.26150
12/12 - 2s - loss: 0.2670 - mse: 0.2670 - mae: 0.4157 - val_loss: 0.2651 - val_mse: 0.2651 - val_mae: 0.4151 - 2s/epoch - 173ms/step
Epoch 139/10000

Epoch 139: val_loss did not improve from 0.26150
12/12 - 2s - loss: 0.2631 - mse: 0.2631 - mae: 0.4132 - val_loss: 0.2646 - val_mse: 0.2646 - val_mae: 0.4172 - 2s/epoch - 172ms/step
Epoch 140/10000

Epoch 140: val_loss did not improve from 0.26150
12/12 - 2s - loss: 0.2698 - mse: 0.2698 - mae: 0.4187 - val_loss: 0.2666 - val_mse: 0.2666 - val_mae: 0.4170 - 2s/epoch - 172ms/step
Epoch 141/10000

Epoch 141: val_loss did not improve from 0.26150
12/12 - 2s - loss: 0.2647 - mse: 0.2647 - mae: 0.4136 - val_loss: 0.2684 - val_mse: 0.2684 - val_mae: 0.4173 - 2s/epoch - 174ms/step
Epoch 142/10000

Epoch 142: val_loss did not improve from 0.26150
12/12 - 2s - loss: 0.2640 - mse: 0.2640 - mae: 0.4133 - val_loss: 0.2616 - val_mse: 0.2616 - val_mae: 0.4134 - 2s/epoch - 173ms/step
Epoch 143/10000

Epoch 143: val_loss did not improve from 0.26150
12/12 - 2s - loss: 0.2610 - mse: 0.2610 - mae: 0.4117 - val_loss: 0.2645 - val_mse: 0.2645 - val_mae: 0.4169 - 2s/epoch - 173ms/step
Epoch 144/10000

Epoch 144: val_loss did not improve from 0.26150
12/12 - 2s - loss: 0.2615 - mse: 0.2615 - mae: 0.4120 - val_loss: 0.2671 - val_mse: 0.2671 - val_mae: 0.4193 - 2s/epoch - 175ms/step
Epoch 145/10000

Epoch 145: val_loss did not improve from 0.26150
12/12 - 2s - loss: 0.2624 - mse: 0.2624 - mae: 0.4120 - val_loss: 0.2622 - val_mse: 0.2622 - val_mae: 0.4146 - 2s/epoch - 172ms/step
Epoch 146/10000

Epoch 146: val_loss did not improve from 0.26150
12/12 - 2s - loss: 0.2606 - mse: 0.2606 - mae: 0.4112 - val_loss: 0.2617 - val_mse: 0.2617 - val_mae: 0.4133 - 2s/epoch - 180ms/step
Epoch 147/10000

Epoch 147: val_loss did not improve from 0.26150
12/12 - 2s - loss: 0.2607 - mse: 0.2607 - mae: 0.4113 - val_loss: 0.2694 - val_mse: 0.2694 - val_mae: 0.4211 - 2s/epoch - 174ms/step
Epoch 148/10000

Epoch 148: val_loss did not improve from 0.26150
12/12 - 2s - loss: 0.2657 - mse: 0.2657 - mae: 0.4154 - val_loss: 0.2659 - val_mse: 0.2659 - val_mae: 0.4181 - 2s/epoch - 173ms/step
Epoch 149/10000

Epoch 149: val_loss did not improve from 0.26150
12/12 - 2s - loss: 0.2682 - mse: 0.2682 - mae: 0.4173 - val_loss: 0.2635 - val_mse: 0.2635 - val_mae: 0.4142 - 2s/epoch - 174ms/step
Epoch 150/10000

Epoch 150: val_loss did not improve from 0.26150
12/12 - 2s - loss: 0.2654 - mse: 0.2654 - mae: 0.4149 - val_loss: 0.2637 - val_mse: 0.2637 - val_mae: 0.4142 - 2s/epoch - 175ms/step
Epoch 151/10000

Epoch 151: val_loss did not improve from 0.26150
12/12 - 2s - loss: 0.2647 - mse: 0.2647 - mae: 0.4144 - val_loss: 0.2626 - val_mse: 0.2626 - val_mae: 0.4147 - 2s/epoch - 173ms/step
Epoch 152/10000

Epoch 152: val_loss did not improve from 0.26150
12/12 - 2s - loss: 0.2635 - mse: 0.2635 - mae: 0.4127 - val_loss: 0.2625 - val_mse: 0.2625 - val_mae: 0.4135 - 2s/epoch - 173ms/step
Epoch 153/10000

Epoch 153: val_loss did not improve from 0.26150
12/12 - 2s - loss: 0.2602 - mse: 0.2602 - mae: 0.4109 - val_loss: 0.2625 - val_mse: 0.2625 - val_mae: 0.4149 - 2s/epoch - 172ms/step
Epoch 154/10000

Epoch 154: val_loss did not improve from 0.26150
12/12 - 2s - loss: 0.2613 - mse: 0.2613 - mae: 0.4117 - val_loss: 0.2643 - val_mse: 0.2643 - val_mae: 0.4166 - 2s/epoch - 176ms/step
Epoch 155/10000

Epoch 155: val_loss did not improve from 0.26150
12/12 - 2s - loss: 0.2628 - mse: 0.2628 - mae: 0.4130 - val_loss: 0.2708 - val_mse: 0.2708 - val_mae: 0.4183 - 2s/epoch - 173ms/step
Epoch 156/10000

Epoch 156: val_loss did not improve from 0.26150
12/12 - 2s - loss: 0.2681 - mse: 0.2681 - mae: 0.4164 - val_loss: 0.2744 - val_mse: 0.2744 - val_mae: 0.4206 - 2s/epoch - 176ms/step
Epoch 157/10000

Epoch 157: val_loss did not improve from 0.26150
12/12 - 2s - loss: 0.2685 - mse: 0.2685 - mae: 0.4168 - val_loss: 0.2715 - val_mse: 0.2715 - val_mae: 0.4227 - 2s/epoch - 173ms/step
Epoch 158/10000

Epoch 158: val_loss did not improve from 0.26150
12/12 - 2s - loss: 0.2657 - mse: 0.2657 - mae: 0.4152 - val_loss: 0.2896 - val_mse: 0.2896 - val_mae: 0.4370 - 2s/epoch - 174ms/step
Epoch 159/10000

Epoch 159: val_loss did not improve from 0.26150
12/12 - 2s - loss: 0.2723 - mse: 0.2723 - mae: 0.4201 - val_loss: 0.2975 - val_mse: 0.2975 - val_mae: 0.4432 - 2s/epoch - 173ms/step
Epoch 160/10000

Epoch 160: val_loss did not improve from 0.26150
12/12 - 2s - loss: 0.2749 - mse: 0.2749 - mae: 0.4231 - val_loss: 0.2662 - val_mse: 0.2662 - val_mae: 0.4156 - 2s/epoch - 175ms/step
Epoch 161/10000

Epoch 161: val_loss did not improve from 0.26150
12/12 - 2s - loss: 0.2709 - mse: 0.2709 - mae: 0.4179 - val_loss: 0.2861 - val_mse: 0.2861 - val_mae: 0.4283 - 2s/epoch - 173ms/step
Epoch 162/10000

Epoch 162: val_loss did not improve from 0.26150
12/12 - 2s - loss: 0.2711 - mse: 0.2711 - mae: 0.4192 - val_loss: 0.2638 - val_mse: 0.2638 - val_mae: 0.4163 - 2s/epoch - 175ms/step
Epoch 163/10000

Epoch 163: val_loss did not improve from 0.26150
12/12 - 2s - loss: 0.2623 - mse: 0.2623 - mae: 0.4126 - val_loss: 0.2652 - val_mse: 0.2652 - val_mae: 0.4177 - 2s/epoch - 173ms/step
Epoch 164/10000

Epoch 164: val_loss improved from 0.26150 to 0.26140, saving model to ./results/NN_rms_regr/ResNet/recursion_3/ckpt_1
12/12 - 3s - loss: 0.2625 - mse: 0.2625 - mae: 0.4128 - val_loss: 0.2614 - val_mse: 0.2614 - val_mae: 0.4137 - 3s/epoch - 250ms/step
Epoch 165/10000

Epoch 165: val_loss did not improve from 0.26140
12/12 - 2s - loss: 0.2612 - mse: 0.2612 - mae: 0.4116 - val_loss: 0.2666 - val_mse: 0.2666 - val_mae: 0.4187 - 2s/epoch - 173ms/step
Epoch 166/10000

Epoch 166: val_loss did not improve from 0.26140
12/12 - 2s - loss: 0.2647 - mse: 0.2647 - mae: 0.4143 - val_loss: 0.2694 - val_mse: 0.2694 - val_mae: 0.4176 - 2s/epoch - 172ms/step
Epoch 167/10000

Epoch 167: val_loss improved from 0.26140 to 0.26121, saving model to ./results/NN_rms_regr/ResNet/recursion_3/ckpt_1
12/12 - 3s - loss: 0.2668 - mse: 0.2668 - mae: 0.4154 - val_loss: 0.2612 - val_mse: 0.2612 - val_mae: 0.4133 - 3s/epoch - 241ms/step
Epoch 168/10000

Epoch 168: val_loss did not improve from 0.26121
12/12 - 2s - loss: 0.2603 - mse: 0.2603 - mae: 0.4110 - val_loss: 0.2784 - val_mse: 0.2784 - val_mae: 0.4283 - 2s/epoch - 173ms/step
Epoch 169/10000

Epoch 169: val_loss did not improve from 0.26121
12/12 - 2s - loss: 0.2672 - mse: 0.2672 - mae: 0.4169 - val_loss: 0.2623 - val_mse: 0.2623 - val_mae: 0.4146 - 2s/epoch - 172ms/step
Epoch 170/10000

Epoch 170: val_loss did not improve from 0.26121
12/12 - 2s - loss: 0.2621 - mse: 0.2621 - mae: 0.4126 - val_loss: 0.2623 - val_mse: 0.2623 - val_mae: 0.4145 - 2s/epoch - 175ms/step
Epoch 171/10000

Epoch 171: val_loss did not improve from 0.26121
12/12 - 2s - loss: 0.2649 - mse: 0.2649 - mae: 0.4152 - val_loss: 0.2813 - val_mse: 0.2813 - val_mae: 0.4251 - 2s/epoch - 179ms/step
Epoch 172/10000

Epoch 172: val_loss did not improve from 0.26121
12/12 - 2s - loss: 0.2736 - mse: 0.2736 - mae: 0.4210 - val_loss: 0.2627 - val_mse: 0.2627 - val_mae: 0.4135 - 2s/epoch - 171ms/step
Epoch 173/10000

Epoch 173: val_loss did not improve from 0.26121
12/12 - 2s - loss: 0.2646 - mse: 0.2646 - mae: 0.4141 - val_loss: 0.2672 - val_mse: 0.2672 - val_mae: 0.4193 - 2s/epoch - 172ms/step
Epoch 174/10000

Epoch 174: val_loss did not improve from 0.26121
12/12 - 2s - loss: 0.2607 - mse: 0.2607 - mae: 0.4117 - val_loss: 0.2614 - val_mse: 0.2614 - val_mae: 0.4137 - 2s/epoch - 172ms/step
Epoch 175/10000

Epoch 175: val_loss did not improve from 0.26121
12/12 - 2s - loss: 0.2624 - mse: 0.2624 - mae: 0.4124 - val_loss: 0.2668 - val_mse: 0.2668 - val_mae: 0.4188 - 2s/epoch - 177ms/step
Epoch 176/10000

Epoch 176: val_loss did not improve from 0.26121
12/12 - 2s - loss: 0.2621 - mse: 0.2621 - mae: 0.4127 - val_loss: 0.2626 - val_mse: 0.2626 - val_mae: 0.4150 - 2s/epoch - 172ms/step
Epoch 177/10000

Epoch 177: val_loss did not improve from 0.26121
12/12 - 2s - loss: 0.2609 - mse: 0.2609 - mae: 0.4114 - val_loss: 0.2623 - val_mse: 0.2623 - val_mae: 0.4145 - 2s/epoch - 173ms/step
Epoch 178/10000

Epoch 178: val_loss did not improve from 0.26121
12/12 - 2s - loss: 0.2607 - mse: 0.2607 - mae: 0.4113 - val_loss: 0.2692 - val_mse: 0.2692 - val_mae: 0.4208 - 2s/epoch - 173ms/step
Epoch 179/10000

Epoch 179: val_loss did not improve from 0.26121
12/12 - 2s - loss: 0.2636 - mse: 0.2636 - mae: 0.4137 - val_loss: 0.2756 - val_mse: 0.2756 - val_mae: 0.4214 - 2s/epoch - 172ms/step
Epoch 180/10000

Epoch 180: val_loss did not improve from 0.26121
12/12 - 2s - loss: 0.2732 - mse: 0.2732 - mae: 0.4215 - val_loss: 0.2873 - val_mse: 0.2873 - val_mae: 0.4293 - 2s/epoch - 176ms/step
Epoch 181/10000

Epoch 181: val_loss did not improve from 0.26121
12/12 - 2s - loss: 0.2738 - mse: 0.2738 - mae: 0.4214 - val_loss: 0.2618 - val_mse: 0.2618 - val_mae: 0.4139 - 2s/epoch - 174ms/step
Epoch 182/10000

Epoch 182: val_loss did not improve from 0.26121
12/12 - 2s - loss: 0.2612 - mse: 0.2612 - mae: 0.4118 - val_loss: 0.2901 - val_mse: 0.2901 - val_mae: 0.4373 - 2s/epoch - 174ms/step
Epoch 183/10000

Epoch 183: val_loss did not improve from 0.26121
12/12 - 2s - loss: 0.2702 - mse: 0.2702 - mae: 0.4184 - val_loss: 0.2777 - val_mse: 0.2777 - val_mae: 0.4276 - 2s/epoch - 173ms/step
Epoch 184/10000

Epoch 184: val_loss did not improve from 0.26121
12/12 - 2s - loss: 0.2701 - mse: 0.2701 - mae: 0.4186 - val_loss: 0.2835 - val_mse: 0.2835 - val_mae: 0.4322 - 2s/epoch - 172ms/step
Epoch 185/10000

Epoch 185: val_loss did not improve from 0.26121
12/12 - 2s - loss: 0.2665 - mse: 0.2665 - mae: 0.4155 - val_loss: 0.2615 - val_mse: 0.2615 - val_mae: 0.4135 - 2s/epoch - 173ms/step
Epoch 186/10000

Epoch 186: val_loss did not improve from 0.26121
12/12 - 2s - loss: 0.2611 - mse: 0.2611 - mae: 0.4117 - val_loss: 0.2963 - val_mse: 0.2963 - val_mae: 0.4350 - 2s/epoch - 175ms/step
Epoch 187/10000

Epoch 187: val_loss did not improve from 0.26121
12/12 - 2s - loss: 0.2714 - mse: 0.2714 - mae: 0.4187 - val_loss: 0.2617 - val_mse: 0.2617 - val_mae: 0.4141 - 2s/epoch - 174ms/step
Epoch 188/10000

Epoch 188: val_loss did not improve from 0.26121
12/12 - 2s - loss: 0.2623 - mse: 0.2623 - mae: 0.4128 - val_loss: 0.2622 - val_mse: 0.2622 - val_mae: 0.4147 - 2s/epoch - 173ms/step
Epoch 189/10000

Epoch 189: val_loss did not improve from 0.26121
12/12 - 2s - loss: 0.2646 - mse: 0.2646 - mae: 0.4141 - val_loss: 0.2678 - val_mse: 0.2678 - val_mae: 0.4164 - 2s/epoch - 176ms/step
Epoch 190/10000

Epoch 190: val_loss did not improve from 0.26121
12/12 - 2s - loss: 0.2620 - mse: 0.2620 - mae: 0.4123 - val_loss: 0.2757 - val_mse: 0.2757 - val_mae: 0.4261 - 2s/epoch - 172ms/step
Epoch 191/10000

Epoch 191: val_loss did not improve from 0.26121
12/12 - 2s - loss: 0.2719 - mse: 0.2719 - mae: 0.4200 - val_loss: 0.2712 - val_mse: 0.2712 - val_mae: 0.4226 - 2s/epoch - 173ms/step
Epoch 192/10000

Epoch 192: val_loss did not improve from 0.26121
12/12 - 2s - loss: 0.2635 - mse: 0.2635 - mae: 0.4134 - val_loss: 0.2621 - val_mse: 0.2621 - val_mae: 0.4146 - 2s/epoch - 175ms/step
Epoch 193/10000

Epoch 193: val_loss did not improve from 0.26121
12/12 - 2s - loss: 0.2626 - mse: 0.2626 - mae: 0.4134 - val_loss: 0.2765 - val_mse: 0.2765 - val_mae: 0.4218 - 2s/epoch - 176ms/step
Epoch 194/10000

Epoch 194: val_loss did not improve from 0.26121
12/12 - 2s - loss: 0.2668 - mse: 0.2668 - mae: 0.4146 - val_loss: 0.2650 - val_mse: 0.2650 - val_mae: 0.4174 - 2s/epoch - 176ms/step
Epoch 195/10000

Epoch 195: val_loss did not improve from 0.26121
12/12 - 2s - loss: 0.2654 - mse: 0.2654 - mae: 0.4153 - val_loss: 0.2639 - val_mse: 0.2639 - val_mae: 0.4140 - 2s/epoch - 178ms/step
Epoch 196/10000

Epoch 196: val_loss did not improve from 0.26121
12/12 - 2s - loss: 0.2687 - mse: 0.2687 - mae: 0.4179 - val_loss: 0.2633 - val_mse: 0.2633 - val_mae: 0.4138 - 2s/epoch - 173ms/step
Epoch 197/10000

Epoch 197: val_loss did not improve from 0.26121
12/12 - 2s - loss: 0.2601 - mse: 0.2601 - mae: 0.4109 - val_loss: 0.2614 - val_mse: 0.2614 - val_mae: 0.4131 - 2s/epoch - 177ms/step
Epoch 198/10000

Epoch 198: val_loss did not improve from 0.26121
12/12 - 2s - loss: 0.2601 - mse: 0.2601 - mae: 0.4105 - val_loss: 0.2727 - val_mse: 0.2727 - val_mae: 0.4237 - 2s/epoch - 173ms/step
Epoch 199/10000

Epoch 199: val_loss did not improve from 0.26121
12/12 - 2s - loss: 0.2663 - mse: 0.2663 - mae: 0.4149 - val_loss: 0.2632 - val_mse: 0.2632 - val_mae: 0.4136 - 2s/epoch - 177ms/step
Epoch 200/10000

Epoch 200: val_loss did not improve from 0.26121
12/12 - 2s - loss: 0.2652 - mse: 0.2652 - mae: 0.4144 - val_loss: 0.2798 - val_mse: 0.2798 - val_mae: 0.4240 - 2s/epoch - 173ms/step
Epoch 201/10000

Epoch 201: val_loss did not improve from 0.26121
12/12 - 2s - loss: 0.2679 - mse: 0.2679 - mae: 0.4175 - val_loss: 0.2823 - val_mse: 0.2823 - val_mae: 0.4256 - 2s/epoch - 173ms/step
Epoch 202/10000

Epoch 202: val_loss did not improve from 0.26121
12/12 - 2s - loss: 0.2687 - mse: 0.2687 - mae: 0.4170 - val_loss: 0.2683 - val_mse: 0.2683 - val_mae: 0.4202 - 2s/epoch - 173ms/step
Epoch 203/10000

Epoch 203: val_loss did not improve from 0.26121
12/12 - 2s - loss: 0.2624 - mse: 0.2624 - mae: 0.4130 - val_loss: 0.2614 - val_mse: 0.2614 - val_mae: 0.4130 - 2s/epoch - 172ms/step
Epoch 204/10000

Epoch 204: val_loss did not improve from 0.26121
12/12 - 2s - loss: 0.2604 - mse: 0.2604 - mae: 0.4110 - val_loss: 0.2676 - val_mse: 0.2676 - val_mae: 0.4196 - 2s/epoch - 177ms/step
Epoch 205/10000

Epoch 205: val_loss did not improve from 0.26121
12/12 - 2s - loss: 0.2625 - mse: 0.2625 - mae: 0.4127 - val_loss: 0.2624 - val_mse: 0.2624 - val_mae: 0.4148 - 2s/epoch - 174ms/step
Epoch 206/10000

Epoch 206: val_loss did not improve from 0.26121
12/12 - 2s - loss: 0.2640 - mse: 0.2640 - mae: 0.4132 - val_loss: 0.2638 - val_mse: 0.2638 - val_mae: 0.4160 - 2s/epoch - 173ms/step
Epoch 207/10000

Epoch 207: val_loss did not improve from 0.26121
12/12 - 2s - loss: 0.2612 - mse: 0.2612 - mae: 0.4113 - val_loss: 0.2617 - val_mse: 0.2617 - val_mae: 0.4139 - 2s/epoch - 173ms/step
Epoch 208/10000

Epoch 208: val_loss did not improve from 0.26121
12/12 - 2s - loss: 0.2608 - mse: 0.2608 - mae: 0.4110 - val_loss: 0.2637 - val_mse: 0.2637 - val_mae: 0.4160 - 2s/epoch - 173ms/step
Epoch 209/10000

Epoch 209: val_loss did not improve from 0.26121
12/12 - 2s - loss: 0.2660 - mse: 0.2660 - mae: 0.4151 - val_loss: 0.2763 - val_mse: 0.2763 - val_mae: 0.4266 - 2s/epoch - 174ms/step
Epoch 210/10000

Epoch 210: val_loss did not improve from 0.26121
12/12 - 2s - loss: 0.2655 - mse: 0.2655 - mae: 0.4150 - val_loss: 0.2616 - val_mse: 0.2616 - val_mae: 0.4138 - 2s/epoch - 176ms/step
Epoch 211/10000

Epoch 211: val_loss did not improve from 0.26121
12/12 - 2s - loss: 0.2622 - mse: 0.2622 - mae: 0.4125 - val_loss: 0.2654 - val_mse: 0.2654 - val_mae: 0.4148 - 2s/epoch - 172ms/step
Epoch 212/10000

Epoch 212: val_loss did not improve from 0.26121
12/12 - 2s - loss: 0.2675 - mse: 0.2675 - mae: 0.4155 - val_loss: 0.2741 - val_mse: 0.2741 - val_mae: 0.4201 - 2s/epoch - 172ms/step
Epoch 213/10000

Epoch 213: val_loss did not improve from 0.26121
12/12 - 2s - loss: 0.2633 - mse: 0.2633 - mae: 0.4138 - val_loss: 0.2671 - val_mse: 0.2671 - val_mae: 0.4190 - 2s/epoch - 174ms/step
Epoch 214/10000

Epoch 214: val_loss did not improve from 0.26121
12/12 - 2s - loss: 0.2625 - mse: 0.2625 - mae: 0.4124 - val_loss: 0.2777 - val_mse: 0.2777 - val_mae: 0.4225 - 2s/epoch - 173ms/step
Epoch 215/10000

Epoch 215: val_loss did not improve from 0.26121
12/12 - 2s - loss: 0.2695 - mse: 0.2695 - mae: 0.4181 - val_loss: 0.2982 - val_mse: 0.2982 - val_mae: 0.4360 - 2s/epoch - 173ms/step
Epoch 216/10000

Epoch 216: val_loss did not improve from 0.26121
12/12 - 2s - loss: 0.2713 - mse: 0.2713 - mae: 0.4198 - val_loss: 0.2727 - val_mse: 0.2727 - val_mae: 0.4236 - 2s/epoch - 174ms/step
Epoch 217/10000

Epoch 217: val_loss did not improve from 0.26121
12/12 - 2s - loss: 0.2642 - mse: 0.2642 - mae: 0.4139 - val_loss: 0.2622 - val_mse: 0.2622 - val_mae: 0.4145 - 2s/epoch - 172ms/step
Epoch 217: early stopping
